<14>Mar 28 09:55:15 sftp.cachemoney.local Microsoft-Windows-TaskScheduler[1660]: {"EventTime":1679997315,"Hostname":"sftp.cachemoney.local","Keywords":-9223372036854775808,"EventType":"INFO","SeverityValue":2,"Severity":"INFO","EventID":201,"SourceName":"Microsoft-Windows-TaskScheduler","ProviderGuid":"{DE7B24EA-73C8-4A09-985D-5BDADCFA9017}","Version":2,"Task":201,"OpcodeValue":2,"RecordNumber":156343,"ActivityID":"{B2148E8D-3882-4424-BF92-F468D0C3B80B}","ProcessID":1660,"ThreadID":340,"Channel":"Microsoft-Windows-TaskScheduler/Operational","Domain":"NT AUTHORITY","AccountName":"SYSTEM","UserID":"S-1-5-18","AccountType":"User","Message":"Task Scheduler successfully completed task \"\\Microsoft\\Windows\\Application Experience\\Microsoft Compatibility Appraiser\" , instance \"{b2148e8d-3882-4424-bf92-f468d0c3b80b}\" , action \"%windir%\\system32\\compattelrunner.exe\" with return code 0.","Category":"Action completed","Opcode":"Stop","TaskName":"\\Microsoft\\Windows\\Application Experience\\Microsoft Compatibility Appraiser","TaskInstanceId":"{b2148e8d-3882-4424-bf92-f468d0c3b80b}","ActionName":"%windir%\\system32\\compattelrunner.exe","ResultCode":"0","EnginePID":"4396","EventReceivedTime":1679997315,"SourceModuleName":"in_default_channels","SourceModuleType":"im_msvistalog"}
<11>Mar 28 10:00:15 sftp.cachemoney.local Microsoft-Windows-Security-Auditing[628]: {"EventTime":1679997615,"Hostname":"sftp.cachemoney.local","Keywords":-9218868437227405312,"EventType":"AUDIT_FAILURE","SeverityValue":4,"Severity":"ERROR","EventID":4625,"SourceName":"Microsoft-Windows-Security-Auditing","ProviderGuid":"{54849625-5478-4994-A5BA-3E3B0328C30D}","Version":0,"Task":12544,"OpcodeValue":0,"RecordNumber":4876837,"ProcessID":628,"ThreadID":4272,"Channel":"Security","Message":"An account failed to log on.\r\n\r\nSubject:\r\n\tSecurity ID:\t\tS-1-5-20\r\n\tAccount Name:\t\t-\r\n\tAccount Domain:\t\t-\r\n\tLogon ID:\t\t0x3E4\r\n\r\nLogon Type:\t\t\t8\r\n\r\nAccount For Which Logon Failed:\r\n\tSecurity ID:\t\tS-1-0-0\r\n\tAccount Name:\t\tadminsftp\r\n\tAccount Domain:\t\t\r\n\r\nFailure Information:\r\n\tFailure Reason:\t\tUnknown user name or bad password.\r\n\tStatus:\t\t\t0xC000006D\r\n\tSub Status:\t\t0xC000006A\r\n\r\nProcess Information:\r\n\tCaller Process ID:\t0x138c\r\n\tCaller Process Name:\tC:\\Program Files\\RhinoSoft\\Serv-U\\Serv-U.exe\r\n\r\nNetwork Information:\r\n\tWorkstation Name:\t-\r\n\tSource Network Address:\t-\r\n\tSource Port:\t\t-\r\n\r\nDetailed Authentication Information:\r\n\tLogon Process:\t\tAdvapi  \r\n\tAuthentication Package:\tMICROSOFT_AUTHENTICATION_PACKAGE_V1_0\r\n\tTransited Services:\t-\r\n\tPackage Name (NTLM only):\t-\r\n\tKey Length:\t\t0\r\n\r\nThis event is generated when a logon request fails. It is generated on the computer where access was attempted.\r\n\r\nThe Subject fields indicate the account on the local system which requested the logon. This is most commonly a service such as the Server service, or a local process such as Winlogon.exe or Services.exe.\r\n\r\nThe Logon Type field indicates the kind of logon that was requested. The most common types are 2 (interactive) and 3 (network).\r\n\r\nThe Process Information fields indicate which account and process on the system requested the logon.\r\n\r\nThe Network Information fields indicate where a remote logon request originated. Workstation name is not always available and may be left blank in some cases.\r\n\r\nThe authentication information fields provide detailed information about this specific logon request.\r\n\t- Transited services indicate which intermediate services have participated in this logon request.\r\n\t- Package name indicates which sub-protocol was used among the NTLM protocols.\r\n\t- Key length indicates the length of the generated session key. This will be 0 if no session key was requested.","Category":"Logon","Opcode":"Info","SubjectUserSid":"S-1-5-20","SubjectUserName":"-","SubjectDomainName":"-","SubjectLogonId":"0x3e4","TargetUserSid":"S-1-0-0","TargetUserName":"adminsftp","Status":"0xc000006d","FailureReason":"%%2313","SubStatus":"0xc000006a","LogonType":"8","LogonProcessName":"Advapi  ","AuthenticationPackageName":"MICROSOFT_AUTHENTICATION_PACKAGE_V1_0","WorkstationName":"-","TransmittedServices":"-","LmPackageName":"-","KeyLength":"0","ProcessName":"C:\\Program Files\\RhinoSoft\\Serv-U\\Serv-U.exe","IpAddress":"66.220.242.222","IpPort":"80","EventReceivedTime":1679997615,"SourceModuleName":"in_default_channels","SourceModuleType":"im_msvistalog" }
<11>Mar 28 10:00:19 sftp.cachemoney.local Microsoft-Windows-Security-Auditing[629]: {"EventTime":1679997619,"Hostname":"sftp.cachemoney.local","Keywords":-9218868437227405312,"EventType":"AUDIT_FAILURE","SeverityValue":4,"Severity":"ERROR","EventID":4625,"SourceName":"Microsoft-Windows-Security-Auditing","ProviderGuid":"{54849625-5478-4994-A5BA-3E3B0328C30D}","Version":0,"Task":12544,"OpcodeValue":0,"RecordNumber":4876838,"ProcessID":629,"ThreadID":4273,"Channel":"Security","Message":"An account failed to log on.\r\n\r\nSubject:\r\n\tSecurity ID:\t\tS-1-5-20\r\n\tAccount Name:\t\t-\r\n\tAccount Domain:\t\t-\r\n\tLogon ID:\t\t0x3E4\r\n\r\nLogon Type:\t\t\t8\r\n\r\nAccount For Which Logon Failed:\r\n\tSecurity ID:\t\tS-1-0-0\r\n\tAccount Name:\t\tadminsftp\r\n\tAccount Domain:\t\t\r\n\r\nFailure Information:\r\n\tFailure Reason:\t\tUnknown user name or bad password.\r\n\tStatus:\t\t\t0xC000006D\r\n\tSub Status:\t\t0xC000006A\r\n\r\nProcess Information:\r\n\tCaller Process ID:\t0x138c\r\n\tCaller Process Name:\tC:\\Program Files\\RhinoSoft\\Serv-U\\Serv-U.exe\r\n\r\nNetwork Information:\r\n\tWorkstation Name:\t-\r\n\tSource Network Address:\t-\r\n\tSource Port:\t\t-\r\n\r\nDetailed Authentication Information:\r\n\tLogon Process:\t\tAdvapi  \r\n\tAuthentication Package:\tMICROSOFT_AUTHENTICATION_PACKAGE_V1_0\r\n\tTransited Services:\t-\r\n\tPackage Name (NTLM only):\t-\r\n\tKey Length:\t\t0\r\n\r\nThis event is generated when a logon request fails. It is generated on the computer where access was attempted.\r\n\r\nThe Subject fields indicate the account on the local system which requested the logon. This is most commonly a service such as the Server service, or a local process such as Winlogon.exe or Services.exe.\r\n\r\nThe Logon Type field indicates the kind of logon that was requested. The most common types are 2 (interactive) and 3 (network).\r\n\r\nThe Process Information fields indicate which account and process on the system requested the logon.\r\n\r\nThe Network Information fields indicate where a remote logon request originated. Workstation name is not always available and may be left blank in some cases.\r\n\r\nThe authentication information fields provide detailed information about this specific logon request.\r\n\t- Transited services indicate which intermediate services have participated in this logon request.\r\n\t- Package name indicates which sub-protocol was used among the NTLM protocols.\r\n\t- Key length indicates the length of the generated session key. This will be 0 if no session key was requested.","Category":"Logon","Opcode":"Info","SubjectUserSid":"S-1-5-20","SubjectUserName":"-","SubjectDomainName":"-","SubjectLogonId":"0x3e4","TargetUserSid":"S-1-0-0","TargetUserName":"adminsftp","Status":"0xc000006d","FailureReason":"%%2313","SubStatus":"0xc000006a","LogonType":"8","LogonProcessName":"Advapi  ","AuthenticationPackageName":"MICROSOFT_AUTHENTICATION_PACKAGE_V1_0","WorkstationName":"-","TransmittedServices":"-","LmPackageName":"-","KeyLength":"0","ProcessName":"C:\\Program Files\\RhinoSoft\\Serv-U\\Serv-U.exe","IpAddress":"66.220.242.222","IpPort":"80","EventReceivedTime":1679997619,"SourceModuleName":"in_default_channels","SourceModuleType":"im_msvistalog" }
<11>Mar 28 10:00:24 sftp.cachemoney.local Microsoft-Windows-Security-Auditing[630]: {"EventTime":1679997624,"Hostname":"sftp.cachemoney.local","Keywords":-9218868437227405312,"EventType":"AUDIT_FAILURE","SeverityValue":4,"Severity":"ERROR","EventID":4625,"SourceName":"Microsoft-Windows-Security-Auditing","ProviderGuid":"{54849625-5478-4994-A5BA-3E3B0328C30D}","Version":0,"Task":12544,"OpcodeValue":0,"RecordNumber":4876839,"ProcessID":630,"ThreadID":4274,"Channel":"Security","Message":"An account failed to log on.\r\n\r\nSubject:\r\n\tSecurity ID:\t\tS-1-5-20\r\n\tAccount Name:\t\t-\r\n\tAccount Domain:\t\t-\r\n\tLogon ID:\t\t0x3E4\r\n\r\nLogon Type:\t\t\t8\r\n\r\nAccount For Which Logon Failed:\r\n\tSecurity ID:\t\tS-1-0-0\r\n\tAccount Name:\t\tadminsftp\r\n\tAccount Domain:\t\t\r\n\r\nFailure Information:\r\n\tFailure Reason:\t\tUnknown user name or bad password.\r\n\tStatus:\t\t\t0xC000006D\r\n\tSub Status:\t\t0xC000006A\r\n\r\nProcess Information:\r\n\tCaller Process ID:\t0x138c\r\n\tCaller Process Name:\tC:\\Program Files\\RhinoSoft\\Serv-U\\Serv-U.exe\r\n\r\nNetwork Information:\r\n\tWorkstation Name:\t-\r\n\tSource Network Address:\t-\r\n\tSource Port:\t\t-\r\n\r\nDetailed Authentication Information:\r\n\tLogon Process:\t\tAdvapi  \r\n\tAuthentication Package:\tMICROSOFT_AUTHENTICATION_PACKAGE_V1_0\r\n\tTransited Services:\t-\r\n\tPackage Name (NTLM only):\t-\r\n\tKey Length:\t\t0\r\n\r\nThis event is generated when a logon request fails. It is generated on the computer where access was attempted.\r\n\r\nThe Subject fields indicate the account on the local system which requested the logon. This is most commonly a service such as the Server service, or a local process such as Winlogon.exe or Services.exe.\r\n\r\nThe Logon Type field indicates the kind of logon that was requested. The most common types are 2 (interactive) and 3 (network).\r\n\r\nThe Process Information fields indicate which account and process on the system requested the logon.\r\n\r\nThe Network Information fields indicate where a remote logon request originated. Workstation name is not always available and may be left blank in some cases.\r\n\r\nThe authentication information fields provide detailed information about this specific logon request.\r\n\t- Transited services indicate which intermediate services have participated in this logon request.\r\n\t- Package name indicates which sub-protocol was used among the NTLM protocols.\r\n\t- Key length indicates the length of the generated session key. This will be 0 if no session key was requested.","Category":"Logon","Opcode":"Info","SubjectUserSid":"S-1-5-20","SubjectUserName":"-","SubjectDomainName":"-","SubjectLogonId":"0x3e4","TargetUserSid":"S-1-0-0","TargetUserName":"adminsftp","Status":"0xc000006d","FailureReason":"%%2313","SubStatus":"0xc000006a","LogonType":"8","LogonProcessName":"Advapi  ","AuthenticationPackageName":"MICROSOFT_AUTHENTICATION_PACKAGE_V1_0","WorkstationName":"-","TransmittedServices":"-","LmPackageName":"-","KeyLength":"0","ProcessName":"C:\\Program Files\\RhinoSoft\\Serv-U\\Serv-U.exe","IpAddress":"66.220.242.222","IpPort":"80","EventReceivedTime":1679997624,"SourceModuleName":"in_default_channels","SourceModuleType":"im_msvistalog" }
<14>Mar 28 10:45:46 sftp.cachemoney.local Microsoft-Windows-Eventlog[1260]: {"EventTime":1680000346,"Hostname":"sftp.cachemoney.local","Keywords":4620693217682128896,"EventType":"INFO","SeverityValue":2,"Severity":"INFO","EventID":1102,"SourceName":"Microsoft-Windows-Eventlog","ProviderGuid":"{FC65DDD8-D6EF-4962-83D5-6E5CFE9CE148}","Version":0,"Task":104,"OpcodeValue":0,"RecordNumber":4879535,"ProcessID":1260,"ThreadID":6104,"Channel":"Security","Message":"The audit log was cleared.\r\nSubject:\r\n\tSecurity ID:\tS-1-5-20\r\n\tAccount Name:\tadminsftp\r\n\tDomain Name:\tCACHEMONEY\r\n\tLogon ID:\t0xA0DF541","Category":"Log clear","Opcode":"Info","EventReceivedTime":1680000346,"SourceModuleName":"in_default_channels","SourceModuleType":"im_msvistalog" }