<14>May  4 17:07:40 win-server.lunarstiiiness.com Microsoft-Windows-Security-Auditing[4]: {"EventTime":1683220060,"Hostname":"win-server.lunarstiiiness.com","Keywords":-9214364837600034816,"EventType":"AUDIT_SUCCESS","SeverityValue":2,"Severity":"INFO","EventID":4688,"SourceName":"Microsoft-Windows-Security-Auditing","ProviderGuid":"{54849625-5478-4994-A5BA-3E3B0328C30D}","Version":2,"Task":13312,"OpcodeValue":0,"RecordNumber":5510447,"ProcessID":4,"ThreadID":3368,"Channel":"Security","Message":"A new process has been created.\r\n\r\nCreator Subject:\r\n\tSecurity ID:\t\tS-1-5-21-3263964631-4121654051-1417071188-1156\r\n\tAccount Name:\t\talice.young\r\n\tAccount Domain:\t\tLUNARSTIIINESS\r\n\tLogon ID:\t\t0x4832A54B\r\n\r\nTarget Subject:\r\n\tSecurity ID:\t\tS-1-0-0\r\n\tAccount Name:\t\t-\r\n\tAccount Domain:\t\t-\r\n\tLogon ID:\t\t0x0\r\n\r\nProcess Information:\r\n\tNew Process ID:\t\t0x1260\r\n\tNew Process Name:\tC:\\Program Files (x86)\\Microsoft\\Edge\\Application\\msedge.exe\r\n\tToken Elevation Type:\t%%1936\r\n\tMandatory Label:\t\tS-1-16-8192\r\n\tCreator Process ID:\t0xe0c\r\n\tCreator Process Name:\tC:\\Program Files (x86)\\Microsoft\\Edge\\Application\\112.0.1722.68\\Installer\\setup.exe\r\n\tProcess Command Line:\t\"C:\\Program Files (x86)\\Microsoft\\Edge\\Application\\msedge.exe\" --continue-active-setup\r\n\r\nToken Elevation Type indicates the type of token that was assigned to the new process in accordance with User Account Control policy.\r\n\r\nType 1 is a full token with no privileges removed or groups disabled.  A full token is only used if User Account Control is disabled or if the user is the built-in Administrator account or a service account.\r\n\r\nType 2 is an elevated token with no privileges removed or groups disabled.  An elevated token is used when User Account Control is enabled and the user chooses to start the program using Run as administrator.  An elevated token is also used when an application is configured to always require administrative privilege or to always require maximum privilege, and the user is a member of the Administrators group.\r\n\r\nType 3 is a limited token with administrative privileges removed and administrative groups disabled.  The limited token is used when User Account Control is enabled, the application does not require administrative privilege, and the user does not choose to start the program using Run as administrator.","Category":"Process Creation","Opcode":"Info","SubjectUserSid":"S-1-5-21-3263964631-4121654051-1417071188-1156","SubjectUserName":"alice.young","SubjectDomainName":"LUNARSTIIINESS","SubjectLogonId":"0x4832a54b","NewProcessId":"0x1260","NewProcessName":"C:\\Program Files (x86)\\Microsoft\\Edge\\Application\\msedge.exe","TokenElevationType":"%%1936","CommandLine":"\"C:\\Program Files (x86)\\Microsoft\\Edge\\Application\\msedge.exe\" --continue-active-setup","TargetUserSid":"S-1-0-0","TargetUserName":"-","TargetDomainName":"-","TargetLogonId":"0x0","ParentProcessName":"C:\\Program Files (x86)\\Microsoft\\Edge\\Application\\112.0.1722.68\\Installer\\setup.exe","MandatoryLabel":"S-1-16-8192","EventReceivedTime":1683220060,"SourceModuleName":"in_default_channels","SourceModuleType":"im_msvistalog"}
<14>May  4 17:07:41 win-server.lunarstiiiness.com Microsoft-Windows-Security-Auditing[4]: {"EventTime":1683220060,"Hostname":"win-server.lunarstiiiness.com","Keywords":-9214364837600034816,"EventType":"AUDIT_SUCCESS","SeverityValue":2,"Severity":"INFO","EventID":4688,"SourceName":"Microsoft-Windows-Security-Auditing","ProviderGuid":"{54849625-5478-4994-A5BA-3E3B0328C30D}","Version":2,"Task":13312,"OpcodeValue":0,"RecordNumber":5510465,"ProcessID":4,"ThreadID":8,"Channel":"Security","Message":"A new process has been created.\r\n\r\nCreator Subject:\r\n\tSecurity ID:\t\tS-1-5-21-3263964631-4121654051-1417071188-1156\r\n\tAccount Name:\t\talice.young\r\n\tAccount Domain:\t\tLUNARSTIIINESS\r\n\tLogon ID:\t\t0x4832A54B\r\n\r\nTarget Subject:\r\n\tSecurity ID:\t\tS-1-0-0\r\n\tAccount Name:\t\t-\r\n\tAccount Domain:\t\t-\r\n\tLogon ID:\t\t0x0\r\n\r\nProcess Information:\r\n\tNew Process ID:\t\t0x108c\r\n\tNew Process Name:\tC:\\Program Files (x86)\\Microsoft\\Edge\\Application\\msedge.exe\r\n\tToken Elevation Type:\t%%1936\r\n\tMandatory Label:\t\tS-1-16-8192\r\n\tCreator Process ID:\t0x1260\r\n\tCreator Process Name:\tC:\\Program Files (x86)\\Microsoft\\Edge\\Application\\msedge.exe\r\n\tProcess Command Line:\t\"C:\\Program Files (x86)\\Microsoft\\Edge\\Application\\msedge.exe\" --type=crashpad-handler \"--user-data-dir=C:\\Users\\alice.young\\AppData\\Local\\Microsoft\\Edge\\User Data\" /prefetch:7 --monitor-self-annotation=ptype=crashpad-handler \"--database=C:\\Users\\alice.young\\AppData\\Local\\Microsoft\\Edge\\User Data\\Crashpad\" --annotation=IsOfficialBuild=1 --annotation=channel= --annotation=chromium-version=112.0.5615.138 \"--annotation=exe=C:\\Program Files (x86)\\Microsoft\\Edge\\Application\\msedge.exe\" --annotation=plat=Win64 \"--annotation=prod=Microsoft Edge\" --annotation=ver=112.0.1722.68 --initial-client-data=0xac,0xb0,0xb4,0x88,0x11c,0x7ff8972b35f0,0x7ff8972b3600,0x7ff8972b3610\r\n\r\nToken Elevation Type indicates the type of token that was assigned to the new process in accordance with User Account Control policy.\r\n\r\nType 1 is a full token with no privileges removed or groups disabled.  A full token is only used if User Account Control is disabled or if the user is the built-in Administrator account or a service account.\r\n\r\nType 2 is an elevated token with no privileges removed or groups disabled.  An elevated token is used when User Account Control is enabled and the user chooses to start the program using Run as administrator.  An elevated token is also used when an application is configured to always require administrative privilege or to always require maximum privilege, and the user is a member of the Administrators group.\r\n\r\nType 3 is a limited token with administrative privileges removed and administrative groups disabled.  The limited token is used when User Account Control is enabled, the application does not require administrative privilege, and the user does not choose to start the program using Run as administrator.","Category":"Process Creation","Opcode":"Info","SubjectUserSid":"S-1-5-21-3263964631-4121654051-1417071188-1156","SubjectUserName":"alice.young","SubjectDomainName":"LUNARSTIIINESS","SubjectLogonId":"0x4832a54b","NewProcessId":"0x108c","NewProcessName":"C:\\Program Files (x86)\\Microsoft\\Edge\\Application\\msedge.exe","TokenElevationType":"%%1936","CommandLine":"\"C:\\Program Files (x86)\\Microsoft\\Edge\\Application\\msedge.exe\" --type=crashpad-handler \"--user-data-dir=C:\\Users\\alice.young\\AppData\\Local\\Microsoft\\Edge\\User Data\" /prefetch:7 --monitor-self-annotation=ptype=crashpad-handler \"--database=C:\\Users\\alice.young\\AppData\\Local\\Microsoft\\Edge\\User Data\\Crashpad\" --annotation=IsOfficialBuild=1 --annotation=channel= --annotation=chromium-version=112.0.5615.138 \"--annotation=exe=C:\\Program Files (x86)\\Microsoft\\Edge\\Application\\msedge.exe\" --annotation=plat=Win64 \"--annotation=prod=Microsoft Edge\" --annotation=ver=112.0.1722.68 --initial-client-data=0xac,0xb0,0xb4,0x88,0x11c,0x7ff8972b35f0,0x7ff8972b3600,0x7ff8972b3610","TargetUserSid":"S-1-0-0","TargetUserName":"-","TargetDomainName":"-","TargetLogonId":"0x0","ParentProcessName":"C:\\Program Files (x86)\\Microsoft\\Edge\\Application\\msedge.exe","MandatoryLabel":"S-1-16-8192","EventReceivedTime":1683220061,"SourceModuleName":"in_default_channels","SourceModuleType":"im_msvistalog"}
<14>May  4 17:07:40 win-server.lunarstiiiness.com Microsoft-Windows-Security-Auditing[4]: {"EventTime":1683220060,"Hostname":"win-server.lunarstiiiness.com","Keywords":-9214364837600034816,"EventType":"AUDIT_SUCCESS","SeverityValue":2,"Severity":"INFO","EventID":4688,"SourceName":"Microsoft-Windows-Security-Auditing","ProviderGuid":"{54849625-5478-4994-A5BA-3E3B0328C30D}","Version":2,"Task":13312,"OpcodeValue":0,"RecordNumber":5510446,"ProcessID":4,"ThreadID":3368,"Channel":"Security","Message":"A new process has been created.\r\n\r\nCreator Subject:\r\n\tSecurity ID:\t\tS-1-5-18\r\n\tAccount Name:\t\tWIN-SERVER$\r\n\tAccount Domain:\t\tLUNARSTIIINESS\r\n\tLogon ID:\t\t0x3E7\r\n\r\nTarget Subject:\r\n\tSecurity ID:\t\tS-1-0-0\r\n\tAccount Name:\t\talice.young\r\n\tAccount Domain:\t\tLUNARSTIIINESS\r\n\tLogon ID:\t\t0x4832A54B\r\n\r\nProcess Information:\r\n\tNew Process ID:\t\t0x340\r\n\tNew Process Name:\tC:\\Windows\\System32\\RuntimeBroker.exe\r\n\tToken Elevation Type:\t%%1936\r\n\tMandatory Label:\t\tS-1-16-8192\r\n\tCreator Process ID:\t0x294\r\n\tCreator Process Name:\tC:\\Windows\\System32\\svchost.exe\r\n\tProcess Command Line:\tC:\\Windows\\System32\\RuntimeBroker.exe -Embedding\r\n\r\nToken Elevation Type indicates the type of token that was assigned to the new process in accordance with User Account Control policy.\r\n\r\nType 1 is a full token with no privileges removed or groups disabled.  A full token is only used if User Account Control is disabled or if the user is the built-in Administrator account or a service account.\r\n\r\nType 2 is an elevated token with no privileges removed or groups disabled.  An elevated token is used when User Account Control is enabled and the user chooses to start the program using Run as administrator.  An elevated token is also used when an application is configured to always require administrative privilege or to always require maximum privilege, and the user is a member of the Administrators group.\r\n\r\nType 3 is a limited token with administrative privileges removed and administrative groups disabled.  The limited token is used when User Account Control is enabled, the application does not require administrative privilege, and the user does not choose to start the program using Run as administrator.","Category":"Process Creation","Opcode":"Info","SubjectUserSid":"S-1-5-18","SubjectUserName":"WIN-SERVER$","SubjectDomainName":"LUNARSTIIINESS","SubjectLogonId":"0x3e7","NewProcessId":"0x340","NewProcessName":"C:\\Windows\\System32\\RuntimeBroker.exe","TokenElevationType":"%%1936","CommandLine":"C:\\Windows\\System32\\RuntimeBroker.exe -Embedding","TargetUserSid":"S-1-0-0","TargetUserName":"alice.young","TargetDomainName":"LUNARSTIIINESS","TargetLogonId":"0x4832a54b","ParentProcessName":"C:\\Windows\\System32\\svchost.exe","MandatoryLabel":"S-1-16-8192","EventReceivedTime":1683220060,"SourceModuleName":"in_default_channels","SourceModuleType":"im_msvistalog"}
<14>May  4 17:07:40 win-server.lunarstiiiness.com Microsoft-Windows-Security-Auditing[4]: {"EventTime":1683220059,"Hostname":"win-server.lunarstiiiness.com","Keywords":-9214364837600034816,"EventType":"AUDIT_SUCCESS","SeverityValue":2,"Severity":"INFO","EventID":4689,"SourceName":"Microsoft-Windows-Security-Auditing","ProviderGuid":"{54849625-5478-4994-A5BA-3E3B0328C30D}","Version":0,"Task":13313,"OpcodeValue":0,"RecordNumber":5510417,"ProcessID":4,"ThreadID":3368,"Channel":"Security","Message":"A process has exited.\r\n\r\nSubject:\r\n\tSecurity ID:\t\tS-1-5-21-3263964631-4121654051-1417071188-1156\r\n\tAccount Name:\t\talice.young\r\n\tAccount Domain:\t\tLUNARSTIIINESS\r\n\tLogon ID:\t\t0x4832A54B\r\n\r\nProcess Information:\r\n\tProcess ID:\t0x1200\r\n\tProcess Name:\tC:\\Program Files\\Google\\Chrome\\Application\\112.0.5615.138\\Installer\\chrmstp.exe\r\n\tExit Status:\t0x0","Category":"Process Termination","Opcode":"Info","SubjectUserSid":"S-1-5-21-3263964631-4121654051-1417071188-1156","SubjectUserName":"alice.young","SubjectDomainName":"LUNARSTIIINESS","SubjectLogonId":"0x4832a54b","Status":"0x0","ProcessName":"C:\\Program Files\\Google\\Chrome\\Application\\112.0.5615.138\\Installer\\chrmstp.exe","EventReceivedTime":1683220060,"SourceModuleName":"in_default_channels","SourceModuleType":"im_msvistalog"}
<14>May  4 17:07:40 win-server.lunarstiiiness.com Microsoft-Windows-Security-Auditing[4]: {"EventTime":1683220059,"Hostname":"win-server.lunarstiiiness.com","Keywords":-9214364837600034816,"EventType":"AUDIT_SUCCESS","SeverityValue":2,"Severity":"INFO","EventID":4689,"SourceName":"Microsoft-Windows-Security-Auditing","ProviderGuid":"{54849625-5478-4994-A5BA-3E3B0328C30D}","Version":0,"Task":13313,"OpcodeValue":0,"RecordNumber":5510414,"ProcessID":4,"ThreadID":2360,"Channel":"Security","Message":"A process has exited.\r\n\r\nSubject:\r\n\tSecurity ID:\t\tS-1-5-21-3263964631-4121654051-1417071188-1156\r\n\tAccount Name:\t\talice.young\r\n\tAccount Domain:\t\tLUNARSTIIINESS\r\n\tLogon ID:\t\t0x4832A54B\r\n\r\nProcess Information:\r\n\tProcess ID:\t0x13c8\r\n\tProcess Name:\tC:\\Program Files\\Google\\Chrome\\Application\\112.0.5615.138\\Installer\\chrmstp.exe\r\n\tExit Status:\t0x0","Category":"Process Termination","Opcode":"Info","SubjectUserSid":"S-1-5-21-3263964631-4121654051-1417071188-1156","SubjectUserName":"alice.young","SubjectDomainName":"LUNARSTIIINESS","SubjectLogonId":"0x4832a54b","Status":"0x0","ProcessName":"C:\\Program Files\\Google\\Chrome\\Application\\112.0.5615.138\\Installer\\chrmstp.exe","EventReceivedTime":1683220060,"SourceModuleName":"in_default_channels","SourceModuleType":"im_msvistalog"}
<14>May  4 17:07:40 win-server.lunarstiiiness.com Microsoft-Windows-Security-Auditing[4]: {"EventTime":1683220059,"Hostname":"win-server.lunarstiiiness.com","Keywords":-9214364837600034816,"EventType":"AUDIT_SUCCESS","SeverityValue":2,"Severity":"INFO","EventID":4689,"SourceName":"Microsoft-Windows-Security-Auditing","ProviderGuid":"{54849625-5478-4994-A5BA-3E3B0328C30D}","Version":0,"Task":13313,"OpcodeValue":0,"RecordNumber":5510412,"ProcessID":4,"ThreadID":4948,"Channel":"Security","Message":"A process has exited.\r\n\r\nSubject:\r\n\tSecurity ID:\t\tS-1-5-21-3263964631-4121654051-1417071188-1156\r\n\tAccount Name:\t\talice.young\r\n\tAccount Domain:\t\tLUNARSTIIINESS\r\n\tLogon ID:\t\t0x4832A54B\r\n\r\nProcess Information:\r\n\tProcess ID:\t0xea4\r\n\tProcess Name:\tC:\\Program Files\\Google\\Chrome\\Application\\112.0.5615.138\\Installer\\chrmstp.exe\r\n\tExit Status:\t0x49","Category":"Process Termination","Opcode":"Info","SubjectUserSid":"S-1-5-21-3263964631-4121654051-1417071188-1156","SubjectUserName":"alice.young","SubjectDomainName":"LUNARSTIIINESS","SubjectLogonId":"0x4832a54b","Status":"0x49","ProcessName":"C:\\Program Files\\Google\\Chrome\\Application\\112.0.5615.138\\Installer\\chrmstp.exe","EventReceivedTime":1683220060,"SourceModuleName":"in_default_channels","SourceModuleType":"im_msvistalog"}
<14>May  4 17:07:40 win-server.lunarstiiiness.com Microsoft-Windows-Security-Auditing[4]: {"EventTime":1683220059,"Hostname":"win-server.lunarstiiiness.com","Keywords":-9214364837600034816,"EventType":"AUDIT_SUCCESS","SeverityValue":2,"Severity":"INFO","EventID":4689,"SourceName":"Microsoft-Windows-Security-Auditing","ProviderGuid":"{54849625-5478-4994-A5BA-3E3B0328C30D}","Version":0,"Task":13313,"OpcodeValue":0,"RecordNumber":5510413,"ProcessID":4,"ThreadID":3368,"Channel":"Security","Message":"A process has exited.\r\n\r\nSubject:\r\n\tSecurity ID:\t\tS-1-5-21-3263964631-4121654051-1417071188-1156\r\n\tAccount Name:\t\talice.young\r\n\tAccount Domain:\t\tLUNARSTIIINESS\r\n\tLogon ID:\t\t0x4832A54B\r\n\r\nProcess Information:\r\n\tProcess ID:\t0xe3c\r\n\tProcess Name:\tC:\\Program Files\\Google\\Chrome\\Application\\112.0.5615.138\\Installer\\chrmstp.exe\r\n\tExit Status:\t0x0","Category":"Process Termination","Opcode":"Info","SubjectUserSid":"S-1-5-21-3263964631-4121654051-1417071188-1156","SubjectUserName":"alice.young","SubjectDomainName":"LUNARSTIIINESS","SubjectLogonId":"0x4832a54b","Status":"0x0","ProcessName":"C:\\Program Files\\Google\\Chrome\\Application\\112.0.5615.138\\Installer\\chrmstp.exe","EventReceivedTime":1683220060,"SourceModuleName":"in_default_channels","SourceModuleType":"im_msvistalog"}
<14>May  4 17:07:40 win-server.lunarstiiiness.com Microsoft-Windows-Security-Auditing[4]: {"EventTime":1683220059,"Hostname":"win-server.lunarstiiiness.com","Keywords":-9214364837600034816,"EventType":"AUDIT_SUCCESS","SeverityValue":2,"Severity":"INFO","EventID":4689,"SourceName":"Microsoft-Windows-Security-Auditing","ProviderGuid":"{54849625-5478-4994-A5BA-3E3B0328C30D}","Version":0,"Task":13313,"OpcodeValue":0,"RecordNumber":5510443,"ProcessID":4,"ThreadID":2360,"Channel":"Security","Message":"A process has exited.\r\n\r\nSubject:\r\n\tSecurity ID:\t\tS-1-5-21-3263964631-4121654051-1417071188-1156\r\n\tAccount Name:\t\talice.young\r\n\tAccount Domain:\t\tLUNARSTIIINESS\r\n\tLogon ID:\t\t0x4832A54B\r\n\r\nProcess Information:\r\n\tProcess ID:\t0x420\r\n\tProcess Name:\tC:\\Program Files (x86)\\Microsoft\\Edge\\Application\\112.0.1722.68\\Installer\\setup.exe\r\n\tExit Status:\t0x63","Category":"Process Termination","Opcode":"Info","SubjectUserSid":"S-1-5-21-3263964631-4121654051-1417071188-1156","SubjectUserName":"alice.young","SubjectDomainName":"LUNARSTIIINESS","SubjectLogonId":"0x4832a54b","Status":"0x63","ProcessName":"C:\\Program Files (x86)\\Microsoft\\Edge\\Application\\112.0.1722.68\\Installer\\setup.exe","EventReceivedTime":1683220060,"SourceModuleName":"in_default_channels","SourceModuleType":"im_msvistalog"}
<14>May  4 17:07:41 win-server.lunarstiiiness.com Microsoft-Windows-Security-Auditing[4]: {"EventTime":1683220060,"Hostname":"win-server.lunarstiiiness.com","Keywords":-9214364837600034816,"EventType":"AUDIT_SUCCESS","SeverityValue":2,"Severity":"INFO","EventID":4689,"SourceName":"Microsoft-Windows-Security-Auditing","ProviderGuid":"{54849625-5478-4994-A5BA-3E3B0328C30D}","Version":0,"Task":13313,"OpcodeValue":0,"RecordNumber":5510464,"ProcessID":4,"ThreadID":5104,"Channel":"Security","Message":"A process has exited.\r\n\r\nSubject:\r\n\tSecurity ID:\t\tS-1-5-21-3263964631-4121654051-1417071188-1156\r\n\tAccount Name:\t\talice.young\r\n\tAccount Domain:\t\tLUNARSTIIINESS\r\n\tLogon ID:\t\t0x4832A54B\r\n\r\nProcess Information:\r\n\tProcess ID:\t0xe0c\r\n\tProcess Name:\tC:\\Program Files (x86)\\Microsoft\\Edge\\Application\\112.0.1722.68\\Installer\\setup.exe\r\n\tExit Status:\t0x0","Category":"Process Termination","Opcode":"Info","SubjectUserSid":"S-1-5-21-3263964631-4121654051-1417071188-1156","SubjectUserName":"alice.young","SubjectDomainName":"LUNARSTIIINESS","SubjectLogonId":"0x4832a54b","Status":"0x0","ProcessName":"C:\\Program Files (x86)\\Microsoft\\Edge\\Application\\112.0.1722.68\\Installer\\setup.exe","EventReceivedTime":1683220061,"SourceModuleName":"in_default_channels","SourceModuleType":"im_msvistalog"}
<14>May  4 17:07:40 win-server.lunarstiiiness.com Microsoft-Windows-Security-Auditing[4]: {"EventTime":1683220060,"Hostname":"win-server.lunarstiiiness.com","Keywords":-9214364837600034816,"EventType":"AUDIT_SUCCESS","SeverityValue":2,"Severity":"INFO","EventID":4689,"SourceName":"Microsoft-Windows-Security-Auditing","ProviderGuid":"{54849625-5478-4994-A5BA-3E3B0328C30D}","Version":0,"Task":13313,"OpcodeValue":0,"RecordNumber":5510445,"ProcessID":4,"ThreadID":3368,"Channel":"Security","Message":"A process has exited.\r\n\r\nSubject:\r\n\tSecurity ID:\t\tS-1-5-21-3263964631-4121654051-1417071188-1156\r\n\tAccount Name:\t\talice.young\r\n\tAccount Domain:\t\tLUNARSTIIINESS\r\n\tLogon ID:\t\t0x4832A54B\r\n\r\nProcess Information:\r\n\tProcess ID:\t0x1130\r\n\tProcess Name:\tC:\\Program Files (x86)\\Microsoft\\Edge\\Application\\112.0.1722.68\\Installer\\setup.exe\r\n\tExit Status:\t0x0","Category":"Process Termination","Opcode":"Info","SubjectUserSid":"S-1-5-21-3263964631-4121654051-1417071188-1156","SubjectUserName":"alice.young","SubjectDomainName":"LUNARSTIIINESS","SubjectLogonId":"0x4832a54b","Status":"0x0","ProcessName":"C:\\Program Files (x86)\\Microsoft\\Edge\\Application\\112.0.1722.68\\Installer\\setup.exe","EventReceivedTime":1683220060,"SourceModuleName":"in_default_channels","SourceModuleType":"im_msvistalog"}
<14>May  4 17:07:41 win-server.lunarstiiiness.com Microsoft-Windows-Security-Auditing[580]: {"EventTime":1683220060,"Hostname":"win-server.lunarstiiiness.com","Keywords":-9214364837600034816,"EventType":"AUDIT_SUCCESS","SeverityValue":2,"Severity":"INFO","EventID":5058,"SourceName":"Microsoft-Windows-Security-Auditing","ProviderGuid":"{54849625-5478-4994-A5BA-3E3B0328C30D}","Version":0,"Task":12292,"OpcodeValue":0,"RecordNumber":5510469,"ActivityID":"{0239E03F-3717-0000-32BE-3DF9BE6DD901}","ProcessID":580,"ThreadID":4936,"Channel":"Security","Message":"Key file operation.\r\n\r\nSubject:\r\n\tSecurity ID:\t\tS-1-5-19\r\n\tAccount Name:\t\tLOCAL SERVICE\r\n\tAccount Domain:\t\tNT AUTHORITY\r\n\tLogon ID:\t\t0x3E5\r\n\r\nCryptographic Parameters:\r\n\tProvider Name:\tMicrosoft Software Key Storage Provider\r\n\tAlgorithm Name:\tECDSA_P256\r\n\tKey Name:\talice.young@lunarstiiiness.com\r\n\tKey Type:\tUser key.\r\n\r\nKey File Operation Information:\r\n\tFile Path:\tC:\\Windows\\ServiceProfiles\\LocalService\\AppData\\Roaming\\Microsoft\\Crypto\\Keys\\5988f0762ef8e2c700f0c93a4b4fbf8a_be59402f-735b-4e17-8c17-c6524235efc1\r\n\tOperation:\tWrite persisted key to file.\r\n\tReturn Code:\t0x0","Category":"Other System Events","Opcode":"Info","SubjectUserSid":"S-1-5-19","SubjectUserName":"LOCAL SERVICE","SubjectDomainName":"NT AUTHORITY","SubjectLogonId":"0x3e5","ProviderName":"Microsoft Software Key Storage Provider","AlgorithmName":"ECDSA_P256","KeyName":"alice.young@lunarstiiiness.com","KeyType":"%%2500","KeyFilePath":"C:\\Windows\\ServiceProfiles\\LocalService\\AppData\\Roaming\\Microsoft\\Crypto\\Keys\\5988f0762ef8e2c700f0c93a4b4fbf8a_be59402f-735b-4e17-8c17-c6524235efc1","Operation":"%%2459","ReturnCode":"0x0","EventReceivedTime":1683220061,"SourceModuleName":"in_default_channels","SourceModuleType":"im_msvistalog"}
<14>May  4 17:07:41 win-server.lunarstiiiness.com Microsoft-Windows-Security-Auditing[580]: {"EventTime":1683220060,"Hostname":"win-server.lunarstiiiness.com","Keywords":-9214364837600034816,"EventType":"AUDIT_SUCCESS","SeverityValue":2,"Severity":"INFO","EventID":5058,"SourceName":"Microsoft-Windows-Security-Auditing","ProviderGuid":"{54849625-5478-4994-A5BA-3E3B0328C30D}","Version":0,"Task":12292,"OpcodeValue":0,"RecordNumber":5510471,"ActivityID":"{0239E03F-3717-0000-32BE-3DF9BE6DD901}","ProcessID":580,"ThreadID":4936,"Channel":"Security","Message":"Key file operation.\r\n\r\nSubject:\r\n\tSecurity ID:\t\tS-1-5-19\r\n\tAccount Name:\t\tLOCAL SERVICE\r\n\tAccount Domain:\t\tNT AUTHORITY\r\n\tLogon ID:\t\t0x3E5\r\n\r\nCryptographic Parameters:\r\n\tProvider Name:\tMicrosoft Software Key Storage Provider\r\n\tAlgorithm Name:\tUNKNOWN\r\n\tKey Name:\talice.young@lunarstiiiness.com\r\n\tKey Type:\tUser key.\r\n\r\nKey File Operation Information:\r\n\tFile Path:\tC:\\Windows\\ServiceProfiles\\LocalService\\AppData\\Roaming\\Microsoft\\Crypto\\Keys\\5988f0762ef8e2c700f0c93a4b4fbf8a_be59402f-735b-4e17-8c17-c6524235efc1\r\n\tOperation:\tRead persisted key from file.\r\n\tReturn Code:\t0x0","Category":"Other System Events","Opcode":"Info","SubjectUserSid":"S-1-5-19","SubjectUserName":"LOCAL SERVICE","SubjectDomainName":"NT AUTHORITY","SubjectLogonId":"0x3e5","ProviderName":"Microsoft Software Key Storage Provider","AlgorithmName":"UNKNOWN","KeyName":"alice.young@lunarstiiiness.com","KeyType":"%%2500","KeyFilePath":"C:\\Windows\\ServiceProfiles\\LocalService\\AppData\\Roaming\\Microsoft\\Crypto\\Keys\\5988f0762ef8e2c700f0c93a4b4fbf8a_be59402f-735b-4e17-8c17-c6524235efc1","Operation":"%%2458","ReturnCode":"0x0","EventReceivedTime":1683220061,"SourceModuleName":"in_default_channels","SourceModuleType":"im_msvistalog"}
<14>May  4 17:07:41 win-server.lunarstiiiness.com Microsoft-Windows-Security-Auditing[580]: {"EventTime":1683220060,"Hostname":"win-server.lunarstiiiness.com","Keywords":-9214364837600034816,"EventType":"AUDIT_SUCCESS","SeverityValue":2,"Severity":"INFO","EventID":5059,"SourceName":"Microsoft-Windows-Security-Auditing","ProviderGuid":"{54849625-5478-4994-A5BA-3E3B0328C30D}","Version":0,"Task":12292,"OpcodeValue":0,"RecordNumber":5510473,"ActivityID":"{0239E03F-3717-0000-32BE-3DF9BE6DD901}","ProcessID":580,"ThreadID":4936,"Channel":"Security","Message":"Key migration operation.\r\n\r\nSubject:\r\n\tSecurity ID:\t\tS-1-5-19\r\n\tAccount Name:\t\tLOCAL SERVICE\r\n\tAccount Domain:\t\tNT AUTHORITY\r\n\tLogon ID:\t\t0x3E5\r\n\r\nCryptographic Parameters:\r\n\tProvider Name:\tMicrosoft Software Key Storage Provider\r\n\tAlgorithm Name:\tECDSA_P256\r\n\tKey Name:\talice.young@lunarstiiiness.com\r\n\tKey Type:\tUser key.\r\n\r\nAdditional Information:\r\n\tOperation:\tExport of persistent cryptographic key.\r\n\tReturn Code:\t0x0","Category":"Other System Events","Opcode":"Info","SubjectUserSid":"S-1-5-19","SubjectUserName":"LOCAL SERVICE","SubjectDomainName":"NT AUTHORITY","SubjectLogonId":"0x3e5","ProviderName":"Microsoft Software Key Storage Provider","AlgorithmName":"ECDSA_P256","KeyName":"alice.young@lunarstiiiness.com","KeyType":"%%2500","Operation":"%%2464","ReturnCode":"0x0","EventReceivedTime":1683220061,"SourceModuleName":"in_default_channels","SourceModuleType":"im_msvistalog"}
<11>May  4 17:07:41 win-server.lunarstiiiness.com Microsoft-Windows-Security-Auditing[580]: {"EventTime":1683220060,"Hostname":"win-server.lunarstiiiness.com","Keywords":-9218868437227405312,"EventType":"AUDIT_FAILURE","SeverityValue":4,"Severity":"ERROR","EventID":5061,"SourceName":"Microsoft-Windows-Security-Auditing","ProviderGuid":"{54849625-5478-4994-A5BA-3E3B0328C30D}","Version":0,"Task":12290,"OpcodeValue":0,"RecordNumber":5510468,"ActivityID":"{0239E03F-3717-0000-32BE-3DF9BE6DD901}","ProcessID":580,"ThreadID":608,"Channel":"Security","Message":"Cryptographic operation.\r\n\r\nSubject:\r\n\tSecurity ID:\t\tS-1-5-19\r\n\tAccount Name:\t\tLOCAL SERVICE\r\n\tAccount Domain:\t\tNT AUTHORITY\r\n\tLogon ID:\t\t0x3E5\r\n\r\nCryptographic Parameters:\r\n\tProvider Name:\tMicrosoft Software Key Storage Provider\r\n\tAlgorithm Name:\tUNKNOWN\r\n\tKey Name:\talice.young@lunarstiiiness.com\r\n\tKey Type:\tUser key.\r\n\r\nCryptographic Operation:\r\n\tOperation:\tOpen Key.\r\n\tReturn Code:\t0x80090016","Category":"System Integrity","Opcode":"Info","SubjectUserSid":"S-1-5-19","SubjectUserName":"LOCAL SERVICE","SubjectDomainName":"NT AUTHORITY","SubjectLogonId":"0x3e5","ProviderName":"Microsoft Software Key Storage Provider","AlgorithmName":"UNKNOWN","KeyName":"alice.young@lunarstiiiness.com","KeyType":"%%2500","Operation":"%%2480","ReturnCode":"0x80090016","EventReceivedTime":1683220061,"SourceModuleName":"in_default_channels","SourceModuleType":"im_msvistalog"}
<11>May  4 17:07:41 win-server.lunarstiiiness.com Microsoft-Windows-Security-Auditing[580]: {"EventTime":1683220060,"Hostname":"win-server.lunarstiiiness.com","Keywords":-9218868437227405312,"EventType":"AUDIT_FAILURE","SeverityValue":4,"Severity":"ERROR","EventID":5061,"SourceName":"Microsoft-Windows-Security-Auditing","ProviderGuid":"{54849625-5478-4994-A5BA-3E3B0328C30D}","Version":0,"Task":12290,"OpcodeValue":0,"RecordNumber":5510466,"ActivityID":"{0239E03F-3717-0000-32BE-3DF9BE6DD901}","ProcessID":580,"ThreadID":608,"Channel":"Security","Message":"Cryptographic operation.\r\n\r\nSubject:\r\n\tSecurity ID:\t\tS-1-5-19\r\n\tAccount Name:\t\tLOCAL SERVICE\r\n\tAccount Domain:\t\tNT AUTHORITY\r\n\tLogon ID:\t\t0x3E5\r\n\r\nCryptographic Parameters:\r\n\tProvider Name:\tMicrosoft Software Key Storage Provider\r\n\tAlgorithm Name:\tUNKNOWN\r\n\tKey Name:\talice.young@lunarstiiiness.com\r\n\tKey Type:\tUser key.\r\n\r\nCryptographic Operation:\r\n\tOperation:\tOpen Key.\r\n\tReturn Code:\t0x80090016","Category":"System Integrity","Opcode":"Info","SubjectUserSid":"S-1-5-19","SubjectUserName":"LOCAL SERVICE","SubjectDomainName":"NT AUTHORITY","SubjectLogonId":"0x3e5","ProviderName":"Microsoft Software Key Storage Provider","AlgorithmName":"UNKNOWN","KeyName":"alice.young@lunarstiiiness.com","KeyType":"%%2500","Operation":"%%2480","ReturnCode":"0x80090016","EventReceivedTime":1683220061,"SourceModuleName":"in_default_channels","SourceModuleType":"im_msvistalog"}
<14>May  4 17:07:41 win-server.lunarstiiiness.com Microsoft-Windows-Security-Auditing[580]: {"EventTime":1683220060,"Hostname":"win-server.lunarstiiiness.com","Keywords":-9214364837600034816,"EventType":"AUDIT_SUCCESS","SeverityValue":2,"Severity":"INFO","EventID":5059,"SourceName":"Microsoft-Windows-Security-Auditing","ProviderGuid":"{54849625-5478-4994-A5BA-3E3B0328C30D}","Version":0,"Task":12292,"OpcodeValue":0,"RecordNumber":5510474,"ActivityID":"{0239E03F-3717-0000-32BE-3DF9BE6DD901}","ProcessID":580,"ThreadID":4936,"Channel":"Security","Message":"Key migration operation.\r\n\r\nSubject:\r\n\tSecurity ID:\t\tS-1-5-19\r\n\tAccount Name:\t\tLOCAL SERVICE\r\n\tAccount Domain:\t\tNT AUTHORITY\r\n\tLogon ID:\t\t0x3E5\r\n\r\nCryptographic Parameters:\r\n\tProvider Name:\tMicrosoft Software Key Storage Provider\r\n\tAlgorithm Name:\tECDSA_P256\r\n\tKey Name:\talice.young@lunarstiiiness.com\r\n\tKey Type:\tUser key.\r\n\r\nAdditional Information:\r\n\tOperation:\tExport of persistent cryptographic key.\r\n\tReturn Code:\t0x0","Category":"Other System Events","Opcode":"Info","SubjectUserSid":"S-1-5-19","SubjectUserName":"LOCAL SERVICE","SubjectDomainName":"NT AUTHORITY","SubjectLogonId":"0x3e5","ProviderName":"Microsoft Software Key Storage Provider","AlgorithmName":"ECDSA_P256","KeyName":"alice.young@lunarstiiiness.com","KeyType":"%%2500","Operation":"%%2464","ReturnCode":"0x0","EventReceivedTime":1683220061,"SourceModuleName":"in_default_channels","SourceModuleType":"im_msvistalog"}
<11>May  4 17:07:41 win-server.lunarstiiiness.com Microsoft-Windows-Security-Auditing[580]: {"EventTime":1683220060,"Hostname":"win-server.lunarstiiiness.com","Keywords":-9218868437227405312,"EventType":"AUDIT_FAILURE","SeverityValue":4,"Severity":"ERROR","EventID":5061,"SourceName":"Microsoft-Windows-Security-Auditing","ProviderGuid":"{54849625-5478-4994-A5BA-3E3B0328C30D}","Version":0,"Task":12290,"OpcodeValue":0,"RecordNumber":5510467,"ActivityID":"{0239E03F-3717-0000-32BE-3DF9BE6DD901}","ProcessID":580,"ThreadID":608,"Channel":"Security","Message":"Cryptographic operation.\r\n\r\nSubject:\r\n\tSecurity ID:\t\tS-1-5-19\r\n\tAccount Name:\t\tLOCAL SERVICE\r\n\tAccount Domain:\t\tNT AUTHORITY\r\n\tLogon ID:\t\t0x3E5\r\n\r\nCryptographic Parameters:\r\n\tProvider Name:\tMicrosoft Software Key Storage Provider\r\n\tAlgorithm Name:\tUNKNOWN\r\n\tKey Name:\talice.young@lunarstiiiness.com\r\n\tKey Type:\tUser key.\r\n\r\nCryptographic Operation:\r\n\tOperation:\tOpen Key.\r\n\tReturn Code:\t0x80090016","Category":"System Integrity","Opcode":"Info","SubjectUserSid":"S-1-5-19","SubjectUserName":"LOCAL SERVICE","SubjectDomainName":"NT AUTHORITY","SubjectLogonId":"0x3e5","ProviderName":"Microsoft Software Key Storage Provider","AlgorithmName":"UNKNOWN","KeyName":"alice.young@lunarstiiiness.com","KeyType":"%%2500","Operation":"%%2480","ReturnCode":"0x80090016","EventReceivedTime":1683220061,"SourceModuleName":"in_default_channels","SourceModuleType":"im_msvistalog"}
<14>May  4 17:07:41 win-server.lunarstiiiness.com Microsoft-Windows-Security-Auditing[580]: {"EventTime":1683220060,"Hostname":"win-server.lunarstiiiness.com","Keywords":-9214364837600034816,"EventType":"AUDIT_SUCCESS","SeverityValue":2,"Severity":"INFO","EventID":5061,"SourceName":"Microsoft-Windows-Security-Auditing","ProviderGuid":"{54849625-5478-4994-A5BA-3E3B0328C30D}","Version":0,"Task":12290,"OpcodeValue":0,"RecordNumber":5510472,"ActivityID":"{0239E03F-3717-0000-32BE-3DF9BE6DD901}","ProcessID":580,"ThreadID":4936,"Channel":"Security","Message":"Cryptographic operation.\r\n\r\nSubject:\r\n\tSecurity ID:\t\tS-1-5-19\r\n\tAccount Name:\t\tLOCAL SERVICE\r\n\tAccount Domain:\t\tNT AUTHORITY\r\n\tLogon ID:\t\t0x3E5\r\n\r\nCryptographic Parameters:\r\n\tProvider Name:\tMicrosoft Software Key Storage Provider\r\n\tAlgorithm Name:\tECDSA_P256\r\n\tKey Name:\talice.young@lunarstiiiness.com\r\n\tKey Type:\tUser key.\r\n\r\nCryptographic Operation:\r\n\tOperation:\tOpen Key.\r\n\tReturn Code:\t0x0","Category":"System Integrity","Opcode":"Info","SubjectUserSid":"S-1-5-19","SubjectUserName":"LOCAL SERVICE","SubjectDomainName":"NT AUTHORITY","SubjectLogonId":"0x3e5","ProviderName":"Microsoft Software Key Storage Provider","AlgorithmName":"ECDSA_P256","KeyName":"alice.young@lunarstiiiness.com","KeyType":"%%2500","Operation":"%%2480","ReturnCode":"0x0","EventReceivedTime":1683220061,"SourceModuleName":"in_default_channels","SourceModuleType":"im_msvistalog"}
<14>May  4 17:07:41 win-server.lunarstiiiness.com Microsoft-Windows-Security-Auditing[580]: {"EventTime":1683220060,"Hostname":"win-server.lunarstiiiness.com","Keywords":-9214364837600034816,"EventType":"AUDIT_SUCCESS","SeverityValue":2,"Severity":"INFO","EventID":5059,"SourceName":"Microsoft-Windows-Security-Auditing","ProviderGuid":"{54849625-5478-4994-A5BA-3E3B0328C30D}","Version":0,"Task":12292,"OpcodeValue":0,"RecordNumber":5510475,"ActivityID":"{0239E03F-3717-0000-32BE-3DF9BE6DD901}","ProcessID":580,"ThreadID":4936,"Channel":"Security","Message":"Key migration operation.\r\n\r\nSubject:\r\n\tSecurity ID:\t\tS-1-5-19\r\n\tAccount Name:\t\tLOCAL SERVICE\r\n\tAccount Domain:\t\tNT AUTHORITY\r\n\tLogon ID:\t\t0x3E5\r\n\r\nCryptographic Parameters:\r\n\tProvider Name:\tMicrosoft Software Key Storage Provider\r\n\tAlgorithm Name:\tECDSA_P256\r\n\tKey Name:\talice.young@lunarstiiiness.com\r\n\tKey Type:\tUser key.\r\n\r\nAdditional Information:\r\n\tOperation:\tExport of persistent cryptographic key.\r\n\tReturn Code:\t0x0","Category":"Other System Events","Opcode":"Info","SubjectUserSid":"S-1-5-19","SubjectUserName":"LOCAL SERVICE","SubjectDomainName":"NT AUTHORITY","SubjectLogonId":"0x3e5","ProviderName":"Microsoft Software Key Storage Provider","AlgorithmName":"ECDSA_P256","KeyName":"alice.young@lunarstiiiness.com","KeyType":"%%2500","Operation":"%%2464","ReturnCode":"0x0","EventReceivedTime":1683220061,"SourceModuleName":"in_default_channels","SourceModuleType":"im_msvistalog"}
<14>May  4 17:07:41 win-server.lunarstiiiness.com Microsoft-Windows-Security-Auditing[580]: {"EventTime":1683220060,"Hostname":"win-server.lunarstiiiness.com","Keywords":-9214364837600034816,"EventType":"AUDIT_SUCCESS","SeverityValue":2,"Severity":"INFO","EventID":5061,"SourceName":"Microsoft-Windows-Security-Auditing","ProviderGuid":"{54849625-5478-4994-A5BA-3E3B0328C30D}","Version":0,"Task":12290,"OpcodeValue":0,"RecordNumber":5510470,"ActivityID":"{0239E03F-3717-0000-32BE-3DF9BE6DD901}","ProcessID":580,"ThreadID":4936,"Channel":"Security","Message":"Cryptographic operation.\r\n\r\nSubject:\r\n\tSecurity ID:\t\tS-1-5-19\r\n\tAccount Name:\t\tLOCAL SERVICE\r\n\tAccount Domain:\t\tNT AUTHORITY\r\n\tLogon ID:\t\t0x3E5\r\n\r\nCryptographic Parameters:\r\n\tProvider Name:\tMicrosoft Software Key Storage Provider\r\n\tAlgorithm Name:\tECDSA_P256\r\n\tKey Name:\talice.young@lunarstiiiness.com\r\n\tKey Type:\tUser key.\r\n\r\nCryptographic Operation:\r\n\tOperation:\tCreate Key.\r\n\tReturn Code:\t0x0","Category":"System Integrity","Opcode":"Info","SubjectUserSid":"S-1-5-19","SubjectUserName":"LOCAL SERVICE","SubjectDomainName":"NT AUTHORITY","SubjectLogonId":"0x3e5","ProviderName":"Microsoft Software Key Storage Provider","AlgorithmName":"ECDSA_P256","KeyName":"alice.young@lunarstiiiness.com","KeyType":"%%2500","Operation":"%%2481","ReturnCode":"0x0","EventReceivedTime":1683220061,"SourceModuleName":"in_default_channels","SourceModuleType":"im_msvistalog"}
<14>May  4 17:07:47 win-server.lunarstiiiness.com Microsoft-Windows-Security-Auditing[580]: {"EventTime":1683220066,"Hostname":"win-server.lunarstiiiness.com","Keywords":-9214364837600034816,"EventType":"AUDIT_SUCCESS","SeverityValue":2,"Severity":"INFO","EventID":4692,"SourceName":"Microsoft-Windows-Security-Auditing","ProviderGuid":"{54849625-5478-4994-A5BA-3E3B0328C30D}","Version":0,"Task":13314,"OpcodeValue":0,"RecordNumber":5510646,"ActivityID":"{0239E03F-3717-0000-32BE-3DF9BE6DD901}","ProcessID":580,"ThreadID":608,"Channel":"Security","Message":"Backup of data protection master key was attempted.\r\n\r\nSubject:\r\n\tSecurity ID:\t\tS-1-5-21-3263964631-4121654051-1417071188-1156\r\n\tAccount Name:\t\talice.young\r\n\tAccount Domain:\t\tLUNARSTIIINESS\r\n\tLogon ID:\t\t0x4832A54B\r\n\r\nKey Information:\r\n\tKey Identifier:\tc2fb8718-0a14-4eb2-bf89-b287a23ff1e6\r\n\tRecovery Server:\t\r\n\tRecovery Key ID:\t59574bb8-b8b8-4f7e-8de3-7bd267edda98\r\n\r\nStatus Information:\r\n\tStatus Code:\t0x0","Category":"DPAPI Activity","Opcode":"Info","SubjectUserSid":"S-1-5-21-3263964631-4121654051-1417071188-1156","SubjectUserName":"alice.young","SubjectDomainName":"LUNARSTIIINESS","SubjectLogonId":"0x4832a54b","MasterKeyId":"c2fb8718-0a14-4eb2-bf89-b287a23ff1e6","RecoveryKeyId":"59574bb8-b8b8-4f7e-8de3-7bd267edda98","FailureReason":"0x0","EventReceivedTime":1683220067,"SourceModuleName":"in_default_channels","SourceModuleType":"im_msvistalog"}
<14>May  4 17:07:47 win-server.lunarstiiiness.com Microsoft-Windows-Security-Auditing[580]: {"EventTime":1683220066,"Hostname":"win-server.lunarstiiiness.com","Keywords":-9214364837600034816,"EventType":"AUDIT_SUCCESS","SeverityValue":2,"Severity":"INFO","EventID":4694,"SourceName":"Microsoft-Windows-Security-Auditing","ProviderGuid":"{54849625-5478-4994-A5BA-3E3B0328C30D}","Version":0,"Task":13314,"OpcodeValue":0,"RecordNumber":5510647,"ActivityID":"{0239E03F-3717-0000-32BE-3DF9BE6DD901}","ProcessID":580,"ThreadID":4936,"Channel":"Security","Message":"Protection of auditable protected data was attempted.\r\n\r\nSubject:\r\n\tSecurity ID:\t\tS-1-5-21-3263964631-4121654051-1417071188-1156\r\n\tAccount Name:\t\talice.young\r\n\tAccount Domain:\t\tLUNARSTIIINESS\r\n\tLogon ID:\t\t0x4832A54B\r\n\r\nProtected Data:\r\n\tData Description:\tEdge\r\n\tKey Identifier:\tc2fb8718-0a14-4eb2-bf89-b287a23ff1e6\r\n\tProtected Data Flags:\t0x10\r\n\tProtection Algorithms:\t3DES-192 , SHA1-160 \r\n\r\nStatus Information:\r\n\tStatus Code:\t0x0","Category":"DPAPI Activity","Opcode":"Info","SubjectUserSid":"S-1-5-21-3263964631-4121654051-1417071188-1156","SubjectUserName":"alice.young","SubjectDomainName":"LUNARSTIIINESS","SubjectLogonId":"0x4832a54b","DataDescription":"c2fb8718-0a14-4eb2-bf89-b287a23ff1e6","MasterKeyId":"Edge","ProtectedDataFlags":"0x10","CryptoAlgorithms":"3DES-192 , SHA1-160 ","FailureReason":"0x0","EventReceivedTime":1683220067,"SourceModuleName":"in_default_channels","SourceModuleType":"im_msvistalog"}
<14>May  4 17:07:47 win-server.lunarstiiiness.com Microsoft-Windows-Security-Auditing[4]: {"EventTime":1683220066,"Hostname":"win-server.lunarstiiiness.com","Keywords":-9214364837600034816,"EventType":"AUDIT_SUCCESS","SeverityValue":2,"Severity":"INFO","EventID":4670,"SourceName":"Microsoft-Windows-Security-Auditing","ProviderGuid":"{54849625-5478-4994-A5BA-3E3B0328C30D}","Version":0,"Task":13570,"OpcodeValue":0,"RecordNumber":5510665,"ProcessID":4,"ThreadID":3368,"Channel":"Security","Message":"Permissions on an object were changed.\r\n\r\nSubject:\r\n\tSecurity ID:\t\tS-1-5-21-3263964631-4121654051-1417071188-1156\r\n\tAccount Name:\t\talice.young\r\n\tAccount Domain:\t\tLUNARSTIIINESS\r\n\tLogon ID:\t\t0x4832A54B\r\n\r\nObject:\r\n\tObject Server:\tSecurity\r\n\tObject Type:\tToken\r\n\tObject Name:\t-\r\n\tHandle ID:\t0x75c\r\n\r\nProcess:\r\n\tProcess ID:\t0x1260\r\n\tProcess Name:\tC:\\Program Files (x86)\\Microsoft\\Edge\\Application\\msedge.exe\r\n\r\nPermissions Change:\r\n\tOriginal Security Descriptor:\tD:(A;;GA;;;S-1-5-21-3263964631-4121654051-1417071188-1156)(A;;GA;;;SY)(A;;GXGR;;;S-1-5-5-0-1211278205)\r\n\tNew Security Descriptor:\tD:(A;;GA;;;S-1-0-3155851317-4062437872-1860410797-1241474051)(A;;RC;;;OW)(A;;GA;;;S-1-5-21-3263964631-4121654051-1417071188-1156)(A;;GA;;;SY)","Category":"Authorization Policy Change","Opcode":"Info","SubjectUserSid":"S-1-5-21-3263964631-4121654051-1417071188-1156","SubjectUserName":"alice.young","SubjectDomainName":"LUNARSTIIINESS","SubjectLogonId":"0x4832a54b","ObjectServer":"Security","ObjectType":"Token","ObjectName":"-","HandleId":"0x75c","OldSd":"D:(A;;GA;;;S-1-5-21-3263964631-4121654051-1417071188-1156)(A;;GA;;;SY)(A;;GXGR;;;S-1-5-5-0-1211278205)","NewSd":"D:(A;;GA;;;S-1-0-3155851317-4062437872-1860410797-1241474051)(A;;RC;;;OW)(A;;GA;;;S-1-5-21-3263964631-4121654051-1417071188-1156)(A;;GA;;;SY)","ProcessName":"C:\\Program Files (x86)\\Microsoft\\Edge\\Application\\msedge.exe","EventReceivedTime":1683220067,"SourceModuleName":"in_default_channels","SourceModuleType":"im_msvistalog"}
<14>May  4 17:07:47 win-server.lunarstiiiness.com Microsoft-Windows-Security-Auditing[4]: {"EventTime":1683220066,"Hostname":"win-server.lunarstiiiness.com","Keywords":-9214364837600034816,"EventType":"AUDIT_SUCCESS","SeverityValue":2,"Severity":"INFO","EventID":4670,"SourceName":"Microsoft-Windows-Security-Auditing","ProviderGuid":"{54849625-5478-4994-A5BA-3E3B0328C30D}","Version":0,"Task":13570,"OpcodeValue":0,"RecordNumber":5510664,"ProcessID":4,"ThreadID":3368,"Channel":"Security","Message":"Permissions on an object were changed.\r\n\r\nSubject:\r\n\tSecurity ID:\t\tS-1-5-21-3263964631-4121654051-1417071188-1156\r\n\tAccount Name:\t\talice.young\r\n\tAccount Domain:\t\tLUNARSTIIINESS\r\n\tLogon ID:\t\t0x4832A54B\r\n\r\nObject:\r\n\tObject Server:\tSecurity\r\n\tObject Type:\tToken\r\n\tObject Name:\t-\r\n\tHandle ID:\t0x758\r\n\r\nProcess:\r\n\tProcess ID:\t0x1260\r\n\tProcess Name:\tC:\\Program Files (x86)\\Microsoft\\Edge\\Application\\msedge.exe\r\n\r\nPermissions Change:\r\n\tOriginal Security Descriptor:\tD:(A;;GA;;;S-1-5-21-3263964631-4121654051-1417071188-1156)(A;;GA;;;SY)(A;;GXGR;;;S-1-5-5-0-1211278205)\r\n\tNew Security Descriptor:\tD:(A;;GA;;;S-1-0-3155851317-4062437872-1860410797-1241474051)(A;;RC;;;OW)(A;;GA;;;S-1-5-21-3263964631-4121654051-1417071188-1156)(A;;GA;;;SY)","Category":"Authorization Policy Change","Opcode":"Info","SubjectUserSid":"S-1-5-21-3263964631-4121654051-1417071188-1156","SubjectUserName":"alice.young","SubjectDomainName":"LUNARSTIIINESS","SubjectLogonId":"0x4832a54b","ObjectServer":"Security","ObjectType":"Token","ObjectName":"-","HandleId":"0x758","OldSd":"D:(A;;GA;;;S-1-5-21-3263964631-4121654051-1417071188-1156)(A;;GA;;;SY)(A;;GXGR;;;S-1-5-5-0-1211278205)","NewSd":"D:(A;;GA;;;S-1-0-3155851317-4062437872-1860410797-1241474051)(A;;RC;;;OW)(A;;GA;;;S-1-5-21-3263964631-4121654051-1417071188-1156)(A;;GA;;;SY)","ProcessName":"C:\\Program Files (x86)\\Microsoft\\Edge\\Application\\msedge.exe","EventReceivedTime":1683220067,"SourceModuleName":"in_default_channels","SourceModuleType":"im_msvistalog"}
<14>May  4 17:07:48 win-server.lunarstiiiness.com Microsoft-Windows-Security-Auditing[4]: {"EventTime":1683220067,"Hostname":"win-server.lunarstiiiness.com","Keywords":-9214364837600034816,"EventType":"AUDIT_SUCCESS","SeverityValue":2,"Severity":"INFO","EventID":4670,"SourceName":"Microsoft-Windows-Security-Auditing","ProviderGuid":"{54849625-5478-4994-A5BA-3E3B0328C30D}","Version":0,"Task":13570,"OpcodeValue":0,"RecordNumber":5510669,"ProcessID":4,"ThreadID":3368,"Channel":"Security","Message":"Permissions on an object were changed.\r\n\r\nSubject:\r\n\tSecurity ID:\t\tS-1-5-21-3263964631-4121654051-1417071188-1156\r\n\tAccount Name:\t\talice.young\r\n\tAccount Domain:\t\tLUNARSTIIINESS\r\n\tLogon ID:\t\t0x4832A54B\r\n\r\nObject:\r\n\tObject Server:\tSecurity\r\n\tObject Type:\tToken\r\n\tObject Name:\t-\r\n\tHandle ID:\t0x850\r\n\r\nProcess:\r\n\tProcess ID:\t0x1260\r\n\tProcess Name:\tC:\\Program Files (x86)\\Microsoft\\Edge\\Application\\msedge.exe\r\n\r\nPermissions Change:\r\n\tOriginal Security Descriptor:\tD:(A;;GA;;;S-1-5-21-3263964631-4121654051-1417071188-1156)(A;;GA;;;SY)(A;;GXGR;;;S-1-5-5-0-1211278205)\r\n\tNew Security Descriptor:\tD:(A;;GA;;;S-1-5-21-3263964631-4121654051-1417071188-1156)(A;;GA;;;SY)","Category":"Authorization Policy Change","Opcode":"Info","SubjectUserSid":"S-1-5-21-3263964631-4121654051-1417071188-1156","SubjectUserName":"alice.young","SubjectDomainName":"LUNARSTIIINESS","SubjectLogonId":"0x4832a54b","ObjectServer":"Security","ObjectType":"Token","ObjectName":"-","HandleId":"0x850","OldSd":"D:(A;;GA;;;S-1-5-21-3263964631-4121654051-1417071188-1156)(A;;GA;;;SY)(A;;GXGR;;;S-1-5-5-0-1211278205)","NewSd":"D:(A;;GA;;;S-1-5-21-3263964631-4121654051-1417071188-1156)(A;;GA;;;SY)","ProcessName":"C:\\Program Files (x86)\\Microsoft\\Edge\\Application\\msedge.exe","EventReceivedTime":1683220068,"SourceModuleName":"in_default_channels","SourceModuleType":"im_msvistalog"}
<14>May  4 17:07:48 win-server.lunarstiiiness.com Microsoft-Windows-Security-Auditing[4]: {"EventTime":1683220067,"Hostname":"win-server.lunarstiiiness.com","Keywords":-9214364837600034816,"EventType":"AUDIT_SUCCESS","SeverityValue":2,"Severity":"INFO","EventID":4670,"SourceName":"Microsoft-Windows-Security-Auditing","ProviderGuid":"{54849625-5478-4994-A5BA-3E3B0328C30D}","Version":0,"Task":13570,"OpcodeValue":0,"RecordNumber":5510668,"ProcessID":4,"ThreadID":3368,"Channel":"Security","Message":"Permissions on an object were changed.\r\n\r\nSubject:\r\n\tSecurity ID:\t\tS-1-5-21-3263964631-4121654051-1417071188-1156\r\n\tAccount Name:\t\talice.young\r\n\tAccount Domain:\t\tLUNARSTIIINESS\r\n\tLogon ID:\t\t0x4832A54B\r\n\r\nObject:\r\n\tObject Server:\tSecurity\r\n\tObject Type:\tToken\r\n\tObject Name:\t-\r\n\tHandle ID:\t0x844\r\n\r\nProcess:\r\n\tProcess ID:\t0x1260\r\n\tProcess Name:\tC:\\Program Files (x86)\\Microsoft\\Edge\\Application\\msedge.exe\r\n\r\nPermissions Change:\r\n\tOriginal Security Descriptor:\tD:(A;;GA;;;S-1-5-21-3263964631-4121654051-1417071188-1156)(A;;GA;;;SY)(A;;GXGR;;;S-1-5-5-0-1211278205)\r\n\tNew Security Descriptor:\tD:(A;;GA;;;S-1-5-21-3263964631-4121654051-1417071188-1156)(A;;GA;;;SY)","Category":"Authorization Policy Change","Opcode":"Info","SubjectUserSid":"S-1-5-21-3263964631-4121654051-1417071188-1156","SubjectUserName":"alice.young","SubjectDomainName":"LUNARSTIIINESS","SubjectLogonId":"0x4832a54b","ObjectServer":"Security","ObjectType":"Token","ObjectName":"-","HandleId":"0x844","OldSd":"D:(A;;GA;;;S-1-5-21-3263964631-4121654051-1417071188-1156)(A;;GA;;;SY)(A;;GXGR;;;S-1-5-5-0-1211278205)","NewSd":"D:(A;;GA;;;S-1-5-21-3263964631-4121654051-1417071188-1156)(A;;GA;;;SY)","ProcessName":"C:\\Program Files (x86)\\Microsoft\\Edge\\Application\\msedge.exe","EventReceivedTime":1683220068,"SourceModuleName":"in_default_channels","SourceModuleType":"im_msvistalog"}
