<14>May  4 16:29:35 win-adfs.lunarstiiiness.com Microsoft-Windows-Security-Auditing[624]: {"EventTime":1683217774,"Hostname":"win-adfs.lunarstiiiness.com","Keywords":-9214364837600034816,"EventType":"AUDIT_SUCCESS","SeverityValue":2,"Severity":"INFO","EventID":4724,"SourceName":"Microsoft-Windows-Security-Auditing","ProviderGuid":"{54849625-5478-4994-A5BA-3E3B0328C30D}","Version":0,"Task":13824,"OpcodeValue":0,"RecordNumber":41655806,"ProcessID":624,"ThreadID":2060,"Channel":"Security","Message":"An attempt was made to reset an account's password.\r\n\r\nSubject:\r\n\tSecurity ID:\t\tS-1-5-21-3263964631-4121654051-1417071188-1116\r\n\tAccount Name:\t\ttim.smith_admin\r\n\tAccount Domain:\t\tLUNARSTIIINESS\r\n\tLogon ID:\t\t0xADE4387B\r\n\r\nTarget Account:\r\n\tSecurity ID:\t\tS-1-5-21-3263964631-4121654051-1417071188-1156\r\n\tAccount Name:\t\talice.young\r\n\tAccount Domain:\t\tLUNARSTIIINESS","Category":"User Account Management","Opcode":"Info","TargetUserName":"alice.young","TargetDomainName":"LUNARSTIIINESS","TargetSid":"S-1-5-21-3263964631-4121654051-1417071188-1156","SubjectUserSid":"S-1-5-21-3263964631-4121654051-1417071188-1116","SubjectUserName":"tim.smith_admin","SubjectDomainName":"LUNARSTIIINESS","SubjectLogonId":"0xade4387b","EventReceivedTime":1683217775,"SourceModuleName":"windows_security_eventlog","SourceModuleType":"im_msvistalog"}
<14>May  4 16:29:35 win-adfs.lunarstiiiness.com Microsoft-Windows-Security-Auditing[624]: {"EventTime":1683217774,"Hostname":"win-adfs.lunarstiiiness.com","Keywords":-9214364837600034816,"EventType":"AUDIT_SUCCESS","SeverityValue":2,"Severity":"INFO","EventID":4722,"SourceName":"Microsoft-Windows-Security-Auditing","ProviderGuid":"{54849625-5478-4994-A5BA-3E3B0328C30D}","Version":0,"Task":13824,"OpcodeValue":0,"RecordNumber":41655819,"ProcessID":624,"ThreadID":2060,"Channel":"Security","Message":"A user account was enabled.\r\n\r\nSubject:\r\n\tSecurity ID:\t\tS-1-5-21-3263964631-4121654051-1417071188-1116\r\n\tAccount Name:\t\ttim.smith_admin\r\n\tAccount Domain:\t\tLUNARSTIIINESS\r\n\tLogon ID:\t\t0xADE08480\r\n\r\nTarget Account:\r\n\tSecurity ID:\t\tS-1-5-21-3263964631-4121654051-1417071188-1156\r\n\tAccount Name:\t\talice.young\r\n\tAccount Domain:\t\tLUNARSTIIINESS","Category":"User Account Management","Opcode":"Info","TargetUserName":"alice.young","TargetDomainName":"LUNARSTIIINESS","TargetSid":"S-1-5-21-3263964631-4121654051-1417071188-1156","SubjectUserSid":"S-1-5-21-3263964631-4121654051-1417071188-1116","SubjectUserName":"tim.smith_admin","SubjectDomainName":"LUNARSTIIINESS","SubjectLogonId":"0xade08480","EventReceivedTime":1683217775,"SourceModuleName":"windows_security_eventlog","SourceModuleType":"im_msvistalog"}
<14>May  4 16:29:35 win-adfs.lunarstiiiness.com Microsoft-Windows-Security-Auditing[624]: {"EventTime":1683217774,"Hostname":"win-adfs.lunarstiiiness.com","Keywords":-9214364837600034816,"EventType":"AUDIT_SUCCESS","SeverityValue":2,"Severity":"INFO","EventID":4738,"SourceName":"Microsoft-Windows-Security-Auditing","ProviderGuid":"{54849625-5478-4994-A5BA-3E3B0328C30D}","Version":0,"Task":13824,"OpcodeValue":0,"RecordNumber":41655818,"ProcessID":624,"ThreadID":2060,"Channel":"Security","Message":"A user account was changed.\r\n\r\nSubject:\r\n\tSecurity ID:\t\tS-1-5-21-3263964631-4121654051-1417071188-1116\r\n\tAccount Name:\t\ttim.smith_admin\r\n\tAccount Domain:\t\tLUNARSTIIINESS\r\n\tLogon ID:\t\t0xADE08480\r\n\r\nTarget Account:\r\n\tSecurity ID:\t\tS-1-5-21-3263964631-4121654051-1417071188-1156\r\n\tAccount Name:\t\talice.young\r\n\tAccount Domain:\t\tLUNARSTIIINESS\r\n\r\nChanged Attributes:\r\n\tSAM Account Name:\t-\r\n\tDisplay Name:\t\t-\r\n\tUser Principal Name:\t-\r\n\tHome Directory:\t\t-\r\n\tHome Drive:\t\t-\r\n\tScript Path:\t\t-\r\n\tProfile Path:\t\t-\r\n\tUser Workstations:\t-\r\n\tPassword Last Set:\t-\r\n\tAccount Expires:\t\t-\r\n\tPrimary Group ID:\t-\r\n\tAllowedToDelegateTo:\t-\r\n\tOld UAC Value:\t\t0x211\r\n\tNew UAC Value:\t\t0x210\r\n\tUser Account Control:\t\r\n\t\tAccount Enabled\r\n\tUser Parameters:\t-\r\n\tSID History:\t\t-\r\n\tLogon Hours:\t\t-\r\n\r\nAdditional Information:\r\n\tPrivileges:\t\t-","Category":"User Account Management","Opcode":"Info","Dummy":"-","TargetUserName":"alice.young","TargetDomainName":"LUNARSTIIINESS","TargetSid":"S-1-5-21-3263964631-4121654051-1417071188-1156","SubjectUserSid":"S-1-5-21-3263964631-4121654051-1417071188-1116","SubjectUserName":"tim.smith_admin","SubjectDomainName":"LUNARSTIIINESS","SubjectLogonId":"0xade08480","PrivilegeList":"-","SamAccountName":"-","DisplayName":"-","UserPrincipalName":"-","HomeDirectory":"-","HomePath":"-","ScriptPath":"-","ProfilePath":"-","UserWorkstations":"-","PasswordLastSet":"-","AccountExpires":"-","PrimaryGroupId":"-","AllowedToDelegateTo":"-","OldUacValue":"0x211","NewUacValue":"0x210","UserAccountControl":"\r\n\t\t%%2048","UserParameters":"-","SidHistory":"-","LogonHours":"-","EventReceivedTime":1683217775,"SourceModuleName":"windows_security_eventlog","SourceModuleType":"im_msvistalog"}
<14>May  4 16:29:35 win-adfs.lunarstiiiness.com Microsoft-Windows-Security-Auditing[624]: {"EventTime":1683217774,"Hostname":"win-adfs.lunarstiiiness.com","Keywords":-9214364837600034816,"EventType":"AUDIT_SUCCESS","SeverityValue":2,"Severity":"INFO","EventID":4738,"SourceName":"Microsoft-Windows-Security-Auditing","ProviderGuid":"{54849625-5478-4994-A5BA-3E3B0328C30D}","Version":0,"Task":13824,"OpcodeValue":0,"RecordNumber":41655809,"ProcessID":624,"ThreadID":2060,"Channel":"Security","Message":"A user account was changed.\r\n\r\nSubject:\r\n\tSecurity ID:\t\tS-1-5-21-3263964631-4121654051-1417071188-1116\r\n\tAccount Name:\t\ttim.smith_admin\r\n\tAccount Domain:\t\tLUNARSTIIINESS\r\n\tLogon ID:\t\t0xADE08480\r\n\r\nTarget Account:\r\n\tSecurity ID:\t\tS-1-5-21-3263964631-4121654051-1417071188-1156\r\n\tAccount Name:\t\talice.young\r\n\tAccount Domain:\t\tLUNARSTIIINESS\r\n\r\nChanged Attributes:\r\n\tSAM Account Name:\t-\r\n\tDisplay Name:\t\t-\r\n\tUser Principal Name:\t-\r\n\tHome Directory:\t\t-\r\n\tHome Drive:\t\t-\r\n\tScript Path:\t\t-\r\n\tProfile Path:\t\t-\r\n\tUser Workstations:\t-\r\n\tPassword Last Set:\t-\r\n\tAccount Expires:\t\t-\r\n\tPrimary Group ID:\t-\r\n\tAllowedToDelegateTo:\t-\r\n\tOld UAC Value:\t\t-\r\n\tNew UAC Value:\t\t-\r\n\tUser Account Control:\t-\r\n\tUser Parameters:\t-\r\n\tSID History:\t\t-\r\n\tLogon Hours:\t\t-\r\n\r\nAdditional Information:\r\n\tPrivileges:\t\t-","Category":"User Account Management","Opcode":"Info","Dummy":"-","TargetUserName":"alice.young","TargetDomainName":"LUNARSTIIINESS","TargetSid":"S-1-5-21-3263964631-4121654051-1417071188-1156","SubjectUserSid":"S-1-5-21-3263964631-4121654051-1417071188-1116","SubjectUserName":"tim.smith_admin","SubjectDomainName":"LUNARSTIIINESS","SubjectLogonId":"0xade08480","PrivilegeList":"-","SamAccountName":"-","DisplayName":"-","UserPrincipalName":"-","HomeDirectory":"-","HomePath":"-","ScriptPath":"-","ProfilePath":"-","UserWorkstations":"-","PasswordLastSet":"-","AccountExpires":"-","PrimaryGroupId":"-","AllowedToDelegateTo":"-","OldUacValue":"-","NewUacValue":"-","UserAccountControl":"-","UserParameters":"-","SidHistory":"-","LogonHours":"-","EventReceivedTime":1683217775,"SourceModuleName":"windows_security_eventlog","SourceModuleType":"im_msvistalog"}
<14>May  4 16:29:35 win-adfs.lunarstiiiness.com Microsoft-Windows-Security-Auditing[624]: {"EventTime":1683217774,"Hostname":"win-adfs.lunarstiiiness.com","Keywords":-9214364837600034816,"EventType":"AUDIT_SUCCESS","SeverityValue":2,"Severity":"INFO","EventID":4720,"SourceName":"Microsoft-Windows-Security-Auditing","ProviderGuid":"{54849625-5478-4994-A5BA-3E3B0328C30D}","Version":0,"Task":13824,"OpcodeValue":0,"RecordNumber":41655794,"ProcessID":624,"ThreadID":2060,"Channel":"Security","Message":"A user account was created.\r\n\r\nSubject:\r\n\tSecurity ID:\t\tS-1-5-21-3263964631-4121654051-1417071188-1116\r\n\tAccount Name:\t\ttim.smith_admin\r\n\tAccount Domain:\t\tLUNARSTIIINESS\r\n\tLogon ID:\t\t0xADE08480\r\n\r\nNew Account:\r\n\tSecurity ID:\t\tS-1-5-21-3263964631-4121654051-1417071188-1156\r\n\tAccount Name:\t\talice.young\r\n\tAccount Domain:\t\tLUNARSTIIINESS\r\n\r\nAttributes:\r\n\tSAM Account Name:\talice.young\r\n\tDisplay Name:\t\tAlice Young\r\n\tUser Principal Name:\talice.young@lunarstiiiness.com\r\n\tHome Directory:\t\t-\r\n\tHome Drive:\t\t-\r\n\tScript Path:\t\t-\r\n\tProfile Path:\t\t-\r\n\tUser Workstations:\t-\r\n\tPassword Last Set:\t<never>\r\n\tAccount Expires:\t\t<never>\r\n\tPrimary Group ID:\t513\r\n\tAllowed To Delegate To:\t-\r\n\tOld UAC Value:\t\t0x0\r\n\tNew UAC Value:\t\t0x15\r\n\tUser Account Control:\t\r\n\t\tAccount Disabled\r\n\t\t'Password Not Required' - Enabled\r\n\t\t'Normal Account' - Enabled\r\n\tUser Parameters:\t-\r\n\tSID History:\t\t-\r\n\tLogon Hours:\t\t<value not set>\r\n\r\nAdditional Information:\r\n\tPrivileges\t\t-","Category":"User Account Management","Opcode":"Info","TargetUserName":"alice.young","TargetDomainName":"LUNARSTIIINESS","TargetSid":"S-1-5-21-3263964631-4121654051-1417071188-1156","SubjectUserSid":"S-1-5-21-3263964631-4121654051-1417071188-1116","SubjectUserName":"tim.smith_admin","SubjectDomainName":"LUNARSTIIINESS","SubjectLogonId":"0xade08480","PrivilegeList":"-","SamAccountName":"alice.young","DisplayName":"Alice Young","UserPrincipalName":"alice.young@lunarstiiiness.com","HomeDirectory":"-","HomePath":"-","ScriptPath":"-","ProfilePath":"-","UserWorkstations":"-","PasswordLastSet":"%%1794","AccountExpires":"%%1794","PrimaryGroupId":"513","AllowedToDelegateTo":"-","OldUacValue":"0x0","NewUacValue":"0x15","UserAccountControl":"\r\n\t\t%%2080\r\n\t\t%%2082\r\n\t\t%%2084","UserParameters":"-","SidHistory":"-","LogonHours":"%%1793","EventReceivedTime":1683217775,"SourceModuleName":"windows_security_eventlog","SourceModuleType":"im_msvistalog"}
<14>May  4 16:29:35 win-adfs.lunarstiiiness.com Microsoft-Windows-Security-Auditing[624]: {"EventTime":1683217774,"Hostname":"win-adfs.lunarstiiiness.com","Keywords":-9214364837600034816,"EventType":"AUDIT_SUCCESS","SeverityValue":2,"Severity":"INFO","EventID":4738,"SourceName":"Microsoft-Windows-Security-Auditing","ProviderGuid":"{54849625-5478-4994-A5BA-3E3B0328C30D}","Version":0,"Task":13824,"OpcodeValue":0,"RecordNumber":41655815,"ProcessID":624,"ThreadID":2060,"Channel":"Security","Message":"A user account was changed.\r\n\r\nSubject:\r\n\tSecurity ID:\t\tS-1-5-21-3263964631-4121654051-1417071188-1116\r\n\tAccount Name:\t\ttim.smith_admin\r\n\tAccount Domain:\t\tLUNARSTIIINESS\r\n\tLogon ID:\t\t0xADE08480\r\n\r\nTarget Account:\r\n\tSecurity ID:\t\tS-1-5-21-3263964631-4121654051-1417071188-1156\r\n\tAccount Name:\t\talice.young\r\n\tAccount Domain:\t\tLUNARSTIIINESS\r\n\r\nChanged Attributes:\r\n\tSAM Account Name:\t-\r\n\tDisplay Name:\t\t-\r\n\tUser Principal Name:\t-\r\n\tHome Directory:\t\t-\r\n\tHome Drive:\t\t-\r\n\tScript Path:\t\t-\r\n\tProfile Path:\t\t-\r\n\tUser Workstations:\t-\r\n\tPassword Last Set:\t-\r\n\tAccount Expires:\t\t-\r\n\tPrimary Group ID:\t-\r\n\tAllowedToDelegateTo:\t-\r\n\tOld UAC Value:\t\t0x15\r\n\tNew UAC Value:\t\t0x211\r\n\tUser Account Control:\t\r\n\t\t'Password Not Required' - Disabled\r\n\t\t'Don't Expire Password' - Enabled\r\n\tUser Parameters:\t-\r\n\tSID History:\t\t-\r\n\tLogon Hours:\t\t-\r\n\r\nAdditional Information:\r\n\tPrivileges:\t\t-","Category":"User Account Management","Opcode":"Info","Dummy":"-","TargetUserName":"alice.young","TargetDomainName":"LUNARSTIIINESS","TargetSid":"S-1-5-21-3263964631-4121654051-1417071188-1156","SubjectUserSid":"S-1-5-21-3263964631-4121654051-1417071188-1116","SubjectUserName":"tim.smith_admin","SubjectDomainName":"LUNARSTIIINESS","SubjectLogonId":"0xade08480","PrivilegeList":"-","SamAccountName":"-","DisplayName":"-","UserPrincipalName":"-","HomeDirectory":"-","HomePath":"-","ScriptPath":"-","ProfilePath":"-","UserWorkstations":"-","PasswordLastSet":"-","AccountExpires":"-","PrimaryGroupId":"-","AllowedToDelegateTo":"-","OldUacValue":"0x15","NewUacValue":"0x211","UserAccountControl":"\r\n\t\t%%2050\r\n\t\t%%2089","UserParameters":"-","SidHistory":"-","LogonHours":"-","EventReceivedTime":1683217775,"SourceModuleName":"windows_security_eventlog","SourceModuleType":"im_msvistalog"}
<14>May  4 16:29:35 win-adfs.lunarstiiiness.com Microsoft-Windows-Security-Auditing[624]: {"EventTime":1683217774,"Hostname":"win-adfs.lunarstiiiness.com","Keywords":-9214364837600034816,"EventType":"AUDIT_SUCCESS","SeverityValue":2,"Severity":"INFO","EventID":4738,"SourceName":"Microsoft-Windows-Security-Auditing","ProviderGuid":"{54849625-5478-4994-A5BA-3E3B0328C30D}","Version":0,"Task":13824,"OpcodeValue":0,"RecordNumber":41655805,"ProcessID":624,"ThreadID":2060,"Channel":"Security","Message":"A user account was changed.\r\n\r\nSubject:\r\n\tSecurity ID:\t\tS-1-5-7\r\n\tAccount Name:\t\tANONYMOUS LOGON\r\n\tAccount Domain:\t\tNT AUTHORITY\r\n\tLogon ID:\t\t0x3E6\r\n\r\nTarget Account:\r\n\tSecurity ID:\t\tS-1-5-21-3263964631-4121654051-1417071188-1156\r\n\tAccount Name:\t\talice.young\r\n\tAccount Domain:\t\tLUNARSTIIINESS\r\n\r\nChanged Attributes:\r\n\tSAM Account Name:\t-\r\n\tDisplay Name:\t\t-\r\n\tUser Principal Name:\t-\r\n\tHome Directory:\t\t-\r\n\tHome Drive:\t\t-\r\n\tScript Path:\t\t-\r\n\tProfile Path:\t\t-\r\n\tUser Workstations:\t-\r\n\tPassword Last Set:\t5/4/2023 4:29:34 PM\r\n\tAccount Expires:\t\t-\r\n\tPrimary Group ID:\t-\r\n\tAllowedToDelegateTo:\t-\r\n\tOld UAC Value:\t\t-\r\n\tNew UAC Value:\t\t-\r\n\tUser Account Control:\t-\r\n\tUser Parameters:\t-\r\n\tSID History:\t\t-\r\n\tLogon Hours:\t\t-\r\n\r\nAdditional Information:\r\n\tPrivileges:\t\t-","Category":"User Account Management","Opcode":"Info","Dummy":"-","TargetUserName":"alice.young","TargetDomainName":"LUNARSTIIINESS","TargetSid":"S-1-5-21-3263964631-4121654051-1417071188-1156","SubjectUserSid":"S-1-5-7","SubjectUserName":"ANONYMOUS LOGON","SubjectDomainName":"NT AUTHORITY","SubjectLogonId":"0x3e6","PrivilegeList":"-","SamAccountName":"-","DisplayName":"-","UserPrincipalName":"-","HomeDirectory":"-","HomePath":"-","ScriptPath":"-","ProfilePath":"-","UserWorkstations":"-","PasswordLastSet":"5/4/2023 4:29:34 PM","AccountExpires":"-","PrimaryGroupId":"-","AllowedToDelegateTo":"-","OldUacValue":"-","NewUacValue":"-","UserAccountControl":"-","UserParameters":"-","SidHistory":"-","LogonHours":"-","EventReceivedTime":1683217775,"SourceModuleName":"windows_security_eventlog","SourceModuleType":"im_msvistalog"}
<14>May  4 16:29:41 win-adfs.lunarstiiiness.com Microsoft-Windows-Security-Auditing[624]: {"EventTime":1683217781,"Hostname":"win-adfs.lunarstiiiness.com","Keywords":-9214364837600034816,"EventType":"AUDIT_SUCCESS","SeverityValue":2,"Severity":"INFO","EventID":5136,"SourceName":"Microsoft-Windows-Security-Auditing","ProviderGuid":"{54849625-5478-4994-A5BA-3E3B0328C30D}","Version":0,"Task":14081,"OpcodeValue":0,"RecordNumber":41655872,"ProcessID":624,"ThreadID":720,"Channel":"Security","Message":"A directory service object was modified.\r\n\t\r\nSubject:\r\n\tSecurity ID:\t\tS-1-5-21-3263964631-4121654051-1417071188-1116\r\n\tAccount Name:\t\ttim.smith_admin\r\n\tAccount Domain:\t\tLUNARSTIIINESS\r\n\tLogon ID:\t\t0xADE08480\r\n\r\nDirectory Service:\r\n\tName:\tlunarstiiiness.com\r\n\tType:\tActive Directory Domain Services\r\n\t\r\nObject:\r\n\tDN:\tcn=Alice Young,CN=Users,DC=lunarstiiiness,DC=com\r\n\tGUID:\t{658a189d-9700-4f12-be6f-0fe2c84f5dbb}\r\n\tClass:\tuser\r\n\t\r\nAttribute:\r\n\tLDAP Display Name:\tsAMAccountName\r\n\tSyntax (OID):\t2.5.5.12\r\n\tValue:\talice.young\r\n\t\r\nOperation:\r\n\tType:\tValue Added\r\n\tCorrelation ID:\t{471fbec9-f809-4637-9b1d-71db1a4c74c0}\r\n\tApplication Correlation ID:\t-","Category":"Directory Service Changes","Opcode":"Info","OpCorrelationID":"{471fbec9-f809-4637-9b1d-71db1a4c74c0}","AppCorrelationID":"-","SubjectUserSid":"S-1-5-21-3263964631-4121654051-1417071188-1116","SubjectUserName":"tim.smith_admin","SubjectDomainName":"LUNARSTIIINESS","SubjectLogonId":"0xade08480","DSName":"lunarstiiiness.com","DSType":"%%14676","ObjectDN":"cn=Alice Young,CN=Users,DC=lunarstiiiness,DC=com","ObjectGUID":"{658a189d-9700-4f12-be6f-0fe2c84f5dbb}","ObjectClass":"user","AttributeLDAPDisplayName":"sAMAccountName","AttributeSyntaxOID":"2.5.5.12","AttributeValue":"alice.young","OperationType":"%%14674","EventReceivedTime":1683217781,"SourceModuleName":"windows_security_eventlog","SourceModuleType":"im_msvistalog"}
<14>May  4 16:29:41 win-adfs.lunarstiiiness.com Microsoft-Windows-Security-Auditing[624]: {"EventTime":1683217781,"Hostname":"win-adfs.lunarstiiiness.com","Keywords":-9214364837600034816,"EventType":"AUDIT_SUCCESS","SeverityValue":2,"Severity":"INFO","EventID":5136,"SourceName":"Microsoft-Windows-Security-Auditing","ProviderGuid":"{54849625-5478-4994-A5BA-3E3B0328C30D}","Version":0,"Task":14081,"OpcodeValue":0,"RecordNumber":41655873,"ProcessID":624,"ThreadID":720,"Channel":"Security","Message":"A directory service object was modified.\r\n\t\r\nSubject:\r\n\tSecurity ID:\t\tS-1-5-21-3263964631-4121654051-1417071188-1116\r\n\tAccount Name:\t\ttim.smith_admin\r\n\tAccount Domain:\t\tLUNARSTIIINESS\r\n\tLogon ID:\t\t0xADE08480\r\n\r\nDirectory Service:\r\n\tName:\tlunarstiiiness.com\r\n\tType:\tActive Directory Domain Services\r\n\t\r\nObject:\r\n\tDN:\tcn=Alice Young,CN=Users,DC=lunarstiiiness,DC=com\r\n\tGUID:\t{658a189d-9700-4f12-be6f-0fe2c84f5dbb}\r\n\tClass:\tuser\r\n\t\r\nAttribute:\r\n\tLDAP Display Name:\tuserPrincipalName\r\n\tSyntax (OID):\t2.5.5.12\r\n\tValue:\talice.young@lunarstiiiness.com\r\n\t\r\nOperation:\r\n\tType:\tValue Added\r\n\tCorrelation ID:\t{471fbec9-f809-4637-9b1d-71db1a4c74c0}\r\n\tApplication Correlation ID:\t-","Category":"Directory Service Changes","Opcode":"Info","OpCorrelationID":"{471fbec9-f809-4637-9b1d-71db1a4c74c0}","AppCorrelationID":"-","SubjectUserSid":"S-1-5-21-3263964631-4121654051-1417071188-1116","SubjectUserName":"tim.smith_admin","SubjectDomainName":"LUNARSTIIINESS","SubjectLogonId":"0xade08480","DSName":"lunarstiiiness.com","DSType":"%%14676","ObjectDN":"cn=Alice Young,CN=Users,DC=lunarstiiiness,DC=com","ObjectGUID":"{658a189d-9700-4f12-be6f-0fe2c84f5dbb}","ObjectClass":"user","AttributeLDAPDisplayName":"userPrincipalName","AttributeSyntaxOID":"2.5.5.12","AttributeValue":"alice.young@lunarstiiiness.com","OperationType":"%%14674","EventReceivedTime":1683217781,"SourceModuleName":"windows_security_eventlog","SourceModuleType":"im_msvistalog"}
<14>May  4 16:47:34 win-adfs.lunarstiiiness.com Microsoft-Windows-Security-Auditing[624]: {"EventTime":1683218853,"Hostname":"win-adfs.lunarstiiiness.com","Keywords":-9214364837600034816,"EventType":"AUDIT_SUCCESS","SeverityValue":2,"Severity":"INFO","EventID":4776,"SourceName":"Microsoft-Windows-Security-Auditing","ProviderGuid":"{54849625-5478-4994-A5BA-3E3B0328C30D}","Version":0,"Task":14336,"OpcodeValue":0,"RecordNumber":41661845,"ProcessID":624,"ThreadID":5648,"Channel":"Security","Message":"The computer attempted to validate the credentials for an account.\r\n\r\nAuthentication Package:\tMICROSOFT_AUTHENTICATION_PACKAGE_V1_0\r\nLogon Account:\talice.young\r\nSource Workstation:\t\r\nError Code:\t0x0","Category":"Credential Validation","Opcode":"Info","PackageName":"MICROSOFT_AUTHENTICATION_PACKAGE_V1_0","TargetUserName":"alice.young","Status":"0x0","EventReceivedTime":1683218854,"SourceModuleName":"windows_security_eventlog","SourceModuleType":"im_msvistalog"}
<11>May  4 16:47:35 win-server.lunarstiiiness.com Microsoft-Windows-Security-Auditing[580]: {"EventTime":1683218853,"Hostname":"win-server.lunarstiiiness.com","Keywords":-9218868437227405312,"EventType":"AUDIT_FAILURE","SeverityValue":4,"Severity":"ERROR","EventID":4825,"SourceName":"Microsoft-Windows-Security-Auditing","ProviderGuid":"{54849625-5478-4994-A5BA-3E3B0328C30D}","Version":0,"Task":12551,"OpcodeValue":0,"RecordNumber":5503730,"ActivityID":"{0239E03F-3717-0000-32BE-3DF9BE6DD901}","ProcessID":580,"ThreadID":3128,"Channel":"Security","Message":"A user was denied the access to Remote Desktop. By default, users are allowed to connect only if they are members of the Remote Desktop Users group or Administrators group.\r\n\r\nSubject:\r\n\tUser Name:\talice.young\r\n\tDomain:\t\tLUNARSTIIINESS\r\n\tLogon ID:\t0x47EE2E8D\r\n\r\nAdditional Information:\r\n\tClient Address:\t108.44.242.211\r\n\r\n\r\nThis event is generated when an authenticated user who is not allowed to log on remotely attempts to connect to this computer through Remote Desktop.","Category":"Other Logon/Logoff Events","Opcode":"Info","AccountName":"alice.young","AccountDomain":"LUNARSTIIINESS","LogonID":"0x47ee2e8d","ClientAddress":"108.44.242.211","EventReceivedTime":1683218855,"SourceModuleName":"in_default_channels","SourceModuleType":"im_msvistalog"}
<11>May  4 16:47:35 win-server.lunarstiiiness.com Microsoft-Windows-Security-Auditing[4]: {"EventTime":1683218853,"Hostname":"win-server.lunarstiiiness.com","Keywords":-9218868437227405312,"EventType":"AUDIT_FAILURE","SeverityValue":4,"Severity":"ERROR","EventID":4656,"SourceName":"Microsoft-Windows-Security-Auditing","ProviderGuid":"{54849625-5478-4994-A5BA-3E3B0328C30D}","Version":1,"Task":12804,"OpcodeValue":0,"RecordNumber":5503729,"ProcessID":4,"ThreadID":4800,"Channel":"Security","Message":"A handle to an object was requested.\r\n\r\nSubject:\r\n\tSecurity ID:\t\tS-1-5-21-3263964631-4121654051-1417071188-1156\r\n\tAccount Name:\t\talice.young\r\n\tAccount Domain:\t\tLUNARSTIIINESS\r\n\tLogon ID:\t\t0x47EE2E8D\r\n\r\nObject:\r\n\tObject Server:\t\tTermsrv\r\n\tObject Type:\t\tTermsrv Session\r\n\tObject Name:\t\tTermsrv Session\r\n\tHandle ID:\t\t0x0\r\n\tResource Attributes:\t-\r\n\r\nProcess Information:\r\n\tProcess ID:\t\t0x364\r\n\tProcess Name:\t\tC:\\Windows\\System32\\svchost.exe\r\n\r\nAccess Request Information:\r\n\tTransaction ID:\t\t{00000000-0000-0000-0000-000000000000}\r\n\tAccesses:\t\tUnknown specific access (bit 5)\r\n\t\t\t\t\r\n\tAccess Reasons:\t\t-\r\n\tAccess Mask:\t\t0x20\r\n\tPrivileges Used for Access Check:\t-\r\n\tRestricted SID Count:\t0","Category":"Other Object Access Events","Opcode":"Info","SubjectUserSid":"S-1-5-21-3263964631-4121654051-1417071188-1156","SubjectUserName":"alice.young","SubjectDomainName":"LUNARSTIIINESS","SubjectLogonId":"0x47ee2e8d","ObjectServer":"Termsrv","ObjectType":"Termsrv Session","ObjectName":"Termsrv Session","HandleId":"0x0","TransactionId":"{00000000-0000-0000-0000-000000000000}","AccessList":"%%1557\r\n\t\t\t\t","AccessReason":"-","AccessMask":"0x20","PrivilegeList":"-","RestrictedSidCount":"0","ProcessName":"C:\\Windows\\System32\\svchost.exe","ResourceAttributes":"-","EventReceivedTime":1683218855,"SourceModuleName":"in_default_channels","SourceModuleType":"im_msvistalog"}
<11>May  4 16:47:35 win-server.lunarstiiiness.com Microsoft-Windows-Security-Auditing[580]: {"EventTime":1683218853,"Hostname":"win-server.lunarstiiiness.com","Keywords":-9218868437227405312,"EventType":"AUDIT_FAILURE","SeverityValue":4,"Severity":"ERROR","EventID":4776,"SourceName":"Microsoft-Windows-Security-Auditing","ProviderGuid":"{54849625-5478-4994-A5BA-3E3B0328C30D}","Version":0,"Task":14336,"OpcodeValue":0,"RecordNumber":5503720,"ActivityID":"{0239E03F-3717-0000-32BE-3DF9BE6DD901}","ProcessID":580,"ThreadID":3128,"Channel":"Security","Message":"The computer attempted to validate the credentials for an account.\r\n\r\nAuthentication Package:\tMICROSOFT_AUTHENTICATION_PACKAGE_V1_0\r\nLogon Account:\talice.young\r\nSource Workstation:\t\r\nError Code:\t0xC0000064","Category":"Credential Validation","Opcode":"Info","PackageName":"MICROSOFT_AUTHENTICATION_PACKAGE_V1_0","TargetUserName":"alice.young","Status":"0xc0000064","EventReceivedTime":1683218855,"SourceModuleName":"in_default_channels","SourceModuleType":"im_msvistalog"}
<14>May  4 16:47:35 win-server.lunarstiiiness.com Microsoft-Windows-Security-Auditing[580]: {"EventTime":1683218853,"Hostname":"win-server.lunarstiiiness.com","Keywords":-9214364837600034816,"EventType":"AUDIT_SUCCESS","SeverityValue":2,"Severity":"INFO","EventID":4624,"SourceName":"Microsoft-Windows-Security-Auditing","ProviderGuid":"{54849625-5478-4994-A5BA-3E3B0328C30D}","Version":2,"Task":12544,"OpcodeValue":0,"RecordNumber":5503727,"ActivityID":"{0239E03F-3717-0000-32BE-3DF9BE6DD901}","ProcessID":580,"ThreadID":3128,"Channel":"Security","Message":"An account was successfully logged on.\r\n\r\nSubject:\r\n\tSecurity ID:\t\tS-1-0-0\r\n\tAccount Name:\t\t-\r\n\tAccount Domain:\t\t-\r\n\tLogon ID:\t\t0x0\r\n\r\nLogon Information:\r\n\tLogon Type:\t\t3\r\n\tRestricted Admin Mode:\t-\r\n\tVirtual Account:\t\tNo\r\n\tElevated Token:\t\tNo\r\n\r\nImpersonation Level:\t\tImpersonation\r\n\r\nNew Logon:\r\n\tSecurity ID:\t\tS-1-5-21-3263964631-4121654051-1417071188-1156\r\n\tAccount Name:\t\talice.young\r\n\tAccount Domain:\t\tLUNARSTIIINESS\r\n\tLogon ID:\t\t0x47EE2E8D\r\n\tLinked Logon ID:\t\t0x0\r\n\tNetwork Account Name:\t-\r\n\tNetwork Account Domain:\t-\r\n\tLogon GUID:\t\t{00000000-0000-0000-0000-000000000000}\r\n\r\nProcess Information:\r\n\tProcess ID:\t\t0x0\r\n\tProcess Name:\t\t-\r\n\r\nNetwork Information:\r\n\tWorkstation Name:\t-\r\n\tSource Network Address:\t108.44.242.211\r\n\tSource Port:\t\t0\r\n\r\nDetailed Authentication Information:\r\n\tLogon Process:\t\tNtLmSsp \r\n\tAuthentication Package:\tNTLM\r\n\tTransited Services:\t-\r\n\tPackage Name (NTLM only):\tNTLM V2\r\n\tKey Length:\t\t128\r\n\r\nThis event is generated when a logon session is created. It is generated on the computer that was accessed.\r\n\r\nThe subject fields indicate the account on the local system which requested the logon. This is most commonly a service such as the Server service, or a local process such as Winlogon.exe or Services.exe.\r\n\r\nThe logon type field indicates the kind of logon that occurred. The most common types are 2 (interactive) and 3 (network).\r\n\r\nThe New Logon fields indicate the account for whom the new logon was created, i.e. the account that was logged on.\r\n\r\nThe network fields indicate where a remote logon request originated. Workstation name is not always available and may be left blank in some cases.\r\n\r\nThe impersonation level field indicates the extent to which a process in the logon session can impersonate.\r\n\r\nThe authentication information fields provide detailed information about this specific logon request.\r\n\t- Logon GUID is a unique identifier that can be used to correlate this event with a KDC event.\r\n\t- Transited services indicate which intermediate services have participated in this logon request.\r\n\t- Package name indicates which sub-protocol was used among the NTLM protocols.\r\n\t- Key length indicates the length of the generated session key. This will be 0 if no session key was requested.","Category":"Logon","Opcode":"Info","SubjectUserSid":"S-1-0-0","SubjectUserName":"-","SubjectDomainName":"-","SubjectLogonId":"0x0","TargetUserSid":"S-1-5-21-3263964631-4121654051-1417071188-1156","TargetUserName":"alice.young","TargetDomainName":"LUNARSTIIINESS","TargetLogonId":"0x47ee2e8d","LogonType":"3","LogonProcessName":"NtLmSsp ","AuthenticationPackageName":"NTLM","WorkstationName":"-","LogonGuid":"{00000000-0000-0000-0000-000000000000}","TransmittedServices":"-","LmPackageName":"NTLM V2","KeyLength":"128","ProcessName":"-","IpAddress":"108.44.242.211","IpPort":"0","ImpersonationLevel":"%%1833","RestrictedAdminMode":"-","TargetOutboundUserName":"-","TargetOutboundDomainName":"-","VirtualAccount":"%%1843","TargetLinkedLogonId":"0x0","ElevatedToken":"%%1843","EventReceivedTime":1683218855,"SourceModuleName":"in_default_channels","SourceModuleType":"im_msvistalog"}
<11>May  4 16:47:55 win-server.lunarstiiiness.com Microsoft-Windows-Security-Auditing[580]: {"EventTime":1683218874,"Hostname":"win-server.lunarstiiiness.com","Keywords":-9218868437227405312,"EventType":"AUDIT_FAILURE","SeverityValue":4,"Severity":"ERROR","EventID":4825,"SourceName":"Microsoft-Windows-Security-Auditing","ProviderGuid":"{54849625-5478-4994-A5BA-3E3B0328C30D}","Version":0,"Task":12551,"OpcodeValue":0,"RecordNumber":5503782,"ActivityID":"{0239E03F-3717-0000-32BE-3DF9BE6DD901}","ProcessID":580,"ThreadID":260,"Channel":"Security","Message":"A user was denied the access to Remote Desktop. By default, users are allowed to connect only if they are members of the Remote Desktop Users group or Administrators group.\r\n\r\nSubject:\r\n\tUser Name:\talice.young\r\n\tDomain:\t\tLUNARSTIIINESS\r\n\tLogon ID:\t0x47EEAB70\r\n\r\nAdditional Information:\r\n\tClient Address:\t108.44.242.211\r\n\r\n\r\nThis event is generated when an authenticated user who is not allowed to log on remotely attempts to connect to this computer through Remote Desktop.","Category":"Other Logon/Logoff Events","Opcode":"Info","AccountName":"alice.young","AccountDomain":"LUNARSTIIINESS","LogonID":"0x47eeab70","ClientAddress":"108.44.242.211","EventReceivedTime":1683218875,"SourceModuleName":"in_default_channels","SourceModuleType":"im_msvistalog"}
<14>May  4 16:47:55 win-server.lunarstiiiness.com Microsoft-Windows-Security-Auditing[580]: {"EventTime":1683218874,"Hostname":"win-server.lunarstiiiness.com","Keywords":-9214364837600034816,"EventType":"AUDIT_SUCCESS","SeverityValue":2,"Severity":"INFO","EventID":4624,"SourceName":"Microsoft-Windows-Security-Auditing","ProviderGuid":"{54849625-5478-4994-A5BA-3E3B0328C30D}","Version":2,"Task":12544,"OpcodeValue":0,"RecordNumber":5503779,"ActivityID":"{0239E03F-3717-0000-32BE-3DF9BE6DD901}","ProcessID":580,"ThreadID":3128,"Channel":"Security","Message":"An account was successfully logged on.\r\n\r\nSubject:\r\n\tSecurity ID:\t\tS-1-0-0\r\n\tAccount Name:\t\t-\r\n\tAccount Domain:\t\t-\r\n\tLogon ID:\t\t0x0\r\n\r\nLogon Information:\r\n\tLogon Type:\t\t3\r\n\tRestricted Admin Mode:\t-\r\n\tVirtual Account:\t\tNo\r\n\tElevated Token:\t\tNo\r\n\r\nImpersonation Level:\t\tImpersonation\r\n\r\nNew Logon:\r\n\tSecurity ID:\t\tS-1-5-21-3263964631-4121654051-1417071188-1156\r\n\tAccount Name:\t\talice.young\r\n\tAccount Domain:\t\tLUNARSTIIINESS\r\n\tLogon ID:\t\t0x47EEAB70\r\n\tLinked Logon ID:\t\t0x0\r\n\tNetwork Account Name:\t-\r\n\tNetwork Account Domain:\t-\r\n\tLogon GUID:\t\t{00000000-0000-0000-0000-000000000000}\r\n\r\nProcess Information:\r\n\tProcess ID:\t\t0x0\r\n\tProcess Name:\t\t-\r\n\r\nNetwork Information:\r\n\tWorkstation Name:\t-\r\n\tSource Network Address:\t108.44.242.211\r\n\tSource Port:\t\t0\r\n\r\nDetailed Authentication Information:\r\n\tLogon Process:\t\tNtLmSsp \r\n\tAuthentication Package:\tNTLM\r\n\tTransited Services:\t-\r\n\tPackage Name (NTLM only):\tNTLM V2\r\n\tKey Length:\t\t128\r\n\r\nThis event is generated when a logon session is created. It is generated on the computer that was accessed.\r\n\r\nThe subject fields indicate the account on the local system which requested the logon. This is most commonly a service such as the Server service, or a local process such as Winlogon.exe or Services.exe.\r\n\r\nThe logon type field indicates the kind of logon that occurred. The most common types are 2 (interactive) and 3 (network).\r\n\r\nThe New Logon fields indicate the account for whom the new logon was created, i.e. the account that was logged on.\r\n\r\nThe network fields indicate where a remote logon request originated. Workstation name is not always available and may be left blank in some cases.\r\n\r\nThe impersonation level field indicates the extent to which a process in the logon session can impersonate.\r\n\r\nThe authentication information fields provide detailed information about this specific logon request.\r\n\t- Logon GUID is a unique identifier that can be used to correlate this event with a KDC event.\r\n\t- Transited services indicate which intermediate services have participated in this logon request.\r\n\t- Package name indicates which sub-protocol was used among the NTLM protocols.\r\n\t- Key length indicates the length of the generated session key. This will be 0 if no session key was requested.","Category":"Logon","Opcode":"Info","SubjectUserSid":"S-1-0-0","SubjectUserName":"-","SubjectDomainName":"-","SubjectLogonId":"0x0","TargetUserSid":"S-1-5-21-3263964631-4121654051-1417071188-1156","TargetUserName":"alice.young","TargetDomainName":"LUNARSTIIINESS","TargetLogonId":"0x47eeab70","LogonType":"3","LogonProcessName":"NtLmSsp ","AuthenticationPackageName":"NTLM","WorkstationName":"-","LogonGuid":"{00000000-0000-0000-0000-000000000000}","TransmittedServices":"-","LmPackageName":"NTLM V2","KeyLength":"128","ProcessName":"-","IpAddress":"108.44.242.211","IpPort":"0","ImpersonationLevel":"%%1833","RestrictedAdminMode":"-","TargetOutboundUserName":"-","TargetOutboundDomainName":"-","VirtualAccount":"%%1843","TargetLinkedLogonId":"0x0","ElevatedToken":"%%1843","EventReceivedTime":1683218875,"SourceModuleName":"in_default_channels","SourceModuleType":"im_msvistalog"}
<14>May  4 16:47:55 win-adfs.lunarstiiiness.com Microsoft-Windows-Security-Auditing[624]: {"EventTime":1683218874,"Hostname":"win-adfs.lunarstiiiness.com","Keywords":-9214364837600034816,"EventType":"AUDIT_SUCCESS","SeverityValue":2,"Severity":"INFO","EventID":4776,"SourceName":"Microsoft-Windows-Security-Auditing","ProviderGuid":"{54849625-5478-4994-A5BA-3E3B0328C30D}","Version":0,"Task":14336,"OpcodeValue":0,"RecordNumber":41661938,"ProcessID":624,"ThreadID":5648,"Channel":"Security","Message":"The computer attempted to validate the credentials for an account.\r\n\r\nAuthentication Package:\tMICROSOFT_AUTHENTICATION_PACKAGE_V1_0\r\nLogon Account:\talice.young\r\nSource Workstation:\t\r\nError Code:\t0x0","Category":"Credential Validation","Opcode":"Info","PackageName":"MICROSOFT_AUTHENTICATION_PACKAGE_V1_0","TargetUserName":"alice.young","Status":"0x0","EventReceivedTime":1683218875,"SourceModuleName":"windows_security_eventlog","SourceModuleType":"im_msvistalog"}
<11>May  4 16:47:55 win-server.lunarstiiiness.com Microsoft-Windows-Security-Auditing[580]: {"EventTime":1683218874,"Hostname":"win-server.lunarstiiiness.com","Keywords":-9218868437227405312,"EventType":"AUDIT_FAILURE","SeverityValue":4,"Severity":"ERROR","EventID":4776,"SourceName":"Microsoft-Windows-Security-Auditing","ProviderGuid":"{54849625-5478-4994-A5BA-3E3B0328C30D}","Version":0,"Task":14336,"OpcodeValue":0,"RecordNumber":5503776,"ActivityID":"{0239E03F-3717-0000-32BE-3DF9BE6DD901}","ProcessID":580,"ThreadID":3128,"Channel":"Security","Message":"The computer attempted to validate the credentials for an account.\r\n\r\nAuthentication Package:\tMICROSOFT_AUTHENTICATION_PACKAGE_V1_0\r\nLogon Account:\talice.young\r\nSource Workstation:\t\r\nError Code:\t0xC0000064","Category":"Credential Validation","Opcode":"Info","PackageName":"MICROSOFT_AUTHENTICATION_PACKAGE_V1_0","TargetUserName":"alice.young","Status":"0xc0000064","EventReceivedTime":1683218875,"SourceModuleName":"in_default_channels","SourceModuleType":"im_msvistalog"}
<11>May  4 16:47:55 win-server.lunarstiiiness.com Microsoft-Windows-Security-Auditing[4]: {"EventTime":1683218874,"Hostname":"win-server.lunarstiiiness.com","Keywords":-9218868437227405312,"EventType":"AUDIT_FAILURE","SeverityValue":4,"Severity":"ERROR","EventID":4656,"SourceName":"Microsoft-Windows-Security-Auditing","ProviderGuid":"{54849625-5478-4994-A5BA-3E3B0328C30D}","Version":1,"Task":12804,"OpcodeValue":0,"RecordNumber":5503781,"ProcessID":4,"ThreadID":4800,"Channel":"Security","Message":"A handle to an object was requested.\r\n\r\nSubject:\r\n\tSecurity ID:\t\tS-1-5-21-3263964631-4121654051-1417071188-1156\r\n\tAccount Name:\t\talice.young\r\n\tAccount Domain:\t\tLUNARSTIIINESS\r\n\tLogon ID:\t\t0x47EEAB70\r\n\r\nObject:\r\n\tObject Server:\t\tTermsrv\r\n\tObject Type:\t\tTermsrv Session\r\n\tObject Name:\t\tTermsrv Session\r\n\tHandle ID:\t\t0x0\r\n\tResource Attributes:\t-\r\n\r\nProcess Information:\r\n\tProcess ID:\t\t0x364\r\n\tProcess Name:\t\tC:\\Windows\\System32\\svchost.exe\r\n\r\nAccess Request Information:\r\n\tTransaction ID:\t\t{00000000-0000-0000-0000-000000000000}\r\n\tAccesses:\t\tUnknown specific access (bit 5)\r\n\t\t\t\t\r\n\tAccess Reasons:\t\t-\r\n\tAccess Mask:\t\t0x20\r\n\tPrivileges Used for Access Check:\t-\r\n\tRestricted SID Count:\t0","Category":"Other Object Access Events","Opcode":"Info","SubjectUserSid":"S-1-5-21-3263964631-4121654051-1417071188-1156","SubjectUserName":"alice.young","SubjectDomainName":"LUNARSTIIINESS","SubjectLogonId":"0x47eeab70","ObjectServer":"Termsrv","ObjectType":"Termsrv Session","ObjectName":"Termsrv Session","HandleId":"0x0","TransactionId":"{00000000-0000-0000-0000-000000000000}","AccessList":"%%1557\r\n\t\t\t\t","AccessReason":"-","AccessMask":"0x20","PrivilegeList":"-","RestrictedSidCount":"0","ProcessName":"C:\\Windows\\System32\\svchost.exe","ResourceAttributes":"-","EventReceivedTime":1683218875,"SourceModuleName":"in_default_channels","SourceModuleType":"im_msvistalog"}
<14>May  4 16:48:47 win-server.lunarstiiiness.com Microsoft-Windows-Security-Auditing[580]: {"EventTime":1683218925,"Hostname":"win-server.lunarstiiiness.com","Keywords":-9214364837600034816,"EventType":"AUDIT_SUCCESS","SeverityValue":2,"Severity":"INFO","EventID":4634,"SourceName":"Microsoft-Windows-Security-Auditing","ProviderGuid":"{54849625-5478-4994-A5BA-3E3B0328C30D}","Version":0,"Task":12545,"OpcodeValue":0,"RecordNumber":5504326,"ProcessID":580,"ThreadID":4936,"Channel":"Security","Message":"An account was logged off.\r\n\r\nSubject:\r\n\tSecurity ID:\t\tS-1-5-21-3263964631-4121654051-1417071188-1156\r\n\tAccount Name:\t\talice.young\r\n\tAccount Domain:\t\tLUNARSTIIINESS\r\n\tLogon ID:\t\t0x47EE2E8D\r\n\r\nLogon Type:\t\t\t3\r\n\r\nThis event is generated when a logon session is destroyed. It may be positively correlated with a logon event using the Logon ID value. Logon IDs are only unique between reboots on the same computer.","Category":"Logoff","Opcode":"Info","TargetUserSid":"S-1-5-21-3263964631-4121654051-1417071188-1156","TargetUserName":"alice.young","TargetDomainName":"LUNARSTIIINESS","TargetLogonId":"0x47ee2e8d","LogonType":"3","EventReceivedTime":1683218927,"SourceModuleName":"in_default_channels","SourceModuleType":"im_msvistalog"}
<14>May  4 16:49:09 win-server.lunarstiiiness.com Microsoft-Windows-Security-Auditing[580]: {"EventTime":1683218948,"Hostname":"win-server.lunarstiiiness.com","Keywords":-9214364837600034816,"EventType":"AUDIT_SUCCESS","SeverityValue":2,"Severity":"INFO","EventID":4634,"SourceName":"Microsoft-Windows-Security-Auditing","ProviderGuid":"{54849625-5478-4994-A5BA-3E3B0328C30D}","Version":0,"Task":12545,"OpcodeValue":0,"RecordNumber":5504514,"ProcessID":580,"ThreadID":608,"Channel":"Security","Message":"An account was logged off.\r\n\r\nSubject:\r\n\tSecurity ID:\t\tS-1-5-21-3263964631-4121654051-1417071188-1156\r\n\tAccount Name:\t\talice.young\r\n\tAccount Domain:\t\tLUNARSTIIINESS\r\n\tLogon ID:\t\t0x47EEAB70\r\n\r\nLogon Type:\t\t\t3\r\n\r\nThis event is generated when a logon session is destroyed. It may be positively correlated with a logon event using the Logon ID value. Logon IDs are only unique between reboots on the same computer.","Category":"Logoff","Opcode":"Info","TargetUserSid":"S-1-5-21-3263964631-4121654051-1417071188-1156","TargetUserName":"alice.young","TargetDomainName":"LUNARSTIIINESS","TargetLogonId":"0x47eeab70","LogonType":"3","EventReceivedTime":1683218949,"SourceModuleName":"in_default_channels","SourceModuleType":"im_msvistalog"}
<14>May  4 16:54:19 win-server.lunarstiiiness.com Microsoft-Windows-Security-Auditing[580]: {"EventTime":1683219258,"Hostname":"win-server.lunarstiiiness.com","Keywords":-9214364837600034816,"EventType":"AUDIT_SUCCESS","SeverityValue":2,"Severity":"INFO","EventID":4624,"SourceName":"Microsoft-Windows-Security-Auditing","ProviderGuid":"{54849625-5478-4994-A5BA-3E3B0328C30D}","Version":2,"Task":12544,"OpcodeValue":0,"RecordNumber":5505832,"ActivityID":"{0239E03F-3717-0000-32BE-3DF9BE6DD901}","ProcessID":580,"ThreadID":608,"Channel":"Security","Message":"An account was successfully logged on.\r\n\r\nSubject:\r\n\tSecurity ID:\t\tS-1-0-0\r\n\tAccount Name:\t\t-\r\n\tAccount Domain:\t\t-\r\n\tLogon ID:\t\t0x0\r\n\r\nLogon Information:\r\n\tLogon Type:\t\t3\r\n\tRestricted Admin Mode:\t-\r\n\tVirtual Account:\t\tNo\r\n\tElevated Token:\t\tNo\r\n\r\nImpersonation Level:\t\tImpersonation\r\n\r\nNew Logon:\r\n\tSecurity ID:\t\tS-1-5-21-3263964631-4121654051-1417071188-1156\r\n\tAccount Name:\t\talice.young\r\n\tAccount Domain:\t\tLUNARSTIIINESS\r\n\tLogon ID:\t\t0x4804D147\r\n\tLinked Logon ID:\t\t0x0\r\n\tNetwork Account Name:\t-\r\n\tNetwork Account Domain:\t-\r\n\tLogon GUID:\t\t{00000000-0000-0000-0000-000000000000}\r\n\r\nProcess Information:\r\n\tProcess ID:\t\t0x0\r\n\tProcess Name:\t\t-\r\n\r\nNetwork Information:\r\n\tWorkstation Name:\t-\r\n\tSource Network Address:\t108.44.242.211\r\n\tSource Port:\t\t0\r\n\r\nDetailed Authentication Information:\r\n\tLogon Process:\t\tNtLmSsp \r\n\tAuthentication Package:\tNTLM\r\n\tTransited Services:\t-\r\n\tPackage Name (NTLM only):\tNTLM V2\r\n\tKey Length:\t\t128\r\n\r\nThis event is generated when a logon session is created. It is generated on the computer that was accessed.\r\n\r\nThe subject fields indicate the account on the local system which requested the logon. This is most commonly a service such as the Server service, or a local process such as Winlogon.exe or Services.exe.\r\n\r\nThe logon type field indicates the kind of logon that occurred. The most common types are 2 (interactive) and 3 (network).\r\n\r\nThe New Logon fields indicate the account for whom the new logon was created, i.e. the account that was logged on.\r\n\r\nThe network fields indicate where a remote logon request originated. Workstation name is not always available and may be left blank in some cases.\r\n\r\nThe impersonation level field indicates the extent to which a process in the logon session can impersonate.\r\n\r\nThe authentication information fields provide detailed information about this specific logon request.\r\n\t- Logon GUID is a unique identifier that can be used to correlate this event with a KDC event.\r\n\t- Transited services indicate which intermediate services have participated in this logon request.\r\n\t- Package name indicates which sub-protocol was used among the NTLM protocols.\r\n\t- Key length indicates the length of the generated session key. This will be 0 if no session key was requested.","Category":"Logon","Opcode":"Info","SubjectUserSid":"S-1-0-0","SubjectUserName":"-","SubjectDomainName":"-","SubjectLogonId":"0x0","TargetUserSid":"S-1-5-21-3263964631-4121654051-1417071188-1156","TargetUserName":"alice.young","TargetDomainName":"LUNARSTIIINESS","TargetLogonId":"0x4804d147","LogonType":"3","LogonProcessName":"NtLmSsp ","AuthenticationPackageName":"NTLM","WorkstationName":"-","LogonGuid":"{00000000-0000-0000-0000-000000000000}","TransmittedServices":"-","LmPackageName":"NTLM V2","KeyLength":"128","ProcessName":"-","IpAddress":"108.44.242.211","IpPort":"0","ImpersonationLevel":"%%1833","RestrictedAdminMode":"-","TargetOutboundUserName":"-","TargetOutboundDomainName":"-","VirtualAccount":"%%1843","TargetLinkedLogonId":"0x0","ElevatedToken":"%%1843","EventReceivedTime":1683219259,"SourceModuleName":"in_default_channels","SourceModuleType":"im_msvistalog"}
<11>May  4 16:54:19 win-server.lunarstiiiness.com Microsoft-Windows-Security-Auditing[4]: {"EventTime":1683219258,"Hostname":"win-server.lunarstiiiness.com","Keywords":-9218868437227405312,"EventType":"AUDIT_FAILURE","SeverityValue":4,"Severity":"ERROR","EventID":4656,"SourceName":"Microsoft-Windows-Security-Auditing","ProviderGuid":"{54849625-5478-4994-A5BA-3E3B0328C30D}","Version":1,"Task":12804,"OpcodeValue":0,"RecordNumber":5505834,"ProcessID":4,"ThreadID":3368,"Channel":"Security","Message":"A handle to an object was requested.\r\n\r\nSubject:\r\n\tSecurity ID:\t\tS-1-5-21-3263964631-4121654051-1417071188-1156\r\n\tAccount Name:\t\talice.young\r\n\tAccount Domain:\t\tLUNARSTIIINESS\r\n\tLogon ID:\t\t0x4804D147\r\n\r\nObject:\r\n\tObject Server:\t\tTermsrv\r\n\tObject Type:\t\tTermsrv Session\r\n\tObject Name:\t\tTermsrv Session\r\n\tHandle ID:\t\t0x0\r\n\tResource Attributes:\t-\r\n\r\nProcess Information:\r\n\tProcess ID:\t\t0x364\r\n\tProcess Name:\t\tC:\\Windows\\System32\\svchost.exe\r\n\r\nAccess Request Information:\r\n\tTransaction ID:\t\t{00000000-0000-0000-0000-000000000000}\r\n\tAccesses:\t\tUnknown specific access (bit 5)\r\n\t\t\t\t\r\n\tAccess Reasons:\t\t-\r\n\tAccess Mask:\t\t0x20\r\n\tPrivileges Used for Access Check:\t-\r\n\tRestricted SID Count:\t0","Category":"Other Object Access Events","Opcode":"Info","SubjectUserSid":"S-1-5-21-3263964631-4121654051-1417071188-1156","SubjectUserName":"alice.young","SubjectDomainName":"LUNARSTIIINESS","SubjectLogonId":"0x4804d147","ObjectServer":"Termsrv","ObjectType":"Termsrv Session","ObjectName":"Termsrv Session","HandleId":"0x0","TransactionId":"{00000000-0000-0000-0000-000000000000}","AccessList":"%%1557\r\n\t\t\t\t","AccessReason":"-","AccessMask":"0x20","PrivilegeList":"-","RestrictedSidCount":"0","ProcessName":"C:\\Windows\\System32\\svchost.exe","ResourceAttributes":"-","EventReceivedTime":1683219259,"SourceModuleName":"in_default_channels","SourceModuleType":"im_msvistalog"}
<11>May  4 16:54:19 win-server.lunarstiiiness.com Microsoft-Windows-Security-Auditing[580]: {"EventTime":1683219258,"Hostname":"win-server.lunarstiiiness.com","Keywords":-9218868437227405312,"EventType":"AUDIT_FAILURE","SeverityValue":4,"Severity":"ERROR","EventID":4825,"SourceName":"Microsoft-Windows-Security-Auditing","ProviderGuid":"{54849625-5478-4994-A5BA-3E3B0328C30D}","Version":0,"Task":12551,"OpcodeValue":0,"RecordNumber":5505835,"ActivityID":"{0239E03F-3717-0000-32BE-3DF9BE6DD901}","ProcessID":580,"ThreadID":608,"Channel":"Security","Message":"A user was denied the access to Remote Desktop. By default, users are allowed to connect only if they are members of the Remote Desktop Users group or Administrators group.\r\n\r\nSubject:\r\n\tUser Name:\talice.young\r\n\tDomain:\t\tLUNARSTIIINESS\r\n\tLogon ID:\t0x4804D147\r\n\r\nAdditional Information:\r\n\tClient Address:\t108.44.242.211\r\n\r\n\r\nThis event is generated when an authenticated user who is not allowed to log on remotely attempts to connect to this computer through Remote Desktop.","Category":"Other Logon/Logoff Events","Opcode":"Info","AccountName":"alice.young","AccountDomain":"LUNARSTIIINESS","LogonID":"0x4804d147","ClientAddress":"108.44.242.211","EventReceivedTime":1683219259,"SourceModuleName":"in_default_channels","SourceModuleType":"im_msvistalog"}
<14>May  4 16:54:20 win-adfs.lunarstiiiness.com Microsoft-Windows-Security-Auditing[624]: {"EventTime":1683219258,"Hostname":"win-adfs.lunarstiiiness.com","Keywords":-9214364837600034816,"EventType":"AUDIT_SUCCESS","SeverityValue":2,"Severity":"INFO","EventID":4776,"SourceName":"Microsoft-Windows-Security-Auditing","ProviderGuid":"{54849625-5478-4994-A5BA-3E3B0328C30D}","Version":0,"Task":14336,"OpcodeValue":0,"RecordNumber":41664296,"ProcessID":624,"ThreadID":5648,"Channel":"Security","Message":"The computer attempted to validate the credentials for an account.\r\n\r\nAuthentication Package:\tMICROSOFT_AUTHENTICATION_PACKAGE_V1_0\r\nLogon Account:\talice.young\r\nSource Workstation:\t\r\nError Code:\t0x0","Category":"Credential Validation","Opcode":"Info","PackageName":"MICROSOFT_AUTHENTICATION_PACKAGE_V1_0","TargetUserName":"alice.young","Status":"0x0","EventReceivedTime":1683219260,"SourceModuleName":"windows_security_eventlog","SourceModuleType":"im_msvistalog"}
<11>May  4 16:54:19 win-server.lunarstiiiness.com Microsoft-Windows-Security-Auditing[580]: {"EventTime":1683219258,"Hostname":"win-server.lunarstiiiness.com","Keywords":-9218868437227405312,"EventType":"AUDIT_FAILURE","SeverityValue":4,"Severity":"ERROR","EventID":4776,"SourceName":"Microsoft-Windows-Security-Auditing","ProviderGuid":"{54849625-5478-4994-A5BA-3E3B0328C30D}","Version":0,"Task":14336,"OpcodeValue":0,"RecordNumber":5505827,"ActivityID":"{0239E03F-3717-0000-32BE-3DF9BE6DD901}","ProcessID":580,"ThreadID":608,"Channel":"Security","Message":"The computer attempted to validate the credentials for an account.\r\n\r\nAuthentication Package:\tMICROSOFT_AUTHENTICATION_PACKAGE_V1_0\r\nLogon Account:\talice.young\r\nSource Workstation:\t\r\nError Code:\t0xC0000064","Category":"Credential Validation","Opcode":"Info","PackageName":"MICROSOFT_AUTHENTICATION_PACKAGE_V1_0","TargetUserName":"alice.young","Status":"0xc0000064","EventReceivedTime":1683219259,"SourceModuleName":"in_default_channels","SourceModuleType":"im_msvistalog"}
