<14>May 10 04:26:15 win-server.lunarstiiiness.com Microsoft-Windows-Kernel-General[5380]: {"EventTime":1683220083,"Hostname":"win-server.lunarstiiiness.com","Keywords":-9223372036854775808,"EventType":"INFO","SeverityValue":2,"Severity":"INFO","EventID":16,"SourceName":"Microsoft-Windows-Kernel-General","ProviderGuid":"{A68CA8B7-004F-D7B6-A698-07E2DE0F1F5D}","Version":0,"Task":0,"OpcodeValue":0,"RecordNumber":29884,"ProcessID":5380,"ThreadID":5692,"Channel":"System","UserID":"S-1-5-21-3263964631-4121654051-1417071188-1156","AccountType":"Unknown","Message":"The access history in hive \\??\\C:\\Users\\alice.young\\AppData\\Local\\Packages\\Windows.MiracastView_cw5n1h2txyewy\\Settings\\settings.dat was cleared updating 3 keys and creating 1 modified pages.","Opcode":"Info","HiveNameLength":"104","HiveName":"\\??\\C:\\Users\\alice.young\\AppData\\Local\\Packages\\Windows.MiracastView_cw5n1h2txyewy\\Settings\\settings.dat","KeysUpdated":"3","DirtyPages":"1","EventReceivedTime":1683692775,"SourceModuleName":"in_default_channels","SourceModuleType":"im_msvistalog"}
<14>May 10 04:26:15 win-server.lunarstiiiness.com Microsoft-Windows-Kernel-General[5380]: {"EventTime":1683220083,"Hostname":"win-server.lunarstiiiness.com","Keywords":-9223372036854775808,"EventType":"INFO","SeverityValue":2,"Severity":"INFO","EventID":16,"SourceName":"Microsoft-Windows-Kernel-General","ProviderGuid":"{A68CA8B7-004F-D7B6-A698-07E2DE0F1F5D}","Version":0,"Task":0,"OpcodeValue":0,"RecordNumber":29883,"ProcessID":5380,"ThreadID":5692,"Channel":"System","UserID":"S-1-5-21-3263964631-4121654051-1417071188-1156","AccountType":"Unknown","Message":"The access history in hive \\??\\C:\\Users\\alice.young\\AppData\\Local\\Packages\\windows.immersivecontrolpanel_cw5n1h2txyewy\\Settings\\settings.dat was cleared updating 3 keys and creating 1 modified pages.","Opcode":"Info","HiveNameLength":"113","HiveName":"\\??\\C:\\Users\\alice.young\\AppData\\Local\\Packages\\windows.immersivecontrolpanel_cw5n1h2txyewy\\Settings\\settings.dat","KeysUpdated":"3","DirtyPages":"1","EventReceivedTime":1683692775,"SourceModuleName":"in_default_channels","SourceModuleType":"im_msvistalog"}
<14>May  4 17:08:04 win-server.lunarstiiiness.com Microsoft-Windows-Kernel-General[5380]: {"EventTime":1683220083,"Hostname":"win-server.lunarstiiiness.com","Keywords":-9223372036854775808,"EventType":"INFO","SeverityValue":2,"Severity":"INFO","EventID":16,"SourceName":"Microsoft-Windows-Kernel-General","ProviderGuid":"{A68CA8B7-004F-D7B6-A698-07E2DE0F1F5D}","Version":0,"Task":0,"OpcodeValue":0,"RecordNumber":29883,"ProcessID":5380,"ThreadID":5692,"Channel":"System","Domain":"LUNARSTIIINESS","AccountName":"alice.young","UserID":"S-1-5-21-3263964631-4121654051-1417071188-1156","AccountType":"User","Message":"The access history in hive \\??\\C:\\Users\\alice.young\\AppData\\Local\\Packages\\windows.immersivecontrolpanel_cw5n1h2txyewy\\Settings\\settings.dat was cleared updating 3 keys and creating 1 modified pages.","Opcode":"Info","HiveNameLength":"113","HiveName":"\\??\\C:\\Users\\alice.young\\AppData\\Local\\Packages\\windows.immersivecontrolpanel_cw5n1h2txyewy\\Settings\\settings.dat","KeysUpdated":"3","DirtyPages":"1","EventReceivedTime":1683220084,"SourceModuleName":"in_default_channels","SourceModuleType":"im_msvistalog"}
<14>May 10 04:26:15 win-server.lunarstiiiness.com Microsoft-Windows-Kernel-General[5380]: {"EventTime":1683220083,"Hostname":"win-server.lunarstiiiness.com","Keywords":-9223372036854775808,"EventType":"INFO","SeverityValue":2,"Severity":"INFO","EventID":16,"SourceName":"Microsoft-Windows-Kernel-General","ProviderGuid":"{A68CA8B7-004F-D7B6-A698-07E2DE0F1F5D}","Version":0,"Task":0,"OpcodeValue":0,"RecordNumber":29880,"ProcessID":5380,"ThreadID":5692,"Channel":"System","UserID":"S-1-5-21-3263964631-4121654051-1417071188-1156","AccountType":"Unknown","Message":"The access history in hive \\??\\C:\\Users\\alice.young\\AppData\\Local\\Packages\\Microsoft.Windows.CloudExperienceHost_cw5n1h2txyewy\\Settings\\settings.dat was cleared updating 3 keys and creating 1 modified pages.","Opcode":"Info","HiveNameLength":"121","HiveName":"\\??\\C:\\Users\\alice.young\\AppData\\Local\\Packages\\Microsoft.Windows.CloudExperienceHost_cw5n1h2txyewy\\Settings\\settings.dat","KeysUpdated":"3","DirtyPages":"1","EventReceivedTime":1683692775,"SourceModuleName":"in_default_channels","SourceModuleType":"im_msvistalog"}
<14>May  4 17:08:04 win-server.lunarstiiiness.com Microsoft-Windows-Kernel-General[5380]: {"EventTime":1683220083,"Hostname":"win-server.lunarstiiiness.com","Keywords":-9223372036854775808,"EventType":"INFO","SeverityValue":2,"Severity":"INFO","EventID":16,"SourceName":"Microsoft-Windows-Kernel-General","ProviderGuid":"{A68CA8B7-004F-D7B6-A698-07E2DE0F1F5D}","Version":0,"Task":0,"OpcodeValue":0,"RecordNumber":29880,"ProcessID":5380,"ThreadID":5692,"Channel":"System","Domain":"LUNARSTIIINESS","AccountName":"alice.young","UserID":"S-1-5-21-3263964631-4121654051-1417071188-1156","AccountType":"User","Message":"The access history in hive \\??\\C:\\Users\\alice.young\\AppData\\Local\\Packages\\Microsoft.Windows.CloudExperienceHost_cw5n1h2txyewy\\Settings\\settings.dat was cleared updating 3 keys and creating 1 modified pages.","Opcode":"Info","HiveNameLength":"121","HiveName":"\\??\\C:\\Users\\alice.young\\AppData\\Local\\Packages\\Microsoft.Windows.CloudExperienceHost_cw5n1h2txyewy\\Settings\\settings.dat","KeysUpdated":"3","DirtyPages":"1","EventReceivedTime":1683220084,"SourceModuleName":"in_default_channels","SourceModuleType":"im_msvistalog"}
<14>May  4 17:08:04 win-server.lunarstiiiness.com Microsoft-Windows-Kernel-General[5380]: {"EventTime":1683220083,"Hostname":"win-server.lunarstiiiness.com","Keywords":-9223372036854775808,"EventType":"INFO","SeverityValue":2,"Severity":"INFO","EventID":16,"SourceName":"Microsoft-Windows-Kernel-General","ProviderGuid":"{A68CA8B7-004F-D7B6-A698-07E2DE0F1F5D}","Version":0,"Task":0,"OpcodeValue":0,"RecordNumber":29881,"ProcessID":5380,"ThreadID":5692,"Channel":"System","Domain":"LUNARSTIIINESS","AccountName":"alice.young","UserID":"S-1-5-21-3263964631-4121654051-1417071188-1156","AccountType":"User","Message":"The access history in hive \\??\\C:\\Users\\alice.young\\AppData\\Local\\Packages\\Microsoft.Windows.SecondaryTileExperience_cw5n1h2txyewy\\Settings\\settings.dat was cleared updating 3 keys and creating 1 modified pages.","Opcode":"Info","HiveNameLength":"125","HiveName":"\\??\\C:\\Users\\alice.young\\AppData\\Local\\Packages\\Microsoft.Windows.SecondaryTileExperience_cw5n1h2txyewy\\Settings\\settings.dat","KeysUpdated":"3","DirtyPages":"1","EventReceivedTime":1683220084,"SourceModuleName":"in_default_channels","SourceModuleType":"im_msvistalog"}
<14>May 10 04:26:15 win-server.lunarstiiiness.com Microsoft-Windows-Kernel-General[5380]: {"EventTime":1683220083,"Hostname":"win-server.lunarstiiiness.com","Keywords":-9223372036854775808,"EventType":"INFO","SeverityValue":2,"Severity":"INFO","EventID":16,"SourceName":"Microsoft-Windows-Kernel-General","ProviderGuid":"{A68CA8B7-004F-D7B6-A698-07E2DE0F1F5D}","Version":0,"Task":0,"OpcodeValue":0,"RecordNumber":29881,"ProcessID":5380,"ThreadID":5692,"Channel":"System","UserID":"S-1-5-21-3263964631-4121654051-1417071188-1156","AccountType":"Unknown","Message":"The access history in hive \\??\\C:\\Users\\alice.young\\AppData\\Local\\Packages\\Microsoft.Windows.SecondaryTileExperience_cw5n1h2txyewy\\Settings\\settings.dat was cleared updating 3 keys and creating 1 modified pages.","Opcode":"Info","HiveNameLength":"125","HiveName":"\\??\\C:\\Users\\alice.young\\AppData\\Local\\Packages\\Microsoft.Windows.SecondaryTileExperience_cw5n1h2txyewy\\Settings\\settings.dat","KeysUpdated":"3","DirtyPages":"1","EventReceivedTime":1683692775,"SourceModuleName":"in_default_channels","SourceModuleType":"im_msvistalog"}
<14>May  4 17:08:04 win-server.lunarstiiiness.com Microsoft-Windows-Kernel-General[5380]: {"EventTime":1683220083,"Hostname":"win-server.lunarstiiiness.com","Keywords":-9223372036854775808,"EventType":"INFO","SeverityValue":2,"Severity":"INFO","EventID":16,"SourceName":"Microsoft-Windows-Kernel-General","ProviderGuid":"{A68CA8B7-004F-D7B6-A698-07E2DE0F1F5D}","Version":0,"Task":0,"OpcodeValue":0,"RecordNumber":29878,"ProcessID":5380,"ThreadID":5692,"Channel":"System","Domain":"LUNARSTIIINESS","AccountName":"alice.young","UserID":"S-1-5-21-3263964631-4121654051-1417071188-1156","AccountType":"User","Message":"The access history in hive \\??\\C:\\Users\\alice.young\\AppData\\Local\\Packages\\Microsoft.Windows.Apprep.ChxApp_cw5n1h2txyewy\\Settings\\settings.dat was cleared updating 3 keys and creating 1 modified pages.","Opcode":"Info","HiveNameLength":"115","HiveName":"\\??\\C:\\Users\\alice.young\\AppData\\Local\\Packages\\Microsoft.Windows.Apprep.ChxApp_cw5n1h2txyewy\\Settings\\settings.dat","KeysUpdated":"3","DirtyPages":"1","EventReceivedTime":1683220084,"SourceModuleName":"in_default_channels","SourceModuleType":"im_msvistalog"}
<14>May 10 04:26:15 win-server.lunarstiiiness.com Microsoft-Windows-Kernel-General[5380]: {"EventTime":1683220083,"Hostname":"win-server.lunarstiiiness.com","Keywords":-9223372036854775808,"EventType":"INFO","SeverityValue":2,"Severity":"INFO","EventID":16,"SourceName":"Microsoft-Windows-Kernel-General","ProviderGuid":"{A68CA8B7-004F-D7B6-A698-07E2DE0F1F5D}","Version":0,"Task":0,"OpcodeValue":0,"RecordNumber":29878,"ProcessID":5380,"ThreadID":5692,"Channel":"System","UserID":"S-1-5-21-3263964631-4121654051-1417071188-1156","AccountType":"User","Message":"The access history in hive \\??\\C:\\Users\\alice.young\\AppData\\Local\\Packages\\Microsoft.Windows.Apprep.ChxApp_cw5n1h2txyewy\\Settings\\settings.dat was cleared updating 3 keys and creating 1 modified pages.","Opcode":"Info","HiveNameLength":"115","HiveName":"\\??\\C:\\Users\\alice.young\\AppData\\Local\\Packages\\Microsoft.Windows.Apprep.ChxApp_cw5n1h2txyewy\\Settings\\settings.dat","KeysUpdated":"3","DirtyPages":"1","EventReceivedTime":1683692775,"SourceModuleName":"in_default_channels","SourceModuleType":"im_msvistalog"}
<14>May  4 17:08:05 win-server.lunarstiiiness.com Microsoft-Windows-Kernel-General[5380]: {"EventTime":1683220083,"Hostname":"win-server.lunarstiiiness.com","Keywords":-9223372036854775808,"EventType":"INFO","SeverityValue":2,"Severity":"INFO","EventID":16,"SourceName":"Microsoft-Windows-Kernel-General","ProviderGuid":"{A68CA8B7-004F-D7B6-A698-07E2DE0F1F5D}","Version":0,"Task":0,"OpcodeValue":0,"RecordNumber":29885,"ProcessID":5380,"ThreadID":5692,"Channel":"System","Domain":"LUNARSTIIINESS","AccountName":"alice.young","UserID":"S-1-5-21-3263964631-4121654051-1417071188-1156","AccountType":"User","Message":"The access history in hive \\??\\C:\\Users\\alice.young\\AppData\\Local\\Packages\\Windows.PrintDialog_cw5n1h2txyewy\\Settings\\settings.dat was cleared updating 3 keys and creating 1 modified pages.","Opcode":"Info","HiveNameLength":"103","HiveName":"\\??\\C:\\Users\\alice.young\\AppData\\Local\\Packages\\Windows.PrintDialog_cw5n1h2txyewy\\Settings\\settings.dat","KeysUpdated":"3","DirtyPages":"1","EventReceivedTime":1683220085,"SourceModuleName":"in_default_channels","SourceModuleType":"im_msvistalog"}
<14>May 10 04:26:15 win-server.lunarstiiiness.com Microsoft-Windows-Kernel-General[5380]: {"EventTime":1683220083,"Hostname":"win-server.lunarstiiiness.com","Keywords":-9223372036854775808,"EventType":"INFO","SeverityValue":2,"Severity":"INFO","EventID":16,"SourceName":"Microsoft-Windows-Kernel-General","ProviderGuid":"{A68CA8B7-004F-D7B6-A698-07E2DE0F1F5D}","Version":0,"Task":0,"OpcodeValue":0,"RecordNumber":29885,"ProcessID":5380,"ThreadID":5692,"Channel":"System","UserID":"S-1-5-21-3263964631-4121654051-1417071188-1156","AccountType":"Unknown","Message":"The access history in hive \\??\\C:\\Users\\alice.young\\AppData\\Local\\Packages\\Windows.PrintDialog_cw5n1h2txyewy\\Settings\\settings.dat was cleared updating 3 keys and creating 1 modified pages.","Opcode":"Info","HiveNameLength":"103","HiveName":"\\??\\C:\\Users\\alice.young\\AppData\\Local\\Packages\\Windows.PrintDialog_cw5n1h2txyewy\\Settings\\settings.dat","KeysUpdated":"3","DirtyPages":"1","EventReceivedTime":1683692775,"SourceModuleName":"in_default_channels","SourceModuleType":"im_msvistalog"}
<14>May  4 17:08:04 win-server.lunarstiiiness.com Microsoft-Windows-Kernel-General[5380]: {"EventTime":1683220083,"Hostname":"win-server.lunarstiiiness.com","Keywords":-9223372036854775808,"EventType":"INFO","SeverityValue":2,"Severity":"INFO","EventID":16,"SourceName":"Microsoft-Windows-Kernel-General","ProviderGuid":"{A68CA8B7-004F-D7B6-A698-07E2DE0F1F5D}","Version":0,"Task":0,"OpcodeValue":0,"RecordNumber":29879,"ProcessID":5380,"ThreadID":5692,"Channel":"System","Domain":"LUNARSTIIINESS","AccountName":"alice.young","UserID":"S-1-5-21-3263964631-4121654051-1417071188-1156","AccountType":"User","Message":"The access history in hive \\??\\C:\\Users\\alice.young\\AppData\\Local\\Packages\\Microsoft.Windows.AssignedAccessLockApp_cw5n1h2txyewy\\Settings\\settings.dat was cleared updating 3 keys and creating 1 modified pages.","Opcode":"Info","HiveNameLength":"123","HiveName":"\\??\\C:\\Users\\alice.young\\AppData\\Local\\Packages\\Microsoft.Windows.AssignedAccessLockApp_cw5n1h2txyewy\\Settings\\settings.dat","KeysUpdated":"3","DirtyPages":"1","EventReceivedTime":1683220084,"SourceModuleName":"in_default_channels","SourceModuleType":"im_msvistalog"}
<14>May 10 04:26:15 win-server.lunarstiiiness.com Microsoft-Windows-Kernel-General[5380]: {"EventTime":1683220083,"Hostname":"win-server.lunarstiiiness.com","Keywords":-9223372036854775808,"EventType":"INFO","SeverityValue":2,"Severity":"INFO","EventID":16,"SourceName":"Microsoft-Windows-Kernel-General","ProviderGuid":"{A68CA8B7-004F-D7B6-A698-07E2DE0F1F5D}","Version":0,"Task":0,"OpcodeValue":0,"RecordNumber":29879,"ProcessID":5380,"ThreadID":5692,"Channel":"System","UserID":"S-1-5-21-3263964631-4121654051-1417071188-1156","AccountType":"Unknown","Message":"The access history in hive \\??\\C:\\Users\\alice.young\\AppData\\Local\\Packages\\Microsoft.Windows.AssignedAccessLockApp_cw5n1h2txyewy\\Settings\\settings.dat was cleared updating 3 keys and creating 1 modified pages.","Opcode":"Info","HiveNameLength":"123","HiveName":"\\??\\C:\\Users\\alice.young\\AppData\\Local\\Packages\\Microsoft.Windows.AssignedAccessLockApp_cw5n1h2txyewy\\Settings\\settings.dat","KeysUpdated":"3","DirtyPages":"1","EventReceivedTime":1683692775,"SourceModuleName":"in_default_channels","SourceModuleType":"im_msvistalog"}
<14>May  4 17:08:06 win-server.lunarstiiiness.com Microsoft-Windows-Security-Auditing[4]: {"EventTime":1683220084,"Hostname":"win-server.lunarstiiiness.com","Keywords":-9214364837600034816,"EventType":"AUDIT_SUCCESS","SeverityValue":2,"Severity":"INFO","EventID":4688,"SourceName":"Microsoft-Windows-Security-Auditing","ProviderGuid":"{54849625-5478-4994-A5BA-3E3B0328C30D}","Version":2,"Task":13312,"OpcodeValue":0,"RecordNumber":5511437,"ProcessID":4,"ThreadID":8,"Channel":"Security","Message":"A new process has been created.\r\n\r\nCreator Subject:\r\n\tSecurity ID:\t\tS-1-5-18\r\n\tAccount Name:\t\tWIN-SERVER$\r\n\tAccount Domain:\t\tLUNARSTIIINESS\r\n\tLogon ID:\t\t0x3E7\r\n\r\nTarget Subject:\r\n\tSecurity ID:\t\tS-1-5-21-3263964631-4121654051-1417071188-1156\r\n\tAccount Name:\t\talice.young\r\n\tAccount Domain:\t\tLUNARSTIIINESS\r\n\tLogon ID:\t\t0x4832A54B\r\n\r\nProcess Information:\r\n\tNew Process ID:\t\t0x16e8\r\n\tNew Process Name:\tC:\\Windows\\System32\\mobsync.exe\r\n\tToken Elevation Type:\t%%1936\r\n\tMandatory Label:\t\tS-1-16-8192\r\n\tCreator Process ID:\t0x294\r\n\tCreator Process Name:\tC:\\Windows\\System32\\svchost.exe\r\n\tProcess Command Line:\tC:\\Windows\\System32\\mobsync.exe -Embedding\r\n\r\nToken Elevation Type indicates the type of token that was assigned to the new process in accordance with User Account Control policy.\r\n\r\nType 1 is a full token with no privileges removed or groups disabled.  A full token is only used if User Account Control is disabled or if the user is the built-in Administrator account or a service account.\r\n\r\nType 2 is an elevated token with no privileges removed or groups disabled.  An elevated token is used when User Account Control is enabled and the user chooses to start the program using Run as administrator.  An elevated token is also used when an application is configured to always require administrative privilege or to always require maximum privilege, and the user is a member of the Administrators group.\r\n\r\nType 3 is a limited token with administrative privileges removed and administrative groups disabled.  The limited token is used when User Account Control is enabled, the application does not require administrative privilege, and the user does not choose to start the program using Run as administrator.","Category":"Process Creation","Opcode":"Info","SubjectUserSid":"S-1-5-18","SubjectUserName":"WIN-SERVER$","SubjectDomainName":"LUNARSTIIINESS","SubjectLogonId":"0x3e7","NewProcessId":"0x16e8","NewProcessName":"C:\\Windows\\System32\\mobsync.exe","TokenElevationType":"%%1936","CommandLine":"C:\\Windows\\System32\\mobsync.exe -Embedding","TargetUserSid":"S-1-5-21-3263964631-4121654051-1417071188-1156","TargetUserName":"alice.young","TargetDomainName":"LUNARSTIIINESS","TargetLogonId":"0x4832a54b","ParentProcessName":"C:\\Windows\\System32\\svchost.exe","MandatoryLabel":"S-1-16-8192","EventReceivedTime":1683220086,"SourceModuleName":"in_default_channels","SourceModuleType":"im_msvistalog"}
<14>May  4 17:08:06 win-server.lunarstiiiness.com Microsoft-Windows-Security-Auditing[4]: {"EventTime":1683220085,"Hostname":"win-server.lunarstiiiness.com","Keywords":-9214364837600034816,"EventType":"AUDIT_SUCCESS","SeverityValue":2,"Severity":"INFO","EventID":4689,"SourceName":"Microsoft-Windows-Security-Auditing","ProviderGuid":"{54849625-5478-4994-A5BA-3E3B0328C30D}","Version":0,"Task":13313,"OpcodeValue":0,"RecordNumber":5511438,"ProcessID":4,"ThreadID":4616,"Channel":"Security","Message":"A process has exited.\r\n\r\nSubject:\r\n\tSecurity ID:\t\tS-1-5-21-3263964631-4121654051-1417071188-1156\r\n\tAccount Name:\t\talice.young\r\n\tAccount Domain:\t\tLUNARSTIIINESS\r\n\tLogon ID:\t\t0x4832A54B\r\n\r\nProcess Information:\r\n\tProcess ID:\t0x4f4\r\n\tProcess Name:\tC:\\Windows\\System32\\rundll32.exe\r\n\tExit Status:\t0x0","Category":"Process Termination","Opcode":"Info","SubjectUserSid":"S-1-5-21-3263964631-4121654051-1417071188-1156","SubjectUserName":"alice.young","SubjectDomainName":"LUNARSTIIINESS","SubjectLogonId":"0x4832a54b","Status":"0x0","ProcessName":"C:\\Windows\\System32\\rundll32.exe","EventReceivedTime":1683220086,"SourceModuleName":"in_default_channels","SourceModuleType":"im_msvistalog"}
<14>May  4 17:08:10 win-server.lunarstiiiness.com Microsoft-Windows-Security-Auditing[580]: {"EventTime":1683220088,"Hostname":"win-server.lunarstiiiness.com","Keywords":-9214364837600034816,"EventType":"AUDIT_SUCCESS","SeverityValue":2,"Severity":"INFO","EventID":4797,"SourceName":"Microsoft-Windows-Security-Auditing","ProviderGuid":"{54849625-5478-4994-A5BA-3E3B0328C30D}","Version":0,"Task":13824,"OpcodeValue":0,"RecordNumber":5511441,"ActivityID":"{0239E03F-3717-0000-32BE-3DF9BE6DD901}","ProcessID":580,"ThreadID":2368,"Channel":"Security","Message":"An attempt was made to query the existence of a blank password for an account.\r\n\r\nSubject:\r\n\tSecurity ID:\t\tS-1-5-21-3263964631-4121654051-1417071188-1156\r\n\tAccount Name:\t\talice.young\r\n\tAccount Domain:\t\tLUNARSTIIINESS\r\n\tLogon ID:\t\t0x4832A54B\r\n\r\nAdditional Information:\r\n\tCaller Workstation:\tWIN-SERVER\r\n\tTarget Account Name:\tAdministrator\r\n\tTarget Account Domain:\tWIN-SERVER","Category":"User Account Management","Opcode":"Info","SubjectUserSid":"S-1-5-21-3263964631-4121654051-1417071188-1156","SubjectUserName":"alice.young","SubjectDomainName":"LUNARSTIIINESS","SubjectLogonId":"0x4832a54b","Workstation":"WIN-SERVER","TargetUserName":"Administrator","TargetDomainName":"WIN-SERVER","EventReceivedTime":1683220090,"SourceModuleName":"in_default_channels","SourceModuleType":"im_msvistalog"}
<14>May  4 17:08:10 win-server.lunarstiiiness.com Microsoft-Windows-Security-Auditing[4]: {"EventTime":1683220088,"Hostname":"win-server.lunarstiiiness.com","Keywords":-9214364837600034816,"EventType":"AUDIT_SUCCESS","SeverityValue":2,"Severity":"INFO","EventID":4658,"SourceName":"Microsoft-Windows-Security-Auditing","ProviderGuid":"{54849625-5478-4994-A5BA-3E3B0328C30D}","Version":0,"Task":12804,"OpcodeValue":0,"RecordNumber":5511450,"ProcessID":4,"ThreadID":8,"Channel":"Security","Message":"The handle to an object was closed.\r\n\r\nSubject :\r\n\tSecurity ID:\t\tS-1-5-21-3263964631-4121654051-1417071188-1156\r\n\tAccount Name:\t\talice.young\r\n\tAccount Domain:\t\tLUNARSTIIINESS\r\n\tLogon ID:\t\t0x4832A54B\r\n\r\nObject:\r\n\tObject Server:\t\tSecurity Account Manager\r\n\tHandle ID:\t\t0x1e24a9c7e80\r\n\r\nProcess Information:\r\n\tProcess ID:\t\t0x244\r\n\tProcess Name:\t\tC:\\Windows\\System32\\lsass.exe","Category":"Other Object Access Events","Opcode":"Info","SubjectUserSid":"S-1-5-21-3263964631-4121654051-1417071188-1156","SubjectUserName":"alice.young","SubjectDomainName":"LUNARSTIIINESS","SubjectLogonId":"0x4832a54b","ObjectServer":"Security Account Manager","HandleId":"0x1e24a9c7e80","ProcessName":"C:\\Windows\\System32\\lsass.exe","EventReceivedTime":1683220090,"SourceModuleName":"in_default_channels","SourceModuleType":"im_msvistalog"}
<14>May  4 17:08:10 win-server.lunarstiiiness.com Microsoft-Windows-Security-Auditing[4]: {"EventTime":1683220088,"Hostname":"win-server.lunarstiiiness.com","Keywords":-9214364837600034816,"EventType":"AUDIT_SUCCESS","SeverityValue":2,"Severity":"INFO","EventID":4658,"SourceName":"Microsoft-Windows-Security-Auditing","ProviderGuid":"{54849625-5478-4994-A5BA-3E3B0328C30D}","Version":0,"Task":12804,"OpcodeValue":0,"RecordNumber":5511451,"ProcessID":4,"ThreadID":8,"Channel":"Security","Message":"The handle to an object was closed.\r\n\r\nSubject :\r\n\tSecurity ID:\t\tS-1-5-21-3263964631-4121654051-1417071188-1156\r\n\tAccount Name:\t\talice.young\r\n\tAccount Domain:\t\tLUNARSTIIINESS\r\n\tLogon ID:\t\t0x4832A54B\r\n\r\nObject:\r\n\tObject Server:\t\tSecurity Account Manager\r\n\tHandle ID:\t\t0x1e24a9c79b0\r\n\r\nProcess Information:\r\n\tProcess ID:\t\t0x244\r\n\tProcess Name:\t\tC:\\Windows\\System32\\lsass.exe","Category":"Other Object Access Events","Opcode":"Info","SubjectUserSid":"S-1-5-21-3263964631-4121654051-1417071188-1156","SubjectUserName":"alice.young","SubjectDomainName":"LUNARSTIIINESS","SubjectLogonId":"0x4832a54b","ObjectServer":"Security Account Manager","HandleId":"0x1e24a9c79b0","ProcessName":"C:\\Windows\\System32\\lsass.exe","EventReceivedTime":1683220090,"SourceModuleName":"in_default_channels","SourceModuleType":"im_msvistalog"}
<14>May  4 17:08:10 win-server.lunarstiiiness.com Microsoft-Windows-Security-Auditing[4]: {"EventTime":1683220088,"Hostname":"win-server.lunarstiiiness.com","Keywords":-9214364837600034816,"EventType":"AUDIT_SUCCESS","SeverityValue":2,"Severity":"INFO","EventID":4656,"SourceName":"Microsoft-Windows-Security-Auditing","ProviderGuid":"{54849625-5478-4994-A5BA-3E3B0328C30D}","Version":1,"Task":12803,"OpcodeValue":0,"RecordNumber":5511448,"ProcessID":4,"ThreadID":8,"Channel":"Security","Message":"A handle to an object was requested.\r\n\r\nSubject:\r\n\tSecurity ID:\t\tS-1-5-21-3263964631-4121654051-1417071188-1156\r\n\tAccount Name:\t\talice.young\r\n\tAccount Domain:\t\tLUNARSTIIINESS\r\n\tLogon ID:\t\t0x4832A54B\r\n\r\nObject:\r\n\tObject Server:\t\tSecurity Account Manager\r\n\tObject Type:\t\tSAM_SERVER\r\n\tObject Name:\t\tSAM\r\n\tHandle ID:\t\t0x1e24a9c79b0\r\n\tResource Attributes:\t-\r\n\r\nProcess Information:\r\n\tProcess ID:\t\t0x244\r\n\tProcess Name:\t\tC:\\Windows\\System32\\lsass.exe\r\n\r\nAccess Request Information:\r\n\tTransaction ID:\t\t{00000000-0000-0000-0000-000000000000}\r\n\tAccesses:\t\tREAD_CONTROL\r\n\t\t\t\tConnectToServer\r\n\t\t\t\tEnumerateDomains\r\n\t\t\t\tLookupDomain\r\n\t\t\t\t\r\n\tAccess Reasons:\t\t-\r\n\tAccess Mask:\t\t0x20031\r\n\tPrivileges Used for Access Check:\t-\r\n\tRestricted SID Count:\t0","Category":"SAM","Opcode":"Info","SubjectUserSid":"S-1-5-21-3263964631-4121654051-1417071188-1156","SubjectUserName":"alice.young","SubjectDomainName":"LUNARSTIIINESS","SubjectLogonId":"0x4832a54b","ObjectServer":"Security Account Manager","ObjectType":"SAM_SERVER","ObjectName":"SAM","HandleId":"0x1e24a9c79b0","TransactionId":"{00000000-0000-0000-0000-000000000000}","AccessList":"%%1538\r\n\t\t\t\t%%5376\r\n\t\t\t\t%%5380\r\n\t\t\t\t%%5381\r\n\t\t\t\t","AccessReason":"-","AccessMask":"0x20031","PrivilegeList":"-","RestrictedSidCount":"0","ProcessName":"C:\\Windows\\System32\\lsass.exe","ResourceAttributes":"-","EventReceivedTime":1683220090,"SourceModuleName":"in_default_channels","SourceModuleType":"im_msvistalog"}
<14>May  4 17:08:10 win-server.lunarstiiiness.com Microsoft-Windows-Security-Auditing[4]: {"EventTime":1683220088,"Hostname":"win-server.lunarstiiiness.com","Keywords":-9214364837600034816,"EventType":"AUDIT_SUCCESS","SeverityValue":2,"Severity":"INFO","EventID":4656,"SourceName":"Microsoft-Windows-Security-Auditing","ProviderGuid":"{54849625-5478-4994-A5BA-3E3B0328C30D}","Version":1,"Task":12803,"OpcodeValue":0,"RecordNumber":5511449,"ProcessID":4,"ThreadID":8,"Channel":"Security","Message":"A handle to an object was requested.\r\n\r\nSubject:\r\n\tSecurity ID:\t\tS-1-5-21-3263964631-4121654051-1417071188-1156\r\n\tAccount Name:\t\talice.young\r\n\tAccount Domain:\t\tLUNARSTIIINESS\r\n\tLogon ID:\t\t0x4832A54B\r\n\r\nObject:\r\n\tObject Server:\t\tSecurity Account Manager\r\n\tObject Type:\t\tSAM_DOMAIN\r\n\tObject Name:\t\tWIN-SERVER\r\n\tHandle ID:\t\t0x1e24a9c7e80\r\n\tResource Attributes:\t-\r\n\r\nProcess Information:\r\n\tProcess ID:\t\t0x244\r\n\tProcess Name:\t\tC:\\Windows\\System32\\lsass.exe\r\n\r\nAccess Request Information:\r\n\tTransaction ID:\t\t{00000000-0000-0000-0000-000000000000}\r\n\tAccesses:\t\tREAD_CONTROL\r\n\t\t\t\tReadPasswordParameters\r\n\t\t\t\tReadOtherParameters\r\n\t\t\t\tGetLocalGroupMembership\r\n\t\t\t\tListAccounts\r\n\t\t\t\tLookupIDs\r\n\t\t\t\t\r\n\tAccess Reasons:\t\t-\r\n\tAccess Mask:\t\t0x20385\r\n\tPrivileges Used for Access Check:\t-\r\n\tRestricted SID Count:\t0","Category":"SAM","Opcode":"Info","SubjectUserSid":"S-1-5-21-3263964631-4121654051-1417071188-1156","SubjectUserName":"alice.young","SubjectDomainName":"LUNARSTIIINESS","SubjectLogonId":"0x4832a54b","ObjectServer":"Security Account Manager","ObjectType":"SAM_DOMAIN","ObjectName":"WIN-SERVER","HandleId":"0x1e24a9c7e80","TransactionId":"{00000000-0000-0000-0000-000000000000}","AccessList":"%%1538\r\n\t\t\t\t%%5392\r\n\t\t\t\t%%5394\r\n\t\t\t\t%%5399\r\n\t\t\t\t%%5400\r\n\t\t\t\t%%5401\r\n\t\t\t\t","AccessReason":"-","AccessMask":"0x20385","PrivilegeList":"-","RestrictedSidCount":"0","ProcessName":"C:\\Windows\\System32\\lsass.exe","ResourceAttributes":"-","EventReceivedTime":1683220090,"SourceModuleName":"in_default_channels","SourceModuleType":"im_msvistalog"}
<14>May  4 17:08:12 win-server.lunarstiiiness.com Microsoft-Windows-Security-Auditing[4]: {"EventTime":1683220090,"Hostname":"win-server.lunarstiiiness.com","Keywords":-9214364837600034816,"EventType":"AUDIT_SUCCESS","SeverityValue":2,"Severity":"INFO","EventID":4689,"SourceName":"Microsoft-Windows-Security-Auditing","ProviderGuid":"{54849625-5478-4994-A5BA-3E3B0328C30D}","Version":0,"Task":13313,"OpcodeValue":0,"RecordNumber":5511497,"ProcessID":4,"ThreadID":8,"Channel":"Security","Message":"A process has exited.\r\n\r\nSubject:\r\n\tSecurity ID:\t\tS-1-5-21-3263964631-4121654051-1417071188-1156\r\n\tAccount Name:\t\talice.young\r\n\tAccount Domain:\t\tLUNARSTIIINESS\r\n\tLogon ID:\t\t0x4832A54B\r\n\r\nProcess Information:\r\n\tProcess ID:\t0x634\r\n\tProcess Name:\tC:\\Windows\\System32\\dllhost.exe\r\n\tExit Status:\t0x0","Category":"Process Termination","Opcode":"Info","SubjectUserSid":"S-1-5-21-3263964631-4121654051-1417071188-1156","SubjectUserName":"alice.young","SubjectDomainName":"LUNARSTIIINESS","SubjectLogonId":"0x4832a54b","Status":"0x0","ProcessName":"C:\\Windows\\System32\\dllhost.exe","EventReceivedTime":1683220092,"SourceModuleName":"in_default_channels","SourceModuleType":"im_msvistalog"}
<14>May  4 17:08:16 win-server.lunarstiiiness.com Microsoft-Windows-Security-Auditing[4]: {"EventTime":1683220094,"Hostname":"win-server.lunarstiiiness.com","Keywords":-9214364837600034816,"EventType":"AUDIT_SUCCESS","SeverityValue":2,"Severity":"INFO","EventID":4689,"SourceName":"Microsoft-Windows-Security-Auditing","ProviderGuid":"{54849625-5478-4994-A5BA-3E3B0328C30D}","Version":0,"Task":13313,"OpcodeValue":0,"RecordNumber":5511499,"ProcessID":4,"ThreadID":2092,"Channel":"Security","Message":"A process has exited.\r\n\r\nSubject:\r\n\tSecurity ID:\t\tS-1-5-21-3263964631-4121654051-1417071188-1156\r\n\tAccount Name:\t\talice.young\r\n\tAccount Domain:\t\tLUNARSTIIINESS\r\n\tLogon ID:\t\t0x4832A54B\r\n\r\nProcess Information:\r\n\tProcess ID:\t0x16e8\r\n\tProcess Name:\tC:\\Windows\\System32\\mobsync.exe\r\n\tExit Status:\t0x0","Category":"Process Termination","Opcode":"Info","SubjectUserSid":"S-1-5-21-3263964631-4121654051-1417071188-1156","SubjectUserName":"alice.young","SubjectDomainName":"LUNARSTIIINESS","SubjectLogonId":"0x4832a54b","Status":"0x0","ProcessName":"C:\\Windows\\System32\\mobsync.exe","EventReceivedTime":1683220096,"SourceModuleName":"in_default_channels","SourceModuleType":"im_msvistalog"}
<14>May  4 17:08:17 win-server.lunarstiiiness.com Microsoft-Windows-Security-Auditing[4]: {"EventTime":1683220096,"Hostname":"win-server.lunarstiiiness.com","Keywords":-9214364837600034816,"EventType":"AUDIT_SUCCESS","SeverityValue":2,"Severity":"INFO","EventID":4688,"SourceName":"Microsoft-Windows-Security-Auditing","ProviderGuid":"{54849625-5478-4994-A5BA-3E3B0328C30D}","Version":2,"Task":13312,"OpcodeValue":0,"RecordNumber":5511500,"ProcessID":4,"ThreadID":4616,"Channel":"Security","Message":"A new process has been created.\r\n\r\nCreator Subject:\r\n\tSecurity ID:\t\tS-1-5-18\r\n\tAccount Name:\t\tWIN-SERVER$\r\n\tAccount Domain:\t\tLUNARSTIIINESS\r\n\tLogon ID:\t\t0x3E7\r\n\r\nTarget Subject:\r\n\tSecurity ID:\t\tS-1-5-21-3263964631-4121654051-1417071188-1156\r\n\tAccount Name:\t\talice.young\r\n\tAccount Domain:\t\tLUNARSTIIINESS\r\n\tLogon ID:\t\t0x4832A54B\r\n\r\nProcess Information:\r\n\tNew Process ID:\t\t0x1310\r\n\tNew Process Name:\tC:\\Windows\\System32\\dllhost.exe\r\n\tToken Elevation Type:\t%%1936\r\n\tMandatory Label:\t\tS-1-16-8192\r\n\tCreator Process ID:\t0x294\r\n\tCreator Process Name:\tC:\\Windows\\System32\\svchost.exe\r\n\tProcess Command Line:\tC:\\Windows\\system32\\DllHost.exe /Processid:{DC4537C3-CA73-4AC7-9E1D-B2CE27C3A7A6}\r\n\r\nToken Elevation Type indicates the type of token that was assigned to the new process in accordance with User Account Control policy.\r\n\r\nType 1 is a full token with no privileges removed or groups disabled.  A full token is only used if User Account Control is disabled or if the user is the built-in Administrator account or a service account.\r\n\r\nType 2 is an elevated token with no privileges removed or groups disabled.  An elevated token is used when User Account Control is enabled and the user chooses to start the program using Run as administrator.  An elevated token is also used when an application is configured to always require administrative privilege or to always require maximum privilege, and the user is a member of the Administrators group.\r\n\r\nType 3 is a limited token with administrative privileges removed and administrative groups disabled.  The limited token is used when User Account Control is enabled, the application does not require administrative privilege, and the user does not choose to start the program using Run as administrator.","Category":"Process Creation","Opcode":"Info","SubjectUserSid":"S-1-5-18","SubjectUserName":"WIN-SERVER$","SubjectDomainName":"LUNARSTIIINESS","SubjectLogonId":"0x3e7","NewProcessId":"0x1310","NewProcessName":"C:\\Windows\\System32\\dllhost.exe","TokenElevationType":"%%1936","CommandLine":"C:\\Windows\\system32\\DllHost.exe /Processid:{DC4537C3-CA73-4AC7-9E1D-B2CE27C3A7A6}","TargetUserSid":"S-1-5-21-3263964631-4121654051-1417071188-1156","TargetUserName":"alice.young","TargetDomainName":"LUNARSTIIINESS","TargetLogonId":"0x4832a54b","ParentProcessName":"C:\\Windows\\System32\\svchost.exe","MandatoryLabel":"S-1-16-8192","EventReceivedTime":1683220097,"SourceModuleName":"in_default_channels","SourceModuleType":"im_msvistalog"}
<14>May  4 17:08:17 win-server.lunarstiiiness.com Microsoft-Windows-Security-Auditing[4]: {"EventTime":1683220096,"Hostname":"win-server.lunarstiiiness.com","Keywords":-9214364837600034816,"EventType":"AUDIT_SUCCESS","SeverityValue":2,"Severity":"INFO","EventID":4688,"SourceName":"Microsoft-Windows-Security-Auditing","ProviderGuid":"{54849625-5478-4994-A5BA-3E3B0328C30D}","Version":2,"Task":13312,"OpcodeValue":0,"RecordNumber":5511501,"ProcessID":4,"ThreadID":8,"Channel":"Security","Message":"A new process has been created.\r\n\r\nCreator Subject:\r\n\tSecurity ID:\t\tS-1-5-18\r\n\tAccount Name:\t\tWIN-SERVER$\r\n\tAccount Domain:\t\tLUNARSTIIINESS\r\n\tLogon ID:\t\t0x3E7\r\n\r\nTarget Subject:\r\n\tSecurity ID:\t\tS-1-5-21-3263964631-4121654051-1417071188-1156\r\n\tAccount Name:\t\talice.young\r\n\tAccount Domain:\t\tLUNARSTIIINESS\r\n\tLogon ID:\t\t0x4832A54B\r\n\r\nProcess Information:\r\n\tNew Process ID:\t\t0x16e0\r\n\tNew Process Name:\tC:\\Windows\\System32\\dllhost.exe\r\n\tToken Elevation Type:\t%%1936\r\n\tMandatory Label:\t\tS-1-16-8192\r\n\tCreator Process ID:\t0x294\r\n\tCreator Process Name:\tC:\\Windows\\System32\\svchost.exe\r\n\tProcess Command Line:\tC:\\Windows\\system32\\DllHost.exe /Processid:{49F6E667-6658-4BD1-9DE9-6AF87F9FAF85}\r\n\r\nToken Elevation Type indicates the type of token that was assigned to the new process in accordance with User Account Control policy.\r\n\r\nType 1 is a full token with no privileges removed or groups disabled.  A full token is only used if User Account Control is disabled or if the user is the built-in Administrator account or a service account.\r\n\r\nType 2 is an elevated token with no privileges removed or groups disabled.  An elevated token is used when User Account Control is enabled and the user chooses to start the program using Run as administrator.  An elevated token is also used when an application is configured to always require administrative privilege or to always require maximum privilege, and the user is a member of the Administrators group.\r\n\r\nType 3 is a limited token with administrative privileges removed and administrative groups disabled.  The limited token is used when User Account Control is enabled, the application does not require administrative privilege, and the user does not choose to start the program using Run as administrator.","Category":"Process Creation","Opcode":"Info","SubjectUserSid":"S-1-5-18","SubjectUserName":"WIN-SERVER$","SubjectDomainName":"LUNARSTIIINESS","SubjectLogonId":"0x3e7","NewProcessId":"0x16e0","NewProcessName":"C:\\Windows\\System32\\dllhost.exe","TokenElevationType":"%%1936","CommandLine":"C:\\Windows\\system32\\DllHost.exe /Processid:{49F6E667-6658-4BD1-9DE9-6AF87F9FAF85}","TargetUserSid":"S-1-5-21-3263964631-4121654051-1417071188-1156","TargetUserName":"alice.young","TargetDomainName":"LUNARSTIIINESS","TargetLogonId":"0x4832a54b","ParentProcessName":"C:\\Windows\\System32\\svchost.exe","MandatoryLabel":"S-1-16-8192","EventReceivedTime":1683220097,"SourceModuleName":"in_default_channels","SourceModuleType":"im_msvistalog"}
<14>May  4 17:08:22 win-server.lunarstiiiness.com Microsoft-Windows-Security-Auditing[4]: {"EventTime":1683220101,"Hostname":"win-server.lunarstiiiness.com","Keywords":-9214364837600034816,"EventType":"AUDIT_SUCCESS","SeverityValue":2,"Severity":"INFO","EventID":4689,"SourceName":"Microsoft-Windows-Security-Auditing","ProviderGuid":"{54849625-5478-4994-A5BA-3E3B0328C30D}","Version":0,"Task":13313,"OpcodeValue":0,"RecordNumber":5511535,"ProcessID":4,"ThreadID":2092,"Channel":"Security","Message":"A process has exited.\r\n\r\nSubject:\r\n\tSecurity ID:\t\tS-1-5-21-3263964631-4121654051-1417071188-1156\r\n\tAccount Name:\t\talice.young\r\n\tAccount Domain:\t\tLUNARSTIIINESS\r\n\tLogon ID:\t\t0x4832A54B\r\n\r\nProcess Information:\r\n\tProcess ID:\t0x1310\r\n\tProcess Name:\tC:\\Windows\\System32\\dllhost.exe\r\n\tExit Status:\t0x0","Category":"Process Termination","Opcode":"Info","SubjectUserSid":"S-1-5-21-3263964631-4121654051-1417071188-1156","SubjectUserName":"alice.young","SubjectDomainName":"LUNARSTIIINESS","SubjectLogonId":"0x4832a54b","Status":"0x0","ProcessName":"C:\\Windows\\System32\\dllhost.exe","EventReceivedTime":1683220102,"SourceModuleName":"in_default_channels","SourceModuleType":"im_msvistalog"}
<14>May  4 17:08:22 win-server.lunarstiiiness.com Microsoft-Windows-Security-Auditing[4]: {"EventTime":1683220102,"Hostname":"win-server.lunarstiiiness.com","Keywords":-9214364837600034816,"EventType":"AUDIT_SUCCESS","SeverityValue":2,"Severity":"INFO","EventID":4656,"SourceName":"Microsoft-Windows-Security-Auditing","ProviderGuid":"{54849625-5478-4994-A5BA-3E3B0328C30D}","Version":1,"Task":12800,"OpcodeValue":0,"RecordNumber":5511547,"ProcessID":4,"ThreadID":5104,"Channel":"Security","Message":"A handle to an object was requested.\r\n\r\nSubject:\r\n\tSecurity ID:\t\tS-1-5-21-3263964631-4121654051-1417071188-1156\r\n\tAccount Name:\t\talice.young\r\n\tAccount Domain:\t\tLUNARSTIIINESS\r\n\tLogon ID:\t\t0x4832A54B\r\n\r\nObject:\r\n\tObject Server:\t\tSecurity\r\n\tObject Type:\t\tFile\r\n\tObject Name:\t\tC:\\Windows\\WinSxS\\FileMaps\\$$_system32_windowspowershell_v1.0_3f102d555ee05d33.cdf-ms\r\n\tHandle ID:\t\t0x1004\r\n\tResource Attributes:\t-\r\n\r\nProcess Information:\r\n\tProcess ID:\t\t0x340\r\n\tProcess Name:\t\tC:\\Windows\\System32\\RuntimeBroker.exe\r\n\r\nAccess Request Information:\r\n\tTransaction ID:\t\t{00000000-0000-0000-0000-000000000000}\r\n\tAccesses:\t\tREAD_CONTROL\r\n\t\t\t\tSYNCHRONIZE\r\n\t\t\t\tReadData (or ListDirectory)\r\n\t\t\t\tReadEA\r\n\t\t\t\tReadAttributes\r\n\t\t\t\t\r\n\tAccess Reasons:\t\tREAD_CONTROL:\tGranted by\tD:(A;;0x1200a9;;;BU)\r\n\t\t\t\tSYNCHRONIZE:\tGranted by\tD:(A;;0x1200a9;;;BU)\r\n\t\t\t\tReadData (or ListDirectory):\tGranted by\tD:(A;;0x1200a9;;;BU)\r\n\t\t\t\tReadEA:\tGranted by\tD:(A;;0x1200a9;;;BU)\r\n\t\t\t\tReadAttributes:\tGranted by\tD:(A;;0x1200a9;;;BU)\r\n\t\t\t\t\r\n\tAccess Mask:\t\t0x120089\r\n\tPrivileges Used for Access Check:\t-\r\n\tRestricted SID Count:\t0","Category":"File System","Opcode":"Info","SubjectUserSid":"S-1-5-21-3263964631-4121654051-1417071188-1156","SubjectUserName":"alice.young","SubjectDomainName":"LUNARSTIIINESS","SubjectLogonId":"0x4832a54b","ObjectServer":"Security","ObjectType":"File","ObjectName":"C:\\Windows\\WinSxS\\FileMaps\\$$_system32_windowspowershell_v1.0_3f102d555ee05d33.cdf-ms","HandleId":"0x1004","TransactionId":"{00000000-0000-0000-0000-000000000000}","AccessList":"%%1538\r\n\t\t\t\t%%1541\r\n\t\t\t\t%%4416\r\n\t\t\t\t%%4419\r\n\t\t\t\t%%4423\r\n\t\t\t\t","AccessReason":"%%1538:\t%%1801\tD:(A;;0x1200a9;;;BU)\r\n\t\t\t\t%%1541:\t%%1801\tD:(A;;0x1200a9;;;BU)\r\n\t\t\t\t%%4416:\t%%1801\tD:(A;;0x1200a9;;;BU)\r\n\t\t\t\t%%4419:\t%%1801\tD:(A;;0x1200a9;;;BU)\r\n\t\t\t\t%%4423:\t%%1801\tD:(A;;0x1200a9;;;BU)\r\n\t\t\t\t","AccessMask":"0x120089","PrivilegeList":"-","RestrictedSidCount":"0","ProcessName":"C:\\Windows\\System32\\RuntimeBroker.exe","ResourceAttributes":"-","EventReceivedTime":1683220102,"SourceModuleName":"in_default_channels","SourceModuleType":"im_msvistalog"}
<14>May  4 17:08:22 win-server.lunarstiiiness.com Microsoft-Windows-Security-Auditing[4]: {"EventTime":1683220102,"Hostname":"win-server.lunarstiiiness.com","Keywords":-9214364837600034816,"EventType":"AUDIT_SUCCESS","SeverityValue":2,"Severity":"INFO","EventID":4690,"SourceName":"Microsoft-Windows-Security-Auditing","ProviderGuid":"{54849625-5478-4994-A5BA-3E3B0328C30D}","Version":0,"Task":12807,"OpcodeValue":0,"RecordNumber":5511545,"ProcessID":4,"ThreadID":5104,"Channel":"Security","Message":"An attempt was made to duplicate a handle to an object.\r\n\r\nSubject:\r\n\tSecurity ID:\t\tS-1-5-21-3263964631-4121654051-1417071188-1156\r\n\tAccount Name:\t\talice.young\r\n\tAccount Domain:\t\tLUNARSTIIINESS\r\n\tLogon ID:\t\t0x4832A54B\r\n\r\nSource Handle Information:\r\n\tSource Handle ID:\t0x1004\r\n\tSource Process ID:\t0x340\r\n\r\nNew Handle Information:\r\n\tTarget Handle ID:\t0xd08\r\n\tTarget Process ID:\t0x4","Category":"Handle Manipulation","Opcode":"Info","SubjectUserSid":"S-1-5-21-3263964631-4121654051-1417071188-1156","SubjectUserName":"alice.young","SubjectDomainName":"LUNARSTIIINESS","SubjectLogonId":"0x4832a54b","SourceHandleId":"0x1004","SourceProcessId":"0x340","TargetHandleId":"0xd08","TargetProcessId":"0x4","EventReceivedTime":1683220102,"SourceModuleName":"in_default_channels","SourceModuleType":"im_msvistalog"}
<14>May  4 17:08:22 win-server.lunarstiiiness.com Microsoft-Windows-Security-Auditing[4]: {"EventTime":1683220102,"Hostname":"win-server.lunarstiiiness.com","Keywords":-9214364837600034816,"EventType":"AUDIT_SUCCESS","SeverityValue":2,"Severity":"INFO","EventID":4658,"SourceName":"Microsoft-Windows-Security-Auditing","ProviderGuid":"{54849625-5478-4994-A5BA-3E3B0328C30D}","Version":0,"Task":12800,"OpcodeValue":0,"RecordNumber":5511548,"ProcessID":4,"ThreadID":5104,"Channel":"Security","Message":"The handle to an object was closed.\r\n\r\nSubject :\r\n\tSecurity ID:\t\tS-1-5-21-3263964631-4121654051-1417071188-1156\r\n\tAccount Name:\t\talice.young\r\n\tAccount Domain:\t\tLUNARSTIIINESS\r\n\tLogon ID:\t\t0x4832A54B\r\n\r\nObject:\r\n\tObject Server:\t\tSecurity\r\n\tHandle ID:\t\t0x1004\r\n\r\nProcess Information:\r\n\tProcess ID:\t\t0x340\r\n\tProcess Name:\t\tC:\\Windows\\System32\\RuntimeBroker.exe","Category":"File System","Opcode":"Info","SubjectUserSid":"S-1-5-21-3263964631-4121654051-1417071188-1156","SubjectUserName":"alice.young","SubjectDomainName":"LUNARSTIIINESS","SubjectLogonId":"0x4832a54b","ObjectServer":"Security","HandleId":"0x1004","ProcessName":"C:\\Windows\\System32\\RuntimeBroker.exe","EventReceivedTime":1683220102,"SourceModuleName":"in_default_channels","SourceModuleType":"im_msvistalog"}
<14>May  4 17:08:22 win-server.lunarstiiiness.com Microsoft-Windows-Security-Auditing[4]: {"EventTime":1683220102,"Hostname":"win-server.lunarstiiiness.com","Keywords":-9214364837600034816,"EventType":"AUDIT_SUCCESS","SeverityValue":2,"Severity":"INFO","EventID":4658,"SourceName":"Microsoft-Windows-Security-Auditing","ProviderGuid":"{54849625-5478-4994-A5BA-3E3B0328C30D}","Version":0,"Task":12800,"OpcodeValue":0,"RecordNumber":5511546,"ProcessID":4,"ThreadID":5104,"Channel":"Security","Message":"The handle to an object was closed.\r\n\r\nSubject :\r\n\tSecurity ID:\t\tS-1-5-21-3263964631-4121654051-1417071188-1156\r\n\tAccount Name:\t\talice.young\r\n\tAccount Domain:\t\tLUNARSTIIINESS\r\n\tLogon ID:\t\t0x4832A54B\r\n\r\nObject:\r\n\tObject Server:\t\tSecurity\r\n\tHandle ID:\t\t0xd08\r\n\r\nProcess Information:\r\n\tProcess ID:\t\t0x340\r\n\tProcess Name:\t\tC:\\Windows\\System32\\RuntimeBroker.exe","Category":"File System","Opcode":"Info","SubjectUserSid":"S-1-5-21-3263964631-4121654051-1417071188-1156","SubjectUserName":"alice.young","SubjectDomainName":"LUNARSTIIINESS","SubjectLogonId":"0x4832a54b","ObjectServer":"Security","HandleId":"0xd08","ProcessName":"C:\\Windows\\System32\\RuntimeBroker.exe","EventReceivedTime":1683220102,"SourceModuleName":"in_default_channels","SourceModuleType":"im_msvistalog"}
<14>May  4 17:08:59 win-adfs.lunarstiiiness.com Microsoft-Windows-Security-Auditing[624]: {"EventTime":1683220139,"Hostname":"win-adfs.lunarstiiiness.com","Keywords":-9214364837600034816,"EventType":"AUDIT_SUCCESS","SeverityValue":2,"Severity":"INFO","EventID":4769,"SourceName":"Microsoft-Windows-Security-Auditing","ProviderGuid":"{54849625-5478-4994-A5BA-3E3B0328C30D}","Version":0,"Task":14337,"OpcodeValue":0,"RecordNumber":41669899,"ProcessID":624,"ThreadID":2060,"Channel":"Security","Message":"A Kerberos service ticket was requested.\r\n\r\nAccount Information:\r\n\tAccount Name:\t\talice.young@LUNARSTIIINESS.COM\r\n\tAccount Domain:\t\tLUNARSTIIINESS.COM\r\n\tLogon GUID:\t\t{9a9e603a-1ffa-9d65-ced4-378925aadab4}\r\n\r\nService Information:\r\n\tService Name:\t\tWIN-SERVER$\r\n\tService ID:\t\tS-1-5-21-3263964631-4121654051-1417071188-1106\r\n\r\nNetwork Information:\r\n\tClient Address:\t\t::ffff:10.128.0.22\r\n\tClient Port:\t\t64646\r\n\r\nAdditional Information:\r\n\tTicket Options:\t\t0x40810000\r\n\tTicket Encryption Type:\t0x12\r\n\tFailure Code:\t\t0x0\r\n\tTransited Services:\t-\r\n\r\nThis event is generated every time access is requested to a resource such as a computer or a Windows service.  The service name indicates the resource to which access was requested.\r\n\r\nThis event can be correlated with Windows logon events by comparing the Logon GUID fields in each event.  The logon event occurs on the machine that was accessed, which is often a different machine than the domain controller which issued the service ticket.\r\n\r\nTicket options, encryption types, and failure codes are defined in RFC 4120.","Category":"Kerberos Service Ticket Operations","Opcode":"Info","TargetUserName":"alice.young@LUNARSTIIINESS.COM","TargetDomainName":"LUNARSTIIINESS.COM","ServiceName":"WIN-SERVER$","ServiceSid":"S-1-5-21-3263964631-4121654051-1417071188-1106","TicketOptions":"0x40810000","TicketEncryptionType":"0x12","IpAddress":"::ffff:10.128.0.22","IpPort":"64646","Status":"0x0","LogonGuid":"{9a9e603a-1ffa-9d65-ced4-378925aadab4}","TransmittedServices":"-","EventReceivedTime":1683220139,"SourceModuleName":"windows_security_eventlog","SourceModuleType":"im_msvistalog"}
<14>May  4 17:08:59 win-adfs.lunarstiiiness.com Microsoft-Windows-Security-Auditing[624]: {"EventTime":1683220139,"Hostname":"win-adfs.lunarstiiiness.com","Keywords":-9214364837600034816,"EventType":"AUDIT_SUCCESS","SeverityValue":2,"Severity":"INFO","EventID":4768,"SourceName":"Microsoft-Windows-Security-Auditing","ProviderGuid":"{54849625-5478-4994-A5BA-3E3B0328C30D}","Version":0,"Task":14339,"OpcodeValue":0,"RecordNumber":41669897,"ProcessID":624,"ThreadID":2060,"Channel":"Security","Message":"A Kerberos authentication ticket (TGT) was requested.\r\n\r\nAccount Information:\r\n\tAccount Name:\t\talice.young\r\n\tSupplied Realm Name:\tLUNARSTIIINESS\r\n\tUser ID:\t\t\tS-1-5-21-3263964631-4121654051-1417071188-1156\r\n\r\nService Information:\r\n\tService Name:\t\tkrbtgt\r\n\tService ID:\t\tS-1-5-21-3263964631-4121654051-1417071188-502\r\n\r\nNetwork Information:\r\n\tClient Address:\t\t::ffff:10.128.0.22\r\n\tClient Port:\t\t64645\r\n\r\nAdditional Information:\r\n\tTicket Options:\t\t0x40810010\r\n\tResult Code:\t\t0x0\r\n\tTicket Encryption Type:\t0x12\r\n\tPre-Authentication Type:\t2\r\n\r\nCertificate Information:\r\n\tCertificate Issuer Name:\t\t\r\n\tCertificate Serial Number:\t\r\n\tCertificate Thumbprint:\t\t\r\n\r\nCertificate information is only provided if a certificate was used for pre-authentication.\r\n\r\nPre-authentication types, ticket options, encryption types and result codes are defined in RFC 4120.","Category":"Kerberos Authentication Service","Opcode":"Info","TargetUserName":"alice.young","TargetDomainName":"LUNARSTIIINESS","TargetSid":"S-1-5-21-3263964631-4121654051-1417071188-1156","ServiceName":"krbtgt","ServiceSid":"S-1-5-21-3263964631-4121654051-1417071188-502","TicketOptions":"0x40810010","Status":"0x0","TicketEncryptionType":"0x12","PreAuthType":"2","IpAddress":"::ffff:10.128.0.22","IpPort":"64645","EventReceivedTime":1683220139,"SourceModuleName":"windows_security_eventlog","SourceModuleType":"im_msvistalog"}
