<14>May  4 17:09:47 win-server.lunarstiiiness.com Microsoft-Windows-Security-Auditing[4]: {"EventTime":1683220185,"Hostname":"win-server.lunarstiiiness.com","Keywords":-9214364837600034816,"EventType":"AUDIT_SUCCESS","SeverityValue":2,"Severity":"INFO","EventID":4689,"SourceName":"Microsoft-Windows-Security-Auditing","ProviderGuid":"{54849625-5478-4994-A5BA-3E3B0328C30D}","Version":0,"Task":13313,"OpcodeValue":0,"RecordNumber":5511994,"ProcessID":4,"ThreadID":4616,"Channel":"Security","Message":"A process has exited.\r\n\r\nSubject:\r\n\tSecurity ID:\t\tS-1-5-21-3263964631-4121654051-1417071188-1156\r\n\tAccount Name:\t\talice.young\r\n\tAccount Domain:\t\tLUNARSTIIINESS\r\n\tLogon ID:\t\t0x4832A54B\r\n\r\nProcess Information:\r\n\tProcess ID:\t0x1038\r\n\tProcess Name:\tC:\\Windows\\System32\\WindowsPowerShell\\v1.0\\powershell.exe\r\n\tExit Status:\t0xC000013A","Category":"Process Termination","Opcode":"Info","SubjectUserSid":"S-1-5-21-3263964631-4121654051-1417071188-1156","SubjectUserName":"alice.young","SubjectDomainName":"LUNARSTIIINESS","SubjectLogonId":"0x4832a54b","Status":"0xc000013a","ProcessName":"C:\\Windows\\System32\\WindowsPowerShell\\v1.0\\powershell.exe","EventReceivedTime":1683220187,"SourceModuleName":"in_default_channels","SourceModuleType":"im_msvistalog"}
<14>May  4 17:09:47 win-server.lunarstiiiness.com Microsoft-Windows-Security-Auditing[4]: {"EventTime":1683220185,"Hostname":"win-server.lunarstiiiness.com","Keywords":-9214364837600034816,"EventType":"AUDIT_SUCCESS","SeverityValue":2,"Severity":"INFO","EventID":4689,"SourceName":"Microsoft-Windows-Security-Auditing","ProviderGuid":"{54849625-5478-4994-A5BA-3E3B0328C30D}","Version":0,"Task":13313,"OpcodeValue":0,"RecordNumber":5511995,"ProcessID":4,"ThreadID":4616,"Channel":"Security","Message":"A process has exited.\r\n\r\nSubject:\r\n\tSecurity ID:\t\tS-1-5-21-3263964631-4121654051-1417071188-1156\r\n\tAccount Name:\t\talice.young\r\n\tAccount Domain:\t\tLUNARSTIIINESS\r\n\tLogon ID:\t\t0x4832A54B\r\n\r\nProcess Information:\r\n\tProcess ID:\t0x1418\r\n\tProcess Name:\tC:\\Windows\\System32\\conhost.exe\r\n\tExit Status:\t0x0","Category":"Process Termination","Opcode":"Info","SubjectUserSid":"S-1-5-21-3263964631-4121654051-1417071188-1156","SubjectUserName":"alice.young","SubjectDomainName":"LUNARSTIIINESS","SubjectLogonId":"0x4832a54b","Status":"0x0","ProcessName":"C:\\Windows\\System32\\conhost.exe","EventReceivedTime":1683220187,"SourceModuleName":"in_default_channels","SourceModuleType":"im_msvistalog"}
<14>May  4 17:09:54 win-server.lunarstiiiness.com Microsoft-Windows-Security-Auditing[4]: {"EventTime":1683220193,"Hostname":"win-server.lunarstiiiness.com","Keywords":-9214364837600034816,"EventType":"AUDIT_SUCCESS","SeverityValue":2,"Severity":"INFO","EventID":4689,"SourceName":"Microsoft-Windows-Security-Auditing","ProviderGuid":"{54849625-5478-4994-A5BA-3E3B0328C30D}","Version":0,"Task":13313,"OpcodeValue":0,"RecordNumber":5512003,"ProcessID":4,"ThreadID":2092,"Channel":"Security","Message":"A process has exited.\r\n\r\nSubject:\r\n\tSecurity ID:\t\tS-1-5-21-3263964631-4121654051-1417071188-1156\r\n\tAccount Name:\t\talice.young\r\n\tAccount Domain:\t\tLUNARSTIIINESS\r\n\tLogon ID:\t\t0x4832A54B\r\n\r\nProcess Information:\r\n\tProcess ID:\t0x1534\r\n\tProcess Name:\tC:\\Windows\\System32\\backgroundTaskHost.exe\r\n\tExit Status:\t0x1","Category":"Process Termination","Opcode":"Info","SubjectUserSid":"S-1-5-21-3263964631-4121654051-1417071188-1156","SubjectUserName":"alice.young","SubjectDomainName":"LUNARSTIIINESS","SubjectLogonId":"0x4832a54b","Status":"0x1","ProcessName":"C:\\Windows\\System32\\backgroundTaskHost.exe","EventReceivedTime":1683220194,"SourceModuleName":"in_default_channels","SourceModuleType":"im_msvistalog"}
<14>May  4 17:09:53 win-server.lunarstiiiness.com Microsoft-Windows-Security-Auditing[4]: {"EventTime":1683220193,"Hostname":"win-server.lunarstiiiness.com","Keywords":-9214364837600034816,"EventType":"AUDIT_SUCCESS","SeverityValue":2,"Severity":"INFO","EventID":4689,"SourceName":"Microsoft-Windows-Security-Auditing","ProviderGuid":"{54849625-5478-4994-A5BA-3E3B0328C30D}","Version":0,"Task":13313,"OpcodeValue":0,"RecordNumber":5512001,"ProcessID":4,"ThreadID":2092,"Channel":"Security","Message":"A process has exited.\r\n\r\nSubject:\r\n\tSecurity ID:\t\tS-1-5-21-3263964631-4121654051-1417071188-1156\r\n\tAccount Name:\t\talice.young\r\n\tAccount Domain:\t\tLUNARSTIIINESS\r\n\tLogon ID:\t\t0x4832A54B\r\n\r\nProcess Information:\r\n\tProcess ID:\t0x1228\r\n\tProcess Name:\tC:\\Windows\\System32\\rdpclip.exe\r\n\tExit Status:\t0x40010004","Category":"Process Termination","Opcode":"Info","SubjectUserSid":"S-1-5-21-3263964631-4121654051-1417071188-1156","SubjectUserName":"alice.young","SubjectDomainName":"LUNARSTIIINESS","SubjectLogonId":"0x4832a54b","Status":"0x40010004","ProcessName":"C:\\Windows\\System32\\rdpclip.exe","EventReceivedTime":1683220193,"SourceModuleName":"in_default_channels","SourceModuleType":"im_msvistalog"}
<14>May  4 17:09:53 win-server.lunarstiiiness.com Microsoft-Windows-Security-Auditing[4]: {"EventTime":1683220193,"Hostname":"win-server.lunarstiiiness.com","Keywords":-9214364837600034816,"EventType":"AUDIT_SUCCESS","SeverityValue":2,"Severity":"INFO","EventID":4689,"SourceName":"Microsoft-Windows-Security-Auditing","ProviderGuid":"{54849625-5478-4994-A5BA-3E3B0328C30D}","Version":0,"Task":13313,"OpcodeValue":0,"RecordNumber":5512000,"ProcessID":4,"ThreadID":4796,"Channel":"Security","Message":"A process has exited.\r\n\r\nSubject:\r\n\tSecurity ID:\t\tS-1-5-21-3263964631-4121654051-1417071188-1156\r\n\tAccount Name:\t\talice.young\r\n\tAccount Domain:\t\tLUNARSTIIINESS\r\n\tLogon ID:\t\t0x4832A54B\r\n\r\nProcess Information:\r\n\tProcess ID:\t0x1504\r\n\tProcess Name:\tC:\\Windows\\System32\\SettingSyncHost.exe\r\n\tExit Status:\t0x40010004","Category":"Process Termination","Opcode":"Info","SubjectUserSid":"S-1-5-21-3263964631-4121654051-1417071188-1156","SubjectUserName":"alice.young","SubjectDomainName":"LUNARSTIIINESS","SubjectLogonId":"0x4832a54b","Status":"0x40010004","ProcessName":"C:\\Windows\\System32\\SettingSyncHost.exe","EventReceivedTime":1683220193,"SourceModuleName":"in_default_channels","SourceModuleType":"im_msvistalog"}
<14>May  4 17:09:53 win-server.lunarstiiiness.com Microsoft-Windows-Security-Auditing[4]: {"EventTime":1683220193,"Hostname":"win-server.lunarstiiiness.com","Keywords":-9214364837600034816,"EventType":"AUDIT_SUCCESS","SeverityValue":2,"Severity":"INFO","EventID":4689,"SourceName":"Microsoft-Windows-Security-Auditing","ProviderGuid":"{54849625-5478-4994-A5BA-3E3B0328C30D}","Version":0,"Task":13313,"OpcodeValue":0,"RecordNumber":5511999,"ProcessID":4,"ThreadID":4796,"Channel":"Security","Message":"A process has exited.\r\n\r\nSubject:\r\n\tSecurity ID:\t\tS-1-5-21-3263964631-4121654051-1417071188-1156\r\n\tAccount Name:\t\talice.young\r\n\tAccount Domain:\t\tLUNARSTIIINESS\r\n\tLogon ID:\t\t0x4832A54B\r\n\r\nProcess Information:\r\n\tProcess ID:\t0x16e0\r\n\tProcess Name:\tC:\\Windows\\System32\\dllhost.exe\r\n\tExit Status:\t0x40010004","Category":"Process Termination","Opcode":"Info","SubjectUserSid":"S-1-5-21-3263964631-4121654051-1417071188-1156","SubjectUserName":"alice.young","SubjectDomainName":"LUNARSTIIINESS","SubjectLogonId":"0x4832a54b","Status":"0x40010004","ProcessName":"C:\\Windows\\System32\\dllhost.exe","EventReceivedTime":1683220193,"SourceModuleName":"in_default_channels","SourceModuleType":"im_msvistalog"}
<14>May  4 17:09:54 win-server.lunarstiiiness.com Microsoft-Windows-Security-Auditing[4]: {"EventTime":1683220193,"Hostname":"win-server.lunarstiiiness.com","Keywords":-9214364837600034816,"EventType":"AUDIT_SUCCESS","SeverityValue":2,"Severity":"INFO","EventID":4689,"SourceName":"Microsoft-Windows-Security-Auditing","ProviderGuid":"{54849625-5478-4994-A5BA-3E3B0328C30D}","Version":0,"Task":13313,"OpcodeValue":0,"RecordNumber":5512002,"ProcessID":4,"ThreadID":4796,"Channel":"Security","Message":"A process has exited.\r\n\r\nSubject:\r\n\tSecurity ID:\t\tS-1-5-21-3263964631-4121654051-1417071188-1156\r\n\tAccount Name:\t\talice.young\r\n\tAccount Domain:\t\tLUNARSTIIINESS\r\n\tLogon ID:\t\t0x4832A54B\r\n\r\nProcess Information:\r\n\tProcess ID:\t0x948\r\n\tProcess Name:\tC:\\Windows\\SystemApps\\ShellExperienceHost_cw5n1h2txyewy\\ShellExperienceHost.exe\r\n\tExit Status:\t0x1","Category":"Process Termination","Opcode":"Info","SubjectUserSid":"S-1-5-21-3263964631-4121654051-1417071188-1156","SubjectUserName":"alice.young","SubjectDomainName":"LUNARSTIIINESS","SubjectLogonId":"0x4832a54b","Status":"0x1","ProcessName":"C:\\Windows\\SystemApps\\ShellExperienceHost_cw5n1h2txyewy\\ShellExperienceHost.exe","EventReceivedTime":1683220194,"SourceModuleName":"in_default_channels","SourceModuleType":"im_msvistalog"}
<14>May  4 17:09:54 win-server.lunarstiiiness.com Microsoft-Windows-Security-Auditing[4]: {"EventTime":1683220193,"Hostname":"win-server.lunarstiiiness.com","Keywords":-9214364837600034816,"EventType":"AUDIT_SUCCESS","SeverityValue":2,"Severity":"INFO","EventID":4689,"SourceName":"Microsoft-Windows-Security-Auditing","ProviderGuid":"{54849625-5478-4994-A5BA-3E3B0328C30D}","Version":0,"Task":13313,"OpcodeValue":0,"RecordNumber":5512005,"ProcessID":4,"ThreadID":2092,"Channel":"Security","Message":"A process has exited.\r\n\r\nSubject:\r\n\tSecurity ID:\t\tS-1-5-21-3263964631-4121654051-1417071188-1156\r\n\tAccount Name:\t\talice.young\r\n\tAccount Domain:\t\tLUNARSTIIINESS\r\n\tLogon ID:\t\t0x4832A54B\r\n\r\nProcess Information:\r\n\tProcess ID:\t0x11b8\r\n\tProcess Name:\tC:\\Windows\\explorer.exe\r\n\tExit Status:\t0x40010004","Category":"Process Termination","Opcode":"Info","SubjectUserSid":"S-1-5-21-3263964631-4121654051-1417071188-1156","SubjectUserName":"alice.young","SubjectDomainName":"LUNARSTIIINESS","SubjectLogonId":"0x4832a54b","Status":"0x40010004","ProcessName":"C:\\Windows\\explorer.exe","EventReceivedTime":1683220194,"SourceModuleName":"in_default_channels","SourceModuleType":"im_msvistalog"}
<14>May  4 17:09:54 win-server.lunarstiiiness.com Microsoft-Windows-Security-Auditing[4]: {"EventTime":1683220193,"Hostname":"win-server.lunarstiiiness.com","Keywords":-9214364837600034816,"EventType":"AUDIT_SUCCESS","SeverityValue":2,"Severity":"INFO","EventID":4689,"SourceName":"Microsoft-Windows-Security-Auditing","ProviderGuid":"{54849625-5478-4994-A5BA-3E3B0328C30D}","Version":0,"Task":13313,"OpcodeValue":0,"RecordNumber":5512004,"ProcessID":4,"ThreadID":2092,"Channel":"Security","Message":"A process has exited.\r\n\r\nSubject:\r\n\tSecurity ID:\t\tS-1-5-21-3263964631-4121654051-1417071188-1156\r\n\tAccount Name:\t\talice.young\r\n\tAccount Domain:\t\tLUNARSTIIINESS\r\n\tLogon ID:\t\t0x4832A54B\r\n\r\nProcess Information:\r\n\tProcess ID:\t0x978\r\n\tProcess Name:\tC:\\Windows\\SystemApps\\Microsoft.Windows.Cortana_cw5n1h2txyewy\\SearchUI.exe\r\n\tExit Status:\t0x1","Category":"Process Termination","Opcode":"Info","SubjectUserSid":"S-1-5-21-3263964631-4121654051-1417071188-1156","SubjectUserName":"alice.young","SubjectDomainName":"LUNARSTIIINESS","SubjectLogonId":"0x4832a54b","Status":"0x1","ProcessName":"C:\\Windows\\SystemApps\\Microsoft.Windows.Cortana_cw5n1h2txyewy\\SearchUI.exe","EventReceivedTime":1683220194,"SourceModuleName":"in_default_channels","SourceModuleType":"im_msvistalog"}
<14>May  4 17:09:54 win-server.lunarstiiiness.com Microsoft-Windows-Security-Auditing[4]: {"EventTime":1683220194,"Hostname":"win-server.lunarstiiiness.com","Keywords":-9214364837600034816,"EventType":"AUDIT_SUCCESS","SeverityValue":2,"Severity":"INFO","EventID":4689,"SourceName":"Microsoft-Windows-Security-Auditing","ProviderGuid":"{54849625-5478-4994-A5BA-3E3B0328C30D}","Version":0,"Task":13313,"OpcodeValue":0,"RecordNumber":5512007,"ProcessID":4,"ThreadID":2092,"Channel":"Security","Message":"A process has exited.\r\n\r\nSubject:\r\n\tSecurity ID:\t\tS-1-5-21-3263964631-4121654051-1417071188-1156\r\n\tAccount Name:\t\talice.young\r\n\tAccount Domain:\t\tLUNARSTIIINESS\r\n\tLogon ID:\t\t0x4832A54B\r\n\r\nProcess Information:\r\n\tProcess ID:\t0x340\r\n\tProcess Name:\tC:\\Windows\\System32\\RuntimeBroker.exe\r\n\tExit Status:\t0x40010004","Category":"Process Termination","Opcode":"Info","SubjectUserSid":"S-1-5-21-3263964631-4121654051-1417071188-1156","SubjectUserName":"alice.young","SubjectDomainName":"LUNARSTIIINESS","SubjectLogonId":"0x4832a54b","Status":"0x40010004","ProcessName":"C:\\Windows\\System32\\RuntimeBroker.exe","EventReceivedTime":1683220194,"SourceModuleName":"in_default_channels","SourceModuleType":"im_msvistalog"}
<14>May  4 17:09:54 win-server.lunarstiiiness.com Microsoft-Windows-Security-Auditing[4]: {"EventTime":1683220194,"Hostname":"win-server.lunarstiiiness.com","Keywords":-9214364837600034816,"EventType":"AUDIT_SUCCESS","SeverityValue":2,"Severity":"INFO","EventID":4689,"SourceName":"Microsoft-Windows-Security-Auditing","ProviderGuid":"{54849625-5478-4994-A5BA-3E3B0328C30D}","Version":0,"Task":13313,"OpcodeValue":0,"RecordNumber":5512006,"ProcessID":4,"ThreadID":2092,"Channel":"Security","Message":"A process has exited.\r\n\r\nSubject:\r\n\tSecurity ID:\t\tS-1-5-21-3263964631-4121654051-1417071188-1156\r\n\tAccount Name:\t\talice.young\r\n\tAccount Domain:\t\tLUNARSTIIINESS\r\n\tLogon ID:\t\t0x4832A54B\r\n\r\nProcess Information:\r\n\tProcess ID:\t0xecc\r\n\tProcess Name:\tC:\\Windows\\System32\\sihost.exe\r\n\tExit Status:\t0x40010004","Category":"Process Termination","Opcode":"Info","SubjectUserSid":"S-1-5-21-3263964631-4121654051-1417071188-1156","SubjectUserName":"alice.young","SubjectDomainName":"LUNARSTIIINESS","SubjectLogonId":"0x4832a54b","Status":"0x40010004","ProcessName":"C:\\Windows\\System32\\sihost.exe","EventReceivedTime":1683220194,"SourceModuleName":"in_default_channels","SourceModuleType":"im_msvistalog"}
<14>May  4 17:09:54 win-server.lunarstiiiness.com Microsoft-Windows-Security-Auditing[4]: {"EventTime":1683220194,"Hostname":"win-server.lunarstiiiness.com","Keywords":-9214364837600034816,"EventType":"AUDIT_SUCCESS","SeverityValue":2,"Severity":"INFO","EventID":4689,"SourceName":"Microsoft-Windows-Security-Auditing","ProviderGuid":"{54849625-5478-4994-A5BA-3E3B0328C30D}","Version":0,"Task":13313,"OpcodeValue":0,"RecordNumber":5512014,"ProcessID":4,"ThreadID":4796,"Channel":"Security","Message":"A process has exited.\r\n\r\nSubject:\r\n\tSecurity ID:\t\tS-1-5-21-3263964631-4121654051-1417071188-1156\r\n\tAccount Name:\t\talice.young\r\n\tAccount Domain:\t\tLUNARSTIIINESS\r\n\tLogon ID:\t\t0x4832A54B\r\n\r\nProcess Information:\r\n\tProcess ID:\t0x80c\r\n\tProcess Name:\tC:\\Windows\\System32\\svchost.exe\r\n\tExit Status:\t0x0","Category":"Process Termination","Opcode":"Info","SubjectUserSid":"S-1-5-21-3263964631-4121654051-1417071188-1156","SubjectUserName":"alice.young","SubjectDomainName":"LUNARSTIIINESS","SubjectLogonId":"0x4832a54b","Status":"0x0","ProcessName":"C:\\Windows\\System32\\svchost.exe","EventReceivedTime":1683220194,"SourceModuleName":"in_default_channels","SourceModuleType":"im_msvistalog"}
<14>May  4 17:09:54 win-server.lunarstiiiness.com Microsoft-Windows-Security-Auditing[4]: {"EventTime":1683220194,"Hostname":"win-server.lunarstiiiness.com","Keywords":-9214364837600034816,"EventType":"AUDIT_SUCCESS","SeverityValue":2,"Severity":"INFO","EventID":4689,"SourceName":"Microsoft-Windows-Security-Auditing","ProviderGuid":"{54849625-5478-4994-A5BA-3E3B0328C30D}","Version":0,"Task":13313,"OpcodeValue":0,"RecordNumber":5512008,"ProcessID":4,"ThreadID":4948,"Channel":"Security","Message":"A process has exited.\r\n\r\nSubject:\r\n\tSecurity ID:\t\tS-1-5-21-3263964631-4121654051-1417071188-1156\r\n\tAccount Name:\t\talice.young\r\n\tAccount Domain:\t\tLUNARSTIIINESS\r\n\tLogon ID:\t\t0x4832A54B\r\n\r\nProcess Information:\r\n\tProcess ID:\t0x6c8\r\n\tProcess Name:\tC:\\Windows\\System32\\taskhostw.exe\r\n\tExit Status:\t0x40010004","Category":"Process Termination","Opcode":"Info","SubjectUserSid":"S-1-5-21-3263964631-4121654051-1417071188-1156","SubjectUserName":"alice.young","SubjectDomainName":"LUNARSTIIINESS","SubjectLogonId":"0x4832a54b","Status":"0x40010004","ProcessName":"C:\\Windows\\System32\\taskhostw.exe","EventReceivedTime":1683220194,"SourceModuleName":"in_default_channels","SourceModuleType":"im_msvistalog"}
<14>May  4 17:09:55 win-server.lunarstiiiness.com Microsoft-Windows-Security-Auditing[580]: {"EventTime":1683220194,"Hostname":"win-server.lunarstiiiness.com","Keywords":-9214364837600034816,"EventType":"AUDIT_SUCCESS","SeverityValue":2,"Severity":"INFO","EventID":4634,"SourceName":"Microsoft-Windows-Security-Auditing","ProviderGuid":"{54849625-5478-4994-A5BA-3E3B0328C30D}","Version":0,"Task":12545,"OpcodeValue":0,"RecordNumber":5512028,"ProcessID":580,"ThreadID":2368,"Channel":"Security","Message":"An account was logged off.\r\n\r\nSubject:\r\n\tSecurity ID:\t\tS-1-5-21-3263964631-4121654051-1417071188-1156\r\n\tAccount Name:\t\talice.young\r\n\tAccount Domain:\t\tLUNARSTIIINESS\r\n\tLogon ID:\t\t0x4832011B\r\n\r\nLogon Type:\t\t\t3\r\n\r\nThis event is generated when a logon session is destroyed. It may be positively correlated with a logon event using the Logon ID value. Logon IDs are only unique between reboots on the same computer.","Category":"Logoff","Opcode":"Info","TargetUserSid":"S-1-5-21-3263964631-4121654051-1417071188-1156","TargetUserName":"alice.young","TargetDomainName":"LUNARSTIIINESS","TargetLogonId":"0x4832011b","LogonType":"3","EventReceivedTime":1683220195,"SourceModuleName":"in_default_channels","SourceModuleType":"im_msvistalog"}
<14>May  4 17:09:54 win-server.lunarstiiiness.com Microsoft-Windows-Security-Auditing[580]: {"EventTime":1683220194,"Hostname":"win-server.lunarstiiiness.com","Keywords":-9214364837600034816,"EventType":"AUDIT_SUCCESS","SeverityValue":2,"Severity":"INFO","EventID":4647,"SourceName":"Microsoft-Windows-Security-Auditing","ProviderGuid":"{54849625-5478-4994-A5BA-3E3B0328C30D}","Version":0,"Task":12545,"OpcodeValue":0,"RecordNumber":5512009,"ActivityID":"{0239E03F-3717-0000-32BE-3DF9BE6DD901}","ProcessID":580,"ThreadID":3128,"Channel":"Security","Message":"User initiated logoff:\r\n\r\nSubject:\r\n\tSecurity ID:\t\tS-1-5-21-3263964631-4121654051-1417071188-1156\r\n\tAccount Name:\t\talice.young\r\n\tAccount Domain:\t\tLUNARSTIIINESS\r\n\tLogon ID:\t\t0x4832A54B\r\n\r\nThis event is generated when a logoff is initiated. No further user-initiated activity can occur. This event can be interpreted as a logoff event.","Category":"Logoff","Opcode":"Info","TargetUserSid":"S-1-5-21-3263964631-4121654051-1417071188-1156","TargetUserName":"alice.young","TargetDomainName":"LUNARSTIIINESS","TargetLogonId":"0x4832a54b","EventReceivedTime":1683220194,"SourceModuleName":"in_default_channels","SourceModuleType":"im_msvistalog"}
<14>May  4 17:13:08 win-adfs.lunarstiiiness.com Microsoft-Windows-Security-Auditing[624]: {"EventTime":1683220387,"Hostname":"win-adfs.lunarstiiiness.com","Keywords":-9214364837600034816,"EventType":"AUDIT_SUCCESS","SeverityValue":2,"Severity":"INFO","EventID":4726,"SourceName":"Microsoft-Windows-Security-Auditing","ProviderGuid":"{54849625-5478-4994-A5BA-3E3B0328C30D}","Version":0,"Task":13824,"OpcodeValue":0,"RecordNumber":41671516,"ProcessID":624,"ThreadID":2060,"Channel":"Security","Message":"A user account was deleted.\r\n\r\nSubject:\r\n\tSecurity ID:\t\tS-1-5-21-3263964631-4121654051-1417071188-1116\r\n\tAccount Name:\t\ttim.smith_admin\r\n\tAccount Domain:\t\tLUNARSTIIINESS\r\n\tLogon ID:\t\t0xAE9E44A8\r\n\r\nTarget Account:\r\n\tSecurity ID:\t\tS-1-5-21-3263964631-4121654051-1417071188-1156\r\n\tAccount Name:\t\talice.young\r\n\tAccount Domain:\t\tLUNARSTIIINESS\r\n\r\nAdditional Information:\r\n\tPrivileges\t-","Category":"User Account Management","Opcode":"Info","TargetUserName":"alice.young","TargetDomainName":"LUNARSTIIINESS","TargetSid":"S-1-5-21-3263964631-4121654051-1417071188-1156","SubjectUserSid":"S-1-5-21-3263964631-4121654051-1417071188-1116","SubjectUserName":"tim.smith_admin","SubjectDomainName":"LUNARSTIIINESS","SubjectLogonId":"0xae9e44a8","PrivilegeList":"-","EventReceivedTime":1683220388,"SourceModuleName":"windows_security_eventlog","SourceModuleType":"im_msvistalog"}