<14>May  4 17:07:58 win-server.lunarstiiiness.com Microsoft-Windows-Security-Auditing[4]: {"EventTime":1683220076,"Hostname":"win-server.lunarstiiiness.com","Keywords":-9214364837600034816,"EventType":"AUDIT_SUCCESS","SeverityValue":2,"Severity":"INFO","EventID":4658,"SourceName":"Microsoft-Windows-Security-Auditing","ProviderGuid":"{54849625-5478-4994-A5BA-3E3B0328C30D}","Version":0,"Task":12800,"OpcodeValue":0,"RecordNumber":5511138,"ProcessID":4,"ThreadID":1764,"Channel":"Security","Message":"The handle to an object was closed.\r\n\r\nSubject :\r\n\tSecurity ID:\t\tS-1-5-21-3263964631-4121654051-1417071188-1156\r\n\tAccount Name:\t\talice.young\r\n\tAccount Domain:\t\tLUNARSTIIINESS\r\n\tLogon ID:\t\t0x4832A54B\r\n\r\nObject:\r\n\tObject Server:\t\tSecurity\r\n\tHandle ID:\t\t0x6f8\r\n\r\nProcess Information:\r\n\tProcess ID:\t\t0x978\r\n\tProcess Name:\t\tC:\\Windows\\SystemApps\\Microsoft.Windows.Cortana_cw5n1h2txyewy\\SearchUI.exe","Category":"File System","Opcode":"Info","SubjectUserSid":"S-1-5-21-3263964631-4121654051-1417071188-1156","SubjectUserName":"alice.young","SubjectDomainName":"LUNARSTIIINESS","SubjectLogonId":"0x4832a54b","ObjectServer":"Security","HandleId":"0x6f8","ProcessName":"C:\\Windows\\SystemApps\\Microsoft.Windows.Cortana_cw5n1h2txyewy\\SearchUI.exe","EventReceivedTime":1683220078,"SourceModuleName":"in_default_channels","SourceModuleType":"im_msvistalog"}
<14>May  4 17:07:58 win-server.lunarstiiiness.com Microsoft-Windows-Security-Auditing[4]: {"EventTime":1683220076,"Hostname":"win-server.lunarstiiiness.com","Keywords":-9214364837600034816,"EventType":"AUDIT_SUCCESS","SeverityValue":2,"Severity":"INFO","EventID":4658,"SourceName":"Microsoft-Windows-Security-Auditing","ProviderGuid":"{54849625-5478-4994-A5BA-3E3B0328C30D}","Version":0,"Task":12800,"OpcodeValue":0,"RecordNumber":5511130,"ProcessID":4,"ThreadID":5012,"Channel":"Security","Message":"The handle to an object was closed.\r\n\r\nSubject :\r\n\tSecurity ID:\t\tS-1-5-21-3263964631-4121654051-1417071188-1156\r\n\tAccount Name:\t\talice.young\r\n\tAccount Domain:\t\tLUNARSTIIINESS\r\n\tLogon ID:\t\t0x4832A54B\r\n\r\nObject:\r\n\tObject Server:\t\tSecurity\r\n\tHandle ID:\t\t0x6f0\r\n\r\nProcess Information:\r\n\tProcess ID:\t\t0x978\r\n\tProcess Name:\t\tC:\\Windows\\SystemApps\\Microsoft.Windows.Cortana_cw5n1h2txyewy\\SearchUI.exe","Category":"File System","Opcode":"Info","SubjectUserSid":"S-1-5-21-3263964631-4121654051-1417071188-1156","SubjectUserName":"alice.young","SubjectDomainName":"LUNARSTIIINESS","SubjectLogonId":"0x4832a54b","ObjectServer":"Security","HandleId":"0x6f0","ProcessName":"C:\\Windows\\SystemApps\\Microsoft.Windows.Cortana_cw5n1h2txyewy\\SearchUI.exe","EventReceivedTime":1683220078,"SourceModuleName":"in_default_channels","SourceModuleType":"im_msvistalog"}
<14>May  4 17:07:58 win-server.lunarstiiiness.com Microsoft-Windows-Security-Auditing[4]: {"EventTime":1683220076,"Hostname":"win-server.lunarstiiiness.com","Keywords":-9214364837600034816,"EventType":"AUDIT_SUCCESS","SeverityValue":2,"Severity":"INFO","EventID":4656,"SourceName":"Microsoft-Windows-Security-Auditing","ProviderGuid":"{54849625-5478-4994-A5BA-3E3B0328C30D}","Version":1,"Task":12800,"OpcodeValue":0,"RecordNumber":5511133,"ProcessID":4,"ThreadID":5012,"Channel":"Security","Message":"A handle to an object was requested.\r\n\r\nSubject:\r\n\tSecurity ID:\t\tS-1-5-21-3263964631-4121654051-1417071188-1156\r\n\tAccount Name:\t\talice.young\r\n\tAccount Domain:\t\tLUNARSTIIINESS\r\n\tLogon ID:\t\t0x4832A54B\r\n\r\nObject:\r\n\tObject Server:\t\tSecurity\r\n\tObject Type:\t\tFile\r\n\tObject Name:\t\tC:\\Windows\\System32\\Speech_OneCore\\Common\r\n\tHandle ID:\t\t0x6f8\r\n\tResource Attributes:\t-\r\n\r\nProcess Information:\r\n\tProcess ID:\t\t0x978\r\n\tProcess Name:\t\tC:\\Windows\\SystemApps\\Microsoft.Windows.Cortana_cw5n1h2txyewy\\SearchUI.exe\r\n\r\nAccess Request Information:\r\n\tTransaction ID:\t\t{00000000-0000-0000-0000-000000000000}\r\n\tAccesses:\t\tSYNCHRONIZE\r\n\t\t\t\tReadData (or ListDirectory)\r\n\t\t\t\t\r\n\tAccess Reasons:\t\tSYNCHRONIZE:\tGranted by\tD:(A;;0x1200a9;;;BU)\r\n\t\t\t\tReadData (or ListDirectory):\tGranted by\tD:(A;;0x1200a9;;;BU)\r\n\t\t\t\t\r\n\tAccess Mask:\t\t0x100001\r\n\tPrivileges Used for Access Check:\t-\r\n\tRestricted SID Count:\t0","Category":"File System","Opcode":"Info","SubjectUserSid":"S-1-5-21-3263964631-4121654051-1417071188-1156","SubjectUserName":"alice.young","SubjectDomainName":"LUNARSTIIINESS","SubjectLogonId":"0x4832a54b","ObjectServer":"Security","ObjectType":"File","ObjectName":"C:\\Windows\\System32\\Speech_OneCore\\Common","HandleId":"0x6f8","TransactionId":"{00000000-0000-0000-0000-000000000000}","AccessList":"%%1541\r\n\t\t\t\t%%4416\r\n\t\t\t\t","AccessReason":"%%1541:\t%%1801\tD:(A;;0x1200a9;;;BU)\r\n\t\t\t\t%%4416:\t%%1801\tD:(A;;0x1200a9;;;BU)\r\n\t\t\t\t","AccessMask":"0x100001","PrivilegeList":"-","RestrictedSidCount":"0","ProcessName":"C:\\Windows\\SystemApps\\Microsoft.Windows.Cortana_cw5n1h2txyewy\\SearchUI.exe","ResourceAttributes":"-","EventReceivedTime":1683220078,"SourceModuleName":"in_default_channels","SourceModuleType":"im_msvistalog"}
<14>May  4 17:07:58 win-server.lunarstiiiness.com Microsoft-Windows-Security-Auditing[4]: {"EventTime":1683220077,"Hostname":"win-server.lunarstiiiness.com","Keywords":-9214364837600034816,"EventType":"AUDIT_SUCCESS","SeverityValue":2,"Severity":"INFO","EventID":4690,"SourceName":"Microsoft-Windows-Security-Auditing","ProviderGuid":"{54849625-5478-4994-A5BA-3E3B0328C30D}","Version":0,"Task":12807,"OpcodeValue":0,"RecordNumber":5511149,"ProcessID":4,"ThreadID":5104,"Channel":"Security","Message":"An attempt was made to duplicate a handle to an object.\r\n\r\nSubject:\r\n\tSecurity ID:\t\tS-1-5-21-3263964631-4121654051-1417071188-1156\r\n\tAccount Name:\t\talice.young\r\n\tAccount Domain:\t\tLUNARSTIIINESS\r\n\tLogon ID:\t\t0x4832A54B\r\n\r\nSource Handle Information:\r\n\tSource Handle ID:\t0x734\r\n\tSource Process ID:\t0x978\r\n\r\nNew Handle Information:\r\n\tTarget Handle ID:\t0x10c0\r\n\tTarget Process ID:\t0x4","Category":"Handle Manipulation","Opcode":"Info","SubjectUserSid":"S-1-5-21-3263964631-4121654051-1417071188-1156","SubjectUserName":"alice.young","SubjectDomainName":"LUNARSTIIINESS","SubjectLogonId":"0x4832a54b","SourceHandleId":"0x734","SourceProcessId":"0x978","TargetHandleId":"0x10c0","TargetProcessId":"0x4","EventReceivedTime":1683220078,"SourceModuleName":"in_default_channels","SourceModuleType":"im_msvistalog"}
<14>May  4 17:07:58 win-server.lunarstiiiness.com Microsoft-Windows-Security-Auditing[4]: {"EventTime":1683220077,"Hostname":"win-server.lunarstiiiness.com","Keywords":-9214364837600034816,"EventType":"AUDIT_SUCCESS","SeverityValue":2,"Severity":"INFO","EventID":4658,"SourceName":"Microsoft-Windows-Security-Auditing","ProviderGuid":"{54849625-5478-4994-A5BA-3E3B0328C30D}","Version":0,"Task":12800,"OpcodeValue":0,"RecordNumber":5511152,"ProcessID":4,"ThreadID":8,"Channel":"Security","Message":"The handle to an object was closed.\r\n\r\nSubject :\r\n\tSecurity ID:\t\tS-1-5-21-3263964631-4121654051-1417071188-1156\r\n\tAccount Name:\t\talice.young\r\n\tAccount Domain:\t\tLUNARSTIIINESS\r\n\tLogon ID:\t\t0x4832A54B\r\n\r\nObject:\r\n\tObject Server:\t\tSecurity\r\n\tHandle ID:\t\t0x734\r\n\r\nProcess Information:\r\n\tProcess ID:\t\t0x978\r\n\tProcess Name:\t\tC:\\Windows\\SystemApps\\Microsoft.Windows.Cortana_cw5n1h2txyewy\\SearchUI.exe","Category":"File System","Opcode":"Info","SubjectUserSid":"S-1-5-21-3263964631-4121654051-1417071188-1156","SubjectUserName":"alice.young","SubjectDomainName":"LUNARSTIIINESS","SubjectLogonId":"0x4832a54b","ObjectServer":"Security","HandleId":"0x734","ProcessName":"C:\\Windows\\SystemApps\\Microsoft.Windows.Cortana_cw5n1h2txyewy\\SearchUI.exe","EventReceivedTime":1683220078,"SourceModuleName":"in_default_channels","SourceModuleType":"im_msvistalog"}
<14>May  4 17:07:58 win-server.lunarstiiiness.com Microsoft-Windows-Security-Auditing[4]: {"EventTime":1683220077,"Hostname":"win-server.lunarstiiiness.com","Keywords":-9214364837600034816,"EventType":"AUDIT_SUCCESS","SeverityValue":2,"Severity":"INFO","EventID":4656,"SourceName":"Microsoft-Windows-Security-Auditing","ProviderGuid":"{54849625-5478-4994-A5BA-3E3B0328C30D}","Version":1,"Task":12800,"OpcodeValue":0,"RecordNumber":5511151,"ProcessID":4,"ThreadID":5104,"Channel":"Security","Message":"A handle to an object was requested.\r\n\r\nSubject:\r\n\tSecurity ID:\t\tS-1-5-21-3263964631-4121654051-1417071188-1156\r\n\tAccount Name:\t\talice.young\r\n\tAccount Domain:\t\tLUNARSTIIINESS\r\n\tLogon ID:\t\t0x4832A54B\r\n\r\nObject:\r\n\tObject Server:\t\tSecurity\r\n\tObject Type:\t\tFile\r\n\tObject Name:\t\tC:\\Windows\\System32\\Speech_OneCore\\Common\r\n\tHandle ID:\t\t0x734\r\n\tResource Attributes:\t-\r\n\r\nProcess Information:\r\n\tProcess ID:\t\t0x978\r\n\tProcess Name:\t\tC:\\Windows\\SystemApps\\Microsoft.Windows.Cortana_cw5n1h2txyewy\\SearchUI.exe\r\n\r\nAccess Request Information:\r\n\tTransaction ID:\t\t{00000000-0000-0000-0000-000000000000}\r\n\tAccesses:\t\tSYNCHRONIZE\r\n\t\t\t\tReadData (or ListDirectory)\r\n\t\t\t\t\r\n\tAccess Reasons:\t\tSYNCHRONIZE:\tGranted by\tD:(A;;0x1200a9;;;BU)\r\n\t\t\t\tReadData (or ListDirectory):\tGranted by\tD:(A;;0x1200a9;;;BU)\r\n\t\t\t\t\r\n\tAccess Mask:\t\t0x100001\r\n\tPrivileges Used for Access Check:\t-\r\n\tRestricted SID Count:\t0","Category":"File System","Opcode":"Info","SubjectUserSid":"S-1-5-21-3263964631-4121654051-1417071188-1156","SubjectUserName":"alice.young","SubjectDomainName":"LUNARSTIIINESS","SubjectLogonId":"0x4832a54b","ObjectServer":"Security","ObjectType":"File","ObjectName":"C:\\Windows\\System32\\Speech_OneCore\\Common","HandleId":"0x734","TransactionId":"{00000000-0000-0000-0000-000000000000}","AccessList":"%%1541\r\n\t\t\t\t%%4416\r\n\t\t\t\t","AccessReason":"%%1541:\t%%1801\tD:(A;;0x1200a9;;;BU)\r\n\t\t\t\t%%4416:\t%%1801\tD:(A;;0x1200a9;;;BU)\r\n\t\t\t\t","AccessMask":"0x100001","PrivilegeList":"-","RestrictedSidCount":"0","ProcessName":"C:\\Windows\\SystemApps\\Microsoft.Windows.Cortana_cw5n1h2txyewy\\SearchUI.exe","ResourceAttributes":"-","EventReceivedTime":1683220078,"SourceModuleName":"in_default_channels","SourceModuleType":"im_msvistalog"}
<14>May  4 17:07:58 win-server.lunarstiiiness.com Microsoft-Windows-Security-Auditing[4]: {"EventTime":1683220077,"Hostname":"win-server.lunarstiiiness.com","Keywords":-9214364837600034816,"EventType":"AUDIT_SUCCESS","SeverityValue":2,"Severity":"INFO","EventID":4658,"SourceName":"Microsoft-Windows-Security-Auditing","ProviderGuid":"{54849625-5478-4994-A5BA-3E3B0328C30D}","Version":0,"Task":12800,"OpcodeValue":0,"RecordNumber":5511150,"ProcessID":4,"ThreadID":5104,"Channel":"Security","Message":"The handle to an object was closed.\r\n\r\nSubject :\r\n\tSecurity ID:\t\tS-1-5-21-3263964631-4121654051-1417071188-1156\r\n\tAccount Name:\t\talice.young\r\n\tAccount Domain:\t\tLUNARSTIIINESS\r\n\tLogon ID:\t\t0x4832A54B\r\n\r\nObject:\r\n\tObject Server:\t\tSecurity\r\n\tHandle ID:\t\t0x10c0\r\n\r\nProcess Information:\r\n\tProcess ID:\t\t0x978\r\n\tProcess Name:\t\tC:\\Windows\\SystemApps\\Microsoft.Windows.Cortana_cw5n1h2txyewy\\SearchUI.exe","Category":"File System","Opcode":"Info","SubjectUserSid":"S-1-5-21-3263964631-4121654051-1417071188-1156","SubjectUserName":"alice.young","SubjectDomainName":"LUNARSTIIINESS","SubjectLogonId":"0x4832a54b","ObjectServer":"Security","HandleId":"0x10c0","ProcessName":"C:\\Windows\\SystemApps\\Microsoft.Windows.Cortana_cw5n1h2txyewy\\SearchUI.exe","EventReceivedTime":1683220078,"SourceModuleName":"in_default_channels","SourceModuleType":"im_msvistalog"}
<14>May  4 17:07:59 win-server.lunarstiiiness.com Microsoft-Windows-Security-Auditing[4]: {"EventTime":1683220078,"Hostname":"win-server.lunarstiiiness.com","Keywords":-9214364837600034816,"EventType":"AUDIT_SUCCESS","SeverityValue":2,"Severity":"INFO","EventID":4689,"SourceName":"Microsoft-Windows-Security-Auditing","ProviderGuid":"{54849625-5478-4994-A5BA-3E3B0328C30D}","Version":0,"Task":13313,"OpcodeValue":0,"RecordNumber":5511178,"ProcessID":4,"ThreadID":5012,"Channel":"Security","Message":"A process has exited.\r\n\r\nSubject:\r\n\tSecurity ID:\t\tS-1-5-21-3263964631-4121654051-1417071188-1156\r\n\tAccount Name:\t\talice.young\r\n\tAccount Domain:\t\tLUNARSTIIINESS\r\n\tLogon ID:\t\t0x4832A54B\r\n\r\nProcess Information:\r\n\tProcess ID:\t0x1274\r\n\tProcess Name:\tC:\\Windows\\System32\\dllhost.exe\r\n\tExit Status:\t0x0","Category":"Process Termination","Opcode":"Info","SubjectUserSid":"S-1-5-21-3263964631-4121654051-1417071188-1156","SubjectUserName":"alice.young","SubjectDomainName":"LUNARSTIIINESS","SubjectLogonId":"0x4832a54b","Status":"0x0","ProcessName":"C:\\Windows\\System32\\dllhost.exe","EventReceivedTime":1683220079,"SourceModuleName":"in_default_channels","SourceModuleType":"im_msvistalog"}
<14>May  4 17:07:59 win-server.lunarstiiiness.com Microsoft-Windows-Security-Auditing[4]: {"EventTime":1683220078,"Hostname":"win-server.lunarstiiiness.com","Keywords":-9214364837600034816,"EventType":"AUDIT_SUCCESS","SeverityValue":2,"Severity":"INFO","EventID":4689,"SourceName":"Microsoft-Windows-Security-Auditing","ProviderGuid":"{54849625-5478-4994-A5BA-3E3B0328C30D}","Version":0,"Task":13313,"OpcodeValue":0,"RecordNumber":5511165,"ProcessID":4,"ThreadID":2360,"Channel":"Security","Message":"A process has exited.\r\n\r\nSubject:\r\n\tSecurity ID:\t\tS-1-5-21-3263964631-4121654051-1417071188-1156\r\n\tAccount Name:\t\talice.young\r\n\tAccount Domain:\t\tLUNARSTIIINESS\r\n\tLogon ID:\t\t0x4832A54B\r\n\r\nProcess Information:\r\n\tProcess ID:\t0xfe8\r\n\tProcess Name:\tC:\\Windows\\SysWOW64\\dllhost.exe\r\n\tExit Status:\t0x0","Category":"Process Termination","Opcode":"Info","SubjectUserSid":"S-1-5-21-3263964631-4121654051-1417071188-1156","SubjectUserName":"alice.young","SubjectDomainName":"LUNARSTIIINESS","SubjectLogonId":"0x4832a54b","Status":"0x0","ProcessName":"C:\\Windows\\SysWOW64\\dllhost.exe","EventReceivedTime":1683220079,"SourceModuleName":"in_default_channels","SourceModuleType":"im_msvistalog"}
<14>May  4 17:08:01 win-server.lunarstiiiness.com Microsoft-Windows-Security-Auditing[4]: {"EventTime":1683220079,"Hostname":"win-server.lunarstiiiness.com","Keywords":-9214364837600034816,"EventType":"AUDIT_SUCCESS","SeverityValue":2,"Severity":"INFO","EventID":4688,"SourceName":"Microsoft-Windows-Security-Auditing","ProviderGuid":"{54849625-5478-4994-A5BA-3E3B0328C30D}","Version":2,"Task":13312,"OpcodeValue":0,"RecordNumber":5511180,"ProcessID":4,"ThreadID":5012,"Channel":"Security","Message":"A new process has been created.\r\n\r\nCreator Subject:\r\n\tSecurity ID:\t\tS-1-5-18\r\n\tAccount Name:\t\tWIN-SERVER$\r\n\tAccount Domain:\t\tLUNARSTIIINESS\r\n\tLogon ID:\t\t0x3E7\r\n\r\nTarget Subject:\r\n\tSecurity ID:\t\tS-1-5-21-3263964631-4121654051-1417071188-1156\r\n\tAccount Name:\t\talice.young\r\n\tAccount Domain:\t\tLUNARSTIIINESS\r\n\tLogon ID:\t\t0x4832A54B\r\n\r\nProcess Information:\r\n\tNew Process ID:\t\t0x634\r\n\tNew Process Name:\tC:\\Windows\\System32\\dllhost.exe\r\n\tToken Elevation Type:\t%%1936\r\n\tMandatory Label:\t\tS-1-16-8192\r\n\tCreator Process ID:\t0x294\r\n\tCreator Process Name:\tC:\\Windows\\System32\\svchost.exe\r\n\tProcess Command Line:\tC:\\Windows\\system32\\DllHost.exe /Processid:{AB8902B4-09CA-4BB6-B78D-A8F59079A8D5}\r\n\r\nToken Elevation Type indicates the type of token that was assigned to the new process in accordance with User Account Control policy.\r\n\r\nType 1 is a full token with no privileges removed or groups disabled.  A full token is only used if User Account Control is disabled or if the user is the built-in Administrator account or a service account.\r\n\r\nType 2 is an elevated token with no privileges removed or groups disabled.  An elevated token is used when User Account Control is enabled and the user chooses to start the program using Run as administrator.  An elevated token is also used when an application is configured to always require administrative privilege or to always require maximum privilege, and the user is a member of the Administrators group.\r\n\r\nType 3 is a limited token with administrative privileges removed and administrative groups disabled.  The limited token is used when User Account Control is enabled, the application does not require administrative privilege, and the user does not choose to start the program using Run as administrator.","Category":"Process Creation","Opcode":"Info","SubjectUserSid":"S-1-5-18","SubjectUserName":"WIN-SERVER$","SubjectDomainName":"LUNARSTIIINESS","SubjectLogonId":"0x3e7","NewProcessId":"0x634","NewProcessName":"C:\\Windows\\System32\\dllhost.exe","TokenElevationType":"%%1936","CommandLine":"C:\\Windows\\system32\\DllHost.exe /Processid:{AB8902B4-09CA-4BB6-B78D-A8F59079A8D5}","TargetUserSid":"S-1-5-21-3263964631-4121654051-1417071188-1156","TargetUserName":"alice.young","TargetDomainName":"LUNARSTIIINESS","TargetLogonId":"0x4832a54b","ParentProcessName":"C:\\Windows\\System32\\svchost.exe","MandatoryLabel":"S-1-16-8192","EventReceivedTime":1683220081,"SourceModuleName":"in_default_channels","SourceModuleType":"im_msvistalog"}
<14>May  4 17:08:01 win-server.lunarstiiiness.com Microsoft-Windows-Security-Auditing[4]: {"EventTime":1683220080,"Hostname":"win-server.lunarstiiiness.com","Keywords":-9214364837600034816,"EventType":"AUDIT_SUCCESS","SeverityValue":2,"Severity":"INFO","EventID":4688,"SourceName":"Microsoft-Windows-Security-Auditing","ProviderGuid":"{54849625-5478-4994-A5BA-3E3B0328C30D}","Version":2,"Task":13312,"OpcodeValue":0,"RecordNumber":5511187,"ProcessID":4,"ThreadID":4044,"Channel":"Security","Message":"A new process has been created.\r\n\r\nCreator Subject:\r\n\tSecurity ID:\t\tS-1-5-18\r\n\tAccount Name:\t\tWIN-SERVER$\r\n\tAccount Domain:\t\tLUNARSTIIINESS\r\n\tLogon ID:\t\t0x3E7\r\n\r\nTarget Subject:\r\n\tSecurity ID:\t\tS-1-5-21-3263964631-4121654051-1417071188-1156\r\n\tAccount Name:\t\talice.young\r\n\tAccount Domain:\t\tLUNARSTIIINESS\r\n\tLogon ID:\t\t0x4832A54B\r\n\r\nProcess Information:\r\n\tNew Process ID:\t\t0x1534\r\n\tNew Process Name:\tC:\\Windows\\System32\\backgroundTaskHost.exe\r\n\tToken Elevation Type:\t%%1936\r\n\tMandatory Label:\t\tS-1-16-4096\r\n\tCreator Process ID:\t0x294\r\n\tCreator Process Name:\tC:\\Windows\\System32\\svchost.exe\r\n\tProcess Command Line:\t\"C:\\Windows\\system32\\backgroundTaskHost.exe\" -ServerName:CortanaUI.AppXy7vb4pc2dr3kc93kfc509b1d0arkfb2x.mca\r\n\r\nToken Elevation Type indicates the type of token that was assigned to the new process in accordance with User Account Control policy.\r\n\r\nType 1 is a full token with no privileges removed or groups disabled.  A full token is only used if User Account Control is disabled or if the user is the built-in Administrator account or a service account.\r\n\r\nType 2 is an elevated token with no privileges removed or groups disabled.  An elevated token is used when User Account Control is enabled and the user chooses to start the program using Run as administrator.  An elevated token is also used when an application is configured to always require administrative privilege or to always require maximum privilege, and the user is a member of the Administrators group.\r\n\r\nType 3 is a limited token with administrative privileges removed and administrative groups disabled.  The limited token is used when User Account Control is enabled, the application does not require administrative privilege, and the user does not choose to start the program using Run as administrator.","Category":"Process Creation","Opcode":"Info","SubjectUserSid":"S-1-5-18","SubjectUserName":"WIN-SERVER$","SubjectDomainName":"LUNARSTIIINESS","SubjectLogonId":"0x3e7","NewProcessId":"0x1534","NewProcessName":"C:\\Windows\\System32\\backgroundTaskHost.exe","TokenElevationType":"%%1936","CommandLine":"\"C:\\Windows\\system32\\backgroundTaskHost.exe\" -ServerName:CortanaUI.AppXy7vb4pc2dr3kc93kfc509b1d0arkfb2x.mca","TargetUserSid":"S-1-5-21-3263964631-4121654051-1417071188-1156","TargetUserName":"alice.young","TargetDomainName":"LUNARSTIIINESS","TargetLogonId":"0x4832a54b","ParentProcessName":"C:\\Windows\\System32\\svchost.exe","MandatoryLabel":"S-1-16-4096","EventReceivedTime":1683220081,"SourceModuleName":"in_default_channels","SourceModuleType":"im_msvistalog"}
<14>May  4 17:08:01 win-server.lunarstiiiness.com Microsoft-Windows-Security-Auditing[4]: {"EventTime":1683220080,"Hostname":"win-server.lunarstiiiness.com","Keywords":-9214364837600034816,"EventType":"AUDIT_SUCCESS","SeverityValue":2,"Severity":"INFO","EventID":4688,"SourceName":"Microsoft-Windows-Security-Auditing","ProviderGuid":"{54849625-5478-4994-A5BA-3E3B0328C30D}","Version":2,"Task":13312,"OpcodeValue":0,"RecordNumber":5511186,"ProcessID":4,"ThreadID":4044,"Channel":"Security","Message":"A new process has been created.\r\n\r\nCreator Subject:\r\n\tSecurity ID:\t\tS-1-5-18\r\n\tAccount Name:\t\tWIN-SERVER$\r\n\tAccount Domain:\t\tLUNARSTIIINESS\r\n\tLogon ID:\t\t0x3E7\r\n\r\nTarget Subject:\r\n\tSecurity ID:\t\tS-1-5-21-3263964631-4121654051-1417071188-1156\r\n\tAccount Name:\t\talice.young\r\n\tAccount Domain:\t\tLUNARSTIIINESS\r\n\tLogon ID:\t\t0x4832A54B\r\n\r\nProcess Information:\r\n\tNew Process ID:\t\t0x1504\r\n\tNew Process Name:\tC:\\Windows\\System32\\SettingSyncHost.exe\r\n\tToken Elevation Type:\t%%1936\r\n\tMandatory Label:\t\tS-1-16-8192\r\n\tCreator Process ID:\t0x294\r\n\tCreator Process Name:\tC:\\Windows\\System32\\svchost.exe\r\n\tProcess Command Line:\tC:\\Windows\\system32\\SettingSyncHost.exe -Embedding\r\n\r\nToken Elevation Type indicates the type of token that was assigned to the new process in accordance with User Account Control policy.\r\n\r\nType 1 is a full token with no privileges removed or groups disabled.  A full token is only used if User Account Control is disabled or if the user is the built-in Administrator account or a service account.\r\n\r\nType 2 is an elevated token with no privileges removed or groups disabled.  An elevated token is used when User Account Control is enabled and the user chooses to start the program using Run as administrator.  An elevated token is also used when an application is configured to always require administrative privilege or to always require maximum privilege, and the user is a member of the Administrators group.\r\n\r\nType 3 is a limited token with administrative privileges removed and administrative groups disabled.  The limited token is used when User Account Control is enabled, the application does not require administrative privilege, and the user does not choose to start the program using Run as administrator.","Category":"Process Creation","Opcode":"Info","SubjectUserSid":"S-1-5-18","SubjectUserName":"WIN-SERVER$","SubjectDomainName":"LUNARSTIIINESS","SubjectLogonId":"0x3e7","NewProcessId":"0x1504","NewProcessName":"C:\\Windows\\System32\\SettingSyncHost.exe","TokenElevationType":"%%1936","CommandLine":"C:\\Windows\\system32\\SettingSyncHost.exe -Embedding","TargetUserSid":"S-1-5-21-3263964631-4121654051-1417071188-1156","TargetUserName":"alice.young","TargetDomainName":"LUNARSTIIINESS","TargetLogonId":"0x4832a54b","ParentProcessName":"C:\\Windows\\System32\\svchost.exe","MandatoryLabel":"S-1-16-8192","EventReceivedTime":1683220081,"SourceModuleName":"in_default_channels","SourceModuleType":"im_msvistalog"}
<14>May  4 17:08:01 win-server.lunarstiiiness.com Microsoft-Windows-Security-Auditing[4]: {"EventTime":1683220079,"Hostname":"win-server.lunarstiiiness.com","Keywords":-9214364837600034816,"EventType":"AUDIT_SUCCESS","SeverityValue":2,"Severity":"INFO","EventID":4690,"SourceName":"Microsoft-Windows-Security-Auditing","ProviderGuid":"{54849625-5478-4994-A5BA-3E3B0328C30D}","Version":0,"Task":12807,"OpcodeValue":0,"RecordNumber":5511181,"ProcessID":4,"ThreadID":2092,"Channel":"Security","Message":"An attempt was made to duplicate a handle to an object.\r\n\r\nSubject:\r\n\tSecurity ID:\t\tS-1-5-21-3263964631-4121654051-1417071188-1156\r\n\tAccount Name:\t\talice.young\r\n\tAccount Domain:\t\tLUNARSTIIINESS\r\n\tLogon ID:\t\t0x4832A54B\r\n\r\nSource Handle Information:\r\n\tSource Handle ID:\t0x105c\r\n\tSource Process ID:\t0x340\r\n\r\nNew Handle Information:\r\n\tTarget Handle ID:\t0x11b4\r\n\tTarget Process ID:\t0x4","Category":"Handle Manipulation","Opcode":"Info","SubjectUserSid":"S-1-5-21-3263964631-4121654051-1417071188-1156","SubjectUserName":"alice.young","SubjectDomainName":"LUNARSTIIINESS","SubjectLogonId":"0x4832a54b","SourceHandleId":"0x105c","SourceProcessId":"0x340","TargetHandleId":"0x11b4","TargetProcessId":"0x4","EventReceivedTime":1683220081,"SourceModuleName":"in_default_channels","SourceModuleType":"im_msvistalog"}
<14>May  4 17:08:01 win-server.lunarstiiiness.com Microsoft-Windows-Security-Auditing[4]: {"EventTime":1683220079,"Hostname":"win-server.lunarstiiiness.com","Keywords":-9214364837600034816,"EventType":"AUDIT_SUCCESS","SeverityValue":2,"Severity":"INFO","EventID":4658,"SourceName":"Microsoft-Windows-Security-Auditing","ProviderGuid":"{54849625-5478-4994-A5BA-3E3B0328C30D}","Version":0,"Task":12800,"OpcodeValue":0,"RecordNumber":5511184,"ProcessID":4,"ThreadID":2092,"Channel":"Security","Message":"The handle to an object was closed.\r\n\r\nSubject :\r\n\tSecurity ID:\t\tS-1-5-21-3263964631-4121654051-1417071188-1156\r\n\tAccount Name:\t\talice.young\r\n\tAccount Domain:\t\tLUNARSTIIINESS\r\n\tLogon ID:\t\t0x4832A54B\r\n\r\nObject:\r\n\tObject Server:\t\tSecurity\r\n\tHandle ID:\t\t0x105c\r\n\r\nProcess Information:\r\n\tProcess ID:\t\t0x340\r\n\tProcess Name:\t\tC:\\Windows\\System32\\RuntimeBroker.exe","Category":"File System","Opcode":"Info","SubjectUserSid":"S-1-5-21-3263964631-4121654051-1417071188-1156","SubjectUserName":"alice.young","SubjectDomainName":"LUNARSTIIINESS","SubjectLogonId":"0x4832a54b","ObjectServer":"Security","HandleId":"0x105c","ProcessName":"C:\\Windows\\System32\\RuntimeBroker.exe","EventReceivedTime":1683220081,"SourceModuleName":"in_default_channels","SourceModuleType":"im_msvistalog"}
<14>May  4 17:08:01 win-server.lunarstiiiness.com Microsoft-Windows-Security-Auditing[4]: {"EventTime":1683220079,"Hostname":"win-server.lunarstiiiness.com","Keywords":-9214364837600034816,"EventType":"AUDIT_SUCCESS","SeverityValue":2,"Severity":"INFO","EventID":4656,"SourceName":"Microsoft-Windows-Security-Auditing","ProviderGuid":"{54849625-5478-4994-A5BA-3E3B0328C30D}","Version":1,"Task":12800,"OpcodeValue":0,"RecordNumber":5511183,"ProcessID":4,"ThreadID":2092,"Channel":"Security","Message":"A handle to an object was requested.\r\n\r\nSubject:\r\n\tSecurity ID:\t\tS-1-5-21-3263964631-4121654051-1417071188-1156\r\n\tAccount Name:\t\talice.young\r\n\tAccount Domain:\t\tLUNARSTIIINESS\r\n\tLogon ID:\t\t0x4832A54B\r\n\r\nObject:\r\n\tObject Server:\t\tSecurity\r\n\tObject Type:\t\tFile\r\n\tObject Name:\t\tC:\\Windows\\System32\\Speech\\SpeechUX\r\n\tHandle ID:\t\t0x105c\r\n\tResource Attributes:\t-\r\n\r\nProcess Information:\r\n\tProcess ID:\t\t0x340\r\n\tProcess Name:\t\tC:\\Windows\\System32\\RuntimeBroker.exe\r\n\r\nAccess Request Information:\r\n\tTransaction ID:\t\t{00000000-0000-0000-0000-000000000000}\r\n\tAccesses:\t\tSYNCHRONIZE\r\n\t\t\t\tReadData (or ListDirectory)\r\n\t\t\t\t\r\n\tAccess Reasons:\t\tSYNCHRONIZE:\tGranted by\tD:(A;;0x1200a9;;;BU)\r\n\t\t\t\tReadData (or ListDirectory):\tGranted by\tD:(A;;0x1200a9;;;BU)\r\n\t\t\t\t\r\n\tAccess Mask:\t\t0x100001\r\n\tPrivileges Used for Access Check:\t-\r\n\tRestricted SID Count:\t0","Category":"File System","Opcode":"Info","SubjectUserSid":"S-1-5-21-3263964631-4121654051-1417071188-1156","SubjectUserName":"alice.young","SubjectDomainName":"LUNARSTIIINESS","SubjectLogonId":"0x4832a54b","ObjectServer":"Security","ObjectType":"File","ObjectName":"C:\\Windows\\System32\\Speech\\SpeechUX","HandleId":"0x105c","TransactionId":"{00000000-0000-0000-0000-000000000000}","AccessList":"%%1541\r\n\t\t\t\t%%4416\r\n\t\t\t\t","AccessReason":"%%1541:\t%%1801\tD:(A;;0x1200a9;;;BU)\r\n\t\t\t\t%%4416:\t%%1801\tD:(A;;0x1200a9;;;BU)\r\n\t\t\t\t","AccessMask":"0x100001","PrivilegeList":"-","RestrictedSidCount":"0","ProcessName":"C:\\Windows\\System32\\RuntimeBroker.exe","ResourceAttributes":"-","EventReceivedTime":1683220081,"SourceModuleName":"in_default_channels","SourceModuleType":"im_msvistalog"}
<14>May  4 17:08:01 win-server.lunarstiiiness.com Microsoft-Windows-Security-Auditing[4]: {"EventTime":1683220079,"Hostname":"win-server.lunarstiiiness.com","Keywords":-9214364837600034816,"EventType":"AUDIT_SUCCESS","SeverityValue":2,"Severity":"INFO","EventID":4658,"SourceName":"Microsoft-Windows-Security-Auditing","ProviderGuid":"{54849625-5478-4994-A5BA-3E3B0328C30D}","Version":0,"Task":12800,"OpcodeValue":0,"RecordNumber":5511182,"ProcessID":4,"ThreadID":2092,"Channel":"Security","Message":"The handle to an object was closed.\r\n\r\nSubject :\r\n\tSecurity ID:\t\tS-1-5-21-3263964631-4121654051-1417071188-1156\r\n\tAccount Name:\t\talice.young\r\n\tAccount Domain:\t\tLUNARSTIIINESS\r\n\tLogon ID:\t\t0x4832A54B\r\n\r\nObject:\r\n\tObject Server:\t\tSecurity\r\n\tHandle ID:\t\t0x11b4\r\n\r\nProcess Information:\r\n\tProcess ID:\t\t0x340\r\n\tProcess Name:\t\tC:\\Windows\\System32\\RuntimeBroker.exe","Category":"File System","Opcode":"Info","SubjectUserSid":"S-1-5-21-3263964631-4121654051-1417071188-1156","SubjectUserName":"alice.young","SubjectDomainName":"LUNARSTIIINESS","SubjectLogonId":"0x4832a54b","ObjectServer":"Security","HandleId":"0x11b4","ProcessName":"C:\\Windows\\System32\\RuntimeBroker.exe","EventReceivedTime":1683220081,"SourceModuleName":"in_default_channels","SourceModuleType":"im_msvistalog"}
<11>May  4 17:08:01 win-server.lunarstiiiness.com Microsoft-Windows-Security-Auditing[4]: {"EventTime":1683220080,"Hostname":"win-server.lunarstiiiness.com","Keywords":-9218868437227405312,"EventType":"AUDIT_FAILURE","SeverityValue":4,"Severity":"ERROR","EventID":4656,"SourceName":"Microsoft-Windows-Security-Auditing","ProviderGuid":"{54849625-5478-4994-A5BA-3E3B0328C30D}","Version":1,"Task":12800,"OpcodeValue":0,"RecordNumber":5511185,"ProcessID":4,"ThreadID":2092,"Channel":"Security","Message":"A handle to an object was requested.\r\n\r\nSubject:\r\n\tSecurity ID:\t\tS-1-5-21-3263964631-4121654051-1417071188-1156\r\n\tAccount Name:\t\talice.young\r\n\tAccount Domain:\t\tLUNARSTIIINESS\r\n\tLogon ID:\t\t0x4832A54B\r\n\r\nObject:\r\n\tObject Server:\t\tSecurity\r\n\tObject Type:\t\tFile\r\n\tObject Name:\t\tC:\\Program Files\\Update Services\\AdministrationSnapin\\wsus.ico\r\n\tHandle ID:\t\t0x0\r\n\tResource Attributes:\t-\r\n\r\nProcess Information:\r\n\tProcess ID:\t\t0x340\r\n\tProcess Name:\t\tC:\\Windows\\System32\\RuntimeBroker.exe\r\n\r\nAccess Request Information:\r\n\tTransaction ID:\t\t{00000000-0000-0000-0000-000000000000}\r\n\tAccesses:\t\tREAD_CONTROL\r\n\t\t\t\tSYNCHRONIZE\r\n\t\t\t\tReadData (or ListDirectory)\r\n\t\t\t\tReadEA\r\n\t\t\t\tReadAttributes\r\n\t\t\t\tWriteAttributes\r\n\t\t\t\t\r\n\tAccess Reasons:\t\tREAD_CONTROL:\tGranted by\tD:(A;;0x1200a9;;;BU)\r\n\t\t\t\tSYNCHRONIZE:\tGranted by\tD:(A;;0x1200a9;;;BU)\r\n\t\t\t\tReadData (or ListDirectory):\tGranted by\tD:(A;;0x1200a9;;;BU)\r\n\t\t\t\tReadEA:\tGranted by\tD:(A;;0x1200a9;;;BU)\r\n\t\t\t\tReadAttributes:\tGranted by ACE on parent folder\tD:(A;ID;0x1200a9;;;BU)\r\n\t\t\t\tWriteAttributes:\tNot granted\r\n\t\t\t\t\r\n\tAccess Mask:\t\t0x120189\r\n\tPrivileges Used for Access Check:\t-\r\n\tRestricted SID Count:\t0","Category":"File System","Opcode":"Info","SubjectUserSid":"S-1-5-21-3263964631-4121654051-1417071188-1156","SubjectUserName":"alice.young","SubjectDomainName":"LUNARSTIIINESS","SubjectLogonId":"0x4832a54b","ObjectServer":"Security","ObjectType":"File","ObjectName":"C:\\Program Files\\Update Services\\AdministrationSnapin\\wsus.ico","HandleId":"0x0","TransactionId":"{00000000-0000-0000-0000-000000000000}","AccessList":"%%1538\r\n\t\t\t\t%%1541\r\n\t\t\t\t%%4416\r\n\t\t\t\t%%4419\r\n\t\t\t\t%%4423\r\n\t\t\t\t%%4424\r\n\t\t\t\t","AccessReason":"%%1538:\t%%1801\tD:(A;;0x1200a9;;;BU)\r\n\t\t\t\t%%1541:\t%%1801\tD:(A;;0x1200a9;;;BU)\r\n\t\t\t\t%%4416:\t%%1801\tD:(A;;0x1200a9;;;BU)\r\n\t\t\t\t%%4419:\t%%1801\tD:(A;;0x1200a9;;;BU)\r\n\t\t\t\t%%4423:\t%%1811\tD:(A;ID;0x1200a9;;;BU)\r\n\t\t\t\t%%4424:\t%%1805\r\n\t\t\t\t","AccessMask":"0x120189","PrivilegeList":"-","RestrictedSidCount":"0","ProcessName":"C:\\Windows\\System32\\RuntimeBroker.exe","ResourceAttributes":"-","EventReceivedTime":1683220081,"SourceModuleName":"in_default_channels","SourceModuleType":"im_msvistalog"}
<14>May  4 17:08:03 win-server.lunarstiiiness.com Microsoft-Windows-Security-Auditing[4]: {"EventTime":1683220082,"Hostname":"win-server.lunarstiiiness.com","Keywords":-9214364837600034816,"EventType":"AUDIT_SUCCESS","SeverityValue":2,"Severity":"INFO","EventID":4688,"SourceName":"Microsoft-Windows-Security-Auditing","ProviderGuid":"{54849625-5478-4994-A5BA-3E3B0328C30D}","Version":2,"Task":13312,"OpcodeValue":0,"RecordNumber":5511435,"ProcessID":4,"ThreadID":4044,"Channel":"Security","Message":"A new process has been created.\r\n\r\nCreator Subject:\r\n\tSecurity ID:\t\tS-1-5-21-3263964631-4121654051-1417071188-1156\r\n\tAccount Name:\t\talice.young\r\n\tAccount Domain:\t\tLUNARSTIIINESS\r\n\tLogon ID:\t\t0x4832A54B\r\n\r\nTarget Subject:\r\n\tSecurity ID:\t\tS-1-0-0\r\n\tAccount Name:\t\t-\r\n\tAccount Domain:\t\t-\r\n\tLogon ID:\t\t0x0\r\n\r\nProcess Information:\r\n\tNew Process ID:\t\t0x1644\r\n\tNew Process Name:\tC:\\Windows\\System32\\fsquirt.exe\r\n\tToken Elevation Type:\t%%1936\r\n\tMandatory Label:\t\tS-1-16-8192\r\n\tCreator Process ID:\t0x11b8\r\n\tCreator Process Name:\tC:\\Windows\\explorer.exe\r\n\tProcess Command Line:\t\"C:\\Windows\\System32\\fsquirt.exe\" -Register\r\n\r\nToken Elevation Type indicates the type of token that was assigned to the new process in accordance with User Account Control policy.\r\n\r\nType 1 is a full token with no privileges removed or groups disabled.  A full token is only used if User Account Control is disabled or if the user is the built-in Administrator account or a service account.\r\n\r\nType 2 is an elevated token with no privileges removed or groups disabled.  An elevated token is used when User Account Control is enabled and the user chooses to start the program using Run as administrator.  An elevated token is also used when an application is configured to always require administrative privilege or to always require maximum privilege, and the user is a member of the Administrators group.\r\n\r\nType 3 is a limited token with administrative privileges removed and administrative groups disabled.  The limited token is used when User Account Control is enabled, the application does not require administrative privilege, and the user does not choose to start the program using Run as administrator.","Category":"Process Creation","Opcode":"Info","SubjectUserSid":"S-1-5-21-3263964631-4121654051-1417071188-1156","SubjectUserName":"alice.young","SubjectDomainName":"LUNARSTIIINESS","SubjectLogonId":"0x4832a54b","NewProcessId":"0x1644","NewProcessName":"C:\\Windows\\System32\\fsquirt.exe","TokenElevationType":"%%1936","CommandLine":"\"C:\\Windows\\System32\\fsquirt.exe\" -Register","TargetUserSid":"S-1-0-0","TargetUserName":"-","TargetDomainName":"-","TargetLogonId":"0x0","ParentProcessName":"C:\\Windows\\explorer.exe","MandatoryLabel":"S-1-16-8192","EventReceivedTime":1683220083,"SourceModuleName":"in_default_channels","SourceModuleType":"im_msvistalog"}
<14>May  4 17:08:03 win-server.lunarstiiiness.com Microsoft-Windows-Security-Auditing[4]: {"EventTime":1683220082,"Hostname":"win-server.lunarstiiiness.com","Keywords":-9214364837600034816,"EventType":"AUDIT_SUCCESS","SeverityValue":2,"Severity":"INFO","EventID":4689,"SourceName":"Microsoft-Windows-Security-Auditing","ProviderGuid":"{54849625-5478-4994-A5BA-3E3B0328C30D}","Version":0,"Task":13313,"OpcodeValue":0,"RecordNumber":5511436,"ProcessID":4,"ThreadID":4948,"Channel":"Security","Message":"A process has exited.\r\n\r\nSubject:\r\n\tSecurity ID:\t\tS-1-5-21-3263964631-4121654051-1417071188-1156\r\n\tAccount Name:\t\talice.young\r\n\tAccount Domain:\t\tLUNARSTIIINESS\r\n\tLogon ID:\t\t0x4832A54B\r\n\r\nProcess Information:\r\n\tProcess ID:\t0x1644\r\n\tProcess Name:\tC:\\Windows\\System32\\fsquirt.exe\r\n\tExit Status:\t0x0","Category":"Process Termination","Opcode":"Info","SubjectUserSid":"S-1-5-21-3263964631-4121654051-1417071188-1156","SubjectUserName":"alice.young","SubjectDomainName":"LUNARSTIIINESS","SubjectLogonId":"0x4832a54b","Status":"0x0","ProcessName":"C:\\Windows\\System32\\fsquirt.exe","EventReceivedTime":1683220083,"SourceModuleName":"in_default_channels","SourceModuleType":"im_msvistalog"}
<14>May  4 17:08:04 win-server.lunarstiiiness.com Microsoft-Windows-Kernel-General[5380]: {"EventTime":1683220082,"Hostname":"win-server.lunarstiiiness.com","Keywords":-9223372036854775808,"EventType":"INFO","SeverityValue":2,"Severity":"INFO","EventID":16,"SourceName":"Microsoft-Windows-Kernel-General","ProviderGuid":"{A68CA8B7-004F-D7B6-A698-07E2DE0F1F5D}","Version":0,"Task":0,"OpcodeValue":0,"RecordNumber":29876,"ProcessID":5380,"ThreadID":5692,"Channel":"System","Domain":"LUNARSTIIINESS","AccountName":"alice.young","UserID":"S-1-5-21-3263964631-4121654051-1417071188-1156","AccountType":"User","Message":"The access history in hive \\??\\C:\\Users\\alice.young\\AppData\\Local\\Packages\\Microsoft.BioEnrollment_cw5n1h2txyewy\\Settings\\settings.dat was cleared updating 3 keys and creating 1 modified pages.","Opcode":"Info","HiveNameLength":"107","HiveName":"\\??\\C:\\Users\\alice.young\\AppData\\Local\\Packages\\Microsoft.BioEnrollment_cw5n1h2txyewy\\Settings\\settings.dat","KeysUpdated":"3","DirtyPages":"1","EventReceivedTime":1683220084,"SourceModuleName":"in_default_channels","SourceModuleType":"im_msvistalog"}
<14>May 10 04:26:15 win-server.lunarstiiiness.com Microsoft-Windows-Kernel-General[5380]: {"EventTime":1683220082,"Hostname":"win-server.lunarstiiiness.com","Keywords":-9223372036854775808,"EventType":"INFO","SeverityValue":2,"Severity":"INFO","EventID":16,"SourceName":"Microsoft-Windows-Kernel-General","ProviderGuid":"{A68CA8B7-004F-D7B6-A698-07E2DE0F1F5D}","Version":0,"Task":0,"OpcodeValue":0,"RecordNumber":29876,"ProcessID":5380,"ThreadID":5692,"Channel":"System","UserID":"S-1-5-21-3263964631-4121654051-1417071188-1156","AccountType":"User","Message":"The access history in hive \\??\\C:\\Users\\alice.young\\AppData\\Local\\Packages\\Microsoft.BioEnrollment_cw5n1h2txyewy\\Settings\\settings.dat was cleared updating 3 keys and creating 1 modified pages.","Opcode":"Info","HiveNameLength":"107","HiveName":"\\??\\C:\\Users\\alice.young\\AppData\\Local\\Packages\\Microsoft.BioEnrollment_cw5n1h2txyewy\\Settings\\settings.dat","KeysUpdated":"3","DirtyPages":"1","EventReceivedTime":1683692775,"SourceModuleName":"in_default_channels","SourceModuleType":"im_msvistalog"}
<14>May  4 17:08:04 win-server.lunarstiiiness.com Microsoft-Windows-Kernel-General[5380]: {"EventTime":1683220082,"Hostname":"win-server.lunarstiiiness.com","Keywords":-9223372036854775808,"EventType":"INFO","SeverityValue":2,"Severity":"INFO","EventID":16,"SourceName":"Microsoft-Windows-Kernel-General","ProviderGuid":"{A68CA8B7-004F-D7B6-A698-07E2DE0F1F5D}","Version":0,"Task":0,"OpcodeValue":0,"RecordNumber":29877,"ProcessID":5380,"ThreadID":5692,"Channel":"System","Domain":"LUNARSTIIINESS","AccountName":"alice.young","UserID":"S-1-5-21-3263964631-4121654051-1417071188-1156","AccountType":"User","Message":"The access history in hive \\??\\C:\\Users\\alice.young\\AppData\\Local\\Packages\\Microsoft.LockApp_cw5n1h2txyewy\\Settings\\settings.dat was cleared updating 3 keys and creating 1 modified pages.","Opcode":"Info","HiveNameLength":"101","HiveName":"\\??\\C:\\Users\\alice.young\\AppData\\Local\\Packages\\Microsoft.LockApp_cw5n1h2txyewy\\Settings\\settings.dat","KeysUpdated":"3","DirtyPages":"1","EventReceivedTime":1683220084,"SourceModuleName":"in_default_channels","SourceModuleType":"im_msvistalog"}
<14>May 10 04:26:15 win-server.lunarstiiiness.com Microsoft-Windows-Kernel-General[5380]: {"EventTime":1683220082,"Hostname":"win-server.lunarstiiiness.com","Keywords":-9223372036854775808,"EventType":"INFO","SeverityValue":2,"Severity":"INFO","EventID":16,"SourceName":"Microsoft-Windows-Kernel-General","ProviderGuid":"{A68CA8B7-004F-D7B6-A698-07E2DE0F1F5D}","Version":0,"Task":0,"OpcodeValue":0,"RecordNumber":29877,"ProcessID":5380,"ThreadID":5692,"Channel":"System","UserID":"S-1-5-21-3263964631-4121654051-1417071188-1156","AccountType":"User","Message":"The access history in hive \\??\\C:\\Users\\alice.young\\AppData\\Local\\Packages\\Microsoft.LockApp_cw5n1h2txyewy\\Settings\\settings.dat was cleared updating 3 keys and creating 1 modified pages.","Opcode":"Info","HiveNameLength":"101","HiveName":"\\??\\C:\\Users\\alice.young\\AppData\\Local\\Packages\\Microsoft.LockApp_cw5n1h2txyewy\\Settings\\settings.dat","KeysUpdated":"3","DirtyPages":"1","EventReceivedTime":1683692775,"SourceModuleName":"in_default_channels","SourceModuleType":"im_msvistalog"}
<14>May 10 04:26:15 win-server.lunarstiiiness.com Microsoft-Windows-Kernel-General[5380]: {"EventTime":1683220082,"Hostname":"win-server.lunarstiiiness.com","Keywords":-9223372036854775808,"EventType":"INFO","SeverityValue":2,"Severity":"INFO","EventID":16,"SourceName":"Microsoft-Windows-Kernel-General","ProviderGuid":"{A68CA8B7-004F-D7B6-A698-07E2DE0F1F5D}","Version":0,"Task":0,"OpcodeValue":0,"RecordNumber":29875,"ProcessID":5380,"ThreadID":5692,"Channel":"System","UserID":"S-1-5-21-3263964631-4121654051-1417071188-1156","AccountType":"User","Message":"The access history in hive \\??\\C:\\Users\\alice.young\\AppData\\Local\\Packages\\Microsoft.AccountsControl_cw5n1h2txyewy\\Settings\\settings.dat was cleared updating 3 keys and creating 1 modified pages.","Opcode":"Info","HiveNameLength":"109","HiveName":"\\??\\C:\\Users\\alice.young\\AppData\\Local\\Packages\\Microsoft.AccountsControl_cw5n1h2txyewy\\Settings\\settings.dat","KeysUpdated":"3","DirtyPages":"1","EventReceivedTime":1683692775,"SourceModuleName":"in_default_channels","SourceModuleType":"im_msvistalog"}
<14>May  4 17:08:04 win-server.lunarstiiiness.com Microsoft-Windows-Kernel-General[5380]: {"EventTime":1683220082,"Hostname":"win-server.lunarstiiiness.com","Keywords":-9223372036854775808,"EventType":"INFO","SeverityValue":2,"Severity":"INFO","EventID":16,"SourceName":"Microsoft-Windows-Kernel-General","ProviderGuid":"{A68CA8B7-004F-D7B6-A698-07E2DE0F1F5D}","Version":0,"Task":0,"OpcodeValue":0,"RecordNumber":29875,"ProcessID":5380,"ThreadID":5692,"Channel":"System","Domain":"LUNARSTIIINESS","AccountName":"alice.young","UserID":"S-1-5-21-3263964631-4121654051-1417071188-1156","AccountType":"User","Message":"The access history in hive \\??\\C:\\Users\\alice.young\\AppData\\Local\\Packages\\Microsoft.AccountsControl_cw5n1h2txyewy\\Settings\\settings.dat was cleared updating 3 keys and creating 1 modified pages.","Opcode":"Info","HiveNameLength":"109","HiveName":"\\??\\C:\\Users\\alice.young\\AppData\\Local\\Packages\\Microsoft.AccountsControl_cw5n1h2txyewy\\Settings\\settings.dat","KeysUpdated":"3","DirtyPages":"1","EventReceivedTime":1683220084,"SourceModuleName":"in_default_channels","SourceModuleType":"im_msvistalog"}
<14>May 10 04:26:15 win-server.lunarstiiiness.com Microsoft-Windows-Kernel-General[5380]: {"EventTime":1683220082,"Hostname":"win-server.lunarstiiiness.com","Keywords":-9223372036854775808,"EventType":"INFO","SeverityValue":2,"Severity":"INFO","EventID":16,"SourceName":"Microsoft-Windows-Kernel-General","ProviderGuid":"{A68CA8B7-004F-D7B6-A698-07E2DE0F1F5D}","Version":0,"Task":0,"OpcodeValue":0,"RecordNumber":29874,"ProcessID":5380,"ThreadID":5692,"Channel":"System","UserID":"S-1-5-21-3263964631-4121654051-1417071188-1156","AccountType":"User","Message":"The access history in hive \\??\\C:\\Users\\alice.young\\AppData\\Local\\Packages\\Microsoft.AAD.BrokerPlugin_cw5n1h2txyewy\\Settings\\settings.dat was cleared updating 3 keys and creating 1 modified pages.","Opcode":"Info","HiveNameLength":"110","HiveName":"\\??\\C:\\Users\\alice.young\\AppData\\Local\\Packages\\Microsoft.AAD.BrokerPlugin_cw5n1h2txyewy\\Settings\\settings.dat","KeysUpdated":"3","DirtyPages":"1","EventReceivedTime":1683692775,"SourceModuleName":"in_default_channels","SourceModuleType":"im_msvistalog"}
<14>May  4 17:08:04 win-server.lunarstiiiness.com Microsoft-Windows-Kernel-General[5380]: {"EventTime":1683220082,"Hostname":"win-server.lunarstiiiness.com","Keywords":-9223372036854775808,"EventType":"INFO","SeverityValue":2,"Severity":"INFO","EventID":16,"SourceName":"Microsoft-Windows-Kernel-General","ProviderGuid":"{A68CA8B7-004F-D7B6-A698-07E2DE0F1F5D}","Version":0,"Task":0,"OpcodeValue":0,"RecordNumber":29874,"ProcessID":5380,"ThreadID":5692,"Channel":"System","Domain":"LUNARSTIIINESS","AccountName":"alice.young","UserID":"S-1-5-21-3263964631-4121654051-1417071188-1156","AccountType":"User","Message":"The access history in hive \\??\\C:\\Users\\alice.young\\AppData\\Local\\Packages\\Microsoft.AAD.BrokerPlugin_cw5n1h2txyewy\\Settings\\settings.dat was cleared updating 3 keys and creating 1 modified pages.","Opcode":"Info","HiveNameLength":"110","HiveName":"\\??\\C:\\Users\\alice.young\\AppData\\Local\\Packages\\Microsoft.AAD.BrokerPlugin_cw5n1h2txyewy\\Settings\\settings.dat","KeysUpdated":"3","DirtyPages":"1","EventReceivedTime":1683220084,"SourceModuleName":"in_default_channels","SourceModuleType":"im_msvistalog"}
<14>May  4 17:08:04 win-server.lunarstiiiness.com Microsoft-Windows-Kernel-General[5380]: {"EventTime":1683220083,"Hostname":"win-server.lunarstiiiness.com","Keywords":-9223372036854775808,"EventType":"INFO","SeverityValue":2,"Severity":"INFO","EventID":16,"SourceName":"Microsoft-Windows-Kernel-General","ProviderGuid":"{A68CA8B7-004F-D7B6-A698-07E2DE0F1F5D}","Version":0,"Task":0,"OpcodeValue":0,"RecordNumber":29882,"ProcessID":5380,"ThreadID":5692,"Channel":"System","Domain":"LUNARSTIIINESS","AccountName":"alice.young","UserID":"S-1-5-21-3263964631-4121654051-1417071188-1156","AccountType":"User","Message":"The access history in hive \\??\\C:\\Users\\alice.young\\AppData\\Local\\Packages\\Microsoft.XboxGameCallableUI_cw5n1h2txyewy\\Settings\\settings.dat was cleared updating 3 keys and creating 1 modified pages.","Opcode":"Info","HiveNameLength":"112","HiveName":"\\??\\C:\\Users\\alice.young\\AppData\\Local\\Packages\\Microsoft.XboxGameCallableUI_cw5n1h2txyewy\\Settings\\settings.dat","KeysUpdated":"3","DirtyPages":"1","EventReceivedTime":1683220084,"SourceModuleName":"in_default_channels","SourceModuleType":"im_msvistalog"}
<14>May 10 04:26:15 win-server.lunarstiiiness.com Microsoft-Windows-Kernel-General[5380]: {"EventTime":1683220083,"Hostname":"win-server.lunarstiiiness.com","Keywords":-9223372036854775808,"EventType":"INFO","SeverityValue":2,"Severity":"INFO","EventID":16,"SourceName":"Microsoft-Windows-Kernel-General","ProviderGuid":"{A68CA8B7-004F-D7B6-A698-07E2DE0F1F5D}","Version":0,"Task":0,"OpcodeValue":0,"RecordNumber":29882,"ProcessID":5380,"ThreadID":5692,"Channel":"System","UserID":"S-1-5-21-3263964631-4121654051-1417071188-1156","AccountType":"Unknown","Message":"The access history in hive \\??\\C:\\Users\\alice.young\\AppData\\Local\\Packages\\Microsoft.XboxGameCallableUI_cw5n1h2txyewy\\Settings\\settings.dat was cleared updating 3 keys and creating 1 modified pages.","Opcode":"Info","HiveNameLength":"112","HiveName":"\\??\\C:\\Users\\alice.young\\AppData\\Local\\Packages\\Microsoft.XboxGameCallableUI_cw5n1h2txyewy\\Settings\\settings.dat","KeysUpdated":"3","DirtyPages":"1","EventReceivedTime":1683692775,"SourceModuleName":"in_default_channels","SourceModuleType":"im_msvistalog"}
<14>May  4 17:08:05 win-server.lunarstiiiness.com Microsoft-Windows-Kernel-General[5380]: {"EventTime":1683220083,"Hostname":"win-server.lunarstiiiness.com","Keywords":-9223372036854775808,"EventType":"INFO","SeverityValue":2,"Severity":"INFO","EventID":16,"SourceName":"Microsoft-Windows-Kernel-General","ProviderGuid":"{A68CA8B7-004F-D7B6-A698-07E2DE0F1F5D}","Version":0,"Task":0,"OpcodeValue":0,"RecordNumber":29884,"ProcessID":5380,"ThreadID":5692,"Channel":"System","Domain":"LUNARSTIIINESS","AccountName":"alice.young","UserID":"S-1-5-21-3263964631-4121654051-1417071188-1156","AccountType":"User","Message":"The access history in hive \\??\\C:\\Users\\alice.young\\AppData\\Local\\Packages\\Windows.MiracastView_cw5n1h2txyewy\\Settings\\settings.dat was cleared updating 3 keys and creating 1 modified pages.","Opcode":"Info","HiveNameLength":"104","HiveName":"\\??\\C:\\Users\\alice.young\\AppData\\Local\\Packages\\Windows.MiracastView_cw5n1h2txyewy\\Settings\\settings.dat","KeysUpdated":"3","DirtyPages":"1","EventReceivedTime":1683220085,"SourceModuleName":"in_default_channels","SourceModuleType":"im_msvistalog"}
