<14>May  4 16:55:37 win-server.lunarstiiiness.com Microsoft-Windows-Security-Auditing[580]: {"EventTime":1683219336,"Hostname":"win-server.lunarstiiiness.com","Keywords":-9214364837600034816,"EventType":"AUDIT_SUCCESS","SeverityValue":2,"Severity":"INFO","EventID":4634,"SourceName":"Microsoft-Windows-Security-Auditing","ProviderGuid":"{54849625-5478-4994-A5BA-3E3B0328C30D}","Version":0,"Task":12545,"OpcodeValue":0,"RecordNumber":5506560,"ProcessID":580,"ThreadID":260,"Channel":"Security","Message":"An account was logged off.\r\n\r\nSubject:\r\n\tSecurity ID:\t\tS-1-5-21-3263964631-4121654051-1417071188-1156\r\n\tAccount Name:\t\talice.young\r\n\tAccount Domain:\t\tLUNARSTIIINESS\r\n\tLogon ID:\t\t0x4804D147\r\n\r\nLogon Type:\t\t\t3\r\n\r\nThis event is generated when a logon session is destroyed. It may be positively correlated with a logon event using the Logon ID value. Logon IDs are only unique between reboots on the same computer.","Category":"Logoff","Opcode":"Info","TargetUserSid":"S-1-5-21-3263964631-4121654051-1417071188-1156","TargetUserName":"alice.young","TargetDomainName":"LUNARSTIIINESS","TargetLogonId":"0x4804d147","LogonType":"3","EventReceivedTime":1683219337,"SourceModuleName":"in_default_channels","SourceModuleType":"im_msvistalog"}
<14>May  4 17:01:54 win-server.lunarstiiiness.com Microsoft-Windows-Security-Auditing[580]: {"EventTime":1683219712,"Hostname":"win-server.lunarstiiiness.com","Keywords":-9214364837600034816,"EventType":"AUDIT_SUCCESS","SeverityValue":2,"Severity":"INFO","EventID":4624,"SourceName":"Microsoft-Windows-Security-Auditing","ProviderGuid":"{54849625-5478-4994-A5BA-3E3B0328C30D}","Version":2,"Task":12544,"OpcodeValue":0,"RecordNumber":5508149,"ActivityID":"{0239E03F-3717-0000-32BE-3DF9BE6DD901}","ProcessID":580,"ThreadID":608,"Channel":"Security","Message":"An account was successfully logged on.\r\n\r\nSubject:\r\n\tSecurity ID:\t\tS-1-0-0\r\n\tAccount Name:\t\t-\r\n\tAccount Domain:\t\t-\r\n\tLogon ID:\t\t0x0\r\n\r\nLogon Information:\r\n\tLogon Type:\t\t3\r\n\tRestricted Admin Mode:\t-\r\n\tVirtual Account:\t\tNo\r\n\tElevated Token:\t\tNo\r\n\r\nImpersonation Level:\t\tImpersonation\r\n\r\nNew Logon:\r\n\tSecurity ID:\t\tS-1-5-21-3263964631-4121654051-1417071188-1156\r\n\tAccount Name:\t\talice.young\r\n\tAccount Domain:\t\tLUNARSTIIINESS\r\n\tLogon ID:\t\t0x481DC6D0\r\n\tLinked Logon ID:\t\t0x0\r\n\tNetwork Account Name:\t-\r\n\tNetwork Account Domain:\t-\r\n\tLogon GUID:\t\t{00000000-0000-0000-0000-000000000000}\r\n\r\nProcess Information:\r\n\tProcess ID:\t\t0x0\r\n\tProcess Name:\t\t-\r\n\r\nNetwork Information:\r\n\tWorkstation Name:\t-\r\n\tSource Network Address:\t108.44.242.211\r\n\tSource Port:\t\t0\r\n\r\nDetailed Authentication Information:\r\n\tLogon Process:\t\tNtLmSsp \r\n\tAuthentication Package:\tNTLM\r\n\tTransited Services:\t-\r\n\tPackage Name (NTLM only):\tNTLM V2\r\n\tKey Length:\t\t128\r\n\r\nThis event is generated when a logon session is created. It is generated on the computer that was accessed.\r\n\r\nThe subject fields indicate the account on the local system which requested the logon. This is most commonly a service such as the Server service, or a local process such as Winlogon.exe or Services.exe.\r\n\r\nThe logon type field indicates the kind of logon that occurred. The most common types are 2 (interactive) and 3 (network).\r\n\r\nThe New Logon fields indicate the account for whom the new logon was created, i.e. the account that was logged on.\r\n\r\nThe network fields indicate where a remote logon request originated. Workstation name is not always available and may be left blank in some cases.\r\n\r\nThe impersonation level field indicates the extent to which a process in the logon session can impersonate.\r\n\r\nThe authentication information fields provide detailed information about this specific logon request.\r\n\t- Logon GUID is a unique identifier that can be used to correlate this event with a KDC event.\r\n\t- Transited services indicate which intermediate services have participated in this logon request.\r\n\t- Package name indicates which sub-protocol was used among the NTLM protocols.\r\n\t- Key length indicates the length of the generated session key. This will be 0 if no session key was requested.","Category":"Logon","Opcode":"Info","SubjectUserSid":"S-1-0-0","SubjectUserName":"-","SubjectDomainName":"-","SubjectLogonId":"0x0","TargetUserSid":"S-1-5-21-3263964631-4121654051-1417071188-1156","TargetUserName":"alice.young","TargetDomainName":"LUNARSTIIINESS","TargetLogonId":"0x481dc6d0","LogonType":"3","LogonProcessName":"NtLmSsp ","AuthenticationPackageName":"NTLM","WorkstationName":"-","LogonGuid":"{00000000-0000-0000-0000-000000000000}","TransmittedServices":"-","LmPackageName":"NTLM V2","KeyLength":"128","ProcessName":"-","IpAddress":"108.44.242.211","IpPort":"0","ImpersonationLevel":"%%1833","RestrictedAdminMode":"-","TargetOutboundUserName":"-","TargetOutboundDomainName":"-","VirtualAccount":"%%1843","TargetLinkedLogonId":"0x0","ElevatedToken":"%%1843","EventReceivedTime":1683219714,"SourceModuleName":"in_default_channels","SourceModuleType":"im_msvistalog"}
<14>May  4 17:01:54 win-adfs.lunarstiiiness.com Microsoft-Windows-Security-Auditing[624]: {"EventTime":1683219712,"Hostname":"win-adfs.lunarstiiiness.com","Keywords":-9214364837600034816,"EventType":"AUDIT_SUCCESS","SeverityValue":2,"Severity":"INFO","EventID":4776,"SourceName":"Microsoft-Windows-Security-Auditing","ProviderGuid":"{54849625-5478-4994-A5BA-3E3B0328C30D}","Version":0,"Task":14336,"OpcodeValue":0,"RecordNumber":41667489,"ProcessID":624,"ThreadID":2596,"Channel":"Security","Message":"The computer attempted to validate the credentials for an account.\r\n\r\nAuthentication Package:\tMICROSOFT_AUTHENTICATION_PACKAGE_V1_0\r\nLogon Account:\talice.young\r\nSource Workstation:\t\r\nError Code:\t0x0","Category":"Credential Validation","Opcode":"Info","PackageName":"MICROSOFT_AUTHENTICATION_PACKAGE_V1_0","TargetUserName":"alice.young","Status":"0x0","EventReceivedTime":1683219714,"SourceModuleName":"windows_security_eventlog","SourceModuleType":"im_msvistalog"}
<11>May  4 17:01:54 win-server.lunarstiiiness.com Microsoft-Windows-Security-Auditing[4]: {"EventTime":1683219712,"Hostname":"win-server.lunarstiiiness.com","Keywords":-9218868437227405312,"EventType":"AUDIT_FAILURE","SeverityValue":4,"Severity":"ERROR","EventID":4656,"SourceName":"Microsoft-Windows-Security-Auditing","ProviderGuid":"{54849625-5478-4994-A5BA-3E3B0328C30D}","Version":1,"Task":12804,"OpcodeValue":0,"RecordNumber":5508151,"ProcessID":4,"ThreadID":1764,"Channel":"Security","Message":"A handle to an object was requested.\r\n\r\nSubject:\r\n\tSecurity ID:\t\tS-1-5-21-3263964631-4121654051-1417071188-1156\r\n\tAccount Name:\t\talice.young\r\n\tAccount Domain:\t\tLUNARSTIIINESS\r\n\tLogon ID:\t\t0x481DC6D0\r\n\r\nObject:\r\n\tObject Server:\t\tTermsrv\r\n\tObject Type:\t\tTermsrv Session\r\n\tObject Name:\t\tTermsrv Session\r\n\tHandle ID:\t\t0x0\r\n\tResource Attributes:\t-\r\n\r\nProcess Information:\r\n\tProcess ID:\t\t0x364\r\n\tProcess Name:\t\tC:\\Windows\\System32\\svchost.exe\r\n\r\nAccess Request Information:\r\n\tTransaction ID:\t\t{00000000-0000-0000-0000-000000000000}\r\n\tAccesses:\t\tUnknown specific access (bit 5)\r\n\t\t\t\t\r\n\tAccess Reasons:\t\t-\r\n\tAccess Mask:\t\t0x20\r\n\tPrivileges Used for Access Check:\t-\r\n\tRestricted SID Count:\t0","Category":"Other Object Access Events","Opcode":"Info","SubjectUserSid":"S-1-5-21-3263964631-4121654051-1417071188-1156","SubjectUserName":"alice.young","SubjectDomainName":"LUNARSTIIINESS","SubjectLogonId":"0x481dc6d0","ObjectServer":"Termsrv","ObjectType":"Termsrv Session","ObjectName":"Termsrv Session","HandleId":"0x0","TransactionId":"{00000000-0000-0000-0000-000000000000}","AccessList":"%%1557\r\n\t\t\t\t","AccessReason":"-","AccessMask":"0x20","PrivilegeList":"-","RestrictedSidCount":"0","ProcessName":"C:\\Windows\\System32\\svchost.exe","ResourceAttributes":"-","EventReceivedTime":1683219714,"SourceModuleName":"in_default_channels","SourceModuleType":"im_msvistalog"}
<11>May  4 17:01:54 win-server.lunarstiiiness.com Microsoft-Windows-Security-Auditing[580]: {"EventTime":1683219712,"Hostname":"win-server.lunarstiiiness.com","Keywords":-9218868437227405312,"EventType":"AUDIT_FAILURE","SeverityValue":4,"Severity":"ERROR","EventID":4825,"SourceName":"Microsoft-Windows-Security-Auditing","ProviderGuid":"{54849625-5478-4994-A5BA-3E3B0328C30D}","Version":0,"Task":12551,"OpcodeValue":0,"RecordNumber":5508152,"ActivityID":"{0239E03F-3717-0000-32BE-3DF9BE6DD901}","ProcessID":580,"ThreadID":608,"Channel":"Security","Message":"A user was denied the access to Remote Desktop. By default, users are allowed to connect only if they are members of the Remote Desktop Users group or Administrators group.\r\n\r\nSubject:\r\n\tUser Name:\talice.young\r\n\tDomain:\t\tLUNARSTIIINESS\r\n\tLogon ID:\t0x481DC6D0\r\n\r\nAdditional Information:\r\n\tClient Address:\t108.44.242.211\r\n\r\n\r\nThis event is generated when an authenticated user who is not allowed to log on remotely attempts to connect to this computer through Remote Desktop.","Category":"Other Logon/Logoff Events","Opcode":"Info","AccountName":"alice.young","AccountDomain":"LUNARSTIIINESS","LogonID":"0x481dc6d0","ClientAddress":"108.44.242.211","EventReceivedTime":1683219714,"SourceModuleName":"in_default_channels","SourceModuleType":"im_msvistalog"}
<11>May  4 17:01:54 win-server.lunarstiiiness.com Microsoft-Windows-Security-Auditing[580]: {"EventTime":1683219712,"Hostname":"win-server.lunarstiiiness.com","Keywords":-9218868437227405312,"EventType":"AUDIT_FAILURE","SeverityValue":4,"Severity":"ERROR","EventID":4776,"SourceName":"Microsoft-Windows-Security-Auditing","ProviderGuid":"{54849625-5478-4994-A5BA-3E3B0328C30D}","Version":0,"Task":14336,"OpcodeValue":0,"RecordNumber":5508144,"ActivityID":"{0239E03F-3717-0000-32BE-3DF9BE6DD901}","ProcessID":580,"ThreadID":608,"Channel":"Security","Message":"The computer attempted to validate the credentials for an account.\r\n\r\nAuthentication Package:\tMICROSOFT_AUTHENTICATION_PACKAGE_V1_0\r\nLogon Account:\talice.young\r\nSource Workstation:\t\r\nError Code:\t0xC0000064","Category":"Credential Validation","Opcode":"Info","PackageName":"MICROSOFT_AUTHENTICATION_PACKAGE_V1_0","TargetUserName":"alice.young","Status":"0xc0000064","EventReceivedTime":1683219714,"SourceModuleName":"in_default_channels","SourceModuleType":"im_msvistalog"}
<14>May  4 17:03:02 win-server.lunarstiiiness.com Microsoft-Windows-Security-Auditing[580]: {"EventTime":1683219780,"Hostname":"win-server.lunarstiiiness.com","Keywords":-9214364837600034816,"EventType":"AUDIT_SUCCESS","SeverityValue":2,"Severity":"INFO","EventID":4634,"SourceName":"Microsoft-Windows-Security-Auditing","ProviderGuid":"{54849625-5478-4994-A5BA-3E3B0328C30D}","Version":0,"Task":12545,"OpcodeValue":0,"RecordNumber":5508411,"ProcessID":580,"ThreadID":260,"Channel":"Security","Message":"An account was logged off.\r\n\r\nSubject:\r\n\tSecurity ID:\t\tS-1-5-21-3263964631-4121654051-1417071188-1156\r\n\tAccount Name:\t\talice.young\r\n\tAccount Domain:\t\tLUNARSTIIINESS\r\n\tLogon ID:\t\t0x481DC6D0\r\n\r\nLogon Type:\t\t\t3\r\n\r\nThis event is generated when a logon session is destroyed. It may be positively correlated with a logon event using the Logon ID value. Logon IDs are only unique between reboots on the same computer.","Category":"Logoff","Opcode":"Info","TargetUserSid":"S-1-5-21-3263964631-4121654051-1417071188-1156","TargetUserName":"alice.young","TargetDomainName":"LUNARSTIIINESS","TargetLogonId":"0x481dc6d0","LogonType":"3","EventReceivedTime":1683219782,"SourceModuleName":"in_default_channels","SourceModuleType":"im_msvistalog"}
<11>May  4 17:07:24 win-server.lunarstiiiness.com Microsoft-Windows-Security-Auditing[580]: {"EventTime":1683220042,"Hostname":"win-server.lunarstiiiness.com","Keywords":-9218868437227405312,"EventType":"AUDIT_FAILURE","SeverityValue":4,"Severity":"ERROR","EventID":4776,"SourceName":"Microsoft-Windows-Security-Auditing","ProviderGuid":"{54849625-5478-4994-A5BA-3E3B0328C30D}","Version":0,"Task":14336,"OpcodeValue":0,"RecordNumber":5509869,"ActivityID":"{0239E03F-3717-0000-32BE-3DF9BE6DD901}","ProcessID":580,"ThreadID":4936,"Channel":"Security","Message":"The computer attempted to validate the credentials for an account.\r\n\r\nAuthentication Package:\tMICROSOFT_AUTHENTICATION_PACKAGE_V1_0\r\nLogon Account:\talice.young\r\nSource Workstation:\t\r\nError Code:\t0xC0000064","Category":"Credential Validation","Opcode":"Info","PackageName":"MICROSOFT_AUTHENTICATION_PACKAGE_V1_0","TargetUserName":"alice.young","Status":"0xc0000064","EventReceivedTime":1683220044,"SourceModuleName":"in_default_channels","SourceModuleType":"im_msvistalog"}
<14>May  4 17:07:24 win-adfs.lunarstiiiness.com Microsoft-Windows-Security-Auditing[624]: {"EventTime":1683220042,"Hostname":"win-adfs.lunarstiiiness.com","Keywords":-9214364837600034816,"EventType":"AUDIT_SUCCESS","SeverityValue":2,"Severity":"INFO","EventID":4776,"SourceName":"Microsoft-Windows-Security-Auditing","ProviderGuid":"{54849625-5478-4994-A5BA-3E3B0328C30D}","Version":0,"Task":14336,"OpcodeValue":0,"RecordNumber":41669287,"ProcessID":624,"ThreadID":5648,"Channel":"Security","Message":"The computer attempted to validate the credentials for an account.\r\n\r\nAuthentication Package:\tMICROSOFT_AUTHENTICATION_PACKAGE_V1_0\r\nLogon Account:\talice.young\r\nSource Workstation:\t\r\nError Code:\t0x0","Category":"Credential Validation","Opcode":"Info","PackageName":"MICROSOFT_AUTHENTICATION_PACKAGE_V1_0","TargetUserName":"alice.young","Status":"0x0","EventReceivedTime":1683220044,"SourceModuleName":"windows_security_eventlog","SourceModuleType":"im_msvistalog"}
<14>May  4 17:07:24 win-server.lunarstiiiness.com Microsoft-Windows-Security-Auditing[580]: {"EventTime":1683220042,"Hostname":"win-server.lunarstiiiness.com","Keywords":-9214364837600034816,"EventType":"AUDIT_SUCCESS","SeverityValue":2,"Severity":"INFO","EventID":4624,"SourceName":"Microsoft-Windows-Security-Auditing","ProviderGuid":"{54849625-5478-4994-A5BA-3E3B0328C30D}","Version":2,"Task":12544,"OpcodeValue":0,"RecordNumber":5509874,"ActivityID":"{0239E03F-3717-0000-32BE-3DF9BE6DD901}","ProcessID":580,"ThreadID":4936,"Channel":"Security","Message":"An account was successfully logged on.\r\n\r\nSubject:\r\n\tSecurity ID:\t\tS-1-0-0\r\n\tAccount Name:\t\t-\r\n\tAccount Domain:\t\t-\r\n\tLogon ID:\t\t0x0\r\n\r\nLogon Information:\r\n\tLogon Type:\t\t3\r\n\tRestricted Admin Mode:\t-\r\n\tVirtual Account:\t\tNo\r\n\tElevated Token:\t\tNo\r\n\r\nImpersonation Level:\t\tImpersonation\r\n\r\nNew Logon:\r\n\tSecurity ID:\t\tS-1-5-21-3263964631-4121654051-1417071188-1156\r\n\tAccount Name:\t\talice.young\r\n\tAccount Domain:\t\tLUNARSTIIINESS\r\n\tLogon ID:\t\t0x4832011B\r\n\tLinked Logon ID:\t\t0x0\r\n\tNetwork Account Name:\t-\r\n\tNetwork Account Domain:\t-\r\n\tLogon GUID:\t\t{00000000-0000-0000-0000-000000000000}\r\n\r\nProcess Information:\r\n\tProcess ID:\t\t0x0\r\n\tProcess Name:\t\t-\r\n\r\nNetwork Information:\r\n\tWorkstation Name:\t-\r\n\tSource Network Address:\t108.44.242.211\r\n\tSource Port:\t\t0\r\n\r\nDetailed Authentication Information:\r\n\tLogon Process:\t\tNtLmSsp \r\n\tAuthentication Package:\tNTLM\r\n\tTransited Services:\t-\r\n\tPackage Name (NTLM only):\tNTLM V2\r\n\tKey Length:\t\t128\r\n\r\nThis event is generated when a logon session is created. It is generated on the computer that was accessed.\r\n\r\nThe subject fields indicate the account on the local system which requested the logon. This is most commonly a service such as the Server service, or a local process such as Winlogon.exe or Services.exe.\r\n\r\nThe logon type field indicates the kind of logon that occurred. The most common types are 2 (interactive) and 3 (network).\r\n\r\nThe New Logon fields indicate the account for whom the new logon was created, i.e. the account that was logged on.\r\n\r\nThe network fields indicate where a remote logon request originated. Workstation name is not always available and may be left blank in some cases.\r\n\r\nThe impersonation level field indicates the extent to which a process in the logon session can impersonate.\r\n\r\nThe authentication information fields provide detailed information about this specific logon request.\r\n\t- Logon GUID is a unique identifier that can be used to correlate this event with a KDC event.\r\n\t- Transited services indicate which intermediate services have participated in this logon request.\r\n\t- Package name indicates which sub-protocol was used among the NTLM protocols.\r\n\t- Key length indicates the length of the generated session key. This will be 0 if no session key was requested.","Category":"Logon","Opcode":"Info","SubjectUserSid":"S-1-0-0","SubjectUserName":"-","SubjectDomainName":"-","SubjectLogonId":"0x0","TargetUserSid":"S-1-5-21-3263964631-4121654051-1417071188-1156","TargetUserName":"alice.young","TargetDomainName":"LUNARSTIIINESS","TargetLogonId":"0x4832011b","LogonType":"3","LogonProcessName":"NtLmSsp ","AuthenticationPackageName":"NTLM","WorkstationName":"-","LogonGuid":"{00000000-0000-0000-0000-000000000000}","TransmittedServices":"-","LmPackageName":"NTLM V2","KeyLength":"128","ProcessName":"-","IpAddress":"108.44.242.211","IpPort":"0","ImpersonationLevel":"%%1833","RestrictedAdminMode":"-","TargetOutboundUserName":"-","TargetOutboundDomainName":"-","VirtualAccount":"%%1843","TargetLinkedLogonId":"0x0","ElevatedToken":"%%1843","EventReceivedTime":1683220044,"SourceModuleName":"in_default_channels","SourceModuleType":"im_msvistalog"}
<14>May  4 17:07:27 win-adfs.lunarstiiiness.com Microsoft-Windows-Security-Auditing[624]: {"EventTime":1683220045,"Hostname":"win-adfs.lunarstiiiness.com","Keywords":-9214364837600034816,"EventType":"AUDIT_SUCCESS","SeverityValue":2,"Severity":"INFO","EventID":4624,"SourceName":"Microsoft-Windows-Security-Auditing","ProviderGuid":"{54849625-5478-4994-A5BA-3E3B0328C30D}","Version":2,"Task":12544,"OpcodeValue":0,"RecordNumber":41669317,"ProcessID":624,"ThreadID":5648,"Channel":"Security","Message":"An account was successfully logged on.\r\n\r\nSubject:\r\n\tSecurity ID:\t\tS-1-0-0\r\n\tAccount Name:\t\t-\r\n\tAccount Domain:\t\t-\r\n\tLogon ID:\t\t0x0\r\n\r\nLogon Information:\r\n\tLogon Type:\t\t3\r\n\tRestricted Admin Mode:\t-\r\n\tVirtual Account:\t\tNo\r\n\tElevated Token:\t\tYes\r\n\r\nImpersonation Level:\t\tImpersonation\r\n\r\nNew Logon:\r\n\tSecurity ID:\t\tS-1-5-21-3263964631-4121654051-1417071188-1156\r\n\tAccount Name:\t\talice.young\r\n\tAccount Domain:\t\tLUNARSTIIINESS.COM\r\n\tLogon ID:\t\t0xAE85584D\r\n\tLinked Logon ID:\t\t0x0\r\n\tNetwork Account Name:\t-\r\n\tNetwork Account Domain:\t-\r\n\tLogon GUID:\t\t{5cfaa7bd-4b97-406f-453b-fd03925fc27b}\r\n\r\nProcess Information:\r\n\tProcess ID:\t\t0x0\r\n\tProcess Name:\t\t-\r\n\r\nNetwork Information:\r\n\tWorkstation Name:\t-\r\n\tSource Network Address:\t10.128.0.22\r\n\tSource Port:\t\t64611\r\n\r\nDetailed Authentication Information:\r\n\tLogon Process:\t\tKerberos\r\n\tAuthentication Package:\tKerberos\r\n\tTransited Services:\t-\r\n\tPackage Name (NTLM only):\t-\r\n\tKey Length:\t\t0\r\n\r\nThis event is generated when a logon session is created. It is generated on the computer that was accessed.\r\n\r\nThe subject fields indicate the account on the local system which requested the logon. This is most commonly a service such as the Server service, or a local process such as Winlogon.exe or Services.exe.\r\n\r\nThe logon type field indicates the kind of logon that occurred. The most common types are 2 (interactive) and 3 (network).\r\n\r\nThe New Logon fields indicate the account for whom the new logon was created, i.e. the account that was logged on.\r\n\r\nThe network fields indicate where a remote logon request originated. Workstation name is not always available and may be left blank in some cases.\r\n\r\nThe impersonation level field indicates the extent to which a process in the logon session can impersonate.\r\n\r\nThe authentication information fields provide detailed information about this specific logon request.\r\n\t- Logon GUID is a unique identifier that can be used to correlate this event with a KDC event.\r\n\t- Transited services indicate which intermediate services have participated in this logon request.\r\n\t- Package name indicates which sub-protocol was used among the NTLM protocols.\r\n\t- Key length indicates the length of the generated session key. This will be 0 if no session key was requested.","Category":"Logon","Opcode":"Info","SubjectUserSid":"S-1-0-0","SubjectUserName":"-","SubjectDomainName":"-","SubjectLogonId":"0x0","TargetUserSid":"S-1-5-21-3263964631-4121654051-1417071188-1156","TargetUserName":"alice.young","TargetDomainName":"LUNARSTIIINESS.COM","TargetLogonId":"0xae85584d","LogonType":"3","LogonProcessName":"Kerberos","AuthenticationPackageName":"Kerberos","WorkstationName":"-","LogonGuid":"{5cfaa7bd-4b97-406f-453b-fd03925fc27b}","TransmittedServices":"-","LmPackageName":"-","KeyLength":"0","ProcessName":"-","IpAddress":"10.128.0.22","IpPort":"64611","ImpersonationLevel":"%%1833","RestrictedAdminMode":"-","TargetOutboundUserName":"-","TargetOutboundDomainName":"-","VirtualAccount":"%%1843","TargetLinkedLogonId":"0x0","ElevatedToken":"%%1842","EventReceivedTime":1683220047,"SourceModuleName":"windows_security_eventlog","SourceModuleType":"im_msvistalog"}
<14>May  4 17:07:27 win-adfs.lunarstiiiness.com Microsoft-Windows-Security-Auditing[624]: {"EventTime":1683220045,"Hostname":"win-adfs.lunarstiiiness.com","Keywords":-9214364837600034816,"EventType":"AUDIT_SUCCESS","SeverityValue":2,"Severity":"INFO","EventID":4624,"SourceName":"Microsoft-Windows-Security-Auditing","ProviderGuid":"{54849625-5478-4994-A5BA-3E3B0328C30D}","Version":2,"Task":12544,"OpcodeValue":0,"RecordNumber":41669325,"ActivityID":"{8F8F53C1-AEDC-0000-D0D4-CF81F46CD901}","ProcessID":624,"ThreadID":5648,"Channel":"Security","Message":"An account was successfully logged on.\r\n\r\nSubject:\r\n\tSecurity ID:\t\tS-1-0-0\r\n\tAccount Name:\t\t-\r\n\tAccount Domain:\t\t-\r\n\tLogon ID:\t\t0x0\r\n\r\nLogon Information:\r\n\tLogon Type:\t\t3\r\n\tRestricted Admin Mode:\t-\r\n\tVirtual Account:\t\tNo\r\n\tElevated Token:\t\tYes\r\n\r\nImpersonation Level:\t\tDelegation\r\n\r\nNew Logon:\r\n\tSecurity ID:\t\tS-1-5-21-3263964631-4121654051-1417071188-1156\r\n\tAccount Name:\t\talice.young\r\n\tAccount Domain:\t\tLUNARSTIIINESS.COM\r\n\tLogon ID:\t\t0xAE855888\r\n\tLinked Logon ID:\t\t0x0\r\n\tNetwork Account Name:\t-\r\n\tNetwork Account Domain:\t-\r\n\tLogon GUID:\t\t{5cfaa7bd-4b97-406f-453b-fd03925fc27b}\r\n\r\nProcess Information:\r\n\tProcess ID:\t\t0x0\r\n\tProcess Name:\t\t-\r\n\r\nNetwork Information:\r\n\tWorkstation Name:\t-\r\n\tSource Network Address:\t10.128.0.22\r\n\tSource Port:\t\t64613\r\n\r\nDetailed Authentication Information:\r\n\tLogon Process:\t\tKerberos\r\n\tAuthentication Package:\tKerberos\r\n\tTransited Services:\t-\r\n\tPackage Name (NTLM only):\t-\r\n\tKey Length:\t\t0\r\n\r\nThis event is generated when a logon session is created. It is generated on the computer that was accessed.\r\n\r\nThe subject fields indicate the account on the local system which requested the logon. This is most commonly a service such as the Server service, or a local process such as Winlogon.exe or Services.exe.\r\n\r\nThe logon type field indicates the kind of logon that occurred. The most common types are 2 (interactive) and 3 (network).\r\n\r\nThe New Logon fields indicate the account for whom the new logon was created, i.e. the account that was logged on.\r\n\r\nThe network fields indicate where a remote logon request originated. Workstation name is not always available and may be left blank in some cases.\r\n\r\nThe impersonation level field indicates the extent to which a process in the logon session can impersonate.\r\n\r\nThe authentication information fields provide detailed information about this specific logon request.\r\n\t- Logon GUID is a unique identifier that can be used to correlate this event with a KDC event.\r\n\t- Transited services indicate which intermediate services have participated in this logon request.\r\n\t- Package name indicates which sub-protocol was used among the NTLM protocols.\r\n\t- Key length indicates the length of the generated session key. This will be 0 if no session key was requested.","Category":"Logon","Opcode":"Info","SubjectUserSid":"S-1-0-0","SubjectUserName":"-","SubjectDomainName":"-","SubjectLogonId":"0x0","TargetUserSid":"S-1-5-21-3263964631-4121654051-1417071188-1156","TargetUserName":"alice.young","TargetDomainName":"LUNARSTIIINESS.COM","TargetLogonId":"0xae855888","LogonType":"3","LogonProcessName":"Kerberos","AuthenticationPackageName":"Kerberos","WorkstationName":"-","LogonGuid":"{5cfaa7bd-4b97-406f-453b-fd03925fc27b}","TransmittedServices":"-","LmPackageName":"-","KeyLength":"0","ProcessName":"-","IpAddress":"10.128.0.22","IpPort":"64613","ImpersonationLevel":"%%1840","RestrictedAdminMode":"-","TargetOutboundUserName":"-","TargetOutboundDomainName":"-","VirtualAccount":"%%1843","TargetLinkedLogonId":"0x0","ElevatedToken":"%%1842","EventReceivedTime":1683220047,"SourceModuleName":"windows_security_eventlog","SourceModuleType":"im_msvistalog"}
<14>May  4 17:07:26 win-server.lunarstiiiness.com Microsoft-Windows-Security-Auditing[580]: {"EventTime":1683220045,"Hostname":"win-server.lunarstiiiness.com","Keywords":-9214364837600034816,"EventType":"AUDIT_SUCCESS","SeverityValue":2,"Severity":"INFO","EventID":4648,"SourceName":"Microsoft-Windows-Security-Auditing","ProviderGuid":"{54849625-5478-4994-A5BA-3E3B0328C30D}","Version":0,"Task":12544,"OpcodeValue":0,"RecordNumber":5509980,"ActivityID":"{0239E03F-3717-0000-32BE-3DF9BE6DD901}","ProcessID":580,"ThreadID":608,"Channel":"Security","Message":"A logon was attempted using explicit credentials.\r\n\r\nSubject:\r\n\tSecurity ID:\t\tS-1-5-18\r\n\tAccount Name:\t\tWIN-SERVER$\r\n\tAccount Domain:\t\tLUNARSTIIINESS\r\n\tLogon ID:\t\t0x3E7\r\n\tLogon GUID:\t\t{00000000-0000-0000-0000-000000000000}\r\n\r\nAccount Whose Credentials Were Used:\r\n\tAccount Name:\t\talice.young\r\n\tAccount Domain:\t\tLUNARSTIIINESS\r\n\tLogon GUID:\t\t{4F6499CF-EF76-ADA3-7ABD-697D0EF6E193}\r\n\r\nTarget Server:\r\n\tTarget Server Name:\tlocalhost\r\n\tAdditional Information:\tlocalhost\r\n\r\nProcess Information:\r\n\tProcess ID:\t\t0x410\r\n\tProcess Name:\t\tC:\\Windows\\System32\\svchost.exe\r\n\r\nNetwork Information:\r\n\tNetwork Address:\t108.44.242.211\r\n\tPort:\t\t\t0\r\n\r\nThis event is generated when a process attempts to log on an account by explicitly specifying that account's credentials.  This most commonly occurs in batch-type configurations such as scheduled tasks, or when using the RUNAS command.","Category":"Logon","Opcode":"Info","SubjectUserSid":"S-1-5-18","SubjectUserName":"WIN-SERVER$","SubjectDomainName":"LUNARSTIIINESS","SubjectLogonId":"0x3e7","LogonGuid":"{00000000-0000-0000-0000-000000000000}","TargetUserName":"alice.young","TargetDomainName":"LUNARSTIIINESS","TargetLogonGuid":"{4F6499CF-EF76-ADA3-7ABD-697D0EF6E193}","TargetServerName":"localhost","TargetInfo":"localhost","ProcessName":"C:\\Windows\\System32\\svchost.exe","IpAddress":"108.44.242.211","IpPort":"0","EventReceivedTime":1683220046,"SourceModuleName":"in_default_channels","SourceModuleType":"im_msvistalog"}
<14>May  4 17:07:27 win-adfs.lunarstiiiness.com Microsoft-Windows-Security-Auditing[624]: {"EventTime":1683220045,"Hostname":"win-adfs.lunarstiiiness.com","Keywords":-9214364837600034816,"EventType":"AUDIT_SUCCESS","SeverityValue":2,"Severity":"INFO","EventID":4769,"SourceName":"Microsoft-Windows-Security-Auditing","ProviderGuid":"{54849625-5478-4994-A5BA-3E3B0328C30D}","Version":0,"Task":14337,"OpcodeValue":0,"RecordNumber":41669312,"ProcessID":624,"ThreadID":2060,"Channel":"Security","Message":"A Kerberos service ticket was requested.\r\n\r\nAccount Information:\r\n\tAccount Name:\t\talice.young@LUNARSTIIINESS.COM\r\n\tAccount Domain:\t\tLUNARSTIIINESS.COM\r\n\tLogon GUID:\t\t{4f6499cf-ef76-ada3-7abd-697d0ef6e193}\r\n\r\nService Information:\r\n\tService Name:\t\tWIN-SERVER$\r\n\tService ID:\t\tS-1-5-21-3263964631-4121654051-1417071188-1106\r\n\r\nNetwork Information:\r\n\tClient Address:\t\t::ffff:10.128.0.22\r\n\tClient Port:\t\t64609\r\n\r\nAdditional Information:\r\n\tTicket Options:\t\t0x40810000\r\n\tTicket Encryption Type:\t0x12\r\n\tFailure Code:\t\t0x0\r\n\tTransited Services:\t-\r\n\r\nThis event is generated every time access is requested to a resource such as a computer or a Windows service.  The service name indicates the resource to which access was requested.\r\n\r\nThis event can be correlated with Windows logon events by comparing the Logon GUID fields in each event.  The logon event occurs on the machine that was accessed, which is often a different machine than the domain controller which issued the service ticket.\r\n\r\nTicket options, encryption types, and failure codes are defined in RFC 4120.","Category":"Kerberos Service Ticket Operations","Opcode":"Info","TargetUserName":"alice.young@LUNARSTIIINESS.COM","TargetDomainName":"LUNARSTIIINESS.COM","ServiceName":"WIN-SERVER$","ServiceSid":"S-1-5-21-3263964631-4121654051-1417071188-1106","TicketOptions":"0x40810000","TicketEncryptionType":"0x12","IpAddress":"::ffff:10.128.0.22","IpPort":"64609","Status":"0x0","LogonGuid":"{4f6499cf-ef76-ada3-7abd-697d0ef6e193}","TransmittedServices":"-","EventReceivedTime":1683220047,"SourceModuleName":"windows_security_eventlog","SourceModuleType":"im_msvistalog"}
<14>May  4 17:07:26 win-server.lunarstiiiness.com Microsoft-Windows-Security-Auditing[580]: {"EventTime":1683220045,"Hostname":"win-server.lunarstiiiness.com","Keywords":-9214364837600034816,"EventType":"AUDIT_SUCCESS","SeverityValue":2,"Severity":"INFO","EventID":4624,"SourceName":"Microsoft-Windows-Security-Auditing","ProviderGuid":"{54849625-5478-4994-A5BA-3E3B0328C30D}","Version":2,"Task":12544,"OpcodeValue":0,"RecordNumber":5509981,"ActivityID":"{0239E03F-3717-0000-32BE-3DF9BE6DD901}","ProcessID":580,"ThreadID":608,"Channel":"Security","Message":"An account was successfully logged on.\r\n\r\nSubject:\r\n\tSecurity ID:\t\tS-1-5-18\r\n\tAccount Name:\t\tWIN-SERVER$\r\n\tAccount Domain:\t\tLUNARSTIIINESS\r\n\tLogon ID:\t\t0x3E7\r\n\r\nLogon Information:\r\n\tLogon Type:\t\t10\r\n\tRestricted Admin Mode:\tNo\r\n\tVirtual Account:\t\tNo\r\n\tElevated Token:\t\tNo\r\n\r\nImpersonation Level:\t\tImpersonation\r\n\r\nNew Logon:\r\n\tSecurity ID:\t\tS-1-5-21-3263964631-4121654051-1417071188-1156\r\n\tAccount Name:\t\talice.young\r\n\tAccount Domain:\t\tLUNARSTIIINESS\r\n\tLogon ID:\t\t0x4832A54B\r\n\tLinked Logon ID:\t\t0x0\r\n\tNetwork Account Name:\t-\r\n\tNetwork Account Domain:\t-\r\n\tLogon GUID:\t\t{4F6499CF-EF76-ADA3-7ABD-697D0EF6E193}\r\n\r\nProcess Information:\r\n\tProcess ID:\t\t0x410\r\n\tProcess Name:\t\tC:\\Windows\\System32\\svchost.exe\r\n\r\nNetwork Information:\r\n\tWorkstation Name:\tWIN-SERVER\r\n\tSource Network Address:\t108.44.242.211\r\n\tSource Port:\t\t0\r\n\r\nDetailed Authentication Information:\r\n\tLogon Process:\t\tUser32 \r\n\tAuthentication Package:\tNegotiate\r\n\tTransited Services:\t-\r\n\tPackage Name (NTLM only):\t-\r\n\tKey Length:\t\t0\r\n\r\nThis event is generated when a logon session is created. It is generated on the computer that was accessed.\r\n\r\nThe subject fields indicate the account on the local system which requested the logon. This is most commonly a service such as the Server service, or a local process such as Winlogon.exe or Services.exe.\r\n\r\nThe logon type field indicates the kind of logon that occurred. The most common types are 2 (interactive) and 3 (network).\r\n\r\nThe New Logon fields indicate the account for whom the new logon was created, i.e. the account that was logged on.\r\n\r\nThe network fields indicate where a remote logon request originated. Workstation name is not always available and may be left blank in some cases.\r\n\r\nThe impersonation level field indicates the extent to which a process in the logon session can impersonate.\r\n\r\nThe authentication information fields provide detailed information about this specific logon request.\r\n\t- Logon GUID is a unique identifier that can be used to correlate this event with a KDC event.\r\n\t- Transited services indicate which intermediate services have participated in this logon request.\r\n\t- Package name indicates which sub-protocol was used among the NTLM protocols.\r\n\t- Key length indicates the length of the generated session key. This will be 0 if no session key was requested.","Category":"Logon","Opcode":"Info","SubjectUserSid":"S-1-5-18","SubjectUserName":"WIN-SERVER$","SubjectDomainName":"LUNARSTIIINESS","SubjectLogonId":"0x3e7","TargetUserSid":"S-1-5-21-3263964631-4121654051-1417071188-1156","TargetUserName":"alice.young","TargetDomainName":"LUNARSTIIINESS","TargetLogonId":"0x4832a54b","LogonType":"10","LogonProcessName":"User32 ","AuthenticationPackageName":"Negotiate","WorkstationName":"WIN-SERVER","LogonGuid":"{4F6499CF-EF76-ADA3-7ABD-697D0EF6E193}","TransmittedServices":"-","LmPackageName":"-","KeyLength":"0","ProcessName":"C:\\Windows\\System32\\svchost.exe","IpAddress":"108.44.242.211","IpPort":"0","ImpersonationLevel":"%%1833","RestrictedAdminMode":"%%1843","TargetOutboundUserName":"-","TargetOutboundDomainName":"-","VirtualAccount":"%%1843","TargetLinkedLogonId":"0x0","ElevatedToken":"%%1843","EventReceivedTime":1683220046,"SourceModuleName":"in_default_channels","SourceModuleType":"im_msvistalog"}
<14>May  4 17:07:27 win-adfs.lunarstiiiness.com Microsoft-Windows-Security-Auditing[624]: {"EventTime":1683220045,"Hostname":"win-adfs.lunarstiiiness.com","Keywords":-9214364837600034816,"EventType":"AUDIT_SUCCESS","SeverityValue":2,"Severity":"INFO","EventID":4769,"SourceName":"Microsoft-Windows-Security-Auditing","ProviderGuid":"{54849625-5478-4994-A5BA-3E3B0328C30D}","Version":0,"Task":14337,"OpcodeValue":0,"RecordNumber":41669323,"ProcessID":624,"ThreadID":2060,"Channel":"Security","Message":"A Kerberos service ticket was requested.\r\n\r\nAccount Information:\r\n\tAccount Name:\t\talice.young@LUNARSTIIINESS.COM\r\n\tAccount Domain:\t\tLUNARSTIIINESS.COM\r\n\tLogon GUID:\t\t{4f6499cf-ef76-ada3-7abd-697d0ef6e193}\r\n\r\nService Information:\r\n\tService Name:\t\tkrbtgt\r\n\tService ID:\t\tS-1-5-21-3263964631-4121654051-1417071188-502\r\n\r\nNetwork Information:\r\n\tClient Address:\t\t::ffff:10.128.0.22\r\n\tClient Port:\t\t64615\r\n\r\nAdditional Information:\r\n\tTicket Options:\t\t0x60810010\r\n\tTicket Encryption Type:\t0x12\r\n\tFailure Code:\t\t0x0\r\n\tTransited Services:\t-\r\n\r\nThis event is generated every time access is requested to a resource such as a computer or a Windows service.  The service name indicates the resource to which access was requested.\r\n\r\nThis event can be correlated with Windows logon events by comparing the Logon GUID fields in each event.  The logon event occurs on the machine that was accessed, which is often a different machine than the domain controller which issued the service ticket.\r\n\r\nTicket options, encryption types, and failure codes are defined in RFC 4120.","Category":"Kerberos Service Ticket Operations","Opcode":"Info","TargetUserName":"alice.young@LUNARSTIIINESS.COM","TargetDomainName":"LUNARSTIIINESS.COM","ServiceName":"krbtgt","ServiceSid":"S-1-5-21-3263964631-4121654051-1417071188-502","TicketOptions":"0x60810010","TicketEncryptionType":"0x12","IpAddress":"::ffff:10.128.0.22","IpPort":"64615","Status":"0x0","LogonGuid":"{4f6499cf-ef76-ada3-7abd-697d0ef6e193}","TransmittedServices":"-","EventReceivedTime":1683220047,"SourceModuleName":"windows_security_eventlog","SourceModuleType":"im_msvistalog"}
<14>May  4 17:07:27 win-adfs.lunarstiiiness.com Microsoft-Windows-Security-Auditing[624]: {"EventTime":1683220045,"Hostname":"win-adfs.lunarstiiiness.com","Keywords":-9214364837600034816,"EventType":"AUDIT_SUCCESS","SeverityValue":2,"Severity":"INFO","EventID":4769,"SourceName":"Microsoft-Windows-Security-Auditing","ProviderGuid":"{54849625-5478-4994-A5BA-3E3B0328C30D}","Version":0,"Task":14337,"OpcodeValue":0,"RecordNumber":41669315,"ProcessID":624,"ThreadID":2060,"Channel":"Security","Message":"A Kerberos service ticket was requested.\r\n\r\nAccount Information:\r\n\tAccount Name:\t\talice.young@LUNARSTIIINESS.COM\r\n\tAccount Domain:\t\tLUNARSTIIINESS.COM\r\n\tLogon GUID:\t\t{4f6499cf-ef76-ada3-7abd-697d0ef6e193}\r\n\r\nService Information:\r\n\tService Name:\t\tWIN-ADFS$\r\n\tService ID:\t\tS-1-5-21-3263964631-4121654051-1417071188-1003\r\n\r\nNetwork Information:\r\n\tClient Address:\t\t::ffff:10.128.0.22\r\n\tClient Port:\t\t64612\r\n\r\nAdditional Information:\r\n\tTicket Options:\t\t0x40800000\r\n\tTicket Encryption Type:\t0x12\r\n\tFailure Code:\t\t0x0\r\n\tTransited Services:\t-\r\n\r\nThis event is generated every time access is requested to a resource such as a computer or a Windows service.  The service name indicates the resource to which access was requested.\r\n\r\nThis event can be correlated with Windows logon events by comparing the Logon GUID fields in each event.  The logon event occurs on the machine that was accessed, which is often a different machine than the domain controller which issued the service ticket.\r\n\r\nTicket options, encryption types, and failure codes are defined in RFC 4120.","Category":"Kerberos Service Ticket Operations","Opcode":"Info","TargetUserName":"alice.young@LUNARSTIIINESS.COM","TargetDomainName":"LUNARSTIIINESS.COM","ServiceName":"WIN-ADFS$","ServiceSid":"S-1-5-21-3263964631-4121654051-1417071188-1003","TicketOptions":"0x40800000","TicketEncryptionType":"0x12","IpAddress":"::ffff:10.128.0.22","IpPort":"64612","Status":"0x0","LogonGuid":"{4f6499cf-ef76-ada3-7abd-697d0ef6e193}","TransmittedServices":"-","EventReceivedTime":1683220047,"SourceModuleName":"windows_security_eventlog","SourceModuleType":"im_msvistalog"}
<14>May  4 17:07:27 win-adfs.lunarstiiiness.com Microsoft-Windows-Security-Auditing[624]: {"EventTime":1683220045,"Hostname":"win-adfs.lunarstiiiness.com","Keywords":-9214364837600034816,"EventType":"AUDIT_SUCCESS","SeverityValue":2,"Severity":"INFO","EventID":4768,"SourceName":"Microsoft-Windows-Security-Auditing","ProviderGuid":"{54849625-5478-4994-A5BA-3E3B0328C30D}","Version":0,"Task":14339,"OpcodeValue":0,"RecordNumber":41669310,"ProcessID":624,"ThreadID":2060,"Channel":"Security","Message":"A Kerberos authentication ticket (TGT) was requested.\r\n\r\nAccount Information:\r\n\tAccount Name:\t\talice.young\r\n\tSupplied Realm Name:\tlunarstiiiness.com\r\n\tUser ID:\t\t\tS-1-5-21-3263964631-4121654051-1417071188-1156\r\n\r\nService Information:\r\n\tService Name:\t\tkrbtgt\r\n\tService ID:\t\tS-1-5-21-3263964631-4121654051-1417071188-502\r\n\r\nNetwork Information:\r\n\tClient Address:\t\t::ffff:10.128.0.22\r\n\tClient Port:\t\t64608\r\n\r\nAdditional Information:\r\n\tTicket Options:\t\t0x40810010\r\n\tResult Code:\t\t0x0\r\n\tTicket Encryption Type:\t0x12\r\n\tPre-Authentication Type:\t2\r\n\r\nCertificate Information:\r\n\tCertificate Issuer Name:\t\t\r\n\tCertificate Serial Number:\t\r\n\tCertificate Thumbprint:\t\t\r\n\r\nCertificate information is only provided if a certificate was used for pre-authentication.\r\n\r\nPre-authentication types, ticket options, encryption types and result codes are defined in RFC 4120.","Category":"Kerberos Authentication Service","Opcode":"Info","TargetUserName":"alice.young","TargetDomainName":"lunarstiiiness.com","TargetSid":"S-1-5-21-3263964631-4121654051-1417071188-1156","ServiceName":"krbtgt","ServiceSid":"S-1-5-21-3263964631-4121654051-1417071188-502","TicketOptions":"0x40810010","Status":"0x0","TicketEncryptionType":"0x12","PreAuthType":"2","IpAddress":"::ffff:10.128.0.22","IpPort":"64608","EventReceivedTime":1683220047,"SourceModuleName":"windows_security_eventlog","SourceModuleType":"im_msvistalog"}
<14>May  4 17:07:27 win-adfs.lunarstiiiness.com Microsoft-Windows-Security-Auditing[624]: {"EventTime":1683220045,"Hostname":"win-adfs.lunarstiiiness.com","Keywords":-9214364837600034816,"EventType":"AUDIT_SUCCESS","SeverityValue":2,"Severity":"INFO","EventID":4672,"SourceName":"Microsoft-Windows-Security-Auditing","ProviderGuid":"{54849625-5478-4994-A5BA-3E3B0328C30D}","Version":0,"Task":12548,"OpcodeValue":0,"RecordNumber":41669324,"ActivityID":"{8F8F53C1-AEDC-0000-D0D4-CF81F46CD901}","ProcessID":624,"ThreadID":5648,"Channel":"Security","Message":"Special privileges assigned to new logon.\r\n\r\nSubject:\r\n\tSecurity ID:\t\tS-1-5-21-3263964631-4121654051-1417071188-1156\r\n\tAccount Name:\t\talice.young\r\n\tAccount Domain:\t\tLUNARSTIIINESS\r\n\tLogon ID:\t\t0xAE855888\r\n\r\nPrivileges:\t\tSeSecurityPrivilege\r\n\t\t\tSeBackupPrivilege\r\n\t\t\tSeRestorePrivilege\r\n\t\t\tSeTakeOwnershipPrivilege\r\n\t\t\tSeDebugPrivilege\r\n\t\t\tSeSystemEnvironmentPrivilege\r\n\t\t\tSeLoadDriverPrivilege\r\n\t\t\tSeImpersonatePrivilege\r\n\t\t\tSeDelegateSessionUserImpersonatePrivilege\r\n\t\t\tSeEnableDelegationPrivilege","Category":"Special Logon","Opcode":"Info","SubjectUserSid":"S-1-5-21-3263964631-4121654051-1417071188-1156","SubjectUserName":"alice.young","SubjectDomainName":"LUNARSTIIINESS","SubjectLogonId":"0xae855888","PrivilegeList":"SeSecurityPrivilege\r\n\t\t\tSeBackupPrivilege\r\n\t\t\tSeRestorePrivilege\r\n\t\t\tSeTakeOwnershipPrivilege\r\n\t\t\tSeDebugPrivilege\r\n\t\t\tSeSystemEnvironmentPrivilege\r\n\t\t\tSeLoadDriverPrivilege\r\n\t\t\tSeImpersonatePrivilege\r\n\t\t\tSeDelegateSessionUserImpersonatePrivilege\r\n\t\t\tSeEnableDelegationPrivilege","EventReceivedTime":1683220047,"SourceModuleName":"windows_security_eventlog","SourceModuleType":"im_msvistalog"}
<14>May  4 17:07:27 win-adfs.lunarstiiiness.com Microsoft-Windows-Security-Auditing[624]: {"EventTime":1683220045,"Hostname":"win-adfs.lunarstiiiness.com","Keywords":-9214364837600034816,"EventType":"AUDIT_SUCCESS","SeverityValue":2,"Severity":"INFO","EventID":4672,"SourceName":"Microsoft-Windows-Security-Auditing","ProviderGuid":"{54849625-5478-4994-A5BA-3E3B0328C30D}","Version":0,"Task":12548,"OpcodeValue":0,"RecordNumber":41669316,"ProcessID":624,"ThreadID":4384,"Channel":"Security","Message":"Special privileges assigned to new logon.\r\n\r\nSubject:\r\n\tSecurity ID:\t\tS-1-5-21-3263964631-4121654051-1417071188-1156\r\n\tAccount Name:\t\talice.young\r\n\tAccount Domain:\t\tLUNARSTIIINESS\r\n\tLogon ID:\t\t0xAE85584D\r\n\r\nPrivileges:\t\tSeSecurityPrivilege\r\n\t\t\tSeBackupPrivilege\r\n\t\t\tSeRestorePrivilege\r\n\t\t\tSeTakeOwnershipPrivilege\r\n\t\t\tSeDebugPrivilege\r\n\t\t\tSeSystemEnvironmentPrivilege\r\n\t\t\tSeLoadDriverPrivilege\r\n\t\t\tSeImpersonatePrivilege\r\n\t\t\tSeDelegateSessionUserImpersonatePrivilege\r\n\t\t\tSeEnableDelegationPrivilege","Category":"Special Logon","Opcode":"Info","SubjectUserSid":"S-1-5-21-3263964631-4121654051-1417071188-1156","SubjectUserName":"alice.young","SubjectDomainName":"LUNARSTIIINESS","SubjectLogonId":"0xae85584d","PrivilegeList":"SeSecurityPrivilege\r\n\t\t\tSeBackupPrivilege\r\n\t\t\tSeRestorePrivilege\r\n\t\t\tSeTakeOwnershipPrivilege\r\n\t\t\tSeDebugPrivilege\r\n\t\t\tSeSystemEnvironmentPrivilege\r\n\t\t\tSeLoadDriverPrivilege\r\n\t\t\tSeImpersonatePrivilege\r\n\t\t\tSeDelegateSessionUserImpersonatePrivilege\r\n\t\t\tSeEnableDelegationPrivilege","EventReceivedTime":1683220047,"SourceModuleName":"windows_security_eventlog","SourceModuleType":"im_msvistalog"}
<14>May  4 17:07:27 win-adfs.lunarstiiiness.com Microsoft-Windows-Security-Auditing[624]: {"EventTime":1683220045,"Hostname":"win-adfs.lunarstiiiness.com","Keywords":-9214364837600034816,"EventType":"AUDIT_SUCCESS","SeverityValue":2,"Severity":"INFO","EventID":4769,"SourceName":"Microsoft-Windows-Security-Auditing","ProviderGuid":"{54849625-5478-4994-A5BA-3E3B0328C30D}","Version":0,"Task":14337,"OpcodeValue":0,"RecordNumber":41669321,"ProcessID":624,"ThreadID":2060,"Channel":"Security","Message":"A Kerberos service ticket was requested.\r\n\r\nAccount Information:\r\n\tAccount Name:\t\talice.young@LUNARSTIIINESS.COM\r\n\tAccount Domain:\t\tLUNARSTIIINESS.COM\r\n\tLogon GUID:\t\t{4f6499cf-ef76-ada3-7abd-697d0ef6e193}\r\n\r\nService Information:\r\n\tService Name:\t\tWIN-ADFS$\r\n\tService ID:\t\tS-1-5-21-3263964631-4121654051-1417071188-1003\r\n\r\nNetwork Information:\r\n\tClient Address:\t\t::ffff:10.128.0.22\r\n\tClient Port:\t\t64614\r\n\r\nAdditional Information:\r\n\tTicket Options:\t\t0x40810000\r\n\tTicket Encryption Type:\t0x12\r\n\tFailure Code:\t\t0x0\r\n\tTransited Services:\t-\r\n\r\nThis event is generated every time access is requested to a resource such as a computer or a Windows service.  The service name indicates the resource to which access was requested.\r\n\r\nThis event can be correlated with Windows logon events by comparing the Logon GUID fields in each event.  The logon event occurs on the machine that was accessed, which is often a different machine than the domain controller which issued the service ticket.\r\n\r\nTicket options, encryption types, and failure codes are defined in RFC 4120.","Category":"Kerberos Service Ticket Operations","Opcode":"Info","TargetUserName":"alice.young@LUNARSTIIINESS.COM","TargetDomainName":"LUNARSTIIINESS.COM","ServiceName":"WIN-ADFS$","ServiceSid":"S-1-5-21-3263964631-4121654051-1417071188-1003","TicketOptions":"0x40810000","TicketEncryptionType":"0x12","IpAddress":"::ffff:10.128.0.22","IpPort":"64614","Status":"0x0","LogonGuid":"{4f6499cf-ef76-ada3-7abd-697d0ef6e193}","TransmittedServices":"-","EventReceivedTime":1683220047,"SourceModuleName":"windows_security_eventlog","SourceModuleType":"im_msvistalog"}
<14>May  4 17:07:26 win-server.lunarstiiiness.com Microsoft-Windows-Kernel-General[1040]: {"EventTime":1683220046,"Hostname":"win-server.lunarstiiiness.com","Keywords":-9223372036854775808,"EventType":"INFO","SeverityValue":2,"Severity":"INFO","EventID":16,"SourceName":"Microsoft-Windows-Kernel-General","ProviderGuid":"{A68CA8B7-004F-D7B6-A698-07E2DE0F1F5D}","Version":0,"Task":0,"OpcodeValue":0,"RecordNumber":29863,"ProcessID":1040,"ThreadID":3256,"Channel":"System","Domain":"NT AUTHORITY","AccountName":"SYSTEM","UserID":"S-1-5-18","AccountType":"User","Message":"The access history in hive \\??\\C:\\Users\\alice.young\\ntuser.dat was cleared updating 12 keys and creating 6 modified pages.","Opcode":"Info","HiveNameLength":"35","HiveName":"\\??\\C:\\Users\\alice.young\\ntuser.dat","KeysUpdated":"12","DirtyPages":"6","EventReceivedTime":1683220046,"SourceModuleName":"in_default_channels","SourceModuleType":"im_msvistalog"}
<14>May 10 04:26:14 win-server.lunarstiiiness.com Microsoft-Windows-Kernel-General[1040]: {"EventTime":1683220046,"Hostname":"win-server.lunarstiiiness.com","Keywords":-9223372036854775808,"EventType":"INFO","SeverityValue":2,"Severity":"INFO","EventID":16,"SourceName":"Microsoft-Windows-Kernel-General","ProviderGuid":"{A68CA8B7-004F-D7B6-A698-07E2DE0F1F5D}","Version":0,"Task":0,"OpcodeValue":0,"RecordNumber":29863,"ProcessID":1040,"ThreadID":3256,"Channel":"System","Domain":"NT AUTHORITY","AccountName":"SYSTEM","UserID":"S-1-5-18","AccountType":"User","Message":"The access history in hive \\??\\C:\\Users\\alice.young\\ntuser.dat was cleared updating 12 keys and creating 6 modified pages.","Opcode":"Info","HiveNameLength":"35","HiveName":"\\??\\C:\\Users\\alice.young\\ntuser.dat","KeysUpdated":"12","DirtyPages":"6","EventReceivedTime":1683692774,"SourceModuleName":"in_default_channels","SourceModuleType":"im_msvistalog"}
<14>May  4 17:07:27 win-adfs.lunarstiiiness.com Microsoft-Windows-Security-Auditing[4]: {"EventTime":1683220046,"Hostname":"win-adfs.lunarstiiiness.com","Keywords":-9214364837600034816,"EventType":"AUDIT_SUCCESS","SeverityValue":2,"Severity":"INFO","EventID":5140,"SourceName":"Microsoft-Windows-Security-Auditing","ProviderGuid":"{54849625-5478-4994-A5BA-3E3B0328C30D}","Version":1,"Task":12808,"OpcodeValue":0,"RecordNumber":41669328,"ProcessID":4,"ThreadID":4036,"Channel":"Security","Message":"A network share object was accessed.\r\n\t\r\nSubject:\r\n\tSecurity ID:\t\tS-1-5-21-3263964631-4121654051-1417071188-1156\r\n\tAccount Name:\t\talice.young\r\n\tAccount Domain:\t\tLUNARSTIIINESS\r\n\tLogon ID:\t\t0xAE855888\r\n\r\nNetwork Information:\t\r\n\tObject Type:\t\tFile\r\n\tSource Address:\t\t10.128.0.22\r\n\tSource Port:\t\t64613\r\n\t\r\nShare Information:\r\n\tShare Name:\t\t\\\\*\\NETLOGON\r\n\tShare Path:\t\t\\??\\C:\\Windows\\SYSVOL\\sysvol\\lunarstiiiness.com\\SCRIPTS\r\n\r\nAccess Request Information:\r\n\tAccess Mask:\t\t0x1\r\n\tAccesses:\t\tReadData (or ListDirectory)\r\n\t\t\t\t\r\n","Category":"File Share","Opcode":"Info","SubjectUserSid":"S-1-5-21-3263964631-4121654051-1417071188-1156","SubjectUserName":"alice.young","SubjectDomainName":"LUNARSTIIINESS","SubjectLogonId":"0xae855888","ObjectType":"File","IpAddress":"10.128.0.22","IpPort":"64613","ShareName":"\\\\*\\NETLOGON","ShareLocalPath":"\\??\\C:\\Windows\\SYSVOL\\sysvol\\lunarstiiiness.com\\SCRIPTS","AccessMask":"0x1","AccessList":"%%4416\r\n\t\t\t\t","EventReceivedTime":1683220047,"SourceModuleName":"windows_security_eventlog","SourceModuleType":"im_msvistalog"}
