<14>May  4 17:07:47 win-adfs.lunarstiiiness.com Microsoft-Windows-Security-Auditing[624]: {"EventTime":1683220066,"Hostname":"win-adfs.lunarstiiiness.com","Keywords":-9214364837600034816,"EventType":"AUDIT_SUCCESS","SeverityValue":2,"Severity":"INFO","EventID":4634,"SourceName":"Microsoft-Windows-Security-Auditing","ProviderGuid":"{54849625-5478-4994-A5BA-3E3B0328C30D}","Version":0,"Task":12545,"OpcodeValue":0,"RecordNumber":41669467,"ProcessID":624,"ThreadID":4384,"Channel":"Security","Message":"An account was logged off.\r\n\r\nSubject:\r\n\tSecurity ID:\t\tS-1-5-21-3263964631-4121654051-1417071188-1156\r\n\tAccount Name:\t\talice.young\r\n\tAccount Domain:\t\tLUNARSTIIINESS\r\n\tLogon ID:\t\t0xAE86CBEB\r\n\r\nLogon Type:\t\t\t3\r\n\r\nThis event is generated when a logon session is destroyed. It may be positively correlated with a logon event using the Logon ID value. Logon IDs are only unique between reboots on the same computer.","Category":"Logoff","Opcode":"Info","TargetUserSid":"S-1-5-21-3263964631-4121654051-1417071188-1156","TargetUserName":"alice.young","TargetDomainName":"LUNARSTIIINESS","TargetLogonId":"0xae86cbeb","LogonType":"3","EventReceivedTime":1683220067,"SourceModuleName":"windows_security_eventlog","SourceModuleType":"im_msvistalog"}
<14>May  4 17:07:47 win-adfs.lunarstiiiness.com Microsoft-Windows-Security-Auditing[624]: {"EventTime":1683220066,"Hostname":"win-adfs.lunarstiiiness.com","Keywords":-9214364837600034816,"EventType":"AUDIT_SUCCESS","SeverityValue":2,"Severity":"INFO","EventID":4769,"SourceName":"Microsoft-Windows-Security-Auditing","ProviderGuid":"{54849625-5478-4994-A5BA-3E3B0328C30D}","Version":0,"Task":14337,"OpcodeValue":0,"RecordNumber":41669448,"ProcessID":624,"ThreadID":2060,"Channel":"Security","Message":"A Kerberos service ticket was requested.\r\n\r\nAccount Information:\r\n\tAccount Name:\t\talice.young@LUNARSTIIINESS.COM\r\n\tAccount Domain:\t\tLUNARSTIIINESS.COM\r\n\tLogon GUID:\t\t{fa30c167-f739-424b-2735-71114bdd83d3}\r\n\r\nService Information:\r\n\tService Name:\t\tWIN-ADFS$\r\n\tService ID:\t\tS-1-5-21-3263964631-4121654051-1417071188-1003\r\n\r\nNetwork Information:\r\n\tClient Address:\t\t::ffff:10.128.0.22\r\n\tClient Port:\t\t64628\r\n\r\nAdditional Information:\r\n\tTicket Options:\t\t0x40810000\r\n\tTicket Encryption Type:\t0x12\r\n\tFailure Code:\t\t0x0\r\n\tTransited Services:\t-\r\n\r\nThis event is generated every time access is requested to a resource such as a computer or a Windows service.  The service name indicates the resource to which access was requested.\r\n\r\nThis event can be correlated with Windows logon events by comparing the Logon GUID fields in each event.  The logon event occurs on the machine that was accessed, which is often a different machine than the domain controller which issued the service ticket.\r\n\r\nTicket options, encryption types, and failure codes are defined in RFC 4120.","Category":"Kerberos Service Ticket Operations","Opcode":"Info","TargetUserName":"alice.young@LUNARSTIIINESS.COM","TargetDomainName":"LUNARSTIIINESS.COM","ServiceName":"WIN-ADFS$","ServiceSid":"S-1-5-21-3263964631-4121654051-1417071188-1003","TicketOptions":"0x40810000","TicketEncryptionType":"0x12","IpAddress":"::ffff:10.128.0.22","IpPort":"64628","Status":"0x0","LogonGuid":"{fa30c167-f739-424b-2735-71114bdd83d3}","TransmittedServices":"-","EventReceivedTime":1683220067,"SourceModuleName":"windows_security_eventlog","SourceModuleType":"im_msvistalog"}
<14>May  4 17:07:47 win-adfs.lunarstiiiness.com Microsoft-Windows-Security-Auditing[624]: {"EventTime":1683220066,"Hostname":"win-adfs.lunarstiiiness.com","Keywords":-9214364837600034816,"EventType":"AUDIT_SUCCESS","SeverityValue":2,"Severity":"INFO","EventID":4769,"SourceName":"Microsoft-Windows-Security-Auditing","ProviderGuid":"{54849625-5478-4994-A5BA-3E3B0328C30D}","Version":0,"Task":14337,"OpcodeValue":0,"RecordNumber":41669441,"ProcessID":624,"ThreadID":2060,"Channel":"Security","Message":"A Kerberos service ticket was requested.\r\n\r\nAccount Information:\r\n\tAccount Name:\t\talice.young@LUNARSTIIINESS.COM\r\n\tAccount Domain:\t\tLUNARSTIIINESS.COM\r\n\tLogon GUID:\t\t{fa30c167-f739-424b-2735-71114bdd83d3}\r\n\r\nService Information:\r\n\tService Name:\t\tWIN-ADFS$\r\n\tService ID:\t\tS-1-5-21-3263964631-4121654051-1417071188-1003\r\n\r\nNetwork Information:\r\n\tClient Address:\t\t::ffff:10.128.0.22\r\n\tClient Port:\t\t64627\r\n\r\nAdditional Information:\r\n\tTicket Options:\t\t0x40810000\r\n\tTicket Encryption Type:\t0x12\r\n\tFailure Code:\t\t0x0\r\n\tTransited Services:\t-\r\n\r\nThis event is generated every time access is requested to a resource such as a computer or a Windows service.  The service name indicates the resource to which access was requested.\r\n\r\nThis event can be correlated with Windows logon events by comparing the Logon GUID fields in each event.  The logon event occurs on the machine that was accessed, which is often a different machine than the domain controller which issued the service ticket.\r\n\r\nTicket options, encryption types, and failure codes are defined in RFC 4120.","Category":"Kerberos Service Ticket Operations","Opcode":"Info","TargetUserName":"alice.young@LUNARSTIIINESS.COM","TargetDomainName":"LUNARSTIIINESS.COM","ServiceName":"WIN-ADFS$","ServiceSid":"S-1-5-21-3263964631-4121654051-1417071188-1003","TicketOptions":"0x40810000","TicketEncryptionType":"0x12","IpAddress":"::ffff:10.128.0.22","IpPort":"64627","Status":"0x0","LogonGuid":"{fa30c167-f739-424b-2735-71114bdd83d3}","TransmittedServices":"-","EventReceivedTime":1683220067,"SourceModuleName":"windows_security_eventlog","SourceModuleType":"im_msvistalog"}
<14>May  4 17:07:51 win-server.lunarstiiiness.com Microsoft-Windows-Security-Auditing[4]: {"EventTime":1683220069,"Hostname":"win-server.lunarstiiiness.com","Keywords":-9214364837600034816,"EventType":"AUDIT_SUCCESS","SeverityValue":2,"Severity":"INFO","EventID":4689,"SourceName":"Microsoft-Windows-Security-Auditing","ProviderGuid":"{54849625-5478-4994-A5BA-3E3B0328C30D}","Version":0,"Task":13313,"OpcodeValue":0,"RecordNumber":5510680,"ProcessID":4,"ThreadID":1764,"Channel":"Security","Message":"A process has exited.\r\n\r\nSubject:\r\n\tSecurity ID:\t\tS-1-5-21-3263964631-4121654051-1417071188-1156\r\n\tAccount Name:\t\talice.young\r\n\tAccount Domain:\t\tLUNARSTIIINESS\r\n\tLogon ID:\t\t0x4832A54B\r\n\r\nProcess Information:\r\n\tProcess ID:\t0x9d0\r\n\tProcess Name:\tC:\\Program Files (x86)\\Microsoft\\Edge\\Application\\msedge.exe\r\n\tExit Status:\t0x0","Category":"Process Termination","Opcode":"Info","SubjectUserSid":"S-1-5-21-3263964631-4121654051-1417071188-1156","SubjectUserName":"alice.young","SubjectDomainName":"LUNARSTIIINESS","SubjectLogonId":"0x4832a54b","Status":"0x0","ProcessName":"C:\\Program Files (x86)\\Microsoft\\Edge\\Application\\msedge.exe","EventReceivedTime":1683220071,"SourceModuleName":"in_default_channels","SourceModuleType":"im_msvistalog"}
<14>May  4 17:07:51 win-server.lunarstiiiness.com Microsoft-Windows-Security-Auditing[4]: {"EventTime":1683220069,"Hostname":"win-server.lunarstiiiness.com","Keywords":-9214364837600034816,"EventType":"AUDIT_SUCCESS","SeverityValue":2,"Severity":"INFO","EventID":4689,"SourceName":"Microsoft-Windows-Security-Auditing","ProviderGuid":"{54849625-5478-4994-A5BA-3E3B0328C30D}","Version":0,"Task":13313,"OpcodeValue":0,"RecordNumber":5510678,"ProcessID":4,"ThreadID":3368,"Channel":"Security","Message":"A process has exited.\r\n\r\nSubject:\r\n\tSecurity ID:\t\tS-1-5-21-3263964631-4121654051-1417071188-1156\r\n\tAccount Name:\t\talice.young\r\n\tAccount Domain:\t\tLUNARSTIIINESS\r\n\tLogon ID:\t\t0x4832A54B\r\n\r\nProcess Information:\r\n\tProcess ID:\t0x10a4\r\n\tProcess Name:\tC:\\Program Files (x86)\\Microsoft\\Edge\\Application\\msedge.exe\r\n\tExit Status:\t0x0","Category":"Process Termination","Opcode":"Info","SubjectUserSid":"S-1-5-21-3263964631-4121654051-1417071188-1156","SubjectUserName":"alice.young","SubjectDomainName":"LUNARSTIIINESS","SubjectLogonId":"0x4832a54b","Status":"0x0","ProcessName":"C:\\Program Files (x86)\\Microsoft\\Edge\\Application\\msedge.exe","EventReceivedTime":1683220071,"SourceModuleName":"in_default_channels","SourceModuleType":"im_msvistalog"}
<14>May  4 17:07:51 win-server.lunarstiiiness.com Microsoft-Windows-Security-Auditing[4]: {"EventTime":1683220069,"Hostname":"win-server.lunarstiiiness.com","Keywords":-9214364837600034816,"EventType":"AUDIT_SUCCESS","SeverityValue":2,"Severity":"INFO","EventID":4689,"SourceName":"Microsoft-Windows-Security-Auditing","ProviderGuid":"{54849625-5478-4994-A5BA-3E3B0328C30D}","Version":0,"Task":13313,"OpcodeValue":0,"RecordNumber":5510679,"ProcessID":4,"ThreadID":1764,"Channel":"Security","Message":"A process has exited.\r\n\r\nSubject:\r\n\tSecurity ID:\t\tS-1-5-21-3263964631-4121654051-1417071188-1156\r\n\tAccount Name:\t\talice.young\r\n\tAccount Domain:\t\tLUNARSTIIINESS\r\n\tLogon ID:\t\t0x4832A54B\r\n\r\nProcess Information:\r\n\tProcess ID:\t0x4dc\r\n\tProcess Name:\tC:\\Program Files (x86)\\Microsoft\\Edge\\Application\\msedge.exe\r\n\tExit Status:\t0x0","Category":"Process Termination","Opcode":"Info","SubjectUserSid":"S-1-5-21-3263964631-4121654051-1417071188-1156","SubjectUserName":"alice.young","SubjectDomainName":"LUNARSTIIINESS","SubjectLogonId":"0x4832a54b","Status":"0x0","ProcessName":"C:\\Program Files (x86)\\Microsoft\\Edge\\Application\\msedge.exe","EventReceivedTime":1683220071,"SourceModuleName":"in_default_channels","SourceModuleType":"im_msvistalog"}
<14>May  4 17:07:52 win-server.lunarstiiiness.com Microsoft-Windows-Security-Auditing[4]: {"EventTime":1683220070,"Hostname":"win-server.lunarstiiiness.com","Keywords":-9214364837600034816,"EventType":"AUDIT_SUCCESS","SeverityValue":2,"Severity":"INFO","EventID":4689,"SourceName":"Microsoft-Windows-Security-Auditing","ProviderGuid":"{54849625-5478-4994-A5BA-3E3B0328C30D}","Version":0,"Task":13313,"OpcodeValue":0,"RecordNumber":5511090,"ProcessID":4,"ThreadID":2092,"Channel":"Security","Message":"A process has exited.\r\n\r\nSubject:\r\n\tSecurity ID:\t\tS-1-5-21-3263964631-4121654051-1417071188-1156\r\n\tAccount Name:\t\talice.young\r\n\tAccount Domain:\t\tLUNARSTIIINESS\r\n\tLogon ID:\t\t0x4832A54B\r\n\r\nProcess Information:\r\n\tProcess ID:\t0x108c\r\n\tProcess Name:\tC:\\Program Files (x86)\\Microsoft\\Edge\\Application\\msedge.exe\r\n\tExit Status:\t0x0","Category":"Process Termination","Opcode":"Info","SubjectUserSid":"S-1-5-21-3263964631-4121654051-1417071188-1156","SubjectUserName":"alice.young","SubjectDomainName":"LUNARSTIIINESS","SubjectLogonId":"0x4832a54b","Status":"0x0","ProcessName":"C:\\Program Files (x86)\\Microsoft\\Edge\\Application\\msedge.exe","EventReceivedTime":1683220072,"SourceModuleName":"in_default_channels","SourceModuleType":"im_msvistalog"}
<14>May  4 17:07:51 win-server.lunarstiiiness.com Microsoft-Windows-Security-Auditing[4]: {"EventTime":1683220070,"Hostname":"win-server.lunarstiiiness.com","Keywords":-9214364837600034816,"EventType":"AUDIT_SUCCESS","SeverityValue":2,"Severity":"INFO","EventID":4689,"SourceName":"Microsoft-Windows-Security-Auditing","ProviderGuid":"{54849625-5478-4994-A5BA-3E3B0328C30D}","Version":0,"Task":13313,"OpcodeValue":0,"RecordNumber":5510886,"ProcessID":4,"ThreadID":4948,"Channel":"Security","Message":"A process has exited.\r\n\r\nSubject:\r\n\tSecurity ID:\t\tS-1-5-21-3263964631-4121654051-1417071188-1156\r\n\tAccount Name:\t\talice.young\r\n\tAccount Domain:\t\tLUNARSTIIINESS\r\n\tLogon ID:\t\t0x4832A54B\r\n\r\nProcess Information:\r\n\tProcess ID:\t0x690\r\n\tProcess Name:\tC:\\Windows\\System32\\userinit.exe\r\n\tExit Status:\t0x0","Category":"Process Termination","Opcode":"Info","SubjectUserSid":"S-1-5-21-3263964631-4121654051-1417071188-1156","SubjectUserName":"alice.young","SubjectDomainName":"LUNARSTIIINESS","SubjectLogonId":"0x4832a54b","Status":"0x0","ProcessName":"C:\\Windows\\System32\\userinit.exe","EventReceivedTime":1683220071,"SourceModuleName":"in_default_channels","SourceModuleType":"im_msvistalog"}
<14>May  4 17:07:52 win-server.lunarstiiiness.com Microsoft-Windows-Security-Auditing[4]: {"EventTime":1683220070,"Hostname":"win-server.lunarstiiiness.com","Keywords":-9214364837600034816,"EventType":"AUDIT_SUCCESS","SeverityValue":2,"Severity":"INFO","EventID":4689,"SourceName":"Microsoft-Windows-Security-Auditing","ProviderGuid":"{54849625-5478-4994-A5BA-3E3B0328C30D}","Version":0,"Task":13313,"OpcodeValue":0,"RecordNumber":5511088,"ProcessID":4,"ThreadID":3368,"Channel":"Security","Message":"A process has exited.\r\n\r\nSubject:\r\n\tSecurity ID:\t\tS-1-5-21-3263964631-4121654051-1417071188-1156\r\n\tAccount Name:\t\talice.young\r\n\tAccount Domain:\t\tLUNARSTIIINESS\r\n\tLogon ID:\t\t0x4832A54B\r\n\r\nProcess Information:\r\n\tProcess ID:\t0x1260\r\n\tProcess Name:\tC:\\Program Files (x86)\\Microsoft\\Edge\\Application\\msedge.exe\r\n\tExit Status:\t0x0","Category":"Process Termination","Opcode":"Info","SubjectUserSid":"S-1-5-21-3263964631-4121654051-1417071188-1156","SubjectUserName":"alice.young","SubjectDomainName":"LUNARSTIIINESS","SubjectLogonId":"0x4832a54b","Status":"0x0","ProcessName":"C:\\Program Files (x86)\\Microsoft\\Edge\\Application\\msedge.exe","EventReceivedTime":1683220072,"SourceModuleName":"in_default_channels","SourceModuleType":"im_msvistalog"}
<14>May  4 17:07:52 win-server.lunarstiiiness.com Microsoft-Windows-Security-Auditing[4]: {"EventTime":1683220070,"Hostname":"win-server.lunarstiiiness.com","Keywords":-9214364837600034816,"EventType":"AUDIT_SUCCESS","SeverityValue":2,"Severity":"INFO","EventID":4688,"SourceName":"Microsoft-Windows-Security-Auditing","ProviderGuid":"{54849625-5478-4994-A5BA-3E3B0328C30D}","Version":2,"Task":13312,"OpcodeValue":0,"RecordNumber":5511089,"ProcessID":4,"ThreadID":3368,"Channel":"Security","Message":"A new process has been created.\r\n\r\nCreator Subject:\r\n\tSecurity ID:\t\tS-1-5-18\r\n\tAccount Name:\t\tWIN-SERVER$\r\n\tAccount Domain:\t\tLUNARSTIIINESS\r\n\tLogon ID:\t\t0x3E7\r\n\r\nTarget Subject:\r\n\tSecurity ID:\t\tS-1-5-21-3263964631-4121654051-1417071188-1156\r\n\tAccount Name:\t\talice.young\r\n\tAccount Domain:\t\tLUNARSTIIINESS\r\n\tLogon ID:\t\t0x4832A54B\r\n\r\nProcess Information:\r\n\tNew Process ID:\t\t0xfe8\r\n\tNew Process Name:\tC:\\Windows\\SysWOW64\\dllhost.exe\r\n\tToken Elevation Type:\t%%1936\r\n\tMandatory Label:\t\tS-1-16-8192\r\n\tCreator Process ID:\t0x294\r\n\tCreator Process Name:\tC:\\Windows\\System32\\svchost.exe\r\n\tProcess Command Line:\tC:\\Windows\\SysWOW64\\DllHost.exe /Processid:{06622D85-6856-4460-8DE1-A81921B41C4B}\r\n\r\nToken Elevation Type indicates the type of token that was assigned to the new process in accordance with User Account Control policy.\r\n\r\nType 1 is a full token with no privileges removed or groups disabled.  A full token is only used if User Account Control is disabled or if the user is the built-in Administrator account or a service account.\r\n\r\nType 2 is an elevated token with no privileges removed or groups disabled.  An elevated token is used when User Account Control is enabled and the user chooses to start the program using Run as administrator.  An elevated token is also used when an application is configured to always require administrative privilege or to always require maximum privilege, and the user is a member of the Administrators group.\r\n\r\nType 3 is a limited token with administrative privileges removed and administrative groups disabled.  The limited token is used when User Account Control is enabled, the application does not require administrative privilege, and the user does not choose to start the program using Run as administrator.","Category":"Process Creation","Opcode":"Info","SubjectUserSid":"S-1-5-18","SubjectUserName":"WIN-SERVER$","SubjectDomainName":"LUNARSTIIINESS","SubjectLogonId":"0x3e7","NewProcessId":"0xfe8","NewProcessName":"C:\\Windows\\SysWOW64\\dllhost.exe","TokenElevationType":"%%1936","CommandLine":"C:\\Windows\\SysWOW64\\DllHost.exe /Processid:{06622D85-6856-4460-8DE1-A81921B41C4B}","TargetUserSid":"S-1-5-21-3263964631-4121654051-1417071188-1156","TargetUserName":"alice.young","TargetDomainName":"LUNARSTIIINESS","TargetLogonId":"0x4832a54b","ParentProcessName":"C:\\Windows\\System32\\svchost.exe","MandatoryLabel":"S-1-16-8192","EventReceivedTime":1683220072,"SourceModuleName":"in_default_channels","SourceModuleType":"im_msvistalog"}
<14>May  4 17:07:52 win-server.lunarstiiiness.com Microsoft-Windows-Security-Auditing[4]: {"EventTime":1683220071,"Hostname":"win-server.lunarstiiiness.com","Keywords":-9214364837600034816,"EventType":"AUDIT_SUCCESS","SeverityValue":2,"Severity":"INFO","EventID":4688,"SourceName":"Microsoft-Windows-Security-Auditing","ProviderGuid":"{54849625-5478-4994-A5BA-3E3B0328C30D}","Version":2,"Task":13312,"OpcodeValue":0,"RecordNumber":5511094,"ProcessID":4,"ThreadID":8,"Channel":"Security","Message":"A new process has been created.\r\n\r\nCreator Subject:\r\n\tSecurity ID:\t\tS-1-5-18\r\n\tAccount Name:\t\tWIN-SERVER$\r\n\tAccount Domain:\t\tLUNARSTIIINESS\r\n\tLogon ID:\t\t0x3E7\r\n\r\nTarget Subject:\r\n\tSecurity ID:\t\tS-1-5-21-3263964631-4121654051-1417071188-1156\r\n\tAccount Name:\t\talice.young\r\n\tAccount Domain:\t\tLUNARSTIIINESS\r\n\tLogon ID:\t\t0x4832A54B\r\n\r\nProcess Information:\r\n\tNew Process ID:\t\t0x1274\r\n\tNew Process Name:\tC:\\Windows\\System32\\dllhost.exe\r\n\tToken Elevation Type:\t%%1936\r\n\tMandatory Label:\t\tS-1-16-8192\r\n\tCreator Process ID:\t0x294\r\n\tCreator Process Name:\tC:\\Windows\\System32\\svchost.exe\r\n\tProcess Command Line:\tC:\\Windows\\system32\\DllHost.exe /Processid:{AB8902B4-09CA-4BB6-B78D-A8F59079A8D5}\r\n\r\nToken Elevation Type indicates the type of token that was assigned to the new process in accordance with User Account Control policy.\r\n\r\nType 1 is a full token with no privileges removed or groups disabled.  A full token is only used if User Account Control is disabled or if the user is the built-in Administrator account or a service account.\r\n\r\nType 2 is an elevated token with no privileges removed or groups disabled.  An elevated token is used when User Account Control is enabled and the user chooses to start the program using Run as administrator.  An elevated token is also used when an application is configured to always require administrative privilege or to always require maximum privilege, and the user is a member of the Administrators group.\r\n\r\nType 3 is a limited token with administrative privileges removed and administrative groups disabled.  The limited token is used when User Account Control is enabled, the application does not require administrative privilege, and the user does not choose to start the program using Run as administrator.","Category":"Process Creation","Opcode":"Info","SubjectUserSid":"S-1-5-18","SubjectUserName":"WIN-SERVER$","SubjectDomainName":"LUNARSTIIINESS","SubjectLogonId":"0x3e7","NewProcessId":"0x1274","NewProcessName":"C:\\Windows\\System32\\dllhost.exe","TokenElevationType":"%%1936","CommandLine":"C:\\Windows\\system32\\DllHost.exe /Processid:{AB8902B4-09CA-4BB6-B78D-A8F59079A8D5}","TargetUserSid":"S-1-5-21-3263964631-4121654051-1417071188-1156","TargetUserName":"alice.young","TargetDomainName":"LUNARSTIIINESS","TargetLogonId":"0x4832a54b","ParentProcessName":"C:\\Windows\\System32\\svchost.exe","MandatoryLabel":"S-1-16-8192","EventReceivedTime":1683220072,"SourceModuleName":"in_default_channels","SourceModuleType":"im_msvistalog"}
<14>May  4 17:07:54 win-server.lunarstiiiness.com Microsoft-Windows-Security-Auditing[4]: {"EventTime":1683220073,"Hostname":"win-server.lunarstiiiness.com","Keywords":-9214364837600034816,"EventType":"AUDIT_SUCCESS","SeverityValue":2,"Severity":"INFO","EventID":4688,"SourceName":"Microsoft-Windows-Security-Auditing","ProviderGuid":"{54849625-5478-4994-A5BA-3E3B0328C30D}","Version":2,"Task":13312,"OpcodeValue":0,"RecordNumber":5511096,"ProcessID":4,"ThreadID":5012,"Channel":"Security","Message":"A new process has been created.\r\n\r\nCreator Subject:\r\n\tSecurity ID:\t\tS-1-5-18\r\n\tAccount Name:\t\tWIN-SERVER$\r\n\tAccount Domain:\t\tLUNARSTIIINESS\r\n\tLogon ID:\t\t0x3E7\r\n\r\nTarget Subject:\r\n\tSecurity ID:\t\tS-1-5-21-3263964631-4121654051-1417071188-1156\r\n\tAccount Name:\t\talice.young\r\n\tAccount Domain:\t\tLUNARSTIIINESS\r\n\tLogon ID:\t\t0x4832A54B\r\n\r\nProcess Information:\r\n\tNew Process ID:\t\t0x948\r\n\tNew Process Name:\tC:\\Windows\\SystemApps\\ShellExperienceHost_cw5n1h2txyewy\\ShellExperienceHost.exe\r\n\tToken Elevation Type:\t%%1936\r\n\tMandatory Label:\t\tS-1-16-4096\r\n\tCreator Process ID:\t0x294\r\n\tCreator Process Name:\tC:\\Windows\\System32\\svchost.exe\r\n\tProcess Command Line:\t\"C:\\Windows\\SystemApps\\ShellExperienceHost_cw5n1h2txyewy\\ShellExperienceHost.exe\" -ServerName:App.AppXtk181tbxbce2qsex02s8tw7hfxa9xb3t.mca\r\n\r\nToken Elevation Type indicates the type of token that was assigned to the new process in accordance with User Account Control policy.\r\n\r\nType 1 is a full token with no privileges removed or groups disabled.  A full token is only used if User Account Control is disabled or if the user is the built-in Administrator account or a service account.\r\n\r\nType 2 is an elevated token with no privileges removed or groups disabled.  An elevated token is used when User Account Control is enabled and the user chooses to start the program using Run as administrator.  An elevated token is also used when an application is configured to always require administrative privilege or to always require maximum privilege, and the user is a member of the Administrators group.\r\n\r\nType 3 is a limited token with administrative privileges removed and administrative groups disabled.  The limited token is used when User Account Control is enabled, the application does not require administrative privilege, and the user does not choose to start the program using Run as administrator.","Category":"Process Creation","Opcode":"Info","SubjectUserSid":"S-1-5-18","SubjectUserName":"WIN-SERVER$","SubjectDomainName":"LUNARSTIIINESS","SubjectLogonId":"0x3e7","NewProcessId":"0x948","NewProcessName":"C:\\Windows\\SystemApps\\ShellExperienceHost_cw5n1h2txyewy\\ShellExperienceHost.exe","TokenElevationType":"%%1936","CommandLine":"\"C:\\Windows\\SystemApps\\ShellExperienceHost_cw5n1h2txyewy\\ShellExperienceHost.exe\" -ServerName:App.AppXtk181tbxbce2qsex02s8tw7hfxa9xb3t.mca","TargetUserSid":"S-1-5-21-3263964631-4121654051-1417071188-1156","TargetUserName":"alice.young","TargetDomainName":"LUNARSTIIINESS","TargetLogonId":"0x4832a54b","ParentProcessName":"C:\\Windows\\System32\\svchost.exe","MandatoryLabel":"S-1-16-4096","EventReceivedTime":1683220074,"SourceModuleName":"in_default_channels","SourceModuleType":"im_msvistalog"}
<14>May  4 17:07:55 win-server.lunarstiiiness.com Microsoft-Windows-Security-Auditing[4]: {"EventTime":1683220074,"Hostname":"win-server.lunarstiiiness.com","Keywords":-9214364837600034816,"EventType":"AUDIT_SUCCESS","SeverityValue":2,"Severity":"INFO","EventID":4688,"SourceName":"Microsoft-Windows-Security-Auditing","ProviderGuid":"{54849625-5478-4994-A5BA-3E3B0328C30D}","Version":2,"Task":13312,"OpcodeValue":0,"RecordNumber":5511099,"ProcessID":4,"ThreadID":3368,"Channel":"Security","Message":"A new process has been created.\r\n\r\nCreator Subject:\r\n\tSecurity ID:\t\tS-1-5-18\r\n\tAccount Name:\t\tWIN-SERVER$\r\n\tAccount Domain:\t\tLUNARSTIIINESS\r\n\tLogon ID:\t\t0x3E7\r\n\r\nTarget Subject:\r\n\tSecurity ID:\t\tS-1-5-21-3263964631-4121654051-1417071188-1156\r\n\tAccount Name:\t\talice.young\r\n\tAccount Domain:\t\tLUNARSTIIINESS\r\n\tLogon ID:\t\t0x4832A54B\r\n\r\nProcess Information:\r\n\tNew Process ID:\t\t0x978\r\n\tNew Process Name:\tC:\\Windows\\SystemApps\\Microsoft.Windows.Cortana_cw5n1h2txyewy\\SearchUI.exe\r\n\tToken Elevation Type:\t%%1936\r\n\tMandatory Label:\t\tS-1-16-4096\r\n\tCreator Process ID:\t0x294\r\n\tCreator Process Name:\tC:\\Windows\\System32\\svchost.exe\r\n\tProcess Command Line:\t\"C:\\Windows\\SystemApps\\Microsoft.Windows.Cortana_cw5n1h2txyewy\\SearchUI.exe\" -ServerName:CortanaUI.AppXa50dqqa5gqv4a428c9y1jjw7m3btvepj.mca\r\n\r\nToken Elevation Type indicates the type of token that was assigned to the new process in accordance with User Account Control policy.\r\n\r\nType 1 is a full token with no privileges removed or groups disabled.  A full token is only used if User Account Control is disabled or if the user is the built-in Administrator account or a service account.\r\n\r\nType 2 is an elevated token with no privileges removed or groups disabled.  An elevated token is used when User Account Control is enabled and the user chooses to start the program using Run as administrator.  An elevated token is also used when an application is configured to always require administrative privilege or to always require maximum privilege, and the user is a member of the Administrators group.\r\n\r\nType 3 is a limited token with administrative privileges removed and administrative groups disabled.  The limited token is used when User Account Control is enabled, the application does not require administrative privilege, and the user does not choose to start the program using Run as administrator.","Category":"Process Creation","Opcode":"Info","SubjectUserSid":"S-1-5-18","SubjectUserName":"WIN-SERVER$","SubjectDomainName":"LUNARSTIIINESS","SubjectLogonId":"0x3e7","NewProcessId":"0x978","NewProcessName":"C:\\Windows\\SystemApps\\Microsoft.Windows.Cortana_cw5n1h2txyewy\\SearchUI.exe","TokenElevationType":"%%1936","CommandLine":"\"C:\\Windows\\SystemApps\\Microsoft.Windows.Cortana_cw5n1h2txyewy\\SearchUI.exe\" -ServerName:CortanaUI.AppXa50dqqa5gqv4a428c9y1jjw7m3btvepj.mca","TargetUserSid":"S-1-5-21-3263964631-4121654051-1417071188-1156","TargetUserName":"alice.young","TargetDomainName":"LUNARSTIIINESS","TargetLogonId":"0x4832a54b","ParentProcessName":"C:\\Windows\\System32\\svchost.exe","MandatoryLabel":"S-1-16-4096","EventReceivedTime":1683220075,"SourceModuleName":"in_default_channels","SourceModuleType":"im_msvistalog"}
<14>May  4 17:07:54 win-server.lunarstiiiness.com Microsoft-Windows-Security-Auditing[4]: {"EventTime":1683220073,"Hostname":"win-server.lunarstiiiness.com","Keywords":-9214364837600034816,"EventType":"AUDIT_SUCCESS","SeverityValue":2,"Severity":"INFO","EventID":4689,"SourceName":"Microsoft-Windows-Security-Auditing","ProviderGuid":"{54849625-5478-4994-A5BA-3E3B0328C30D}","Version":0,"Task":13313,"OpcodeValue":0,"RecordNumber":5511095,"ProcessID":4,"ThreadID":4948,"Channel":"Security","Message":"A process has exited.\r\n\r\nSubject:\r\n\tSecurity ID:\t\tS-1-5-21-3263964631-4121654051-1417071188-1156\r\n\tAccount Name:\t\talice.young\r\n\tAccount Domain:\t\tLUNARSTIIINESS\r\n\tLogon ID:\t\t0x4832A54B\r\n\r\nProcess Information:\r\n\tProcess ID:\t0x101c\r\n\tProcess Name:\tC:\\Windows\\System32\\ie4uinit.exe\r\n\tExit Status:\t0x0","Category":"Process Termination","Opcode":"Info","SubjectUserSid":"S-1-5-21-3263964631-4121654051-1417071188-1156","SubjectUserName":"alice.young","SubjectDomainName":"LUNARSTIIINESS","SubjectLogonId":"0x4832a54b","Status":"0x0","ProcessName":"C:\\Windows\\System32\\ie4uinit.exe","EventReceivedTime":1683220074,"SourceModuleName":"in_default_channels","SourceModuleType":"im_msvistalog"}
<14>May  4 17:07:55 win-server.lunarstiiiness.com Microsoft-Windows-Security-Auditing[4]: {"EventTime":1683220074,"Hostname":"win-server.lunarstiiiness.com","Keywords":-9214364837600034816,"EventType":"AUDIT_SUCCESS","SeverityValue":2,"Severity":"INFO","EventID":4689,"SourceName":"Microsoft-Windows-Security-Auditing","ProviderGuid":"{54849625-5478-4994-A5BA-3E3B0328C30D}","Version":0,"Task":13313,"OpcodeValue":0,"RecordNumber":5511098,"ProcessID":4,"ThreadID":3368,"Channel":"Security","Message":"A process has exited.\r\n\r\nSubject:\r\n\tSecurity ID:\t\tS-1-5-21-3263964631-4121654051-1417071188-1156\r\n\tAccount Name:\t\talice.young\r\n\tAccount Domain:\t\tLUNARSTIIINESS\r\n\tLogon ID:\t\t0x4832A54B\r\n\r\nProcess Information:\r\n\tProcess ID:\t0x1080\r\n\tProcess Name:\tC:\\Windows\\System32\\dllhost.exe\r\n\tExit Status:\t0x0","Category":"Process Termination","Opcode":"Info","SubjectUserSid":"S-1-5-21-3263964631-4121654051-1417071188-1156","SubjectUserName":"alice.young","SubjectDomainName":"LUNARSTIIINESS","SubjectLogonId":"0x4832a54b","Status":"0x0","ProcessName":"C:\\Windows\\System32\\dllhost.exe","EventReceivedTime":1683220075,"SourceModuleName":"in_default_channels","SourceModuleType":"im_msvistalog"}
<14>May 10 04:26:15 win-server.lunarstiiiness.com Microsoft-Windows-Kernel-General[2424]: {"EventTime":1683220075,"Hostname":"win-server.lunarstiiiness.com","Keywords":-9223372036854775808,"EventType":"INFO","SeverityValue":2,"Severity":"INFO","EventID":16,"SourceName":"Microsoft-Windows-Kernel-General","ProviderGuid":"{A68CA8B7-004F-D7B6-A698-07E2DE0F1F5D}","Version":0,"Task":0,"OpcodeValue":0,"RecordNumber":29873,"ProcessID":2424,"ThreadID":2268,"Channel":"System","UserID":"S-1-5-21-3263964631-4121654051-1417071188-1156","AccountType":"User","Message":"The access history in hive \\??\\C:\\Users\\alice.young\\AppData\\Local\\Packages\\Microsoft.Windows.Cortana_cw5n1h2txyewy\\Settings\\settings.dat was cleared updating 3 keys and creating 1 modified pages.","Opcode":"Info","HiveNameLength":"109","HiveName":"\\??\\C:\\Users\\alice.young\\AppData\\Local\\Packages\\Microsoft.Windows.Cortana_cw5n1h2txyewy\\Settings\\settings.dat","KeysUpdated":"3","DirtyPages":"1","EventReceivedTime":1683692775,"SourceModuleName":"in_default_channels","SourceModuleType":"im_msvistalog"}
<14>May  4 17:07:56 win-server.lunarstiiiness.com Microsoft-Windows-Kernel-General[2424]: {"EventTime":1683220075,"Hostname":"win-server.lunarstiiiness.com","Keywords":-9223372036854775808,"EventType":"INFO","SeverityValue":2,"Severity":"INFO","EventID":16,"SourceName":"Microsoft-Windows-Kernel-General","ProviderGuid":"{A68CA8B7-004F-D7B6-A698-07E2DE0F1F5D}","Version":0,"Task":0,"OpcodeValue":0,"RecordNumber":29873,"ProcessID":2424,"ThreadID":2268,"Channel":"System","Domain":"LUNARSTIIINESS","AccountName":"alice.young","UserID":"S-1-5-21-3263964631-4121654051-1417071188-1156","AccountType":"User","Message":"The access history in hive \\??\\C:\\Users\\alice.young\\AppData\\Local\\Packages\\Microsoft.Windows.Cortana_cw5n1h2txyewy\\Settings\\settings.dat was cleared updating 3 keys and creating 1 modified pages.","Opcode":"Info","HiveNameLength":"109","HiveName":"\\??\\C:\\Users\\alice.young\\AppData\\Local\\Packages\\Microsoft.Windows.Cortana_cw5n1h2txyewy\\Settings\\settings.dat","KeysUpdated":"3","DirtyPages":"1","EventReceivedTime":1683220076,"SourceModuleName":"in_default_channels","SourceModuleType":"im_msvistalog"}
<14>May 10 04:26:15 win-server.lunarstiiiness.com Microsoft-Windows-Kernel-General[2376]: {"EventTime":1683220075,"Hostname":"win-server.lunarstiiiness.com","Keywords":-9223372036854775808,"EventType":"INFO","SeverityValue":2,"Severity":"INFO","EventID":16,"SourceName":"Microsoft-Windows-Kernel-General","ProviderGuid":"{A68CA8B7-004F-D7B6-A698-07E2DE0F1F5D}","Version":0,"Task":0,"OpcodeValue":0,"RecordNumber":29872,"ProcessID":2376,"ThreadID":992,"Channel":"System","UserID":"S-1-5-21-3263964631-4121654051-1417071188-1156","AccountType":"User","Message":"The access history in hive \\??\\C:\\Users\\alice.young\\AppData\\Local\\Packages\\Microsoft.Windows.ShellExperienceHost_cw5n1h2txyewy\\Settings\\settings.dat was cleared updating 3 keys and creating 1 modified pages.","Opcode":"Info","HiveNameLength":"121","HiveName":"\\??\\C:\\Users\\alice.young\\AppData\\Local\\Packages\\Microsoft.Windows.ShellExperienceHost_cw5n1h2txyewy\\Settings\\settings.dat","KeysUpdated":"3","DirtyPages":"1","EventReceivedTime":1683692775,"SourceModuleName":"in_default_channels","SourceModuleType":"im_msvistalog"}
<14>May  4 17:07:56 win-server.lunarstiiiness.com Microsoft-Windows-Kernel-General[2376]: {"EventTime":1683220075,"Hostname":"win-server.lunarstiiiness.com","Keywords":-9223372036854775808,"EventType":"INFO","SeverityValue":2,"Severity":"INFO","EventID":16,"SourceName":"Microsoft-Windows-Kernel-General","ProviderGuid":"{A68CA8B7-004F-D7B6-A698-07E2DE0F1F5D}","Version":0,"Task":0,"OpcodeValue":0,"RecordNumber":29872,"ProcessID":2376,"ThreadID":992,"Channel":"System","Domain":"LUNARSTIIINESS","AccountName":"alice.young","UserID":"S-1-5-21-3263964631-4121654051-1417071188-1156","AccountType":"User","Message":"The access history in hive \\??\\C:\\Users\\alice.young\\AppData\\Local\\Packages\\Microsoft.Windows.ShellExperienceHost_cw5n1h2txyewy\\Settings\\settings.dat was cleared updating 3 keys and creating 1 modified pages.","Opcode":"Info","HiveNameLength":"121","HiveName":"\\??\\C:\\Users\\alice.young\\AppData\\Local\\Packages\\Microsoft.Windows.ShellExperienceHost_cw5n1h2txyewy\\Settings\\settings.dat","KeysUpdated":"3","DirtyPages":"1","EventReceivedTime":1683220076,"SourceModuleName":"in_default_channels","SourceModuleType":"im_msvistalog"}
<14>May  4 17:07:58 win-server.lunarstiiiness.com Microsoft-Windows-Security-Auditing[4]: {"EventTime":1683220076,"Hostname":"win-server.lunarstiiiness.com","Keywords":-9214364837600034816,"EventType":"AUDIT_SUCCESS","SeverityValue":2,"Severity":"INFO","EventID":4658,"SourceName":"Microsoft-Windows-Security-Auditing","ProviderGuid":"{54849625-5478-4994-A5BA-3E3B0328C30D}","Version":0,"Task":12800,"OpcodeValue":0,"RecordNumber":5511136,"ProcessID":4,"ThreadID":5012,"Channel":"Security","Message":"The handle to an object was closed.\r\n\r\nSubject :\r\n\tSecurity ID:\t\tS-1-5-21-3263964631-4121654051-1417071188-1156\r\n\tAccount Name:\t\talice.young\r\n\tAccount Domain:\t\tLUNARSTIIINESS\r\n\tLogon ID:\t\t0x4832A54B\r\n\r\nObject:\r\n\tObject Server:\t\tSecurity\r\n\tHandle ID:\t\t0x11e8\r\n\r\nProcess Information:\r\n\tProcess ID:\t\t0x978\r\n\tProcess Name:\t\tC:\\Windows\\SystemApps\\Microsoft.Windows.Cortana_cw5n1h2txyewy\\SearchUI.exe","Category":"File System","Opcode":"Info","SubjectUserSid":"S-1-5-21-3263964631-4121654051-1417071188-1156","SubjectUserName":"alice.young","SubjectDomainName":"LUNARSTIIINESS","SubjectLogonId":"0x4832a54b","ObjectServer":"Security","HandleId":"0x11e8","ProcessName":"C:\\Windows\\SystemApps\\Microsoft.Windows.Cortana_cw5n1h2txyewy\\SearchUI.exe","EventReceivedTime":1683220078,"SourceModuleName":"in_default_channels","SourceModuleType":"im_msvistalog"}
<14>May  4 17:07:58 win-server.lunarstiiiness.com Microsoft-Windows-Security-Auditing[4]: {"EventTime":1683220076,"Hostname":"win-server.lunarstiiiness.com","Keywords":-9214364837600034816,"EventType":"AUDIT_SUCCESS","SeverityValue":2,"Severity":"INFO","EventID":4658,"SourceName":"Microsoft-Windows-Security-Auditing","ProviderGuid":"{54849625-5478-4994-A5BA-3E3B0328C30D}","Version":0,"Task":12800,"OpcodeValue":0,"RecordNumber":5511132,"ProcessID":4,"ThreadID":5012,"Channel":"Security","Message":"The handle to an object was closed.\r\n\r\nSubject :\r\n\tSecurity ID:\t\tS-1-5-21-3263964631-4121654051-1417071188-1156\r\n\tAccount Name:\t\talice.young\r\n\tAccount Domain:\t\tLUNARSTIIINESS\r\n\tLogon ID:\t\t0x4832A54B\r\n\r\nObject:\r\n\tObject Server:\t\tSecurity\r\n\tHandle ID:\t\t0x11e8\r\n\r\nProcess Information:\r\n\tProcess ID:\t\t0x978\r\n\tProcess Name:\t\tC:\\Windows\\SystemApps\\Microsoft.Windows.Cortana_cw5n1h2txyewy\\SearchUI.exe","Category":"File System","Opcode":"Info","SubjectUserSid":"S-1-5-21-3263964631-4121654051-1417071188-1156","SubjectUserName":"alice.young","SubjectDomainName":"LUNARSTIIINESS","SubjectLogonId":"0x4832a54b","ObjectServer":"Security","HandleId":"0x11e8","ProcessName":"C:\\Windows\\SystemApps\\Microsoft.Windows.Cortana_cw5n1h2txyewy\\SearchUI.exe","EventReceivedTime":1683220078,"SourceModuleName":"in_default_channels","SourceModuleType":"im_msvistalog"}
<14>May  4 17:07:58 win-server.lunarstiiiness.com Microsoft-Windows-Security-Auditing[4]: {"EventTime":1683220076,"Hostname":"win-server.lunarstiiiness.com","Keywords":-9214364837600034816,"EventType":"AUDIT_SUCCESS","SeverityValue":2,"Severity":"INFO","EventID":4690,"SourceName":"Microsoft-Windows-Security-Auditing","ProviderGuid":"{54849625-5478-4994-A5BA-3E3B0328C30D}","Version":0,"Task":12807,"OpcodeValue":0,"RecordNumber":5511135,"ProcessID":4,"ThreadID":5012,"Channel":"Security","Message":"An attempt was made to duplicate a handle to an object.\r\n\r\nSubject:\r\n\tSecurity ID:\t\tS-1-5-21-3263964631-4121654051-1417071188-1156\r\n\tAccount Name:\t\talice.young\r\n\tAccount Domain:\t\tLUNARSTIIINESS\r\n\tLogon ID:\t\t0x4832A54B\r\n\r\nSource Handle Information:\r\n\tSource Handle ID:\t0x6f8\r\n\tSource Process ID:\t0x978\r\n\r\nNew Handle Information:\r\n\tTarget Handle ID:\t0x11e8\r\n\tTarget Process ID:\t0x4","Category":"Handle Manipulation","Opcode":"Info","SubjectUserSid":"S-1-5-21-3263964631-4121654051-1417071188-1156","SubjectUserName":"alice.young","SubjectDomainName":"LUNARSTIIINESS","SubjectLogonId":"0x4832a54b","SourceHandleId":"0x6f8","SourceProcessId":"0x978","TargetHandleId":"0x11e8","TargetProcessId":"0x4","EventReceivedTime":1683220078,"SourceModuleName":"in_default_channels","SourceModuleType":"im_msvistalog"}
<14>May  4 17:07:58 win-server.lunarstiiiness.com Microsoft-Windows-Security-Auditing[4]: {"EventTime":1683220076,"Hostname":"win-server.lunarstiiiness.com","Keywords":-9214364837600034816,"EventType":"AUDIT_SUCCESS","SeverityValue":2,"Severity":"INFO","EventID":4690,"SourceName":"Microsoft-Windows-Security-Auditing","ProviderGuid":"{54849625-5478-4994-A5BA-3E3B0328C30D}","Version":0,"Task":12807,"OpcodeValue":0,"RecordNumber":5511131,"ProcessID":4,"ThreadID":5012,"Channel":"Security","Message":"An attempt was made to duplicate a handle to an object.\r\n\r\nSubject:\r\n\tSecurity ID:\t\tS-1-5-21-3263964631-4121654051-1417071188-1156\r\n\tAccount Name:\t\talice.young\r\n\tAccount Domain:\t\tLUNARSTIIINESS\r\n\tLogon ID:\t\t0x4832A54B\r\n\r\nSource Handle Information:\r\n\tSource Handle ID:\t0x6f8\r\n\tSource Process ID:\t0x978\r\n\r\nNew Handle Information:\r\n\tTarget Handle ID:\t0x11e8\r\n\tTarget Process ID:\t0x4","Category":"Handle Manipulation","Opcode":"Info","SubjectUserSid":"S-1-5-21-3263964631-4121654051-1417071188-1156","SubjectUserName":"alice.young","SubjectDomainName":"LUNARSTIIINESS","SubjectLogonId":"0x4832a54b","SourceHandleId":"0x6f8","SourceProcessId":"0x978","TargetHandleId":"0x11e8","TargetProcessId":"0x4","EventReceivedTime":1683220078,"SourceModuleName":"in_default_channels","SourceModuleType":"im_msvistalog"}
<14>May  4 17:07:58 win-server.lunarstiiiness.com Microsoft-Windows-Security-Auditing[4]: {"EventTime":1683220076,"Hostname":"win-server.lunarstiiiness.com","Keywords":-9214364837600034816,"EventType":"AUDIT_SUCCESS","SeverityValue":2,"Severity":"INFO","EventID":4658,"SourceName":"Microsoft-Windows-Security-Auditing","ProviderGuid":"{54849625-5478-4994-A5BA-3E3B0328C30D}","Version":0,"Task":12800,"OpcodeValue":0,"RecordNumber":5511134,"ProcessID":4,"ThreadID":5012,"Channel":"Security","Message":"The handle to an object was closed.\r\n\r\nSubject :\r\n\tSecurity ID:\t\tS-1-5-21-3263964631-4121654051-1417071188-1156\r\n\tAccount Name:\t\talice.young\r\n\tAccount Domain:\t\tLUNARSTIIINESS\r\n\tLogon ID:\t\t0x4832A54B\r\n\r\nObject:\r\n\tObject Server:\t\tSecurity\r\n\tHandle ID:\t\t0x6f8\r\n\r\nProcess Information:\r\n\tProcess ID:\t\t0x978\r\n\tProcess Name:\t\tC:\\Windows\\SystemApps\\Microsoft.Windows.Cortana_cw5n1h2txyewy\\SearchUI.exe","Category":"File System","Opcode":"Info","SubjectUserSid":"S-1-5-21-3263964631-4121654051-1417071188-1156","SubjectUserName":"alice.young","SubjectDomainName":"LUNARSTIIINESS","SubjectLogonId":"0x4832a54b","ObjectServer":"Security","HandleId":"0x6f8","ProcessName":"C:\\Windows\\SystemApps\\Microsoft.Windows.Cortana_cw5n1h2txyewy\\SearchUI.exe","EventReceivedTime":1683220078,"SourceModuleName":"in_default_channels","SourceModuleType":"im_msvistalog"}
<14>May  4 17:07:58 win-adfs.lunarstiiiness.com Microsoft-Windows-Security-Auditing[624]: {"EventTime":1683220076,"Hostname":"win-adfs.lunarstiiiness.com","Keywords":-9214364837600034816,"EventType":"AUDIT_SUCCESS","SeverityValue":2,"Severity":"INFO","EventID":4634,"SourceName":"Microsoft-Windows-Security-Auditing","ProviderGuid":"{54849625-5478-4994-A5BA-3E3B0328C30D}","Version":0,"Task":12545,"OpcodeValue":0,"RecordNumber":41669514,"ProcessID":624,"ThreadID":4384,"Channel":"Security","Message":"An account was logged off.\r\n\r\nSubject:\r\n\tSecurity ID:\t\tS-1-5-21-3263964631-4121654051-1417071188-1156\r\n\tAccount Name:\t\talice.young\r\n\tAccount Domain:\t\tLUNARSTIIINESS\r\n\tLogon ID:\t\t0xAE86CB8F\r\n\r\nLogon Type:\t\t\t3\r\n\r\nThis event is generated when a logon session is destroyed. It may be positively correlated with a logon event using the Logon ID value. Logon IDs are only unique between reboots on the same computer.","Category":"Logoff","Opcode":"Info","TargetUserSid":"S-1-5-21-3263964631-4121654051-1417071188-1156","TargetUserName":"alice.young","TargetDomainName":"LUNARSTIIINESS","TargetLogonId":"0xae86cb8f","LogonType":"3","EventReceivedTime":1683220078,"SourceModuleName":"windows_security_eventlog","SourceModuleType":"im_msvistalog"}
<14>May  4 17:07:58 win-server.lunarstiiiness.com Microsoft-Windows-Security-Auditing[4]: {"EventTime":1683220076,"Hostname":"win-server.lunarstiiiness.com","Keywords":-9214364837600034816,"EventType":"AUDIT_SUCCESS","SeverityValue":2,"Severity":"INFO","EventID":4656,"SourceName":"Microsoft-Windows-Security-Auditing","ProviderGuid":"{54849625-5478-4994-A5BA-3E3B0328C30D}","Version":1,"Task":12800,"OpcodeValue":0,"RecordNumber":5511137,"ProcessID":4,"ThreadID":5012,"Channel":"Security","Message":"A handle to an object was requested.\r\n\r\nSubject:\r\n\tSecurity ID:\t\tS-1-5-21-3263964631-4121654051-1417071188-1156\r\n\tAccount Name:\t\talice.young\r\n\tAccount Domain:\t\tLUNARSTIIINESS\r\n\tLogon ID:\t\t0x4832A54B\r\n\r\nObject:\r\n\tObject Server:\t\tSecurity\r\n\tObject Type:\t\tFile\r\n\tObject Name:\t\tC:\\Windows\\System32\\Speech_OneCore\\Common\r\n\tHandle ID:\t\t0x6f8\r\n\tResource Attributes:\t-\r\n\r\nProcess Information:\r\n\tProcess ID:\t\t0x978\r\n\tProcess Name:\t\tC:\\Windows\\SystemApps\\Microsoft.Windows.Cortana_cw5n1h2txyewy\\SearchUI.exe\r\n\r\nAccess Request Information:\r\n\tTransaction ID:\t\t{00000000-0000-0000-0000-000000000000}\r\n\tAccesses:\t\tSYNCHRONIZE\r\n\t\t\t\tReadData (or ListDirectory)\r\n\t\t\t\t\r\n\tAccess Reasons:\t\tSYNCHRONIZE:\tGranted by\tD:(A;;0x1200a9;;;BU)\r\n\t\t\t\tReadData (or ListDirectory):\tGranted by\tD:(A;;0x1200a9;;;BU)\r\n\t\t\t\t\r\n\tAccess Mask:\t\t0x100001\r\n\tPrivileges Used for Access Check:\t-\r\n\tRestricted SID Count:\t0","Category":"File System","Opcode":"Info","SubjectUserSid":"S-1-5-21-3263964631-4121654051-1417071188-1156","SubjectUserName":"alice.young","SubjectDomainName":"LUNARSTIIINESS","SubjectLogonId":"0x4832a54b","ObjectServer":"Security","ObjectType":"File","ObjectName":"C:\\Windows\\System32\\Speech_OneCore\\Common","HandleId":"0x6f8","TransactionId":"{00000000-0000-0000-0000-000000000000}","AccessList":"%%1541\r\n\t\t\t\t%%4416\r\n\t\t\t\t","AccessReason":"%%1541:\t%%1801\tD:(A;;0x1200a9;;;BU)\r\n\t\t\t\t%%4416:\t%%1801\tD:(A;;0x1200a9;;;BU)\r\n\t\t\t\t","AccessMask":"0x100001","PrivilegeList":"-","RestrictedSidCount":"0","ProcessName":"C:\\Windows\\SystemApps\\Microsoft.Windows.Cortana_cw5n1h2txyewy\\SearchUI.exe","ResourceAttributes":"-","EventReceivedTime":1683220078,"SourceModuleName":"in_default_channels","SourceModuleType":"im_msvistalog"}
<14>May  4 17:07:58 win-server.lunarstiiiness.com Microsoft-Windows-Security-Auditing[4]: {"EventTime":1683220076,"Hostname":"win-server.lunarstiiiness.com","Keywords":-9214364837600034816,"EventType":"AUDIT_SUCCESS","SeverityValue":2,"Severity":"INFO","EventID":4656,"SourceName":"Microsoft-Windows-Security-Auditing","ProviderGuid":"{54849625-5478-4994-A5BA-3E3B0328C30D}","Version":1,"Task":12800,"OpcodeValue":0,"RecordNumber":5511129,"ProcessID":4,"ThreadID":5012,"Channel":"Security","Message":"A handle to an object was requested.\r\n\r\nSubject:\r\n\tSecurity ID:\t\tS-1-5-21-3263964631-4121654051-1417071188-1156\r\n\tAccount Name:\t\talice.young\r\n\tAccount Domain:\t\tLUNARSTIIINESS\r\n\tLogon ID:\t\t0x4832A54B\r\n\r\nObject:\r\n\tObject Server:\t\tSecurity\r\n\tObject Type:\t\tFile\r\n\tObject Name:\t\tC:\\Windows\\System32\\Speech_OneCore\\Common\r\n\tHandle ID:\t\t0x6f0\r\n\tResource Attributes:\t-\r\n\r\nProcess Information:\r\n\tProcess ID:\t\t0x978\r\n\tProcess Name:\t\tC:\\Windows\\SystemApps\\Microsoft.Windows.Cortana_cw5n1h2txyewy\\SearchUI.exe\r\n\r\nAccess Request Information:\r\n\tTransaction ID:\t\t{00000000-0000-0000-0000-000000000000}\r\n\tAccesses:\t\tSYNCHRONIZE\r\n\t\t\t\tReadData (or ListDirectory)\r\n\t\t\t\t\r\n\tAccess Reasons:\t\tSYNCHRONIZE:\tGranted by\tD:(A;;0x1200a9;;;BU)\r\n\t\t\t\tReadData (or ListDirectory):\tGranted by\tD:(A;;0x1200a9;;;BU)\r\n\t\t\t\t\r\n\tAccess Mask:\t\t0x100001\r\n\tPrivileges Used for Access Check:\t-\r\n\tRestricted SID Count:\t0","Category":"File System","Opcode":"Info","SubjectUserSid":"S-1-5-21-3263964631-4121654051-1417071188-1156","SubjectUserName":"alice.young","SubjectDomainName":"LUNARSTIIINESS","SubjectLogonId":"0x4832a54b","ObjectServer":"Security","ObjectType":"File","ObjectName":"C:\\Windows\\System32\\Speech_OneCore\\Common","HandleId":"0x6f0","TransactionId":"{00000000-0000-0000-0000-000000000000}","AccessList":"%%1541\r\n\t\t\t\t%%4416\r\n\t\t\t\t","AccessReason":"%%1541:\t%%1801\tD:(A;;0x1200a9;;;BU)\r\n\t\t\t\t%%4416:\t%%1801\tD:(A;;0x1200a9;;;BU)\r\n\t\t\t\t","AccessMask":"0x100001","PrivilegeList":"-","RestrictedSidCount":"0","ProcessName":"C:\\Windows\\SystemApps\\Microsoft.Windows.Cortana_cw5n1h2txyewy\\SearchUI.exe","ResourceAttributes":"-","EventReceivedTime":1683220078,"SourceModuleName":"in_default_channels","SourceModuleType":"im_msvistalog"}
<14>May  4 17:07:58 win-server.lunarstiiiness.com Microsoft-Windows-Security-Auditing[4]: {"EventTime":1683220076,"Hostname":"win-server.lunarstiiiness.com","Keywords":-9214364837600034816,"EventType":"AUDIT_SUCCESS","SeverityValue":2,"Severity":"INFO","EventID":4658,"SourceName":"Microsoft-Windows-Security-Auditing","ProviderGuid":"{54849625-5478-4994-A5BA-3E3B0328C30D}","Version":0,"Task":12800,"OpcodeValue":0,"RecordNumber":5511128,"ProcessID":4,"ThreadID":5012,"Channel":"Security","Message":"The handle to an object was closed.\r\n\r\nSubject :\r\n\tSecurity ID:\t\tS-1-5-21-3263964631-4121654051-1417071188-1156\r\n\tAccount Name:\t\talice.young\r\n\tAccount Domain:\t\tLUNARSTIIINESS\r\n\tLogon ID:\t\t0x4832A54B\r\n\r\nObject:\r\n\tObject Server:\t\tSecurity\r\n\tHandle ID:\t\t0x11e8\r\n\r\nProcess Information:\r\n\tProcess ID:\t\t0x978\r\n\tProcess Name:\t\tC:\\Windows\\SystemApps\\Microsoft.Windows.Cortana_cw5n1h2txyewy\\SearchUI.exe","Category":"File System","Opcode":"Info","SubjectUserSid":"S-1-5-21-3263964631-4121654051-1417071188-1156","SubjectUserName":"alice.young","SubjectDomainName":"LUNARSTIIINESS","SubjectLogonId":"0x4832a54b","ObjectServer":"Security","HandleId":"0x11e8","ProcessName":"C:\\Windows\\SystemApps\\Microsoft.Windows.Cortana_cw5n1h2txyewy\\SearchUI.exe","EventReceivedTime":1683220078,"SourceModuleName":"in_default_channels","SourceModuleType":"im_msvistalog"}
<14>May  4 17:07:58 win-server.lunarstiiiness.com Microsoft-Windows-Security-Auditing[4]: {"EventTime":1683220076,"Hostname":"win-server.lunarstiiiness.com","Keywords":-9214364837600034816,"EventType":"AUDIT_SUCCESS","SeverityValue":2,"Severity":"INFO","EventID":4690,"SourceName":"Microsoft-Windows-Security-Auditing","ProviderGuid":"{54849625-5478-4994-A5BA-3E3B0328C30D}","Version":0,"Task":12807,"OpcodeValue":0,"RecordNumber":5511127,"ProcessID":4,"ThreadID":5012,"Channel":"Security","Message":"An attempt was made to duplicate a handle to an object.\r\n\r\nSubject:\r\n\tSecurity ID:\t\tS-1-5-21-3263964631-4121654051-1417071188-1156\r\n\tAccount Name:\t\talice.young\r\n\tAccount Domain:\t\tLUNARSTIIINESS\r\n\tLogon ID:\t\t0x4832A54B\r\n\r\nSource Handle Information:\r\n\tSource Handle ID:\t0x6f0\r\n\tSource Process ID:\t0x978\r\n\r\nNew Handle Information:\r\n\tTarget Handle ID:\t0x11e8\r\n\tTarget Process ID:\t0x4","Category":"Handle Manipulation","Opcode":"Info","SubjectUserSid":"S-1-5-21-3263964631-4121654051-1417071188-1156","SubjectUserName":"alice.young","SubjectDomainName":"LUNARSTIIINESS","SubjectLogonId":"0x4832a54b","SourceHandleId":"0x6f0","SourceProcessId":"0x978","TargetHandleId":"0x11e8","TargetProcessId":"0x4","EventReceivedTime":1683220078,"SourceModuleName":"in_default_channels","SourceModuleType":"im_msvistalog"}
