<14>Jan  2 13:46:55 larabaker-pc Microsoft-Windows-Sysmon[2536]: {"EventTime":1672667215,"Hostname":"larabaker-pc","Keywords":-9223372036854775808,"EventType":"INFO","SeverityValue":2,"Severity":"INFO","EventID":11,"SourceName":"Microsoft-Windows-Sysmon","ProviderGuid":"{5770385F-C22A-43E0-BF4C-06F5698FFBD9}","Version":2,"Task":11,"OpcodeValue":0,"RecordNumber":172295,"ProcessID":2536,"ThreadID":4116,"Channel":"Microsoft-Windows-Sysmon/Operational","Domain":"NT AUTHORITY","AccountName":"SYSTEM","UserID":"S-1-5-18","AccountType":"User","Message":"File created:\r\nRuleName: EXE\r\nUtcTime: 2023-01-02 13:46:55.742374\r\nProcessGuid: {f31bccf6-6c25-63d5-9a13-000000001300}\r\nProcessId: 1708\r\nImage: C:\\Windows\\system32\\svchost.exe\r\nTargetFilename: C:\\ProgramData\\chocolatey\\bin\\cpack.exe\r\nCreationUtcTime: 2023-01-02 13:46:55.742374\r\nUser: NT AUTHORITY\\SYSTEM","Category":"File created (rule: FileCreate)","Opcode":"Info","RuleName":"EXE","UtcTime":"2023-01-02 13:46:55.742374","ProcessGuid":"{f31bccf6-6c25-63d5-9a13-000000001300}","Image":"C:\\Windows\\system32\\svchost.exe","TargetFilename":"C:\\ProgramData\\chocolatey\\bin\\cpack.exe","CreationUtcTime":"2023-01-02 13:46:55.742374","User":"NT AUTHORITY\\SYSTEM","EventReceivedTime":1672667215,"SourceModuleName":"in_sysmon","SourceModuleType":"im_msvistalog"}
<14>Jan  2 13:46:44 larabaker-pc Microsoft-Windows-Sysmon[3224]: {"EventTime":1672667204,"Hostname":"larabaker-pc","Keywords":-9223372036854775808,"EventType":"INFO","SeverityValue":2,"Severity":"INFO","EventID":15,"SourceName":"Microsoft-Windows-Sysmon","ProviderGuid":"{5770385F-C22A-43E0-BF4C-06F5698FFBD9}","Version":2,"Task":15,"OpcodeValue":0,"RecordNumber":279260,"ProcessID":3224,"ThreadID":4128,"Channel":"Microsoft-Windows-Sysmon/Operational","Domain":"NT AUTHORITY","AccountName":"SYSTEM","UserID":"S-1-5-12-783622181-14434791-6080415551-691320","AccountType":"User","Message":"File stream created:\r\nRuleName: -\r\nUtcTime: 2023-01-02 13:46:44.000000\r\nProcessGuid: {3be6fa21-3ba1-62c8-3e01-000000001100}\r\nProcessId: 4656\r\nImage: C:\\Windows\\Explorer.EXE\r\nTargetFilename: C:\\Users\\larabaker\\Downloads\\mimikatz_trunk\\x64\\mimikatz.exe\r\nCreationUtcTime: 2023-01-02 13:46:44.000000\r\nHash: SHA1=B82787DC098EEFA8BF917F76CFB294AC3F8349F0,MD5=DDFAD0D55BE70ACDFEA36ACF28D418B3,SHA256=D9770865EA739A8F1702A2651538F4F4DE2D92888D188D8ACE2C79936F9C2688,IMPHASH=EAA79F1D9E8A00542B09CB462D0658EF\r\nContents: -\r\nUser: SG\\larabaker","Category":"File stream created (rule: FileCreateStreamHash)","Opcode":"Info","RuleName":"-","UtcTime":"2023-01-02 13:46:44.000000","ProcessGuid":"{3be6fa21-3ba1-62c8-3e01-000000001100}","Image":"C:\\Windows\\Explorer.EXE","TargetFilename":"C:\\Users\\larabaker\\Downloads\\mimikatz_trunk\\x64\\mimikatz.exe","CreationUtcTime":"2023-01-02 13:46:44.000000","Hash":"SHA1=B82787DC098EEFA8BF917F76CFB294AC3F8349F0,MD5=DDFAD0D55BE70ACDFEA36ACF28D418B3,SHA256=D9770865EA739A8F1702A2651538F4F4DE2D92888D188D8ACE2C79936F9C2688,IMPHASH=EAA79F1D9E8A00542B09CB462D0658EF","Contents":"-","User":"SG\\larabaker","EventReceivedTime":1672667204,"SourceModuleName":"in_sysmon","SourceModuleType":"im_msvistalog"}
<14>Jan  2 13:46:46 larabaker-pc Microsoft-Windows-Sysmon[2568]: {"EventTime":1672667206,"Hostname":"larabaker-pc","Keywords":-9223372036854775808,"EventType":"INFO","SeverityValue":2,"Severity":"INFO","EventID":22,"SourceName":"Microsoft-Windows-Sysmon","ProviderGuid":"{5770385F-C22A-43E0-BF4C-06F5698FFBD9}","Version":5,"Task":22,"OpcodeValue":0,"RecordNumber":72965,"ProcessID":2568,"ThreadID":3360,"Channel":"Microsoft-Windows-Sysmon/Operational","Domain":"NT AUTHORITY","AccountName":"SYSTEM","UserID":"S-1-5-18","AccountType":"User","Message":"Dns query:\r\nRuleName: -\r\nUtcTime: 2023-01-02 13:46:46.930480\r\nProcessGuid: {6b7cbb53-3452-62c8-f800-000000000e00}\r\nProcessId: 5148\r\nQueryName: plans.contractors\r\nQueryStatus: 0\r\nQueryResults: ::ffff:192.64.119.73;\r\nImage: C:\\Windows\\System32\\WindowsPowerShell\\v1.0\\powershell.exe\r\nUser: SG\\larabaker","Category":"Dns query (rule: DnsQuery)","Opcode":"Info","RuleName":"-","UtcTime":"2023-01-02 13:46:46.930480","ProcessGuid":"{6b7cbb53-3452-62c8-f800-000000000e00}","QueryName":"plans.contractors","QueryStatus":"0","QueryResults":"::ffff:192.64.119.73;","Image":"C:\\Windows\\System32\\WindowsPowerShell\\v1.0\\powershell.exe","User":"SG\\larabaker","EventReceivedTime":1672667206,"SourceModuleName":"in_sysmon","SourceModuleType":"im_msvistalog"}
<14>Jan  2 13:46:47 larabaker-pc Microsoft-Windows-Sysmon[2568]: {"EventTime":1672667207,"Hostname":"larabaker-pc","Keywords":-9223372036854775808,"EventType":"INFO","SeverityValue":2,"Severity":"INFO","EventID":22,"SourceName":"Microsoft-Windows-Sysmon","ProviderGuid":"{5770385F-C22A-43E0-BF4C-06F5698FFBD9}","Version":5,"Task":22,"OpcodeValue":0,"RecordNumber":72965,"ProcessID":2568,"ThreadID":3360,"Channel":"Microsoft-Windows-Sysmon/Operational","Domain":"NT AUTHORITY","AccountName":"SYSTEM","UserID":"S-1-5-18","AccountType":"User","Message":"Dns query:\r\nRuleName: -\r\nUtcTime: 2023-01-02 13:46:47.930480\r\nProcessGuid: {6b7cbb53-3452-62c8-f800-000000000e00}\r\nProcessId: 5148\r\nQueryName: kleinkreditsofort.bond\r\nQueryStatus: 0\r\nQueryResults: ::ffff:13.248.197.209;\r\nImage: C:\\Windows\\System32\\WindowsPowerShell\\v1.0\\powershell.exe\r\nUser: SG\\larabaker","Category":"Dns query (rule: DnsQuery)","Opcode":"Info","RuleName":"-","UtcTime":"2023-01-02 13:46:47.930480","ProcessGuid":"{6b7cbb53-3452-62c8-f800-000000000e00}","QueryName":"kleinkreditsofort.bond","QueryStatus":"0","QueryResults":"::ffff:13.248.197.209;","Image":"C:\\Windows\\System32\\WindowsPowerShell\\v1.0\\powershell.exe","User":"SG\\larabaker","EventReceivedTime":1672667207,"SourceModuleName":"in_sysmon","SourceModuleType":"im_msvistalog"}
<14>Jan  2 13:46:48 larabaker-pc Microsoft-Windows-Sysmon[2568]: {"EventTime":1672667208,"Hostname":"larabaker-pc","Keywords":-9223372036854775808,"EventType":"INFO","SeverityValue":2,"Severity":"INFO","EventID":22,"SourceName":"Microsoft-Windows-Sysmon","ProviderGuid":"{5770385F-C22A-43E0-BF4C-06F5698FFBD9}","Version":5,"Task":22,"OpcodeValue":0,"RecordNumber":72965,"ProcessID":2568,"ThreadID":3360,"Channel":"Microsoft-Windows-Sysmon/Operational","Domain":"NT AUTHORITY","AccountName":"SYSTEM","UserID":"S-1-5-18","AccountType":"User","Message":"Dns query:\r\nRuleName: -\r\nUtcTime: 2023-01-02 13:46:48.930480\r\nProcessGuid: {6b7cbb53-3452-62c8-f800-000000000e00}\r\nProcessId: 5148\r\nQueryName: artificialintelligence.investments\r\nQueryStatus: 0\r\nQueryResults: ::ffff:44.227.76.166;\r\nImage: C:\\Windows\\System32\\WindowsPowerShell\\v1.0\\powershell.exe\r\nUser: SG\\larabaker","Category":"Dns query (rule: DnsQuery)","Opcode":"Info","RuleName":"-","UtcTime":"2023-01-02 13:46:48.930480","ProcessGuid":"{6b7cbb53-3452-62c8-f800-000000000e00}","QueryName":"artificialintelligence.investments","QueryStatus":"0","QueryResults":"::ffff:44.227.76.166;","Image":"C:\\Windows\\System32\\WindowsPowerShell\\v1.0\\powershell.exe","User":"SG\\larabaker","EventReceivedTime":1672667208,"SourceModuleName":"in_sysmon","SourceModuleType":"im_msvistalog"}
<14>Jan  2 13:46:49 larabaker-pc Microsoft-Windows-Sysmon[2568]: {"EventTime":1672667209,"Hostname":"larabaker-pc","Keywords":-9223372036854775808,"EventType":"INFO","SeverityValue":2,"Severity":"INFO","EventID":22,"SourceName":"Microsoft-Windows-Sysmon","ProviderGuid":"{5770385F-C22A-43E0-BF4C-06F5698FFBD9}","Version":5,"Task":22,"OpcodeValue":0,"RecordNumber":72965,"ProcessID":2568,"ThreadID":3360,"Channel":"Microsoft-Windows-Sysmon/Operational","Domain":"NT AUTHORITY","AccountName":"SYSTEM","UserID":"S-1-5-18","AccountType":"User","Message":"Dns query:\r\nRuleName: -\r\nUtcTime: 2023-01-02 13:46:49.930480\r\nProcessGuid: {6b7cbb53-3452-62c8-f800-000000000e00}\r\nProcessId: 5148\r\nQueryName: backoffice.limited\r\nQueryStatus: 0\r\nQueryResults: ::ffff:162.255.119.11;\r\nImage: C:\\Windows\\System32\\WindowsPowerShell\\v1.0\\powershell.exe\r\nUser: SG\\larabaker","Category":"Dns query (rule: DnsQuery)","Opcode":"Info","RuleName":"-","UtcTime":"2023-01-02 13:46:49.930480","ProcessGuid":"{6b7cbb53-3452-62c8-f800-000000000e00}","QueryName":"backoffice.limited","QueryStatus":"0","QueryResults":"::ffff:162.255.119.11;","Image":"C:\\Windows\\System32\\WindowsPowerShell\\v1.0\\powershell.exe","User":"SG\\larabaker","EventReceivedTime":1672667209,"SourceModuleName":"in_sysmon","SourceModuleType":"im_msvistalog"}
<14>Jan  2 13:46:50 larabaker-pc Microsoft-Windows-Sysmon[2568]: {"EventTime":1672667210,"Hostname":"larabaker-pc","Keywords":-9223372036854775808,"EventType":"INFO","SeverityValue":2,"Severity":"INFO","EventID":22,"SourceName":"Microsoft-Windows-Sysmon","ProviderGuid":"{5770385F-C22A-43E0-BF4C-06F5698FFBD9}","Version":5,"Task":22,"OpcodeValue":0,"RecordNumber":72965,"ProcessID":2568,"ThreadID":3360,"Channel":"Microsoft-Windows-Sysmon/Operational","Domain":"NT AUTHORITY","AccountName":"SYSTEM","UserID":"S-1-5-18","AccountType":"User","Message":"Dns query:\r\nRuleName: -\r\nUtcTime: 2023-01-02 13:46:50.930480\r\nProcessGuid: {6b7cbb53-3452-62c8-f800-000000000e00}\r\nProcessId: 5148\r\nQueryName: mortgagestrategiesinc.com\r\nQueryStatus: 0\r\nQueryResults: ::ffff:171.201.12.51;\r\nImage: C:\\Windows\\System32\\WindowsPowerShell\\v1.0\\powershell.exe\r\nUser: SG\\larabaker","Category":"Dns query (rule: DnsQuery)","Opcode":"Info","RuleName":"-","UtcTime":"2023-01-02 13:46:50.930480","ProcessGuid":"{6b7cbb53-3452-62c8-f800-000000000e00}","QueryName":"mortgagestrategiesinc.com","QueryStatus":"0","QueryResults":"::ffff:171.201.12.51;","Image":"C:\\Windows\\System32\\WindowsPowerShell\\v1.0\\powershell.exe","User":"SG\\larabaker","EventReceivedTime":1672667210,"SourceModuleName":"in_sysmon","SourceModuleType":"im_msvistalog"}
