<14>Jun 20 19:14:27 win-server.lunarstiiiness.com Microsoft-Windows-Sysmon[2212]: {"EventTime":1687288466,"Hostname":"win-server.lunarstiiiness.com","Keywords":-9223372036854775808,"EventType":"INFO","SeverityValue":2,"Severity":"INFO","EventID":23,"SourceName":"Microsoft-Windows-Sysmon","ProviderGuid":"{5770385F-C22A-43E0-BF4C-06F5698FFBD9}","Version":5,"Task":23,"OpcodeValue":0,"RecordNumber":2200973,"ProcessID":2212,"ThreadID":2972,"Channel":"Microsoft-Windows-Sysmon/Operational","Domain":"NT AUTHORITY","AccountName":"SYSTEM","UserID":"S-1-5-18","AccountType":"User","Message":"File Delete archived:\r\nRuleName: -\r\nUtcTime: 2023-06-20 19:14:26.136\r\nProcessGuid: {BE59402F-B8EE-6491-D10D-000000002400}\r\nProcessId: 1160\r\nUser: LUNARSTIIINESS\\tim.smith_admin\r\nImage: C:\\Program Files\\Mozilla Firefox\\firefox.exe\r\nTargetFilename: C:\\Users\\tim.smith_admin\\AppData\\Roaming\\Mozilla\\Firefox\\Profiles\\a62ctjal.default-release\\AlternateServices-1.txt\r\nHashes: SHA1=DA39A3EE5E6B4B0D3255BFEF95601890AFD80709,MD5=D41D8CD98F00B204E9800998ECF8427E,SHA256=E3B0C44298FC1C149AFBF4C8996FB92427AE41E4649B934CA495991B7852B855,IMPHASH=00000000000000000000000000000000\r\nIsExecutable: false\r\nArchived: true","Category":"File Delete archived (rule: FileDelete)","Opcode":"Info","RuleName":"-","UtcTime":"2023-06-20 19:14:26.136","ProcessGuid":"{BE59402F-B8EE-6491-D10D-000000002400}","User":"LUNARSTIIINESS\\tim.smith_admin","Image":"C:\\Program Files\\Mozilla Firefox\\firefox.exe","TargetFilename":"C:\\Users\\tim.smith_admin\\AppData\\Roaming\\Mozilla\\Firefox\\Profiles\\a62ctjal.default-release\\AlternateServices-1.txt","Hashes":"SHA1=DA39A3EE5E6B4B0D3255BFEF95601890AFD80709,MD5=D41D8CD98F00B204E9800998ECF8427E,SHA256=E3B0C44298FC1C149AFBF4C8996FB92427AE41E4649B934CA495991B7852B855,IMPHASH=00000000000000000000000000000000","IsExecutable":"false","Archived":"true","EventReceivedTime":1687288467,"SourceModuleName":"in_sysmon","SourceModuleType":"im_msvistalog"}
<14>Jun 20 19:14:28 win-server.lunarstiiiness.com Microsoft-Windows-Sysmon[2212]: {"EventTime":1687288467,"Hostname":"win-server.lunarstiiiness.com","Keywords":-9223372036854775808,"EventType":"INFO","SeverityValue":2,"Severity":"INFO","EventID":23,"SourceName":"Microsoft-Windows-Sysmon","ProviderGuid":"{5770385F-C22A-43E0-BF4C-06F5698FFBD9}","Version":5,"Task":23,"OpcodeValue":0,"RecordNumber":2200974,"ProcessID":2212,"ThreadID":2972,"Channel":"Microsoft-Windows-Sysmon/Operational","Domain":"NT AUTHORITY","AccountName":"SYSTEM","UserID":"S-1-5-18","AccountType":"User","Message":"File Delete archived:\r\nRuleName: -\r\nUtcTime: 2023-06-20 19:14:27.441\r\nProcessGuid: {BE59402F-92B3-648A-1300-000000002400}\r\nProcessId: 956\r\nUser: NT AUTHORITY\\LOCAL SERVICE\r\nImage: C:\\Windows\\system32\\svchost.exe\r\nTargetFilename: C:\\Windows\\ServiceProfiles\\LocalService\\AppData\\Local\\lastalive1.dat\r\nHashes: SHA1=8E7D0F58C97226DAA01875BFDB5AF006EAA612A6,MD5=26972BD3E2DC61B11CB905AC8D9E446B,SHA256=92956D12190360D631F34050407F6933DD2DC9D6D23704EA2E66DEA70E085FD3,IMPHASH=00000000000000000000000000000000\r\nIsExecutable: false\r\nArchived: true","Category":"File Delete archived (rule: FileDelete)","Opcode":"Info","RuleName":"-","UtcTime":"2023-06-20 19:14:27.441","ProcessGuid":"{BE59402F-92B3-648A-1300-000000002400}","User":"NT AUTHORITY\\LOCAL SERVICE","Image":"C:\\Windows\\system32\\svchost.exe","TargetFilename":"C:\\Windows\\ServiceProfiles\\LocalService\\AppData\\Local\\lastalive1.dat","Hashes":"SHA1=8E7D0F58C97226DAA01875BFDB5AF006EAA612A6,MD5=26972BD3E2DC61B11CB905AC8D9E446B,SHA256=92956D12190360D631F34050407F6933DD2DC9D6D23704EA2E66DEA70E085FD3,IMPHASH=00000000000000000000000000000000","IsExecutable":"false","Archived":"true","EventReceivedTime":1687288468,"SourceModuleName":"in_sysmon","SourceModuleType":"im_msvistalog"}
<14>Jun 20 19:14:28 win-server.lunarstiiiness.com Microsoft-Windows-Sysmon[2212]: {"EventTime":1687288467,"Hostname":"win-server.lunarstiiiness.com","Keywords":-9223372036854775808,"EventType":"INFO","SeverityValue":2,"Severity":"INFO","EventID":23,"SourceName":"Microsoft-Windows-Sysmon","ProviderGuid":"{5770385F-C22A-43E0-BF4C-06F5698FFBD9}","Version":5,"Task":23,"OpcodeValue":0,"RecordNumber":2200976,"ProcessID":2212,"ThreadID":2972,"Channel":"Microsoft-Windows-Sysmon/Operational","Domain":"NT AUTHORITY","AccountName":"SYSTEM","UserID":"S-1-5-18","AccountType":"User","Message":"File Delete archived:\r\nRuleName: -\r\nUtcTime: 2023-06-20 19:14:27.857\r\nProcessGuid: {BE59402F-B8EE-6491-D10D-000000002400}\r\nProcessId: 1160\r\nUser: LUNARSTIIINESS\\tim.smith_admin\r\nImage: C:\\Program Files\\Mozilla Firefox\\firefox.exe\r\nTargetFilename: C:\\Users\\tim.smith_admin\\AppData\\Roaming\\Mozilla\\Firefox\\Profiles\\a62ctjal.default-release\\storage\\default\\https+++secure.logmeinrescue.com^userContextId=5\\ls\\data.sqlite-journal\r\nHashes: SHA1=19188F6DBEB746CF79C9A861CA7A49CBC5824343,MD5=22D29E29FDC62449B31AC3EEFF8D6973,SHA256=3960F217A1326EB726CD64686C2DD57314D0457E76A8EE703285868436E08B40,IMPHASH=00000000000000000000000000000000\r\nIsExecutable: false\r\nArchived: true","Category":"File Delete archived (rule: FileDelete)","Opcode":"Info","RuleName":"-","UtcTime":"2023-06-20 19:14:27.857","ProcessGuid":"{BE59402F-B8EE-6491-D10D-000000002400}","User":"LUNARSTIIINESS\\tim.smith_admin","Image":"C:\\Program Files\\Mozilla Firefox\\firefox.exe","TargetFilename":"C:\\Users\\tim.smith_admin\\AppData\\Roaming\\Mozilla\\Firefox\\Profiles\\a62ctjal.default-release\\storage\\default\\https+++secure.logmeinrescue.com^userContextId=5\\ls\\data.sqlite-journal","Hashes":"SHA1=19188F6DBEB746CF79C9A861CA7A49CBC5824343,MD5=22D29E29FDC62449B31AC3EEFF8D6973,SHA256=3960F217A1326EB726CD64686C2DD57314D0457E76A8EE703285868436E08B40,IMPHASH=00000000000000000000000000000000","IsExecutable":"false","Archived":"true","EventReceivedTime":1687288468,"SourceModuleName":"in_sysmon","SourceModuleType":"im_msvistalog"}
<14>Jun 20 19:14:28 win-server.lunarstiiiness.com Microsoft-Windows-Sysmon[2212]: {"EventTime":1687288467,"Hostname":"win-server.lunarstiiiness.com","Keywords":-9223372036854775808,"EventType":"INFO","SeverityValue":2,"Severity":"INFO","EventID":23,"SourceName":"Microsoft-Windows-Sysmon","ProviderGuid":"{5770385F-C22A-43E0-BF4C-06F5698FFBD9}","Version":5,"Task":23,"OpcodeValue":0,"RecordNumber":2200977,"ProcessID":2212,"ThreadID":2972,"Channel":"Microsoft-Windows-Sysmon/Operational","Domain":"NT AUTHORITY","AccountName":"SYSTEM","UserID":"S-1-5-18","AccountType":"User","Message":"File Delete archived:\r\nRuleName: -\r\nUtcTime: 2023-06-20 19:14:27.859\r\nProcessGuid: {BE59402F-B8EE-6491-D10D-000000002400}\r\nProcessId: 1160\r\nUser: LUNARSTIIINESS\\tim.smith_admin\r\nImage: C:\\Program Files\\Mozilla Firefox\\firefox.exe\r\nTargetFilename: C:\\Users\\tim.smith_admin\\AppData\\Roaming\\Mozilla\\Firefox\\Profiles\\a62ctjal.default-release\\protections.sqlite-journal\r\nHashes: SHA1=3B8C0CE506F24EF6C415DFD1504149BED17412EA,MD5=1E4E65B92BD8130A6736BF98FC7C5136,SHA256=92FF38DCD27F89FF5AC05D489827C296958C539AEE17A61E93741408AFDA2D92,IMPHASH=00000000000000000000000000000000\r\nIsExecutable: false\r\nArchived: true","Category":"File Delete archived (rule: FileDelete)","Opcode":"Info","RuleName":"-","UtcTime":"2023-06-20 19:14:27.859","ProcessGuid":"{BE59402F-B8EE-6491-D10D-000000002400}","User":"LUNARSTIIINESS\\tim.smith_admin","Image":"C:\\Program Files\\Mozilla Firefox\\firefox.exe","TargetFilename":"C:\\Users\\tim.smith_admin\\AppData\\Roaming\\Mozilla\\Firefox\\Profiles\\a62ctjal.default-release\\protections.sqlite-journal","Hashes":"SHA1=3B8C0CE506F24EF6C415DFD1504149BED17412EA,MD5=1E4E65B92BD8130A6736BF98FC7C5136,SHA256=92FF38DCD27F89FF5AC05D489827C296958C539AEE17A61E93741408AFDA2D92,IMPHASH=00000000000000000000000000000000","IsExecutable":"false","Archived":"true","EventReceivedTime":1687288468,"SourceModuleName":"in_sysmon","SourceModuleType":"im_msvistalog"}
<14>Jun 20 19:14:28 win-server.lunarstiiiness.com Microsoft-Windows-Sysmon[2212]: {"EventTime":1687288467,"Hostname":"win-server.lunarstiiiness.com","Keywords":-9223372036854775808,"EventType":"INFO","SeverityValue":2,"Severity":"INFO","EventID":23,"SourceName":"Microsoft-Windows-Sysmon","ProviderGuid":"{5770385F-C22A-43E0-BF4C-06F5698FFBD9}","Version":5,"Task":23,"OpcodeValue":0,"RecordNumber":2200978,"ProcessID":2212,"ThreadID":2972,"Channel":"Microsoft-Windows-Sysmon/Operational","Domain":"NT AUTHORITY","AccountName":"SYSTEM","UserID":"S-1-5-18","AccountType":"User","Message":"File Delete archived:\r\nRuleName: -\r\nUtcTime: 2023-06-20 19:14:27.867\r\nProcessGuid: {BE59402F-B8EE-6491-D10D-000000002400}\r\nProcessId: 1160\r\nUser: LUNARSTIIINESS\\tim.smith_admin\r\nImage: C:\\Program Files\\Mozilla Firefox\\firefox.exe\r\nTargetFilename: C:\\Users\\tim.smith_admin\\AppData\\Roaming\\Mozilla\\Firefox\\Profiles\\a62ctjal.default-release\\storage\\default\\https+++secure.logmeinrescue.com^userContextId=5\\ls\\data.sqlite-journal\r\nHashes: SHA1=8732FA2C5C6AECC53410472E5151FF15B8751307,MD5=738BB8FC3AFFFC508C7C39EE67A11B6B,SHA256=8395D4C1C9323F38BEDA07EB706871F4EEEB3E3FCB95558F48E2A74D52409414,IMPHASH=00000000000000000000000000000000\r\nIsExecutable: false\r\nArchived: true","Category":"File Delete archived (rule: FileDelete)","Opcode":"Info","RuleName":"-","UtcTime":"2023-06-20 19:14:27.867","ProcessGuid":"{BE59402F-B8EE-6491-D10D-000000002400}","User":"LUNARSTIIINESS\\tim.smith_admin","Image":"C:\\Program Files\\Mozilla Firefox\\firefox.exe","TargetFilename":"C:\\Users\\tim.smith_admin\\AppData\\Roaming\\Mozilla\\Firefox\\Profiles\\a62ctjal.default-release\\storage\\default\\https+++secure.logmeinrescue.com^userContextId=5\\ls\\data.sqlite-journal","Hashes":"SHA1=8732FA2C5C6AECC53410472E5151FF15B8751307,MD5=738BB8FC3AFFFC508C7C39EE67A11B6B,SHA256=8395D4C1C9323F38BEDA07EB706871F4EEEB3E3FCB95558F48E2A74D52409414,IMPHASH=00000000000000000000000000000000","IsExecutable":"false","Archived":"true","EventReceivedTime":1687288468,"SourceModuleName":"in_sysmon","SourceModuleType":"im_msvistalog"}
<14>Jun 20 19:14:28 win-server.lunarstiiiness.com Microsoft-Windows-Sysmon[2212]: {"EventTime":1687288467,"Hostname":"win-server.lunarstiiiness.com","Keywords":-9223372036854775808,"EventType":"INFO","SeverityValue":2,"Severity":"INFO","EventID":23,"SourceName":"Microsoft-Windows-Sysmon","ProviderGuid":"{5770385F-C22A-43E0-BF4C-06F5698FFBD9}","Version":5,"Task":23,"OpcodeValue":0,"RecordNumber":2200979,"ProcessID":2212,"ThreadID":2972,"Channel":"Microsoft-Windows-Sysmon/Operational","Domain":"NT AUTHORITY","AccountName":"SYSTEM","UserID":"S-1-5-18","AccountType":"User","Message":"File Delete archived:\r\nRuleName: -\r\nUtcTime: 2023-06-20 19:14:27.875\r\nProcessGuid: {BE59402F-B8EE-6491-D10D-000000002400}\r\nProcessId: 1160\r\nUser: LUNARSTIIINESS\\tim.smith_admin\r\nImage: C:\\Program Files\\Mozilla Firefox\\firefox.exe\r\nTargetFilename: C:\\Users\\tim.smith_admin\\AppData\\Roaming\\Mozilla\\Firefox\\Profiles\\a62ctjal.default-release\\storage\\default\\https+++secure.logmeinrescue.com^userContextId=5\\ls\\data.sqlite-journal\r\nHashes: SHA1=61A40CDFEEB3B6AD2E347CC5DBB84A60BF332DA9,MD5=6104E79383523B1E7573C1B1209E8187,SHA256=AEF8825B63FC9EA78462042D20EEE339221A5A7491DA18B70F04007EE89DAEEE,IMPHASH=00000000000000000000000000000000\r\nIsExecutable: false\r\nArchived: true","Category":"File Delete archived (rule: FileDelete)","Opcode":"Info","RuleName":"-","UtcTime":"2023-06-20 19:14:27.875","ProcessGuid":"{BE59402F-B8EE-6491-D10D-000000002400}","User":"LUNARSTIIINESS\\tim.smith_admin","Image":"C:\\Program Files\\Mozilla Firefox\\firefox.exe","TargetFilename":"C:\\Users\\tim.smith_admin\\AppData\\Roaming\\Mozilla\\Firefox\\Profiles\\a62ctjal.default-release\\storage\\default\\https+++secure.logmeinrescue.com^userContextId=5\\ls\\data.sqlite-journal","Hashes":"SHA1=61A40CDFEEB3B6AD2E347CC5DBB84A60BF332DA9,MD5=6104E79383523B1E7573C1B1209E8187,SHA256=AEF8825B63FC9EA78462042D20EEE339221A5A7491DA18B70F04007EE89DAEEE,IMPHASH=00000000000000000000000000000000","IsExecutable":"false","Archived":"true","EventReceivedTime":1687288468,"SourceModuleName":"in_sysmon","SourceModuleType":"im_msvistalog"}
<14>Jun 20 19:14:28 win-server.lunarstiiiness.com Microsoft-Windows-Sysmon[2212]: {"EventTime":1687288467,"Hostname":"win-server.lunarstiiiness.com","Keywords":-9223372036854775808,"EventType":"INFO","SeverityValue":2,"Severity":"INFO","EventID":23,"SourceName":"Microsoft-Windows-Sysmon","ProviderGuid":"{5770385F-C22A-43E0-BF4C-06F5698FFBD9}","Version":5,"Task":23,"OpcodeValue":0,"RecordNumber":2200980,"ProcessID":2212,"ThreadID":2972,"Channel":"Microsoft-Windows-Sysmon/Operational","Domain":"NT AUTHORITY","AccountName":"SYSTEM","UserID":"S-1-5-18","AccountType":"User","Message":"File Delete archived:\r\nRuleName: -\r\nUtcTime: 2023-06-20 19:14:27.884\r\nProcessGuid: {BE59402F-B8EE-6491-D10D-000000002400}\r\nProcessId: 1160\r\nUser: LUNARSTIIINESS\\tim.smith_admin\r\nImage: C:\\Program Files\\Mozilla Firefox\\firefox.exe\r\nTargetFilename: C:\\Users\\tim.smith_admin\\AppData\\Roaming\\Mozilla\\Firefox\\Profiles\\a62ctjal.default-release\\storage\\default\\https+++secure.logmeinrescue.com^userContextId=5\\ls\\data.sqlite-journal\r\nHashes: SHA1=37D78F5ADF7CD46EEA633EA8A08D7864D10F6364,MD5=7D9066D09D47C6949889AD76F2695BA4,SHA256=812203BFD4B1FF159C20EA6184BF63A930A703EE86C597EE87B056ACABB20F5F,IMPHASH=00000000000000000000000000000000\r\nIsExecutable: false\r\nArchived: true","Category":"File Delete archived (rule: FileDelete)","Opcode":"Info","RuleName":"-","UtcTime":"2023-06-20 19:14:27.884","ProcessGuid":"{BE59402F-B8EE-6491-D10D-000000002400}","User":"LUNARSTIIINESS\\tim.smith_admin","Image":"C:\\Program Files\\Mozilla Firefox\\firefox.exe","TargetFilename":"C:\\Users\\tim.smith_admin\\AppData\\Roaming\\Mozilla\\Firefox\\Profiles\\a62ctjal.default-release\\storage\\default\\https+++secure.logmeinrescue.com^userContextId=5\\ls\\data.sqlite-journal","Hashes":"SHA1=37D78F5ADF7CD46EEA633EA8A08D7864D10F6364,MD5=7D9066D09D47C6949889AD76F2695BA4,SHA256=812203BFD4B1FF159C20EA6184BF63A930A703EE86C597EE87B056ACABB20F5F,IMPHASH=00000000000000000000000000000000","IsExecutable":"false","Archived":"true","EventReceivedTime":1687288468,"SourceModuleName":"in_sysmon","SourceModuleType":"im_msvistalog"}
<14>Jun 20 19:14:28 win-server.lunarstiiiness.com Microsoft-Windows-Sysmon[2212]: {"EventTime":1687288467,"Hostname":"win-server.lunarstiiiness.com","Keywords":-9223372036854775808,"EventType":"INFO","SeverityValue":2,"Severity":"INFO","EventID":23,"SourceName":"Microsoft-Windows-Sysmon","ProviderGuid":"{5770385F-C22A-43E0-BF4C-06F5698FFBD9}","Version":5,"Task":23,"OpcodeValue":0,"RecordNumber":2200981,"ProcessID":2212,"ThreadID":2972,"Channel":"Microsoft-Windows-Sysmon/Operational","Domain":"NT AUTHORITY","AccountName":"SYSTEM","UserID":"S-1-5-18","AccountType":"User","Message":"File Delete archived:\r\nRuleName: -\r\nUtcTime: 2023-06-20 19:14:27.888\r\nProcessGuid: {BE59402F-B8EE-6491-D10D-000000002400}\r\nProcessId: 1160\r\nUser: LUNARSTIIINESS\\tim.smith_admin\r\nImage: C:\\Program Files\\Mozilla Firefox\\firefox.exe\r\nTargetFilename: C:\\Users\\tim.smith_admin\\AppData\\Roaming\\Mozilla\\Firefox\\Profiles\\a62ctjal.default-release\\webappsstore.sqlite-shm\r\nHashes: SHA1=608EEB7488042453C9CA40F7E1398FC1A270F3F4,MD5=B7C14EC6110FA820CA6B65F5AEC85911,SHA256=FD4C9FDA9CD3F9AE7C962B0DDF37232294D55580E1AA165AA06129B8549389EB,IMPHASH=00000000000000000000000000000000\r\nIsExecutable: false\r\nArchived: true","Category":"File Delete archived (rule: FileDelete)","Opcode":"Info","RuleName":"-","UtcTime":"2023-06-20 19:14:27.888","ProcessGuid":"{BE59402F-B8EE-6491-D10D-000000002400}","User":"LUNARSTIIINESS\\tim.smith_admin","Image":"C:\\Program Files\\Mozilla Firefox\\firefox.exe","TargetFilename":"C:\\Users\\tim.smith_admin\\AppData\\Roaming\\Mozilla\\Firefox\\Profiles\\a62ctjal.default-release\\webappsstore.sqlite-shm","Hashes":"SHA1=608EEB7488042453C9CA40F7E1398FC1A270F3F4,MD5=B7C14EC6110FA820CA6B65F5AEC85911,SHA256=FD4C9FDA9CD3F9AE7C962B0DDF37232294D55580E1AA165AA06129B8549389EB,IMPHASH=00000000000000000000000000000000","IsExecutable":"false","Archived":"true","EventReceivedTime":1687288468,"SourceModuleName":"in_sysmon","SourceModuleType":"im_msvistalog"}
<14>Jun 20 19:14:28 win-server.lunarstiiiness.com Microsoft-Windows-Sysmon[2212]: {"EventTime":1687288467,"Hostname":"win-server.lunarstiiiness.com","Keywords":-9223372036854775808,"EventType":"INFO","SeverityValue":2,"Severity":"INFO","EventID":23,"SourceName":"Microsoft-Windows-Sysmon","ProviderGuid":"{5770385F-C22A-43E0-BF4C-06F5698FFBD9}","Version":5,"Task":23,"OpcodeValue":0,"RecordNumber":2200982,"ProcessID":2212,"ThreadID":2972,"Channel":"Microsoft-Windows-Sysmon/Operational","Domain":"NT AUTHORITY","AccountName":"SYSTEM","UserID":"S-1-5-18","AccountType":"User","Message":"File Delete archived:\r\nRuleName: -\r\nUtcTime: 2023-06-20 19:14:27.890\r\nProcessGuid: {BE59402F-B8EE-6491-D10D-000000002400}\r\nProcessId: 1160\r\nUser: LUNARSTIIINESS\\tim.smith_admin\r\nImage: C:\\Program Files\\Mozilla Firefox\\firefox.exe\r\nTargetFilename: C:\\Users\\tim.smith_admin\\AppData\\Roaming\\Mozilla\\Firefox\\Profiles\\a62ctjal.default-release\\storage\\default\\https+++secure.logmeinrescue.com^userContextId=5\\.metadata-v2\r\nHashes: SHA1=D5B57421A7F9AD951F4FD38666C9441C0C2AA6EF,MD5=DC8284EE96D2FB304B353948BD093CE9,SHA256=A5323175D6DBD4F6CCDB3577D64C4D137FC07C7CD495049BAD1D29C37D1B83EB,IMPHASH=00000000000000000000000000000000\r\nIsExecutable: false\r\nArchived: true","Category":"File Delete archived (rule: FileDelete)","Opcode":"Info","RuleName":"-","UtcTime":"2023-06-20 19:14:27.890","ProcessGuid":"{BE59402F-B8EE-6491-D10D-000000002400}","User":"LUNARSTIIINESS\\tim.smith_admin","Image":"C:\\Program Files\\Mozilla Firefox\\firefox.exe","TargetFilename":"C:\\Users\\tim.smith_admin\\AppData\\Roaming\\Mozilla\\Firefox\\Profiles\\a62ctjal.default-release\\storage\\default\\https+++secure.logmeinrescue.com^userContextId=5\\.metadata-v2","Hashes":"SHA1=D5B57421A7F9AD951F4FD38666C9441C0C2AA6EF,MD5=DC8284EE96D2FB304B353948BD093CE9,SHA256=A5323175D6DBD4F6CCDB3577D64C4D137FC07C7CD495049BAD1D29C37D1B83EB,IMPHASH=00000000000000000000000000000000","IsExecutable":"false","Archived":"true","EventReceivedTime":1687288468,"SourceModuleName":"in_sysmon","SourceModuleType":"im_msvistalog"}
<14>Jun 20 19:14:28 win-server.lunarstiiiness.com Microsoft-Windows-Sysmon[2212]: {"EventTime":1687288467,"Hostname":"win-server.lunarstiiiness.com","Keywords":-9223372036854775808,"EventType":"INFO","SeverityValue":2,"Severity":"INFO","EventID":23,"SourceName":"Microsoft-Windows-Sysmon","ProviderGuid":"{5770385F-C22A-43E0-BF4C-06F5698FFBD9}","Version":5,"Task":23,"OpcodeValue":0,"RecordNumber":2200983,"ProcessID":2212,"ThreadID":2972,"Channel":"Microsoft-Windows-Sysmon/Operational","Domain":"NT AUTHORITY","AccountName":"SYSTEM","UserID":"S-1-5-18","AccountType":"User","Message":"File Delete archived:\r\nRuleName: -\r\nUtcTime: 2023-06-20 19:14:27.890\r\nProcessGuid: {BE59402F-B8EE-6491-D10D-000000002400}\r\nProcessId: 1160\r\nUser: LUNARSTIIINESS\\tim.smith_admin\r\nImage: C:\\Program Files\\Mozilla Firefox\\firefox.exe\r\nTargetFilename: C:\\Users\\tim.smith_admin\\AppData\\Roaming\\Mozilla\\Firefox\\Profiles\\a62ctjal.default-release\\storage\\default\\https+++secure.logmeinrescue.com^userContextId=5\\ls\\data.sqlite\r\nHashes: SHA1=1BA0A7893FB85CB54304957C4FD7A2FE6C5E41D2,MD5=938C16BE652510E71ED5725E8A38F08B,SHA256=91C823D75CF9C2E01D670C20FEDB7CF996988407F3EB3E7D19B1298A825CFCD1,IMPHASH=00000000000000000000000000000000\r\nIsExecutable: false\r\nArchived: true","Category":"File Delete archived (rule: FileDelete)","Opcode":"Info","RuleName":"-","UtcTime":"2023-06-20 19:14:27.890","ProcessGuid":"{BE59402F-B8EE-6491-D10D-000000002400}","User":"LUNARSTIIINESS\\tim.smith_admin","Image":"C:\\Program Files\\Mozilla Firefox\\firefox.exe","TargetFilename":"C:\\Users\\tim.smith_admin\\AppData\\Roaming\\Mozilla\\Firefox\\Profiles\\a62ctjal.default-release\\storage\\default\\https+++secure.logmeinrescue.com^userContextId=5\\ls\\data.sqlite","Hashes":"SHA1=1BA0A7893FB85CB54304957C4FD7A2FE6C5E41D2,MD5=938C16BE652510E71ED5725E8A38F08B,SHA256=91C823D75CF9C2E01D670C20FEDB7CF996988407F3EB3E7D19B1298A825CFCD1,IMPHASH=00000000000000000000000000000000","IsExecutable":"false","Archived":"true","EventReceivedTime":1687288468,"SourceModuleName":"in_sysmon","SourceModuleType":"im_msvistalog"}
<14>Jun 20 19:14:28 win-server.lunarstiiiness.com Microsoft-Windows-Sysmon[2212]: {"EventTime":1687288467,"Hostname":"win-server.lunarstiiiness.com","Keywords":-9223372036854775808,"EventType":"INFO","SeverityValue":2,"Severity":"INFO","EventID":23,"SourceName":"Microsoft-Windows-Sysmon","ProviderGuid":"{5770385F-C22A-43E0-BF4C-06F5698FFBD9}","Version":5,"Task":23,"OpcodeValue":0,"RecordNumber":2200984,"ProcessID":2212,"ThreadID":2972,"Channel":"Microsoft-Windows-Sysmon/Operational","Domain":"NT AUTHORITY","AccountName":"SYSTEM","UserID":"S-1-5-18","AccountType":"User","Message":"File Delete archived:\r\nRuleName: -\r\nUtcTime: 2023-06-20 19:14:27.892\r\nProcessGuid: {BE59402F-B8EE-6491-D10D-000000002400}\r\nProcessId: 1160\r\nUser: LUNARSTIIINESS\\tim.smith_admin\r\nImage: C:\\Program Files\\Mozilla Firefox\\firefox.exe\r\nTargetFilename: C:\\Users\\tim.smith_admin\\AppData\\Roaming\\Mozilla\\Firefox\\Profiles\\a62ctjal.default-release\\storage\\default\\https+++secure.logmeinrescue.com^userContextId=5\\ls\\usage\r\nHashes: SHA1=BBF78770176A934837832B88D97172F0525725F7,MD5=4D14ED110E609D2D63297F0BD037E93C,SHA256=4C406C6198366B25795130930245781E3C857D94123652C07AFD442C9F53638D,IMPHASH=00000000000000000000000000000000\r\nIsExecutable: false\r\nArchived: true","Category":"File Delete archived (rule: FileDelete)","Opcode":"Info","RuleName":"-","UtcTime":"2023-06-20 19:14:27.892","ProcessGuid":"{BE59402F-B8EE-6491-D10D-000000002400}","User":"LUNARSTIIINESS\\tim.smith_admin","Image":"C:\\Program Files\\Mozilla Firefox\\firefox.exe","TargetFilename":"C:\\Users\\tim.smith_admin\\AppData\\Roaming\\Mozilla\\Firefox\\Profiles\\a62ctjal.default-release\\storage\\default\\https+++secure.logmeinrescue.com^userContextId=5\\ls\\usage","Hashes":"SHA1=BBF78770176A934837832B88D97172F0525725F7,MD5=4D14ED110E609D2D63297F0BD037E93C,SHA256=4C406C6198366B25795130930245781E3C857D94123652C07AFD442C9F53638D,IMPHASH=00000000000000000000000000000000","IsExecutable":"false","Archived":"true","EventReceivedTime":1687288468,"SourceModuleName":"in_sysmon","SourceModuleType":"im_msvistalog"}
<14>Jun 20 19:14:28 win-server.lunarstiiiness.com Microsoft-Windows-Sysmon[2212]: {"EventTime":1687288467,"Hostname":"win-server.lunarstiiiness.com","Keywords":-9223372036854775808,"EventType":"INFO","SeverityValue":2,"Severity":"INFO","EventID":11,"SourceName":"Microsoft-Windows-Sysmon","ProviderGuid":"{5770385F-C22A-43E0-BF4C-06F5698FFBD9}","Version":2,"Task":11,"OpcodeValue":0,"RecordNumber":2200975,"ProcessID":2212,"ThreadID":2972,"Channel":"Microsoft-Windows-Sysmon/Operational","Domain":"NT AUTHORITY","AccountName":"SYSTEM","UserID":"S-1-5-18","AccountType":"User","Message":"File created:\r\nRuleName: technique_id=T1574.010,technique_name=Services File Permissions Weakness\r\nUtcTime: 2023-06-20 19:14:27.441\r\nProcessGuid: {BE59402F-92B3-648A-1300-000000002400}\r\nProcessId: 956\r\nImage: C:\\Windows\\system32\\svchost.exe\r\nTargetFilename: C:\\Windows\\ServiceProfiles\\LocalService\\AppData\\Local\\lastalive1.dat\r\nCreationUtcTime: 2023-06-15 04:26:24.014\r\nUser: NT AUTHORITY\\LOCAL SERVICE","Category":"File created (rule: FileCreate)","Opcode":"Info","RuleName":"technique_id=T1574.010,technique_name=Services File Permissions Weakness","UtcTime":"2023-06-20 19:14:27.441","ProcessGuid":"{BE59402F-92B3-648A-1300-000000002400}","Image":"C:\\Windows\\system32\\svchost.exe","TargetFilename":"C:\\Windows\\ServiceProfiles\\LocalService\\AppData\\Local\\lastalive1.dat","CreationUtcTime":"2023-06-15 04:26:24.014","User":"NT AUTHORITY\\LOCAL SERVICE","EventReceivedTime":1687288468,"SourceModuleName":"in_sysmon","SourceModuleType":"im_msvistalog"}
<14>Jun 20 19:14:30 win-server.lunarstiiiness.com Microsoft-Windows-Sysmon[2212]: {"EventTime":1687288468,"Hostname":"win-server.lunarstiiiness.com","Keywords":-9223372036854775808,"EventType":"INFO","SeverityValue":2,"Severity":"INFO","EventID":17,"SourceName":"Microsoft-Windows-Sysmon","ProviderGuid":"{5770385F-C22A-43E0-BF4C-06F5698FFBD9}","Version":1,"Task":17,"OpcodeValue":0,"RecordNumber":2200985,"ProcessID":2212,"ThreadID":2972,"Channel":"Microsoft-Windows-Sysmon/Operational","Domain":"NT AUTHORITY","AccountName":"SYSTEM","UserID":"S-1-5-18","AccountType":"User","Message":"Pipe Created:\r\nRuleName: -\r\nEventType: CreatePipe\r\nUtcTime: 2023-06-20 19:14:28.857\r\nProcessGuid: {BE59402F-B8EE-6491-D10D-000000002400}\r\nProcessId: 1160\r\nPipeName: \\gecko.1160.6112.8025274428256487777\r\nImage: C:\\Program Files\\Mozilla Firefox\\firefox.exe\r\nUser: LUNARSTIIINESS\\tim.smith_admin","Category":"Pipe Created (rule: PipeEvent)","Opcode":"Info","RuleName":"-","UtcTime":"2023-06-20 19:14:28.857","ProcessGuid":"{BE59402F-B8EE-6491-D10D-000000002400}","PipeName":"\\gecko.1160.6112.8025274428256487777","Image":"C:\\Program Files\\Mozilla Firefox\\firefox.exe","User":"LUNARSTIIINESS\\tim.smith_admin","EventReceivedTime":1687288470,"SourceModuleName":"in_sysmon","SourceModuleType":"im_msvistalog"}
<14>Jun 20 19:14:30 win-server.lunarstiiiness.com Microsoft-Windows-Sysmon[2212]: {"EventTime":1687288468,"Hostname":"win-server.lunarstiiiness.com","Keywords":-9223372036854775808,"EventType":"INFO","SeverityValue":2,"Severity":"INFO","EventID":17,"SourceName":"Microsoft-Windows-Sysmon","ProviderGuid":"{5770385F-C22A-43E0-BF4C-06F5698FFBD9}","Version":1,"Task":17,"OpcodeValue":0,"RecordNumber":2200986,"ProcessID":2212,"ThreadID":2972,"Channel":"Microsoft-Windows-Sysmon/Operational","Domain":"NT AUTHORITY","AccountName":"SYSTEM","UserID":"S-1-5-18","AccountType":"User","Message":"Pipe Created:\r\nRuleName: -\r\nEventType: CreatePipe\r\nUtcTime: 2023-06-20 19:14:28.867\r\nProcessGuid: {BE59402F-B8EE-6491-D10D-000000002400}\r\nProcessId: 1160\r\nPipeName: \\LOCAL\\cubeb-pipe-1160-18\r\nImage: C:\\Program Files\\Mozilla Firefox\\firefox.exe\r\nUser: LUNARSTIIINESS\\tim.smith_admin","Category":"Pipe Created (rule: PipeEvent)","Opcode":"Info","RuleName":"-","UtcTime":"2023-06-20 19:14:28.867","ProcessGuid":"{BE59402F-B8EE-6491-D10D-000000002400}","PipeName":"\\LOCAL\\cubeb-pipe-1160-18","Image":"C:\\Program Files\\Mozilla Firefox\\firefox.exe","User":"LUNARSTIIINESS\\tim.smith_admin","EventReceivedTime":1687288470,"SourceModuleName":"in_sysmon","SourceModuleType":"im_msvistalog"}
<14>Jun 20 19:14:37 win-server.lunarstiiiness.com Microsoft-Windows-Sysmon[2212]: {"EventTime":1687288476,"Hostname":"win-server.lunarstiiiness.com","Keywords":-9223372036854775808,"EventType":"INFO","SeverityValue":2,"Severity":"INFO","EventID":23,"SourceName":"Microsoft-Windows-Sysmon","ProviderGuid":"{5770385F-C22A-43E0-BF4C-06F5698FFBD9}","Version":5,"Task":23,"OpcodeValue":0,"RecordNumber":2200987,"ProcessID":2212,"ThreadID":2972,"Channel":"Microsoft-Windows-Sysmon/Operational","Domain":"NT AUTHORITY","AccountName":"SYSTEM","UserID":"S-1-5-18","AccountType":"User","Message":"File Delete archived:\r\nRuleName: -\r\nUtcTime: 2023-06-20 19:14:36.015\r\nProcessGuid: {BE59402F-B8EE-6491-D10D-000000002400}\r\nProcessId: 1160\r\nUser: LUNARSTIIINESS\\tim.smith_admin\r\nImage: C:\\Program Files\\Mozilla Firefox\\firefox.exe\r\nTargetFilename: C:\\Users\\tim.smith_admin\\AppData\\Roaming\\Mozilla\\Firefox\\Profiles\\a62ctjal.default-release\\storage\\permanent\\chrome\\idb\\1657114595AmcateirvtiSty.sqlite-shm\r\nHashes: SHA1=C3910863E1DF2B377EA2DEE519E4E9B6C993D6C0,MD5=CBC8857CBF4A494CBA02421C44972E7B,SHA256=02B73F9F1E2B87245C7E6D61B0133585CEE9302946CD38F25FB09F286BB8A33F,IMPHASH=00000000000000000000000000000000\r\nIsExecutable: false\r\nArchived: true","Category":"File Delete archived (rule: FileDelete)","Opcode":"Info","RuleName":"-","UtcTime":"2023-06-20 19:14:36.015","ProcessGuid":"{BE59402F-B8EE-6491-D10D-000000002400}","User":"LUNARSTIIINESS\\tim.smith_admin","Image":"C:\\Program Files\\Mozilla Firefox\\firefox.exe","TargetFilename":"C:\\Users\\tim.smith_admin\\AppData\\Roaming\\Mozilla\\Firefox\\Profiles\\a62ctjal.default-release\\storage\\permanent\\chrome\\idb\\1657114595AmcateirvtiSty.sqlite-shm","Hashes":"SHA1=C3910863E1DF2B377EA2DEE519E4E9B6C993D6C0,MD5=CBC8857CBF4A494CBA02421C44972E7B,SHA256=02B73F9F1E2B87245C7E6D61B0133585CEE9302946CD38F25FB09F286BB8A33F,IMPHASH=00000000000000000000000000000000","IsExecutable":"false","Archived":"true","EventReceivedTime":1687288477,"SourceModuleName":"in_sysmon","SourceModuleType":"im_msvistalog"}
<14>Jun 20 19:14:37 win-server.lunarstiiiness.com Microsoft-Windows-Sysmon[2212]: {"EventTime":1687288476,"Hostname":"win-server.lunarstiiiness.com","Keywords":-9223372036854775808,"EventType":"INFO","SeverityValue":2,"Severity":"INFO","EventID":23,"SourceName":"Microsoft-Windows-Sysmon","ProviderGuid":"{5770385F-C22A-43E0-BF4C-06F5698FFBD9}","Version":5,"Task":23,"OpcodeValue":0,"RecordNumber":2200988,"ProcessID":2212,"ThreadID":2972,"Channel":"Microsoft-Windows-Sysmon/Operational","Domain":"NT AUTHORITY","AccountName":"SYSTEM","UserID":"S-1-5-18","AccountType":"User","Message":"File Delete archived:\r\nRuleName: -\r\nUtcTime: 2023-06-20 19:14:36.017\r\nProcessGuid: {BE59402F-B8EE-6491-D10D-000000002400}\r\nProcessId: 1160\r\nUser: LUNARSTIIINESS\\tim.smith_admin\r\nImage: C:\\Program Files\\Mozilla Firefox\\firefox.exe\r\nTargetFilename: C:\\Users\\tim.smith_admin\\AppData\\Roaming\\Mozilla\\Firefox\\Profiles\\a62ctjal.default-release\\storage\\permanent\\chrome\\idb\\3870112724rsegmnoittet-es.sqlite-shm\r\nHashes: SHA1=608EEB7488042453C9CA40F7E1398FC1A270F3F4,MD5=B7C14EC6110FA820CA6B65F5AEC85911,SHA256=FD4C9FDA9CD3F9AE7C962B0DDF37232294D55580E1AA165AA06129B8549389EB,IMPHASH=00000000000000000000000000000000\r\nIsExecutable: false\r\nArchived: true","Category":"File Delete archived (rule: FileDelete)","Opcode":"Info","RuleName":"-","UtcTime":"2023-06-20 19:14:36.017","ProcessGuid":"{BE59402F-B8EE-6491-D10D-000000002400}","User":"LUNARSTIIINESS\\tim.smith_admin","Image":"C:\\Program Files\\Mozilla Firefox\\firefox.exe","TargetFilename":"C:\\Users\\tim.smith_admin\\AppData\\Roaming\\Mozilla\\Firefox\\Profiles\\a62ctjal.default-release\\storage\\permanent\\chrome\\idb\\3870112724rsegmnoittet-es.sqlite-shm","Hashes":"SHA1=608EEB7488042453C9CA40F7E1398FC1A270F3F4,MD5=B7C14EC6110FA820CA6B65F5AEC85911,SHA256=FD4C9FDA9CD3F9AE7C962B0DDF37232294D55580E1AA165AA06129B8549389EB,IMPHASH=00000000000000000000000000000000","IsExecutable":"false","Archived":"true","EventReceivedTime":1687288477,"SourceModuleName":"in_sysmon","SourceModuleType":"im_msvistalog"}
<14>Jun 20 19:14:41 win-server.lunarstiiiness.com Microsoft-Windows-Sysmon[2212]: {"EventTime":1687288479,"Hostname":"win-server.lunarstiiiness.com","Keywords":-9223372036854775808,"EventType":"INFO","SeverityValue":2,"Severity":"INFO","EventID":23,"SourceName":"Microsoft-Windows-Sysmon","ProviderGuid":"{5770385F-C22A-43E0-BF4C-06F5698FFBD9}","Version":5,"Task":23,"OpcodeValue":0,"RecordNumber":2200989,"ProcessID":2212,"ThreadID":2972,"Channel":"Microsoft-Windows-Sysmon/Operational","Domain":"NT AUTHORITY","AccountName":"SYSTEM","UserID":"S-1-5-18","AccountType":"User","Message":"File Delete archived:\r\nRuleName: -\r\nUtcTime: 2023-06-20 19:14:39.845\r\nProcessGuid: {BE59402F-B8EE-6491-D10D-000000002400}\r\nProcessId: 1160\r\nUser: LUNARSTIIINESS\\tim.smith_admin\r\nImage: C:\\Program Files\\Mozilla Firefox\\firefox.exe\r\nTargetFilename: C:\\Users\\tim.smith_admin\\AppData\\Roaming\\Mozilla\\Firefox\\Profiles\\a62ctjal.default-release\\storage\\permanent\\chrome\\idb\\2918063365piupsah.sqlite-shm\r\nHashes: SHA1=39AA1689E121B011FC37260C62AFBF4A1BE82160,MD5=1CECA2789263075E0682429AB393BA12,SHA256=86F84CB920DDC63FC0641B51E00391E35E442802D85A8AD1EE25E58EAD60628D,IMPHASH=00000000000000000000000000000000\r\nIsExecutable: false\r\nArchived: true","Category":"File Delete archived (rule: FileDelete)","Opcode":"Info","RuleName":"-","UtcTime":"2023-06-20 19:14:39.845","ProcessGuid":"{BE59402F-B8EE-6491-D10D-000000002400}","User":"LUNARSTIIINESS\\tim.smith_admin","Image":"C:\\Program Files\\Mozilla Firefox\\firefox.exe","TargetFilename":"C:\\Users\\tim.smith_admin\\AppData\\Roaming\\Mozilla\\Firefox\\Profiles\\a62ctjal.default-release\\storage\\permanent\\chrome\\idb\\2918063365piupsah.sqlite-shm","Hashes":"SHA1=39AA1689E121B011FC37260C62AFBF4A1BE82160,MD5=1CECA2789263075E0682429AB393BA12,SHA256=86F84CB920DDC63FC0641B51E00391E35E442802D85A8AD1EE25E58EAD60628D,IMPHASH=00000000000000000000000000000000","IsExecutable":"false","Archived":"true","EventReceivedTime":1687288481,"SourceModuleName":"in_sysmon","SourceModuleType":"im_msvistalog"}
<14>Jun 20 19:14:43 win-server.lunarstiiiness.com Microsoft-Windows-Sysmon[2212]: {"EventTime":1687288481,"Hostname":"win-server.lunarstiiiness.com","Keywords":-9223372036854775808,"EventType":"INFO","SeverityValue":2,"Severity":"INFO","EventID":22,"SourceName":"Microsoft-Windows-Sysmon","ProviderGuid":"{5770385F-C22A-43E0-BF4C-06F5698FFBD9}","Version":5,"Task":22,"OpcodeValue":0,"RecordNumber":2200990,"ProcessID":2212,"ThreadID":2992,"Channel":"Microsoft-Windows-Sysmon/Operational","Domain":"NT AUTHORITY","AccountName":"SYSTEM","UserID":"S-1-5-18","AccountType":"User","Message":"Dns query:\r\nRuleName: -\r\nUtcTime: 2023-06-20 19:14:41.206\r\nProcessGuid: {BE59402F-B8EE-6491-D10D-000000002400}\r\nProcessId: 1160\r\nQueryName: b.6sc.co\r\nQueryStatus: 0\r\nQueryResults: type:  5 b2.6sc.co.edgekey.net;type:  5 e212585.b.akamaiedge.net;::ffff:23.200.133.56;::ffff:23.200.133.45;\r\nImage: C:\\Program Files\\Mozilla Firefox\\firefox.exe\r\nUser: LUNARSTIIINESS\\tim.smith_admin","Category":"Dns query (rule: DnsQuery)","Opcode":"Info","RuleName":"-","UtcTime":"2023-06-20 19:14:41.206","ProcessGuid":"{BE59402F-B8EE-6491-D10D-000000002400}","QueryName":"b.6sc.co","QueryStatus":"0","QueryResults":"type:  5 b2.6sc.co.edgekey.net;type:  5 e212585.b.akamaiedge.net;::ffff:23.200.133.56;::ffff:23.200.133.45;","Image":"C:\\Program Files\\Mozilla Firefox\\firefox.exe","User":"LUNARSTIIINESS\\tim.smith_admin","EventReceivedTime":1687288483,"SourceModuleName":"in_sysmon","SourceModuleType":"im_msvistalog"}
<14>Jun 20 19:14:43 win-server.lunarstiiiness.com Microsoft-Windows-Sysmon[2212]: {"EventTime":1687288481,"Hostname":"win-server.lunarstiiiness.com","Keywords":-9223372036854775808,"EventType":"INFO","SeverityValue":2,"Severity":"INFO","EventID":22,"SourceName":"Microsoft-Windows-Sysmon","ProviderGuid":"{5770385F-C22A-43E0-BF4C-06F5698FFBD9}","Version":5,"Task":22,"OpcodeValue":0,"RecordNumber":2200991,"ProcessID":2212,"ThreadID":2992,"Channel":"Microsoft-Windows-Sysmon/Operational","Domain":"NT AUTHORITY","AccountName":"SYSTEM","UserID":"S-1-5-18","AccountType":"User","Message":"Dns query:\r\nRuleName: -\r\nUtcTime: 2023-06-20 19:14:41.221\r\nProcessGuid: {BE59402F-B8EE-6491-D10D-000000002400}\r\nProcessId: 1160\r\nQueryName: e212585.b.akamaiedge.net\r\nQueryStatus: 0\r\nQueryResults: 23.221.22.70;23.221.22.90;\r\nImage: C:\\Program Files\\Mozilla Firefox\\firefox.exe\r\nUser: LUNARSTIIINESS\\tim.smith_admin","Category":"Dns query (rule: DnsQuery)","Opcode":"Info","RuleName":"-","UtcTime":"2023-06-20 19:14:41.221","ProcessGuid":"{BE59402F-B8EE-6491-D10D-000000002400}","QueryName":"e212585.b.akamaiedge.net","QueryStatus":"0","QueryResults":"23.221.22.70;23.221.22.90;","Image":"C:\\Program Files\\Mozilla Firefox\\firefox.exe","User":"LUNARSTIIINESS\\tim.smith_admin","EventReceivedTime":1687288483,"SourceModuleName":"in_sysmon","SourceModuleType":"im_msvistalog"}
<14>Jun 20 19:14:45 win-server.lunarstiiiness.com Microsoft-Windows-Sysmon[2212]: {"EventTime":1687288484,"Hostname":"win-server.lunarstiiiness.com","Keywords":-9223372036854775808,"EventType":"INFO","SeverityValue":2,"Severity":"INFO","EventID":22,"SourceName":"Microsoft-Windows-Sysmon","ProviderGuid":"{5770385F-C22A-43E0-BF4C-06F5698FFBD9}","Version":5,"Task":22,"OpcodeValue":0,"RecordNumber":2200992,"ProcessID":2212,"ThreadID":2992,"Channel":"Microsoft-Windows-Sysmon/Operational","Domain":"NT AUTHORITY","AccountName":"SYSTEM","UserID":"S-1-5-18","AccountType":"User","Message":"Dns query:\r\nRuleName: -\r\nUtcTime: 2023-06-20 19:14:43.765\r\nProcessGuid: {BE59402F-B8EE-6491-D10D-000000002400}\r\nProcessId: 1160\r\nQueryName: brand-messenger.app.khoros.com\r\nQueryStatus: 0\r\nQueryResults: 18.154.185.113;18.154.185.121;18.154.185.78;18.154.185.76;\r\nImage: C:\\Program Files\\Mozilla Firefox\\firefox.exe\r\nUser: LUNARSTIIINESS\\tim.smith_admin","Category":"Dns query (rule: DnsQuery)","Opcode":"Info","RuleName":"-","UtcTime":"2023-06-20 19:14:43.765","ProcessGuid":"{BE59402F-B8EE-6491-D10D-000000002400}","QueryName":"brand-messenger.app.khoros.com","QueryStatus":"0","QueryResults":"18.154.185.113;18.154.185.121;18.154.185.78;18.154.185.76;","Image":"C:\\Program Files\\Mozilla Firefox\\firefox.exe","User":"LUNARSTIIINESS\\tim.smith_admin","EventReceivedTime":1687288485,"SourceModuleName":"in_sysmon","SourceModuleType":"im_msvistalog"}
<14>Jun 20 19:14:47 win-server.lunarstiiiness.com Microsoft-Windows-Sysmon[2212]: {"EventTime":1687288485,"Hostname":"win-server.lunarstiiiness.com","Keywords":-9223372036854775808,"EventType":"INFO","SeverityValue":2,"Severity":"INFO","EventID":23,"SourceName":"Microsoft-Windows-Sysmon","ProviderGuid":"{5770385F-C22A-43E0-BF4C-06F5698FFBD9}","Version":5,"Task":23,"OpcodeValue":0,"RecordNumber":2200993,"ProcessID":2212,"ThreadID":2972,"Channel":"Microsoft-Windows-Sysmon/Operational","Domain":"NT AUTHORITY","AccountName":"SYSTEM","UserID":"S-1-5-18","AccountType":"User","Message":"File Delete archived:\r\nRuleName: -\r\nUtcTime: 2023-06-20 19:14:45.849\r\nProcessGuid: {BE59402F-B8EE-6491-D10D-000000002400}\r\nProcessId: 1160\r\nUser: LUNARSTIIINESS\\tim.smith_admin\r\nImage: C:\\Program Files\\Mozilla Firefox\\firefox.exe\r\nTargetFilename: C:\\Users\\tim.smith_admin\\AppData\\Local\\Mozilla\\Firefox\\Profiles\\a62ctjal.default-release\\cache2\\doomed\\3123\r\nHashes: SHA1=578AAA865811186133A1C1E0D58494ECC495C5EE,MD5=632ED5453B386395F8F2A6212152823D,SHA256=1ADB1CCA610D91970FEFA810A5C8B9F494F0185E02B7D24BD1EB03B11BD634EF,IMPHASH=00000000000000000000000000000000\r\nIsExecutable: false\r\nArchived: true","Category":"File Delete archived (rule: FileDelete)","Opcode":"Info","RuleName":"-","UtcTime":"2023-06-20 19:14:45.849","ProcessGuid":"{BE59402F-B8EE-6491-D10D-000000002400}","User":"LUNARSTIIINESS\\tim.smith_admin","Image":"C:\\Program Files\\Mozilla Firefox\\firefox.exe","TargetFilename":"C:\\Users\\tim.smith_admin\\AppData\\Local\\Mozilla\\Firefox\\Profiles\\a62ctjal.default-release\\cache2\\doomed\\3123","Hashes":"SHA1=578AAA865811186133A1C1E0D58494ECC495C5EE,MD5=632ED5453B386395F8F2A6212152823D,SHA256=1ADB1CCA610D91970FEFA810A5C8B9F494F0185E02B7D24BD1EB03B11BD634EF,IMPHASH=00000000000000000000000000000000","IsExecutable":"false","Archived":"true","EventReceivedTime":1687288487,"SourceModuleName":"in_sysmon","SourceModuleType":"im_msvistalog"}
<14>Jun 20 19:15:10 win-server.lunarstiiiness.com Microsoft-Windows-Sysmon[2212]: {"EventTime":1687288508,"Hostname":"win-server.lunarstiiiness.com","Keywords":-9223372036854775808,"EventType":"INFO","SeverityValue":2,"Severity":"INFO","EventID":22,"SourceName":"Microsoft-Windows-Sysmon","ProviderGuid":"{5770385F-C22A-43E0-BF4C-06F5698FFBD9}","Version":5,"Task":22,"OpcodeValue":0,"RecordNumber":2200994,"ProcessID":2212,"ThreadID":2992,"Channel":"Microsoft-Windows-Sysmon/Operational","Domain":"NT AUTHORITY","AccountName":"SYSTEM","UserID":"S-1-5-18","AccountType":"User","Message":"Dns query:\r\nRuleName: -\r\nUtcTime: 2023-06-20 19:15:08.231\r\nProcessGuid: {BE59402F-B8EE-6491-D10D-000000002400}\r\nProcessId: 1160\r\nQueryName: b.6sc.co\r\nQueryStatus: 0\r\nQueryResults: type:  5 b2.6sc.co.edgekey.net;type:  5 e212585.b.akamaiedge.net;::ffff:23.200.133.56;::ffff:23.200.133.43;::ffff:23.200.133.45;\r\nImage: C:\\Program Files\\Mozilla Firefox\\firefox.exe\r\nUser: LUNARSTIIINESS\\tim.smith_admin","Category":"Dns query (rule: DnsQuery)","Opcode":"Info","RuleName":"-","UtcTime":"2023-06-20 19:15:08.231","ProcessGuid":"{BE59402F-B8EE-6491-D10D-000000002400}","QueryName":"b.6sc.co","QueryStatus":"0","QueryResults":"type:  5 b2.6sc.co.edgekey.net;type:  5 e212585.b.akamaiedge.net;::ffff:23.200.133.56;::ffff:23.200.133.43;::ffff:23.200.133.45;","Image":"C:\\Program Files\\Mozilla Firefox\\firefox.exe","User":"LUNARSTIIINESS\\tim.smith_admin","EventReceivedTime":1687288510,"SourceModuleName":"in_sysmon","SourceModuleType":"im_msvistalog"}
<14>Jun 20 19:15:28 win-server.lunarstiiiness.com Microsoft-Windows-Sysmon[2212]: {"EventTime":1687288527,"Hostname":"win-server.lunarstiiiness.com","Keywords":-9223372036854775808,"EventType":"INFO","SeverityValue":2,"Severity":"INFO","EventID":11,"SourceName":"Microsoft-Windows-Sysmon","ProviderGuid":"{5770385F-C22A-43E0-BF4C-06F5698FFBD9}","Version":2,"Task":11,"OpcodeValue":0,"RecordNumber":2200996,"ProcessID":2212,"ThreadID":2972,"Channel":"Microsoft-Windows-Sysmon/Operational","Domain":"NT AUTHORITY","AccountName":"SYSTEM","UserID":"S-1-5-18","AccountType":"User","Message":"File created:\r\nRuleName: technique_id=T1574.010,technique_name=Services File Permissions Weakness\r\nUtcTime: 2023-06-20 19:15:27.453\r\nProcessGuid: {BE59402F-92B3-648A-1300-000000002400}\r\nProcessId: 956\r\nImage: C:\\Windows\\system32\\svchost.exe\r\nTargetFilename: C:\\Windows\\ServiceProfiles\\LocalService\\AppData\\Local\\lastalive0.dat\r\nCreationUtcTime: 2023-06-15 04:25:23.811\r\nUser: NT AUTHORITY\\LOCAL SERVICE","Category":"File created (rule: FileCreate)","Opcode":"Info","RuleName":"technique_id=T1574.010,technique_name=Services File Permissions Weakness","UtcTime":"2023-06-20 19:15:27.453","ProcessGuid":"{BE59402F-92B3-648A-1300-000000002400}","Image":"C:\\Windows\\system32\\svchost.exe","TargetFilename":"C:\\Windows\\ServiceProfiles\\LocalService\\AppData\\Local\\lastalive0.dat","CreationUtcTime":"2023-06-15 04:25:23.811","User":"NT AUTHORITY\\LOCAL SERVICE","EventReceivedTime":1687288528,"SourceModuleName":"in_sysmon","SourceModuleType":"im_msvistalog"}
<14>Jun 20 19:15:28 win-server.lunarstiiiness.com Microsoft-Windows-Sysmon[2212]: {"EventTime":1687288527,"Hostname":"win-server.lunarstiiiness.com","Keywords":-9223372036854775808,"EventType":"INFO","SeverityValue":2,"Severity":"INFO","EventID":23,"SourceName":"Microsoft-Windows-Sysmon","ProviderGuid":"{5770385F-C22A-43E0-BF4C-06F5698FFBD9}","Version":5,"Task":23,"OpcodeValue":0,"RecordNumber":2200995,"ProcessID":2212,"ThreadID":2972,"Channel":"Microsoft-Windows-Sysmon/Operational","Domain":"NT AUTHORITY","AccountName":"SYSTEM","UserID":"S-1-5-18","AccountType":"User","Message":"File Delete archived:\r\nRuleName: -\r\nUtcTime: 2023-06-20 19:15:27.453\r\nProcessGuid: {BE59402F-92B3-648A-1300-000000002400}\r\nProcessId: 956\r\nUser: NT AUTHORITY\\LOCAL SERVICE\r\nImage: C:\\Windows\\system32\\svchost.exe\r\nTargetFilename: C:\\Windows\\ServiceProfiles\\LocalService\\AppData\\Local\\lastalive0.dat\r\nHashes: SHA1=A2085DC18FD94B30D4A3F2C2EC2E827B37D69B5F,MD5=BDB01C99E7B600CE0E1C45A27F7C06D8,SHA256=B844F1C27BF8D63E25CED23421565C9395D2BB3CDAD820D6BBBCCA5992F6EBFB,IMPHASH=00000000000000000000000000000000\r\nIsExecutable: false\r\nArchived: true","Category":"File Delete archived (rule: FileDelete)","Opcode":"Info","RuleName":"-","UtcTime":"2023-06-20 19:15:27.453","ProcessGuid":"{BE59402F-92B3-648A-1300-000000002400}","User":"NT AUTHORITY\\LOCAL SERVICE","Image":"C:\\Windows\\system32\\svchost.exe","TargetFilename":"C:\\Windows\\ServiceProfiles\\LocalService\\AppData\\Local\\lastalive0.dat","Hashes":"SHA1=A2085DC18FD94B30D4A3F2C2EC2E827B37D69B5F,MD5=BDB01C99E7B600CE0E1C45A27F7C06D8,SHA256=B844F1C27BF8D63E25CED23421565C9395D2BB3CDAD820D6BBBCCA5992F6EBFB,IMPHASH=00000000000000000000000000000000","IsExecutable":"false","Archived":"true","EventReceivedTime":1687288528,"SourceModuleName":"in_sysmon","SourceModuleType":"im_msvistalog"}
<14>Jun 20 19:15:40 win-server.lunarstiiiness.com Microsoft-Windows-Sysmon[2212]: {"EventTime":1687288539,"Hostname":"win-server.lunarstiiiness.com","Keywords":-9223372036854775808,"EventType":"INFO","SeverityValue":2,"Severity":"INFO","EventID":23,"SourceName":"Microsoft-Windows-Sysmon","ProviderGuid":"{5770385F-C22A-43E0-BF4C-06F5698FFBD9}","Version":5,"Task":23,"OpcodeValue":0,"RecordNumber":2200997,"ProcessID":2212,"ThreadID":2972,"Channel":"Microsoft-Windows-Sysmon/Operational","Domain":"NT AUTHORITY","AccountName":"SYSTEM","UserID":"S-1-5-18","AccountType":"User","Message":"File Delete archived:\r\nRuleName: -\r\nUtcTime: 2023-06-20 19:15:39.406\r\nProcessGuid: {BE59402F-B8EE-6491-D10D-000000002400}\r\nProcessId: 1160\r\nUser: LUNARSTIIINESS\\tim.smith_admin\r\nImage: C:\\Program Files\\Mozilla Firefox\\firefox.exe\r\nTargetFilename: C:\\Users\\tim.smith_admin\\AppData\\Roaming\\Mozilla\\Firefox\\Profiles\\a62ctjal.default-release\\SiteSecurityServiceState-1.txt\r\nHashes: SHA1=DA39A3EE5E6B4B0D3255BFEF95601890AFD80709,MD5=D41D8CD98F00B204E9800998ECF8427E,SHA256=E3B0C44298FC1C149AFBF4C8996FB92427AE41E4649B934CA495991B7852B855,IMPHASH=00000000000000000000000000000000\r\nIsExecutable: false\r\nArchived: true","Category":"File Delete archived (rule: FileDelete)","Opcode":"Info","RuleName":"-","UtcTime":"2023-06-20 19:15:39.406","ProcessGuid":"{BE59402F-B8EE-6491-D10D-000000002400}","User":"LUNARSTIIINESS\\tim.smith_admin","Image":"C:\\Program Files\\Mozilla Firefox\\firefox.exe","TargetFilename":"C:\\Users\\tim.smith_admin\\AppData\\Roaming\\Mozilla\\Firefox\\Profiles\\a62ctjal.default-release\\SiteSecurityServiceState-1.txt","Hashes":"SHA1=DA39A3EE5E6B4B0D3255BFEF95601890AFD80709,MD5=D41D8CD98F00B204E9800998ECF8427E,SHA256=E3B0C44298FC1C149AFBF4C8996FB92427AE41E4649B934CA495991B7852B855,IMPHASH=00000000000000000000000000000000","IsExecutable":"false","Archived":"true","EventReceivedTime":1687288540,"SourceModuleName":"in_sysmon","SourceModuleType":"im_msvistalog"}
<14>Jun 20 19:15:45 win-server.lunarstiiiness.com Microsoft-Windows-Sysmon[2212]: {"EventTime":1687288544,"Hostname":"win-server.lunarstiiiness.com","Keywords":-9223372036854775808,"EventType":"INFO","SeverityValue":2,"Severity":"INFO","EventID":22,"SourceName":"Microsoft-Windows-Sysmon","ProviderGuid":"{5770385F-C22A-43E0-BF4C-06F5698FFBD9}","Version":5,"Task":22,"OpcodeValue":0,"RecordNumber":2200998,"ProcessID":2212,"ThreadID":2992,"Channel":"Microsoft-Windows-Sysmon/Operational","Domain":"NT AUTHORITY","AccountName":"SYSTEM","UserID":"S-1-5-18","AccountType":"User","Message":"Dns query:\r\nRuleName: -\r\nUtcTime: 2023-06-20 19:15:43.830\r\nProcessGuid: {BE59402F-B8EE-6491-D10D-000000002400}\r\nProcessId: 1160\r\nQueryName: brand-messenger.app.khoros.com\r\nQueryStatus: 0\r\nQueryResults: ::ffff:18.154.185.121;::ffff:18.154.185.78;::ffff:18.154.185.76;::ffff:18.154.185.113;\r\nImage: C:\\Program Files\\Mozilla Firefox\\firefox.exe\r\nUser: LUNARSTIIINESS\\tim.smith_admin","Category":"Dns query (rule: DnsQuery)","Opcode":"Info","RuleName":"-","UtcTime":"2023-06-20 19:15:43.830","ProcessGuid":"{BE59402F-B8EE-6491-D10D-000000002400}","QueryName":"brand-messenger.app.khoros.com","QueryStatus":"0","QueryResults":"::ffff:18.154.185.121;::ffff:18.154.185.78;::ffff:18.154.185.76;::ffff:18.154.185.113;","Image":"C:\\Program Files\\Mozilla Firefox\\firefox.exe","User":"LUNARSTIIINESS\\tim.smith_admin","EventReceivedTime":1687288545,"SourceModuleName":"in_sysmon","SourceModuleType":"im_msvistalog"}
<14>Jun 20 19:15:45 win-server.lunarstiiiness.com Microsoft-Windows-Sysmon[2212]: {"EventTime":1687288544,"Hostname":"win-server.lunarstiiiness.com","Keywords":-9223372036854775808,"EventType":"INFO","SeverityValue":2,"Severity":"INFO","EventID":22,"SourceName":"Microsoft-Windows-Sysmon","ProviderGuid":"{5770385F-C22A-43E0-BF4C-06F5698FFBD9}","Version":5,"Task":22,"OpcodeValue":0,"RecordNumber":2200999,"ProcessID":2212,"ThreadID":2992,"Channel":"Microsoft-Windows-Sysmon/Operational","Domain":"NT AUTHORITY","AccountName":"SYSTEM","UserID":"S-1-5-18","AccountType":"User","Message":"Dns query:\r\nRuleName: -\r\nUtcTime: 2023-06-20 19:15:43.831\r\nProcessGuid: {BE59402F-B8EE-6491-D10D-000000002400}\r\nProcessId: 1160\r\nQueryName: brand-messenger.app.khoros.com\r\nQueryStatus: 0\r\nQueryResults: ::ffff:18.154.185.78;::ffff:18.154.185.76;::ffff:18.154.185.113;::ffff:18.154.185.121;\r\nImage: C:\\Program Files\\Mozilla Firefox\\firefox.exe\r\nUser: LUNARSTIIINESS\\tim.smith_admin","Category":"Dns query (rule: DnsQuery)","Opcode":"Info","RuleName":"-","UtcTime":"2023-06-20 19:15:43.831","ProcessGuid":"{BE59402F-B8EE-6491-D10D-000000002400}","QueryName":"brand-messenger.app.khoros.com","QueryStatus":"0","QueryResults":"::ffff:18.154.185.78;::ffff:18.154.185.76;::ffff:18.154.185.113;::ffff:18.154.185.121;","Image":"C:\\Program Files\\Mozilla Firefox\\firefox.exe","User":"LUNARSTIIINESS\\tim.smith_admin","EventReceivedTime":1687288545,"SourceModuleName":"in_sysmon","SourceModuleType":"im_msvistalog"}
