<14>Jun 20 19:28:25 win-server.lunarstiiiness.com Microsoft-Windows-Sysmon[2212]: {"EventTime":1687289304,"Hostname":"win-server.lunarstiiiness.com","Keywords":-9223372036854775808,"EventType":"INFO","SeverityValue":2,"Severity":"INFO","EventID":22,"SourceName":"Microsoft-Windows-Sysmon","ProviderGuid":"{5770385F-C22A-43E0-BF4C-06F5698FFBD9}","Version":5,"Task":22,"OpcodeValue":0,"RecordNumber":2202643,"ProcessID":2212,"ThreadID":2992,"Channel":"Microsoft-Windows-Sysmon/Operational","Domain":"NT AUTHORITY","AccountName":"SYSTEM","UserID":"S-1-5-18","AccountType":"User","Message":"Dns query:\r\nRuleName: -\r\nUtcTime: 2023-06-20 19:28:23.944\r\nProcessGuid: {BE59402F-FD9C-6491-5F0E-000000002400}\r\nProcessId: 3588\r\nQueryName: control.rsc-app14-05.logmeinrescue.com\r\nQueryStatus: 0\r\nQueryResults: 173.199.31.38;\r\nImage: C:\\Program Files (x86)\\LogMeIn Rescue Technician Console\\LogMeInRescueTechnicianConsole_x64\\LMIRTechConsole.exe\r\nUser: LUNARSTIIINESS\\tim.smith_admin","Category":"Dns query (rule: DnsQuery)","Opcode":"Info","RuleName":"-","UtcTime":"2023-06-20 19:28:23.944","ProcessGuid":"{BE59402F-FD9C-6491-5F0E-000000002400}","QueryName":"control.rsc-app14-05.logmeinrescue.com","QueryStatus":"0","QueryResults":"173.199.31.38;","Image":"C:\\Program Files (x86)\\LogMeIn Rescue Technician Console\\LogMeInRescueTechnicianConsole_x64\\LMIRTechConsole.exe","User":"LUNARSTIIINESS\\tim.smith_admin","EventReceivedTime":1687289305,"SourceModuleName":"in_sysmon","SourceModuleType":"im_msvistalog"}
<14>Jun 20 19:28:26 win-adfs.lunarstiiiness.com Microsoft-Windows-Sysmon[2556]: {"EventTime":1687289304,"Hostname":"win-adfs.lunarstiiiness.com","Keywords":-9223372036854775808,"EventType":"INFO","SeverityValue":2,"Severity":"INFO","EventID":10,"SourceName":"Microsoft-Windows-Sysmon","ProviderGuid":"{5770385F-C22A-43E0-BF4C-06F5698FFBD9}","Version":3,"Task":10,"OpcodeValue":0,"RecordNumber":5946412,"ProcessID":2556,"ThreadID":3972,"Channel":"Microsoft-Windows-Sysmon/Operational","Domain":"NT AUTHORITY","AccountName":"SYSTEM","UserID":"S-1-5-18","AccountType":"User","Message":"Process accessed:\r\nRuleName: technique_id=T1055.001,technique_name=Dynamic-link Library Injection\r\nUtcTime: 2023-06-20 19:28:24.587\r\nSourceProcessGUID: {927d35bf-31d7-6489-a700-000000002900}\r\nSourceProcessId: 4804\r\nSourceThreadId: 1088\r\nSourceImage: C:\\Program Files\\Azure Advanced Threat Protection Sensor\\2.205.16667.61114\\Microsoft.Tri.Sensor.Updater.exe\r\nTargetProcessGUID: {927d35bf-320b-6489-b600-000000002900}\r\nTargetProcessId: 4168\r\nTargetImage: C:\\Program Files\\Azure Advanced Threat Protection Sensor\\2.205.16667.61114\\Microsoft.Tri.Sensor.exe\r\nGrantedAccess: 0x1F3FFF\r\nCallTrace: C:\\Windows\\SYSTEM32\\ntdll.dll+9f9a4|C:\\Windows\\System32\\KERNELBASE.dll+44a7e|UNKNOWN(00007FFB6B21EF70)\r\nSourceUser: NT AUTHORITY\\SYSTEM\r\nTargetUser: NT AUTHORITY\\LOCAL SERVICE","Category":"Process accessed (rule: ProcessAccess)","Opcode":"Info","RuleName":"technique_id=T1055.001,technique_name=Dynamic-link Library Injection","UtcTime":"2023-06-20 19:28:24.587","SourceProcessGUID":"{927d35bf-31d7-6489-a700-000000002900}","SourceProcessId":"4804","SourceThreadId":"1088","SourceImage":"C:\\Program Files\\Azure Advanced Threat Protection Sensor\\2.205.16667.61114\\Microsoft.Tri.Sensor.Updater.exe","TargetProcessGUID":"{927d35bf-320b-6489-b600-000000002900}","TargetProcessId":"4168","TargetImage":"C:\\Program Files\\Azure Advanced Threat Protection Sensor\\2.205.16667.61114\\Microsoft.Tri.Sensor.exe","GrantedAccess":"0x1f3fff","CallTrace":"C:\\Windows\\SYSTEM32\\ntdll.dll+9f9a4|C:\\Windows\\System32\\KERNELBASE.dll+44a7e|UNKNOWN(00007FFB6B21EF70)","SourceUser":"NT AUTHORITY\\SYSTEM","TargetUser":"NT AUTHORITY\\LOCAL SERVICE","EventReceivedTime":1687289306,"SourceModuleName":"in_sysmon","SourceModuleType":"im_msvistalog"}
<14>Jun 20 19:28:26 win-adfs.lunarstiiiness.com Microsoft-Windows-Sysmon[2556]: {"EventTime":1687289304,"Hostname":"win-adfs.lunarstiiiness.com","Keywords":-9223372036854775808,"EventType":"INFO","SeverityValue":2,"Severity":"INFO","EventID":10,"SourceName":"Microsoft-Windows-Sysmon","ProviderGuid":"{5770385F-C22A-43E0-BF4C-06F5698FFBD9}","Version":3,"Task":10,"OpcodeValue":0,"RecordNumber":5946413,"ProcessID":2556,"ThreadID":3972,"Channel":"Microsoft-Windows-Sysmon/Operational","Domain":"NT AUTHORITY","AccountName":"SYSTEM","UserID":"S-1-5-18","AccountType":"User","Message":"Process accessed:\r\nRuleName: technique_id=T1055.001,technique_name=Dynamic-link Library Injection\r\nUtcTime: 2023-06-20 19:28:24.610\r\nSourceProcessGUID: {927d35bf-31d7-6489-a700-000000002900}\r\nSourceProcessId: 4804\r\nSourceThreadId: 5060\r\nSourceImage: C:\\Program Files\\Azure Advanced Threat Protection Sensor\\2.205.16667.61114\\Microsoft.Tri.Sensor.Updater.exe\r\nTargetProcessGUID: {927d35bf-320b-6489-b600-000000002900}\r\nTargetProcessId: 4168\r\nTargetImage: C:\\Program Files\\Azure Advanced Threat Protection Sensor\\2.205.16667.61114\\Microsoft.Tri.Sensor.exe\r\nGrantedAccess: 0x1F3FFF\r\nCallTrace: C:\\Windows\\SYSTEM32\\ntdll.dll+9f9a4|C:\\Windows\\System32\\KERNELBASE.dll+44a7e|UNKNOWN(00007FFB6B21EF70)\r\nSourceUser: NT AUTHORITY\\SYSTEM\r\nTargetUser: NT AUTHORITY\\LOCAL SERVICE","Category":"Process accessed (rule: ProcessAccess)","Opcode":"Info","RuleName":"technique_id=T1055.001,technique_name=Dynamic-link Library Injection","UtcTime":"2023-06-20 19:28:24.610","SourceProcessGUID":"{927d35bf-31d7-6489-a700-000000002900}","SourceProcessId":"4804","SourceThreadId":"5060","SourceImage":"C:\\Program Files\\Azure Advanced Threat Protection Sensor\\2.205.16667.61114\\Microsoft.Tri.Sensor.Updater.exe","TargetProcessGUID":"{927d35bf-320b-6489-b600-000000002900}","TargetProcessId":"4168","TargetImage":"C:\\Program Files\\Azure Advanced Threat Protection Sensor\\2.205.16667.61114\\Microsoft.Tri.Sensor.exe","GrantedAccess":"0x1f3fff","CallTrace":"C:\\Windows\\SYSTEM32\\ntdll.dll+9f9a4|C:\\Windows\\System32\\KERNELBASE.dll+44a7e|UNKNOWN(00007FFB6B21EF70)","SourceUser":"NT AUTHORITY\\SYSTEM","TargetUser":"NT AUTHORITY\\LOCAL SERVICE","EventReceivedTime":1687289306,"SourceModuleName":"in_sysmon","SourceModuleType":"im_msvistalog"}
<14>Jun 20 19:28:29 win-adfs.lunarstiiiness.com Microsoft-Windows-Sysmon[2556]: {"EventTime":1687289306,"Hostname":"win-adfs.lunarstiiiness.com","Keywords":-9223372036854775808,"EventType":"INFO","SeverityValue":2,"Severity":"INFO","EventID":11,"SourceName":"Microsoft-Windows-Sysmon","ProviderGuid":"{5770385F-C22A-43E0-BF4C-06F5698FFBD9}","Version":2,"Task":11,"OpcodeValue":0,"RecordNumber":5946414,"ProcessID":2556,"ThreadID":3972,"Channel":"Microsoft-Windows-Sysmon/Operational","Domain":"NT AUTHORITY","AccountName":"SYSTEM","UserID":"S-1-5-18","AccountType":"User","Message":"File created:\r\nRuleName: technique_id=T1187,technique_name=Forced Authentication\r\nUtcTime: 2023-06-20 19:28:26.695\r\nProcessGuid: {927d35bf-fdd9-6491-cb34-000000002900}\r\nProcessId: 3500\r\nImage: C:\\Program Files (x86)\\LogMeIn Rescue Applet\\LMIR111CF001.tmp\\LMI_Rescue.exe\r\nTargetFilename: C:\\Users\\tim.smith_admin\\AppData\\Roaming\\Microsoft\\Windows\\Start Menu\\Programs\\(Trial version) Stout Consulting (2).lnk\r\nCreationUtcTime: 2023-06-20 19:28:26.695\r\nUser: LUNARSTIIINESS\\tim.smith_admin","Category":"File created (rule: FileCreate)","Opcode":"Info","RuleName":"technique_id=T1187,technique_name=Forced Authentication","UtcTime":"2023-06-20 19:28:26.695","ProcessGuid":"{927d35bf-fdd9-6491-cb34-000000002900}","Image":"C:\\Program Files (x86)\\LogMeIn Rescue Applet\\LMIR111CF001.tmp\\LMI_Rescue.exe","TargetFilename":"C:\\Users\\tim.smith_admin\\AppData\\Roaming\\Microsoft\\Windows\\Start Menu\\Programs\\(Trial version) Stout Consulting (2).lnk","CreationUtcTime":"2023-06-20 19:28:26.695","User":"LUNARSTIIINESS\\tim.smith_admin","EventReceivedTime":1687289309,"SourceModuleName":"in_sysmon","SourceModuleType":"im_msvistalog"}
<14>Jun 20 19:28:29 win-adfs.lunarstiiiness.com Microsoft-Windows-Sysmon[2556]: {"EventTime":1687289306,"Hostname":"win-adfs.lunarstiiiness.com","Keywords":-9223372036854775808,"EventType":"INFO","SeverityValue":2,"Severity":"INFO","EventID":13,"SourceName":"Microsoft-Windows-Sysmon","ProviderGuid":"{5770385F-C22A-43E0-BF4C-06F5698FFBD9}","Version":2,"Task":13,"OpcodeValue":0,"RecordNumber":5946415,"ProcessID":2556,"ThreadID":3972,"Channel":"Microsoft-Windows-Sysmon/Operational","Domain":"NT AUTHORITY","AccountName":"SYSTEM","UserID":"S-1-5-18","AccountType":"User","Message":"Registry value set:\r\nRuleName: -\r\nEventType: SetValue\r\nUtcTime: 2023-06-20 19:28:26.860\r\nProcessGuid: {927d35bf-fdcf-6491-c934-000000002900}\r\nProcessId: 12236\r\nImage: C:\\Program Files (x86)\\LogMeIn Rescue Applet\\LMIR111CF001.tmp\\LMI_Rescue_srv.exe\r\nTargetObject: HKLM\\SOFTWARE\\Wow6432Node\\LogMeIn Rescue\\ImagePath\r\nDetails: C:\\Program Files (x86)\\LogMeIn Rescue Applet\\LMIR111CF001.tmp\\LMI_Rescue_srv.exe\r\nUser: NT AUTHORITY\\SYSTEM","Category":"Registry value set (rule: RegistryEvent)","Opcode":"Info","RuleName":"-","UtcTime":"2023-06-20 19:28:26.860","ProcessGuid":"{927d35bf-fdcf-6491-c934-000000002900}","Image":"C:\\Program Files (x86)\\LogMeIn Rescue Applet\\LMIR111CF001.tmp\\LMI_Rescue_srv.exe","TargetObject":"HKLM\\SOFTWARE\\Wow6432Node\\LogMeIn Rescue\\ImagePath","Details":"C:\\Program Files (x86)\\LogMeIn Rescue Applet\\LMIR111CF001.tmp\\LMI_Rescue_srv.exe","User":"NT AUTHORITY\\SYSTEM","EventReceivedTime":1687289309,"SourceModuleName":"in_sysmon","SourceModuleType":"im_msvistalog"}
<14>Jun 20 19:28:29 win-adfs.lunarstiiiness.com Microsoft-Windows-Sysmon[2556]: {"EventTime":1687289307,"Hostname":"win-adfs.lunarstiiiness.com","Keywords":-9223372036854775808,"EventType":"INFO","SeverityValue":2,"Severity":"INFO","EventID":17,"SourceName":"Microsoft-Windows-Sysmon","ProviderGuid":"{5770385F-C22A-43E0-BF4C-06F5698FFBD9}","Version":1,"Task":17,"OpcodeValue":0,"RecordNumber":5946417,"ProcessID":2556,"ThreadID":3972,"Channel":"Microsoft-Windows-Sysmon/Operational","Domain":"NT AUTHORITY","AccountName":"SYSTEM","UserID":"S-1-5-18","AccountType":"User","Message":"Pipe Created:\r\nRuleName: -\r\nEventType: CreatePipe\r\nUtcTime: 2023-06-20 19:28:27.184\r\nProcessGuid: {927d35bf-fdcf-6491-c934-000000002900}\r\nProcessId: 12236\r\nPipeName: \\LogMeInRescue_rarc_w_00002fcc_00000001\r\nImage: C:\\Program Files (x86)\\LogMeIn Rescue Applet\\LMIR111CF001.tmp\\LMI_Rescue_srv.exe\r\nUser: NT AUTHORITY\\SYSTEM","Category":"Pipe Created (rule: PipeEvent)","Opcode":"Info","RuleName":"-","UtcTime":"2023-06-20 19:28:27.184","ProcessGuid":"{927d35bf-fdcf-6491-c934-000000002900}","PipeName":"\\LogMeInRescue_rarc_w_00002fcc_00000001","Image":"C:\\Program Files (x86)\\LogMeIn Rescue Applet\\LMIR111CF001.tmp\\LMI_Rescue_srv.exe","User":"NT AUTHORITY\\SYSTEM","EventReceivedTime":1687289309,"SourceModuleName":"in_sysmon","SourceModuleType":"im_msvistalog"}
<14>Jun 20 19:28:29 win-adfs.lunarstiiiness.com Microsoft-Windows-Sysmon[2556]: {"EventTime":1687289307,"Hostname":"win-adfs.lunarstiiiness.com","Keywords":-9223372036854775808,"EventType":"INFO","SeverityValue":2,"Severity":"INFO","EventID":17,"SourceName":"Microsoft-Windows-Sysmon","ProviderGuid":"{5770385F-C22A-43E0-BF4C-06F5698FFBD9}","Version":1,"Task":17,"OpcodeValue":0,"RecordNumber":5946416,"ProcessID":2556,"ThreadID":3972,"Channel":"Microsoft-Windows-Sysmon/Operational","Domain":"NT AUTHORITY","AccountName":"SYSTEM","UserID":"S-1-5-18","AccountType":"User","Message":"Pipe Created:\r\nRuleName: -\r\nEventType: CreatePipe\r\nUtcTime: 2023-06-20 19:28:27.184\r\nProcessGuid: {927d35bf-fdcf-6491-c934-000000002900}\r\nProcessId: 12236\r\nPipeName: \\LogMeInRescue_rarc_r_00002fcc_00000001\r\nImage: C:\\Program Files (x86)\\LogMeIn Rescue Applet\\LMIR111CF001.tmp\\LMI_Rescue_srv.exe\r\nUser: NT AUTHORITY\\SYSTEM","Category":"Pipe Created (rule: PipeEvent)","Opcode":"Info","RuleName":"-","UtcTime":"2023-06-20 19:28:27.184","ProcessGuid":"{927d35bf-fdcf-6491-c934-000000002900}","PipeName":"\\LogMeInRescue_rarc_r_00002fcc_00000001","Image":"C:\\Program Files (x86)\\LogMeIn Rescue Applet\\LMIR111CF001.tmp\\LMI_Rescue_srv.exe","User":"NT AUTHORITY\\SYSTEM","EventReceivedTime":1687289309,"SourceModuleName":"in_sysmon","SourceModuleType":"im_msvistalog"}
<14>Jun 20 19:28:28 win-server.lunarstiiiness.com Microsoft-Windows-Sysmon[2212]: {"EventTime":1687289307,"Hostname":"win-server.lunarstiiiness.com","Keywords":-9223372036854775808,"EventType":"INFO","SeverityValue":2,"Severity":"INFO","EventID":23,"SourceName":"Microsoft-Windows-Sysmon","ProviderGuid":"{5770385F-C22A-43E0-BF4C-06F5698FFBD9}","Version":5,"Task":23,"OpcodeValue":0,"RecordNumber":2202644,"ProcessID":2212,"ThreadID":2972,"Channel":"Microsoft-Windows-Sysmon/Operational","Domain":"NT AUTHORITY","AccountName":"SYSTEM","UserID":"S-1-5-18","AccountType":"User","Message":"File Delete archived:\r\nRuleName: -\r\nUtcTime: 2023-06-20 19:28:27.611\r\nProcessGuid: {BE59402F-92B3-648A-1300-000000002400}\r\nProcessId: 956\r\nUser: NT AUTHORITY\\LOCAL SERVICE\r\nImage: C:\\Windows\\system32\\svchost.exe\r\nTargetFilename: C:\\Windows\\ServiceProfiles\\LocalService\\AppData\\Local\\lastalive1.dat\r\nHashes: SHA1=7182F00351B6331247B2D22D3D610C751AB807C2,MD5=DE0287ACF6420B1E299B61A44D44B07F,SHA256=65B72CF81BC57001ECC0A99569B83B69B1202E09F6DE6E857ADD7BA5C50C8E6E,IMPHASH=00000000000000000000000000000000\r\nIsExecutable: false\r\nArchived: true","Category":"File Delete archived (rule: FileDelete)","Opcode":"Info","RuleName":"-","UtcTime":"2023-06-20 19:28:27.611","ProcessGuid":"{BE59402F-92B3-648A-1300-000000002400}","User":"NT AUTHORITY\\LOCAL SERVICE","Image":"C:\\Windows\\system32\\svchost.exe","TargetFilename":"C:\\Windows\\ServiceProfiles\\LocalService\\AppData\\Local\\lastalive1.dat","Hashes":"SHA1=7182F00351B6331247B2D22D3D610C751AB807C2,MD5=DE0287ACF6420B1E299B61A44D44B07F,SHA256=65B72CF81BC57001ECC0A99569B83B69B1202E09F6DE6E857ADD7BA5C50C8E6E,IMPHASH=00000000000000000000000000000000","IsExecutable":"false","Archived":"true","EventReceivedTime":1687289308,"SourceModuleName":"in_sysmon","SourceModuleType":"im_msvistalog"}
<14>Jun 20 19:28:28 win-server.lunarstiiiness.com Microsoft-Windows-Sysmon[2212]: {"EventTime":1687289307,"Hostname":"win-server.lunarstiiiness.com","Keywords":-9223372036854775808,"EventType":"INFO","SeverityValue":2,"Severity":"INFO","EventID":11,"SourceName":"Microsoft-Windows-Sysmon","ProviderGuid":"{5770385F-C22A-43E0-BF4C-06F5698FFBD9}","Version":2,"Task":11,"OpcodeValue":0,"RecordNumber":2202645,"ProcessID":2212,"ThreadID":2972,"Channel":"Microsoft-Windows-Sysmon/Operational","Domain":"NT AUTHORITY","AccountName":"SYSTEM","UserID":"S-1-5-18","AccountType":"User","Message":"File created:\r\nRuleName: technique_id=T1574.010,technique_name=Services File Permissions Weakness\r\nUtcTime: 2023-06-20 19:28:27.612\r\nProcessGuid: {BE59402F-92B3-648A-1300-000000002400}\r\nProcessId: 956\r\nImage: C:\\Windows\\system32\\svchost.exe\r\nTargetFilename: C:\\Windows\\ServiceProfiles\\LocalService\\AppData\\Local\\lastalive1.dat\r\nCreationUtcTime: 2023-06-15 04:26:24.014\r\nUser: NT AUTHORITY\\LOCAL SERVICE","Category":"File created (rule: FileCreate)","Opcode":"Info","RuleName":"technique_id=T1574.010,technique_name=Services File Permissions Weakness","UtcTime":"2023-06-20 19:28:27.612","ProcessGuid":"{BE59402F-92B3-648A-1300-000000002400}","Image":"C:\\Windows\\system32\\svchost.exe","TargetFilename":"C:\\Windows\\ServiceProfiles\\LocalService\\AppData\\Local\\lastalive1.dat","CreationUtcTime":"2023-06-15 04:26:24.014","User":"NT AUTHORITY\\LOCAL SERVICE","EventReceivedTime":1687289308,"SourceModuleName":"in_sysmon","SourceModuleType":"im_msvistalog"}
<14>Jun 20 19:28:30 win-server.lunarstiiiness.com Microsoft-Windows-Sysmon[2212]: {"EventTime":1687289308,"Hostname":"win-server.lunarstiiiness.com","Keywords":-9223372036854775808,"EventType":"INFO","SeverityValue":2,"Severity":"INFO","EventID":22,"SourceName":"Microsoft-Windows-Sysmon","ProviderGuid":"{5770385F-C22A-43E0-BF4C-06F5698FFBD9}","Version":5,"Task":22,"OpcodeValue":0,"RecordNumber":2202646,"ProcessID":2212,"ThreadID":2992,"Channel":"Microsoft-Windows-Sysmon/Operational","Domain":"NT AUTHORITY","AccountName":"SYSTEM","UserID":"S-1-5-18","AccountType":"User","Message":"Dns query:\r\nRuleName: -\r\nUtcTime: 2023-06-20 19:28:28.302\r\nProcessGuid: {BE59402F-FD9C-6491-5F0E-000000002400}\r\nProcessId: 3588\r\nQueryName: rsca-prd-ava-streamingserver-0773f62d23fddd5e5.remoteview.logmein.com\r\nQueryStatus: 0\r\nQueryResults: 3.83.127.189;\r\nImage: C:\\Program Files (x86)\\LogMeIn Rescue Technician Console\\LogMeInRescueTechnicianConsole_x64\\LMIRTechConsole.exe\r\nUser: LUNARSTIIINESS\\tim.smith_admin","Category":"Dns query (rule: DnsQuery)","Opcode":"Info","RuleName":"-","UtcTime":"2023-06-20 19:28:28.302","ProcessGuid":"{BE59402F-FD9C-6491-5F0E-000000002400}","QueryName":"rsca-prd-ava-streamingserver-0773f62d23fddd5e5.remoteview.logmein.com","QueryStatus":"0","QueryResults":"3.83.127.189;","Image":"C:\\Program Files (x86)\\LogMeIn Rescue Technician Console\\LogMeInRescueTechnicianConsole_x64\\LMIRTechConsole.exe","User":"LUNARSTIIINESS\\tim.smith_admin","EventReceivedTime":1687289310,"SourceModuleName":"in_sysmon","SourceModuleType":"im_msvistalog"}
<14>Jun 20 19:28:30 win-server.lunarstiiiness.com Microsoft-Windows-Sysmon[2212]: {"EventTime":1687289308,"Hostname":"win-server.lunarstiiiness.com","Keywords":-9223372036854775808,"EventType":"INFO","SeverityValue":2,"Severity":"INFO","EventID":22,"SourceName":"Microsoft-Windows-Sysmon","ProviderGuid":"{5770385F-C22A-43E0-BF4C-06F5698FFBD9}","Version":5,"Task":22,"OpcodeValue":0,"RecordNumber":2202647,"ProcessID":2212,"ThreadID":2992,"Channel":"Microsoft-Windows-Sysmon/Operational","Domain":"NT AUTHORITY","AccountName":"SYSTEM","UserID":"S-1-5-18","AccountType":"User","Message":"Dns query:\r\nRuleName: -\r\nUtcTime: 2023-06-20 19:28:28.317\r\nProcessGuid: {BE59402F-FD9C-6491-5F0E-000000002400}\r\nProcessId: 3588\r\nQueryName: rsca-prd-ava-streamingserver-0773f62d23fddd5e5.console.gotoassist.com\r\nQueryStatus: 0\r\nQueryResults: 3.83.127.189;\r\nImage: C:\\Program Files (x86)\\LogMeIn Rescue Technician Console\\LogMeInRescueTechnicianConsole_x64\\LMIRTechConsole.exe\r\nUser: LUNARSTIIINESS\\tim.smith_admin","Category":"Dns query (rule: DnsQuery)","Opcode":"Info","RuleName":"-","UtcTime":"2023-06-20 19:28:28.317","ProcessGuid":"{BE59402F-FD9C-6491-5F0E-000000002400}","QueryName":"rsca-prd-ava-streamingserver-0773f62d23fddd5e5.console.gotoassist.com","QueryStatus":"0","QueryResults":"3.83.127.189;","Image":"C:\\Program Files (x86)\\LogMeIn Rescue Technician Console\\LogMeInRescueTechnicianConsole_x64\\LMIRTechConsole.exe","User":"LUNARSTIIINESS\\tim.smith_admin","EventReceivedTime":1687289310,"SourceModuleName":"in_sysmon","SourceModuleType":"im_msvistalog"}
<14>Jun 20 19:28:31 win-server.lunarstiiiness.com Microsoft-Windows-Sysmon[2212]: {"EventTime":1687289309,"Hostname":"win-server.lunarstiiiness.com","Keywords":-9223372036854775808,"EventType":"INFO","SeverityValue":2,"Severity":"INFO","EventID":22,"SourceName":"Microsoft-Windows-Sysmon","ProviderGuid":"{5770385F-C22A-43E0-BF4C-06F5698FFBD9}","Version":5,"Task":22,"OpcodeValue":0,"RecordNumber":2202648,"ProcessID":2212,"ThreadID":2992,"Channel":"Microsoft-Windows-Sysmon/Operational","Domain":"NT AUTHORITY","AccountName":"SYSTEM","UserID":"S-1-5-18","AccountType":"User","Message":"Dns query:\r\nRuleName: -\r\nUtcTime: 2023-06-20 19:28:28.352\r\nProcessGuid: {BE59402F-FD9C-6491-5F0E-000000002400}\r\nProcessId: 3588\r\nQueryName: turn.console.gotoassist.com\r\nQueryStatus: 0\r\nQueryResults: 54.227.77.39;54.204.126.154;50.17.158.207;\r\nImage: C:\\Program Files (x86)\\LogMeIn Rescue Technician Console\\LogMeInRescueTechnicianConsole_x64\\LMIRTechConsole.exe\r\nUser: LUNARSTIIINESS\\tim.smith_admin","Category":"Dns query (rule: DnsQuery)","Opcode":"Info","RuleName":"-","UtcTime":"2023-06-20 19:28:28.352","ProcessGuid":"{BE59402F-FD9C-6491-5F0E-000000002400}","QueryName":"turn.console.gotoassist.com","QueryStatus":"0","QueryResults":"54.227.77.39;54.204.126.154;50.17.158.207;","Image":"C:\\Program Files (x86)\\LogMeIn Rescue Technician Console\\LogMeInRescueTechnicianConsole_x64\\LMIRTechConsole.exe","User":"LUNARSTIIINESS\\tim.smith_admin","EventReceivedTime":1687289311,"SourceModuleName":"in_sysmon","SourceModuleType":"im_msvistalog"}
<14>Jun 20 19:28:33 win-adfs.lunarstiiiness.com Microsoft-Windows-Sysmon[2556]: {"EventTime":1687289311,"Hostname":"win-adfs.lunarstiiiness.com","Keywords":-9223372036854775808,"EventType":"INFO","SeverityValue":2,"Severity":"INFO","EventID":22,"SourceName":"Microsoft-Windows-Sysmon","ProviderGuid":"{5770385F-C22A-43E0-BF4C-06F5698FFBD9}","Version":5,"Task":22,"OpcodeValue":0,"RecordNumber":5946418,"ProcessID":2556,"ThreadID":3316,"Channel":"Microsoft-Windows-Sysmon/Operational","Domain":"NT AUTHORITY","AccountName":"SYSTEM","UserID":"S-1-5-18","AccountType":"User","Message":"Dns query:\r\nRuleName: -\r\nUtcTime: 2023-06-20 19:28:30.399\r\nProcessGuid: {927d35bf-fdcf-6491-c934-000000002900}\r\nProcessId: 12236\r\nQueryName: rsca-prd-ava-streamingserver-0773f62d23fddd5e5.remoteview.logmein.com\r\nQueryStatus: 0\r\nQueryResults: 3.83.127.189;\r\nImage: C:\\Program Files (x86)\\LogMeIn Rescue Applet\\LMIR111CF001.tmp\\LMI_Rescue_srv.exe\r\nUser: NT AUTHORITY\\SYSTEM","Category":"Dns query (rule: DnsQuery)","Opcode":"Info","RuleName":"-","UtcTime":"2023-06-20 19:28:30.399","ProcessGuid":"{927d35bf-fdcf-6491-c934-000000002900}","QueryName":"rsca-prd-ava-streamingserver-0773f62d23fddd5e5.remoteview.logmein.com","QueryStatus":"0","QueryResults":"3.83.127.189;","Image":"C:\\Program Files (x86)\\LogMeIn Rescue Applet\\LMIR111CF001.tmp\\LMI_Rescue_srv.exe","User":"NT AUTHORITY\\SYSTEM","EventReceivedTime":1687289313,"SourceModuleName":"in_sysmon","SourceModuleType":"im_msvistalog"}
<14>Jun 20 19:28:33 win-adfs.lunarstiiiness.com Microsoft-Windows-Sysmon[2556]: {"EventTime":1687289311,"Hostname":"win-adfs.lunarstiiiness.com","Keywords":-9223372036854775808,"EventType":"INFO","SeverityValue":2,"Severity":"INFO","EventID":22,"SourceName":"Microsoft-Windows-Sysmon","ProviderGuid":"{5770385F-C22A-43E0-BF4C-06F5698FFBD9}","Version":5,"Task":22,"OpcodeValue":0,"RecordNumber":5946419,"ProcessID":2556,"ThreadID":3316,"Channel":"Microsoft-Windows-Sysmon/Operational","Domain":"NT AUTHORITY","AccountName":"SYSTEM","UserID":"S-1-5-18","AccountType":"User","Message":"Dns query:\r\nRuleName: -\r\nUtcTime: 2023-06-20 19:28:30.400\r\nProcessGuid: {927d35bf-fdcf-6491-c934-000000002900}\r\nProcessId: 12236\r\nQueryName: rsca-prd-ava-streamingserver-0773f62d23fddd5e5.console.gotoassist.com\r\nQueryStatus: 0\r\nQueryResults: 3.83.127.189;\r\nImage: C:\\Program Files (x86)\\LogMeIn Rescue Applet\\LMIR111CF001.tmp\\LMI_Rescue_srv.exe\r\nUser: NT AUTHORITY\\SYSTEM","Category":"Dns query (rule: DnsQuery)","Opcode":"Info","RuleName":"-","UtcTime":"2023-06-20 19:28:30.400","ProcessGuid":"{927d35bf-fdcf-6491-c934-000000002900}","QueryName":"rsca-prd-ava-streamingserver-0773f62d23fddd5e5.console.gotoassist.com","QueryStatus":"0","QueryResults":"3.83.127.189;","Image":"C:\\Program Files (x86)\\LogMeIn Rescue Applet\\LMIR111CF001.tmp\\LMI_Rescue_srv.exe","User":"NT AUTHORITY\\SYSTEM","EventReceivedTime":1687289313,"SourceModuleName":"in_sysmon","SourceModuleType":"im_msvistalog"}
<14>Jun 20 19:28:33 win-adfs.lunarstiiiness.com Microsoft-Windows-Sysmon[2556]: {"EventTime":1687289311,"Hostname":"win-adfs.lunarstiiiness.com","Keywords":-9223372036854775808,"EventType":"INFO","SeverityValue":2,"Severity":"INFO","EventID":22,"SourceName":"Microsoft-Windows-Sysmon","ProviderGuid":"{5770385F-C22A-43E0-BF4C-06F5698FFBD9}","Version":5,"Task":22,"OpcodeValue":0,"RecordNumber":5946420,"ProcessID":2556,"ThreadID":3316,"Channel":"Microsoft-Windows-Sysmon/Operational","Domain":"NT AUTHORITY","AccountName":"SYSTEM","UserID":"S-1-5-18","AccountType":"User","Message":"Dns query:\r\nRuleName: -\r\nUtcTime: 2023-06-20 19:28:30.454\r\nProcessGuid: {927d35bf-fdcf-6491-c934-000000002900}\r\nProcessId: 12236\r\nQueryName: turn.console.gotoassist.com\r\nQueryStatus: 0\r\nQueryResults: 54.227.77.39;50.17.158.207;54.204.126.154;\r\nImage: C:\\Program Files (x86)\\LogMeIn Rescue Applet\\LMIR111CF001.tmp\\LMI_Rescue_srv.exe\r\nUser: NT AUTHORITY\\SYSTEM","Category":"Dns query (rule: DnsQuery)","Opcode":"Info","RuleName":"-","UtcTime":"2023-06-20 19:28:30.454","ProcessGuid":"{927d35bf-fdcf-6491-c934-000000002900}","QueryName":"turn.console.gotoassist.com","QueryStatus":"0","QueryResults":"54.227.77.39;50.17.158.207;54.204.126.154;","Image":"C:\\Program Files (x86)\\LogMeIn Rescue Applet\\LMIR111CF001.tmp\\LMI_Rescue_srv.exe","User":"NT AUTHORITY\\SYSTEM","EventReceivedTime":1687289313,"SourceModuleName":"in_sysmon","SourceModuleType":"im_msvistalog"}
<14>Jun 20 19:28:40 win-adfs.lunarstiiiness.com Microsoft-Windows-Sysmon[2556]: {"EventTime":1687289318,"Hostname":"win-adfs.lunarstiiiness.com","Keywords":-9223372036854775808,"EventType":"INFO","SeverityValue":2,"Severity":"INFO","EventID":11,"SourceName":"Microsoft-Windows-Sysmon","ProviderGuid":"{5770385F-C22A-43E0-BF4C-06F5698FFBD9}","Version":2,"Task":11,"OpcodeValue":0,"RecordNumber":5946421,"ProcessID":2556,"ThreadID":3972,"Channel":"Microsoft-Windows-Sysmon/Operational","Domain":"NT AUTHORITY","AccountName":"SYSTEM","UserID":"S-1-5-18","AccountType":"User","Message":"File created:\r\nRuleName: technique_id=T1574.010,technique_name=Services File Permissions Weakness\r\nUtcTime: 2023-06-20 19:28:38.524\r\nProcessGuid: {927d35bf-3133-6489-1d00-000000002900}\r\nProcessId: 1144\r\nImage: C:\\Windows\\System32\\svchost.exe\r\nTargetFilename: C:\\Windows\\ServiceState\\EventLog\\Data\\lastalive1.dat\r\nCreationUtcTime: 2023-06-14 03:18:07.984\r\nUser: NT AUTHORITY\\LOCAL SERVICE","Category":"File created (rule: FileCreate)","Opcode":"Info","RuleName":"technique_id=T1574.010,technique_name=Services File Permissions Weakness","UtcTime":"2023-06-20 19:28:38.524","ProcessGuid":"{927d35bf-3133-6489-1d00-000000002900}","Image":"C:\\Windows\\System32\\svchost.exe","TargetFilename":"C:\\Windows\\ServiceState\\EventLog\\Data\\lastalive1.dat","CreationUtcTime":"2023-06-14 03:18:07.984","User":"NT AUTHORITY\\LOCAL SERVICE","EventReceivedTime":1687289320,"SourceModuleName":"in_sysmon","SourceModuleType":"im_msvistalog"}
<14>Jun 20 19:28:46 win-adfs.lunarstiiiness.com Microsoft-Windows-Sysmon[2556]: {"EventTime":1687289325,"Hostname":"win-adfs.lunarstiiiness.com","Keywords":-9223372036854775808,"EventType":"INFO","SeverityValue":2,"Severity":"INFO","EventID":10,"SourceName":"Microsoft-Windows-Sysmon","ProviderGuid":"{5770385F-C22A-43E0-BF4C-06F5698FFBD9}","Version":3,"Task":10,"OpcodeValue":0,"RecordNumber":5946422,"ProcessID":2556,"ThreadID":3972,"Channel":"Microsoft-Windows-Sysmon/Operational","Domain":"NT AUTHORITY","AccountName":"SYSTEM","UserID":"S-1-5-18","AccountType":"User","Message":"Process accessed:\r\nRuleName: technique_id=T1055.001,technique_name=Dynamic-link Library Injection\r\nUtcTime: 2023-06-20 19:28:45.000\r\nSourceProcessGUID: {927d35bf-31d7-6489-a700-000000002900}\r\nSourceProcessId: 4804\r\nSourceThreadId: 5132\r\nSourceImage: C:\\Program Files\\Azure Advanced Threat Protection Sensor\\2.205.16667.61114\\Microsoft.Tri.Sensor.Updater.exe\r\nTargetProcessGUID: {927d35bf-320b-6489-b600-000000002900}\r\nTargetProcessId: 4168\r\nTargetImage: C:\\Program Files\\Azure Advanced Threat Protection Sensor\\2.205.16667.61114\\Microsoft.Tri.Sensor.exe\r\nGrantedAccess: 0x1F3FFF\r\nCallTrace: C:\\Windows\\SYSTEM32\\ntdll.dll+9f9a4|C:\\Windows\\System32\\KERNELBASE.dll+44a7e|UNKNOWN(00007FFB6B21EF70)\r\nSourceUser: NT AUTHORITY\\SYSTEM\r\nTargetUser: NT AUTHORITY\\LOCAL SERVICE","Category":"Process accessed (rule: ProcessAccess)","Opcode":"Info","RuleName":"technique_id=T1055.001,technique_name=Dynamic-link Library Injection","UtcTime":"2023-06-20 19:28:45.000","SourceProcessGUID":"{927d35bf-31d7-6489-a700-000000002900}","SourceProcessId":"4804","SourceThreadId":"5132","SourceImage":"C:\\Program Files\\Azure Advanced Threat Protection Sensor\\2.205.16667.61114\\Microsoft.Tri.Sensor.Updater.exe","TargetProcessGUID":"{927d35bf-320b-6489-b600-000000002900}","TargetProcessId":"4168","TargetImage":"C:\\Program Files\\Azure Advanced Threat Protection Sensor\\2.205.16667.61114\\Microsoft.Tri.Sensor.exe","GrantedAccess":"0x1f3fff","CallTrace":"C:\\Windows\\SYSTEM32\\ntdll.dll+9f9a4|C:\\Windows\\System32\\KERNELBASE.dll+44a7e|UNKNOWN(00007FFB6B21EF70)","SourceUser":"NT AUTHORITY\\SYSTEM","TargetUser":"NT AUTHORITY\\LOCAL SERVICE","EventReceivedTime":1687289326,"SourceModuleName":"in_sysmon","SourceModuleType":"im_msvistalog"}
<14>Jun 20 19:28:46 win-adfs.lunarstiiiness.com Microsoft-Windows-Sysmon[2556]: {"EventTime":1687289325,"Hostname":"win-adfs.lunarstiiiness.com","Keywords":-9223372036854775808,"EventType":"INFO","SeverityValue":2,"Severity":"INFO","EventID":10,"SourceName":"Microsoft-Windows-Sysmon","ProviderGuid":"{5770385F-C22A-43E0-BF4C-06F5698FFBD9}","Version":3,"Task":10,"OpcodeValue":0,"RecordNumber":5946423,"ProcessID":2556,"ThreadID":3972,"Channel":"Microsoft-Windows-Sysmon/Operational","Domain":"NT AUTHORITY","AccountName":"SYSTEM","UserID":"S-1-5-18","AccountType":"User","Message":"Process accessed:\r\nRuleName: technique_id=T1055.001,technique_name=Dynamic-link Library Injection\r\nUtcTime: 2023-06-20 19:28:45.022\r\nSourceProcessGUID: {927d35bf-31d7-6489-a700-000000002900}\r\nSourceProcessId: 4804\r\nSourceThreadId: 5060\r\nSourceImage: C:\\Program Files\\Azure Advanced Threat Protection Sensor\\2.205.16667.61114\\Microsoft.Tri.Sensor.Updater.exe\r\nTargetProcessGUID: {927d35bf-320b-6489-b600-000000002900}\r\nTargetProcessId: 4168\r\nTargetImage: C:\\Program Files\\Azure Advanced Threat Protection Sensor\\2.205.16667.61114\\Microsoft.Tri.Sensor.exe\r\nGrantedAccess: 0x1F3FFF\r\nCallTrace: C:\\Windows\\SYSTEM32\\ntdll.dll+9f9a4|C:\\Windows\\System32\\KERNELBASE.dll+44a7e|UNKNOWN(00007FFB6B21EF70)\r\nSourceUser: NT AUTHORITY\\SYSTEM\r\nTargetUser: NT AUTHORITY\\LOCAL SERVICE","Category":"Process accessed (rule: ProcessAccess)","Opcode":"Info","RuleName":"technique_id=T1055.001,technique_name=Dynamic-link Library Injection","UtcTime":"2023-06-20 19:28:45.022","SourceProcessGUID":"{927d35bf-31d7-6489-a700-000000002900}","SourceProcessId":"4804","SourceThreadId":"5060","SourceImage":"C:\\Program Files\\Azure Advanced Threat Protection Sensor\\2.205.16667.61114\\Microsoft.Tri.Sensor.Updater.exe","TargetProcessGUID":"{927d35bf-320b-6489-b600-000000002900}","TargetProcessId":"4168","TargetImage":"C:\\Program Files\\Azure Advanced Threat Protection Sensor\\2.205.16667.61114\\Microsoft.Tri.Sensor.exe","GrantedAccess":"0x1f3fff","CallTrace":"C:\\Windows\\SYSTEM32\\ntdll.dll+9f9a4|C:\\Windows\\System32\\KERNELBASE.dll+44a7e|UNKNOWN(00007FFB6B21EF70)","SourceUser":"NT AUTHORITY\\SYSTEM","TargetUser":"NT AUTHORITY\\LOCAL SERVICE","EventReceivedTime":1687289326,"SourceModuleName":"in_sysmon","SourceModuleType":"im_msvistalog"}
<14>Jun 20 19:29:04 win-adfs.lunarstiiiness.com Microsoft-Windows-Sysmon[2556]: {"EventTime":1687289343,"Hostname":"win-adfs.lunarstiiiness.com","Keywords":-9223372036854775808,"EventType":"INFO","SeverityValue":2,"Severity":"INFO","EventID":11,"SourceName":"Microsoft-Windows-Sysmon","ProviderGuid":"{5770385F-C22A-43E0-BF4C-06F5698FFBD9}","Version":2,"Task":11,"OpcodeValue":0,"RecordNumber":5946424,"ProcessID":2556,"ThreadID":3972,"Channel":"Microsoft-Windows-Sysmon/Operational","Domain":"NT AUTHORITY","AccountName":"SYSTEM","UserID":"S-1-5-18","AccountType":"User","Message":"File created:\r\nRuleName: -\r\nUtcTime: 2023-06-20 19:29:03.652\r\nProcessGuid: {927d35bf-fdcf-6491-c934-000000002900}\r\nProcessId: 12236\r\nImage: C:\\Program Files (x86)\\LogMeIn Rescue Applet\\LMIR111CF001.tmp\\LMI_Rescue_srv.exe\r\nTargetFilename: C:\\Scripts\\Rubeus-1.5.0.exe\r\nCreationUtcTime: 2023-06-20 19:29:03.651\r\nUser: NT AUTHORITY\\SYSTEM","Category":"File created (rule: FileCreate)","Opcode":"Info","RuleName":"-","UtcTime":"2023-06-20 19:29:03.652","ProcessGuid":"{927d35bf-fdcf-6491-c934-000000002900}","Image":"C:\\Program Files (x86)\\LogMeIn Rescue Applet\\LMIR111CF001.tmp\\LMI_Rescue_srv.exe","TargetFilename":"C:\\Scripts\\Rubeus-1.5.0.exe","CreationUtcTime":"2023-06-20 19:29:03.651","User":"NT AUTHORITY\\SYSTEM","EventReceivedTime":1687289344,"SourceModuleName":"in_sysmon","SourceModuleType":"im_msvistalog"}
<14>Jun 20 19:29:04 win-adfs.lunarstiiiness.com Microsoft-Windows-Sysmon[2556]: {"EventTime":1687289344,"Hostname":"win-adfs.lunarstiiiness.com","Keywords":-9223372036854775808,"EventType":"INFO","SeverityValue":2,"Severity":"INFO","EventID":12,"SourceName":"Microsoft-Windows-Sysmon","ProviderGuid":"{5770385F-C22A-43E0-BF4C-06F5698FFBD9}","Version":2,"Task":12,"OpcodeValue":0,"RecordNumber":5946427,"ProcessID":2556,"ThreadID":3972,"Channel":"Microsoft-Windows-Sysmon/Operational","Domain":"NT AUTHORITY","AccountName":"SYSTEM","UserID":"S-1-5-18","AccountType":"User","Message":"Registry object added or deleted:\r\nRuleName: technique_id=T1553.004,technique_name=Install Root Certificate\r\nEventType: CreateKey\r\nUtcTime: 2023-06-20 19:29:04.170\r\nProcessGuid: {927d35bf-313c-6489-5a00-000000002900}\r\nProcessId: 2928\r\nImage: C:\\ProgramData\\Microsoft\\Windows Defender\\Platform\\4.18.23050.5-0\\MsMpEng.exe\r\nTargetObject: HKLM\\SOFTWARE\\Microsoft\\SystemCertificates\\CA\\Certificates\r\nUser: NT AUTHORITY\\SYSTEM","Category":"Registry object added or deleted (rule: RegistryEvent)","Opcode":"Info","RuleName":"technique_id=T1553.004,technique_name=Install Root Certificate","UtcTime":"2023-06-20 19:29:04.170","ProcessGuid":"{927d35bf-313c-6489-5a00-000000002900}","Image":"C:\\ProgramData\\Microsoft\\Windows Defender\\Platform\\4.18.23050.5-0\\MsMpEng.exe","TargetObject":"HKLM\\SOFTWARE\\Microsoft\\SystemCertificates\\CA\\Certificates","User":"NT AUTHORITY\\SYSTEM","EventReceivedTime":1687289344,"SourceModuleName":"in_sysmon","SourceModuleType":"im_msvistalog"}
<14>Jun 20 19:29:04 win-adfs.lunarstiiiness.com Microsoft-Windows-Sysmon[2556]: {"EventTime":1687289344,"Hostname":"win-adfs.lunarstiiiness.com","Keywords":-9223372036854775808,"EventType":"INFO","SeverityValue":2,"Severity":"INFO","EventID":12,"SourceName":"Microsoft-Windows-Sysmon","ProviderGuid":"{5770385F-C22A-43E0-BF4C-06F5698FFBD9}","Version":2,"Task":12,"OpcodeValue":0,"RecordNumber":5946425,"ProcessID":2556,"ThreadID":3972,"Channel":"Microsoft-Windows-Sysmon/Operational","Domain":"NT AUTHORITY","AccountName":"SYSTEM","UserID":"S-1-5-18","AccountType":"User","Message":"Registry object added or deleted:\r\nRuleName: technique_id=T1553.004,technique_name=Install Root Certificate\r\nEventType: CreateKey\r\nUtcTime: 2023-06-20 19:29:04.170\r\nProcessGuid: {927d35bf-313c-6489-5a00-000000002900}\r\nProcessId: 2928\r\nImage: C:\\ProgramData\\Microsoft\\Windows Defender\\Platform\\4.18.23050.5-0\\MsMpEng.exe\r\nTargetObject: HKU\\.DEFAULT\\Software\\Microsoft\\SystemCertificates\\CA\\Certificates\r\nUser: NT AUTHORITY\\SYSTEM","Category":"Registry object added or deleted (rule: RegistryEvent)","Opcode":"Info","RuleName":"technique_id=T1553.004,technique_name=Install Root Certificate","UtcTime":"2023-06-20 19:29:04.170","ProcessGuid":"{927d35bf-313c-6489-5a00-000000002900}","Image":"C:\\ProgramData\\Microsoft\\Windows Defender\\Platform\\4.18.23050.5-0\\MsMpEng.exe","TargetObject":"HKU\\.DEFAULT\\Software\\Microsoft\\SystemCertificates\\CA\\Certificates","User":"NT AUTHORITY\\SYSTEM","EventReceivedTime":1687289344,"SourceModuleName":"in_sysmon","SourceModuleType":"im_msvistalog"}
<14>Jun 20 19:29:04 win-adfs.lunarstiiiness.com Microsoft-Windows-Sysmon[2556]: {"EventTime":1687289344,"Hostname":"win-adfs.lunarstiiiness.com","Keywords":-9223372036854775808,"EventType":"INFO","SeverityValue":2,"Severity":"INFO","EventID":12,"SourceName":"Microsoft-Windows-Sysmon","ProviderGuid":"{5770385F-C22A-43E0-BF4C-06F5698FFBD9}","Version":2,"Task":12,"OpcodeValue":0,"RecordNumber":5946426,"ProcessID":2556,"ThreadID":3972,"Channel":"Microsoft-Windows-Sysmon/Operational","Domain":"NT AUTHORITY","AccountName":"SYSTEM","UserID":"S-1-5-18","AccountType":"User","Message":"Registry object added or deleted:\r\nRuleName: technique_id=T1553.004,technique_name=Install Root Certificate\r\nEventType: CreateKey\r\nUtcTime: 2023-06-20 19:29:04.170\r\nProcessGuid: {927d35bf-313c-6489-5a00-000000002900}\r\nProcessId: 2928\r\nImage: C:\\ProgramData\\Microsoft\\Windows Defender\\Platform\\4.18.23050.5-0\\MsMpEng.exe\r\nTargetObject: HKU\\.DEFAULT\\Software\\Policies\\Microsoft\\SystemCertificates\\CA\\Certificates\r\nUser: NT AUTHORITY\\SYSTEM","Category":"Registry object added or deleted (rule: RegistryEvent)","Opcode":"Info","RuleName":"technique_id=T1553.004,technique_name=Install Root Certificate","UtcTime":"2023-06-20 19:29:04.170","ProcessGuid":"{927d35bf-313c-6489-5a00-000000002900}","Image":"C:\\ProgramData\\Microsoft\\Windows Defender\\Platform\\4.18.23050.5-0\\MsMpEng.exe","TargetObject":"HKU\\.DEFAULT\\Software\\Policies\\Microsoft\\SystemCertificates\\CA\\Certificates","User":"NT AUTHORITY\\SYSTEM","EventReceivedTime":1687289344,"SourceModuleName":"in_sysmon","SourceModuleType":"im_msvistalog"}
<14>Jun 20 19:29:04 win-adfs.lunarstiiiness.com Microsoft-Windows-Sysmon[2556]: {"EventTime":1687289344,"Hostname":"win-adfs.lunarstiiiness.com","Keywords":-9223372036854775808,"EventType":"INFO","SeverityValue":2,"Severity":"INFO","EventID":12,"SourceName":"Microsoft-Windows-Sysmon","ProviderGuid":"{5770385F-C22A-43E0-BF4C-06F5698FFBD9}","Version":2,"Task":12,"OpcodeValue":0,"RecordNumber":5946428,"ProcessID":2556,"ThreadID":3972,"Channel":"Microsoft-Windows-Sysmon/Operational","Domain":"NT AUTHORITY","AccountName":"SYSTEM","UserID":"S-1-5-18","AccountType":"User","Message":"Registry object added or deleted:\r\nRuleName: technique_id=T1553.004,technique_name=Install Root Certificate\r\nEventType: CreateKey\r\nUtcTime: 2023-06-20 19:29:04.171\r\nProcessGuid: {927d35bf-313c-6489-5a00-000000002900}\r\nProcessId: 2928\r\nImage: C:\\ProgramData\\Microsoft\\Windows Defender\\Platform\\4.18.23050.5-0\\MsMpEng.exe\r\nTargetObject: HKLM\\SOFTWARE\\Policies\\Microsoft\\SystemCertificates\\CA\\Certificates\r\nUser: NT AUTHORITY\\SYSTEM","Category":"Registry object added or deleted (rule: RegistryEvent)","Opcode":"Info","RuleName":"technique_id=T1553.004,technique_name=Install Root Certificate","UtcTime":"2023-06-20 19:29:04.171","ProcessGuid":"{927d35bf-313c-6489-5a00-000000002900}","Image":"C:\\ProgramData\\Microsoft\\Windows Defender\\Platform\\4.18.23050.5-0\\MsMpEng.exe","TargetObject":"HKLM\\SOFTWARE\\Policies\\Microsoft\\SystemCertificates\\CA\\Certificates","User":"NT AUTHORITY\\SYSTEM","EventReceivedTime":1687289344,"SourceModuleName":"in_sysmon","SourceModuleType":"im_msvistalog"}
<14>Jun 20 19:29:04 win-adfs.lunarstiiiness.com Microsoft-Windows-Sysmon[2556]: {"EventTime":1687289344,"Hostname":"win-adfs.lunarstiiiness.com","Keywords":-9223372036854775808,"EventType":"INFO","SeverityValue":2,"Severity":"INFO","EventID":12,"SourceName":"Microsoft-Windows-Sysmon","ProviderGuid":"{5770385F-C22A-43E0-BF4C-06F5698FFBD9}","Version":2,"Task":12,"OpcodeValue":0,"RecordNumber":5946429,"ProcessID":2556,"ThreadID":3972,"Channel":"Microsoft-Windows-Sysmon/Operational","Domain":"NT AUTHORITY","AccountName":"SYSTEM","UserID":"S-1-5-18","AccountType":"User","Message":"Registry object added or deleted:\r\nRuleName: technique_id=T1553.004,technique_name=Install Root Certificate\r\nEventType: CreateKey\r\nUtcTime: 2023-06-20 19:29:04.176\r\nProcessGuid: {927d35bf-313c-6489-5a00-000000002900}\r\nProcessId: 2928\r\nImage: C:\\ProgramData\\Microsoft\\Windows Defender\\Platform\\4.18.23050.5-0\\MsMpEng.exe\r\nTargetObject: HKU\\.DEFAULT\\Software\\Microsoft\\SystemCertificates\\Root\\Certificates\r\nUser: NT AUTHORITY\\SYSTEM","Category":"Registry object added or deleted (rule: RegistryEvent)","Opcode":"Info","RuleName":"technique_id=T1553.004,technique_name=Install Root Certificate","UtcTime":"2023-06-20 19:29:04.176","ProcessGuid":"{927d35bf-313c-6489-5a00-000000002900}","Image":"C:\\ProgramData\\Microsoft\\Windows Defender\\Platform\\4.18.23050.5-0\\MsMpEng.exe","TargetObject":"HKU\\.DEFAULT\\Software\\Microsoft\\SystemCertificates\\Root\\Certificates","User":"NT AUTHORITY\\SYSTEM","EventReceivedTime":1687289344,"SourceModuleName":"in_sysmon","SourceModuleType":"im_msvistalog"}
<14>Jun 20 19:29:04 win-adfs.lunarstiiiness.com Microsoft-Windows-Sysmon[2556]: {"EventTime":1687289344,"Hostname":"win-adfs.lunarstiiiness.com","Keywords":-9223372036854775808,"EventType":"INFO","SeverityValue":2,"Severity":"INFO","EventID":12,"SourceName":"Microsoft-Windows-Sysmon","ProviderGuid":"{5770385F-C22A-43E0-BF4C-06F5698FFBD9}","Version":2,"Task":12,"OpcodeValue":0,"RecordNumber":5946430,"ProcessID":2556,"ThreadID":3972,"Channel":"Microsoft-Windows-Sysmon/Operational","Domain":"NT AUTHORITY","AccountName":"SYSTEM","UserID":"S-1-5-18","AccountType":"User","Message":"Registry object added or deleted:\r\nRuleName: technique_id=T1553.004,technique_name=Install Root Certificate\r\nEventType: CreateKey\r\nUtcTime: 2023-06-20 19:29:04.176\r\nProcessGuid: {927d35bf-313c-6489-5a00-000000002900}\r\nProcessId: 2928\r\nImage: C:\\ProgramData\\Microsoft\\Windows Defender\\Platform\\4.18.23050.5-0\\MsMpEng.exe\r\nTargetObject: HKLM\\SOFTWARE\\Microsoft\\SystemCertificates\\ROOT\\Certificates\r\nUser: NT AUTHORITY\\SYSTEM","Category":"Registry object added or deleted (rule: RegistryEvent)","Opcode":"Info","RuleName":"technique_id=T1553.004,technique_name=Install Root Certificate","UtcTime":"2023-06-20 19:29:04.176","ProcessGuid":"{927d35bf-313c-6489-5a00-000000002900}","Image":"C:\\ProgramData\\Microsoft\\Windows Defender\\Platform\\4.18.23050.5-0\\MsMpEng.exe","TargetObject":"HKLM\\SOFTWARE\\Microsoft\\SystemCertificates\\ROOT\\Certificates","User":"NT AUTHORITY\\SYSTEM","EventReceivedTime":1687289344,"SourceModuleName":"in_sysmon","SourceModuleType":"im_msvistalog"}
<14>Jun 20 19:29:04 win-adfs.lunarstiiiness.com Microsoft-Windows-Sysmon[2556]: {"EventTime":1687289344,"Hostname":"win-adfs.lunarstiiiness.com","Keywords":-9223372036854775808,"EventType":"INFO","SeverityValue":2,"Severity":"INFO","EventID":12,"SourceName":"Microsoft-Windows-Sysmon","ProviderGuid":"{5770385F-C22A-43E0-BF4C-06F5698FFBD9}","Version":2,"Task":12,"OpcodeValue":0,"RecordNumber":5946431,"ProcessID":2556,"ThreadID":3972,"Channel":"Microsoft-Windows-Sysmon/Operational","Domain":"NT AUTHORITY","AccountName":"SYSTEM","UserID":"S-1-5-18","AccountType":"User","Message":"Registry object added or deleted:\r\nRuleName: technique_id=T1553.004,technique_name=Install Root Certificate\r\nEventType: CreateKey\r\nUtcTime: 2023-06-20 19:29:04.177\r\nProcessGuid: {927d35bf-313c-6489-5a00-000000002900}\r\nProcessId: 2928\r\nImage: C:\\ProgramData\\Microsoft\\Windows Defender\\Platform\\4.18.23050.5-0\\MsMpEng.exe\r\nTargetObject: HKLM\\SOFTWARE\\Microsoft\\EnterpriseCertificates\\Root\\Certificates\r\nUser: NT AUTHORITY\\SYSTEM","Category":"Registry object added or deleted (rule: RegistryEvent)","Opcode":"Info","RuleName":"technique_id=T1553.004,technique_name=Install Root Certificate","UtcTime":"2023-06-20 19:29:04.177","ProcessGuid":"{927d35bf-313c-6489-5a00-000000002900}","Image":"C:\\ProgramData\\Microsoft\\Windows Defender\\Platform\\4.18.23050.5-0\\MsMpEng.exe","TargetObject":"HKLM\\SOFTWARE\\Microsoft\\EnterpriseCertificates\\Root\\Certificates","User":"NT AUTHORITY\\SYSTEM","EventReceivedTime":1687289344,"SourceModuleName":"in_sysmon","SourceModuleType":"im_msvistalog"}
<14>Jun 20 19:29:06 win-adfs.lunarstiiiness.com Microsoft-Windows-Sysmon[2556]: {"EventTime":1687289345,"Hostname":"win-adfs.lunarstiiiness.com","Keywords":-9223372036854775808,"EventType":"INFO","SeverityValue":2,"Severity":"INFO","EventID":10,"SourceName":"Microsoft-Windows-Sysmon","ProviderGuid":"{5770385F-C22A-43E0-BF4C-06F5698FFBD9}","Version":3,"Task":10,"OpcodeValue":0,"RecordNumber":5946432,"ProcessID":2556,"ThreadID":3972,"Channel":"Microsoft-Windows-Sysmon/Operational","Domain":"NT AUTHORITY","AccountName":"SYSTEM","UserID":"S-1-5-18","AccountType":"User","Message":"Process accessed:\r\nRuleName: technique_id=T1055.001,technique_name=Dynamic-link Library Injection\r\nUtcTime: 2023-06-20 19:29:05.331\r\nSourceProcessGUID: {927d35bf-31d7-6489-a700-000000002900}\r\nSourceProcessId: 4804\r\nSourceThreadId: 5132\r\nSourceImage: C:\\Program Files\\Azure Advanced Threat Protection Sensor\\2.205.16667.61114\\Microsoft.Tri.Sensor.Updater.exe\r\nTargetProcessGUID: {927d35bf-320b-6489-b600-000000002900}\r\nTargetProcessId: 4168\r\nTargetImage: C:\\Program Files\\Azure Advanced Threat Protection Sensor\\2.205.16667.61114\\Microsoft.Tri.Sensor.exe\r\nGrantedAccess: 0x1F3FFF\r\nCallTrace: C:\\Windows\\SYSTEM32\\ntdll.dll+9f9a4|C:\\Windows\\System32\\KERNELBASE.dll+44a7e|UNKNOWN(00007FFB6B21EF70)\r\nSourceUser: NT AUTHORITY\\SYSTEM\r\nTargetUser: NT AUTHORITY\\LOCAL SERVICE","Category":"Process accessed (rule: ProcessAccess)","Opcode":"Info","RuleName":"technique_id=T1055.001,technique_name=Dynamic-link Library Injection","UtcTime":"2023-06-20 19:29:05.331","SourceProcessGUID":"{927d35bf-31d7-6489-a700-000000002900}","SourceProcessId":"4804","SourceThreadId":"5132","SourceImage":"C:\\Program Files\\Azure Advanced Threat Protection Sensor\\2.205.16667.61114\\Microsoft.Tri.Sensor.Updater.exe","TargetProcessGUID":"{927d35bf-320b-6489-b600-000000002900}","TargetProcessId":"4168","TargetImage":"C:\\Program Files\\Azure Advanced Threat Protection Sensor\\2.205.16667.61114\\Microsoft.Tri.Sensor.exe","GrantedAccess":"0x1f3fff","CallTrace":"C:\\Windows\\SYSTEM32\\ntdll.dll+9f9a4|C:\\Windows\\System32\\KERNELBASE.dll+44a7e|UNKNOWN(00007FFB6B21EF70)","SourceUser":"NT AUTHORITY\\SYSTEM","TargetUser":"NT AUTHORITY\\LOCAL SERVICE","EventReceivedTime":1687289346,"SourceModuleName":"in_sysmon","SourceModuleType":"im_msvistalog"}
<14>Jun 20 19:29:06 win-adfs.lunarstiiiness.com Microsoft-Windows-Sysmon[2556]: {"EventTime":1687289345,"Hostname":"win-adfs.lunarstiiiness.com","Keywords":-9223372036854775808,"EventType":"INFO","SeverityValue":2,"Severity":"INFO","EventID":10,"SourceName":"Microsoft-Windows-Sysmon","ProviderGuid":"{5770385F-C22A-43E0-BF4C-06F5698FFBD9}","Version":3,"Task":10,"OpcodeValue":0,"RecordNumber":5946433,"ProcessID":2556,"ThreadID":3972,"Channel":"Microsoft-Windows-Sysmon/Operational","Domain":"NT AUTHORITY","AccountName":"SYSTEM","UserID":"S-1-5-18","AccountType":"User","Message":"Process accessed:\r\nRuleName: technique_id=T1055.001,technique_name=Dynamic-link Library Injection\r\nUtcTime: 2023-06-20 19:29:05.357\r\nSourceProcessGUID: {927d35bf-31d7-6489-a700-000000002900}\r\nSourceProcessId: 4804\r\nSourceThreadId: 5060\r\nSourceImage: C:\\Program Files\\Azure Advanced Threat Protection Sensor\\2.205.16667.61114\\Microsoft.Tri.Sensor.Updater.exe\r\nTargetProcessGUID: {927d35bf-320b-6489-b600-000000002900}\r\nTargetProcessId: 4168\r\nTargetImage: C:\\Program Files\\Azure Advanced Threat Protection Sensor\\2.205.16667.61114\\Microsoft.Tri.Sensor.exe\r\nGrantedAccess: 0x1F3FFF\r\nCallTrace: C:\\Windows\\SYSTEM32\\ntdll.dll+9f9a4|C:\\Windows\\System32\\KERNELBASE.dll+44a7e|UNKNOWN(00007FFB6B21EF70)\r\nSourceUser: NT AUTHORITY\\SYSTEM\r\nTargetUser: NT AUTHORITY\\LOCAL SERVICE","Category":"Process accessed (rule: ProcessAccess)","Opcode":"Info","RuleName":"technique_id=T1055.001,technique_name=Dynamic-link Library Injection","UtcTime":"2023-06-20 19:29:05.357","SourceProcessGUID":"{927d35bf-31d7-6489-a700-000000002900}","SourceProcessId":"4804","SourceThreadId":"5060","SourceImage":"C:\\Program Files\\Azure Advanced Threat Protection Sensor\\2.205.16667.61114\\Microsoft.Tri.Sensor.Updater.exe","TargetProcessGUID":"{927d35bf-320b-6489-b600-000000002900}","TargetProcessId":"4168","TargetImage":"C:\\Program Files\\Azure Advanced Threat Protection Sensor\\2.205.16667.61114\\Microsoft.Tri.Sensor.exe","GrantedAccess":"0x1f3fff","CallTrace":"C:\\Windows\\SYSTEM32\\ntdll.dll+9f9a4|C:\\Windows\\System32\\KERNELBASE.dll+44a7e|UNKNOWN(00007FFB6B21EF70)","SourceUser":"NT AUTHORITY\\SYSTEM","TargetUser":"NT AUTHORITY\\LOCAL SERVICE","EventReceivedTime":1687289346,"SourceModuleName":"in_sysmon","SourceModuleType":"im_msvistalog"}
