<14>Jun 20 19:11:42 serhatg.local Microsoft-Windows-Sysmon[3228]: {"EventTime":1687288302,"Hostname":"serhatg.local","Keywords":-9223372036854775808,"EventType":"INFO","SeverityValue":2,"Severity":"INFO","EventID":11,"SourceName":"Microsoft-Windows-Sysmon","ProviderGuid":"{5770385F-C22A-43E0-BF4C-06F5698FFBD9}","Version":2,"Task":11,"OpcodeValue":0,"RecordNumber":266956,"ProcessID":3228,"ThreadID":4252,"Channel":"Microsoft-Windows-Sysmon/Operational","Domain":"NT AUTHORITY","AccountName":"SYSTEM","UserID":"S-1-5-18","AccountType":"User","Message":"File created:\r\nRuleName: Downloads\r\nUtcTime: 2023-06-20 19:11:41.674\r\nProcessGuid: {f31bccf6-7101-6491-900d-000000001800}\r\nProcessId: 6844\r\nImage: C:\\Users\\serhatg\\Downloads\\AA_v3.exe\r\nTargetFilename: C:\\Users\\serhatg\\Downloads\\AA_v3.log\r\nCreationUtcTime: 2023-06-20 19:11:41.674\r\nUser: NT AUTHORITY\\SYSTEM","Category":"File created (rule: FileCreate)","Opcode":"Info","RuleName":"Downloads","UtcTime":"2023-06-20 19:11:41.674","ProcessGuid":"{f31bccf6-7101-6491-900d-000000001800}","Image":"C:\\Users\\serhatg\\Downloads\\AA_v3.exe","TargetFilename":"C:\\Users\\serhatg\\Downloads\\AA_v3.log","CreationUtcTime":"2023-06-20 19:11:41.674","User":"NT AUTHORITY\\SYSTEM","EventReceivedTime":1687288302,"SourceModuleName":"in_sysmon","SourceModuleType":"im_msvistalog"}
<14>Jun 20 19:11:42 serhatg.local Microsoft-Windows-Sysmon[3228]: {"EventTime":1687288302,"Hostname":"serhatg.local","Keywords":-9223372036854775808,"EventType":"INFO","SeverityValue":2,"Severity":"INFO","EventID":1,"SourceName":"Microsoft-Windows-Sysmon","ProviderGuid":"{5770385F-C22A-43E0-BF4C-06F5698FFBD9}","Version":5,"Task":1,"OpcodeValue":0,"RecordNumber":266996,"ProcessID":3228,"ThreadID":4252,"Channel":"Microsoft-Windows-Sysmon/Operational","Domain":"NT AUTHORITY","AccountName":"SYSTEM","UserID":"S-1-5-18","AccountType":"User","Message":"Process Create:\r\nRuleName: -\r\nUtcTime: 2023-06-20 19:11:41.347\r\nProcessGuid: {f31bccf6-71b8-6491-bb0d-000000001800}\r\nProcessId: 8660\r\nImage: C:\\Users\\serhatg\\Downloads\\AA_v3.exe\r\nFileVersion: 3.10\r\nDescription: Ammyy Admin\r\nProduct: Ammyy Admin\r\nCompany: Ammyy LLC\r\nOriginalFileName: -\r\nCommandLine: \"C:\\Users\\serhatg\\Downloads\\AA_v3.exe\" -service -lunch\r\nCurrentDirectory: C:\\Windows\\system32\\\r\nUser: NT AUTHORITY\\SYSTEM\r\nLogonGuid: {f31bccf6-3a7a-6489-e703-000000000000}\r\nLogonId: 0x3E7\r\nTerminalSessionId: 0\r\nIntegrityLevel: System\r\nHashes: MD5=90AADF2247149996AE443E2C82AF3730,SHA256=EE573647477339784DCEF81024DE1BE1762833A20E5CC2B89A93E47D05B86B6A,IMPHASH=3E985254F2E34AD96DA799A2A5D33EFE\r\nParentProcessGuid: {f31bccf6-3a7a-6489-0b00-000000001800}\r\nParentProcessId: 612\r\nParentImage: C:\\Windows\\System32\\services.exe\r\nParentCommandLine: C:\\Windows\\system32\\services.exe\r\nParentUser: NT AUTHORITY\\SYSTEM","Category":"Process Create (rule: ProcessCreate)","Opcode":"Info","RuleName":"-","UtcTime":"2023-06-20 19:11:41.347","ProcessGuid":"{f31bccf6-71b8-6491-bb0d-000000001800}","Image":"C:\\Users\\serhatg\\Downloads\\AA_v3.exe","FileVersion":"3.10","Description":"Ammyy Admin","Product":"Ammyy Admin","Company":"Ammyy LLC","OriginalFileName":"-","CommandLine":"\"C:\\Users\\serhatg\\Downloads\\AA_v3.exe\" -service -lunch","CurrentDirectory":"C:\\Windows\\system32\\","User":"NT AUTHORITY\\SYSTEM","LogonGuid":"{f31bccf6-3a7a-6489-e703-000000000000}","LogonId":"0x3e7","TerminalSessionId":"0","IntegrityLevel":"System","Hashes":"MD5=90AADF2247149996AE443E2C82AF3730,SHA256=EE573647477339784DCEF81024DE1BE1762833A20E5CC2B89A93E47D05B86B6A,IMPHASH=3E985254F2E34AD96DA799A2A5D33EFE","ParentProcessGuid":"{f31bccf6-3a7a-6489-0b00-000000001800}","ParentProcessId":"612","ParentImage":"C:\\Windows\\System32\\services.exe","ParentCommandLine":"C:\\Windows\\system32\\services.exe","ParentUser":"NT AUTHORITY\\SYSTEM","EventReceivedTime":1687288302,"SourceModuleName":"in_sysmon","SourceModuleType":"im_msvistalog"}
<14>Jun 20 19:11:42 win-server.lunarstiiiness.com Microsoft-Windows-Sysmon[2212]: {"EventTime":1687288301,"Hostname":"win-server.lunarstiiiness.com","Keywords":-9223372036854775808,"EventType":"INFO","SeverityValue":2,"Severity":"INFO","EventID":11,"SourceName":"Microsoft-Windows-Sysmon","ProviderGuid":"{5770385F-C22A-43E0-BF4C-06F5698FFBD9}","Version":2,"Task":11,"OpcodeValue":0,"RecordNumber":2200730,"ProcessID":2212,"ThreadID":2972,"Channel":"Microsoft-Windows-Sysmon/Operational","Domain":"NT AUTHORITY","AccountName":"SYSTEM","UserID":"S-1-5-18","AccountType":"User","Message":"File created:\r\nRuleName: -\r\nUtcTime: 2023-06-20 19:11:41.175\r\nProcessGuid: {BE59402F-B8EE-6491-D10D-000000002400}\r\nProcessId: 1160\r\nImage: C:\\Program Files\\Mozilla Firefox\\firefox.exe\r\nTargetFilename: C:\\Users\\tim.smith_admin\\Downloads\\3JzCKDEz.msi.part\r\nCreationUtcTime: 2023-06-20 19:11:41.175\r\nUser: LUNARSTIIINESS\\tim.smith_admin","Category":"File created (rule: FileCreate)","Opcode":"Info","RuleName":"-","UtcTime":"2023-06-20 19:11:41.175","ProcessGuid":"{BE59402F-B8EE-6491-D10D-000000002400}","Image":"C:\\Program Files\\Mozilla Firefox\\firefox.exe","TargetFilename":"C:\\Users\\tim.smith_admin\\Downloads\\3JzCKDEz.msi.part","CreationUtcTime":"2023-06-20 19:11:41.175","User":"LUNARSTIIINESS\\tim.smith_admin","EventReceivedTime":1687288302,"SourceModuleName":"in_sysmon","SourceModuleType":"im_msvistalog"}
<14>Jun 20 19:11:42 win-server.lunarstiiiness.com Microsoft-Windows-Sysmon[2212]: {"EventTime":1687288301,"Hostname":"win-server.lunarstiiiness.com","Keywords":-9223372036854775808,"EventType":"INFO","SeverityValue":2,"Severity":"INFO","EventID":11,"SourceName":"Microsoft-Windows-Sysmon","ProviderGuid":"{5770385F-C22A-43E0-BF4C-06F5698FFBD9}","Version":2,"Task":11,"OpcodeValue":0,"RecordNumber":2200733,"ProcessID":2212,"ThreadID":2972,"Channel":"Microsoft-Windows-Sysmon/Operational","Domain":"NT AUTHORITY","AccountName":"SYSTEM","UserID":"S-1-5-18","AccountType":"User","Message":"File created:\r\nRuleName: -\r\nUtcTime: 2023-06-20 19:11:41.179\r\nProcessGuid: {BE59402F-B8EE-6491-D10D-000000002400}\r\nProcessId: 1160\r\nImage: C:\\Program Files\\Mozilla Firefox\\firefox.exe\r\nTargetFilename: C:\\Users\\tim.smith_admin\\Downloads\\LogMeInRescueTechnicianConsoleApp.msi\r\nCreationUtcTime: 2023-06-20 19:11:41.179\r\nUser: LUNARSTIIINESS\\tim.smith_admin","Category":"File created (rule: FileCreate)","Opcode":"Info","RuleName":"-","UtcTime":"2023-06-20 19:11:41.179","ProcessGuid":"{BE59402F-B8EE-6491-D10D-000000002400}","Image":"C:\\Program Files\\Mozilla Firefox\\firefox.exe","TargetFilename":"C:\\Users\\tim.smith_admin\\Downloads\\LogMeInRescueTechnicianConsoleApp.msi","CreationUtcTime":"2023-06-20 19:11:41.179","User":"LUNARSTIIINESS\\tim.smith_admin","EventReceivedTime":1687288302,"SourceModuleName":"in_sysmon","SourceModuleType":"im_msvistalog"}
<14>Jun 20 19:11:42 win-server.lunarstiiiness.com Microsoft-Windows-Sysmon[2212]: {"EventTime":1687288301,"Hostname":"win-server.lunarstiiiness.com","Keywords":-9223372036854775808,"EventType":"INFO","SeverityValue":2,"Severity":"INFO","EventID":11,"SourceName":"Microsoft-Windows-Sysmon","ProviderGuid":"{5770385F-C22A-43E0-BF4C-06F5698FFBD9}","Version":2,"Task":11,"OpcodeValue":0,"RecordNumber":2200732,"ProcessID":2212,"ThreadID":2972,"Channel":"Microsoft-Windows-Sysmon/Operational","Domain":"NT AUTHORITY","AccountName":"SYSTEM","UserID":"S-1-5-18","AccountType":"User","Message":"File created:\r\nRuleName: -\r\nUtcTime: 2023-06-20 19:11:41.179\r\nProcessGuid: {BE59402F-B8EE-6491-D10D-000000002400}\r\nProcessId: 1160\r\nImage: C:\\Program Files\\Mozilla Firefox\\firefox.exe\r\nTargetFilename: C:\\Users\\tim.smith_admin\\Downloads\\3JzCKDEz.msi.part\r\nCreationUtcTime: 2023-06-20 19:11:41.175\r\nUser: LUNARSTIIINESS\\tim.smith_admin","Category":"File created (rule: FileCreate)","Opcode":"Info","RuleName":"-","UtcTime":"2023-06-20 19:11:41.179","ProcessGuid":"{BE59402F-B8EE-6491-D10D-000000002400}","Image":"C:\\Program Files\\Mozilla Firefox\\firefox.exe","TargetFilename":"C:\\Users\\tim.smith_admin\\Downloads\\3JzCKDEz.msi.part","CreationUtcTime":"2023-06-20 19:11:41.175","User":"LUNARSTIIINESS\\tim.smith_admin","EventReceivedTime":1687288302,"SourceModuleName":"in_sysmon","SourceModuleType":"im_msvistalog"}
<14>Jun 20 19:11:43 win-server.lunarstiiiness.com Microsoft-Windows-Sysmon[2212]: {"EventTime":1687288302,"Hostname":"win-server.lunarstiiiness.com","Keywords":-9223372036854775808,"EventType":"INFO","SeverityValue":2,"Severity":"INFO","EventID":11,"SourceName":"Microsoft-Windows-Sysmon","ProviderGuid":"{5770385F-C22A-43E0-BF4C-06F5698FFBD9}","Version":2,"Task":11,"OpcodeValue":0,"RecordNumber":2200747,"ProcessID":2212,"ThreadID":2972,"Channel":"Microsoft-Windows-Sysmon/Operational","Domain":"NT AUTHORITY","AccountName":"SYSTEM","UserID":"S-1-5-18","AccountType":"User","Message":"File created:\r\nRuleName: -\r\nUtcTime: 2023-06-20 19:11:42.293\r\nProcessGuid: {BE59402F-B8EE-6491-D10D-000000002400}\r\nProcessId: 1160\r\nImage: C:\\Program Files\\Mozilla Firefox\\firefox.exe\r\nTargetFilename: C:\\Users\\tim.smith_admin\\Downloads\\LogMeInRescueTechnicianConsoleApp.msi:Zone.Identifier\r\nCreationUtcTime: 2023-06-20 19:11:41.175\r\nUser: LUNARSTIIINESS\\tim.smith_admin","Category":"File created (rule: FileCreate)","Opcode":"Info","RuleName":"-","UtcTime":"2023-06-20 19:11:42.293","ProcessGuid":"{BE59402F-B8EE-6491-D10D-000000002400}","Image":"C:\\Program Files\\Mozilla Firefox\\firefox.exe","TargetFilename":"C:\\Users\\tim.smith_admin\\Downloads\\LogMeInRescueTechnicianConsoleApp.msi:Zone.Identifier","CreationUtcTime":"2023-06-20 19:11:41.175","User":"LUNARSTIIINESS\\tim.smith_admin","EventReceivedTime":1687288303,"SourceModuleName":"in_sysmon","SourceModuleType":"im_msvistalog"}
<14>Jun 20 19:11:42 win-server.lunarstiiiness.com Microsoft-Windows-Sysmon[2212]: {"EventTime":1687288301,"Hostname":"win-server.lunarstiiiness.com","Keywords":-9223372036854775808,"EventType":"INFO","SeverityValue":2,"Severity":"INFO","EventID":23,"SourceName":"Microsoft-Windows-Sysmon","ProviderGuid":"{5770385F-C22A-43E0-BF4C-06F5698FFBD9}","Version":5,"Task":23,"OpcodeValue":0,"RecordNumber":2200731,"ProcessID":2212,"ThreadID":2972,"Channel":"Microsoft-Windows-Sysmon/Operational","Domain":"NT AUTHORITY","AccountName":"SYSTEM","UserID":"S-1-5-18","AccountType":"User","Message":"File Delete archived:\r\nRuleName: -\r\nUtcTime: 2023-06-20 19:11:41.179\r\nProcessGuid: {BE59402F-B8EE-6491-D10D-000000002400}\r\nProcessId: 1160\r\nUser: LUNARSTIIINESS\\tim.smith_admin\r\nImage: C:\\Program Files\\Mozilla Firefox\\firefox.exe\r\nTargetFilename: C:\\Users\\tim.smith_admin\\Downloads\\3JzCKDEz.msi.part\r\nHashes: SHA1=DA39A3EE5E6B4B0D3255BFEF95601890AFD80709,MD5=D41D8CD98F00B204E9800998ECF8427E,SHA256=E3B0C44298FC1C149AFBF4C8996FB92427AE41E4649B934CA495991B7852B855,IMPHASH=00000000000000000000000000000000\r\nIsExecutable: false\r\nArchived: true","Category":"File Delete archived (rule: FileDelete)","Opcode":"Info","RuleName":"-","UtcTime":"2023-06-20 19:11:41.179","ProcessGuid":"{BE59402F-B8EE-6491-D10D-000000002400}","User":"LUNARSTIIINESS\\tim.smith_admin","Image":"C:\\Program Files\\Mozilla Firefox\\firefox.exe","TargetFilename":"C:\\Users\\tim.smith_admin\\Downloads\\3JzCKDEz.msi.part","Hashes":"SHA1=DA39A3EE5E6B4B0D3255BFEF95601890AFD80709,MD5=D41D8CD98F00B204E9800998ECF8427E,SHA256=E3B0C44298FC1C149AFBF4C8996FB92427AE41E4649B934CA495991B7852B855,IMPHASH=00000000000000000000000000000000","IsExecutable":"false","Archived":"true","EventReceivedTime":1687288302,"SourceModuleName":"in_sysmon","SourceModuleType":"im_msvistalog"}
<14>Jun 20 19:11:42 win-server.lunarstiiiness.com Microsoft-Windows-Sysmon[2212]: {"EventTime":1687288301,"Hostname":"win-server.lunarstiiiness.com","Keywords":-9223372036854775808,"EventType":"INFO","SeverityValue":2,"Severity":"INFO","EventID":23,"SourceName":"Microsoft-Windows-Sysmon","ProviderGuid":"{5770385F-C22A-43E0-BF4C-06F5698FFBD9}","Version":5,"Task":23,"OpcodeValue":0,"RecordNumber":2200736,"ProcessID":2212,"ThreadID":2972,"Channel":"Microsoft-Windows-Sysmon/Operational","Domain":"NT AUTHORITY","AccountName":"SYSTEM","UserID":"S-1-5-18","AccountType":"User","Message":"File Delete archived:\r\nRuleName: -\r\nUtcTime: 2023-06-20 19:11:41.313\r\nProcessGuid: {BE59402F-B8EE-6491-D10D-000000002400}\r\nProcessId: 1160\r\nUser: LUNARSTIIINESS\\tim.smith_admin\r\nImage: C:\\Program Files\\Mozilla Firefox\\firefox.exe\r\nTargetFilename: C:\\Users\\tim.smith_admin\\AppData\\Local\\Mozilla\\Firefox\\Profiles\\a62ctjal.default-release\\cache2\\doomed\\21145\r\nHashes: SHA1=0BF101E9EE54A4DC5AEA7B1AFEA556901E8C7A4C,MD5=6A2FFCD398F1B111E823B243DD1D73E3,SHA256=98CBE82F8AA5E7FE52DC891014629C35C3727688D7DF9F60EC722D479735DA07,IMPHASH=00000000000000000000000000000000\r\nIsExecutable: false\r\nArchived: true","Category":"File Delete archived (rule: FileDelete)","Opcode":"Info","RuleName":"-","UtcTime":"2023-06-20 19:11:41.313","ProcessGuid":"{BE59402F-B8EE-6491-D10D-000000002400}","User":"LUNARSTIIINESS\\tim.smith_admin","Image":"C:\\Program Files\\Mozilla Firefox\\firefox.exe","TargetFilename":"C:\\Users\\tim.smith_admin\\AppData\\Local\\Mozilla\\Firefox\\Profiles\\a62ctjal.default-release\\cache2\\doomed\\21145","Hashes":"SHA1=0BF101E9EE54A4DC5AEA7B1AFEA556901E8C7A4C,MD5=6A2FFCD398F1B111E823B243DD1D73E3,SHA256=98CBE82F8AA5E7FE52DC891014629C35C3727688D7DF9F60EC722D479735DA07,IMPHASH=00000000000000000000000000000000","IsExecutable":"false","Archived":"true","EventReceivedTime":1687288302,"SourceModuleName":"in_sysmon","SourceModuleType":"im_msvistalog"}
<14>Jun 20 19:11:42 win-server.lunarstiiiness.com Microsoft-Windows-Sysmon[2212]: {"EventTime":1687288301,"Hostname":"win-server.lunarstiiiness.com","Keywords":-9223372036854775808,"EventType":"INFO","SeverityValue":2,"Severity":"INFO","EventID":23,"SourceName":"Microsoft-Windows-Sysmon","ProviderGuid":"{5770385F-C22A-43E0-BF4C-06F5698FFBD9}","Version":5,"Task":23,"OpcodeValue":0,"RecordNumber":2200737,"ProcessID":2212,"ThreadID":2972,"Channel":"Microsoft-Windows-Sysmon/Operational","Domain":"NT AUTHORITY","AccountName":"SYSTEM","UserID":"S-1-5-18","AccountType":"User","Message":"File Delete archived:\r\nRuleName: -\r\nUtcTime: 2023-06-20 19:11:41.320\r\nProcessGuid: {BE59402F-B8EE-6491-D10D-000000002400}\r\nProcessId: 1160\r\nUser: LUNARSTIIINESS\\tim.smith_admin\r\nImage: C:\\Program Files\\Mozilla Firefox\\firefox.exe\r\nTargetFilename: C:\\Users\\tim.smith_admin\\AppData\\Local\\Mozilla\\Firefox\\Profiles\\a62ctjal.default-release\\cache2\\doomed\\16982\r\nHashes: SHA1=9F4B6B5F45BBDC6B0836176AD50D3AD2C97C57A5,MD5=1766F9F2BC05402C957A622AA6C36589,SHA256=93097140018AA1339593FE82E87B0E6F80B66D930742D54443EFA557171E40B4,IMPHASH=00000000000000000000000000000000\r\nIsExecutable: false\r\nArchived: true","Category":"File Delete archived (rule: FileDelete)","Opcode":"Info","RuleName":"-","UtcTime":"2023-06-20 19:11:41.320","ProcessGuid":"{BE59402F-B8EE-6491-D10D-000000002400}","User":"LUNARSTIIINESS\\tim.smith_admin","Image":"C:\\Program Files\\Mozilla Firefox\\firefox.exe","TargetFilename":"C:\\Users\\tim.smith_admin\\AppData\\Local\\Mozilla\\Firefox\\Profiles\\a62ctjal.default-release\\cache2\\doomed\\16982","Hashes":"SHA1=9F4B6B5F45BBDC6B0836176AD50D3AD2C97C57A5,MD5=1766F9F2BC05402C957A622AA6C36589,SHA256=93097140018AA1339593FE82E87B0E6F80B66D930742D54443EFA557171E40B4,IMPHASH=00000000000000000000000000000000","IsExecutable":"false","Archived":"true","EventReceivedTime":1687288302,"SourceModuleName":"in_sysmon","SourceModuleType":"im_msvistalog"}
<14>Jun 20 19:11:42 win-server.lunarstiiiness.com Microsoft-Windows-Sysmon[2212]: {"EventTime":1687288301,"Hostname":"win-server.lunarstiiiness.com","Keywords":-9223372036854775808,"EventType":"INFO","SeverityValue":2,"Severity":"INFO","EventID":23,"SourceName":"Microsoft-Windows-Sysmon","ProviderGuid":"{5770385F-C22A-43E0-BF4C-06F5698FFBD9}","Version":5,"Task":23,"OpcodeValue":0,"RecordNumber":2200738,"ProcessID":2212,"ThreadID":2972,"Channel":"Microsoft-Windows-Sysmon/Operational","Domain":"NT AUTHORITY","AccountName":"SYSTEM","UserID":"S-1-5-18","AccountType":"User","Message":"File Delete archived:\r\nRuleName: -\r\nUtcTime: 2023-06-20 19:11:41.323\r\nProcessGuid: {BE59402F-B8EE-6491-D10D-000000002400}\r\nProcessId: 1160\r\nUser: LUNARSTIIINESS\\tim.smith_admin\r\nImage: C:\\Program Files\\Mozilla Firefox\\firefox.exe\r\nTargetFilename: C:\\Users\\tim.smith_admin\\AppData\\Local\\Mozilla\\Firefox\\Profiles\\a62ctjal.default-release\\cache2\\doomed\\19237\r\nHashes: SHA1=639D5F85BE9712CE27A9527B998A9466CB765189,MD5=7987E4DCA1DEB488706694509A6D4B5F,SHA256=E9FBCDCDF065D25301B7181C76A3DCA61743F65825D5B47482FFA7A69EACBE7E,IMPHASH=00000000000000000000000000000000\r\nIsExecutable: false\r\nArchived: true","Category":"File Delete archived (rule: FileDelete)","Opcode":"Info","RuleName":"-","UtcTime":"2023-06-20 19:11:41.323","ProcessGuid":"{BE59402F-B8EE-6491-D10D-000000002400}","User":"LUNARSTIIINESS\\tim.smith_admin","Image":"C:\\Program Files\\Mozilla Firefox\\firefox.exe","TargetFilename":"C:\\Users\\tim.smith_admin\\AppData\\Local\\Mozilla\\Firefox\\Profiles\\a62ctjal.default-release\\cache2\\doomed\\19237","Hashes":"SHA1=639D5F85BE9712CE27A9527B998A9466CB765189,MD5=7987E4DCA1DEB488706694509A6D4B5F,SHA256=E9FBCDCDF065D25301B7181C76A3DCA61743F65825D5B47482FFA7A69EACBE7E,IMPHASH=00000000000000000000000000000000","IsExecutable":"false","Archived":"true","EventReceivedTime":1687288302,"SourceModuleName":"in_sysmon","SourceModuleType":"im_msvistalog"}
<14>Jun 20 19:11:42 win-server.lunarstiiiness.com Microsoft-Windows-Sysmon[2212]: {"EventTime":1687288301,"Hostname":"win-server.lunarstiiiness.com","Keywords":-9223372036854775808,"EventType":"INFO","SeverityValue":2,"Severity":"INFO","EventID":23,"SourceName":"Microsoft-Windows-Sysmon","ProviderGuid":"{5770385F-C22A-43E0-BF4C-06F5698FFBD9}","Version":5,"Task":23,"OpcodeValue":0,"RecordNumber":2200739,"ProcessID":2212,"ThreadID":2972,"Channel":"Microsoft-Windows-Sysmon/Operational","Domain":"NT AUTHORITY","AccountName":"SYSTEM","UserID":"S-1-5-18","AccountType":"User","Message":"File Delete archived:\r\nRuleName: -\r\nUtcTime: 2023-06-20 19:11:41.325\r\nProcessGuid: {BE59402F-B8EE-6491-D10D-000000002400}\r\nProcessId: 1160\r\nUser: LUNARSTIIINESS\\tim.smith_admin\r\nImage: C:\\Program Files\\Mozilla Firefox\\firefox.exe\r\nTargetFilename: C:\\Users\\tim.smith_admin\\AppData\\Local\\Mozilla\\Firefox\\Profiles\\a62ctjal.default-release\\cache2\\doomed\\15523\r\nHashes: SHA1=EBFF15E23960C4EFA52AEE8A1E7BBEF8CDC97A63,MD5=62491152D79CA284C2BBFDBCDE296F3E,SHA256=2773B6FD5869C7409DFF8DA3299635E23E15F07C706A5BA2D759AC5FD059B3F1,IMPHASH=00000000000000000000000000000000\r\nIsExecutable: false\r\nArchived: true","Category":"File Delete archived (rule: FileDelete)","Opcode":"Info","RuleName":"-","UtcTime":"2023-06-20 19:11:41.325","ProcessGuid":"{BE59402F-B8EE-6491-D10D-000000002400}","User":"LUNARSTIIINESS\\tim.smith_admin","Image":"C:\\Program Files\\Mozilla Firefox\\firefox.exe","TargetFilename":"C:\\Users\\tim.smith_admin\\AppData\\Local\\Mozilla\\Firefox\\Profiles\\a62ctjal.default-release\\cache2\\doomed\\15523","Hashes":"SHA1=EBFF15E23960C4EFA52AEE8A1E7BBEF8CDC97A63,MD5=62491152D79CA284C2BBFDBCDE296F3E,SHA256=2773B6FD5869C7409DFF8DA3299635E23E15F07C706A5BA2D759AC5FD059B3F1,IMPHASH=00000000000000000000000000000000","IsExecutable":"false","Archived":"true","EventReceivedTime":1687288302,"SourceModuleName":"in_sysmon","SourceModuleType":"im_msvistalog"}
<14>Jun 20 19:11:42 win-server.lunarstiiiness.com Microsoft-Windows-Sysmon[2212]: {"EventTime":1687288301,"Hostname":"win-server.lunarstiiiness.com","Keywords":-9223372036854775808,"EventType":"INFO","SeverityValue":2,"Severity":"INFO","EventID":23,"SourceName":"Microsoft-Windows-Sysmon","ProviderGuid":"{5770385F-C22A-43E0-BF4C-06F5698FFBD9}","Version":5,"Task":23,"OpcodeValue":0,"RecordNumber":2200740,"ProcessID":2212,"ThreadID":2972,"Channel":"Microsoft-Windows-Sysmon/Operational","Domain":"NT AUTHORITY","AccountName":"SYSTEM","UserID":"S-1-5-18","AccountType":"User","Message":"File Delete archived:\r\nRuleName: -\r\nUtcTime: 2023-06-20 19:11:41.359\r\nProcessGuid: {BE59402F-B8EE-6491-D10D-000000002400}\r\nProcessId: 1160\r\nUser: LUNARSTIIINESS\\tim.smith_admin\r\nImage: C:\\Program Files\\Mozilla Firefox\\firefox.exe\r\nTargetFilename: C:\\Users\\tim.smith_admin\\AppData\\Roaming\\Mozilla\\Firefox\\Profiles\\a62ctjal.default-release\\storage\\default\\https+++secure.logmeinrescue.com\\ls\\usage\r\nHashes: SHA1=303EA0E40C54AE5378E96A0524041B3ABFAD4FF3,MD5=0498D779078947A6AE3F729CBEDA8DA1,SHA256=4E1EB123548DC21AE415C63971DD622925D450AAF04812FF53B6A29ED97D1177,IMPHASH=00000000000000000000000000000000\r\nIsExecutable: false\r\nArchived: true","Category":"File Delete archived (rule: FileDelete)","Opcode":"Info","RuleName":"-","UtcTime":"2023-06-20 19:11:41.359","ProcessGuid":"{BE59402F-B8EE-6491-D10D-000000002400}","User":"LUNARSTIIINESS\\tim.smith_admin","Image":"C:\\Program Files\\Mozilla Firefox\\firefox.exe","TargetFilename":"C:\\Users\\tim.smith_admin\\AppData\\Roaming\\Mozilla\\Firefox\\Profiles\\a62ctjal.default-release\\storage\\default\\https+++secure.logmeinrescue.com\\ls\\usage","Hashes":"SHA1=303EA0E40C54AE5378E96A0524041B3ABFAD4FF3,MD5=0498D779078947A6AE3F729CBEDA8DA1,SHA256=4E1EB123548DC21AE415C63971DD622925D450AAF04812FF53B6A29ED97D1177,IMPHASH=00000000000000000000000000000000","IsExecutable":"false","Archived":"true","EventReceivedTime":1687288302,"SourceModuleName":"in_sysmon","SourceModuleType":"im_msvistalog"}
<14>Jun 20 19:11:42 win-server.lunarstiiiness.com Microsoft-Windows-Sysmon[2212]: {"EventTime":1687288301,"Hostname":"win-server.lunarstiiiness.com","Keywords":-9223372036854775808,"EventType":"INFO","SeverityValue":2,"Severity":"INFO","EventID":23,"SourceName":"Microsoft-Windows-Sysmon","ProviderGuid":"{5770385F-C22A-43E0-BF4C-06F5698FFBD9}","Version":5,"Task":23,"OpcodeValue":0,"RecordNumber":2200741,"ProcessID":2212,"ThreadID":2972,"Channel":"Microsoft-Windows-Sysmon/Operational","Domain":"NT AUTHORITY","AccountName":"SYSTEM","UserID":"S-1-5-18","AccountType":"User","Message":"File Delete archived:\r\nRuleName: -\r\nUtcTime: 2023-06-20 19:11:41.367\r\nProcessGuid: {BE59402F-B8EE-6491-D10D-000000002400}\r\nProcessId: 1160\r\nUser: LUNARSTIIINESS\\tim.smith_admin\r\nImage: C:\\Program Files\\Mozilla Firefox\\firefox.exe\r\nTargetFilename: C:\\Users\\tim.smith_admin\\AppData\\Roaming\\Mozilla\\Firefox\\Profiles\\a62ctjal.default-release\\storage\\default\\https+++secure.logmeinrescue.com\\ls\\data.sqlite-journal\r\nHashes: SHA1=C2864CE9DD1413CC6692A1319DA7A34993044420,MD5=03C698F932A6A9192F300DAD4A6EE74F,SHA256=0673BAE09FCB11B7A0DC52043E6732FD76211DC814630F22606FBB84135CBB6F,IMPHASH=00000000000000000000000000000000\r\nIsExecutable: false\r\nArchived: true","Category":"File Delete archived (rule: FileDelete)","Opcode":"Info","RuleName":"-","UtcTime":"2023-06-20 19:11:41.367","ProcessGuid":"{BE59402F-B8EE-6491-D10D-000000002400}","User":"LUNARSTIIINESS\\tim.smith_admin","Image":"C:\\Program Files\\Mozilla Firefox\\firefox.exe","TargetFilename":"C:\\Users\\tim.smith_admin\\AppData\\Roaming\\Mozilla\\Firefox\\Profiles\\a62ctjal.default-release\\storage\\default\\https+++secure.logmeinrescue.com\\ls\\data.sqlite-journal","Hashes":"SHA1=C2864CE9DD1413CC6692A1319DA7A34993044420,MD5=03C698F932A6A9192F300DAD4A6EE74F,SHA256=0673BAE09FCB11B7A0DC52043E6732FD76211DC814630F22606FBB84135CBB6F,IMPHASH=00000000000000000000000000000000","IsExecutable":"false","Archived":"true","EventReceivedTime":1687288302,"SourceModuleName":"in_sysmon","SourceModuleType":"im_msvistalog"}
<14>Jun 20 19:11:42 win-server.lunarstiiiness.com Microsoft-Windows-Sysmon[2212]: {"EventTime":1687288301,"Hostname":"win-server.lunarstiiiness.com","Keywords":-9223372036854775808,"EventType":"INFO","SeverityValue":2,"Severity":"INFO","EventID":22,"SourceName":"Microsoft-Windows-Sysmon","ProviderGuid":"{5770385F-C22A-43E0-BF4C-06F5698FFBD9}","Version":5,"Task":22,"OpcodeValue":0,"RecordNumber":2200734,"ProcessID":2212,"ThreadID":2992,"Channel":"Microsoft-Windows-Sysmon/Operational","Domain":"NT AUTHORITY","AccountName":"SYSTEM","UserID":"S-1-5-18","AccountType":"User","Message":"Dns query:\r\nRuleName: -\r\nUtcTime: 2023-06-20 19:11:41.453\r\nProcessGuid: {BE59402F-B8EE-6491-D10D-000000002400}\r\nProcessId: 1160\r\nQueryName: brand-messenger.app.khoros.com\r\nQueryStatus: 0\r\nQueryResults: ::ffff:18.154.185.76;::ffff:18.154.185.113;::ffff:18.154.185.78;::ffff:18.154.185.121;\r\nImage: C:\\Program Files\\Mozilla Firefox\\firefox.exe\r\nUser: LUNARSTIIINESS\\tim.smith_admin","Category":"Dns query (rule: DnsQuery)","Opcode":"Info","RuleName":"-","UtcTime":"2023-06-20 19:11:41.453","ProcessGuid":"{BE59402F-B8EE-6491-D10D-000000002400}","QueryName":"brand-messenger.app.khoros.com","QueryStatus":"0","QueryResults":"::ffff:18.154.185.76;::ffff:18.154.185.113;::ffff:18.154.185.78;::ffff:18.154.185.121;","Image":"C:\\Program Files\\Mozilla Firefox\\firefox.exe","User":"LUNARSTIIINESS\\tim.smith_admin","EventReceivedTime":1687288302,"SourceModuleName":"in_sysmon","SourceModuleType":"im_msvistalog"}
<14>Jun 20 19:11:43 win-server.lunarstiiiness.com Microsoft-Windows-Sysmon[2212]: {"EventTime":1687288302,"Hostname":"win-server.lunarstiiiness.com","Keywords":-9223372036854775808,"EventType":"INFO","SeverityValue":2,"Severity":"INFO","EventID":22,"SourceName":"Microsoft-Windows-Sysmon","ProviderGuid":"{5770385F-C22A-43E0-BF4C-06F5698FFBD9}","Version":5,"Task":22,"OpcodeValue":0,"RecordNumber":2200745,"ProcessID":2212,"ThreadID":2992,"Channel":"Microsoft-Windows-Sysmon/Operational","Domain":"NT AUTHORITY","AccountName":"SYSTEM","UserID":"S-1-5-18","AccountType":"User","Message":"Dns query:\r\nRuleName: -\r\nUtcTime: 2023-06-20 19:11:41.455\r\nProcessGuid: {BE59402F-B8EE-6491-D10D-000000002400}\r\nProcessId: 1160\r\nQueryName: brand-messenger.app.khoros.com\r\nQueryStatus: 0\r\nQueryResults: 2600:9000:2507:9400:11:94f3:7d40:93a1;2600:9000:2507:c000:11:94f3:7d40:93a1;2600:9000:2507:6400:11:94f3:7d40:93a1;2600:9000:2507:f600:11:94f3:7d40:93a1;2600:9000:2507:fa00:11:94f3:7d40:93a1;2600:9000:2507:e200:11:94f3:7d40:93a1;2600:9000:2507:a800:11:94f3:7d40:93a1;2600:9000:2507:a00:11:94f3:7d40:93a1;\r\nImage: C:\\Program Files\\Mozilla Firefox\\firefox.exe\r\nUser: LUNARSTIIINESS\\tim.smith_admin","Category":"Dns query (rule: DnsQuery)","Opcode":"Info","RuleName":"-","UtcTime":"2023-06-20 19:11:41.455","ProcessGuid":"{BE59402F-B8EE-6491-D10D-000000002400}","QueryName":"brand-messenger.app.khoros.com","QueryStatus":"0","QueryResults":"2600:9000:2507:9400:11:94f3:7d40:93a1;2600:9000:2507:c000:11:94f3:7d40:93a1;2600:9000:2507:6400:11:94f3:7d40:93a1;2600:9000:2507:f600:11:94f3:7d40:93a1;2600:9000:2507:fa00:11:94f3:7d40:93a1;2600:9000:2507:e200:11:94f3:7d40:93a1;2600:9000:2507:a800:11:94f3:7d40:93a1;2600:9000:2507:a00:11:94f3:7d40:93a1;","Image":"C:\\Program Files\\Mozilla Firefox\\firefox.exe","User":"LUNARSTIIINESS\\tim.smith_admin","EventReceivedTime":1687288303,"SourceModuleName":"in_sysmon","SourceModuleType":"im_msvistalog"}
<14>Jun 20 19:11:42 win-server.lunarstiiiness.com Microsoft-Windows-Sysmon[2212]: {"EventTime":1687288301,"Hostname":"win-server.lunarstiiiness.com","Keywords":-9223372036854775808,"EventType":"INFO","SeverityValue":2,"Severity":"INFO","EventID":22,"SourceName":"Microsoft-Windows-Sysmon","ProviderGuid":"{5770385F-C22A-43E0-BF4C-06F5698FFBD9}","Version":5,"Task":22,"OpcodeValue":0,"RecordNumber":2200735,"ProcessID":2212,"ThreadID":2992,"Channel":"Microsoft-Windows-Sysmon/Operational","Domain":"NT AUTHORITY","AccountName":"SYSTEM","UserID":"S-1-5-18","AccountType":"User","Message":"Dns query:\r\nRuleName: -\r\nUtcTime: 2023-06-20 19:11:41.455\r\nProcessGuid: {BE59402F-B8EE-6491-D10D-000000002400}\r\nProcessId: 1160\r\nQueryName: brand-messenger.app.khoros.com\r\nQueryStatus: 0\r\nQueryResults: 18.154.185.113;18.154.185.78;18.154.185.121;18.154.185.76;\r\nImage: C:\\Program Files\\Mozilla Firefox\\firefox.exe\r\nUser: LUNARSTIIINESS\\tim.smith_admin","Category":"Dns query (rule: DnsQuery)","Opcode":"Info","RuleName":"-","UtcTime":"2023-06-20 19:11:41.455","ProcessGuid":"{BE59402F-B8EE-6491-D10D-000000002400}","QueryName":"brand-messenger.app.khoros.com","QueryStatus":"0","QueryResults":"18.154.185.113;18.154.185.78;18.154.185.121;18.154.185.76;","Image":"C:\\Program Files\\Mozilla Firefox\\firefox.exe","User":"LUNARSTIIINESS\\tim.smith_admin","EventReceivedTime":1687288302,"SourceModuleName":"in_sysmon","SourceModuleType":"im_msvistalog"}
<14>Jun 20 19:11:42 win-server.lunarstiiiness.com Microsoft-Windows-Sysmon[2212]: {"EventTime":1687288302,"Hostname":"win-server.lunarstiiiness.com","Keywords":-9223372036854775808,"EventType":"INFO","SeverityValue":2,"Severity":"INFO","EventID":12,"SourceName":"Microsoft-Windows-Sysmon","ProviderGuid":"{5770385F-C22A-43E0-BF4C-06F5698FFBD9}","Version":2,"Task":12,"OpcodeValue":0,"RecordNumber":2200742,"ProcessID":2212,"ThreadID":2972,"Channel":"Microsoft-Windows-Sysmon/Operational","Domain":"NT AUTHORITY","AccountName":"SYSTEM","UserID":"S-1-5-18","AccountType":"User","Message":"Registry object added or deleted:\r\nRuleName: technique_id=T1553.004,technique_name=Install Root Certificate\r\nEventType: CreateKey\r\nUtcTime: 2023-06-20 19:11:42.019\r\nProcessGuid: {BE59402F-B8EE-6491-D10D-000000002400}\r\nProcessId: 1160\r\nImage: C:\\Program Files\\Mozilla Firefox\\firefox.exe\r\nTargetObject: HKU\\S-1-5-21-3263964631-4121654051-1417071188-1116\\SOFTWARE\\Microsoft\\SystemCertificates\\CA\\Certificates\r\nUser: LUNARSTIIINESS\\tim.smith_admin","Category":"Registry object added or deleted (rule: RegistryEvent)","Opcode":"Info","RuleName":"technique_id=T1553.004,technique_name=Install Root Certificate","UtcTime":"2023-06-20 19:11:42.019","ProcessGuid":"{BE59402F-B8EE-6491-D10D-000000002400}","Image":"C:\\Program Files\\Mozilla Firefox\\firefox.exe","TargetObject":"HKU\\S-1-5-21-3263964631-4121654051-1417071188-1116\\SOFTWARE\\Microsoft\\SystemCertificates\\CA\\Certificates","User":"LUNARSTIIINESS\\tim.smith_admin","EventReceivedTime":1687288302,"SourceModuleName":"in_sysmon","SourceModuleType":"im_msvistalog"}
<14>Jun 20 19:11:42 win-server.lunarstiiiness.com Microsoft-Windows-Sysmon[2212]: {"EventTime":1687288302,"Hostname":"win-server.lunarstiiiness.com","Keywords":-9223372036854775808,"EventType":"INFO","SeverityValue":2,"Severity":"INFO","EventID":12,"SourceName":"Microsoft-Windows-Sysmon","ProviderGuid":"{5770385F-C22A-43E0-BF4C-06F5698FFBD9}","Version":2,"Task":12,"OpcodeValue":0,"RecordNumber":2200743,"ProcessID":2212,"ThreadID":2972,"Channel":"Microsoft-Windows-Sysmon/Operational","Domain":"NT AUTHORITY","AccountName":"SYSTEM","UserID":"S-1-5-18","AccountType":"User","Message":"Registry object added or deleted:\r\nRuleName: technique_id=T1553.004,technique_name=Install Root Certificate\r\nEventType: CreateKey\r\nUtcTime: 2023-06-20 19:11:42.023\r\nProcessGuid: {BE59402F-B8EE-6491-D10D-000000002400}\r\nProcessId: 1160\r\nImage: C:\\Program Files\\Mozilla Firefox\\firefox.exe\r\nTargetObject: HKU\\S-1-5-21-3263964631-4121654051-1417071188-1116\\SOFTWARE\\Microsoft\\SystemCertificates\\Root\\Certificates\r\nUser: LUNARSTIIINESS\\tim.smith_admin","Category":"Registry object added or deleted (rule: RegistryEvent)","Opcode":"Info","RuleName":"technique_id=T1553.004,technique_name=Install Root Certificate","UtcTime":"2023-06-20 19:11:42.023","ProcessGuid":"{BE59402F-B8EE-6491-D10D-000000002400}","Image":"C:\\Program Files\\Mozilla Firefox\\firefox.exe","TargetObject":"HKU\\S-1-5-21-3263964631-4121654051-1417071188-1116\\SOFTWARE\\Microsoft\\SystemCertificates\\Root\\Certificates","User":"LUNARSTIIINESS\\tim.smith_admin","EventReceivedTime":1687288302,"SourceModuleName":"in_sysmon","SourceModuleType":"im_msvistalog"}
<14>Jun 20 19:11:42 win-server.lunarstiiiness.com Microsoft-Windows-Sysmon[2212]: {"EventTime":1687288302,"Hostname":"win-server.lunarstiiiness.com","Keywords":-9223372036854775808,"EventType":"INFO","SeverityValue":2,"Severity":"INFO","EventID":7,"SourceName":"Microsoft-Windows-Sysmon","ProviderGuid":"{5770385F-C22A-43E0-BF4C-06F5698FFBD9}","Version":3,"Task":7,"OpcodeValue":0,"RecordNumber":2200744,"ProcessID":2212,"ThreadID":2972,"Channel":"Microsoft-Windows-Sysmon/Operational","Domain":"NT AUTHORITY","AccountName":"SYSTEM","UserID":"S-1-5-18","AccountType":"User","Message":"Image loaded:\r\nRuleName: -\r\nUtcTime: 2023-06-20 19:11:42.086\r\nProcessGuid: {BE59402F-B8EE-6491-D10D-000000002400}\r\nProcessId: 1160\r\nImage: C:\\Program Files\\Mozilla Firefox\\firefox.exe\r\nImageLoaded: C:\\Windows\\System32\\urlmon.dll\r\nFileVersion: 11.00.14393.5980 (rs1_release.230508-1729)\r\nDescription: OLE32 Extensions for Win32\r\nProduct: Internet Explorer\r\nCompany: Microsoft Corporation\r\nOriginalFileName: UrlMon.dll\r\nHashes: SHA1=B85E33077EBECEB824C738EC5AB3971330015487,MD5=4A855C73AA289D70314CB0A7CE54982C,SHA256=0E7E8B967CFBF187D562686C78FDC989FD220397B1429FC15C2A8BFA8FCA30A8,IMPHASH=974542EAFAB3E045794F91EF3F4880AC\r\nSigned: true\r\nSignature: Microsoft Windows\r\nSignatureStatus: Valid\r\nUser: LUNARSTIIINESS\\tim.smith_admin","Category":"Image loaded (rule: ImageLoad)","Opcode":"Info","RuleName":"-","UtcTime":"2023-06-20 19:11:42.086","ProcessGuid":"{BE59402F-B8EE-6491-D10D-000000002400}","Image":"C:\\Program Files\\Mozilla Firefox\\firefox.exe","ImageLoaded":"C:\\Windows\\System32\\urlmon.dll","FileVersion":"11.00.14393.5980 (rs1_release.230508-1729)","Description":"OLE32 Extensions for Win32","Product":"Internet Explorer","Company":"Microsoft Corporation","OriginalFileName":"UrlMon.dll","Hashes":"SHA1=B85E33077EBECEB824C738EC5AB3971330015487,MD5=4A855C73AA289D70314CB0A7CE54982C,SHA256=0E7E8B967CFBF187D562686C78FDC989FD220397B1429FC15C2A8BFA8FCA30A8,IMPHASH=974542EAFAB3E045794F91EF3F4880AC","Signed":"true","Signature":"Microsoft Windows","SignatureStatus":"Valid","User":"LUNARSTIIINESS\\tim.smith_admin","EventReceivedTime":1687288302,"SourceModuleName":"in_sysmon","SourceModuleType":"im_msvistalog"}
<14>Jun 20 19:11:43 win-server.lunarstiiiness.com Microsoft-Windows-Sysmon[2212]: {"EventTime":1687288302,"Hostname":"win-server.lunarstiiiness.com","Keywords":-9223372036854775808,"EventType":"INFO","SeverityValue":2,"Severity":"INFO","EventID":15,"SourceName":"Microsoft-Windows-Sysmon","ProviderGuid":"{5770385F-C22A-43E0-BF4C-06F5698FFBD9}","Version":2,"Task":15,"OpcodeValue":0,"RecordNumber":2200746,"ProcessID":2212,"ThreadID":2972,"Channel":"Microsoft-Windows-Sysmon/Operational","Domain":"NT AUTHORITY","AccountName":"SYSTEM","UserID":"S-1-5-18","AccountType":"User","Message":"File stream created:\r\nRuleName: -\r\nUtcTime: 2023-06-20 19:11:42.089\r\nProcessGuid: {BE59402F-B8EE-6491-D10D-000000002400}\r\nProcessId: 1160\r\nImage: C:\\Program Files\\Mozilla Firefox\\firefox.exe\r\nTargetFilename: C:\\Users\\tim.smith_admin\\Downloads\\LogMeInRescueTechnicianConsoleApp.msi\r\nCreationUtcTime: 2023-06-20 19:11:41.175\r\nHash: SHA1=09EC12E92850AB839C289A2F2CB3AA11D22DD47F,MD5=D4C5E0F002068376FF7C3CCF4B5C808D,SHA256=D3D153C9A740964A63A25642ABBB43449E86087655247F555DABDA911D87BA5B,IMPHASH=00000000000000000000000000000000\r\nContents: -\r\nUser: LUNARSTIIINESS\\tim.smith_admin","Category":"File stream created (rule: FileCreateStreamHash)","Opcode":"Info","RuleName":"-","UtcTime":"2023-06-20 19:11:42.089","ProcessGuid":"{BE59402F-B8EE-6491-D10D-000000002400}","Image":"C:\\Program Files\\Mozilla Firefox\\firefox.exe","TargetFilename":"C:\\Users\\tim.smith_admin\\Downloads\\LogMeInRescueTechnicianConsoleApp.msi","CreationUtcTime":"2023-06-20 19:11:41.175","Hash":"SHA1=09EC12E92850AB839C289A2F2CB3AA11D22DD47F,MD5=D4C5E0F002068376FF7C3CCF4B5C808D,SHA256=D3D153C9A740964A63A25642ABBB43449E86087655247F555DABDA911D87BA5B,IMPHASH=00000000000000000000000000000000","Contents":"-","User":"LUNARSTIIINESS\\tim.smith_admin","EventReceivedTime":1687288303,"SourceModuleName":"in_sysmon","SourceModuleType":"im_msvistalog"}
<14>Jun 20 19:11:43 win-server.lunarstiiiness.com Microsoft-Windows-Sysmon[2212]: {"EventTime":1687288302,"Hostname":"win-server.lunarstiiiness.com","Keywords":-9223372036854775808,"EventType":"INFO","SeverityValue":2,"Severity":"INFO","EventID":15,"SourceName":"Microsoft-Windows-Sysmon","ProviderGuid":"{5770385F-C22A-43E0-BF4C-06F5698FFBD9}","Version":2,"Task":15,"OpcodeValue":0,"RecordNumber":2200748,"ProcessID":2212,"ThreadID":2972,"Channel":"Microsoft-Windows-Sysmon/Operational","Domain":"NT AUTHORITY","AccountName":"SYSTEM","UserID":"S-1-5-18","AccountType":"User","Message":"File stream created:\r\nRuleName: technique_id=T1189,technique_name=Drive-by Compromise\r\nUtcTime: 2023-06-20 19:11:42.293\r\nProcessGuid: {BE59402F-B8EE-6491-D10D-000000002400}\r\nProcessId: 1160\r\nImage: C:\\Program Files\\Mozilla Firefox\\firefox.exe\r\nTargetFilename: C:\\Users\\tim.smith_admin\\Downloads\\LogMeInRescueTechnicianConsoleApp.msi:Zone.Identifier\r\nCreationUtcTime: 2023-06-20 19:11:41.175\r\nHash: SHA1=16528210893E109DB4CE2CC2A4463F0356B8E659,MD5=929E9A3AC38B7CCF54570723F262820C,SHA256=0824E420105E8FC949FC229CB94C083305CDA123C13C1AD55083C7477AF13D2B,IMPHASH=00000000000000000000000000000000\r\nContents: [ZoneTransfer]  ZoneId=3  ReferrerUrl=https://secure.logmeinrescue.com/TechnicianConsole/Launch  HostUrl=https://secure.logmeinrescue.com/TechConsole/DesktopApp/Download.aspx  \r\nUser: LUNARSTIIINESS\\tim.smith_admin","Category":"File stream created (rule: FileCreateStreamHash)","Opcode":"Info","RuleName":"technique_id=T1189,technique_name=Drive-by Compromise","UtcTime":"2023-06-20 19:11:42.293","ProcessGuid":"{BE59402F-B8EE-6491-D10D-000000002400}","Image":"C:\\Program Files\\Mozilla Firefox\\firefox.exe","TargetFilename":"C:\\Users\\tim.smith_admin\\Downloads\\LogMeInRescueTechnicianConsoleApp.msi:Zone.Identifier","CreationUtcTime":"2023-06-20 19:11:41.175","Hash":"SHA1=16528210893E109DB4CE2CC2A4463F0356B8E659,MD5=929E9A3AC38B7CCF54570723F262820C,SHA256=0824E420105E8FC949FC229CB94C083305CDA123C13C1AD55083C7477AF13D2B,IMPHASH=00000000000000000000000000000000","Contents":"[ZoneTransfer]  ZoneId=3  ReferrerUrl=https://secure.logmeinrescue.com/TechnicianConsole/Launch  HostUrl=https://secure.logmeinrescue.com/TechConsole/DesktopApp/Download.aspx  ","User":"LUNARSTIIINESS\\tim.smith_admin","EventReceivedTime":1687288303,"SourceModuleName":"in_sysmon","SourceModuleType":"im_msvistalog"}
<14>Jun 20 19:11:43 win-server.lunarstiiiness.com Microsoft-Windows-Sysmon[2212]: {"EventTime":1687288302,"Hostname":"win-server.lunarstiiiness.com","Keywords":-9223372036854775808,"EventType":"INFO","SeverityValue":2,"Severity":"INFO","EventID":13,"SourceName":"Microsoft-Windows-Sysmon","ProviderGuid":"{5770385F-C22A-43E0-BF4C-06F5698FFBD9}","Version":2,"Task":13,"OpcodeValue":0,"RecordNumber":2200749,"ProcessID":2212,"ThreadID":2972,"Channel":"Microsoft-Windows-Sysmon/Operational","Domain":"NT AUTHORITY","AccountName":"SYSTEM","UserID":"S-1-5-18","AccountType":"User","Message":"Registry value set:\r\nRuleName: technique_id=T1546.001,technique_name=Change Default File Association\r\nEventType: SetValue\r\nUtcTime: 2023-06-20 19:11:42.297\r\nProcessGuid: {BE59402F-1816-648B-9907-000000002400}\r\nProcessId: 1920\r\nImage: C:\\Windows\\Explorer.EXE\r\nTargetObject: HKU\\S-1-5-21-3263964631-4121654051-1417071188-1116\\SOFTWARE\\Microsoft\\Windows\\CurrentVersion\\Explorer\\FileExts\\.msi\\OpenWithList\\a\r\nDetails: firefox.exe\r\nUser: LUNARSTIIINESS\\tim.smith_admin","Category":"Registry value set (rule: RegistryEvent)","Opcode":"Info","RuleName":"technique_id=T1546.001,technique_name=Change Default File Association","UtcTime":"2023-06-20 19:11:42.297","ProcessGuid":"{BE59402F-1816-648B-9907-000000002400}","Image":"C:\\Windows\\Explorer.EXE","TargetObject":"HKU\\S-1-5-21-3263964631-4121654051-1417071188-1116\\SOFTWARE\\Microsoft\\Windows\\CurrentVersion\\Explorer\\FileExts\\.msi\\OpenWithList\\a","Details":"firefox.exe","User":"LUNARSTIIINESS\\tim.smith_admin","EventReceivedTime":1687288303,"SourceModuleName":"in_sysmon","SourceModuleType":"im_msvistalog"}
<14>Jun 20 19:11:46 win-server.lunarstiiiness.com Microsoft-Windows-Sysmon[2212]: {"EventTime":1687288305,"Hostname":"win-server.lunarstiiiness.com","Keywords":-9223372036854775808,"EventType":"INFO","SeverityValue":2,"Severity":"INFO","EventID":23,"SourceName":"Microsoft-Windows-Sysmon","ProviderGuid":"{5770385F-C22A-43E0-BF4C-06F5698FFBD9}","Version":5,"Task":23,"OpcodeValue":0,"RecordNumber":2200750,"ProcessID":2212,"ThreadID":2972,"Channel":"Microsoft-Windows-Sysmon/Operational","Domain":"NT AUTHORITY","AccountName":"SYSTEM","UserID":"S-1-5-18","AccountType":"User","Message":"File Delete archived:\r\nRuleName: -\r\nUtcTime: 2023-06-20 19:11:45.597\r\nProcessGuid: {BE59402F-B8EE-6491-D10D-000000002400}\r\nProcessId: 1160\r\nUser: LUNARSTIIINESS\\tim.smith_admin\r\nImage: C:\\Program Files\\Mozilla Firefox\\firefox.exe\r\nTargetFilename: C:\\Users\\tim.smith_admin\\AppData\\Local\\Mozilla\\Firefox\\Profiles\\a62ctjal.default-release\\cache2\\index\r\nHashes: SHA1=F97AEC974710DA064F0C7DD852463BE8AD436200,MD5=210D210083163ECD7ADA16131E8CBB75,SHA256=32A403227D2BFBB0726B502BF406D57EF1E97B9FEBC9EC5D16391357356ACB2F,IMPHASH=00000000000000000000000000000000\r\nIsExecutable: false\r\nArchived: true","Category":"File Delete archived (rule: FileDelete)","Opcode":"Info","RuleName":"-","UtcTime":"2023-06-20 19:11:45.597","ProcessGuid":"{BE59402F-B8EE-6491-D10D-000000002400}","User":"LUNARSTIIINESS\\tim.smith_admin","Image":"C:\\Program Files\\Mozilla Firefox\\firefox.exe","TargetFilename":"C:\\Users\\tim.smith_admin\\AppData\\Local\\Mozilla\\Firefox\\Profiles\\a62ctjal.default-release\\cache2\\index","Hashes":"SHA1=F97AEC974710DA064F0C7DD852463BE8AD436200,MD5=210D210083163ECD7ADA16131E8CBB75,SHA256=32A403227D2BFBB0726B502BF406D57EF1E97B9FEBC9EC5D16391357356ACB2F,IMPHASH=00000000000000000000000000000000","IsExecutable":"false","Archived":"true","EventReceivedTime":1687288306,"SourceModuleName":"in_sysmon","SourceModuleType":"im_msvistalog"}
<14>Jun 20 19:11:49 win-server.lunarstiiiness.com Microsoft-Windows-Sysmon[2212]: {"EventTime":1687288308,"Hostname":"win-server.lunarstiiiness.com","Keywords":-9223372036854775808,"EventType":"INFO","SeverityValue":2,"Severity":"INFO","EventID":1,"SourceName":"Microsoft-Windows-Sysmon","ProviderGuid":"{5770385F-C22A-43E0-BF4C-06F5698FFBD9}","Version":5,"Task":1,"OpcodeValue":0,"RecordNumber":2200751,"ProcessID":2212,"ThreadID":2972,"Channel":"Microsoft-Windows-Sysmon/Operational","Domain":"NT AUTHORITY","AccountName":"SYSTEM","UserID":"S-1-5-18","AccountType":"User","Message":"Process Create:\r\nRuleName: technique_id=T1204,technique_name=User Execution\r\nUtcTime: 2023-06-20 19:11:48.897\r\nProcessGuid: {BE59402F-BAAC-6491-E90D-000000002400}\r\nProcessId: 6072\r\nImage: C:\\Windows\\System32\\msiexec.exe\r\nFileVersion: 5.0.14393.5648 (rs1_release.230105-1654)\r\nDescription: Windows® installer\r\nProduct: Windows Installer - Unicode\r\nCompany: Microsoft Corporation\r\nOriginalFileName: msiexec.exe\r\nCommandLine: \"C:\\Windows\\System32\\msiexec.exe\" /i \"C:\\Users\\tim.smith_admin\\Downloads\\LogMeInRescueTechnicianConsoleApp.msi\" \r\nCurrentDirectory: C:\\Users\\tim.smith_admin\\Downloads\\\r\nUser: LUNARSTIIINESS\\tim.smith_admin\r\nLogonGuid: {BE59402F-1813-648B-63D4-E10500000000}\r\nLogonId: 0x5E1D463\r\nTerminalSessionId: 2\r\nIntegrityLevel: Medium\r\nHashes: SHA1=11088860F406F34F3CE30476F70CF36DE01D42B6,MD5=9D709253D0D3EF4CBB4CF7BC10276AC7,SHA256=B2BE692D9794337588A16DB43A09371F3D18154E98171856CD4B739998C4D291,IMPHASH=C96E4BCFCDB1BA383604F04AB3452B2F\r\nParentProcessGuid: {BE59402F-1816-648B-9907-000000002400}\r\nParentProcessId: 1920\r\nParentImage: C:\\Windows\\explorer.exe\r\nParentCommandLine: C:\\Windows\\Explorer.EXE\r\nParentUser: LUNARSTIIINESS\\tim.smith_admin","Category":"Process Create (rule: ProcessCreate)","Opcode":"Info","RuleName":"technique_id=T1204,technique_name=User Execution","UtcTime":"2023-06-20 19:11:48.897","ProcessGuid":"{BE59402F-BAAC-6491-E90D-000000002400}","Image":"C:\\Windows\\System32\\msiexec.exe","FileVersion":"5.0.14393.5648 (rs1_release.230105-1654)","Description":"Windows® installer","Product":"Windows Installer - Unicode","Company":"Microsoft Corporation","OriginalFileName":"msiexec.exe","CommandLine":"\"C:\\Windows\\System32\\msiexec.exe\" /i \"C:\\Users\\tim.smith_admin\\Downloads\\LogMeInRescueTechnicianConsoleApp.msi\" ","CurrentDirectory":"C:\\Users\\tim.smith_admin\\Downloads\\","User":"LUNARSTIIINESS\\tim.smith_admin","LogonGuid":"{BE59402F-1813-648B-63D4-E10500000000}","LogonId":"0x5e1d463","TerminalSessionId":"2","IntegrityLevel":"Medium","Hashes":"SHA1=11088860F406F34F3CE30476F70CF36DE01D42B6,MD5=9D709253D0D3EF4CBB4CF7BC10276AC7,SHA256=B2BE692D9794337588A16DB43A09371F3D18154E98171856CD4B739998C4D291,IMPHASH=C96E4BCFCDB1BA383604F04AB3452B2F","ParentProcessGuid":"{BE59402F-1816-648B-9907-000000002400}","ParentProcessId":"1920","ParentImage":"C:\\Windows\\explorer.exe","ParentCommandLine":"C:\\Windows\\Explorer.EXE","ParentUser":"LUNARSTIIINESS\\tim.smith_admin","EventReceivedTime":1687288309,"SourceModuleName":"in_sysmon","SourceModuleType":"im_msvistalog"}
<14>Jun 20 19:11:49 win-server.lunarstiiiness.com Microsoft-Windows-Sysmon[2212]: {"EventTime":1687288309,"Hostname":"win-server.lunarstiiiness.com","Keywords":-9223372036854775808,"EventType":"INFO","SeverityValue":2,"Severity":"INFO","EventID":12,"SourceName":"Microsoft-Windows-Sysmon","ProviderGuid":"{5770385F-C22A-43E0-BF4C-06F5698FFBD9}","Version":2,"Task":12,"OpcodeValue":0,"RecordNumber":2200752,"ProcessID":2212,"ThreadID":2972,"Channel":"Microsoft-Windows-Sysmon/Operational","Domain":"NT AUTHORITY","AccountName":"SYSTEM","UserID":"S-1-5-18","AccountType":"User","Message":"Registry object added or deleted:\r\nRuleName: technique_id=T1553.004,technique_name=Install Root Certificate\r\nEventType: CreateKey\r\nUtcTime: 2023-06-20 19:11:49.164\r\nProcessGuid: {BE59402F-BAAC-6491-E90D-000000002400}\r\nProcessId: 6072\r\nImage: C:\\Windows\\System32\\msiexec.exe\r\nTargetObject: HKU\\S-1-5-21-3263964631-4121654051-1417071188-1116\\SOFTWARE\\Microsoft\\SystemCertificates\\CA\\Certificates\r\nUser: LUNARSTIIINESS\\tim.smith_admin","Category":"Registry object added or deleted (rule: RegistryEvent)","Opcode":"Info","RuleName":"technique_id=T1553.004,technique_name=Install Root Certificate","UtcTime":"2023-06-20 19:11:49.164","ProcessGuid":"{BE59402F-BAAC-6491-E90D-000000002400}","Image":"C:\\Windows\\System32\\msiexec.exe","TargetObject":"HKU\\S-1-5-21-3263964631-4121654051-1417071188-1116\\SOFTWARE\\Microsoft\\SystemCertificates\\CA\\Certificates","User":"LUNARSTIIINESS\\tim.smith_admin","EventReceivedTime":1687288309,"SourceModuleName":"in_sysmon","SourceModuleType":"im_msvistalog"}
<14>Jun 20 19:11:49 win-server.lunarstiiiness.com Microsoft-Windows-Sysmon[2212]: {"EventTime":1687288309,"Hostname":"win-server.lunarstiiiness.com","Keywords":-9223372036854775808,"EventType":"INFO","SeverityValue":2,"Severity":"INFO","EventID":12,"SourceName":"Microsoft-Windows-Sysmon","ProviderGuid":"{5770385F-C22A-43E0-BF4C-06F5698FFBD9}","Version":2,"Task":12,"OpcodeValue":0,"RecordNumber":2200753,"ProcessID":2212,"ThreadID":2972,"Channel":"Microsoft-Windows-Sysmon/Operational","Domain":"NT AUTHORITY","AccountName":"SYSTEM","UserID":"S-1-5-18","AccountType":"User","Message":"Registry object added or deleted:\r\nRuleName: technique_id=T1553.004,technique_name=Install Root Certificate\r\nEventType: CreateKey\r\nUtcTime: 2023-06-20 19:11:49.168\r\nProcessGuid: {BE59402F-BAAC-6491-E90D-000000002400}\r\nProcessId: 6072\r\nImage: C:\\Windows\\System32\\msiexec.exe\r\nTargetObject: HKU\\S-1-5-21-3263964631-4121654051-1417071188-1116\\SOFTWARE\\Microsoft\\SystemCertificates\\Root\\Certificates\r\nUser: LUNARSTIIINESS\\tim.smith_admin","Category":"Registry object added or deleted (rule: RegistryEvent)","Opcode":"Info","RuleName":"technique_id=T1553.004,technique_name=Install Root Certificate","UtcTime":"2023-06-20 19:11:49.168","ProcessGuid":"{BE59402F-BAAC-6491-E90D-000000002400}","Image":"C:\\Windows\\System32\\msiexec.exe","TargetObject":"HKU\\S-1-5-21-3263964631-4121654051-1417071188-1116\\SOFTWARE\\Microsoft\\SystemCertificates\\Root\\Certificates","User":"LUNARSTIIINESS\\tim.smith_admin","EventReceivedTime":1687288309,"SourceModuleName":"in_sysmon","SourceModuleType":"im_msvistalog"}
