<14>Jun 20 19:12:04 win-server.lunarstiiiness.com Microsoft-Windows-Sysmon[2212]: {"EventTime":1687288322,"Hostname":"win-server.lunarstiiiness.com","Keywords":-9223372036854775808,"EventType":"INFO","SeverityValue":2,"Severity":"INFO","EventID":23,"SourceName":"Microsoft-Windows-Sysmon","ProviderGuid":"{5770385F-C22A-43E0-BF4C-06F5698FFBD9}","Version":5,"Task":23,"OpcodeValue":0,"RecordNumber":2200834,"ProcessID":2212,"ThreadID":2972,"Channel":"Microsoft-Windows-Sysmon/Operational","Domain":"NT AUTHORITY","AccountName":"SYSTEM","UserID":"S-1-5-18","AccountType":"User","Message":"File Delete archived:\r\nRuleName: -\r\nUtcTime: 2023-06-20 19:12:02.990\r\nProcessGuid: {BE59402F-BAAD-6491-EA0D-000000002400}\r\nProcessId: 2800\r\nUser: NT AUTHORITY\\SYSTEM\r\nImage: C:\\Windows\\system32\\msiexec.exe\r\nTargetFilename: C:\\Windows\\Installer\\MSI2DC8.tmp\r\nHashes: SHA1=4E75BBB5238F479A8B5E82190C74CB9AF98C2BBA,MD5=DD2F3228CB297FBE1601FB87794A80E2,SHA256=F56005207C1D951B4F0131C2E0526BCB68EBF17B53FCDAE8E4168D6287D9DACC,IMPHASH=C49E3B8B3250CE5843BE9CFA03C540BB\r\nIsExecutable: true\r\nArchived: true","Category":"File Delete archived (rule: FileDelete)","Opcode":"Info","RuleName":"-","UtcTime":"2023-06-20 19:12:02.990","ProcessGuid":"{BE59402F-BAAD-6491-EA0D-000000002400}","User":"NT AUTHORITY\\SYSTEM","Image":"C:\\Windows\\system32\\msiexec.exe","TargetFilename":"C:\\Windows\\Installer\\MSI2DC8.tmp","Hashes":"SHA1=4E75BBB5238F479A8B5E82190C74CB9AF98C2BBA,MD5=DD2F3228CB297FBE1601FB87794A80E2,SHA256=F56005207C1D951B4F0131C2E0526BCB68EBF17B53FCDAE8E4168D6287D9DACC,IMPHASH=C49E3B8B3250CE5843BE9CFA03C540BB","IsExecutable":"true","Archived":"true","EventReceivedTime":1687288324,"SourceModuleName":"in_sysmon","SourceModuleType":"im_msvistalog"}
<14>Jun 20 19:12:05 win-server.lunarstiiiness.com Microsoft-Windows-Sysmon[2212]: {"EventTime":1687288323,"Hostname":"win-server.lunarstiiiness.com","Keywords":-9223372036854775808,"EventType":"INFO","SeverityValue":2,"Severity":"INFO","EventID":23,"SourceName":"Microsoft-Windows-Sysmon","ProviderGuid":"{5770385F-C22A-43E0-BF4C-06F5698FFBD9}","Version":5,"Task":23,"OpcodeValue":0,"RecordNumber":2200850,"ProcessID":2212,"ThreadID":2972,"Channel":"Microsoft-Windows-Sysmon/Operational","Domain":"NT AUTHORITY","AccountName":"SYSTEM","UserID":"S-1-5-18","AccountType":"User","Message":"File Delete archived:\r\nRuleName: -\r\nUtcTime: 2023-06-20 19:12:03.300\r\nProcessGuid: {BE59402F-BAAD-6491-EA0D-000000002400}\r\nProcessId: 2800\r\nUser: NT AUTHORITY\\SYSTEM\r\nImage: C:\\Windows\\system32\\msiexec.exe\r\nTargetFilename: C:\\Windows\\Installer\\MSI25D0.tmp\r\nHashes: SHA1=566CECE44AD820CDA59C1BF59D611AFCA90011B0,MD5=E65BFA2548B3FF896458B5E1AE2FE7F2,SHA256=9D5165480CFCE8556F93384C0B89D8ED5908C96995F82BD408160771E58FDEEA,IMPHASH=00000000000000000000000000000000\r\nIsExecutable: false\r\nArchived: true","Category":"File Delete archived (rule: FileDelete)","Opcode":"Info","RuleName":"-","UtcTime":"2023-06-20 19:12:03.300","ProcessGuid":"{BE59402F-BAAD-6491-EA0D-000000002400}","User":"NT AUTHORITY\\SYSTEM","Image":"C:\\Windows\\system32\\msiexec.exe","TargetFilename":"C:\\Windows\\Installer\\MSI25D0.tmp","Hashes":"SHA1=566CECE44AD820CDA59C1BF59D611AFCA90011B0,MD5=E65BFA2548B3FF896458B5E1AE2FE7F2,SHA256=9D5165480CFCE8556F93384C0B89D8ED5908C96995F82BD408160771E58FDEEA,IMPHASH=00000000000000000000000000000000","IsExecutable":"false","Archived":"true","EventReceivedTime":1687288325,"SourceModuleName":"in_sysmon","SourceModuleType":"im_msvistalog"}
<14>Jun 20 19:12:05 win-server.lunarstiiiness.com Microsoft-Windows-Sysmon[2212]: {"EventTime":1687288323,"Hostname":"win-server.lunarstiiiness.com","Keywords":-9223372036854775808,"EventType":"INFO","SeverityValue":2,"Severity":"INFO","EventID":23,"SourceName":"Microsoft-Windows-Sysmon","ProviderGuid":"{5770385F-C22A-43E0-BF4C-06F5698FFBD9}","Version":5,"Task":23,"OpcodeValue":0,"RecordNumber":2200853,"ProcessID":2212,"ThreadID":2972,"Channel":"Microsoft-Windows-Sysmon/Operational","Domain":"NT AUTHORITY","AccountName":"SYSTEM","UserID":"S-1-5-18","AccountType":"User","Message":"File Delete archived:\r\nRuleName: -\r\nUtcTime: 2023-06-20 19:12:03.308\r\nProcessGuid: {BE59402F-BAAD-6491-EA0D-000000002400}\r\nProcessId: 2800\r\nUser: NT AUTHORITY\\SYSTEM\r\nImage: C:\\Windows\\system32\\msiexec.exe\r\nTargetFilename: C:\\temp\\~DFAE30D7BCE1F57E6A.TMP\r\nHashes: SHA1=843CE942EC616056B47F5AE1011B4944C732B0F0,MD5=A82AFDE950E556607D28F839F4B184A2,SHA256=173A8CAD9EB4A0E5FB1DB4FDA1B0722DF1A3254472B8BBEEE207376098C6E1D8,IMPHASH=00000000000000000000000000000000\r\nIsExecutable: false\r\nArchived: true","Category":"File Delete archived (rule: FileDelete)","Opcode":"Info","RuleName":"-","UtcTime":"2023-06-20 19:12:03.308","ProcessGuid":"{BE59402F-BAAD-6491-EA0D-000000002400}","User":"NT AUTHORITY\\SYSTEM","Image":"C:\\Windows\\system32\\msiexec.exe","TargetFilename":"C:\\temp\\~DFAE30D7BCE1F57E6A.TMP","Hashes":"SHA1=843CE942EC616056B47F5AE1011B4944C732B0F0,MD5=A82AFDE950E556607D28F839F4B184A2,SHA256=173A8CAD9EB4A0E5FB1DB4FDA1B0722DF1A3254472B8BBEEE207376098C6E1D8,IMPHASH=00000000000000000000000000000000","IsExecutable":"false","Archived":"true","EventReceivedTime":1687288325,"SourceModuleName":"in_sysmon","SourceModuleType":"im_msvistalog"}
<14>Jun 20 19:12:05 win-server.lunarstiiiness.com Microsoft-Windows-Sysmon[2212]: {"EventTime":1687288323,"Hostname":"win-server.lunarstiiiness.com","Keywords":-9223372036854775808,"EventType":"INFO","SeverityValue":2,"Severity":"INFO","EventID":23,"SourceName":"Microsoft-Windows-Sysmon","ProviderGuid":"{5770385F-C22A-43E0-BF4C-06F5698FFBD9}","Version":5,"Task":23,"OpcodeValue":0,"RecordNumber":2200854,"ProcessID":2212,"ThreadID":2972,"Channel":"Microsoft-Windows-Sysmon/Operational","Domain":"NT AUTHORITY","AccountName":"SYSTEM","UserID":"S-1-5-18","AccountType":"User","Message":"File Delete archived:\r\nRuleName: -\r\nUtcTime: 2023-06-20 19:12:03.308\r\nProcessGuid: {BE59402F-BAAD-6491-EA0D-000000002400}\r\nProcessId: 2800\r\nUser: NT AUTHORITY\\SYSTEM\r\nImage: C:\\Windows\\system32\\msiexec.exe\r\nTargetFilename: C:\\temp\\~DF66F198425FB5EEA5.TMP\r\nHashes: SHA1=5C3EB80066420002BC3DCC7CA4AB6EFAD7ED4AE5,MD5=BF619EAC0CDF3F68D496EA9344137E8B,SHA256=076A27C79E5ACE2A3D47F9DD2E83E4FF6EA8872B3C2218F66C92B89B55F36560,IMPHASH=00000000000000000000000000000000\r\nIsExecutable: false\r\nArchived: false - shredded file with pattern 0x0000","Category":"File Delete archived (rule: FileDelete)","Opcode":"Info","RuleName":"-","UtcTime":"2023-06-20 19:12:03.308","ProcessGuid":"{BE59402F-BAAD-6491-EA0D-000000002400}","User":"NT AUTHORITY\\SYSTEM","Image":"C:\\Windows\\system32\\msiexec.exe","TargetFilename":"C:\\temp\\~DF66F198425FB5EEA5.TMP","Hashes":"SHA1=5C3EB80066420002BC3DCC7CA4AB6EFAD7ED4AE5,MD5=BF619EAC0CDF3F68D496EA9344137E8B,SHA256=076A27C79E5ACE2A3D47F9DD2E83E4FF6EA8872B3C2218F66C92B89B55F36560,IMPHASH=00000000000000000000000000000000","IsExecutable":"false","Archived":"false - shredded file with pattern 0x0000","EventReceivedTime":1687288325,"SourceModuleName":"in_sysmon","SourceModuleType":"im_msvistalog"}
<14>Jun 20 19:12:05 win-server.lunarstiiiness.com Microsoft-Windows-Sysmon[2212]: {"EventTime":1687288323,"Hostname":"win-server.lunarstiiiness.com","Keywords":-9223372036854775808,"EventType":"INFO","SeverityValue":2,"Severity":"INFO","EventID":23,"SourceName":"Microsoft-Windows-Sysmon","ProviderGuid":"{5770385F-C22A-43E0-BF4C-06F5698FFBD9}","Version":5,"Task":23,"OpcodeValue":0,"RecordNumber":2200858,"ProcessID":2212,"ThreadID":2972,"Channel":"Microsoft-Windows-Sysmon/Operational","Domain":"NT AUTHORITY","AccountName":"SYSTEM","UserID":"S-1-5-18","AccountType":"User","Message":"File Delete archived:\r\nRuleName: -\r\nUtcTime: 2023-06-20 19:12:03.312\r\nProcessGuid: {BE59402F-BAAD-6491-EA0D-000000002400}\r\nProcessId: 2800\r\nUser: NT AUTHORITY\\SYSTEM\r\nImage: C:\\Windows\\system32\\msiexec.exe\r\nTargetFilename: C:\\temp\\~DF27D655488F0B79D0.TMP\r\nHashes: SHA1=5C3EB80066420002BC3DCC7CA4AB6EFAD7ED4AE5,MD5=BF619EAC0CDF3F68D496EA9344137E8B,SHA256=076A27C79E5ACE2A3D47F9DD2E83E4FF6EA8872B3C2218F66C92B89B55F36560,IMPHASH=00000000000000000000000000000000\r\nIsExecutable: false\r\nArchived: false - shredded file with pattern 0x0000","Category":"File Delete archived (rule: FileDelete)","Opcode":"Info","RuleName":"-","UtcTime":"2023-06-20 19:12:03.312","ProcessGuid":"{BE59402F-BAAD-6491-EA0D-000000002400}","User":"NT AUTHORITY\\SYSTEM","Image":"C:\\Windows\\system32\\msiexec.exe","TargetFilename":"C:\\temp\\~DF27D655488F0B79D0.TMP","Hashes":"SHA1=5C3EB80066420002BC3DCC7CA4AB6EFAD7ED4AE5,MD5=BF619EAC0CDF3F68D496EA9344137E8B,SHA256=076A27C79E5ACE2A3D47F9DD2E83E4FF6EA8872B3C2218F66C92B89B55F36560,IMPHASH=00000000000000000000000000000000","IsExecutable":"false","Archived":"false - shredded file with pattern 0x0000","EventReceivedTime":1687288325,"SourceModuleName":"in_sysmon","SourceModuleType":"im_msvistalog"}
<14>Jun 20 19:12:05 win-server.lunarstiiiness.com Microsoft-Windows-Sysmon[2212]: {"EventTime":1687288323,"Hostname":"win-server.lunarstiiiness.com","Keywords":-9223372036854775808,"EventType":"INFO","SeverityValue":2,"Severity":"INFO","EventID":23,"SourceName":"Microsoft-Windows-Sysmon","ProviderGuid":"{5770385F-C22A-43E0-BF4C-06F5698FFBD9}","Version":5,"Task":23,"OpcodeValue":0,"RecordNumber":2200857,"ProcessID":2212,"ThreadID":2972,"Channel":"Microsoft-Windows-Sysmon/Operational","Domain":"NT AUTHORITY","AccountName":"SYSTEM","UserID":"S-1-5-18","AccountType":"User","Message":"File Delete archived:\r\nRuleName: -\r\nUtcTime: 2023-06-20 19:12:03.312\r\nProcessGuid: {BE59402F-BAAD-6491-EA0D-000000002400}\r\nProcessId: 2800\r\nUser: NT AUTHORITY\\SYSTEM\r\nImage: C:\\Windows\\system32\\msiexec.exe\r\nTargetFilename: C:\\temp\\~DF04037CC0308FE7C3.TMP\r\nHashes: SHA1=843CE942EC616056B47F5AE1011B4944C732B0F0,MD5=A82AFDE950E556607D28F839F4B184A2,SHA256=173A8CAD9EB4A0E5FB1DB4FDA1B0722DF1A3254472B8BBEEE207376098C6E1D8,IMPHASH=00000000000000000000000000000000\r\nIsExecutable: false\r\nArchived: true","Category":"File Delete archived (rule: FileDelete)","Opcode":"Info","RuleName":"-","UtcTime":"2023-06-20 19:12:03.312","ProcessGuid":"{BE59402F-BAAD-6491-EA0D-000000002400}","User":"NT AUTHORITY\\SYSTEM","Image":"C:\\Windows\\system32\\msiexec.exe","TargetFilename":"C:\\temp\\~DF04037CC0308FE7C3.TMP","Hashes":"SHA1=843CE942EC616056B47F5AE1011B4944C732B0F0,MD5=A82AFDE950E556607D28F839F4B184A2,SHA256=173A8CAD9EB4A0E5FB1DB4FDA1B0722DF1A3254472B8BBEEE207376098C6E1D8,IMPHASH=00000000000000000000000000000000","IsExecutable":"false","Archived":"true","EventReceivedTime":1687288325,"SourceModuleName":"in_sysmon","SourceModuleType":"im_msvistalog"}
<14>Jun 20 19:12:05 win-server.lunarstiiiness.com Microsoft-Windows-Sysmon[2212]: {"EventTime":1687288323,"Hostname":"win-server.lunarstiiiness.com","Keywords":-9223372036854775808,"EventType":"INFO","SeverityValue":2,"Severity":"INFO","EventID":23,"SourceName":"Microsoft-Windows-Sysmon","ProviderGuid":"{5770385F-C22A-43E0-BF4C-06F5698FFBD9}","Version":5,"Task":23,"OpcodeValue":0,"RecordNumber":2200859,"ProcessID":2212,"ThreadID":2972,"Channel":"Microsoft-Windows-Sysmon/Operational","Domain":"NT AUTHORITY","AccountName":"SYSTEM","UserID":"S-1-5-18","AccountType":"User","Message":"File Delete archived:\r\nRuleName: -\r\nUtcTime: 2023-06-20 19:12:03.320\r\nProcessGuid: {BE59402F-BAAD-6491-EA0D-000000002400}\r\nProcessId: 2800\r\nUser: NT AUTHORITY\\SYSTEM\r\nImage: C:\\Windows\\system32\\msiexec.exe\r\nTargetFilename: C:\\Config.Msi\\1bf519d6.rbs\r\nHashes: SHA1=C4BB365622C0EE967D7239A1DAE520DE40FA45D7,MD5=2A9CE468FE4995B5B7C8CDF0722DC393,SHA256=362B140D5A86C2B882DD41CE9D65685D82343FABBC5AEB81CD5BF2B97DF0C5AB,IMPHASH=00000000000000000000000000000000\r\nIsExecutable: false\r\nArchived: true","Category":"File Delete archived (rule: FileDelete)","Opcode":"Info","RuleName":"-","UtcTime":"2023-06-20 19:12:03.320","ProcessGuid":"{BE59402F-BAAD-6491-EA0D-000000002400}","User":"NT AUTHORITY\\SYSTEM","Image":"C:\\Windows\\system32\\msiexec.exe","TargetFilename":"C:\\Config.Msi\\1bf519d6.rbs","Hashes":"SHA1=C4BB365622C0EE967D7239A1DAE520DE40FA45D7,MD5=2A9CE468FE4995B5B7C8CDF0722DC393,SHA256=362B140D5A86C2B882DD41CE9D65685D82343FABBC5AEB81CD5BF2B97DF0C5AB,IMPHASH=00000000000000000000000000000000","IsExecutable":"false","Archived":"true","EventReceivedTime":1687288325,"SourceModuleName":"in_sysmon","SourceModuleType":"im_msvistalog"}
<14>Jun 20 19:12:05 win-server.lunarstiiiness.com Microsoft-Windows-Sysmon[2212]: {"EventTime":1687288323,"Hostname":"win-server.lunarstiiiness.com","Keywords":-9223372036854775808,"EventType":"INFO","SeverityValue":2,"Severity":"INFO","EventID":23,"SourceName":"Microsoft-Windows-Sysmon","ProviderGuid":"{5770385F-C22A-43E0-BF4C-06F5698FFBD9}","Version":5,"Task":23,"OpcodeValue":0,"RecordNumber":2200860,"ProcessID":2212,"ThreadID":2972,"Channel":"Microsoft-Windows-Sysmon/Operational","Domain":"NT AUTHORITY","AccountName":"SYSTEM","UserID":"S-1-5-18","AccountType":"User","Message":"File Delete archived:\r\nRuleName: -\r\nUtcTime: 2023-06-20 19:12:03.324\r\nProcessGuid: {BE59402F-BAAD-6491-EA0D-000000002400}\r\nProcessId: 2800\r\nUser: NT AUTHORITY\\SYSTEM\r\nImage: C:\\Windows\\system32\\msiexec.exe\r\nTargetFilename: C:\\temp\\~DF84FD680DCD1BA457.TMP\r\nHashes: SHA1=700412DEF4AE0F8EB7BD9328755CD2E2C03D1718,MD5=9BF9AFEF7D34DE80EE9D834129254742,SHA256=CDA5BE88F790ED814FF84FDC21B0D9EF2F5430F1DA8A386791F1BF3985F620A9,IMPHASH=00000000000000000000000000000000\r\nIsExecutable: false\r\nArchived: true","Category":"File Delete archived (rule: FileDelete)","Opcode":"Info","RuleName":"-","UtcTime":"2023-06-20 19:12:03.324","ProcessGuid":"{BE59402F-BAAD-6491-EA0D-000000002400}","User":"NT AUTHORITY\\SYSTEM","Image":"C:\\Windows\\system32\\msiexec.exe","TargetFilename":"C:\\temp\\~DF84FD680DCD1BA457.TMP","Hashes":"SHA1=700412DEF4AE0F8EB7BD9328755CD2E2C03D1718,MD5=9BF9AFEF7D34DE80EE9D834129254742,SHA256=CDA5BE88F790ED814FF84FDC21B0D9EF2F5430F1DA8A386791F1BF3985F620A9,IMPHASH=00000000000000000000000000000000","IsExecutable":"false","Archived":"true","EventReceivedTime":1687288325,"SourceModuleName":"in_sysmon","SourceModuleType":"im_msvistalog"}
<14>Jun 20 19:12:05 win-server.lunarstiiiness.com Microsoft-Windows-Sysmon[2212]: {"EventTime":1687288323,"Hostname":"win-server.lunarstiiiness.com","Keywords":-9223372036854775808,"EventType":"INFO","SeverityValue":2,"Severity":"INFO","EventID":23,"SourceName":"Microsoft-Windows-Sysmon","ProviderGuid":"{5770385F-C22A-43E0-BF4C-06F5698FFBD9}","Version":5,"Task":23,"OpcodeValue":0,"RecordNumber":2200861,"ProcessID":2212,"ThreadID":2972,"Channel":"Microsoft-Windows-Sysmon/Operational","Domain":"NT AUTHORITY","AccountName":"SYSTEM","UserID":"S-1-5-18","AccountType":"User","Message":"File Delete archived:\r\nRuleName: -\r\nUtcTime: 2023-06-20 19:12:03.332\r\nProcessGuid: {BE59402F-BAAD-6491-EA0D-000000002400}\r\nProcessId: 2800\r\nUser: NT AUTHORITY\\SYSTEM\r\nImage: C:\\Windows\\system32\\msiexec.exe\r\nTargetFilename: C:\\temp\\~DFDD54CDA029CEDF92.TMP\r\nHashes: SHA1=4841E5E1826E24C1EDB19607F47680844936E319,MD5=26D10C5D8F5D4D57B1F5313E4CDAAACA,SHA256=E5F180EFB54655E2CAD509BC365949FD11E7C68F378AA578D6A45A74C6930DCE,IMPHASH=00000000000000000000000000000000\r\nIsExecutable: false\r\nArchived: true","Category":"File Delete archived (rule: FileDelete)","Opcode":"Info","RuleName":"-","UtcTime":"2023-06-20 19:12:03.332","ProcessGuid":"{BE59402F-BAAD-6491-EA0D-000000002400}","User":"NT AUTHORITY\\SYSTEM","Image":"C:\\Windows\\system32\\msiexec.exe","TargetFilename":"C:\\temp\\~DFDD54CDA029CEDF92.TMP","Hashes":"SHA1=4841E5E1826E24C1EDB19607F47680844936E319,MD5=26D10C5D8F5D4D57B1F5313E4CDAAACA,SHA256=E5F180EFB54655E2CAD509BC365949FD11E7C68F378AA578D6A45A74C6930DCE,IMPHASH=00000000000000000000000000000000","IsExecutable":"false","Archived":"true","EventReceivedTime":1687288325,"SourceModuleName":"in_sysmon","SourceModuleType":"im_msvistalog"}
<14>Jun 20 19:12:05 win-server.lunarstiiiness.com Microsoft-Windows-Sysmon[2212]: {"EventTime":1687288323,"Hostname":"win-server.lunarstiiiness.com","Keywords":-9223372036854775808,"EventType":"INFO","SeverityValue":2,"Severity":"INFO","EventID":23,"SourceName":"Microsoft-Windows-Sysmon","ProviderGuid":"{5770385F-C22A-43E0-BF4C-06F5698FFBD9}","Version":5,"Task":23,"OpcodeValue":0,"RecordNumber":2200862,"ProcessID":2212,"ThreadID":2972,"Channel":"Microsoft-Windows-Sysmon/Operational","Domain":"NT AUTHORITY","AccountName":"SYSTEM","UserID":"S-1-5-18","AccountType":"User","Message":"File Delete archived:\r\nRuleName: -\r\nUtcTime: 2023-06-20 19:12:03.511\r\nProcessGuid: {BE59402F-BAAD-6491-EA0D-000000002400}\r\nProcessId: 2800\r\nUser: NT AUTHORITY\\SYSTEM\r\nImage: C:\\Windows\\system32\\msiexec.exe\r\nTargetFilename: C:\\Windows\\Installer\\1bf519d5.msi\r\nHashes: SHA1=09EC12E92850AB839C289A2F2CB3AA11D22DD47F,MD5=D4C5E0F002068376FF7C3CCF4B5C808D,SHA256=D3D153C9A740964A63A25642ABBB43449E86087655247F555DABDA911D87BA5B,IMPHASH=00000000000000000000000000000000\r\nIsExecutable: false\r\nArchived: true","Category":"File Delete archived (rule: FileDelete)","Opcode":"Info","RuleName":"-","UtcTime":"2023-06-20 19:12:03.511","ProcessGuid":"{BE59402F-BAAD-6491-EA0D-000000002400}","User":"NT AUTHORITY\\SYSTEM","Image":"C:\\Windows\\system32\\msiexec.exe","TargetFilename":"C:\\Windows\\Installer\\1bf519d5.msi","Hashes":"SHA1=09EC12E92850AB839C289A2F2CB3AA11D22DD47F,MD5=D4C5E0F002068376FF7C3CCF4B5C808D,SHA256=D3D153C9A740964A63A25642ABBB43449E86087655247F555DABDA911D87BA5B,IMPHASH=00000000000000000000000000000000","IsExecutable":"false","Archived":"true","EventReceivedTime":1687288325,"SourceModuleName":"in_sysmon","SourceModuleType":"im_msvistalog"}
<14>Jun 20 19:12:05 win-server.lunarstiiiness.com Microsoft-Windows-Sysmon[2212]: {"EventTime":1687288323,"Hostname":"win-server.lunarstiiiness.com","Keywords":-9223372036854775808,"EventType":"INFO","SeverityValue":2,"Severity":"INFO","EventID":23,"SourceName":"Microsoft-Windows-Sysmon","ProviderGuid":"{5770385F-C22A-43E0-BF4C-06F5698FFBD9}","Version":5,"Task":23,"OpcodeValue":0,"RecordNumber":2200865,"ProcessID":2212,"ThreadID":2972,"Channel":"Microsoft-Windows-Sysmon/Operational","Domain":"NT AUTHORITY","AccountName":"SYSTEM","UserID":"S-1-5-18","AccountType":"User","Message":"File Delete archived:\r\nRuleName: -\r\nUtcTime: 2023-06-20 19:12:03.519\r\nProcessGuid: {BE59402F-BAAD-6491-EA0D-000000002400}\r\nProcessId: 2800\r\nUser: NT AUTHORITY\\SYSTEM\r\nImage: C:\\Windows\\system32\\msiexec.exe\r\nTargetFilename: C:\\temp\\~DF290DEE065832557E.TMP\r\nHashes: SHA1=1B3DC76FA3E4D6AB274D2988969FABC959E2D89F,MD5=2206D4992D3D30D3EC7632AC35C64B80,SHA256=3A524121D74EFD3FABCAD752FE392AEFD3732C44425170FEAE50378DE7A122F2,IMPHASH=00000000000000000000000000000000\r\nIsExecutable: false\r\nArchived: true","Category":"File Delete archived (rule: FileDelete)","Opcode":"Info","RuleName":"-","UtcTime":"2023-06-20 19:12:03.519","ProcessGuid":"{BE59402F-BAAD-6491-EA0D-000000002400}","User":"NT AUTHORITY\\SYSTEM","Image":"C:\\Windows\\system32\\msiexec.exe","TargetFilename":"C:\\temp\\~DF290DEE065832557E.TMP","Hashes":"SHA1=1B3DC76FA3E4D6AB274D2988969FABC959E2D89F,MD5=2206D4992D3D30D3EC7632AC35C64B80,SHA256=3A524121D74EFD3FABCAD752FE392AEFD3732C44425170FEAE50378DE7A122F2,IMPHASH=00000000000000000000000000000000","IsExecutable":"false","Archived":"true","EventReceivedTime":1687288325,"SourceModuleName":"in_sysmon","SourceModuleType":"im_msvistalog"}
<14>Jun 20 19:12:05 win-server.lunarstiiiness.com Microsoft-Windows-Sysmon[2212]: {"EventTime":1687288323,"Hostname":"win-server.lunarstiiiness.com","Keywords":-9223372036854775808,"EventType":"INFO","SeverityValue":2,"Severity":"INFO","EventID":23,"SourceName":"Microsoft-Windows-Sysmon","ProviderGuid":"{5770385F-C22A-43E0-BF4C-06F5698FFBD9}","Version":5,"Task":23,"OpcodeValue":0,"RecordNumber":2200866,"ProcessID":2212,"ThreadID":2972,"Channel":"Microsoft-Windows-Sysmon/Operational","Domain":"NT AUTHORITY","AccountName":"SYSTEM","UserID":"S-1-5-18","AccountType":"User","Message":"File Delete archived:\r\nRuleName: -\r\nUtcTime: 2023-06-20 19:12:03.523\r\nProcessGuid: {BE59402F-BAAD-6491-EA0D-000000002400}\r\nProcessId: 2800\r\nUser: NT AUTHORITY\\SYSTEM\r\nImage: C:\\Windows\\system32\\msiexec.exe\r\nTargetFilename: C:\\temp\\~DF3F86A0C94A8A761A.TMP\r\nHashes: SHA1=5C3EB80066420002BC3DCC7CA4AB6EFAD7ED4AE5,MD5=BF619EAC0CDF3F68D496EA9344137E8B,SHA256=076A27C79E5ACE2A3D47F9DD2E83E4FF6EA8872B3C2218F66C92B89B55F36560,IMPHASH=00000000000000000000000000000000\r\nIsExecutable: false\r\nArchived: false - shredded file with pattern 0x0000","Category":"File Delete archived (rule: FileDelete)","Opcode":"Info","RuleName":"-","UtcTime":"2023-06-20 19:12:03.523","ProcessGuid":"{BE59402F-BAAD-6491-EA0D-000000002400}","User":"NT AUTHORITY\\SYSTEM","Image":"C:\\Windows\\system32\\msiexec.exe","TargetFilename":"C:\\temp\\~DF3F86A0C94A8A761A.TMP","Hashes":"SHA1=5C3EB80066420002BC3DCC7CA4AB6EFAD7ED4AE5,MD5=BF619EAC0CDF3F68D496EA9344137E8B,SHA256=076A27C79E5ACE2A3D47F9DD2E83E4FF6EA8872B3C2218F66C92B89B55F36560,IMPHASH=00000000000000000000000000000000","IsExecutable":"false","Archived":"false - shredded file with pattern 0x0000","EventReceivedTime":1687288325,"SourceModuleName":"in_sysmon","SourceModuleType":"im_msvistalog"}
<14>Jun 20 19:12:05 win-server.lunarstiiiness.com Microsoft-Windows-Sysmon[2212]: {"EventTime":1687288323,"Hostname":"win-server.lunarstiiiness.com","Keywords":-9223372036854775808,"EventType":"INFO","SeverityValue":2,"Severity":"INFO","EventID":23,"SourceName":"Microsoft-Windows-Sysmon","ProviderGuid":"{5770385F-C22A-43E0-BF4C-06F5698FFBD9}","Version":5,"Task":23,"OpcodeValue":0,"RecordNumber":2200870,"ProcessID":2212,"ThreadID":2972,"Channel":"Microsoft-Windows-Sysmon/Operational","Domain":"NT AUTHORITY","AccountName":"SYSTEM","UserID":"S-1-5-18","AccountType":"User","Message":"File Delete archived:\r\nRuleName: -\r\nUtcTime: 2023-06-20 19:12:03.527\r\nProcessGuid: {BE59402F-BAAD-6491-EA0D-000000002400}\r\nProcessId: 2800\r\nUser: NT AUTHORITY\\SYSTEM\r\nImage: C:\\Windows\\system32\\msiexec.exe\r\nTargetFilename: C:\\temp\\~DFCFC2BA7E6C3EF37F.TMP\r\nHashes: SHA1=5C3EB80066420002BC3DCC7CA4AB6EFAD7ED4AE5,MD5=BF619EAC0CDF3F68D496EA9344137E8B,SHA256=076A27C79E5ACE2A3D47F9DD2E83E4FF6EA8872B3C2218F66C92B89B55F36560,IMPHASH=00000000000000000000000000000000\r\nIsExecutable: false\r\nArchived: false - shredded file with pattern 0x0000","Category":"File Delete archived (rule: FileDelete)","Opcode":"Info","RuleName":"-","UtcTime":"2023-06-20 19:12:03.527","ProcessGuid":"{BE59402F-BAAD-6491-EA0D-000000002400}","User":"NT AUTHORITY\\SYSTEM","Image":"C:\\Windows\\system32\\msiexec.exe","TargetFilename":"C:\\temp\\~DFCFC2BA7E6C3EF37F.TMP","Hashes":"SHA1=5C3EB80066420002BC3DCC7CA4AB6EFAD7ED4AE5,MD5=BF619EAC0CDF3F68D496EA9344137E8B,SHA256=076A27C79E5ACE2A3D47F9DD2E83E4FF6EA8872B3C2218F66C92B89B55F36560,IMPHASH=00000000000000000000000000000000","IsExecutable":"false","Archived":"false - shredded file with pattern 0x0000","EventReceivedTime":1687288325,"SourceModuleName":"in_sysmon","SourceModuleType":"im_msvistalog"}
<14>Jun 20 19:12:05 win-server.lunarstiiiness.com Microsoft-Windows-Sysmon[2212]: {"EventTime":1687288323,"Hostname":"win-server.lunarstiiiness.com","Keywords":-9223372036854775808,"EventType":"INFO","SeverityValue":2,"Severity":"INFO","EventID":23,"SourceName":"Microsoft-Windows-Sysmon","ProviderGuid":"{5770385F-C22A-43E0-BF4C-06F5698FFBD9}","Version":5,"Task":23,"OpcodeValue":0,"RecordNumber":2200869,"ProcessID":2212,"ThreadID":2972,"Channel":"Microsoft-Windows-Sysmon/Operational","Domain":"NT AUTHORITY","AccountName":"SYSTEM","UserID":"S-1-5-18","AccountType":"User","Message":"File Delete archived:\r\nRuleName: -\r\nUtcTime: 2023-06-20 19:12:03.527\r\nProcessGuid: {BE59402F-BAAD-6491-EA0D-000000002400}\r\nProcessId: 2800\r\nUser: NT AUTHORITY\\SYSTEM\r\nImage: C:\\Windows\\system32\\msiexec.exe\r\nTargetFilename: C:\\temp\\~DF46B283EF488DA427.TMP\r\nHashes: SHA1=1B3DC76FA3E4D6AB274D2988969FABC959E2D89F,MD5=2206D4992D3D30D3EC7632AC35C64B80,SHA256=3A524121D74EFD3FABCAD752FE392AEFD3732C44425170FEAE50378DE7A122F2,IMPHASH=00000000000000000000000000000000\r\nIsExecutable: false\r\nArchived: true","Category":"File Delete archived (rule: FileDelete)","Opcode":"Info","RuleName":"-","UtcTime":"2023-06-20 19:12:03.527","ProcessGuid":"{BE59402F-BAAD-6491-EA0D-000000002400}","User":"NT AUTHORITY\\SYSTEM","Image":"C:\\Windows\\system32\\msiexec.exe","TargetFilename":"C:\\temp\\~DF46B283EF488DA427.TMP","Hashes":"SHA1=1B3DC76FA3E4D6AB274D2988969FABC959E2D89F,MD5=2206D4992D3D30D3EC7632AC35C64B80,SHA256=3A524121D74EFD3FABCAD752FE392AEFD3732C44425170FEAE50378DE7A122F2,IMPHASH=00000000000000000000000000000000","IsExecutable":"false","Archived":"true","EventReceivedTime":1687288325,"SourceModuleName":"in_sysmon","SourceModuleType":"im_msvistalog"}
<14>Jun 20 19:12:05 win-server.lunarstiiiness.com Microsoft-Windows-Sysmon[2212]: {"EventTime":1687288323,"Hostname":"win-server.lunarstiiiness.com","Keywords":-9223372036854775808,"EventType":"INFO","SeverityValue":2,"Severity":"INFO","EventID":23,"SourceName":"Microsoft-Windows-Sysmon","ProviderGuid":"{5770385F-C22A-43E0-BF4C-06F5698FFBD9}","Version":5,"Task":23,"OpcodeValue":0,"RecordNumber":2200871,"ProcessID":2212,"ThreadID":2972,"Channel":"Microsoft-Windows-Sysmon/Operational","Domain":"NT AUTHORITY","AccountName":"SYSTEM","UserID":"S-1-5-18","AccountType":"User","Message":"File Delete archived:\r\nRuleName: -\r\nUtcTime: 2023-06-20 19:12:03.527\r\nProcessGuid: {BE59402F-BAAD-6491-EA0D-000000002400}\r\nProcessId: 2800\r\nUser: NT AUTHORITY\\SYSTEM\r\nImage: C:\\Windows\\system32\\msiexec.exe\r\nTargetFilename: C:\\Windows\\Installer\\inprogressinstallinfo.ipi\r\nHashes: SHA1=1B3DC76FA3E4D6AB274D2988969FABC959E2D89F,MD5=2206D4992D3D30D3EC7632AC35C64B80,SHA256=3A524121D74EFD3FABCAD752FE392AEFD3732C44425170FEAE50378DE7A122F2,IMPHASH=00000000000000000000000000000000\r\nIsExecutable: false\r\nArchived: true","Category":"File Delete archived (rule: FileDelete)","Opcode":"Info","RuleName":"-","UtcTime":"2023-06-20 19:12:03.527","ProcessGuid":"{BE59402F-BAAD-6491-EA0D-000000002400}","User":"NT AUTHORITY\\SYSTEM","Image":"C:\\Windows\\system32\\msiexec.exe","TargetFilename":"C:\\Windows\\Installer\\inprogressinstallinfo.ipi","Hashes":"SHA1=1B3DC76FA3E4D6AB274D2988969FABC959E2D89F,MD5=2206D4992D3D30D3EC7632AC35C64B80,SHA256=3A524121D74EFD3FABCAD752FE392AEFD3732C44425170FEAE50378DE7A122F2,IMPHASH=00000000000000000000000000000000","IsExecutable":"false","Archived":"true","EventReceivedTime":1687288325,"SourceModuleName":"in_sysmon","SourceModuleType":"im_msvistalog"}
<14>Jun 20 19:12:06 win-server.lunarstiiiness.com Microsoft-Windows-Sysmon[2212]: {"EventTime":1687288324,"Hostname":"win-server.lunarstiiiness.com","Keywords":-9223372036854775808,"EventType":"INFO","SeverityValue":2,"Severity":"INFO","EventID":23,"SourceName":"Microsoft-Windows-Sysmon","ProviderGuid":"{5770385F-C22A-43E0-BF4C-06F5698FFBD9}","Version":5,"Task":23,"OpcodeValue":0,"RecordNumber":2200872,"ProcessID":2212,"ThreadID":2972,"Channel":"Microsoft-Windows-Sysmon/Operational","Domain":"NT AUTHORITY","AccountName":"SYSTEM","UserID":"S-1-5-18","AccountType":"User","Message":"File Delete archived:\r\nRuleName: -\r\nUtcTime: 2023-06-20 19:12:04.414\r\nProcessGuid: {BE59402F-B8EE-6491-D10D-000000002400}\r\nProcessId: 1160\r\nUser: LUNARSTIIINESS\\tim.smith_admin\r\nImage: C:\\Program Files\\Mozilla Firefox\\firefox.exe\r\nTargetFilename: C:\\Users\\tim.smith_admin\\AppData\\Roaming\\Mozilla\\Firefox\\Profiles\\a62ctjal.default-release\\datareporting\\glean\\pending_pings\\33fbd1ee-7014-49ac-9205-b67d34f81aeb\r\nHashes: SHA1=92FF117D3257877F60827CBA84808FAA2B23CBCB,MD5=3AE255E9839500F9330C464ED4123D2B,SHA256=743F8786FA1DE3B5FFCC83AB0A9D07E17D19160E59B4E5ABD70F99F367C10829,IMPHASH=00000000000000000000000000000000\r\nIsExecutable: false\r\nArchived: true","Category":"File Delete archived (rule: FileDelete)","Opcode":"Info","RuleName":"-","UtcTime":"2023-06-20 19:12:04.414","ProcessGuid":"{BE59402F-B8EE-6491-D10D-000000002400}","User":"LUNARSTIIINESS\\tim.smith_admin","Image":"C:\\Program Files\\Mozilla Firefox\\firefox.exe","TargetFilename":"C:\\Users\\tim.smith_admin\\AppData\\Roaming\\Mozilla\\Firefox\\Profiles\\a62ctjal.default-release\\datareporting\\glean\\pending_pings\\33fbd1ee-7014-49ac-9205-b67d34f81aeb","Hashes":"SHA1=92FF117D3257877F60827CBA84808FAA2B23CBCB,MD5=3AE255E9839500F9330C464ED4123D2B,SHA256=743F8786FA1DE3B5FFCC83AB0A9D07E17D19160E59B4E5ABD70F99F367C10829,IMPHASH=00000000000000000000000000000000","IsExecutable":"false","Archived":"true","EventReceivedTime":1687288326,"SourceModuleName":"in_sysmon","SourceModuleType":"im_msvistalog"}
<14>Jun 20 19:12:04 win-server.lunarstiiiness.com Microsoft-Windows-Sysmon[2212]: {"EventTime":1687288322,"Hostname":"win-server.lunarstiiiness.com","Keywords":-9223372036854775808,"EventType":"INFO","SeverityValue":2,"Severity":"INFO","EventID":13,"SourceName":"Microsoft-Windows-Sysmon","ProviderGuid":"{5770385F-C22A-43E0-BF4C-06F5698FFBD9}","Version":2,"Task":13,"OpcodeValue":0,"RecordNumber":2200836,"ProcessID":2212,"ThreadID":2972,"Channel":"Microsoft-Windows-Sysmon/Operational","Domain":"NT AUTHORITY","AccountName":"SYSTEM","UserID":"S-1-5-18","AccountType":"User","Message":"Registry value set:\r\nRuleName: -\r\nEventType: SetValue\r\nUtcTime: 2023-06-20 19:12:02.993\r\nProcessGuid: {BE59402F-BAAD-6491-EA0D-000000002400}\r\nProcessId: 2800\r\nImage: C:\\Windows\\system32\\msiexec.exe\r\nTargetObject: HKCR\\lmidtc\\shell\\open\\command\\(Default)\r\nDetails: \"C:\\Program Files (x86)\\LogMeIn Rescue Technician Console\\LogMeInRescueTechnicianConsole_x64\\LMIRTechConsole.exe\" -url \"Incorrect function.\"\r\nUser: NT AUTHORITY\\SYSTEM","Category":"Registry value set (rule: RegistryEvent)","Opcode":"Info","RuleName":"-","UtcTime":"2023-06-20 19:12:02.993","ProcessGuid":"{BE59402F-BAAD-6491-EA0D-000000002400}","Image":"C:\\Windows\\system32\\msiexec.exe","TargetObject":"HKCR\\lmidtc\\shell\\open\\command\\(Default)","Details":"\"C:\\Program Files (x86)\\LogMeIn Rescue Technician Console\\LogMeInRescueTechnicianConsole_x64\\LMIRTechConsole.exe\" -url \"%%1\"","User":"NT AUTHORITY\\SYSTEM","EventReceivedTime":1687288324,"SourceModuleName":"in_sysmon","SourceModuleType":"im_msvistalog"}
<14>Jun 20 19:12:04 win-server.lunarstiiiness.com Microsoft-Windows-Sysmon[2212]: {"EventTime":1687288322,"Hostname":"win-server.lunarstiiiness.com","Keywords":-9223372036854775808,"EventType":"INFO","SeverityValue":2,"Severity":"INFO","EventID":12,"SourceName":"Microsoft-Windows-Sysmon","ProviderGuid":"{5770385F-C22A-43E0-BF4C-06F5698FFBD9}","Version":2,"Task":12,"OpcodeValue":0,"RecordNumber":2200835,"ProcessID":2212,"ThreadID":2972,"Channel":"Microsoft-Windows-Sysmon/Operational","Domain":"NT AUTHORITY","AccountName":"SYSTEM","UserID":"S-1-5-18","AccountType":"User","Message":"Registry object added or deleted:\r\nRuleName: -\r\nEventType: CreateKey\r\nUtcTime: 2023-06-20 19:12:02.993\r\nProcessGuid: {BE59402F-BAAD-6491-EA0D-000000002400}\r\nProcessId: 2800\r\nImage: C:\\Windows\\system32\\msiexec.exe\r\nTargetObject: HKCR\\lmidtc\\shell\\open\\command\r\nUser: NT AUTHORITY\\SYSTEM","Category":"Registry object added or deleted (rule: RegistryEvent)","Opcode":"Info","RuleName":"-","UtcTime":"2023-06-20 19:12:02.993","ProcessGuid":"{BE59402F-BAAD-6491-EA0D-000000002400}","Image":"C:\\Windows\\system32\\msiexec.exe","TargetObject":"HKCR\\lmidtc\\shell\\open\\command","User":"NT AUTHORITY\\SYSTEM","EventReceivedTime":1687288324,"SourceModuleName":"in_sysmon","SourceModuleType":"im_msvistalog"}
<14>Jun 20 19:12:04 win-server.lunarstiiiness.com Microsoft-Windows-Sysmon[2212]: {"EventTime":1687288323,"Hostname":"win-server.lunarstiiiness.com","Keywords":-9223372036854775808,"EventType":"INFO","SeverityValue":2,"Severity":"INFO","EventID":1,"SourceName":"Microsoft-Windows-Sysmon","ProviderGuid":"{5770385F-C22A-43E0-BF4C-06F5698FFBD9}","Version":5,"Task":1,"OpcodeValue":0,"RecordNumber":2200837,"ProcessID":2212,"ThreadID":2972,"Channel":"Microsoft-Windows-Sysmon/Operational","Domain":"NT AUTHORITY","AccountName":"SYSTEM","UserID":"S-1-5-18","AccountType":"User","Message":"Process Create:\r\nRuleName: technique_id=T1218.010,technique_name=Regsvr32\r\nUtcTime: 2023-06-20 19:12:03.002\r\nProcessGuid: {BE59402F-BABB-6491-F00D-000000002400}\r\nProcessId: 1716\r\nImage: C:\\Windows\\SysWOW64\\regsvr32.exe\r\nFileVersion: 10.0.14393.1378 (rs1_release.170620-2008)\r\nDescription: Microsoft(C) Register Server\r\nProduct: Microsoft® Windows® Operating System\r\nCompany: Microsoft Corporation\r\nOriginalFileName: REGSVR32.EXE\r\nCommandLine: \"C:\\Windows\\SysWOW64\\regsvr32.exe\" /s \"C:\\Program Files (x86)\\LogMeIn Rescue AVI Codec\\racode64.ax\"\r\nCurrentDirectory: C:\\Windows\\system32\\\r\nUser: NT AUTHORITY\\SYSTEM\r\nLogonGuid: {BE59402F-92B2-648A-E703-000000000000}\r\nLogonId: 0x3E7\r\nTerminalSessionId: 2\r\nIntegrityLevel: System\r\nHashes: SHA1=B087C89832B883CB54278BB72538E87303B8557D,MD5=56CF190F4143DC68800C4125D6001B07,SHA256=F72ED4D11C9971A9B7CE0A5681EE35968A6B4CCDC2F2B3A9F3E81418605FA467,IMPHASH=D053774A49BA83FF54C68888CB687C6C\r\nParentProcessGuid: {BE59402F-BAAD-6491-EA0D-000000002400}\r\nParentProcessId: 2800\r\nParentImage: C:\\Windows\\System32\\msiexec.exe\r\nParentCommandLine: C:\\Windows\\system32\\msiexec.exe /V\r\nParentUser: NT AUTHORITY\\SYSTEM","Category":"Process Create (rule: ProcessCreate)","Opcode":"Info","RuleName":"technique_id=T1218.010,technique_name=Regsvr32","UtcTime":"2023-06-20 19:12:03.002","ProcessGuid":"{BE59402F-BABB-6491-F00D-000000002400}","Image":"C:\\Windows\\SysWOW64\\regsvr32.exe","FileVersion":"10.0.14393.1378 (rs1_release.170620-2008)","Description":"Microsoft(C) Register Server","Product":"Microsoft® Windows® Operating System","Company":"Microsoft Corporation","OriginalFileName":"REGSVR32.EXE","CommandLine":"\"C:\\Windows\\SysWOW64\\regsvr32.exe\" /s \"C:\\Program Files (x86)\\LogMeIn Rescue AVI Codec\\racode64.ax\"","CurrentDirectory":"C:\\Windows\\system32\\","User":"NT AUTHORITY\\SYSTEM","LogonGuid":"{BE59402F-92B2-648A-E703-000000000000}","LogonId":"0x3e7","TerminalSessionId":"2","IntegrityLevel":"System","Hashes":"SHA1=B087C89832B883CB54278BB72538E87303B8557D,MD5=56CF190F4143DC68800C4125D6001B07,SHA256=F72ED4D11C9971A9B7CE0A5681EE35968A6B4CCDC2F2B3A9F3E81418605FA467,IMPHASH=D053774A49BA83FF54C68888CB687C6C","ParentProcessGuid":"{BE59402F-BAAD-6491-EA0D-000000002400}","ParentProcessId":"2800","ParentImage":"C:\\Windows\\System32\\msiexec.exe","ParentCommandLine":"C:\\Windows\\system32\\msiexec.exe /V","ParentUser":"NT AUTHORITY\\SYSTEM","EventReceivedTime":1687288324,"SourceModuleName":"in_sysmon","SourceModuleType":"im_msvistalog"}
<14>Jun 20 19:12:04 win-server.lunarstiiiness.com Microsoft-Windows-Sysmon[2212]: {"EventTime":1687288323,"Hostname":"win-server.lunarstiiiness.com","Keywords":-9223372036854775808,"EventType":"INFO","SeverityValue":2,"Severity":"INFO","EventID":1,"SourceName":"Microsoft-Windows-Sysmon","ProviderGuid":"{5770385F-C22A-43E0-BF4C-06F5698FFBD9}","Version":5,"Task":1,"OpcodeValue":0,"RecordNumber":2200838,"ProcessID":2212,"ThreadID":2972,"Channel":"Microsoft-Windows-Sysmon/Operational","Domain":"NT AUTHORITY","AccountName":"SYSTEM","UserID":"S-1-5-18","AccountType":"User","Message":"Process Create:\r\nRuleName: technique_id=T1218.010,technique_name=Regsvr32\r\nUtcTime: 2023-06-20 19:12:03.047\r\nProcessGuid: {BE59402F-BABB-6491-F10D-000000002400}\r\nProcessId: 4012\r\nImage: C:\\Windows\\System32\\regsvr32.exe\r\nFileVersion: 10.0.14393.0 (rs1_release.160715-1616)\r\nDescription: Microsoft(C) Register Server\r\nProduct: Microsoft® Windows® Operating System\r\nCompany: Microsoft Corporation\r\nOriginalFileName: REGSVR32.EXE\r\nCommandLine:  /s \"C:\\Program Files (x86)\\LogMeIn Rescue AVI Codec\\racode64.ax\"\r\nCurrentDirectory: C:\\Windows\\system32\\\r\nUser: NT AUTHORITY\\SYSTEM\r\nLogonGuid: {BE59402F-92B2-648A-E703-000000000000}\r\nLogonId: 0x3E7\r\nTerminalSessionId: 2\r\nIntegrityLevel: System\r\nHashes: SHA1=EA18DB3E6D9DD28DA80760F1469090E899F6855A,MD5=8CF9086BE38A15E905924B4A45D814D9,SHA256=00A1CF85C6AB96DF38A4023F0CEE4DF60F62280768FC9C06A235E6D2D644169D,IMPHASH=1C8D7F52BBDAEF92EB0104CB6362D5D0\r\nParentProcessGuid: {BE59402F-BABB-6491-F00D-000000002400}\r\nParentProcessId: 1716\r\nParentImage: C:\\Windows\\SysWOW64\\regsvr32.exe\r\nParentCommandLine: \"C:\\Windows\\SysWOW64\\regsvr32.exe\" /s \"C:\\Program Files (x86)\\LogMeIn Rescue AVI Codec\\racode64.ax\"\r\nParentUser: NT AUTHORITY\\SYSTEM","Category":"Process Create (rule: ProcessCreate)","Opcode":"Info","RuleName":"technique_id=T1218.010,technique_name=Regsvr32","UtcTime":"2023-06-20 19:12:03.047","ProcessGuid":"{BE59402F-BABB-6491-F10D-000000002400}","Image":"C:\\Windows\\System32\\regsvr32.exe","FileVersion":"10.0.14393.0 (rs1_release.160715-1616)","Description":"Microsoft(C) Register Server","Product":"Microsoft® Windows® Operating System","Company":"Microsoft Corporation","OriginalFileName":"REGSVR32.EXE","CommandLine":" /s \"C:\\Program Files (x86)\\LogMeIn Rescue AVI Codec\\racode64.ax\"","CurrentDirectory":"C:\\Windows\\system32\\","User":"NT AUTHORITY\\SYSTEM","LogonGuid":"{BE59402F-92B2-648A-E703-000000000000}","LogonId":"0x3e7","TerminalSessionId":"2","IntegrityLevel":"System","Hashes":"SHA1=EA18DB3E6D9DD28DA80760F1469090E899F6855A,MD5=8CF9086BE38A15E905924B4A45D814D9,SHA256=00A1CF85C6AB96DF38A4023F0CEE4DF60F62280768FC9C06A235E6D2D644169D,IMPHASH=1C8D7F52BBDAEF92EB0104CB6362D5D0","ParentProcessGuid":"{BE59402F-BABB-6491-F00D-000000002400}","ParentProcessId":"1716","ParentImage":"C:\\Windows\\SysWOW64\\regsvr32.exe","ParentCommandLine":"\"C:\\Windows\\SysWOW64\\regsvr32.exe\" /s \"C:\\Program Files (x86)\\LogMeIn Rescue AVI Codec\\racode64.ax\"","ParentUser":"NT AUTHORITY\\SYSTEM","EventReceivedTime":1687288324,"SourceModuleName":"in_sysmon","SourceModuleType":"im_msvistalog"}
<14>Jun 20 19:12:04 win-server.lunarstiiiness.com Microsoft-Windows-Sysmon[2212]: {"EventTime":1687288323,"Hostname":"win-server.lunarstiiiness.com","Keywords":-9223372036854775808,"EventType":"INFO","SeverityValue":2,"Severity":"INFO","EventID":1,"SourceName":"Microsoft-Windows-Sysmon","ProviderGuid":"{5770385F-C22A-43E0-BF4C-06F5698FFBD9}","Version":5,"Task":1,"OpcodeValue":0,"RecordNumber":2200843,"ProcessID":2212,"ThreadID":2972,"Channel":"Microsoft-Windows-Sysmon/Operational","Domain":"NT AUTHORITY","AccountName":"SYSTEM","UserID":"S-1-5-18","AccountType":"User","Message":"Process Create:\r\nRuleName: technique_id=T1218.010,technique_name=Regsvr32\r\nUtcTime: 2023-06-20 19:12:03.128\r\nProcessGuid: {BE59402F-BABB-6491-F20D-000000002400}\r\nProcessId: 948\r\nImage: C:\\Windows\\SysWOW64\\regsvr32.exe\r\nFileVersion: 10.0.14393.1378 (rs1_release.170620-2008)\r\nDescription: Microsoft(C) Register Server\r\nProduct: Microsoft® Windows® Operating System\r\nCompany: Microsoft Corporation\r\nOriginalFileName: REGSVR32.EXE\r\nCommandLine: \"C:\\Windows\\SysWOW64\\regsvr32.exe\" /s \"C:\\Program Files (x86)\\LogMeIn Rescue AVI Codec\\racodec.ax\"\r\nCurrentDirectory: C:\\Windows\\system32\\\r\nUser: NT AUTHORITY\\SYSTEM\r\nLogonGuid: {BE59402F-92B2-648A-E703-000000000000}\r\nLogonId: 0x3E7\r\nTerminalSessionId: 2\r\nIntegrityLevel: System\r\nHashes: SHA1=B087C89832B883CB54278BB72538E87303B8557D,MD5=56CF190F4143DC68800C4125D6001B07,SHA256=F72ED4D11C9971A9B7CE0A5681EE35968A6B4CCDC2F2B3A9F3E81418605FA467,IMPHASH=D053774A49BA83FF54C68888CB687C6C\r\nParentProcessGuid: {BE59402F-BAAD-6491-EA0D-000000002400}\r\nParentProcessId: 2800\r\nParentImage: C:\\Windows\\System32\\msiexec.exe\r\nParentCommandLine: C:\\Windows\\system32\\msiexec.exe /V\r\nParentUser: NT AUTHORITY\\SYSTEM","Category":"Process Create (rule: ProcessCreate)","Opcode":"Info","RuleName":"technique_id=T1218.010,technique_name=Regsvr32","UtcTime":"2023-06-20 19:12:03.128","ProcessGuid":"{BE59402F-BABB-6491-F20D-000000002400}","Image":"C:\\Windows\\SysWOW64\\regsvr32.exe","FileVersion":"10.0.14393.1378 (rs1_release.170620-2008)","Description":"Microsoft(C) Register Server","Product":"Microsoft® Windows® Operating System","Company":"Microsoft Corporation","OriginalFileName":"REGSVR32.EXE","CommandLine":"\"C:\\Windows\\SysWOW64\\regsvr32.exe\" /s \"C:\\Program Files (x86)\\LogMeIn Rescue AVI Codec\\racodec.ax\"","CurrentDirectory":"C:\\Windows\\system32\\","User":"NT AUTHORITY\\SYSTEM","LogonGuid":"{BE59402F-92B2-648A-E703-000000000000}","LogonId":"0x3e7","TerminalSessionId":"2","IntegrityLevel":"System","Hashes":"SHA1=B087C89832B883CB54278BB72538E87303B8557D,MD5=56CF190F4143DC68800C4125D6001B07,SHA256=F72ED4D11C9971A9B7CE0A5681EE35968A6B4CCDC2F2B3A9F3E81418605FA467,IMPHASH=D053774A49BA83FF54C68888CB687C6C","ParentProcessGuid":"{BE59402F-BAAD-6491-EA0D-000000002400}","ParentProcessId":"2800","ParentImage":"C:\\Windows\\System32\\msiexec.exe","ParentCommandLine":"C:\\Windows\\system32\\msiexec.exe /V","ParentUser":"NT AUTHORITY\\SYSTEM","EventReceivedTime":1687288324,"SourceModuleName":"in_sysmon","SourceModuleType":"im_msvistalog"}
<14>Jun 20 19:12:04 win-server.lunarstiiiness.com Microsoft-Windows-Sysmon[2212]: {"EventTime":1687288323,"Hostname":"win-server.lunarstiiiness.com","Keywords":-9223372036854775808,"EventType":"INFO","SeverityValue":2,"Severity":"INFO","EventID":7,"SourceName":"Microsoft-Windows-Sysmon","ProviderGuid":"{5770385F-C22A-43E0-BF4C-06F5698FFBD9}","Version":3,"Task":7,"OpcodeValue":0,"RecordNumber":2200839,"ProcessID":2212,"ThreadID":2972,"Channel":"Microsoft-Windows-Sysmon/Operational","Domain":"NT AUTHORITY","AccountName":"SYSTEM","UserID":"S-1-5-18","AccountType":"User","Message":"Image loaded:\r\nRuleName: -\r\nUtcTime: 2023-06-20 19:12:03.088\r\nProcessGuid: {BE59402F-BAA5-6491-E70D-000000002400}\r\nProcessId: 5164\r\nImage: C:\\Windows\\System32\\SearchProtocolHost.exe\r\nImageLoaded: C:\\Windows\\System32\\urlmon.dll\r\nFileVersion: 11.00.14393.5980 (rs1_release.230508-1729)\r\nDescription: OLE32 Extensions for Win32\r\nProduct: Internet Explorer\r\nCompany: Microsoft Corporation\r\nOriginalFileName: UrlMon.dll\r\nHashes: SHA1=B85E33077EBECEB824C738EC5AB3971330015487,MD5=4A855C73AA289D70314CB0A7CE54982C,SHA256=0E7E8B967CFBF187D562686C78FDC989FD220397B1429FC15C2A8BFA8FCA30A8,IMPHASH=974542EAFAB3E045794F91EF3F4880AC\r\nSigned: true\r\nSignature: Microsoft Windows\r\nSignatureStatus: Valid\r\nUser: NT AUTHORITY\\SYSTEM","Category":"Image loaded (rule: ImageLoad)","Opcode":"Info","RuleName":"-","UtcTime":"2023-06-20 19:12:03.088","ProcessGuid":"{BE59402F-BAA5-6491-E70D-000000002400}","Image":"C:\\Windows\\System32\\SearchProtocolHost.exe","ImageLoaded":"C:\\Windows\\System32\\urlmon.dll","FileVersion":"11.00.14393.5980 (rs1_release.230508-1729)","Description":"OLE32 Extensions for Win32","Product":"Internet Explorer","Company":"Microsoft Corporation","OriginalFileName":"UrlMon.dll","Hashes":"SHA1=B85E33077EBECEB824C738EC5AB3971330015487,MD5=4A855C73AA289D70314CB0A7CE54982C,SHA256=0E7E8B967CFBF187D562686C78FDC989FD220397B1429FC15C2A8BFA8FCA30A8,IMPHASH=974542EAFAB3E045794F91EF3F4880AC","Signed":"true","Signature":"Microsoft Windows","SignatureStatus":"Valid","User":"NT AUTHORITY\\SYSTEM","EventReceivedTime":1687288324,"SourceModuleName":"in_sysmon","SourceModuleType":"im_msvistalog"}
<14>Jun 20 19:12:04 win-server.lunarstiiiness.com Microsoft-Windows-Sysmon[2212]: {"EventTime":1687288323,"Hostname":"win-server.lunarstiiiness.com","Keywords":-9223372036854775808,"EventType":"INFO","SeverityValue":2,"Severity":"INFO","EventID":13,"SourceName":"Microsoft-Windows-Sysmon","ProviderGuid":"{5770385F-C22A-43E0-BF4C-06F5698FFBD9}","Version":2,"Task":13,"OpcodeValue":0,"RecordNumber":2200840,"ProcessID":2212,"ThreadID":2972,"Channel":"Microsoft-Windows-Sysmon/Operational","Domain":"NT AUTHORITY","AccountName":"SYSTEM","UserID":"S-1-5-18","AccountType":"User","Message":"Registry value set:\r\nRuleName: -\r\nEventType: SetValue\r\nUtcTime: 2023-06-20 19:12:03.117\r\nProcessGuid: {BE59402F-BABB-6491-F10D-000000002400}\r\nProcessId: 4012\r\nImage: C:\\Windows\\system32\\regsvr32.exe\r\nTargetObject: HKCR\\CLSID\\{083863F1-70DE-11D0-BD40-00A0C911CE86}\\Instance\\{43534152-0000-0010-8000-00AA00389B71}\\FriendlyName\r\nDetails: RemotelyAnywhere Video Decoder\r\nUser: NT AUTHORITY\\SYSTEM","Category":"Registry value set (rule: RegistryEvent)","Opcode":"Info","RuleName":"-","UtcTime":"2023-06-20 19:12:03.117","ProcessGuid":"{BE59402F-BABB-6491-F10D-000000002400}","Image":"C:\\Windows\\system32\\regsvr32.exe","TargetObject":"HKCR\\CLSID\\{083863F1-70DE-11D0-BD40-00A0C911CE86}\\Instance\\{43534152-0000-0010-8000-00AA00389B71}\\FriendlyName","Details":"RemotelyAnywhere Video Decoder","User":"NT AUTHORITY\\SYSTEM","EventReceivedTime":1687288324,"SourceModuleName":"in_sysmon","SourceModuleType":"im_msvistalog"}
<14>Jun 20 19:12:04 win-server.lunarstiiiness.com Microsoft-Windows-Sysmon[2212]: {"EventTime":1687288323,"Hostname":"win-server.lunarstiiiness.com","Keywords":-9223372036854775808,"EventType":"INFO","SeverityValue":2,"Severity":"INFO","EventID":13,"SourceName":"Microsoft-Windows-Sysmon","ProviderGuid":"{5770385F-C22A-43E0-BF4C-06F5698FFBD9}","Version":2,"Task":13,"OpcodeValue":0,"RecordNumber":2200842,"ProcessID":2212,"ThreadID":2972,"Channel":"Microsoft-Windows-Sysmon/Operational","Domain":"NT AUTHORITY","AccountName":"SYSTEM","UserID":"S-1-5-18","AccountType":"User","Message":"Registry value set:\r\nRuleName: -\r\nEventType: SetValue\r\nUtcTime: 2023-06-20 19:12:03.117\r\nProcessGuid: {BE59402F-BABB-6491-F10D-000000002400}\r\nProcessId: 4012\r\nImage: C:\\Windows\\system32\\regsvr32.exe\r\nTargetObject: HKCR\\CLSID\\{33D9A760-90C8-11D0-BD43-00A0C911CE86}\\Instance\\RemotelyAnywhere Video Encoder\\FriendlyName\r\nDetails: RemotelyAnywhere Video Encoder\r\nUser: NT AUTHORITY\\SYSTEM","Category":"Registry value set (rule: RegistryEvent)","Opcode":"Info","RuleName":"-","UtcTime":"2023-06-20 19:12:03.117","ProcessGuid":"{BE59402F-BABB-6491-F10D-000000002400}","Image":"C:\\Windows\\system32\\regsvr32.exe","TargetObject":"HKCR\\CLSID\\{33D9A760-90C8-11D0-BD43-00A0C911CE86}\\Instance\\RemotelyAnywhere Video Encoder\\FriendlyName","Details":"RemotelyAnywhere Video Encoder","User":"NT AUTHORITY\\SYSTEM","EventReceivedTime":1687288324,"SourceModuleName":"in_sysmon","SourceModuleType":"im_msvistalog"}
<14>Jun 20 19:12:04 win-server.lunarstiiiness.com Microsoft-Windows-Sysmon[2212]: {"EventTime":1687288323,"Hostname":"win-server.lunarstiiiness.com","Keywords":-9223372036854775808,"EventType":"INFO","SeverityValue":2,"Severity":"INFO","EventID":13,"SourceName":"Microsoft-Windows-Sysmon","ProviderGuid":"{5770385F-C22A-43E0-BF4C-06F5698FFBD9}","Version":2,"Task":13,"OpcodeValue":0,"RecordNumber":2200841,"ProcessID":2212,"ThreadID":2972,"Channel":"Microsoft-Windows-Sysmon/Operational","Domain":"NT AUTHORITY","AccountName":"SYSTEM","UserID":"S-1-5-18","AccountType":"User","Message":"Registry value set:\r\nRuleName: -\r\nEventType: SetValue\r\nUtcTime: 2023-06-20 19:12:03.117\r\nProcessGuid: {BE59402F-BABB-6491-F10D-000000002400}\r\nProcessId: 4012\r\nImage: C:\\Windows\\system32\\regsvr32.exe\r\nTargetObject: HKCR\\CLSID\\{083863F1-70DE-11D0-BD40-00A0C911CE86}\\Instance\\{183261F8-780B-4506-BE91-434C01DD010A}\\FriendlyName\r\nDetails: RemotelyAnywhere Video Encoder\r\nUser: NT AUTHORITY\\SYSTEM","Category":"Registry value set (rule: RegistryEvent)","Opcode":"Info","RuleName":"-","UtcTime":"2023-06-20 19:12:03.117","ProcessGuid":"{BE59402F-BABB-6491-F10D-000000002400}","Image":"C:\\Windows\\system32\\regsvr32.exe","TargetObject":"HKCR\\CLSID\\{083863F1-70DE-11D0-BD40-00A0C911CE86}\\Instance\\{183261F8-780B-4506-BE91-434C01DD010A}\\FriendlyName","Details":"RemotelyAnywhere Video Encoder","User":"NT AUTHORITY\\SYSTEM","EventReceivedTime":1687288324,"SourceModuleName":"in_sysmon","SourceModuleType":"im_msvistalog"}
<14>Jun 20 19:12:04 win-server.lunarstiiiness.com Microsoft-Windows-Sysmon[2212]: {"EventTime":1687288323,"Hostname":"win-server.lunarstiiiness.com","Keywords":-9223372036854775808,"EventType":"INFO","SeverityValue":2,"Severity":"INFO","EventID":13,"SourceName":"Microsoft-Windows-Sysmon","ProviderGuid":"{5770385F-C22A-43E0-BF4C-06F5698FFBD9}","Version":2,"Task":13,"OpcodeValue":0,"RecordNumber":2200846,"ProcessID":2212,"ThreadID":2972,"Channel":"Microsoft-Windows-Sysmon/Operational","Domain":"NT AUTHORITY","AccountName":"SYSTEM","UserID":"S-1-5-18","AccountType":"User","Message":"Registry value set:\r\nRuleName: -\r\nEventType: SetValue\r\nUtcTime: 2023-06-20 19:12:03.211\r\nProcessGuid: {BE59402F-BABB-6491-F20D-000000002400}\r\nProcessId: 948\r\nImage: C:\\Windows\\SysWOW64\\regsvr32.exe\r\nTargetObject: HKCR\\WOW6432Node\\CLSID\\{33D9A760-90C8-11D0-BD43-00A0C911CE86}\\Instance\\RemotelyAnywhere Video Encoder\\FriendlyName\r\nDetails: RemotelyAnywhere Video Encoder\r\nUser: NT AUTHORITY\\SYSTEM","Category":"Registry value set (rule: RegistryEvent)","Opcode":"Info","RuleName":"-","UtcTime":"2023-06-20 19:12:03.211","ProcessGuid":"{BE59402F-BABB-6491-F20D-000000002400}","Image":"C:\\Windows\\SysWOW64\\regsvr32.exe","TargetObject":"HKCR\\WOW6432Node\\CLSID\\{33D9A760-90C8-11D0-BD43-00A0C911CE86}\\Instance\\RemotelyAnywhere Video Encoder\\FriendlyName","Details":"RemotelyAnywhere Video Encoder","User":"NT AUTHORITY\\SYSTEM","EventReceivedTime":1687288324,"SourceModuleName":"in_sysmon","SourceModuleType":"im_msvistalog"}
