<14>Jun 20 19:11:49 win-server.lunarstiiiness.com Microsoft-Windows-Sysmon[2212]: {"EventTime":1687288309,"Hostname":"win-server.lunarstiiiness.com","Keywords":-9223372036854775808,"EventType":"INFO","SeverityValue":2,"Severity":"INFO","EventID":1,"SourceName":"Microsoft-Windows-Sysmon","ProviderGuid":"{5770385F-C22A-43E0-BF4C-06F5698FFBD9}","Version":5,"Task":1,"OpcodeValue":0,"RecordNumber":2200754,"ProcessID":2212,"ThreadID":2972,"Channel":"Microsoft-Windows-Sysmon/Operational","Domain":"NT AUTHORITY","AccountName":"SYSTEM","UserID":"S-1-5-18","AccountType":"User","Message":"Process Create:\r\nRuleName: technique_id=T1218,technique_name=Signed Binary Proxy Execution\r\nUtcTime: 2023-06-20 19:11:49.202\r\nProcessGuid: {BE59402F-BAAD-6491-EA0D-000000002400}\r\nProcessId: 2800\r\nImage: C:\\Windows\\System32\\msiexec.exe\r\nFileVersion: 5.0.14393.5648 (rs1_release.230105-1654)\r\nDescription: Windows® installer\r\nProduct: Windows Installer - Unicode\r\nCompany: Microsoft Corporation\r\nOriginalFileName: msiexec.exe\r\nCommandLine: C:\\Windows\\system32\\msiexec.exe /V\r\nCurrentDirectory: C:\\Windows\\system32\\\r\nUser: NT AUTHORITY\\SYSTEM\r\nLogonGuid: {BE59402F-92B2-648A-E703-000000000000}\r\nLogonId: 0x3E7\r\nTerminalSessionId: 0\r\nIntegrityLevel: System\r\nHashes: SHA1=11088860F406F34F3CE30476F70CF36DE01D42B6,MD5=9D709253D0D3EF4CBB4CF7BC10276AC7,SHA256=B2BE692D9794337588A16DB43A09371F3D18154E98171856CD4B739998C4D291,IMPHASH=C96E4BCFCDB1BA383604F04AB3452B2F\r\nParentProcessGuid: {BE59402F-92B2-648A-0A00-000000002400}\r\nParentProcessId: 580\r\nParentImage: C:\\Windows\\System32\\services.exe\r\nParentCommandLine: C:\\Windows\\system32\\services.exe\r\nParentUser: NT AUTHORITY\\SYSTEM","Category":"Process Create (rule: ProcessCreate)","Opcode":"Info","RuleName":"technique_id=T1218,technique_name=Signed Binary Proxy Execution","UtcTime":"2023-06-20 19:11:49.202","ProcessGuid":"{BE59402F-BAAD-6491-EA0D-000000002400}","Image":"C:\\Windows\\System32\\msiexec.exe","FileVersion":"5.0.14393.5648 (rs1_release.230105-1654)","Description":"Windows® installer","Product":"Windows Installer - Unicode","Company":"Microsoft Corporation","OriginalFileName":"msiexec.exe","CommandLine":"C:\\Windows\\system32\\msiexec.exe /V","CurrentDirectory":"C:\\Windows\\system32\\","User":"NT AUTHORITY\\SYSTEM","LogonGuid":"{BE59402F-92B2-648A-E703-000000000000}","LogonId":"0x3e7","TerminalSessionId":"0","IntegrityLevel":"System","Hashes":"SHA1=11088860F406F34F3CE30476F70CF36DE01D42B6,MD5=9D709253D0D3EF4CBB4CF7BC10276AC7,SHA256=B2BE692D9794337588A16DB43A09371F3D18154E98171856CD4B739998C4D291,IMPHASH=C96E4BCFCDB1BA383604F04AB3452B2F","ParentProcessGuid":"{BE59402F-92B2-648A-0A00-000000002400}","ParentProcessId":"580","ParentImage":"C:\\Windows\\System32\\services.exe","ParentCommandLine":"C:\\Windows\\system32\\services.exe","ParentUser":"NT AUTHORITY\\SYSTEM","EventReceivedTime":1687288309,"SourceModuleName":"in_sysmon","SourceModuleType":"im_msvistalog"}
<14>Jun 20 19:11:49 win-server.lunarstiiiness.com Microsoft-Windows-Sysmon[2212]: {"EventTime":1687288309,"Hostname":"win-server.lunarstiiiness.com","Keywords":-9223372036854775808,"EventType":"INFO","SeverityValue":2,"Severity":"INFO","EventID":1,"SourceName":"Microsoft-Windows-Sysmon","ProviderGuid":"{5770385F-C22A-43E0-BF4C-06F5698FFBD9}","Version":5,"Task":1,"OpcodeValue":0,"RecordNumber":2200757,"ProcessID":2212,"ThreadID":2972,"Channel":"Microsoft-Windows-Sysmon/Operational","Domain":"NT AUTHORITY","AccountName":"SYSTEM","UserID":"S-1-5-18","AccountType":"User","Message":"Process Create:\r\nRuleName: technique_id=T1218,technique_name=Signed Binary Proxy Execution\r\nUtcTime: 2023-06-20 19:11:49.342\r\nProcessGuid: {BE59402F-BAAD-6491-EB0D-000000002400}\r\nProcessId: 5400\r\nImage: C:\\Windows\\SysWOW64\\msiexec.exe\r\nFileVersion: 5.0.14393.5648 (rs1_release.230105-1654)\r\nDescription: Windows® installer\r\nProduct: Windows Installer - Unicode\r\nCompany: Microsoft Corporation\r\nOriginalFileName: msiexec.exe\r\nCommandLine: C:\\Windows\\syswow64\\MsiExec.exe -Embedding A7B9AD601492D77A46ED7FEE129563BD C\r\nCurrentDirectory: C:\\Windows\\SysWOW64\\\r\nUser: LUNARSTIIINESS\\tim.smith_admin\r\nLogonGuid: {BE59402F-1813-648B-63D4-E10500000000}\r\nLogonId: 0x5E1D463\r\nTerminalSessionId: 2\r\nIntegrityLevel: Medium\r\nHashes: SHA1=1E624B36042B97B3EFC66E00C6F431B7823FDB42,MD5=0E6BA8C0B882285D2B4FD61D0688D65B,SHA256=6929777BD6CEDDDFFF86FC7F505374D5AC0FA0F63722DC1C88594E16FBAFFAD1,IMPHASH=B4730776DFCE61DBCD10D002E3D530E1\r\nParentProcessGuid: {BE59402F-BAAD-6491-EA0D-000000002400}\r\nParentProcessId: 2800\r\nParentImage: C:\\Windows\\System32\\msiexec.exe\r\nParentCommandLine: C:\\Windows\\system32\\msiexec.exe /V\r\nParentUser: NT AUTHORITY\\SYSTEM","Category":"Process Create (rule: ProcessCreate)","Opcode":"Info","RuleName":"technique_id=T1218,technique_name=Signed Binary Proxy Execution","UtcTime":"2023-06-20 19:11:49.342","ProcessGuid":"{BE59402F-BAAD-6491-EB0D-000000002400}","Image":"C:\\Windows\\SysWOW64\\msiexec.exe","FileVersion":"5.0.14393.5648 (rs1_release.230105-1654)","Description":"Windows® installer","Product":"Windows Installer - Unicode","Company":"Microsoft Corporation","OriginalFileName":"msiexec.exe","CommandLine":"C:\\Windows\\syswow64\\MsiExec.exe -Embedding A7B9AD601492D77A46ED7FEE129563BD C","CurrentDirectory":"C:\\Windows\\SysWOW64\\","User":"LUNARSTIIINESS\\tim.smith_admin","LogonGuid":"{BE59402F-1813-648B-63D4-E10500000000}","LogonId":"0x5e1d463","TerminalSessionId":"2","IntegrityLevel":"Medium","Hashes":"SHA1=1E624B36042B97B3EFC66E00C6F431B7823FDB42,MD5=0E6BA8C0B882285D2B4FD61D0688D65B,SHA256=6929777BD6CEDDDFFF86FC7F505374D5AC0FA0F63722DC1C88594E16FBAFFAD1,IMPHASH=B4730776DFCE61DBCD10D002E3D530E1","ParentProcessGuid":"{BE59402F-BAAD-6491-EA0D-000000002400}","ParentProcessId":"2800","ParentImage":"C:\\Windows\\System32\\msiexec.exe","ParentCommandLine":"C:\\Windows\\system32\\msiexec.exe /V","ParentUser":"NT AUTHORITY\\SYSTEM","EventReceivedTime":1687288309,"SourceModuleName":"in_sysmon","SourceModuleType":"im_msvistalog"}
<14>Jun 20 19:11:49 win-server.lunarstiiiness.com Microsoft-Windows-Sysmon[2212]: {"EventTime":1687288309,"Hostname":"win-server.lunarstiiiness.com","Keywords":-9223372036854775808,"EventType":"INFO","SeverityValue":2,"Severity":"INFO","EventID":7,"SourceName":"Microsoft-Windows-Sysmon","ProviderGuid":"{5770385F-C22A-43E0-BF4C-06F5698FFBD9}","Version":3,"Task":7,"OpcodeValue":0,"RecordNumber":2200755,"ProcessID":2212,"ThreadID":2972,"Channel":"Microsoft-Windows-Sysmon/Operational","Domain":"NT AUTHORITY","AccountName":"SYSTEM","UserID":"S-1-5-18","AccountType":"User","Message":"Image loaded:\r\nRuleName: technique_id=T1055,technique_name=Process Injection\r\nUtcTime: 2023-06-20 19:11:49.242\r\nProcessGuid: {BE59402F-BAAC-6491-E90D-000000002400}\r\nProcessId: 6072\r\nImage: C:\\Windows\\System32\\msiexec.exe\r\nImageLoaded: C:\\Windows\\System32\\mscoree.dll\r\nFileVersion: 10.0.14393.0 (rs1_release.160715-1616)\r\nDescription: Microsoft .NET Runtime Execution Engine\r\nProduct: Microsoft® Windows® Operating System\r\nCompany: Microsoft Corporation\r\nOriginalFileName: mscoree.dll\r\nHashes: SHA1=633704576029BE229D7AB7283F0262E3D918C94B,MD5=5ECE402D7E12EC3750D044BF3D878DF6,SHA256=3F02B1AE7B61BC36B04EA2B82ED79F112219F4E9668518030FF14B005E2C9BBC,IMPHASH=12E8F895FFFE1065F24D148EC1ED3096\r\nSigned: true\r\nSignature: Microsoft Windows\r\nSignatureStatus: Valid\r\nUser: LUNARSTIIINESS\\tim.smith_admin","Category":"Image loaded (rule: ImageLoad)","Opcode":"Info","RuleName":"technique_id=T1055,technique_name=Process Injection","UtcTime":"2023-06-20 19:11:49.242","ProcessGuid":"{BE59402F-BAAC-6491-E90D-000000002400}","Image":"C:\\Windows\\System32\\msiexec.exe","ImageLoaded":"C:\\Windows\\System32\\mscoree.dll","FileVersion":"10.0.14393.0 (rs1_release.160715-1616)","Description":"Microsoft .NET Runtime Execution Engine","Product":"Microsoft® Windows® Operating System","Company":"Microsoft Corporation","OriginalFileName":"mscoree.dll","Hashes":"SHA1=633704576029BE229D7AB7283F0262E3D918C94B,MD5=5ECE402D7E12EC3750D044BF3D878DF6,SHA256=3F02B1AE7B61BC36B04EA2B82ED79F112219F4E9668518030FF14B005E2C9BBC,IMPHASH=12E8F895FFFE1065F24D148EC1ED3096","Signed":"true","Signature":"Microsoft Windows","SignatureStatus":"Valid","User":"LUNARSTIIINESS\\tim.smith_admin","EventReceivedTime":1687288309,"SourceModuleName":"in_sysmon","SourceModuleType":"im_msvistalog"}
<14>Jun 20 19:11:49 win-server.lunarstiiiness.com Microsoft-Windows-Sysmon[2212]: {"EventTime":1687288309,"Hostname":"win-server.lunarstiiiness.com","Keywords":-9223372036854775808,"EventType":"INFO","SeverityValue":2,"Severity":"INFO","EventID":7,"SourceName":"Microsoft-Windows-Sysmon","ProviderGuid":"{5770385F-C22A-43E0-BF4C-06F5698FFBD9}","Version":3,"Task":7,"OpcodeValue":0,"RecordNumber":2200756,"ProcessID":2212,"ThreadID":2972,"Channel":"Microsoft-Windows-Sysmon/Operational","Domain":"NT AUTHORITY","AccountName":"SYSTEM","UserID":"S-1-5-18","AccountType":"User","Message":"Image loaded:\r\nRuleName: technique_id=T1055,technique_name=Process Injection\r\nUtcTime: 2023-06-20 19:11:49.246\r\nProcessGuid: {BE59402F-BAAC-6491-E90D-000000002400}\r\nProcessId: 6072\r\nImage: C:\\Windows\\System32\\msiexec.exe\r\nImageLoaded: C:\\Windows\\Microsoft.NET\\Framework64\\v4.0.30319\\mscoreei.dll\r\nFileVersion: 4.8.4180.0 built by: NET48REL1LAST_B\r\nDescription: Microsoft .NET Runtime Execution Engine\r\nProduct: Microsoft® .NET Framework\r\nCompany: Microsoft Corporation\r\nOriginalFileName: mscoreei.dll\r\nHashes: SHA1=1283EF637FA53D571118F269F9B8C0A5CCA2BF01,MD5=899A8B655E52A061B33571D97C5C06ED,SHA256=DE05B03E37FB9BA5D74CF8FA36A6F0B15AB61705285B738BC90D14FDE580A45E,IMPHASH=005299FA213F652A596AC31760C5340B\r\nSigned: true\r\nSignature: Microsoft Corporation\r\nSignatureStatus: Valid\r\nUser: LUNARSTIIINESS\\tim.smith_admin","Category":"Image loaded (rule: ImageLoad)","Opcode":"Info","RuleName":"technique_id=T1055,technique_name=Process Injection","UtcTime":"2023-06-20 19:11:49.246","ProcessGuid":"{BE59402F-BAAC-6491-E90D-000000002400}","Image":"C:\\Windows\\System32\\msiexec.exe","ImageLoaded":"C:\\Windows\\Microsoft.NET\\Framework64\\v4.0.30319\\mscoreei.dll","FileVersion":"4.8.4180.0 built by: NET48REL1LAST_B","Description":"Microsoft .NET Runtime Execution Engine","Product":"Microsoft® .NET Framework","Company":"Microsoft Corporation","OriginalFileName":"mscoreei.dll","Hashes":"SHA1=1283EF637FA53D571118F269F9B8C0A5CCA2BF01,MD5=899A8B655E52A061B33571D97C5C06ED,SHA256=DE05B03E37FB9BA5D74CF8FA36A6F0B15AB61705285B738BC90D14FDE580A45E,IMPHASH=005299FA213F652A596AC31760C5340B","Signed":"true","Signature":"Microsoft Corporation","SignatureStatus":"Valid","User":"LUNARSTIIINESS\\tim.smith_admin","EventReceivedTime":1687288309,"SourceModuleName":"in_sysmon","SourceModuleType":"im_msvistalog"}
<14>Jun 20 19:11:49 win-server.lunarstiiiness.com Microsoft-Windows-Sysmon[2212]: {"EventTime":1687288309,"Hostname":"win-server.lunarstiiiness.com","Keywords":-9223372036854775808,"EventType":"INFO","SeverityValue":2,"Severity":"INFO","EventID":7,"SourceName":"Microsoft-Windows-Sysmon","ProviderGuid":"{5770385F-C22A-43E0-BF4C-06F5698FFBD9}","Version":3,"Task":7,"OpcodeValue":0,"RecordNumber":2200759,"ProcessID":2212,"ThreadID":2976,"Channel":"Microsoft-Windows-Sysmon/Operational","Domain":"NT AUTHORITY","AccountName":"SYSTEM","UserID":"S-1-5-18","AccountType":"User","Message":"Image loaded:\r\nRuleName: technique_id=T1574.002,technique_name=DLL Side-Loading\r\nUtcTime: 2023-06-20 19:11:49.747\r\nProcessGuid: {BE59402F-BAAD-6491-EB0D-000000002400}\r\nProcessId: 5400\r\nImage: C:\\Windows\\SysWOW64\\msiexec.exe\r\nImageLoaded: C:\\Users\\TIM~1.SMI\\AppData\\Local\\Temp\\2\\MSIF872.tmp\r\nFileVersion: -\r\nDescription: -\r\nProduct: -\r\nCompany: -\r\nOriginalFileName: -\r\nHashes: SHA1=4E75BBB5238F479A8B5E82190C74CB9AF98C2BBA,MD5=DD2F3228CB297FBE1601FB87794A80E2,SHA256=F56005207C1D951B4F0131C2E0526BCB68EBF17B53FCDAE8E4168D6287D9DACC,IMPHASH=C49E3B8B3250CE5843BE9CFA03C540BB\r\nSigned: false\r\nSignature: -\r\nSignatureStatus: Unavailable\r\nUser: LUNARSTIIINESS\\tim.smith_admin","Category":"Image loaded (rule: ImageLoad)","Opcode":"Info","RuleName":"technique_id=T1574.002,technique_name=DLL Side-Loading","UtcTime":"2023-06-20 19:11:49.747","ProcessGuid":"{BE59402F-BAAD-6491-EB0D-000000002400}","Image":"C:\\Windows\\SysWOW64\\msiexec.exe","ImageLoaded":"C:\\Users\\TIM~1.SMI\\AppData\\Local\\Temp\\2\\MSIF872.tmp","FileVersion":"-","Description":"-","Product":"-","Company":"-","OriginalFileName":"-","Hashes":"SHA1=4E75BBB5238F479A8B5E82190C74CB9AF98C2BBA,MD5=DD2F3228CB297FBE1601FB87794A80E2,SHA256=F56005207C1D951B4F0131C2E0526BCB68EBF17B53FCDAE8E4168D6287D9DACC,IMPHASH=C49E3B8B3250CE5843BE9CFA03C540BB","Signed":"false","Signature":"-","SignatureStatus":"Unavailable","User":"LUNARSTIIINESS\\tim.smith_admin","EventReceivedTime":1687288309,"SourceModuleName":"in_sysmon","SourceModuleType":"im_msvistalog"}
<14>Jun 20 19:11:49 win-server.lunarstiiiness.com Microsoft-Windows-Sysmon[2212]: {"EventTime":1687288309,"Hostname":"win-server.lunarstiiiness.com","Keywords":-9223372036854775808,"EventType":"INFO","SeverityValue":2,"Severity":"INFO","EventID":7,"SourceName":"Microsoft-Windows-Sysmon","ProviderGuid":"{5770385F-C22A-43E0-BF4C-06F5698FFBD9}","Version":3,"Task":7,"OpcodeValue":0,"RecordNumber":2200760,"ProcessID":2212,"ThreadID":2972,"Channel":"Microsoft-Windows-Sysmon/Operational","Domain":"NT AUTHORITY","AccountName":"SYSTEM","UserID":"S-1-5-18","AccountType":"User","Message":"Image loaded:\r\nRuleName: technique_id=T1574.002,technique_name=DLL Side-Loading\r\nUtcTime: 2023-06-20 19:11:49.762\r\nProcessGuid: {BE59402F-BAAD-6491-EB0D-000000002400}\r\nProcessId: 5400\r\nImage: C:\\Windows\\SysWOW64\\msiexec.exe\r\nImageLoaded: C:\\Users\\TIM~1.SMI\\AppData\\Local\\Temp\\2\\MSIFA19.tmp\r\nFileVersion: 7.50.3568\r\nDescription: CustomAction Dynamic Link Library\r\nProduct: CustomAction Dynamic Link Library\r\nCompany: -\r\nOriginalFileName: CustomAction.dll\r\nHashes: SHA1=4E75BBB5238F479A8B5E82190C74CB9AF98C2BBA,MD5=DD2F3228CB297FBE1601FB87794A80E2,SHA256=F56005207C1D951B4F0131C2E0526BCB68EBF17B53FCDAE8E4168D6287D9DACC,IMPHASH=C49E3B8B3250CE5843BE9CFA03C540BB\r\nSigned: false\r\nSignature: -\r\nSignatureStatus: Unavailable\r\nUser: LUNARSTIIINESS\\tim.smith_admin","Category":"Image loaded (rule: ImageLoad)","Opcode":"Info","RuleName":"technique_id=T1574.002,technique_name=DLL Side-Loading","UtcTime":"2023-06-20 19:11:49.762","ProcessGuid":"{BE59402F-BAAD-6491-EB0D-000000002400}","Image":"C:\\Windows\\SysWOW64\\msiexec.exe","ImageLoaded":"C:\\Users\\TIM~1.SMI\\AppData\\Local\\Temp\\2\\MSIFA19.tmp","FileVersion":"7.50.3568","Description":"CustomAction Dynamic Link Library","Product":"CustomAction Dynamic Link Library","Company":"-","OriginalFileName":"CustomAction.dll","Hashes":"SHA1=4E75BBB5238F479A8B5E82190C74CB9AF98C2BBA,MD5=DD2F3228CB297FBE1601FB87794A80E2,SHA256=F56005207C1D951B4F0131C2E0526BCB68EBF17B53FCDAE8E4168D6287D9DACC,IMPHASH=C49E3B8B3250CE5843BE9CFA03C540BB","Signed":"false","Signature":"-","SignatureStatus":"Unavailable","User":"LUNARSTIIINESS\\tim.smith_admin","EventReceivedTime":1687288309,"SourceModuleName":"in_sysmon","SourceModuleType":"im_msvistalog"}
<14>Jun 20 19:11:49 win-server.lunarstiiiness.com Microsoft-Windows-Sysmon[2212]: {"EventTime":1687288309,"Hostname":"win-server.lunarstiiiness.com","Keywords":-9223372036854775808,"EventType":"INFO","SeverityValue":2,"Severity":"INFO","EventID":7,"SourceName":"Microsoft-Windows-Sysmon","ProviderGuid":"{5770385F-C22A-43E0-BF4C-06F5698FFBD9}","Version":3,"Task":7,"OpcodeValue":0,"RecordNumber":2200762,"ProcessID":2212,"ThreadID":2972,"Channel":"Microsoft-Windows-Sysmon/Operational","Domain":"NT AUTHORITY","AccountName":"SYSTEM","UserID":"S-1-5-18","AccountType":"User","Message":"Image loaded:\r\nRuleName: technique_id=T1574.002,technique_name=DLL Side-Loading\r\nUtcTime: 2023-06-20 19:11:49.800\r\nProcessGuid: {BE59402F-BAAD-6491-EB0D-000000002400}\r\nProcessId: 5400\r\nImage: C:\\Windows\\SysWOW64\\msiexec.exe\r\nImageLoaded: C:\\Users\\TIM~1.SMI\\AppData\\Local\\Temp\\2\\MSIFA39.tmp\r\nFileVersion: 7.50.3568\r\nDescription: CustomAction Dynamic Link Library\r\nProduct: CustomAction Dynamic Link Library\r\nCompany: -\r\nOriginalFileName: CustomAction.dll\r\nHashes: SHA1=4E75BBB5238F479A8B5E82190C74CB9AF98C2BBA,MD5=DD2F3228CB297FBE1601FB87794A80E2,SHA256=F56005207C1D951B4F0131C2E0526BCB68EBF17B53FCDAE8E4168D6287D9DACC,IMPHASH=C49E3B8B3250CE5843BE9CFA03C540BB\r\nSigned: false\r\nSignature: -\r\nSignatureStatus: Unavailable\r\nUser: LUNARSTIIINESS\\tim.smith_admin","Category":"Image loaded (rule: ImageLoad)","Opcode":"Info","RuleName":"technique_id=T1574.002,technique_name=DLL Side-Loading","UtcTime":"2023-06-20 19:11:49.800","ProcessGuid":"{BE59402F-BAAD-6491-EB0D-000000002400}","Image":"C:\\Windows\\SysWOW64\\msiexec.exe","ImageLoaded":"C:\\Users\\TIM~1.SMI\\AppData\\Local\\Temp\\2\\MSIFA39.tmp","FileVersion":"7.50.3568","Description":"CustomAction Dynamic Link Library","Product":"CustomAction Dynamic Link Library","Company":"-","OriginalFileName":"CustomAction.dll","Hashes":"SHA1=4E75BBB5238F479A8B5E82190C74CB9AF98C2BBA,MD5=DD2F3228CB297FBE1601FB87794A80E2,SHA256=F56005207C1D951B4F0131C2E0526BCB68EBF17B53FCDAE8E4168D6287D9DACC,IMPHASH=C49E3B8B3250CE5843BE9CFA03C540BB","Signed":"false","Signature":"-","SignatureStatus":"Unavailable","User":"LUNARSTIIINESS\\tim.smith_admin","EventReceivedTime":1687288309,"SourceModuleName":"in_sysmon","SourceModuleType":"im_msvistalog"}
<14>Jun 20 19:11:52 win-server.lunarstiiiness.com Microsoft-Windows-Sysmon[2212]: {"EventTime":1687288311,"Hostname":"win-server.lunarstiiiness.com","Keywords":-9223372036854775808,"EventType":"INFO","SeverityValue":2,"Severity":"INFO","EventID":7,"SourceName":"Microsoft-Windows-Sysmon","ProviderGuid":"{5770385F-C22A-43E0-BF4C-06F5698FFBD9}","Version":3,"Task":7,"OpcodeValue":0,"RecordNumber":2200764,"ProcessID":2212,"ThreadID":2972,"Channel":"Microsoft-Windows-Sysmon/Operational","Domain":"NT AUTHORITY","AccountName":"SYSTEM","UserID":"S-1-5-18","AccountType":"User","Message":"Image loaded:\r\nRuleName: technique_id=T1574.002,technique_name=DLL Side-Loading\r\nUtcTime: 2023-06-20 19:11:51.082\r\nProcessGuid: {BE59402F-BAAD-6491-EB0D-000000002400}\r\nProcessId: 5400\r\nImage: C:\\Windows\\SysWOW64\\msiexec.exe\r\nImageLoaded: C:\\Users\\TIM~1.SMI\\AppData\\Local\\Temp\\2\\MSIFF3C.tmp\r\nFileVersion: 7.50.3568\r\nDescription: CustomAction Dynamic Link Library\r\nProduct: CustomAction Dynamic Link Library\r\nCompany: -\r\nOriginalFileName: CustomAction.dll\r\nHashes: SHA1=4E75BBB5238F479A8B5E82190C74CB9AF98C2BBA,MD5=DD2F3228CB297FBE1601FB87794A80E2,SHA256=F56005207C1D951B4F0131C2E0526BCB68EBF17B53FCDAE8E4168D6287D9DACC,IMPHASH=C49E3B8B3250CE5843BE9CFA03C540BB\r\nSigned: false\r\nSignature: -\r\nSignatureStatus: Unavailable\r\nUser: LUNARSTIIINESS\\tim.smith_admin","Category":"Image loaded (rule: ImageLoad)","Opcode":"Info","RuleName":"technique_id=T1574.002,technique_name=DLL Side-Loading","UtcTime":"2023-06-20 19:11:51.082","ProcessGuid":"{BE59402F-BAAD-6491-EB0D-000000002400}","Image":"C:\\Windows\\SysWOW64\\msiexec.exe","ImageLoaded":"C:\\Users\\TIM~1.SMI\\AppData\\Local\\Temp\\2\\MSIFF3C.tmp","FileVersion":"7.50.3568","Description":"CustomAction Dynamic Link Library","Product":"CustomAction Dynamic Link Library","Company":"-","OriginalFileName":"CustomAction.dll","Hashes":"SHA1=4E75BBB5238F479A8B5E82190C74CB9AF98C2BBA,MD5=DD2F3228CB297FBE1601FB87794A80E2,SHA256=F56005207C1D951B4F0131C2E0526BCB68EBF17B53FCDAE8E4168D6287D9DACC,IMPHASH=C49E3B8B3250CE5843BE9CFA03C540BB","Signed":"false","Signature":"-","SignatureStatus":"Unavailable","User":"LUNARSTIIINESS\\tim.smith_admin","EventReceivedTime":1687288312,"SourceModuleName":"in_sysmon","SourceModuleType":"im_msvistalog"}
<14>Jun 20 19:11:49 win-server.lunarstiiiness.com Microsoft-Windows-Sysmon[2212]: {"EventTime":1687288309,"Hostname":"win-server.lunarstiiiness.com","Keywords":-9223372036854775808,"EventType":"INFO","SeverityValue":2,"Severity":"INFO","EventID":23,"SourceName":"Microsoft-Windows-Sysmon","ProviderGuid":"{5770385F-C22A-43E0-BF4C-06F5698FFBD9}","Version":5,"Task":23,"OpcodeValue":0,"RecordNumber":2200758,"ProcessID":2212,"ThreadID":2972,"Channel":"Microsoft-Windows-Sysmon/Operational","Domain":"NT AUTHORITY","AccountName":"SYSTEM","UserID":"S-1-5-18","AccountType":"User","Message":"File Delete archived:\r\nRuleName: -\r\nUtcTime: 2023-06-20 19:11:49.754\r\nProcessGuid: {BE59402F-BAAC-6491-E90D-000000002400}\r\nProcessId: 6072\r\nUser: LUNARSTIIINESS\\tim.smith_admin\r\nImage: C:\\Windows\\System32\\msiexec.exe\r\nTargetFilename: C:\\Users\\TIM~1.SMI\\AppData\\Local\\Temp\\2\\MSIF872.tmp\r\nHashes: SHA1=4E75BBB5238F479A8B5E82190C74CB9AF98C2BBA,MD5=DD2F3228CB297FBE1601FB87794A80E2,SHA256=F56005207C1D951B4F0131C2E0526BCB68EBF17B53FCDAE8E4168D6287D9DACC,IMPHASH=C49E3B8B3250CE5843BE9CFA03C540BB\r\nIsExecutable: true\r\nArchived: true","Category":"File Delete archived (rule: FileDelete)","Opcode":"Info","RuleName":"-","UtcTime":"2023-06-20 19:11:49.754","ProcessGuid":"{BE59402F-BAAC-6491-E90D-000000002400}","User":"LUNARSTIIINESS\\tim.smith_admin","Image":"C:\\Windows\\System32\\msiexec.exe","TargetFilename":"C:\\Users\\TIM~1.SMI\\AppData\\Local\\Temp\\2\\MSIF872.tmp","Hashes":"SHA1=4E75BBB5238F479A8B5E82190C74CB9AF98C2BBA,MD5=DD2F3228CB297FBE1601FB87794A80E2,SHA256=F56005207C1D951B4F0131C2E0526BCB68EBF17B53FCDAE8E4168D6287D9DACC,IMPHASH=C49E3B8B3250CE5843BE9CFA03C540BB","IsExecutable":"true","Archived":"true","EventReceivedTime":1687288309,"SourceModuleName":"in_sysmon","SourceModuleType":"im_msvistalog"}
<14>Jun 20 19:11:49 win-server.lunarstiiiness.com Microsoft-Windows-Sysmon[2212]: {"EventTime":1687288309,"Hostname":"win-server.lunarstiiiness.com","Keywords":-9223372036854775808,"EventType":"INFO","SeverityValue":2,"Severity":"INFO","EventID":23,"SourceName":"Microsoft-Windows-Sysmon","ProviderGuid":"{5770385F-C22A-43E0-BF4C-06F5698FFBD9}","Version":5,"Task":23,"OpcodeValue":0,"RecordNumber":2200761,"ProcessID":2212,"ThreadID":2972,"Channel":"Microsoft-Windows-Sysmon/Operational","Domain":"NT AUTHORITY","AccountName":"SYSTEM","UserID":"S-1-5-18","AccountType":"User","Message":"File Delete archived:\r\nRuleName: -\r\nUtcTime: 2023-06-20 19:11:49.793\r\nProcessGuid: {BE59402F-BAAC-6491-E90D-000000002400}\r\nProcessId: 6072\r\nUser: LUNARSTIIINESS\\tim.smith_admin\r\nImage: C:\\Windows\\System32\\msiexec.exe\r\nTargetFilename: C:\\Users\\TIM~1.SMI\\AppData\\Local\\Temp\\2\\MSIFA19.tmp\r\nHashes: SHA1=4E75BBB5238F479A8B5E82190C74CB9AF98C2BBA,MD5=DD2F3228CB297FBE1601FB87794A80E2,SHA256=F56005207C1D951B4F0131C2E0526BCB68EBF17B53FCDAE8E4168D6287D9DACC,IMPHASH=C49E3B8B3250CE5843BE9CFA03C540BB\r\nIsExecutable: true\r\nArchived: true","Category":"File Delete archived (rule: FileDelete)","Opcode":"Info","RuleName":"-","UtcTime":"2023-06-20 19:11:49.793","ProcessGuid":"{BE59402F-BAAC-6491-E90D-000000002400}","User":"LUNARSTIIINESS\\tim.smith_admin","Image":"C:\\Windows\\System32\\msiexec.exe","TargetFilename":"C:\\Users\\TIM~1.SMI\\AppData\\Local\\Temp\\2\\MSIFA19.tmp","Hashes":"SHA1=4E75BBB5238F479A8B5E82190C74CB9AF98C2BBA,MD5=DD2F3228CB297FBE1601FB87794A80E2,SHA256=F56005207C1D951B4F0131C2E0526BCB68EBF17B53FCDAE8E4168D6287D9DACC,IMPHASH=C49E3B8B3250CE5843BE9CFA03C540BB","IsExecutable":"true","Archived":"true","EventReceivedTime":1687288309,"SourceModuleName":"in_sysmon","SourceModuleType":"im_msvistalog"}
<14>Jun 20 19:11:49 win-server.lunarstiiiness.com Microsoft-Windows-Sysmon[2212]: {"EventTime":1687288309,"Hostname":"win-server.lunarstiiiness.com","Keywords":-9223372036854775808,"EventType":"INFO","SeverityValue":2,"Severity":"INFO","EventID":23,"SourceName":"Microsoft-Windows-Sysmon","ProviderGuid":"{5770385F-C22A-43E0-BF4C-06F5698FFBD9}","Version":5,"Task":23,"OpcodeValue":0,"RecordNumber":2200763,"ProcessID":2212,"ThreadID":2972,"Channel":"Microsoft-Windows-Sysmon/Operational","Domain":"NT AUTHORITY","AccountName":"SYSTEM","UserID":"S-1-5-18","AccountType":"User","Message":"File Delete archived:\r\nRuleName: -\r\nUtcTime: 2023-06-20 19:11:49.804\r\nProcessGuid: {BE59402F-BAAC-6491-E90D-000000002400}\r\nProcessId: 6072\r\nUser: LUNARSTIIINESS\\tim.smith_admin\r\nImage: C:\\Windows\\System32\\msiexec.exe\r\nTargetFilename: C:\\Users\\TIM~1.SMI\\AppData\\Local\\Temp\\2\\MSIFA39.tmp\r\nHashes: SHA1=4E75BBB5238F479A8B5E82190C74CB9AF98C2BBA,MD5=DD2F3228CB297FBE1601FB87794A80E2,SHA256=F56005207C1D951B4F0131C2E0526BCB68EBF17B53FCDAE8E4168D6287D9DACC,IMPHASH=C49E3B8B3250CE5843BE9CFA03C540BB\r\nIsExecutable: true\r\nArchived: true","Category":"File Delete archived (rule: FileDelete)","Opcode":"Info","RuleName":"-","UtcTime":"2023-06-20 19:11:49.804","ProcessGuid":"{BE59402F-BAAC-6491-E90D-000000002400}","User":"LUNARSTIIINESS\\tim.smith_admin","Image":"C:\\Windows\\System32\\msiexec.exe","TargetFilename":"C:\\Users\\TIM~1.SMI\\AppData\\Local\\Temp\\2\\MSIFA39.tmp","Hashes":"SHA1=4E75BBB5238F479A8B5E82190C74CB9AF98C2BBA,MD5=DD2F3228CB297FBE1601FB87794A80E2,SHA256=F56005207C1D951B4F0131C2E0526BCB68EBF17B53FCDAE8E4168D6287D9DACC,IMPHASH=C49E3B8B3250CE5843BE9CFA03C540BB","IsExecutable":"true","Archived":"true","EventReceivedTime":1687288309,"SourceModuleName":"in_sysmon","SourceModuleType":"im_msvistalog"}
<14>Jun 20 19:11:52 win-server.lunarstiiiness.com Microsoft-Windows-Sysmon[2212]: {"EventTime":1687288311,"Hostname":"win-server.lunarstiiiness.com","Keywords":-9223372036854775808,"EventType":"INFO","SeverityValue":2,"Severity":"INFO","EventID":23,"SourceName":"Microsoft-Windows-Sysmon","ProviderGuid":"{5770385F-C22A-43E0-BF4C-06F5698FFBD9}","Version":5,"Task":23,"OpcodeValue":0,"RecordNumber":2200765,"ProcessID":2212,"ThreadID":2972,"Channel":"Microsoft-Windows-Sysmon/Operational","Domain":"NT AUTHORITY","AccountName":"SYSTEM","UserID":"S-1-5-18","AccountType":"User","Message":"File Delete archived:\r\nRuleName: -\r\nUtcTime: 2023-06-20 19:11:51.113\r\nProcessGuid: {BE59402F-BAAC-6491-E90D-000000002400}\r\nProcessId: 6072\r\nUser: LUNARSTIIINESS\\tim.smith_admin\r\nImage: C:\\Windows\\System32\\msiexec.exe\r\nTargetFilename: C:\\Users\\TIM~1.SMI\\AppData\\Local\\Temp\\2\\MSIFF3C.tmp\r\nHashes: SHA1=4E75BBB5238F479A8B5E82190C74CB9AF98C2BBA,MD5=DD2F3228CB297FBE1601FB87794A80E2,SHA256=F56005207C1D951B4F0131C2E0526BCB68EBF17B53FCDAE8E4168D6287D9DACC,IMPHASH=C49E3B8B3250CE5843BE9CFA03C540BB\r\nIsExecutable: true\r\nArchived: true","Category":"File Delete archived (rule: FileDelete)","Opcode":"Info","RuleName":"-","UtcTime":"2023-06-20 19:11:51.113","ProcessGuid":"{BE59402F-BAAC-6491-E90D-000000002400}","User":"LUNARSTIIINESS\\tim.smith_admin","Image":"C:\\Windows\\System32\\msiexec.exe","TargetFilename":"C:\\Users\\TIM~1.SMI\\AppData\\Local\\Temp\\2\\MSIFF3C.tmp","Hashes":"SHA1=4E75BBB5238F479A8B5E82190C74CB9AF98C2BBA,MD5=DD2F3228CB297FBE1601FB87794A80E2,SHA256=F56005207C1D951B4F0131C2E0526BCB68EBF17B53FCDAE8E4168D6287D9DACC,IMPHASH=C49E3B8B3250CE5843BE9CFA03C540BB","IsExecutable":"true","Archived":"true","EventReceivedTime":1687288312,"SourceModuleName":"in_sysmon","SourceModuleType":"im_msvistalog"}
<14>Jun 20 19:11:54 win-server.lunarstiiiness.com Microsoft-Windows-Sysmon[2212]: {"EventTime":1687288313,"Hostname":"win-server.lunarstiiiness.com","Keywords":-9223372036854775808,"EventType":"INFO","SeverityValue":2,"Severity":"INFO","EventID":22,"SourceName":"Microsoft-Windows-Sysmon","ProviderGuid":"{5770385F-C22A-43E0-BF4C-06F5698FFBD9}","Version":5,"Task":22,"OpcodeValue":0,"RecordNumber":2200766,"ProcessID":2212,"ThreadID":2992,"Channel":"Microsoft-Windows-Sysmon/Operational","Domain":"NT AUTHORITY","AccountName":"SYSTEM","UserID":"S-1-5-18","AccountType":"User","Message":"Dns query:\r\nRuleName: -\r\nUtcTime: 2023-06-20 19:11:52.936\r\nProcessGuid: {BE59402F-B8EE-6491-D10D-000000002400}\r\nProcessId: 1160\r\nQueryName: b.6sc.co\r\nQueryStatus: 0\r\nQueryResults: type:  5 b2.6sc.co.edgekey.net;type:  5 e212585.b.akamaiedge.net;::ffff:23.33.29.132;::ffff:23.33.29.152;::ffff:23.33.29.142;\r\nImage: C:\\Program Files\\Mozilla Firefox\\firefox.exe\r\nUser: LUNARSTIIINESS\\tim.smith_admin","Category":"Dns query (rule: DnsQuery)","Opcode":"Info","RuleName":"-","UtcTime":"2023-06-20 19:11:52.936","ProcessGuid":"{BE59402F-B8EE-6491-D10D-000000002400}","QueryName":"b.6sc.co","QueryStatus":"0","QueryResults":"type:  5 b2.6sc.co.edgekey.net;type:  5 e212585.b.akamaiedge.net;::ffff:23.33.29.132;::ffff:23.33.29.152;::ffff:23.33.29.142;","Image":"C:\\Program Files\\Mozilla Firefox\\firefox.exe","User":"LUNARSTIIINESS\\tim.smith_admin","EventReceivedTime":1687288314,"SourceModuleName":"in_sysmon","SourceModuleType":"im_msvistalog"}
<14>Jun 20 19:11:54 win-server.lunarstiiiness.com Microsoft-Windows-Sysmon[2212]: {"EventTime":1687288313,"Hostname":"win-server.lunarstiiiness.com","Keywords":-9223372036854775808,"EventType":"INFO","SeverityValue":2,"Severity":"INFO","EventID":22,"SourceName":"Microsoft-Windows-Sysmon","ProviderGuid":"{5770385F-C22A-43E0-BF4C-06F5698FFBD9}","Version":5,"Task":22,"OpcodeValue":0,"RecordNumber":2200767,"ProcessID":2212,"ThreadID":2992,"Channel":"Microsoft-Windows-Sysmon/Operational","Domain":"NT AUTHORITY","AccountName":"SYSTEM","UserID":"S-1-5-18","AccountType":"User","Message":"Dns query:\r\nRuleName: -\r\nUtcTime: 2023-06-20 19:11:52.937\r\nProcessGuid: {BE59402F-B8EE-6491-D10D-000000002400}\r\nProcessId: 1160\r\nQueryName: e212585.b.akamaiedge.net\r\nQueryStatus: 0\r\nQueryResults: 23.33.29.152;23.33.29.142;23.33.29.132;\r\nImage: C:\\Program Files\\Mozilla Firefox\\firefox.exe\r\nUser: LUNARSTIIINESS\\tim.smith_admin","Category":"Dns query (rule: DnsQuery)","Opcode":"Info","RuleName":"-","UtcTime":"2023-06-20 19:11:52.937","ProcessGuid":"{BE59402F-B8EE-6491-D10D-000000002400}","QueryName":"e212585.b.akamaiedge.net","QueryStatus":"0","QueryResults":"23.33.29.152;23.33.29.142;23.33.29.132;","Image":"C:\\Program Files\\Mozilla Firefox\\firefox.exe","User":"LUNARSTIIINESS\\tim.smith_admin","EventReceivedTime":1687288314,"SourceModuleName":"in_sysmon","SourceModuleType":"im_msvistalog"}
<14>Jun 20 19:11:58 win-server.lunarstiiiness.com Microsoft-Windows-Sysmon[2212]: {"EventTime":1687288316,"Hostname":"win-server.lunarstiiiness.com","Keywords":-9223372036854775808,"EventType":"INFO","SeverityValue":2,"Severity":"INFO","EventID":7,"SourceName":"Microsoft-Windows-Sysmon","ProviderGuid":"{5770385F-C22A-43E0-BF4C-06F5698FFBD9}","Version":3,"Task":7,"OpcodeValue":0,"RecordNumber":2200768,"ProcessID":2212,"ThreadID":2976,"Channel":"Microsoft-Windows-Sysmon/Operational","Domain":"NT AUTHORITY","AccountName":"SYSTEM","UserID":"S-1-5-18","AccountType":"User","Message":"Image loaded:\r\nRuleName: technique_id=T1574.002,technique_name=DLL Side-Loading\r\nUtcTime: 2023-06-20 19:11:56.864\r\nProcessGuid: {BE59402F-BAAD-6491-EB0D-000000002400}\r\nProcessId: 5400\r\nImage: C:\\Windows\\SysWOW64\\msiexec.exe\r\nImageLoaded: C:\\Users\\TIM~1.SMI\\AppData\\Local\\Temp\\2\\MSI15D2.tmp\r\nFileVersion: 3.0.5419.0\r\nDescription: WiX PrintEula Custom Actions\r\nProduct: Windows Installer XML\r\nCompany: Microsoft Corporation\r\nOriginalFileName: printeula.dll\r\nHashes: SHA1=4630E3D9788C445812AE7F3A5436B809C6CDA09E,MD5=5EA7455A71A9B481D0D9402C4E4E19D7,SHA256=428C16FAD8A8190A6090FA940C2EF2D5C13168F721D958750A874FF8C13C5A85,IMPHASH=F66DDB79FB43CF4C212F7DA9C0DA16F5\r\nSigned: false\r\nSignature: -\r\nSignatureStatus: Unavailable\r\nUser: LUNARSTIIINESS\\tim.smith_admin","Category":"Image loaded (rule: ImageLoad)","Opcode":"Info","RuleName":"technique_id=T1574.002,technique_name=DLL Side-Loading","UtcTime":"2023-06-20 19:11:56.864","ProcessGuid":"{BE59402F-BAAD-6491-EB0D-000000002400}","Image":"C:\\Windows\\SysWOW64\\msiexec.exe","ImageLoaded":"C:\\Users\\TIM~1.SMI\\AppData\\Local\\Temp\\2\\MSI15D2.tmp","FileVersion":"3.0.5419.0","Description":"WiX PrintEula Custom Actions","Product":"Windows Installer XML","Company":"Microsoft Corporation","OriginalFileName":"printeula.dll","Hashes":"SHA1=4630E3D9788C445812AE7F3A5436B809C6CDA09E,MD5=5EA7455A71A9B481D0D9402C4E4E19D7,SHA256=428C16FAD8A8190A6090FA940C2EF2D5C13168F721D958750A874FF8C13C5A85,IMPHASH=F66DDB79FB43CF4C212F7DA9C0DA16F5","Signed":"false","Signature":"-","SignatureStatus":"Unavailable","User":"LUNARSTIIINESS\\tim.smith_admin","EventReceivedTime":1687288318,"SourceModuleName":"in_sysmon","SourceModuleType":"im_msvistalog"}
<14>Jun 20 19:11:58 win-server.lunarstiiiness.com Microsoft-Windows-Sysmon[2212]: {"EventTime":1687288316,"Hostname":"win-server.lunarstiiiness.com","Keywords":-9223372036854775808,"EventType":"INFO","SeverityValue":2,"Severity":"INFO","EventID":23,"SourceName":"Microsoft-Windows-Sysmon","ProviderGuid":"{5770385F-C22A-43E0-BF4C-06F5698FFBD9}","Version":5,"Task":23,"OpcodeValue":0,"RecordNumber":2200769,"ProcessID":2212,"ThreadID":2972,"Channel":"Microsoft-Windows-Sysmon/Operational","Domain":"NT AUTHORITY","AccountName":"SYSTEM","UserID":"S-1-5-18","AccountType":"User","Message":"File Delete archived:\r\nRuleName: -\r\nUtcTime: 2023-06-20 19:11:56.875\r\nProcessGuid: {BE59402F-BAAC-6491-E90D-000000002400}\r\nProcessId: 6072\r\nUser: LUNARSTIIINESS\\tim.smith_admin\r\nImage: C:\\Windows\\System32\\msiexec.exe\r\nTargetFilename: C:\\Users\\TIM~1.SMI\\AppData\\Local\\Temp\\2\\MSI15D2.tmp\r\nHashes: SHA1=4630E3D9788C445812AE7F3A5436B809C6CDA09E,MD5=5EA7455A71A9B481D0D9402C4E4E19D7,SHA256=428C16FAD8A8190A6090FA940C2EF2D5C13168F721D958750A874FF8C13C5A85,IMPHASH=F66DDB79FB43CF4C212F7DA9C0DA16F5\r\nIsExecutable: true\r\nArchived: true","Category":"File Delete archived (rule: FileDelete)","Opcode":"Info","RuleName":"-","UtcTime":"2023-06-20 19:11:56.875","ProcessGuid":"{BE59402F-BAAC-6491-E90D-000000002400}","User":"LUNARSTIIINESS\\tim.smith_admin","Image":"C:\\Windows\\System32\\msiexec.exe","TargetFilename":"C:\\Users\\TIM~1.SMI\\AppData\\Local\\Temp\\2\\MSI15D2.tmp","Hashes":"SHA1=4630E3D9788C445812AE7F3A5436B809C6CDA09E,MD5=5EA7455A71A9B481D0D9402C4E4E19D7,SHA256=428C16FAD8A8190A6090FA940C2EF2D5C13168F721D958750A874FF8C13C5A85,IMPHASH=F66DDB79FB43CF4C212F7DA9C0DA16F5","IsExecutable":"true","Archived":"true","EventReceivedTime":1687288318,"SourceModuleName":"in_sysmon","SourceModuleType":"im_msvistalog"}
<14>Jun 20 19:11:59 win-server.lunarstiiiness.com Microsoft-Windows-Sysmon[2212]: {"EventTime":1687288317,"Hostname":"win-server.lunarstiiiness.com","Keywords":-9223372036854775808,"EventType":"INFO","SeverityValue":2,"Severity":"INFO","EventID":23,"SourceName":"Microsoft-Windows-Sysmon","ProviderGuid":"{5770385F-C22A-43E0-BF4C-06F5698FFBD9}","Version":5,"Task":23,"OpcodeValue":0,"RecordNumber":2200771,"ProcessID":2212,"ThreadID":2972,"Channel":"Microsoft-Windows-Sysmon/Operational","Domain":"NT AUTHORITY","AccountName":"SYSTEM","UserID":"S-1-5-18","AccountType":"User","Message":"File Delete archived:\r\nRuleName: -\r\nUtcTime: 2023-06-20 19:11:57.890\r\nProcessGuid: {BE59402F-BAAD-6491-EA0D-000000002400}\r\nProcessId: 2800\r\nUser: NT AUTHORITY\\SYSTEM\r\nImage: C:\\Windows\\system32\\msiexec.exe\r\nTargetFilename: C:\\Windows\\Installer\\1bf519d5.msi\r\nHashes: SHA1=DA39A3EE5E6B4B0D3255BFEF95601890AFD80709,MD5=D41D8CD98F00B204E9800998ECF8427E,SHA256=E3B0C44298FC1C149AFBF4C8996FB92427AE41E4649B934CA495991B7852B855,IMPHASH=00000000000000000000000000000000\r\nIsExecutable: false\r\nArchived: true","Category":"File Delete archived (rule: FileDelete)","Opcode":"Info","RuleName":"-","UtcTime":"2023-06-20 19:11:57.890","ProcessGuid":"{BE59402F-BAAD-6491-EA0D-000000002400}","User":"NT AUTHORITY\\SYSTEM","Image":"C:\\Windows\\system32\\msiexec.exe","TargetFilename":"C:\\Windows\\Installer\\1bf519d5.msi","Hashes":"SHA1=DA39A3EE5E6B4B0D3255BFEF95601890AFD80709,MD5=D41D8CD98F00B204E9800998ECF8427E,SHA256=E3B0C44298FC1C149AFBF4C8996FB92427AE41E4649B934CA495991B7852B855,IMPHASH=00000000000000000000000000000000","IsExecutable":"false","Archived":"true","EventReceivedTime":1687288319,"SourceModuleName":"in_sysmon","SourceModuleType":"im_msvistalog"}
<14>Jun 20 19:11:59 win-server.lunarstiiiness.com Microsoft-Windows-Sysmon[2212]: {"EventTime":1687288317,"Hostname":"win-server.lunarstiiiness.com","Keywords":-9223372036854775808,"EventType":"INFO","SeverityValue":2,"Severity":"INFO","EventID":11,"SourceName":"Microsoft-Windows-Sysmon","ProviderGuid":"{5770385F-C22A-43E0-BF4C-06F5698FFBD9}","Version":2,"Task":11,"OpcodeValue":0,"RecordNumber":2200770,"ProcessID":2212,"ThreadID":2972,"Channel":"Microsoft-Windows-Sysmon/Operational","Domain":"NT AUTHORITY","AccountName":"SYSTEM","UserID":"S-1-5-18","AccountType":"User","Message":"File created:\r\nRuleName: technique_id=T1574.010,technique_name=Services File Permissions Weakness\r\nUtcTime: 2023-06-20 19:11:57.890\r\nProcessGuid: {BE59402F-BAAD-6491-EA0D-000000002400}\r\nProcessId: 2800\r\nImage: C:\\Windows\\system32\\msiexec.exe\r\nTargetFilename: C:\\Windows\\Installer\\1bf519d5.msi\r\nCreationUtcTime: 2023-06-20 19:11:57.890\r\nUser: NT AUTHORITY\\SYSTEM","Category":"File created (rule: FileCreate)","Opcode":"Info","RuleName":"technique_id=T1574.010,technique_name=Services File Permissions Weakness","UtcTime":"2023-06-20 19:11:57.890","ProcessGuid":"{BE59402F-BAAD-6491-EA0D-000000002400}","Image":"C:\\Windows\\system32\\msiexec.exe","TargetFilename":"C:\\Windows\\Installer\\1bf519d5.msi","CreationUtcTime":"2023-06-20 19:11:57.890","User":"NT AUTHORITY\\SYSTEM","EventReceivedTime":1687288319,"SourceModuleName":"in_sysmon","SourceModuleType":"im_msvistalog"}
<14>Jun 20 19:11:59 win-server.lunarstiiiness.com Microsoft-Windows-Sysmon[2212]: {"EventTime":1687288317,"Hostname":"win-server.lunarstiiiness.com","Keywords":-9223372036854775808,"EventType":"INFO","SeverityValue":2,"Severity":"INFO","EventID":11,"SourceName":"Microsoft-Windows-Sysmon","ProviderGuid":"{5770385F-C22A-43E0-BF4C-06F5698FFBD9}","Version":2,"Task":11,"OpcodeValue":0,"RecordNumber":2200772,"ProcessID":2212,"ThreadID":2972,"Channel":"Microsoft-Windows-Sysmon/Operational","Domain":"NT AUTHORITY","AccountName":"SYSTEM","UserID":"S-1-5-18","AccountType":"User","Message":"File created:\r\nRuleName: technique_id=T1574.010,technique_name=Services File Permissions Weakness\r\nUtcTime: 2023-06-20 19:11:57.894\r\nProcessGuid: {BE59402F-BAAD-6491-EA0D-000000002400}\r\nProcessId: 2800\r\nImage: C:\\Windows\\system32\\msiexec.exe\r\nTargetFilename: C:\\Windows\\Installer\\1bf519d5.msi\r\nCreationUtcTime: 2023-06-20 19:11:57.890\r\nUser: NT AUTHORITY\\SYSTEM","Category":"File created (rule: FileCreate)","Opcode":"Info","RuleName":"technique_id=T1574.010,technique_name=Services File Permissions Weakness","UtcTime":"2023-06-20 19:11:57.894","ProcessGuid":"{BE59402F-BAAD-6491-EA0D-000000002400}","Image":"C:\\Windows\\system32\\msiexec.exe","TargetFilename":"C:\\Windows\\Installer\\1bf519d5.msi","CreationUtcTime":"2023-06-20 19:11:57.890","User":"NT AUTHORITY\\SYSTEM","EventReceivedTime":1687288319,"SourceModuleName":"in_sysmon","SourceModuleType":"im_msvistalog"}
<14>Jun 20 19:11:59 win-server.lunarstiiiness.com Microsoft-Windows-Sysmon[2212]: {"EventTime":1687288317,"Hostname":"win-server.lunarstiiiness.com","Keywords":-9223372036854775808,"EventType":"INFO","SeverityValue":2,"Severity":"INFO","EventID":12,"SourceName":"Microsoft-Windows-Sysmon","ProviderGuid":"{5770385F-C22A-43E0-BF4C-06F5698FFBD9}","Version":2,"Task":12,"OpcodeValue":0,"RecordNumber":2200773,"ProcessID":2212,"ThreadID":2972,"Channel":"Microsoft-Windows-Sysmon/Operational","Domain":"NT AUTHORITY","AccountName":"SYSTEM","UserID":"S-1-5-18","AccountType":"User","Message":"Registry object added or deleted:\r\nRuleName: technique_id=T1553.004,technique_name=Install Root Certificate\r\nEventType: CreateKey\r\nUtcTime: 2023-06-20 19:11:57.964\r\nProcessGuid: {BE59402F-BAAD-6491-EA0D-000000002400}\r\nProcessId: 2800\r\nImage: C:\\Windows\\system32\\msiexec.exe\r\nTargetObject: HKU\\S-1-5-21-3263964631-4121654051-1417071188-1116\\SOFTWARE\\Microsoft\\SystemCertificates\\CA\\Certificates\r\nUser: NT AUTHORITY\\SYSTEM","Category":"Registry object added or deleted (rule: RegistryEvent)","Opcode":"Info","RuleName":"technique_id=T1553.004,technique_name=Install Root Certificate","UtcTime":"2023-06-20 19:11:57.964","ProcessGuid":"{BE59402F-BAAD-6491-EA0D-000000002400}","Image":"C:\\Windows\\system32\\msiexec.exe","TargetObject":"HKU\\S-1-5-21-3263964631-4121654051-1417071188-1116\\SOFTWARE\\Microsoft\\SystemCertificates\\CA\\Certificates","User":"NT AUTHORITY\\SYSTEM","EventReceivedTime":1687288319,"SourceModuleName":"in_sysmon","SourceModuleType":"im_msvistalog"}
<14>Jun 20 19:11:59 win-server.lunarstiiiness.com Microsoft-Windows-Sysmon[2212]: {"EventTime":1687288318,"Hostname":"win-server.lunarstiiiness.com","Keywords":-9223372036854775808,"EventType":"INFO","SeverityValue":2,"Severity":"INFO","EventID":12,"SourceName":"Microsoft-Windows-Sysmon","ProviderGuid":"{5770385F-C22A-43E0-BF4C-06F5698FFBD9}","Version":2,"Task":12,"OpcodeValue":0,"RecordNumber":2200779,"ProcessID":2212,"ThreadID":2972,"Channel":"Microsoft-Windows-Sysmon/Operational","Domain":"NT AUTHORITY","AccountName":"SYSTEM","UserID":"S-1-5-18","AccountType":"User","Message":"Registry object added or deleted:\r\nRuleName: technique_id=T1553.004,technique_name=Install Root Certificate\r\nEventType: CreateKey\r\nUtcTime: 2023-06-20 19:11:58.351\r\nProcessGuid: {BE59402F-BAB6-6491-EC0D-000000002400}\r\nProcessId: 3136\r\nImage: C:\\Windows\\system32\\consent.exe\r\nTargetObject: HKU\\S-1-5-21-3263964631-4121654051-1417071188-1116\\SOFTWARE\\Microsoft\\SystemCertificates\\CA\\Certificates\r\nUser: NT AUTHORITY\\SYSTEM","Category":"Registry object added or deleted (rule: RegistryEvent)","Opcode":"Info","RuleName":"technique_id=T1553.004,technique_name=Install Root Certificate","UtcTime":"2023-06-20 19:11:58.351","ProcessGuid":"{BE59402F-BAB6-6491-EC0D-000000002400}","Image":"C:\\Windows\\system32\\consent.exe","TargetObject":"HKU\\S-1-5-21-3263964631-4121654051-1417071188-1116\\SOFTWARE\\Microsoft\\SystemCertificates\\CA\\Certificates","User":"NT AUTHORITY\\SYSTEM","EventReceivedTime":1687288319,"SourceModuleName":"in_sysmon","SourceModuleType":"im_msvistalog"}
<14>Jun 20 19:11:59 win-server.lunarstiiiness.com Microsoft-Windows-Sysmon[2212]: {"EventTime":1687288317,"Hostname":"win-server.lunarstiiiness.com","Keywords":-9223372036854775808,"EventType":"INFO","SeverityValue":2,"Severity":"INFO","EventID":12,"SourceName":"Microsoft-Windows-Sysmon","ProviderGuid":"{5770385F-C22A-43E0-BF4C-06F5698FFBD9}","Version":2,"Task":12,"OpcodeValue":0,"RecordNumber":2200774,"ProcessID":2212,"ThreadID":2972,"Channel":"Microsoft-Windows-Sysmon/Operational","Domain":"NT AUTHORITY","AccountName":"SYSTEM","UserID":"S-1-5-18","AccountType":"User","Message":"Registry object added or deleted:\r\nRuleName: technique_id=T1553.004,technique_name=Install Root Certificate\r\nEventType: CreateKey\r\nUtcTime: 2023-06-20 19:11:57.967\r\nProcessGuid: {BE59402F-BAAD-6491-EA0D-000000002400}\r\nProcessId: 2800\r\nImage: C:\\Windows\\system32\\msiexec.exe\r\nTargetObject: HKU\\S-1-5-21-3263964631-4121654051-1417071188-1116\\SOFTWARE\\Microsoft\\SystemCertificates\\Root\\Certificates\r\nUser: NT AUTHORITY\\SYSTEM","Category":"Registry object added or deleted (rule: RegistryEvent)","Opcode":"Info","RuleName":"technique_id=T1553.004,technique_name=Install Root Certificate","UtcTime":"2023-06-20 19:11:57.967","ProcessGuid":"{BE59402F-BAAD-6491-EA0D-000000002400}","Image":"C:\\Windows\\system32\\msiexec.exe","TargetObject":"HKU\\S-1-5-21-3263964631-4121654051-1417071188-1116\\SOFTWARE\\Microsoft\\SystemCertificates\\Root\\Certificates","User":"NT AUTHORITY\\SYSTEM","EventReceivedTime":1687288319,"SourceModuleName":"in_sysmon","SourceModuleType":"im_msvistalog"}
<14>Jun 20 19:11:59 win-server.lunarstiiiness.com Microsoft-Windows-Sysmon[2212]: {"EventTime":1687288318,"Hostname":"win-server.lunarstiiiness.com","Keywords":-9223372036854775808,"EventType":"INFO","SeverityValue":2,"Severity":"INFO","EventID":12,"SourceName":"Microsoft-Windows-Sysmon","ProviderGuid":"{5770385F-C22A-43E0-BF4C-06F5698FFBD9}","Version":2,"Task":12,"OpcodeValue":0,"RecordNumber":2200780,"ProcessID":2212,"ThreadID":2972,"Channel":"Microsoft-Windows-Sysmon/Operational","Domain":"NT AUTHORITY","AccountName":"SYSTEM","UserID":"S-1-5-18","AccountType":"User","Message":"Registry object added or deleted:\r\nRuleName: technique_id=T1553.004,technique_name=Install Root Certificate\r\nEventType: CreateKey\r\nUtcTime: 2023-06-20 19:11:58.355\r\nProcessGuid: {BE59402F-BAB6-6491-EC0D-000000002400}\r\nProcessId: 3136\r\nImage: C:\\Windows\\system32\\consent.exe\r\nTargetObject: HKU\\S-1-5-21-3263964631-4121654051-1417071188-1116\\SOFTWARE\\Microsoft\\SystemCertificates\\Root\\Certificates\r\nUser: NT AUTHORITY\\SYSTEM","Category":"Registry object added or deleted (rule: RegistryEvent)","Opcode":"Info","RuleName":"technique_id=T1553.004,technique_name=Install Root Certificate","UtcTime":"2023-06-20 19:11:58.355","ProcessGuid":"{BE59402F-BAB6-6491-EC0D-000000002400}","Image":"C:\\Windows\\system32\\consent.exe","TargetObject":"HKU\\S-1-5-21-3263964631-4121654051-1417071188-1116\\SOFTWARE\\Microsoft\\SystemCertificates\\Root\\Certificates","User":"NT AUTHORITY\\SYSTEM","EventReceivedTime":1687288319,"SourceModuleName":"in_sysmon","SourceModuleType":"im_msvistalog"}
<14>Jun 20 19:11:59 win-server.lunarstiiiness.com Microsoft-Windows-Sysmon[2212]: {"EventTime":1687288318,"Hostname":"win-server.lunarstiiiness.com","Keywords":-9223372036854775808,"EventType":"INFO","SeverityValue":2,"Severity":"INFO","EventID":7,"SourceName":"Microsoft-Windows-Sysmon","ProviderGuid":"{5770385F-C22A-43E0-BF4C-06F5698FFBD9}","Version":3,"Task":7,"OpcodeValue":0,"RecordNumber":2200775,"ProcessID":2212,"ThreadID":2972,"Channel":"Microsoft-Windows-Sysmon/Operational","Domain":"NT AUTHORITY","AccountName":"SYSTEM","UserID":"S-1-5-18","AccountType":"User","Message":"Image loaded:\r\nRuleName: technique_id=T1055,technique_name=Process Injection\r\nUtcTime: 2023-06-20 19:11:57.992\r\nProcessGuid: {BE59402F-BAAD-6491-EA0D-000000002400}\r\nProcessId: 2800\r\nImage: C:\\Windows\\System32\\msiexec.exe\r\nImageLoaded: C:\\Windows\\System32\\mscoree.dll\r\nFileVersion: 10.0.14393.0 (rs1_release.160715-1616)\r\nDescription: Microsoft .NET Runtime Execution Engine\r\nProduct: Microsoft® Windows® Operating System\r\nCompany: Microsoft Corporation\r\nOriginalFileName: mscoree.dll\r\nHashes: SHA1=633704576029BE229D7AB7283F0262E3D918C94B,MD5=5ECE402D7E12EC3750D044BF3D878DF6,SHA256=3F02B1AE7B61BC36B04EA2B82ED79F112219F4E9668518030FF14B005E2C9BBC,IMPHASH=12E8F895FFFE1065F24D148EC1ED3096\r\nSigned: true\r\nSignature: Microsoft Windows\r\nSignatureStatus: Valid\r\nUser: NT AUTHORITY\\SYSTEM","Category":"Image loaded (rule: ImageLoad)","Opcode":"Info","RuleName":"technique_id=T1055,technique_name=Process Injection","UtcTime":"2023-06-20 19:11:57.992","ProcessGuid":"{BE59402F-BAAD-6491-EA0D-000000002400}","Image":"C:\\Windows\\System32\\msiexec.exe","ImageLoaded":"C:\\Windows\\System32\\mscoree.dll","FileVersion":"10.0.14393.0 (rs1_release.160715-1616)","Description":"Microsoft .NET Runtime Execution Engine","Product":"Microsoft® Windows® Operating System","Company":"Microsoft Corporation","OriginalFileName":"mscoree.dll","Hashes":"SHA1=633704576029BE229D7AB7283F0262E3D918C94B,MD5=5ECE402D7E12EC3750D044BF3D878DF6,SHA256=3F02B1AE7B61BC36B04EA2B82ED79F112219F4E9668518030FF14B005E2C9BBC,IMPHASH=12E8F895FFFE1065F24D148EC1ED3096","Signed":"true","Signature":"Microsoft Windows","SignatureStatus":"Valid","User":"NT AUTHORITY\\SYSTEM","EventReceivedTime":1687288319,"SourceModuleName":"in_sysmon","SourceModuleType":"im_msvistalog"}
