<14>Jun 20 19:28:16 win-adfs.lunarstiiiness.com Microsoft-Windows-Sysmon[2556]: {"EventTime":1687289295,"Hostname":"win-adfs.lunarstiiiness.com","Keywords":-9223372036854775808,"EventType":"INFO","SeverityValue":2,"Severity":"INFO","EventID":13,"SourceName":"Microsoft-Windows-Sysmon","ProviderGuid":"{5770385F-C22A-43E0-BF4C-06F5698FFBD9}","Version":2,"Task":13,"OpcodeValue":0,"RecordNumber":5946385,"ProcessID":2556,"ThreadID":3972,"Channel":"Microsoft-Windows-Sysmon/Operational","Domain":"NT AUTHORITY","AccountName":"SYSTEM","UserID":"S-1-5-18","AccountType":"User","Message":"Registry value set:\r\nRuleName: technique_id=T1543,technique_name=Service Creation\r\nEventType: SetValue\r\nUtcTime: 2023-06-20 19:28:15.104\r\nProcessGuid: {927d35bf-312f-6489-0b00-000000002900}\r\nProcessId: 604\r\nImage: C:\\Windows\\system32\\services.exe\r\nTargetObject: HKLM\\System\\CurrentControlSet\\Services\\LMIRescue_604c1193-c4cd-19eb-93b8-6d4daf67617c\\DisplayName\r\nDetails: LogMeIn Rescue (604c1193-c4cd-19eb-93b8-6d4daf67617c)\r\nUser: NT AUTHORITY\\SYSTEM","Category":"Registry value set (rule: RegistryEvent)","Opcode":"Info","RuleName":"technique_id=T1543,technique_name=Service Creation","UtcTime":"2023-06-20 19:28:15.104","ProcessGuid":"{927d35bf-312f-6489-0b00-000000002900}","Image":"C:\\Windows\\system32\\services.exe","TargetObject":"HKLM\\System\\CurrentControlSet\\Services\\LMIRescue_604c1193-c4cd-19eb-93b8-6d4daf67617c\\DisplayName","Details":"LogMeIn Rescue (604c1193-c4cd-19eb-93b8-6d4daf67617c)","User":"NT AUTHORITY\\SYSTEM","EventReceivedTime":1687289296,"SourceModuleName":"in_sysmon","SourceModuleType":"im_msvistalog"}
<14>Jun 20 19:28:16 win-adfs.lunarstiiiness.com Microsoft-Windows-Sysmon[2556]: {"EventTime":1687289295,"Hostname":"win-adfs.lunarstiiiness.com","Keywords":-9223372036854775808,"EventType":"INFO","SeverityValue":2,"Severity":"INFO","EventID":13,"SourceName":"Microsoft-Windows-Sysmon","ProviderGuid":"{5770385F-C22A-43E0-BF4C-06F5698FFBD9}","Version":2,"Task":13,"OpcodeValue":0,"RecordNumber":5946383,"ProcessID":2556,"ThreadID":3972,"Channel":"Microsoft-Windows-Sysmon/Operational","Domain":"NT AUTHORITY","AccountName":"SYSTEM","UserID":"S-1-5-18","AccountType":"User","Message":"Registry value set:\r\nRuleName: technique_id=T1543,technique_name=Service Creation\r\nEventType: SetValue\r\nUtcTime: 2023-06-20 19:28:15.104\r\nProcessGuid: {927d35bf-312f-6489-0b00-000000002900}\r\nProcessId: 604\r\nImage: C:\\Windows\\system32\\services.exe\r\nTargetObject: HKLM\\System\\CurrentControlSet\\Services\\LMIRescue_604c1193-c4cd-19eb-93b8-6d4daf67617c\\ErrorControl\r\nDetails: DWORD (0x00000001)\r\nUser: NT AUTHORITY\\SYSTEM","Category":"Registry value set (rule: RegistryEvent)","Opcode":"Info","RuleName":"technique_id=T1543,technique_name=Service Creation","UtcTime":"2023-06-20 19:28:15.104","ProcessGuid":"{927d35bf-312f-6489-0b00-000000002900}","Image":"C:\\Windows\\system32\\services.exe","TargetObject":"HKLM\\System\\CurrentControlSet\\Services\\LMIRescue_604c1193-c4cd-19eb-93b8-6d4daf67617c\\ErrorControl","Details":"DWORD (0x00000001)","User":"NT AUTHORITY\\SYSTEM","EventReceivedTime":1687289296,"SourceModuleName":"in_sysmon","SourceModuleType":"im_msvistalog"}
<14>Jun 20 19:28:16 win-adfs.lunarstiiiness.com Microsoft-Windows-Sysmon[2556]: {"EventTime":1687289295,"Hostname":"win-adfs.lunarstiiiness.com","Keywords":-9223372036854775808,"EventType":"INFO","SeverityValue":2,"Severity":"INFO","EventID":13,"SourceName":"Microsoft-Windows-Sysmon","ProviderGuid":"{5770385F-C22A-43E0-BF4C-06F5698FFBD9}","Version":2,"Task":13,"OpcodeValue":0,"RecordNumber":5946386,"ProcessID":2556,"ThreadID":3972,"Channel":"Microsoft-Windows-Sysmon/Operational","Domain":"NT AUTHORITY","AccountName":"SYSTEM","UserID":"S-1-5-18","AccountType":"User","Message":"Registry value set:\r\nRuleName: technique_id=T1543,technique_name=Service Creation\r\nEventType: SetValue\r\nUtcTime: 2023-06-20 19:28:15.104\r\nProcessGuid: {927d35bf-312f-6489-0b00-000000002900}\r\nProcessId: 604\r\nImage: C:\\Windows\\system32\\services.exe\r\nTargetObject: HKLM\\System\\CurrentControlSet\\Services\\LMIRescue_604c1193-c4cd-19eb-93b8-6d4daf67617c\\DependOnService\r\nDetails: Binary Data\r\nUser: NT AUTHORITY\\SYSTEM","Category":"Registry value set (rule: RegistryEvent)","Opcode":"Info","RuleName":"technique_id=T1543,technique_name=Service Creation","UtcTime":"2023-06-20 19:28:15.104","ProcessGuid":"{927d35bf-312f-6489-0b00-000000002900}","Image":"C:\\Windows\\system32\\services.exe","TargetObject":"HKLM\\System\\CurrentControlSet\\Services\\LMIRescue_604c1193-c4cd-19eb-93b8-6d4daf67617c\\DependOnService","Details":"Binary Data","User":"NT AUTHORITY\\SYSTEM","EventReceivedTime":1687289296,"SourceModuleName":"in_sysmon","SourceModuleType":"im_msvistalog"}
<14>Jun 20 19:28:16 win-adfs.lunarstiiiness.com Microsoft-Windows-Sysmon[2556]: {"EventTime":1687289295,"Hostname":"win-adfs.lunarstiiiness.com","Keywords":-9223372036854775808,"EventType":"INFO","SeverityValue":2,"Severity":"INFO","EventID":13,"SourceName":"Microsoft-Windows-Sysmon","ProviderGuid":"{5770385F-C22A-43E0-BF4C-06F5698FFBD9}","Version":2,"Task":13,"OpcodeValue":0,"RecordNumber":5946391,"ProcessID":2556,"ThreadID":3972,"Channel":"Microsoft-Windows-Sysmon/Operational","Domain":"NT AUTHORITY","AccountName":"SYSTEM","UserID":"S-1-5-18","AccountType":"User","Message":"Registry value set:\r\nRuleName: -\r\nEventType: SetValue\r\nUtcTime: 2023-06-20 19:28:15.104\r\nProcessGuid: {927d35bf-fdce-6491-c834-000000002900}\r\nProcessId: 11116\r\nImage: C:\\ProgramData\\LogMeIn Rescue ConnectOnLAN\\LMIRescueApplet_WIN-ADFS_230620_192810\\LMI_Rescue_srv.exe\r\nTargetObject: HKLM\\System\\CurrentControlSet\\Control\\SafeBoot\\Network\\LMIRescue_604c1193-c4cd-19eb-93b8-6d4daf67617c\\(Default)\r\nDetails: Service\r\nUser: NT AUTHORITY\\SYSTEM","Category":"Registry value set (rule: RegistryEvent)","Opcode":"Info","RuleName":"-","UtcTime":"2023-06-20 19:28:15.104","ProcessGuid":"{927d35bf-fdce-6491-c834-000000002900}","Image":"C:\\ProgramData\\LogMeIn Rescue ConnectOnLAN\\LMIRescueApplet_WIN-ADFS_230620_192810\\LMI_Rescue_srv.exe","TargetObject":"HKLM\\System\\CurrentControlSet\\Control\\SafeBoot\\Network\\LMIRescue_604c1193-c4cd-19eb-93b8-6d4daf67617c\\(Default)","Details":"Service","User":"NT AUTHORITY\\SYSTEM","EventReceivedTime":1687289296,"SourceModuleName":"in_sysmon","SourceModuleType":"im_msvistalog"}
<14>Jun 20 19:28:17 win-adfs.lunarstiiiness.com Microsoft-Windows-Sysmon[2556]: {"EventTime":1687289295,"Hostname":"win-adfs.lunarstiiiness.com","Keywords":-9223372036854775808,"EventType":"INFO","SeverityValue":2,"Severity":"INFO","EventID":12,"SourceName":"Microsoft-Windows-Sysmon","ProviderGuid":"{5770385F-C22A-43E0-BF4C-06F5698FFBD9}","Version":2,"Task":12,"OpcodeValue":0,"RecordNumber":5946392,"ProcessID":2556,"ThreadID":3972,"Channel":"Microsoft-Windows-Sysmon/Operational","Domain":"NT AUTHORITY","AccountName":"SYSTEM","UserID":"S-1-5-18","AccountType":"User","Message":"Registry object added or deleted:\r\nRuleName: technique_id=T1547.001,technique_name=Registry Run Keys / Start Folder\r\nEventType: CreateKey\r\nUtcTime: 2023-06-20 19:28:15.260\r\nProcessGuid: {927d35bf-fdce-6491-c834-000000002900}\r\nProcessId: 11116\r\nImage: C:\\ProgramData\\LogMeIn Rescue ConnectOnLAN\\LMIRescueApplet_WIN-ADFS_230620_192810\\LMI_Rescue_srv.exe\r\nTargetObject: HKU\\.DEFAULT\\Software\\Microsoft\\Windows\\CurrentVersion\\RunOnce\r\nUser: NT AUTHORITY\\SYSTEM","Category":"Registry object added or deleted (rule: RegistryEvent)","Opcode":"Info","RuleName":"technique_id=T1547.001,technique_name=Registry Run Keys / Start Folder","UtcTime":"2023-06-20 19:28:15.260","ProcessGuid":"{927d35bf-fdce-6491-c834-000000002900}","Image":"C:\\ProgramData\\LogMeIn Rescue ConnectOnLAN\\LMIRescueApplet_WIN-ADFS_230620_192810\\LMI_Rescue_srv.exe","TargetObject":"HKU\\.DEFAULT\\Software\\Microsoft\\Windows\\CurrentVersion\\RunOnce","User":"NT AUTHORITY\\SYSTEM","EventReceivedTime":1687289297,"SourceModuleName":"in_sysmon","SourceModuleType":"im_msvistalog"}
<14>Jun 20 19:28:17 win-adfs.lunarstiiiness.com Microsoft-Windows-Sysmon[2556]: {"EventTime":1687289295,"Hostname":"win-adfs.lunarstiiiness.com","Keywords":-9223372036854775808,"EventType":"INFO","SeverityValue":2,"Severity":"INFO","EventID":17,"SourceName":"Microsoft-Windows-Sysmon","ProviderGuid":"{5770385F-C22A-43E0-BF4C-06F5698FFBD9}","Version":1,"Task":17,"OpcodeValue":0,"RecordNumber":5946393,"ProcessID":2556,"ThreadID":3972,"Channel":"Microsoft-Windows-Sysmon/Operational","Domain":"NT AUTHORITY","AccountName":"SYSTEM","UserID":"S-1-5-18","AccountType":"User","Message":"Pipe Created:\r\nRuleName: -\r\nEventType: CreatePipe\r\nUtcTime: 2023-06-20 19:28:15.291\r\nProcessGuid: {927d35bf-fdcf-6491-c934-000000002900}\r\nProcessId: 12236\r\nPipeName: \\LogMeInRescue_ipc2_604c1193c4cd19eb93b86d4daf67617c\r\nImage: C:\\Program Files (x86)\\LogMeIn Rescue Applet\\LMIR111CF001.tmp\\LMI_Rescue_srv.exe\r\nUser: NT AUTHORITY\\SYSTEM","Category":"Pipe Created (rule: PipeEvent)","Opcode":"Info","RuleName":"-","UtcTime":"2023-06-20 19:28:15.291","ProcessGuid":"{927d35bf-fdcf-6491-c934-000000002900}","PipeName":"\\LogMeInRescue_ipc2_604c1193c4cd19eb93b86d4daf67617c","Image":"C:\\Program Files (x86)\\LogMeIn Rescue Applet\\LMIR111CF001.tmp\\LMI_Rescue_srv.exe","User":"NT AUTHORITY\\SYSTEM","EventReceivedTime":1687289297,"SourceModuleName":"in_sysmon","SourceModuleType":"im_msvistalog"}
<14>Jun 20 19:28:17 win-adfs.lunarstiiiness.com Microsoft-Windows-Sysmon[2556]: {"EventTime":1687289295,"Hostname":"win-adfs.lunarstiiiness.com","Keywords":-9223372036854775808,"EventType":"INFO","SeverityValue":2,"Severity":"INFO","EventID":17,"SourceName":"Microsoft-Windows-Sysmon","ProviderGuid":"{5770385F-C22A-43E0-BF4C-06F5698FFBD9}","Version":1,"Task":17,"OpcodeValue":0,"RecordNumber":5946401,"ProcessID":2556,"ThreadID":3972,"Channel":"Microsoft-Windows-Sysmon/Operational","Domain":"NT AUTHORITY","AccountName":"SYSTEM","UserID":"S-1-5-18","AccountType":"User","Message":"Pipe Created:\r\nRuleName: -\r\nEventType: CreatePipe\r\nUtcTime: 2023-06-20 19:28:15.824\r\nProcessGuid: {927d35bf-fdcf-6491-c934-000000002900}\r\nProcessId: 12236\r\nPipeName: \\604c1193-c4cd-19eb-93b8-6d4daf67617c\r\nImage: C:\\Program Files (x86)\\LogMeIn Rescue Applet\\LMIR111CF001.tmp\\LMI_Rescue_srv.exe\r\nUser: NT AUTHORITY\\SYSTEM","Category":"Pipe Created (rule: PipeEvent)","Opcode":"Info","RuleName":"-","UtcTime":"2023-06-20 19:28:15.824","ProcessGuid":"{927d35bf-fdcf-6491-c934-000000002900}","PipeName":"\\604c1193-c4cd-19eb-93b8-6d4daf67617c","Image":"C:\\Program Files (x86)\\LogMeIn Rescue Applet\\LMIR111CF001.tmp\\LMI_Rescue_srv.exe","User":"NT AUTHORITY\\SYSTEM","EventReceivedTime":1687289297,"SourceModuleName":"in_sysmon","SourceModuleType":"im_msvistalog"}
<14>Jun 20 19:28:18 win-adfs.lunarstiiiness.com Microsoft-Windows-Sysmon[2556]: {"EventTime":1687289296,"Hostname":"win-adfs.lunarstiiiness.com","Keywords":-9223372036854775808,"EventType":"INFO","SeverityValue":2,"Severity":"INFO","EventID":22,"SourceName":"Microsoft-Windows-Sysmon","ProviderGuid":"{5770385F-C22A-43E0-BF4C-06F5698FFBD9}","Version":5,"Task":22,"OpcodeValue":0,"RecordNumber":5946402,"ProcessID":2556,"ThreadID":3316,"Channel":"Microsoft-Windows-Sysmon/Operational","Domain":"NT AUTHORITY","AccountName":"SYSTEM","UserID":"S-1-5-18","AccountType":"User","Message":"Dns query:\r\nRuleName: -\r\nUtcTime: 2023-06-20 19:28:15.537\r\nProcessGuid: {927d35bf-fdcf-6491-c934-000000002900}\r\nProcessId: 12236\r\nQueryName: rescue-data-center.logmein-gateway.com\r\nQueryStatus: 0\r\nQueryResults: type: 5 rescue-data-center.logmein.com.akadns.net;::ffff:216.219.114.14;\r\nImage: C:\\Program Files (x86)\\LogMeIn Rescue Applet\\LMIR111CF001.tmp\\LMI_Rescue_srv.exe\r\nUser: NT AUTHORITY\\SYSTEM","Category":"Dns query (rule: DnsQuery)","Opcode":"Info","RuleName":"-","UtcTime":"2023-06-20 19:28:15.537","ProcessGuid":"{927d35bf-fdcf-6491-c934-000000002900}","QueryName":"rescue-data-center.logmein-gateway.com","QueryStatus":"0","QueryResults":"type: 5 rescue-data-center.logmein.com.akadns.net;::ffff:216.219.114.14;","Image":"C:\\Program Files (x86)\\LogMeIn Rescue Applet\\LMIR111CF001.tmp\\LMI_Rescue_srv.exe","User":"NT AUTHORITY\\SYSTEM","EventReceivedTime":1687289298,"SourceModuleName":"in_sysmon","SourceModuleType":"im_msvistalog"}
<14>Jun 20 19:28:18 win-adfs.lunarstiiiness.com Microsoft-Windows-Sysmon[2556]: {"EventTime":1687289296,"Hostname":"win-adfs.lunarstiiiness.com","Keywords":-9223372036854775808,"EventType":"INFO","SeverityValue":2,"Severity":"INFO","EventID":22,"SourceName":"Microsoft-Windows-Sysmon","ProviderGuid":"{5770385F-C22A-43E0-BF4C-06F5698FFBD9}","Version":5,"Task":22,"OpcodeValue":0,"RecordNumber":5946403,"ProcessID":2556,"ThreadID":3316,"Channel":"Microsoft-Windows-Sysmon/Operational","Domain":"NT AUTHORITY","AccountName":"SYSTEM","UserID":"S-1-5-18","AccountType":"User","Message":"Dns query:\r\nRuleName: -\r\nUtcTime: 2023-06-20 19:28:15.601\r\nProcessGuid: {927d35bf-fdcf-6491-c934-000000002900}\r\nProcessId: 12236\r\nQueryName: rescue-list.14.logmein-gateway.com\r\nQueryStatus: 0\r\nQueryResults: type: 16 DNS14-03_2023-06-20T19:28:07__control.rsc-app14-08.logmein.com=63250;control.rsc-app14-03.logmein.com=62659;control.rsc-app14-05.logmein.com=62356;control.rsc-app14-02.logmein.com=62317;control.rsc-app14-01.logmein.com=62112;\r\nImage: C:\\Program Files (x86)\\LogMeIn Rescue Applet\\LMIR111CF001.tmp\\LMI_Rescue_srv.exe\r\nUser: NT AUTHORITY\\SYSTEM","Category":"Dns query (rule: DnsQuery)","Opcode":"Info","RuleName":"-","UtcTime":"2023-06-20 19:28:15.601","ProcessGuid":"{927d35bf-fdcf-6491-c934-000000002900}","QueryName":"rescue-list.14.logmein-gateway.com","QueryStatus":"0","QueryResults":"type: 16 DNS14-03_2023-06-20T19:28:07__control.rsc-app14-08.logmein.com=63250;control.rsc-app14-03.logmein.com=62659;control.rsc-app14-05.logmein.com=62356;control.rsc-app14-02.logmein.com=62317;control.rsc-app14-01.logmein.com=62112;","Image":"C:\\Program Files (x86)\\LogMeIn Rescue Applet\\LMIR111CF001.tmp\\LMI_Rescue_srv.exe","User":"NT AUTHORITY\\SYSTEM","EventReceivedTime":1687289298,"SourceModuleName":"in_sysmon","SourceModuleType":"im_msvistalog"}
<14>Jun 20 19:28:18 win-adfs.lunarstiiiness.com Microsoft-Windows-Sysmon[2556]: {"EventTime":1687289296,"Hostname":"win-adfs.lunarstiiiness.com","Keywords":-9223372036854775808,"EventType":"INFO","SeverityValue":2,"Severity":"INFO","EventID":22,"SourceName":"Microsoft-Windows-Sysmon","ProviderGuid":"{5770385F-C22A-43E0-BF4C-06F5698FFBD9}","Version":5,"Task":22,"OpcodeValue":0,"RecordNumber":5946404,"ProcessID":2556,"ThreadID":3316,"Channel":"Microsoft-Windows-Sysmon/Operational","Domain":"NT AUTHORITY","AccountName":"SYSTEM","UserID":"S-1-5-18","AccountType":"User","Message":"Dns query:\r\nRuleName: -\r\nUtcTime: 2023-06-20 19:28:15.654\r\nProcessGuid: {927d35bf-fdcf-6491-c934-000000002900}\r\nProcessId: 12236\r\nQueryName: control.rsc-app14-05.logmeinrescue.com\r\nQueryStatus: 0\r\nQueryResults: ::ffff:173.199.31.38;\r\nImage: C:\\Program Files (x86)\\LogMeIn Rescue Applet\\LMIR111CF001.tmp\\LMI_Rescue_srv.exe\r\nUser: NT AUTHORITY\\SYSTEM","Category":"Dns query (rule: DnsQuery)","Opcode":"Info","RuleName":"-","UtcTime":"2023-06-20 19:28:15.654","ProcessGuid":"{927d35bf-fdcf-6491-c934-000000002900}","QueryName":"control.rsc-app14-05.logmeinrescue.com","QueryStatus":"0","QueryResults":"::ffff:173.199.31.38;","Image":"C:\\Program Files (x86)\\LogMeIn Rescue Applet\\LMIR111CF001.tmp\\LMI_Rescue_srv.exe","User":"NT AUTHORITY\\SYSTEM","EventReceivedTime":1687289298,"SourceModuleName":"in_sysmon","SourceModuleType":"im_msvistalog"}
<14>Jun 20 19:28:20 win-adfs.lunarstiiiness.com Microsoft-Windows-Sysmon[2556]: {"EventTime":1687289298,"Hostname":"win-adfs.lunarstiiiness.com","Keywords":-9223372036854775808,"EventType":"INFO","SeverityValue":2,"Severity":"INFO","EventID":22,"SourceName":"Microsoft-Windows-Sysmon","ProviderGuid":"{5770385F-C22A-43E0-BF4C-06F5698FFBD9}","Version":5,"Task":22,"OpcodeValue":0,"RecordNumber":5946406,"ProcessID":2556,"ThreadID":3316,"Channel":"Microsoft-Windows-Sysmon/Operational","Domain":"NT AUTHORITY","AccountName":"SYSTEM","UserID":"S-1-5-18","AccountType":"User","Message":"Dns query:\r\nRuleName: -\r\nUtcTime: 2023-06-20 19:28:17.495\r\nProcessGuid: {927d35bf-fdcf-6491-c934-000000002900}\r\nProcessId: 12236\r\nQueryName: control.rsc-app14-05.logmeinrescue.com\r\nQueryStatus: 0\r\nQueryResults: 173.199.31.38;\r\nImage: C:\\Program Files (x86)\\LogMeIn Rescue Applet\\LMIR111CF001.tmp\\LMI_Rescue_srv.exe\r\nUser: NT AUTHORITY\\SYSTEM","Category":"Dns query (rule: DnsQuery)","Opcode":"Info","RuleName":"-","UtcTime":"2023-06-20 19:28:17.495","ProcessGuid":"{927d35bf-fdcf-6491-c934-000000002900}","QueryName":"control.rsc-app14-05.logmeinrescue.com","QueryStatus":"0","QueryResults":"173.199.31.38;","Image":"C:\\Program Files (x86)\\LogMeIn Rescue Applet\\LMIR111CF001.tmp\\LMI_Rescue_srv.exe","User":"NT AUTHORITY\\SYSTEM","EventReceivedTime":1687289300,"SourceModuleName":"in_sysmon","SourceModuleType":"im_msvistalog"}
<14>Jun 20 19:28:17 win-adfs.lunarstiiiness.com Microsoft-Windows-Sysmon[2556]: {"EventTime":1687289295,"Hostname":"win-adfs.lunarstiiiness.com","Keywords":-9223372036854775808,"EventType":"INFO","SeverityValue":2,"Severity":"INFO","EventID":12,"SourceName":"Microsoft-Windows-Sysmon","ProviderGuid":"{5770385F-C22A-43E0-BF4C-06F5698FFBD9}","Version":2,"Task":12,"OpcodeValue":0,"RecordNumber":5946394,"ProcessID":2556,"ThreadID":3972,"Channel":"Microsoft-Windows-Sysmon/Operational","Domain":"NT AUTHORITY","AccountName":"SYSTEM","UserID":"S-1-5-18","AccountType":"User","Message":"Registry object added or deleted:\r\nRuleName: technique_id=T1553.004,technique_name=Install Root Certificate\r\nEventType: CreateKey\r\nUtcTime: 2023-06-20 19:28:15.666\r\nProcessGuid: {927d35bf-fdcf-6491-c934-000000002900}\r\nProcessId: 12236\r\nImage: C:\\Program Files (x86)\\LogMeIn Rescue Applet\\LMIR111CF001.tmp\\LMI_Rescue_srv.exe\r\nTargetObject: HKU\\.DEFAULT\\Software\\Microsoft\\SystemCertificates\\CA\\Certificates\r\nUser: NT AUTHORITY\\SYSTEM","Category":"Registry object added or deleted (rule: RegistryEvent)","Opcode":"Info","RuleName":"technique_id=T1553.004,technique_name=Install Root Certificate","UtcTime":"2023-06-20 19:28:15.666","ProcessGuid":"{927d35bf-fdcf-6491-c934-000000002900}","Image":"C:\\Program Files (x86)\\LogMeIn Rescue Applet\\LMIR111CF001.tmp\\LMI_Rescue_srv.exe","TargetObject":"HKU\\.DEFAULT\\Software\\Microsoft\\SystemCertificates\\CA\\Certificates","User":"NT AUTHORITY\\SYSTEM","EventReceivedTime":1687289297,"SourceModuleName":"in_sysmon","SourceModuleType":"im_msvistalog"}
<14>Jun 20 19:28:17 win-adfs.lunarstiiiness.com Microsoft-Windows-Sysmon[2556]: {"EventTime":1687289295,"Hostname":"win-adfs.lunarstiiiness.com","Keywords":-9223372036854775808,"EventType":"INFO","SeverityValue":2,"Severity":"INFO","EventID":12,"SourceName":"Microsoft-Windows-Sysmon","ProviderGuid":"{5770385F-C22A-43E0-BF4C-06F5698FFBD9}","Version":2,"Task":12,"OpcodeValue":0,"RecordNumber":5946395,"ProcessID":2556,"ThreadID":3972,"Channel":"Microsoft-Windows-Sysmon/Operational","Domain":"NT AUTHORITY","AccountName":"SYSTEM","UserID":"S-1-5-18","AccountType":"User","Message":"Registry object added or deleted:\r\nRuleName: technique_id=T1553.004,technique_name=Install Root Certificate\r\nEventType: CreateKey\r\nUtcTime: 2023-06-20 19:28:15.666\r\nProcessGuid: {927d35bf-fdcf-6491-c934-000000002900}\r\nProcessId: 12236\r\nImage: C:\\Program Files (x86)\\LogMeIn Rescue Applet\\LMIR111CF001.tmp\\LMI_Rescue_srv.exe\r\nTargetObject: HKU\\.DEFAULT\\Software\\Policies\\Microsoft\\SystemCertificates\\CA\\Certificates\r\nUser: NT AUTHORITY\\SYSTEM","Category":"Registry object added or deleted (rule: RegistryEvent)","Opcode":"Info","RuleName":"technique_id=T1553.004,technique_name=Install Root Certificate","UtcTime":"2023-06-20 19:28:15.666","ProcessGuid":"{927d35bf-fdcf-6491-c934-000000002900}","Image":"C:\\Program Files (x86)\\LogMeIn Rescue Applet\\LMIR111CF001.tmp\\LMI_Rescue_srv.exe","TargetObject":"HKU\\.DEFAULT\\Software\\Policies\\Microsoft\\SystemCertificates\\CA\\Certificates","User":"NT AUTHORITY\\SYSTEM","EventReceivedTime":1687289297,"SourceModuleName":"in_sysmon","SourceModuleType":"im_msvistalog"}
<14>Jun 20 19:28:17 win-adfs.lunarstiiiness.com Microsoft-Windows-Sysmon[2556]: {"EventTime":1687289295,"Hostname":"win-adfs.lunarstiiiness.com","Keywords":-9223372036854775808,"EventType":"INFO","SeverityValue":2,"Severity":"INFO","EventID":12,"SourceName":"Microsoft-Windows-Sysmon","ProviderGuid":"{5770385F-C22A-43E0-BF4C-06F5698FFBD9}","Version":2,"Task":12,"OpcodeValue":0,"RecordNumber":5946397,"ProcessID":2556,"ThreadID":3972,"Channel":"Microsoft-Windows-Sysmon/Operational","Domain":"NT AUTHORITY","AccountName":"SYSTEM","UserID":"S-1-5-18","AccountType":"User","Message":"Registry object added or deleted:\r\nRuleName: technique_id=T1553.004,technique_name=Install Root Certificate\r\nEventType: CreateKey\r\nUtcTime: 2023-06-20 19:28:15.666\r\nProcessGuid: {927d35bf-fdcf-6491-c934-000000002900}\r\nProcessId: 12236\r\nImage: C:\\Program Files (x86)\\LogMeIn Rescue Applet\\LMIR111CF001.tmp\\LMI_Rescue_srv.exe\r\nTargetObject: HKLM\\SOFTWARE\\Policies\\Microsoft\\SystemCertificates\\CA\\Certificates\r\nUser: NT AUTHORITY\\SYSTEM","Category":"Registry object added or deleted (rule: RegistryEvent)","Opcode":"Info","RuleName":"technique_id=T1553.004,technique_name=Install Root Certificate","UtcTime":"2023-06-20 19:28:15.666","ProcessGuid":"{927d35bf-fdcf-6491-c934-000000002900}","Image":"C:\\Program Files (x86)\\LogMeIn Rescue Applet\\LMIR111CF001.tmp\\LMI_Rescue_srv.exe","TargetObject":"HKLM\\SOFTWARE\\Policies\\Microsoft\\SystemCertificates\\CA\\Certificates","User":"NT AUTHORITY\\SYSTEM","EventReceivedTime":1687289297,"SourceModuleName":"in_sysmon","SourceModuleType":"im_msvistalog"}
<14>Jun 20 19:28:17 win-adfs.lunarstiiiness.com Microsoft-Windows-Sysmon[2556]: {"EventTime":1687289295,"Hostname":"win-adfs.lunarstiiiness.com","Keywords":-9223372036854775808,"EventType":"INFO","SeverityValue":2,"Severity":"INFO","EventID":12,"SourceName":"Microsoft-Windows-Sysmon","ProviderGuid":"{5770385F-C22A-43E0-BF4C-06F5698FFBD9}","Version":2,"Task":12,"OpcodeValue":0,"RecordNumber":5946398,"ProcessID":2556,"ThreadID":3972,"Channel":"Microsoft-Windows-Sysmon/Operational","Domain":"NT AUTHORITY","AccountName":"SYSTEM","UserID":"S-1-5-18","AccountType":"User","Message":"Registry object added or deleted:\r\nRuleName: technique_id=T1553.004,technique_name=Install Root Certificate\r\nEventType: CreateKey\r\nUtcTime: 2023-06-20 19:28:15.666\r\nProcessGuid: {927d35bf-fdcf-6491-c934-000000002900}\r\nProcessId: 12236\r\nImage: C:\\Program Files (x86)\\LogMeIn Rescue Applet\\LMIR111CF001.tmp\\LMI_Rescue_srv.exe\r\nTargetObject: HKU\\.DEFAULT\\Software\\Microsoft\\SystemCertificates\\Root\\Certificates\r\nUser: NT AUTHORITY\\SYSTEM","Category":"Registry object added or deleted (rule: RegistryEvent)","Opcode":"Info","RuleName":"technique_id=T1553.004,technique_name=Install Root Certificate","UtcTime":"2023-06-20 19:28:15.666","ProcessGuid":"{927d35bf-fdcf-6491-c934-000000002900}","Image":"C:\\Program Files (x86)\\LogMeIn Rescue Applet\\LMIR111CF001.tmp\\LMI_Rescue_srv.exe","TargetObject":"HKU\\.DEFAULT\\Software\\Microsoft\\SystemCertificates\\Root\\Certificates","User":"NT AUTHORITY\\SYSTEM","EventReceivedTime":1687289297,"SourceModuleName":"in_sysmon","SourceModuleType":"im_msvistalog"}
<14>Jun 20 19:28:17 win-adfs.lunarstiiiness.com Microsoft-Windows-Sysmon[2556]: {"EventTime":1687289295,"Hostname":"win-adfs.lunarstiiiness.com","Keywords":-9223372036854775808,"EventType":"INFO","SeverityValue":2,"Severity":"INFO","EventID":12,"SourceName":"Microsoft-Windows-Sysmon","ProviderGuid":"{5770385F-C22A-43E0-BF4C-06F5698FFBD9}","Version":2,"Task":12,"OpcodeValue":0,"RecordNumber":5946399,"ProcessID":2556,"ThreadID":3972,"Channel":"Microsoft-Windows-Sysmon/Operational","Domain":"NT AUTHORITY","AccountName":"SYSTEM","UserID":"S-1-5-18","AccountType":"User","Message":"Registry object added or deleted:\r\nRuleName: technique_id=T1553.004,technique_name=Install Root Certificate\r\nEventType: CreateKey\r\nUtcTime: 2023-06-20 19:28:15.666\r\nProcessGuid: {927d35bf-fdcf-6491-c934-000000002900}\r\nProcessId: 12236\r\nImage: C:\\Program Files (x86)\\LogMeIn Rescue Applet\\LMIR111CF001.tmp\\LMI_Rescue_srv.exe\r\nTargetObject: HKLM\\SOFTWARE\\Microsoft\\SystemCertificates\\ROOT\\Certificates\r\nUser: NT AUTHORITY\\SYSTEM","Category":"Registry object added or deleted (rule: RegistryEvent)","Opcode":"Info","RuleName":"technique_id=T1553.004,technique_name=Install Root Certificate","UtcTime":"2023-06-20 19:28:15.666","ProcessGuid":"{927d35bf-fdcf-6491-c934-000000002900}","Image":"C:\\Program Files (x86)\\LogMeIn Rescue Applet\\LMIR111CF001.tmp\\LMI_Rescue_srv.exe","TargetObject":"HKLM\\SOFTWARE\\Microsoft\\SystemCertificates\\ROOT\\Certificates","User":"NT AUTHORITY\\SYSTEM","EventReceivedTime":1687289297,"SourceModuleName":"in_sysmon","SourceModuleType":"im_msvistalog"}
<14>Jun 20 19:28:17 win-adfs.lunarstiiiness.com Microsoft-Windows-Sysmon[2556]: {"EventTime":1687289295,"Hostname":"win-adfs.lunarstiiiness.com","Keywords":-9223372036854775808,"EventType":"INFO","SeverityValue":2,"Severity":"INFO","EventID":12,"SourceName":"Microsoft-Windows-Sysmon","ProviderGuid":"{5770385F-C22A-43E0-BF4C-06F5698FFBD9}","Version":2,"Task":12,"OpcodeValue":0,"RecordNumber":5946396,"ProcessID":2556,"ThreadID":3972,"Channel":"Microsoft-Windows-Sysmon/Operational","Domain":"NT AUTHORITY","AccountName":"SYSTEM","UserID":"S-1-5-18","AccountType":"User","Message":"Registry object added or deleted:\r\nRuleName: technique_id=T1553.004,technique_name=Install Root Certificate\r\nEventType: CreateKey\r\nUtcTime: 2023-06-20 19:28:15.666\r\nProcessGuid: {927d35bf-fdcf-6491-c934-000000002900}\r\nProcessId: 12236\r\nImage: C:\\Program Files (x86)\\LogMeIn Rescue Applet\\LMIR111CF001.tmp\\LMI_Rescue_srv.exe\r\nTargetObject: HKLM\\SOFTWARE\\Microsoft\\SystemCertificates\\CA\\Certificates\r\nUser: NT AUTHORITY\\SYSTEM","Category":"Registry object added or deleted (rule: RegistryEvent)","Opcode":"Info","RuleName":"technique_id=T1553.004,technique_name=Install Root Certificate","UtcTime":"2023-06-20 19:28:15.666","ProcessGuid":"{927d35bf-fdcf-6491-c934-000000002900}","Image":"C:\\Program Files (x86)\\LogMeIn Rescue Applet\\LMIR111CF001.tmp\\LMI_Rescue_srv.exe","TargetObject":"HKLM\\SOFTWARE\\Microsoft\\SystemCertificates\\CA\\Certificates","User":"NT AUTHORITY\\SYSTEM","EventReceivedTime":1687289297,"SourceModuleName":"in_sysmon","SourceModuleType":"im_msvistalog"}
<14>Jun 20 19:28:17 win-adfs.lunarstiiiness.com Microsoft-Windows-Sysmon[2556]: {"EventTime":1687289295,"Hostname":"win-adfs.lunarstiiiness.com","Keywords":-9223372036854775808,"EventType":"INFO","SeverityValue":2,"Severity":"INFO","EventID":12,"SourceName":"Microsoft-Windows-Sysmon","ProviderGuid":"{5770385F-C22A-43E0-BF4C-06F5698FFBD9}","Version":2,"Task":12,"OpcodeValue":0,"RecordNumber":5946400,"ProcessID":2556,"ThreadID":3972,"Channel":"Microsoft-Windows-Sysmon/Operational","Domain":"NT AUTHORITY","AccountName":"SYSTEM","UserID":"S-1-5-18","AccountType":"User","Message":"Registry object added or deleted:\r\nRuleName: technique_id=T1553.004,technique_name=Install Root Certificate\r\nEventType: CreateKey\r\nUtcTime: 2023-06-20 19:28:15.682\r\nProcessGuid: {927d35bf-fdcf-6491-c934-000000002900}\r\nProcessId: 12236\r\nImage: C:\\Program Files (x86)\\LogMeIn Rescue Applet\\LMIR111CF001.tmp\\LMI_Rescue_srv.exe\r\nTargetObject: HKLM\\SOFTWARE\\Microsoft\\EnterpriseCertificates\\Root\\Certificates\r\nUser: NT AUTHORITY\\SYSTEM","Category":"Registry object added or deleted (rule: RegistryEvent)","Opcode":"Info","RuleName":"technique_id=T1553.004,technique_name=Install Root Certificate","UtcTime":"2023-06-20 19:28:15.682","ProcessGuid":"{927d35bf-fdcf-6491-c934-000000002900}","Image":"C:\\Program Files (x86)\\LogMeIn Rescue Applet\\LMIR111CF001.tmp\\LMI_Rescue_srv.exe","TargetObject":"HKLM\\SOFTWARE\\Microsoft\\EnterpriseCertificates\\Root\\Certificates","User":"NT AUTHORITY\\SYSTEM","EventReceivedTime":1687289297,"SourceModuleName":"in_sysmon","SourceModuleType":"im_msvistalog"}
<14>Jun 20 19:28:18 win-server.lunarstiiiness.com Microsoft-Windows-Sysmon[2212]: {"EventTime":1687289297,"Hostname":"win-server.lunarstiiiness.com","Keywords":-9223372036854775808,"EventType":"INFO","SeverityValue":2,"Severity":"INFO","EventID":23,"SourceName":"Microsoft-Windows-Sysmon","ProviderGuid":"{5770385F-C22A-43E0-BF4C-06F5698FFBD9}","Version":5,"Task":23,"OpcodeValue":0,"RecordNumber":2202638,"ProcessID":2212,"ThreadID":2972,"Channel":"Microsoft-Windows-Sysmon/Operational","Domain":"NT AUTHORITY","AccountName":"SYSTEM","UserID":"S-1-5-18","AccountType":"User","Message":"File Delete archived:\r\nRuleName: -\r\nUtcTime: 2023-06-20 19:28:17.219\r\nProcessGuid: {BE59402F-FD9C-6491-5F0E-000000002400}\r\nProcessId: 3588\r\nUser: LUNARSTIIINESS\\tim.smith_admin\r\nImage: C:\\Program Files (x86)\\LogMeIn Rescue Technician Console\\LogMeInRescueTechnicianConsole_x64\\LMIRTechConsole.exe\r\nTargetFilename: C:\\Users\\tim.smith_admin\\AppData\\LocalLow\\LogMeIn Rescue\\LMICOL\\LMIRescueApplet_WIN-ADFS_230620_192810\\params.txt\r\nHashes: SHA1=5111C296DB7005A580791704F17538636F374980,MD5=B06B0C16014FFF3705B697B921A17856,SHA256=8E2F49FCF9D0F8B21AE1F57B44277DE6CD943769C5EC2F2371FE5CA4B49E34C8,IMPHASH=00000000000000000000000000000000\r\nIsExecutable: false\r\nArchived: true","Category":"File Delete archived (rule: FileDelete)","Opcode":"Info","RuleName":"-","UtcTime":"2023-06-20 19:28:17.219","ProcessGuid":"{BE59402F-FD9C-6491-5F0E-000000002400}","User":"LUNARSTIIINESS\\tim.smith_admin","Image":"C:\\Program Files (x86)\\LogMeIn Rescue Technician Console\\LogMeInRescueTechnicianConsole_x64\\LMIRTechConsole.exe","TargetFilename":"C:\\Users\\tim.smith_admin\\AppData\\LocalLow\\LogMeIn Rescue\\LMICOL\\LMIRescueApplet_WIN-ADFS_230620_192810\\params.txt","Hashes":"SHA1=5111C296DB7005A580791704F17538636F374980,MD5=B06B0C16014FFF3705B697B921A17856,SHA256=8E2F49FCF9D0F8B21AE1F57B44277DE6CD943769C5EC2F2371FE5CA4B49E34C8,IMPHASH=00000000000000000000000000000000","IsExecutable":"false","Archived":"true","EventReceivedTime":1687289298,"SourceModuleName":"in_sysmon","SourceModuleType":"im_msvistalog"}
<14>Jun 20 19:28:18 win-server.lunarstiiiness.com Microsoft-Windows-Sysmon[2212]: {"EventTime":1687289297,"Hostname":"win-server.lunarstiiiness.com","Keywords":-9223372036854775808,"EventType":"INFO","SeverityValue":2,"Severity":"INFO","EventID":23,"SourceName":"Microsoft-Windows-Sysmon","ProviderGuid":"{5770385F-C22A-43E0-BF4C-06F5698FFBD9}","Version":5,"Task":23,"OpcodeValue":0,"RecordNumber":2202637,"ProcessID":2212,"ThreadID":2972,"Channel":"Microsoft-Windows-Sysmon/Operational","Domain":"NT AUTHORITY","AccountName":"SYSTEM","UserID":"S-1-5-18","AccountType":"User","Message":"File Delete archived:\r\nRuleName: -\r\nUtcTime: 2023-06-20 19:28:17.219\r\nProcessGuid: {BE59402F-FD9C-6491-5F0E-000000002400}\r\nProcessId: 3588\r\nUser: LUNARSTIIINESS\\tim.smith_admin\r\nImage: C:\\Program Files (x86)\\LogMeIn Rescue Technician Console\\LogMeInRescueTechnicianConsole_x64\\LMIRTechConsole.exe\r\nTargetFilename: C:\\Users\\tim.smith_admin\\AppData\\LocalLow\\LogMeIn Rescue\\LMICOL\\LMIRescueApplet_WIN-ADFS_230620_192810\\logo.bmp\r\nHashes: SHA1=D6694CC7ACE0BDED5CD9129BDEB324C032A8D2D5,MD5=CDB31BAAACCACC9273484427F39AA5CB,SHA256=003AA4DEB3D5184FB7B618DF99B680611CBCFA3D764D5A2A210FF4CAE5EC96B8,IMPHASH=00000000000000000000000000000000\r\nIsExecutable: false\r\nArchived: true","Category":"File Delete archived (rule: FileDelete)","Opcode":"Info","RuleName":"-","UtcTime":"2023-06-20 19:28:17.219","ProcessGuid":"{BE59402F-FD9C-6491-5F0E-000000002400}","User":"LUNARSTIIINESS\\tim.smith_admin","Image":"C:\\Program Files (x86)\\LogMeIn Rescue Technician Console\\LogMeInRescueTechnicianConsole_x64\\LMIRTechConsole.exe","TargetFilename":"C:\\Users\\tim.smith_admin\\AppData\\LocalLow\\LogMeIn Rescue\\LMICOL\\LMIRescueApplet_WIN-ADFS_230620_192810\\logo.bmp","Hashes":"SHA1=D6694CC7ACE0BDED5CD9129BDEB324C032A8D2D5,MD5=CDB31BAAACCACC9273484427F39AA5CB,SHA256=003AA4DEB3D5184FB7B618DF99B680611CBCFA3D764D5A2A210FF4CAE5EC96B8,IMPHASH=00000000000000000000000000000000","IsExecutable":"false","Archived":"true","EventReceivedTime":1687289298,"SourceModuleName":"in_sysmon","SourceModuleType":"im_msvistalog"}
<14>Jun 20 19:28:18 win-server.lunarstiiiness.com Microsoft-Windows-Sysmon[2212]: {"EventTime":1687289297,"Hostname":"win-server.lunarstiiiness.com","Keywords":-9223372036854775808,"EventType":"INFO","SeverityValue":2,"Severity":"INFO","EventID":23,"SourceName":"Microsoft-Windows-Sysmon","ProviderGuid":"{5770385F-C22A-43E0-BF4C-06F5698FFBD9}","Version":5,"Task":23,"OpcodeValue":0,"RecordNumber":2202639,"ProcessID":2212,"ThreadID":2972,"Channel":"Microsoft-Windows-Sysmon/Operational","Domain":"NT AUTHORITY","AccountName":"SYSTEM","UserID":"S-1-5-18","AccountType":"User","Message":"File Delete archived:\r\nRuleName: -\r\nUtcTime: 2023-06-20 19:28:17.235\r\nProcessGuid: {BE59402F-FD9C-6491-5F0E-000000002400}\r\nProcessId: 3588\r\nUser: LUNARSTIIINESS\\tim.smith_admin\r\nImage: C:\\Program Files (x86)\\LogMeIn Rescue Technician Console\\LogMeInRescueTechnicianConsole_x64\\LMIRTechConsole.exe\r\nTargetFilename: C:\\Users\\tim.smith_admin\\AppData\\LocalLow\\LogMeIn Rescue\\LMICOL\\LMIRescueApplet_WIN-ADFS_230620_192810\\rescue.ico\r\nHashes: SHA1=6D953FA5D460C84981F4011BD4598774D1A1647D,MD5=51635677E6DAE78745F08FBBA030788C,SHA256=C54B4CD0E6CC013833275C4E8173FD19E957D5398A7D91C45821857A7386FC00,IMPHASH=00000000000000000000000000000000\r\nIsExecutable: false\r\nArchived: true","Category":"File Delete archived (rule: FileDelete)","Opcode":"Info","RuleName":"-","UtcTime":"2023-06-20 19:28:17.235","ProcessGuid":"{BE59402F-FD9C-6491-5F0E-000000002400}","User":"LUNARSTIIINESS\\tim.smith_admin","Image":"C:\\Program Files (x86)\\LogMeIn Rescue Technician Console\\LogMeInRescueTechnicianConsole_x64\\LMIRTechConsole.exe","TargetFilename":"C:\\Users\\tim.smith_admin\\AppData\\LocalLow\\LogMeIn Rescue\\LMICOL\\LMIRescueApplet_WIN-ADFS_230620_192810\\rescue.ico","Hashes":"SHA1=6D953FA5D460C84981F4011BD4598774D1A1647D,MD5=51635677E6DAE78745F08FBBA030788C,SHA256=C54B4CD0E6CC013833275C4E8173FD19E957D5398A7D91C45821857A7386FC00,IMPHASH=00000000000000000000000000000000","IsExecutable":"false","Archived":"true","EventReceivedTime":1687289298,"SourceModuleName":"in_sysmon","SourceModuleType":"im_msvistalog"}
<14>Jun 20 19:28:18 win-server.lunarstiiiness.com Microsoft-Windows-Sysmon[2212]: {"EventTime":1687289297,"Hostname":"win-server.lunarstiiiness.com","Keywords":-9223372036854775808,"EventType":"INFO","SeverityValue":2,"Severity":"INFO","EventID":23,"SourceName":"Microsoft-Windows-Sysmon","ProviderGuid":"{5770385F-C22A-43E0-BF4C-06F5698FFBD9}","Version":5,"Task":23,"OpcodeValue":0,"RecordNumber":2202640,"ProcessID":2212,"ThreadID":2972,"Channel":"Microsoft-Windows-Sysmon/Operational","Domain":"NT AUTHORITY","AccountName":"SYSTEM","UserID":"S-1-5-18","AccountType":"User","Message":"File Delete archived:\r\nRuleName: -\r\nUtcTime: 2023-06-20 19:28:17.236\r\nProcessGuid: {BE59402F-FD9C-6491-5F0E-000000002400}\r\nProcessId: 3588\r\nUser: LUNARSTIIINESS\\tim.smith_admin\r\nImage: C:\\Program Files (x86)\\LogMeIn Rescue Technician Console\\LogMeInRescueTechnicianConsole_x64\\LMIRTechConsole.exe\r\nTargetFilename: C:\\Users\\tim.smith_admin\\AppData\\LocalLow\\LogMeIn Rescue\\LMICOL\\LMIRescueApplet_WIN-ADFS_230620_192810\\starter.cmd\r\nHashes: SHA1=35863DEA232AC1F8F1ACE296B11C08D7504863B2,MD5=04482D3E5B166FECF7525F87D2E7956A,SHA256=B9F054EC61C3D1A31D2234C9B0A94215AA20F48930B7A4F82F387D79D54438A1,IMPHASH=00000000000000000000000000000000\r\nIsExecutable: false\r\nArchived: true","Category":"File Delete archived (rule: FileDelete)","Opcode":"Info","RuleName":"-","UtcTime":"2023-06-20 19:28:17.236","ProcessGuid":"{BE59402F-FD9C-6491-5F0E-000000002400}","User":"LUNARSTIIINESS\\tim.smith_admin","Image":"C:\\Program Files (x86)\\LogMeIn Rescue Technician Console\\LogMeInRescueTechnicianConsole_x64\\LMIRTechConsole.exe","TargetFilename":"C:\\Users\\tim.smith_admin\\AppData\\LocalLow\\LogMeIn Rescue\\LMICOL\\LMIRescueApplet_WIN-ADFS_230620_192810\\starter.cmd","Hashes":"SHA1=35863DEA232AC1F8F1ACE296B11C08D7504863B2,MD5=04482D3E5B166FECF7525F87D2E7956A,SHA256=B9F054EC61C3D1A31D2234C9B0A94215AA20F48930B7A4F82F387D79D54438A1,IMPHASH=00000000000000000000000000000000","IsExecutable":"false","Archived":"true","EventReceivedTime":1687289298,"SourceModuleName":"in_sysmon","SourceModuleType":"im_msvistalog"}
<14>Jun 20 19:28:18 win-server.lunarstiiiness.com Microsoft-Windows-Sysmon[2212]: {"EventTime":1687289297,"Hostname":"win-server.lunarstiiiness.com","Keywords":-9223372036854775808,"EventType":"INFO","SeverityValue":2,"Severity":"INFO","EventID":23,"SourceName":"Microsoft-Windows-Sysmon","ProviderGuid":"{5770385F-C22A-43E0-BF4C-06F5698FFBD9}","Version":5,"Task":23,"OpcodeValue":0,"RecordNumber":2202641,"ProcessID":2212,"ThreadID":2972,"Channel":"Microsoft-Windows-Sysmon/Operational","Domain":"NT AUTHORITY","AccountName":"SYSTEM","UserID":"S-1-5-18","AccountType":"User","Message":"File Delete archived:\r\nRuleName: -\r\nUtcTime: 2023-06-20 19:28:17.238\r\nProcessGuid: {BE59402F-FD9C-6491-5F0E-000000002400}\r\nProcessId: 3588\r\nUser: LUNARSTIIINESS\\tim.smith_admin\r\nImage: C:\\Program Files (x86)\\LogMeIn Rescue Technician Console\\LogMeInRescueTechnicianConsole_x64\\LMIRTechConsole.exe\r\nTargetFilename: C:\\Users\\tim.smith_admin\\AppData\\LocalLow\\LogMeIn Rescue\\LMICOL\\LMIRescueApplet_WIN-ADFS_230620_192810\\Support-LogMeInRescue.exe\r\nHashes: SHA1=6A9F2CB64937DA001308C4F95342173010AD44BE,MD5=3315BA2BB41CD92488FBB4A90218CD65,SHA256=C6E340C35A69C28EADCDF440C6738B0C14A6324AA263F9B340FD2D6722A2F1FF,IMPHASH=B7FAA5B93E3EFED47037005978618DE3\r\nIsExecutable: true\r\nArchived: true","Category":"File Delete archived (rule: FileDelete)","Opcode":"Info","RuleName":"-","UtcTime":"2023-06-20 19:28:17.238","ProcessGuid":"{BE59402F-FD9C-6491-5F0E-000000002400}","User":"LUNARSTIIINESS\\tim.smith_admin","Image":"C:\\Program Files (x86)\\LogMeIn Rescue Technician Console\\LogMeInRescueTechnicianConsole_x64\\LMIRTechConsole.exe","TargetFilename":"C:\\Users\\tim.smith_admin\\AppData\\LocalLow\\LogMeIn Rescue\\LMICOL\\LMIRescueApplet_WIN-ADFS_230620_192810\\Support-LogMeInRescue.exe","Hashes":"SHA1=6A9F2CB64937DA001308C4F95342173010AD44BE,MD5=3315BA2BB41CD92488FBB4A90218CD65,SHA256=C6E340C35A69C28EADCDF440C6738B0C14A6324AA263F9B340FD2D6722A2F1FF,IMPHASH=B7FAA5B93E3EFED47037005978618DE3","IsExecutable":"true","Archived":"true","EventReceivedTime":1687289298,"SourceModuleName":"in_sysmon","SourceModuleType":"im_msvistalog"}
<14>Jun 20 19:28:20 win-adfs.lunarstiiiness.com Microsoft-Windows-Sysmon[2556]: {"EventTime":1687289298,"Hostname":"win-adfs.lunarstiiiness.com","Keywords":-9223372036854775808,"EventType":"INFO","SeverityValue":2,"Severity":"INFO","EventID":22,"SourceName":"Microsoft-Windows-Sysmon","ProviderGuid":"{5770385F-C22A-43E0-BF4C-06F5698FFBD9}","Version":5,"Task":22,"OpcodeValue":0,"RecordNumber":5946405,"ProcessID":2556,"ThreadID":3316,"Channel":"Microsoft-Windows-Sysmon/Operational","Domain":"NT AUTHORITY","AccountName":"SYSTEM","UserID":"S-1-5-18","AccountType":"User","Message":"Dns query:\r\nRuleName: -\r\nUtcTime: 2023-06-20 19:28:17.492\r\nProcessGuid: {927d35bf-fdcf-6491-c934-000000002900}\r\nProcessId: 12236\r\nQueryName: secure.logmeinrescue.com\r\nQueryStatus: 0\r\nQueryResults: type: 5 rescue.logmein.com.akadns.net;::ffff:173.199.52.77;\r\nImage: C:\\Program Files (x86)\\LogMeIn Rescue Applet\\LMIR111CF001.tmp\\LMI_Rescue_srv.exe\r\nUser: NT AUTHORITY\\SYSTEM","Category":"Dns query (rule: DnsQuery)","Opcode":"Info","RuleName":"-","UtcTime":"2023-06-20 19:28:17.492","ProcessGuid":"{927d35bf-fdcf-6491-c934-000000002900}","QueryName":"secure.logmeinrescue.com","QueryStatus":"0","QueryResults":"type: 5 rescue.logmein.com.akadns.net;::ffff:173.199.52.77;","Image":"C:\\Program Files (x86)\\LogMeIn Rescue Applet\\LMIR111CF001.tmp\\LMI_Rescue_srv.exe","User":"NT AUTHORITY\\SYSTEM","EventReceivedTime":1687289300,"SourceModuleName":"in_sysmon","SourceModuleType":"im_msvistalog"}
<14>Jun 20 19:28:20 win-adfs.lunarstiiiness.com Microsoft-Windows-Sysmon[2556]: {"EventTime":1687289299,"Hostname":"win-adfs.lunarstiiiness.com","Keywords":-9223372036854775808,"EventType":"INFO","SeverityValue":2,"Severity":"INFO","EventID":11,"SourceName":"Microsoft-Windows-Sysmon","ProviderGuid":"{5770385F-C22A-43E0-BF4C-06F5698FFBD9}","Version":2,"Task":11,"OpcodeValue":0,"RecordNumber":5946407,"ProcessID":2556,"ThreadID":3972,"Channel":"Microsoft-Windows-Sysmon/Operational","Domain":"NT AUTHORITY","AccountName":"SYSTEM","UserID":"S-1-5-18","AccountType":"User","Message":"File created:\r\nRuleName: -\r\nUtcTime: 2023-06-20 19:28:19.037\r\nProcessGuid: {927d35bf-fdcf-6491-c934-000000002900}\r\nProcessId: 12236\r\nImage: C:\\Program Files (x86)\\LogMeIn Rescue Applet\\LMIR111CF001.tmp\\LMI_Rescue_srv.exe\r\nTargetFilename: C:\\Program Files (x86)\\LogMeIn Rescue Applet\\LMIR111CF001.tmp\\unattended.exe\r\nCreationUtcTime: 2023-06-20 19:28:19.037\r\nUser: NT AUTHORITY\\SYSTEM","Category":"File created (rule: FileCreate)","Opcode":"Info","RuleName":"-","UtcTime":"2023-06-20 19:28:19.037","ProcessGuid":"{927d35bf-fdcf-6491-c934-000000002900}","Image":"C:\\Program Files (x86)\\LogMeIn Rescue Applet\\LMIR111CF001.tmp\\LMI_Rescue_srv.exe","TargetFilename":"C:\\Program Files (x86)\\LogMeIn Rescue Applet\\LMIR111CF001.tmp\\unattended.exe","CreationUtcTime":"2023-06-20 19:28:19.037","User":"NT AUTHORITY\\SYSTEM","EventReceivedTime":1687289300,"SourceModuleName":"in_sysmon","SourceModuleType":"im_msvistalog"}
<14>Jun 20 19:28:20 win-adfs.lunarstiiiness.com Microsoft-Windows-Sysmon[2556]: {"EventTime":1687289299,"Hostname":"win-adfs.lunarstiiiness.com","Keywords":-9223372036854775808,"EventType":"INFO","SeverityValue":2,"Severity":"INFO","EventID":11,"SourceName":"Microsoft-Windows-Sysmon","ProviderGuid":"{5770385F-C22A-43E0-BF4C-06F5698FFBD9}","Version":2,"Task":11,"OpcodeValue":0,"RecordNumber":5946408,"ProcessID":2556,"ThreadID":3972,"Channel":"Microsoft-Windows-Sysmon/Operational","Domain":"NT AUTHORITY","AccountName":"SYSTEM","UserID":"S-1-5-18","AccountType":"User","Message":"File created:\r\nRuleName: technique_id=T1574.010,technique_name=Services File Permissions Weakness\r\nUtcTime: 2023-06-20 19:28:19.131\r\nProcessGuid: {927d35bf-fdcf-6491-c934-000000002900}\r\nProcessId: 12236\r\nImage: C:\\Program Files (x86)\\LogMeIn Rescue Applet\\LMIR111CF001.tmp\\LMI_Rescue_srv.exe\r\nTargetFilename: C:\\Windows\\System32\\unlock64.dll\r\nCreationUtcTime: 2023-06-20 19:28:19.115\r\nUser: NT AUTHORITY\\SYSTEM","Category":"File created (rule: FileCreate)","Opcode":"Info","RuleName":"technique_id=T1574.010,technique_name=Services File Permissions Weakness","UtcTime":"2023-06-20 19:28:19.131","ProcessGuid":"{927d35bf-fdcf-6491-c934-000000002900}","Image":"C:\\Program Files (x86)\\LogMeIn Rescue Applet\\LMIR111CF001.tmp\\LMI_Rescue_srv.exe","TargetFilename":"C:\\Windows\\System32\\unlock64.dll","CreationUtcTime":"2023-06-20 19:28:19.115","User":"NT AUTHORITY\\SYSTEM","EventReceivedTime":1687289300,"SourceModuleName":"in_sysmon","SourceModuleType":"im_msvistalog"}
<14>Jun 20 19:28:20 win-adfs.lunarstiiiness.com Microsoft-Windows-Sysmon[2556]: {"EventTime":1687289299,"Hostname":"win-adfs.lunarstiiiness.com","Keywords":-9223372036854775808,"EventType":"INFO","SeverityValue":2,"Severity":"INFO","EventID":12,"SourceName":"Microsoft-Windows-Sysmon","ProviderGuid":"{5770385F-C22A-43E0-BF4C-06F5698FFBD9}","Version":2,"Task":12,"OpcodeValue":0,"RecordNumber":5946409,"ProcessID":2556,"ThreadID":3972,"Channel":"Microsoft-Windows-Sysmon/Operational","Domain":"NT AUTHORITY","AccountName":"SYSTEM","UserID":"S-1-5-18","AccountType":"User","Message":"Registry object added or deleted:\r\nRuleName: -\r\nEventType: CreateKey\r\nUtcTime: 2023-06-20 19:28:19.131\r\nProcessGuid: {927d35bf-fdcf-6491-c934-000000002900}\r\nProcessId: 12236\r\nImage: C:\\Program Files (x86)\\LogMeIn Rescue Applet\\LMIR111CF001.tmp\\LMI_Rescue_srv.exe\r\nTargetObject: HKLM\\SOFTWARE\\Microsoft\\Windows\\CurrentVersion\\Authentication\\Credential Providers\\{c35ca2f1-3a8a-49e3-9f5d-cae4448a6b8c}\r\nUser: NT AUTHORITY\\SYSTEM","Category":"Registry object added or deleted (rule: RegistryEvent)","Opcode":"Info","RuleName":"-","UtcTime":"2023-06-20 19:28:19.131","ProcessGuid":"{927d35bf-fdcf-6491-c934-000000002900}","Image":"C:\\Program Files (x86)\\LogMeIn Rescue Applet\\LMIR111CF001.tmp\\LMI_Rescue_srv.exe","TargetObject":"HKLM\\SOFTWARE\\Microsoft\\Windows\\CurrentVersion\\Authentication\\Credential Providers\\{c35ca2f1-3a8a-49e3-9f5d-cae4448a6b8c}","User":"NT AUTHORITY\\SYSTEM","EventReceivedTime":1687289300,"SourceModuleName":"in_sysmon","SourceModuleType":"im_msvistalog"}
<14>Jun 20 19:28:20 win-adfs.lunarstiiiness.com Microsoft-Windows-Sysmon[2556]: {"EventTime":1687289299,"Hostname":"win-adfs.lunarstiiiness.com","Keywords":-9223372036854775808,"EventType":"INFO","SeverityValue":2,"Severity":"INFO","EventID":13,"SourceName":"Microsoft-Windows-Sysmon","ProviderGuid":"{5770385F-C22A-43E0-BF4C-06F5698FFBD9}","Version":2,"Task":13,"OpcodeValue":0,"RecordNumber":5946410,"ProcessID":2556,"ThreadID":3972,"Channel":"Microsoft-Windows-Sysmon/Operational","Domain":"NT AUTHORITY","AccountName":"SYSTEM","UserID":"S-1-5-18","AccountType":"User","Message":"Registry value set:\r\nRuleName: -\r\nEventType: SetValue\r\nUtcTime: 2023-06-20 19:28:19.131\r\nProcessGuid: {927d35bf-fdcf-6491-c934-000000002900}\r\nProcessId: 12236\r\nImage: C:\\Program Files (x86)\\LogMeIn Rescue Applet\\LMIR111CF001.tmp\\LMI_Rescue_srv.exe\r\nTargetObject: HKLM\\SOFTWARE\\Microsoft\\Windows\\CurrentVersion\\Authentication\\Credential Providers\\{c35ca2f1-3a8a-49e3-9f5d-cae4448a6b8c}\\(Default)\r\nDetails: RescueUnattendedCredProv64\r\nUser: NT AUTHORITY\\SYSTEM","Category":"Registry value set (rule: RegistryEvent)","Opcode":"Info","RuleName":"-","UtcTime":"2023-06-20 19:28:19.131","ProcessGuid":"{927d35bf-fdcf-6491-c934-000000002900}","Image":"C:\\Program Files (x86)\\LogMeIn Rescue Applet\\LMIR111CF001.tmp\\LMI_Rescue_srv.exe","TargetObject":"HKLM\\SOFTWARE\\Microsoft\\Windows\\CurrentVersion\\Authentication\\Credential Providers\\{c35ca2f1-3a8a-49e3-9f5d-cae4448a6b8c}\\(Default)","Details":"RescueUnattendedCredProv64","User":"NT AUTHORITY\\SYSTEM","EventReceivedTime":1687289300,"SourceModuleName":"in_sysmon","SourceModuleType":"im_msvistalog"}
<11>Jun 20 19:28:22 win-adfs.lunarstiiiness.com Microsoft-Windows-Sysmon[2556]: {"EventTime":1687289301,"Hostname":"win-adfs.lunarstiiiness.com","Keywords":-9223372036854775808,"EventType":"ERROR","SeverityValue":4,"Severity":"ERROR","EventID":255,"SourceName":"Microsoft-Windows-Sysmon","ProviderGuid":"{5770385F-C22A-43E0-BF4C-06F5698FFBD9}","Version":3,"Task":255,"OpcodeValue":0,"RecordNumber":5946411,"ProcessID":2556,"ThreadID":3972,"Channel":"Microsoft-Windows-Sysmon/Operational","Domain":"NT AUTHORITY","AccountName":"SYSTEM","UserID":"S-1-5-18","AccountType":"User","Message":"Error report:\r\nUtcTime: 2023-06-20 19:28:21.108\r\nID: IMAGE_LOAD\r\nDescription: Failed to find process image name","Opcode":"Info","UtcTime":"2023-06-20 19:28:21.108","ID":"IMAGE_LOAD","Description":"Failed to find process image name","EventReceivedTime":1687289302,"SourceModuleName":"in_sysmon","SourceModuleType":"im_msvistalog"}
<14>Jun 20 19:28:25 win-server.lunarstiiiness.com Microsoft-Windows-Sysmon[2212]: {"EventTime":1687289304,"Hostname":"win-server.lunarstiiiness.com","Keywords":-9223372036854775808,"EventType":"INFO","SeverityValue":2,"Severity":"INFO","EventID":22,"SourceName":"Microsoft-Windows-Sysmon","ProviderGuid":"{5770385F-C22A-43E0-BF4C-06F5698FFBD9}","Version":5,"Task":22,"OpcodeValue":0,"RecordNumber":2202642,"ProcessID":2212,"ThreadID":2992,"Channel":"Microsoft-Windows-Sysmon/Operational","Domain":"NT AUTHORITY","AccountName":"SYSTEM","UserID":"S-1-5-18","AccountType":"User","Message":"Dns query:\r\nRuleName: -\r\nUtcTime: 2023-06-20 19:28:23.429\r\nProcessGuid: {BE59402F-FD9C-6491-5F0E-000000002400}\r\nProcessId: 3588\r\nQueryName: control.rsc-app14-05.logmeinrescue.com\r\nQueryStatus: 0\r\nQueryResults: ::ffff:173.199.31.38;\r\nImage: C:\\Program Files (x86)\\LogMeIn Rescue Technician Console\\LogMeInRescueTechnicianConsole_x64\\LMIRTechConsole.exe\r\nUser: LUNARSTIIINESS\\tim.smith_admin","Category":"Dns query (rule: DnsQuery)","Opcode":"Info","RuleName":"-","UtcTime":"2023-06-20 19:28:23.429","ProcessGuid":"{BE59402F-FD9C-6491-5F0E-000000002400}","QueryName":"control.rsc-app14-05.logmeinrescue.com","QueryStatus":"0","QueryResults":"::ffff:173.199.31.38;","Image":"C:\\Program Files (x86)\\LogMeIn Rescue Technician Console\\LogMeInRescueTechnicianConsole_x64\\LMIRTechConsole.exe","User":"LUNARSTIIINESS\\tim.smith_admin","EventReceivedTime":1687289305,"SourceModuleName":"in_sysmon","SourceModuleType":"im_msvistalog"}
