<14>Jun 20 19:12:02 win-server.lunarstiiiness.com Microsoft-Windows-Sysmon[2212]: {"EventTime":1687288321,"Hostname":"win-server.lunarstiiiness.com","Keywords":-9223372036854775808,"EventType":"INFO","SeverityValue":2,"Severity":"INFO","EventID":23,"SourceName":"Microsoft-Windows-Sysmon","ProviderGuid":"{5770385F-C22A-43E0-BF4C-06F5698FFBD9}","Version":5,"Task":23,"OpcodeValue":0,"RecordNumber":2200803,"ProcessID":2212,"ThreadID":2972,"Channel":"Microsoft-Windows-Sysmon/Operational","Domain":"NT AUTHORITY","AccountName":"SYSTEM","UserID":"S-1-5-18","AccountType":"User","Message":"File Delete archived:\r\nRuleName: -\r\nUtcTime: 2023-06-20 19:12:01.211\r\nProcessGuid: {BE59402F-BAAD-6491-EA0D-000000002400}\r\nProcessId: 2800\r\nUser: NT AUTHORITY\\SYSTEM\r\nImage: C:\\Windows\\system32\\msiexec.exe\r\nTargetFilename: C:\\Windows\\Installer\\MSI26CD.tmp\r\nHashes: SHA1=4E75BBB5238F479A8B5E82190C74CB9AF98C2BBA,MD5=DD2F3228CB297FBE1601FB87794A80E2,SHA256=F56005207C1D951B4F0131C2E0526BCB68EBF17B53FCDAE8E4168D6287D9DACC,IMPHASH=C49E3B8B3250CE5843BE9CFA03C540BB\r\nIsExecutable: true\r\nArchived: true","Category":"File Delete archived (rule: FileDelete)","Opcode":"Info","RuleName":"-","UtcTime":"2023-06-20 19:12:01.211","ProcessGuid":"{BE59402F-BAAD-6491-EA0D-000000002400}","User":"NT AUTHORITY\\SYSTEM","Image":"C:\\Windows\\system32\\msiexec.exe","TargetFilename":"C:\\Windows\\Installer\\MSI26CD.tmp","Hashes":"SHA1=4E75BBB5238F479A8B5E82190C74CB9AF98C2BBA,MD5=DD2F3228CB297FBE1601FB87794A80E2,SHA256=F56005207C1D951B4F0131C2E0526BCB68EBF17B53FCDAE8E4168D6287D9DACC,IMPHASH=C49E3B8B3250CE5843BE9CFA03C540BB","IsExecutable":"true","Archived":"true","EventReceivedTime":1687288322,"SourceModuleName":"in_sysmon","SourceModuleType":"im_msvistalog"}
<14>Jun 20 19:12:02 win-server.lunarstiiiness.com Microsoft-Windows-Sysmon[2212]: {"EventTime":1687288321,"Hostname":"win-server.lunarstiiiness.com","Keywords":-9223372036854775808,"EventType":"INFO","SeverityValue":2,"Severity":"INFO","EventID":23,"SourceName":"Microsoft-Windows-Sysmon","ProviderGuid":"{5770385F-C22A-43E0-BF4C-06F5698FFBD9}","Version":5,"Task":23,"OpcodeValue":0,"RecordNumber":2200807,"ProcessID":2212,"ThreadID":2972,"Channel":"Microsoft-Windows-Sysmon/Operational","Domain":"NT AUTHORITY","AccountName":"SYSTEM","UserID":"S-1-5-18","AccountType":"User","Message":"File Delete archived:\r\nRuleName: -\r\nUtcTime: 2023-06-20 19:12:01.230\r\nProcessGuid: {BE59402F-BAAD-6491-EA0D-000000002400}\r\nProcessId: 2800\r\nUser: NT AUTHORITY\\SYSTEM\r\nImage: C:\\Windows\\system32\\msiexec.exe\r\nTargetFilename: C:\\temp\\~DF474DA0C68864251D.TMP\r\nHashes: SHA1=5C3EB80066420002BC3DCC7CA4AB6EFAD7ED4AE5,MD5=BF619EAC0CDF3F68D496EA9344137E8B,SHA256=076A27C79E5ACE2A3D47F9DD2E83E4FF6EA8872B3C2218F66C92B89B55F36560,IMPHASH=00000000000000000000000000000000\r\nIsExecutable: false\r\nArchived: false - shredded file with pattern 0x0000","Category":"File Delete archived (rule: FileDelete)","Opcode":"Info","RuleName":"-","UtcTime":"2023-06-20 19:12:01.230","ProcessGuid":"{BE59402F-BAAD-6491-EA0D-000000002400}","User":"NT AUTHORITY\\SYSTEM","Image":"C:\\Windows\\system32\\msiexec.exe","TargetFilename":"C:\\temp\\~DF474DA0C68864251D.TMP","Hashes":"SHA1=5C3EB80066420002BC3DCC7CA4AB6EFAD7ED4AE5,MD5=BF619EAC0CDF3F68D496EA9344137E8B,SHA256=076A27C79E5ACE2A3D47F9DD2E83E4FF6EA8872B3C2218F66C92B89B55F36560,IMPHASH=00000000000000000000000000000000","IsExecutable":"false","Archived":"false - shredded file with pattern 0x0000","EventReceivedTime":1687288322,"SourceModuleName":"in_sysmon","SourceModuleType":"im_msvistalog"}
<14>Jun 20 19:12:02 win-server.lunarstiiiness.com Microsoft-Windows-Sysmon[2212]: {"EventTime":1687288321,"Hostname":"win-server.lunarstiiiness.com","Keywords":-9223372036854775808,"EventType":"INFO","SeverityValue":2,"Severity":"INFO","EventID":23,"SourceName":"Microsoft-Windows-Sysmon","ProviderGuid":"{5770385F-C22A-43E0-BF4C-06F5698FFBD9}","Version":5,"Task":23,"OpcodeValue":0,"RecordNumber":2200806,"ProcessID":2212,"ThreadID":2972,"Channel":"Microsoft-Windows-Sysmon/Operational","Domain":"NT AUTHORITY","AccountName":"SYSTEM","UserID":"S-1-5-18","AccountType":"User","Message":"File Delete archived:\r\nRuleName: -\r\nUtcTime: 2023-06-20 19:12:01.230\r\nProcessGuid: {BE59402F-BAAD-6491-EA0D-000000002400}\r\nProcessId: 2800\r\nUser: NT AUTHORITY\\SYSTEM\r\nImage: C:\\Windows\\system32\\msiexec.exe\r\nTargetFilename: C:\\temp\\~DF8CF9644CCD54E929.TMP\r\nHashes: SHA1=843CE942EC616056B47F5AE1011B4944C732B0F0,MD5=A82AFDE950E556607D28F839F4B184A2,SHA256=173A8CAD9EB4A0E5FB1DB4FDA1B0722DF1A3254472B8BBEEE207376098C6E1D8,IMPHASH=00000000000000000000000000000000\r\nIsExecutable: false\r\nArchived: true","Category":"File Delete archived (rule: FileDelete)","Opcode":"Info","RuleName":"-","UtcTime":"2023-06-20 19:12:01.230","ProcessGuid":"{BE59402F-BAAD-6491-EA0D-000000002400}","User":"NT AUTHORITY\\SYSTEM","Image":"C:\\Windows\\system32\\msiexec.exe","TargetFilename":"C:\\temp\\~DF8CF9644CCD54E929.TMP","Hashes":"SHA1=843CE942EC616056B47F5AE1011B4944C732B0F0,MD5=A82AFDE950E556607D28F839F4B184A2,SHA256=173A8CAD9EB4A0E5FB1DB4FDA1B0722DF1A3254472B8BBEEE207376098C6E1D8,IMPHASH=00000000000000000000000000000000","IsExecutable":"false","Archived":"true","EventReceivedTime":1687288322,"SourceModuleName":"in_sysmon","SourceModuleType":"im_msvistalog"}
<14>Jun 20 19:12:02 win-server.lunarstiiiness.com Microsoft-Windows-Sysmon[2212]: {"EventTime":1687288321,"Hostname":"win-server.lunarstiiiness.com","Keywords":-9223372036854775808,"EventType":"INFO","SeverityValue":2,"Severity":"INFO","EventID":23,"SourceName":"Microsoft-Windows-Sysmon","ProviderGuid":"{5770385F-C22A-43E0-BF4C-06F5698FFBD9}","Version":5,"Task":23,"OpcodeValue":0,"RecordNumber":2200808,"ProcessID":2212,"ThreadID":2972,"Channel":"Microsoft-Windows-Sysmon/Operational","Domain":"NT AUTHORITY","AccountName":"SYSTEM","UserID":"S-1-5-18","AccountType":"User","Message":"File Delete archived:\r\nRuleName: -\r\nUtcTime: 2023-06-20 19:12:01.234\r\nProcessGuid: {BE59402F-BAAD-6491-EA0D-000000002400}\r\nProcessId: 2800\r\nUser: NT AUTHORITY\\SYSTEM\r\nImage: C:\\Windows\\system32\\msiexec.exe\r\nTargetFilename: C:\\Config.Msi\\1bf519d6.rbs\r\nHashes: SHA1=DA39A3EE5E6B4B0D3255BFEF95601890AFD80709,MD5=D41D8CD98F00B204E9800998ECF8427E,SHA256=E3B0C44298FC1C149AFBF4C8996FB92427AE41E4649B934CA495991B7852B855,IMPHASH=00000000000000000000000000000000\r\nIsExecutable: false\r\nArchived: true","Category":"File Delete archived (rule: FileDelete)","Opcode":"Info","RuleName":"-","UtcTime":"2023-06-20 19:12:01.234","ProcessGuid":"{BE59402F-BAAD-6491-EA0D-000000002400}","User":"NT AUTHORITY\\SYSTEM","Image":"C:\\Windows\\system32\\msiexec.exe","TargetFilename":"C:\\Config.Msi\\1bf519d6.rbs","Hashes":"SHA1=DA39A3EE5E6B4B0D3255BFEF95601890AFD80709,MD5=D41D8CD98F00B204E9800998ECF8427E,SHA256=E3B0C44298FC1C149AFBF4C8996FB92427AE41E4649B934CA495991B7852B855,IMPHASH=00000000000000000000000000000000","IsExecutable":"false","Archived":"true","EventReceivedTime":1687288322,"SourceModuleName":"in_sysmon","SourceModuleType":"im_msvistalog"}
<14>Jun 20 19:12:02 win-server.lunarstiiiness.com Microsoft-Windows-Sysmon[2212]: {"EventTime":1687288321,"Hostname":"win-server.lunarstiiiness.com","Keywords":-9223372036854775808,"EventType":"INFO","SeverityValue":2,"Severity":"INFO","EventID":23,"SourceName":"Microsoft-Windows-Sysmon","ProviderGuid":"{5770385F-C22A-43E0-BF4C-06F5698FFBD9}","Version":5,"Task":23,"OpcodeValue":0,"RecordNumber":2200811,"ProcessID":2212,"ThreadID":2972,"Channel":"Microsoft-Windows-Sysmon/Operational","Domain":"NT AUTHORITY","AccountName":"SYSTEM","UserID":"S-1-5-18","AccountType":"User","Message":"File Delete archived:\r\nRuleName: -\r\nUtcTime: 2023-06-20 19:12:01.308\r\nProcessGuid: {BE59402F-BAAD-6491-EA0D-000000002400}\r\nProcessId: 2800\r\nUser: NT AUTHORITY\\SYSTEM\r\nImage: C:\\Windows\\system32\\msiexec.exe\r\nTargetFilename: C:\\Windows\\Installer\\MSI26FD.tmp\r\nHashes: SHA1=4E75BBB5238F479A8B5E82190C74CB9AF98C2BBA,MD5=DD2F3228CB297FBE1601FB87794A80E2,SHA256=F56005207C1D951B4F0131C2E0526BCB68EBF17B53FCDAE8E4168D6287D9DACC,IMPHASH=C49E3B8B3250CE5843BE9CFA03C540BB\r\nIsExecutable: true\r\nArchived: true","Category":"File Delete archived (rule: FileDelete)","Opcode":"Info","RuleName":"-","UtcTime":"2023-06-20 19:12:01.308","ProcessGuid":"{BE59402F-BAAD-6491-EA0D-000000002400}","User":"NT AUTHORITY\\SYSTEM","Image":"C:\\Windows\\system32\\msiexec.exe","TargetFilename":"C:\\Windows\\Installer\\MSI26FD.tmp","Hashes":"SHA1=4E75BBB5238F479A8B5E82190C74CB9AF98C2BBA,MD5=DD2F3228CB297FBE1601FB87794A80E2,SHA256=F56005207C1D951B4F0131C2E0526BCB68EBF17B53FCDAE8E4168D6287D9DACC,IMPHASH=C49E3B8B3250CE5843BE9CFA03C540BB","IsExecutable":"true","Archived":"true","EventReceivedTime":1687288322,"SourceModuleName":"in_sysmon","SourceModuleType":"im_msvistalog"}
<14>Jun 20 19:12:04 win-server.lunarstiiiness.com Microsoft-Windows-Sysmon[2212]: {"EventTime":1687288322,"Hostname":"win-server.lunarstiiiness.com","Keywords":-9223372036854775808,"EventType":"INFO","SeverityValue":2,"Severity":"INFO","EventID":23,"SourceName":"Microsoft-Windows-Sysmon","ProviderGuid":"{5770385F-C22A-43E0-BF4C-06F5698FFBD9}","Version":5,"Task":23,"OpcodeValue":0,"RecordNumber":2200826,"ProcessID":2212,"ThreadID":2972,"Channel":"Microsoft-Windows-Sysmon/Operational","Domain":"NT AUTHORITY","AccountName":"SYSTEM","UserID":"S-1-5-18","AccountType":"User","Message":"File Delete archived:\r\nRuleName: -\r\nUtcTime: 2023-06-20 19:12:02.761\r\nProcessGuid: {BE59402F-BAAD-6491-EA0D-000000002400}\r\nProcessId: 2800\r\nUser: NT AUTHORITY\\SYSTEM\r\nImage: C:\\Windows\\system32\\msiexec.exe\r\nTargetFilename: C:\\Windows\\Installer\\MSI2CCA.tmp\r\nHashes: SHA1=165CFBDCE1811883360112441F7237B287CF0691,MD5=D773D9BD091E712DF7560F576DA53DE8,SHA256=E0DB1804CF53ED4819ED70CB35C67680CE1A77573EFDED86E6DAC81010CE55E7,IMPHASH=7682FC45495CDE5C858235C507DEF712\r\nIsExecutable: true\r\nArchived: true","Category":"File Delete archived (rule: FileDelete)","Opcode":"Info","RuleName":"-","UtcTime":"2023-06-20 19:12:02.761","ProcessGuid":"{BE59402F-BAAD-6491-EA0D-000000002400}","User":"NT AUTHORITY\\SYSTEM","Image":"C:\\Windows\\system32\\msiexec.exe","TargetFilename":"C:\\Windows\\Installer\\MSI2CCA.tmp","Hashes":"SHA1=165CFBDCE1811883360112441F7237B287CF0691,MD5=D773D9BD091E712DF7560F576DA53DE8,SHA256=E0DB1804CF53ED4819ED70CB35C67680CE1A77573EFDED86E6DAC81010CE55E7,IMPHASH=7682FC45495CDE5C858235C507DEF712","IsExecutable":"true","Archived":"true","EventReceivedTime":1687288324,"SourceModuleName":"in_sysmon","SourceModuleType":"im_msvistalog"}
<14>Jun 20 19:12:04 win-server.lunarstiiiness.com Microsoft-Windows-Sysmon[2212]: {"EventTime":1687288322,"Hostname":"win-server.lunarstiiiness.com","Keywords":-9223372036854775808,"EventType":"INFO","SeverityValue":2,"Severity":"INFO","EventID":23,"SourceName":"Microsoft-Windows-Sysmon","ProviderGuid":"{5770385F-C22A-43E0-BF4C-06F5698FFBD9}","Version":5,"Task":23,"OpcodeValue":0,"RecordNumber":2200828,"ProcessID":2212,"ThreadID":2972,"Channel":"Microsoft-Windows-Sysmon/Operational","Domain":"NT AUTHORITY","AccountName":"SYSTEM","UserID":"S-1-5-18","AccountType":"User","Message":"File Delete archived:\r\nRuleName: -\r\nUtcTime: 2023-06-20 19:12:02.784\r\nProcessGuid: {BE59402F-BAAD-6491-EA0D-000000002400}\r\nProcessId: 2800\r\nUser: NT AUTHORITY\\SYSTEM\r\nImage: C:\\Windows\\system32\\msiexec.exe\r\nTargetFilename: C:\\Windows\\Installer\\MSI2CEA.tmp\r\nHashes: SHA1=4E75BBB5238F479A8B5E82190C74CB9AF98C2BBA,MD5=DD2F3228CB297FBE1601FB87794A80E2,SHA256=F56005207C1D951B4F0131C2E0526BCB68EBF17B53FCDAE8E4168D6287D9DACC,IMPHASH=C49E3B8B3250CE5843BE9CFA03C540BB\r\nIsExecutable: true\r\nArchived: true","Category":"File Delete archived (rule: FileDelete)","Opcode":"Info","RuleName":"-","UtcTime":"2023-06-20 19:12:02.784","ProcessGuid":"{BE59402F-BAAD-6491-EA0D-000000002400}","User":"NT AUTHORITY\\SYSTEM","Image":"C:\\Windows\\system32\\msiexec.exe","TargetFilename":"C:\\Windows\\Installer\\MSI2CEA.tmp","Hashes":"SHA1=4E75BBB5238F479A8B5E82190C74CB9AF98C2BBA,MD5=DD2F3228CB297FBE1601FB87794A80E2,SHA256=F56005207C1D951B4F0131C2E0526BCB68EBF17B53FCDAE8E4168D6287D9DACC,IMPHASH=C49E3B8B3250CE5843BE9CFA03C540BB","IsExecutable":"true","Archived":"true","EventReceivedTime":1687288324,"SourceModuleName":"in_sysmon","SourceModuleType":"im_msvistalog"}
<14>Jun 20 19:12:02 win-server.lunarstiiiness.com Microsoft-Windows-Sysmon[2212]: {"EventTime":1687288320,"Hostname":"win-server.lunarstiiiness.com","Keywords":-9223372036854775808,"EventType":"INFO","SeverityValue":2,"Severity":"INFO","EventID":11,"SourceName":"Microsoft-Windows-Sysmon","ProviderGuid":"{5770385F-C22A-43E0-BF4C-06F5698FFBD9}","Version":2,"Task":11,"OpcodeValue":0,"RecordNumber":2200792,"ProcessID":2212,"ThreadID":2972,"Channel":"Microsoft-Windows-Sysmon/Operational","Domain":"NT AUTHORITY","AccountName":"SYSTEM","UserID":"S-1-5-18","AccountType":"User","Message":"File created:\r\nRuleName: technique_id=T1047,technique_name=File System Permissions Weakness\r\nUtcTime: 2023-06-20 19:12:00.878\r\nProcessGuid: {BE59402F-BAAD-6491-EA0D-000000002400}\r\nProcessId: 2800\r\nImage: C:\\Windows\\system32\\msiexec.exe\r\nTargetFilename: C:\\temp\\~DFDD54CDA029CEDF92.TMP\r\nCreationUtcTime: 2023-06-20 19:12:00.878\r\nUser: NT AUTHORITY\\SYSTEM","Category":"File created (rule: FileCreate)","Opcode":"Info","RuleName":"technique_id=T1047,technique_name=File System Permissions Weakness","UtcTime":"2023-06-20 19:12:00.878","ProcessGuid":"{BE59402F-BAAD-6491-EA0D-000000002400}","Image":"C:\\Windows\\system32\\msiexec.exe","TargetFilename":"C:\\temp\\~DFDD54CDA029CEDF92.TMP","CreationUtcTime":"2023-06-20 19:12:00.878","User":"NT AUTHORITY\\SYSTEM","EventReceivedTime":1687288322,"SourceModuleName":"in_sysmon","SourceModuleType":"im_msvistalog"}
<14>Jun 20 19:12:02 win-server.lunarstiiiness.com Microsoft-Windows-Sysmon[2212]: {"EventTime":1687288320,"Hostname":"win-server.lunarstiiiness.com","Keywords":-9223372036854775808,"EventType":"INFO","SeverityValue":2,"Severity":"INFO","EventID":11,"SourceName":"Microsoft-Windows-Sysmon","ProviderGuid":"{5770385F-C22A-43E0-BF4C-06F5698FFBD9}","Version":2,"Task":11,"OpcodeValue":0,"RecordNumber":2200794,"ProcessID":2212,"ThreadID":2972,"Channel":"Microsoft-Windows-Sysmon/Operational","Domain":"NT AUTHORITY","AccountName":"SYSTEM","UserID":"S-1-5-18","AccountType":"User","Message":"File created:\r\nRuleName: technique_id=T1047,technique_name=File System Permissions Weakness\r\nUtcTime: 2023-06-20 19:12:00.889\r\nProcessGuid: {BE59402F-BAAD-6491-EA0D-000000002400}\r\nProcessId: 2800\r\nImage: C:\\Windows\\system32\\msiexec.exe\r\nTargetFilename: C:\\temp\\~DF84FD680DCD1BA457.TMP\r\nCreationUtcTime: 2023-06-20 19:12:00.889\r\nUser: NT AUTHORITY\\SYSTEM","Category":"File created (rule: FileCreate)","Opcode":"Info","RuleName":"technique_id=T1047,technique_name=File System Permissions Weakness","UtcTime":"2023-06-20 19:12:00.889","ProcessGuid":"{BE59402F-BAAD-6491-EA0D-000000002400}","Image":"C:\\Windows\\system32\\msiexec.exe","TargetFilename":"C:\\temp\\~DF84FD680DCD1BA457.TMP","CreationUtcTime":"2023-06-20 19:12:00.889","User":"NT AUTHORITY\\SYSTEM","EventReceivedTime":1687288322,"SourceModuleName":"in_sysmon","SourceModuleType":"im_msvistalog"}
<14>Jun 20 19:12:02 win-server.lunarstiiiness.com Microsoft-Windows-Sysmon[2212]: {"EventTime":1687288321,"Hostname":"win-server.lunarstiiiness.com","Keywords":-9223372036854775808,"EventType":"INFO","SeverityValue":2,"Severity":"INFO","EventID":11,"SourceName":"Microsoft-Windows-Sysmon","ProviderGuid":"{5770385F-C22A-43E0-BF4C-06F5698FFBD9}","Version":2,"Task":11,"OpcodeValue":0,"RecordNumber":2200804,"ProcessID":2212,"ThreadID":2972,"Channel":"Microsoft-Windows-Sysmon/Operational","Domain":"NT AUTHORITY","AccountName":"SYSTEM","UserID":"S-1-5-18","AccountType":"User","Message":"File created:\r\nRuleName: technique_id=T1047,technique_name=File System Permissions Weakness\r\nUtcTime: 2023-06-20 19:12:01.226\r\nProcessGuid: {BE59402F-BAAD-6491-EA0D-000000002400}\r\nProcessId: 2800\r\nImage: C:\\Windows\\system32\\msiexec.exe\r\nTargetFilename: C:\\temp\\~DF8CF9644CCD54E929.TMP\r\nCreationUtcTime: 2023-06-20 19:12:01.226\r\nUser: NT AUTHORITY\\SYSTEM","Category":"File created (rule: FileCreate)","Opcode":"Info","RuleName":"technique_id=T1047,technique_name=File System Permissions Weakness","UtcTime":"2023-06-20 19:12:01.226","ProcessGuid":"{BE59402F-BAAD-6491-EA0D-000000002400}","Image":"C:\\Windows\\system32\\msiexec.exe","TargetFilename":"C:\\temp\\~DF8CF9644CCD54E929.TMP","CreationUtcTime":"2023-06-20 19:12:01.226","User":"NT AUTHORITY\\SYSTEM","EventReceivedTime":1687288322,"SourceModuleName":"in_sysmon","SourceModuleType":"im_msvistalog"}
<14>Jun 20 19:12:02 win-server.lunarstiiiness.com Microsoft-Windows-Sysmon[2212]: {"EventTime":1687288321,"Hostname":"win-server.lunarstiiiness.com","Keywords":-9223372036854775808,"EventType":"INFO","SeverityValue":2,"Severity":"INFO","EventID":11,"SourceName":"Microsoft-Windows-Sysmon","ProviderGuid":"{5770385F-C22A-43E0-BF4C-06F5698FFBD9}","Version":2,"Task":11,"OpcodeValue":0,"RecordNumber":2200805,"ProcessID":2212,"ThreadID":2972,"Channel":"Microsoft-Windows-Sysmon/Operational","Domain":"NT AUTHORITY","AccountName":"SYSTEM","UserID":"S-1-5-18","AccountType":"User","Message":"File created:\r\nRuleName: technique_id=T1047,technique_name=File System Permissions Weakness\r\nUtcTime: 2023-06-20 19:12:01.226\r\nProcessGuid: {BE59402F-BAAD-6491-EA0D-000000002400}\r\nProcessId: 2800\r\nImage: C:\\Windows\\system32\\msiexec.exe\r\nTargetFilename: C:\\temp\\~DF474DA0C68864251D.TMP\r\nCreationUtcTime: 2023-06-20 19:12:01.226\r\nUser: NT AUTHORITY\\SYSTEM","Category":"File created (rule: FileCreate)","Opcode":"Info","RuleName":"technique_id=T1047,technique_name=File System Permissions Weakness","UtcTime":"2023-06-20 19:12:01.226","ProcessGuid":"{BE59402F-BAAD-6491-EA0D-000000002400}","Image":"C:\\Windows\\system32\\msiexec.exe","TargetFilename":"C:\\temp\\~DF474DA0C68864251D.TMP","CreationUtcTime":"2023-06-20 19:12:01.226","User":"NT AUTHORITY\\SYSTEM","EventReceivedTime":1687288322,"SourceModuleName":"in_sysmon","SourceModuleType":"im_msvistalog"}
<14>Jun 20 19:12:02 win-server.lunarstiiiness.com Microsoft-Windows-Sysmon[2212]: {"EventTime":1687288321,"Hostname":"win-server.lunarstiiiness.com","Keywords":-9223372036854775808,"EventType":"INFO","SeverityValue":2,"Severity":"INFO","EventID":11,"SourceName":"Microsoft-Windows-Sysmon","ProviderGuid":"{5770385F-C22A-43E0-BF4C-06F5698FFBD9}","Version":2,"Task":11,"OpcodeValue":0,"RecordNumber":2200812,"ProcessID":2212,"ThreadID":2972,"Channel":"Microsoft-Windows-Sysmon/Operational","Domain":"NT AUTHORITY","AccountName":"SYSTEM","UserID":"S-1-5-18","AccountType":"User","Message":"File created:\r\nRuleName: -\r\nUtcTime: 2023-06-20 19:12:01.312\r\nProcessGuid: {BE59402F-BAAD-6491-EA0D-000000002400}\r\nProcessId: 2800\r\nImage: C:\\Windows\\system32\\msiexec.exe\r\nTargetFilename: C:\\ProgramData\\Microsoft\\Windows\\Start Menu\\Programs\\LogMeIn Rescue\r\nCreationUtcTime: 2023-06-20 19:12:01.312\r\nUser: NT AUTHORITY\\SYSTEM","Category":"File created (rule: FileCreate)","Opcode":"Info","RuleName":"-","UtcTime":"2023-06-20 19:12:01.312","ProcessGuid":"{BE59402F-BAAD-6491-EA0D-000000002400}","Image":"C:\\Windows\\system32\\msiexec.exe","TargetFilename":"C:\\ProgramData\\Microsoft\\Windows\\Start Menu\\Programs\\LogMeIn Rescue","CreationUtcTime":"2023-06-20 19:12:01.312","User":"NT AUTHORITY\\SYSTEM","EventReceivedTime":1687288322,"SourceModuleName":"in_sysmon","SourceModuleType":"im_msvistalog"}
<14>Jun 20 19:12:02 win-server.lunarstiiiness.com Microsoft-Windows-Sysmon[2212]: {"EventTime":1687288321,"Hostname":"win-server.lunarstiiiness.com","Keywords":-9223372036854775808,"EventType":"INFO","SeverityValue":2,"Severity":"INFO","EventID":11,"SourceName":"Microsoft-Windows-Sysmon","ProviderGuid":"{5770385F-C22A-43E0-BF4C-06F5698FFBD9}","Version":2,"Task":11,"OpcodeValue":0,"RecordNumber":2200813,"ProcessID":2212,"ThreadID":2972,"Channel":"Microsoft-Windows-Sysmon/Operational","Domain":"NT AUTHORITY","AccountName":"SYSTEM","UserID":"S-1-5-18","AccountType":"User","Message":"File created:\r\nRuleName: -\r\nUtcTime: 2023-06-20 19:12:01.332\r\nProcessGuid: {BE59402F-BAAD-6491-EA0D-000000002400}\r\nProcessId: 2800\r\nImage: C:\\Windows\\system32\\msiexec.exe\r\nTargetFilename: C:\\Program Files (x86)\\LogMeIn Rescue Technician Console\\LogMeInRescueTechnicianConsole_x64\\LMIGuardianSvc.exe\r\nCreationUtcTime: 2023-06-20 19:12:01.332\r\nUser: NT AUTHORITY\\SYSTEM","Category":"File created (rule: FileCreate)","Opcode":"Info","RuleName":"-","UtcTime":"2023-06-20 19:12:01.332","ProcessGuid":"{BE59402F-BAAD-6491-EA0D-000000002400}","Image":"C:\\Windows\\system32\\msiexec.exe","TargetFilename":"C:\\Program Files (x86)\\LogMeIn Rescue Technician Console\\LogMeInRescueTechnicianConsole_x64\\LMIGuardianSvc.exe","CreationUtcTime":"2023-06-20 19:12:01.332","User":"NT AUTHORITY\\SYSTEM","EventReceivedTime":1687288322,"SourceModuleName":"in_sysmon","SourceModuleType":"im_msvistalog"}
<14>Jun 20 19:12:02 win-server.lunarstiiiness.com Microsoft-Windows-Sysmon[2212]: {"EventTime":1687288321,"Hostname":"win-server.lunarstiiiness.com","Keywords":-9223372036854775808,"EventType":"INFO","SeverityValue":2,"Severity":"INFO","EventID":11,"SourceName":"Microsoft-Windows-Sysmon","ProviderGuid":"{5770385F-C22A-43E0-BF4C-06F5698FFBD9}","Version":2,"Task":11,"OpcodeValue":0,"RecordNumber":2200814,"ProcessID":2212,"ThreadID":2972,"Channel":"Microsoft-Windows-Sysmon/Operational","Domain":"NT AUTHORITY","AccountName":"SYSTEM","UserID":"S-1-5-18","AccountType":"User","Message":"File created:\r\nRuleName: -\r\nUtcTime: 2023-06-20 19:12:01.355\r\nProcessGuid: {BE59402F-BAAD-6491-EA0D-000000002400}\r\nProcessId: 2800\r\nImage: C:\\Windows\\system32\\msiexec.exe\r\nTargetFilename: C:\\Program Files (x86)\\LogMeIn Rescue Technician Console\\LogMeInRescueTechnicianConsole_x64\\CustomSRUploader.cmd\r\nCreationUtcTime: 2023-06-20 19:12:01.355\r\nUser: NT AUTHORITY\\SYSTEM","Category":"File created (rule: FileCreate)","Opcode":"Info","RuleName":"-","UtcTime":"2023-06-20 19:12:01.355","ProcessGuid":"{BE59402F-BAAD-6491-EA0D-000000002400}","Image":"C:\\Windows\\system32\\msiexec.exe","TargetFilename":"C:\\Program Files (x86)\\LogMeIn Rescue Technician Console\\LogMeInRescueTechnicianConsole_x64\\CustomSRUploader.cmd","CreationUtcTime":"2023-06-20 19:12:01.355","User":"NT AUTHORITY\\SYSTEM","EventReceivedTime":1687288322,"SourceModuleName":"in_sysmon","SourceModuleType":"im_msvistalog"}
<14>Jun 20 19:12:02 win-server.lunarstiiiness.com Microsoft-Windows-Sysmon[2212]: {"EventTime":1687288321,"Hostname":"win-server.lunarstiiiness.com","Keywords":-9223372036854775808,"EventType":"INFO","SeverityValue":2,"Severity":"INFO","EventID":11,"SourceName":"Microsoft-Windows-Sysmon","ProviderGuid":"{5770385F-C22A-43E0-BF4C-06F5698FFBD9}","Version":2,"Task":11,"OpcodeValue":0,"RecordNumber":2200815,"ProcessID":2212,"ThreadID":2972,"Channel":"Microsoft-Windows-Sysmon/Operational","Domain":"NT AUTHORITY","AccountName":"SYSTEM","UserID":"S-1-5-18","AccountType":"User","Message":"File created:\r\nRuleName: -\r\nUtcTime: 2023-06-20 19:12:01.385\r\nProcessGuid: {BE59402F-BAAD-6491-EA0D-000000002400}\r\nProcessId: 2800\r\nImage: C:\\Windows\\system32\\msiexec.exe\r\nTargetFilename: C:\\Program Files (x86)\\LogMeIn Rescue Technician Console\\LogMeInRescueTechnicianConsole_x64\\LMIProxyHelper.exe\r\nCreationUtcTime: 2023-06-20 19:12:01.385\r\nUser: NT AUTHORITY\\SYSTEM","Category":"File created (rule: FileCreate)","Opcode":"Info","RuleName":"-","UtcTime":"2023-06-20 19:12:01.385","ProcessGuid":"{BE59402F-BAAD-6491-EA0D-000000002400}","Image":"C:\\Windows\\system32\\msiexec.exe","TargetFilename":"C:\\Program Files (x86)\\LogMeIn Rescue Technician Console\\LogMeInRescueTechnicianConsole_x64\\LMIProxyHelper.exe","CreationUtcTime":"2023-06-20 19:12:01.385","User":"NT AUTHORITY\\SYSTEM","EventReceivedTime":1687288322,"SourceModuleName":"in_sysmon","SourceModuleType":"im_msvistalog"}
<14>Jun 20 19:12:02 win-server.lunarstiiiness.com Microsoft-Windows-Sysmon[2212]: {"EventTime":1687288321,"Hostname":"win-server.lunarstiiiness.com","Keywords":-9223372036854775808,"EventType":"INFO","SeverityValue":2,"Severity":"INFO","EventID":11,"SourceName":"Microsoft-Windows-Sysmon","ProviderGuid":"{5770385F-C22A-43E0-BF4C-06F5698FFBD9}","Version":2,"Task":11,"OpcodeValue":0,"RecordNumber":2200816,"ProcessID":2212,"ThreadID":2972,"Channel":"Microsoft-Windows-Sysmon/Operational","Domain":"NT AUTHORITY","AccountName":"SYSTEM","UserID":"S-1-5-18","AccountType":"User","Message":"File created:\r\nRuleName: -\r\nUtcTime: 2023-06-20 19:12:01.445\r\nProcessGuid: {BE59402F-BAAD-6491-EA0D-000000002400}\r\nProcessId: 2800\r\nImage: C:\\Windows\\system32\\msiexec.exe\r\nTargetFilename: C:\\Program Files (x86)\\LogMeIn Rescue Technician Console\\LogMeInRescueTechnicianConsole_x64\\LMIRTechConsole.exe\r\nCreationUtcTime: 2023-06-20 19:12:01.445\r\nUser: NT AUTHORITY\\SYSTEM","Category":"File created (rule: FileCreate)","Opcode":"Info","RuleName":"-","UtcTime":"2023-06-20 19:12:01.445","ProcessGuid":"{BE59402F-BAAD-6491-EA0D-000000002400}","Image":"C:\\Windows\\system32\\msiexec.exe","TargetFilename":"C:\\Program Files (x86)\\LogMeIn Rescue Technician Console\\LogMeInRescueTechnicianConsole_x64\\LMIRTechConsole.exe","CreationUtcTime":"2023-06-20 19:12:01.445","User":"NT AUTHORITY\\SYSTEM","EventReceivedTime":1687288322,"SourceModuleName":"in_sysmon","SourceModuleType":"im_msvistalog"}
<14>Jun 20 19:12:04 win-server.lunarstiiiness.com Microsoft-Windows-Sysmon[2212]: {"EventTime":1687288322,"Hostname":"win-server.lunarstiiiness.com","Keywords":-9223372036854775808,"EventType":"INFO","SeverityValue":2,"Severity":"INFO","EventID":11,"SourceName":"Microsoft-Windows-Sysmon","ProviderGuid":"{5770385F-C22A-43E0-BF4C-06F5698FFBD9}","Version":2,"Task":11,"OpcodeValue":0,"RecordNumber":2200817,"ProcessID":2212,"ThreadID":2972,"Channel":"Microsoft-Windows-Sysmon/Operational","Domain":"NT AUTHORITY","AccountName":"SYSTEM","UserID":"S-1-5-18","AccountType":"User","Message":"File created:\r\nRuleName: -\r\nUtcTime: 2023-06-20 19:12:02.250\r\nProcessGuid: {BE59402F-BAAD-6491-EA0D-000000002400}\r\nProcessId: 2800\r\nImage: C:\\Windows\\system32\\msiexec.exe\r\nTargetFilename: C:\\Program Files (x86)\\LogMeIn Rescue Technician Console\\LogMeInRescueTechnicianConsole_x64\\zip.exe\r\nCreationUtcTime: 2023-06-20 19:12:02.250\r\nUser: NT AUTHORITY\\SYSTEM","Category":"File created (rule: FileCreate)","Opcode":"Info","RuleName":"-","UtcTime":"2023-06-20 19:12:02.250","ProcessGuid":"{BE59402F-BAAD-6491-EA0D-000000002400}","Image":"C:\\Windows\\system32\\msiexec.exe","TargetFilename":"C:\\Program Files (x86)\\LogMeIn Rescue Technician Console\\LogMeInRescueTechnicianConsole_x64\\zip.exe","CreationUtcTime":"2023-06-20 19:12:02.250","User":"NT AUTHORITY\\SYSTEM","EventReceivedTime":1687288324,"SourceModuleName":"in_sysmon","SourceModuleType":"im_msvistalog"}
<14>Jun 20 19:12:04 win-server.lunarstiiiness.com Microsoft-Windows-Sysmon[2212]: {"EventTime":1687288322,"Hostname":"win-server.lunarstiiiness.com","Keywords":-9223372036854775808,"EventType":"INFO","SeverityValue":2,"Severity":"INFO","EventID":11,"SourceName":"Microsoft-Windows-Sysmon","ProviderGuid":"{5770385F-C22A-43E0-BF4C-06F5698FFBD9}","Version":2,"Task":11,"OpcodeValue":0,"RecordNumber":2200818,"ProcessID":2212,"ThreadID":2972,"Channel":"Microsoft-Windows-Sysmon/Operational","Domain":"NT AUTHORITY","AccountName":"SYSTEM","UserID":"S-1-5-18","AccountType":"User","Message":"File created:\r\nRuleName: -\r\nUtcTime: 2023-06-20 19:12:02.284\r\nProcessGuid: {BE59402F-BAAD-6491-EA0D-000000002400}\r\nProcessId: 2800\r\nImage: C:\\Windows\\system32\\msiexec.exe\r\nTargetFilename: C:\\Program Files (x86)\\LogMeIn Rescue Technician Console\\x86\\LMIGuardianSvc.exe\r\nCreationUtcTime: 2023-06-20 19:12:02.283\r\nUser: NT AUTHORITY\\SYSTEM","Category":"File created (rule: FileCreate)","Opcode":"Info","RuleName":"-","UtcTime":"2023-06-20 19:12:02.284","ProcessGuid":"{BE59402F-BAAD-6491-EA0D-000000002400}","Image":"C:\\Windows\\system32\\msiexec.exe","TargetFilename":"C:\\Program Files (x86)\\LogMeIn Rescue Technician Console\\x86\\LMIGuardianSvc.exe","CreationUtcTime":"2023-06-20 19:12:02.283","User":"NT AUTHORITY\\SYSTEM","EventReceivedTime":1687288324,"SourceModuleName":"in_sysmon","SourceModuleType":"im_msvistalog"}
<14>Jun 20 19:12:04 win-server.lunarstiiiness.com Microsoft-Windows-Sysmon[2212]: {"EventTime":1687288322,"Hostname":"win-server.lunarstiiiness.com","Keywords":-9223372036854775808,"EventType":"INFO","SeverityValue":2,"Severity":"INFO","EventID":11,"SourceName":"Microsoft-Windows-Sysmon","ProviderGuid":"{5770385F-C22A-43E0-BF4C-06F5698FFBD9}","Version":2,"Task":11,"OpcodeValue":0,"RecordNumber":2200821,"ProcessID":2212,"ThreadID":2972,"Channel":"Microsoft-Windows-Sysmon/Operational","Domain":"NT AUTHORITY","AccountName":"SYSTEM","UserID":"S-1-5-18","AccountType":"User","Message":"File created:\r\nRuleName: -\r\nUtcTime: 2023-06-20 19:12:02.707\r\nProcessGuid: {BE59402F-BAAD-6491-EA0D-000000002400}\r\nProcessId: 2800\r\nImage: C:\\Windows\\system32\\msiexec.exe\r\nTargetFilename: C:\\Users\\Public\\Desktop\\LogMeIn Rescue Technician Console.lnk\r\nCreationUtcTime: 2023-06-20 19:12:02.707\r\nUser: NT AUTHORITY\\SYSTEM","Category":"File created (rule: FileCreate)","Opcode":"Info","RuleName":"-","UtcTime":"2023-06-20 19:12:02.707","ProcessGuid":"{BE59402F-BAAD-6491-EA0D-000000002400}","Image":"C:\\Windows\\system32\\msiexec.exe","TargetFilename":"C:\\Users\\Public\\Desktop\\LogMeIn Rescue Technician Console.lnk","CreationUtcTime":"2023-06-20 19:12:02.707","User":"NT AUTHORITY\\SYSTEM","EventReceivedTime":1687288324,"SourceModuleName":"in_sysmon","SourceModuleType":"im_msvistalog"}
<14>Jun 20 19:12:04 win-server.lunarstiiiness.com Microsoft-Windows-Sysmon[2212]: {"EventTime":1687288322,"Hostname":"win-server.lunarstiiiness.com","Keywords":-9223372036854775808,"EventType":"INFO","SeverityValue":2,"Severity":"INFO","EventID":11,"SourceName":"Microsoft-Windows-Sysmon","ProviderGuid":"{5770385F-C22A-43E0-BF4C-06F5698FFBD9}","Version":2,"Task":11,"OpcodeValue":0,"RecordNumber":2200825,"ProcessID":2212,"ThreadID":2972,"Channel":"Microsoft-Windows-Sysmon/Operational","Domain":"NT AUTHORITY","AccountName":"SYSTEM","UserID":"S-1-5-18","AccountType":"User","Message":"File created:\r\nRuleName: -\r\nUtcTime: 2023-06-20 19:12:02.750\r\nProcessGuid: {BE59402F-BAB9-6491-EE0D-000000002400}\r\nProcessId: 2488\r\nImage: C:\\Windows\\syswow64\\MsiExec.exe\r\nTargetFilename: C:\\ProgramData\\Microsoft\\Windows\\Start Menu\\Programs\\LogMeIn Rescue\\Download User Guide.url\r\nCreationUtcTime: 2023-06-20 19:12:02.750\r\nUser: NT AUTHORITY\\SYSTEM","Category":"File created (rule: FileCreate)","Opcode":"Info","RuleName":"-","UtcTime":"2023-06-20 19:12:02.750","ProcessGuid":"{BE59402F-BAB9-6491-EE0D-000000002400}","Image":"C:\\Windows\\syswow64\\MsiExec.exe","TargetFilename":"C:\\ProgramData\\Microsoft\\Windows\\Start Menu\\Programs\\LogMeIn Rescue\\Download User Guide.url","CreationUtcTime":"2023-06-20 19:12:02.750","User":"NT AUTHORITY\\SYSTEM","EventReceivedTime":1687288324,"SourceModuleName":"in_sysmon","SourceModuleType":"im_msvistalog"}
<14>Jun 20 19:12:04 win-server.lunarstiiiness.com Microsoft-Windows-Sysmon[2212]: {"EventTime":1687288322,"Hostname":"win-server.lunarstiiiness.com","Keywords":-9223372036854775808,"EventType":"INFO","SeverityValue":2,"Severity":"INFO","EventID":11,"SourceName":"Microsoft-Windows-Sysmon","ProviderGuid":"{5770385F-C22A-43E0-BF4C-06F5698FFBD9}","Version":2,"Task":11,"OpcodeValue":0,"RecordNumber":2200822,"ProcessID":2212,"ThreadID":2972,"Channel":"Microsoft-Windows-Sysmon/Operational","Domain":"NT AUTHORITY","AccountName":"SYSTEM","UserID":"S-1-5-18","AccountType":"User","Message":"File created:\r\nRuleName: technique_id=T1187,technique_name=Forced Authentication\r\nUtcTime: 2023-06-20 19:12:02.714\r\nProcessGuid: {BE59402F-BAAD-6491-EA0D-000000002400}\r\nProcessId: 2800\r\nImage: C:\\Windows\\system32\\msiexec.exe\r\nTargetFilename: C:\\ProgramData\\Microsoft\\Windows\\Start Menu\\Programs\\LogMeIn Rescue\\Uninstall the Technician Console.lnk\r\nCreationUtcTime: 2023-06-20 19:12:02.714\r\nUser: NT AUTHORITY\\SYSTEM","Category":"File created (rule: FileCreate)","Opcode":"Info","RuleName":"technique_id=T1187,technique_name=Forced Authentication","UtcTime":"2023-06-20 19:12:02.714","ProcessGuid":"{BE59402F-BAAD-6491-EA0D-000000002400}","Image":"C:\\Windows\\system32\\msiexec.exe","TargetFilename":"C:\\ProgramData\\Microsoft\\Windows\\Start Menu\\Programs\\LogMeIn Rescue\\Uninstall the Technician Console.lnk","CreationUtcTime":"2023-06-20 19:12:02.714","User":"NT AUTHORITY\\SYSTEM","EventReceivedTime":1687288324,"SourceModuleName":"in_sysmon","SourceModuleType":"im_msvistalog"}
<14>Jun 20 19:12:04 win-server.lunarstiiiness.com Microsoft-Windows-Sysmon[2212]: {"EventTime":1687288322,"Hostname":"win-server.lunarstiiiness.com","Keywords":-9223372036854775808,"EventType":"INFO","SeverityValue":2,"Severity":"INFO","EventID":11,"SourceName":"Microsoft-Windows-Sysmon","ProviderGuid":"{5770385F-C22A-43E0-BF4C-06F5698FFBD9}","Version":2,"Task":11,"OpcodeValue":0,"RecordNumber":2200823,"ProcessID":2212,"ThreadID":2972,"Channel":"Microsoft-Windows-Sysmon/Operational","Domain":"NT AUTHORITY","AccountName":"SYSTEM","UserID":"S-1-5-18","AccountType":"User","Message":"File created:\r\nRuleName: technique_id=T1187,technique_name=Forced Authentication\r\nUtcTime: 2023-06-20 19:12:02.718\r\nProcessGuid: {BE59402F-BAAD-6491-EA0D-000000002400}\r\nProcessId: 2800\r\nImage: C:\\Windows\\system32\\msiexec.exe\r\nTargetFilename: C:\\ProgramData\\Microsoft\\Windows\\Start Menu\\Programs\\LogMeIn Rescue\\LogMeIn Rescue Technician Console.lnk\r\nCreationUtcTime: 2023-06-20 19:12:02.718\r\nUser: NT AUTHORITY\\SYSTEM","Category":"File created (rule: FileCreate)","Opcode":"Info","RuleName":"technique_id=T1187,technique_name=Forced Authentication","UtcTime":"2023-06-20 19:12:02.718","ProcessGuid":"{BE59402F-BAAD-6491-EA0D-000000002400}","Image":"C:\\Windows\\system32\\msiexec.exe","TargetFilename":"C:\\ProgramData\\Microsoft\\Windows\\Start Menu\\Programs\\LogMeIn Rescue\\LogMeIn Rescue Technician Console.lnk","CreationUtcTime":"2023-06-20 19:12:02.718","User":"NT AUTHORITY\\SYSTEM","EventReceivedTime":1687288324,"SourceModuleName":"in_sysmon","SourceModuleType":"im_msvistalog"}
<14>Jun 20 19:12:04 win-server.lunarstiiiness.com Microsoft-Windows-Sysmon[2212]: {"EventTime":1687288322,"Hostname":"win-server.lunarstiiiness.com","Keywords":-9223372036854775808,"EventType":"INFO","SeverityValue":2,"Severity":"INFO","EventID":11,"SourceName":"Microsoft-Windows-Sysmon","ProviderGuid":"{5770385F-C22A-43E0-BF4C-06F5698FFBD9}","Version":2,"Task":11,"OpcodeValue":0,"RecordNumber":2200824,"ProcessID":2212,"ThreadID":2972,"Channel":"Microsoft-Windows-Sysmon/Operational","Domain":"NT AUTHORITY","AccountName":"SYSTEM","UserID":"S-1-5-18","AccountType":"User","Message":"File created:\r\nRuleName: technique_id=T1574.010,technique_name=Services File Permissions Weakness\r\nUtcTime: 2023-06-20 19:12:02.722\r\nProcessGuid: {BE59402F-BAAD-6491-EA0D-000000002400}\r\nProcessId: 2800\r\nImage: C:\\Windows\\system32\\msiexec.exe\r\nTargetFilename: C:\\Windows\\Installer\\MSI2CCA.tmp\r\nCreationUtcTime: 2023-06-20 19:12:02.722\r\nUser: NT AUTHORITY\\SYSTEM","Category":"File created (rule: FileCreate)","Opcode":"Info","RuleName":"technique_id=T1574.010,technique_name=Services File Permissions Weakness","UtcTime":"2023-06-20 19:12:02.722","ProcessGuid":"{BE59402F-BAAD-6491-EA0D-000000002400}","Image":"C:\\Windows\\system32\\msiexec.exe","TargetFilename":"C:\\Windows\\Installer\\MSI2CCA.tmp","CreationUtcTime":"2023-06-20 19:12:02.722","User":"NT AUTHORITY\\SYSTEM","EventReceivedTime":1687288324,"SourceModuleName":"in_sysmon","SourceModuleType":"im_msvistalog"}
<14>Jun 20 19:12:04 win-server.lunarstiiiness.com Microsoft-Windows-Sysmon[2212]: {"EventTime":1687288322,"Hostname":"win-server.lunarstiiiness.com","Keywords":-9223372036854775808,"EventType":"INFO","SeverityValue":2,"Severity":"INFO","EventID":11,"SourceName":"Microsoft-Windows-Sysmon","ProviderGuid":"{5770385F-C22A-43E0-BF4C-06F5698FFBD9}","Version":2,"Task":11,"OpcodeValue":0,"RecordNumber":2200827,"ProcessID":2212,"ThreadID":2972,"Channel":"Microsoft-Windows-Sysmon/Operational","Domain":"NT AUTHORITY","AccountName":"SYSTEM","UserID":"S-1-5-18","AccountType":"User","Message":"File created:\r\nRuleName: technique_id=T1574.010,technique_name=Services File Permissions Weakness\r\nUtcTime: 2023-06-20 19:12:02.765\r\nProcessGuid: {BE59402F-BAAD-6491-EA0D-000000002400}\r\nProcessId: 2800\r\nImage: C:\\Windows\\system32\\msiexec.exe\r\nTargetFilename: C:\\Windows\\Installer\\MSI2CEA.tmp\r\nCreationUtcTime: 2023-06-20 19:12:02.765\r\nUser: NT AUTHORITY\\SYSTEM","Category":"File created (rule: FileCreate)","Opcode":"Info","RuleName":"technique_id=T1574.010,technique_name=Services File Permissions Weakness","UtcTime":"2023-06-20 19:12:02.765","ProcessGuid":"{BE59402F-BAAD-6491-EA0D-000000002400}","Image":"C:\\Windows\\system32\\msiexec.exe","TargetFilename":"C:\\Windows\\Installer\\MSI2CEA.tmp","CreationUtcTime":"2023-06-20 19:12:02.765","User":"NT AUTHORITY\\SYSTEM","EventReceivedTime":1687288324,"SourceModuleName":"in_sysmon","SourceModuleType":"im_msvistalog"}
<14>Jun 20 19:12:04 win-server.lunarstiiiness.com Microsoft-Windows-Sysmon[2212]: {"EventTime":1687288322,"Hostname":"win-server.lunarstiiiness.com","Keywords":-9223372036854775808,"EventType":"INFO","SeverityValue":2,"Severity":"INFO","EventID":11,"SourceName":"Microsoft-Windows-Sysmon","ProviderGuid":"{5770385F-C22A-43E0-BF4C-06F5698FFBD9}","Version":2,"Task":11,"OpcodeValue":0,"RecordNumber":2200829,"ProcessID":2212,"ThreadID":2972,"Channel":"Microsoft-Windows-Sysmon/Operational","Domain":"NT AUTHORITY","AccountName":"SYSTEM","UserID":"S-1-5-18","AccountType":"User","Message":"File created:\r\nRuleName: technique_id=T1574.010,technique_name=Services File Permissions Weakness\r\nUtcTime: 2023-06-20 19:12:02.789\r\nProcessGuid: {BE59402F-BAAD-6491-EA0D-000000002400}\r\nProcessId: 2800\r\nImage: C:\\Windows\\system32\\msiexec.exe\r\nTargetFilename: C:\\Windows\\Installer\\MSI2D0A.tmp\r\nCreationUtcTime: 2023-06-20 19:12:02.788\r\nUser: NT AUTHORITY\\SYSTEM","Category":"File created (rule: FileCreate)","Opcode":"Info","RuleName":"technique_id=T1574.010,technique_name=Services File Permissions Weakness","UtcTime":"2023-06-20 19:12:02.789","ProcessGuid":"{BE59402F-BAAD-6491-EA0D-000000002400}","Image":"C:\\Windows\\system32\\msiexec.exe","TargetFilename":"C:\\Windows\\Installer\\MSI2D0A.tmp","CreationUtcTime":"2023-06-20 19:12:02.788","User":"NT AUTHORITY\\SYSTEM","EventReceivedTime":1687288324,"SourceModuleName":"in_sysmon","SourceModuleType":"im_msvistalog"}
<14>Jun 20 19:12:04 win-server.lunarstiiiness.com Microsoft-Windows-Sysmon[2212]: {"EventTime":1687288322,"Hostname":"win-server.lunarstiiiness.com","Keywords":-9223372036854775808,"EventType":"INFO","SeverityValue":2,"Severity":"INFO","EventID":11,"SourceName":"Microsoft-Windows-Sysmon","ProviderGuid":"{5770385F-C22A-43E0-BF4C-06F5698FFBD9}","Version":2,"Task":11,"OpcodeValue":0,"RecordNumber":2200831,"ProcessID":2212,"ThreadID":2972,"Channel":"Microsoft-Windows-Sysmon/Operational","Domain":"NT AUTHORITY","AccountName":"SYSTEM","UserID":"S-1-5-18","AccountType":"User","Message":"File created:\r\nRuleName: technique_id=T1574.010,technique_name=Services File Permissions Weakness\r\nUtcTime: 2023-06-20 19:12:02.957\r\nProcessGuid: {BE59402F-BAAD-6491-EA0D-000000002400}\r\nProcessId: 2800\r\nImage: C:\\Windows\\system32\\msiexec.exe\r\nTargetFilename: C:\\Windows\\Installer\\MSI2DB7.tmp\r\nCreationUtcTime: 2023-06-20 19:12:02.957\r\nUser: NT AUTHORITY\\SYSTEM","Category":"File created (rule: FileCreate)","Opcode":"Info","RuleName":"technique_id=T1574.010,technique_name=Services File Permissions Weakness","UtcTime":"2023-06-20 19:12:02.957","ProcessGuid":"{BE59402F-BAAD-6491-EA0D-000000002400}","Image":"C:\\Windows\\system32\\msiexec.exe","TargetFilename":"C:\\Windows\\Installer\\MSI2DB7.tmp","CreationUtcTime":"2023-06-20 19:12:02.957","User":"NT AUTHORITY\\SYSTEM","EventReceivedTime":1687288324,"SourceModuleName":"in_sysmon","SourceModuleType":"im_msvistalog"}
<14>Jun 20 19:12:04 win-server.lunarstiiiness.com Microsoft-Windows-Sysmon[2212]: {"EventTime":1687288322,"Hostname":"win-server.lunarstiiiness.com","Keywords":-9223372036854775808,"EventType":"INFO","SeverityValue":2,"Severity":"INFO","EventID":11,"SourceName":"Microsoft-Windows-Sysmon","ProviderGuid":"{5770385F-C22A-43E0-BF4C-06F5698FFBD9}","Version":2,"Task":11,"OpcodeValue":0,"RecordNumber":2200833,"ProcessID":2212,"ThreadID":2972,"Channel":"Microsoft-Windows-Sysmon/Operational","Domain":"NT AUTHORITY","AccountName":"SYSTEM","UserID":"S-1-5-18","AccountType":"User","Message":"File created:\r\nRuleName: technique_id=T1574.010,technique_name=Services File Permissions Weakness\r\nUtcTime: 2023-06-20 19:12:02.972\r\nProcessGuid: {BE59402F-BAAD-6491-EA0D-000000002400}\r\nProcessId: 2800\r\nImage: C:\\Windows\\system32\\msiexec.exe\r\nTargetFilename: C:\\Windows\\Installer\\MSI2DC8.tmp\r\nCreationUtcTime: 2023-06-20 19:12:02.972\r\nUser: NT AUTHORITY\\SYSTEM","Category":"File created (rule: FileCreate)","Opcode":"Info","RuleName":"technique_id=T1574.010,technique_name=Services File Permissions Weakness","UtcTime":"2023-06-20 19:12:02.972","ProcessGuid":"{BE59402F-BAAD-6491-EA0D-000000002400}","Image":"C:\\Windows\\system32\\msiexec.exe","TargetFilename":"C:\\Windows\\Installer\\MSI2DC8.tmp","CreationUtcTime":"2023-06-20 19:12:02.972","User":"NT AUTHORITY\\SYSTEM","EventReceivedTime":1687288324,"SourceModuleName":"in_sysmon","SourceModuleType":"im_msvistalog"}
<14>Jun 20 19:12:04 win-server.lunarstiiiness.com Microsoft-Windows-Sysmon[2212]: {"EventTime":1687288323,"Hostname":"win-server.lunarstiiiness.com","Keywords":-9223372036854775808,"EventType":"INFO","SeverityValue":2,"Severity":"INFO","EventID":11,"SourceName":"Microsoft-Windows-Sysmon","ProviderGuid":"{5770385F-C22A-43E0-BF4C-06F5698FFBD9}","Version":2,"Task":11,"OpcodeValue":0,"RecordNumber":2200848,"ProcessID":2212,"ThreadID":2972,"Channel":"Microsoft-Windows-Sysmon/Operational","Domain":"NT AUTHORITY","AccountName":"SYSTEM","UserID":"S-1-5-18","AccountType":"User","Message":"File created:\r\nRuleName: technique_id=T1574.010,technique_name=Services File Permissions Weakness\r\nUtcTime: 2023-06-20 19:12:03.218\r\nProcessGuid: {BE59402F-BAAD-6491-EA0D-000000002400}\r\nProcessId: 2800\r\nImage: C:\\Windows\\system32\\msiexec.exe\r\nTargetFilename: C:\\Windows\\Installer\\1bf519d7.msi\r\nCreationUtcTime: 2023-06-20 19:12:03.218\r\nUser: NT AUTHORITY\\SYSTEM","Category":"File created (rule: FileCreate)","Opcode":"Info","RuleName":"technique_id=T1574.010,technique_name=Services File Permissions Weakness","UtcTime":"2023-06-20 19:12:03.218","ProcessGuid":"{BE59402F-BAAD-6491-EA0D-000000002400}","Image":"C:\\Windows\\system32\\msiexec.exe","TargetFilename":"C:\\Windows\\Installer\\1bf519d7.msi","CreationUtcTime":"2023-06-20 19:12:03.218","User":"NT AUTHORITY\\SYSTEM","EventReceivedTime":1687288324,"SourceModuleName":"in_sysmon","SourceModuleType":"im_msvistalog"}
<14>Jun 20 19:12:04 win-server.lunarstiiiness.com Microsoft-Windows-Sysmon[2212]: {"EventTime":1687288323,"Hostname":"win-server.lunarstiiiness.com","Keywords":-9223372036854775808,"EventType":"INFO","SeverityValue":2,"Severity":"INFO","EventID":11,"SourceName":"Microsoft-Windows-Sysmon","ProviderGuid":"{5770385F-C22A-43E0-BF4C-06F5698FFBD9}","Version":2,"Task":11,"OpcodeValue":0,"RecordNumber":2200847,"ProcessID":2212,"ThreadID":2972,"Channel":"Microsoft-Windows-Sysmon/Operational","Domain":"NT AUTHORITY","AccountName":"SYSTEM","UserID":"S-1-5-18","AccountType":"User","Message":"File created:\r\nRuleName: technique_id=T1574.010,technique_name=Services File Permissions Weakness\r\nUtcTime: 2023-06-20 19:12:03.218\r\nProcessGuid: {BE59402F-BAAD-6491-EA0D-000000002400}\r\nProcessId: 2800\r\nImage: C:\\Windows\\system32\\msiexec.exe\r\nTargetFilename: C:\\Windows\\Installer\\1bf519d7.msi\r\nCreationUtcTime: 2023-06-20 19:12:03.218\r\nUser: NT AUTHORITY\\SYSTEM","Category":"File created (rule: FileCreate)","Opcode":"Info","RuleName":"technique_id=T1574.010,technique_name=Services File Permissions Weakness","UtcTime":"2023-06-20 19:12:03.218","ProcessGuid":"{BE59402F-BAAD-6491-EA0D-000000002400}","Image":"C:\\Windows\\system32\\msiexec.exe","TargetFilename":"C:\\Windows\\Installer\\1bf519d7.msi","CreationUtcTime":"2023-06-20 19:12:03.218","User":"NT AUTHORITY\\SYSTEM","EventReceivedTime":1687288324,"SourceModuleName":"in_sysmon","SourceModuleType":"im_msvistalog"}
<14>Jun 20 19:12:04 win-server.lunarstiiiness.com Microsoft-Windows-Sysmon[2212]: {"EventTime":1687288322,"Hostname":"win-server.lunarstiiiness.com","Keywords":-9223372036854775808,"EventType":"INFO","SeverityValue":2,"Severity":"INFO","EventID":23,"SourceName":"Microsoft-Windows-Sysmon","ProviderGuid":"{5770385F-C22A-43E0-BF4C-06F5698FFBD9}","Version":5,"Task":23,"OpcodeValue":0,"RecordNumber":2200830,"ProcessID":2212,"ThreadID":2972,"Channel":"Microsoft-Windows-Sysmon/Operational","Domain":"NT AUTHORITY","AccountName":"SYSTEM","UserID":"S-1-5-18","AccountType":"User","Message":"File Delete archived:\r\nRuleName: -\r\nUtcTime: 2023-06-20 19:12:02.953\r\nProcessGuid: {BE59402F-BAAD-6491-EA0D-000000002400}\r\nProcessId: 2800\r\nUser: NT AUTHORITY\\SYSTEM\r\nImage: C:\\Windows\\system32\\msiexec.exe\r\nTargetFilename: C:\\Windows\\Installer\\MSI2D0A.tmp\r\nHashes: SHA1=4E75BBB5238F479A8B5E82190C74CB9AF98C2BBA,MD5=DD2F3228CB297FBE1601FB87794A80E2,SHA256=F56005207C1D951B4F0131C2E0526BCB68EBF17B53FCDAE8E4168D6287D9DACC,IMPHASH=C49E3B8B3250CE5843BE9CFA03C540BB\r\nIsExecutable: true\r\nArchived: true","Category":"File Delete archived (rule: FileDelete)","Opcode":"Info","RuleName":"-","UtcTime":"2023-06-20 19:12:02.953","ProcessGuid":"{BE59402F-BAAD-6491-EA0D-000000002400}","User":"NT AUTHORITY\\SYSTEM","Image":"C:\\Windows\\system32\\msiexec.exe","TargetFilename":"C:\\Windows\\Installer\\MSI2D0A.tmp","Hashes":"SHA1=4E75BBB5238F479A8B5E82190C74CB9AF98C2BBA,MD5=DD2F3228CB297FBE1601FB87794A80E2,SHA256=F56005207C1D951B4F0131C2E0526BCB68EBF17B53FCDAE8E4168D6287D9DACC,IMPHASH=C49E3B8B3250CE5843BE9CFA03C540BB","IsExecutable":"true","Archived":"true","EventReceivedTime":1687288324,"SourceModuleName":"in_sysmon","SourceModuleType":"im_msvistalog"}
<14>Jun 20 19:12:04 win-server.lunarstiiiness.com Microsoft-Windows-Sysmon[2212]: {"EventTime":1687288322,"Hostname":"win-server.lunarstiiiness.com","Keywords":-9223372036854775808,"EventType":"INFO","SeverityValue":2,"Severity":"INFO","EventID":23,"SourceName":"Microsoft-Windows-Sysmon","ProviderGuid":"{5770385F-C22A-43E0-BF4C-06F5698FFBD9}","Version":5,"Task":23,"OpcodeValue":0,"RecordNumber":2200832,"ProcessID":2212,"ThreadID":2972,"Channel":"Microsoft-Windows-Sysmon/Operational","Domain":"NT AUTHORITY","AccountName":"SYSTEM","UserID":"S-1-5-18","AccountType":"User","Message":"File Delete archived:\r\nRuleName: -\r\nUtcTime: 2023-06-20 19:12:02.972\r\nProcessGuid: {BE59402F-BAAD-6491-EA0D-000000002400}\r\nProcessId: 2800\r\nUser: NT AUTHORITY\\SYSTEM\r\nImage: C:\\Windows\\system32\\msiexec.exe\r\nTargetFilename: C:\\Windows\\Installer\\MSI2DB7.tmp\r\nHashes: SHA1=4E75BBB5238F479A8B5E82190C74CB9AF98C2BBA,MD5=DD2F3228CB297FBE1601FB87794A80E2,SHA256=F56005207C1D951B4F0131C2E0526BCB68EBF17B53FCDAE8E4168D6287D9DACC,IMPHASH=C49E3B8B3250CE5843BE9CFA03C540BB\r\nIsExecutable: true\r\nArchived: true","Category":"File Delete archived (rule: FileDelete)","Opcode":"Info","RuleName":"-","UtcTime":"2023-06-20 19:12:02.972","ProcessGuid":"{BE59402F-BAAD-6491-EA0D-000000002400}","User":"NT AUTHORITY\\SYSTEM","Image":"C:\\Windows\\system32\\msiexec.exe","TargetFilename":"C:\\Windows\\Installer\\MSI2DB7.tmp","Hashes":"SHA1=4E75BBB5238F479A8B5E82190C74CB9AF98C2BBA,MD5=DD2F3228CB297FBE1601FB87794A80E2,SHA256=F56005207C1D951B4F0131C2E0526BCB68EBF17B53FCDAE8E4168D6287D9DACC,IMPHASH=C49E3B8B3250CE5843BE9CFA03C540BB","IsExecutable":"true","Archived":"true","EventReceivedTime":1687288324,"SourceModuleName":"in_sysmon","SourceModuleType":"im_msvistalog"}
