<14>Jun 20 19:30:02 win-adfs.lunarstiiiness.com Microsoft-Windows-Sysmon[2556]: {"EventTime":1687289400,"Hostname":"win-adfs.lunarstiiiness.com","Keywords":-9223372036854775808,"EventType":"INFO","SeverityValue":2,"Severity":"INFO","EventID":7,"SourceName":"Microsoft-Windows-Sysmon","ProviderGuid":"{5770385F-C22A-43E0-BF4C-06F5698FFBD9}","Version":3,"Task":7,"OpcodeValue":0,"RecordNumber":5946607,"ProcessID":2556,"ThreadID":3972,"Channel":"Microsoft-Windows-Sysmon/Operational","Domain":"NT AUTHORITY","AccountName":"SYSTEM","UserID":"S-1-5-18","AccountType":"User","Message":"Image loaded:\r\nRuleName: technique_id=T1574.002,technique_name=DLL Side-Loading\r\nUtcTime: 2023-06-20 19:30:00.977\r\nProcessGuid: {927d35bf-fe2a-6491-d234-000000002900}\r\nProcessId: 8520\r\nImage: C:\\Program Files\\Microsoft Azure Active Directory Connect\\AzureADConnect.exe\r\nImageLoaded: C:\\ProgramData\\Microsoft\\Windows Defender\\Platform\\4.18.23050.5-0\\MpClient.dll\r\nFileVersion: 4.18.23050.5 (b79513656627928b5505482e6c59e640a77adba5)\r\nDescription: Client Interface\r\nProduct: Microsoft® Windows® Operating System\r\nCompany: Microsoft Corporation\r\nOriginalFileName: mpclient.dll\r\nHashes: SHA1=DB92467AA13A34F636467E13B70A0896161E14A3,MD5=60B2AA6B95D337D691DE342857498CB5,SHA256=41262170B1672E2848CA1565BC016F4A1F126959BE22DB0BDCE7A7B98D24D38E,IMPHASH=1B504CE4A84EFD7FD3934D9F7CE06DB9\r\nSigned: true\r\nSignature: Microsoft Windows\r\nSignatureStatus: Valid\r\nUser: LUNARSTIIINESS\\tim.smith_admin","Category":"Image loaded (rule: ImageLoad)","Opcode":"Info","RuleName":"technique_id=T1574.002,technique_name=DLL Side-Loading","UtcTime":"2023-06-20 19:30:00.977","ProcessGuid":"{927d35bf-fe2a-6491-d234-000000002900}","Image":"C:\\Program Files\\Microsoft Azure Active Directory Connect\\AzureADConnect.exe","ImageLoaded":"C:\\ProgramData\\Microsoft\\Windows Defender\\Platform\\4.18.23050.5-0\\MpClient.dll","FileVersion":"4.18.23050.5 (b79513656627928b5505482e6c59e640a77adba5)","Description":"Client Interface","Product":"Microsoft® Windows® Operating System","Company":"Microsoft Corporation","OriginalFileName":"mpclient.dll","Hashes":"SHA1=DB92467AA13A34F636467E13B70A0896161E14A3,MD5=60B2AA6B95D337D691DE342857498CB5,SHA256=41262170B1672E2848CA1565BC016F4A1F126959BE22DB0BDCE7A7B98D24D38E,IMPHASH=1B504CE4A84EFD7FD3934D9F7CE06DB9","Signed":"true","Signature":"Microsoft Windows","SignatureStatus":"Valid","User":"LUNARSTIIINESS\\tim.smith_admin","EventReceivedTime":1687289402,"SourceModuleName":"in_sysmon","SourceModuleType":"im_msvistalog"}
<14>Jun 20 19:30:00 win-adfs.lunarstiiiness.com Microsoft-Windows-Sysmon[2556]: {"EventTime":1687289399,"Hostname":"win-adfs.lunarstiiiness.com","Keywords":-9223372036854775808,"EventType":"INFO","SeverityValue":2,"Severity":"INFO","EventID":10,"SourceName":"Microsoft-Windows-Sysmon","ProviderGuid":"{5770385F-C22A-43E0-BF4C-06F5698FFBD9}","Version":3,"Task":10,"OpcodeValue":0,"RecordNumber":5946606,"ProcessID":2556,"ThreadID":3972,"Channel":"Microsoft-Windows-Sysmon/Operational","Domain":"NT AUTHORITY","AccountName":"SYSTEM","UserID":"S-1-5-18","AccountType":"User","Message":"Process accessed:\r\nRuleName: technique_id=T1059.001,technique_name=PowerShell\r\nUtcTime: 2023-06-20 19:29:59.080\r\nSourceProcessGUID: {927d35bf-fe2a-6491-d234-000000002900}\r\nSourceProcessId: 8520\r\nSourceThreadId: 12160\r\nSourceImage: C:\\Program Files\\Microsoft Azure Active Directory Connect\\AzureADConnect.exe\r\nTargetProcessGUID: {927d35bf-313c-6489-5a00-000000002900}\r\nTargetProcessId: 2928\r\nTargetImage: C:\\ProgramData\\Microsoft\\Windows Defender\\Platform\\4.18.23050.5-0\\MsMpEng.exe\r\nGrantedAccess: 0x100000\r\nCallTrace: C:\\Windows\\SYSTEM32\\ntdll.dll+9f9a4|C:\\Windows\\System32\\KERNELBASE.dll+44a7e|C:\\ProgramData\\Microsoft\\Windows Defender\\Platform\\4.18.23050.5-0\\MPCLIENT.DLL+1b2e9|C:\\ProgramData\\Microsoft\\Windows Defender\\Platform\\4.18.23050.5-0\\MPCLIENT.DLL+1aa29|C:\\ProgramData\\Microsoft\\Windows Defender\\Platform\\4.18.23050.5-0\\MPCLIENT.DLL+1b0c4|C:\\ProgramData\\Microsoft\\Windows Defender\\Platform\\4.18.23050.5-0\\MPCLIENT.DLL+404ee|C:\\ProgramData\\Microsoft\\Windows Defender\\Platform\\4.18.23050.5-0\\MpOav.dll+3a71|C:\\Windows\\SYSTEM32\\amsi.dll+10865|C:\\Windows\\SYSTEM32\\amsi.dll+c3ed|C:\\Windows\\assembly\\NativeImages_v4.0.30319_64\\System.Manaa57fc8cc#\\0e6b64405e0d512d3f5146bec4da84f5\\System.Management.Automation.ni.dll+106af97|C:\\Windows\\assembly\\NativeImages_v4.0.30319_64\\System.Manaa57fc8cc#\\0e6b64405e0d512d3f5146bec4da84f5\\System.Management.Automation.ni.dll+123b7c9|C:\\Windows\\assembly\\NativeImages_v4.0.30319_64\\System.Manaa57fc8cc#\\0e6b64405e0d512d3f5146bec4da84f5\\System.Management.Automation.ni.dll+11ff055|C:\\Windows\\assembly\\NativeImages_v4.0.30319_64\\System.Manaa57fc8cc#\\0e6b64405e0d512d3f5146bec4da84f5\\System.Management.Automation.ni.dll+11fef7c|C:\\Windows\\assembly\\NativeImages_v4.0.30319_64\\System.Manaa57fc8cc#\\0e6b64405e0d512d3f5146bec4da84f5\\System.Management.Automation.ni.dll+11fee33|C:\\Windows\\assembly\\NativeImages_v4.0.30319_64\\System.Manaa57fc8cc#\\0e6b64405e0d512d3f5146bec4da84f5\\System.Management.Automation.ni.dll+11fea76|C:\\Windows\\assembly\\NativeImages_v4.0.30319_64\\System.Manaa57fc8cc#\\0e6b64405e0d512d3f5146bec4da84f5\\System.Management.Automation.ni.dll+10e9fb3|C:\\Windows\\assembly\\NativeImages_v4.0.30319_64\\System.Manaa57fc8cc#\\0e6b64405e0d512d3f5146bec4da84f5\\System.Management.Automation.ni.dll+10e8bdd|C:\\Windows\\assembly\\NativeImages_v4.0.30319_64\\System.Manaa57fc8cc#\\0e6b64405e0d512d3f5146bec4da84f5\\System.Management.Automation.ni.dll+15bc9db|C:\\Windows\\assembly\\NativeImages_v4.0.30319_64\\System.Manaa57fc8cc#\\0e6b64405e0d512d3f5146bec4da84f5\\System.Management.Automation.ni.dll+111d059|C:\\Windows\\assembly\\NativeImages_v4.0.30319_64\\System.Manaa57fc8cc#\\0e6b64405e0d512d3f5146bec4da84f5\\System.Management.Automation.ni.dll+10e75c3|C:\\Windows\\assembly\\NativeImages_v4.0.30319_64\\System.Manaa57fc8cc#\\0e6b64405e0d512d3f5146bec4da84f5\\System.Management.Automation.ni.dll+10e73f0|C:\\Windows\\assembly\\NativeImages_v4.0.30319_64\\System.Manaa57fc8cc#\\0e6b64405e0d512d3f5146bec4da84f5\\System.Management.Automation.ni.dll+10e63ae|C:\\Windows\\assembly\\NativeImages_v4.0.30319_64\\System.Manaa57fc8cc#\\0e6b64405e0d512d3f5146bec4da84f5\\System.Management.Automation.ni.dll+128374a|C:\\Windows\\assembly\\NativeImages_v4.0.30319_64\\System.Manaa57fc8cc#\\0e6b64405e0d512d3f5146bec4da84f5\\System.Management.Automation.ni.dll+1283437\r\nSourceUser: LUNARSTIIINESS\\tim.smith_admin\r\nTargetUser: NT AUTHORITY\\SYSTEM","Category":"Process accessed (rule: ProcessAccess)","Opcode":"Info","RuleName":"technique_id=T1059.001,technique_name=PowerShell","UtcTime":"2023-06-20 19:29:59.080","SourceProcessGUID":"{927d35bf-fe2a-6491-d234-000000002900}","SourceProcessId":"8520","SourceThreadId":"12160","SourceImage":"C:\\Program Files\\Microsoft Azure Active Directory Connect\\AzureADConnect.exe","TargetProcessGUID":"{927d35bf-313c-6489-5a00-000000002900}","TargetProcessId":"2928","TargetImage":"C:\\ProgramData\\Microsoft\\Windows Defender\\Platform\\4.18.23050.5-0\\MsMpEng.exe","GrantedAccess":"0x100000","CallTrace":"C:\\Windows\\SYSTEM32\\ntdll.dll+9f9a4|C:\\Windows\\System32\\KERNELBASE.dll+44a7e|C:\\ProgramData\\Microsoft\\Windows Defender\\Platform\\4.18.23050.5-0\\MPCLIENT.DLL+1b2e9|C:\\ProgramData\\Microsoft\\Windows Defender\\Platform\\4.18.23050.5-0\\MPCLIENT.DLL+1aa29|C:\\ProgramData\\Microsoft\\Windows Defender\\Platform\\4.18.23050.5-0\\MPCLIENT.DLL+1b0c4|C:\\ProgramData\\Microsoft\\Windows Defender\\Platform\\4.18.23050.5-0\\MPCLIENT.DLL+404ee|C:\\ProgramData\\Microsoft\\Windows Defender\\Platform\\4.18.23050.5-0\\MpOav.dll+3a71|C:\\Windows\\SYSTEM32\\amsi.dll+10865|C:\\Windows\\SYSTEM32\\amsi.dll+c3ed|C:\\Windows\\assembly\\NativeImages_v4.0.30319_64\\System.Manaa57fc8cc#\\0e6b64405e0d512d3f5146bec4da84f5\\System.Management.Automation.ni.dll+106af97|C:\\Windows\\assembly\\NativeImages_v4.0.30319_64\\System.Manaa57fc8cc#\\0e6b64405e0d512d3f5146bec4da84f5\\System.Management.Automation.ni.dll+123b7c9|C:\\Windows\\assembly\\NativeImages_v4.0.30319_64\\System.Manaa57fc8cc#\\0e6b64405e0d512d3f5146bec4da84f5\\System.Management.Automation.ni.dll+11ff055|C:\\Windows\\assembly\\NativeImages_v4.0.30319_64\\System.Manaa57fc8cc#\\0e6b64405e0d512d3f5146bec4da84f5\\System.Management.Automation.ni.dll+11fef7c|C:\\Windows\\assembly\\NativeImages_v4.0.30319_64\\System.Manaa57fc8cc#\\0e6b64405e0d512d3f5146bec4da84f5\\System.Management.Automation.ni.dll+11fee33|C:\\Windows\\assembly\\NativeImages_v4.0.30319_64\\System.Manaa57fc8cc#\\0e6b64405e0d512d3f5146bec4da84f5\\System.Management.Automation.ni.dll+11fea76|C:\\Windows\\assembly\\NativeImages_v4.0.30319_64\\System.Manaa57fc8cc#\\0e6b64405e0d512d3f5146bec4da84f5\\System.Management.Automation.ni.dll+10e9fb3|C:\\Windows\\assembly\\NativeImages_v4.0.30319_64\\System.Manaa57fc8cc#\\0e6b64405e0d512d3f5146bec4da84f5\\System.Management.Automation.ni.dll+10e8bdd|C:\\Windows\\assembly\\NativeImages_v4.0.30319_64\\System.Manaa57fc8cc#\\0e6b64405e0d512d3f5146bec4da84f5\\System.Management.Automation.ni.dll+15bc9db|C:\\Windows\\assembly\\NativeImages_v4.0.30319_64\\System.Manaa57fc8cc#\\0e6b64405e0d512d3f5146bec4da84f5\\System.Management.Automation.ni.dll+111d059|C:\\Windows\\assembly\\NativeImages_v4.0.30319_64\\System.Manaa57fc8cc#\\0e6b64405e0d512d3f5146bec4da84f5\\System.Management.Automation.ni.dll+10e75c3|C:\\Windows\\assembly\\NativeImages_v4.0.30319_64\\System.Manaa57fc8cc#\\0e6b64405e0d512d3f5146bec4da84f5\\System.Management.Automation.ni.dll+10e73f0|C:\\Windows\\assembly\\NativeImages_v4.0.30319_64\\System.Manaa57fc8cc#\\0e6b64405e0d512d3f5146bec4da84f5\\System.Management.Automation.ni.dll+10e63ae|C:\\Windows\\assembly\\NativeImages_v4.0.30319_64\\System.Manaa57fc8cc#\\0e6b64405e0d512d3f5146bec4da84f5\\System.Management.Automation.ni.dll+128374a|C:\\Windows\\assembly\\NativeImages_v4.0.30319_64\\System.Manaa57fc8cc#\\0e6b64405e0d512d3f5146bec4da84f5\\System.Management.Automation.ni.dll+1283437","SourceUser":"LUNARSTIIINESS\\tim.smith_admin","TargetUser":"NT AUTHORITY\\SYSTEM","EventReceivedTime":1687289400,"SourceModuleName":"in_sysmon","SourceModuleType":"im_msvistalog"}
<14>Jun 20 19:30:02 win-adfs.lunarstiiiness.com Microsoft-Windows-Sysmon[2556]: {"EventTime":1687289400,"Hostname":"win-adfs.lunarstiiiness.com","Keywords":-9223372036854775808,"EventType":"INFO","SeverityValue":2,"Severity":"INFO","EventID":10,"SourceName":"Microsoft-Windows-Sysmon","ProviderGuid":"{5770385F-C22A-43E0-BF4C-06F5698FFBD9}","Version":3,"Task":10,"OpcodeValue":0,"RecordNumber":5946608,"ProcessID":2556,"ThreadID":3972,"Channel":"Microsoft-Windows-Sysmon/Operational","Domain":"NT AUTHORITY","AccountName":"SYSTEM","UserID":"S-1-5-18","AccountType":"User","Message":"Process accessed:\r\nRuleName: technique_id=T1059.001,technique_name=PowerShell\r\nUtcTime: 2023-06-20 19:30:00.984\r\nSourceProcessGUID: {927d35bf-fe2a-6491-d234-000000002900}\r\nSourceProcessId: 8520\r\nSourceThreadId: 8548\r\nSourceImage: C:\\Program Files\\Microsoft Azure Active Directory Connect\\AzureADConnect.exe\r\nTargetProcessGUID: {927d35bf-313c-6489-5a00-000000002900}\r\nTargetProcessId: 2928\r\nTargetImage: C:\\ProgramData\\Microsoft\\Windows Defender\\Platform\\4.18.23050.5-0\\MsMpEng.exe\r\nGrantedAccess: 0x100000\r\nCallTrace: C:\\Windows\\SYSTEM32\\ntdll.dll+9f9a4|C:\\Windows\\System32\\KERNELBASE.dll+44a7e|C:\\ProgramData\\Microsoft\\Windows Defender\\Platform\\4.18.23050.5-0\\MPCLIENT.DLL+1b2e9|C:\\ProgramData\\Microsoft\\Windows Defender\\Platform\\4.18.23050.5-0\\MPCLIENT.DLL+1aa29|C:\\ProgramData\\Microsoft\\Windows Defender\\Platform\\4.18.23050.5-0\\MPCLIENT.DLL+1b0c4|C:\\ProgramData\\Microsoft\\Windows Defender\\Platform\\4.18.23050.5-0\\MPCLIENT.DLL+404ee|C:\\ProgramData\\Microsoft\\Windows Defender\\Platform\\4.18.23050.5-0\\MpOav.dll+3a71|C:\\Windows\\SYSTEM32\\amsi.dll+10865|C:\\Windows\\SYSTEM32\\amsi.dll+c3ed|C:\\Windows\\assembly\\NativeImages_v4.0.30319_64\\System.Manaa57fc8cc#\\0e6b64405e0d512d3f5146bec4da84f5\\System.Management.Automation.ni.dll+106af97|C:\\Windows\\assembly\\NativeImages_v4.0.30319_64\\System.Manaa57fc8cc#\\0e6b64405e0d512d3f5146bec4da84f5\\System.Management.Automation.ni.dll+123b7c9|C:\\Windows\\assembly\\NativeImages_v4.0.30319_64\\System.Manaa57fc8cc#\\0e6b64405e0d512d3f5146bec4da84f5\\System.Management.Automation.ni.dll+11ff055|C:\\Windows\\assembly\\NativeImages_v4.0.30319_64\\System.Manaa57fc8cc#\\0e6b64405e0d512d3f5146bec4da84f5\\System.Management.Automation.ni.dll+11fef7c|C:\\Windows\\assembly\\NativeImages_v4.0.30319_64\\System.Manaa57fc8cc#\\0e6b64405e0d512d3f5146bec4da84f5\\System.Management.Automation.ni.dll+11fee33|C:\\Windows\\assembly\\NativeImages_v4.0.30319_64\\System.Manaa57fc8cc#\\0e6b64405e0d512d3f5146bec4da84f5\\System.Management.Automation.ni.dll+11fea76|C:\\Windows\\assembly\\NativeImages_v4.0.30319_64\\System.Manaa57fc8cc#\\0e6b64405e0d512d3f5146bec4da84f5\\System.Management.Automation.ni.dll+10e9fb3|C:\\Windows\\assembly\\NativeImages_v4.0.30319_64\\System.Manaa57fc8cc#\\0e6b64405e0d512d3f5146bec4da84f5\\System.Management.Automation.ni.dll+10e8bdd|C:\\Windows\\assembly\\NativeImages_v4.0.30319_64\\System.Manaa57fc8cc#\\0e6b64405e0d512d3f5146bec4da84f5\\System.Management.Automation.ni.dll+15bc9db|C:\\Windows\\assembly\\NativeImages_v4.0.30319_64\\System.Manaa57fc8cc#\\0e6b64405e0d512d3f5146bec4da84f5\\System.Management.Automation.ni.dll+111d059|C:\\Windows\\assembly\\NativeImages_v4.0.30319_64\\System.Manaa57fc8cc#\\0e6b64405e0d512d3f5146bec4da84f5\\System.Management.Automation.ni.dll+10e75c3|C:\\Windows\\assembly\\NativeImages_v4.0.30319_64\\System.Manaa57fc8cc#\\0e6b64405e0d512d3f5146bec4da84f5\\System.Management.Automation.ni.dll+10e73f0|C:\\Windows\\assembly\\NativeImages_v4.0.30319_64\\System.Manaa57fc8cc#\\0e6b64405e0d512d3f5146bec4da84f5\\System.Management.Automation.ni.dll+10e63ae|C:\\Windows\\assembly\\NativeImages_v4.0.30319_64\\System.Manaa57fc8cc#\\0e6b64405e0d512d3f5146bec4da84f5\\System.Management.Automation.ni.dll+128374a|C:\\Windows\\assembly\\NativeImages_v4.0.30319_64\\System.Manaa57fc8cc#\\0e6b64405e0d512d3f5146bec4da84f5\\System.Management.Automation.ni.dll+1283437\r\nSourceUser: LUNARSTIIINESS\\tim.smith_admin\r\nTargetUser: NT AUTHORITY\\SYSTEM","Category":"Process accessed (rule: ProcessAccess)","Opcode":"Info","RuleName":"technique_id=T1059.001,technique_name=PowerShell","UtcTime":"2023-06-20 19:30:00.984","SourceProcessGUID":"{927d35bf-fe2a-6491-d234-000000002900}","SourceProcessId":"8520","SourceThreadId":"8548","SourceImage":"C:\\Program Files\\Microsoft Azure Active Directory Connect\\AzureADConnect.exe","TargetProcessGUID":"{927d35bf-313c-6489-5a00-000000002900}","TargetProcessId":"2928","TargetImage":"C:\\ProgramData\\Microsoft\\Windows Defender\\Platform\\4.18.23050.5-0\\MsMpEng.exe","GrantedAccess":"0x100000","CallTrace":"C:\\Windows\\SYSTEM32\\ntdll.dll+9f9a4|C:\\Windows\\System32\\KERNELBASE.dll+44a7e|C:\\ProgramData\\Microsoft\\Windows Defender\\Platform\\4.18.23050.5-0\\MPCLIENT.DLL+1b2e9|C:\\ProgramData\\Microsoft\\Windows Defender\\Platform\\4.18.23050.5-0\\MPCLIENT.DLL+1aa29|C:\\ProgramData\\Microsoft\\Windows Defender\\Platform\\4.18.23050.5-0\\MPCLIENT.DLL+1b0c4|C:\\ProgramData\\Microsoft\\Windows Defender\\Platform\\4.18.23050.5-0\\MPCLIENT.DLL+404ee|C:\\ProgramData\\Microsoft\\Windows Defender\\Platform\\4.18.23050.5-0\\MpOav.dll+3a71|C:\\Windows\\SYSTEM32\\amsi.dll+10865|C:\\Windows\\SYSTEM32\\amsi.dll+c3ed|C:\\Windows\\assembly\\NativeImages_v4.0.30319_64\\System.Manaa57fc8cc#\\0e6b64405e0d512d3f5146bec4da84f5\\System.Management.Automation.ni.dll+106af97|C:\\Windows\\assembly\\NativeImages_v4.0.30319_64\\System.Manaa57fc8cc#\\0e6b64405e0d512d3f5146bec4da84f5\\System.Management.Automation.ni.dll+123b7c9|C:\\Windows\\assembly\\NativeImages_v4.0.30319_64\\System.Manaa57fc8cc#\\0e6b64405e0d512d3f5146bec4da84f5\\System.Management.Automation.ni.dll+11ff055|C:\\Windows\\assembly\\NativeImages_v4.0.30319_64\\System.Manaa57fc8cc#\\0e6b64405e0d512d3f5146bec4da84f5\\System.Management.Automation.ni.dll+11fef7c|C:\\Windows\\assembly\\NativeImages_v4.0.30319_64\\System.Manaa57fc8cc#\\0e6b64405e0d512d3f5146bec4da84f5\\System.Management.Automation.ni.dll+11fee33|C:\\Windows\\assembly\\NativeImages_v4.0.30319_64\\System.Manaa57fc8cc#\\0e6b64405e0d512d3f5146bec4da84f5\\System.Management.Automation.ni.dll+11fea76|C:\\Windows\\assembly\\NativeImages_v4.0.30319_64\\System.Manaa57fc8cc#\\0e6b64405e0d512d3f5146bec4da84f5\\System.Management.Automation.ni.dll+10e9fb3|C:\\Windows\\assembly\\NativeImages_v4.0.30319_64\\System.Manaa57fc8cc#\\0e6b64405e0d512d3f5146bec4da84f5\\System.Management.Automation.ni.dll+10e8bdd|C:\\Windows\\assembly\\NativeImages_v4.0.30319_64\\System.Manaa57fc8cc#\\0e6b64405e0d512d3f5146bec4da84f5\\System.Management.Automation.ni.dll+15bc9db|C:\\Windows\\assembly\\NativeImages_v4.0.30319_64\\System.Manaa57fc8cc#\\0e6b64405e0d512d3f5146bec4da84f5\\System.Management.Automation.ni.dll+111d059|C:\\Windows\\assembly\\NativeImages_v4.0.30319_64\\System.Manaa57fc8cc#\\0e6b64405e0d512d3f5146bec4da84f5\\System.Management.Automation.ni.dll+10e75c3|C:\\Windows\\assembly\\NativeImages_v4.0.30319_64\\System.Manaa57fc8cc#\\0e6b64405e0d512d3f5146bec4da84f5\\System.Management.Automation.ni.dll+10e73f0|C:\\Windows\\assembly\\NativeImages_v4.0.30319_64\\System.Manaa57fc8cc#\\0e6b64405e0d512d3f5146bec4da84f5\\System.Management.Automation.ni.dll+10e63ae|C:\\Windows\\assembly\\NativeImages_v4.0.30319_64\\System.Manaa57fc8cc#\\0e6b64405e0d512d3f5146bec4da84f5\\System.Management.Automation.ni.dll+128374a|C:\\Windows\\assembly\\NativeImages_v4.0.30319_64\\System.Manaa57fc8cc#\\0e6b64405e0d512d3f5146bec4da84f5\\System.Management.Automation.ni.dll+1283437","SourceUser":"LUNARSTIIINESS\\tim.smith_admin","TargetUser":"NT AUTHORITY\\SYSTEM","EventReceivedTime":1687289402,"SourceModuleName":"in_sysmon","SourceModuleType":"im_msvistalog"}
<14>Jun 20 19:30:02 win-adfs.lunarstiiiness.com Microsoft-Windows-Sysmon[2556]: {"EventTime":1687289401,"Hostname":"win-adfs.lunarstiiiness.com","Keywords":-9223372036854775808,"EventType":"INFO","SeverityValue":2,"Severity":"INFO","EventID":22,"SourceName":"Microsoft-Windows-Sysmon","ProviderGuid":"{5770385F-C22A-43E0-BF4C-06F5698FFBD9}","Version":5,"Task":22,"OpcodeValue":0,"RecordNumber":5946609,"ProcessID":2556,"ThreadID":3316,"Channel":"Microsoft-Windows-Sysmon/Operational","Domain":"NT AUTHORITY","AccountName":"SYSTEM","UserID":"S-1-5-18","AccountType":"User","Message":"Dns query:\r\nRuleName: -\r\nUtcTime: 2023-06-20 19:30:00.221\r\nProcessGuid: {927d35bf-fe31-6491-d334-000000002900}\r\nProcessId: 8424\r\nQueryName: WIN-ADFS\r\nQueryStatus: 0\r\nQueryResults: ::1;::ffff:10.128.0.21;\r\nImage: C:\\Windows\\System32\\wbem\\WmiPrvSE.exe\r\nUser: NT AUTHORITY\\NETWORK SERVICE","Category":"Dns query (rule: DnsQuery)","Opcode":"Info","RuleName":"-","UtcTime":"2023-06-20 19:30:00.221","ProcessGuid":"{927d35bf-fe31-6491-d334-000000002900}","QueryName":"WIN-ADFS","QueryStatus":"0","QueryResults":"::1;::ffff:10.128.0.21;","Image":"C:\\Windows\\System32\\wbem\\WmiPrvSE.exe","User":"NT AUTHORITY\\NETWORK SERVICE","EventReceivedTime":1687289402,"SourceModuleName":"in_sysmon","SourceModuleType":"im_msvistalog"}
<14>Jun 20 19:30:05 win-adfs.lunarstiiiness.com Microsoft-Windows-Sysmon[2556]: {"EventTime":1687289404,"Hostname":"win-adfs.lunarstiiiness.com","Keywords":-9223372036854775808,"EventType":"INFO","SeverityValue":2,"Severity":"INFO","EventID":7,"SourceName":"Microsoft-Windows-Sysmon","ProviderGuid":"{5770385F-C22A-43E0-BF4C-06F5698FFBD9}","Version":3,"Task":7,"OpcodeValue":0,"RecordNumber":5946610,"ProcessID":2556,"ThreadID":3972,"Channel":"Microsoft-Windows-Sysmon/Operational","Domain":"NT AUTHORITY","AccountName":"SYSTEM","UserID":"S-1-5-18","AccountType":"User","Message":"Image loaded:\r\nRuleName: -\r\nUtcTime: 2023-06-20 19:30:04.454\r\nProcessGuid: {927d35bf-fe2a-6491-d234-000000002900}\r\nProcessId: 8520\r\nImage: C:\\Program Files\\Microsoft Azure Active Directory Connect\\AzureADConnect.exe\r\nImageLoaded: C:\\Windows\\System32\\urlmon.dll\r\nFileVersion: 11.00.20348.1607 (WinBuild.160101.0800)\r\nDescription: OLE32 Extensions for Win32\r\nProduct: Internet Explorer\r\nCompany: Microsoft Corporation\r\nOriginalFileName: UrlMon.dll\r\nHashes: SHA1=48A76FC3C5B03EB8D51C6804348125FE15DE0043,MD5=5EBDBD1D73D8C3940A6DD93CA1A43ACB,SHA256=A56750D18759B718F671AE4EA819F126362083CFABBA0F13E7543144DCD070F2,IMPHASH=DFC31E91AFCEE1A1B74BA526BC32FD03\r\nSigned: true\r\nSignature: Microsoft Windows\r\nSignatureStatus: Valid\r\nUser: LUNARSTIIINESS\\tim.smith_admin","Category":"Image loaded (rule: ImageLoad)","Opcode":"Info","RuleName":"-","UtcTime":"2023-06-20 19:30:04.454","ProcessGuid":"{927d35bf-fe2a-6491-d234-000000002900}","Image":"C:\\Program Files\\Microsoft Azure Active Directory Connect\\AzureADConnect.exe","ImageLoaded":"C:\\Windows\\System32\\urlmon.dll","FileVersion":"11.00.20348.1607 (WinBuild.160101.0800)","Description":"OLE32 Extensions for Win32","Product":"Internet Explorer","Company":"Microsoft Corporation","OriginalFileName":"UrlMon.dll","Hashes":"SHA1=48A76FC3C5B03EB8D51C6804348125FE15DE0043,MD5=5EBDBD1D73D8C3940A6DD93CA1A43ACB,SHA256=A56750D18759B718F671AE4EA819F126362083CFABBA0F13E7543144DCD070F2,IMPHASH=DFC31E91AFCEE1A1B74BA526BC32FD03","Signed":"true","Signature":"Microsoft Windows","SignatureStatus":"Valid","User":"LUNARSTIIINESS\\tim.smith_admin","EventReceivedTime":1687289405,"SourceModuleName":"in_sysmon","SourceModuleType":"im_msvistalog"}
<14>Jun 20 19:30:09 win-adfs.lunarstiiiness.com Microsoft-Windows-Sysmon[2556]: {"EventTime":1687289408,"Hostname":"win-adfs.lunarstiiiness.com","Keywords":-9223372036854775808,"EventType":"INFO","SeverityValue":2,"Severity":"INFO","EventID":10,"SourceName":"Microsoft-Windows-Sysmon","ProviderGuid":"{5770385F-C22A-43E0-BF4C-06F5698FFBD9}","Version":3,"Task":10,"OpcodeValue":0,"RecordNumber":5946611,"ProcessID":2556,"ThreadID":3972,"Channel":"Microsoft-Windows-Sysmon/Operational","Domain":"NT AUTHORITY","AccountName":"SYSTEM","UserID":"S-1-5-18","AccountType":"User","Message":"Process accessed:\r\nRuleName: technique_id=T1055.001,technique_name=Dynamic-link Library Injection\r\nUtcTime: 2023-06-20 19:30:08.507\r\nSourceProcessGUID: {927d35bf-31d7-6489-a700-000000002900}\r\nSourceProcessId: 4804\r\nSourceThreadId: 5132\r\nSourceImage: C:\\Program Files\\Azure Advanced Threat Protection Sensor\\2.205.16667.61114\\Microsoft.Tri.Sensor.Updater.exe\r\nTargetProcessGUID: {927d35bf-320b-6489-b600-000000002900}\r\nTargetProcessId: 4168\r\nTargetImage: C:\\Program Files\\Azure Advanced Threat Protection Sensor\\2.205.16667.61114\\Microsoft.Tri.Sensor.exe\r\nGrantedAccess: 0x1F3FFF\r\nCallTrace: C:\\Windows\\SYSTEM32\\ntdll.dll+9f9a4|C:\\Windows\\System32\\KERNELBASE.dll+44a7e|UNKNOWN(00007FFB6B21EF70)\r\nSourceUser: NT AUTHORITY\\SYSTEM\r\nTargetUser: NT AUTHORITY\\LOCAL SERVICE","Category":"Process accessed (rule: ProcessAccess)","Opcode":"Info","RuleName":"technique_id=T1055.001,technique_name=Dynamic-link Library Injection","UtcTime":"2023-06-20 19:30:08.507","SourceProcessGUID":"{927d35bf-31d7-6489-a700-000000002900}","SourceProcessId":"4804","SourceThreadId":"5132","SourceImage":"C:\\Program Files\\Azure Advanced Threat Protection Sensor\\2.205.16667.61114\\Microsoft.Tri.Sensor.Updater.exe","TargetProcessGUID":"{927d35bf-320b-6489-b600-000000002900}","TargetProcessId":"4168","TargetImage":"C:\\Program Files\\Azure Advanced Threat Protection Sensor\\2.205.16667.61114\\Microsoft.Tri.Sensor.exe","GrantedAccess":"0x1f3fff","CallTrace":"C:\\Windows\\SYSTEM32\\ntdll.dll+9f9a4|C:\\Windows\\System32\\KERNELBASE.dll+44a7e|UNKNOWN(00007FFB6B21EF70)","SourceUser":"NT AUTHORITY\\SYSTEM","TargetUser":"NT AUTHORITY\\LOCAL SERVICE","EventReceivedTime":1687289409,"SourceModuleName":"in_sysmon","SourceModuleType":"im_msvistalog"}
<14>Jun 20 19:30:09 win-adfs.lunarstiiiness.com Microsoft-Windows-Sysmon[2556]: {"EventTime":1687289408,"Hostname":"win-adfs.lunarstiiiness.com","Keywords":-9223372036854775808,"EventType":"INFO","SeverityValue":2,"Severity":"INFO","EventID":10,"SourceName":"Microsoft-Windows-Sysmon","ProviderGuid":"{5770385F-C22A-43E0-BF4C-06F5698FFBD9}","Version":3,"Task":10,"OpcodeValue":0,"RecordNumber":5946612,"ProcessID":2556,"ThreadID":3972,"Channel":"Microsoft-Windows-Sysmon/Operational","Domain":"NT AUTHORITY","AccountName":"SYSTEM","UserID":"S-1-5-18","AccountType":"User","Message":"Process accessed:\r\nRuleName: technique_id=T1055.001,technique_name=Dynamic-link Library Injection\r\nUtcTime: 2023-06-20 19:30:08.550\r\nSourceProcessGUID: {927d35bf-31d7-6489-a700-000000002900}\r\nSourceProcessId: 4804\r\nSourceThreadId: 9556\r\nSourceImage: C:\\Program Files\\Azure Advanced Threat Protection Sensor\\2.205.16667.61114\\Microsoft.Tri.Sensor.Updater.exe\r\nTargetProcessGUID: {927d35bf-320b-6489-b600-000000002900}\r\nTargetProcessId: 4168\r\nTargetImage: C:\\Program Files\\Azure Advanced Threat Protection Sensor\\2.205.16667.61114\\Microsoft.Tri.Sensor.exe\r\nGrantedAccess: 0x1F3FFF\r\nCallTrace: C:\\Windows\\SYSTEM32\\ntdll.dll+9f9a4|C:\\Windows\\System32\\KERNELBASE.dll+44a7e|UNKNOWN(00007FFB6B21EF70)\r\nSourceUser: NT AUTHORITY\\SYSTEM\r\nTargetUser: NT AUTHORITY\\LOCAL SERVICE","Category":"Process accessed (rule: ProcessAccess)","Opcode":"Info","RuleName":"technique_id=T1055.001,technique_name=Dynamic-link Library Injection","UtcTime":"2023-06-20 19:30:08.550","SourceProcessGUID":"{927d35bf-31d7-6489-a700-000000002900}","SourceProcessId":"4804","SourceThreadId":"9556","SourceImage":"C:\\Program Files\\Azure Advanced Threat Protection Sensor\\2.205.16667.61114\\Microsoft.Tri.Sensor.Updater.exe","TargetProcessGUID":"{927d35bf-320b-6489-b600-000000002900}","TargetProcessId":"4168","TargetImage":"C:\\Program Files\\Azure Advanced Threat Protection Sensor\\2.205.16667.61114\\Microsoft.Tri.Sensor.exe","GrantedAccess":"0x1f3fff","CallTrace":"C:\\Windows\\SYSTEM32\\ntdll.dll+9f9a4|C:\\Windows\\System32\\KERNELBASE.dll+44a7e|UNKNOWN(00007FFB6B21EF70)","SourceUser":"NT AUTHORITY\\SYSTEM","TargetUser":"NT AUTHORITY\\LOCAL SERVICE","EventReceivedTime":1687289409,"SourceModuleName":"in_sysmon","SourceModuleType":"im_msvistalog"}
<14>Jun 20 19:30:30 win-server.lunarstiiiness.com Microsoft-Windows-Sysmon[2212]: {"EventTime":1687289427,"Hostname":"win-server.lunarstiiiness.com","Keywords":-9223372036854775808,"EventType":"INFO","SeverityValue":2,"Severity":"INFO","EventID":23,"SourceName":"Microsoft-Windows-Sysmon","ProviderGuid":"{5770385F-C22A-43E0-BF4C-06F5698FFBD9}","Version":5,"Task":23,"OpcodeValue":0,"RecordNumber":2202652,"ProcessID":2212,"ThreadID":2972,"Channel":"Microsoft-Windows-Sysmon/Operational","Domain":"NT AUTHORITY","AccountName":"SYSTEM","UserID":"S-1-5-18","AccountType":"User","Message":"File Delete archived:\r\nRuleName: -\r\nUtcTime: 2023-06-20 19:30:27.615\r\nProcessGuid: {BE59402F-92B3-648A-1300-000000002400}\r\nProcessId: 956\r\nUser: NT AUTHORITY\\LOCAL SERVICE\r\nImage: C:\\Windows\\system32\\svchost.exe\r\nTargetFilename: C:\\Windows\\ServiceProfiles\\LocalService\\AppData\\Local\\lastalive1.dat\r\nHashes: SHA1=A060937A9E8A6AC19BC2EE35C1958AC1B22709B9,MD5=67DC6F1D9D37E4F1C188159BED8E4775,SHA256=050156252E184BFAA3EB68979C584EC76DA8D7FD6A630AA70C6CDEE2405B385A,IMPHASH=00000000000000000000000000000000\r\nIsExecutable: false\r\nArchived: true","Category":"File Delete archived (rule: FileDelete)","Opcode":"Info","RuleName":"-","UtcTime":"2023-06-20 19:30:27.615","ProcessGuid":"{BE59402F-92B3-648A-1300-000000002400}","User":"NT AUTHORITY\\LOCAL SERVICE","Image":"C:\\Windows\\system32\\svchost.exe","TargetFilename":"C:\\Windows\\ServiceProfiles\\LocalService\\AppData\\Local\\lastalive1.dat","Hashes":"SHA1=A060937A9E8A6AC19BC2EE35C1958AC1B22709B9,MD5=67DC6F1D9D37E4F1C188159BED8E4775,SHA256=050156252E184BFAA3EB68979C584EC76DA8D7FD6A630AA70C6CDEE2405B385A,IMPHASH=00000000000000000000000000000000","IsExecutable":"false","Archived":"true","EventReceivedTime":1687289429,"SourceModuleName":"in_sysmon","SourceModuleType":"im_msvistalog"}
<14>Jun 20 19:30:30 win-server.lunarstiiiness.com Microsoft-Windows-Sysmon[2212]: {"EventTime":1687289427,"Hostname":"win-server.lunarstiiiness.com","Keywords":-9223372036854775808,"EventType":"INFO","SeverityValue":2,"Severity":"INFO","EventID":11,"SourceName":"Microsoft-Windows-Sysmon","ProviderGuid":"{5770385F-C22A-43E0-BF4C-06F5698FFBD9}","Version":2,"Task":11,"OpcodeValue":0,"RecordNumber":2202653,"ProcessID":2212,"ThreadID":2972,"Channel":"Microsoft-Windows-Sysmon/Operational","Domain":"NT AUTHORITY","AccountName":"SYSTEM","UserID":"S-1-5-18","AccountType":"User","Message":"File created:\r\nRuleName: technique_id=T1574.010,technique_name=Services File Permissions Weakness\r\nUtcTime: 2023-06-20 19:30:27.615\r\nProcessGuid: {BE59402F-92B3-648A-1300-000000002400}\r\nProcessId: 956\r\nImage: C:\\Windows\\system32\\svchost.exe\r\nTargetFilename: C:\\Windows\\ServiceProfiles\\LocalService\\AppData\\Local\\lastalive1.dat\r\nCreationUtcTime: 2023-06-15 04:26:24.014\r\nUser: NT AUTHORITY\\LOCAL SERVICE","Category":"File created (rule: FileCreate)","Opcode":"Info","RuleName":"technique_id=T1574.010,technique_name=Services File Permissions Weakness","UtcTime":"2023-06-20 19:30:27.615","ProcessGuid":"{BE59402F-92B3-648A-1300-000000002400}","Image":"C:\\Windows\\system32\\svchost.exe","TargetFilename":"C:\\Windows\\ServiceProfiles\\LocalService\\AppData\\Local\\lastalive1.dat","CreationUtcTime":"2023-06-15 04:26:24.014","User":"NT AUTHORITY\\LOCAL SERVICE","EventReceivedTime":1687289429,"SourceModuleName":"in_sysmon","SourceModuleType":"im_msvistalog"}
<14>Jun 20 19:30:30 win-adfs.lunarstiiiness.com Microsoft-Windows-Sysmon[2556]: {"EventTime":1687289428,"Hostname":"win-adfs.lunarstiiiness.com","Keywords":-9223372036854775808,"EventType":"INFO","SeverityValue":2,"Severity":"INFO","EventID":10,"SourceName":"Microsoft-Windows-Sysmon","ProviderGuid":"{5770385F-C22A-43E0-BF4C-06F5698FFBD9}","Version":3,"Task":10,"OpcodeValue":0,"RecordNumber":5946613,"ProcessID":2556,"ThreadID":3972,"Channel":"Microsoft-Windows-Sysmon/Operational","Domain":"NT AUTHORITY","AccountName":"SYSTEM","UserID":"S-1-5-18","AccountType":"User","Message":"Process accessed:\r\nRuleName: technique_id=T1055.001,technique_name=Dynamic-link Library Injection\r\nUtcTime: 2023-06-20 19:30:28.802\r\nSourceProcessGUID: {927d35bf-31d7-6489-a700-000000002900}\r\nSourceProcessId: 4804\r\nSourceThreadId: 6824\r\nSourceImage: C:\\Program Files\\Azure Advanced Threat Protection Sensor\\2.205.16667.61114\\Microsoft.Tri.Sensor.Updater.exe\r\nTargetProcessGUID: {927d35bf-320b-6489-b600-000000002900}\r\nTargetProcessId: 4168\r\nTargetImage: C:\\Program Files\\Azure Advanced Threat Protection Sensor\\2.205.16667.61114\\Microsoft.Tri.Sensor.exe\r\nGrantedAccess: 0x1F3FFF\r\nCallTrace: C:\\Windows\\SYSTEM32\\ntdll.dll+9f9a4|C:\\Windows\\System32\\KERNELBASE.dll+44a7e|UNKNOWN(00007FFB6B21EF70)\r\nSourceUser: NT AUTHORITY\\SYSTEM\r\nTargetUser: NT AUTHORITY\\LOCAL SERVICE","Category":"Process accessed (rule: ProcessAccess)","Opcode":"Info","RuleName":"technique_id=T1055.001,technique_name=Dynamic-link Library Injection","UtcTime":"2023-06-20 19:30:28.802","SourceProcessGUID":"{927d35bf-31d7-6489-a700-000000002900}","SourceProcessId":"4804","SourceThreadId":"6824","SourceImage":"C:\\Program Files\\Azure Advanced Threat Protection Sensor\\2.205.16667.61114\\Microsoft.Tri.Sensor.Updater.exe","TargetProcessGUID":"{927d35bf-320b-6489-b600-000000002900}","TargetProcessId":"4168","TargetImage":"C:\\Program Files\\Azure Advanced Threat Protection Sensor\\2.205.16667.61114\\Microsoft.Tri.Sensor.exe","GrantedAccess":"0x1f3fff","CallTrace":"C:\\Windows\\SYSTEM32\\ntdll.dll+9f9a4|C:\\Windows\\System32\\KERNELBASE.dll+44a7e|UNKNOWN(00007FFB6B21EF70)","SourceUser":"NT AUTHORITY\\SYSTEM","TargetUser":"NT AUTHORITY\\LOCAL SERVICE","EventReceivedTime":1687289430,"SourceModuleName":"in_sysmon","SourceModuleType":"im_msvistalog"}
<14>Jun 20 19:30:30 win-adfs.lunarstiiiness.com Microsoft-Windows-Sysmon[2556]: {"EventTime":1687289428,"Hostname":"win-adfs.lunarstiiiness.com","Keywords":-9223372036854775808,"EventType":"INFO","SeverityValue":2,"Severity":"INFO","EventID":10,"SourceName":"Microsoft-Windows-Sysmon","ProviderGuid":"{5770385F-C22A-43E0-BF4C-06F5698FFBD9}","Version":3,"Task":10,"OpcodeValue":0,"RecordNumber":5946614,"ProcessID":2556,"ThreadID":3972,"Channel":"Microsoft-Windows-Sysmon/Operational","Domain":"NT AUTHORITY","AccountName":"SYSTEM","UserID":"S-1-5-18","AccountType":"User","Message":"Process accessed:\r\nRuleName: technique_id=T1055.001,technique_name=Dynamic-link Library Injection\r\nUtcTime: 2023-06-20 19:30:28.810\r\nSourceProcessGUID: {927d35bf-31d7-6489-a700-000000002900}\r\nSourceProcessId: 4804\r\nSourceThreadId: 9556\r\nSourceImage: C:\\Program Files\\Azure Advanced Threat Protection Sensor\\2.205.16667.61114\\Microsoft.Tri.Sensor.Updater.exe\r\nTargetProcessGUID: {927d35bf-320b-6489-b600-000000002900}\r\nTargetProcessId: 4168\r\nTargetImage: C:\\Program Files\\Azure Advanced Threat Protection Sensor\\2.205.16667.61114\\Microsoft.Tri.Sensor.exe\r\nGrantedAccess: 0x1F3FFF\r\nCallTrace: C:\\Windows\\SYSTEM32\\ntdll.dll+9f9a4|C:\\Windows\\System32\\KERNELBASE.dll+44a7e|UNKNOWN(00007FFB6B21EF70)\r\nSourceUser: NT AUTHORITY\\SYSTEM\r\nTargetUser: NT AUTHORITY\\LOCAL SERVICE","Category":"Process accessed (rule: ProcessAccess)","Opcode":"Info","RuleName":"technique_id=T1055.001,technique_name=Dynamic-link Library Injection","UtcTime":"2023-06-20 19:30:28.810","SourceProcessGUID":"{927d35bf-31d7-6489-a700-000000002900}","SourceProcessId":"4804","SourceThreadId":"9556","SourceImage":"C:\\Program Files\\Azure Advanced Threat Protection Sensor\\2.205.16667.61114\\Microsoft.Tri.Sensor.Updater.exe","TargetProcessGUID":"{927d35bf-320b-6489-b600-000000002900}","TargetProcessId":"4168","TargetImage":"C:\\Program Files\\Azure Advanced Threat Protection Sensor\\2.205.16667.61114\\Microsoft.Tri.Sensor.exe","GrantedAccess":"0x1f3fff","CallTrace":"C:\\Windows\\SYSTEM32\\ntdll.dll+9f9a4|C:\\Windows\\System32\\KERNELBASE.dll+44a7e|UNKNOWN(00007FFB6B21EF70)","SourceUser":"NT AUTHORITY\\SYSTEM","TargetUser":"NT AUTHORITY\\LOCAL SERVICE","EventReceivedTime":1687289430,"SourceModuleName":"in_sysmon","SourceModuleType":"im_msvistalog"}
<14>Jun 20 19:30:40 win-adfs.lunarstiiiness.com Microsoft-Windows-Sysmon[2556]: {"EventTime":1687289438,"Hostname":"win-adfs.lunarstiiiness.com","Keywords":-9223372036854775808,"EventType":"INFO","SeverityValue":2,"Severity":"INFO","EventID":12,"SourceName":"Microsoft-Windows-Sysmon","ProviderGuid":"{5770385F-C22A-43E0-BF4C-06F5698FFBD9}","Version":2,"Task":12,"OpcodeValue":0,"RecordNumber":5946615,"ProcessID":2556,"ThreadID":3972,"Channel":"Microsoft-Windows-Sysmon/Operational","Domain":"NT AUTHORITY","AccountName":"SYSTEM","UserID":"S-1-5-18","AccountType":"User","Message":"Registry object added or deleted:\r\nRuleName: technique_id=T1003,technique_name=Credential Dumping\r\nEventType: CreateKey\r\nUtcTime: 2023-06-20 19:30:38.424\r\nProcessGuid: {927d35bf-fe2a-6491-d234-000000002900}\r\nProcessId: 8520\r\nImage: C:\\Program Files\\Microsoft Azure Active Directory Connect\\AzureADConnect.exe\r\nTargetObject: HKLM\\System\\CurrentControlSet\\Control\\SecurityProviders\\SCHANNEL\r\nUser: LUNARSTIIINESS\\tim.smith_admin","Category":"Registry object added or deleted (rule: RegistryEvent)","Opcode":"Info","RuleName":"technique_id=T1003,technique_name=Credential Dumping","UtcTime":"2023-06-20 19:30:38.424","ProcessGuid":"{927d35bf-fe2a-6491-d234-000000002900}","Image":"C:\\Program Files\\Microsoft Azure Active Directory Connect\\AzureADConnect.exe","TargetObject":"HKLM\\System\\CurrentControlSet\\Control\\SecurityProviders\\SCHANNEL","User":"LUNARSTIIINESS\\tim.smith_admin","EventReceivedTime":1687289440,"SourceModuleName":"in_sysmon","SourceModuleType":"im_msvistalog"}
<14>Jun 20 19:30:40 win-adfs.lunarstiiiness.com Microsoft-Windows-Sysmon[2556]: {"EventTime":1687289439,"Hostname":"win-adfs.lunarstiiiness.com","Keywords":-9223372036854775808,"EventType":"INFO","SeverityValue":2,"Severity":"INFO","EventID":22,"SourceName":"Microsoft-Windows-Sysmon","ProviderGuid":"{5770385F-C22A-43E0-BF4C-06F5698FFBD9}","Version":5,"Task":22,"OpcodeValue":0,"RecordNumber":5946621,"ProcessID":2556,"ThreadID":3316,"Channel":"Microsoft-Windows-Sysmon/Operational","Domain":"NT AUTHORITY","AccountName":"SYSTEM","UserID":"S-1-5-18","AccountType":"User","Message":"Dns query:\r\nRuleName: -\r\nUtcTime: 2023-06-20 19:30:38.465\r\nProcessGuid: {927d35bf-fe2a-6491-d234-000000002900}\r\nProcessId: 8520\r\nQueryName: s1.adhybridhealth.azure.com\r\nQueryStatus: 0\r\nQueryResults: type: 5 prdf.aadg.msidentity.com;type: 5 www.tm.f.prd.aadg.trafficmanager.net;::ffff:20.190.155.5;::ffff:20.190.155.69;::ffff:20.190.155.68;::ffff:20.190.155.129;::ffff:20.190.155.4;\r\nImage: C:\\Program Files\\Microsoft Azure Active Directory Connect\\AzureADConnect.exe\r\nUser: LUNARSTIIINESS\\tim.smith_admin","Category":"Dns query (rule: DnsQuery)","Opcode":"Info","RuleName":"-","UtcTime":"2023-06-20 19:30:38.465","ProcessGuid":"{927d35bf-fe2a-6491-d234-000000002900}","QueryName":"s1.adhybridhealth.azure.com","QueryStatus":"0","QueryResults":"type: 5 prdf.aadg.msidentity.com;type: 5 www.tm.f.prd.aadg.trafficmanager.net;::ffff:20.190.155.5;::ffff:20.190.155.69;::ffff:20.190.155.68;::ffff:20.190.155.129;::ffff:20.190.155.4;","Image":"C:\\Program Files\\Microsoft Azure Active Directory Connect\\AzureADConnect.exe","User":"LUNARSTIIINESS\\tim.smith_admin","EventReceivedTime":1687289440,"SourceModuleName":"in_sysmon","SourceModuleType":"im_msvistalog"}
<14>Jun 20 19:30:40 win-adfs.lunarstiiiness.com Microsoft-Windows-Sysmon[2556]: {"EventTime":1687289438,"Hostname":"win-adfs.lunarstiiiness.com","Keywords":-9223372036854775808,"EventType":"INFO","SeverityValue":2,"Severity":"INFO","EventID":11,"SourceName":"Microsoft-Windows-Sysmon","ProviderGuid":"{5770385F-C22A-43E0-BF4C-06F5698FFBD9}","Version":2,"Task":11,"OpcodeValue":0,"RecordNumber":5946616,"ProcessID":2556,"ThreadID":3972,"Channel":"Microsoft-Windows-Sysmon/Operational","Domain":"NT AUTHORITY","AccountName":"SYSTEM","UserID":"S-1-5-18","AccountType":"User","Message":"File created:\r\nRuleName: technique_id=T1574.010,technique_name=Services File Permissions Weakness\r\nUtcTime: 2023-06-20 19:30:38.589\r\nProcessGuid: {927d35bf-3133-6489-1d00-000000002900}\r\nProcessId: 1144\r\nImage: C:\\Windows\\System32\\svchost.exe\r\nTargetFilename: C:\\Windows\\ServiceState\\EventLog\\Data\\lastalive1.dat\r\nCreationUtcTime: 2023-06-14 03:18:07.984\r\nUser: NT AUTHORITY\\LOCAL SERVICE","Category":"File created (rule: FileCreate)","Opcode":"Info","RuleName":"technique_id=T1574.010,technique_name=Services File Permissions Weakness","UtcTime":"2023-06-20 19:30:38.589","ProcessGuid":"{927d35bf-3133-6489-1d00-000000002900}","Image":"C:\\Windows\\System32\\svchost.exe","TargetFilename":"C:\\Windows\\ServiceState\\EventLog\\Data\\lastalive1.dat","CreationUtcTime":"2023-06-14 03:18:07.984","User":"NT AUTHORITY\\LOCAL SERVICE","EventReceivedTime":1687289440,"SourceModuleName":"in_sysmon","SourceModuleType":"im_msvistalog"}
<14>Jun 20 19:30:40 win-adfs.lunarstiiiness.com Microsoft-Windows-Sysmon[2556]: {"EventTime":1687289439,"Hostname":"win-adfs.lunarstiiiness.com","Keywords":-9223372036854775808,"EventType":"INFO","SeverityValue":2,"Severity":"INFO","EventID":11,"SourceName":"Microsoft-Windows-Sysmon","ProviderGuid":"{5770385F-C22A-43E0-BF4C-06F5698FFBD9}","Version":2,"Task":11,"OpcodeValue":0,"RecordNumber":5946617,"ProcessID":2556,"ThreadID":3972,"Channel":"Microsoft-Windows-Sysmon/Operational","Domain":"NT AUTHORITY","AccountName":"SYSTEM","UserID":"S-1-5-18","AccountType":"User","Message":"File created:\r\nRuleName: technique_id=T1047,technique_name=File System Permissions Weakness\r\nUtcTime: 2023-06-20 19:30:39.002\r\nProcessGuid: {927d35bf-fe2a-6491-d234-000000002900}\r\nProcessId: 8520\r\nImage: C:\\Program Files\\Microsoft Azure Active Directory Connect\\AzureADConnect.exe\r\nTargetFilename: C:\\temp\\20230620\\PowerShell_transcript.WIN-ADFS.QUnwuxJk.20230620193038.txt\r\nCreationUtcTime: 2023-06-20 19:30:39.002\r\nUser: LUNARSTIIINESS\\tim.smith_admin","Category":"File created (rule: FileCreate)","Opcode":"Info","RuleName":"technique_id=T1047,technique_name=File System Permissions Weakness","UtcTime":"2023-06-20 19:30:39.002","ProcessGuid":"{927d35bf-fe2a-6491-d234-000000002900}","Image":"C:\\Program Files\\Microsoft Azure Active Directory Connect\\AzureADConnect.exe","TargetFilename":"C:\\temp\\20230620\\PowerShell_transcript.WIN-ADFS.QUnwuxJk.20230620193038.txt","CreationUtcTime":"2023-06-20 19:30:39.002","User":"LUNARSTIIINESS\\tim.smith_admin","EventReceivedTime":1687289440,"SourceModuleName":"in_sysmon","SourceModuleType":"im_msvistalog"}
<14>Jun 20 19:30:40 win-adfs.lunarstiiiness.com Microsoft-Windows-Sysmon[2556]: {"EventTime":1687289439,"Hostname":"win-adfs.lunarstiiiness.com","Keywords":-9223372036854775808,"EventType":"INFO","SeverityValue":2,"Severity":"INFO","EventID":7,"SourceName":"Microsoft-Windows-Sysmon","ProviderGuid":"{5770385F-C22A-43E0-BF4C-06F5698FFBD9}","Version":3,"Task":7,"OpcodeValue":0,"RecordNumber":5946618,"ProcessID":2556,"ThreadID":3972,"Channel":"Microsoft-Windows-Sysmon/Operational","Domain":"NT AUTHORITY","AccountName":"SYSTEM","UserID":"S-1-5-18","AccountType":"User","Message":"Image loaded:\r\nRuleName: technique_id=T1574.002,technique_name=DLL Side-Loading\r\nUtcTime: 2023-06-20 19:30:39.116\r\nProcessGuid: {927d35bf-fe2a-6491-d234-000000002900}\r\nProcessId: 8520\r\nImage: C:\\Program Files\\Microsoft Azure Active Directory Connect\\AzureADConnect.exe\r\nImageLoaded: C:\\ProgramData\\Microsoft\\Windows Defender\\Platform\\4.18.23050.5-0\\MpClient.dll\r\nFileVersion: 4.18.23050.5 (b79513656627928b5505482e6c59e640a77adba5)\r\nDescription: Client Interface\r\nProduct: Microsoft® Windows® Operating System\r\nCompany: Microsoft Corporation\r\nOriginalFileName: mpclient.dll\r\nHashes: SHA1=DB92467AA13A34F636467E13B70A0896161E14A3,MD5=60B2AA6B95D337D691DE342857498CB5,SHA256=41262170B1672E2848CA1565BC016F4A1F126959BE22DB0BDCE7A7B98D24D38E,IMPHASH=1B504CE4A84EFD7FD3934D9F7CE06DB9\r\nSigned: true\r\nSignature: Microsoft Windows\r\nSignatureStatus: Valid\r\nUser: LUNARSTIIINESS\\tim.smith_admin","Category":"Image loaded (rule: ImageLoad)","Opcode":"Info","RuleName":"technique_id=T1574.002,technique_name=DLL Side-Loading","UtcTime":"2023-06-20 19:30:39.116","ProcessGuid":"{927d35bf-fe2a-6491-d234-000000002900}","Image":"C:\\Program Files\\Microsoft Azure Active Directory Connect\\AzureADConnect.exe","ImageLoaded":"C:\\ProgramData\\Microsoft\\Windows Defender\\Platform\\4.18.23050.5-0\\MpClient.dll","FileVersion":"4.18.23050.5 (b79513656627928b5505482e6c59e640a77adba5)","Description":"Client Interface","Product":"Microsoft® Windows® Operating System","Company":"Microsoft Corporation","OriginalFileName":"mpclient.dll","Hashes":"SHA1=DB92467AA13A34F636467E13B70A0896161E14A3,MD5=60B2AA6B95D337D691DE342857498CB5,SHA256=41262170B1672E2848CA1565BC016F4A1F126959BE22DB0BDCE7A7B98D24D38E,IMPHASH=1B504CE4A84EFD7FD3934D9F7CE06DB9","Signed":"true","Signature":"Microsoft Windows","SignatureStatus":"Valid","User":"LUNARSTIIINESS\\tim.smith_admin","EventReceivedTime":1687289440,"SourceModuleName":"in_sysmon","SourceModuleType":"im_msvistalog"}
<14>Jun 20 19:30:40 win-adfs.lunarstiiiness.com Microsoft-Windows-Sysmon[2556]: {"EventTime":1687289439,"Hostname":"win-adfs.lunarstiiiness.com","Keywords":-9223372036854775808,"EventType":"INFO","SeverityValue":2,"Severity":"INFO","EventID":7,"SourceName":"Microsoft-Windows-Sysmon","ProviderGuid":"{5770385F-C22A-43E0-BF4C-06F5698FFBD9}","Version":3,"Task":7,"OpcodeValue":0,"RecordNumber":5946620,"ProcessID":2556,"ThreadID":3972,"Channel":"Microsoft-Windows-Sysmon/Operational","Domain":"NT AUTHORITY","AccountName":"SYSTEM","UserID":"S-1-5-18","AccountType":"User","Message":"Image loaded:\r\nRuleName: technique_id=T1574.002,technique_name=DLL Side-Loading\r\nUtcTime: 2023-06-20 19:30:39.325\r\nProcessGuid: {927d35bf-fe2a-6491-d234-000000002900}\r\nProcessId: 8520\r\nImage: C:\\Program Files\\Microsoft Azure Active Directory Connect\\AzureADConnect.exe\r\nImageLoaded: C:\\ProgramData\\Microsoft\\Windows Defender\\Platform\\4.18.23050.5-0\\MpClient.dll\r\nFileVersion: 4.18.23050.5 (b79513656627928b5505482e6c59e640a77adba5)\r\nDescription: Client Interface\r\nProduct: Microsoft® Windows® Operating System\r\nCompany: Microsoft Corporation\r\nOriginalFileName: mpclient.dll\r\nHashes: SHA1=DB92467AA13A34F636467E13B70A0896161E14A3,MD5=60B2AA6B95D337D691DE342857498CB5,SHA256=41262170B1672E2848CA1565BC016F4A1F126959BE22DB0BDCE7A7B98D24D38E,IMPHASH=1B504CE4A84EFD7FD3934D9F7CE06DB9\r\nSigned: true\r\nSignature: Microsoft Windows\r\nSignatureStatus: Valid\r\nUser: LUNARSTIIINESS\\tim.smith_admin","Category":"Image loaded (rule: ImageLoad)","Opcode":"Info","RuleName":"technique_id=T1574.002,technique_name=DLL Side-Loading","UtcTime":"2023-06-20 19:30:39.325","ProcessGuid":"{927d35bf-fe2a-6491-d234-000000002900}","Image":"C:\\Program Files\\Microsoft Azure Active Directory Connect\\AzureADConnect.exe","ImageLoaded":"C:\\ProgramData\\Microsoft\\Windows Defender\\Platform\\4.18.23050.5-0\\MpClient.dll","FileVersion":"4.18.23050.5 (b79513656627928b5505482e6c59e640a77adba5)","Description":"Client Interface","Product":"Microsoft® Windows® Operating System","Company":"Microsoft Corporation","OriginalFileName":"mpclient.dll","Hashes":"SHA1=DB92467AA13A34F636467E13B70A0896161E14A3,MD5=60B2AA6B95D337D691DE342857498CB5,SHA256=41262170B1672E2848CA1565BC016F4A1F126959BE22DB0BDCE7A7B98D24D38E,IMPHASH=1B504CE4A84EFD7FD3934D9F7CE06DB9","Signed":"true","Signature":"Microsoft Windows","SignatureStatus":"Valid","User":"LUNARSTIIINESS\\tim.smith_admin","EventReceivedTime":1687289440,"SourceModuleName":"in_sysmon","SourceModuleType":"im_msvistalog"}
