<14>Jun 20 19:28:03 win-server.lunarstiiiness.com Microsoft-Windows-Sysmon[2212]: {"EventTime":1687289282,"Hostname":"win-server.lunarstiiiness.com","Keywords":-9223372036854775808,"EventType":"INFO","SeverityValue":2,"Severity":"INFO","EventID":7,"SourceName":"Microsoft-Windows-Sysmon","ProviderGuid":"{5770385F-C22A-43E0-BF4C-06F5698FFBD9}","Version":3,"Task":7,"OpcodeValue":0,"RecordNumber":2202618,"ProcessID":2212,"ThreadID":2972,"Channel":"Microsoft-Windows-Sysmon/Operational","Domain":"NT AUTHORITY","AccountName":"SYSTEM","UserID":"S-1-5-18","AccountType":"User","Message":"Image loaded:\r\nRuleName: -\r\nUtcTime: 2023-06-20 19:28:02.500\r\nProcessGuid: {BE59402F-FDC2-6491-630E-000000002400}\r\nProcessId: 5564\r\nImage: C:\\Windows\\System32\\ldifde.exe\r\nImageLoaded: C:\\Windows\\System32\\urlmon.dll\r\nFileVersion: 11.00.14393.5980 (rs1_release.230508-1729)\r\nDescription: OLE32 Extensions for Win32\r\nProduct: Internet Explorer\r\nCompany: Microsoft Corporation\r\nOriginalFileName: UrlMon.dll\r\nHashes: SHA1=B85E33077EBECEB824C738EC5AB3971330015487,MD5=4A855C73AA289D70314CB0A7CE54982C,SHA256=0E7E8B967CFBF187D562686C78FDC989FD220397B1429FC15C2A8BFA8FCA30A8,IMPHASH=974542EAFAB3E045794F91EF3F4880AC\r\nSigned: true\r\nSignature: Microsoft Windows\r\nSignatureStatus: Valid\r\nUser: LUNARSTIIINESS\\tim.smith_admin","Category":"Image loaded (rule: ImageLoad)","Opcode":"Info","RuleName":"-","UtcTime":"2023-06-20 19:28:02.500","ProcessGuid":"{BE59402F-FDC2-6491-630E-000000002400}","Image":"C:\\Windows\\System32\\ldifde.exe","ImageLoaded":"C:\\Windows\\System32\\urlmon.dll","FileVersion":"11.00.14393.5980 (rs1_release.230508-1729)","Description":"OLE32 Extensions for Win32","Product":"Internet Explorer","Company":"Microsoft Corporation","OriginalFileName":"UrlMon.dll","Hashes":"SHA1=B85E33077EBECEB824C738EC5AB3971330015487,MD5=4A855C73AA289D70314CB0A7CE54982C,SHA256=0E7E8B967CFBF187D562686C78FDC989FD220397B1429FC15C2A8BFA8FCA30A8,IMPHASH=974542EAFAB3E045794F91EF3F4880AC","Signed":"true","Signature":"Microsoft Windows","SignatureStatus":"Valid","User":"LUNARSTIIINESS\\tim.smith_admin","EventReceivedTime":1687289283,"SourceModuleName":"in_sysmon","SourceModuleType":"im_msvistalog"}
<14>Jun 20 19:28:03 win-server.lunarstiiiness.com Microsoft-Windows-Sysmon[2212]: {"EventTime":1687289282,"Hostname":"win-server.lunarstiiiness.com","Keywords":-9223372036854775808,"EventType":"INFO","SeverityValue":2,"Severity":"INFO","EventID":23,"SourceName":"Microsoft-Windows-Sysmon","ProviderGuid":"{5770385F-C22A-43E0-BF4C-06F5698FFBD9}","Version":5,"Task":23,"OpcodeValue":0,"RecordNumber":2202619,"ProcessID":2212,"ThreadID":2972,"Channel":"Microsoft-Windows-Sysmon/Operational","Domain":"NT AUTHORITY","AccountName":"SYSTEM","UserID":"S-1-5-18","AccountType":"User","Message":"File Delete archived:\r\nRuleName: -\r\nUtcTime: 2023-06-20 19:28:02.672\r\nProcessGuid: {BE59402F-FDC2-6491-630E-000000002400}\r\nProcessId: 5564\r\nUser: LUNARSTIIINESS\\tim.smith_admin\r\nImage: C:\\Windows\\system32\\ldifde.exe\r\nTargetFilename: C:\\Users\\TIM~1.SMI\\AppData\\Local\\Temp\\2\\ldi2B9.tmp\r\nHashes: SHA1=DA39A3EE5E6B4B0D3255BFEF95601890AFD80709,MD5=D41D8CD98F00B204E9800998ECF8427E,SHA256=E3B0C44298FC1C149AFBF4C8996FB92427AE41E4649B934CA495991B7852B855,IMPHASH=00000000000000000000000000000000\r\nIsExecutable: false\r\nArchived: true","Category":"File Delete archived (rule: FileDelete)","Opcode":"Info","RuleName":"-","UtcTime":"2023-06-20 19:28:02.672","ProcessGuid":"{BE59402F-FDC2-6491-630E-000000002400}","User":"LUNARSTIIINESS\\tim.smith_admin","Image":"C:\\Windows\\system32\\ldifde.exe","TargetFilename":"C:\\Users\\TIM~1.SMI\\AppData\\Local\\Temp\\2\\ldi2B9.tmp","Hashes":"SHA1=DA39A3EE5E6B4B0D3255BFEF95601890AFD80709,MD5=D41D8CD98F00B204E9800998ECF8427E,SHA256=E3B0C44298FC1C149AFBF4C8996FB92427AE41E4649B934CA495991B7852B855,IMPHASH=00000000000000000000000000000000","IsExecutable":"false","Archived":"true","EventReceivedTime":1687289283,"SourceModuleName":"in_sysmon","SourceModuleType":"im_msvistalog"}
<14>Jun 20 19:28:03 win-server.lunarstiiiness.com Microsoft-Windows-Sysmon[2212]: {"EventTime":1687289282,"Hostname":"win-server.lunarstiiiness.com","Keywords":-9223372036854775808,"EventType":"INFO","SeverityValue":2,"Severity":"INFO","EventID":23,"SourceName":"Microsoft-Windows-Sysmon","ProviderGuid":"{5770385F-C22A-43E0-BF4C-06F5698FFBD9}","Version":5,"Task":23,"OpcodeValue":0,"RecordNumber":2202620,"ProcessID":2212,"ThreadID":2972,"Channel":"Microsoft-Windows-Sysmon/Operational","Domain":"NT AUTHORITY","AccountName":"SYSTEM","UserID":"S-1-5-18","AccountType":"User","Message":"File Delete archived:\r\nRuleName: -\r\nUtcTime: 2023-06-20 19:28:02.688\r\nProcessGuid: {BE59402F-FD9C-6491-5F0E-000000002400}\r\nProcessId: 3588\r\nUser: LUNARSTIIINESS\\tim.smith_admin\r\nImage: C:\\Program Files (x86)\\LogMeIn Rescue Technician Console\\LogMeInRescueTechnicianConsole_x64\\LMIRTechConsole.exe\r\nTargetFilename: C:\\Users\\TIM~1.SMI\\AppData\\Local\\Temp\\2\\ldi2B9.tmp\r\nHashes: SHA1=972BBDC8118D7DBE181420C9C48B7661FF2BF25E,MD5=22C270876B3240E25004FC1EB5418321,SHA256=C0A58D2BD91ECF3C96514F8D3B0346F75856DCB2650C948CFC193B9A09D8F676,IMPHASH=00000000000000000000000000000000\r\nIsExecutable: false\r\nArchived: true","Category":"File Delete archived (rule: FileDelete)","Opcode":"Info","RuleName":"-","UtcTime":"2023-06-20 19:28:02.688","ProcessGuid":"{BE59402F-FD9C-6491-5F0E-000000002400}","User":"LUNARSTIIINESS\\tim.smith_admin","Image":"C:\\Program Files (x86)\\LogMeIn Rescue Technician Console\\LogMeInRescueTechnicianConsole_x64\\LMIRTechConsole.exe","TargetFilename":"C:\\Users\\TIM~1.SMI\\AppData\\Local\\Temp\\2\\ldi2B9.tmp","Hashes":"SHA1=972BBDC8118D7DBE181420C9C48B7661FF2BF25E,MD5=22C270876B3240E25004FC1EB5418321,SHA256=C0A58D2BD91ECF3C96514F8D3B0346F75856DCB2650C948CFC193B9A09D8F676,IMPHASH=00000000000000000000000000000000","IsExecutable":"false","Archived":"true","EventReceivedTime":1687289283,"SourceModuleName":"in_sysmon","SourceModuleType":"im_msvistalog"}
<14>Jun 20 19:28:04 win-server.lunarstiiiness.com Microsoft-Windows-Sysmon[2212]: {"EventTime":1687289283,"Hostname":"win-server.lunarstiiiness.com","Keywords":-9223372036854775808,"EventType":"INFO","SeverityValue":2,"Severity":"INFO","EventID":22,"SourceName":"Microsoft-Windows-Sysmon","ProviderGuid":"{5770385F-C22A-43E0-BF4C-06F5698FFBD9}","Version":5,"Task":22,"OpcodeValue":0,"RecordNumber":2202621,"ProcessID":2212,"ThreadID":2992,"Channel":"Microsoft-Windows-Sysmon/Operational","Domain":"NT AUTHORITY","AccountName":"SYSTEM","UserID":"S-1-5-18","AccountType":"User","Message":"Dns query:\r\nRuleName: -\r\nUtcTime: 2023-06-20 19:28:02.964\r\nProcessGuid: {00000000-0000-0000-0000-000000000000}\r\nProcessId: 5564\r\nQueryName: _ldap._tcp.Default-First-Site-Name._sites.win-adfs.lunarstiiiness.com.\r\nQueryStatus: 9003\r\nQueryResults: -\r\nImage: <unknown process>\r\nUser: LUNARSTIIINESS\\tim.smith_admin","Category":"Dns query (rule: DnsQuery)","Opcode":"Info","RuleName":"-","UtcTime":"2023-06-20 19:28:02.964","ProcessGuid":"{00000000-0000-0000-0000-000000000000}","QueryName":"_ldap._tcp.Default-First-Site-Name._sites.win-adfs.lunarstiiiness.com.","QueryStatus":"9003","QueryResults":"-","Image":"&lt;unknown process&gt;","User":"LUNARSTIIINESS\\tim.smith_admin","EventReceivedTime":1687289284,"SourceModuleName":"in_sysmon","SourceModuleType":"im_msvistalog"}
<14>Jun 20 19:28:04 win-server.lunarstiiiness.com Microsoft-Windows-Sysmon[2212]: {"EventTime":1687289283,"Hostname":"win-server.lunarstiiiness.com","Keywords":-9223372036854775808,"EventType":"INFO","SeverityValue":2,"Severity":"INFO","EventID":22,"SourceName":"Microsoft-Windows-Sysmon","ProviderGuid":"{5770385F-C22A-43E0-BF4C-06F5698FFBD9}","Version":5,"Task":22,"OpcodeValue":0,"RecordNumber":2202622,"ProcessID":2212,"ThreadID":2992,"Channel":"Microsoft-Windows-Sysmon/Operational","Domain":"NT AUTHORITY","AccountName":"SYSTEM","UserID":"S-1-5-18","AccountType":"User","Message":"Dns query:\r\nRuleName: -\r\nUtcTime: 2023-06-20 19:28:02.964\r\nProcessGuid: {00000000-0000-0000-0000-000000000000}\r\nProcessId: 5564\r\nQueryName: _ldap._tcp.win-adfs.lunarstiiiness.com.\r\nQueryStatus: 9003\r\nQueryResults: -\r\nImage: <unknown process>\r\nUser: LUNARSTIIINESS\\tim.smith_admin","Category":"Dns query (rule: DnsQuery)","Opcode":"Info","RuleName":"-","UtcTime":"2023-06-20 19:28:02.964","ProcessGuid":"{00000000-0000-0000-0000-000000000000}","QueryName":"_ldap._tcp.win-adfs.lunarstiiiness.com.","QueryStatus":"9003","QueryResults":"-","Image":"&lt;unknown process&gt;","User":"LUNARSTIIINESS\\tim.smith_admin","EventReceivedTime":1687289284,"SourceModuleName":"in_sysmon","SourceModuleType":"im_msvistalog"}
<14>Jun 20 19:28:04 win-server.lunarstiiiness.com Microsoft-Windows-Sysmon[2212]: {"EventTime":1687289283,"Hostname":"win-server.lunarstiiiness.com","Keywords":-9223372036854775808,"EventType":"INFO","SeverityValue":2,"Severity":"INFO","EventID":22,"SourceName":"Microsoft-Windows-Sysmon","ProviderGuid":"{5770385F-C22A-43E0-BF4C-06F5698FFBD9}","Version":5,"Task":22,"OpcodeValue":0,"RecordNumber":2202623,"ProcessID":2212,"ThreadID":2992,"Channel":"Microsoft-Windows-Sysmon/Operational","Domain":"NT AUTHORITY","AccountName":"SYSTEM","UserID":"S-1-5-18","AccountType":"User","Message":"Dns query:\r\nRuleName: -\r\nUtcTime: 2023-06-20 19:28:02.965\r\nProcessGuid: {00000000-0000-0000-0000-000000000000}\r\nProcessId: 5564\r\nQueryName: win-adfs.lunarstiiiness.com\r\nQueryStatus: 0\r\nQueryResults: ::ffff:10.128.0.21;\r\nImage: <unknown process>\r\nUser: LUNARSTIIINESS\\tim.smith_admin","Category":"Dns query (rule: DnsQuery)","Opcode":"Info","RuleName":"-","UtcTime":"2023-06-20 19:28:02.965","ProcessGuid":"{00000000-0000-0000-0000-000000000000}","QueryName":"win-adfs.lunarstiiiness.com","QueryStatus":"0","QueryResults":"::ffff:10.128.0.21;","Image":"&lt;unknown process&gt;","User":"LUNARSTIIINESS\\tim.smith_admin","EventReceivedTime":1687289284,"SourceModuleName":"in_sysmon","SourceModuleType":"im_msvistalog"}
<14>Jun 20 19:28:04 win-adfs.lunarstiiiness.com Microsoft-Windows-Sysmon[2556]: {"EventTime":1687289283,"Hostname":"win-adfs.lunarstiiiness.com","Keywords":-9223372036854775808,"EventType":"INFO","SeverityValue":2,"Severity":"INFO","EventID":3,"SourceName":"Microsoft-Windows-Sysmon","ProviderGuid":"{5770385F-C22A-43E0-BF4C-06F5698FFBD9}","Version":5,"Task":3,"OpcodeValue":0,"RecordNumber":5946350,"ProcessID":2556,"ThreadID":4052,"Channel":"Microsoft-Windows-Sysmon/Operational","Domain":"NT AUTHORITY","AccountName":"SYSTEM","UserID":"S-1-5-18","AccountType":"User","Message":"Network connection detected:\r\nRuleName: technique_id=T1021,technique_name=Remote Services\r\nUtcTime: 2023-06-20 19:28:02.743\r\nProcessGuid: {927d35bf-320b-6489-b600-000000002900}\r\nProcessId: 4168\r\nImage: C:\\Program Files\\Azure Advanced Threat Protection Sensor\\2.205.16667.61114\\Microsoft.Tri.Sensor.exe\r\nUser: NT AUTHORITY\\LOCAL SERVICE\r\nProtocol: tcp\r\nInitiated: true\r\nSourceIsIpv6: false\r\nSourceIp: 10.128.0.21\r\nSourceHostname: -\r\nSourcePort: 63520\r\nSourcePortName: -\r\nDestinationIsIpv6: false\r\nDestinationIp: 10.128.0.22\r\nDestinationHostname: -\r\nDestinationPort: 3389\r\nDestinationPortName: -","Category":"Network connection detected (rule: NetworkConnect)","Opcode":"Info","RuleName":"technique_id=T1021,technique_name=Remote Services","UtcTime":"2023-06-20 19:28:02.743","ProcessGuid":"{927d35bf-320b-6489-b600-000000002900}","Image":"C:\\Program Files\\Azure Advanced Threat Protection Sensor\\2.205.16667.61114\\Microsoft.Tri.Sensor.exe","User":"NT AUTHORITY\\LOCAL SERVICE","Protocol":"tcp","Initiated":"true","SourceIsIpv6":"false","SourceIp":"10.128.0.21","SourceHostname":"-","SourcePort":"63520","SourcePortName":"-","DestinationIsIpv6":"false","DestinationIp":"10.128.0.22","DestinationHostname":"-","DestinationPort":"3389","DestinationPortName":"-","EventReceivedTime":1687289284,"SourceModuleName":"in_sysmon","SourceModuleType":"im_msvistalog"}
<14>Jun 20 19:28:04 win-server.lunarstiiiness.com Microsoft-Windows-Sysmon[2212]: {"EventTime":1687289283,"Hostname":"win-server.lunarstiiiness.com","Keywords":-9223372036854775808,"EventType":"INFO","SeverityValue":2,"Severity":"INFO","EventID":3,"SourceName":"Microsoft-Windows-Sysmon","ProviderGuid":"{5770385F-C22A-43E0-BF4C-06F5698FFBD9}","Version":5,"Task":3,"OpcodeValue":0,"RecordNumber":2202627,"ProcessID":2212,"ThreadID":2968,"Channel":"Microsoft-Windows-Sysmon/Operational","Domain":"NT AUTHORITY","AccountName":"SYSTEM","UserID":"S-1-5-18","AccountType":"User","Message":"Network connection detected:\r\nRuleName: technique_id=T1021,technique_name=Remote Services\r\nUtcTime: 2023-06-20 19:28:02.989\r\nProcessGuid: {BE59402F-92B3-648A-1000-000000002400}\r\nProcessId: 864\r\nImage: C:\\Windows\\System32\\svchost.exe\r\nUser: NT AUTHORITY\\NETWORK SERVICE\r\nProtocol: tcp\r\nInitiated: false\r\nSourceIsIpv6: false\r\nSourceIp: 10.128.0.21\r\nSourceHostname: -\r\nSourcePort: 63520\r\nSourcePortName: -\r\nDestinationIsIpv6: false\r\nDestinationIp: 10.128.0.22\r\nDestinationHostname: -\r\nDestinationPort: 3389\r\nDestinationPortName: -","Category":"Network connection detected (rule: NetworkConnect)","Opcode":"Info","RuleName":"technique_id=T1021,technique_name=Remote Services","UtcTime":"2023-06-20 19:28:02.989","ProcessGuid":"{BE59402F-92B3-648A-1000-000000002400}","Image":"C:\\Windows\\System32\\svchost.exe","User":"NT AUTHORITY\\NETWORK SERVICE","Protocol":"tcp","Initiated":"false","SourceIsIpv6":"false","SourceIp":"10.128.0.21","SourceHostname":"-","SourcePort":"63520","SourcePortName":"-","DestinationIsIpv6":"false","DestinationIp":"10.128.0.22","DestinationHostname":"-","DestinationPort":"3389","DestinationPortName":"-","EventReceivedTime":1687289284,"SourceModuleName":"in_sysmon","SourceModuleType":"im_msvistalog"}
<14>Jun 20 19:28:04 win-server.lunarstiiiness.com Microsoft-Windows-Sysmon[2212]: {"EventTime":1687289283,"Hostname":"win-server.lunarstiiiness.com","Keywords":-9223372036854775808,"EventType":"INFO","SeverityValue":2,"Severity":"INFO","EventID":22,"SourceName":"Microsoft-Windows-Sysmon","ProviderGuid":"{5770385F-C22A-43E0-BF4C-06F5698FFBD9}","Version":5,"Task":22,"OpcodeValue":0,"RecordNumber":2202625,"ProcessID":2212,"ThreadID":2992,"Channel":"Microsoft-Windows-Sysmon/Operational","Domain":"NT AUTHORITY","AccountName":"SYSTEM","UserID":"S-1-5-18","AccountType":"User","Message":"Dns query:\r\nRuleName: -\r\nUtcTime: 2023-06-20 19:28:03.121\r\nProcessGuid: {BE59402F-FD9C-6491-5F0E-000000002400}\r\nProcessId: 3588\r\nQueryName: WIN-SERVER\r\nQueryStatus: 0\r\nQueryResults: 10.128.0.22;\r\nImage: C:\\Program Files (x86)\\LogMeIn Rescue Technician Console\\LogMeInRescueTechnicianConsole_x64\\LMIRTechConsole.exe\r\nUser: LUNARSTIIINESS\\tim.smith_admin","Category":"Dns query (rule: DnsQuery)","Opcode":"Info","RuleName":"-","UtcTime":"2023-06-20 19:28:03.121","ProcessGuid":"{BE59402F-FD9C-6491-5F0E-000000002400}","QueryName":"WIN-SERVER","QueryStatus":"0","QueryResults":"10.128.0.22;","Image":"C:\\Program Files (x86)\\LogMeIn Rescue Technician Console\\LogMeInRescueTechnicianConsole_x64\\LMIRTechConsole.exe","User":"LUNARSTIIINESS\\tim.smith_admin","EventReceivedTime":1687289284,"SourceModuleName":"in_sysmon","SourceModuleType":"im_msvistalog"}
<14>Jun 20 19:28:04 win-adfs.lunarstiiiness.com Microsoft-Windows-Sysmon[2556]: {"EventTime":1687289283,"Hostname":"win-adfs.lunarstiiiness.com","Keywords":-9223372036854775808,"EventType":"INFO","SeverityValue":2,"Severity":"INFO","EventID":10,"SourceName":"Microsoft-Windows-Sysmon","ProviderGuid":"{5770385F-C22A-43E0-BF4C-06F5698FFBD9}","Version":3,"Task":10,"OpcodeValue":0,"RecordNumber":5946348,"ProcessID":2556,"ThreadID":3972,"Channel":"Microsoft-Windows-Sysmon/Operational","Domain":"NT AUTHORITY","AccountName":"SYSTEM","UserID":"S-1-5-18","AccountType":"User","Message":"Process accessed:\r\nRuleName: technique_id=T1055.001,technique_name=Dynamic-link Library Injection\r\nUtcTime: 2023-06-20 19:28:03.798\r\nSourceProcessGUID: {927d35bf-31d7-6489-a700-000000002900}\r\nSourceProcessId: 4804\r\nSourceThreadId: 1088\r\nSourceImage: C:\\Program Files\\Azure Advanced Threat Protection Sensor\\2.205.16667.61114\\Microsoft.Tri.Sensor.Updater.exe\r\nTargetProcessGUID: {927d35bf-320b-6489-b600-000000002900}\r\nTargetProcessId: 4168\r\nTargetImage: C:\\Program Files\\Azure Advanced Threat Protection Sensor\\2.205.16667.61114\\Microsoft.Tri.Sensor.exe\r\nGrantedAccess: 0x1F3FFF\r\nCallTrace: C:\\Windows\\SYSTEM32\\ntdll.dll+9f9a4|C:\\Windows\\System32\\KERNELBASE.dll+44a7e|UNKNOWN(00007FFB6B21EF70)\r\nSourceUser: NT AUTHORITY\\SYSTEM\r\nTargetUser: NT AUTHORITY\\LOCAL SERVICE","Category":"Process accessed (rule: ProcessAccess)","Opcode":"Info","RuleName":"technique_id=T1055.001,technique_name=Dynamic-link Library Injection","UtcTime":"2023-06-20 19:28:03.798","SourceProcessGUID":"{927d35bf-31d7-6489-a700-000000002900}","SourceProcessId":"4804","SourceThreadId":"1088","SourceImage":"C:\\Program Files\\Azure Advanced Threat Protection Sensor\\2.205.16667.61114\\Microsoft.Tri.Sensor.Updater.exe","TargetProcessGUID":"{927d35bf-320b-6489-b600-000000002900}","TargetProcessId":"4168","TargetImage":"C:\\Program Files\\Azure Advanced Threat Protection Sensor\\2.205.16667.61114\\Microsoft.Tri.Sensor.exe","GrantedAccess":"0x1f3fff","CallTrace":"C:\\Windows\\SYSTEM32\\ntdll.dll+9f9a4|C:\\Windows\\System32\\KERNELBASE.dll+44a7e|UNKNOWN(00007FFB6B21EF70)","SourceUser":"NT AUTHORITY\\SYSTEM","TargetUser":"NT AUTHORITY\\LOCAL SERVICE","EventReceivedTime":1687289284,"SourceModuleName":"in_sysmon","SourceModuleType":"im_msvistalog"}
<14>Jun 20 19:28:04 win-adfs.lunarstiiiness.com Microsoft-Windows-Sysmon[2556]: {"EventTime":1687289283,"Hostname":"win-adfs.lunarstiiiness.com","Keywords":-9223372036854775808,"EventType":"INFO","SeverityValue":2,"Severity":"INFO","EventID":10,"SourceName":"Microsoft-Windows-Sysmon","ProviderGuid":"{5770385F-C22A-43E0-BF4C-06F5698FFBD9}","Version":3,"Task":10,"OpcodeValue":0,"RecordNumber":5946349,"ProcessID":2556,"ThreadID":3972,"Channel":"Microsoft-Windows-Sysmon/Operational","Domain":"NT AUTHORITY","AccountName":"SYSTEM","UserID":"S-1-5-18","AccountType":"User","Message":"Process accessed:\r\nRuleName: technique_id=T1055.001,technique_name=Dynamic-link Library Injection\r\nUtcTime: 2023-06-20 19:28:03.814\r\nSourceProcessGUID: {927d35bf-31d7-6489-a700-000000002900}\r\nSourceProcessId: 4804\r\nSourceThreadId: 5060\r\nSourceImage: C:\\Program Files\\Azure Advanced Threat Protection Sensor\\2.205.16667.61114\\Microsoft.Tri.Sensor.Updater.exe\r\nTargetProcessGUID: {927d35bf-320b-6489-b600-000000002900}\r\nTargetProcessId: 4168\r\nTargetImage: C:\\Program Files\\Azure Advanced Threat Protection Sensor\\2.205.16667.61114\\Microsoft.Tri.Sensor.exe\r\nGrantedAccess: 0x1F3FFF\r\nCallTrace: C:\\Windows\\SYSTEM32\\ntdll.dll+9f9a4|C:\\Windows\\System32\\KERNELBASE.dll+44a7e|UNKNOWN(00007FFB6B21EF70)\r\nSourceUser: NT AUTHORITY\\SYSTEM\r\nTargetUser: NT AUTHORITY\\LOCAL SERVICE","Category":"Process accessed (rule: ProcessAccess)","Opcode":"Info","RuleName":"technique_id=T1055.001,technique_name=Dynamic-link Library Injection","UtcTime":"2023-06-20 19:28:03.814","SourceProcessGUID":"{927d35bf-31d7-6489-a700-000000002900}","SourceProcessId":"4804","SourceThreadId":"5060","SourceImage":"C:\\Program Files\\Azure Advanced Threat Protection Sensor\\2.205.16667.61114\\Microsoft.Tri.Sensor.Updater.exe","TargetProcessGUID":"{927d35bf-320b-6489-b600-000000002900}","TargetProcessId":"4168","TargetImage":"C:\\Program Files\\Azure Advanced Threat Protection Sensor\\2.205.16667.61114\\Microsoft.Tri.Sensor.exe","GrantedAccess":"0x1f3fff","CallTrace":"C:\\Windows\\SYSTEM32\\ntdll.dll+9f9a4|C:\\Windows\\System32\\KERNELBASE.dll+44a7e|UNKNOWN(00007FFB6B21EF70)","SourceUser":"NT AUTHORITY\\SYSTEM","TargetUser":"NT AUTHORITY\\LOCAL SERVICE","EventReceivedTime":1687289284,"SourceModuleName":"in_sysmon","SourceModuleType":"im_msvistalog"}
<14>Jun 20 19:28:04 win-server.lunarstiiiness.com Microsoft-Windows-Sysmon[2212]: {"EventTime":1687289284,"Hostname":"win-server.lunarstiiiness.com","Keywords":-9223372036854775808,"EventType":"INFO","SeverityValue":2,"Severity":"INFO","EventID":22,"SourceName":"Microsoft-Windows-Sysmon","ProviderGuid":"{5770385F-C22A-43E0-BF4C-06F5698FFBD9}","Version":5,"Task":22,"OpcodeValue":0,"RecordNumber":2202628,"ProcessID":2212,"ThreadID":2992,"Channel":"Microsoft-Windows-Sysmon/Operational","Domain":"NT AUTHORITY","AccountName":"SYSTEM","UserID":"S-1-5-18","AccountType":"User","Message":"Dns query:\r\nRuleName: -\r\nUtcTime: 2023-06-20 19:28:03.971\r\nProcessGuid: {BE59402F-FD9C-6491-5F0E-000000002400}\r\nProcessId: 3588\r\nQueryName: LUNARSTIIINESS\r\nQueryStatus: 9003\r\nQueryResults: -\r\nImage: C:\\Program Files (x86)\\LogMeIn Rescue Technician Console\\LogMeInRescueTechnicianConsole_x64\\LMIRTechConsole.exe\r\nUser: LUNARSTIIINESS\\tim.smith_admin","Category":"Dns query (rule: DnsQuery)","Opcode":"Info","RuleName":"-","UtcTime":"2023-06-20 19:28:03.971","ProcessGuid":"{BE59402F-FD9C-6491-5F0E-000000002400}","QueryName":"LUNARSTIIINESS","QueryStatus":"9003","QueryResults":"-","Image":"C:\\Program Files (x86)\\LogMeIn Rescue Technician Console\\LogMeInRescueTechnicianConsole_x64\\LMIRTechConsole.exe","User":"LUNARSTIIINESS\\tim.smith_admin","EventReceivedTime":1687289284,"SourceModuleName":"in_sysmon","SourceModuleType":"im_msvistalog"}
<14>Jun 20 19:28:09 win-adfs.lunarstiiiness.com Microsoft-Windows-Sysmon[2556]: {"EventTime":1687289288,"Hostname":"win-adfs.lunarstiiiness.com","Keywords":-9223372036854775808,"EventType":"INFO","SeverityValue":2,"Severity":"INFO","EventID":7,"SourceName":"Microsoft-Windows-Sysmon","ProviderGuid":"{5770385F-C22A-43E0-BF4C-06F5698FFBD9}","Version":3,"Task":7,"OpcodeValue":0,"RecordNumber":5946351,"ProcessID":2556,"ThreadID":4056,"Channel":"Microsoft-Windows-Sysmon/Operational","Domain":"NT AUTHORITY","AccountName":"SYSTEM","UserID":"S-1-5-18","AccountType":"User","Message":"Image loaded:\r\nRuleName: technique_id=T1112,technique_name=Modify Registry\r\nUtcTime: 2023-06-20 19:28:08.661\r\nProcessGuid: {927d35bf-fdc8-6491-c534-000000002900}\r\nProcessId: 3148\r\nImage: C:\\Windows\\System32\\svchost.exe\r\nImageLoaded: C:\\Windows\\System32\\regsvc.dll\r\nFileVersion: 10.0.20348.1129 (WinBuild.160101.0800)\r\nDescription: Remote Registry Service\r\nProduct: Microsoft® Windows® Operating System\r\nCompany: Microsoft Corporation\r\nOriginalFileName: REGSVC.DLL\r\nHashes: SHA1=18622C78BFB1A03F707AFBB9903CCE4DA94CE737,MD5=2462A75E39A39DF09A4CAC26EA248F94,SHA256=B7C5FC100C29EB383EC8FE00B2E67CA45D97886C46CBED97FA5262D9D8C30B42,IMPHASH=B85A59580EB06E6CCE19384C7EBDF81E\r\nSigned: true\r\nSignature: Microsoft Windows\r\nSignatureStatus: Valid\r\nUser: NT AUTHORITY\\LOCAL SERVICE","Category":"Image loaded (rule: ImageLoad)","Opcode":"Info","RuleName":"technique_id=T1112,technique_name=Modify Registry","UtcTime":"2023-06-20 19:28:08.661","ProcessGuid":"{927d35bf-fdc8-6491-c534-000000002900}","Image":"C:\\Windows\\System32\\svchost.exe","ImageLoaded":"C:\\Windows\\System32\\regsvc.dll","FileVersion":"10.0.20348.1129 (WinBuild.160101.0800)","Description":"Remote Registry Service","Product":"Microsoft® Windows® Operating System","Company":"Microsoft Corporation","OriginalFileName":"REGSVC.DLL","Hashes":"SHA1=18622C78BFB1A03F707AFBB9903CCE4DA94CE737,MD5=2462A75E39A39DF09A4CAC26EA248F94,SHA256=B7C5FC100C29EB383EC8FE00B2E67CA45D97886C46CBED97FA5262D9D8C30B42,IMPHASH=B85A59580EB06E6CCE19384C7EBDF81E","Signed":"true","Signature":"Microsoft Windows","SignatureStatus":"Valid","User":"NT AUTHORITY\\LOCAL SERVICE","EventReceivedTime":1687289289,"SourceModuleName":"in_sysmon","SourceModuleType":"im_msvistalog"}
<14>Jun 20 19:28:09 win-adfs.lunarstiiiness.com Microsoft-Windows-Sysmon[2556]: {"EventTime":1687289289,"Hostname":"win-adfs.lunarstiiiness.com","Keywords":-9223372036854775808,"EventType":"INFO","SeverityValue":2,"Severity":"INFO","EventID":12,"SourceName":"Microsoft-Windows-Sysmon","ProviderGuid":"{5770385F-C22A-43E0-BF4C-06F5698FFBD9}","Version":2,"Task":12,"OpcodeValue":0,"RecordNumber":5946354,"ProcessID":2556,"ThreadID":3972,"Channel":"Microsoft-Windows-Sysmon/Operational","Domain":"NT AUTHORITY","AccountName":"SYSTEM","UserID":"S-1-5-18","AccountType":"User","Message":"Registry object added or deleted:\r\nRuleName: technique_id=T1543,technique_name=Service Creation\r\nEventType: CreateKey\r\nUtcTime: 2023-06-20 19:28:09.005\r\nProcessGuid: {927d35bf-313b-6489-4100-000000002900}\r\nProcessId: 2612\r\nImage: C:\\Windows\\System32\\svchost.exe\r\nTargetObject: HKLM\\System\\CurrentControlSet\\Services\\LanmanServer\\Shares\\Security\r\nUser: NT AUTHORITY\\SYSTEM","Category":"Registry object added or deleted (rule: RegistryEvent)","Opcode":"Info","RuleName":"technique_id=T1543,technique_name=Service Creation","UtcTime":"2023-06-20 19:28:09.005","ProcessGuid":"{927d35bf-313b-6489-4100-000000002900}","Image":"C:\\Windows\\System32\\svchost.exe","TargetObject":"HKLM\\System\\CurrentControlSet\\Services\\LanmanServer\\Shares\\Security","User":"NT AUTHORITY\\SYSTEM","EventReceivedTime":1687289289,"SourceModuleName":"in_sysmon","SourceModuleType":"im_msvistalog"}
<14>Jun 20 19:28:11 win-adfs.lunarstiiiness.com Microsoft-Windows-Sysmon[2556]: {"EventTime":1687289290,"Hostname":"win-adfs.lunarstiiiness.com","Keywords":-9223372036854775808,"EventType":"INFO","SeverityValue":2,"Severity":"INFO","EventID":12,"SourceName":"Microsoft-Windows-Sysmon","ProviderGuid":"{5770385F-C22A-43E0-BF4C-06F5698FFBD9}","Version":2,"Task":12,"OpcodeValue":0,"RecordNumber":5946358,"ProcessID":2556,"ThreadID":3972,"Channel":"Microsoft-Windows-Sysmon/Operational","Domain":"NT AUTHORITY","AccountName":"SYSTEM","UserID":"S-1-5-18","AccountType":"User","Message":"Registry object added or deleted:\r\nRuleName: technique_id=T1543,technique_name=Service Creation\r\nEventType: CreateKey\r\nUtcTime: 2023-06-20 19:28:10.882\r\nProcessGuid: {927d35bf-313b-6489-4100-000000002900}\r\nProcessId: 2612\r\nImage: C:\\Windows\\System32\\svchost.exe\r\nTargetObject: HKLM\\System\\CurrentControlSet\\Services\\LanmanServer\\Shares\\Security\r\nUser: NT AUTHORITY\\SYSTEM","Category":"Registry object added or deleted (rule: RegistryEvent)","Opcode":"Info","RuleName":"technique_id=T1543,technique_name=Service Creation","UtcTime":"2023-06-20 19:28:10.882","ProcessGuid":"{927d35bf-313b-6489-4100-000000002900}","Image":"C:\\Windows\\System32\\svchost.exe","TargetObject":"HKLM\\System\\CurrentControlSet\\Services\\LanmanServer\\Shares\\Security","User":"NT AUTHORITY\\SYSTEM","EventReceivedTime":1687289291,"SourceModuleName":"in_sysmon","SourceModuleType":"im_msvistalog"}
<14>Jun 20 19:28:09 win-adfs.lunarstiiiness.com Microsoft-Windows-Sysmon[2556]: {"EventTime":1687289289,"Hostname":"win-adfs.lunarstiiiness.com","Keywords":-9223372036854775808,"EventType":"INFO","SeverityValue":2,"Severity":"INFO","EventID":13,"SourceName":"Microsoft-Windows-Sysmon","ProviderGuid":"{5770385F-C22A-43E0-BF4C-06F5698FFBD9}","Version":2,"Task":13,"OpcodeValue":0,"RecordNumber":5946353,"ProcessID":2556,"ThreadID":3972,"Channel":"Microsoft-Windows-Sysmon/Operational","Domain":"NT AUTHORITY","AccountName":"SYSTEM","UserID":"S-1-5-18","AccountType":"User","Message":"Registry value set:\r\nRuleName: technique_id=T1543,technique_name=Service Creation\r\nEventType: SetValue\r\nUtcTime: 2023-06-20 19:28:09.005\r\nProcessGuid: {927d35bf-313b-6489-4100-000000002900}\r\nProcessId: 2612\r\nImage: C:\\Windows\\System32\\svchost.exe\r\nTargetObject: HKLM\\System\\CurrentControlSet\\Services\\LanmanServer\\Shares\\LMIRescueConnectOnLAN\r\nDetails: Binary Data\r\nUser: NT AUTHORITY\\SYSTEM","Category":"Registry value set (rule: RegistryEvent)","Opcode":"Info","RuleName":"technique_id=T1543,technique_name=Service Creation","UtcTime":"2023-06-20 19:28:09.005","ProcessGuid":"{927d35bf-313b-6489-4100-000000002900}","Image":"C:\\Windows\\System32\\svchost.exe","TargetObject":"HKLM\\System\\CurrentControlSet\\Services\\LanmanServer\\Shares\\LMIRescueConnectOnLAN","Details":"Binary Data","User":"NT AUTHORITY\\SYSTEM","EventReceivedTime":1687289289,"SourceModuleName":"in_sysmon","SourceModuleType":"im_msvistalog"}
<14>Jun 20 19:28:09 win-adfs.lunarstiiiness.com Microsoft-Windows-Sysmon[2556]: {"EventTime":1687289289,"Hostname":"win-adfs.lunarstiiiness.com","Keywords":-9223372036854775808,"EventType":"INFO","SeverityValue":2,"Severity":"INFO","EventID":12,"SourceName":"Microsoft-Windows-Sysmon","ProviderGuid":"{5770385F-C22A-43E0-BF4C-06F5698FFBD9}","Version":2,"Task":12,"OpcodeValue":0,"RecordNumber":5946352,"ProcessID":2556,"ThreadID":3972,"Channel":"Microsoft-Windows-Sysmon/Operational","Domain":"NT AUTHORITY","AccountName":"SYSTEM","UserID":"S-1-5-18","AccountType":"User","Message":"Registry object added or deleted:\r\nRuleName: technique_id=T1543,technique_name=Service Creation\r\nEventType: CreateKey\r\nUtcTime: 2023-06-20 19:28:09.005\r\nProcessGuid: {927d35bf-313b-6489-4100-000000002900}\r\nProcessId: 2612\r\nImage: C:\\Windows\\System32\\svchost.exe\r\nTargetObject: HKLM\\System\\CurrentControlSet\\Services\\LanmanServer\\Shares\r\nUser: NT AUTHORITY\\SYSTEM","Category":"Registry object added or deleted (rule: RegistryEvent)","Opcode":"Info","RuleName":"technique_id=T1543,technique_name=Service Creation","UtcTime":"2023-06-20 19:28:09.005","ProcessGuid":"{927d35bf-313b-6489-4100-000000002900}","Image":"C:\\Windows\\System32\\svchost.exe","TargetObject":"HKLM\\System\\CurrentControlSet\\Services\\LanmanServer\\Shares","User":"NT AUTHORITY\\SYSTEM","EventReceivedTime":1687289289,"SourceModuleName":"in_sysmon","SourceModuleType":"im_msvistalog"}
<14>Jun 20 19:28:11 win-adfs.lunarstiiiness.com Microsoft-Windows-Sysmon[2556]: {"EventTime":1687289290,"Hostname":"win-adfs.lunarstiiiness.com","Keywords":-9223372036854775808,"EventType":"INFO","SeverityValue":2,"Severity":"INFO","EventID":12,"SourceName":"Microsoft-Windows-Sysmon","ProviderGuid":"{5770385F-C22A-43E0-BF4C-06F5698FFBD9}","Version":2,"Task":12,"OpcodeValue":0,"RecordNumber":5946360,"ProcessID":2556,"ThreadID":3972,"Channel":"Microsoft-Windows-Sysmon/Operational","Domain":"NT AUTHORITY","AccountName":"SYSTEM","UserID":"S-1-5-18","AccountType":"User","Message":"Registry object added or deleted:\r\nRuleName: technique_id=T1543,technique_name=Service Creation\r\nEventType: CreateKey\r\nUtcTime: 2023-06-20 19:28:10.882\r\nProcessGuid: {927d35bf-313b-6489-4100-000000002900}\r\nProcessId: 2612\r\nImage: C:\\Windows\\System32\\svchost.exe\r\nTargetObject: HKLM\\System\\CurrentControlSet\\Services\\LanmanServer\\Shares\r\nUser: NT AUTHORITY\\SYSTEM","Category":"Registry object added or deleted (rule: RegistryEvent)","Opcode":"Info","RuleName":"technique_id=T1543,technique_name=Service Creation","UtcTime":"2023-06-20 19:28:10.882","ProcessGuid":"{927d35bf-313b-6489-4100-000000002900}","Image":"C:\\Windows\\System32\\svchost.exe","TargetObject":"HKLM\\System\\CurrentControlSet\\Services\\LanmanServer\\Shares","User":"NT AUTHORITY\\SYSTEM","EventReceivedTime":1687289291,"SourceModuleName":"in_sysmon","SourceModuleType":"im_msvistalog"}
<14>Jun 20 19:28:09 win-adfs.lunarstiiiness.com Microsoft-Windows-Sysmon[2556]: {"EventTime":1687289289,"Hostname":"win-adfs.lunarstiiiness.com","Keywords":-9223372036854775808,"EventType":"INFO","SeverityValue":2,"Severity":"INFO","EventID":13,"SourceName":"Microsoft-Windows-Sysmon","ProviderGuid":"{5770385F-C22A-43E0-BF4C-06F5698FFBD9}","Version":2,"Task":13,"OpcodeValue":0,"RecordNumber":5946355,"ProcessID":2556,"ThreadID":3972,"Channel":"Microsoft-Windows-Sysmon/Operational","Domain":"NT AUTHORITY","AccountName":"SYSTEM","UserID":"S-1-5-18","AccountType":"User","Message":"Registry value set:\r\nRuleName: technique_id=T1543,technique_name=Service Creation\r\nEventType: SetValue\r\nUtcTime: 2023-06-20 19:28:09.005\r\nProcessGuid: {927d35bf-313b-6489-4100-000000002900}\r\nProcessId: 2612\r\nImage: C:\\Windows\\System32\\svchost.exe\r\nTargetObject: HKLM\\System\\CurrentControlSet\\Services\\LanmanServer\\Shares\\Security\\LMIRescueConnectOnLAN\r\nDetails: Binary Data\r\nUser: NT AUTHORITY\\SYSTEM","Category":"Registry value set (rule: RegistryEvent)","Opcode":"Info","RuleName":"technique_id=T1543,technique_name=Service Creation","UtcTime":"2023-06-20 19:28:09.005","ProcessGuid":"{927d35bf-313b-6489-4100-000000002900}","Image":"C:\\Windows\\System32\\svchost.exe","TargetObject":"HKLM\\System\\CurrentControlSet\\Services\\LanmanServer\\Shares\\Security\\LMIRescueConnectOnLAN","Details":"Binary Data","User":"NT AUTHORITY\\SYSTEM","EventReceivedTime":1687289289,"SourceModuleName":"in_sysmon","SourceModuleType":"im_msvistalog"}
<14>Jun 20 19:28:10 win-server.lunarstiiiness.com Microsoft-Windows-Sysmon[2212]: {"EventTime":1687289290,"Hostname":"win-server.lunarstiiiness.com","Keywords":-9223372036854775808,"EventType":"INFO","SeverityValue":2,"Severity":"INFO","EventID":17,"SourceName":"Microsoft-Windows-Sysmon","ProviderGuid":"{5770385F-C22A-43E0-BF4C-06F5698FFBD9}","Version":1,"Task":17,"OpcodeValue":0,"RecordNumber":2202630,"ProcessID":2212,"ThreadID":2972,"Channel":"Microsoft-Windows-Sysmon/Operational","Domain":"NT AUTHORITY","AccountName":"SYSTEM","UserID":"S-1-5-18","AccountType":"User","Message":"Pipe Created:\r\nRuleName: -\r\nEventType: CreatePipe\r\nUtcTime: 2023-06-20 19:28:10.203\r\nProcessGuid: {BE59402F-FD9C-6491-5F0E-000000002400}\r\nProcessId: 3588\r\nPipeName: \\LogMeInRescueAppletDetails\r\nImage: C:\\Program Files (x86)\\LogMeIn Rescue Technician Console\\LogMeInRescueTechnicianConsole_x64\\LMIRTechConsole.exe\r\nUser: LUNARSTIIINESS\\tim.smith_admin","Category":"Pipe Created (rule: PipeEvent)","Opcode":"Info","RuleName":"-","UtcTime":"2023-06-20 19:28:10.203","ProcessGuid":"{BE59402F-FD9C-6491-5F0E-000000002400}","PipeName":"\\LogMeInRescueAppletDetails","Image":"C:\\Program Files (x86)\\LogMeIn Rescue Technician Console\\LogMeInRescueTechnicianConsole_x64\\LMIRTechConsole.exe","User":"LUNARSTIIINESS\\tim.smith_admin","EventReceivedTime":1687289290,"SourceModuleName":"in_sysmon","SourceModuleType":"im_msvistalog"}
<14>Jun 20 19:28:10 win-server.lunarstiiiness.com Microsoft-Windows-Sysmon[2212]: {"EventTime":1687289290,"Hostname":"win-server.lunarstiiiness.com","Keywords":-9223372036854775808,"EventType":"INFO","SeverityValue":2,"Severity":"INFO","EventID":1,"SourceName":"Microsoft-Windows-Sysmon","ProviderGuid":"{5770385F-C22A-43E0-BF4C-06F5698FFBD9}","Version":5,"Task":1,"OpcodeValue":0,"RecordNumber":2202631,"ProcessID":2212,"ThreadID":2972,"Channel":"Microsoft-Windows-Sysmon/Operational","Domain":"NT AUTHORITY","AccountName":"SYSTEM","UserID":"S-1-5-18","AccountType":"User","Message":"Process Create:\r\nRuleName: technique_id=T1059,technique_name=Command-Line Interface\r\nUtcTime: 2023-06-20 19:28:10.213\r\nProcessGuid: {BE59402F-FDCA-6491-640E-000000002400}\r\nProcessId: 4564\r\nImage: C:\\Windows\\System32\\cmd.exe\r\nFileVersion: 10.0.14393.0 (rs1_release.160715-1616)\r\nDescription: Windows Command Processor\r\nProduct: Microsoft® Windows® Operating System\r\nCompany: Microsoft Corporation\r\nOriginalFileName: Cmd.Exe\r\nCommandLine: \"C:\\Windows\\System32\\cmd.exe\" /c Support-LogMeInRescue.exe -v > \\\\.\\pipe\\LogMeInRescueAppletDetails\r\nCurrentDirectory: C:\\Users\\tim.smith_admin\\AppData\\LocalLow\\LogMeIn Rescue\\Resources\\COLApplet_25534678\\\r\nUser: LUNARSTIIINESS\\tim.smith_admin\r\nLogonGuid: {BE59402F-1813-648B-63D4-E10500000000}\r\nLogonId: 0x5E1D463\r\nTerminalSessionId: 2\r\nIntegrityLevel: Medium\r\nHashes: SHA1=99AE9C73E9BEE6F9C76D6F4093A9882DF06832CF,MD5=F4F684066175B77E0C3A000549D2922C,SHA256=935C1861DF1F4018D698E8B65ABFA02D7E9037D8F68CA3C2065B6CA165D44AD2,IMPHASH=3062ED732D4B25D1C64F084DAC97D37A\r\nParentProcessGuid: {BE59402F-FD9C-6491-5F0E-000000002400}\r\nParentProcessId: 3588\r\nParentImage: C:\\Program Files (x86)\\LogMeIn Rescue Technician Console\\LogMeInRescueTechnicianConsole_x64\\LMIRTechConsole.exe\r\nParentCommandLine: \"C:\\Program Files (x86)\\LogMeIn Rescue Technician Console\\LogMeInRescueTechnicianConsole_x64\\LMIRTechConsole.exe\" \r\nParentUser: LUNARSTIIINESS\\tim.smith_admin","Category":"Process Create (rule: ProcessCreate)","Opcode":"Info","RuleName":"technique_id=T1059,technique_name=Command-Line Interface","UtcTime":"2023-06-20 19:28:10.213","ProcessGuid":"{BE59402F-FDCA-6491-640E-000000002400}","Image":"C:\\Windows\\System32\\cmd.exe","FileVersion":"10.0.14393.0 (rs1_release.160715-1616)","Description":"Windows Command Processor","Product":"Microsoft® Windows® Operating System","Company":"Microsoft Corporation","OriginalFileName":"Cmd.Exe","CommandLine":"\"C:\\Windows\\System32\\cmd.exe\" /c Support-LogMeInRescue.exe -v &gt; \\\\.\\pipe\\LogMeInRescueAppletDetails","CurrentDirectory":"C:\\Users\\tim.smith_admin\\AppData\\LocalLow\\LogMeIn Rescue\\Resources\\COLApplet_25534678\\","User":"LUNARSTIIINESS\\tim.smith_admin","LogonGuid":"{BE59402F-1813-648B-63D4-E10500000000}","LogonId":"0x5e1d463","TerminalSessionId":"2","IntegrityLevel":"Medium","Hashes":"SHA1=99AE9C73E9BEE6F9C76D6F4093A9882DF06832CF,MD5=F4F684066175B77E0C3A000549D2922C,SHA256=935C1861DF1F4018D698E8B65ABFA02D7E9037D8F68CA3C2065B6CA165D44AD2,IMPHASH=3062ED732D4B25D1C64F084DAC97D37A","ParentProcessGuid":"{BE59402F-FD9C-6491-5F0E-000000002400}","ParentProcessId":"3588","ParentImage":"C:\\Program Files (x86)\\LogMeIn Rescue Technician Console\\LogMeInRescueTechnicianConsole_x64\\LMIRTechConsole.exe","ParentCommandLine":"\"C:\\Program Files (x86)\\LogMeIn Rescue Technician Console\\LogMeInRescueTechnicianConsole_x64\\LMIRTechConsole.exe\" ","ParentUser":"LUNARSTIIINESS\\tim.smith_admin","EventReceivedTime":1687289290,"SourceModuleName":"in_sysmon","SourceModuleType":"im_msvistalog"}
<14>Jun 20 19:28:10 win-server.lunarstiiiness.com Microsoft-Windows-Sysmon[2212]: {"EventTime":1687289290,"Hostname":"win-server.lunarstiiiness.com","Keywords":-9223372036854775808,"EventType":"INFO","SeverityValue":2,"Severity":"INFO","EventID":1,"SourceName":"Microsoft-Windows-Sysmon","ProviderGuid":"{5770385F-C22A-43E0-BF4C-06F5698FFBD9}","Version":5,"Task":1,"OpcodeValue":0,"RecordNumber":2202632,"ProcessID":2212,"ThreadID":2972,"Channel":"Microsoft-Windows-Sysmon/Operational","Domain":"NT AUTHORITY","AccountName":"SYSTEM","UserID":"S-1-5-18","AccountType":"User","Message":"Process Create:\r\nRuleName: technique_id=T1059,technique_name=Command-Line Interface\r\nUtcTime: 2023-06-20 19:28:10.264\r\nProcessGuid: {BE59402F-FDCA-6491-660E-000000002400}\r\nProcessId: 5080\r\nImage: C:\\Users\\tim.smith_admin\\AppData\\LocalLow\\LogMeIn Rescue\\resources\\COLApplet_25534678\\Support-LogMeInRescue.exe\r\nFileVersion: 7.50.436\r\nDescription: LogMeIn Rescue\r\nProduct: LogMeIn Rescue\r\nCompany: LogMeIn, Inc.\r\nOriginalFileName: LMIRescue.exe\r\nCommandLine: Support-LogMeInRescue.exe  -v \r\nCurrentDirectory: C:\\Users\\tim.smith_admin\\AppData\\LocalLow\\LogMeIn Rescue\\Resources\\COLApplet_25534678\\\r\nUser: LUNARSTIIINESS\\tim.smith_admin\r\nLogonGuid: {BE59402F-1813-648B-63D4-E10500000000}\r\nLogonId: 0x5E1D463\r\nTerminalSessionId: 2\r\nIntegrityLevel: Low\r\nHashes: SHA1=6A9F2CB64937DA001308C4F95342173010AD44BE,MD5=3315BA2BB41CD92488FBB4A90218CD65,SHA256=C6E340C35A69C28EADCDF440C6738B0C14A6324AA263F9B340FD2D6722A2F1FF,IMPHASH=B7FAA5B93E3EFED47037005978618DE3\r\nParentProcessGuid: {BE59402F-FDCA-6491-640E-000000002400}\r\nParentProcessId: 4564\r\nParentImage: C:\\Windows\\System32\\cmd.exe\r\nParentCommandLine: \"C:\\Windows\\System32\\cmd.exe\" /c Support-LogMeInRescue.exe -v > \\\\.\\pipe\\LogMeInRescueAppletDetails\r\nParentUser: LUNARSTIIINESS\\tim.smith_admin","Category":"Process Create (rule: ProcessCreate)","Opcode":"Info","RuleName":"technique_id=T1059,technique_name=Command-Line Interface","UtcTime":"2023-06-20 19:28:10.264","ProcessGuid":"{BE59402F-FDCA-6491-660E-000000002400}","Image":"C:\\Users\\tim.smith_admin\\AppData\\LocalLow\\LogMeIn Rescue\\resources\\COLApplet_25534678\\Support-LogMeInRescue.exe","FileVersion":"7.50.436","Description":"LogMeIn Rescue","Product":"LogMeIn Rescue","Company":"LogMeIn, Inc.","OriginalFileName":"LMIRescue.exe","CommandLine":"Support-LogMeInRescue.exe  -v ","CurrentDirectory":"C:\\Users\\tim.smith_admin\\AppData\\LocalLow\\LogMeIn Rescue\\Resources\\COLApplet_25534678\\","User":"LUNARSTIIINESS\\tim.smith_admin","LogonGuid":"{BE59402F-1813-648B-63D4-E10500000000}","LogonId":"0x5e1d463","TerminalSessionId":"2","IntegrityLevel":"Low","Hashes":"SHA1=6A9F2CB64937DA001308C4F95342173010AD44BE,MD5=3315BA2BB41CD92488FBB4A90218CD65,SHA256=C6E340C35A69C28EADCDF440C6738B0C14A6324AA263F9B340FD2D6722A2F1FF,IMPHASH=B7FAA5B93E3EFED47037005978618DE3","ParentProcessGuid":"{BE59402F-FDCA-6491-640E-000000002400}","ParentProcessId":"4564","ParentImage":"C:\\Windows\\System32\\cmd.exe","ParentCommandLine":"\"C:\\Windows\\System32\\cmd.exe\" /c Support-LogMeInRescue.exe -v &gt; \\\\.\\pipe\\LogMeInRescueAppletDetails","ParentUser":"LUNARSTIIINESS\\tim.smith_admin","EventReceivedTime":1687289290,"SourceModuleName":"in_sysmon","SourceModuleType":"im_msvistalog"}
<14>Jun 20 19:28:10 win-server.lunarstiiiness.com Microsoft-Windows-Sysmon[2212]: {"EventTime":1687289290,"Hostname":"win-server.lunarstiiiness.com","Keywords":-9223372036854775808,"EventType":"INFO","SeverityValue":2,"Severity":"INFO","EventID":7,"SourceName":"Microsoft-Windows-Sysmon","ProviderGuid":"{5770385F-C22A-43E0-BF4C-06F5698FFBD9}","Version":3,"Task":7,"OpcodeValue":0,"RecordNumber":2202633,"ProcessID":2212,"ThreadID":2972,"Channel":"Microsoft-Windows-Sysmon/Operational","Domain":"NT AUTHORITY","AccountName":"SYSTEM","UserID":"S-1-5-18","AccountType":"User","Message":"Image loaded:\r\nRuleName: technique_id=T1574.002,technique_name=DLL Side-Loading\r\nUtcTime: 2023-06-20 19:28:10.297\r\nProcessGuid: {BE59402F-FDCA-6491-660E-000000002400}\r\nProcessId: 5080\r\nImage: C:\\Users\\tim.smith_admin\\AppData\\LocalLow\\LogMeIn Rescue\\resources\\COLApplet_25534678\\Support-LogMeInRescue.exe\r\nImageLoaded: C:\\Users\\tim.smith_admin\\AppData\\LocalLow\\LogMeIn Rescue\\resources\\COLApplet_25534678\\Support-LogMeInRescue.exe\r\nFileVersion: 7.50.436\r\nDescription: LogMeIn Rescue\r\nProduct: LogMeIn Rescue\r\nCompany: LogMeIn, Inc.\r\nOriginalFileName: LMIRescue.exe\r\nHashes: SHA1=6A9F2CB64937DA001308C4F95342173010AD44BE,MD5=3315BA2BB41CD92488FBB4A90218CD65,SHA256=C6E340C35A69C28EADCDF440C6738B0C14A6324AA263F9B340FD2D6722A2F1FF,IMPHASH=B7FAA5B93E3EFED47037005978618DE3\r\nSigned: true\r\nSignature: LogMeIn, Inc.\r\nSignatureStatus: Valid\r\nUser: LUNARSTIIINESS\\tim.smith_admin","Category":"Image loaded (rule: ImageLoad)","Opcode":"Info","RuleName":"technique_id=T1574.002,technique_name=DLL Side-Loading","UtcTime":"2023-06-20 19:28:10.297","ProcessGuid":"{BE59402F-FDCA-6491-660E-000000002400}","Image":"C:\\Users\\tim.smith_admin\\AppData\\LocalLow\\LogMeIn Rescue\\resources\\COLApplet_25534678\\Support-LogMeInRescue.exe","ImageLoaded":"C:\\Users\\tim.smith_admin\\AppData\\LocalLow\\LogMeIn Rescue\\resources\\COLApplet_25534678\\Support-LogMeInRescue.exe","FileVersion":"7.50.436","Description":"LogMeIn Rescue","Product":"LogMeIn Rescue","Company":"LogMeIn, Inc.","OriginalFileName":"LMIRescue.exe","Hashes":"SHA1=6A9F2CB64937DA001308C4F95342173010AD44BE,MD5=3315BA2BB41CD92488FBB4A90218CD65,SHA256=C6E340C35A69C28EADCDF440C6738B0C14A6324AA263F9B340FD2D6722A2F1FF,IMPHASH=B7FAA5B93E3EFED47037005978618DE3","Signed":"true","Signature":"LogMeIn, Inc.","SignatureStatus":"Valid","User":"LUNARSTIIINESS\\tim.smith_admin","EventReceivedTime":1687289290,"SourceModuleName":"in_sysmon","SourceModuleType":"im_msvistalog"}
<14>Jun 20 19:28:10 win-server.lunarstiiiness.com Microsoft-Windows-Sysmon[2212]: {"EventTime":1687289290,"Hostname":"win-server.lunarstiiiness.com","Keywords":-9223372036854775808,"EventType":"INFO","SeverityValue":2,"Severity":"INFO","EventID":5,"SourceName":"Microsoft-Windows-Sysmon","ProviderGuid":"{5770385F-C22A-43E0-BF4C-06F5698FFBD9}","Version":3,"Task":5,"OpcodeValue":0,"RecordNumber":2202634,"ProcessID":2212,"ThreadID":2972,"Channel":"Microsoft-Windows-Sysmon/Operational","Domain":"NT AUTHORITY","AccountName":"SYSTEM","UserID":"S-1-5-18","AccountType":"User","Message":"Process terminated:\r\nRuleName: -\r\nUtcTime: 2023-06-20 19:28:10.313\r\nProcessGuid: {BE59402F-FDCA-6491-660E-000000002400}\r\nProcessId: 5080\r\nImage: C:\\Users\\tim.smith_admin\\AppData\\LocalLow\\LogMeIn Rescue\\resources\\COLApplet_25534678\\Support-LogMeInRescue.exe\r\nUser: LUNARSTIIINESS\\tim.smith_admin","Category":"Process terminated (rule: ProcessTerminate)","Opcode":"Info","RuleName":"-","UtcTime":"2023-06-20 19:28:10.313","ProcessGuid":"{BE59402F-FDCA-6491-660E-000000002400}","Image":"C:\\Users\\tim.smith_admin\\AppData\\LocalLow\\LogMeIn Rescue\\resources\\COLApplet_25534678\\Support-LogMeInRescue.exe","User":"LUNARSTIIINESS\\tim.smith_admin","EventReceivedTime":1687289290,"SourceModuleName":"in_sysmon","SourceModuleType":"im_msvistalog"}
<14>Jun 20 19:28:10 win-server.lunarstiiiness.com Microsoft-Windows-Sysmon[2212]: {"EventTime":1687289290,"Hostname":"win-server.lunarstiiiness.com","Keywords":-9223372036854775808,"EventType":"INFO","SeverityValue":2,"Severity":"INFO","EventID":11,"SourceName":"Microsoft-Windows-Sysmon","ProviderGuid":"{5770385F-C22A-43E0-BF4C-06F5698FFBD9}","Version":2,"Task":11,"OpcodeValue":0,"RecordNumber":2202635,"ProcessID":2212,"ThreadID":2972,"Channel":"Microsoft-Windows-Sysmon/Operational","Domain":"NT AUTHORITY","AccountName":"SYSTEM","UserID":"S-1-5-18","AccountType":"User","Message":"File created:\r\nRuleName: -\r\nUtcTime: 2023-06-20 19:28:10.328\r\nProcessGuid: {BE59402F-FD9C-6491-5F0E-000000002400}\r\nProcessId: 3588\r\nImage: C:\\Program Files (x86)\\LogMeIn Rescue Technician Console\\LogMeInRescueTechnicianConsole_x64\\LMIRTechConsole.exe\r\nTargetFilename: C:\\Users\\tim.smith_admin\\AppData\\LocalLow\\LogMeIn Rescue\\LMICOL\\LMIRescueApplet_WIN-ADFS_230620_192810\\Support-LogMeInRescue.exe\r\nCreationUtcTime: 2023-06-20 19:28:10.328\r\nUser: LUNARSTIIINESS\\tim.smith_admin","Category":"File created (rule: FileCreate)","Opcode":"Info","RuleName":"-","UtcTime":"2023-06-20 19:28:10.328","ProcessGuid":"{BE59402F-FD9C-6491-5F0E-000000002400}","Image":"C:\\Program Files (x86)\\LogMeIn Rescue Technician Console\\LogMeInRescueTechnicianConsole_x64\\LMIRTechConsole.exe","TargetFilename":"C:\\Users\\tim.smith_admin\\AppData\\LocalLow\\LogMeIn Rescue\\LMICOL\\LMIRescueApplet_WIN-ADFS_230620_192810\\Support-LogMeInRescue.exe","CreationUtcTime":"2023-06-20 19:28:10.328","User":"LUNARSTIIINESS\\tim.smith_admin","EventReceivedTime":1687289290,"SourceModuleName":"in_sysmon","SourceModuleType":"im_msvistalog"}
<14>Jun 20 19:28:10 win-server.lunarstiiiness.com Microsoft-Windows-Sysmon[2212]: {"EventTime":1687289290,"Hostname":"win-server.lunarstiiiness.com","Keywords":-9223372036854775808,"EventType":"INFO","SeverityValue":2,"Severity":"INFO","EventID":11,"SourceName":"Microsoft-Windows-Sysmon","ProviderGuid":"{5770385F-C22A-43E0-BF4C-06F5698FFBD9}","Version":2,"Task":11,"OpcodeValue":0,"RecordNumber":2202636,"ProcessID":2212,"ThreadID":2972,"Channel":"Microsoft-Windows-Sysmon/Operational","Domain":"NT AUTHORITY","AccountName":"SYSTEM","UserID":"S-1-5-18","AccountType":"User","Message":"File created:\r\nRuleName: -\r\nUtcTime: 2023-06-20 19:28:10.360\r\nProcessGuid: {BE59402F-FD9C-6491-5F0E-000000002400}\r\nProcessId: 3588\r\nImage: C:\\Program Files (x86)\\LogMeIn Rescue Technician Console\\LogMeInRescueTechnicianConsole_x64\\LMIRTechConsole.exe\r\nTargetFilename: C:\\Users\\tim.smith_admin\\AppData\\LocalLow\\LogMeIn Rescue\\LMICOL\\LMIRescueApplet_WIN-ADFS_230620_192810\\starter.cmd\r\nCreationUtcTime: 2023-06-20 19:28:10.360\r\nUser: LUNARSTIIINESS\\tim.smith_admin","Category":"File created (rule: FileCreate)","Opcode":"Info","RuleName":"-","UtcTime":"2023-06-20 19:28:10.360","ProcessGuid":"{BE59402F-FD9C-6491-5F0E-000000002400}","Image":"C:\\Program Files (x86)\\LogMeIn Rescue Technician Console\\LogMeInRescueTechnicianConsole_x64\\LMIRTechConsole.exe","TargetFilename":"C:\\Users\\tim.smith_admin\\AppData\\LocalLow\\LogMeIn Rescue\\LMICOL\\LMIRescueApplet_WIN-ADFS_230620_192810\\starter.cmd","CreationUtcTime":"2023-06-20 19:28:10.360","User":"LUNARSTIIINESS\\tim.smith_admin","EventReceivedTime":1687289290,"SourceModuleName":"in_sysmon","SourceModuleType":"im_msvistalog"}
<14>Jun 20 19:28:11 win-adfs.lunarstiiiness.com Microsoft-Windows-Sysmon[2556]: {"EventTime":1687289290,"Hostname":"win-adfs.lunarstiiiness.com","Keywords":-9223372036854775808,"EventType":"INFO","SeverityValue":2,"Severity":"INFO","EventID":11,"SourceName":"Microsoft-Windows-Sysmon","ProviderGuid":"{5770385F-C22A-43E0-BF4C-06F5698FFBD9}","Version":2,"Task":11,"OpcodeValue":0,"RecordNumber":5946356,"ProcessID":2556,"ThreadID":3972,"Channel":"Microsoft-Windows-Sysmon/Operational","Domain":"NT AUTHORITY","AccountName":"SYSTEM","UserID":"S-1-5-18","AccountType":"User","Message":"File created:\r\nRuleName: -\r\nUtcTime: 2023-06-20 19:28:10.537\r\nProcessGuid: {927d35bf-312c-6489-eb03-000000000000}\r\nProcessId: 4\r\nImage: System\r\nTargetFilename: C:\\ProgramData\\LogMeIn Rescue ConnectOnLAN\\LMIRescueApplet_WIN-ADFS_230620_192810\\starter.cmd\r\nCreationUtcTime: 2023-06-20 19:28:10.537\r\nUser: NT AUTHORITY\\SYSTEM","Category":"File created (rule: FileCreate)","Opcode":"Info","RuleName":"-","UtcTime":"2023-06-20 19:28:10.537","ProcessGuid":"{927d35bf-312c-6489-eb03-000000000000}","Image":"System","TargetFilename":"C:\\ProgramData\\LogMeIn Rescue ConnectOnLAN\\LMIRescueApplet_WIN-ADFS_230620_192810\\starter.cmd","CreationUtcTime":"2023-06-20 19:28:10.537","User":"NT AUTHORITY\\SYSTEM","EventReceivedTime":1687289291,"SourceModuleName":"in_sysmon","SourceModuleType":"im_msvistalog"}
