<14>Jun 20 19:29:48 win-adfs.lunarstiiiness.com Microsoft-Windows-Sysmon[2556]: {"EventTime":1687289387,"Hostname":"win-adfs.lunarstiiiness.com","Keywords":-9223372036854775808,"EventType":"INFO","SeverityValue":2,"Severity":"INFO","EventID":7,"SourceName":"Microsoft-Windows-Sysmon","ProviderGuid":"{5770385F-C22A-43E0-BF4C-06F5698FFBD9}","Version":3,"Task":7,"OpcodeValue":0,"RecordNumber":5946582,"ProcessID":2556,"ThreadID":3972,"Channel":"Microsoft-Windows-Sysmon/Operational","Domain":"NT AUTHORITY","AccountName":"SYSTEM","UserID":"S-1-5-18","AccountType":"User","Message":"Image loaded:\r\nRuleName: technique_id=T1055,technique_name=Process Injection\r\nUtcTime: 2023-06-20 19:29:47.221\r\nProcessGuid: {927d35bf-fe2a-6491-d234-000000002900}\r\nProcessId: 8520\r\nImage: C:\\Program Files\\Microsoft Azure Active Directory Connect\\AzureADConnect.exe\r\nImageLoaded: C:\\Windows\\Microsoft.NET\\Framework64\\v4.0.30319\\clr.dll\r\nFileVersion: 4.8.4644.0 built by: NET48REL1LAST_B\r\nDescription: Microsoft .NET Runtime Common Language Runtime - WorkStation\r\nProduct: Microsoft® .NET Framework\r\nCompany: Microsoft Corporation\r\nOriginalFileName: clr.dll\r\nHashes: SHA1=7357B98F085B918ED123A4D5B0904875B91D668A,MD5=944E4D9B387F1E02658F5A39435F9EE8,SHA256=0F31721618F7B793C820BD0633C3F4E143983EE44B24E519CC9497D07313E586,IMPHASH=259C196C67C4E02F941CAD54D9D9BB8A\r\nSigned: true\r\nSignature: Microsoft Corporation\r\nSignatureStatus: Valid\r\nUser: LUNARSTIIINESS\\tim.smith_admin","Category":"Image loaded (rule: ImageLoad)","Opcode":"Info","RuleName":"technique_id=T1055,technique_name=Process Injection","UtcTime":"2023-06-20 19:29:47.221","ProcessGuid":"{927d35bf-fe2a-6491-d234-000000002900}","Image":"C:\\Program Files\\Microsoft Azure Active Directory Connect\\AzureADConnect.exe","ImageLoaded":"C:\\Windows\\Microsoft.NET\\Framework64\\v4.0.30319\\clr.dll","FileVersion":"4.8.4644.0 built by: NET48REL1LAST_B","Description":"Microsoft .NET Runtime Common Language Runtime - WorkStation","Product":"Microsoft® .NET Framework","Company":"Microsoft Corporation","OriginalFileName":"clr.dll","Hashes":"SHA1=7357B98F085B918ED123A4D5B0904875B91D668A,MD5=944E4D9B387F1E02658F5A39435F9EE8,SHA256=0F31721618F7B793C820BD0633C3F4E143983EE44B24E519CC9497D07313E586,IMPHASH=259C196C67C4E02F941CAD54D9D9BB8A","Signed":"true","Signature":"Microsoft Corporation","SignatureStatus":"Valid","User":"LUNARSTIIINESS\\tim.smith_admin","EventReceivedTime":1687289388,"SourceModuleName":"in_sysmon","SourceModuleType":"im_msvistalog"}
<14>Jun 20 19:29:48 win-adfs.lunarstiiiness.com Microsoft-Windows-Sysmon[2556]: {"EventTime":1687289387,"Hostname":"win-adfs.lunarstiiiness.com","Keywords":-9223372036854775808,"EventType":"INFO","SeverityValue":2,"Severity":"INFO","EventID":7,"SourceName":"Microsoft-Windows-Sysmon","ProviderGuid":"{5770385F-C22A-43E0-BF4C-06F5698FFBD9}","Version":3,"Task":7,"OpcodeValue":0,"RecordNumber":5946583,"ProcessID":2556,"ThreadID":3972,"Channel":"Microsoft-Windows-Sysmon/Operational","Domain":"NT AUTHORITY","AccountName":"SYSTEM","UserID":"S-1-5-18","AccountType":"User","Message":"Image loaded:\r\nRuleName: technique_id=T1055,technique_name=Process Injection\r\nUtcTime: 2023-06-20 19:29:47.393\r\nProcessGuid: {927d35bf-fe2a-6491-d234-000000002900}\r\nProcessId: 8520\r\nImage: C:\\Program Files\\Microsoft Azure Active Directory Connect\\AzureADConnect.exe\r\nImageLoaded: C:\\Windows\\assembly\\NativeImages_v4.0.30319_64\\mscorlib\\3c1aa73b881e6ba477ed577740a7f174\\mscorlib.ni.dll\r\nFileVersion: 4.8.4644.0 built by: NET48REL1LAST_B\r\nDescription: Microsoft Common Language Runtime Class Library\r\nProduct: Microsoft® .NET Framework\r\nCompany: Microsoft Corporation\r\nOriginalFileName: mscorlib.dll\r\nHashes: SHA1=7AA38758FFD18E95EDA0F9B39BD8DCFD66147751,MD5=29E98AE5339D43695CFB9E6EEA345493,SHA256=DE1577AE1BF0BBE684638936ACCBA70C4328C3F2586865A414AD64A2DB16C971,IMPHASH=00000000000000000000000000000000\r\nSigned: true\r\nSignature: Microsoft Corporation\r\nSignatureStatus: Valid\r\nUser: LUNARSTIIINESS\\tim.smith_admin","Category":"Image loaded (rule: ImageLoad)","Opcode":"Info","RuleName":"technique_id=T1055,technique_name=Process Injection","UtcTime":"2023-06-20 19:29:47.393","ProcessGuid":"{927d35bf-fe2a-6491-d234-000000002900}","Image":"C:\\Program Files\\Microsoft Azure Active Directory Connect\\AzureADConnect.exe","ImageLoaded":"C:\\Windows\\assembly\\NativeImages_v4.0.30319_64\\mscorlib\\3c1aa73b881e6ba477ed577740a7f174\\mscorlib.ni.dll","FileVersion":"4.8.4644.0 built by: NET48REL1LAST_B","Description":"Microsoft Common Language Runtime Class Library","Product":"Microsoft® .NET Framework","Company":"Microsoft Corporation","OriginalFileName":"mscorlib.dll","Hashes":"SHA1=7AA38758FFD18E95EDA0F9B39BD8DCFD66147751,MD5=29E98AE5339D43695CFB9E6EEA345493,SHA256=DE1577AE1BF0BBE684638936ACCBA70C4328C3F2586865A414AD64A2DB16C971,IMPHASH=00000000000000000000000000000000","Signed":"true","Signature":"Microsoft Corporation","SignatureStatus":"Valid","User":"LUNARSTIIINESS\\tim.smith_admin","EventReceivedTime":1687289388,"SourceModuleName":"in_sysmon","SourceModuleType":"im_msvistalog"}
<14>Jun 20 19:29:48 win-adfs.lunarstiiiness.com Microsoft-Windows-Sysmon[2556]: {"EventTime":1687289387,"Hostname":"win-adfs.lunarstiiiness.com","Keywords":-9223372036854775808,"EventType":"INFO","SeverityValue":2,"Severity":"INFO","EventID":7,"SourceName":"Microsoft-Windows-Sysmon","ProviderGuid":"{5770385F-C22A-43E0-BF4C-06F5698FFBD9}","Version":3,"Task":7,"OpcodeValue":0,"RecordNumber":5946584,"ProcessID":2556,"ThreadID":3972,"Channel":"Microsoft-Windows-Sysmon/Operational","Domain":"NT AUTHORITY","AccountName":"SYSTEM","UserID":"S-1-5-18","AccountType":"User","Message":"Image loaded:\r\nRuleName: technique_id=T1055,technique_name=Process Injection\r\nUtcTime: 2023-06-20 19:29:47.583\r\nProcessGuid: {927d35bf-fe2a-6491-d234-000000002900}\r\nProcessId: 8520\r\nImage: C:\\Program Files\\Microsoft Azure Active Directory Connect\\AzureADConnect.exe\r\nImageLoaded: C:\\Windows\\Microsoft.NET\\Framework64\\v4.0.30319\\clrjit.dll\r\nFileVersion: 4.8.4644.0 built by: NET48REL1LAST_B\r\nDescription: Microsoft .NET Runtime Just-In-Time Compiler\r\nProduct: Microsoft® .NET Framework\r\nCompany: Microsoft Corporation\r\nOriginalFileName: clrjit.dll\r\nHashes: SHA1=13994B5256883505D34B829663A54C58890CE744,MD5=40D2DE30FCFEDF7F3EFD2784849424BD,SHA256=36DF4B098004B6AD6CADFDD63F6195ED11ED0DCA11D5DE97B870090FEF3CFD35,IMPHASH=9F2B44B648DE13A18C1ABC07250B85C2\r\nSigned: true\r\nSignature: Microsoft Corporation\r\nSignatureStatus: Valid\r\nUser: LUNARSTIIINESS\\tim.smith_admin","Category":"Image loaded (rule: ImageLoad)","Opcode":"Info","RuleName":"technique_id=T1055,technique_name=Process Injection","UtcTime":"2023-06-20 19:29:47.583","ProcessGuid":"{927d35bf-fe2a-6491-d234-000000002900}","Image":"C:\\Program Files\\Microsoft Azure Active Directory Connect\\AzureADConnect.exe","ImageLoaded":"C:\\Windows\\Microsoft.NET\\Framework64\\v4.0.30319\\clrjit.dll","FileVersion":"4.8.4644.0 built by: NET48REL1LAST_B","Description":"Microsoft .NET Runtime Just-In-Time Compiler","Product":"Microsoft® .NET Framework","Company":"Microsoft Corporation","OriginalFileName":"clrjit.dll","Hashes":"SHA1=13994B5256883505D34B829663A54C58890CE744,MD5=40D2DE30FCFEDF7F3EFD2784849424BD,SHA256=36DF4B098004B6AD6CADFDD63F6195ED11ED0DCA11D5DE97B870090FEF3CFD35,IMPHASH=9F2B44B648DE13A18C1ABC07250B85C2","Signed":"true","Signature":"Microsoft Corporation","SignatureStatus":"Valid","User":"LUNARSTIIINESS\\tim.smith_admin","EventReceivedTime":1687289388,"SourceModuleName":"in_sysmon","SourceModuleType":"im_msvistalog"}
<14>Jun 20 19:29:54 win-adfs.lunarstiiiness.com Microsoft-Windows-Sysmon[2556]: {"EventTime":1687289392,"Hostname":"win-adfs.lunarstiiiness.com","Keywords":-9223372036854775808,"EventType":"INFO","SeverityValue":2,"Severity":"INFO","EventID":7,"SourceName":"Microsoft-Windows-Sysmon","ProviderGuid":"{5770385F-C22A-43E0-BF4C-06F5698FFBD9}","Version":3,"Task":7,"OpcodeValue":0,"RecordNumber":5946585,"ProcessID":2556,"ThreadID":4056,"Channel":"Microsoft-Windows-Sysmon/Operational","Domain":"NT AUTHORITY","AccountName":"SYSTEM","UserID":"S-1-5-18","AccountType":"User","Message":"Image loaded:\r\nRuleName: technique_id=T1059.001,technique_name=PowerShell\r\nUtcTime: 2023-06-20 19:29:51.887\r\nProcessGuid: {927d35bf-fe2a-6491-d234-000000002900}\r\nProcessId: 8520\r\nImage: C:\\Program Files\\Microsoft Azure Active Directory Connect\\AzureADConnect.exe\r\nImageLoaded: C:\\Windows\\assembly\\NativeImages_v4.0.30319_64\\System.Manaa57fc8cc#\\0e6b64405e0d512d3f5146bec4da84f5\\System.Management.Automation.ni.dll\r\nFileVersion: 10.0.20348.1366\r\nDescription: System.Management.Automation\r\nProduct: Microsoft (R) Windows (R) Operating System\r\nCompany: Microsoft Corporation\r\nOriginalFileName: System.Management.Automation.dll\r\nHashes: SHA1=87F47D8DBF49E3841FAF34775A215669F3E3980C,MD5=00A740027017E47A1593CD5BA0D3498F,SHA256=BE1D524313D117E3CDA7EB0974DFEB65BDFF408C0041047CAEAB9707732BB76B,IMPHASH=00000000000000000000000000000000\r\nSigned: false\r\nSignature: -\r\nSignatureStatus: Unavailable\r\nUser: LUNARSTIIINESS\\tim.smith_admin","Category":"Image loaded (rule: ImageLoad)","Opcode":"Info","RuleName":"technique_id=T1059.001,technique_name=PowerShell","UtcTime":"2023-06-20 19:29:51.887","ProcessGuid":"{927d35bf-fe2a-6491-d234-000000002900}","Image":"C:\\Program Files\\Microsoft Azure Active Directory Connect\\AzureADConnect.exe","ImageLoaded":"C:\\Windows\\assembly\\NativeImages_v4.0.30319_64\\System.Manaa57fc8cc#\\0e6b64405e0d512d3f5146bec4da84f5\\System.Management.Automation.ni.dll","FileVersion":"10.0.20348.1366","Description":"System.Management.Automation","Product":"Microsoft (R) Windows (R) Operating System","Company":"Microsoft Corporation","OriginalFileName":"System.Management.Automation.dll","Hashes":"SHA1=87F47D8DBF49E3841FAF34775A215669F3E3980C,MD5=00A740027017E47A1593CD5BA0D3498F,SHA256=BE1D524313D117E3CDA7EB0974DFEB65BDFF408C0041047CAEAB9707732BB76B,IMPHASH=00000000000000000000000000000000","Signed":"false","Signature":"-","SignatureStatus":"Unavailable","User":"LUNARSTIIINESS\\tim.smith_admin","EventReceivedTime":1687289394,"SourceModuleName":"in_sysmon","SourceModuleType":"im_msvistalog"}
<14>Jun 20 19:29:54 win-adfs.lunarstiiiness.com Microsoft-Windows-Sysmon[2556]: {"EventTime":1687289393,"Hostname":"win-adfs.lunarstiiiness.com","Keywords":-9223372036854775808,"EventType":"INFO","SeverityValue":2,"Severity":"INFO","EventID":7,"SourceName":"Microsoft-Windows-Sysmon","ProviderGuid":"{5770385F-C22A-43E0-BF4C-06F5698FFBD9}","Version":3,"Task":7,"OpcodeValue":0,"RecordNumber":5946587,"ProcessID":2556,"ThreadID":3972,"Channel":"Microsoft-Windows-Sysmon/Operational","Domain":"NT AUTHORITY","AccountName":"SYSTEM","UserID":"S-1-5-18","AccountType":"User","Message":"Image loaded:\r\nRuleName: technique_id=T1059.001,technique_name=PowerShell\r\nUtcTime: 2023-06-20 19:29:53.294\r\nProcessGuid: {927d35bf-fe2a-6491-d234-000000002900}\r\nProcessId: 8520\r\nImage: C:\\Program Files\\Microsoft Azure Active Directory Connect\\AzureADConnect.exe\r\nImageLoaded: C:\\Windows\\System32\\amsi.dll\r\nFileVersion: 10.0.20348.1070 (WinBuild.160101.0800)\r\nDescription: Anti-Malware Scan Interface\r\nProduct: Microsoft® Windows® Operating System\r\nCompany: Microsoft Corporation\r\nOriginalFileName: amsi.dll\r\nHashes: SHA1=930B4020585BF022FB59A9CCD1FF6D2C1E2C45CD,MD5=D17964FA32A9E67F8D4793D9D52D90EA,SHA256=4F548F305D890DF50CA045F7794DD1CDB9F240DE3984A34936FA61448574C256,IMPHASH=039A8C4DDEC776FDB61F493B45D37109\r\nSigned: true\r\nSignature: Microsoft Windows\r\nSignatureStatus: Valid\r\nUser: LUNARSTIIINESS\\tim.smith_admin","Category":"Image loaded (rule: ImageLoad)","Opcode":"Info","RuleName":"technique_id=T1059.001,technique_name=PowerShell","UtcTime":"2023-06-20 19:29:53.294","ProcessGuid":"{927d35bf-fe2a-6491-d234-000000002900}","Image":"C:\\Program Files\\Microsoft Azure Active Directory Connect\\AzureADConnect.exe","ImageLoaded":"C:\\Windows\\System32\\amsi.dll","FileVersion":"10.0.20348.1070 (WinBuild.160101.0800)","Description":"Anti-Malware Scan Interface","Product":"Microsoft® Windows® Operating System","Company":"Microsoft Corporation","OriginalFileName":"amsi.dll","Hashes":"SHA1=930B4020585BF022FB59A9CCD1FF6D2C1E2C45CD,MD5=D17964FA32A9E67F8D4793D9D52D90EA,SHA256=4F548F305D890DF50CA045F7794DD1CDB9F240DE3984A34936FA61448574C256,IMPHASH=039A8C4DDEC776FDB61F493B45D37109","Signed":"true","Signature":"Microsoft Windows","SignatureStatus":"Valid","User":"LUNARSTIIINESS\\tim.smith_admin","EventReceivedTime":1687289394,"SourceModuleName":"in_sysmon","SourceModuleType":"im_msvistalog"}
<14>Jun 20 19:29:54 win-adfs.lunarstiiiness.com Microsoft-Windows-Sysmon[2556]: {"EventTime":1687289393,"Hostname":"win-adfs.lunarstiiiness.com","Keywords":-9223372036854775808,"EventType":"INFO","SeverityValue":2,"Severity":"INFO","EventID":7,"SourceName":"Microsoft-Windows-Sysmon","ProviderGuid":"{5770385F-C22A-43E0-BF4C-06F5698FFBD9}","Version":3,"Task":7,"OpcodeValue":0,"RecordNumber":5946586,"ProcessID":2556,"ThreadID":3972,"Channel":"Microsoft-Windows-Sysmon/Operational","Domain":"NT AUTHORITY","AccountName":"SYSTEM","UserID":"S-1-5-18","AccountType":"User","Message":"Image loaded:\r\nRuleName: technique_id=T1047,technique_name=Windows Management Instrumentation\r\nUtcTime: 2023-06-20 19:29:53.110\r\nProcessGuid: {927d35bf-fe2a-6491-d234-000000002900}\r\nProcessId: 8520\r\nImage: C:\\Program Files\\Microsoft Azure Active Directory Connect\\AzureADConnect.exe\r\nImageLoaded: C:\\Windows\\System32\\wbem\\wmiutils.dll\r\nFileVersion: 10.0.20348.1070 (WinBuild.160101.0800)\r\nDescription: WMI\r\nProduct: Microsoft® Windows® Operating System\r\nCompany: Microsoft Corporation\r\nOriginalFileName: wmiutils.dll\r\nHashes: SHA1=5F4C865E00A57711EA49A8F71E2B8D8C2E7DA751,MD5=E193FAD92B2008C50B1F9A728398ED93,SHA256=1F2FC45BB184AD73EDBD1AFBEBB8EFDF48F6981CBB4D34970D0E2D2172090C1F,IMPHASH=472A202488B9A8A8072E75ADE4EC1496\r\nSigned: true\r\nSignature: Microsoft Windows\r\nSignatureStatus: Valid\r\nUser: LUNARSTIIINESS\\tim.smith_admin","Category":"Image loaded (rule: ImageLoad)","Opcode":"Info","RuleName":"technique_id=T1047,technique_name=Windows Management Instrumentation","UtcTime":"2023-06-20 19:29:53.110","ProcessGuid":"{927d35bf-fe2a-6491-d234-000000002900}","Image":"C:\\Program Files\\Microsoft Azure Active Directory Connect\\AzureADConnect.exe","ImageLoaded":"C:\\Windows\\System32\\wbem\\wmiutils.dll","FileVersion":"10.0.20348.1070 (WinBuild.160101.0800)","Description":"WMI","Product":"Microsoft® Windows® Operating System","Company":"Microsoft Corporation","OriginalFileName":"wmiutils.dll","Hashes":"SHA1=5F4C865E00A57711EA49A8F71E2B8D8C2E7DA751,MD5=E193FAD92B2008C50B1F9A728398ED93,SHA256=1F2FC45BB184AD73EDBD1AFBEBB8EFDF48F6981CBB4D34970D0E2D2172090C1F,IMPHASH=472A202488B9A8A8072E75ADE4EC1496","Signed":"true","Signature":"Microsoft Windows","SignatureStatus":"Valid","User":"LUNARSTIIINESS\\tim.smith_admin","EventReceivedTime":1687289394,"SourceModuleName":"in_sysmon","SourceModuleType":"im_msvistalog"}
<14>Jun 20 19:29:54 win-adfs.lunarstiiiness.com Microsoft-Windows-Sysmon[2556]: {"EventTime":1687289393,"Hostname":"win-adfs.lunarstiiiness.com","Keywords":-9223372036854775808,"EventType":"INFO","SeverityValue":2,"Severity":"INFO","EventID":7,"SourceName":"Microsoft-Windows-Sysmon","ProviderGuid":"{5770385F-C22A-43E0-BF4C-06F5698FFBD9}","Version":3,"Task":7,"OpcodeValue":0,"RecordNumber":5946590,"ProcessID":2556,"ThreadID":3972,"Channel":"Microsoft-Windows-Sysmon/Operational","Domain":"NT AUTHORITY","AccountName":"SYSTEM","UserID":"S-1-5-18","AccountType":"User","Message":"Image loaded:\r\nRuleName: technique_id=T1047,technique_name=Windows Management Instrumentation\r\nUtcTime: 2023-06-20 19:29:53.653\r\nProcessGuid: {927d35bf-fe31-6491-d334-000000002900}\r\nProcessId: 8424\r\nImage: C:\\Windows\\System32\\wbem\\WmiPrvSE.exe\r\nImageLoaded: C:\\Windows\\System32\\wbem\\wmiutils.dll\r\nFileVersion: 10.0.20348.1070 (WinBuild.160101.0800)\r\nDescription: WMI\r\nProduct: Microsoft® Windows® Operating System\r\nCompany: Microsoft Corporation\r\nOriginalFileName: wmiutils.dll\r\nHashes: SHA1=5F4C865E00A57711EA49A8F71E2B8D8C2E7DA751,MD5=E193FAD92B2008C50B1F9A728398ED93,SHA256=1F2FC45BB184AD73EDBD1AFBEBB8EFDF48F6981CBB4D34970D0E2D2172090C1F,IMPHASH=472A202488B9A8A8072E75ADE4EC1496\r\nSigned: true\r\nSignature: Microsoft Windows\r\nSignatureStatus: Valid\r\nUser: NT AUTHORITY\\NETWORK SERVICE","Category":"Image loaded (rule: ImageLoad)","Opcode":"Info","RuleName":"technique_id=T1047,technique_name=Windows Management Instrumentation","UtcTime":"2023-06-20 19:29:53.653","ProcessGuid":"{927d35bf-fe31-6491-d334-000000002900}","Image":"C:\\Windows\\System32\\wbem\\WmiPrvSE.exe","ImageLoaded":"C:\\Windows\\System32\\wbem\\wmiutils.dll","FileVersion":"10.0.20348.1070 (WinBuild.160101.0800)","Description":"WMI","Product":"Microsoft® Windows® Operating System","Company":"Microsoft Corporation","OriginalFileName":"wmiutils.dll","Hashes":"SHA1=5F4C865E00A57711EA49A8F71E2B8D8C2E7DA751,MD5=E193FAD92B2008C50B1F9A728398ED93,SHA256=1F2FC45BB184AD73EDBD1AFBEBB8EFDF48F6981CBB4D34970D0E2D2172090C1F,IMPHASH=472A202488B9A8A8072E75ADE4EC1496","Signed":"true","Signature":"Microsoft Windows","SignatureStatus":"Valid","User":"NT AUTHORITY\\NETWORK SERVICE","EventReceivedTime":1687289394,"SourceModuleName":"in_sysmon","SourceModuleType":"im_msvistalog"}
<14>Jun 20 19:29:54 win-adfs.lunarstiiiness.com Microsoft-Windows-Sysmon[2556]: {"EventTime":1687289393,"Hostname":"win-adfs.lunarstiiiness.com","Keywords":-9223372036854775808,"EventType":"INFO","SeverityValue":2,"Severity":"INFO","EventID":7,"SourceName":"Microsoft-Windows-Sysmon","ProviderGuid":"{5770385F-C22A-43E0-BF4C-06F5698FFBD9}","Version":3,"Task":7,"OpcodeValue":0,"RecordNumber":5946588,"ProcessID":2556,"ThreadID":3972,"Channel":"Microsoft-Windows-Sysmon/Operational","Domain":"NT AUTHORITY","AccountName":"SYSTEM","UserID":"S-1-5-18","AccountType":"User","Message":"Image loaded:\r\nRuleName: technique_id=T1574.002,technique_name=DLL Side-Loading\r\nUtcTime: 2023-06-20 19:29:53.300\r\nProcessGuid: {927d35bf-fe2a-6491-d234-000000002900}\r\nProcessId: 8520\r\nImage: C:\\Program Files\\Microsoft Azure Active Directory Connect\\AzureADConnect.exe\r\nImageLoaded: C:\\ProgramData\\Microsoft\\Windows Defender\\Platform\\4.18.23050.5-0\\MpOAV.dll\r\nFileVersion: 4.18.23050.5 (b79513656627928b5505482e6c59e640a77adba5)\r\nDescription: IOfficeAntiVirus Module\r\nProduct: Microsoft® Windows® Operating System\r\nCompany: Microsoft Corporation\r\nOriginalFileName: MpOAV.dll\r\nHashes: SHA1=CCCA0269EF6B10A535A195BC364369FCBAEFC32F,MD5=674D0805DA149986A749318C824A5F10,SHA256=15C38DB74C742C8B3A840901D3F69CDC156D34B7733145503D9A8ED891FD3E0C,IMPHASH=4EF101E791C28C6471EEAE75AE8E6F0A\r\nSigned: true\r\nSignature: Microsoft Windows\r\nSignatureStatus: Valid\r\nUser: LUNARSTIIINESS\\tim.smith_admin","Category":"Image loaded (rule: ImageLoad)","Opcode":"Info","RuleName":"technique_id=T1574.002,technique_name=DLL Side-Loading","UtcTime":"2023-06-20 19:29:53.300","ProcessGuid":"{927d35bf-fe2a-6491-d234-000000002900}","Image":"C:\\Program Files\\Microsoft Azure Active Directory Connect\\AzureADConnect.exe","ImageLoaded":"C:\\ProgramData\\Microsoft\\Windows Defender\\Platform\\4.18.23050.5-0\\MpOAV.dll","FileVersion":"4.18.23050.5 (b79513656627928b5505482e6c59e640a77adba5)","Description":"IOfficeAntiVirus Module","Product":"Microsoft® Windows® Operating System","Company":"Microsoft Corporation","OriginalFileName":"MpOAV.dll","Hashes":"SHA1=CCCA0269EF6B10A535A195BC364369FCBAEFC32F,MD5=674D0805DA149986A749318C824A5F10,SHA256=15C38DB74C742C8B3A840901D3F69CDC156D34B7733145503D9A8ED891FD3E0C,IMPHASH=4EF101E791C28C6471EEAE75AE8E6F0A","Signed":"true","Signature":"Microsoft Windows","SignatureStatus":"Valid","User":"LUNARSTIIINESS\\tim.smith_admin","EventReceivedTime":1687289394,"SourceModuleName":"in_sysmon","SourceModuleType":"im_msvistalog"}
<14>Jun 20 19:29:54 win-adfs.lunarstiiiness.com Microsoft-Windows-Sysmon[2556]: {"EventTime":1687289393,"Hostname":"win-adfs.lunarstiiiness.com","Keywords":-9223372036854775808,"EventType":"INFO","SeverityValue":2,"Severity":"INFO","EventID":1,"SourceName":"Microsoft-Windows-Sysmon","ProviderGuid":"{5770385F-C22A-43E0-BF4C-06F5698FFBD9}","Version":5,"Task":1,"OpcodeValue":0,"RecordNumber":5946589,"ProcessID":2556,"ThreadID":3972,"Channel":"Microsoft-Windows-Sysmon/Operational","Domain":"NT AUTHORITY","AccountName":"SYSTEM","UserID":"S-1-5-18","AccountType":"User","Message":"Process Create:\r\nRuleName: technique_id=T1047,technique_name=Windows Management Instrumentation\r\nUtcTime: 2023-06-20 19:29:53.435\r\nProcessGuid: {927d35bf-fe31-6491-d334-000000002900}\r\nProcessId: 8424\r\nImage: C:\\Windows\\System32\\wbem\\WmiPrvSE.exe\r\nFileVersion: 10.0.20348.1 (WinBuild.160101.0800)\r\nDescription: WMI Provider Host\r\nProduct: Microsoft® Windows® Operating System\r\nCompany: Microsoft Corporation\r\nOriginalFileName: Wmiprvse.exe\r\nCommandLine: C:\\Windows\\system32\\wbem\\wmiprvse.exe -secured -Embedding\r\nCurrentDirectory: C:\\Windows\\system32\\\r\nUser: NT AUTHORITY\\NETWORK SERVICE\r\nLogonGuid: {927d35bf-3131-6489-e403-000000000000}\r\nLogonId: 0x3E4\r\nTerminalSessionId: 0\r\nIntegrityLevel: System\r\nHashes: SHA1=4D70BDF57F36CD27925FBDA50B4CAD05D0CCB64F,MD5=90815C0783BC9F9F6D96862C25C192BF,SHA256=1792731E030B7FE35A7EB21C9F907EAE6E4AC381DE918003F2709185C4CE0A5A,IMPHASH=EEF7A7FBBC54E78B2A1B262353515AE0\r\nParentProcessGuid: {927d35bf-3131-6489-0d00-000000002900}\r\nParentProcessId: 788\r\nParentImage: C:\\Windows\\System32\\svchost.exe\r\nParentCommandLine: C:\\Windows\\system32\\svchost.exe -k DcomLaunch -p\r\nParentUser: NT AUTHORITY\\SYSTEM","Category":"Process Create (rule: ProcessCreate)","Opcode":"Info","RuleName":"technique_id=T1047,technique_name=Windows Management Instrumentation","UtcTime":"2023-06-20 19:29:53.435","ProcessGuid":"{927d35bf-fe31-6491-d334-000000002900}","Image":"C:\\Windows\\System32\\wbem\\WmiPrvSE.exe","FileVersion":"10.0.20348.1 (WinBuild.160101.0800)","Description":"WMI Provider Host","Product":"Microsoft® Windows® Operating System","Company":"Microsoft Corporation","OriginalFileName":"Wmiprvse.exe","CommandLine":"C:\\Windows\\system32\\wbem\\wmiprvse.exe -secured -Embedding","CurrentDirectory":"C:\\Windows\\system32\\","User":"NT AUTHORITY\\NETWORK SERVICE","LogonGuid":"{927d35bf-3131-6489-e403-000000000000}","LogonId":"0x3e4","TerminalSessionId":"0","IntegrityLevel":"System","Hashes":"SHA1=4D70BDF57F36CD27925FBDA50B4CAD05D0CCB64F,MD5=90815C0783BC9F9F6D96862C25C192BF,SHA256=1792731E030B7FE35A7EB21C9F907EAE6E4AC381DE918003F2709185C4CE0A5A,IMPHASH=EEF7A7FBBC54E78B2A1B262353515AE0","ParentProcessGuid":"{927d35bf-3131-6489-0d00-000000002900}","ParentProcessId":"788","ParentImage":"C:\\Windows\\System32\\svchost.exe","ParentCommandLine":"C:\\Windows\\system32\\svchost.exe -k DcomLaunch -p","ParentUser":"NT AUTHORITY\\SYSTEM","EventReceivedTime":1687289394,"SourceModuleName":"in_sysmon","SourceModuleType":"im_msvistalog"}
<14>Jun 20 19:29:57 win-adfs.lunarstiiiness.com Microsoft-Windows-Sysmon[2556]: {"EventTime":1687289395,"Hostname":"win-adfs.lunarstiiiness.com","Keywords":-9223372036854775808,"EventType":"INFO","SeverityValue":2,"Severity":"INFO","EventID":12,"SourceName":"Microsoft-Windows-Sysmon","ProviderGuid":"{5770385F-C22A-43E0-BF4C-06F5698FFBD9}","Version":2,"Task":12,"OpcodeValue":0,"RecordNumber":5946591,"ProcessID":2556,"ThreadID":3972,"Channel":"Microsoft-Windows-Sysmon/Operational","Domain":"NT AUTHORITY","AccountName":"SYSTEM","UserID":"S-1-5-18","AccountType":"User","Message":"Registry object added or deleted:\r\nRuleName: technique_id=T1003,technique_name=Credential Dumping\r\nEventType: CreateKey\r\nUtcTime: 2023-06-20 19:29:55.487\r\nProcessGuid: {927d35bf-fe31-6491-d334-000000002900}\r\nProcessId: 8424\r\nImage: C:\\Windows\\system32\\wbem\\wmiprvse.exe\r\nTargetObject: HKLM\\System\\CurrentControlSet\\Control\\SecurityProviders\\SCHANNEL\r\nUser: NT AUTHORITY\\NETWORK SERVICE","Category":"Registry object added or deleted (rule: RegistryEvent)","Opcode":"Info","RuleName":"technique_id=T1003,technique_name=Credential Dumping","UtcTime":"2023-06-20 19:29:55.487","ProcessGuid":"{927d35bf-fe31-6491-d334-000000002900}","Image":"C:\\Windows\\system32\\wbem\\wmiprvse.exe","TargetObject":"HKLM\\System\\CurrentControlSet\\Control\\SecurityProviders\\SCHANNEL","User":"NT AUTHORITY\\NETWORK SERVICE","EventReceivedTime":1687289397,"SourceModuleName":"in_sysmon","SourceModuleType":"im_msvistalog"}
<14>Jun 20 19:29:58 win-adfs.lunarstiiiness.com Microsoft-Windows-Sysmon[2556]: {"EventTime":1687289396,"Hostname":"win-adfs.lunarstiiiness.com","Keywords":-9223372036854775808,"EventType":"INFO","SeverityValue":2,"Severity":"INFO","EventID":11,"SourceName":"Microsoft-Windows-Sysmon","ProviderGuid":"{5770385F-C22A-43E0-BF4C-06F5698FFBD9}","Version":2,"Task":11,"OpcodeValue":0,"RecordNumber":5946592,"ProcessID":2556,"ThreadID":3972,"Channel":"Microsoft-Windows-Sysmon/Operational","Domain":"NT AUTHORITY","AccountName":"SYSTEM","UserID":"S-1-5-18","AccountType":"User","Message":"File created:\r\nRuleName: technique_id=T1059.001,technique_name=PowerShell\r\nUtcTime: 2023-06-20 19:29:56.589\r\nProcessGuid: {927d35bf-fe2a-6491-d234-000000002900}\r\nProcessId: 8520\r\nImage: C:\\Program Files\\Microsoft Azure Active Directory Connect\\AzureADConnect.exe\r\nTargetFilename: C:\\Users\\tim.smith_admin\\AppData\\Local\\Temp\\__PSScriptPolicyTest_kds4g5sg.kd3.ps1\r\nCreationUtcTime: 2023-06-20 19:29:56.589\r\nUser: LUNARSTIIINESS\\tim.smith_admin","Category":"File created (rule: FileCreate)","Opcode":"Info","RuleName":"technique_id=T1059.001,technique_name=PowerShell","UtcTime":"2023-06-20 19:29:56.589","ProcessGuid":"{927d35bf-fe2a-6491-d234-000000002900}","Image":"C:\\Program Files\\Microsoft Azure Active Directory Connect\\AzureADConnect.exe","TargetFilename":"C:\\Users\\tim.smith_admin\\AppData\\Local\\Temp\\__PSScriptPolicyTest_kds4g5sg.kd3.ps1","CreationUtcTime":"2023-06-20 19:29:56.589","User":"LUNARSTIIINESS\\tim.smith_admin","EventReceivedTime":1687289398,"SourceModuleName":"in_sysmon","SourceModuleType":"im_msvistalog"}
<14>Jun 20 19:29:58 win-adfs.lunarstiiiness.com Microsoft-Windows-Sysmon[2556]: {"EventTime":1687289396,"Hostname":"win-adfs.lunarstiiiness.com","Keywords":-9223372036854775808,"EventType":"INFO","SeverityValue":2,"Severity":"INFO","EventID":26,"SourceName":"Microsoft-Windows-Sysmon","ProviderGuid":"{5770385F-C22A-43E0-BF4C-06F5698FFBD9}","Version":5,"Task":26,"OpcodeValue":0,"RecordNumber":5946593,"ProcessID":2556,"ThreadID":3972,"Channel":"Microsoft-Windows-Sysmon/Operational","Domain":"NT AUTHORITY","AccountName":"SYSTEM","UserID":"S-1-5-18","AccountType":"User","Message":"File Delete logged:\r\nRuleName: -\r\nUtcTime: 2023-06-20 19:29:56.643\r\nProcessGuid: {927d35bf-fe2a-6491-d234-000000002900}\r\nProcessId: 8520\r\nUser: LUNARSTIIINESS\\tim.smith_admin\r\nImage: C:\\Program Files\\Microsoft Azure Active Directory Connect\\AzureADConnect.exe\r\nTargetFilename: C:\\Users\\tim.smith_admin\\AppData\\Local\\Temp\\__PSScriptPolicyTest_kds4g5sg.kd3.ps1\r\nHashes: SHA1=6AB83620379FC69F80C0242105DDFFD7D98D5D9D,MD5=D17FE0A3F47BE24A6453E9EF58C94641,SHA256=96AD1146EB96877EAB5942AE0736B82D8B5E2039A80D3D6932665C1A4C87DCF7,IMPHASH=00000000000000000000000000000000\r\nIsExecutable: false","Category":"File Delete logged (rule: FileDeleteDetected)","Opcode":"Info","RuleName":"-","UtcTime":"2023-06-20 19:29:56.643","ProcessGuid":"{927d35bf-fe2a-6491-d234-000000002900}","User":"LUNARSTIIINESS\\tim.smith_admin","Image":"C:\\Program Files\\Microsoft Azure Active Directory Connect\\AzureADConnect.exe","TargetFilename":"C:\\Users\\tim.smith_admin\\AppData\\Local\\Temp\\__PSScriptPolicyTest_kds4g5sg.kd3.ps1","Hashes":"SHA1=6AB83620379FC69F80C0242105DDFFD7D98D5D9D,MD5=D17FE0A3F47BE24A6453E9EF58C94641,SHA256=96AD1146EB96877EAB5942AE0736B82D8B5E2039A80D3D6932665C1A4C87DCF7,IMPHASH=00000000000000000000000000000000","IsExecutable":"false","EventReceivedTime":1687289398,"SourceModuleName":"in_sysmon","SourceModuleType":"im_msvistalog"}
<14>Jun 20 19:29:58 win-adfs.lunarstiiiness.com Microsoft-Windows-Sysmon[2556]: {"EventTime":1687289397,"Hostname":"win-adfs.lunarstiiiness.com","Keywords":-9223372036854775808,"EventType":"INFO","SeverityValue":2,"Severity":"INFO","EventID":17,"SourceName":"Microsoft-Windows-Sysmon","ProviderGuid":"{5770385F-C22A-43E0-BF4C-06F5698FFBD9}","Version":1,"Task":17,"OpcodeValue":0,"RecordNumber":5946594,"ProcessID":2556,"ThreadID":3972,"Channel":"Microsoft-Windows-Sysmon/Operational","Domain":"NT AUTHORITY","AccountName":"SYSTEM","UserID":"S-1-5-18","AccountType":"User","Message":"Pipe Created:\r\nRuleName: -\r\nEventType: CreatePipe\r\nUtcTime: 2023-06-20 19:29:57.429\r\nProcessGuid: {927d35bf-fe2a-6491-d234-000000002900}\r\nProcessId: 8520\r\nPipeName: \\PSHost.133317629867576580.8520.DefaultAppDomain.AzureADConnect\r\nImage: C:\\Program Files\\Microsoft Azure Active Directory Connect\\AzureADConnect.exe\r\nUser: LUNARSTIIINESS\\tim.smith_admin","Category":"Pipe Created (rule: PipeEvent)","Opcode":"Info","RuleName":"-","UtcTime":"2023-06-20 19:29:57.429","ProcessGuid":"{927d35bf-fe2a-6491-d234-000000002900}","PipeName":"\\PSHost.133317629867576580.8520.DefaultAppDomain.AzureADConnect","Image":"C:\\Program Files\\Microsoft Azure Active Directory Connect\\AzureADConnect.exe","User":"LUNARSTIIINESS\\tim.smith_admin","EventReceivedTime":1687289398,"SourceModuleName":"in_sysmon","SourceModuleType":"im_msvistalog"}
<14>Jun 20 19:29:59 win-adfs.lunarstiiiness.com Microsoft-Windows-Sysmon[2556]: {"EventTime":1687289397,"Hostname":"win-adfs.lunarstiiiness.com","Keywords":-9223372036854775808,"EventType":"INFO","SeverityValue":2,"Severity":"INFO","EventID":11,"SourceName":"Microsoft-Windows-Sysmon","ProviderGuid":"{5770385F-C22A-43E0-BF4C-06F5698FFBD9}","Version":2,"Task":11,"OpcodeValue":0,"RecordNumber":5946595,"ProcessID":2556,"ThreadID":3972,"Channel":"Microsoft-Windows-Sysmon/Operational","Domain":"NT AUTHORITY","AccountName":"SYSTEM","UserID":"S-1-5-18","AccountType":"User","Message":"File created:\r\nRuleName: technique_id=T1047,technique_name=File System Permissions Weakness\r\nUtcTime: 2023-06-20 19:29:57.827\r\nProcessGuid: {927d35bf-fe2a-6491-d234-000000002900}\r\nProcessId: 8520\r\nImage: C:\\Program Files\\Microsoft Azure Active Directory Connect\\AzureADConnect.exe\r\nTargetFilename: C:\\temp\\20230620\\PowerShell_transcript.WIN-ADFS.KtZCiHJh.20230620192957.txt\r\nCreationUtcTime: 2023-06-20 19:29:57.827\r\nUser: LUNARSTIIINESS\\tim.smith_admin","Category":"File created (rule: FileCreate)","Opcode":"Info","RuleName":"technique_id=T1047,technique_name=File System Permissions Weakness","UtcTime":"2023-06-20 19:29:57.827","ProcessGuid":"{927d35bf-fe2a-6491-d234-000000002900}","Image":"C:\\Program Files\\Microsoft Azure Active Directory Connect\\AzureADConnect.exe","TargetFilename":"C:\\temp\\20230620\\PowerShell_transcript.WIN-ADFS.KtZCiHJh.20230620192957.txt","CreationUtcTime":"2023-06-20 19:29:57.827","User":"LUNARSTIIINESS\\tim.smith_admin","EventReceivedTime":1687289399,"SourceModuleName":"in_sysmon","SourceModuleType":"im_msvistalog"}
<14>Jun 20 19:29:59 win-adfs.lunarstiiiness.com Microsoft-Windows-Sysmon[2556]: {"EventTime":1687289398,"Hostname":"win-adfs.lunarstiiiness.com","Keywords":-9223372036854775808,"EventType":"INFO","SeverityValue":2,"Severity":"INFO","EventID":11,"SourceName":"Microsoft-Windows-Sysmon","ProviderGuid":"{5770385F-C22A-43E0-BF4C-06F5698FFBD9}","Version":2,"Task":11,"OpcodeValue":0,"RecordNumber":5946596,"ProcessID":2556,"ThreadID":3972,"Channel":"Microsoft-Windows-Sysmon/Operational","Domain":"NT AUTHORITY","AccountName":"SYSTEM","UserID":"S-1-5-18","AccountType":"User","Message":"File created:\r\nRuleName: technique_id=T1047,technique_name=File System Permissions Weakness\r\nUtcTime: 2023-06-20 19:29:58.539\r\nProcessGuid: {927d35bf-fe2a-6491-d234-000000002900}\r\nProcessId: 8520\r\nImage: C:\\Program Files\\Microsoft Azure Active Directory Connect\\AzureADConnect.exe\r\nTargetFilename: C:\\temp\\20230620\\PowerShell_transcript.WIN-ADFS.SjLrZGed.20230620192958.txt\r\nCreationUtcTime: 2023-06-20 19:29:58.539\r\nUser: LUNARSTIIINESS\\tim.smith_admin","Category":"File created (rule: FileCreate)","Opcode":"Info","RuleName":"technique_id=T1047,technique_name=File System Permissions Weakness","UtcTime":"2023-06-20 19:29:58.539","ProcessGuid":"{927d35bf-fe2a-6491-d234-000000002900}","Image":"C:\\Program Files\\Microsoft Azure Active Directory Connect\\AzureADConnect.exe","TargetFilename":"C:\\temp\\20230620\\PowerShell_transcript.WIN-ADFS.SjLrZGed.20230620192958.txt","CreationUtcTime":"2023-06-20 19:29:58.539","User":"LUNARSTIIINESS\\tim.smith_admin","EventReceivedTime":1687289399,"SourceModuleName":"in_sysmon","SourceModuleType":"im_msvistalog"}
<14>Jun 20 19:29:59 win-adfs.lunarstiiiness.com Microsoft-Windows-Sysmon[2556]: {"EventTime":1687289398,"Hostname":"win-adfs.lunarstiiiness.com","Keywords":-9223372036854775808,"EventType":"INFO","SeverityValue":2,"Severity":"INFO","EventID":11,"SourceName":"Microsoft-Windows-Sysmon","ProviderGuid":"{5770385F-C22A-43E0-BF4C-06F5698FFBD9}","Version":2,"Task":11,"OpcodeValue":0,"RecordNumber":5946597,"ProcessID":2556,"ThreadID":3972,"Channel":"Microsoft-Windows-Sysmon/Operational","Domain":"NT AUTHORITY","AccountName":"SYSTEM","UserID":"S-1-5-18","AccountType":"User","Message":"File created:\r\nRuleName: technique_id=T1047,technique_name=File System Permissions Weakness\r\nUtcTime: 2023-06-20 19:29:58.740\r\nProcessGuid: {927d35bf-fe2a-6491-d234-000000002900}\r\nProcessId: 8520\r\nImage: C:\\Program Files\\Microsoft Azure Active Directory Connect\\AzureADConnect.exe\r\nTargetFilename: C:\\temp\\20230620\\PowerShell_transcript.WIN-ADFS.h34rjSMc.20230620192958.txt\r\nCreationUtcTime: 2023-06-20 19:29:58.740\r\nUser: LUNARSTIIINESS\\tim.smith_admin","Category":"File created (rule: FileCreate)","Opcode":"Info","RuleName":"technique_id=T1047,technique_name=File System Permissions Weakness","UtcTime":"2023-06-20 19:29:58.740","ProcessGuid":"{927d35bf-fe2a-6491-d234-000000002900}","Image":"C:\\Program Files\\Microsoft Azure Active Directory Connect\\AzureADConnect.exe","TargetFilename":"C:\\temp\\20230620\\PowerShell_transcript.WIN-ADFS.h34rjSMc.20230620192958.txt","CreationUtcTime":"2023-06-20 19:29:58.740","User":"LUNARSTIIINESS\\tim.smith_admin","EventReceivedTime":1687289399,"SourceModuleName":"in_sysmon","SourceModuleType":"im_msvistalog"}
<14>Jun 20 19:30:00 win-adfs.lunarstiiiness.com Microsoft-Windows-Sysmon[2556]: {"EventTime":1687289399,"Hostname":"win-adfs.lunarstiiiness.com","Keywords":-9223372036854775808,"EventType":"INFO","SeverityValue":2,"Severity":"INFO","EventID":12,"SourceName":"Microsoft-Windows-Sysmon","ProviderGuid":"{5770385F-C22A-43E0-BF4C-06F5698FFBD9}","Version":2,"Task":12,"OpcodeValue":0,"RecordNumber":5946599,"ProcessID":2556,"ThreadID":3972,"Channel":"Microsoft-Windows-Sysmon/Operational","Domain":"NT AUTHORITY","AccountName":"SYSTEM","UserID":"S-1-5-18","AccountType":"User","Message":"Registry object added or deleted:\r\nRuleName: technique_id=T1553.004,technique_name=Install Root Certificate\r\nEventType: CreateKey\r\nUtcTime: 2023-06-20 19:29:58.991\r\nProcessGuid: {927d35bf-fe2a-6491-d234-000000002900}\r\nProcessId: 8520\r\nImage: C:\\Program Files\\Microsoft Azure Active Directory Connect\\AzureADConnect.exe\r\nTargetObject: HKU\\S-1-5-21-3263964631-4121654051-1417071188-1116\\Software\\Policies\\Microsoft\\SystemCertificates\\CA\\Certificates\r\nUser: LUNARSTIIINESS\\tim.smith_admin","Category":"Registry object added or deleted (rule: RegistryEvent)","Opcode":"Info","RuleName":"technique_id=T1553.004,technique_name=Install Root Certificate","UtcTime":"2023-06-20 19:29:58.991","ProcessGuid":"{927d35bf-fe2a-6491-d234-000000002900}","Image":"C:\\Program Files\\Microsoft Azure Active Directory Connect\\AzureADConnect.exe","TargetObject":"HKU\\S-1-5-21-3263964631-4121654051-1417071188-1116\\Software\\Policies\\Microsoft\\SystemCertificates\\CA\\Certificates","User":"LUNARSTIIINESS\\tim.smith_admin","EventReceivedTime":1687289400,"SourceModuleName":"in_sysmon","SourceModuleType":"im_msvistalog"}
<14>Jun 20 19:30:00 win-adfs.lunarstiiiness.com Microsoft-Windows-Sysmon[2556]: {"EventTime":1687289399,"Hostname":"win-adfs.lunarstiiiness.com","Keywords":-9223372036854775808,"EventType":"INFO","SeverityValue":2,"Severity":"INFO","EventID":12,"SourceName":"Microsoft-Windows-Sysmon","ProviderGuid":"{5770385F-C22A-43E0-BF4C-06F5698FFBD9}","Version":2,"Task":12,"OpcodeValue":0,"RecordNumber":5946598,"ProcessID":2556,"ThreadID":3972,"Channel":"Microsoft-Windows-Sysmon/Operational","Domain":"NT AUTHORITY","AccountName":"SYSTEM","UserID":"S-1-5-18","AccountType":"User","Message":"Registry object added or deleted:\r\nRuleName: technique_id=T1553.004,technique_name=Install Root Certificate\r\nEventType: CreateKey\r\nUtcTime: 2023-06-20 19:29:58.991\r\nProcessGuid: {927d35bf-fe2a-6491-d234-000000002900}\r\nProcessId: 8520\r\nImage: C:\\Program Files\\Microsoft Azure Active Directory Connect\\AzureADConnect.exe\r\nTargetObject: HKU\\S-1-5-21-3263964631-4121654051-1417071188-1116\\Software\\Microsoft\\SystemCertificates\\CA\\Certificates\r\nUser: LUNARSTIIINESS\\tim.smith_admin","Category":"Registry object added or deleted (rule: RegistryEvent)","Opcode":"Info","RuleName":"technique_id=T1553.004,technique_name=Install Root Certificate","UtcTime":"2023-06-20 19:29:58.991","ProcessGuid":"{927d35bf-fe2a-6491-d234-000000002900}","Image":"C:\\Program Files\\Microsoft Azure Active Directory Connect\\AzureADConnect.exe","TargetObject":"HKU\\S-1-5-21-3263964631-4121654051-1417071188-1116\\Software\\Microsoft\\SystemCertificates\\CA\\Certificates","User":"LUNARSTIIINESS\\tim.smith_admin","EventReceivedTime":1687289400,"SourceModuleName":"in_sysmon","SourceModuleType":"im_msvistalog"}
<14>Jun 20 19:30:00 win-adfs.lunarstiiiness.com Microsoft-Windows-Sysmon[2556]: {"EventTime":1687289399,"Hostname":"win-adfs.lunarstiiiness.com","Keywords":-9223372036854775808,"EventType":"INFO","SeverityValue":2,"Severity":"INFO","EventID":12,"SourceName":"Microsoft-Windows-Sysmon","ProviderGuid":"{5770385F-C22A-43E0-BF4C-06F5698FFBD9}","Version":2,"Task":12,"OpcodeValue":0,"RecordNumber":5946600,"ProcessID":2556,"ThreadID":3972,"Channel":"Microsoft-Windows-Sysmon/Operational","Domain":"NT AUTHORITY","AccountName":"SYSTEM","UserID":"S-1-5-18","AccountType":"User","Message":"Registry object added or deleted:\r\nRuleName: technique_id=T1553.004,technique_name=Install Root Certificate\r\nEventType: CreateKey\r\nUtcTime: 2023-06-20 19:29:58.991\r\nProcessGuid: {927d35bf-fe2a-6491-d234-000000002900}\r\nProcessId: 8520\r\nImage: C:\\Program Files\\Microsoft Azure Active Directory Connect\\AzureADConnect.exe\r\nTargetObject: HKLM\\SOFTWARE\\Microsoft\\SystemCertificates\\CA\\Certificates\r\nUser: LUNARSTIIINESS\\tim.smith_admin","Category":"Registry object added or deleted (rule: RegistryEvent)","Opcode":"Info","RuleName":"technique_id=T1553.004,technique_name=Install Root Certificate","UtcTime":"2023-06-20 19:29:58.991","ProcessGuid":"{927d35bf-fe2a-6491-d234-000000002900}","Image":"C:\\Program Files\\Microsoft Azure Active Directory Connect\\AzureADConnect.exe","TargetObject":"HKLM\\SOFTWARE\\Microsoft\\SystemCertificates\\CA\\Certificates","User":"LUNARSTIIINESS\\tim.smith_admin","EventReceivedTime":1687289400,"SourceModuleName":"in_sysmon","SourceModuleType":"im_msvistalog"}
<14>Jun 20 19:30:00 win-adfs.lunarstiiiness.com Microsoft-Windows-Sysmon[2556]: {"EventTime":1687289399,"Hostname":"win-adfs.lunarstiiiness.com","Keywords":-9223372036854775808,"EventType":"INFO","SeverityValue":2,"Severity":"INFO","EventID":12,"SourceName":"Microsoft-Windows-Sysmon","ProviderGuid":"{5770385F-C22A-43E0-BF4C-06F5698FFBD9}","Version":2,"Task":12,"OpcodeValue":0,"RecordNumber":5946601,"ProcessID":2556,"ThreadID":3972,"Channel":"Microsoft-Windows-Sysmon/Operational","Domain":"NT AUTHORITY","AccountName":"SYSTEM","UserID":"S-1-5-18","AccountType":"User","Message":"Registry object added or deleted:\r\nRuleName: technique_id=T1553.004,technique_name=Install Root Certificate\r\nEventType: CreateKey\r\nUtcTime: 2023-06-20 19:29:58.991\r\nProcessGuid: {927d35bf-fe2a-6491-d234-000000002900}\r\nProcessId: 8520\r\nImage: C:\\Program Files\\Microsoft Azure Active Directory Connect\\AzureADConnect.exe\r\nTargetObject: HKLM\\SOFTWARE\\Policies\\Microsoft\\SystemCertificates\\CA\\Certificates\r\nUser: LUNARSTIIINESS\\tim.smith_admin","Category":"Registry object added or deleted (rule: RegistryEvent)","Opcode":"Info","RuleName":"technique_id=T1553.004,technique_name=Install Root Certificate","UtcTime":"2023-06-20 19:29:58.991","ProcessGuid":"{927d35bf-fe2a-6491-d234-000000002900}","Image":"C:\\Program Files\\Microsoft Azure Active Directory Connect\\AzureADConnect.exe","TargetObject":"HKLM\\SOFTWARE\\Policies\\Microsoft\\SystemCertificates\\CA\\Certificates","User":"LUNARSTIIINESS\\tim.smith_admin","EventReceivedTime":1687289400,"SourceModuleName":"in_sysmon","SourceModuleType":"im_msvistalog"}
<14>Jun 20 19:30:00 win-adfs.lunarstiiiness.com Microsoft-Windows-Sysmon[2556]: {"EventTime":1687289399,"Hostname":"win-adfs.lunarstiiiness.com","Keywords":-9223372036854775808,"EventType":"INFO","SeverityValue":2,"Severity":"INFO","EventID":12,"SourceName":"Microsoft-Windows-Sysmon","ProviderGuid":"{5770385F-C22A-43E0-BF4C-06F5698FFBD9}","Version":2,"Task":12,"OpcodeValue":0,"RecordNumber":5946602,"ProcessID":2556,"ThreadID":3972,"Channel":"Microsoft-Windows-Sysmon/Operational","Domain":"NT AUTHORITY","AccountName":"SYSTEM","UserID":"S-1-5-18","AccountType":"User","Message":"Registry object added or deleted:\r\nRuleName: technique_id=T1553.004,technique_name=Install Root Certificate\r\nEventType: CreateKey\r\nUtcTime: 2023-06-20 19:29:58.993\r\nProcessGuid: {927d35bf-fe2a-6491-d234-000000002900}\r\nProcessId: 8520\r\nImage: C:\\Program Files\\Microsoft Azure Active Directory Connect\\AzureADConnect.exe\r\nTargetObject: HKU\\S-1-5-21-3263964631-4121654051-1417071188-1116\\Software\\Microsoft\\SystemCertificates\\Root\\Certificates\r\nUser: LUNARSTIIINESS\\tim.smith_admin","Category":"Registry object added or deleted (rule: RegistryEvent)","Opcode":"Info","RuleName":"technique_id=T1553.004,technique_name=Install Root Certificate","UtcTime":"2023-06-20 19:29:58.993","ProcessGuid":"{927d35bf-fe2a-6491-d234-000000002900}","Image":"C:\\Program Files\\Microsoft Azure Active Directory Connect\\AzureADConnect.exe","TargetObject":"HKU\\S-1-5-21-3263964631-4121654051-1417071188-1116\\Software\\Microsoft\\SystemCertificates\\Root\\Certificates","User":"LUNARSTIIINESS\\tim.smith_admin","EventReceivedTime":1687289400,"SourceModuleName":"in_sysmon","SourceModuleType":"im_msvistalog"}
<14>Jun 20 19:30:00 win-adfs.lunarstiiiness.com Microsoft-Windows-Sysmon[2556]: {"EventTime":1687289399,"Hostname":"win-adfs.lunarstiiiness.com","Keywords":-9223372036854775808,"EventType":"INFO","SeverityValue":2,"Severity":"INFO","EventID":12,"SourceName":"Microsoft-Windows-Sysmon","ProviderGuid":"{5770385F-C22A-43E0-BF4C-06F5698FFBD9}","Version":2,"Task":12,"OpcodeValue":0,"RecordNumber":5946603,"ProcessID":2556,"ThreadID":3972,"Channel":"Microsoft-Windows-Sysmon/Operational","Domain":"NT AUTHORITY","AccountName":"SYSTEM","UserID":"S-1-5-18","AccountType":"User","Message":"Registry object added or deleted:\r\nRuleName: technique_id=T1553.004,technique_name=Install Root Certificate\r\nEventType: CreateKey\r\nUtcTime: 2023-06-20 19:29:58.993\r\nProcessGuid: {927d35bf-fe2a-6491-d234-000000002900}\r\nProcessId: 8520\r\nImage: C:\\Program Files\\Microsoft Azure Active Directory Connect\\AzureADConnect.exe\r\nTargetObject: HKLM\\SOFTWARE\\Microsoft\\SystemCertificates\\ROOT\\Certificates\r\nUser: LUNARSTIIINESS\\tim.smith_admin","Category":"Registry object added or deleted (rule: RegistryEvent)","Opcode":"Info","RuleName":"technique_id=T1553.004,technique_name=Install Root Certificate","UtcTime":"2023-06-20 19:29:58.993","ProcessGuid":"{927d35bf-fe2a-6491-d234-000000002900}","Image":"C:\\Program Files\\Microsoft Azure Active Directory Connect\\AzureADConnect.exe","TargetObject":"HKLM\\SOFTWARE\\Microsoft\\SystemCertificates\\ROOT\\Certificates","User":"LUNARSTIIINESS\\tim.smith_admin","EventReceivedTime":1687289400,"SourceModuleName":"in_sysmon","SourceModuleType":"im_msvistalog"}
<14>Jun 20 19:30:00 win-adfs.lunarstiiiness.com Microsoft-Windows-Sysmon[2556]: {"EventTime":1687289399,"Hostname":"win-adfs.lunarstiiiness.com","Keywords":-9223372036854775808,"EventType":"INFO","SeverityValue":2,"Severity":"INFO","EventID":12,"SourceName":"Microsoft-Windows-Sysmon","ProviderGuid":"{5770385F-C22A-43E0-BF4C-06F5698FFBD9}","Version":2,"Task":12,"OpcodeValue":0,"RecordNumber":5946604,"ProcessID":2556,"ThreadID":3972,"Channel":"Microsoft-Windows-Sysmon/Operational","Domain":"NT AUTHORITY","AccountName":"SYSTEM","UserID":"S-1-5-18","AccountType":"User","Message":"Registry object added or deleted:\r\nRuleName: technique_id=T1553.004,technique_name=Install Root Certificate\r\nEventType: CreateKey\r\nUtcTime: 2023-06-20 19:29:58.994\r\nProcessGuid: {927d35bf-fe2a-6491-d234-000000002900}\r\nProcessId: 8520\r\nImage: C:\\Program Files\\Microsoft Azure Active Directory Connect\\AzureADConnect.exe\r\nTargetObject: HKLM\\SOFTWARE\\Microsoft\\EnterpriseCertificates\\Root\\Certificates\r\nUser: LUNARSTIIINESS\\tim.smith_admin","Category":"Registry object added or deleted (rule: RegistryEvent)","Opcode":"Info","RuleName":"technique_id=T1553.004,technique_name=Install Root Certificate","UtcTime":"2023-06-20 19:29:58.994","ProcessGuid":"{927d35bf-fe2a-6491-d234-000000002900}","Image":"C:\\Program Files\\Microsoft Azure Active Directory Connect\\AzureADConnect.exe","TargetObject":"HKLM\\SOFTWARE\\Microsoft\\EnterpriseCertificates\\Root\\Certificates","User":"LUNARSTIIINESS\\tim.smith_admin","EventReceivedTime":1687289400,"SourceModuleName":"in_sysmon","SourceModuleType":"im_msvistalog"}
<14>Jun 20 19:30:00 win-adfs.lunarstiiiness.com Microsoft-Windows-Sysmon[2556]: {"EventTime":1687289399,"Hostname":"win-adfs.lunarstiiiness.com","Keywords":-9223372036854775808,"EventType":"INFO","SeverityValue":2,"Severity":"INFO","EventID":7,"SourceName":"Microsoft-Windows-Sysmon","ProviderGuid":"{5770385F-C22A-43E0-BF4C-06F5698FFBD9}","Version":3,"Task":7,"OpcodeValue":0,"RecordNumber":5946605,"ProcessID":2556,"ThreadID":4056,"Channel":"Microsoft-Windows-Sysmon/Operational","Domain":"NT AUTHORITY","AccountName":"SYSTEM","UserID":"S-1-5-18","AccountType":"User","Message":"Image loaded:\r\nRuleName: technique_id=T1574.002,technique_name=DLL Side-Loading\r\nUtcTime: 2023-06-20 19:29:59.070\r\nProcessGuid: {927d35bf-fe2a-6491-d234-000000002900}\r\nProcessId: 8520\r\nImage: C:\\Program Files\\Microsoft Azure Active Directory Connect\\AzureADConnect.exe\r\nImageLoaded: C:\\ProgramData\\Microsoft\\Windows Defender\\Platform\\4.18.23050.5-0\\MpClient.dll\r\nFileVersion: 4.18.23050.5 (b79513656627928b5505482e6c59e640a77adba5)\r\nDescription: Client Interface\r\nProduct: Microsoft® Windows® Operating System\r\nCompany: Microsoft Corporation\r\nOriginalFileName: mpclient.dll\r\nHashes: SHA1=DB92467AA13A34F636467E13B70A0896161E14A3,MD5=60B2AA6B95D337D691DE342857498CB5,SHA256=41262170B1672E2848CA1565BC016F4A1F126959BE22DB0BDCE7A7B98D24D38E,IMPHASH=1B504CE4A84EFD7FD3934D9F7CE06DB9\r\nSigned: true\r\nSignature: Microsoft Windows\r\nSignatureStatus: Valid\r\nUser: LUNARSTIIINESS\\tim.smith_admin","Category":"Image loaded (rule: ImageLoad)","Opcode":"Info","RuleName":"technique_id=T1574.002,technique_name=DLL Side-Loading","UtcTime":"2023-06-20 19:29:59.070","ProcessGuid":"{927d35bf-fe2a-6491-d234-000000002900}","Image":"C:\\Program Files\\Microsoft Azure Active Directory Connect\\AzureADConnect.exe","ImageLoaded":"C:\\ProgramData\\Microsoft\\Windows Defender\\Platform\\4.18.23050.5-0\\MpClient.dll","FileVersion":"4.18.23050.5 (b79513656627928b5505482e6c59e640a77adba5)","Description":"Client Interface","Product":"Microsoft® Windows® Operating System","Company":"Microsoft Corporation","OriginalFileName":"mpclient.dll","Hashes":"SHA1=DB92467AA13A34F636467E13B70A0896161E14A3,MD5=60B2AA6B95D337D691DE342857498CB5,SHA256=41262170B1672E2848CA1565BC016F4A1F126959BE22DB0BDCE7A7B98D24D38E,IMPHASH=1B504CE4A84EFD7FD3934D9F7CE06DB9","Signed":"true","Signature":"Microsoft Windows","SignatureStatus":"Valid","User":"LUNARSTIIINESS\\tim.smith_admin","EventReceivedTime":1687289400,"SourceModuleName":"in_sysmon","SourceModuleType":"im_msvistalog"}
