<14>Jun 20 19:11:59 win-server.lunarstiiiness.com Microsoft-Windows-Sysmon[2212]: {"EventTime":1687288318,"Hostname":"win-server.lunarstiiiness.com","Keywords":-9223372036854775808,"EventType":"INFO","SeverityValue":2,"Severity":"INFO","EventID":7,"SourceName":"Microsoft-Windows-Sysmon","ProviderGuid":"{5770385F-C22A-43E0-BF4C-06F5698FFBD9}","Version":3,"Task":7,"OpcodeValue":0,"RecordNumber":2200776,"ProcessID":2212,"ThreadID":2972,"Channel":"Microsoft-Windows-Sysmon/Operational","Domain":"NT AUTHORITY","AccountName":"SYSTEM","UserID":"S-1-5-18","AccountType":"User","Message":"Image loaded:\r\nRuleName: technique_id=T1055,technique_name=Process Injection\r\nUtcTime: 2023-06-20 19:11:57.996\r\nProcessGuid: {BE59402F-BAAD-6491-EA0D-000000002400}\r\nProcessId: 2800\r\nImage: C:\\Windows\\System32\\msiexec.exe\r\nImageLoaded: C:\\Windows\\Microsoft.NET\\Framework64\\v4.0.30319\\mscoreei.dll\r\nFileVersion: 4.8.4180.0 built by: NET48REL1LAST_B\r\nDescription: Microsoft .NET Runtime Execution Engine\r\nProduct: Microsoft® .NET Framework\r\nCompany: Microsoft Corporation\r\nOriginalFileName: mscoreei.dll\r\nHashes: SHA1=1283EF637FA53D571118F269F9B8C0A5CCA2BF01,MD5=899A8B655E52A061B33571D97C5C06ED,SHA256=DE05B03E37FB9BA5D74CF8FA36A6F0B15AB61705285B738BC90D14FDE580A45E,IMPHASH=005299FA213F652A596AC31760C5340B\r\nSigned: true\r\nSignature: Microsoft Corporation\r\nSignatureStatus: Valid\r\nUser: NT AUTHORITY\\SYSTEM","Category":"Image loaded (rule: ImageLoad)","Opcode":"Info","RuleName":"technique_id=T1055,technique_name=Process Injection","UtcTime":"2023-06-20 19:11:57.996","ProcessGuid":"{BE59402F-BAAD-6491-EA0D-000000002400}","Image":"C:\\Windows\\System32\\msiexec.exe","ImageLoaded":"C:\\Windows\\Microsoft.NET\\Framework64\\v4.0.30319\\mscoreei.dll","FileVersion":"4.8.4180.0 built by: NET48REL1LAST_B","Description":"Microsoft .NET Runtime Execution Engine","Product":"Microsoft® .NET Framework","Company":"Microsoft Corporation","OriginalFileName":"mscoreei.dll","Hashes":"SHA1=1283EF637FA53D571118F269F9B8C0A5CCA2BF01,MD5=899A8B655E52A061B33571D97C5C06ED,SHA256=DE05B03E37FB9BA5D74CF8FA36A6F0B15AB61705285B738BC90D14FDE580A45E,IMPHASH=005299FA213F652A596AC31760C5340B","Signed":"true","Signature":"Microsoft Corporation","SignatureStatus":"Valid","User":"NT AUTHORITY\\SYSTEM","EventReceivedTime":1687288319,"SourceModuleName":"in_sysmon","SourceModuleType":"im_msvistalog"}
<14>Jun 20 19:11:59 win-server.lunarstiiiness.com Microsoft-Windows-Sysmon[2212]: {"EventTime":1687288318,"Hostname":"win-server.lunarstiiiness.com","Keywords":-9223372036854775808,"EventType":"INFO","SeverityValue":2,"Severity":"INFO","EventID":7,"SourceName":"Microsoft-Windows-Sysmon","ProviderGuid":"{5770385F-C22A-43E0-BF4C-06F5698FFBD9}","Version":3,"Task":7,"OpcodeValue":0,"RecordNumber":2200777,"ProcessID":2212,"ThreadID":2976,"Channel":"Microsoft-Windows-Sysmon/Operational","Domain":"NT AUTHORITY","AccountName":"SYSTEM","UserID":"S-1-5-18","AccountType":"User","Message":"Image loaded:\r\nRuleName: technique_id=T1055,technique_name=Process Injection\r\nUtcTime: 2023-06-20 19:11:58.062\r\nProcessGuid: {BE59402F-BAAD-6491-EA0D-000000002400}\r\nProcessId: 2800\r\nImage: C:\\Windows\\System32\\msiexec.exe\r\nImageLoaded: C:\\Windows\\Microsoft.NET\\Framework64\\v4.0.30319\\clr.dll\r\nFileVersion: 4.8.4644.0 built by: NET48REL1LAST_B\r\nDescription: Microsoft .NET Runtime Common Language Runtime - WorkStation\r\nProduct: Microsoft® .NET Framework\r\nCompany: Microsoft Corporation\r\nOriginalFileName: clr.dll\r\nHashes: SHA1=7357B98F085B918ED123A4D5B0904875B91D668A,MD5=944E4D9B387F1E02658F5A39435F9EE8,SHA256=0F31721618F7B793C820BD0633C3F4E143983EE44B24E519CC9497D07313E586,IMPHASH=259C196C67C4E02F941CAD54D9D9BB8A\r\nSigned: true\r\nSignature: Microsoft Corporation\r\nSignatureStatus: Valid\r\nUser: NT AUTHORITY\\SYSTEM","Category":"Image loaded (rule: ImageLoad)","Opcode":"Info","RuleName":"technique_id=T1055,technique_name=Process Injection","UtcTime":"2023-06-20 19:11:58.062","ProcessGuid":"{BE59402F-BAAD-6491-EA0D-000000002400}","Image":"C:\\Windows\\System32\\msiexec.exe","ImageLoaded":"C:\\Windows\\Microsoft.NET\\Framework64\\v4.0.30319\\clr.dll","FileVersion":"4.8.4644.0 built by: NET48REL1LAST_B","Description":"Microsoft .NET Runtime Common Language Runtime - WorkStation","Product":"Microsoft® .NET Framework","Company":"Microsoft Corporation","OriginalFileName":"clr.dll","Hashes":"SHA1=7357B98F085B918ED123A4D5B0904875B91D668A,MD5=944E4D9B387F1E02658F5A39435F9EE8,SHA256=0F31721618F7B793C820BD0633C3F4E143983EE44B24E519CC9497D07313E586,IMPHASH=259C196C67C4E02F941CAD54D9D9BB8A","Signed":"true","Signature":"Microsoft Corporation","SignatureStatus":"Valid","User":"NT AUTHORITY\\SYSTEM","EventReceivedTime":1687288319,"SourceModuleName":"in_sysmon","SourceModuleType":"im_msvistalog"}
<14>Jun 20 19:11:59 win-server.lunarstiiiness.com Microsoft-Windows-Sysmon[2212]: {"EventTime":1687288318,"Hostname":"win-server.lunarstiiiness.com","Keywords":-9223372036854775808,"EventType":"INFO","SeverityValue":2,"Severity":"INFO","EventID":7,"SourceName":"Microsoft-Windows-Sysmon","ProviderGuid":"{5770385F-C22A-43E0-BF4C-06F5698FFBD9}","Version":3,"Task":7,"OpcodeValue":0,"RecordNumber":2200778,"ProcessID":2212,"ThreadID":2972,"Channel":"Microsoft-Windows-Sysmon/Operational","Domain":"NT AUTHORITY","AccountName":"SYSTEM","UserID":"S-1-5-18","AccountType":"User","Message":"Image loaded:\r\nRuleName: technique_id=T1059.001,technique_name=PowerShell\r\nUtcTime: 2023-06-20 19:11:58.097\r\nProcessGuid: {BE59402F-BAB6-6491-EC0D-000000002400}\r\nProcessId: 3136\r\nImage: C:\\Windows\\System32\\consent.exe\r\nImageLoaded: C:\\Windows\\System32\\amsi.dll\r\nFileVersion: 10.0.14393.4169 (rs1_release.210107-1130)\r\nDescription: Anti-Malware Scan Interface\r\nProduct: Microsoft® Windows® Operating System\r\nCompany: Microsoft Corporation\r\nOriginalFileName: amsi.dll\r\nHashes: SHA1=95D202A39D43B043C9F7FF5B8B75118950720B3A,MD5=89C79675F7FEDEB6373C9D2045F7B7C5,SHA256=5B40293CF56D44377A91BF68CF2113F523B61185F02DEEAB621BE51F0ADA6131,IMPHASH=6FEE5278940E0EA644D3641165D77874\r\nSigned: true\r\nSignature: Microsoft Windows\r\nSignatureStatus: Valid\r\nUser: NT AUTHORITY\\SYSTEM","Category":"Image loaded (rule: ImageLoad)","Opcode":"Info","RuleName":"technique_id=T1059.001,technique_name=PowerShell","UtcTime":"2023-06-20 19:11:58.097","ProcessGuid":"{BE59402F-BAB6-6491-EC0D-000000002400}","Image":"C:\\Windows\\System32\\consent.exe","ImageLoaded":"C:\\Windows\\System32\\amsi.dll","FileVersion":"10.0.14393.4169 (rs1_release.210107-1130)","Description":"Anti-Malware Scan Interface","Product":"Microsoft® Windows® Operating System","Company":"Microsoft Corporation","OriginalFileName":"amsi.dll","Hashes":"SHA1=95D202A39D43B043C9F7FF5B8B75118950720B3A,MD5=89C79675F7FEDEB6373C9D2045F7B7C5,SHA256=5B40293CF56D44377A91BF68CF2113F523B61185F02DEEAB621BE51F0ADA6131,IMPHASH=6FEE5278940E0EA644D3641165D77874","Signed":"true","Signature":"Microsoft Windows","SignatureStatus":"Valid","User":"NT AUTHORITY\\SYSTEM","EventReceivedTime":1687288319,"SourceModuleName":"in_sysmon","SourceModuleType":"im_msvistalog"}
<14>Jun 20 19:11:59 win-server.lunarstiiiness.com Microsoft-Windows-Sysmon[2212]: {"EventTime":1687288318,"Hostname":"win-server.lunarstiiiness.com","Keywords":-9223372036854775808,"EventType":"INFO","SeverityValue":2,"Severity":"INFO","EventID":7,"SourceName":"Microsoft-Windows-Sysmon","ProviderGuid":"{5770385F-C22A-43E0-BF4C-06F5698FFBD9}","Version":3,"Task":7,"OpcodeValue":0,"RecordNumber":2200781,"ProcessID":2212,"ThreadID":2972,"Channel":"Microsoft-Windows-Sysmon/Operational","Domain":"NT AUTHORITY","AccountName":"SYSTEM","UserID":"S-1-5-18","AccountType":"User","Message":"Image loaded:\r\nRuleName: -\r\nUtcTime: 2023-06-20 19:11:58.387\r\nProcessGuid: {BE59402F-BAB6-6491-EC0D-000000002400}\r\nProcessId: 3136\r\nImage: C:\\Windows\\System32\\consent.exe\r\nImageLoaded: C:\\Windows\\System32\\urlmon.dll\r\nFileVersion: 11.00.14393.5980 (rs1_release.230508-1729)\r\nDescription: OLE32 Extensions for Win32\r\nProduct: Internet Explorer\r\nCompany: Microsoft Corporation\r\nOriginalFileName: UrlMon.dll\r\nHashes: SHA1=B85E33077EBECEB824C738EC5AB3971330015487,MD5=4A855C73AA289D70314CB0A7CE54982C,SHA256=0E7E8B967CFBF187D562686C78FDC989FD220397B1429FC15C2A8BFA8FCA30A8,IMPHASH=974542EAFAB3E045794F91EF3F4880AC\r\nSigned: true\r\nSignature: Microsoft Windows\r\nSignatureStatus: Valid\r\nUser: NT AUTHORITY\\SYSTEM","Category":"Image loaded (rule: ImageLoad)","Opcode":"Info","RuleName":"-","UtcTime":"2023-06-20 19:11:58.387","ProcessGuid":"{BE59402F-BAB6-6491-EC0D-000000002400}","Image":"C:\\Windows\\System32\\consent.exe","ImageLoaded":"C:\\Windows\\System32\\urlmon.dll","FileVersion":"11.00.14393.5980 (rs1_release.230508-1729)","Description":"OLE32 Extensions for Win32","Product":"Internet Explorer","Company":"Microsoft Corporation","OriginalFileName":"UrlMon.dll","Hashes":"SHA1=B85E33077EBECEB824C738EC5AB3971330015487,MD5=4A855C73AA289D70314CB0A7CE54982C,SHA256=0E7E8B967CFBF187D562686C78FDC989FD220397B1429FC15C2A8BFA8FCA30A8,IMPHASH=974542EAFAB3E045794F91EF3F4880AC","Signed":"true","Signature":"Microsoft Windows","SignatureStatus":"Valid","User":"NT AUTHORITY\\SYSTEM","EventReceivedTime":1687288319,"SourceModuleName":"in_sysmon","SourceModuleType":"im_msvistalog"}
<14>Jun 20 19:12:02 win-server.lunarstiiiness.com Microsoft-Windows-Sysmon[2212]: {"EventTime":1687288320,"Hostname":"win-server.lunarstiiiness.com","Keywords":-9223372036854775808,"EventType":"INFO","SeverityValue":2,"Severity":"INFO","EventID":11,"SourceName":"Microsoft-Windows-Sysmon","ProviderGuid":"{5770385F-C22A-43E0-BF4C-06F5698FFBD9}","Version":2,"Task":11,"OpcodeValue":0,"RecordNumber":2200782,"ProcessID":2212,"ThreadID":2972,"Channel":"Microsoft-Windows-Sysmon/Operational","Domain":"NT AUTHORITY","AccountName":"SYSTEM","UserID":"S-1-5-18","AccountType":"User","Message":"File created:\r\nRuleName: technique_id=T1574.010,technique_name=Services File Permissions Weakness\r\nUtcTime: 2023-06-20 19:12:00.699\r\nProcessGuid: {BE59402F-BAAD-6491-EA0D-000000002400}\r\nProcessId: 2800\r\nImage: C:\\Windows\\system32\\msiexec.exe\r\nTargetFilename: C:\\Windows\\Installer\\MSI24D2.tmp\r\nCreationUtcTime: 2023-06-20 19:12:00.699\r\nUser: NT AUTHORITY\\SYSTEM","Category":"File created (rule: FileCreate)","Opcode":"Info","RuleName":"technique_id=T1574.010,technique_name=Services File Permissions Weakness","UtcTime":"2023-06-20 19:12:00.699","ProcessGuid":"{BE59402F-BAAD-6491-EA0D-000000002400}","Image":"C:\\Windows\\system32\\msiexec.exe","TargetFilename":"C:\\Windows\\Installer\\MSI24D2.tmp","CreationUtcTime":"2023-06-20 19:12:00.699","User":"NT AUTHORITY\\SYSTEM","EventReceivedTime":1687288322,"SourceModuleName":"in_sysmon","SourceModuleType":"im_msvistalog"}
<14>Jun 20 19:12:02 win-server.lunarstiiiness.com Microsoft-Windows-Sysmon[2212]: {"EventTime":1687288320,"Hostname":"win-server.lunarstiiiness.com","Keywords":-9223372036854775808,"EventType":"INFO","SeverityValue":2,"Severity":"INFO","EventID":11,"SourceName":"Microsoft-Windows-Sysmon","ProviderGuid":"{5770385F-C22A-43E0-BF4C-06F5698FFBD9}","Version":2,"Task":11,"OpcodeValue":0,"RecordNumber":2200785,"ProcessID":2212,"ThreadID":2972,"Channel":"Microsoft-Windows-Sysmon/Operational","Domain":"NT AUTHORITY","AccountName":"SYSTEM","UserID":"S-1-5-18","AccountType":"User","Message":"File created:\r\nRuleName: technique_id=T1574.010,technique_name=Services File Permissions Weakness\r\nUtcTime: 2023-06-20 19:12:00.791\r\nProcessGuid: {BE59402F-BAAD-6491-EA0D-000000002400}\r\nProcessId: 2800\r\nImage: C:\\Windows\\system32\\msiexec.exe\r\nTargetFilename: C:\\Windows\\Installer\\MSI2530.tmp\r\nCreationUtcTime: 2023-06-20 19:12:00.791\r\nUser: NT AUTHORITY\\SYSTEM","Category":"File created (rule: FileCreate)","Opcode":"Info","RuleName":"technique_id=T1574.010,technique_name=Services File Permissions Weakness","UtcTime":"2023-06-20 19:12:00.791","ProcessGuid":"{BE59402F-BAAD-6491-EA0D-000000002400}","Image":"C:\\Windows\\system32\\msiexec.exe","TargetFilename":"C:\\Windows\\Installer\\MSI2530.tmp","CreationUtcTime":"2023-06-20 19:12:00.791","User":"NT AUTHORITY\\SYSTEM","EventReceivedTime":1687288322,"SourceModuleName":"in_sysmon","SourceModuleType":"im_msvistalog"}
<14>Jun 20 19:12:02 win-server.lunarstiiiness.com Microsoft-Windows-Sysmon[2212]: {"EventTime":1687288320,"Hostname":"win-server.lunarstiiiness.com","Keywords":-9223372036854775808,"EventType":"INFO","SeverityValue":2,"Severity":"INFO","EventID":11,"SourceName":"Microsoft-Windows-Sysmon","ProviderGuid":"{5770385F-C22A-43E0-BF4C-06F5698FFBD9}","Version":2,"Task":11,"OpcodeValue":0,"RecordNumber":2200787,"ProcessID":2212,"ThreadID":2972,"Channel":"Microsoft-Windows-Sysmon/Operational","Domain":"NT AUTHORITY","AccountName":"SYSTEM","UserID":"S-1-5-18","AccountType":"User","Message":"File created:\r\nRuleName: technique_id=T1574.010,technique_name=Services File Permissions Weakness\r\nUtcTime: 2023-06-20 19:12:00.812\r\nProcessGuid: {BE59402F-BAAD-6491-EA0D-000000002400}\r\nProcessId: 2800\r\nImage: C:\\Windows\\system32\\msiexec.exe\r\nTargetFilename: C:\\Windows\\Installer\\MSI2541.tmp\r\nCreationUtcTime: 2023-06-20 19:12:00.812\r\nUser: NT AUTHORITY\\SYSTEM","Category":"File created (rule: FileCreate)","Opcode":"Info","RuleName":"technique_id=T1574.010,technique_name=Services File Permissions Weakness","UtcTime":"2023-06-20 19:12:00.812","ProcessGuid":"{BE59402F-BAAD-6491-EA0D-000000002400}","Image":"C:\\Windows\\system32\\msiexec.exe","TargetFilename":"C:\\Windows\\Installer\\MSI2541.tmp","CreationUtcTime":"2023-06-20 19:12:00.812","User":"NT AUTHORITY\\SYSTEM","EventReceivedTime":1687288322,"SourceModuleName":"in_sysmon","SourceModuleType":"im_msvistalog"}
<14>Jun 20 19:12:02 win-server.lunarstiiiness.com Microsoft-Windows-Sysmon[2212]: {"EventTime":1687288320,"Hostname":"win-server.lunarstiiiness.com","Keywords":-9223372036854775808,"EventType":"INFO","SeverityValue":2,"Severity":"INFO","EventID":11,"SourceName":"Microsoft-Windows-Sysmon","ProviderGuid":"{5770385F-C22A-43E0-BF4C-06F5698FFBD9}","Version":2,"Task":11,"OpcodeValue":0,"RecordNumber":2200789,"ProcessID":2212,"ThreadID":2972,"Channel":"Microsoft-Windows-Sysmon/Operational","Domain":"NT AUTHORITY","AccountName":"SYSTEM","UserID":"S-1-5-18","AccountType":"User","Message":"File created:\r\nRuleName: technique_id=T1574.010,technique_name=Services File Permissions Weakness\r\nUtcTime: 2023-06-20 19:12:00.824\r\nProcessGuid: {BE59402F-BAAD-6491-EA0D-000000002400}\r\nProcessId: 2800\r\nImage: C:\\Windows\\system32\\msiexec.exe\r\nTargetFilename: C:\\Windows\\Installer\\MSI2552.tmp\r\nCreationUtcTime: 2023-06-20 19:12:00.824\r\nUser: NT AUTHORITY\\SYSTEM","Category":"File created (rule: FileCreate)","Opcode":"Info","RuleName":"technique_id=T1574.010,technique_name=Services File Permissions Weakness","UtcTime":"2023-06-20 19:12:00.824","ProcessGuid":"{BE59402F-BAAD-6491-EA0D-000000002400}","Image":"C:\\Windows\\system32\\msiexec.exe","TargetFilename":"C:\\Windows\\Installer\\MSI2552.tmp","CreationUtcTime":"2023-06-20 19:12:00.824","User":"NT AUTHORITY\\SYSTEM","EventReceivedTime":1687288322,"SourceModuleName":"in_sysmon","SourceModuleType":"im_msvistalog"}
<14>Jun 20 19:12:02 win-server.lunarstiiiness.com Microsoft-Windows-Sysmon[2212]: {"EventTime":1687288320,"Hostname":"win-server.lunarstiiiness.com","Keywords":-9223372036854775808,"EventType":"INFO","SeverityValue":2,"Severity":"INFO","EventID":11,"SourceName":"Microsoft-Windows-Sysmon","ProviderGuid":"{5770385F-C22A-43E0-BF4C-06F5698FFBD9}","Version":2,"Task":11,"OpcodeValue":0,"RecordNumber":2200791,"ProcessID":2212,"ThreadID":2972,"Channel":"Microsoft-Windows-Sysmon/Operational","Domain":"NT AUTHORITY","AccountName":"SYSTEM","UserID":"S-1-5-18","AccountType":"User","Message":"File created:\r\nRuleName: technique_id=T1574.010,technique_name=Services File Permissions Weakness\r\nUtcTime: 2023-06-20 19:12:00.871\r\nProcessGuid: {BE59402F-BAAD-6491-EA0D-000000002400}\r\nProcessId: 2800\r\nImage: C:\\Windows\\system32\\msiexec.exe\r\nTargetFilename: C:\\Windows\\Installer\\inprogressinstallinfo.ipi\r\nCreationUtcTime: 2023-06-20 19:12:00.871\r\nUser: NT AUTHORITY\\SYSTEM","Category":"File created (rule: FileCreate)","Opcode":"Info","RuleName":"technique_id=T1574.010,technique_name=Services File Permissions Weakness","UtcTime":"2023-06-20 19:12:00.871","ProcessGuid":"{BE59402F-BAAD-6491-EA0D-000000002400}","Image":"C:\\Windows\\system32\\msiexec.exe","TargetFilename":"C:\\Windows\\Installer\\inprogressinstallinfo.ipi","CreationUtcTime":"2023-06-20 19:12:00.871","User":"NT AUTHORITY\\SYSTEM","EventReceivedTime":1687288322,"SourceModuleName":"in_sysmon","SourceModuleType":"im_msvistalog"}
<14>Jun 20 19:12:02 win-server.lunarstiiiness.com Microsoft-Windows-Sysmon[2212]: {"EventTime":1687288320,"Hostname":"win-server.lunarstiiiness.com","Keywords":-9223372036854775808,"EventType":"INFO","SeverityValue":2,"Severity":"INFO","EventID":11,"SourceName":"Microsoft-Windows-Sysmon","ProviderGuid":"{5770385F-C22A-43E0-BF4C-06F5698FFBD9}","Version":2,"Task":11,"OpcodeValue":0,"RecordNumber":2200793,"ProcessID":2212,"ThreadID":2972,"Channel":"Microsoft-Windows-Sysmon/Operational","Domain":"NT AUTHORITY","AccountName":"SYSTEM","UserID":"S-1-5-18","AccountType":"User","Message":"File created:\r\nRuleName: technique_id=T1574.010,technique_name=Services File Permissions Weakness\r\nUtcTime: 2023-06-20 19:12:00.887\r\nProcessGuid: {BE59402F-BAAD-6491-EA0D-000000002400}\r\nProcessId: 2800\r\nImage: C:\\Windows\\system32\\msiexec.exe\r\nTargetFilename: C:\\Windows\\Installer\\SourceHash{FD5F0217-3BE7-48E1-8EEE-451043FB81CF}\r\nCreationUtcTime: 2023-06-20 19:12:00.887\r\nUser: NT AUTHORITY\\SYSTEM","Category":"File created (rule: FileCreate)","Opcode":"Info","RuleName":"technique_id=T1574.010,technique_name=Services File Permissions Weakness","UtcTime":"2023-06-20 19:12:00.887","ProcessGuid":"{BE59402F-BAAD-6491-EA0D-000000002400}","Image":"C:\\Windows\\system32\\msiexec.exe","TargetFilename":"C:\\Windows\\Installer\\SourceHash{FD5F0217-3BE7-48E1-8EEE-451043FB81CF}","CreationUtcTime":"2023-06-20 19:12:00.887","User":"NT AUTHORITY\\SYSTEM","EventReceivedTime":1687288322,"SourceModuleName":"in_sysmon","SourceModuleType":"im_msvistalog"}
<14>Jun 20 19:12:02 win-server.lunarstiiiness.com Microsoft-Windows-Sysmon[2212]: {"EventTime":1687288320,"Hostname":"win-server.lunarstiiiness.com","Keywords":-9223372036854775808,"EventType":"INFO","SeverityValue":2,"Severity":"INFO","EventID":11,"SourceName":"Microsoft-Windows-Sysmon","ProviderGuid":"{5770385F-C22A-43E0-BF4C-06F5698FFBD9}","Version":2,"Task":11,"OpcodeValue":0,"RecordNumber":2200795,"ProcessID":2212,"ThreadID":2972,"Channel":"Microsoft-Windows-Sysmon/Operational","Domain":"NT AUTHORITY","AccountName":"SYSTEM","UserID":"S-1-5-18","AccountType":"User","Message":"File created:\r\nRuleName: technique_id=T1574.010,technique_name=Services File Permissions Weakness\r\nUtcTime: 2023-06-20 19:12:00.949\r\nProcessGuid: {BE59402F-BAAD-6491-EA0D-000000002400}\r\nProcessId: 2800\r\nImage: C:\\Windows\\system32\\msiexec.exe\r\nTargetFilename: C:\\Windows\\Installer\\MSI25D0.tmp\r\nCreationUtcTime: 2023-06-20 19:12:00.949\r\nUser: NT AUTHORITY\\SYSTEM","Category":"File created (rule: FileCreate)","Opcode":"Info","RuleName":"technique_id=T1574.010,technique_name=Services File Permissions Weakness","UtcTime":"2023-06-20 19:12:00.949","ProcessGuid":"{BE59402F-BAAD-6491-EA0D-000000002400}","Image":"C:\\Windows\\system32\\msiexec.exe","TargetFilename":"C:\\Windows\\Installer\\MSI25D0.tmp","CreationUtcTime":"2023-06-20 19:12:00.949","User":"NT AUTHORITY\\SYSTEM","EventReceivedTime":1687288322,"SourceModuleName":"in_sysmon","SourceModuleType":"im_msvistalog"}
<14>Jun 20 19:12:02 win-server.lunarstiiiness.com Microsoft-Windows-Sysmon[2212]: {"EventTime":1687288320,"Hostname":"win-server.lunarstiiiness.com","Keywords":-9223372036854775808,"EventType":"INFO","SeverityValue":2,"Severity":"INFO","EventID":11,"SourceName":"Microsoft-Windows-Sysmon","ProviderGuid":"{5770385F-C22A-43E0-BF4C-06F5698FFBD9}","Version":2,"Task":11,"OpcodeValue":0,"RecordNumber":2200797,"ProcessID":2212,"ThreadID":2972,"Channel":"Microsoft-Windows-Sysmon/Operational","Domain":"NT AUTHORITY","AccountName":"SYSTEM","UserID":"S-1-5-18","AccountType":"User","Message":"File created:\r\nRuleName: technique_id=T1574.010,technique_name=Services File Permissions Weakness\r\nUtcTime: 2023-06-20 19:12:00.949\r\nProcessGuid: {BE59402F-BAAD-6491-EA0D-000000002400}\r\nProcessId: 2800\r\nImage: C:\\Windows\\system32\\msiexec.exe\r\nTargetFilename: C:\\Windows\\Installer\\MSI25D0.tmp\r\nCreationUtcTime: 2023-06-20 19:12:00.949\r\nUser: NT AUTHORITY\\SYSTEM","Category":"File created (rule: FileCreate)","Opcode":"Info","RuleName":"technique_id=T1574.010,technique_name=Services File Permissions Weakness","UtcTime":"2023-06-20 19:12:00.949","ProcessGuid":"{BE59402F-BAAD-6491-EA0D-000000002400}","Image":"C:\\Windows\\system32\\msiexec.exe","TargetFilename":"C:\\Windows\\Installer\\MSI25D0.tmp","CreationUtcTime":"2023-06-20 19:12:00.949","User":"NT AUTHORITY\\SYSTEM","EventReceivedTime":1687288322,"SourceModuleName":"in_sysmon","SourceModuleType":"im_msvistalog"}
<14>Jun 20 19:12:02 win-server.lunarstiiiness.com Microsoft-Windows-Sysmon[2212]: {"EventTime":1687288320,"Hostname":"win-server.lunarstiiiness.com","Keywords":-9223372036854775808,"EventType":"INFO","SeverityValue":2,"Severity":"INFO","EventID":11,"SourceName":"Microsoft-Windows-Sysmon","ProviderGuid":"{5770385F-C22A-43E0-BF4C-06F5698FFBD9}","Version":2,"Task":11,"OpcodeValue":0,"RecordNumber":2200798,"ProcessID":2212,"ThreadID":2972,"Channel":"Microsoft-Windows-Sysmon/Operational","Domain":"NT AUTHORITY","AccountName":"SYSTEM","UserID":"S-1-5-18","AccountType":"User","Message":"File created:\r\nRuleName: technique_id=T1574.010,technique_name=Services File Permissions Weakness\r\nUtcTime: 2023-06-20 19:12:00.964\r\nProcessGuid: {BE59402F-BAAD-6491-EA0D-000000002400}\r\nProcessId: 2800\r\nImage: C:\\Windows\\system32\\msiexec.exe\r\nTargetFilename: C:\\Windows\\Installer\\MSI25E0.tmp\r\nCreationUtcTime: 2023-06-20 19:12:00.964\r\nUser: NT AUTHORITY\\SYSTEM","Category":"File created (rule: FileCreate)","Opcode":"Info","RuleName":"technique_id=T1574.010,technique_name=Services File Permissions Weakness","UtcTime":"2023-06-20 19:12:00.964","ProcessGuid":"{BE59402F-BAAD-6491-EA0D-000000002400}","Image":"C:\\Windows\\system32\\msiexec.exe","TargetFilename":"C:\\Windows\\Installer\\MSI25E0.tmp","CreationUtcTime":"2023-06-20 19:12:00.964","User":"NT AUTHORITY\\SYSTEM","EventReceivedTime":1687288322,"SourceModuleName":"in_sysmon","SourceModuleType":"im_msvistalog"}
<14>Jun 20 19:12:02 win-server.lunarstiiiness.com Microsoft-Windows-Sysmon[2212]: {"EventTime":1687288320,"Hostname":"win-server.lunarstiiiness.com","Keywords":-9223372036854775808,"EventType":"INFO","SeverityValue":2,"Severity":"INFO","EventID":11,"SourceName":"Microsoft-Windows-Sysmon","ProviderGuid":"{5770385F-C22A-43E0-BF4C-06F5698FFBD9}","Version":2,"Task":11,"OpcodeValue":0,"RecordNumber":2200800,"ProcessID":2212,"ThreadID":2972,"Channel":"Microsoft-Windows-Sysmon/Operational","Domain":"NT AUTHORITY","AccountName":"SYSTEM","UserID":"S-1-5-18","AccountType":"User","Message":"File created:\r\nRuleName: technique_id=T1574.010,technique_name=Services File Permissions Weakness\r\nUtcTime: 2023-06-20 19:12:00.989\r\nProcessGuid: {BE59402F-BAAD-6491-EA0D-000000002400}\r\nProcessId: 2800\r\nImage: C:\\Windows\\system32\\msiexec.exe\r\nTargetFilename: C:\\Windows\\Installer\\MSI2601.tmp\r\nCreationUtcTime: 2023-06-20 19:12:00.989\r\nUser: NT AUTHORITY\\SYSTEM","Category":"File created (rule: FileCreate)","Opcode":"Info","RuleName":"technique_id=T1574.010,technique_name=Services File Permissions Weakness","UtcTime":"2023-06-20 19:12:00.989","ProcessGuid":"{BE59402F-BAAD-6491-EA0D-000000002400}","Image":"C:\\Windows\\system32\\msiexec.exe","TargetFilename":"C:\\Windows\\Installer\\MSI2601.tmp","CreationUtcTime":"2023-06-20 19:12:00.989","User":"NT AUTHORITY\\SYSTEM","EventReceivedTime":1687288322,"SourceModuleName":"in_sysmon","SourceModuleType":"im_msvistalog"}
<14>Jun 20 19:12:02 win-server.lunarstiiiness.com Microsoft-Windows-Sysmon[2212]: {"EventTime":1687288321,"Hostname":"win-server.lunarstiiiness.com","Keywords":-9223372036854775808,"EventType":"INFO","SeverityValue":2,"Severity":"INFO","EventID":11,"SourceName":"Microsoft-Windows-Sysmon","ProviderGuid":"{5770385F-C22A-43E0-BF4C-06F5698FFBD9}","Version":2,"Task":11,"OpcodeValue":0,"RecordNumber":2200802,"ProcessID":2212,"ThreadID":2972,"Channel":"Microsoft-Windows-Sysmon/Operational","Domain":"NT AUTHORITY","AccountName":"SYSTEM","UserID":"S-1-5-18","AccountType":"User","Message":"File created:\r\nRuleName: technique_id=T1574.010,technique_name=Services File Permissions Weakness\r\nUtcTime: 2023-06-20 19:12:01.195\r\nProcessGuid: {BE59402F-BAAD-6491-EA0D-000000002400}\r\nProcessId: 2800\r\nImage: C:\\Windows\\system32\\msiexec.exe\r\nTargetFilename: C:\\Windows\\Installer\\MSI26CD.tmp\r\nCreationUtcTime: 2023-06-20 19:12:01.195\r\nUser: NT AUTHORITY\\SYSTEM","Category":"File created (rule: FileCreate)","Opcode":"Info","RuleName":"technique_id=T1574.010,technique_name=Services File Permissions Weakness","UtcTime":"2023-06-20 19:12:01.195","ProcessGuid":"{BE59402F-BAAD-6491-EA0D-000000002400}","Image":"C:\\Windows\\system32\\msiexec.exe","TargetFilename":"C:\\Windows\\Installer\\MSI26CD.tmp","CreationUtcTime":"2023-06-20 19:12:01.195","User":"NT AUTHORITY\\SYSTEM","EventReceivedTime":1687288322,"SourceModuleName":"in_sysmon","SourceModuleType":"im_msvistalog"}
<14>Jun 20 19:12:02 win-server.lunarstiiiness.com Microsoft-Windows-Sysmon[2212]: {"EventTime":1687288321,"Hostname":"win-server.lunarstiiiness.com","Keywords":-9223372036854775808,"EventType":"INFO","SeverityValue":2,"Severity":"INFO","EventID":11,"SourceName":"Microsoft-Windows-Sysmon","ProviderGuid":"{5770385F-C22A-43E0-BF4C-06F5698FFBD9}","Version":2,"Task":11,"OpcodeValue":0,"RecordNumber":2200809,"ProcessID":2212,"ThreadID":2972,"Channel":"Microsoft-Windows-Sysmon/Operational","Domain":"NT AUTHORITY","AccountName":"SYSTEM","UserID":"S-1-5-18","AccountType":"User","Message":"File created:\r\nRuleName: technique_id=T1574.010,technique_name=Services File Permissions Weakness\r\nUtcTime: 2023-06-20 19:12:01.250\r\nProcessGuid: {BE59402F-BAAD-6491-EA0D-000000002400}\r\nProcessId: 2800\r\nImage: C:\\Windows\\system32\\msiexec.exe\r\nTargetFilename: C:\\Windows\\Installer\\MSI26FD.tmp\r\nCreationUtcTime: 2023-06-20 19:12:01.250\r\nUser: NT AUTHORITY\\SYSTEM","Category":"File created (rule: FileCreate)","Opcode":"Info","RuleName":"technique_id=T1574.010,technique_name=Services File Permissions Weakness","UtcTime":"2023-06-20 19:12:01.250","ProcessGuid":"{BE59402F-BAAD-6491-EA0D-000000002400}","Image":"C:\\Windows\\system32\\msiexec.exe","TargetFilename":"C:\\Windows\\Installer\\MSI26FD.tmp","CreationUtcTime":"2023-06-20 19:12:01.250","User":"NT AUTHORITY\\SYSTEM","EventReceivedTime":1687288322,"SourceModuleName":"in_sysmon","SourceModuleType":"im_msvistalog"}
<14>Jun 20 19:12:04 win-server.lunarstiiiness.com Microsoft-Windows-Sysmon[2212]: {"EventTime":1687288322,"Hostname":"win-server.lunarstiiiness.com","Keywords":-9223372036854775808,"EventType":"INFO","SeverityValue":2,"Severity":"INFO","EventID":11,"SourceName":"Microsoft-Windows-Sysmon","ProviderGuid":"{5770385F-C22A-43E0-BF4C-06F5698FFBD9}","Version":2,"Task":11,"OpcodeValue":0,"RecordNumber":2200819,"ProcessID":2212,"ThreadID":2972,"Channel":"Microsoft-Windows-Sysmon/Operational","Domain":"NT AUTHORITY","AccountName":"SYSTEM","UserID":"S-1-5-18","AccountType":"User","Message":"File created:\r\nRuleName: technique_id=T1574.010,technique_name=Services File Permissions Weakness\r\nUtcTime: 2023-06-20 19:12:02.292\r\nProcessGuid: {BE59402F-BAAD-6491-EA0D-000000002400}\r\nProcessId: 2800\r\nImage: C:\\Windows\\system32\\msiexec.exe\r\nTargetFilename: C:\\Windows\\Installer\\{FD5F0217-3BE7-48E1-8EEE-451043FB81CF}\r\nCreationUtcTime: 2023-06-20 19:12:02.292\r\nUser: NT AUTHORITY\\SYSTEM","Category":"File created (rule: FileCreate)","Opcode":"Info","RuleName":"technique_id=T1574.010,technique_name=Services File Permissions Weakness","UtcTime":"2023-06-20 19:12:02.292","ProcessGuid":"{BE59402F-BAAD-6491-EA0D-000000002400}","Image":"C:\\Windows\\system32\\msiexec.exe","TargetFilename":"C:\\Windows\\Installer\\{FD5F0217-3BE7-48E1-8EEE-451043FB81CF}","CreationUtcTime":"2023-06-20 19:12:02.292","User":"NT AUTHORITY\\SYSTEM","EventReceivedTime":1687288324,"SourceModuleName":"in_sysmon","SourceModuleType":"im_msvistalog"}
<14>Jun 20 19:12:04 win-server.lunarstiiiness.com Microsoft-Windows-Sysmon[2212]: {"EventTime":1687288322,"Hostname":"win-server.lunarstiiiness.com","Keywords":-9223372036854775808,"EventType":"INFO","SeverityValue":2,"Severity":"INFO","EventID":11,"SourceName":"Microsoft-Windows-Sysmon","ProviderGuid":"{5770385F-C22A-43E0-BF4C-06F5698FFBD9}","Version":2,"Task":11,"OpcodeValue":0,"RecordNumber":2200820,"ProcessID":2212,"ThreadID":2972,"Channel":"Microsoft-Windows-Sysmon/Operational","Domain":"NT AUTHORITY","AccountName":"SYSTEM","UserID":"S-1-5-18","AccountType":"User","Message":"File created:\r\nRuleName: technique_id=T1574.010,technique_name=Services File Permissions Weakness\r\nUtcTime: 2023-06-20 19:12:02.293\r\nProcessGuid: {BE59402F-BAAD-6491-EA0D-000000002400}\r\nProcessId: 2800\r\nImage: C:\\Windows\\system32\\msiexec.exe\r\nTargetFilename: C:\\Windows\\Installer\\{FD5F0217-3BE7-48E1-8EEE-451043FB81CF}\\ApplicationIcon.ico\r\nCreationUtcTime: 2023-06-20 19:12:02.293\r\nUser: NT AUTHORITY\\SYSTEM","Category":"File created (rule: FileCreate)","Opcode":"Info","RuleName":"technique_id=T1574.010,technique_name=Services File Permissions Weakness","UtcTime":"2023-06-20 19:12:02.293","ProcessGuid":"{BE59402F-BAAD-6491-EA0D-000000002400}","Image":"C:\\Windows\\system32\\msiexec.exe","TargetFilename":"C:\\Windows\\Installer\\{FD5F0217-3BE7-48E1-8EEE-451043FB81CF}\\ApplicationIcon.ico","CreationUtcTime":"2023-06-20 19:12:02.293","User":"NT AUTHORITY\\SYSTEM","EventReceivedTime":1687288324,"SourceModuleName":"in_sysmon","SourceModuleType":"im_msvistalog"}
<14>Jun 20 19:12:02 win-server.lunarstiiiness.com Microsoft-Windows-Sysmon[2212]: {"EventTime":1687288320,"Hostname":"win-server.lunarstiiiness.com","Keywords":-9223372036854775808,"EventType":"INFO","SeverityValue":2,"Severity":"INFO","EventID":1,"SourceName":"Microsoft-Windows-Sysmon","ProviderGuid":"{5770385F-C22A-43E0-BF4C-06F5698FFBD9}","Version":5,"Task":1,"OpcodeValue":0,"RecordNumber":2200783,"ProcessID":2212,"ThreadID":2972,"Channel":"Microsoft-Windows-Sysmon/Operational","Domain":"NT AUTHORITY","AccountName":"SYSTEM","UserID":"S-1-5-18","AccountType":"User","Message":"Process Create:\r\nRuleName: technique_id=T1218,technique_name=Signed Binary Proxy Execution\r\nUtcTime: 2023-06-20 19:12:00.706\r\nProcessGuid: {BE59402F-BAB8-6491-ED0D-000000002400}\r\nProcessId: 4892\r\nImage: C:\\Windows\\SysWOW64\\msiexec.exe\r\nFileVersion: 5.0.14393.5648 (rs1_release.230105-1654)\r\nDescription: Windows® installer\r\nProduct: Windows Installer - Unicode\r\nCompany: Microsoft Corporation\r\nOriginalFileName: msiexec.exe\r\nCommandLine: C:\\Windows\\syswow64\\MsiExec.exe -Embedding 401BF718C3BE18A4E5851686F0F5A9C9\r\nCurrentDirectory: C:\\Windows\\SysWOW64\\\r\nUser: LUNARSTIIINESS\\tim.smith_admin\r\nLogonGuid: {BE59402F-1813-648B-63D4-E10500000000}\r\nLogonId: 0x5E1D463\r\nTerminalSessionId: 2\r\nIntegrityLevel: Medium\r\nHashes: SHA1=1E624B36042B97B3EFC66E00C6F431B7823FDB42,MD5=0E6BA8C0B882285D2B4FD61D0688D65B,SHA256=6929777BD6CEDDDFFF86FC7F505374D5AC0FA0F63722DC1C88594E16FBAFFAD1,IMPHASH=B4730776DFCE61DBCD10D002E3D530E1\r\nParentProcessGuid: {BE59402F-BAAD-6491-EA0D-000000002400}\r\nParentProcessId: 2800\r\nParentImage: C:\\Windows\\System32\\msiexec.exe\r\nParentCommandLine: C:\\Windows\\system32\\msiexec.exe /V\r\nParentUser: NT AUTHORITY\\SYSTEM","Category":"Process Create (rule: ProcessCreate)","Opcode":"Info","RuleName":"technique_id=T1218,technique_name=Signed Binary Proxy Execution","UtcTime":"2023-06-20 19:12:00.706","ProcessGuid":"{BE59402F-BAB8-6491-ED0D-000000002400}","Image":"C:\\Windows\\SysWOW64\\msiexec.exe","FileVersion":"5.0.14393.5648 (rs1_release.230105-1654)","Description":"Windows® installer","Product":"Windows Installer - Unicode","Company":"Microsoft Corporation","OriginalFileName":"msiexec.exe","CommandLine":"C:\\Windows\\syswow64\\MsiExec.exe -Embedding 401BF718C3BE18A4E5851686F0F5A9C9","CurrentDirectory":"C:\\Windows\\SysWOW64\\","User":"LUNARSTIIINESS\\tim.smith_admin","LogonGuid":"{BE59402F-1813-648B-63D4-E10500000000}","LogonId":"0x5e1d463","TerminalSessionId":"2","IntegrityLevel":"Medium","Hashes":"SHA1=1E624B36042B97B3EFC66E00C6F431B7823FDB42,MD5=0E6BA8C0B882285D2B4FD61D0688D65B,SHA256=6929777BD6CEDDDFFF86FC7F505374D5AC0FA0F63722DC1C88594E16FBAFFAD1,IMPHASH=B4730776DFCE61DBCD10D002E3D530E1","ParentProcessGuid":"{BE59402F-BAAD-6491-EA0D-000000002400}","ParentProcessId":"2800","ParentImage":"C:\\Windows\\System32\\msiexec.exe","ParentCommandLine":"C:\\Windows\\system32\\msiexec.exe /V","ParentUser":"NT AUTHORITY\\SYSTEM","EventReceivedTime":1687288322,"SourceModuleName":"in_sysmon","SourceModuleType":"im_msvistalog"}
<14>Jun 20 19:12:02 win-server.lunarstiiiness.com Microsoft-Windows-Sysmon[2212]: {"EventTime":1687288321,"Hostname":"win-server.lunarstiiiness.com","Keywords":-9223372036854775808,"EventType":"INFO","SeverityValue":2,"Severity":"INFO","EventID":1,"SourceName":"Microsoft-Windows-Sysmon","ProviderGuid":"{5770385F-C22A-43E0-BF4C-06F5698FFBD9}","Version":5,"Task":1,"OpcodeValue":0,"RecordNumber":2200810,"ProcessID":2212,"ThreadID":2972,"Channel":"Microsoft-Windows-Sysmon/Operational","Domain":"NT AUTHORITY","AccountName":"SYSTEM","UserID":"S-1-5-18","AccountType":"User","Message":"Process Create:\r\nRuleName: technique_id=T1218,technique_name=Signed Binary Proxy Execution\r\nUtcTime: 2023-06-20 19:12:01.256\r\nProcessGuid: {BE59402F-BAB9-6491-EE0D-000000002400}\r\nProcessId: 2488\r\nImage: C:\\Windows\\SysWOW64\\msiexec.exe\r\nFileVersion: 5.0.14393.5648 (rs1_release.230105-1654)\r\nDescription: Windows® installer\r\nProduct: Windows Installer - Unicode\r\nCompany: Microsoft Corporation\r\nOriginalFileName: msiexec.exe\r\nCommandLine: C:\\Windows\\syswow64\\MsiExec.exe -Embedding 7279541D04B1603395DE97A348D313E7 E Global\\MSI0000\r\nCurrentDirectory: C:\\Windows\\SysWOW64\\\r\nUser: NT AUTHORITY\\SYSTEM\r\nLogonGuid: {BE59402F-92B2-648A-E703-000000000000}\r\nLogonId: 0x3E7\r\nTerminalSessionId: 2\r\nIntegrityLevel: System\r\nHashes: SHA1=1E624B36042B97B3EFC66E00C6F431B7823FDB42,MD5=0E6BA8C0B882285D2B4FD61D0688D65B,SHA256=6929777BD6CEDDDFFF86FC7F505374D5AC0FA0F63722DC1C88594E16FBAFFAD1,IMPHASH=B4730776DFCE61DBCD10D002E3D530E1\r\nParentProcessGuid: {BE59402F-BAAD-6491-EA0D-000000002400}\r\nParentProcessId: 2800\r\nParentImage: C:\\Windows\\System32\\msiexec.exe\r\nParentCommandLine: C:\\Windows\\system32\\msiexec.exe /V\r\nParentUser: NT AUTHORITY\\SYSTEM","Category":"Process Create (rule: ProcessCreate)","Opcode":"Info","RuleName":"technique_id=T1218,technique_name=Signed Binary Proxy Execution","UtcTime":"2023-06-20 19:12:01.256","ProcessGuid":"{BE59402F-BAB9-6491-EE0D-000000002400}","Image":"C:\\Windows\\SysWOW64\\msiexec.exe","FileVersion":"5.0.14393.5648 (rs1_release.230105-1654)","Description":"Windows® installer","Product":"Windows Installer - Unicode","Company":"Microsoft Corporation","OriginalFileName":"msiexec.exe","CommandLine":"C:\\Windows\\syswow64\\MsiExec.exe -Embedding 7279541D04B1603395DE97A348D313E7 E Global\\MSI0000","CurrentDirectory":"C:\\Windows\\SysWOW64\\","User":"NT AUTHORITY\\SYSTEM","LogonGuid":"{BE59402F-92B2-648A-E703-000000000000}","LogonId":"0x3e7","TerminalSessionId":"2","IntegrityLevel":"System","Hashes":"SHA1=1E624B36042B97B3EFC66E00C6F431B7823FDB42,MD5=0E6BA8C0B882285D2B4FD61D0688D65B,SHA256=6929777BD6CEDDDFFF86FC7F505374D5AC0FA0F63722DC1C88594E16FBAFFAD1,IMPHASH=B4730776DFCE61DBCD10D002E3D530E1","ParentProcessGuid":"{BE59402F-BAAD-6491-EA0D-000000002400}","ParentProcessId":"2800","ParentImage":"C:\\Windows\\System32\\msiexec.exe","ParentCommandLine":"C:\\Windows\\system32\\msiexec.exe /V","ParentUser":"NT AUTHORITY\\SYSTEM","EventReceivedTime":1687288322,"SourceModuleName":"in_sysmon","SourceModuleType":"im_msvistalog"}
<14>Jun 20 19:12:02 win-server.lunarstiiiness.com Microsoft-Windows-Sysmon[2212]: {"EventTime":1687288320,"Hostname":"win-server.lunarstiiiness.com","Keywords":-9223372036854775808,"EventType":"INFO","SeverityValue":2,"Severity":"INFO","EventID":23,"SourceName":"Microsoft-Windows-Sysmon","ProviderGuid":"{5770385F-C22A-43E0-BF4C-06F5698FFBD9}","Version":5,"Task":23,"OpcodeValue":0,"RecordNumber":2200784,"ProcessID":2212,"ThreadID":2972,"Channel":"Microsoft-Windows-Sysmon/Operational","Domain":"NT AUTHORITY","AccountName":"SYSTEM","UserID":"S-1-5-18","AccountType":"User","Message":"File Delete archived:\r\nRuleName: -\r\nUtcTime: 2023-06-20 19:12:00.789\r\nProcessGuid: {BE59402F-BAAD-6491-EA0D-000000002400}\r\nProcessId: 2800\r\nUser: NT AUTHORITY\\SYSTEM\r\nImage: C:\\Windows\\system32\\msiexec.exe\r\nTargetFilename: C:\\Windows\\Installer\\MSI24D2.tmp\r\nHashes: SHA1=4E75BBB5238F479A8B5E82190C74CB9AF98C2BBA,MD5=DD2F3228CB297FBE1601FB87794A80E2,SHA256=F56005207C1D951B4F0131C2E0526BCB68EBF17B53FCDAE8E4168D6287D9DACC,IMPHASH=C49E3B8B3250CE5843BE9CFA03C540BB\r\nIsExecutable: true\r\nArchived: true","Category":"File Delete archived (rule: FileDelete)","Opcode":"Info","RuleName":"-","UtcTime":"2023-06-20 19:12:00.789","ProcessGuid":"{BE59402F-BAAD-6491-EA0D-000000002400}","User":"NT AUTHORITY\\SYSTEM","Image":"C:\\Windows\\system32\\msiexec.exe","TargetFilename":"C:\\Windows\\Installer\\MSI24D2.tmp","Hashes":"SHA1=4E75BBB5238F479A8B5E82190C74CB9AF98C2BBA,MD5=DD2F3228CB297FBE1601FB87794A80E2,SHA256=F56005207C1D951B4F0131C2E0526BCB68EBF17B53FCDAE8E4168D6287D9DACC,IMPHASH=C49E3B8B3250CE5843BE9CFA03C540BB","IsExecutable":"true","Archived":"true","EventReceivedTime":1687288322,"SourceModuleName":"in_sysmon","SourceModuleType":"im_msvistalog"}
<14>Jun 20 19:12:02 win-server.lunarstiiiness.com Microsoft-Windows-Sysmon[2212]: {"EventTime":1687288320,"Hostname":"win-server.lunarstiiiness.com","Keywords":-9223372036854775808,"EventType":"INFO","SeverityValue":2,"Severity":"INFO","EventID":23,"SourceName":"Microsoft-Windows-Sysmon","ProviderGuid":"{5770385F-C22A-43E0-BF4C-06F5698FFBD9}","Version":5,"Task":23,"OpcodeValue":0,"RecordNumber":2200786,"ProcessID":2212,"ThreadID":2972,"Channel":"Microsoft-Windows-Sysmon/Operational","Domain":"NT AUTHORITY","AccountName":"SYSTEM","UserID":"S-1-5-18","AccountType":"User","Message":"File Delete archived:\r\nRuleName: -\r\nUtcTime: 2023-06-20 19:12:00.800\r\nProcessGuid: {BE59402F-BAAD-6491-EA0D-000000002400}\r\nProcessId: 2800\r\nUser: NT AUTHORITY\\SYSTEM\r\nImage: C:\\Windows\\system32\\msiexec.exe\r\nTargetFilename: C:\\Windows\\Installer\\MSI2530.tmp\r\nHashes: SHA1=4E75BBB5238F479A8B5E82190C74CB9AF98C2BBA,MD5=DD2F3228CB297FBE1601FB87794A80E2,SHA256=F56005207C1D951B4F0131C2E0526BCB68EBF17B53FCDAE8E4168D6287D9DACC,IMPHASH=C49E3B8B3250CE5843BE9CFA03C540BB\r\nIsExecutable: true\r\nArchived: true","Category":"File Delete archived (rule: FileDelete)","Opcode":"Info","RuleName":"-","UtcTime":"2023-06-20 19:12:00.800","ProcessGuid":"{BE59402F-BAAD-6491-EA0D-000000002400}","User":"NT AUTHORITY\\SYSTEM","Image":"C:\\Windows\\system32\\msiexec.exe","TargetFilename":"C:\\Windows\\Installer\\MSI2530.tmp","Hashes":"SHA1=4E75BBB5238F479A8B5E82190C74CB9AF98C2BBA,MD5=DD2F3228CB297FBE1601FB87794A80E2,SHA256=F56005207C1D951B4F0131C2E0526BCB68EBF17B53FCDAE8E4168D6287D9DACC,IMPHASH=C49E3B8B3250CE5843BE9CFA03C540BB","IsExecutable":"true","Archived":"true","EventReceivedTime":1687288322,"SourceModuleName":"in_sysmon","SourceModuleType":"im_msvistalog"}
<14>Jun 20 19:12:02 win-server.lunarstiiiness.com Microsoft-Windows-Sysmon[2212]: {"EventTime":1687288320,"Hostname":"win-server.lunarstiiiness.com","Keywords":-9223372036854775808,"EventType":"INFO","SeverityValue":2,"Severity":"INFO","EventID":23,"SourceName":"Microsoft-Windows-Sysmon","ProviderGuid":"{5770385F-C22A-43E0-BF4C-06F5698FFBD9}","Version":5,"Task":23,"OpcodeValue":0,"RecordNumber":2200788,"ProcessID":2212,"ThreadID":2972,"Channel":"Microsoft-Windows-Sysmon/Operational","Domain":"NT AUTHORITY","AccountName":"SYSTEM","UserID":"S-1-5-18","AccountType":"User","Message":"File Delete archived:\r\nRuleName: -\r\nUtcTime: 2023-06-20 19:12:00.820\r\nProcessGuid: {BE59402F-BAAD-6491-EA0D-000000002400}\r\nProcessId: 2800\r\nUser: NT AUTHORITY\\SYSTEM\r\nImage: C:\\Windows\\system32\\msiexec.exe\r\nTargetFilename: C:\\Windows\\Installer\\MSI2541.tmp\r\nHashes: SHA1=4E75BBB5238F479A8B5E82190C74CB9AF98C2BBA,MD5=DD2F3228CB297FBE1601FB87794A80E2,SHA256=F56005207C1D951B4F0131C2E0526BCB68EBF17B53FCDAE8E4168D6287D9DACC,IMPHASH=C49E3B8B3250CE5843BE9CFA03C540BB\r\nIsExecutable: true\r\nArchived: true","Category":"File Delete archived (rule: FileDelete)","Opcode":"Info","RuleName":"-","UtcTime":"2023-06-20 19:12:00.820","ProcessGuid":"{BE59402F-BAAD-6491-EA0D-000000002400}","User":"NT AUTHORITY\\SYSTEM","Image":"C:\\Windows\\system32\\msiexec.exe","TargetFilename":"C:\\Windows\\Installer\\MSI2541.tmp","Hashes":"SHA1=4E75BBB5238F479A8B5E82190C74CB9AF98C2BBA,MD5=DD2F3228CB297FBE1601FB87794A80E2,SHA256=F56005207C1D951B4F0131C2E0526BCB68EBF17B53FCDAE8E4168D6287D9DACC,IMPHASH=C49E3B8B3250CE5843BE9CFA03C540BB","IsExecutable":"true","Archived":"true","EventReceivedTime":1687288322,"SourceModuleName":"in_sysmon","SourceModuleType":"im_msvistalog"}
<14>Jun 20 19:12:02 win-server.lunarstiiiness.com Microsoft-Windows-Sysmon[2212]: {"EventTime":1687288320,"Hostname":"win-server.lunarstiiiness.com","Keywords":-9223372036854775808,"EventType":"INFO","SeverityValue":2,"Severity":"INFO","EventID":23,"SourceName":"Microsoft-Windows-Sysmon","ProviderGuid":"{5770385F-C22A-43E0-BF4C-06F5698FFBD9}","Version":5,"Task":23,"OpcodeValue":0,"RecordNumber":2200790,"ProcessID":2212,"ThreadID":2972,"Channel":"Microsoft-Windows-Sysmon/Operational","Domain":"NT AUTHORITY","AccountName":"SYSTEM","UserID":"S-1-5-18","AccountType":"User","Message":"File Delete archived:\r\nRuleName: -\r\nUtcTime: 2023-06-20 19:12:00.836\r\nProcessGuid: {BE59402F-BAAD-6491-EA0D-000000002400}\r\nProcessId: 2800\r\nUser: NT AUTHORITY\\SYSTEM\r\nImage: C:\\Windows\\system32\\msiexec.exe\r\nTargetFilename: C:\\Windows\\Installer\\MSI2552.tmp\r\nHashes: SHA1=4E75BBB5238F479A8B5E82190C74CB9AF98C2BBA,MD5=DD2F3228CB297FBE1601FB87794A80E2,SHA256=F56005207C1D951B4F0131C2E0526BCB68EBF17B53FCDAE8E4168D6287D9DACC,IMPHASH=C49E3B8B3250CE5843BE9CFA03C540BB\r\nIsExecutable: true\r\nArchived: true","Category":"File Delete archived (rule: FileDelete)","Opcode":"Info","RuleName":"-","UtcTime":"2023-06-20 19:12:00.836","ProcessGuid":"{BE59402F-BAAD-6491-EA0D-000000002400}","User":"NT AUTHORITY\\SYSTEM","Image":"C:\\Windows\\system32\\msiexec.exe","TargetFilename":"C:\\Windows\\Installer\\MSI2552.tmp","Hashes":"SHA1=4E75BBB5238F479A8B5E82190C74CB9AF98C2BBA,MD5=DD2F3228CB297FBE1601FB87794A80E2,SHA256=F56005207C1D951B4F0131C2E0526BCB68EBF17B53FCDAE8E4168D6287D9DACC,IMPHASH=C49E3B8B3250CE5843BE9CFA03C540BB","IsExecutable":"true","Archived":"true","EventReceivedTime":1687288322,"SourceModuleName":"in_sysmon","SourceModuleType":"im_msvistalog"}
<14>Jun 20 19:12:02 win-server.lunarstiiiness.com Microsoft-Windows-Sysmon[2212]: {"EventTime":1687288320,"Hostname":"win-server.lunarstiiiness.com","Keywords":-9223372036854775808,"EventType":"INFO","SeverityValue":2,"Severity":"INFO","EventID":23,"SourceName":"Microsoft-Windows-Sysmon","ProviderGuid":"{5770385F-C22A-43E0-BF4C-06F5698FFBD9}","Version":5,"Task":23,"OpcodeValue":0,"RecordNumber":2200796,"ProcessID":2212,"ThreadID":2972,"Channel":"Microsoft-Windows-Sysmon/Operational","Domain":"NT AUTHORITY","AccountName":"SYSTEM","UserID":"S-1-5-18","AccountType":"User","Message":"File Delete archived:\r\nRuleName: -\r\nUtcTime: 2023-06-20 19:12:00.949\r\nProcessGuid: {BE59402F-BAAD-6491-EA0D-000000002400}\r\nProcessId: 2800\r\nUser: NT AUTHORITY\\SYSTEM\r\nImage: C:\\Windows\\system32\\msiexec.exe\r\nTargetFilename: C:\\Windows\\Installer\\MSI25D0.tmp\r\nHashes: SHA1=DA39A3EE5E6B4B0D3255BFEF95601890AFD80709,MD5=D41D8CD98F00B204E9800998ECF8427E,SHA256=E3B0C44298FC1C149AFBF4C8996FB92427AE41E4649B934CA495991B7852B855,IMPHASH=00000000000000000000000000000000\r\nIsExecutable: false\r\nArchived: true","Category":"File Delete archived (rule: FileDelete)","Opcode":"Info","RuleName":"-","UtcTime":"2023-06-20 19:12:00.949","ProcessGuid":"{BE59402F-BAAD-6491-EA0D-000000002400}","User":"NT AUTHORITY\\SYSTEM","Image":"C:\\Windows\\system32\\msiexec.exe","TargetFilename":"C:\\Windows\\Installer\\MSI25D0.tmp","Hashes":"SHA1=DA39A3EE5E6B4B0D3255BFEF95601890AFD80709,MD5=D41D8CD98F00B204E9800998ECF8427E,SHA256=E3B0C44298FC1C149AFBF4C8996FB92427AE41E4649B934CA495991B7852B855,IMPHASH=00000000000000000000000000000000","IsExecutable":"false","Archived":"true","EventReceivedTime":1687288322,"SourceModuleName":"in_sysmon","SourceModuleType":"im_msvistalog"}
<14>Jun 20 19:12:02 win-server.lunarstiiiness.com Microsoft-Windows-Sysmon[2212]: {"EventTime":1687288320,"Hostname":"win-server.lunarstiiiness.com","Keywords":-9223372036854775808,"EventType":"INFO","SeverityValue":2,"Severity":"INFO","EventID":23,"SourceName":"Microsoft-Windows-Sysmon","ProviderGuid":"{5770385F-C22A-43E0-BF4C-06F5698FFBD9}","Version":5,"Task":23,"OpcodeValue":0,"RecordNumber":2200799,"ProcessID":2212,"ThreadID":2972,"Channel":"Microsoft-Windows-Sysmon/Operational","Domain":"NT AUTHORITY","AccountName":"SYSTEM","UserID":"S-1-5-18","AccountType":"User","Message":"File Delete archived:\r\nRuleName: -\r\nUtcTime: 2023-06-20 19:12:00.976\r\nProcessGuid: {BE59402F-BAAD-6491-EA0D-000000002400}\r\nProcessId: 2800\r\nUser: NT AUTHORITY\\SYSTEM\r\nImage: C:\\Windows\\system32\\msiexec.exe\r\nTargetFilename: C:\\Windows\\Installer\\MSI25E0.tmp\r\nHashes: SHA1=4E75BBB5238F479A8B5E82190C74CB9AF98C2BBA,MD5=DD2F3228CB297FBE1601FB87794A80E2,SHA256=F56005207C1D951B4F0131C2E0526BCB68EBF17B53FCDAE8E4168D6287D9DACC,IMPHASH=C49E3B8B3250CE5843BE9CFA03C540BB\r\nIsExecutable: true\r\nArchived: true","Category":"File Delete archived (rule: FileDelete)","Opcode":"Info","RuleName":"-","UtcTime":"2023-06-20 19:12:00.976","ProcessGuid":"{BE59402F-BAAD-6491-EA0D-000000002400}","User":"NT AUTHORITY\\SYSTEM","Image":"C:\\Windows\\system32\\msiexec.exe","TargetFilename":"C:\\Windows\\Installer\\MSI25E0.tmp","Hashes":"SHA1=4E75BBB5238F479A8B5E82190C74CB9AF98C2BBA,MD5=DD2F3228CB297FBE1601FB87794A80E2,SHA256=F56005207C1D951B4F0131C2E0526BCB68EBF17B53FCDAE8E4168D6287D9DACC,IMPHASH=C49E3B8B3250CE5843BE9CFA03C540BB","IsExecutable":"true","Archived":"true","EventReceivedTime":1687288322,"SourceModuleName":"in_sysmon","SourceModuleType":"im_msvistalog"}
<14>Jun 20 19:12:02 win-server.lunarstiiiness.com Microsoft-Windows-Sysmon[2212]: {"EventTime":1687288321,"Hostname":"win-server.lunarstiiiness.com","Keywords":-9223372036854775808,"EventType":"INFO","SeverityValue":2,"Severity":"INFO","EventID":23,"SourceName":"Microsoft-Windows-Sysmon","ProviderGuid":"{5770385F-C22A-43E0-BF4C-06F5698FFBD9}","Version":5,"Task":23,"OpcodeValue":0,"RecordNumber":2200801,"ProcessID":2212,"ThreadID":2972,"Channel":"Microsoft-Windows-Sysmon/Operational","Domain":"NT AUTHORITY","AccountName":"SYSTEM","UserID":"S-1-5-18","AccountType":"User","Message":"File Delete archived:\r\nRuleName: -\r\nUtcTime: 2023-06-20 19:12:01.156\r\nProcessGuid: {BE59402F-BAAD-6491-EA0D-000000002400}\r\nProcessId: 2800\r\nUser: NT AUTHORITY\\SYSTEM\r\nImage: C:\\Windows\\system32\\msiexec.exe\r\nTargetFilename: C:\\Windows\\Installer\\MSI2601.tmp\r\nHashes: SHA1=165CFBDCE1811883360112441F7237B287CF0691,MD5=D773D9BD091E712DF7560F576DA53DE8,SHA256=E0DB1804CF53ED4819ED70CB35C67680CE1A77573EFDED86E6DAC81010CE55E7,IMPHASH=7682FC45495CDE5C858235C507DEF712\r\nIsExecutable: true\r\nArchived: true","Category":"File Delete archived (rule: FileDelete)","Opcode":"Info","RuleName":"-","UtcTime":"2023-06-20 19:12:01.156","ProcessGuid":"{BE59402F-BAAD-6491-EA0D-000000002400}","User":"NT AUTHORITY\\SYSTEM","Image":"C:\\Windows\\system32\\msiexec.exe","TargetFilename":"C:\\Windows\\Installer\\MSI2601.tmp","Hashes":"SHA1=165CFBDCE1811883360112441F7237B287CF0691,MD5=D773D9BD091E712DF7560F576DA53DE8,SHA256=E0DB1804CF53ED4819ED70CB35C67680CE1A77573EFDED86E6DAC81010CE55E7,IMPHASH=7682FC45495CDE5C858235C507DEF712","IsExecutable":"true","Archived":"true","EventReceivedTime":1687288322,"SourceModuleName":"in_sysmon","SourceModuleType":"im_msvistalog"}
