<14>Jun 20 19:29:12 win-adfs.lunarstiiiness.com Microsoft-Windows-Sysmon[2556]: {"EventTime":1687289351,"Hostname":"win-adfs.lunarstiiiness.com","Keywords":-9223372036854775808,"EventType":"INFO","SeverityValue":2,"Severity":"INFO","EventID":12,"SourceName":"Microsoft-Windows-Sysmon","ProviderGuid":"{5770385F-C22A-43E0-BF4C-06F5698FFBD9}","Version":2,"Task":12,"OpcodeValue":0,"RecordNumber":5946434,"ProcessID":2556,"ThreadID":3972,"Channel":"Microsoft-Windows-Sysmon/Operational","Domain":"NT AUTHORITY","AccountName":"SYSTEM","UserID":"S-1-5-18","AccountType":"User","Message":"Registry object added or deleted:\r\nRuleName: technique_id=T1543,technique_name=Service Creation\r\nEventType: CreateKey\r\nUtcTime: 2023-06-20 19:29:11.398\r\nProcessGuid: {927d35bf-313c-6489-5a00-000000002900}\r\nProcessId: 2928\r\nImage: C:\\ProgramData\\Microsoft\\Windows Defender\\Platform\\4.18.23050.5-0\\MsMpEng.exe\r\nTargetObject: HKLM\\System\\CurrentControlSet\\Services\r\nUser: NT AUTHORITY\\SYSTEM","Category":"Registry object added or deleted (rule: RegistryEvent)","Opcode":"Info","RuleName":"technique_id=T1543,technique_name=Service Creation","UtcTime":"2023-06-20 19:29:11.398","ProcessGuid":"{927d35bf-313c-6489-5a00-000000002900}","Image":"C:\\ProgramData\\Microsoft\\Windows Defender\\Platform\\4.18.23050.5-0\\MsMpEng.exe","TargetObject":"HKLM\\System\\CurrentControlSet\\Services","User":"NT AUTHORITY\\SYSTEM","EventReceivedTime":1687289352,"SourceModuleName":"in_sysmon","SourceModuleType":"im_msvistalog"}
<14>Jun 20 19:29:12 win-adfs.lunarstiiiness.com Microsoft-Windows-Sysmon[2556]: {"EventTime":1687289352,"Hostname":"win-adfs.lunarstiiiness.com","Keywords":-9223372036854775808,"EventType":"INFO","SeverityValue":2,"Severity":"INFO","EventID":12,"SourceName":"Microsoft-Windows-Sysmon","ProviderGuid":"{5770385F-C22A-43E0-BF4C-06F5698FFBD9}","Version":2,"Task":12,"OpcodeValue":0,"RecordNumber":5946435,"ProcessID":2556,"ThreadID":3972,"Channel":"Microsoft-Windows-Sysmon/Operational","Domain":"NT AUTHORITY","AccountName":"SYSTEM","UserID":"S-1-5-18","AccountType":"User","Message":"Registry object added or deleted:\r\nRuleName: technique_id=T1543,technique_name=Service Creation\r\nEventType: CreateKey\r\nUtcTime: 2023-06-20 19:29:12.135\r\nProcessGuid: {927d35bf-313c-6489-5a00-000000002900}\r\nProcessId: 2928\r\nImage: C:\\ProgramData\\Microsoft\\Windows Defender\\Platform\\4.18.23050.5-0\\MsMpEng.exe\r\nTargetObject: HKLM\\System\\CurrentControlSet\\Services\r\nUser: NT AUTHORITY\\SYSTEM","Category":"Registry object added or deleted (rule: RegistryEvent)","Opcode":"Info","RuleName":"technique_id=T1543,technique_name=Service Creation","UtcTime":"2023-06-20 19:29:12.135","ProcessGuid":"{927d35bf-313c-6489-5a00-000000002900}","Image":"C:\\ProgramData\\Microsoft\\Windows Defender\\Platform\\4.18.23050.5-0\\MsMpEng.exe","TargetObject":"HKLM\\System\\CurrentControlSet\\Services","User":"NT AUTHORITY\\SYSTEM","EventReceivedTime":1687289352,"SourceModuleName":"in_sysmon","SourceModuleType":"im_msvistalog"}
<14>Jun 20 19:29:14 win-adfs.lunarstiiiness.com Microsoft-Windows-Sysmon[2556]: {"EventTime":1687289353,"Hostname":"win-adfs.lunarstiiiness.com","Keywords":-9223372036854775808,"EventType":"INFO","SeverityValue":2,"Severity":"INFO","EventID":11,"SourceName":"Microsoft-Windows-Sysmon","ProviderGuid":"{5770385F-C22A-43E0-BF4C-06F5698FFBD9}","Version":2,"Task":11,"OpcodeValue":0,"RecordNumber":5946436,"ProcessID":2556,"ThreadID":3972,"Channel":"Microsoft-Windows-Sysmon/Operational","Domain":"NT AUTHORITY","AccountName":"SYSTEM","UserID":"S-1-5-18","AccountType":"User","Message":"File created:\r\nRuleName: technique_id=T1574.010,technique_name=Services File Permissions Weakness\r\nUtcTime: 2023-06-20 19:29:13.121\r\nProcessGuid: {927d35bf-313c-6489-5a00-000000002900}\r\nProcessId: 2928\r\nImage: C:\\ProgramData\\Microsoft\\Windows Defender\\Platform\\4.18.23050.5-0\\MsMpEng.exe\r\nTargetFilename: C:\\Windows\\Temp\\01d9a3ad7e8160fd\r\nCreationUtcTime: 2023-06-20 19:29:13.121\r\nUser: NT AUTHORITY\\SYSTEM","Category":"File created (rule: FileCreate)","Opcode":"Info","RuleName":"technique_id=T1574.010,technique_name=Services File Permissions Weakness","UtcTime":"2023-06-20 19:29:13.121","ProcessGuid":"{927d35bf-313c-6489-5a00-000000002900}","Image":"C:\\ProgramData\\Microsoft\\Windows Defender\\Platform\\4.18.23050.5-0\\MsMpEng.exe","TargetFilename":"C:\\Windows\\Temp\\01d9a3ad7e8160fd","CreationUtcTime":"2023-06-20 19:29:13.121","User":"NT AUTHORITY\\SYSTEM","EventReceivedTime":1687289354,"SourceModuleName":"in_sysmon","SourceModuleType":"im_msvistalog"}
<14>Jun 20 19:29:27 win-adfs.lunarstiiiness.com Microsoft-Windows-Sysmon[2556]: {"EventTime":1687289365,"Hostname":"win-adfs.lunarstiiiness.com","Keywords":-9223372036854775808,"EventType":"INFO","SeverityValue":2,"Severity":"INFO","EventID":10,"SourceName":"Microsoft-Windows-Sysmon","ProviderGuid":"{5770385F-C22A-43E0-BF4C-06F5698FFBD9}","Version":3,"Task":10,"OpcodeValue":0,"RecordNumber":5946437,"ProcessID":2556,"ThreadID":3972,"Channel":"Microsoft-Windows-Sysmon/Operational","Domain":"NT AUTHORITY","AccountName":"SYSTEM","UserID":"S-1-5-18","AccountType":"User","Message":"Process accessed:\r\nRuleName: technique_id=T1055.001,technique_name=Dynamic-link Library Injection\r\nUtcTime: 2023-06-20 19:29:25.662\r\nSourceProcessGUID: {927d35bf-31d7-6489-a700-000000002900}\r\nSourceProcessId: 4804\r\nSourceThreadId: 6824\r\nSourceImage: C:\\Program Files\\Azure Advanced Threat Protection Sensor\\2.205.16667.61114\\Microsoft.Tri.Sensor.Updater.exe\r\nTargetProcessGUID: {927d35bf-320b-6489-b600-000000002900}\r\nTargetProcessId: 4168\r\nTargetImage: C:\\Program Files\\Azure Advanced Threat Protection Sensor\\2.205.16667.61114\\Microsoft.Tri.Sensor.exe\r\nGrantedAccess: 0x1F3FFF\r\nCallTrace: C:\\Windows\\SYSTEM32\\ntdll.dll+9f9a4|C:\\Windows\\System32\\KERNELBASE.dll+44a7e|UNKNOWN(00007FFB6B21EF70)\r\nSourceUser: NT AUTHORITY\\SYSTEM\r\nTargetUser: NT AUTHORITY\\LOCAL SERVICE","Category":"Process accessed (rule: ProcessAccess)","Opcode":"Info","RuleName":"technique_id=T1055.001,technique_name=Dynamic-link Library Injection","UtcTime":"2023-06-20 19:29:25.662","SourceProcessGUID":"{927d35bf-31d7-6489-a700-000000002900}","SourceProcessId":"4804","SourceThreadId":"6824","SourceImage":"C:\\Program Files\\Azure Advanced Threat Protection Sensor\\2.205.16667.61114\\Microsoft.Tri.Sensor.Updater.exe","TargetProcessGUID":"{927d35bf-320b-6489-b600-000000002900}","TargetProcessId":"4168","TargetImage":"C:\\Program Files\\Azure Advanced Threat Protection Sensor\\2.205.16667.61114\\Microsoft.Tri.Sensor.exe","GrantedAccess":"0x1f3fff","CallTrace":"C:\\Windows\\SYSTEM32\\ntdll.dll+9f9a4|C:\\Windows\\System32\\KERNELBASE.dll+44a7e|UNKNOWN(00007FFB6B21EF70)","SourceUser":"NT AUTHORITY\\SYSTEM","TargetUser":"NT AUTHORITY\\LOCAL SERVICE","EventReceivedTime":1687289367,"SourceModuleName":"in_sysmon","SourceModuleType":"im_msvistalog"}
<14>Jun 20 19:29:27 win-adfs.lunarstiiiness.com Microsoft-Windows-Sysmon[2556]: {"EventTime":1687289365,"Hostname":"win-adfs.lunarstiiiness.com","Keywords":-9223372036854775808,"EventType":"INFO","SeverityValue":2,"Severity":"INFO","EventID":10,"SourceName":"Microsoft-Windows-Sysmon","ProviderGuid":"{5770385F-C22A-43E0-BF4C-06F5698FFBD9}","Version":3,"Task":10,"OpcodeValue":0,"RecordNumber":5946438,"ProcessID":2556,"ThreadID":3972,"Channel":"Microsoft-Windows-Sysmon/Operational","Domain":"NT AUTHORITY","AccountName":"SYSTEM","UserID":"S-1-5-18","AccountType":"User","Message":"Process accessed:\r\nRuleName: technique_id=T1055.001,technique_name=Dynamic-link Library Injection\r\nUtcTime: 2023-06-20 19:29:25.744\r\nSourceProcessGUID: {927d35bf-31d7-6489-a700-000000002900}\r\nSourceProcessId: 4804\r\nSourceThreadId: 9556\r\nSourceImage: C:\\Program Files\\Azure Advanced Threat Protection Sensor\\2.205.16667.61114\\Microsoft.Tri.Sensor.Updater.exe\r\nTargetProcessGUID: {927d35bf-320b-6489-b600-000000002900}\r\nTargetProcessId: 4168\r\nTargetImage: C:\\Program Files\\Azure Advanced Threat Protection Sensor\\2.205.16667.61114\\Microsoft.Tri.Sensor.exe\r\nGrantedAccess: 0x1F3FFF\r\nCallTrace: C:\\Windows\\SYSTEM32\\ntdll.dll+9f9a4|C:\\Windows\\System32\\KERNELBASE.dll+44a7e|UNKNOWN(00007FFB6B21EF70)\r\nSourceUser: NT AUTHORITY\\SYSTEM\r\nTargetUser: NT AUTHORITY\\LOCAL SERVICE","Category":"Process accessed (rule: ProcessAccess)","Opcode":"Info","RuleName":"technique_id=T1055.001,technique_name=Dynamic-link Library Injection","UtcTime":"2023-06-20 19:29:25.744","SourceProcessGUID":"{927d35bf-31d7-6489-a700-000000002900}","SourceProcessId":"4804","SourceThreadId":"9556","SourceImage":"C:\\Program Files\\Azure Advanced Threat Protection Sensor\\2.205.16667.61114\\Microsoft.Tri.Sensor.Updater.exe","TargetProcessGUID":"{927d35bf-320b-6489-b600-000000002900}","TargetProcessId":"4168","TargetImage":"C:\\Program Files\\Azure Advanced Threat Protection Sensor\\2.205.16667.61114\\Microsoft.Tri.Sensor.exe","GrantedAccess":"0x1f3fff","CallTrace":"C:\\Windows\\SYSTEM32\\ntdll.dll+9f9a4|C:\\Windows\\System32\\KERNELBASE.dll+44a7e|UNKNOWN(00007FFB6B21EF70)","SourceUser":"NT AUTHORITY\\SYSTEM","TargetUser":"NT AUTHORITY\\LOCAL SERVICE","EventReceivedTime":1687289367,"SourceModuleName":"in_sysmon","SourceModuleType":"im_msvistalog"}
<14>Jun 20 19:29:29 win-server.lunarstiiiness.com Microsoft-Windows-Sysmon[2212]: {"EventTime":1687289368,"Hostname":"win-server.lunarstiiiness.com","Keywords":-9223372036854775808,"EventType":"INFO","SeverityValue":2,"Severity":"INFO","EventID":22,"SourceName":"Microsoft-Windows-Sysmon","ProviderGuid":"{5770385F-C22A-43E0-BF4C-06F5698FFBD9}","Version":5,"Task":22,"OpcodeValue":0,"RecordNumber":2202651,"ProcessID":2212,"ThreadID":2992,"Channel":"Microsoft-Windows-Sysmon/Operational","Domain":"NT AUTHORITY","AccountName":"SYSTEM","UserID":"S-1-5-18","AccountType":"User","Message":"Dns query:\r\nRuleName: -\r\nUtcTime: 2023-06-20 19:29:26.921\r\nProcessGuid: {BE59402F-FD9C-6491-5F0E-000000002400}\r\nProcessId: 3588\r\nQueryName: rsca-prd-ava-streamingserver-098c5c829afab7e39.remoteview.logmein.com\r\nQueryStatus: 0\r\nQueryResults: ::ffff:3.84.44.153;\r\nImage: C:\\Program Files (x86)\\LogMeIn Rescue Technician Console\\LogMeInRescueTechnicianConsole_x64\\LMIRTechConsole.exe\r\nUser: LUNARSTIIINESS\\tim.smith_admin","Category":"Dns query (rule: DnsQuery)","Opcode":"Info","RuleName":"-","UtcTime":"2023-06-20 19:29:26.921","ProcessGuid":"{BE59402F-FD9C-6491-5F0E-000000002400}","QueryName":"rsca-prd-ava-streamingserver-098c5c829afab7e39.remoteview.logmein.com","QueryStatus":"0","QueryResults":"::ffff:3.84.44.153;","Image":"C:\\Program Files (x86)\\LogMeIn Rescue Technician Console\\LogMeInRescueTechnicianConsole_x64\\LMIRTechConsole.exe","User":"LUNARSTIIINESS\\tim.smith_admin","EventReceivedTime":1687289369,"SourceModuleName":"in_sysmon","SourceModuleType":"im_msvistalog"}
<14>Jun 20 19:29:29 win-server.lunarstiiiness.com Microsoft-Windows-Sysmon[2212]: {"EventTime":1687289367,"Hostname":"win-server.lunarstiiiness.com","Keywords":-9223372036854775808,"EventType":"INFO","SeverityValue":2,"Severity":"INFO","EventID":23,"SourceName":"Microsoft-Windows-Sysmon","ProviderGuid":"{5770385F-C22A-43E0-BF4C-06F5698FFBD9}","Version":5,"Task":23,"OpcodeValue":0,"RecordNumber":2202649,"ProcessID":2212,"ThreadID":2972,"Channel":"Microsoft-Windows-Sysmon/Operational","Domain":"NT AUTHORITY","AccountName":"SYSTEM","UserID":"S-1-5-18","AccountType":"User","Message":"File Delete archived:\r\nRuleName: -\r\nUtcTime: 2023-06-20 19:29:27.612\r\nProcessGuid: {BE59402F-92B3-648A-1300-000000002400}\r\nProcessId: 956\r\nUser: NT AUTHORITY\\LOCAL SERVICE\r\nImage: C:\\Windows\\system32\\svchost.exe\r\nTargetFilename: C:\\Windows\\ServiceProfiles\\LocalService\\AppData\\Local\\lastalive0.dat\r\nHashes: SHA1=98BFF425F94556F11AB7DF13C2C8596FE1779DDF,MD5=501F50B6E412E2E16136C8D9A8D4875C,SHA256=F954856D6FD5300EEEAF7B8295575F137F0C8BFA354590FE183D1C5571A3E814,IMPHASH=00000000000000000000000000000000\r\nIsExecutable: false\r\nArchived: true","Category":"File Delete archived (rule: FileDelete)","Opcode":"Info","RuleName":"-","UtcTime":"2023-06-20 19:29:27.612","ProcessGuid":"{BE59402F-92B3-648A-1300-000000002400}","User":"NT AUTHORITY\\LOCAL SERVICE","Image":"C:\\Windows\\system32\\svchost.exe","TargetFilename":"C:\\Windows\\ServiceProfiles\\LocalService\\AppData\\Local\\lastalive0.dat","Hashes":"SHA1=98BFF425F94556F11AB7DF13C2C8596FE1779DDF,MD5=501F50B6E412E2E16136C8D9A8D4875C,SHA256=F954856D6FD5300EEEAF7B8295575F137F0C8BFA354590FE183D1C5571A3E814,IMPHASH=00000000000000000000000000000000","IsExecutable":"false","Archived":"true","EventReceivedTime":1687289369,"SourceModuleName":"in_sysmon","SourceModuleType":"im_msvistalog"}
<14>Jun 20 19:29:29 win-server.lunarstiiiness.com Microsoft-Windows-Sysmon[2212]: {"EventTime":1687289367,"Hostname":"win-server.lunarstiiiness.com","Keywords":-9223372036854775808,"EventType":"INFO","SeverityValue":2,"Severity":"INFO","EventID":11,"SourceName":"Microsoft-Windows-Sysmon","ProviderGuid":"{5770385F-C22A-43E0-BF4C-06F5698FFBD9}","Version":2,"Task":11,"OpcodeValue":0,"RecordNumber":2202650,"ProcessID":2212,"ThreadID":2972,"Channel":"Microsoft-Windows-Sysmon/Operational","Domain":"NT AUTHORITY","AccountName":"SYSTEM","UserID":"S-1-5-18","AccountType":"User","Message":"File created:\r\nRuleName: technique_id=T1574.010,technique_name=Services File Permissions Weakness\r\nUtcTime: 2023-06-20 19:29:27.613\r\nProcessGuid: {BE59402F-92B3-648A-1300-000000002400}\r\nProcessId: 956\r\nImage: C:\\Windows\\system32\\svchost.exe\r\nTargetFilename: C:\\Windows\\ServiceProfiles\\LocalService\\AppData\\Local\\lastalive0.dat\r\nCreationUtcTime: 2023-06-15 04:25:23.811\r\nUser: NT AUTHORITY\\LOCAL SERVICE","Category":"File created (rule: FileCreate)","Opcode":"Info","RuleName":"technique_id=T1574.010,technique_name=Services File Permissions Weakness","UtcTime":"2023-06-20 19:29:27.613","ProcessGuid":"{BE59402F-92B3-648A-1300-000000002400}","Image":"C:\\Windows\\system32\\svchost.exe","TargetFilename":"C:\\Windows\\ServiceProfiles\\LocalService\\AppData\\Local\\lastalive0.dat","CreationUtcTime":"2023-06-15 04:25:23.811","User":"NT AUTHORITY\\LOCAL SERVICE","EventReceivedTime":1687289369,"SourceModuleName":"in_sysmon","SourceModuleType":"im_msvistalog"}
<14>Jun 20 19:29:30 win-adfs.lunarstiiiness.com Microsoft-Windows-Sysmon[2556]: {"EventTime":1687289370,"Hostname":"win-adfs.lunarstiiiness.com","Keywords":-9223372036854775808,"EventType":"INFO","SeverityValue":2,"Severity":"INFO","EventID":12,"SourceName":"Microsoft-Windows-Sysmon","ProviderGuid":"{5770385F-C22A-43E0-BF4C-06F5698FFBD9}","Version":2,"Task":12,"OpcodeValue":0,"RecordNumber":5946439,"ProcessID":2556,"ThreadID":3972,"Channel":"Microsoft-Windows-Sysmon/Operational","Domain":"NT AUTHORITY","AccountName":"SYSTEM","UserID":"S-1-5-18","AccountType":"User","Message":"Registry object added or deleted:\r\nRuleName: technique_id=T1543,technique_name=Service Creation\r\nEventType: CreateKey\r\nUtcTime: 2023-06-20 19:29:30.008\r\nProcessGuid: {927d35bf-313c-6489-5a00-000000002900}\r\nProcessId: 2928\r\nImage: C:\\ProgramData\\Microsoft\\Windows Defender\\Platform\\4.18.23050.5-0\\MsMpEng.exe\r\nTargetObject: HKLM\\System\\CurrentControlSet\\Services\r\nUser: NT AUTHORITY\\SYSTEM","Category":"Registry object added or deleted (rule: RegistryEvent)","Opcode":"Info","RuleName":"technique_id=T1543,technique_name=Service Creation","UtcTime":"2023-06-20 19:29:30.008","ProcessGuid":"{927d35bf-313c-6489-5a00-000000002900}","Image":"C:\\ProgramData\\Microsoft\\Windows Defender\\Platform\\4.18.23050.5-0\\MsMpEng.exe","TargetObject":"HKLM\\System\\CurrentControlSet\\Services","User":"NT AUTHORITY\\SYSTEM","EventReceivedTime":1687289370,"SourceModuleName":"in_sysmon","SourceModuleType":"im_msvistalog"}
<14>Jun 20 19:29:30 win-adfs.lunarstiiiness.com Microsoft-Windows-Sysmon[2556]: {"EventTime":1687289370,"Hostname":"win-adfs.lunarstiiiness.com","Keywords":-9223372036854775808,"EventType":"INFO","SeverityValue":2,"Severity":"INFO","EventID":12,"SourceName":"Microsoft-Windows-Sysmon","ProviderGuid":"{5770385F-C22A-43E0-BF4C-06F5698FFBD9}","Version":2,"Task":12,"OpcodeValue":0,"RecordNumber":5946441,"ProcessID":2556,"ThreadID":3972,"Channel":"Microsoft-Windows-Sysmon/Operational","Domain":"NT AUTHORITY","AccountName":"SYSTEM","UserID":"S-1-5-18","AccountType":"User","Message":"Registry object added or deleted:\r\nRuleName: technique_id=T1543,technique_name=Service Creation\r\nEventType: CreateKey\r\nUtcTime: 2023-06-20 19:29:30.009\r\nProcessGuid: {927d35bf-313c-6489-5a00-000000002900}\r\nProcessId: 2928\r\nImage: C:\\ProgramData\\Microsoft\\Windows Defender\\Platform\\4.18.23050.5-0\\MsMpEng.exe\r\nTargetObject: HKLM\\System\\CurrentControlSet\\Services\r\nUser: NT AUTHORITY\\SYSTEM","Category":"Registry object added or deleted (rule: RegistryEvent)","Opcode":"Info","RuleName":"technique_id=T1543,technique_name=Service Creation","UtcTime":"2023-06-20 19:29:30.009","ProcessGuid":"{927d35bf-313c-6489-5a00-000000002900}","Image":"C:\\ProgramData\\Microsoft\\Windows Defender\\Platform\\4.18.23050.5-0\\MsMpEng.exe","TargetObject":"HKLM\\System\\CurrentControlSet\\Services","User":"NT AUTHORITY\\SYSTEM","EventReceivedTime":1687289370,"SourceModuleName":"in_sysmon","SourceModuleType":"im_msvistalog"}
<14>Jun 20 19:29:30 win-adfs.lunarstiiiness.com Microsoft-Windows-Sysmon[2556]: {"EventTime":1687289370,"Hostname":"win-adfs.lunarstiiiness.com","Keywords":-9223372036854775808,"EventType":"INFO","SeverityValue":2,"Severity":"INFO","EventID":12,"SourceName":"Microsoft-Windows-Sysmon","ProviderGuid":"{5770385F-C22A-43E0-BF4C-06F5698FFBD9}","Version":2,"Task":12,"OpcodeValue":0,"RecordNumber":5946442,"ProcessID":2556,"ThreadID":3972,"Channel":"Microsoft-Windows-Sysmon/Operational","Domain":"NT AUTHORITY","AccountName":"SYSTEM","UserID":"S-1-5-18","AccountType":"User","Message":"Registry object added or deleted:\r\nRuleName: technique_id=T1543,technique_name=Service Creation\r\nEventType: CreateKey\r\nUtcTime: 2023-06-20 19:29:30.009\r\nProcessGuid: {927d35bf-313c-6489-5a00-000000002900}\r\nProcessId: 2928\r\nImage: C:\\ProgramData\\Microsoft\\Windows Defender\\Platform\\4.18.23050.5-0\\MsMpEng.exe\r\nTargetObject: HKLM\\System\\CurrentControlSet\\Services\r\nUser: NT AUTHORITY\\SYSTEM","Category":"Registry object added or deleted (rule: RegistryEvent)","Opcode":"Info","RuleName":"technique_id=T1543,technique_name=Service Creation","UtcTime":"2023-06-20 19:29:30.009","ProcessGuid":"{927d35bf-313c-6489-5a00-000000002900}","Image":"C:\\ProgramData\\Microsoft\\Windows Defender\\Platform\\4.18.23050.5-0\\MsMpEng.exe","TargetObject":"HKLM\\System\\CurrentControlSet\\Services","User":"NT AUTHORITY\\SYSTEM","EventReceivedTime":1687289370,"SourceModuleName":"in_sysmon","SourceModuleType":"im_msvistalog"}
<14>Jun 20 19:29:30 win-adfs.lunarstiiiness.com Microsoft-Windows-Sysmon[2556]: {"EventTime":1687289370,"Hostname":"win-adfs.lunarstiiiness.com","Keywords":-9223372036854775808,"EventType":"INFO","SeverityValue":2,"Severity":"INFO","EventID":12,"SourceName":"Microsoft-Windows-Sysmon","ProviderGuid":"{5770385F-C22A-43E0-BF4C-06F5698FFBD9}","Version":2,"Task":12,"OpcodeValue":0,"RecordNumber":5946445,"ProcessID":2556,"ThreadID":3972,"Channel":"Microsoft-Windows-Sysmon/Operational","Domain":"NT AUTHORITY","AccountName":"SYSTEM","UserID":"S-1-5-18","AccountType":"User","Message":"Registry object added or deleted:\r\nRuleName: technique_id=T1543,technique_name=Service Creation\r\nEventType: CreateKey\r\nUtcTime: 2023-06-20 19:29:30.009\r\nProcessGuid: {927d35bf-313c-6489-5a00-000000002900}\r\nProcessId: 2928\r\nImage: C:\\ProgramData\\Microsoft\\Windows Defender\\Platform\\4.18.23050.5-0\\MsMpEng.exe\r\nTargetObject: HKLM\\System\\CurrentControlSet\\Services\r\nUser: NT AUTHORITY\\SYSTEM","Category":"Registry object added or deleted (rule: RegistryEvent)","Opcode":"Info","RuleName":"technique_id=T1543,technique_name=Service Creation","UtcTime":"2023-06-20 19:29:30.009","ProcessGuid":"{927d35bf-313c-6489-5a00-000000002900}","Image":"C:\\ProgramData\\Microsoft\\Windows Defender\\Platform\\4.18.23050.5-0\\MsMpEng.exe","TargetObject":"HKLM\\System\\CurrentControlSet\\Services","User":"NT AUTHORITY\\SYSTEM","EventReceivedTime":1687289370,"SourceModuleName":"in_sysmon","SourceModuleType":"im_msvistalog"}
<14>Jun 20 19:29:30 win-adfs.lunarstiiiness.com Microsoft-Windows-Sysmon[2556]: {"EventTime":1687289370,"Hostname":"win-adfs.lunarstiiiness.com","Keywords":-9223372036854775808,"EventType":"INFO","SeverityValue":2,"Severity":"INFO","EventID":12,"SourceName":"Microsoft-Windows-Sysmon","ProviderGuid":"{5770385F-C22A-43E0-BF4C-06F5698FFBD9}","Version":2,"Task":12,"OpcodeValue":0,"RecordNumber":5946444,"ProcessID":2556,"ThreadID":3972,"Channel":"Microsoft-Windows-Sysmon/Operational","Domain":"NT AUTHORITY","AccountName":"SYSTEM","UserID":"S-1-5-18","AccountType":"User","Message":"Registry object added or deleted:\r\nRuleName: technique_id=T1543,technique_name=Service Creation\r\nEventType: CreateKey\r\nUtcTime: 2023-06-20 19:29:30.009\r\nProcessGuid: {927d35bf-313c-6489-5a00-000000002900}\r\nProcessId: 2928\r\nImage: C:\\ProgramData\\Microsoft\\Windows Defender\\Platform\\4.18.23050.5-0\\MsMpEng.exe\r\nTargetObject: HKLM\\System\\CurrentControlSet\\Services\r\nUser: NT AUTHORITY\\SYSTEM","Category":"Registry object added or deleted (rule: RegistryEvent)","Opcode":"Info","RuleName":"technique_id=T1543,technique_name=Service Creation","UtcTime":"2023-06-20 19:29:30.009","ProcessGuid":"{927d35bf-313c-6489-5a00-000000002900}","Image":"C:\\ProgramData\\Microsoft\\Windows Defender\\Platform\\4.18.23050.5-0\\MsMpEng.exe","TargetObject":"HKLM\\System\\CurrentControlSet\\Services","User":"NT AUTHORITY\\SYSTEM","EventReceivedTime":1687289370,"SourceModuleName":"in_sysmon","SourceModuleType":"im_msvistalog"}
<14>Jun 20 19:29:30 win-adfs.lunarstiiiness.com Microsoft-Windows-Sysmon[2556]: {"EventTime":1687289370,"Hostname":"win-adfs.lunarstiiiness.com","Keywords":-9223372036854775808,"EventType":"INFO","SeverityValue":2,"Severity":"INFO","EventID":12,"SourceName":"Microsoft-Windows-Sysmon","ProviderGuid":"{5770385F-C22A-43E0-BF4C-06F5698FFBD9}","Version":2,"Task":12,"OpcodeValue":0,"RecordNumber":5946443,"ProcessID":2556,"ThreadID":3972,"Channel":"Microsoft-Windows-Sysmon/Operational","Domain":"NT AUTHORITY","AccountName":"SYSTEM","UserID":"S-1-5-18","AccountType":"User","Message":"Registry object added or deleted:\r\nRuleName: technique_id=T1543,technique_name=Service Creation\r\nEventType: CreateKey\r\nUtcTime: 2023-06-20 19:29:30.009\r\nProcessGuid: {927d35bf-313c-6489-5a00-000000002900}\r\nProcessId: 2928\r\nImage: C:\\ProgramData\\Microsoft\\Windows Defender\\Platform\\4.18.23050.5-0\\MsMpEng.exe\r\nTargetObject: HKLM\\System\\CurrentControlSet\\Services\r\nUser: NT AUTHORITY\\SYSTEM","Category":"Registry object added or deleted (rule: RegistryEvent)","Opcode":"Info","RuleName":"technique_id=T1543,technique_name=Service Creation","UtcTime":"2023-06-20 19:29:30.009","ProcessGuid":"{927d35bf-313c-6489-5a00-000000002900}","Image":"C:\\ProgramData\\Microsoft\\Windows Defender\\Platform\\4.18.23050.5-0\\MsMpEng.exe","TargetObject":"HKLM\\System\\CurrentControlSet\\Services","User":"NT AUTHORITY\\SYSTEM","EventReceivedTime":1687289370,"SourceModuleName":"in_sysmon","SourceModuleType":"im_msvistalog"}
<14>Jun 20 19:29:30 win-adfs.lunarstiiiness.com Microsoft-Windows-Sysmon[2556]: {"EventTime":1687289370,"Hostname":"win-adfs.lunarstiiiness.com","Keywords":-9223372036854775808,"EventType":"INFO","SeverityValue":2,"Severity":"INFO","EventID":12,"SourceName":"Microsoft-Windows-Sysmon","ProviderGuid":"{5770385F-C22A-43E0-BF4C-06F5698FFBD9}","Version":2,"Task":12,"OpcodeValue":0,"RecordNumber":5946440,"ProcessID":2556,"ThreadID":3972,"Channel":"Microsoft-Windows-Sysmon/Operational","Domain":"NT AUTHORITY","AccountName":"SYSTEM","UserID":"S-1-5-18","AccountType":"User","Message":"Registry object added or deleted:\r\nRuleName: technique_id=T1543,technique_name=Service Creation\r\nEventType: CreateKey\r\nUtcTime: 2023-06-20 19:29:30.009\r\nProcessGuid: {927d35bf-313c-6489-5a00-000000002900}\r\nProcessId: 2928\r\nImage: C:\\ProgramData\\Microsoft\\Windows Defender\\Platform\\4.18.23050.5-0\\MsMpEng.exe\r\nTargetObject: HKLM\\System\\CurrentControlSet\\Services\r\nUser: NT AUTHORITY\\SYSTEM","Category":"Registry object added or deleted (rule: RegistryEvent)","Opcode":"Info","RuleName":"technique_id=T1543,technique_name=Service Creation","UtcTime":"2023-06-20 19:29:30.009","ProcessGuid":"{927d35bf-313c-6489-5a00-000000002900}","Image":"C:\\ProgramData\\Microsoft\\Windows Defender\\Platform\\4.18.23050.5-0\\MsMpEng.exe","TargetObject":"HKLM\\System\\CurrentControlSet\\Services","User":"NT AUTHORITY\\SYSTEM","EventReceivedTime":1687289370,"SourceModuleName":"in_sysmon","SourceModuleType":"im_msvistalog"}
<14>Jun 20 19:29:30 win-adfs.lunarstiiiness.com Microsoft-Windows-Sysmon[2556]: {"EventTime":1687289370,"Hostname":"win-adfs.lunarstiiiness.com","Keywords":-9223372036854775808,"EventType":"INFO","SeverityValue":2,"Severity":"INFO","EventID":12,"SourceName":"Microsoft-Windows-Sysmon","ProviderGuid":"{5770385F-C22A-43E0-BF4C-06F5698FFBD9}","Version":2,"Task":12,"OpcodeValue":0,"RecordNumber":5946449,"ProcessID":2556,"ThreadID":3972,"Channel":"Microsoft-Windows-Sysmon/Operational","Domain":"NT AUTHORITY","AccountName":"SYSTEM","UserID":"S-1-5-18","AccountType":"User","Message":"Registry object added or deleted:\r\nRuleName: technique_id=T1543,technique_name=Service Creation\r\nEventType: CreateKey\r\nUtcTime: 2023-06-20 19:29:30.010\r\nProcessGuid: {927d35bf-313c-6489-5a00-000000002900}\r\nProcessId: 2928\r\nImage: C:\\ProgramData\\Microsoft\\Windows Defender\\Platform\\4.18.23050.5-0\\MsMpEng.exe\r\nTargetObject: HKLM\\System\\CurrentControlSet\\Services\r\nUser: NT AUTHORITY\\SYSTEM","Category":"Registry object added or deleted (rule: RegistryEvent)","Opcode":"Info","RuleName":"technique_id=T1543,technique_name=Service Creation","UtcTime":"2023-06-20 19:29:30.010","ProcessGuid":"{927d35bf-313c-6489-5a00-000000002900}","Image":"C:\\ProgramData\\Microsoft\\Windows Defender\\Platform\\4.18.23050.5-0\\MsMpEng.exe","TargetObject":"HKLM\\System\\CurrentControlSet\\Services","User":"NT AUTHORITY\\SYSTEM","EventReceivedTime":1687289370,"SourceModuleName":"in_sysmon","SourceModuleType":"im_msvistalog"}
<14>Jun 20 19:29:30 win-adfs.lunarstiiiness.com Microsoft-Windows-Sysmon[2556]: {"EventTime":1687289370,"Hostname":"win-adfs.lunarstiiiness.com","Keywords":-9223372036854775808,"EventType":"INFO","SeverityValue":2,"Severity":"INFO","EventID":12,"SourceName":"Microsoft-Windows-Sysmon","ProviderGuid":"{5770385F-C22A-43E0-BF4C-06F5698FFBD9}","Version":2,"Task":12,"OpcodeValue":0,"RecordNumber":5946446,"ProcessID":2556,"ThreadID":3972,"Channel":"Microsoft-Windows-Sysmon/Operational","Domain":"NT AUTHORITY","AccountName":"SYSTEM","UserID":"S-1-5-18","AccountType":"User","Message":"Registry object added or deleted:\r\nRuleName: technique_id=T1543,technique_name=Service Creation\r\nEventType: CreateKey\r\nUtcTime: 2023-06-20 19:29:30.010\r\nProcessGuid: {927d35bf-313c-6489-5a00-000000002900}\r\nProcessId: 2928\r\nImage: C:\\ProgramData\\Microsoft\\Windows Defender\\Platform\\4.18.23050.5-0\\MsMpEng.exe\r\nTargetObject: HKLM\\System\\CurrentControlSet\\Services\r\nUser: NT AUTHORITY\\SYSTEM","Category":"Registry object added or deleted (rule: RegistryEvent)","Opcode":"Info","RuleName":"technique_id=T1543,technique_name=Service Creation","UtcTime":"2023-06-20 19:29:30.010","ProcessGuid":"{927d35bf-313c-6489-5a00-000000002900}","Image":"C:\\ProgramData\\Microsoft\\Windows Defender\\Platform\\4.18.23050.5-0\\MsMpEng.exe","TargetObject":"HKLM\\System\\CurrentControlSet\\Services","User":"NT AUTHORITY\\SYSTEM","EventReceivedTime":1687289370,"SourceModuleName":"in_sysmon","SourceModuleType":"im_msvistalog"}
<14>Jun 20 19:29:30 win-adfs.lunarstiiiness.com Microsoft-Windows-Sysmon[2556]: {"EventTime":1687289370,"Hostname":"win-adfs.lunarstiiiness.com","Keywords":-9223372036854775808,"EventType":"INFO","SeverityValue":2,"Severity":"INFO","EventID":12,"SourceName":"Microsoft-Windows-Sysmon","ProviderGuid":"{5770385F-C22A-43E0-BF4C-06F5698FFBD9}","Version":2,"Task":12,"OpcodeValue":0,"RecordNumber":5946451,"ProcessID":2556,"ThreadID":3972,"Channel":"Microsoft-Windows-Sysmon/Operational","Domain":"NT AUTHORITY","AccountName":"SYSTEM","UserID":"S-1-5-18","AccountType":"User","Message":"Registry object added or deleted:\r\nRuleName: technique_id=T1543,technique_name=Service Creation\r\nEventType: CreateKey\r\nUtcTime: 2023-06-20 19:29:30.010\r\nProcessGuid: {927d35bf-313c-6489-5a00-000000002900}\r\nProcessId: 2928\r\nImage: C:\\ProgramData\\Microsoft\\Windows Defender\\Platform\\4.18.23050.5-0\\MsMpEng.exe\r\nTargetObject: HKLM\\System\\CurrentControlSet\\Services\r\nUser: NT AUTHORITY\\SYSTEM","Category":"Registry object added or deleted (rule: RegistryEvent)","Opcode":"Info","RuleName":"technique_id=T1543,technique_name=Service Creation","UtcTime":"2023-06-20 19:29:30.010","ProcessGuid":"{927d35bf-313c-6489-5a00-000000002900}","Image":"C:\\ProgramData\\Microsoft\\Windows Defender\\Platform\\4.18.23050.5-0\\MsMpEng.exe","TargetObject":"HKLM\\System\\CurrentControlSet\\Services","User":"NT AUTHORITY\\SYSTEM","EventReceivedTime":1687289370,"SourceModuleName":"in_sysmon","SourceModuleType":"im_msvistalog"}
<14>Jun 20 19:29:30 win-adfs.lunarstiiiness.com Microsoft-Windows-Sysmon[2556]: {"EventTime":1687289370,"Hostname":"win-adfs.lunarstiiiness.com","Keywords":-9223372036854775808,"EventType":"INFO","SeverityValue":2,"Severity":"INFO","EventID":12,"SourceName":"Microsoft-Windows-Sysmon","ProviderGuid":"{5770385F-C22A-43E0-BF4C-06F5698FFBD9}","Version":2,"Task":12,"OpcodeValue":0,"RecordNumber":5946452,"ProcessID":2556,"ThreadID":3972,"Channel":"Microsoft-Windows-Sysmon/Operational","Domain":"NT AUTHORITY","AccountName":"SYSTEM","UserID":"S-1-5-18","AccountType":"User","Message":"Registry object added or deleted:\r\nRuleName: technique_id=T1543,technique_name=Service Creation\r\nEventType: CreateKey\r\nUtcTime: 2023-06-20 19:29:30.010\r\nProcessGuid: {927d35bf-313c-6489-5a00-000000002900}\r\nProcessId: 2928\r\nImage: C:\\ProgramData\\Microsoft\\Windows Defender\\Platform\\4.18.23050.5-0\\MsMpEng.exe\r\nTargetObject: HKLM\\System\\CurrentControlSet\\Services\r\nUser: NT AUTHORITY\\SYSTEM","Category":"Registry object added or deleted (rule: RegistryEvent)","Opcode":"Info","RuleName":"technique_id=T1543,technique_name=Service Creation","UtcTime":"2023-06-20 19:29:30.010","ProcessGuid":"{927d35bf-313c-6489-5a00-000000002900}","Image":"C:\\ProgramData\\Microsoft\\Windows Defender\\Platform\\4.18.23050.5-0\\MsMpEng.exe","TargetObject":"HKLM\\System\\CurrentControlSet\\Services","User":"NT AUTHORITY\\SYSTEM","EventReceivedTime":1687289370,"SourceModuleName":"in_sysmon","SourceModuleType":"im_msvistalog"}
<14>Jun 20 19:29:30 win-adfs.lunarstiiiness.com Microsoft-Windows-Sysmon[2556]: {"EventTime":1687289370,"Hostname":"win-adfs.lunarstiiiness.com","Keywords":-9223372036854775808,"EventType":"INFO","SeverityValue":2,"Severity":"INFO","EventID":12,"SourceName":"Microsoft-Windows-Sysmon","ProviderGuid":"{5770385F-C22A-43E0-BF4C-06F5698FFBD9}","Version":2,"Task":12,"OpcodeValue":0,"RecordNumber":5946450,"ProcessID":2556,"ThreadID":3972,"Channel":"Microsoft-Windows-Sysmon/Operational","Domain":"NT AUTHORITY","AccountName":"SYSTEM","UserID":"S-1-5-18","AccountType":"User","Message":"Registry object added or deleted:\r\nRuleName: technique_id=T1543,technique_name=Service Creation\r\nEventType: CreateKey\r\nUtcTime: 2023-06-20 19:29:30.010\r\nProcessGuid: {927d35bf-313c-6489-5a00-000000002900}\r\nProcessId: 2928\r\nImage: C:\\ProgramData\\Microsoft\\Windows Defender\\Platform\\4.18.23050.5-0\\MsMpEng.exe\r\nTargetObject: HKLM\\System\\CurrentControlSet\\Services\r\nUser: NT AUTHORITY\\SYSTEM","Category":"Registry object added or deleted (rule: RegistryEvent)","Opcode":"Info","RuleName":"technique_id=T1543,technique_name=Service Creation","UtcTime":"2023-06-20 19:29:30.010","ProcessGuid":"{927d35bf-313c-6489-5a00-000000002900}","Image":"C:\\ProgramData\\Microsoft\\Windows Defender\\Platform\\4.18.23050.5-0\\MsMpEng.exe","TargetObject":"HKLM\\System\\CurrentControlSet\\Services","User":"NT AUTHORITY\\SYSTEM","EventReceivedTime":1687289370,"SourceModuleName":"in_sysmon","SourceModuleType":"im_msvistalog"}
<14>Jun 20 19:29:30 win-adfs.lunarstiiiness.com Microsoft-Windows-Sysmon[2556]: {"EventTime":1687289370,"Hostname":"win-adfs.lunarstiiiness.com","Keywords":-9223372036854775808,"EventType":"INFO","SeverityValue":2,"Severity":"INFO","EventID":12,"SourceName":"Microsoft-Windows-Sysmon","ProviderGuid":"{5770385F-C22A-43E0-BF4C-06F5698FFBD9}","Version":2,"Task":12,"OpcodeValue":0,"RecordNumber":5946447,"ProcessID":2556,"ThreadID":3972,"Channel":"Microsoft-Windows-Sysmon/Operational","Domain":"NT AUTHORITY","AccountName":"SYSTEM","UserID":"S-1-5-18","AccountType":"User","Message":"Registry object added or deleted:\r\nRuleName: technique_id=T1543,technique_name=Service Creation\r\nEventType: CreateKey\r\nUtcTime: 2023-06-20 19:29:30.010\r\nProcessGuid: {927d35bf-313c-6489-5a00-000000002900}\r\nProcessId: 2928\r\nImage: C:\\ProgramData\\Microsoft\\Windows Defender\\Platform\\4.18.23050.5-0\\MsMpEng.exe\r\nTargetObject: HKLM\\System\\CurrentControlSet\\Services\r\nUser: NT AUTHORITY\\SYSTEM","Category":"Registry object added or deleted (rule: RegistryEvent)","Opcode":"Info","RuleName":"technique_id=T1543,technique_name=Service Creation","UtcTime":"2023-06-20 19:29:30.010","ProcessGuid":"{927d35bf-313c-6489-5a00-000000002900}","Image":"C:\\ProgramData\\Microsoft\\Windows Defender\\Platform\\4.18.23050.5-0\\MsMpEng.exe","TargetObject":"HKLM\\System\\CurrentControlSet\\Services","User":"NT AUTHORITY\\SYSTEM","EventReceivedTime":1687289370,"SourceModuleName":"in_sysmon","SourceModuleType":"im_msvistalog"}
<14>Jun 20 19:29:30 win-adfs.lunarstiiiness.com Microsoft-Windows-Sysmon[2556]: {"EventTime":1687289370,"Hostname":"win-adfs.lunarstiiiness.com","Keywords":-9223372036854775808,"EventType":"INFO","SeverityValue":2,"Severity":"INFO","EventID":12,"SourceName":"Microsoft-Windows-Sysmon","ProviderGuid":"{5770385F-C22A-43E0-BF4C-06F5698FFBD9}","Version":2,"Task":12,"OpcodeValue":0,"RecordNumber":5946448,"ProcessID":2556,"ThreadID":3972,"Channel":"Microsoft-Windows-Sysmon/Operational","Domain":"NT AUTHORITY","AccountName":"SYSTEM","UserID":"S-1-5-18","AccountType":"User","Message":"Registry object added or deleted:\r\nRuleName: technique_id=T1543,technique_name=Service Creation\r\nEventType: CreateKey\r\nUtcTime: 2023-06-20 19:29:30.010\r\nProcessGuid: {927d35bf-313c-6489-5a00-000000002900}\r\nProcessId: 2928\r\nImage: C:\\ProgramData\\Microsoft\\Windows Defender\\Platform\\4.18.23050.5-0\\MsMpEng.exe\r\nTargetObject: HKLM\\System\\CurrentControlSet\\Services\r\nUser: NT AUTHORITY\\SYSTEM","Category":"Registry object added or deleted (rule: RegistryEvent)","Opcode":"Info","RuleName":"technique_id=T1543,technique_name=Service Creation","UtcTime":"2023-06-20 19:29:30.010","ProcessGuid":"{927d35bf-313c-6489-5a00-000000002900}","Image":"C:\\ProgramData\\Microsoft\\Windows Defender\\Platform\\4.18.23050.5-0\\MsMpEng.exe","TargetObject":"HKLM\\System\\CurrentControlSet\\Services","User":"NT AUTHORITY\\SYSTEM","EventReceivedTime":1687289370,"SourceModuleName":"in_sysmon","SourceModuleType":"im_msvistalog"}
<14>Jun 20 19:29:30 win-adfs.lunarstiiiness.com Microsoft-Windows-Sysmon[2556]: {"EventTime":1687289370,"Hostname":"win-adfs.lunarstiiiness.com","Keywords":-9223372036854775808,"EventType":"INFO","SeverityValue":2,"Severity":"INFO","EventID":12,"SourceName":"Microsoft-Windows-Sysmon","ProviderGuid":"{5770385F-C22A-43E0-BF4C-06F5698FFBD9}","Version":2,"Task":12,"OpcodeValue":0,"RecordNumber":5946453,"ProcessID":2556,"ThreadID":3972,"Channel":"Microsoft-Windows-Sysmon/Operational","Domain":"NT AUTHORITY","AccountName":"SYSTEM","UserID":"S-1-5-18","AccountType":"User","Message":"Registry object added or deleted:\r\nRuleName: technique_id=T1543,technique_name=Service Creation\r\nEventType: CreateKey\r\nUtcTime: 2023-06-20 19:29:30.012\r\nProcessGuid: {927d35bf-313c-6489-5a00-000000002900}\r\nProcessId: 2928\r\nImage: C:\\ProgramData\\Microsoft\\Windows Defender\\Platform\\4.18.23050.5-0\\MsMpEng.exe\r\nTargetObject: HKLM\\System\\CurrentControlSet\\Services\r\nUser: NT AUTHORITY\\SYSTEM","Category":"Registry object added or deleted (rule: RegistryEvent)","Opcode":"Info","RuleName":"technique_id=T1543,technique_name=Service Creation","UtcTime":"2023-06-20 19:29:30.012","ProcessGuid":"{927d35bf-313c-6489-5a00-000000002900}","Image":"C:\\ProgramData\\Microsoft\\Windows Defender\\Platform\\4.18.23050.5-0\\MsMpEng.exe","TargetObject":"HKLM\\System\\CurrentControlSet\\Services","User":"NT AUTHORITY\\SYSTEM","EventReceivedTime":1687289370,"SourceModuleName":"in_sysmon","SourceModuleType":"im_msvistalog"}
<14>Jun 20 19:29:30 win-adfs.lunarstiiiness.com Microsoft-Windows-Sysmon[2556]: {"EventTime":1687289370,"Hostname":"win-adfs.lunarstiiiness.com","Keywords":-9223372036854775808,"EventType":"INFO","SeverityValue":2,"Severity":"INFO","EventID":12,"SourceName":"Microsoft-Windows-Sysmon","ProviderGuid":"{5770385F-C22A-43E0-BF4C-06F5698FFBD9}","Version":2,"Task":12,"OpcodeValue":0,"RecordNumber":5946455,"ProcessID":2556,"ThreadID":3972,"Channel":"Microsoft-Windows-Sysmon/Operational","Domain":"NT AUTHORITY","AccountName":"SYSTEM","UserID":"S-1-5-18","AccountType":"User","Message":"Registry object added or deleted:\r\nRuleName: technique_id=T1543,technique_name=Service Creation\r\nEventType: CreateKey\r\nUtcTime: 2023-06-20 19:29:30.013\r\nProcessGuid: {927d35bf-313c-6489-5a00-000000002900}\r\nProcessId: 2928\r\nImage: C:\\ProgramData\\Microsoft\\Windows Defender\\Platform\\4.18.23050.5-0\\MsMpEng.exe\r\nTargetObject: HKLM\\System\\CurrentControlSet\\Services\r\nUser: NT AUTHORITY\\SYSTEM","Category":"Registry object added or deleted (rule: RegistryEvent)","Opcode":"Info","RuleName":"technique_id=T1543,technique_name=Service Creation","UtcTime":"2023-06-20 19:29:30.013","ProcessGuid":"{927d35bf-313c-6489-5a00-000000002900}","Image":"C:\\ProgramData\\Microsoft\\Windows Defender\\Platform\\4.18.23050.5-0\\MsMpEng.exe","TargetObject":"HKLM\\System\\CurrentControlSet\\Services","User":"NT AUTHORITY\\SYSTEM","EventReceivedTime":1687289370,"SourceModuleName":"in_sysmon","SourceModuleType":"im_msvistalog"}
<14>Jun 20 19:29:30 win-adfs.lunarstiiiness.com Microsoft-Windows-Sysmon[2556]: {"EventTime":1687289370,"Hostname":"win-adfs.lunarstiiiness.com","Keywords":-9223372036854775808,"EventType":"INFO","SeverityValue":2,"Severity":"INFO","EventID":12,"SourceName":"Microsoft-Windows-Sysmon","ProviderGuid":"{5770385F-C22A-43E0-BF4C-06F5698FFBD9}","Version":2,"Task":12,"OpcodeValue":0,"RecordNumber":5946456,"ProcessID":2556,"ThreadID":3972,"Channel":"Microsoft-Windows-Sysmon/Operational","Domain":"NT AUTHORITY","AccountName":"SYSTEM","UserID":"S-1-5-18","AccountType":"User","Message":"Registry object added or deleted:\r\nRuleName: technique_id=T1543,technique_name=Service Creation\r\nEventType: CreateKey\r\nUtcTime: 2023-06-20 19:29:30.013\r\nProcessGuid: {927d35bf-313c-6489-5a00-000000002900}\r\nProcessId: 2928\r\nImage: C:\\ProgramData\\Microsoft\\Windows Defender\\Platform\\4.18.23050.5-0\\MsMpEng.exe\r\nTargetObject: HKLM\\System\\CurrentControlSet\\Services\r\nUser: NT AUTHORITY\\SYSTEM","Category":"Registry object added or deleted (rule: RegistryEvent)","Opcode":"Info","RuleName":"technique_id=T1543,technique_name=Service Creation","UtcTime":"2023-06-20 19:29:30.013","ProcessGuid":"{927d35bf-313c-6489-5a00-000000002900}","Image":"C:\\ProgramData\\Microsoft\\Windows Defender\\Platform\\4.18.23050.5-0\\MsMpEng.exe","TargetObject":"HKLM\\System\\CurrentControlSet\\Services","User":"NT AUTHORITY\\SYSTEM","EventReceivedTime":1687289370,"SourceModuleName":"in_sysmon","SourceModuleType":"im_msvistalog"}
<14>Jun 20 19:29:30 win-adfs.lunarstiiiness.com Microsoft-Windows-Sysmon[2556]: {"EventTime":1687289370,"Hostname":"win-adfs.lunarstiiiness.com","Keywords":-9223372036854775808,"EventType":"INFO","SeverityValue":2,"Severity":"INFO","EventID":12,"SourceName":"Microsoft-Windows-Sysmon","ProviderGuid":"{5770385F-C22A-43E0-BF4C-06F5698FFBD9}","Version":2,"Task":12,"OpcodeValue":0,"RecordNumber":5946457,"ProcessID":2556,"ThreadID":3972,"Channel":"Microsoft-Windows-Sysmon/Operational","Domain":"NT AUTHORITY","AccountName":"SYSTEM","UserID":"S-1-5-18","AccountType":"User","Message":"Registry object added or deleted:\r\nRuleName: technique_id=T1543,technique_name=Service Creation\r\nEventType: CreateKey\r\nUtcTime: 2023-06-20 19:29:30.013\r\nProcessGuid: {927d35bf-313c-6489-5a00-000000002900}\r\nProcessId: 2928\r\nImage: C:\\ProgramData\\Microsoft\\Windows Defender\\Platform\\4.18.23050.5-0\\MsMpEng.exe\r\nTargetObject: HKLM\\System\\CurrentControlSet\\Services\r\nUser: NT AUTHORITY\\SYSTEM","Category":"Registry object added or deleted (rule: RegistryEvent)","Opcode":"Info","RuleName":"technique_id=T1543,technique_name=Service Creation","UtcTime":"2023-06-20 19:29:30.013","ProcessGuid":"{927d35bf-313c-6489-5a00-000000002900}","Image":"C:\\ProgramData\\Microsoft\\Windows Defender\\Platform\\4.18.23050.5-0\\MsMpEng.exe","TargetObject":"HKLM\\System\\CurrentControlSet\\Services","User":"NT AUTHORITY\\SYSTEM","EventReceivedTime":1687289370,"SourceModuleName":"in_sysmon","SourceModuleType":"im_msvistalog"}
<14>Jun 20 19:29:30 win-adfs.lunarstiiiness.com Microsoft-Windows-Sysmon[2556]: {"EventTime":1687289370,"Hostname":"win-adfs.lunarstiiiness.com","Keywords":-9223372036854775808,"EventType":"INFO","SeverityValue":2,"Severity":"INFO","EventID":12,"SourceName":"Microsoft-Windows-Sysmon","ProviderGuid":"{5770385F-C22A-43E0-BF4C-06F5698FFBD9}","Version":2,"Task":12,"OpcodeValue":0,"RecordNumber":5946454,"ProcessID":2556,"ThreadID":3972,"Channel":"Microsoft-Windows-Sysmon/Operational","Domain":"NT AUTHORITY","AccountName":"SYSTEM","UserID":"S-1-5-18","AccountType":"User","Message":"Registry object added or deleted:\r\nRuleName: technique_id=T1543,technique_name=Service Creation\r\nEventType: CreateKey\r\nUtcTime: 2023-06-20 19:29:30.013\r\nProcessGuid: {927d35bf-313c-6489-5a00-000000002900}\r\nProcessId: 2928\r\nImage: C:\\ProgramData\\Microsoft\\Windows Defender\\Platform\\4.18.23050.5-0\\MsMpEng.exe\r\nTargetObject: HKLM\\System\\CurrentControlSet\\Services\r\nUser: NT AUTHORITY\\SYSTEM","Category":"Registry object added or deleted (rule: RegistryEvent)","Opcode":"Info","RuleName":"technique_id=T1543,technique_name=Service Creation","UtcTime":"2023-06-20 19:29:30.013","ProcessGuid":"{927d35bf-313c-6489-5a00-000000002900}","Image":"C:\\ProgramData\\Microsoft\\Windows Defender\\Platform\\4.18.23050.5-0\\MsMpEng.exe","TargetObject":"HKLM\\System\\CurrentControlSet\\Services","User":"NT AUTHORITY\\SYSTEM","EventReceivedTime":1687289370,"SourceModuleName":"in_sysmon","SourceModuleType":"im_msvistalog"}
<14>Jun 20 19:29:30 win-adfs.lunarstiiiness.com Microsoft-Windows-Sysmon[2556]: {"EventTime":1687289370,"Hostname":"win-adfs.lunarstiiiness.com","Keywords":-9223372036854775808,"EventType":"INFO","SeverityValue":2,"Severity":"INFO","EventID":12,"SourceName":"Microsoft-Windows-Sysmon","ProviderGuid":"{5770385F-C22A-43E0-BF4C-06F5698FFBD9}","Version":2,"Task":12,"OpcodeValue":0,"RecordNumber":5946458,"ProcessID":2556,"ThreadID":3972,"Channel":"Microsoft-Windows-Sysmon/Operational","Domain":"NT AUTHORITY","AccountName":"SYSTEM","UserID":"S-1-5-18","AccountType":"User","Message":"Registry object added or deleted:\r\nRuleName: technique_id=T1543,technique_name=Service Creation\r\nEventType: CreateKey\r\nUtcTime: 2023-06-20 19:29:30.014\r\nProcessGuid: {927d35bf-313c-6489-5a00-000000002900}\r\nProcessId: 2928\r\nImage: C:\\ProgramData\\Microsoft\\Windows Defender\\Platform\\4.18.23050.5-0\\MsMpEng.exe\r\nTargetObject: HKLM\\System\\CurrentControlSet\\Services\r\nUser: NT AUTHORITY\\SYSTEM","Category":"Registry object added or deleted (rule: RegistryEvent)","Opcode":"Info","RuleName":"technique_id=T1543,technique_name=Service Creation","UtcTime":"2023-06-20 19:29:30.014","ProcessGuid":"{927d35bf-313c-6489-5a00-000000002900}","Image":"C:\\ProgramData\\Microsoft\\Windows Defender\\Platform\\4.18.23050.5-0\\MsMpEng.exe","TargetObject":"HKLM\\System\\CurrentControlSet\\Services","User":"NT AUTHORITY\\SYSTEM","EventReceivedTime":1687289370,"SourceModuleName":"in_sysmon","SourceModuleType":"im_msvistalog"}
<14>Jun 20 19:29:30 win-adfs.lunarstiiiness.com Microsoft-Windows-Sysmon[2556]: {"EventTime":1687289370,"Hostname":"win-adfs.lunarstiiiness.com","Keywords":-9223372036854775808,"EventType":"INFO","SeverityValue":2,"Severity":"INFO","EventID":12,"SourceName":"Microsoft-Windows-Sysmon","ProviderGuid":"{5770385F-C22A-43E0-BF4C-06F5698FFBD9}","Version":2,"Task":12,"OpcodeValue":0,"RecordNumber":5946462,"ProcessID":2556,"ThreadID":3972,"Channel":"Microsoft-Windows-Sysmon/Operational","Domain":"NT AUTHORITY","AccountName":"SYSTEM","UserID":"S-1-5-18","AccountType":"User","Message":"Registry object added or deleted:\r\nRuleName: technique_id=T1543,technique_name=Service Creation\r\nEventType: CreateKey\r\nUtcTime: 2023-06-20 19:29:30.015\r\nProcessGuid: {927d35bf-313c-6489-5a00-000000002900}\r\nProcessId: 2928\r\nImage: C:\\ProgramData\\Microsoft\\Windows Defender\\Platform\\4.18.23050.5-0\\MsMpEng.exe\r\nTargetObject: HKLM\\System\\CurrentControlSet\\Services\r\nUser: NT AUTHORITY\\SYSTEM","Category":"Registry object added or deleted (rule: RegistryEvent)","Opcode":"Info","RuleName":"technique_id=T1543,technique_name=Service Creation","UtcTime":"2023-06-20 19:29:30.015","ProcessGuid":"{927d35bf-313c-6489-5a00-000000002900}","Image":"C:\\ProgramData\\Microsoft\\Windows Defender\\Platform\\4.18.23050.5-0\\MsMpEng.exe","TargetObject":"HKLM\\System\\CurrentControlSet\\Services","User":"NT AUTHORITY\\SYSTEM","EventReceivedTime":1687289370,"SourceModuleName":"in_sysmon","SourceModuleType":"im_msvistalog"}
<14>Jun 20 19:29:30 win-adfs.lunarstiiiness.com Microsoft-Windows-Sysmon[2556]: {"EventTime":1687289370,"Hostname":"win-adfs.lunarstiiiness.com","Keywords":-9223372036854775808,"EventType":"INFO","SeverityValue":2,"Severity":"INFO","EventID":12,"SourceName":"Microsoft-Windows-Sysmon","ProviderGuid":"{5770385F-C22A-43E0-BF4C-06F5698FFBD9}","Version":2,"Task":12,"OpcodeValue":0,"RecordNumber":5946461,"ProcessID":2556,"ThreadID":3972,"Channel":"Microsoft-Windows-Sysmon/Operational","Domain":"NT AUTHORITY","AccountName":"SYSTEM","UserID":"S-1-5-18","AccountType":"User","Message":"Registry object added or deleted:\r\nRuleName: technique_id=T1543,technique_name=Service Creation\r\nEventType: CreateKey\r\nUtcTime: 2023-06-20 19:29:30.015\r\nProcessGuid: {927d35bf-313c-6489-5a00-000000002900}\r\nProcessId: 2928\r\nImage: C:\\ProgramData\\Microsoft\\Windows Defender\\Platform\\4.18.23050.5-0\\MsMpEng.exe\r\nTargetObject: HKLM\\System\\CurrentControlSet\\Services\r\nUser: NT AUTHORITY\\SYSTEM","Category":"Registry object added or deleted (rule: RegistryEvent)","Opcode":"Info","RuleName":"technique_id=T1543,technique_name=Service Creation","UtcTime":"2023-06-20 19:29:30.015","ProcessGuid":"{927d35bf-313c-6489-5a00-000000002900}","Image":"C:\\ProgramData\\Microsoft\\Windows Defender\\Platform\\4.18.23050.5-0\\MsMpEng.exe","TargetObject":"HKLM\\System\\CurrentControlSet\\Services","User":"NT AUTHORITY\\SYSTEM","EventReceivedTime":1687289370,"SourceModuleName":"in_sysmon","SourceModuleType":"im_msvistalog"}
<14>Jun 20 19:29:30 win-adfs.lunarstiiiness.com Microsoft-Windows-Sysmon[2556]: {"EventTime":1687289370,"Hostname":"win-adfs.lunarstiiiness.com","Keywords":-9223372036854775808,"EventType":"INFO","SeverityValue":2,"Severity":"INFO","EventID":12,"SourceName":"Microsoft-Windows-Sysmon","ProviderGuid":"{5770385F-C22A-43E0-BF4C-06F5698FFBD9}","Version":2,"Task":12,"OpcodeValue":0,"RecordNumber":5946459,"ProcessID":2556,"ThreadID":3972,"Channel":"Microsoft-Windows-Sysmon/Operational","Domain":"NT AUTHORITY","AccountName":"SYSTEM","UserID":"S-1-5-18","AccountType":"User","Message":"Registry object added or deleted:\r\nRuleName: technique_id=T1543,technique_name=Service Creation\r\nEventType: CreateKey\r\nUtcTime: 2023-06-20 19:29:30.015\r\nProcessGuid: {927d35bf-313c-6489-5a00-000000002900}\r\nProcessId: 2928\r\nImage: C:\\ProgramData\\Microsoft\\Windows Defender\\Platform\\4.18.23050.5-0\\MsMpEng.exe\r\nTargetObject: HKLM\\System\\CurrentControlSet\\Services\r\nUser: NT AUTHORITY\\SYSTEM","Category":"Registry object added or deleted (rule: RegistryEvent)","Opcode":"Info","RuleName":"technique_id=T1543,technique_name=Service Creation","UtcTime":"2023-06-20 19:29:30.015","ProcessGuid":"{927d35bf-313c-6489-5a00-000000002900}","Image":"C:\\ProgramData\\Microsoft\\Windows Defender\\Platform\\4.18.23050.5-0\\MsMpEng.exe","TargetObject":"HKLM\\System\\CurrentControlSet\\Services","User":"NT AUTHORITY\\SYSTEM","EventReceivedTime":1687289370,"SourceModuleName":"in_sysmon","SourceModuleType":"im_msvistalog"}
