<14>Jun 20 19:27:32 win-adfs.lunarstiiiness.com Microsoft-Windows-Sysmon[2556]: {"EventTime":1687289251,"Hostname":"win-adfs.lunarstiiiness.com","Keywords":-9223372036854775808,"EventType":"INFO","SeverityValue":2,"Severity":"INFO","EventID":12,"SourceName":"Microsoft-Windows-Sysmon","ProviderGuid":"{5770385F-C22A-43E0-BF4C-06F5698FFBD9}","Version":2,"Task":12,"OpcodeValue":0,"RecordNumber":5946333,"ProcessID":2556,"ThreadID":3972,"Channel":"Microsoft-Windows-Sysmon/Operational","Domain":"NT AUTHORITY","AccountName":"SYSTEM","UserID":"S-1-5-18","AccountType":"User","Message":"Registry object added or deleted:\r\nRuleName: -\r\nEventType: CreateKey\r\nUtcTime: 2023-06-20 19:27:31.268\r\nProcessGuid: {927d35bf-3133-6489-1e00-000000002900}\r\nProcessId: 1220\r\nImage: C:\\Windows\\system32\\svchost.exe\r\nTargetObject: HKLM\\SOFTWARE\\Microsoft\\Windows\\CurrentVersion\\Group Policy\\Scripts\\Startup\\0\r\nUser: NT AUTHORITY\\SYSTEM","Category":"Registry object added or deleted (rule: RegistryEvent)","Opcode":"Info","RuleName":"-","UtcTime":"2023-06-20 19:27:31.268","ProcessGuid":"{927d35bf-3133-6489-1e00-000000002900}","Image":"C:\\Windows\\system32\\svchost.exe","TargetObject":"HKLM\\SOFTWARE\\Microsoft\\Windows\\CurrentVersion\\Group Policy\\Scripts\\Startup\\0","User":"NT AUTHORITY\\SYSTEM","EventReceivedTime":1687289252,"SourceModuleName":"in_sysmon","SourceModuleType":"im_msvistalog"}
<14>Jun 20 19:27:32 win-adfs.lunarstiiiness.com Microsoft-Windows-Sysmon[2556]: {"EventTime":1687289251,"Hostname":"win-adfs.lunarstiiiness.com","Keywords":-9223372036854775808,"EventType":"INFO","SeverityValue":2,"Severity":"INFO","EventID":12,"SourceName":"Microsoft-Windows-Sysmon","ProviderGuid":"{5770385F-C22A-43E0-BF4C-06F5698FFBD9}","Version":2,"Task":12,"OpcodeValue":0,"RecordNumber":5946331,"ProcessID":2556,"ThreadID":3972,"Channel":"Microsoft-Windows-Sysmon/Operational","Domain":"NT AUTHORITY","AccountName":"SYSTEM","UserID":"S-1-5-18","AccountType":"User","Message":"Registry object added or deleted:\r\nRuleName: -\r\nEventType: CreateKey\r\nUtcTime: 2023-06-20 19:27:31.268\r\nProcessGuid: {927d35bf-3133-6489-1e00-000000002900}\r\nProcessId: 1220\r\nImage: C:\\Windows\\system32\\svchost.exe\r\nTargetObject: HKLM\\SOFTWARE\\Microsoft\\Windows\\CurrentVersion\\Group Policy\\Scripts\r\nUser: NT AUTHORITY\\SYSTEM","Category":"Registry object added or deleted (rule: RegistryEvent)","Opcode":"Info","RuleName":"-","UtcTime":"2023-06-20 19:27:31.268","ProcessGuid":"{927d35bf-3133-6489-1e00-000000002900}","Image":"C:\\Windows\\system32\\svchost.exe","TargetObject":"HKLM\\SOFTWARE\\Microsoft\\Windows\\CurrentVersion\\Group Policy\\Scripts","User":"NT AUTHORITY\\SYSTEM","EventReceivedTime":1687289252,"SourceModuleName":"in_sysmon","SourceModuleType":"im_msvistalog"}
<14>Jun 20 19:27:32 win-adfs.lunarstiiiness.com Microsoft-Windows-Sysmon[2556]: {"EventTime":1687289251,"Hostname":"win-adfs.lunarstiiiness.com","Keywords":-9223372036854775808,"EventType":"INFO","SeverityValue":2,"Severity":"INFO","EventID":11,"SourceName":"Microsoft-Windows-Sysmon","ProviderGuid":"{5770385F-C22A-43E0-BF4C-06F5698FFBD9}","Version":2,"Task":11,"OpcodeValue":0,"RecordNumber":5946336,"ProcessID":2556,"ThreadID":3972,"Channel":"Microsoft-Windows-Sysmon/Operational","Domain":"NT AUTHORITY","AccountName":"SYSTEM","UserID":"S-1-5-18","AccountType":"User","Message":"File created:\r\nRuleName: technique_id=T1574.010,technique_name=Services File Permissions Weakness\r\nUtcTime: 2023-06-20 19:27:31.330\r\nProcessGuid: {927d35bf-3133-6489-1e00-000000002900}\r\nProcessId: 1220\r\nImage: C:\\Windows\\system32\\svchost.exe\r\nTargetFilename: C:\\Windows\\security\\audit\\audit.csv\r\nCreationUtcTime: 2022-11-21 17:12:05.858\r\nUser: NT AUTHORITY\\SYSTEM","Category":"File created (rule: FileCreate)","Opcode":"Info","RuleName":"technique_id=T1574.010,technique_name=Services File Permissions Weakness","UtcTime":"2023-06-20 19:27:31.330","ProcessGuid":"{927d35bf-3133-6489-1e00-000000002900}","Image":"C:\\Windows\\system32\\svchost.exe","TargetFilename":"C:\\Windows\\security\\audit\\audit.csv","CreationUtcTime":"2022-11-21 17:12:05.858","User":"NT AUTHORITY\\SYSTEM","EventReceivedTime":1687289252,"SourceModuleName":"in_sysmon","SourceModuleType":"im_msvistalog"}
<14>Jun 20 19:27:32 win-adfs.lunarstiiiness.com Microsoft-Windows-Sysmon[2556]: {"EventTime":1687289251,"Hostname":"win-adfs.lunarstiiiness.com","Keywords":-9223372036854775808,"EventType":"INFO","SeverityValue":2,"Severity":"INFO","EventID":11,"SourceName":"Microsoft-Windows-Sysmon","ProviderGuid":"{5770385F-C22A-43E0-BF4C-06F5698FFBD9}","Version":2,"Task":11,"OpcodeValue":0,"RecordNumber":5946335,"ProcessID":2556,"ThreadID":3972,"Channel":"Microsoft-Windows-Sysmon/Operational","Domain":"NT AUTHORITY","AccountName":"SYSTEM","UserID":"S-1-5-18","AccountType":"User","Message":"File created:\r\nRuleName: technique_id=T1574.010,technique_name=Services File Permissions Weakness\r\nUtcTime: 2023-06-20 19:27:31.330\r\nProcessGuid: {927d35bf-3133-6489-1e00-000000002900}\r\nProcessId: 1220\r\nImage: C:\\Windows\\system32\\svchost.exe\r\nTargetFilename: C:\\Windows\\security\\audit\\audit.csv\r\nCreationUtcTime: 2022-11-21 17:12:05.858\r\nUser: NT AUTHORITY\\SYSTEM","Category":"File created (rule: FileCreate)","Opcode":"Info","RuleName":"technique_id=T1574.010,technique_name=Services File Permissions Weakness","UtcTime":"2023-06-20 19:27:31.330","ProcessGuid":"{927d35bf-3133-6489-1e00-000000002900}","Image":"C:\\Windows\\system32\\svchost.exe","TargetFilename":"C:\\Windows\\security\\audit\\audit.csv","CreationUtcTime":"2022-11-21 17:12:05.858","User":"NT AUTHORITY\\SYSTEM","EventReceivedTime":1687289252,"SourceModuleName":"in_sysmon","SourceModuleType":"im_msvistalog"}
<14>Jun 20 19:27:32 win-adfs.lunarstiiiness.com Microsoft-Windows-Sysmon[2556]: {"EventTime":1687289251,"Hostname":"win-adfs.lunarstiiiness.com","Keywords":-9223372036854775808,"EventType":"INFO","SeverityValue":2,"Severity":"INFO","EventID":11,"SourceName":"Microsoft-Windows-Sysmon","ProviderGuid":"{5770385F-C22A-43E0-BF4C-06F5698FFBD9}","Version":2,"Task":11,"OpcodeValue":0,"RecordNumber":5946334,"ProcessID":2556,"ThreadID":3972,"Channel":"Microsoft-Windows-Sysmon/Operational","Domain":"NT AUTHORITY","AccountName":"SYSTEM","UserID":"S-1-5-18","AccountType":"User","Message":"File created:\r\nRuleName: technique_id=T1574.010,technique_name=Services File Permissions Weakness\r\nUtcTime: 2023-06-20 19:27:31.330\r\nProcessGuid: {927d35bf-3133-6489-1e00-000000002900}\r\nProcessId: 1220\r\nImage: C:\\Windows\\system32\\svchost.exe\r\nTargetFilename: C:\\Windows\\security\\audit\\audit.csv\r\nCreationUtcTime: 2022-11-21 17:12:05.858\r\nUser: NT AUTHORITY\\SYSTEM","Category":"File created (rule: FileCreate)","Opcode":"Info","RuleName":"technique_id=T1574.010,technique_name=Services File Permissions Weakness","UtcTime":"2023-06-20 19:27:31.330","ProcessGuid":"{927d35bf-3133-6489-1e00-000000002900}","Image":"C:\\Windows\\system32\\svchost.exe","TargetFilename":"C:\\Windows\\security\\audit\\audit.csv","CreationUtcTime":"2022-11-21 17:12:05.858","User":"NT AUTHORITY\\SYSTEM","EventReceivedTime":1687289252,"SourceModuleName":"in_sysmon","SourceModuleType":"im_msvistalog"}
<14>Jun 20 19:27:39 win-adfs.lunarstiiiness.com Microsoft-Windows-Sysmon[2556]: {"EventTime":1687289258,"Hostname":"win-adfs.lunarstiiiness.com","Keywords":-9223372036854775808,"EventType":"INFO","SeverityValue":2,"Severity":"INFO","EventID":11,"SourceName":"Microsoft-Windows-Sysmon","ProviderGuid":"{5770385F-C22A-43E0-BF4C-06F5698FFBD9}","Version":2,"Task":11,"OpcodeValue":0,"RecordNumber":5946337,"ProcessID":2556,"ThreadID":3972,"Channel":"Microsoft-Windows-Sysmon/Operational","Domain":"NT AUTHORITY","AccountName":"SYSTEM","UserID":"S-1-5-18","AccountType":"User","Message":"File created:\r\nRuleName: technique_id=T1574.010,technique_name=Services File Permissions Weakness\r\nUtcTime: 2023-06-20 19:27:38.475\r\nProcessGuid: {927d35bf-3133-6489-1d00-000000002900}\r\nProcessId: 1144\r\nImage: C:\\Windows\\System32\\svchost.exe\r\nTargetFilename: C:\\Windows\\ServiceState\\EventLog\\Data\\lastalive0.dat\r\nCreationUtcTime: 2023-06-14 03:17:07.862\r\nUser: NT AUTHORITY\\LOCAL SERVICE","Category":"File created (rule: FileCreate)","Opcode":"Info","RuleName":"technique_id=T1574.010,technique_name=Services File Permissions Weakness","UtcTime":"2023-06-20 19:27:38.475","ProcessGuid":"{927d35bf-3133-6489-1d00-000000002900}","Image":"C:\\Windows\\System32\\svchost.exe","TargetFilename":"C:\\Windows\\ServiceState\\EventLog\\Data\\lastalive0.dat","CreationUtcTime":"2023-06-14 03:17:07.862","User":"NT AUTHORITY\\LOCAL SERVICE","EventReceivedTime":1687289259,"SourceModuleName":"in_sysmon","SourceModuleType":"im_msvistalog"}
<14>Jun 20 19:27:45 win-adfs.lunarstiiiness.com Microsoft-Windows-Sysmon[2556]: {"EventTime":1687289263,"Hostname":"win-adfs.lunarstiiiness.com","Keywords":-9223372036854775808,"EventType":"INFO","SeverityValue":2,"Severity":"INFO","EventID":10,"SourceName":"Microsoft-Windows-Sysmon","ProviderGuid":"{5770385F-C22A-43E0-BF4C-06F5698FFBD9}","Version":3,"Task":10,"OpcodeValue":0,"RecordNumber":5946338,"ProcessID":2556,"ThreadID":3972,"Channel":"Microsoft-Windows-Sysmon/Operational","Domain":"NT AUTHORITY","AccountName":"SYSTEM","UserID":"S-1-5-18","AccountType":"User","Message":"Process accessed:\r\nRuleName: technique_id=T1055.001,technique_name=Dynamic-link Library Injection\r\nUtcTime: 2023-06-20 19:27:43.776\r\nSourceProcessGUID: {927d35bf-31d7-6489-a700-000000002900}\r\nSourceProcessId: 4804\r\nSourceThreadId: 6824\r\nSourceImage: C:\\Program Files\\Azure Advanced Threat Protection Sensor\\2.205.16667.61114\\Microsoft.Tri.Sensor.Updater.exe\r\nTargetProcessGUID: {927d35bf-320b-6489-b600-000000002900}\r\nTargetProcessId: 4168\r\nTargetImage: C:\\Program Files\\Azure Advanced Threat Protection Sensor\\2.205.16667.61114\\Microsoft.Tri.Sensor.exe\r\nGrantedAccess: 0x1F3FFF\r\nCallTrace: C:\\Windows\\SYSTEM32\\ntdll.dll+9f9a4|C:\\Windows\\System32\\KERNELBASE.dll+44a7e|UNKNOWN(00007FFB6B21EF70)\r\nSourceUser: NT AUTHORITY\\SYSTEM\r\nTargetUser: NT AUTHORITY\\LOCAL SERVICE","Category":"Process accessed (rule: ProcessAccess)","Opcode":"Info","RuleName":"technique_id=T1055.001,technique_name=Dynamic-link Library Injection","UtcTime":"2023-06-20 19:27:43.776","SourceProcessGUID":"{927d35bf-31d7-6489-a700-000000002900}","SourceProcessId":"4804","SourceThreadId":"6824","SourceImage":"C:\\Program Files\\Azure Advanced Threat Protection Sensor\\2.205.16667.61114\\Microsoft.Tri.Sensor.Updater.exe","TargetProcessGUID":"{927d35bf-320b-6489-b600-000000002900}","TargetProcessId":"4168","TargetImage":"C:\\Program Files\\Azure Advanced Threat Protection Sensor\\2.205.16667.61114\\Microsoft.Tri.Sensor.exe","GrantedAccess":"0x1f3fff","CallTrace":"C:\\Windows\\SYSTEM32\\ntdll.dll+9f9a4|C:\\Windows\\System32\\KERNELBASE.dll+44a7e|UNKNOWN(00007FFB6B21EF70)","SourceUser":"NT AUTHORITY\\SYSTEM","TargetUser":"NT AUTHORITY\\LOCAL SERVICE","EventReceivedTime":1687289265,"SourceModuleName":"in_sysmon","SourceModuleType":"im_msvistalog"}
<14>Jun 20 19:27:45 win-adfs.lunarstiiiness.com Microsoft-Windows-Sysmon[2556]: {"EventTime":1687289263,"Hostname":"win-adfs.lunarstiiiness.com","Keywords":-9223372036854775808,"EventType":"INFO","SeverityValue":2,"Severity":"INFO","EventID":10,"SourceName":"Microsoft-Windows-Sysmon","ProviderGuid":"{5770385F-C22A-43E0-BF4C-06F5698FFBD9}","Version":3,"Task":10,"OpcodeValue":0,"RecordNumber":5946339,"ProcessID":2556,"ThreadID":3972,"Channel":"Microsoft-Windows-Sysmon/Operational","Domain":"NT AUTHORITY","AccountName":"SYSTEM","UserID":"S-1-5-18","AccountType":"User","Message":"Process accessed:\r\nRuleName: technique_id=T1055.001,technique_name=Dynamic-link Library Injection\r\nUtcTime: 2023-06-20 19:27:43.776\r\nSourceProcessGUID: {927d35bf-31d7-6489-a700-000000002900}\r\nSourceProcessId: 4804\r\nSourceThreadId: 5060\r\nSourceImage: C:\\Program Files\\Azure Advanced Threat Protection Sensor\\2.205.16667.61114\\Microsoft.Tri.Sensor.Updater.exe\r\nTargetProcessGUID: {927d35bf-320b-6489-b600-000000002900}\r\nTargetProcessId: 4168\r\nTargetImage: C:\\Program Files\\Azure Advanced Threat Protection Sensor\\2.205.16667.61114\\Microsoft.Tri.Sensor.exe\r\nGrantedAccess: 0x1F3FFF\r\nCallTrace: C:\\Windows\\SYSTEM32\\ntdll.dll+9f9a4|C:\\Windows\\System32\\KERNELBASE.dll+44a7e|UNKNOWN(00007FFB6B21EF70)\r\nSourceUser: NT AUTHORITY\\SYSTEM\r\nTargetUser: NT AUTHORITY\\LOCAL SERVICE","Category":"Process accessed (rule: ProcessAccess)","Opcode":"Info","RuleName":"technique_id=T1055.001,technique_name=Dynamic-link Library Injection","UtcTime":"2023-06-20 19:27:43.776","SourceProcessGUID":"{927d35bf-31d7-6489-a700-000000002900}","SourceProcessId":"4804","SourceThreadId":"5060","SourceImage":"C:\\Program Files\\Azure Advanced Threat Protection Sensor\\2.205.16667.61114\\Microsoft.Tri.Sensor.Updater.exe","TargetProcessGUID":"{927d35bf-320b-6489-b600-000000002900}","TargetProcessId":"4168","TargetImage":"C:\\Program Files\\Azure Advanced Threat Protection Sensor\\2.205.16667.61114\\Microsoft.Tri.Sensor.exe","GrantedAccess":"0x1f3fff","CallTrace":"C:\\Windows\\SYSTEM32\\ntdll.dll+9f9a4|C:\\Windows\\System32\\KERNELBASE.dll+44a7e|UNKNOWN(00007FFB6B21EF70)","SourceUser":"NT AUTHORITY\\SYSTEM","TargetUser":"NT AUTHORITY\\LOCAL SERVICE","EventReceivedTime":1687289265,"SourceModuleName":"in_sysmon","SourceModuleType":"im_msvistalog"}
<14>Jun 20 19:27:45 win-adfs.lunarstiiiness.com Microsoft-Windows-Sysmon[2556]: {"EventTime":1687289264,"Hostname":"win-adfs.lunarstiiiness.com","Keywords":-9223372036854775808,"EventType":"INFO","SeverityValue":2,"Severity":"INFO","EventID":11,"SourceName":"Microsoft-Windows-Sysmon","ProviderGuid":"{5770385F-C22A-43E0-BF4C-06F5698FFBD9}","Version":2,"Task":11,"OpcodeValue":0,"RecordNumber":5946340,"ProcessID":2556,"ThreadID":3972,"Channel":"Microsoft-Windows-Sysmon/Operational","Domain":"NT AUTHORITY","AccountName":"SYSTEM","UserID":"S-1-5-18","AccountType":"User","Message":"File created:\r\nRuleName: technique_id=T1047,technique_name=File System Permissions Weakness\r\nUtcTime: 2023-06-20 19:27:44.401\r\nProcessGuid: {927d35bf-323d-6489-bc00-000000002900}\r\nProcessId: 5784\r\nImage: C:\\Program Files\\Microsoft Azure AD Connect Health Sync Agent\\Insights\\Microsoft.Identity.AadConnect.Health.AadSync.Host.exe\r\nTargetFilename: C:\\temp\\20230620\\PowerShell_transcript.WIN-ADFS.i0u9QOjJ.20230620192743.txt\r\nCreationUtcTime: 2023-06-20 19:27:44.401\r\nUser: NT AUTHORITY\\SYSTEM","Category":"File created (rule: FileCreate)","Opcode":"Info","RuleName":"technique_id=T1047,technique_name=File System Permissions Weakness","UtcTime":"2023-06-20 19:27:44.401","ProcessGuid":"{927d35bf-323d-6489-bc00-000000002900}","Image":"C:\\Program Files\\Microsoft Azure AD Connect Health Sync Agent\\Insights\\Microsoft.Identity.AadConnect.Health.AadSync.Host.exe","TargetFilename":"C:\\temp\\20230620\\PowerShell_transcript.WIN-ADFS.i0u9QOjJ.20230620192743.txt","CreationUtcTime":"2023-06-20 19:27:44.401","User":"NT AUTHORITY\\SYSTEM","EventReceivedTime":1687289265,"SourceModuleName":"in_sysmon","SourceModuleType":"im_msvistalog"}
<14>Jun 20 19:27:46 win-server.lunarstiiiness.com Microsoft-Windows-Sysmon[2212]: {"EventTime":1687289265,"Hostname":"win-server.lunarstiiiness.com","Keywords":-9223372036854775808,"EventType":"INFO","SeverityValue":2,"Severity":"INFO","EventID":12,"SourceName":"Microsoft-Windows-Sysmon","ProviderGuid":"{5770385F-C22A-43E0-BF4C-06F5698FFBD9}","Version":2,"Task":12,"OpcodeValue":0,"RecordNumber":2202611,"ProcessID":2212,"ThreadID":2972,"Channel":"Microsoft-Windows-Sysmon/Operational","Domain":"NT AUTHORITY","AccountName":"SYSTEM","UserID":"S-1-5-18","AccountType":"User","Message":"Registry object added or deleted:\r\nRuleName: technique_id=T1553.004,technique_name=Install Root Certificate\r\nEventType: CreateKey\r\nUtcTime: 2023-06-20 19:27:45.313\r\nProcessGuid: {BE59402F-FD9C-6491-5F0E-000000002400}\r\nProcessId: 3588\r\nImage: C:\\Program Files (x86)\\LogMeIn Rescue Technician Console\\LogMeInRescueTechnicianConsole_x64\\LMIRTechConsole.exe\r\nTargetObject: HKU\\S-1-5-21-3263964631-4121654051-1417071188-1116\\SOFTWARE\\Microsoft\\SystemCertificates\\CA\\Certificates\r\nUser: LUNARSTIIINESS\\tim.smith_admin","Category":"Registry object added or deleted (rule: RegistryEvent)","Opcode":"Info","RuleName":"technique_id=T1553.004,technique_name=Install Root Certificate","UtcTime":"2023-06-20 19:27:45.313","ProcessGuid":"{BE59402F-FD9C-6491-5F0E-000000002400}","Image":"C:\\Program Files (x86)\\LogMeIn Rescue Technician Console\\LogMeInRescueTechnicianConsole_x64\\LMIRTechConsole.exe","TargetObject":"HKU\\S-1-5-21-3263964631-4121654051-1417071188-1116\\SOFTWARE\\Microsoft\\SystemCertificates\\CA\\Certificates","User":"LUNARSTIIINESS\\tim.smith_admin","EventReceivedTime":1687289266,"SourceModuleName":"in_sysmon","SourceModuleType":"im_msvistalog"}
<14>Jun 20 19:27:46 win-server.lunarstiiiness.com Microsoft-Windows-Sysmon[2212]: {"EventTime":1687289265,"Hostname":"win-server.lunarstiiiness.com","Keywords":-9223372036854775808,"EventType":"INFO","SeverityValue":2,"Severity":"INFO","EventID":12,"SourceName":"Microsoft-Windows-Sysmon","ProviderGuid":"{5770385F-C22A-43E0-BF4C-06F5698FFBD9}","Version":2,"Task":12,"OpcodeValue":0,"RecordNumber":2202612,"ProcessID":2212,"ThreadID":2972,"Channel":"Microsoft-Windows-Sysmon/Operational","Domain":"NT AUTHORITY","AccountName":"SYSTEM","UserID":"S-1-5-18","AccountType":"User","Message":"Registry object added or deleted:\r\nRuleName: technique_id=T1553.004,technique_name=Install Root Certificate\r\nEventType: CreateKey\r\nUtcTime: 2023-06-20 19:27:45.329\r\nProcessGuid: {BE59402F-FD9C-6491-5F0E-000000002400}\r\nProcessId: 3588\r\nImage: C:\\Program Files (x86)\\LogMeIn Rescue Technician Console\\LogMeInRescueTechnicianConsole_x64\\LMIRTechConsole.exe\r\nTargetObject: HKU\\S-1-5-21-3263964631-4121654051-1417071188-1116\\SOFTWARE\\Microsoft\\SystemCertificates\\Root\\Certificates\r\nUser: LUNARSTIIINESS\\tim.smith_admin","Category":"Registry object added or deleted (rule: RegistryEvent)","Opcode":"Info","RuleName":"technique_id=T1553.004,technique_name=Install Root Certificate","UtcTime":"2023-06-20 19:27:45.329","ProcessGuid":"{BE59402F-FD9C-6491-5F0E-000000002400}","Image":"C:\\Program Files (x86)\\LogMeIn Rescue Technician Console\\LogMeInRescueTechnicianConsole_x64\\LMIRTechConsole.exe","TargetObject":"HKU\\S-1-5-21-3263964631-4121654051-1417071188-1116\\SOFTWARE\\Microsoft\\SystemCertificates\\Root\\Certificates","User":"LUNARSTIIINESS\\tim.smith_admin","EventReceivedTime":1687289266,"SourceModuleName":"in_sysmon","SourceModuleType":"im_msvistalog"}
<14>Jun 20 19:27:46 win-server.lunarstiiiness.com Microsoft-Windows-Sysmon[2212]: {"EventTime":1687289265,"Hostname":"win-server.lunarstiiiness.com","Keywords":-9223372036854775808,"EventType":"INFO","SeverityValue":2,"Severity":"INFO","EventID":23,"SourceName":"Microsoft-Windows-Sysmon","ProviderGuid":"{5770385F-C22A-43E0-BF4C-06F5698FFBD9}","Version":5,"Task":23,"OpcodeValue":0,"RecordNumber":2202613,"ProcessID":2212,"ThreadID":2972,"Channel":"Microsoft-Windows-Sysmon/Operational","Domain":"NT AUTHORITY","AccountName":"SYSTEM","UserID":"S-1-5-18","AccountType":"User","Message":"File Delete archived:\r\nRuleName: -\r\nUtcTime: 2023-06-20 19:27:45.344\r\nProcessGuid: {BE59402F-FD9C-6491-5F0E-000000002400}\r\nProcessId: 3588\r\nUser: LUNARSTIIINESS\\tim.smith_admin\r\nImage: C:\\Program Files (x86)\\LogMeIn Rescue Technician Console\\LogMeInRescueTechnicianConsole_x64\\LMIRTechConsole.exe\r\nTargetFilename: C:\\Users\\tim.smith_admin\\AppData\\LocalLow\\LogMeIn Rescue\\resources\\scripts\\ManagedScripts.xml\r\nHashes: SHA1=627A8360777A37627535B988E9FA826A7A93499F,MD5=A4610BBDC3F07BF54DBED502625DB688,SHA256=92CB1C36BFB1099A3AEA2EEA9E5A0AB5B6A5359980B6F4C196457645182AC390,IMPHASH=00000000000000000000000000000000\r\nIsExecutable: false\r\nArchived: true","Category":"File Delete archived (rule: FileDelete)","Opcode":"Info","RuleName":"-","UtcTime":"2023-06-20 19:27:45.344","ProcessGuid":"{BE59402F-FD9C-6491-5F0E-000000002400}","User":"LUNARSTIIINESS\\tim.smith_admin","Image":"C:\\Program Files (x86)\\LogMeIn Rescue Technician Console\\LogMeInRescueTechnicianConsole_x64\\LMIRTechConsole.exe","TargetFilename":"C:\\Users\\tim.smith_admin\\AppData\\LocalLow\\LogMeIn Rescue\\resources\\scripts\\ManagedScripts.xml","Hashes":"SHA1=627A8360777A37627535B988E9FA826A7A93499F,MD5=A4610BBDC3F07BF54DBED502625DB688,SHA256=92CB1C36BFB1099A3AEA2EEA9E5A0AB5B6A5359980B6F4C196457645182AC390,IMPHASH=00000000000000000000000000000000","IsExecutable":"false","Archived":"true","EventReceivedTime":1687289266,"SourceModuleName":"in_sysmon","SourceModuleType":"im_msvistalog"}
<14>Jun 20 19:27:48 win-server.lunarstiiiness.com Microsoft-Windows-Sysmon[2212]: {"EventTime":1687289267,"Hostname":"win-server.lunarstiiiness.com","Keywords":-9223372036854775808,"EventType":"INFO","SeverityValue":2,"Severity":"INFO","EventID":22,"SourceName":"Microsoft-Windows-Sysmon","ProviderGuid":"{5770385F-C22A-43E0-BF4C-06F5698FFBD9}","Version":5,"Task":22,"OpcodeValue":0,"RecordNumber":2202614,"ProcessID":2212,"ThreadID":2992,"Channel":"Microsoft-Windows-Sysmon/Operational","Domain":"NT AUTHORITY","AccountName":"SYSTEM","UserID":"S-1-5-18","AccountType":"User","Message":"Dns query:\r\nRuleName: -\r\nUtcTime: 2023-06-20 19:27:46.765\r\nProcessGuid: {BE59402F-FD9C-6491-5F0E-000000002400}\r\nProcessId: 3588\r\nQueryName: rsca-prd-ava-streamingserver-09c1b8ae70ff458d2.remoteview.logmein.com\r\nQueryStatus: 0\r\nQueryResults: ::ffff:54.161.138.163;\r\nImage: C:\\Program Files (x86)\\LogMeIn Rescue Technician Console\\LogMeInRescueTechnicianConsole_x64\\LMIRTechConsole.exe\r\nUser: LUNARSTIIINESS\\tim.smith_admin","Category":"Dns query (rule: DnsQuery)","Opcode":"Info","RuleName":"-","UtcTime":"2023-06-20 19:27:46.765","ProcessGuid":"{BE59402F-FD9C-6491-5F0E-000000002400}","QueryName":"rsca-prd-ava-streamingserver-09c1b8ae70ff458d2.remoteview.logmein.com","QueryStatus":"0","QueryResults":"::ffff:54.161.138.163;","Image":"C:\\Program Files (x86)\\LogMeIn Rescue Technician Console\\LogMeInRescueTechnicianConsole_x64\\LMIRTechConsole.exe","User":"LUNARSTIIINESS\\tim.smith_admin","EventReceivedTime":1687289268,"SourceModuleName":"in_sysmon","SourceModuleType":"im_msvistalog"}
<14>Jun 20 19:27:49 win-adfs.lunarstiiiness.com Microsoft-Windows-Sysmon[2556]: {"EventTime":1687289268,"Hostname":"win-adfs.lunarstiiiness.com","Keywords":-9223372036854775808,"EventType":"INFO","SeverityValue":2,"Severity":"INFO","EventID":1,"SourceName":"Microsoft-Windows-Sysmon","ProviderGuid":"{5770385F-C22A-43E0-BF4C-06F5698FFBD9}","Version":5,"Task":1,"OpcodeValue":0,"RecordNumber":5946341,"ProcessID":2556,"ThreadID":3972,"Channel":"Microsoft-Windows-Sysmon/Operational","Domain":"NT AUTHORITY","AccountName":"SYSTEM","UserID":"S-1-5-18","AccountType":"User","Message":"Process Create:\r\nRuleName: technique_id=T1047,technique_name=Windows Management Instrumentation\r\nUtcTime: 2023-06-20 19:27:48.654\r\nProcessGuid: {927d35bf-fdb4-6491-c434-000000002900}\r\nProcessId: 8264\r\nImage: C:\\Windows\\System32\\wbem\\WmiPrvSE.exe\r\nFileVersion: 10.0.20348.1 (WinBuild.160101.0800)\r\nDescription: WMI Provider Host\r\nProduct: Microsoft® Windows® Operating System\r\nCompany: Microsoft Corporation\r\nOriginalFileName: Wmiprvse.exe\r\nCommandLine: C:\\Windows\\system32\\wbem\\wmiprvse.exe -Embedding\r\nCurrentDirectory: C:\\Windows\\system32\\\r\nUser: NT AUTHORITY\\NETWORK SERVICE\r\nLogonGuid: {927d35bf-3131-6489-e403-000000000000}\r\nLogonId: 0x3E4\r\nTerminalSessionId: 0\r\nIntegrityLevel: System\r\nHashes: SHA1=4D70BDF57F36CD27925FBDA50B4CAD05D0CCB64F,MD5=90815C0783BC9F9F6D96862C25C192BF,SHA256=1792731E030B7FE35A7EB21C9F907EAE6E4AC381DE918003F2709185C4CE0A5A,IMPHASH=EEF7A7FBBC54E78B2A1B262353515AE0\r\nParentProcessGuid: {927d35bf-3131-6489-0d00-000000002900}\r\nParentProcessId: 788\r\nParentImage: C:\\Windows\\System32\\svchost.exe\r\nParentCommandLine: C:\\Windows\\system32\\svchost.exe -k DcomLaunch -p\r\nParentUser: NT AUTHORITY\\SYSTEM","Category":"Process Create (rule: ProcessCreate)","Opcode":"Info","RuleName":"technique_id=T1047,technique_name=Windows Management Instrumentation","UtcTime":"2023-06-20 19:27:48.654","ProcessGuid":"{927d35bf-fdb4-6491-c434-000000002900}","Image":"C:\\Windows\\System32\\wbem\\WmiPrvSE.exe","FileVersion":"10.0.20348.1 (WinBuild.160101.0800)","Description":"WMI Provider Host","Product":"Microsoft® Windows® Operating System","Company":"Microsoft Corporation","OriginalFileName":"Wmiprvse.exe","CommandLine":"C:\\Windows\\system32\\wbem\\wmiprvse.exe -Embedding","CurrentDirectory":"C:\\Windows\\system32\\","User":"NT AUTHORITY\\NETWORK SERVICE","LogonGuid":"{927d35bf-3131-6489-e403-000000000000}","LogonId":"0x3e4","TerminalSessionId":"0","IntegrityLevel":"System","Hashes":"SHA1=4D70BDF57F36CD27925FBDA50B4CAD05D0CCB64F,MD5=90815C0783BC9F9F6D96862C25C192BF,SHA256=1792731E030B7FE35A7EB21C9F907EAE6E4AC381DE918003F2709185C4CE0A5A,IMPHASH=EEF7A7FBBC54E78B2A1B262353515AE0","ParentProcessGuid":"{927d35bf-3131-6489-0d00-000000002900}","ParentProcessId":"788","ParentImage":"C:\\Windows\\System32\\svchost.exe","ParentCommandLine":"C:\\Windows\\system32\\svchost.exe -k DcomLaunch -p","ParentUser":"NT AUTHORITY\\SYSTEM","EventReceivedTime":1687289269,"SourceModuleName":"in_sysmon","SourceModuleType":"im_msvistalog"}
<14>Jun 20 19:27:49 win-adfs.lunarstiiiness.com Microsoft-Windows-Sysmon[2556]: {"EventTime":1687289268,"Hostname":"win-adfs.lunarstiiiness.com","Keywords":-9223372036854775808,"EventType":"INFO","SeverityValue":2,"Severity":"INFO","EventID":7,"SourceName":"Microsoft-Windows-Sysmon","ProviderGuid":"{5770385F-C22A-43E0-BF4C-06F5698FFBD9}","Version":3,"Task":7,"OpcodeValue":0,"RecordNumber":5946343,"ProcessID":2556,"ThreadID":3972,"Channel":"Microsoft-Windows-Sysmon/Operational","Domain":"NT AUTHORITY","AccountName":"SYSTEM","UserID":"S-1-5-18","AccountType":"User","Message":"Image loaded:\r\nRuleName: technique_id=T1055,technique_name=Process Injection\r\nUtcTime: 2023-06-20 19:27:48.702\r\nProcessGuid: {927d35bf-fdb4-6491-c434-000000002900}\r\nProcessId: 8264\r\nImage: C:\\Windows\\System32\\wbem\\WmiPrvSE.exe\r\nImageLoaded: C:\\Windows\\System32\\mscoree.dll\r\nFileVersion: 10.0.20348.1 (WinBuild.160101.0800)\r\nDescription: Microsoft .NET Runtime Execution Engine\r\nProduct: Microsoft® Windows® Operating System\r\nCompany: Microsoft Corporation\r\nOriginalFileName: mscoree.dll\r\nHashes: SHA1=C8E7BBEFD69992AFED43C9A03B70254ED9AE4897,MD5=7DDB05EC3BE80B951478E594294C0361,SHA256=9D8834AF8F090B5F3199176A289B9A219F0AE51D72B79DD23E4BA5BC0E3C9D2B,IMPHASH=A4E2FB81EB74C41F6CEEBA12158650EF\r\nSigned: true\r\nSignature: Microsoft Windows\r\nSignatureStatus: Valid\r\nUser: NT AUTHORITY\\NETWORK SERVICE","Category":"Image loaded (rule: ImageLoad)","Opcode":"Info","RuleName":"technique_id=T1055,technique_name=Process Injection","UtcTime":"2023-06-20 19:27:48.702","ProcessGuid":"{927d35bf-fdb4-6491-c434-000000002900}","Image":"C:\\Windows\\System32\\wbem\\WmiPrvSE.exe","ImageLoaded":"C:\\Windows\\System32\\mscoree.dll","FileVersion":"10.0.20348.1 (WinBuild.160101.0800)","Description":"Microsoft .NET Runtime Execution Engine","Product":"Microsoft® Windows® Operating System","Company":"Microsoft Corporation","OriginalFileName":"mscoree.dll","Hashes":"SHA1=C8E7BBEFD69992AFED43C9A03B70254ED9AE4897,MD5=7DDB05EC3BE80B951478E594294C0361,SHA256=9D8834AF8F090B5F3199176A289B9A219F0AE51D72B79DD23E4BA5BC0E3C9D2B,IMPHASH=A4E2FB81EB74C41F6CEEBA12158650EF","Signed":"true","Signature":"Microsoft Windows","SignatureStatus":"Valid","User":"NT AUTHORITY\\NETWORK SERVICE","EventReceivedTime":1687289269,"SourceModuleName":"in_sysmon","SourceModuleType":"im_msvistalog"}
<14>Jun 20 19:27:49 win-adfs.lunarstiiiness.com Microsoft-Windows-Sysmon[2556]: {"EventTime":1687289268,"Hostname":"win-adfs.lunarstiiiness.com","Keywords":-9223372036854775808,"EventType":"INFO","SeverityValue":2,"Severity":"INFO","EventID":7,"SourceName":"Microsoft-Windows-Sysmon","ProviderGuid":"{5770385F-C22A-43E0-BF4C-06F5698FFBD9}","Version":3,"Task":7,"OpcodeValue":0,"RecordNumber":5946345,"ProcessID":2556,"ThreadID":3972,"Channel":"Microsoft-Windows-Sysmon/Operational","Domain":"NT AUTHORITY","AccountName":"SYSTEM","UserID":"S-1-5-18","AccountType":"User","Message":"Image loaded:\r\nRuleName: technique_id=T1055,technique_name=Process Injection\r\nUtcTime: 2023-06-20 19:27:48.702\r\nProcessGuid: {927d35bf-fdb4-6491-c434-000000002900}\r\nProcessId: 8264\r\nImage: C:\\Windows\\System32\\wbem\\WmiPrvSE.exe\r\nImageLoaded: C:\\Windows\\Microsoft.NET\\Framework64\\v4.0.30319\\clr.dll\r\nFileVersion: 4.8.4644.0 built by: NET48REL1LAST_B\r\nDescription: Microsoft .NET Runtime Common Language Runtime - WorkStation\r\nProduct: Microsoft® .NET Framework\r\nCompany: Microsoft Corporation\r\nOriginalFileName: clr.dll\r\nHashes: SHA1=7357B98F085B918ED123A4D5B0904875B91D668A,MD5=944E4D9B387F1E02658F5A39435F9EE8,SHA256=0F31721618F7B793C820BD0633C3F4E143983EE44B24E519CC9497D07313E586,IMPHASH=259C196C67C4E02F941CAD54D9D9BB8A\r\nSigned: true\r\nSignature: Microsoft Corporation\r\nSignatureStatus: Valid\r\nUser: NT AUTHORITY\\NETWORK SERVICE","Category":"Image loaded (rule: ImageLoad)","Opcode":"Info","RuleName":"technique_id=T1055,technique_name=Process Injection","UtcTime":"2023-06-20 19:27:48.702","ProcessGuid":"{927d35bf-fdb4-6491-c434-000000002900}","Image":"C:\\Windows\\System32\\wbem\\WmiPrvSE.exe","ImageLoaded":"C:\\Windows\\Microsoft.NET\\Framework64\\v4.0.30319\\clr.dll","FileVersion":"4.8.4644.0 built by: NET48REL1LAST_B","Description":"Microsoft .NET Runtime Common Language Runtime - WorkStation","Product":"Microsoft® .NET Framework","Company":"Microsoft Corporation","OriginalFileName":"clr.dll","Hashes":"SHA1=7357B98F085B918ED123A4D5B0904875B91D668A,MD5=944E4D9B387F1E02658F5A39435F9EE8,SHA256=0F31721618F7B793C820BD0633C3F4E143983EE44B24E519CC9497D07313E586,IMPHASH=259C196C67C4E02F941CAD54D9D9BB8A","Signed":"true","Signature":"Microsoft Corporation","SignatureStatus":"Valid","User":"NT AUTHORITY\\NETWORK SERVICE","EventReceivedTime":1687289269,"SourceModuleName":"in_sysmon","SourceModuleType":"im_msvistalog"}
<14>Jun 20 19:27:49 win-adfs.lunarstiiiness.com Microsoft-Windows-Sysmon[2556]: {"EventTime":1687289268,"Hostname":"win-adfs.lunarstiiiness.com","Keywords":-9223372036854775808,"EventType":"INFO","SeverityValue":2,"Severity":"INFO","EventID":7,"SourceName":"Microsoft-Windows-Sysmon","ProviderGuid":"{5770385F-C22A-43E0-BF4C-06F5698FFBD9}","Version":3,"Task":7,"OpcodeValue":0,"RecordNumber":5946344,"ProcessID":2556,"ThreadID":3972,"Channel":"Microsoft-Windows-Sysmon/Operational","Domain":"NT AUTHORITY","AccountName":"SYSTEM","UserID":"S-1-5-18","AccountType":"User","Message":"Image loaded:\r\nRuleName: technique_id=T1055,technique_name=Process Injection\r\nUtcTime: 2023-06-20 19:27:48.702\r\nProcessGuid: {927d35bf-fdb4-6491-c434-000000002900}\r\nProcessId: 8264\r\nImage: C:\\Windows\\System32\\wbem\\WmiPrvSE.exe\r\nImageLoaded: C:\\Windows\\Microsoft.NET\\Framework64\\v4.0.30319\\mscoreei.dll\r\nFileVersion: 4.8.4380.0 built by: NET48REL1LAST_B\r\nDescription: Microsoft .NET Runtime Execution Engine\r\nProduct: Microsoft® .NET Framework\r\nCompany: Microsoft Corporation\r\nOriginalFileName: mscoreei.dll\r\nHashes: SHA1=D7C422048A8E9E3A89D0387343CC423B580ECA59,MD5=3D399632BE44E90B6A6D71A4DF1048D0,SHA256=4DCFCE4FDCE10E39366D12067175614843EB348B277897B0B455560797826766,IMPHASH=005299FA213F652A596AC31760C5340B\r\nSigned: true\r\nSignature: Microsoft Corporation\r\nSignatureStatus: Valid\r\nUser: NT AUTHORITY\\NETWORK SERVICE","Category":"Image loaded (rule: ImageLoad)","Opcode":"Info","RuleName":"technique_id=T1055,technique_name=Process Injection","UtcTime":"2023-06-20 19:27:48.702","ProcessGuid":"{927d35bf-fdb4-6491-c434-000000002900}","Image":"C:\\Windows\\System32\\wbem\\WmiPrvSE.exe","ImageLoaded":"C:\\Windows\\Microsoft.NET\\Framework64\\v4.0.30319\\mscoreei.dll","FileVersion":"4.8.4380.0 built by: NET48REL1LAST_B","Description":"Microsoft .NET Runtime Execution Engine","Product":"Microsoft® .NET Framework","Company":"Microsoft Corporation","OriginalFileName":"mscoreei.dll","Hashes":"SHA1=D7C422048A8E9E3A89D0387343CC423B580ECA59,MD5=3D399632BE44E90B6A6D71A4DF1048D0,SHA256=4DCFCE4FDCE10E39366D12067175614843EB348B277897B0B455560797826766,IMPHASH=005299FA213F652A596AC31760C5340B","Signed":"true","Signature":"Microsoft Corporation","SignatureStatus":"Valid","User":"NT AUTHORITY\\NETWORK SERVICE","EventReceivedTime":1687289269,"SourceModuleName":"in_sysmon","SourceModuleType":"im_msvistalog"}
<14>Jun 20 19:27:49 win-adfs.lunarstiiiness.com Microsoft-Windows-Sysmon[2556]: {"EventTime":1687289268,"Hostname":"win-adfs.lunarstiiiness.com","Keywords":-9223372036854775808,"EventType":"INFO","SeverityValue":2,"Severity":"INFO","EventID":7,"SourceName":"Microsoft-Windows-Sysmon","ProviderGuid":"{5770385F-C22A-43E0-BF4C-06F5698FFBD9}","Version":3,"Task":7,"OpcodeValue":0,"RecordNumber":5946346,"ProcessID":2556,"ThreadID":3972,"Channel":"Microsoft-Windows-Sysmon/Operational","Domain":"NT AUTHORITY","AccountName":"SYSTEM","UserID":"S-1-5-18","AccountType":"User","Message":"Image loaded:\r\nRuleName: technique_id=T1055,technique_name=Process Injection\r\nUtcTime: 2023-06-20 19:27:48.718\r\nProcessGuid: {927d35bf-fdb4-6491-c434-000000002900}\r\nProcessId: 8264\r\nImage: C:\\Windows\\System32\\wbem\\WmiPrvSE.exe\r\nImageLoaded: C:\\Windows\\assembly\\NativeImages_v4.0.30319_64\\mscorlib\\3c1aa73b881e6ba477ed577740a7f174\\mscorlib.ni.dll\r\nFileVersion: 4.8.4644.0 built by: NET48REL1LAST_B\r\nDescription: Microsoft Common Language Runtime Class Library\r\nProduct: Microsoft® .NET Framework\r\nCompany: Microsoft Corporation\r\nOriginalFileName: mscorlib.dll\r\nHashes: SHA1=7AA38758FFD18E95EDA0F9B39BD8DCFD66147751,MD5=29E98AE5339D43695CFB9E6EEA345493,SHA256=DE1577AE1BF0BBE684638936ACCBA70C4328C3F2586865A414AD64A2DB16C971,IMPHASH=00000000000000000000000000000000\r\nSigned: true\r\nSignature: Microsoft Corporation\r\nSignatureStatus: Valid\r\nUser: NT AUTHORITY\\NETWORK SERVICE","Category":"Image loaded (rule: ImageLoad)","Opcode":"Info","RuleName":"technique_id=T1055,technique_name=Process Injection","UtcTime":"2023-06-20 19:27:48.718","ProcessGuid":"{927d35bf-fdb4-6491-c434-000000002900}","Image":"C:\\Windows\\System32\\wbem\\WmiPrvSE.exe","ImageLoaded":"C:\\Windows\\assembly\\NativeImages_v4.0.30319_64\\mscorlib\\3c1aa73b881e6ba477ed577740a7f174\\mscorlib.ni.dll","FileVersion":"4.8.4644.0 built by: NET48REL1LAST_B","Description":"Microsoft Common Language Runtime Class Library","Product":"Microsoft® .NET Framework","Company":"Microsoft Corporation","OriginalFileName":"mscorlib.dll","Hashes":"SHA1=7AA38758FFD18E95EDA0F9B39BD8DCFD66147751,MD5=29E98AE5339D43695CFB9E6EEA345493,SHA256=DE1577AE1BF0BBE684638936ACCBA70C4328C3F2586865A414AD64A2DB16C971,IMPHASH=00000000000000000000000000000000","Signed":"true","Signature":"Microsoft Corporation","SignatureStatus":"Valid","User":"NT AUTHORITY\\NETWORK SERVICE","EventReceivedTime":1687289269,"SourceModuleName":"in_sysmon","SourceModuleType":"im_msvistalog"}
<14>Jun 20 19:27:49 win-adfs.lunarstiiiness.com Microsoft-Windows-Sysmon[2556]: {"EventTime":1687289268,"Hostname":"win-adfs.lunarstiiiness.com","Keywords":-9223372036854775808,"EventType":"INFO","SeverityValue":2,"Severity":"INFO","EventID":7,"SourceName":"Microsoft-Windows-Sysmon","ProviderGuid":"{5770385F-C22A-43E0-BF4C-06F5698FFBD9}","Version":3,"Task":7,"OpcodeValue":0,"RecordNumber":5946347,"ProcessID":2556,"ThreadID":3972,"Channel":"Microsoft-Windows-Sysmon/Operational","Domain":"NT AUTHORITY","AccountName":"SYSTEM","UserID":"S-1-5-18","AccountType":"User","Message":"Image loaded:\r\nRuleName: technique_id=T1055,technique_name=Process Injection\r\nUtcTime: 2023-06-20 19:27:48.749\r\nProcessGuid: {927d35bf-fdb4-6491-c434-000000002900}\r\nProcessId: 8264\r\nImage: C:\\Windows\\System32\\wbem\\WmiPrvSE.exe\r\nImageLoaded: C:\\Windows\\Microsoft.NET\\Framework64\\v4.0.30319\\clrjit.dll\r\nFileVersion: 4.8.4644.0 built by: NET48REL1LAST_B\r\nDescription: Microsoft .NET Runtime Just-In-Time Compiler\r\nProduct: Microsoft® .NET Framework\r\nCompany: Microsoft Corporation\r\nOriginalFileName: clrjit.dll\r\nHashes: SHA1=13994B5256883505D34B829663A54C58890CE744,MD5=40D2DE30FCFEDF7F3EFD2784849424BD,SHA256=36DF4B098004B6AD6CADFDD63F6195ED11ED0DCA11D5DE97B870090FEF3CFD35,IMPHASH=9F2B44B648DE13A18C1ABC07250B85C2\r\nSigned: true\r\nSignature: Microsoft Corporation\r\nSignatureStatus: Valid\r\nUser: NT AUTHORITY\\NETWORK SERVICE","Category":"Image loaded (rule: ImageLoad)","Opcode":"Info","RuleName":"technique_id=T1055,technique_name=Process Injection","UtcTime":"2023-06-20 19:27:48.749","ProcessGuid":"{927d35bf-fdb4-6491-c434-000000002900}","Image":"C:\\Windows\\System32\\wbem\\WmiPrvSE.exe","ImageLoaded":"C:\\Windows\\Microsoft.NET\\Framework64\\v4.0.30319\\clrjit.dll","FileVersion":"4.8.4644.0 built by: NET48REL1LAST_B","Description":"Microsoft .NET Runtime Just-In-Time Compiler","Product":"Microsoft® .NET Framework","Company":"Microsoft Corporation","OriginalFileName":"clrjit.dll","Hashes":"SHA1=13994B5256883505D34B829663A54C58890CE744,MD5=40D2DE30FCFEDF7F3EFD2784849424BD,SHA256=36DF4B098004B6AD6CADFDD63F6195ED11ED0DCA11D5DE97B870090FEF3CFD35,IMPHASH=9F2B44B648DE13A18C1ABC07250B85C2","Signed":"true","Signature":"Microsoft Corporation","SignatureStatus":"Valid","User":"NT AUTHORITY\\NETWORK SERVICE","EventReceivedTime":1687289269,"SourceModuleName":"in_sysmon","SourceModuleType":"im_msvistalog"}
<14>Jun 20 19:27:49 win-adfs.lunarstiiiness.com Microsoft-Windows-Sysmon[2556]: {"EventTime":1687289268,"Hostname":"win-adfs.lunarstiiiness.com","Keywords":-9223372036854775808,"EventType":"INFO","SeverityValue":2,"Severity":"INFO","EventID":7,"SourceName":"Microsoft-Windows-Sysmon","ProviderGuid":"{5770385F-C22A-43E0-BF4C-06F5698FFBD9}","Version":3,"Task":7,"OpcodeValue":0,"RecordNumber":5946342,"ProcessID":2556,"ThreadID":3972,"Channel":"Microsoft-Windows-Sysmon/Operational","Domain":"NT AUTHORITY","AccountName":"SYSTEM","UserID":"S-1-5-18","AccountType":"User","Message":"Image loaded:\r\nRuleName: technique_id=T1047,technique_name=Windows Management Instrumentation\r\nUtcTime: 2023-06-20 19:27:48.702\r\nProcessGuid: {927d35bf-fdb4-6491-c434-000000002900}\r\nProcessId: 8264\r\nImage: C:\\Windows\\System32\\wbem\\WmiPrvSE.exe\r\nImageLoaded: C:\\Windows\\System32\\wbem\\wmiutils.dll\r\nFileVersion: 10.0.20348.1070 (WinBuild.160101.0800)\r\nDescription: WMI\r\nProduct: Microsoft® Windows® Operating System\r\nCompany: Microsoft Corporation\r\nOriginalFileName: wmiutils.dll\r\nHashes: SHA1=5F4C865E00A57711EA49A8F71E2B8D8C2E7DA751,MD5=E193FAD92B2008C50B1F9A728398ED93,SHA256=1F2FC45BB184AD73EDBD1AFBEBB8EFDF48F6981CBB4D34970D0E2D2172090C1F,IMPHASH=472A202488B9A8A8072E75ADE4EC1496\r\nSigned: true\r\nSignature: Microsoft Windows\r\nSignatureStatus: Valid\r\nUser: NT AUTHORITY\\NETWORK SERVICE","Category":"Image loaded (rule: ImageLoad)","Opcode":"Info","RuleName":"technique_id=T1047,technique_name=Windows Management Instrumentation","UtcTime":"2023-06-20 19:27:48.702","ProcessGuid":"{927d35bf-fdb4-6491-c434-000000002900}","Image":"C:\\Windows\\System32\\wbem\\WmiPrvSE.exe","ImageLoaded":"C:\\Windows\\System32\\wbem\\wmiutils.dll","FileVersion":"10.0.20348.1070 (WinBuild.160101.0800)","Description":"WMI","Product":"Microsoft® Windows® Operating System","Company":"Microsoft Corporation","OriginalFileName":"wmiutils.dll","Hashes":"SHA1=5F4C865E00A57711EA49A8F71E2B8D8C2E7DA751,MD5=E193FAD92B2008C50B1F9A728398ED93,SHA256=1F2FC45BB184AD73EDBD1AFBEBB8EFDF48F6981CBB4D34970D0E2D2172090C1F,IMPHASH=472A202488B9A8A8072E75ADE4EC1496","Signed":"true","Signature":"Microsoft Windows","SignatureStatus":"Valid","User":"NT AUTHORITY\\NETWORK SERVICE","EventReceivedTime":1687289269,"SourceModuleName":"in_sysmon","SourceModuleType":"im_msvistalog"}
<14>Jun 20 19:28:03 win-server.lunarstiiiness.com Microsoft-Windows-Sysmon[2212]: {"EventTime":1687289282,"Hostname":"win-server.lunarstiiiness.com","Keywords":-9223372036854775808,"EventType":"INFO","SeverityValue":2,"Severity":"INFO","EventID":17,"SourceName":"Microsoft-Windows-Sysmon","ProviderGuid":"{5770385F-C22A-43E0-BF4C-06F5698FFBD9}","Version":1,"Task":17,"OpcodeValue":0,"RecordNumber":2202615,"ProcessID":2212,"ThreadID":2972,"Channel":"Microsoft-Windows-Sysmon/Operational","Domain":"NT AUTHORITY","AccountName":"SYSTEM","UserID":"S-1-5-18","AccountType":"User","Message":"Pipe Created:\r\nRuleName: -\r\nEventType: CreatePipe\r\nUtcTime: 2023-06-20 19:28:02.375\r\nProcessGuid: {BE59402F-FD9C-6491-5F0E-000000002400}\r\nProcessId: 3588\r\nPipeName: \\43e2876d-cb16-4438-83b1-f48717f6cf95\r\nImage: C:\\Program Files (x86)\\LogMeIn Rescue Technician Console\\LogMeInRescueTechnicianConsole_x64\\LMIRTechConsole.exe\r\nUser: LUNARSTIIINESS\\tim.smith_admin","Category":"Pipe Created (rule: PipeEvent)","Opcode":"Info","RuleName":"-","UtcTime":"2023-06-20 19:28:02.375","ProcessGuid":"{BE59402F-FD9C-6491-5F0E-000000002400}","PipeName":"\\43e2876d-cb16-4438-83b1-f48717f6cf95","Image":"C:\\Program Files (x86)\\LogMeIn Rescue Technician Console\\LogMeInRescueTechnicianConsole_x64\\LMIRTechConsole.exe","User":"LUNARSTIIINESS\\tim.smith_admin","EventReceivedTime":1687289283,"SourceModuleName":"in_sysmon","SourceModuleType":"im_msvistalog"}
<14>Jun 20 19:28:03 win-server.lunarstiiiness.com Microsoft-Windows-Sysmon[2212]: {"EventTime":1687289282,"Hostname":"win-server.lunarstiiiness.com","Keywords":-9223372036854775808,"EventType":"INFO","SeverityValue":2,"Severity":"INFO","EventID":1,"SourceName":"Microsoft-Windows-Sysmon","ProviderGuid":"{5770385F-C22A-43E0-BF4C-06F5698FFBD9}","Version":5,"Task":1,"OpcodeValue":0,"RecordNumber":2202616,"ProcessID":2212,"ThreadID":2972,"Channel":"Microsoft-Windows-Sysmon/Operational","Domain":"NT AUTHORITY","AccountName":"SYSTEM","UserID":"S-1-5-18","AccountType":"User","Message":"Process Create:\r\nRuleName: technique_id=T1059,technique_name=Command-Line Interface\r\nUtcTime: 2023-06-20 19:28:02.420\r\nProcessGuid: {BE59402F-FDC2-6491-610E-000000002400}\r\nProcessId: 2516\r\nImage: C:\\Windows\\System32\\cmd.exe\r\nFileVersion: 10.0.14393.0 (rs1_release.160715-1616)\r\nDescription: Windows Command Processor\r\nProduct: Microsoft® Windows® Operating System\r\nCompany: Microsoft Corporation\r\nOriginalFileName: Cmd.Exe\r\nCommandLine: \"C:\\Windows\\System32\\cmd.exe\"  /c \"ldifde -r objectClass=computer -m -n -l dNSHostName,description,operatingSystem,operatingSystemVersion -f \"\"C:\\Users\\TIM~1.SMI\\AppData\\Local\\Temp\\2\\ldi2B9.tmp\"\" & type \"\"C:\\Users\\TIM~1.SMI\\AppData\\Local\\Temp\\2\\ldi2B9.tmp\"\" > \\\\.\\pipe\\43e2876d-cb16-4438-83b1-f48717f6cf95\"\r\nCurrentDirectory: C:\\Users\\tim.smith_admin\\Desktop\\\r\nUser: LUNARSTIIINESS\\tim.smith_admin\r\nLogonGuid: {BE59402F-1813-648B-63D4-E10500000000}\r\nLogonId: 0x5E1D463\r\nTerminalSessionId: 2\r\nIntegrityLevel: Medium\r\nHashes: SHA1=99AE9C73E9BEE6F9C76D6F4093A9882DF06832CF,MD5=F4F684066175B77E0C3A000549D2922C,SHA256=935C1861DF1F4018D698E8B65ABFA02D7E9037D8F68CA3C2065B6CA165D44AD2,IMPHASH=3062ED732D4B25D1C64F084DAC97D37A\r\nParentProcessGuid: {BE59402F-FD9C-6491-5F0E-000000002400}\r\nParentProcessId: 3588\r\nParentImage: C:\\Program Files (x86)\\LogMeIn Rescue Technician Console\\LogMeInRescueTechnicianConsole_x64\\LMIRTechConsole.exe\r\nParentCommandLine: \"C:\\Program Files (x86)\\LogMeIn Rescue Technician Console\\LogMeInRescueTechnicianConsole_x64\\LMIRTechConsole.exe\" \r\nParentUser: LUNARSTIIINESS\\tim.smith_admin","Category":"Process Create (rule: ProcessCreate)","Opcode":"Info","RuleName":"technique_id=T1059,technique_name=Command-Line Interface","UtcTime":"2023-06-20 19:28:02.420","ProcessGuid":"{BE59402F-FDC2-6491-610E-000000002400}","Image":"C:\\Windows\\System32\\cmd.exe","FileVersion":"10.0.14393.0 (rs1_release.160715-1616)","Description":"Windows Command Processor","Product":"Microsoft® Windows® Operating System","Company":"Microsoft Corporation","OriginalFileName":"Cmd.Exe","CommandLine":"\"C:\\Windows\\System32\\cmd.exe\"  /c \"ldifde -r objectClass=computer -m -n -l dNSHostName,description,operatingSystem,operatingSystemVersion -f \"\"C:\\Users\\TIM~1.SMI\\AppData\\Local\\Temp\\2\\ldi2B9.tmp\"\" &amp; type \"\"C:\\Users\\TIM~1.SMI\\AppData\\Local\\Temp\\2\\ldi2B9.tmp\"\" &gt; \\\\.\\pipe\\43e2876d-cb16-4438-83b1-f48717f6cf95\"","CurrentDirectory":"C:\\Users\\tim.smith_admin\\Desktop\\","User":"LUNARSTIIINESS\\tim.smith_admin","LogonGuid":"{BE59402F-1813-648B-63D4-E10500000000}","LogonId":"0x5e1d463","TerminalSessionId":"2","IntegrityLevel":"Medium","Hashes":"SHA1=99AE9C73E9BEE6F9C76D6F4093A9882DF06832CF,MD5=F4F684066175B77E0C3A000549D2922C,SHA256=935C1861DF1F4018D698E8B65ABFA02D7E9037D8F68CA3C2065B6CA165D44AD2,IMPHASH=3062ED732D4B25D1C64F084DAC97D37A","ParentProcessGuid":"{BE59402F-FD9C-6491-5F0E-000000002400}","ParentProcessId":"3588","ParentImage":"C:\\Program Files (x86)\\LogMeIn Rescue Technician Console\\LogMeInRescueTechnicianConsole_x64\\LMIRTechConsole.exe","ParentCommandLine":"\"C:\\Program Files (x86)\\LogMeIn Rescue Technician Console\\LogMeInRescueTechnicianConsole_x64\\LMIRTechConsole.exe\" ","ParentUser":"LUNARSTIIINESS\\tim.smith_admin","EventReceivedTime":1687289283,"SourceModuleName":"in_sysmon","SourceModuleType":"im_msvistalog"}
<14>Jun 20 19:28:03 win-server.lunarstiiiness.com Microsoft-Windows-Sysmon[2212]: {"EventTime":1687289282,"Hostname":"win-server.lunarstiiiness.com","Keywords":-9223372036854775808,"EventType":"INFO","SeverityValue":2,"Severity":"INFO","EventID":1,"SourceName":"Microsoft-Windows-Sysmon","ProviderGuid":"{5770385F-C22A-43E0-BF4C-06F5698FFBD9}","Version":5,"Task":1,"OpcodeValue":0,"RecordNumber":2202617,"ProcessID":2212,"ThreadID":2972,"Channel":"Microsoft-Windows-Sysmon/Operational","Domain":"NT AUTHORITY","AccountName":"SYSTEM","UserID":"S-1-5-18","AccountType":"User","Message":"Process Create:\r\nRuleName: technique_id=T1059,technique_name=Command-Line Interface\r\nUtcTime: 2023-06-20 19:28:02.501\r\nProcessGuid: {BE59402F-FDC2-6491-630E-000000002400}\r\nProcessId: 5564\r\nImage: C:\\Windows\\System32\\ldifde.exe\r\nFileVersion: 10.0.14393.0 (rs1_release.160715-1616)\r\nDescription: NT5DS\r\nProduct: Microsoft® Windows® Operating System\r\nCompany: Microsoft Corporation\r\nOriginalFileName: ldifde.exe\r\nCommandLine: ldifde  -r objectClass=computer -m -n -l dNSHostName,description,operatingSystem,operatingSystemVersion -f \"\"C:\\Users\\TIM~1.SMI\\AppData\\Local\\Temp\\2\\ldi2B9.tmp\"\" \r\nCurrentDirectory: C:\\Users\\tim.smith_admin\\Desktop\\\r\nUser: LUNARSTIIINESS\\tim.smith_admin\r\nLogonGuid: {BE59402F-1813-648B-63D4-E10500000000}\r\nLogonId: 0x5E1D463\r\nTerminalSessionId: 2\r\nIntegrityLevel: Medium\r\nHashes: SHA1=16C500818DAEA3C29E5FB2E297A3651D75A2AD0C,MD5=51BBF7AA4242A7E0C56ED4704AE94E58,SHA256=B1FDBDE11B6DAC3E4B69702040083FAD2A02B8BDFECBFA5AFDE9890D70A4DFCD,IMPHASH=A59F53126F8EC3878ACC4C17642BBCB0\r\nParentProcessGuid: {BE59402F-FDC2-6491-610E-000000002400}\r\nParentProcessId: 2516\r\nParentImage: C:\\Windows\\System32\\cmd.exe\r\nParentCommandLine: \"C:\\Windows\\System32\\cmd.exe\"  /c \"ldifde -r objectClass=computer -m -n -l dNSHostName,description,operatingSystem,operatingSystemVersion -f \"\"C:\\Users\\TIM~1.SMI\\AppData\\Local\\Temp\\2\\ldi2B9.tmp\"\" & type \"\"C:\\Users\\TIM~1.SMI\\AppData\\Local\\Temp\\2\\ldi2B9.tmp\"\" > \\\\.\\pipe\\43e2876d-cb16-4438-83b1-f48717f6cf95\"\r\nParentUser: LUNARSTIIINESS\\tim.smith_admin","Category":"Process Create (rule: ProcessCreate)","Opcode":"Info","RuleName":"technique_id=T1059,technique_name=Command-Line Interface","UtcTime":"2023-06-20 19:28:02.501","ProcessGuid":"{BE59402F-FDC2-6491-630E-000000002400}","Image":"C:\\Windows\\System32\\ldifde.exe","FileVersion":"10.0.14393.0 (rs1_release.160715-1616)","Description":"NT5DS","Product":"Microsoft® Windows® Operating System","Company":"Microsoft Corporation","OriginalFileName":"ldifde.exe","CommandLine":"ldifde  -r objectClass=computer -m -n -l dNSHostName,description,operatingSystem,operatingSystemVersion -f \"\"C:\\Users\\TIM~1.SMI\\AppData\\Local\\Temp\\2\\ldi2B9.tmp\"\" ","CurrentDirectory":"C:\\Users\\tim.smith_admin\\Desktop\\","User":"LUNARSTIIINESS\\tim.smith_admin","LogonGuid":"{BE59402F-1813-648B-63D4-E10500000000}","LogonId":"0x5e1d463","TerminalSessionId":"2","IntegrityLevel":"Medium","Hashes":"SHA1=16C500818DAEA3C29E5FB2E297A3651D75A2AD0C,MD5=51BBF7AA4242A7E0C56ED4704AE94E58,SHA256=B1FDBDE11B6DAC3E4B69702040083FAD2A02B8BDFECBFA5AFDE9890D70A4DFCD,IMPHASH=A59F53126F8EC3878ACC4C17642BBCB0","ParentProcessGuid":"{BE59402F-FDC2-6491-610E-000000002400}","ParentProcessId":"2516","ParentImage":"C:\\Windows\\System32\\cmd.exe","ParentCommandLine":"\"C:\\Windows\\System32\\cmd.exe\"  /c \"ldifde -r objectClass=computer -m -n -l dNSHostName,description,operatingSystem,operatingSystemVersion -f \"\"C:\\Users\\TIM~1.SMI\\AppData\\Local\\Temp\\2\\ldi2B9.tmp\"\" &amp; type \"\"C:\\Users\\TIM~1.SMI\\AppData\\Local\\Temp\\2\\ldi2B9.tmp\"\" &gt; \\\\.\\pipe\\43e2876d-cb16-4438-83b1-f48717f6cf95\"","ParentUser":"LUNARSTIIINESS\\tim.smith_admin","EventReceivedTime":1687289283,"SourceModuleName":"in_sysmon","SourceModuleType":"im_msvistalog"}
