<14>Jun 20 19:30:40 win-adfs.lunarstiiiness.com Microsoft-Windows-Sysmon[2556]: {"EventTime":1687289439,"Hostname":"win-adfs.lunarstiiiness.com","Keywords":-9223372036854775808,"EventType":"INFO","SeverityValue":2,"Severity":"INFO","EventID":10,"SourceName":"Microsoft-Windows-Sysmon","ProviderGuid":"{5770385F-C22A-43E0-BF4C-06F5698FFBD9}","Version":3,"Task":10,"OpcodeValue":0,"RecordNumber":5946619,"ProcessID":2556,"ThreadID":3972,"Channel":"Microsoft-Windows-Sysmon/Operational","Domain":"NT AUTHORITY","AccountName":"SYSTEM","UserID":"S-1-5-18","AccountType":"User","Message":"Process accessed:\r\nRuleName: technique_id=T1059.001,technique_name=PowerShell\r\nUtcTime: 2023-06-20 19:30:39.124\r\nSourceProcessGUID: {927d35bf-fe2a-6491-d234-000000002900}\r\nSourceProcessId: 8520\r\nSourceThreadId: 2464\r\nSourceImage: C:\\Program Files\\Microsoft Azure Active Directory Connect\\AzureADConnect.exe\r\nTargetProcessGUID: {927d35bf-313c-6489-5a00-000000002900}\r\nTargetProcessId: 2928\r\nTargetImage: C:\\ProgramData\\Microsoft\\Windows Defender\\Platform\\4.18.23050.5-0\\MsMpEng.exe\r\nGrantedAccess: 0x100000\r\nCallTrace: C:\\Windows\\SYSTEM32\\ntdll.dll+9f9a4|C:\\Windows\\System32\\KERNELBASE.dll+44a7e|C:\\ProgramData\\Microsoft\\Windows Defender\\Platform\\4.18.23050.5-0\\MPCLIENT.DLL+1b2e9|C:\\ProgramData\\Microsoft\\Windows Defender\\Platform\\4.18.23050.5-0\\MPCLIENT.DLL+1aa29|C:\\ProgramData\\Microsoft\\Windows Defender\\Platform\\4.18.23050.5-0\\MPCLIENT.DLL+1b0c4|C:\\ProgramData\\Microsoft\\Windows Defender\\Platform\\4.18.23050.5-0\\MPCLIENT.DLL+404ee|C:\\ProgramData\\Microsoft\\Windows Defender\\Platform\\4.18.23050.5-0\\MpOav.dll+3a71|C:\\Windows\\SYSTEM32\\amsi.dll+10865|C:\\Windows\\SYSTEM32\\amsi.dll+c3ed|C:\\Windows\\assembly\\NativeImages_v4.0.30319_64\\System.Manaa57fc8cc#\\0e6b64405e0d512d3f5146bec4da84f5\\System.Management.Automation.ni.dll+106af97|C:\\Windows\\assembly\\NativeImages_v4.0.30319_64\\System.Manaa57fc8cc#\\0e6b64405e0d512d3f5146bec4da84f5\\System.Management.Automation.ni.dll+123b7c9|C:\\Windows\\assembly\\NativeImages_v4.0.30319_64\\System.Manaa57fc8cc#\\0e6b64405e0d512d3f5146bec4da84f5\\System.Management.Automation.ni.dll+11ff055|C:\\Windows\\assembly\\NativeImages_v4.0.30319_64\\System.Manaa57fc8cc#\\0e6b64405e0d512d3f5146bec4da84f5\\System.Management.Automation.ni.dll+11fef7c|C:\\Windows\\assembly\\NativeImages_v4.0.30319_64\\System.Manaa57fc8cc#\\0e6b64405e0d512d3f5146bec4da84f5\\System.Management.Automation.ni.dll+11fee33|C:\\Windows\\assembly\\NativeImages_v4.0.30319_64\\System.Manaa57fc8cc#\\0e6b64405e0d512d3f5146bec4da84f5\\System.Management.Automation.ni.dll+11fea76|C:\\Windows\\assembly\\NativeImages_v4.0.30319_64\\System.Manaa57fc8cc#\\0e6b64405e0d512d3f5146bec4da84f5\\System.Management.Automation.ni.dll+10e9fb3|C:\\Windows\\assembly\\NativeImages_v4.0.30319_64\\System.Manaa57fc8cc#\\0e6b64405e0d512d3f5146bec4da84f5\\System.Management.Automation.ni.dll+10e8bdd|C:\\Windows\\assembly\\NativeImages_v4.0.30319_64\\System.Manaa57fc8cc#\\0e6b64405e0d512d3f5146bec4da84f5\\System.Management.Automation.ni.dll+15bc9db|C:\\Windows\\assembly\\NativeImages_v4.0.30319_64\\System.Manaa57fc8cc#\\0e6b64405e0d512d3f5146bec4da84f5\\System.Management.Automation.ni.dll+111d059|C:\\Windows\\assembly\\NativeImages_v4.0.30319_64\\System.Manaa57fc8cc#\\0e6b64405e0d512d3f5146bec4da84f5\\System.Management.Automation.ni.dll+10e75c3|C:\\Windows\\assembly\\NativeImages_v4.0.30319_64\\System.Manaa57fc8cc#\\0e6b64405e0d512d3f5146bec4da84f5\\System.Management.Automation.ni.dll+10e73f0|C:\\Windows\\assembly\\NativeImages_v4.0.30319_64\\System.Manaa57fc8cc#\\0e6b64405e0d512d3f5146bec4da84f5\\System.Management.Automation.ni.dll+14c78eb|C:\\Windows\\assembly\\NativeImages_v4.0.30319_64\\System.Manaa57fc8cc#\\0e6b64405e0d512d3f5146bec4da84f5\\System.Management.Automation.ni.dll+14c77b2|C:\\Windows\\assembly\\NativeImages_v4.0.30319_64\\System.Manaa57fc8cc#\\0e6b64405e0d512d3f5146bec4da84f5\\System.Management.Automation.ni.dll+14cb02d\r\nSourceUser: LUNARSTIIINESS\\tim.smith_admin\r\nTargetUser: NT AUTHORITY\\SYSTEM","Category":"Process accessed (rule: ProcessAccess)","Opcode":"Info","RuleName":"technique_id=T1059.001,technique_name=PowerShell","UtcTime":"2023-06-20 19:30:39.124","SourceProcessGUID":"{927d35bf-fe2a-6491-d234-000000002900}","SourceProcessId":"8520","SourceThreadId":"2464","SourceImage":"C:\\Program Files\\Microsoft Azure Active Directory Connect\\AzureADConnect.exe","TargetProcessGUID":"{927d35bf-313c-6489-5a00-000000002900}","TargetProcessId":"2928","TargetImage":"C:\\ProgramData\\Microsoft\\Windows Defender\\Platform\\4.18.23050.5-0\\MsMpEng.exe","GrantedAccess":"0x100000","CallTrace":"C:\\Windows\\SYSTEM32\\ntdll.dll+9f9a4|C:\\Windows\\System32\\KERNELBASE.dll+44a7e|C:\\ProgramData\\Microsoft\\Windows Defender\\Platform\\4.18.23050.5-0\\MPCLIENT.DLL+1b2e9|C:\\ProgramData\\Microsoft\\Windows Defender\\Platform\\4.18.23050.5-0\\MPCLIENT.DLL+1aa29|C:\\ProgramData\\Microsoft\\Windows Defender\\Platform\\4.18.23050.5-0\\MPCLIENT.DLL+1b0c4|C:\\ProgramData\\Microsoft\\Windows Defender\\Platform\\4.18.23050.5-0\\MPCLIENT.DLL+404ee|C:\\ProgramData\\Microsoft\\Windows Defender\\Platform\\4.18.23050.5-0\\MpOav.dll+3a71|C:\\Windows\\SYSTEM32\\amsi.dll+10865|C:\\Windows\\SYSTEM32\\amsi.dll+c3ed|C:\\Windows\\assembly\\NativeImages_v4.0.30319_64\\System.Manaa57fc8cc#\\0e6b64405e0d512d3f5146bec4da84f5\\System.Management.Automation.ni.dll+106af97|C:\\Windows\\assembly\\NativeImages_v4.0.30319_64\\System.Manaa57fc8cc#\\0e6b64405e0d512d3f5146bec4da84f5\\System.Management.Automation.ni.dll+123b7c9|C:\\Windows\\assembly\\NativeImages_v4.0.30319_64\\System.Manaa57fc8cc#\\0e6b64405e0d512d3f5146bec4da84f5\\System.Management.Automation.ni.dll+11ff055|C:\\Windows\\assembly\\NativeImages_v4.0.30319_64\\System.Manaa57fc8cc#\\0e6b64405e0d512d3f5146bec4da84f5\\System.Management.Automation.ni.dll+11fef7c|C:\\Windows\\assembly\\NativeImages_v4.0.30319_64\\System.Manaa57fc8cc#\\0e6b64405e0d512d3f5146bec4da84f5\\System.Management.Automation.ni.dll+11fee33|C:\\Windows\\assembly\\NativeImages_v4.0.30319_64\\System.Manaa57fc8cc#\\0e6b64405e0d512d3f5146bec4da84f5\\System.Management.Automation.ni.dll+11fea76|C:\\Windows\\assembly\\NativeImages_v4.0.30319_64\\System.Manaa57fc8cc#\\0e6b64405e0d512d3f5146bec4da84f5\\System.Management.Automation.ni.dll+10e9fb3|C:\\Windows\\assembly\\NativeImages_v4.0.30319_64\\System.Manaa57fc8cc#\\0e6b64405e0d512d3f5146bec4da84f5\\System.Management.Automation.ni.dll+10e8bdd|C:\\Windows\\assembly\\NativeImages_v4.0.30319_64\\System.Manaa57fc8cc#\\0e6b64405e0d512d3f5146bec4da84f5\\System.Management.Automation.ni.dll+15bc9db|C:\\Windows\\assembly\\NativeImages_v4.0.30319_64\\System.Manaa57fc8cc#\\0e6b64405e0d512d3f5146bec4da84f5\\System.Management.Automation.ni.dll+111d059|C:\\Windows\\assembly\\NativeImages_v4.0.30319_64\\System.Manaa57fc8cc#\\0e6b64405e0d512d3f5146bec4da84f5\\System.Management.Automation.ni.dll+10e75c3|C:\\Windows\\assembly\\NativeImages_v4.0.30319_64\\System.Manaa57fc8cc#\\0e6b64405e0d512d3f5146bec4da84f5\\System.Management.Automation.ni.dll+10e73f0|C:\\Windows\\assembly\\NativeImages_v4.0.30319_64\\System.Manaa57fc8cc#\\0e6b64405e0d512d3f5146bec4da84f5\\System.Management.Automation.ni.dll+14c78eb|C:\\Windows\\assembly\\NativeImages_v4.0.30319_64\\System.Manaa57fc8cc#\\0e6b64405e0d512d3f5146bec4da84f5\\System.Management.Automation.ni.dll+14c77b2|C:\\Windows\\assembly\\NativeImages_v4.0.30319_64\\System.Manaa57fc8cc#\\0e6b64405e0d512d3f5146bec4da84f5\\System.Management.Automation.ni.dll+14cb02d","SourceUser":"LUNARSTIIINESS\\tim.smith_admin","TargetUser":"NT AUTHORITY\\SYSTEM","EventReceivedTime":1687289440,"SourceModuleName":"in_sysmon","SourceModuleType":"im_msvistalog"}
<14>Jun 20 19:30:40 win-adfs.lunarstiiiness.com Microsoft-Windows-Sysmon[2556]: {"EventTime":1687289439,"Hostname":"win-adfs.lunarstiiiness.com","Keywords":-9223372036854775808,"EventType":"INFO","SeverityValue":2,"Severity":"INFO","EventID":10,"SourceName":"Microsoft-Windows-Sysmon","ProviderGuid":"{5770385F-C22A-43E0-BF4C-06F5698FFBD9}","Version":3,"Task":10,"OpcodeValue":0,"RecordNumber":5946622,"ProcessID":2556,"ThreadID":3972,"Channel":"Microsoft-Windows-Sysmon/Operational","Domain":"NT AUTHORITY","AccountName":"SYSTEM","UserID":"S-1-5-18","AccountType":"User","Message":"Process accessed:\r\nRuleName: technique_id=T1059.001,technique_name=PowerShell\r\nUtcTime: 2023-06-20 19:30:39.367\r\nSourceProcessGUID: {927d35bf-fe2a-6491-d234-000000002900}\r\nSourceProcessId: 8520\r\nSourceThreadId: 5144\r\nSourceImage: C:\\Program Files\\Microsoft Azure Active Directory Connect\\AzureADConnect.exe\r\nTargetProcessGUID: {927d35bf-313c-6489-5a00-000000002900}\r\nTargetProcessId: 2928\r\nTargetImage: C:\\ProgramData\\Microsoft\\Windows Defender\\Platform\\4.18.23050.5-0\\MsMpEng.exe\r\nGrantedAccess: 0x100000\r\nCallTrace: C:\\Windows\\SYSTEM32\\ntdll.dll+9f9a4|C:\\Windows\\System32\\KERNELBASE.dll+44a7e|C:\\ProgramData\\Microsoft\\Windows Defender\\Platform\\4.18.23050.5-0\\MPCLIENT.DLL+1b2e9|C:\\ProgramData\\Microsoft\\Windows Defender\\Platform\\4.18.23050.5-0\\MPCLIENT.DLL+1aa29|C:\\ProgramData\\Microsoft\\Windows Defender\\Platform\\4.18.23050.5-0\\MPCLIENT.DLL+1b0c4|C:\\ProgramData\\Microsoft\\Windows Defender\\Platform\\4.18.23050.5-0\\MPCLIENT.DLL+404ee|C:\\ProgramData\\Microsoft\\Windows Defender\\Platform\\4.18.23050.5-0\\MpOav.dll+3a71|C:\\Windows\\SYSTEM32\\amsi.dll+10865|C:\\Windows\\SYSTEM32\\amsi.dll+c3ed|C:\\Windows\\assembly\\NativeImages_v4.0.30319_64\\System.Manaa57fc8cc#\\0e6b64405e0d512d3f5146bec4da84f5\\System.Management.Automation.ni.dll+106af97|C:\\Windows\\assembly\\NativeImages_v4.0.30319_64\\System.Manaa57fc8cc#\\0e6b64405e0d512d3f5146bec4da84f5\\System.Management.Automation.ni.dll+123b7c9|C:\\Windows\\assembly\\NativeImages_v4.0.30319_64\\System.Manaa57fc8cc#\\0e6b64405e0d512d3f5146bec4da84f5\\System.Management.Automation.ni.dll+11ff055|C:\\Windows\\assembly\\NativeImages_v4.0.30319_64\\System.Manaa57fc8cc#\\0e6b64405e0d512d3f5146bec4da84f5\\System.Management.Automation.ni.dll+11fef7c|C:\\Windows\\assembly\\NativeImages_v4.0.30319_64\\System.Manaa57fc8cc#\\0e6b64405e0d512d3f5146bec4da84f5\\System.Management.Automation.ni.dll+11fee33|C:\\Windows\\assembly\\NativeImages_v4.0.30319_64\\System.Manaa57fc8cc#\\0e6b64405e0d512d3f5146bec4da84f5\\System.Management.Automation.ni.dll+11fea76|C:\\Windows\\assembly\\NativeImages_v4.0.30319_64\\System.Manaa57fc8cc#\\0e6b64405e0d512d3f5146bec4da84f5\\System.Management.Automation.ni.dll+10e9fb3|C:\\Windows\\assembly\\NativeImages_v4.0.30319_64\\System.Manaa57fc8cc#\\0e6b64405e0d512d3f5146bec4da84f5\\System.Management.Automation.ni.dll+10e8bdd|C:\\Windows\\assembly\\NativeImages_v4.0.30319_64\\System.Manaa57fc8cc#\\0e6b64405e0d512d3f5146bec4da84f5\\System.Management.Automation.ni.dll+15bc9db|C:\\Windows\\assembly\\NativeImages_v4.0.30319_64\\System.Manaa57fc8cc#\\0e6b64405e0d512d3f5146bec4da84f5\\System.Management.Automation.ni.dll+111d059|C:\\Windows\\assembly\\NativeImages_v4.0.30319_64\\System.Manaa57fc8cc#\\0e6b64405e0d512d3f5146bec4da84f5\\System.Management.Automation.ni.dll+10e75c3|C:\\Windows\\assembly\\NativeImages_v4.0.30319_64\\System.Manaa57fc8cc#\\0e6b64405e0d512d3f5146bec4da84f5\\System.Management.Automation.ni.dll+10e73f0|C:\\Windows\\assembly\\NativeImages_v4.0.30319_64\\System.Manaa57fc8cc#\\0e6b64405e0d512d3f5146bec4da84f5\\System.Management.Automation.ni.dll+14c78eb|C:\\Windows\\assembly\\NativeImages_v4.0.30319_64\\System.Manaa57fc8cc#\\0e6b64405e0d512d3f5146bec4da84f5\\System.Management.Automation.ni.dll+14c77b2|C:\\Windows\\assembly\\NativeImages_v4.0.30319_64\\System.Manaa57fc8cc#\\0e6b64405e0d512d3f5146bec4da84f5\\System.Management.Automation.ni.dll+14cb02d\r\nSourceUser: LUNARSTIIINESS\\tim.smith_admin\r\nTargetUser: NT AUTHORITY\\SYSTEM","Category":"Process accessed (rule: ProcessAccess)","Opcode":"Info","RuleName":"technique_id=T1059.001,technique_name=PowerShell","UtcTime":"2023-06-20 19:30:39.367","SourceProcessGUID":"{927d35bf-fe2a-6491-d234-000000002900}","SourceProcessId":"8520","SourceThreadId":"5144","SourceImage":"C:\\Program Files\\Microsoft Azure Active Directory Connect\\AzureADConnect.exe","TargetProcessGUID":"{927d35bf-313c-6489-5a00-000000002900}","TargetProcessId":"2928","TargetImage":"C:\\ProgramData\\Microsoft\\Windows Defender\\Platform\\4.18.23050.5-0\\MsMpEng.exe","GrantedAccess":"0x100000","CallTrace":"C:\\Windows\\SYSTEM32\\ntdll.dll+9f9a4|C:\\Windows\\System32\\KERNELBASE.dll+44a7e|C:\\ProgramData\\Microsoft\\Windows Defender\\Platform\\4.18.23050.5-0\\MPCLIENT.DLL+1b2e9|C:\\ProgramData\\Microsoft\\Windows Defender\\Platform\\4.18.23050.5-0\\MPCLIENT.DLL+1aa29|C:\\ProgramData\\Microsoft\\Windows Defender\\Platform\\4.18.23050.5-0\\MPCLIENT.DLL+1b0c4|C:\\ProgramData\\Microsoft\\Windows Defender\\Platform\\4.18.23050.5-0\\MPCLIENT.DLL+404ee|C:\\ProgramData\\Microsoft\\Windows Defender\\Platform\\4.18.23050.5-0\\MpOav.dll+3a71|C:\\Windows\\SYSTEM32\\amsi.dll+10865|C:\\Windows\\SYSTEM32\\amsi.dll+c3ed|C:\\Windows\\assembly\\NativeImages_v4.0.30319_64\\System.Manaa57fc8cc#\\0e6b64405e0d512d3f5146bec4da84f5\\System.Management.Automation.ni.dll+106af97|C:\\Windows\\assembly\\NativeImages_v4.0.30319_64\\System.Manaa57fc8cc#\\0e6b64405e0d512d3f5146bec4da84f5\\System.Management.Automation.ni.dll+123b7c9|C:\\Windows\\assembly\\NativeImages_v4.0.30319_64\\System.Manaa57fc8cc#\\0e6b64405e0d512d3f5146bec4da84f5\\System.Management.Automation.ni.dll+11ff055|C:\\Windows\\assembly\\NativeImages_v4.0.30319_64\\System.Manaa57fc8cc#\\0e6b64405e0d512d3f5146bec4da84f5\\System.Management.Automation.ni.dll+11fef7c|C:\\Windows\\assembly\\NativeImages_v4.0.30319_64\\System.Manaa57fc8cc#\\0e6b64405e0d512d3f5146bec4da84f5\\System.Management.Automation.ni.dll+11fee33|C:\\Windows\\assembly\\NativeImages_v4.0.30319_64\\System.Manaa57fc8cc#\\0e6b64405e0d512d3f5146bec4da84f5\\System.Management.Automation.ni.dll+11fea76|C:\\Windows\\assembly\\NativeImages_v4.0.30319_64\\System.Manaa57fc8cc#\\0e6b64405e0d512d3f5146bec4da84f5\\System.Management.Automation.ni.dll+10e9fb3|C:\\Windows\\assembly\\NativeImages_v4.0.30319_64\\System.Manaa57fc8cc#\\0e6b64405e0d512d3f5146bec4da84f5\\System.Management.Automation.ni.dll+10e8bdd|C:\\Windows\\assembly\\NativeImages_v4.0.30319_64\\System.Manaa57fc8cc#\\0e6b64405e0d512d3f5146bec4da84f5\\System.Management.Automation.ni.dll+15bc9db|C:\\Windows\\assembly\\NativeImages_v4.0.30319_64\\System.Manaa57fc8cc#\\0e6b64405e0d512d3f5146bec4da84f5\\System.Management.Automation.ni.dll+111d059|C:\\Windows\\assembly\\NativeImages_v4.0.30319_64\\System.Manaa57fc8cc#\\0e6b64405e0d512d3f5146bec4da84f5\\System.Management.Automation.ni.dll+10e75c3|C:\\Windows\\assembly\\NativeImages_v4.0.30319_64\\System.Manaa57fc8cc#\\0e6b64405e0d512d3f5146bec4da84f5\\System.Management.Automation.ni.dll+10e73f0|C:\\Windows\\assembly\\NativeImages_v4.0.30319_64\\System.Manaa57fc8cc#\\0e6b64405e0d512d3f5146bec4da84f5\\System.Management.Automation.ni.dll+14c78eb|C:\\Windows\\assembly\\NativeImages_v4.0.30319_64\\System.Manaa57fc8cc#\\0e6b64405e0d512d3f5146bec4da84f5\\System.Management.Automation.ni.dll+14c77b2|C:\\Windows\\assembly\\NativeImages_v4.0.30319_64\\System.Manaa57fc8cc#\\0e6b64405e0d512d3f5146bec4da84f5\\System.Management.Automation.ni.dll+14cb02d","SourceUser":"LUNARSTIIINESS\\tim.smith_admin","TargetUser":"NT AUTHORITY\\SYSTEM","EventReceivedTime":1687289440,"SourceModuleName":"in_sysmon","SourceModuleType":"im_msvistalog"}
<14>Jun 20 19:30:41 win-adfs.lunarstiiiness.com Microsoft-Windows-Sysmon[2556]: {"EventTime":1687289439,"Hostname":"win-adfs.lunarstiiiness.com","Keywords":-9223372036854775808,"EventType":"INFO","SeverityValue":2,"Severity":"INFO","EventID":13,"SourceName":"Microsoft-Windows-Sysmon","ProviderGuid":"{5770385F-C22A-43E0-BF4C-06F5698FFBD9}","Version":2,"Task":13,"OpcodeValue":0,"RecordNumber":5946623,"ProcessID":2556,"ThreadID":3972,"Channel":"Microsoft-Windows-Sysmon/Operational","Domain":"NT AUTHORITY","AccountName":"SYSTEM","UserID":"S-1-5-18","AccountType":"User","Message":"Registry value set:\r\nRuleName: technique_id=T1543,technique_name=Service Creation\r\nEventType: SetValue\r\nUtcTime: 2023-06-20 19:30:39.557\r\nProcessGuid: {927d35bf-fe2a-6491-d234-000000002900}\r\nProcessId: 8520\r\nImage: C:\\Program Files\\Microsoft Azure Active Directory Connect\\AzureADConnect.exe\r\nTargetObject: HKLM\\System\\CurrentControlSet\\Services\\bam\\State\\UserSettings\\S-1-5-21-3263964631-4121654051-1417071188-1116\\\\Device\\HarddiskVolume3\\Program Files\\Microsoft Azure Active Directory Connect\\AzureADConnect.exe\r\nDetails: Binary Data\r\nUser: LUNARSTIIINESS\\tim.smith_admin","Category":"Registry value set (rule: RegistryEvent)","Opcode":"Info","RuleName":"technique_id=T1543,technique_name=Service Creation","UtcTime":"2023-06-20 19:30:39.557","ProcessGuid":"{927d35bf-fe2a-6491-d234-000000002900}","Image":"C:\\Program Files\\Microsoft Azure Active Directory Connect\\AzureADConnect.exe","TargetObject":"HKLM\\System\\CurrentControlSet\\Services\\bam\\State\\UserSettings\\S-1-5-21-3263964631-4121654051-1417071188-1116\\\\Device\\HarddiskVolume3\\Program Files\\Microsoft Azure Active Directory Connect\\AzureADConnect.exe","Details":"Binary Data","User":"LUNARSTIIINESS\\tim.smith_admin","EventReceivedTime":1687289441,"SourceModuleName":"in_sysmon","SourceModuleType":"im_msvistalog"}
<14>Jun 20 19:30:44 win-server.lunarstiiiness.com Microsoft-Windows-Sysmon[2212]: {"EventTime":1687289442,"Hostname":"win-server.lunarstiiiness.com","Keywords":-9223372036854775808,"EventType":"INFO","SeverityValue":2,"Severity":"INFO","EventID":23,"SourceName":"Microsoft-Windows-Sysmon","ProviderGuid":"{5770385F-C22A-43E0-BF4C-06F5698FFBD9}","Version":5,"Task":23,"OpcodeValue":0,"RecordNumber":2202654,"ProcessID":2212,"ThreadID":2972,"Channel":"Microsoft-Windows-Sysmon/Operational","Domain":"NT AUTHORITY","AccountName":"SYSTEM","UserID":"S-1-5-18","AccountType":"User","Message":"File Delete archived:\r\nRuleName: -\r\nUtcTime: 2023-06-20 19:30:42.938\r\nProcessGuid: {BE59402F-FD9C-6491-5F0E-000000002400}\r\nProcessId: 3588\r\nUser: LUNARSTIIINESS\\tim.smith_admin\r\nImage: C:\\Program Files (x86)\\LogMeIn Rescue Technician Console\\LogMeInRescueTechnicianConsole_x64\\LMIRTechConsole.exe\r\nTargetFilename: C:\\Users\\tim.smith_admin\\AppData\\LocalLow\\LogMeIn Rescue\\LMIRescue-1013211556.clog\r\nHashes: SHA1=EA174C07169BB158404DFF732C4C49F12CE6F3DC,MD5=BC9305A3B366FA68E87B717CE19AAA06,SHA256=4DBA495FE2C7DCD777055C089800B8E2E734C9CD0127864EBB38881923F4B5F4,IMPHASH=00000000000000000000000000000000\r\nIsExecutable: false\r\nArchived: true","Category":"File Delete archived (rule: FileDelete)","Opcode":"Info","RuleName":"-","UtcTime":"2023-06-20 19:30:42.938","ProcessGuid":"{BE59402F-FD9C-6491-5F0E-000000002400}","User":"LUNARSTIIINESS\\tim.smith_admin","Image":"C:\\Program Files (x86)\\LogMeIn Rescue Technician Console\\LogMeInRescueTechnicianConsole_x64\\LMIRTechConsole.exe","TargetFilename":"C:\\Users\\tim.smith_admin\\AppData\\LocalLow\\LogMeIn Rescue\\LMIRescue-1013211556.clog","Hashes":"SHA1=EA174C07169BB158404DFF732C4C49F12CE6F3DC,MD5=BC9305A3B366FA68E87B717CE19AAA06,SHA256=4DBA495FE2C7DCD777055C089800B8E2E734C9CD0127864EBB38881923F4B5F4,IMPHASH=00000000000000000000000000000000","IsExecutable":"false","Archived":"true","EventReceivedTime":1687289444,"SourceModuleName":"in_sysmon","SourceModuleType":"im_msvistalog"}
<14>Jun 20 19:30:49 win-server.lunarstiiiness.com Microsoft-Windows-Sysmon[2212]: {"EventTime":1687289447,"Hostname":"win-server.lunarstiiiness.com","Keywords":-9223372036854775808,"EventType":"INFO","SeverityValue":2,"Severity":"INFO","EventID":23,"SourceName":"Microsoft-Windows-Sysmon","ProviderGuid":"{5770385F-C22A-43E0-BF4C-06F5698FFBD9}","Version":5,"Task":23,"OpcodeValue":0,"RecordNumber":2202656,"ProcessID":2212,"ThreadID":2972,"Channel":"Microsoft-Windows-Sysmon/Operational","Domain":"NT AUTHORITY","AccountName":"SYSTEM","UserID":"S-1-5-18","AccountType":"User","Message":"File Delete archived:\r\nRuleName: -\r\nUtcTime: 2023-06-20 19:30:47.594\r\nProcessGuid: {BE59402F-FD9D-6491-600E-000000002400}\r\nProcessId: 5268\r\nUser: LUNARSTIIINESS\\tim.smith_admin\r\nImage: C:\\Program Files (x86)\\LogMeIn Rescue Technician Console\\LogMeInRescueTechnicianConsole_x64\\LMIGuardianSvc.exe\r\nTargetFilename: C:\\Users\\tim.smith_admin\\AppData\\Local\\LogMeIn\\Dumps\\WriteAccessTest.txt\r\nHashes: SHA1=26CCA1AE393F3B9DACF2C3B59049ED40F9B1C78B,MD5=491044E729F12A53DDBD9EDAE68C1571,SHA256=89E672BA84C73B8B47C47C5CF8A77A32600A1AE915481A7BEA5004DAC1383487,IMPHASH=00000000000000000000000000000000\r\nIsExecutable: false\r\nArchived: true","Category":"File Delete archived (rule: FileDelete)","Opcode":"Info","RuleName":"-","UtcTime":"2023-06-20 19:30:47.594","ProcessGuid":"{BE59402F-FD9D-6491-600E-000000002400}","User":"LUNARSTIIINESS\\tim.smith_admin","Image":"C:\\Program Files (x86)\\LogMeIn Rescue Technician Console\\LogMeInRescueTechnicianConsole_x64\\LMIGuardianSvc.exe","TargetFilename":"C:\\Users\\tim.smith_admin\\AppData\\Local\\LogMeIn\\Dumps\\WriteAccessTest.txt","Hashes":"SHA1=26CCA1AE393F3B9DACF2C3B59049ED40F9B1C78B,MD5=491044E729F12A53DDBD9EDAE68C1571,SHA256=89E672BA84C73B8B47C47C5CF8A77A32600A1AE915481A7BEA5004DAC1383487,IMPHASH=00000000000000000000000000000000","IsExecutable":"false","Archived":"true","EventReceivedTime":1687289449,"SourceModuleName":"in_sysmon","SourceModuleType":"im_msvistalog"}
<14>Jun 20 19:30:49 win-server.lunarstiiiness.com Microsoft-Windows-Sysmon[2212]: {"EventTime":1687289447,"Hostname":"win-server.lunarstiiiness.com","Keywords":-9223372036854775808,"EventType":"INFO","SeverityValue":2,"Severity":"INFO","EventID":23,"SourceName":"Microsoft-Windows-Sysmon","ProviderGuid":"{5770385F-C22A-43E0-BF4C-06F5698FFBD9}","Version":5,"Task":23,"OpcodeValue":0,"RecordNumber":2202655,"ProcessID":2212,"ThreadID":2972,"Channel":"Microsoft-Windows-Sysmon/Operational","Domain":"NT AUTHORITY","AccountName":"SYSTEM","UserID":"S-1-5-18","AccountType":"User","Message":"File Delete archived:\r\nRuleName: -\r\nUtcTime: 2023-06-20 19:30:47.594\r\nProcessGuid: {BE59402F-FD9D-6491-600E-000000002400}\r\nProcessId: 5268\r\nUser: LUNARSTIIINESS\\tim.smith_admin\r\nImage: C:\\Program Files (x86)\\LogMeIn Rescue Technician Console\\LogMeInRescueTechnicianConsole_x64\\LMIGuardianSvc.exe\r\nTargetFilename: C:\\ProgramData\\LogMeIn\\Dumps\\WriteAccessTest.txt\r\nHashes: SHA1=26CCA1AE393F3B9DACF2C3B59049ED40F9B1C78B,MD5=491044E729F12A53DDBD9EDAE68C1571,SHA256=89E672BA84C73B8B47C47C5CF8A77A32600A1AE915481A7BEA5004DAC1383487,IMPHASH=00000000000000000000000000000000\r\nIsExecutable: false\r\nArchived: true","Category":"File Delete archived (rule: FileDelete)","Opcode":"Info","RuleName":"-","UtcTime":"2023-06-20 19:30:47.594","ProcessGuid":"{BE59402F-FD9D-6491-600E-000000002400}","User":"LUNARSTIIINESS\\tim.smith_admin","Image":"C:\\Program Files (x86)\\LogMeIn Rescue Technician Console\\LogMeInRescueTechnicianConsole_x64\\LMIGuardianSvc.exe","TargetFilename":"C:\\ProgramData\\LogMeIn\\Dumps\\WriteAccessTest.txt","Hashes":"SHA1=26CCA1AE393F3B9DACF2C3B59049ED40F9B1C78B,MD5=491044E729F12A53DDBD9EDAE68C1571,SHA256=89E672BA84C73B8B47C47C5CF8A77A32600A1AE915481A7BEA5004DAC1383487,IMPHASH=00000000000000000000000000000000","IsExecutable":"false","Archived":"true","EventReceivedTime":1687289449,"SourceModuleName":"in_sysmon","SourceModuleType":"im_msvistalog"}
<14>Jun 20 19:30:49 win-adfs.lunarstiiiness.com Microsoft-Windows-Sysmon[2556]: {"EventTime":1687289448,"Hostname":"win-adfs.lunarstiiiness.com","Keywords":-9223372036854775808,"EventType":"INFO","SeverityValue":2,"Severity":"INFO","EventID":12,"SourceName":"Microsoft-Windows-Sysmon","ProviderGuid":"{5770385F-C22A-43E0-BF4C-06F5698FFBD9}","Version":2,"Task":12,"OpcodeValue":0,"RecordNumber":5946625,"ProcessID":2556,"ThreadID":3972,"Channel":"Microsoft-Windows-Sysmon/Operational","Domain":"NT AUTHORITY","AccountName":"SYSTEM","UserID":"S-1-5-18","AccountType":"User","Message":"Registry object added or deleted:\r\nRuleName: -\r\nEventType: DeleteValue\r\nUtcTime: 2023-06-20 19:30:48.259\r\nProcessGuid: {927d35bf-fdcf-6491-c934-000000002900}\r\nProcessId: 12236\r\nImage: C:\\Program Files (x86)\\LogMeIn Rescue Applet\\LMIR111CF001.tmp\\LMI_Rescue_srv.exe\r\nTargetObject: HKLM\\SOFTWARE\\Wow6432Node\\LogMeIn Rescue\\ImagePath\r\nUser: NT AUTHORITY\\SYSTEM","Category":"Registry object added or deleted (rule: RegistryEvent)","Opcode":"Info","RuleName":"-","UtcTime":"2023-06-20 19:30:48.259","ProcessGuid":"{927d35bf-fdcf-6491-c934-000000002900}","Image":"C:\\Program Files (x86)\\LogMeIn Rescue Applet\\LMIR111CF001.tmp\\LMI_Rescue_srv.exe","TargetObject":"HKLM\\SOFTWARE\\Wow6432Node\\LogMeIn Rescue\\ImagePath","User":"NT AUTHORITY\\SYSTEM","EventReceivedTime":1687289449,"SourceModuleName":"in_sysmon","SourceModuleType":"im_msvistalog"}
<14>Jun 20 19:30:49 win-adfs.lunarstiiiness.com Microsoft-Windows-Sysmon[2556]: {"EventTime":1687289448,"Hostname":"win-adfs.lunarstiiiness.com","Keywords":-9223372036854775808,"EventType":"INFO","SeverityValue":2,"Severity":"INFO","EventID":13,"SourceName":"Microsoft-Windows-Sysmon","ProviderGuid":"{5770385F-C22A-43E0-BF4C-06F5698FFBD9}","Version":2,"Task":13,"OpcodeValue":0,"RecordNumber":5946626,"ProcessID":2556,"ThreadID":3972,"Channel":"Microsoft-Windows-Sysmon/Operational","Domain":"NT AUTHORITY","AccountName":"SYSTEM","UserID":"S-1-5-18","AccountType":"User","Message":"Registry value set:\r\nRuleName: technique_id=T1543,technique_name=Service Creation\r\nEventType: SetValue\r\nUtcTime: 2023-06-20 19:30:48.492\r\nProcessGuid: {927d35bf-fdcf-6491-c934-000000002900}\r\nProcessId: 12236\r\nImage: C:\\Program Files (x86)\\LogMeIn Rescue Applet\\LMIR111CF001.tmp\\LMI_Rescue_srv.exe\r\nTargetObject: HKLM\\System\\CurrentControlSet\\Services\\bam\\State\\UserSettings\\S-1-5-21-3263964631-4121654051-1417071188-1116\\\\Device\\HarddiskVolume3\\Program Files (x86)\\LogMeIn Rescue Applet\\LMIR111CF001.tmp\\LMI_Rescue.exe\r\nDetails: Binary Data\r\nUser: NT AUTHORITY\\SYSTEM","Category":"Registry value set (rule: RegistryEvent)","Opcode":"Info","RuleName":"technique_id=T1543,technique_name=Service Creation","UtcTime":"2023-06-20 19:30:48.492","ProcessGuid":"{927d35bf-fdcf-6491-c934-000000002900}","Image":"C:\\Program Files (x86)\\LogMeIn Rescue Applet\\LMIR111CF001.tmp\\LMI_Rescue_srv.exe","TargetObject":"HKLM\\System\\CurrentControlSet\\Services\\bam\\State\\UserSettings\\S-1-5-21-3263964631-4121654051-1417071188-1116\\\\Device\\HarddiskVolume3\\Program Files (x86)\\LogMeIn Rescue Applet\\LMIR111CF001.tmp\\LMI_Rescue.exe","Details":"Binary Data","User":"NT AUTHORITY\\SYSTEM","EventReceivedTime":1687289449,"SourceModuleName":"in_sysmon","SourceModuleType":"im_msvistalog"}
<14>Jun 20 19:30:50 win-adfs.lunarstiiiness.com Microsoft-Windows-Sysmon[2556]: {"EventTime":1687289450,"Hostname":"win-adfs.lunarstiiiness.com","Keywords":-9223372036854775808,"EventType":"INFO","SeverityValue":2,"Severity":"INFO","EventID":13,"SourceName":"Microsoft-Windows-Sysmon","ProviderGuid":"{5770385F-C22A-43E0-BF4C-06F5698FFBD9}","Version":2,"Task":13,"OpcodeValue":0,"RecordNumber":5946630,"ProcessID":2556,"ThreadID":3972,"Channel":"Microsoft-Windows-Sysmon/Operational","Domain":"NT AUTHORITY","AccountName":"SYSTEM","UserID":"S-1-5-18","AccountType":"User","Message":"Registry value set:\r\nRuleName: technique_id=T1543,technique_name=Service Creation\r\nEventType: SetValue\r\nUtcTime: 2023-06-20 19:30:49.970\r\nProcessGuid: {927d35bf-fe68-6491-d434-000000002900}\r\nProcessId: 8020\r\nImage: C:\\Program Files (x86)\\LogMeIn Rescue Applet\\LMIR111CF001.tmp\\LMI_Rescue.exe\r\nTargetObject: HKLM\\System\\CurrentControlSet\\Services\\bam\\State\\UserSettings\\S-1-5-21-3263964631-4121654051-1417071188-1116\\\\Device\\HarddiskVolume3\\Program Files (x86)\\LogMeIn Rescue Applet\\LMIR111CF001.tmp\\LMI_Rescue.exe\r\nDetails: Binary Data\r\nUser: LUNARSTIIINESS\\tim.smith_admin","Category":"Registry value set (rule: RegistryEvent)","Opcode":"Info","RuleName":"technique_id=T1543,technique_name=Service Creation","UtcTime":"2023-06-20 19:30:49.970","ProcessGuid":"{927d35bf-fe68-6491-d434-000000002900}","Image":"C:\\Program Files (x86)\\LogMeIn Rescue Applet\\LMIR111CF001.tmp\\LMI_Rescue.exe","TargetObject":"HKLM\\System\\CurrentControlSet\\Services\\bam\\State\\UserSettings\\S-1-5-21-3263964631-4121654051-1417071188-1116\\\\Device\\HarddiskVolume3\\Program Files (x86)\\LogMeIn Rescue Applet\\LMIR111CF001.tmp\\LMI_Rescue.exe","Details":"Binary Data","User":"LUNARSTIIINESS\\tim.smith_admin","EventReceivedTime":1687289450,"SourceModuleName":"in_sysmon","SourceModuleType":"im_msvistalog"}
<14>Jun 20 19:30:49 win-adfs.lunarstiiiness.com Microsoft-Windows-Sysmon[2556]: {"EventTime":1687289449,"Hostname":"win-adfs.lunarstiiiness.com","Keywords":-9223372036854775808,"EventType":"INFO","SeverityValue":2,"Severity":"INFO","EventID":10,"SourceName":"Microsoft-Windows-Sysmon","ProviderGuid":"{5770385F-C22A-43E0-BF4C-06F5698FFBD9}","Version":3,"Task":10,"OpcodeValue":0,"RecordNumber":5946627,"ProcessID":2556,"ThreadID":3972,"Channel":"Microsoft-Windows-Sysmon/Operational","Domain":"NT AUTHORITY","AccountName":"SYSTEM","UserID":"S-1-5-18","AccountType":"User","Message":"Process accessed:\r\nRuleName: technique_id=T1055.001,technique_name=Dynamic-link Library Injection\r\nUtcTime: 2023-06-20 19:30:49.207\r\nSourceProcessGUID: {927d35bf-31d7-6489-a700-000000002900}\r\nSourceProcessId: 4804\r\nSourceThreadId: 5132\r\nSourceImage: C:\\Program Files\\Azure Advanced Threat Protection Sensor\\2.205.16667.61114\\Microsoft.Tri.Sensor.Updater.exe\r\nTargetProcessGUID: {927d35bf-320b-6489-b600-000000002900}\r\nTargetProcessId: 4168\r\nTargetImage: C:\\Program Files\\Azure Advanced Threat Protection Sensor\\2.205.16667.61114\\Microsoft.Tri.Sensor.exe\r\nGrantedAccess: 0x1F3FFF\r\nCallTrace: C:\\Windows\\SYSTEM32\\ntdll.dll+9f9a4|C:\\Windows\\System32\\KERNELBASE.dll+44a7e|UNKNOWN(00007FFB6B21EF70)\r\nSourceUser: NT AUTHORITY\\SYSTEM\r\nTargetUser: NT AUTHORITY\\LOCAL SERVICE","Category":"Process accessed (rule: ProcessAccess)","Opcode":"Info","RuleName":"technique_id=T1055.001,technique_name=Dynamic-link Library Injection","UtcTime":"2023-06-20 19:30:49.207","SourceProcessGUID":"{927d35bf-31d7-6489-a700-000000002900}","SourceProcessId":"4804","SourceThreadId":"5132","SourceImage":"C:\\Program Files\\Azure Advanced Threat Protection Sensor\\2.205.16667.61114\\Microsoft.Tri.Sensor.Updater.exe","TargetProcessGUID":"{927d35bf-320b-6489-b600-000000002900}","TargetProcessId":"4168","TargetImage":"C:\\Program Files\\Azure Advanced Threat Protection Sensor\\2.205.16667.61114\\Microsoft.Tri.Sensor.exe","GrantedAccess":"0x1f3fff","CallTrace":"C:\\Windows\\SYSTEM32\\ntdll.dll+9f9a4|C:\\Windows\\System32\\KERNELBASE.dll+44a7e|UNKNOWN(00007FFB6B21EF70)","SourceUser":"NT AUTHORITY\\SYSTEM","TargetUser":"NT AUTHORITY\\LOCAL SERVICE","EventReceivedTime":1687289449,"SourceModuleName":"in_sysmon","SourceModuleType":"im_msvistalog"}
<14>Jun 20 19:30:50 win-adfs.lunarstiiiness.com Microsoft-Windows-Sysmon[2556]: {"EventTime":1687289449,"Hostname":"win-adfs.lunarstiiiness.com","Keywords":-9223372036854775808,"EventType":"INFO","SeverityValue":2,"Severity":"INFO","EventID":10,"SourceName":"Microsoft-Windows-Sysmon","ProviderGuid":"{5770385F-C22A-43E0-BF4C-06F5698FFBD9}","Version":3,"Task":10,"OpcodeValue":0,"RecordNumber":5946628,"ProcessID":2556,"ThreadID":3972,"Channel":"Microsoft-Windows-Sysmon/Operational","Domain":"NT AUTHORITY","AccountName":"SYSTEM","UserID":"S-1-5-18","AccountType":"User","Message":"Process accessed:\r\nRuleName: technique_id=T1055.001,technique_name=Dynamic-link Library Injection\r\nUtcTime: 2023-06-20 19:30:49.424\r\nSourceProcessGUID: {927d35bf-31d7-6489-a700-000000002900}\r\nSourceProcessId: 4804\r\nSourceThreadId: 9556\r\nSourceImage: C:\\Program Files\\Azure Advanced Threat Protection Sensor\\2.205.16667.61114\\Microsoft.Tri.Sensor.Updater.exe\r\nTargetProcessGUID: {927d35bf-320b-6489-b600-000000002900}\r\nTargetProcessId: 4168\r\nTargetImage: C:\\Program Files\\Azure Advanced Threat Protection Sensor\\2.205.16667.61114\\Microsoft.Tri.Sensor.exe\r\nGrantedAccess: 0x1F3FFF\r\nCallTrace: C:\\Windows\\SYSTEM32\\ntdll.dll+9f9a4|C:\\Windows\\System32\\KERNELBASE.dll+44a7e|UNKNOWN(00007FFB6B21EF70)\r\nSourceUser: NT AUTHORITY\\SYSTEM\r\nTargetUser: NT AUTHORITY\\LOCAL SERVICE","Category":"Process accessed (rule: ProcessAccess)","Opcode":"Info","RuleName":"technique_id=T1055.001,technique_name=Dynamic-link Library Injection","UtcTime":"2023-06-20 19:30:49.424","SourceProcessGUID":"{927d35bf-31d7-6489-a700-000000002900}","SourceProcessId":"4804","SourceThreadId":"9556","SourceImage":"C:\\Program Files\\Azure Advanced Threat Protection Sensor\\2.205.16667.61114\\Microsoft.Tri.Sensor.Updater.exe","TargetProcessGUID":"{927d35bf-320b-6489-b600-000000002900}","TargetProcessId":"4168","TargetImage":"C:\\Program Files\\Azure Advanced Threat Protection Sensor\\2.205.16667.61114\\Microsoft.Tri.Sensor.exe","GrantedAccess":"0x1f3fff","CallTrace":"C:\\Windows\\SYSTEM32\\ntdll.dll+9f9a4|C:\\Windows\\System32\\KERNELBASE.dll+44a7e|UNKNOWN(00007FFB6B21EF70)","SourceUser":"NT AUTHORITY\\SYSTEM","TargetUser":"NT AUTHORITY\\LOCAL SERVICE","EventReceivedTime":1687289450,"SourceModuleName":"in_sysmon","SourceModuleType":"im_msvistalog"}
<14>Jun 20 19:30:50 win-adfs.lunarstiiiness.com Microsoft-Windows-Sysmon[2556]: {"EventTime":1687289449,"Hostname":"win-adfs.lunarstiiiness.com","Keywords":-9223372036854775808,"EventType":"INFO","SeverityValue":2,"Severity":"INFO","EventID":7,"SourceName":"Microsoft-Windows-Sysmon","ProviderGuid":"{5770385F-C22A-43E0-BF4C-06F5698FFBD9}","Version":3,"Task":7,"OpcodeValue":0,"RecordNumber":5946629,"ProcessID":2556,"ThreadID":4056,"Channel":"Microsoft-Windows-Sysmon/Operational","Domain":"NT AUTHORITY","AccountName":"SYSTEM","UserID":"S-1-5-18","AccountType":"User","Message":"Image loaded:\r\nRuleName: -\r\nUtcTime: 2023-06-20 19:30:49.779\r\nProcessGuid: {927d35bf-fe69-6491-d534-000000002900}\r\nProcessId: 7564\r\nImage: C:\\Windows\\System32\\LogonUI.exe\r\nImageLoaded: C:\\Windows\\System32\\urlmon.dll\r\nFileVersion: 11.00.20348.1607 (WinBuild.160101.0800)\r\nDescription: OLE32 Extensions for Win32\r\nProduct: Internet Explorer\r\nCompany: Microsoft Corporation\r\nOriginalFileName: UrlMon.dll\r\nHashes: SHA1=48A76FC3C5B03EB8D51C6804348125FE15DE0043,MD5=5EBDBD1D73D8C3940A6DD93CA1A43ACB,SHA256=A56750D18759B718F671AE4EA819F126362083CFABBA0F13E7543144DCD070F2,IMPHASH=DFC31E91AFCEE1A1B74BA526BC32FD03\r\nSigned: true\r\nSignature: Microsoft Windows\r\nSignatureStatus: Valid\r\nUser: NT AUTHORITY\\SYSTEM","Category":"Image loaded (rule: ImageLoad)","Opcode":"Info","RuleName":"-","UtcTime":"2023-06-20 19:30:49.779","ProcessGuid":"{927d35bf-fe69-6491-d534-000000002900}","Image":"C:\\Windows\\System32\\LogonUI.exe","ImageLoaded":"C:\\Windows\\System32\\urlmon.dll","FileVersion":"11.00.20348.1607 (WinBuild.160101.0800)","Description":"OLE32 Extensions for Win32","Product":"Internet Explorer","Company":"Microsoft Corporation","OriginalFileName":"UrlMon.dll","Hashes":"SHA1=48A76FC3C5B03EB8D51C6804348125FE15DE0043,MD5=5EBDBD1D73D8C3940A6DD93CA1A43ACB,SHA256=A56750D18759B718F671AE4EA819F126362083CFABBA0F13E7543144DCD070F2,IMPHASH=DFC31E91AFCEE1A1B74BA526BC32FD03","Signed":"true","Signature":"Microsoft Windows","SignatureStatus":"Valid","User":"NT AUTHORITY\\SYSTEM","EventReceivedTime":1687289450,"SourceModuleName":"in_sysmon","SourceModuleType":"im_msvistalog"}