<14>Jun 20 19:15:57 win-server.lunarstiiiness.com Microsoft-Windows-Sysmon[2212]: {"EventTime":1687288556,"Hostname":"win-server.lunarstiiiness.com","Keywords":-9223372036854775808,"EventType":"INFO","SeverityValue":2,"Severity":"INFO","EventID":23,"SourceName":"Microsoft-Windows-Sysmon","ProviderGuid":"{5770385F-C22A-43E0-BF4C-06F5698FFBD9}","Version":5,"Task":23,"OpcodeValue":0,"RecordNumber":2201077,"ProcessID":2212,"ThreadID":2972,"Channel":"Microsoft-Windows-Sysmon/Operational","Domain":"NT AUTHORITY","AccountName":"SYSTEM","UserID":"S-1-5-18","AccountType":"User","Message":"File Delete archived:\r\nRuleName: -\r\nUtcTime: 2023-06-20 19:15:56.828\r\nProcessGuid: {BE59402F-B8EE-6491-D10D-000000002400}\r\nProcessId: 1160\r\nUser: LUNARSTIIINESS\\tim.smith_admin\r\nImage: C:\\Program Files\\Mozilla Firefox\\firefox.exe\r\nTargetFilename: C:\\Users\\tim.smith_admin\\AppData\\Local\\Mozilla\\Firefox\\Profiles\\a62ctjal.default-release\\cache2\\entries\\451B5ED7DA754F233A4E479F9C83D6E5D4943566\r\nHashes: SHA1=4D010BC4374AE7EF46071EAD80EB505949143657,MD5=5064C3464FFCBFE4BEDED18BC659644E,SHA256=59CA458924AC36285A6B8448699869734A7DDDDC7160440EF59FD603F90BB1B6,IMPHASH=00000000000000000000000000000000\r\nIsExecutable: false\r\nArchived: true","Category":"File Delete archived (rule: FileDelete)","Opcode":"Info","RuleName":"-","UtcTime":"2023-06-20 19:15:56.828","ProcessGuid":"{BE59402F-B8EE-6491-D10D-000000002400}","User":"LUNARSTIIINESS\\tim.smith_admin","Image":"C:\\Program Files\\Mozilla Firefox\\firefox.exe","TargetFilename":"C:\\Users\\tim.smith_admin\\AppData\\Local\\Mozilla\\Firefox\\Profiles\\a62ctjal.default-release\\cache2\\entries\\451B5ED7DA754F233A4E479F9C83D6E5D4943566","Hashes":"SHA1=4D010BC4374AE7EF46071EAD80EB505949143657,MD5=5064C3464FFCBFE4BEDED18BC659644E,SHA256=59CA458924AC36285A6B8448699869734A7DDDDC7160440EF59FD603F90BB1B6,IMPHASH=00000000000000000000000000000000","IsExecutable":"false","Archived":"true","EventReceivedTime":1687288557,"SourceModuleName":"in_sysmon","SourceModuleType":"im_msvistalog"}
<14>Jun 20 19:15:57 win-server.lunarstiiiness.com Microsoft-Windows-Sysmon[2212]: {"EventTime":1687288556,"Hostname":"win-server.lunarstiiiness.com","Keywords":-9223372036854775808,"EventType":"INFO","SeverityValue":2,"Severity":"INFO","EventID":23,"SourceName":"Microsoft-Windows-Sysmon","ProviderGuid":"{5770385F-C22A-43E0-BF4C-06F5698FFBD9}","Version":5,"Task":23,"OpcodeValue":0,"RecordNumber":2201079,"ProcessID":2212,"ThreadID":2972,"Channel":"Microsoft-Windows-Sysmon/Operational","Domain":"NT AUTHORITY","AccountName":"SYSTEM","UserID":"S-1-5-18","AccountType":"User","Message":"File Delete archived:\r\nRuleName: -\r\nUtcTime: 2023-06-20 19:15:56.828\r\nProcessGuid: {BE59402F-B8EE-6491-D10D-000000002400}\r\nProcessId: 1160\r\nUser: LUNARSTIIINESS\\tim.smith_admin\r\nImage: C:\\Program Files\\Mozilla Firefox\\firefox.exe\r\nTargetFilename: C:\\Users\\tim.smith_admin\\AppData\\Local\\Mozilla\\Firefox\\Profiles\\a62ctjal.default-release\\cache2\\entries\\5728195C76C0FFE9FFE1D3918614EAF44D2183D7\r\nHashes: SHA1=9C9E61729FB3D7A1CBD256B63AB0FEC9AC41D281,MD5=6799319ECAE99E3617E82F6A166CAD61,SHA256=808FE35DBF4C64258D6683C0AA9D5A5CDE6C06DB656CA3CB56B3FE33D994886E,IMPHASH=00000000000000000000000000000000\r\nIsExecutable: false\r\nArchived: true","Category":"File Delete archived (rule: FileDelete)","Opcode":"Info","RuleName":"-","UtcTime":"2023-06-20 19:15:56.828","ProcessGuid":"{BE59402F-B8EE-6491-D10D-000000002400}","User":"LUNARSTIIINESS\\tim.smith_admin","Image":"C:\\Program Files\\Mozilla Firefox\\firefox.exe","TargetFilename":"C:\\Users\\tim.smith_admin\\AppData\\Local\\Mozilla\\Firefox\\Profiles\\a62ctjal.default-release\\cache2\\entries\\5728195C76C0FFE9FFE1D3918614EAF44D2183D7","Hashes":"SHA1=9C9E61729FB3D7A1CBD256B63AB0FEC9AC41D281,MD5=6799319ECAE99E3617E82F6A166CAD61,SHA256=808FE35DBF4C64258D6683C0AA9D5A5CDE6C06DB656CA3CB56B3FE33D994886E,IMPHASH=00000000000000000000000000000000","IsExecutable":"false","Archived":"true","EventReceivedTime":1687288557,"SourceModuleName":"in_sysmon","SourceModuleType":"im_msvistalog"}
<14>Jun 20 19:15:57 win-server.lunarstiiiness.com Microsoft-Windows-Sysmon[2212]: {"EventTime":1687288556,"Hostname":"win-server.lunarstiiiness.com","Keywords":-9223372036854775808,"EventType":"INFO","SeverityValue":2,"Severity":"INFO","EventID":23,"SourceName":"Microsoft-Windows-Sysmon","ProviderGuid":"{5770385F-C22A-43E0-BF4C-06F5698FFBD9}","Version":5,"Task":23,"OpcodeValue":0,"RecordNumber":2201080,"ProcessID":2212,"ThreadID":2972,"Channel":"Microsoft-Windows-Sysmon/Operational","Domain":"NT AUTHORITY","AccountName":"SYSTEM","UserID":"S-1-5-18","AccountType":"User","Message":"File Delete archived:\r\nRuleName: -\r\nUtcTime: 2023-06-20 19:15:56.844\r\nProcessGuid: {BE59402F-B8EE-6491-D10D-000000002400}\r\nProcessId: 1160\r\nUser: LUNARSTIIINESS\\tim.smith_admin\r\nImage: C:\\Program Files\\Mozilla Firefox\\firefox.exe\r\nTargetFilename: C:\\Users\\tim.smith_admin\\AppData\\Local\\Mozilla\\Firefox\\Profiles\\a62ctjal.default-release\\cache2\\entries\\45E64E8AE58AFF465479B4074D5E8FF7070BBB86\r\nHashes: SHA1=CA80FAA58104185C727E3315163DC5E403BEE6B6,MD5=C43FDE6D72530C2A7ED3B92C36F5744C,SHA256=53D0A0EC31E3CA8C4577FC11725F3AE50934561D053ED07C4D8EE3044D8B13C1,IMPHASH=00000000000000000000000000000000\r\nIsExecutable: false\r\nArchived: true","Category":"File Delete archived (rule: FileDelete)","Opcode":"Info","RuleName":"-","UtcTime":"2023-06-20 19:15:56.844","ProcessGuid":"{BE59402F-B8EE-6491-D10D-000000002400}","User":"LUNARSTIIINESS\\tim.smith_admin","Image":"C:\\Program Files\\Mozilla Firefox\\firefox.exe","TargetFilename":"C:\\Users\\tim.smith_admin\\AppData\\Local\\Mozilla\\Firefox\\Profiles\\a62ctjal.default-release\\cache2\\entries\\45E64E8AE58AFF465479B4074D5E8FF7070BBB86","Hashes":"SHA1=CA80FAA58104185C727E3315163DC5E403BEE6B6,MD5=C43FDE6D72530C2A7ED3B92C36F5744C,SHA256=53D0A0EC31E3CA8C4577FC11725F3AE50934561D053ED07C4D8EE3044D8B13C1,IMPHASH=00000000000000000000000000000000","IsExecutable":"false","Archived":"true","EventReceivedTime":1687288557,"SourceModuleName":"in_sysmon","SourceModuleType":"im_msvistalog"}
<14>Jun 20 19:15:57 win-server.lunarstiiiness.com Microsoft-Windows-Sysmon[2212]: {"EventTime":1687288556,"Hostname":"win-server.lunarstiiiness.com","Keywords":-9223372036854775808,"EventType":"INFO","SeverityValue":2,"Severity":"INFO","EventID":23,"SourceName":"Microsoft-Windows-Sysmon","ProviderGuid":"{5770385F-C22A-43E0-BF4C-06F5698FFBD9}","Version":5,"Task":23,"OpcodeValue":0,"RecordNumber":2201082,"ProcessID":2212,"ThreadID":2972,"Channel":"Microsoft-Windows-Sysmon/Operational","Domain":"NT AUTHORITY","AccountName":"SYSTEM","UserID":"S-1-5-18","AccountType":"User","Message":"File Delete archived:\r\nRuleName: -\r\nUtcTime: 2023-06-20 19:15:56.844\r\nProcessGuid: {BE59402F-B8EE-6491-D10D-000000002400}\r\nProcessId: 1160\r\nUser: LUNARSTIIINESS\\tim.smith_admin\r\nImage: C:\\Program Files\\Mozilla Firefox\\firefox.exe\r\nTargetFilename: C:\\Users\\tim.smith_admin\\AppData\\Local\\Mozilla\\Firefox\\Profiles\\a62ctjal.default-release\\cache2\\entries\\FE7B0302021D51EDDAEF392AE423527F4F22CC3E\r\nHashes: SHA1=0737FB8C273C2C3A36E1BB80F87E637FE509285C,MD5=DC5ED8B8ABEA003B2885D3C4C00ADE3E,SHA256=A226465097C90CA5293DA31500BEE0DA058194FA7C455662141A68AFA2EF5807,IMPHASH=00000000000000000000000000000000\r\nIsExecutable: false\r\nArchived: true","Category":"File Delete archived (rule: FileDelete)","Opcode":"Info","RuleName":"-","UtcTime":"2023-06-20 19:15:56.844","ProcessGuid":"{BE59402F-B8EE-6491-D10D-000000002400}","User":"LUNARSTIIINESS\\tim.smith_admin","Image":"C:\\Program Files\\Mozilla Firefox\\firefox.exe","TargetFilename":"C:\\Users\\tim.smith_admin\\AppData\\Local\\Mozilla\\Firefox\\Profiles\\a62ctjal.default-release\\cache2\\entries\\FE7B0302021D51EDDAEF392AE423527F4F22CC3E","Hashes":"SHA1=0737FB8C273C2C3A36E1BB80F87E637FE509285C,MD5=DC5ED8B8ABEA003B2885D3C4C00ADE3E,SHA256=A226465097C90CA5293DA31500BEE0DA058194FA7C455662141A68AFA2EF5807,IMPHASH=00000000000000000000000000000000","IsExecutable":"false","Archived":"true","EventReceivedTime":1687288557,"SourceModuleName":"in_sysmon","SourceModuleType":"im_msvistalog"}
<14>Jun 20 19:15:57 win-server.lunarstiiiness.com Microsoft-Windows-Sysmon[2212]: {"EventTime":1687288556,"Hostname":"win-server.lunarstiiiness.com","Keywords":-9223372036854775808,"EventType":"INFO","SeverityValue":2,"Severity":"INFO","EventID":23,"SourceName":"Microsoft-Windows-Sysmon","ProviderGuid":"{5770385F-C22A-43E0-BF4C-06F5698FFBD9}","Version":5,"Task":23,"OpcodeValue":0,"RecordNumber":2201081,"ProcessID":2212,"ThreadID":2972,"Channel":"Microsoft-Windows-Sysmon/Operational","Domain":"NT AUTHORITY","AccountName":"SYSTEM","UserID":"S-1-5-18","AccountType":"User","Message":"File Delete archived:\r\nRuleName: -\r\nUtcTime: 2023-06-20 19:15:56.844\r\nProcessGuid: {BE59402F-B8EE-6491-D10D-000000002400}\r\nProcessId: 1160\r\nUser: LUNARSTIIINESS\\tim.smith_admin\r\nImage: C:\\Program Files\\Mozilla Firefox\\firefox.exe\r\nTargetFilename: C:\\Users\\tim.smith_admin\\AppData\\Local\\Mozilla\\Firefox\\Profiles\\a62ctjal.default-release\\cache2\\entries\\0AC5D24F96799FD71D5F0788AB6BEF20486CCF5C\r\nHashes: SHA1=DC2FCEF8887613E43D148B8F556EBA94DD473772,MD5=A63B8DEEE69B78296092800E16D29580,SHA256=003ABC5AD71F7D20B365B4B5447E1DACE663988F419BB253DD6F3FAEEEC5A313,IMPHASH=00000000000000000000000000000000\r\nIsExecutable: false\r\nArchived: true","Category":"File Delete archived (rule: FileDelete)","Opcode":"Info","RuleName":"-","UtcTime":"2023-06-20 19:15:56.844","ProcessGuid":"{BE59402F-B8EE-6491-D10D-000000002400}","User":"LUNARSTIIINESS\\tim.smith_admin","Image":"C:\\Program Files\\Mozilla Firefox\\firefox.exe","TargetFilename":"C:\\Users\\tim.smith_admin\\AppData\\Local\\Mozilla\\Firefox\\Profiles\\a62ctjal.default-release\\cache2\\entries\\0AC5D24F96799FD71D5F0788AB6BEF20486CCF5C","Hashes":"SHA1=DC2FCEF8887613E43D148B8F556EBA94DD473772,MD5=A63B8DEEE69B78296092800E16D29580,SHA256=003ABC5AD71F7D20B365B4B5447E1DACE663988F419BB253DD6F3FAEEEC5A313,IMPHASH=00000000000000000000000000000000","IsExecutable":"false","Archived":"true","EventReceivedTime":1687288557,"SourceModuleName":"in_sysmon","SourceModuleType":"im_msvistalog"}
<14>Jun 20 19:15:57 win-server.lunarstiiiness.com Microsoft-Windows-Sysmon[2212]: {"EventTime":1687288556,"Hostname":"win-server.lunarstiiiness.com","Keywords":-9223372036854775808,"EventType":"INFO","SeverityValue":2,"Severity":"INFO","EventID":23,"SourceName":"Microsoft-Windows-Sysmon","ProviderGuid":"{5770385F-C22A-43E0-BF4C-06F5698FFBD9}","Version":5,"Task":23,"OpcodeValue":0,"RecordNumber":2201083,"ProcessID":2212,"ThreadID":2972,"Channel":"Microsoft-Windows-Sysmon/Operational","Domain":"NT AUTHORITY","AccountName":"SYSTEM","UserID":"S-1-5-18","AccountType":"User","Message":"File Delete archived:\r\nRuleName: -\r\nUtcTime: 2023-06-20 19:15:56.859\r\nProcessGuid: {BE59402F-B8EE-6491-D10D-000000002400}\r\nProcessId: 1160\r\nUser: LUNARSTIIINESS\\tim.smith_admin\r\nImage: C:\\Program Files\\Mozilla Firefox\\firefox.exe\r\nTargetFilename: C:\\Users\\tim.smith_admin\\AppData\\Local\\Mozilla\\Firefox\\Profiles\\a62ctjal.default-release\\cache2\\entries\\4072810BB45311762B3B61E57970177475615D06\r\nHashes: SHA1=45B791E044B15C4724896C950979176DB680DF22,MD5=CF2C262BFEAC2B70DA3A623D9550C778,SHA256=540E7FE98C93F112CD78C404D2E0622DFA5A7ADF2621F4634269EF28BA96B93F,IMPHASH=00000000000000000000000000000000\r\nIsExecutable: false\r\nArchived: true","Category":"File Delete archived (rule: FileDelete)","Opcode":"Info","RuleName":"-","UtcTime":"2023-06-20 19:15:56.859","ProcessGuid":"{BE59402F-B8EE-6491-D10D-000000002400}","User":"LUNARSTIIINESS\\tim.smith_admin","Image":"C:\\Program Files\\Mozilla Firefox\\firefox.exe","TargetFilename":"C:\\Users\\tim.smith_admin\\AppData\\Local\\Mozilla\\Firefox\\Profiles\\a62ctjal.default-release\\cache2\\entries\\4072810BB45311762B3B61E57970177475615D06","Hashes":"SHA1=45B791E044B15C4724896C950979176DB680DF22,MD5=CF2C262BFEAC2B70DA3A623D9550C778,SHA256=540E7FE98C93F112CD78C404D2E0622DFA5A7ADF2621F4634269EF28BA96B93F,IMPHASH=00000000000000000000000000000000","IsExecutable":"false","Archived":"true","EventReceivedTime":1687288557,"SourceModuleName":"in_sysmon","SourceModuleType":"im_msvistalog"}
<14>Jun 20 19:16:10 win-server.lunarstiiiness.com Microsoft-Windows-Sysmon[2212]: {"EventTime":1687288568,"Hostname":"win-server.lunarstiiiness.com","Keywords":-9223372036854775808,"EventType":"INFO","SeverityValue":2,"Severity":"INFO","EventID":23,"SourceName":"Microsoft-Windows-Sysmon","ProviderGuid":"{5770385F-C22A-43E0-BF4C-06F5698FFBD9}","Version":5,"Task":23,"OpcodeValue":0,"RecordNumber":2201084,"ProcessID":2212,"ThreadID":2972,"Channel":"Microsoft-Windows-Sysmon/Operational","Domain":"NT AUTHORITY","AccountName":"SYSTEM","UserID":"S-1-5-18","AccountType":"User","Message":"File Delete archived:\r\nRuleName: -\r\nUtcTime: 2023-06-20 19:16:08.222\r\nProcessGuid: {BE59402F-B8EE-6491-D10D-000000002400}\r\nProcessId: 1160\r\nUser: LUNARSTIIINESS\\tim.smith_admin\r\nImage: C:\\Program Files\\Mozilla Firefox\\firefox.exe\r\nTargetFilename: C:\\Users\\tim.smith_admin\\AppData\\Roaming\\Mozilla\\Firefox\\Profiles\\a62ctjal.default-release\\storage\\permanent\\chrome\\idb\\2918063365piupsah.sqlite-shm\r\nHashes: SHA1=97AEA7967A253060FE2E5B83318CFDF6D379A2CF,MD5=4A786698377CE4250900E59970D4CAC9,SHA256=342ACA34A4818E48B144B67DED3E1CD4CD51B25B3D0FDE42DE518DA2153156E1,IMPHASH=00000000000000000000000000000000\r\nIsExecutable: false\r\nArchived: true","Category":"File Delete archived (rule: FileDelete)","Opcode":"Info","RuleName":"-","UtcTime":"2023-06-20 19:16:08.222","ProcessGuid":"{BE59402F-B8EE-6491-D10D-000000002400}","User":"LUNARSTIIINESS\\tim.smith_admin","Image":"C:\\Program Files\\Mozilla Firefox\\firefox.exe","TargetFilename":"C:\\Users\\tim.smith_admin\\AppData\\Roaming\\Mozilla\\Firefox\\Profiles\\a62ctjal.default-release\\storage\\permanent\\chrome\\idb\\2918063365piupsah.sqlite-shm","Hashes":"SHA1=97AEA7967A253060FE2E5B83318CFDF6D379A2CF,MD5=4A786698377CE4250900E59970D4CAC9,SHA256=342ACA34A4818E48B144B67DED3E1CD4CD51B25B3D0FDE42DE518DA2153156E1,IMPHASH=00000000000000000000000000000000","IsExecutable":"false","Archived":"true","EventReceivedTime":1687288570,"SourceModuleName":"in_sysmon","SourceModuleType":"im_msvistalog"}
<14>Jun 20 19:16:16 win-server.lunarstiiiness.com Microsoft-Windows-Sysmon[2212]: {"EventTime":1687288574,"Hostname":"win-server.lunarstiiiness.com","Keywords":-9223372036854775808,"EventType":"INFO","SeverityValue":2,"Severity":"INFO","EventID":22,"SourceName":"Microsoft-Windows-Sysmon","ProviderGuid":"{5770385F-C22A-43E0-BF4C-06F5698FFBD9}","Version":5,"Task":22,"OpcodeValue":0,"RecordNumber":2201085,"ProcessID":2212,"ThreadID":2992,"Channel":"Microsoft-Windows-Sysmon/Operational","Domain":"NT AUTHORITY","AccountName":"SYSTEM","UserID":"S-1-5-18","AccountType":"User","Message":"Dns query:\r\nRuleName: -\r\nUtcTime: 2023-06-20 19:16:13.944\r\nProcessGuid: {BE59402F-B8EE-6491-D10D-000000002400}\r\nProcessId: 1160\r\nQueryName: brand-messenger.app.khoros.com\r\nQueryStatus: 0\r\nQueryResults: ::ffff:52.84.125.16;::ffff:52.84.125.81;::ffff:52.84.125.85;::ffff:52.84.125.110;\r\nImage: C:\\Program Files\\Mozilla Firefox\\firefox.exe\r\nUser: LUNARSTIIINESS\\tim.smith_admin","Category":"Dns query (rule: DnsQuery)","Opcode":"Info","RuleName":"-","UtcTime":"2023-06-20 19:16:13.944","ProcessGuid":"{BE59402F-B8EE-6491-D10D-000000002400}","QueryName":"brand-messenger.app.khoros.com","QueryStatus":"0","QueryResults":"::ffff:52.84.125.16;::ffff:52.84.125.81;::ffff:52.84.125.85;::ffff:52.84.125.110;","Image":"C:\\Program Files\\Mozilla Firefox\\firefox.exe","User":"LUNARSTIIINESS\\tim.smith_admin","EventReceivedTime":1687288576,"SourceModuleName":"in_sysmon","SourceModuleType":"im_msvistalog"}
<14>Jun 20 19:16:16 win-server.lunarstiiiness.com Microsoft-Windows-Sysmon[2212]: {"EventTime":1687288574,"Hostname":"win-server.lunarstiiiness.com","Keywords":-9223372036854775808,"EventType":"INFO","SeverityValue":2,"Severity":"INFO","EventID":22,"SourceName":"Microsoft-Windows-Sysmon","ProviderGuid":"{5770385F-C22A-43E0-BF4C-06F5698FFBD9}","Version":5,"Task":22,"OpcodeValue":0,"RecordNumber":2201086,"ProcessID":2212,"ThreadID":2992,"Channel":"Microsoft-Windows-Sysmon/Operational","Domain":"NT AUTHORITY","AccountName":"SYSTEM","UserID":"S-1-5-18","AccountType":"User","Message":"Dns query:\r\nRuleName: -\r\nUtcTime: 2023-06-20 19:16:13.945\r\nProcessGuid: {BE59402F-B8EE-6491-D10D-000000002400}\r\nProcessId: 1160\r\nQueryName: brand-messenger.app.khoros.com\r\nQueryStatus: 0\r\nQueryResults: 52.84.125.81;52.84.125.85;52.84.125.110;52.84.125.16;\r\nImage: C:\\Program Files\\Mozilla Firefox\\firefox.exe\r\nUser: LUNARSTIIINESS\\tim.smith_admin","Category":"Dns query (rule: DnsQuery)","Opcode":"Info","RuleName":"-","UtcTime":"2023-06-20 19:16:13.945","ProcessGuid":"{BE59402F-B8EE-6491-D10D-000000002400}","QueryName":"brand-messenger.app.khoros.com","QueryStatus":"0","QueryResults":"52.84.125.81;52.84.125.85;52.84.125.110;52.84.125.16;","Image":"C:\\Program Files\\Mozilla Firefox\\firefox.exe","User":"LUNARSTIIINESS\\tim.smith_admin","EventReceivedTime":1687288576,"SourceModuleName":"in_sysmon","SourceModuleType":"im_msvistalog"}
<14>Jun 20 19:16:26 win-server.lunarstiiiness.com Microsoft-Windows-Sysmon[2212]: {"EventTime":1687288584,"Hostname":"win-server.lunarstiiiness.com","Keywords":-9223372036854775808,"EventType":"INFO","SeverityValue":2,"Severity":"INFO","EventID":23,"SourceName":"Microsoft-Windows-Sysmon","ProviderGuid":"{5770385F-C22A-43E0-BF4C-06F5698FFBD9}","Version":5,"Task":23,"OpcodeValue":0,"RecordNumber":2201087,"ProcessID":2212,"ThreadID":2972,"Channel":"Microsoft-Windows-Sysmon/Operational","Domain":"NT AUTHORITY","AccountName":"SYSTEM","UserID":"S-1-5-18","AccountType":"User","Message":"File Delete archived:\r\nRuleName: -\r\nUtcTime: 2023-06-20 19:16:24.422\r\nProcessGuid: {BE59402F-B8EE-6491-D10D-000000002400}\r\nProcessId: 1160\r\nUser: LUNARSTIIINESS\\tim.smith_admin\r\nImage: C:\\Program Files\\Mozilla Firefox\\firefox.exe\r\nTargetFilename: C:\\Users\\tim.smith_admin\\AppData\\Roaming\\Microsoft\\Windows\\Recent\\CustomDestinations\\6824f4a902c78fbd.customDestinations-ms~RF1bf92af8.TMP\r\nHashes: SHA1=A8D0947096751DEF80C1F3E4ACA5405A894B11B9,MD5=B41575C544FD37DDD1418D492174B4A8,SHA256=4B8F9D85EBBC80E1D1952EE33C10C588382342A19440E232E5C0223990AECFD7,IMPHASH=00000000000000000000000000000000\r\nIsExecutable: false\r\nArchived: true","Category":"File Delete archived (rule: FileDelete)","Opcode":"Info","RuleName":"-","UtcTime":"2023-06-20 19:16:24.422","ProcessGuid":"{BE59402F-B8EE-6491-D10D-000000002400}","User":"LUNARSTIIINESS\\tim.smith_admin","Image":"C:\\Program Files\\Mozilla Firefox\\firefox.exe","TargetFilename":"C:\\Users\\tim.smith_admin\\AppData\\Roaming\\Microsoft\\Windows\\Recent\\CustomDestinations\\6824f4a902c78fbd.customDestinations-ms~RF1bf92af8.TMP","Hashes":"SHA1=A8D0947096751DEF80C1F3E4ACA5405A894B11B9,MD5=B41575C544FD37DDD1418D492174B4A8,SHA256=4B8F9D85EBBC80E1D1952EE33C10C588382342A19440E232E5C0223990AECFD7,IMPHASH=00000000000000000000000000000000","IsExecutable":"false","Archived":"true","EventReceivedTime":1687288586,"SourceModuleName":"in_sysmon","SourceModuleType":"im_msvistalog"}
<14>Jun 20 19:16:29 win-server.lunarstiiiness.com Microsoft-Windows-Sysmon[2212]: {"EventTime":1687288587,"Hostname":"win-server.lunarstiiiness.com","Keywords":-9223372036854775808,"EventType":"INFO","SeverityValue":2,"Severity":"INFO","EventID":11,"SourceName":"Microsoft-Windows-Sysmon","ProviderGuid":"{5770385F-C22A-43E0-BF4C-06F5698FFBD9}","Version":2,"Task":11,"OpcodeValue":0,"RecordNumber":2201089,"ProcessID":2212,"ThreadID":2972,"Channel":"Microsoft-Windows-Sysmon/Operational","Domain":"NT AUTHORITY","AccountName":"SYSTEM","UserID":"S-1-5-18","AccountType":"User","Message":"File created:\r\nRuleName: technique_id=T1574.010,technique_name=Services File Permissions Weakness\r\nUtcTime: 2023-06-20 19:16:27.453\r\nProcessGuid: {BE59402F-92B3-648A-1300-000000002400}\r\nProcessId: 956\r\nImage: C:\\Windows\\system32\\svchost.exe\r\nTargetFilename: C:\\Windows\\ServiceProfiles\\LocalService\\AppData\\Local\\lastalive1.dat\r\nCreationUtcTime: 2023-06-15 04:26:24.014\r\nUser: NT AUTHORITY\\LOCAL SERVICE","Category":"File created (rule: FileCreate)","Opcode":"Info","RuleName":"technique_id=T1574.010,technique_name=Services File Permissions Weakness","UtcTime":"2023-06-20 19:16:27.453","ProcessGuid":"{BE59402F-92B3-648A-1300-000000002400}","Image":"C:\\Windows\\system32\\svchost.exe","TargetFilename":"C:\\Windows\\ServiceProfiles\\LocalService\\AppData\\Local\\lastalive1.dat","CreationUtcTime":"2023-06-15 04:26:24.014","User":"NT AUTHORITY\\LOCAL SERVICE","EventReceivedTime":1687288589,"SourceModuleName":"in_sysmon","SourceModuleType":"im_msvistalog"}
<14>Jun 20 19:16:29 win-server.lunarstiiiness.com Microsoft-Windows-Sysmon[2212]: {"EventTime":1687288587,"Hostname":"win-server.lunarstiiiness.com","Keywords":-9223372036854775808,"EventType":"INFO","SeverityValue":2,"Severity":"INFO","EventID":23,"SourceName":"Microsoft-Windows-Sysmon","ProviderGuid":"{5770385F-C22A-43E0-BF4C-06F5698FFBD9}","Version":5,"Task":23,"OpcodeValue":0,"RecordNumber":2201088,"ProcessID":2212,"ThreadID":2972,"Channel":"Microsoft-Windows-Sysmon/Operational","Domain":"NT AUTHORITY","AccountName":"SYSTEM","UserID":"S-1-5-18","AccountType":"User","Message":"File Delete archived:\r\nRuleName: -\r\nUtcTime: 2023-06-20 19:16:27.453\r\nProcessGuid: {BE59402F-92B3-648A-1300-000000002400}\r\nProcessId: 956\r\nUser: NT AUTHORITY\\LOCAL SERVICE\r\nImage: C:\\Windows\\system32\\svchost.exe\r\nTargetFilename: C:\\Windows\\ServiceProfiles\\LocalService\\AppData\\Local\\lastalive1.dat\r\nHashes: SHA1=945715CF1DF783019DBC6FCE4278737332D457C1,MD5=0954E9342E9E078FD252A2CE2E16132C,SHA256=A5694026B7C1B3DC5B1D0475DEC3522AAD9E6EC3528F0DB6F0AE9A1A24105BE8,IMPHASH=00000000000000000000000000000000\r\nIsExecutable: false\r\nArchived: true","Category":"File Delete archived (rule: FileDelete)","Opcode":"Info","RuleName":"-","UtcTime":"2023-06-20 19:16:27.453","ProcessGuid":"{BE59402F-92B3-648A-1300-000000002400}","User":"NT AUTHORITY\\LOCAL SERVICE","Image":"C:\\Windows\\system32\\svchost.exe","TargetFilename":"C:\\Windows\\ServiceProfiles\\LocalService\\AppData\\Local\\lastalive1.dat","Hashes":"SHA1=945715CF1DF783019DBC6FCE4278737332D457C1,MD5=0954E9342E9E078FD252A2CE2E16132C,SHA256=A5694026B7C1B3DC5B1D0475DEC3522AAD9E6EC3528F0DB6F0AE9A1A24105BE8,IMPHASH=00000000000000000000000000000000","IsExecutable":"false","Archived":"true","EventReceivedTime":1687288589,"SourceModuleName":"in_sysmon","SourceModuleType":"im_msvistalog"}
<14>Jun 20 19:16:46 win-server.lunarstiiiness.com Microsoft-Windows-Sysmon[2212]: {"EventTime":1687288605,"Hostname":"win-server.lunarstiiiness.com","Keywords":-9223372036854775808,"EventType":"INFO","SeverityValue":2,"Severity":"INFO","EventID":22,"SourceName":"Microsoft-Windows-Sysmon","ProviderGuid":"{5770385F-C22A-43E0-BF4C-06F5698FFBD9}","Version":5,"Task":22,"OpcodeValue":0,"RecordNumber":2201090,"ProcessID":2212,"ThreadID":2992,"Channel":"Microsoft-Windows-Sysmon/Operational","Domain":"NT AUTHORITY","AccountName":"SYSTEM","UserID":"S-1-5-18","AccountType":"User","Message":"Dns query:\r\nRuleName: -\r\nUtcTime: 2023-06-20 19:16:44.003\r\nProcessGuid: {BE59402F-B8EE-6491-D10D-000000002400}\r\nProcessId: 1160\r\nQueryName: brand-messenger.app.khoros.com\r\nQueryStatus: 0\r\nQueryResults: 2600:9000:21b8:3000:11:94f3:7d40:93a1;2600:9000:21b8:de00:11:94f3:7d40:93a1;2600:9000:21b8:bc00:11:94f3:7d40:93a1;2600:9000:21b8:1600:11:94f3:7d40:93a1;2600:9000:21b8:ce00:11:94f3:7d40:93a1;2600:9000:21b8:e600:11:94f3:7d40:93a1;2600:9000:21b8:2600:11:94f3:7d40:93a1;2600:9000:21b8:7400:11:94f3:7d40:93a1;\r\nImage: C:\\Program Files\\Mozilla Firefox\\firefox.exe\r\nUser: LUNARSTIIINESS\\tim.smith_admin","Category":"Dns query (rule: DnsQuery)","Opcode":"Info","RuleName":"-","UtcTime":"2023-06-20 19:16:44.003","ProcessGuid":"{BE59402F-B8EE-6491-D10D-000000002400}","QueryName":"brand-messenger.app.khoros.com","QueryStatus":"0","QueryResults":"2600:9000:21b8:3000:11:94f3:7d40:93a1;2600:9000:21b8:de00:11:94f3:7d40:93a1;2600:9000:21b8:bc00:11:94f3:7d40:93a1;2600:9000:21b8:1600:11:94f3:7d40:93a1;2600:9000:21b8:ce00:11:94f3:7d40:93a1;2600:9000:21b8:e600:11:94f3:7d40:93a1;2600:9000:21b8:2600:11:94f3:7d40:93a1;2600:9000:21b8:7400:11:94f3:7d40:93a1;","Image":"C:\\Program Files\\Mozilla Firefox\\firefox.exe","User":"LUNARSTIIINESS\\tim.smith_admin","EventReceivedTime":1687288606,"SourceModuleName":"in_sysmon","SourceModuleType":"im_msvistalog"}
<14>Jun 20 19:17:02 win-server.lunarstiiiness.com Microsoft-Windows-Sysmon[2212]: {"EventTime":1687288620,"Hostname":"win-server.lunarstiiiness.com","Keywords":-9223372036854775808,"EventType":"INFO","SeverityValue":2,"Severity":"INFO","EventID":22,"SourceName":"Microsoft-Windows-Sysmon","ProviderGuid":"{5770385F-C22A-43E0-BF4C-06F5698FFBD9}","Version":5,"Task":22,"OpcodeValue":0,"RecordNumber":2201091,"ProcessID":2212,"ThreadID":2992,"Channel":"Microsoft-Windows-Sysmon/Operational","Domain":"NT AUTHORITY","AccountName":"SYSTEM","UserID":"S-1-5-18","AccountType":"User","Message":"Dns query:\r\nRuleName: -\r\nUtcTime: 2023-06-20 19:17:00.049\r\nProcessGuid: {BE59402F-B8EE-6491-D10D-000000002400}\r\nProcessId: 1160\r\nQueryName: dc.services.visualstudio.com\r\nQueryStatus: 0\r\nQueryResults: type:  5 dc.applicationinsights.microsoft.com;type:  5 dc.applicationinsights.azure.com;type:  5 global.in.ai.monitor.azure.com;type:  5 global.in.ai.privatelink.monitor.azure.com;type:  5 dc.trafficmanager.net;type:  5 eus08-breeziest-in.cloudapp.net;::ffff:40.78.229.33;\r\nImage: C:\\Program Files\\Mozilla Firefox\\firefox.exe\r\nUser: LUNARSTIIINESS\\tim.smith_admin","Category":"Dns query (rule: DnsQuery)","Opcode":"Info","RuleName":"-","UtcTime":"2023-06-20 19:17:00.049","ProcessGuid":"{BE59402F-B8EE-6491-D10D-000000002400}","QueryName":"dc.services.visualstudio.com","QueryStatus":"0","QueryResults":"type:  5 dc.applicationinsights.microsoft.com;type:  5 dc.applicationinsights.azure.com;type:  5 global.in.ai.monitor.azure.com;type:  5 global.in.ai.privatelink.monitor.azure.com;type:  5 dc.trafficmanager.net;type:  5 eus08-breeziest-in.cloudapp.net;::ffff:40.78.229.33;","Image":"C:\\Program Files\\Mozilla Firefox\\firefox.exe","User":"LUNARSTIIINESS\\tim.smith_admin","EventReceivedTime":1687288622,"SourceModuleName":"in_sysmon","SourceModuleType":"im_msvistalog"}
<14>Jun 20 19:17:02 win-server.lunarstiiiness.com Microsoft-Windows-Sysmon[2212]: {"EventTime":1687288621,"Hostname":"win-server.lunarstiiiness.com","Keywords":-9223372036854775808,"EventType":"INFO","SeverityValue":2,"Severity":"INFO","EventID":22,"SourceName":"Microsoft-Windows-Sysmon","ProviderGuid":"{5770385F-C22A-43E0-BF4C-06F5698FFBD9}","Version":5,"Task":22,"OpcodeValue":0,"RecordNumber":2201092,"ProcessID":2212,"ThreadID":2992,"Channel":"Microsoft-Windows-Sysmon/Operational","Domain":"NT AUTHORITY","AccountName":"SYSTEM","UserID":"S-1-5-18","AccountType":"User","Message":"Dns query:\r\nRuleName: -\r\nUtcTime: 2023-06-20 19:17:01.717\r\nProcessGuid: {BE59402F-B8EE-6491-D10D-000000002400}\r\nProcessId: 1160\r\nQueryName: v.clarity.ms\r\nQueryStatus: 0\r\nQueryResults: type:  5 clarity-ingest-eus2-d-sc.eastus2.cloudapp.azure.com;20.114.189.135;\r\nImage: C:\\Program Files\\Mozilla Firefox\\firefox.exe\r\nUser: LUNARSTIIINESS\\tim.smith_admin","Category":"Dns query (rule: DnsQuery)","Opcode":"Info","RuleName":"-","UtcTime":"2023-06-20 19:17:01.717","ProcessGuid":"{BE59402F-B8EE-6491-D10D-000000002400}","QueryName":"v.clarity.ms","QueryStatus":"0","QueryResults":"type:  5 clarity-ingest-eus2-d-sc.eastus2.cloudapp.azure.com;20.114.189.135;","Image":"C:\\Program Files\\Mozilla Firefox\\firefox.exe","User":"LUNARSTIIINESS\\tim.smith_admin","EventReceivedTime":1687288622,"SourceModuleName":"in_sysmon","SourceModuleType":"im_msvistalog"}
<14>Jun 20 19:17:16 win-server.lunarstiiiness.com Microsoft-Windows-Sysmon[2212]: {"EventTime":1687288634,"Hostname":"win-server.lunarstiiiness.com","Keywords":-9223372036854775808,"EventType":"INFO","SeverityValue":2,"Severity":"INFO","EventID":22,"SourceName":"Microsoft-Windows-Sysmon","ProviderGuid":"{5770385F-C22A-43E0-BF4C-06F5698FFBD9}","Version":5,"Task":22,"OpcodeValue":0,"RecordNumber":2201093,"ProcessID":2212,"ThreadID":2992,"Channel":"Microsoft-Windows-Sysmon/Operational","Domain":"NT AUTHORITY","AccountName":"SYSTEM","UserID":"S-1-5-18","AccountType":"User","Message":"Dns query:\r\nRuleName: -\r\nUtcTime: 2023-06-20 19:17:14.097\r\nProcessGuid: {BE59402F-B8EE-6491-D10D-000000002400}\r\nProcessId: 1160\r\nQueryName: brand-messenger.app.khoros.com\r\nQueryStatus: 0\r\nQueryResults: ::ffff:52.84.125.85;::ffff:52.84.125.110;::ffff:52.84.125.16;::ffff:52.84.125.81;\r\nImage: C:\\Program Files\\Mozilla Firefox\\firefox.exe\r\nUser: LUNARSTIIINESS\\tim.smith_admin","Category":"Dns query (rule: DnsQuery)","Opcode":"Info","RuleName":"-","UtcTime":"2023-06-20 19:17:14.097","ProcessGuid":"{BE59402F-B8EE-6491-D10D-000000002400}","QueryName":"brand-messenger.app.khoros.com","QueryStatus":"0","QueryResults":"::ffff:52.84.125.85;::ffff:52.84.125.110;::ffff:52.84.125.16;::ffff:52.84.125.81;","Image":"C:\\Program Files\\Mozilla Firefox\\firefox.exe","User":"LUNARSTIIINESS\\tim.smith_admin","EventReceivedTime":1687288636,"SourceModuleName":"in_sysmon","SourceModuleType":"im_msvistalog"}
<14>Jun 20 19:17:16 win-server.lunarstiiiness.com Microsoft-Windows-Sysmon[2212]: {"EventTime":1687288634,"Hostname":"win-server.lunarstiiiness.com","Keywords":-9223372036854775808,"EventType":"INFO","SeverityValue":2,"Severity":"INFO","EventID":22,"SourceName":"Microsoft-Windows-Sysmon","ProviderGuid":"{5770385F-C22A-43E0-BF4C-06F5698FFBD9}","Version":5,"Task":22,"OpcodeValue":0,"RecordNumber":2201094,"ProcessID":2212,"ThreadID":2992,"Channel":"Microsoft-Windows-Sysmon/Operational","Domain":"NT AUTHORITY","AccountName":"SYSTEM","UserID":"S-1-5-18","AccountType":"User","Message":"Dns query:\r\nRuleName: -\r\nUtcTime: 2023-06-20 19:17:14.098\r\nProcessGuid: {BE59402F-B8EE-6491-D10D-000000002400}\r\nProcessId: 1160\r\nQueryName: brand-messenger.app.khoros.com\r\nQueryStatus: 0\r\nQueryResults: 52.84.125.110;52.84.125.16;52.84.125.81;52.84.125.85;\r\nImage: C:\\Program Files\\Mozilla Firefox\\firefox.exe\r\nUser: LUNARSTIIINESS\\tim.smith_admin","Category":"Dns query (rule: DnsQuery)","Opcode":"Info","RuleName":"-","UtcTime":"2023-06-20 19:17:14.098","ProcessGuid":"{BE59402F-B8EE-6491-D10D-000000002400}","QueryName":"brand-messenger.app.khoros.com","QueryStatus":"0","QueryResults":"52.84.125.110;52.84.125.16;52.84.125.81;52.84.125.85;","Image":"C:\\Program Files\\Mozilla Firefox\\firefox.exe","User":"LUNARSTIIINESS\\tim.smith_admin","EventReceivedTime":1687288636,"SourceModuleName":"in_sysmon","SourceModuleType":"im_msvistalog"}
<14>Jun 20 19:17:17 win-server.lunarstiiiness.com Microsoft-Windows-Sysmon[2212]: {"EventTime":1687288635,"Hostname":"win-server.lunarstiiiness.com","Keywords":-9223372036854775808,"EventType":"INFO","SeverityValue":2,"Severity":"INFO","EventID":22,"SourceName":"Microsoft-Windows-Sysmon","ProviderGuid":"{5770385F-C22A-43E0-BF4C-06F5698FFBD9}","Version":5,"Task":22,"OpcodeValue":0,"RecordNumber":2201095,"ProcessID":2212,"ThreadID":2992,"Channel":"Microsoft-Windows-Sysmon/Operational","Domain":"NT AUTHORITY","AccountName":"SYSTEM","UserID":"S-1-5-18","AccountType":"User","Message":"Dns query:\r\nRuleName: -\r\nUtcTime: 2023-06-20 19:17:14.153\r\nProcessGuid: {BE59402F-B8EE-6491-D10D-000000002400}\r\nProcessId: 1160\r\nQueryName: brand-messenger.app.khoros.com\r\nQueryStatus: 0\r\nQueryResults: 2600:9000:2507:e800:11:94f3:7d40:93a1;2600:9000:2507:ce00:11:94f3:7d40:93a1;2600:9000:2507:2200:11:94f3:7d40:93a1;2600:9000:2507:a00:11:94f3:7d40:93a1;2600:9000:2507:1200:11:94f3:7d40:93a1;2600:9000:2507:bc00:11:94f3:7d40:93a1;2600:9000:2507:600:11:94f3:7d40:93a1;2600:9000:2507:f800:11:94f3:7d40:93a1;\r\nImage: C:\\Program Files\\Mozilla Firefox\\firefox.exe\r\nUser: LUNARSTIIINESS\\tim.smith_admin","Category":"Dns query (rule: DnsQuery)","Opcode":"Info","RuleName":"-","UtcTime":"2023-06-20 19:17:14.153","ProcessGuid":"{BE59402F-B8EE-6491-D10D-000000002400}","QueryName":"brand-messenger.app.khoros.com","QueryStatus":"0","QueryResults":"2600:9000:2507:e800:11:94f3:7d40:93a1;2600:9000:2507:ce00:11:94f3:7d40:93a1;2600:9000:2507:2200:11:94f3:7d40:93a1;2600:9000:2507:a00:11:94f3:7d40:93a1;2600:9000:2507:1200:11:94f3:7d40:93a1;2600:9000:2507:bc00:11:94f3:7d40:93a1;2600:9000:2507:600:11:94f3:7d40:93a1;2600:9000:2507:f800:11:94f3:7d40:93a1;","Image":"C:\\Program Files\\Mozilla Firefox\\firefox.exe","User":"LUNARSTIIINESS\\tim.smith_admin","EventReceivedTime":1687288637,"SourceModuleName":"in_sysmon","SourceModuleType":"im_msvistalog"}
<14>Jun 20 19:17:28 win-server.lunarstiiiness.com Microsoft-Windows-Sysmon[2212]: {"EventTime":1687288647,"Hostname":"win-server.lunarstiiiness.com","Keywords":-9223372036854775808,"EventType":"INFO","SeverityValue":2,"Severity":"INFO","EventID":23,"SourceName":"Microsoft-Windows-Sysmon","ProviderGuid":"{5770385F-C22A-43E0-BF4C-06F5698FFBD9}","Version":5,"Task":23,"OpcodeValue":0,"RecordNumber":2201096,"ProcessID":2212,"ThreadID":2972,"Channel":"Microsoft-Windows-Sysmon/Operational","Domain":"NT AUTHORITY","AccountName":"SYSTEM","UserID":"S-1-5-18","AccountType":"User","Message":"File Delete archived:\r\nRuleName: -\r\nUtcTime: 2023-06-20 19:17:27.453\r\nProcessGuid: {BE59402F-92B3-648A-1300-000000002400}\r\nProcessId: 956\r\nUser: NT AUTHORITY\\LOCAL SERVICE\r\nImage: C:\\Windows\\system32\\svchost.exe\r\nTargetFilename: C:\\Windows\\ServiceProfiles\\LocalService\\AppData\\Local\\lastalive0.dat\r\nHashes: SHA1=0511960D45FC894ED1918CEEA783A6F8278CEC0B,MD5=0135D8A37F012623F44582BFEE4DA4DA,SHA256=50F89FDF99F09BB6ADE7572198F3A4148A141749618CBC67394E61A4AE206EE3,IMPHASH=00000000000000000000000000000000\r\nIsExecutable: false\r\nArchived: true","Category":"File Delete archived (rule: FileDelete)","Opcode":"Info","RuleName":"-","UtcTime":"2023-06-20 19:17:27.453","ProcessGuid":"{BE59402F-92B3-648A-1300-000000002400}","User":"NT AUTHORITY\\LOCAL SERVICE","Image":"C:\\Windows\\system32\\svchost.exe","TargetFilename":"C:\\Windows\\ServiceProfiles\\LocalService\\AppData\\Local\\lastalive0.dat","Hashes":"SHA1=0511960D45FC894ED1918CEEA783A6F8278CEC0B,MD5=0135D8A37F012623F44582BFEE4DA4DA,SHA256=50F89FDF99F09BB6ADE7572198F3A4148A141749618CBC67394E61A4AE206EE3,IMPHASH=00000000000000000000000000000000","IsExecutable":"false","Archived":"true","EventReceivedTime":1687288648,"SourceModuleName":"in_sysmon","SourceModuleType":"im_msvistalog"}
<14>Jun 20 19:17:28 win-server.lunarstiiiness.com Microsoft-Windows-Sysmon[2212]: {"EventTime":1687288647,"Hostname":"win-server.lunarstiiiness.com","Keywords":-9223372036854775808,"EventType":"INFO","SeverityValue":2,"Severity":"INFO","EventID":11,"SourceName":"Microsoft-Windows-Sysmon","ProviderGuid":"{5770385F-C22A-43E0-BF4C-06F5698FFBD9}","Version":2,"Task":11,"OpcodeValue":0,"RecordNumber":2201097,"ProcessID":2212,"ThreadID":2972,"Channel":"Microsoft-Windows-Sysmon/Operational","Domain":"NT AUTHORITY","AccountName":"SYSTEM","UserID":"S-1-5-18","AccountType":"User","Message":"File created:\r\nRuleName: technique_id=T1574.010,technique_name=Services File Permissions Weakness\r\nUtcTime: 2023-06-20 19:17:27.453\r\nProcessGuid: {BE59402F-92B3-648A-1300-000000002400}\r\nProcessId: 956\r\nImage: C:\\Windows\\system32\\svchost.exe\r\nTargetFilename: C:\\Windows\\ServiceProfiles\\LocalService\\AppData\\Local\\lastalive0.dat\r\nCreationUtcTime: 2023-06-15 04:25:23.811\r\nUser: NT AUTHORITY\\LOCAL SERVICE","Category":"File created (rule: FileCreate)","Opcode":"Info","RuleName":"technique_id=T1574.010,technique_name=Services File Permissions Weakness","UtcTime":"2023-06-20 19:17:27.453","ProcessGuid":"{BE59402F-92B3-648A-1300-000000002400}","Image":"C:\\Windows\\system32\\svchost.exe","TargetFilename":"C:\\Windows\\ServiceProfiles\\LocalService\\AppData\\Local\\lastalive0.dat","CreationUtcTime":"2023-06-15 04:25:23.811","User":"NT AUTHORITY\\LOCAL SERVICE","EventReceivedTime":1687288648,"SourceModuleName":"in_sysmon","SourceModuleType":"im_msvistalog"}
<14>Jun 20 19:17:45 win-server.lunarstiiiness.com Microsoft-Windows-Sysmon[2212]: {"EventTime":1687288664,"Hostname":"win-server.lunarstiiiness.com","Keywords":-9223372036854775808,"EventType":"INFO","SeverityValue":2,"Severity":"INFO","EventID":22,"SourceName":"Microsoft-Windows-Sysmon","ProviderGuid":"{5770385F-C22A-43E0-BF4C-06F5698FFBD9}","Version":5,"Task":22,"OpcodeValue":0,"RecordNumber":2201098,"ProcessID":2212,"ThreadID":2992,"Channel":"Microsoft-Windows-Sysmon/Operational","Domain":"NT AUTHORITY","AccountName":"SYSTEM","UserID":"S-1-5-18","AccountType":"User","Message":"Dns query:\r\nRuleName: -\r\nUtcTime: 2023-06-20 19:17:44.189\r\nProcessGuid: {BE59402F-B8EE-6491-D10D-000000002400}\r\nProcessId: 1160\r\nQueryName: brand-messenger.app.khoros.com\r\nQueryStatus: 0\r\nQueryResults: ::ffff:13.249.85.121;::ffff:13.249.85.95;::ffff:13.249.85.15;::ffff:13.249.85.34;\r\nImage: C:\\Program Files\\Mozilla Firefox\\firefox.exe\r\nUser: LUNARSTIIINESS\\tim.smith_admin","Category":"Dns query (rule: DnsQuery)","Opcode":"Info","RuleName":"-","UtcTime":"2023-06-20 19:17:44.189","ProcessGuid":"{BE59402F-B8EE-6491-D10D-000000002400}","QueryName":"brand-messenger.app.khoros.com","QueryStatus":"0","QueryResults":"::ffff:13.249.85.121;::ffff:13.249.85.95;::ffff:13.249.85.15;::ffff:13.249.85.34;","Image":"C:\\Program Files\\Mozilla Firefox\\firefox.exe","User":"LUNARSTIIINESS\\tim.smith_admin","EventReceivedTime":1687288665,"SourceModuleName":"in_sysmon","SourceModuleType":"im_msvistalog"}
<14>Jun 20 19:17:45 win-server.lunarstiiiness.com Microsoft-Windows-Sysmon[2212]: {"EventTime":1687288664,"Hostname":"win-server.lunarstiiiness.com","Keywords":-9223372036854775808,"EventType":"INFO","SeverityValue":2,"Severity":"INFO","EventID":22,"SourceName":"Microsoft-Windows-Sysmon","ProviderGuid":"{5770385F-C22A-43E0-BF4C-06F5698FFBD9}","Version":5,"Task":22,"OpcodeValue":0,"RecordNumber":2201099,"ProcessID":2212,"ThreadID":2992,"Channel":"Microsoft-Windows-Sysmon/Operational","Domain":"NT AUTHORITY","AccountName":"SYSTEM","UserID":"S-1-5-18","AccountType":"User","Message":"Dns query:\r\nRuleName: -\r\nUtcTime: 2023-06-20 19:17:44.190\r\nProcessGuid: {BE59402F-B8EE-6491-D10D-000000002400}\r\nProcessId: 1160\r\nQueryName: brand-messenger.app.khoros.com\r\nQueryStatus: 0\r\nQueryResults: 13.249.85.95;13.249.85.15;13.249.85.34;13.249.85.121;\r\nImage: C:\\Program Files\\Mozilla Firefox\\firefox.exe\r\nUser: LUNARSTIIINESS\\tim.smith_admin","Category":"Dns query (rule: DnsQuery)","Opcode":"Info","RuleName":"-","UtcTime":"2023-06-20 19:17:44.190","ProcessGuid":"{BE59402F-B8EE-6491-D10D-000000002400}","QueryName":"brand-messenger.app.khoros.com","QueryStatus":"0","QueryResults":"13.249.85.95;13.249.85.15;13.249.85.34;13.249.85.121;","Image":"C:\\Program Files\\Mozilla Firefox\\firefox.exe","User":"LUNARSTIIINESS\\tim.smith_admin","EventReceivedTime":1687288665,"SourceModuleName":"in_sysmon","SourceModuleType":"im_msvistalog"}
<14>Jun 20 19:18:02 win-server.lunarstiiiness.com Microsoft-Windows-Sysmon[2212]: {"EventTime":1687288680,"Hostname":"win-server.lunarstiiiness.com","Keywords":-9223372036854775808,"EventType":"INFO","SeverityValue":2,"Severity":"INFO","EventID":23,"SourceName":"Microsoft-Windows-Sysmon","ProviderGuid":"{5770385F-C22A-43E0-BF4C-06F5698FFBD9}","Version":5,"Task":23,"OpcodeValue":0,"RecordNumber":2201100,"ProcessID":2212,"ThreadID":2972,"Channel":"Microsoft-Windows-Sysmon/Operational","Domain":"NT AUTHORITY","AccountName":"SYSTEM","UserID":"S-1-5-18","AccountType":"User","Message":"File Delete archived:\r\nRuleName: -\r\nUtcTime: 2023-06-20 19:18:00.922\r\nProcessGuid: {BE59402F-B8EE-6491-D10D-000000002400}\r\nProcessId: 1160\r\nUser: LUNARSTIIINESS\\tim.smith_admin\r\nImage: C:\\Program Files\\Mozilla Firefox\\firefox.exe\r\nTargetFilename: C:\\Users\\tim.smith_admin\\AppData\\Local\\Mozilla\\Firefox\\Profiles\\a62ctjal.default-release\\cache2\\doomed\\15800\r\nHashes: SHA1=565A1EB95280ACEEDA36E82DF1D872211CFA8B26,MD5=8611A73651BB48A46F8DB50FF691ADB8,SHA256=F4ECE8E4508BCE85725E18237B0001BDB9D415565B38F67D6DA9C273B1961D78,IMPHASH=00000000000000000000000000000000\r\nIsExecutable: false\r\nArchived: true","Category":"File Delete archived (rule: FileDelete)","Opcode":"Info","RuleName":"-","UtcTime":"2023-06-20 19:18:00.922","ProcessGuid":"{BE59402F-B8EE-6491-D10D-000000002400}","User":"LUNARSTIIINESS\\tim.smith_admin","Image":"C:\\Program Files\\Mozilla Firefox\\firefox.exe","TargetFilename":"C:\\Users\\tim.smith_admin\\AppData\\Local\\Mozilla\\Firefox\\Profiles\\a62ctjal.default-release\\cache2\\doomed\\15800","Hashes":"SHA1=565A1EB95280ACEEDA36E82DF1D872211CFA8B26,MD5=8611A73651BB48A46F8DB50FF691ADB8,SHA256=F4ECE8E4508BCE85725E18237B0001BDB9D415565B38F67D6DA9C273B1961D78,IMPHASH=00000000000000000000000000000000","IsExecutable":"false","Archived":"true","EventReceivedTime":1687288682,"SourceModuleName":"in_sysmon","SourceModuleType":"im_msvistalog"}
<14>Jun 20 19:18:02 win-server.lunarstiiiness.com Microsoft-Windows-Sysmon[2212]: {"EventTime":1687288680,"Hostname":"win-server.lunarstiiiness.com","Keywords":-9223372036854775808,"EventType":"INFO","SeverityValue":2,"Severity":"INFO","EventID":23,"SourceName":"Microsoft-Windows-Sysmon","ProviderGuid":"{5770385F-C22A-43E0-BF4C-06F5698FFBD9}","Version":5,"Task":23,"OpcodeValue":0,"RecordNumber":2201102,"ProcessID":2212,"ThreadID":2972,"Channel":"Microsoft-Windows-Sysmon/Operational","Domain":"NT AUTHORITY","AccountName":"SYSTEM","UserID":"S-1-5-18","AccountType":"User","Message":"File Delete archived:\r\nRuleName: -\r\nUtcTime: 2023-06-20 19:18:00.922\r\nProcessGuid: {BE59402F-B8EE-6491-D10D-000000002400}\r\nProcessId: 1160\r\nUser: LUNARSTIIINESS\\tim.smith_admin\r\nImage: C:\\Program Files\\Mozilla Firefox\\firefox.exe\r\nTargetFilename: C:\\Users\\tim.smith_admin\\AppData\\Local\\Mozilla\\Firefox\\Profiles\\a62ctjal.default-release\\cache2\\doomed\\26762\r\nHashes: SHA1=575B9E3F9B700F98780246B65234610102D889D4,MD5=894662F6845C2F6DC66C4B30086B2E6D,SHA256=A8CB6CA8767443867D016FB517D9BD30F43F946400B515ED370EF63F40321924,IMPHASH=00000000000000000000000000000000\r\nIsExecutable: false\r\nArchived: true","Category":"File Delete archived (rule: FileDelete)","Opcode":"Info","RuleName":"-","UtcTime":"2023-06-20 19:18:00.922","ProcessGuid":"{BE59402F-B8EE-6491-D10D-000000002400}","User":"LUNARSTIIINESS\\tim.smith_admin","Image":"C:\\Program Files\\Mozilla Firefox\\firefox.exe","TargetFilename":"C:\\Users\\tim.smith_admin\\AppData\\Local\\Mozilla\\Firefox\\Profiles\\a62ctjal.default-release\\cache2\\doomed\\26762","Hashes":"SHA1=575B9E3F9B700F98780246B65234610102D889D4,MD5=894662F6845C2F6DC66C4B30086B2E6D,SHA256=A8CB6CA8767443867D016FB517D9BD30F43F946400B515ED370EF63F40321924,IMPHASH=00000000000000000000000000000000","IsExecutable":"false","Archived":"true","EventReceivedTime":1687288682,"SourceModuleName":"in_sysmon","SourceModuleType":"im_msvistalog"}
<14>Jun 20 19:18:02 win-server.lunarstiiiness.com Microsoft-Windows-Sysmon[2212]: {"EventTime":1687288680,"Hostname":"win-server.lunarstiiiness.com","Keywords":-9223372036854775808,"EventType":"INFO","SeverityValue":2,"Severity":"INFO","EventID":23,"SourceName":"Microsoft-Windows-Sysmon","ProviderGuid":"{5770385F-C22A-43E0-BF4C-06F5698FFBD9}","Version":5,"Task":23,"OpcodeValue":0,"RecordNumber":2201103,"ProcessID":2212,"ThreadID":2972,"Channel":"Microsoft-Windows-Sysmon/Operational","Domain":"NT AUTHORITY","AccountName":"SYSTEM","UserID":"S-1-5-18","AccountType":"User","Message":"File Delete archived:\r\nRuleName: -\r\nUtcTime: 2023-06-20 19:18:00.922\r\nProcessGuid: {BE59402F-B8EE-6491-D10D-000000002400}\r\nProcessId: 1160\r\nUser: LUNARSTIIINESS\\tim.smith_admin\r\nImage: C:\\Program Files\\Mozilla Firefox\\firefox.exe\r\nTargetFilename: C:\\Users\\tim.smith_admin\\AppData\\Local\\Mozilla\\Firefox\\Profiles\\a62ctjal.default-release\\cache2\\doomed\\21890\r\nHashes: SHA1=E514C0DD7ED9B6085EA373DFC3924871FDF36181,MD5=F8A9EC2D062A675CDBBCDAE571A3F1CE,SHA256=11CE0326AF69990A6D354146A3395A576E9564FD18113DDD6DFD6471B6879AC4,IMPHASH=00000000000000000000000000000000\r\nIsExecutable: false\r\nArchived: true","Category":"File Delete archived (rule: FileDelete)","Opcode":"Info","RuleName":"-","UtcTime":"2023-06-20 19:18:00.922","ProcessGuid":"{BE59402F-B8EE-6491-D10D-000000002400}","User":"LUNARSTIIINESS\\tim.smith_admin","Image":"C:\\Program Files\\Mozilla Firefox\\firefox.exe","TargetFilename":"C:\\Users\\tim.smith_admin\\AppData\\Local\\Mozilla\\Firefox\\Profiles\\a62ctjal.default-release\\cache2\\doomed\\21890","Hashes":"SHA1=E514C0DD7ED9B6085EA373DFC3924871FDF36181,MD5=F8A9EC2D062A675CDBBCDAE571A3F1CE,SHA256=11CE0326AF69990A6D354146A3395A576E9564FD18113DDD6DFD6471B6879AC4,IMPHASH=00000000000000000000000000000000","IsExecutable":"false","Archived":"true","EventReceivedTime":1687288682,"SourceModuleName":"in_sysmon","SourceModuleType":"im_msvistalog"}
<14>Jun 20 19:18:02 win-server.lunarstiiiness.com Microsoft-Windows-Sysmon[2212]: {"EventTime":1687288680,"Hostname":"win-server.lunarstiiiness.com","Keywords":-9223372036854775808,"EventType":"INFO","SeverityValue":2,"Severity":"INFO","EventID":23,"SourceName":"Microsoft-Windows-Sysmon","ProviderGuid":"{5770385F-C22A-43E0-BF4C-06F5698FFBD9}","Version":5,"Task":23,"OpcodeValue":0,"RecordNumber":2201101,"ProcessID":2212,"ThreadID":2972,"Channel":"Microsoft-Windows-Sysmon/Operational","Domain":"NT AUTHORITY","AccountName":"SYSTEM","UserID":"S-1-5-18","AccountType":"User","Message":"File Delete archived:\r\nRuleName: -\r\nUtcTime: 2023-06-20 19:18:00.922\r\nProcessGuid: {BE59402F-B8EE-6491-D10D-000000002400}\r\nProcessId: 1160\r\nUser: LUNARSTIIINESS\\tim.smith_admin\r\nImage: C:\\Program Files\\Mozilla Firefox\\firefox.exe\r\nTargetFilename: C:\\Users\\tim.smith_admin\\AppData\\Local\\Mozilla\\Firefox\\Profiles\\a62ctjal.default-release\\cache2\\doomed\\30298\r\nHashes: SHA1=94629E172DF190B6548A111F4F7DA05145173B9A,MD5=C9AC1040BA7025C5F7BFA5F89D1C829D,SHA256=68EEAFC62D94D2FC8924CDD25AD455AF152DE3DE830308FE9FA7160957FA0B28,IMPHASH=00000000000000000000000000000000\r\nIsExecutable: false\r\nArchived: true","Category":"File Delete archived (rule: FileDelete)","Opcode":"Info","RuleName":"-","UtcTime":"2023-06-20 19:18:00.922","ProcessGuid":"{BE59402F-B8EE-6491-D10D-000000002400}","User":"LUNARSTIIINESS\\tim.smith_admin","Image":"C:\\Program Files\\Mozilla Firefox\\firefox.exe","TargetFilename":"C:\\Users\\tim.smith_admin\\AppData\\Local\\Mozilla\\Firefox\\Profiles\\a62ctjal.default-release\\cache2\\doomed\\30298","Hashes":"SHA1=94629E172DF190B6548A111F4F7DA05145173B9A,MD5=C9AC1040BA7025C5F7BFA5F89D1C829D,SHA256=68EEAFC62D94D2FC8924CDD25AD455AF152DE3DE830308FE9FA7160957FA0B28,IMPHASH=00000000000000000000000000000000","IsExecutable":"false","Archived":"true","EventReceivedTime":1687288682,"SourceModuleName":"in_sysmon","SourceModuleType":"im_msvistalog"}
<14>Jun 20 19:18:16 win-server.lunarstiiiness.com Microsoft-Windows-Sysmon[2212]: {"EventTime":1687288694,"Hostname":"win-server.lunarstiiiness.com","Keywords":-9223372036854775808,"EventType":"INFO","SeverityValue":2,"Severity":"INFO","EventID":22,"SourceName":"Microsoft-Windows-Sysmon","ProviderGuid":"{5770385F-C22A-43E0-BF4C-06F5698FFBD9}","Version":5,"Task":22,"OpcodeValue":0,"RecordNumber":2201104,"ProcessID":2212,"ThreadID":2992,"Channel":"Microsoft-Windows-Sysmon/Operational","Domain":"NT AUTHORITY","AccountName":"SYSTEM","UserID":"S-1-5-18","AccountType":"User","Message":"Dns query:\r\nRuleName: -\r\nUtcTime: 2023-06-20 19:18:14.254\r\nProcessGuid: {BE59402F-B8EE-6491-D10D-000000002400}\r\nProcessId: 1160\r\nQueryName: brand-messenger.app.khoros.com\r\nQueryStatus: 0\r\nQueryResults: 2600:9000:2507:ce00:11:94f3:7d40:93a1;2600:9000:2507:2200:11:94f3:7d40:93a1;2600:9000:2507:a00:11:94f3:7d40:93a1;2600:9000:2507:1200:11:94f3:7d40:93a1;2600:9000:2507:bc00:11:94f3:7d40:93a1;2600:9000:2507:600:11:94f3:7d40:93a1;2600:9000:2507:f800:11:94f3:7d40:93a1;2600:9000:2507:e800:11:94f3:7d40:93a1;\r\nImage: C:\\Program Files\\Mozilla Firefox\\firefox.exe\r\nUser: LUNARSTIIINESS\\tim.smith_admin","Category":"Dns query (rule: DnsQuery)","Opcode":"Info","RuleName":"-","UtcTime":"2023-06-20 19:18:14.254","ProcessGuid":"{BE59402F-B8EE-6491-D10D-000000002400}","QueryName":"brand-messenger.app.khoros.com","QueryStatus":"0","QueryResults":"2600:9000:2507:ce00:11:94f3:7d40:93a1;2600:9000:2507:2200:11:94f3:7d40:93a1;2600:9000:2507:a00:11:94f3:7d40:93a1;2600:9000:2507:1200:11:94f3:7d40:93a1;2600:9000:2507:bc00:11:94f3:7d40:93a1;2600:9000:2507:600:11:94f3:7d40:93a1;2600:9000:2507:f800:11:94f3:7d40:93a1;2600:9000:2507:e800:11:94f3:7d40:93a1;","Image":"C:\\Program Files\\Mozilla Firefox\\firefox.exe","User":"LUNARSTIIINESS\\tim.smith_admin","EventReceivedTime":1687288696,"SourceModuleName":"in_sysmon","SourceModuleType":"im_msvistalog"}
