<14>Jun 20 19:12:10 win-server.lunarstiiiness.com Microsoft-Windows-Sysmon[2212]: {"EventTime":1687288328,"Hostname":"win-server.lunarstiiiness.com","Keywords":-9223372036854775808,"EventType":"INFO","SeverityValue":2,"Severity":"INFO","EventID":23,"SourceName":"Microsoft-Windows-Sysmon","ProviderGuid":"{5770385F-C22A-43E0-BF4C-06F5698FFBD9}","Version":5,"Task":23,"OpcodeValue":0,"RecordNumber":2200887,"ProcessID":2212,"ThreadID":2972,"Channel":"Microsoft-Windows-Sysmon/Operational","Domain":"NT AUTHORITY","AccountName":"SYSTEM","UserID":"S-1-5-18","AccountType":"User","Message":"File Delete archived:\r\nRuleName: -\r\nUtcTime: 2023-06-20 19:12:08.656\r\nProcessGuid: {BE59402F-1814-648B-8C07-000000002400}\r\nProcessId: 884\r\nUser: LUNARSTIIINESS\\tim.smith_admin\r\nImage: C:\\Windows\\System32\\RuntimeBroker.exe\r\nTargetFilename: C:\\Users\\tim.smith_admin\\AppData\\Local\\Packages\\Microsoft.Windows.Cortana_cw5n1h2txyewy\\LocalState\\ConstraintIndex\\Apps_{a5786e80-5e1a-4656-8069-b5fa9c2dc311}\\Apps.index\r\nHashes: SHA1=043B95FD5B5FAA36E03F93EED0FFAD4C7EE587B9,MD5=E236E3065D230B82204087036B30A82F,SHA256=2442BBCDAC2EEB01F1DDA039916AF172C1A2E73D0C72856C2D26D8222DF1E84D,IMPHASH=00000000000000000000000000000000\r\nIsExecutable: false\r\nArchived: true","Category":"File Delete archived (rule: FileDelete)","Opcode":"Info","RuleName":"-","UtcTime":"2023-06-20 19:12:08.656","ProcessGuid":"{BE59402F-1814-648B-8C07-000000002400}","User":"LUNARSTIIINESS\\tim.smith_admin","Image":"C:\\Windows\\System32\\RuntimeBroker.exe","TargetFilename":"C:\\Users\\tim.smith_admin\\AppData\\Local\\Packages\\Microsoft.Windows.Cortana_cw5n1h2txyewy\\LocalState\\ConstraintIndex\\Apps_{a5786e80-5e1a-4656-8069-b5fa9c2dc311}\\Apps.index","Hashes":"SHA1=043B95FD5B5FAA36E03F93EED0FFAD4C7EE587B9,MD5=E236E3065D230B82204087036B30A82F,SHA256=2442BBCDAC2EEB01F1DDA039916AF172C1A2E73D0C72856C2D26D8222DF1E84D,IMPHASH=00000000000000000000000000000000","IsExecutable":"false","Archived":"true","EventReceivedTime":1687288330,"SourceModuleName":"in_sysmon","SourceModuleType":"im_msvistalog"}
<14>Jun 20 19:12:10 win-server.lunarstiiiness.com Microsoft-Windows-Sysmon[2212]: {"EventTime":1687288328,"Hostname":"win-server.lunarstiiiness.com","Keywords":-9223372036854775808,"EventType":"INFO","SeverityValue":2,"Severity":"INFO","EventID":23,"SourceName":"Microsoft-Windows-Sysmon","ProviderGuid":"{5770385F-C22A-43E0-BF4C-06F5698FFBD9}","Version":5,"Task":23,"OpcodeValue":0,"RecordNumber":2200889,"ProcessID":2212,"ThreadID":2972,"Channel":"Microsoft-Windows-Sysmon/Operational","Domain":"NT AUTHORITY","AccountName":"SYSTEM","UserID":"S-1-5-18","AccountType":"User","Message":"File Delete archived:\r\nRuleName: -\r\nUtcTime: 2023-06-20 19:12:08.687\r\nProcessGuid: {BE59402F-1814-648B-8C07-000000002400}\r\nProcessId: 884\r\nUser: LUNARSTIIINESS\\tim.smith_admin\r\nImage: C:\\Windows\\System32\\RuntimeBroker.exe\r\nTargetFilename: C:\\Users\\tim.smith_admin\\AppData\\Local\\Packages\\Microsoft.Windows.Cortana_cw5n1h2txyewy\\LocalState\\ConstraintIndex\\Apps_{86ecfafb-26ea-442e-9960-07f14769c13b}\\Apps.index\r\nHashes: SHA1=FD314C8B3C3FDF4784F60259F3F6607A3B782632,MD5=81A032CCB8AEAD1FB49F9E26E694ADF7,SHA256=24DB2080E790425969997464B68C0EDFBB40E1CB6BE1F59D39A53007E6762581,IMPHASH=00000000000000000000000000000000\r\nIsExecutable: false\r\nArchived: true","Category":"File Delete archived (rule: FileDelete)","Opcode":"Info","RuleName":"-","UtcTime":"2023-06-20 19:12:08.687","ProcessGuid":"{BE59402F-1814-648B-8C07-000000002400}","User":"LUNARSTIIINESS\\tim.smith_admin","Image":"C:\\Windows\\System32\\RuntimeBroker.exe","TargetFilename":"C:\\Users\\tim.smith_admin\\AppData\\Local\\Packages\\Microsoft.Windows.Cortana_cw5n1h2txyewy\\LocalState\\ConstraintIndex\\Apps_{86ecfafb-26ea-442e-9960-07f14769c13b}\\Apps.index","Hashes":"SHA1=FD314C8B3C3FDF4784F60259F3F6607A3B782632,MD5=81A032CCB8AEAD1FB49F9E26E694ADF7,SHA256=24DB2080E790425969997464B68C0EDFBB40E1CB6BE1F59D39A53007E6762581,IMPHASH=00000000000000000000000000000000","IsExecutable":"false","Archived":"true","EventReceivedTime":1687288330,"SourceModuleName":"in_sysmon","SourceModuleType":"im_msvistalog"}
<14>Jun 20 19:12:11 win-server.lunarstiiiness.com Microsoft-Windows-Sysmon[2212]: {"EventTime":1687288329,"Hostname":"win-server.lunarstiiiness.com","Keywords":-9223372036854775808,"EventType":"INFO","SeverityValue":2,"Severity":"INFO","EventID":22,"SourceName":"Microsoft-Windows-Sysmon","ProviderGuid":"{5770385F-C22A-43E0-BF4C-06F5698FFBD9}","Version":5,"Task":22,"OpcodeValue":0,"RecordNumber":2200892,"ProcessID":2212,"ThreadID":2992,"Channel":"Microsoft-Windows-Sysmon/Operational","Domain":"NT AUTHORITY","AccountName":"SYSTEM","UserID":"S-1-5-18","AccountType":"User","Message":"Dns query:\r\nRuleName: -\r\nUtcTime: 2023-06-20 19:12:08.655\r\nProcessGuid: {BE59402F-BABE-6491-F40D-000000002400}\r\nProcessId: 4540\r\nQueryName: secure.logmeinrescue.com\r\nQueryStatus: 0\r\nQueryResults: type:  5 rescue.logmein.com.akadns.net;::ffff:173.199.52.72;\r\nImage: C:\\Program Files (x86)\\LogMeIn Rescue Technician Console\\LogMeInRescueTechnicianConsole_x64\\LMIRTechConsole.exe\r\nUser: LUNARSTIIINESS\\tim.smith_admin","Category":"Dns query (rule: DnsQuery)","Opcode":"Info","RuleName":"-","UtcTime":"2023-06-20 19:12:08.655","ProcessGuid":"{BE59402F-BABE-6491-F40D-000000002400}","QueryName":"secure.logmeinrescue.com","QueryStatus":"0","QueryResults":"type:  5 rescue.logmein.com.akadns.net;::ffff:173.199.52.72;","Image":"C:\\Program Files (x86)\\LogMeIn Rescue Technician Console\\LogMeInRescueTechnicianConsole_x64\\LMIRTechConsole.exe","User":"LUNARSTIIINESS\\tim.smith_admin","EventReceivedTime":1687288331,"SourceModuleName":"in_sysmon","SourceModuleType":"im_msvistalog"}
<14>Jun 20 19:12:11 win-server.lunarstiiiness.com Microsoft-Windows-Sysmon[2212]: {"EventTime":1687288329,"Hostname":"win-server.lunarstiiiness.com","Keywords":-9223372036854775808,"EventType":"INFO","SeverityValue":2,"Severity":"INFO","EventID":7,"SourceName":"Microsoft-Windows-Sysmon","ProviderGuid":"{5770385F-C22A-43E0-BF4C-06F5698FFBD9}","Version":3,"Task":7,"OpcodeValue":0,"RecordNumber":2200891,"ProcessID":2212,"ThreadID":2972,"Channel":"Microsoft-Windows-Sysmon/Operational","Domain":"NT AUTHORITY","AccountName":"SYSTEM","UserID":"S-1-5-18","AccountType":"User","Message":"Image loaded:\r\nRuleName: -\r\nUtcTime: 2023-06-20 19:12:09.718\r\nProcessGuid: {BE59402F-BAC1-6491-F60D-000000002400}\r\nProcessId: 5220\r\nImage: C:\\Windows\\System32\\CompatTelRunner.exe\r\nImageLoaded: C:\\Windows\\System32\\urlmon.dll\r\nFileVersion: 11.00.14393.5980 (rs1_release.230508-1729)\r\nDescription: OLE32 Extensions for Win32\r\nProduct: Internet Explorer\r\nCompany: Microsoft Corporation\r\nOriginalFileName: UrlMon.dll\r\nHashes: SHA1=B85E33077EBECEB824C738EC5AB3971330015487,MD5=4A855C73AA289D70314CB0A7CE54982C,SHA256=0E7E8B967CFBF187D562686C78FDC989FD220397B1429FC15C2A8BFA8FCA30A8,IMPHASH=974542EAFAB3E045794F91EF3F4880AC\r\nSigned: true\r\nSignature: Microsoft Windows\r\nSignatureStatus: Valid\r\nUser: NT AUTHORITY\\SYSTEM","Category":"Image loaded (rule: ImageLoad)","Opcode":"Info","RuleName":"-","UtcTime":"2023-06-20 19:12:09.718","ProcessGuid":"{BE59402F-BAC1-6491-F60D-000000002400}","Image":"C:\\Windows\\System32\\CompatTelRunner.exe","ImageLoaded":"C:\\Windows\\System32\\urlmon.dll","FileVersion":"11.00.14393.5980 (rs1_release.230508-1729)","Description":"OLE32 Extensions for Win32","Product":"Internet Explorer","Company":"Microsoft Corporation","OriginalFileName":"UrlMon.dll","Hashes":"SHA1=B85E33077EBECEB824C738EC5AB3971330015487,MD5=4A855C73AA289D70314CB0A7CE54982C,SHA256=0E7E8B967CFBF187D562686C78FDC989FD220397B1429FC15C2A8BFA8FCA30A8,IMPHASH=974542EAFAB3E045794F91EF3F4880AC","Signed":"true","Signature":"Microsoft Windows","SignatureStatus":"Valid","User":"NT AUTHORITY\\SYSTEM","EventReceivedTime":1687288331,"SourceModuleName":"in_sysmon","SourceModuleType":"im_msvistalog"}
<14>Jun 20 19:12:15 win-server.lunarstiiiness.com Microsoft-Windows-Sysmon[2212]: {"EventTime":1687288333,"Hostname":"win-server.lunarstiiiness.com","Keywords":-9223372036854775808,"EventType":"INFO","SeverityValue":2,"Severity":"INFO","EventID":22,"SourceName":"Microsoft-Windows-Sysmon","ProviderGuid":"{5770385F-C22A-43E0-BF4C-06F5698FFBD9}","Version":5,"Task":22,"OpcodeValue":0,"RecordNumber":2200893,"ProcessID":2212,"ThreadID":2992,"Channel":"Microsoft-Windows-Sysmon/Operational","Domain":"NT AUTHORITY","AccountName":"SYSTEM","UserID":"S-1-5-18","AccountType":"User","Message":"Dns query:\r\nRuleName: -\r\nUtcTime: 2023-06-20 19:12:11.558\r\nProcessGuid: {BE59402F-B8EE-6491-D10D-000000002400}\r\nProcessId: 1160\r\nQueryName: brand-messenger.app.khoros.com\r\nQueryStatus: 0\r\nQueryResults: 2600:9000:2507:ae00:11:94f3:7d40:93a1;2600:9000:2507:4600:11:94f3:7d40:93a1;2600:9000:2507:ba00:11:94f3:7d40:93a1;2600:9000:2507:fc00:11:94f3:7d40:93a1;2600:9000:2507:9a00:11:94f3:7d40:93a1;2600:9000:2507:2000:11:94f3:7d40:93a1;2600:9000:2507:6c00:11:94f3:7d40:93a1;2600:9000:2507:de00:11:94f3:7d40:93a1;\r\nImage: C:\\Program Files\\Mozilla Firefox\\firefox.exe\r\nUser: LUNARSTIIINESS\\tim.smith_admin","Category":"Dns query (rule: DnsQuery)","Opcode":"Info","RuleName":"-","UtcTime":"2023-06-20 19:12:11.558","ProcessGuid":"{BE59402F-B8EE-6491-D10D-000000002400}","QueryName":"brand-messenger.app.khoros.com","QueryStatus":"0","QueryResults":"2600:9000:2507:ae00:11:94f3:7d40:93a1;2600:9000:2507:4600:11:94f3:7d40:93a1;2600:9000:2507:ba00:11:94f3:7d40:93a1;2600:9000:2507:fc00:11:94f3:7d40:93a1;2600:9000:2507:9a00:11:94f3:7d40:93a1;2600:9000:2507:2000:11:94f3:7d40:93a1;2600:9000:2507:6c00:11:94f3:7d40:93a1;2600:9000:2507:de00:11:94f3:7d40:93a1;","Image":"C:\\Program Files\\Mozilla Firefox\\firefox.exe","User":"LUNARSTIIINESS\\tim.smith_admin","EventReceivedTime":1687288335,"SourceModuleName":"in_sysmon","SourceModuleType":"im_msvistalog"}
<14>Jun 20 19:12:17 win-server.lunarstiiiness.com Microsoft-Windows-Sysmon[2212]: {"EventTime":1687288335,"Hostname":"win-server.lunarstiiiness.com","Keywords":-9223372036854775808,"EventType":"INFO","SeverityValue":2,"Severity":"INFO","EventID":23,"SourceName":"Microsoft-Windows-Sysmon","ProviderGuid":"{5770385F-C22A-43E0-BF4C-06F5698FFBD9}","Version":5,"Task":23,"OpcodeValue":0,"RecordNumber":2200894,"ProcessID":2212,"ThreadID":2972,"Channel":"Microsoft-Windows-Sysmon/Operational","Domain":"NT AUTHORITY","AccountName":"SYSTEM","UserID":"S-1-5-18","AccountType":"User","Message":"File Delete archived:\r\nRuleName: -\r\nUtcTime: 2023-06-20 19:12:15.672\r\nProcessGuid: {BE59402F-B8EE-6491-D10D-000000002400}\r\nProcessId: 1160\r\nUser: LUNARSTIIINESS\\tim.smith_admin\r\nImage: C:\\Program Files\\Mozilla Firefox\\firefox.exe\r\nTargetFilename: C:\\Users\\tim.smith_admin\\AppData\\Local\\Mozilla\\Firefox\\Profiles\\a62ctjal.default-release\\cache2\\doomed\\7213\r\nHashes: SHA1=6FCB48E96A5521260C199EEA1DA722B0775BC291,MD5=ADB0D14C36793D1AAE5AB2FCF562A6FD,SHA256=02C6714E4873B9572D38A4FCF831C4483CAC55D182157E8BB2BB90E639551101,IMPHASH=00000000000000000000000000000000\r\nIsExecutable: false\r\nArchived: true","Category":"File Delete archived (rule: FileDelete)","Opcode":"Info","RuleName":"-","UtcTime":"2023-06-20 19:12:15.672","ProcessGuid":"{BE59402F-B8EE-6491-D10D-000000002400}","User":"LUNARSTIIINESS\\tim.smith_admin","Image":"C:\\Program Files\\Mozilla Firefox\\firefox.exe","TargetFilename":"C:\\Users\\tim.smith_admin\\AppData\\Local\\Mozilla\\Firefox\\Profiles\\a62ctjal.default-release\\cache2\\doomed\\7213","Hashes":"SHA1=6FCB48E96A5521260C199EEA1DA722B0775BC291,MD5=ADB0D14C36793D1AAE5AB2FCF562A6FD,SHA256=02C6714E4873B9572D38A4FCF831C4483CAC55D182157E8BB2BB90E639551101,IMPHASH=00000000000000000000000000000000","IsExecutable":"false","Archived":"true","EventReceivedTime":1687288337,"SourceModuleName":"in_sysmon","SourceModuleType":"im_msvistalog"}
<14>Jun 20 19:12:26 win-server.lunarstiiiness.com Microsoft-Windows-Sysmon[2212]: {"EventTime":1687288344,"Hostname":"win-server.lunarstiiiness.com","Keywords":-9223372036854775808,"EventType":"INFO","SeverityValue":2,"Severity":"INFO","EventID":23,"SourceName":"Microsoft-Windows-Sysmon","ProviderGuid":"{5770385F-C22A-43E0-BF4C-06F5698FFBD9}","Version":5,"Task":23,"OpcodeValue":0,"RecordNumber":2200895,"ProcessID":2212,"ThreadID":2972,"Channel":"Microsoft-Windows-Sysmon/Operational","Domain":"NT AUTHORITY","AccountName":"SYSTEM","UserID":"S-1-5-18","AccountType":"User","Message":"File Delete archived:\r\nRuleName: -\r\nUtcTime: 2023-06-20 19:12:24.390\r\nProcessGuid: {BE59402F-B8EE-6491-D10D-000000002400}\r\nProcessId: 1160\r\nUser: LUNARSTIIINESS\\tim.smith_admin\r\nImage: C:\\Program Files\\Mozilla Firefox\\firefox.exe\r\nTargetFilename: C:\\Users\\tim.smith_admin\\AppData\\Roaming\\Microsoft\\Windows\\Recent\\CustomDestinations\\6824f4a902c78fbd.customDestinations-ms~RF1bf58159.TMP\r\nHashes: SHA1=154478CB7F79F15AA84AD604E49344CB8C2D1973,MD5=BBD29FE5BBAFAC177CA331FACD66FF51,SHA256=E9BD10E2D299796AE474E5DEFE2A332BC30B61230A15C67AE7B429DA7450DB1F,IMPHASH=00000000000000000000000000000000\r\nIsExecutable: false\r\nArchived: true","Category":"File Delete archived (rule: FileDelete)","Opcode":"Info","RuleName":"-","UtcTime":"2023-06-20 19:12:24.390","ProcessGuid":"{BE59402F-B8EE-6491-D10D-000000002400}","User":"LUNARSTIIINESS\\tim.smith_admin","Image":"C:\\Program Files\\Mozilla Firefox\\firefox.exe","TargetFilename":"C:\\Users\\tim.smith_admin\\AppData\\Roaming\\Microsoft\\Windows\\Recent\\CustomDestinations\\6824f4a902c78fbd.customDestinations-ms~RF1bf58159.TMP","Hashes":"SHA1=154478CB7F79F15AA84AD604E49344CB8C2D1973,MD5=BBD29FE5BBAFAC177CA331FACD66FF51,SHA256=E9BD10E2D299796AE474E5DEFE2A332BC30B61230A15C67AE7B429DA7450DB1F,IMPHASH=00000000000000000000000000000000","IsExecutable":"false","Archived":"true","EventReceivedTime":1687288346,"SourceModuleName":"in_sysmon","SourceModuleType":"im_msvistalog"}
<14>Jun 20 19:12:29 win-server.lunarstiiiness.com Microsoft-Windows-Sysmon[2212]: {"EventTime":1687288347,"Hostname":"win-server.lunarstiiiness.com","Keywords":-9223372036854775808,"EventType":"INFO","SeverityValue":2,"Severity":"INFO","EventID":22,"SourceName":"Microsoft-Windows-Sysmon","ProviderGuid":"{5770385F-C22A-43E0-BF4C-06F5698FFBD9}","Version":5,"Task":22,"OpcodeValue":0,"RecordNumber":2200896,"ProcessID":2212,"ThreadID":2992,"Channel":"Microsoft-Windows-Sysmon/Operational","Domain":"NT AUTHORITY","AccountName":"SYSTEM","UserID":"S-1-5-18","AccountType":"User","Message":"Dns query:\r\nRuleName: -\r\nUtcTime: 2023-06-20 19:12:26.592\r\nProcessGuid: {BE59402F-B8EE-6491-D10D-000000002400}\r\nProcessId: 1160\r\nQueryName: dc.services.visualstudio.com\r\nQueryStatus: 0\r\nQueryResults: type:  5 dc.applicationinsights.microsoft.com;type:  5 dc.applicationinsights.azure.com;type:  5 global.in.ai.monitor.azure.com;type:  5 global.in.ai.privatelink.monitor.azure.com;type:  5 dc.trafficmanager.net;type:  5 eus017-breeziest-in.cloudapp.net;::ffff:20.42.73.154;\r\nImage: C:\\Program Files\\Mozilla Firefox\\firefox.exe\r\nUser: LUNARSTIIINESS\\tim.smith_admin","Category":"Dns query (rule: DnsQuery)","Opcode":"Info","RuleName":"-","UtcTime":"2023-06-20 19:12:26.592","ProcessGuid":"{BE59402F-B8EE-6491-D10D-000000002400}","QueryName":"dc.services.visualstudio.com","QueryStatus":"0","QueryResults":"type:  5 dc.applicationinsights.microsoft.com;type:  5 dc.applicationinsights.azure.com;type:  5 global.in.ai.monitor.azure.com;type:  5 global.in.ai.privatelink.monitor.azure.com;type:  5 dc.trafficmanager.net;type:  5 eus017-breeziest-in.cloudapp.net;::ffff:20.42.73.154;","Image":"C:\\Program Files\\Mozilla Firefox\\firefox.exe","User":"LUNARSTIIINESS\\tim.smith_admin","EventReceivedTime":1687288349,"SourceModuleName":"in_sysmon","SourceModuleType":"im_msvistalog"}
<14>Jun 20 19:12:29 win-server.lunarstiiiness.com Microsoft-Windows-Sysmon[2212]: {"EventTime":1687288347,"Hostname":"win-server.lunarstiiiness.com","Keywords":-9223372036854775808,"EventType":"INFO","SeverityValue":2,"Severity":"INFO","EventID":22,"SourceName":"Microsoft-Windows-Sysmon","ProviderGuid":"{5770385F-C22A-43E0-BF4C-06F5698FFBD9}","Version":5,"Task":22,"OpcodeValue":0,"RecordNumber":2200897,"ProcessID":2212,"ThreadID":2992,"Channel":"Microsoft-Windows-Sysmon/Operational","Domain":"NT AUTHORITY","AccountName":"SYSTEM","UserID":"S-1-5-18","AccountType":"User","Message":"Dns query:\r\nRuleName: -\r\nUtcTime: 2023-06-20 19:12:26.610\r\nProcessGuid: {BE59402F-B8EE-6491-D10D-000000002400}\r\nProcessId: 1160\r\nQueryName: eus017-breeziest-in.cloudapp.net\r\nQueryStatus: 0\r\nQueryResults: 20.42.73.154;\r\nImage: C:\\Program Files\\Mozilla Firefox\\firefox.exe\r\nUser: LUNARSTIIINESS\\tim.smith_admin","Category":"Dns query (rule: DnsQuery)","Opcode":"Info","RuleName":"-","UtcTime":"2023-06-20 19:12:26.610","ProcessGuid":"{BE59402F-B8EE-6491-D10D-000000002400}","QueryName":"eus017-breeziest-in.cloudapp.net","QueryStatus":"0","QueryResults":"20.42.73.154;","Image":"C:\\Program Files\\Mozilla Firefox\\firefox.exe","User":"LUNARSTIIINESS\\tim.smith_admin","EventReceivedTime":1687288349,"SourceModuleName":"in_sysmon","SourceModuleType":"im_msvistalog"}
<14>Jun 20 19:12:30 win-server.lunarstiiiness.com Microsoft-Windows-Sysmon[2212]: {"EventTime":1687288348,"Hostname":"win-server.lunarstiiiness.com","Keywords":-9223372036854775808,"EventType":"INFO","SeverityValue":2,"Severity":"INFO","EventID":22,"SourceName":"Microsoft-Windows-Sysmon","ProviderGuid":"{5770385F-C22A-43E0-BF4C-06F5698FFBD9}","Version":5,"Task":22,"OpcodeValue":0,"RecordNumber":2200900,"ProcessID":2212,"ThreadID":2992,"Channel":"Microsoft-Windows-Sysmon/Operational","Domain":"NT AUTHORITY","AccountName":"SYSTEM","UserID":"S-1-5-18","AccountType":"User","Message":"Dns query:\r\nRuleName: -\r\nUtcTime: 2023-06-20 19:12:26.626\r\nProcessGuid: {BE59402F-B8EE-6491-D10D-000000002400}\r\nProcessId: 1160\r\nQueryName: eus017-breeziest-in.cloudapp.net\r\nQueryStatus: 9501\r\nQueryResults: -\r\nImage: C:\\Program Files\\Mozilla Firefox\\firefox.exe\r\nUser: LUNARSTIIINESS\\tim.smith_admin","Category":"Dns query (rule: DnsQuery)","Opcode":"Info","RuleName":"-","UtcTime":"2023-06-20 19:12:26.626","ProcessGuid":"{BE59402F-B8EE-6491-D10D-000000002400}","QueryName":"eus017-breeziest-in.cloudapp.net","QueryStatus":"9501","QueryResults":"-","Image":"C:\\Program Files\\Mozilla Firefox\\firefox.exe","User":"LUNARSTIIINESS\\tim.smith_admin","EventReceivedTime":1687288350,"SourceModuleName":"in_sysmon","SourceModuleType":"im_msvistalog"}
<14>Jun 20 19:12:29 win-server.lunarstiiiness.com Microsoft-Windows-Sysmon[2212]: {"EventTime":1687288347,"Hostname":"win-server.lunarstiiiness.com","Keywords":-9223372036854775808,"EventType":"INFO","SeverityValue":2,"Severity":"INFO","EventID":23,"SourceName":"Microsoft-Windows-Sysmon","ProviderGuid":"{5770385F-C22A-43E0-BF4C-06F5698FFBD9}","Version":5,"Task":23,"OpcodeValue":0,"RecordNumber":2200898,"ProcessID":2212,"ThreadID":2972,"Channel":"Microsoft-Windows-Sysmon/Operational","Domain":"NT AUTHORITY","AccountName":"SYSTEM","UserID":"S-1-5-18","AccountType":"User","Message":"File Delete archived:\r\nRuleName: -\r\nUtcTime: 2023-06-20 19:12:27.437\r\nProcessGuid: {BE59402F-92B3-648A-1300-000000002400}\r\nProcessId: 956\r\nUser: NT AUTHORITY\\LOCAL SERVICE\r\nImage: C:\\Windows\\system32\\svchost.exe\r\nTargetFilename: C:\\Windows\\ServiceProfiles\\LocalService\\AppData\\Local\\lastalive1.dat\r\nHashes: SHA1=9B2A7BFEF33DEF38C493E41446A3B26C57F87B33,MD5=79ECAB99C42B096E7672DA106E0E70BC,SHA256=04A9A2C7A396AFE0D2C3E4253FFE42D788B0DA202CACFFA71D4E3B07CDCAED82,IMPHASH=00000000000000000000000000000000\r\nIsExecutable: false\r\nArchived: true","Category":"File Delete archived (rule: FileDelete)","Opcode":"Info","RuleName":"-","UtcTime":"2023-06-20 19:12:27.437","ProcessGuid":"{BE59402F-92B3-648A-1300-000000002400}","User":"NT AUTHORITY\\LOCAL SERVICE","Image":"C:\\Windows\\system32\\svchost.exe","TargetFilename":"C:\\Windows\\ServiceProfiles\\LocalService\\AppData\\Local\\lastalive1.dat","Hashes":"SHA1=9B2A7BFEF33DEF38C493E41446A3B26C57F87B33,MD5=79ECAB99C42B096E7672DA106E0E70BC,SHA256=04A9A2C7A396AFE0D2C3E4253FFE42D788B0DA202CACFFA71D4E3B07CDCAED82,IMPHASH=00000000000000000000000000000000","IsExecutable":"false","Archived":"true","EventReceivedTime":1687288349,"SourceModuleName":"in_sysmon","SourceModuleType":"im_msvistalog"}
<14>Jun 20 19:12:29 win-server.lunarstiiiness.com Microsoft-Windows-Sysmon[2212]: {"EventTime":1687288347,"Hostname":"win-server.lunarstiiiness.com","Keywords":-9223372036854775808,"EventType":"INFO","SeverityValue":2,"Severity":"INFO","EventID":11,"SourceName":"Microsoft-Windows-Sysmon","ProviderGuid":"{5770385F-C22A-43E0-BF4C-06F5698FFBD9}","Version":2,"Task":11,"OpcodeValue":0,"RecordNumber":2200899,"ProcessID":2212,"ThreadID":2972,"Channel":"Microsoft-Windows-Sysmon/Operational","Domain":"NT AUTHORITY","AccountName":"SYSTEM","UserID":"S-1-5-18","AccountType":"User","Message":"File created:\r\nRuleName: technique_id=T1574.010,technique_name=Services File Permissions Weakness\r\nUtcTime: 2023-06-20 19:12:27.437\r\nProcessGuid: {BE59402F-92B3-648A-1300-000000002400}\r\nProcessId: 956\r\nImage: C:\\Windows\\system32\\svchost.exe\r\nTargetFilename: C:\\Windows\\ServiceProfiles\\LocalService\\AppData\\Local\\lastalive1.dat\r\nCreationUtcTime: 2023-06-15 04:26:24.014\r\nUser: NT AUTHORITY\\LOCAL SERVICE","Category":"File created (rule: FileCreate)","Opcode":"Info","RuleName":"technique_id=T1574.010,technique_name=Services File Permissions Weakness","UtcTime":"2023-06-20 19:12:27.437","ProcessGuid":"{BE59402F-92B3-648A-1300-000000002400}","Image":"C:\\Windows\\system32\\svchost.exe","TargetFilename":"C:\\Windows\\ServiceProfiles\\LocalService\\AppData\\Local\\lastalive1.dat","CreationUtcTime":"2023-06-15 04:26:24.014","User":"NT AUTHORITY\\LOCAL SERVICE","EventReceivedTime":1687288349,"SourceModuleName":"in_sysmon","SourceModuleType":"im_msvistalog"}
<14>Jun 20 19:12:38 win-server.lunarstiiiness.com Microsoft-Windows-Sysmon[2212]: {"EventTime":1687288356,"Hostname":"win-server.lunarstiiiness.com","Keywords":-9223372036854775808,"EventType":"INFO","SeverityValue":2,"Severity":"INFO","EventID":12,"SourceName":"Microsoft-Windows-Sysmon","ProviderGuid":"{5770385F-C22A-43E0-BF4C-06F5698FFBD9}","Version":2,"Task":12,"OpcodeValue":0,"RecordNumber":2200901,"ProcessID":2212,"ThreadID":2972,"Channel":"Microsoft-Windows-Sysmon/Operational","Domain":"NT AUTHORITY","AccountName":"SYSTEM","UserID":"S-1-5-18","AccountType":"User","Message":"Registry object added or deleted:\r\nRuleName: technique_id=T1553.004,technique_name=Install Root Certificate\r\nEventType: CreateKey\r\nUtcTime: 2023-06-20 19:12:36.343\r\nProcessGuid: {BE59402F-BABE-6491-F40D-000000002400}\r\nProcessId: 4540\r\nImage: C:\\Program Files (x86)\\LogMeIn Rescue Technician Console\\LogMeInRescueTechnicianConsole_x64\\LMIRTechConsole.exe\r\nTargetObject: HKU\\S-1-5-21-3263964631-4121654051-1417071188-1116\\SOFTWARE\\Microsoft\\SystemCertificates\\CA\\Certificates\r\nUser: LUNARSTIIINESS\\tim.smith_admin","Category":"Registry object added or deleted (rule: RegistryEvent)","Opcode":"Info","RuleName":"technique_id=T1553.004,technique_name=Install Root Certificate","UtcTime":"2023-06-20 19:12:36.343","ProcessGuid":"{BE59402F-BABE-6491-F40D-000000002400}","Image":"C:\\Program Files (x86)\\LogMeIn Rescue Technician Console\\LogMeInRescueTechnicianConsole_x64\\LMIRTechConsole.exe","TargetObject":"HKU\\S-1-5-21-3263964631-4121654051-1417071188-1116\\SOFTWARE\\Microsoft\\SystemCertificates\\CA\\Certificates","User":"LUNARSTIIINESS\\tim.smith_admin","EventReceivedTime":1687288358,"SourceModuleName":"in_sysmon","SourceModuleType":"im_msvistalog"}
<14>Jun 20 19:12:38 win-server.lunarstiiiness.com Microsoft-Windows-Sysmon[2212]: {"EventTime":1687288356,"Hostname":"win-server.lunarstiiiness.com","Keywords":-9223372036854775808,"EventType":"INFO","SeverityValue":2,"Severity":"INFO","EventID":12,"SourceName":"Microsoft-Windows-Sysmon","ProviderGuid":"{5770385F-C22A-43E0-BF4C-06F5698FFBD9}","Version":2,"Task":12,"OpcodeValue":0,"RecordNumber":2200902,"ProcessID":2212,"ThreadID":2972,"Channel":"Microsoft-Windows-Sysmon/Operational","Domain":"NT AUTHORITY","AccountName":"SYSTEM","UserID":"S-1-5-18","AccountType":"User","Message":"Registry object added or deleted:\r\nRuleName: technique_id=T1553.004,technique_name=Install Root Certificate\r\nEventType: CreateKey\r\nUtcTime: 2023-06-20 19:12:36.359\r\nProcessGuid: {BE59402F-BABE-6491-F40D-000000002400}\r\nProcessId: 4540\r\nImage: C:\\Program Files (x86)\\LogMeIn Rescue Technician Console\\LogMeInRescueTechnicianConsole_x64\\LMIRTechConsole.exe\r\nTargetObject: HKU\\S-1-5-21-3263964631-4121654051-1417071188-1116\\SOFTWARE\\Microsoft\\SystemCertificates\\Root\\Certificates\r\nUser: LUNARSTIIINESS\\tim.smith_admin","Category":"Registry object added or deleted (rule: RegistryEvent)","Opcode":"Info","RuleName":"technique_id=T1553.004,technique_name=Install Root Certificate","UtcTime":"2023-06-20 19:12:36.359","ProcessGuid":"{BE59402F-BABE-6491-F40D-000000002400}","Image":"C:\\Program Files (x86)\\LogMeIn Rescue Technician Console\\LogMeInRescueTechnicianConsole_x64\\LMIRTechConsole.exe","TargetObject":"HKU\\S-1-5-21-3263964631-4121654051-1417071188-1116\\SOFTWARE\\Microsoft\\SystemCertificates\\Root\\Certificates","User":"LUNARSTIIINESS\\tim.smith_admin","EventReceivedTime":1687288358,"SourceModuleName":"in_sysmon","SourceModuleType":"im_msvistalog"}
<14>Jun 20 19:12:39 win-server.lunarstiiiness.com Microsoft-Windows-Sysmon[2212]: {"EventTime":1687288357,"Hostname":"win-server.lunarstiiiness.com","Keywords":-9223372036854775808,"EventType":"INFO","SeverityValue":2,"Severity":"INFO","EventID":22,"SourceName":"Microsoft-Windows-Sysmon","ProviderGuid":"{5770385F-C22A-43E0-BF4C-06F5698FFBD9}","Version":5,"Task":22,"OpcodeValue":0,"RecordNumber":2200903,"ProcessID":2212,"ThreadID":2992,"Channel":"Microsoft-Windows-Sysmon/Operational","Domain":"NT AUTHORITY","AccountName":"SYSTEM","UserID":"S-1-5-18","AccountType":"User","Message":"Dns query:\r\nRuleName: -\r\nUtcTime: 2023-06-20 19:12:38.050\r\nProcessGuid: {BE59402F-BABE-6491-F40D-000000002400}\r\nProcessId: 4540\r\nQueryName: rsca-prd-ava-streamingserver-09c1b8ae70ff458d2.remoteview.logmein.com\r\nQueryStatus: 0\r\nQueryResults: ::ffff:54.161.138.163;\r\nImage: C:\\Program Files (x86)\\LogMeIn Rescue Technician Console\\LogMeInRescueTechnicianConsole_x64\\LMIRTechConsole.exe\r\nUser: LUNARSTIIINESS\\tim.smith_admin","Category":"Dns query (rule: DnsQuery)","Opcode":"Info","RuleName":"-","UtcTime":"2023-06-20 19:12:38.050","ProcessGuid":"{BE59402F-BABE-6491-F40D-000000002400}","QueryName":"rsca-prd-ava-streamingserver-09c1b8ae70ff458d2.remoteview.logmein.com","QueryStatus":"0","QueryResults":"::ffff:54.161.138.163;","Image":"C:\\Program Files (x86)\\LogMeIn Rescue Technician Console\\LogMeInRescueTechnicianConsole_x64\\LMIRTechConsole.exe","User":"LUNARSTIIINESS\\tim.smith_admin","EventReceivedTime":1687288359,"SourceModuleName":"in_sysmon","SourceModuleType":"im_msvistalog"}
<14>Jun 20 19:12:44 win-server.lunarstiiiness.com Microsoft-Windows-Sysmon[2212]: {"EventTime":1687288362,"Hostname":"win-server.lunarstiiiness.com","Keywords":-9223372036854775808,"EventType":"INFO","SeverityValue":2,"Severity":"INFO","EventID":22,"SourceName":"Microsoft-Windows-Sysmon","ProviderGuid":"{5770385F-C22A-43E0-BF4C-06F5698FFBD9}","Version":5,"Task":22,"OpcodeValue":0,"RecordNumber":2200904,"ProcessID":2212,"ThreadID":2992,"Channel":"Microsoft-Windows-Sysmon/Operational","Domain":"NT AUTHORITY","AccountName":"SYSTEM","UserID":"S-1-5-18","AccountType":"User","Message":"Dns query:\r\nRuleName: -\r\nUtcTime: 2023-06-20 19:12:41.660\r\nProcessGuid: {BE59402F-B8EE-6491-D10D-000000002400}\r\nProcessId: 1160\r\nQueryName: brand-messenger.app.khoros.com\r\nQueryStatus: 0\r\nQueryResults: ::ffff:18.154.185.78;::ffff:18.154.185.121;::ffff:18.154.185.76;::ffff:18.154.185.113;\r\nImage: C:\\Program Files\\Mozilla Firefox\\firefox.exe\r\nUser: LUNARSTIIINESS\\tim.smith_admin","Category":"Dns query (rule: DnsQuery)","Opcode":"Info","RuleName":"-","UtcTime":"2023-06-20 19:12:41.660","ProcessGuid":"{BE59402F-B8EE-6491-D10D-000000002400}","QueryName":"brand-messenger.app.khoros.com","QueryStatus":"0","QueryResults":"::ffff:18.154.185.78;::ffff:18.154.185.121;::ffff:18.154.185.76;::ffff:18.154.185.113;","Image":"C:\\Program Files\\Mozilla Firefox\\firefox.exe","User":"LUNARSTIIINESS\\tim.smith_admin","EventReceivedTime":1687288364,"SourceModuleName":"in_sysmon","SourceModuleType":"im_msvistalog"}
<14>Jun 20 19:12:44 win-server.lunarstiiiness.com Microsoft-Windows-Sysmon[2212]: {"EventTime":1687288362,"Hostname":"win-server.lunarstiiiness.com","Keywords":-9223372036854775808,"EventType":"INFO","SeverityValue":2,"Severity":"INFO","EventID":22,"SourceName":"Microsoft-Windows-Sysmon","ProviderGuid":"{5770385F-C22A-43E0-BF4C-06F5698FFBD9}","Version":5,"Task":22,"OpcodeValue":0,"RecordNumber":2200905,"ProcessID":2212,"ThreadID":2992,"Channel":"Microsoft-Windows-Sysmon/Operational","Domain":"NT AUTHORITY","AccountName":"SYSTEM","UserID":"S-1-5-18","AccountType":"User","Message":"Dns query:\r\nRuleName: -\r\nUtcTime: 2023-06-20 19:12:41.685\r\nProcessGuid: {BE59402F-B8EE-6491-D10D-000000002400}\r\nProcessId: 1160\r\nQueryName: brand-messenger.app.khoros.com\r\nQueryStatus: 0\r\nQueryResults: 18.154.185.76;18.154.185.78;18.154.185.121;18.154.185.113;\r\nImage: C:\\Program Files\\Mozilla Firefox\\firefox.exe\r\nUser: LUNARSTIIINESS\\tim.smith_admin","Category":"Dns query (rule: DnsQuery)","Opcode":"Info","RuleName":"-","UtcTime":"2023-06-20 19:12:41.685","ProcessGuid":"{BE59402F-B8EE-6491-D10D-000000002400}","QueryName":"brand-messenger.app.khoros.com","QueryStatus":"0","QueryResults":"18.154.185.76;18.154.185.78;18.154.185.121;18.154.185.113;","Image":"C:\\Program Files\\Mozilla Firefox\\firefox.exe","User":"LUNARSTIIINESS\\tim.smith_admin","EventReceivedTime":1687288364,"SourceModuleName":"in_sysmon","SourceModuleType":"im_msvistalog"}
<14>Jun 20 19:12:52 win-server.lunarstiiiness.com Microsoft-Windows-Sysmon[2212]: {"EventTime":1687288371,"Hostname":"win-server.lunarstiiiness.com","Keywords":-9223372036854775808,"EventType":"INFO","SeverityValue":2,"Severity":"INFO","EventID":23,"SourceName":"Microsoft-Windows-Sysmon","ProviderGuid":"{5770385F-C22A-43E0-BF4C-06F5698FFBD9}","Version":5,"Task":23,"OpcodeValue":0,"RecordNumber":2200907,"ProcessID":2212,"ThreadID":2972,"Channel":"Microsoft-Windows-Sysmon/Operational","Domain":"NT AUTHORITY","AccountName":"SYSTEM","UserID":"S-1-5-18","AccountType":"User","Message":"File Delete archived:\r\nRuleName: -\r\nUtcTime: 2023-06-20 19:12:51.109\r\nProcessGuid: {BE59402F-BABF-6491-F50D-000000002400}\r\nProcessId: 5528\r\nUser: LUNARSTIIINESS\\tim.smith_admin\r\nImage: C:\\Program Files (x86)\\LogMeIn Rescue Technician Console\\LogMeInRescueTechnicianConsole_x64\\LMIGuardianSvc.exe\r\nTargetFilename: C:\\Users\\tim.smith_admin\\AppData\\Local\\LogMeIn\\Dumps\\WriteAccessTest.txt\r\nHashes: SHA1=26CCA1AE393F3B9DACF2C3B59049ED40F9B1C78B,MD5=491044E729F12A53DDBD9EDAE68C1571,SHA256=89E672BA84C73B8B47C47C5CF8A77A32600A1AE915481A7BEA5004DAC1383487,IMPHASH=00000000000000000000000000000000\r\nIsExecutable: false\r\nArchived: true","Category":"File Delete archived (rule: FileDelete)","Opcode":"Info","RuleName":"-","UtcTime":"2023-06-20 19:12:51.109","ProcessGuid":"{BE59402F-BABF-6491-F50D-000000002400}","User":"LUNARSTIIINESS\\tim.smith_admin","Image":"C:\\Program Files (x86)\\LogMeIn Rescue Technician Console\\LogMeInRescueTechnicianConsole_x64\\LMIGuardianSvc.exe","TargetFilename":"C:\\Users\\tim.smith_admin\\AppData\\Local\\LogMeIn\\Dumps\\WriteAccessTest.txt","Hashes":"SHA1=26CCA1AE393F3B9DACF2C3B59049ED40F9B1C78B,MD5=491044E729F12A53DDBD9EDAE68C1571,SHA256=89E672BA84C73B8B47C47C5CF8A77A32600A1AE915481A7BEA5004DAC1383487,IMPHASH=00000000000000000000000000000000","IsExecutable":"false","Archived":"true","EventReceivedTime":1687288372,"SourceModuleName":"in_sysmon","SourceModuleType":"im_msvistalog"}
<14>Jun 20 19:12:52 win-server.lunarstiiiness.com Microsoft-Windows-Sysmon[2212]: {"EventTime":1687288371,"Hostname":"win-server.lunarstiiiness.com","Keywords":-9223372036854775808,"EventType":"INFO","SeverityValue":2,"Severity":"INFO","EventID":23,"SourceName":"Microsoft-Windows-Sysmon","ProviderGuid":"{5770385F-C22A-43E0-BF4C-06F5698FFBD9}","Version":5,"Task":23,"OpcodeValue":0,"RecordNumber":2200906,"ProcessID":2212,"ThreadID":2972,"Channel":"Microsoft-Windows-Sysmon/Operational","Domain":"NT AUTHORITY","AccountName":"SYSTEM","UserID":"S-1-5-18","AccountType":"User","Message":"File Delete archived:\r\nRuleName: -\r\nUtcTime: 2023-06-20 19:12:51.109\r\nProcessGuid: {BE59402F-BABF-6491-F50D-000000002400}\r\nProcessId: 5528\r\nUser: LUNARSTIIINESS\\tim.smith_admin\r\nImage: C:\\Program Files (x86)\\LogMeIn Rescue Technician Console\\LogMeInRescueTechnicianConsole_x64\\LMIGuardianSvc.exe\r\nTargetFilename: C:\\ProgramData\\LogMeIn\\Dumps\\WriteAccessTest.txt\r\nHashes: SHA1=26CCA1AE393F3B9DACF2C3B59049ED40F9B1C78B,MD5=491044E729F12A53DDBD9EDAE68C1571,SHA256=89E672BA84C73B8B47C47C5CF8A77A32600A1AE915481A7BEA5004DAC1383487,IMPHASH=00000000000000000000000000000000\r\nIsExecutable: false\r\nArchived: true","Category":"File Delete archived (rule: FileDelete)","Opcode":"Info","RuleName":"-","UtcTime":"2023-06-20 19:12:51.109","ProcessGuid":"{BE59402F-BABF-6491-F50D-000000002400}","User":"LUNARSTIIINESS\\tim.smith_admin","Image":"C:\\Program Files (x86)\\LogMeIn Rescue Technician Console\\LogMeInRescueTechnicianConsole_x64\\LMIGuardianSvc.exe","TargetFilename":"C:\\ProgramData\\LogMeIn\\Dumps\\WriteAccessTest.txt","Hashes":"SHA1=26CCA1AE393F3B9DACF2C3B59049ED40F9B1C78B,MD5=491044E729F12A53DDBD9EDAE68C1571,SHA256=89E672BA84C73B8B47C47C5CF8A77A32600A1AE915481A7BEA5004DAC1383487,IMPHASH=00000000000000000000000000000000","IsExecutable":"false","Archived":"true","EventReceivedTime":1687288372,"SourceModuleName":"in_sysmon","SourceModuleType":"im_msvistalog"}
<14>Jun 20 19:13:14 win-server.lunarstiiiness.com Microsoft-Windows-Sysmon[2212]: {"EventTime":1687288393,"Hostname":"win-server.lunarstiiiness.com","Keywords":-9223372036854775808,"EventType":"INFO","SeverityValue":2,"Severity":"INFO","EventID":22,"SourceName":"Microsoft-Windows-Sysmon","ProviderGuid":"{5770385F-C22A-43E0-BF4C-06F5698FFBD9}","Version":5,"Task":22,"OpcodeValue":0,"RecordNumber":2200908,"ProcessID":2212,"ThreadID":2992,"Channel":"Microsoft-Windows-Sysmon/Operational","Domain":"NT AUTHORITY","AccountName":"SYSTEM","UserID":"S-1-5-18","AccountType":"User","Message":"Dns query:\r\nRuleName: -\r\nUtcTime: 2023-06-20 19:13:11.787\r\nProcessGuid: {BE59402F-B8EE-6491-D10D-000000002400}\r\nProcessId: 1160\r\nQueryName: brand-messenger.app.khoros.com\r\nQueryStatus: 0\r\nQueryResults: 2600:9000:2507:5e00:11:94f3:7d40:93a1;2600:9000:2507:8800:11:94f3:7d40:93a1;2600:9000:2507:9e00:11:94f3:7d40:93a1;2600:9000:2507:b200:11:94f3:7d40:93a1;2600:9000:2507:6400:11:94f3:7d40:93a1;2600:9000:2507:4c00:11:94f3:7d40:93a1;2600:9000:2507:200:11:94f3:7d40:93a1;2600:9000:2507:e400:11:94f3:7d40:93a1;\r\nImage: C:\\Program Files\\Mozilla Firefox\\firefox.exe\r\nUser: LUNARSTIIINESS\\tim.smith_admin","Category":"Dns query (rule: DnsQuery)","Opcode":"Info","RuleName":"-","UtcTime":"2023-06-20 19:13:11.787","ProcessGuid":"{BE59402F-B8EE-6491-D10D-000000002400}","QueryName":"brand-messenger.app.khoros.com","QueryStatus":"0","QueryResults":"2600:9000:2507:5e00:11:94f3:7d40:93a1;2600:9000:2507:8800:11:94f3:7d40:93a1;2600:9000:2507:9e00:11:94f3:7d40:93a1;2600:9000:2507:b200:11:94f3:7d40:93a1;2600:9000:2507:6400:11:94f3:7d40:93a1;2600:9000:2507:4c00:11:94f3:7d40:93a1;2600:9000:2507:200:11:94f3:7d40:93a1;2600:9000:2507:e400:11:94f3:7d40:93a1;","Image":"C:\\Program Files\\Mozilla Firefox\\firefox.exe","User":"LUNARSTIIINESS\\tim.smith_admin","EventReceivedTime":1687288394,"SourceModuleName":"in_sysmon","SourceModuleType":"im_msvistalog"}
<14>Jun 20 19:13:17 win-server.lunarstiiiness.com Microsoft-Windows-Sysmon[2212]: {"EventTime":1687288396,"Hostname":"win-server.lunarstiiiness.com","Keywords":-9223372036854775808,"EventType":"INFO","SeverityValue":2,"Severity":"INFO","EventID":23,"SourceName":"Microsoft-Windows-Sysmon","ProviderGuid":"{5770385F-C22A-43E0-BF4C-06F5698FFBD9}","Version":5,"Task":23,"OpcodeValue":0,"RecordNumber":2200909,"ProcessID":2212,"ThreadID":2972,"Channel":"Microsoft-Windows-Sysmon/Operational","Domain":"NT AUTHORITY","AccountName":"SYSTEM","UserID":"S-1-5-18","AccountType":"User","Message":"File Delete archived:\r\nRuleName: -\r\nUtcTime: 2023-06-20 19:13:16.037\r\nProcessGuid: {BE59402F-B8EE-6491-D10D-000000002400}\r\nProcessId: 1160\r\nUser: LUNARSTIIINESS\\tim.smith_admin\r\nImage: C:\\Program Files\\Mozilla Firefox\\firefox.exe\r\nTargetFilename: C:\\Users\\tim.smith_admin\\AppData\\Roaming\\Mozilla\\Firefox\\Profiles\\a62ctjal.default-release\\datareporting\\session-state.json\r\nHashes: SHA1=3AD139259516A0880A63808CC1ED5FB5AEEF56D3,MD5=F9D3181AFDBEF85ECBEAD136602465B5,SHA256=995ED0896BAB075594F1411AE3C8CAA3E3FCA3BA85E599EA08D998F28FC092E8,IMPHASH=00000000000000000000000000000000\r\nIsExecutable: false\r\nArchived: true","Category":"File Delete archived (rule: FileDelete)","Opcode":"Info","RuleName":"-","UtcTime":"2023-06-20 19:13:16.037","ProcessGuid":"{BE59402F-B8EE-6491-D10D-000000002400}","User":"LUNARSTIIINESS\\tim.smith_admin","Image":"C:\\Program Files\\Mozilla Firefox\\firefox.exe","TargetFilename":"C:\\Users\\tim.smith_admin\\AppData\\Roaming\\Mozilla\\Firefox\\Profiles\\a62ctjal.default-release\\datareporting\\session-state.json","Hashes":"SHA1=3AD139259516A0880A63808CC1ED5FB5AEEF56D3,MD5=F9D3181AFDBEF85ECBEAD136602465B5,SHA256=995ED0896BAB075594F1411AE3C8CAA3E3FCA3BA85E599EA08D998F28FC092E8,IMPHASH=00000000000000000000000000000000","IsExecutable":"false","Archived":"true","EventReceivedTime":1687288397,"SourceModuleName":"in_sysmon","SourceModuleType":"im_msvistalog"}
<14>Jun 20 19:13:17 win-server.lunarstiiiness.com Microsoft-Windows-Sysmon[2212]: {"EventTime":1687288396,"Hostname":"win-server.lunarstiiiness.com","Keywords":-9223372036854775808,"EventType":"INFO","SeverityValue":2,"Severity":"INFO","EventID":23,"SourceName":"Microsoft-Windows-Sysmon","ProviderGuid":"{5770385F-C22A-43E0-BF4C-06F5698FFBD9}","Version":5,"Task":23,"OpcodeValue":0,"RecordNumber":2200911,"ProcessID":2212,"ThreadID":2972,"Channel":"Microsoft-Windows-Sysmon/Operational","Domain":"NT AUTHORITY","AccountName":"SYSTEM","UserID":"S-1-5-18","AccountType":"User","Message":"File Delete archived:\r\nRuleName: -\r\nUtcTime: 2023-06-20 19:13:16.363\r\nProcessGuid: {BE59402F-B8EE-6491-D10D-000000002400}\r\nProcessId: 1160\r\nUser: LUNARSTIIINESS\\tim.smith_admin\r\nImage: C:\\Program Files\\Mozilla Firefox\\firefox.exe\r\nTargetFilename: C:\\Users\\tim.smith_admin\\AppData\\Roaming\\Mozilla\\Firefox\\Profiles\\a62ctjal.default-release\\prefs-1.js\r\nHashes: SHA1=DA39A3EE5E6B4B0D3255BFEF95601890AFD80709,MD5=D41D8CD98F00B204E9800998ECF8427E,SHA256=E3B0C44298FC1C149AFBF4C8996FB92427AE41E4649B934CA495991B7852B855,IMPHASH=00000000000000000000000000000000\r\nIsExecutable: false\r\nArchived: true","Category":"File Delete archived (rule: FileDelete)","Opcode":"Info","RuleName":"-","UtcTime":"2023-06-20 19:13:16.363","ProcessGuid":"{BE59402F-B8EE-6491-D10D-000000002400}","User":"LUNARSTIIINESS\\tim.smith_admin","Image":"C:\\Program Files\\Mozilla Firefox\\firefox.exe","TargetFilename":"C:\\Users\\tim.smith_admin\\AppData\\Roaming\\Mozilla\\Firefox\\Profiles\\a62ctjal.default-release\\prefs-1.js","Hashes":"SHA1=DA39A3EE5E6B4B0D3255BFEF95601890AFD80709,MD5=D41D8CD98F00B204E9800998ECF8427E,SHA256=E3B0C44298FC1C149AFBF4C8996FB92427AE41E4649B934CA495991B7852B855,IMPHASH=00000000000000000000000000000000","IsExecutable":"false","Archived":"true","EventReceivedTime":1687288397,"SourceModuleName":"in_sysmon","SourceModuleType":"im_msvistalog"}
<14>Jun 20 19:13:17 win-server.lunarstiiiness.com Microsoft-Windows-Sysmon[2212]: {"EventTime":1687288396,"Hostname":"win-server.lunarstiiiness.com","Keywords":-9223372036854775808,"EventType":"INFO","SeverityValue":2,"Severity":"INFO","EventID":23,"SourceName":"Microsoft-Windows-Sysmon","ProviderGuid":"{5770385F-C22A-43E0-BF4C-06F5698FFBD9}","Version":5,"Task":23,"OpcodeValue":0,"RecordNumber":2200913,"ProcessID":2212,"ThreadID":2972,"Channel":"Microsoft-Windows-Sysmon/Operational","Domain":"NT AUTHORITY","AccountName":"SYSTEM","UserID":"S-1-5-18","AccountType":"User","Message":"File Delete archived:\r\nRuleName: -\r\nUtcTime: 2023-06-20 19:13:16.621\r\nProcessGuid: {BE59402F-B8EE-6491-D10D-000000002400}\r\nProcessId: 1160\r\nUser: LUNARSTIIINESS\\tim.smith_admin\r\nImage: C:\\Program Files\\Mozilla Firefox\\firefox.exe\r\nTargetFilename: C:\\Users\\tim.smith_admin\\AppData\\Roaming\\Mozilla\\Firefox\\Profiles\\a62ctjal.default-release\\storage\\permanent\\chrome\\idb\\3870112724rsegmnoittet-es.sqlite-shm\r\nHashes: SHA1=D351181A5C872308FFEE22AA2C96BA29979AE3F5,MD5=0D9D99E3C70D4200D517172ED929B218,SHA256=60A1A09DA4894153AEC5DC04E90D14E45F532FE3A6D41F8D0C3377EB901829A9,IMPHASH=00000000000000000000000000000000\r\nIsExecutable: false\r\nArchived: true","Category":"File Delete archived (rule: FileDelete)","Opcode":"Info","RuleName":"-","UtcTime":"2023-06-20 19:13:16.621","ProcessGuid":"{BE59402F-B8EE-6491-D10D-000000002400}","User":"LUNARSTIIINESS\\tim.smith_admin","Image":"C:\\Program Files\\Mozilla Firefox\\firefox.exe","TargetFilename":"C:\\Users\\tim.smith_admin\\AppData\\Roaming\\Mozilla\\Firefox\\Profiles\\a62ctjal.default-release\\storage\\permanent\\chrome\\idb\\3870112724rsegmnoittet-es.sqlite-shm","Hashes":"SHA1=D351181A5C872308FFEE22AA2C96BA29979AE3F5,MD5=0D9D99E3C70D4200D517172ED929B218,SHA256=60A1A09DA4894153AEC5DC04E90D14E45F532FE3A6D41F8D0C3377EB901829A9,IMPHASH=00000000000000000000000000000000","IsExecutable":"false","Archived":"true","EventReceivedTime":1687288397,"SourceModuleName":"in_sysmon","SourceModuleType":"im_msvistalog"}
<14>Jun 20 19:13:17 win-server.lunarstiiiness.com Microsoft-Windows-Sysmon[2212]: {"EventTime":1687288396,"Hostname":"win-server.lunarstiiiness.com","Keywords":-9223372036854775808,"EventType":"INFO","SeverityValue":2,"Severity":"INFO","EventID":23,"SourceName":"Microsoft-Windows-Sysmon","ProviderGuid":"{5770385F-C22A-43E0-BF4C-06F5698FFBD9}","Version":5,"Task":23,"OpcodeValue":0,"RecordNumber":2200914,"ProcessID":2212,"ThreadID":2972,"Channel":"Microsoft-Windows-Sysmon/Operational","Domain":"NT AUTHORITY","AccountName":"SYSTEM","UserID":"S-1-5-18","AccountType":"User","Message":"File Delete archived:\r\nRuleName: -\r\nUtcTime: 2023-06-20 19:13:16.650\r\nProcessGuid: {BE59402F-B8EE-6491-D10D-000000002400}\r\nProcessId: 1160\r\nUser: LUNARSTIIINESS\\tim.smith_admin\r\nImage: C:\\Program Files\\Mozilla Firefox\\firefox.exe\r\nTargetFilename: C:\\Users\\tim.smith_admin\\AppData\\Roaming\\Mozilla\\Firefox\\Profiles\\a62ctjal.default-release\\storage\\permanent\\chrome\\idb\\3870112724rsegmnoittet-es.sqlite-wal\r\nHashes: SHA1=94567B2CA7291B2E7983D164DC0699D304720225,MD5=9FD296C9B86F48DFC1B8C354BE80EBF2,SHA256=E8D02A0AE0F92190611209C35A9EADADAF68A95992C19D869899FC3DB24CEC48,IMPHASH=00000000000000000000000000000000\r\nIsExecutable: false\r\nArchived: true","Category":"File Delete archived (rule: FileDelete)","Opcode":"Info","RuleName":"-","UtcTime":"2023-06-20 19:13:16.650","ProcessGuid":"{BE59402F-B8EE-6491-D10D-000000002400}","User":"LUNARSTIIINESS\\tim.smith_admin","Image":"C:\\Program Files\\Mozilla Firefox\\firefox.exe","TargetFilename":"C:\\Users\\tim.smith_admin\\AppData\\Roaming\\Mozilla\\Firefox\\Profiles\\a62ctjal.default-release\\storage\\permanent\\chrome\\idb\\3870112724rsegmnoittet-es.sqlite-wal","Hashes":"SHA1=94567B2CA7291B2E7983D164DC0699D304720225,MD5=9FD296C9B86F48DFC1B8C354BE80EBF2,SHA256=E8D02A0AE0F92190611209C35A9EADADAF68A95992C19D869899FC3DB24CEC48,IMPHASH=00000000000000000000000000000000","IsExecutable":"false","Archived":"true","EventReceivedTime":1687288397,"SourceModuleName":"in_sysmon","SourceModuleType":"im_msvistalog"}
<14>Jun 20 19:13:17 win-server.lunarstiiiness.com Microsoft-Windows-Sysmon[2212]: {"EventTime":1687288396,"Hostname":"win-server.lunarstiiiness.com","Keywords":-9223372036854775808,"EventType":"INFO","SeverityValue":2,"Severity":"INFO","EventID":23,"SourceName":"Microsoft-Windows-Sysmon","ProviderGuid":"{5770385F-C22A-43E0-BF4C-06F5698FFBD9}","Version":5,"Task":23,"OpcodeValue":0,"RecordNumber":2200915,"ProcessID":2212,"ThreadID":2972,"Channel":"Microsoft-Windows-Sysmon/Operational","Domain":"NT AUTHORITY","AccountName":"SYSTEM","UserID":"S-1-5-18","AccountType":"User","Message":"File Delete archived:\r\nRuleName: -\r\nUtcTime: 2023-06-20 19:13:16.689\r\nProcessGuid: {BE59402F-B8EE-6491-D10D-000000002400}\r\nProcessId: 1160\r\nUser: LUNARSTIIINESS\\tim.smith_admin\r\nImage: C:\\Program Files\\Mozilla Firefox\\firefox.exe\r\nTargetFilename: C:\\Users\\tim.smith_admin\\AppData\\Roaming\\Mozilla\\Firefox\\Profiles\\a62ctjal.default-release\\storage\\permanent\\chrome\\idb\\3870112724rsegmnoittet-es.sqlite-shm\r\nHashes: SHA1=608EEB7488042453C9CA40F7E1398FC1A270F3F4,MD5=B7C14EC6110FA820CA6B65F5AEC85911,SHA256=FD4C9FDA9CD3F9AE7C962B0DDF37232294D55580E1AA165AA06129B8549389EB,IMPHASH=00000000000000000000000000000000\r\nIsExecutable: false\r\nArchived: true","Category":"File Delete archived (rule: FileDelete)","Opcode":"Info","RuleName":"-","UtcTime":"2023-06-20 19:13:16.689","ProcessGuid":"{BE59402F-B8EE-6491-D10D-000000002400}","User":"LUNARSTIIINESS\\tim.smith_admin","Image":"C:\\Program Files\\Mozilla Firefox\\firefox.exe","TargetFilename":"C:\\Users\\tim.smith_admin\\AppData\\Roaming\\Mozilla\\Firefox\\Profiles\\a62ctjal.default-release\\storage\\permanent\\chrome\\idb\\3870112724rsegmnoittet-es.sqlite-shm","Hashes":"SHA1=608EEB7488042453C9CA40F7E1398FC1A270F3F4,MD5=B7C14EC6110FA820CA6B65F5AEC85911,SHA256=FD4C9FDA9CD3F9AE7C962B0DDF37232294D55580E1AA165AA06129B8549389EB,IMPHASH=00000000000000000000000000000000","IsExecutable":"false","Archived":"true","EventReceivedTime":1687288397,"SourceModuleName":"in_sysmon","SourceModuleType":"im_msvistalog"}
<14>Jun 20 19:13:17 win-server.lunarstiiiness.com Microsoft-Windows-Sysmon[2212]: {"EventTime":1687288396,"Hostname":"win-server.lunarstiiiness.com","Keywords":-9223372036854775808,"EventType":"INFO","SeverityValue":2,"Severity":"INFO","EventID":23,"SourceName":"Microsoft-Windows-Sysmon","ProviderGuid":"{5770385F-C22A-43E0-BF4C-06F5698FFBD9}","Version":5,"Task":23,"OpcodeValue":0,"RecordNumber":2200916,"ProcessID":2212,"ThreadID":2972,"Channel":"Microsoft-Windows-Sysmon/Operational","Domain":"NT AUTHORITY","AccountName":"SYSTEM","UserID":"S-1-5-18","AccountType":"User","Message":"File Delete archived:\r\nRuleName: -\r\nUtcTime: 2023-06-20 19:13:16.699\r\nProcessGuid: {BE59402F-B8EE-6491-D10D-000000002400}\r\nProcessId: 1160\r\nUser: LUNARSTIIINESS\\tim.smith_admin\r\nImage: C:\\Program Files\\Mozilla Firefox\\firefox.exe\r\nTargetFilename: C:\\Users\\tim.smith_admin\\AppData\\Roaming\\Mozilla\\Firefox\\Profiles\\a62ctjal.default-release\\storage\\permanent\\chrome\\idb\\3870112724rsegmnoittet-es.sqlite-shm\r\nHashes: SHA1=608EEB7488042453C9CA40F7E1398FC1A270F3F4,MD5=B7C14EC6110FA820CA6B65F5AEC85911,SHA256=FD4C9FDA9CD3F9AE7C962B0DDF37232294D55580E1AA165AA06129B8549389EB,IMPHASH=00000000000000000000000000000000\r\nIsExecutable: false\r\nArchived: true","Category":"File Delete archived (rule: FileDelete)","Opcode":"Info","RuleName":"-","UtcTime":"2023-06-20 19:13:16.699","ProcessGuid":"{BE59402F-B8EE-6491-D10D-000000002400}","User":"LUNARSTIIINESS\\tim.smith_admin","Image":"C:\\Program Files\\Mozilla Firefox\\firefox.exe","TargetFilename":"C:\\Users\\tim.smith_admin\\AppData\\Roaming\\Mozilla\\Firefox\\Profiles\\a62ctjal.default-release\\storage\\permanent\\chrome\\idb\\3870112724rsegmnoittet-es.sqlite-shm","Hashes":"SHA1=608EEB7488042453C9CA40F7E1398FC1A270F3F4,MD5=B7C14EC6110FA820CA6B65F5AEC85911,SHA256=FD4C9FDA9CD3F9AE7C962B0DDF37232294D55580E1AA165AA06129B8549389EB,IMPHASH=00000000000000000000000000000000","IsExecutable":"false","Archived":"true","EventReceivedTime":1687288397,"SourceModuleName":"in_sysmon","SourceModuleType":"im_msvistalog"}
