<14>Jun 20 19:12:04 win-server.lunarstiiiness.com Microsoft-Windows-Sysmon[2212]: {"EventTime":1687288323,"Hostname":"win-server.lunarstiiiness.com","Keywords":-9223372036854775808,"EventType":"INFO","SeverityValue":2,"Severity":"INFO","EventID":13,"SourceName":"Microsoft-Windows-Sysmon","ProviderGuid":"{5770385F-C22A-43E0-BF4C-06F5698FFBD9}","Version":2,"Task":13,"OpcodeValue":0,"RecordNumber":2200844,"ProcessID":2212,"ThreadID":2972,"Channel":"Microsoft-Windows-Sysmon/Operational","Domain":"NT AUTHORITY","AccountName":"SYSTEM","UserID":"S-1-5-18","AccountType":"User","Message":"Registry value set:\r\nRuleName: -\r\nEventType: SetValue\r\nUtcTime: 2023-06-20 19:12:03.211\r\nProcessGuid: {BE59402F-BABB-6491-F20D-000000002400}\r\nProcessId: 948\r\nImage: C:\\Windows\\SysWOW64\\regsvr32.exe\r\nTargetObject: HKCR\\WOW6432Node\\CLSID\\{083863F1-70DE-11D0-BD40-00A0C911CE86}\\Instance\\{43534152-0000-0010-8000-00AA00389B71}\\FriendlyName\r\nDetails: RemotelyAnywhere Video Decoder\r\nUser: NT AUTHORITY\\SYSTEM","Category":"Registry value set (rule: RegistryEvent)","Opcode":"Info","RuleName":"-","UtcTime":"2023-06-20 19:12:03.211","ProcessGuid":"{BE59402F-BABB-6491-F20D-000000002400}","Image":"C:\\Windows\\SysWOW64\\regsvr32.exe","TargetObject":"HKCR\\WOW6432Node\\CLSID\\{083863F1-70DE-11D0-BD40-00A0C911CE86}\\Instance\\{43534152-0000-0010-8000-00AA00389B71}\\FriendlyName","Details":"RemotelyAnywhere Video Decoder","User":"NT AUTHORITY\\SYSTEM","EventReceivedTime":1687288324,"SourceModuleName":"in_sysmon","SourceModuleType":"im_msvistalog"}
<14>Jun 20 19:12:04 win-server.lunarstiiiness.com Microsoft-Windows-Sysmon[2212]: {"EventTime":1687288323,"Hostname":"win-server.lunarstiiiness.com","Keywords":-9223372036854775808,"EventType":"INFO","SeverityValue":2,"Severity":"INFO","EventID":13,"SourceName":"Microsoft-Windows-Sysmon","ProviderGuid":"{5770385F-C22A-43E0-BF4C-06F5698FFBD9}","Version":2,"Task":13,"OpcodeValue":0,"RecordNumber":2200845,"ProcessID":2212,"ThreadID":2972,"Channel":"Microsoft-Windows-Sysmon/Operational","Domain":"NT AUTHORITY","AccountName":"SYSTEM","UserID":"S-1-5-18","AccountType":"User","Message":"Registry value set:\r\nRuleName: -\r\nEventType: SetValue\r\nUtcTime: 2023-06-20 19:12:03.211\r\nProcessGuid: {BE59402F-BABB-6491-F20D-000000002400}\r\nProcessId: 948\r\nImage: C:\\Windows\\SysWOW64\\regsvr32.exe\r\nTargetObject: HKCR\\WOW6432Node\\CLSID\\{083863F1-70DE-11D0-BD40-00A0C911CE86}\\Instance\\{183261F8-780B-4506-BE91-434C01DD010A}\\FriendlyName\r\nDetails: RemotelyAnywhere Video Encoder\r\nUser: NT AUTHORITY\\SYSTEM","Category":"Registry value set (rule: RegistryEvent)","Opcode":"Info","RuleName":"-","UtcTime":"2023-06-20 19:12:03.211","ProcessGuid":"{BE59402F-BABB-6491-F20D-000000002400}","Image":"C:\\Windows\\SysWOW64\\regsvr32.exe","TargetObject":"HKCR\\WOW6432Node\\CLSID\\{083863F1-70DE-11D0-BD40-00A0C911CE86}\\Instance\\{183261F8-780B-4506-BE91-434C01DD010A}\\FriendlyName","Details":"RemotelyAnywhere Video Encoder","User":"NT AUTHORITY\\SYSTEM","EventReceivedTime":1687288324,"SourceModuleName":"in_sysmon","SourceModuleType":"im_msvistalog"}
<14>Jun 20 19:12:05 win-server.lunarstiiiness.com Microsoft-Windows-Sysmon[2212]: {"EventTime":1687288323,"Hostname":"win-server.lunarstiiiness.com","Keywords":-9223372036854775808,"EventType":"INFO","SeverityValue":2,"Severity":"INFO","EventID":13,"SourceName":"Microsoft-Windows-Sysmon","ProviderGuid":"{5770385F-C22A-43E0-BF4C-06F5698FFBD9}","Version":2,"Task":13,"OpcodeValue":0,"RecordNumber":2200849,"ProcessID":2212,"ThreadID":2972,"Channel":"Microsoft-Windows-Sysmon/Operational","Domain":"NT AUTHORITY","AccountName":"SYSTEM","UserID":"S-1-5-18","AccountType":"User","Message":"Registry value set:\r\nRuleName: -\r\nEventType: SetValue\r\nUtcTime: 2023-06-20 19:12:03.257\r\nProcessGuid: {BE59402F-BAAD-6491-EA0D-000000002400}\r\nProcessId: 2800\r\nImage: C:\\Windows\\system32\\msiexec.exe\r\nTargetObject: HKLM\\SOFTWARE\\WOW6432Node\\Microsoft\\Windows\\CurrentVersion\\Uninstall\\{FD5F0217-3BE7-48E1-8EEE-451043FB81CF}\\URLUpdateInfo\r\nDetails: (Empty)\r\nUser: NT AUTHORITY\\SYSTEM","Category":"Registry value set (rule: RegistryEvent)","Opcode":"Info","RuleName":"-","UtcTime":"2023-06-20 19:12:03.257","ProcessGuid":"{BE59402F-BAAD-6491-EA0D-000000002400}","Image":"C:\\Windows\\system32\\msiexec.exe","TargetObject":"HKLM\\SOFTWARE\\WOW6432Node\\Microsoft\\Windows\\CurrentVersion\\Uninstall\\{FD5F0217-3BE7-48E1-8EEE-451043FB81CF}\\URLUpdateInfo","Details":"(Empty)","User":"NT AUTHORITY\\SYSTEM","EventReceivedTime":1687288325,"SourceModuleName":"in_sysmon","SourceModuleType":"im_msvistalog"}
<14>Jun 20 19:12:05 win-server.lunarstiiiness.com Microsoft-Windows-Sysmon[2212]: {"EventTime":1687288323,"Hostname":"win-server.lunarstiiiness.com","Keywords":-9223372036854775808,"EventType":"INFO","SeverityValue":2,"Severity":"INFO","EventID":11,"SourceName":"Microsoft-Windows-Sysmon","ProviderGuid":"{5770385F-C22A-43E0-BF4C-06F5698FFBD9}","Version":2,"Task":11,"OpcodeValue":0,"RecordNumber":2200852,"ProcessID":2212,"ThreadID":2972,"Channel":"Microsoft-Windows-Sysmon/Operational","Domain":"NT AUTHORITY","AccountName":"SYSTEM","UserID":"S-1-5-18","AccountType":"User","Message":"File created:\r\nRuleName: technique_id=T1047,technique_name=File System Permissions Weakness\r\nUtcTime: 2023-06-20 19:12:03.304\r\nProcessGuid: {BE59402F-BAAD-6491-EA0D-000000002400}\r\nProcessId: 2800\r\nImage: C:\\Windows\\system32\\msiexec.exe\r\nTargetFilename: C:\\temp\\~DF66F198425FB5EEA5.TMP\r\nCreationUtcTime: 2023-06-20 19:12:03.304\r\nUser: NT AUTHORITY\\SYSTEM","Category":"File created (rule: FileCreate)","Opcode":"Info","RuleName":"technique_id=T1047,technique_name=File System Permissions Weakness","UtcTime":"2023-06-20 19:12:03.304","ProcessGuid":"{BE59402F-BAAD-6491-EA0D-000000002400}","Image":"C:\\Windows\\system32\\msiexec.exe","TargetFilename":"C:\\temp\\~DF66F198425FB5EEA5.TMP","CreationUtcTime":"2023-06-20 19:12:03.304","User":"NT AUTHORITY\\SYSTEM","EventReceivedTime":1687288325,"SourceModuleName":"in_sysmon","SourceModuleType":"im_msvistalog"}
<14>Jun 20 19:12:05 win-server.lunarstiiiness.com Microsoft-Windows-Sysmon[2212]: {"EventTime":1687288323,"Hostname":"win-server.lunarstiiiness.com","Keywords":-9223372036854775808,"EventType":"INFO","SeverityValue":2,"Severity":"INFO","EventID":11,"SourceName":"Microsoft-Windows-Sysmon","ProviderGuid":"{5770385F-C22A-43E0-BF4C-06F5698FFBD9}","Version":2,"Task":11,"OpcodeValue":0,"RecordNumber":2200851,"ProcessID":2212,"ThreadID":2972,"Channel":"Microsoft-Windows-Sysmon/Operational","Domain":"NT AUTHORITY","AccountName":"SYSTEM","UserID":"S-1-5-18","AccountType":"User","Message":"File created:\r\nRuleName: technique_id=T1047,technique_name=File System Permissions Weakness\r\nUtcTime: 2023-06-20 19:12:03.304\r\nProcessGuid: {BE59402F-BAAD-6491-EA0D-000000002400}\r\nProcessId: 2800\r\nImage: C:\\Windows\\system32\\msiexec.exe\r\nTargetFilename: C:\\temp\\~DFAE30D7BCE1F57E6A.TMP\r\nCreationUtcTime: 2023-06-20 19:12:03.300\r\nUser: NT AUTHORITY\\SYSTEM","Category":"File created (rule: FileCreate)","Opcode":"Info","RuleName":"technique_id=T1047,technique_name=File System Permissions Weakness","UtcTime":"2023-06-20 19:12:03.304","ProcessGuid":"{BE59402F-BAAD-6491-EA0D-000000002400}","Image":"C:\\Windows\\system32\\msiexec.exe","TargetFilename":"C:\\temp\\~DFAE30D7BCE1F57E6A.TMP","CreationUtcTime":"2023-06-20 19:12:03.300","User":"NT AUTHORITY\\SYSTEM","EventReceivedTime":1687288325,"SourceModuleName":"in_sysmon","SourceModuleType":"im_msvistalog"}
<14>Jun 20 19:12:05 win-server.lunarstiiiness.com Microsoft-Windows-Sysmon[2212]: {"EventTime":1687288323,"Hostname":"win-server.lunarstiiiness.com","Keywords":-9223372036854775808,"EventType":"INFO","SeverityValue":2,"Severity":"INFO","EventID":11,"SourceName":"Microsoft-Windows-Sysmon","ProviderGuid":"{5770385F-C22A-43E0-BF4C-06F5698FFBD9}","Version":2,"Task":11,"OpcodeValue":0,"RecordNumber":2200855,"ProcessID":2212,"ThreadID":2972,"Channel":"Microsoft-Windows-Sysmon/Operational","Domain":"NT AUTHORITY","AccountName":"SYSTEM","UserID":"S-1-5-18","AccountType":"User","Message":"File created:\r\nRuleName: technique_id=T1047,technique_name=File System Permissions Weakness\r\nUtcTime: 2023-06-20 19:12:03.308\r\nProcessGuid: {BE59402F-BAAD-6491-EA0D-000000002400}\r\nProcessId: 2800\r\nImage: C:\\Windows\\system32\\msiexec.exe\r\nTargetFilename: C:\\temp\\~DF04037CC0308FE7C3.TMP\r\nCreationUtcTime: 2023-06-20 19:12:03.308\r\nUser: NT AUTHORITY\\SYSTEM","Category":"File created (rule: FileCreate)","Opcode":"Info","RuleName":"technique_id=T1047,technique_name=File System Permissions Weakness","UtcTime":"2023-06-20 19:12:03.308","ProcessGuid":"{BE59402F-BAAD-6491-EA0D-000000002400}","Image":"C:\\Windows\\system32\\msiexec.exe","TargetFilename":"C:\\temp\\~DF04037CC0308FE7C3.TMP","CreationUtcTime":"2023-06-20 19:12:03.308","User":"NT AUTHORITY\\SYSTEM","EventReceivedTime":1687288325,"SourceModuleName":"in_sysmon","SourceModuleType":"im_msvistalog"}
<14>Jun 20 19:12:05 win-server.lunarstiiiness.com Microsoft-Windows-Sysmon[2212]: {"EventTime":1687288323,"Hostname":"win-server.lunarstiiiness.com","Keywords":-9223372036854775808,"EventType":"INFO","SeverityValue":2,"Severity":"INFO","EventID":11,"SourceName":"Microsoft-Windows-Sysmon","ProviderGuid":"{5770385F-C22A-43E0-BF4C-06F5698FFBD9}","Version":2,"Task":11,"OpcodeValue":0,"RecordNumber":2200856,"ProcessID":2212,"ThreadID":2972,"Channel":"Microsoft-Windows-Sysmon/Operational","Domain":"NT AUTHORITY","AccountName":"SYSTEM","UserID":"S-1-5-18","AccountType":"User","Message":"File created:\r\nRuleName: technique_id=T1047,technique_name=File System Permissions Weakness\r\nUtcTime: 2023-06-20 19:12:03.312\r\nProcessGuid: {BE59402F-BAAD-6491-EA0D-000000002400}\r\nProcessId: 2800\r\nImage: C:\\Windows\\system32\\msiexec.exe\r\nTargetFilename: C:\\temp\\~DF27D655488F0B79D0.TMP\r\nCreationUtcTime: 2023-06-20 19:12:03.312\r\nUser: NT AUTHORITY\\SYSTEM","Category":"File created (rule: FileCreate)","Opcode":"Info","RuleName":"technique_id=T1047,technique_name=File System Permissions Weakness","UtcTime":"2023-06-20 19:12:03.312","ProcessGuid":"{BE59402F-BAAD-6491-EA0D-000000002400}","Image":"C:\\Windows\\system32\\msiexec.exe","TargetFilename":"C:\\temp\\~DF27D655488F0B79D0.TMP","CreationUtcTime":"2023-06-20 19:12:03.312","User":"NT AUTHORITY\\SYSTEM","EventReceivedTime":1687288325,"SourceModuleName":"in_sysmon","SourceModuleType":"im_msvistalog"}
<14>Jun 20 19:12:05 win-server.lunarstiiiness.com Microsoft-Windows-Sysmon[2212]: {"EventTime":1687288323,"Hostname":"win-server.lunarstiiiness.com","Keywords":-9223372036854775808,"EventType":"INFO","SeverityValue":2,"Severity":"INFO","EventID":11,"SourceName":"Microsoft-Windows-Sysmon","ProviderGuid":"{5770385F-C22A-43E0-BF4C-06F5698FFBD9}","Version":2,"Task":11,"OpcodeValue":0,"RecordNumber":2200864,"ProcessID":2212,"ThreadID":2972,"Channel":"Microsoft-Windows-Sysmon/Operational","Domain":"NT AUTHORITY","AccountName":"SYSTEM","UserID":"S-1-5-18","AccountType":"User","Message":"File created:\r\nRuleName: technique_id=T1047,technique_name=File System Permissions Weakness\r\nUtcTime: 2023-06-20 19:12:03.519\r\nProcessGuid: {BE59402F-BAAD-6491-EA0D-000000002400}\r\nProcessId: 2800\r\nImage: C:\\Windows\\system32\\msiexec.exe\r\nTargetFilename: C:\\temp\\~DF3F86A0C94A8A761A.TMP\r\nCreationUtcTime: 2023-06-20 19:12:03.519\r\nUser: NT AUTHORITY\\SYSTEM","Category":"File created (rule: FileCreate)","Opcode":"Info","RuleName":"technique_id=T1047,technique_name=File System Permissions Weakness","UtcTime":"2023-06-20 19:12:03.519","ProcessGuid":"{BE59402F-BAAD-6491-EA0D-000000002400}","Image":"C:\\Windows\\system32\\msiexec.exe","TargetFilename":"C:\\temp\\~DF3F86A0C94A8A761A.TMP","CreationUtcTime":"2023-06-20 19:12:03.519","User":"NT AUTHORITY\\SYSTEM","EventReceivedTime":1687288325,"SourceModuleName":"in_sysmon","SourceModuleType":"im_msvistalog"}
<14>Jun 20 19:12:05 win-server.lunarstiiiness.com Microsoft-Windows-Sysmon[2212]: {"EventTime":1687288323,"Hostname":"win-server.lunarstiiiness.com","Keywords":-9223372036854775808,"EventType":"INFO","SeverityValue":2,"Severity":"INFO","EventID":11,"SourceName":"Microsoft-Windows-Sysmon","ProviderGuid":"{5770385F-C22A-43E0-BF4C-06F5698FFBD9}","Version":2,"Task":11,"OpcodeValue":0,"RecordNumber":2200863,"ProcessID":2212,"ThreadID":2972,"Channel":"Microsoft-Windows-Sysmon/Operational","Domain":"NT AUTHORITY","AccountName":"SYSTEM","UserID":"S-1-5-18","AccountType":"User","Message":"File created:\r\nRuleName: technique_id=T1047,technique_name=File System Permissions Weakness\r\nUtcTime: 2023-06-20 19:12:03.519\r\nProcessGuid: {BE59402F-BAAD-6491-EA0D-000000002400}\r\nProcessId: 2800\r\nImage: C:\\Windows\\system32\\msiexec.exe\r\nTargetFilename: C:\\temp\\~DF290DEE065832557E.TMP\r\nCreationUtcTime: 2023-06-20 19:12:03.515\r\nUser: NT AUTHORITY\\SYSTEM","Category":"File created (rule: FileCreate)","Opcode":"Info","RuleName":"technique_id=T1047,technique_name=File System Permissions Weakness","UtcTime":"2023-06-20 19:12:03.519","ProcessGuid":"{BE59402F-BAAD-6491-EA0D-000000002400}","Image":"C:\\Windows\\system32\\msiexec.exe","TargetFilename":"C:\\temp\\~DF290DEE065832557E.TMP","CreationUtcTime":"2023-06-20 19:12:03.515","User":"NT AUTHORITY\\SYSTEM","EventReceivedTime":1687288325,"SourceModuleName":"in_sysmon","SourceModuleType":"im_msvistalog"}
<14>Jun 20 19:12:05 win-server.lunarstiiiness.com Microsoft-Windows-Sysmon[2212]: {"EventTime":1687288323,"Hostname":"win-server.lunarstiiiness.com","Keywords":-9223372036854775808,"EventType":"INFO","SeverityValue":2,"Severity":"INFO","EventID":11,"SourceName":"Microsoft-Windows-Sysmon","ProviderGuid":"{5770385F-C22A-43E0-BF4C-06F5698FFBD9}","Version":2,"Task":11,"OpcodeValue":0,"RecordNumber":2200867,"ProcessID":2212,"ThreadID":2972,"Channel":"Microsoft-Windows-Sysmon/Operational","Domain":"NT AUTHORITY","AccountName":"SYSTEM","UserID":"S-1-5-18","AccountType":"User","Message":"File created:\r\nRuleName: technique_id=T1047,technique_name=File System Permissions Weakness\r\nUtcTime: 2023-06-20 19:12:03.523\r\nProcessGuid: {BE59402F-BAAD-6491-EA0D-000000002400}\r\nProcessId: 2800\r\nImage: C:\\Windows\\system32\\msiexec.exe\r\nTargetFilename: C:\\temp\\~DF46B283EF488DA427.TMP\r\nCreationUtcTime: 2023-06-20 19:12:03.523\r\nUser: NT AUTHORITY\\SYSTEM","Category":"File created (rule: FileCreate)","Opcode":"Info","RuleName":"technique_id=T1047,technique_name=File System Permissions Weakness","UtcTime":"2023-06-20 19:12:03.523","ProcessGuid":"{BE59402F-BAAD-6491-EA0D-000000002400}","Image":"C:\\Windows\\system32\\msiexec.exe","TargetFilename":"C:\\temp\\~DF46B283EF488DA427.TMP","CreationUtcTime":"2023-06-20 19:12:03.523","User":"NT AUTHORITY\\SYSTEM","EventReceivedTime":1687288325,"SourceModuleName":"in_sysmon","SourceModuleType":"im_msvistalog"}
<14>Jun 20 19:12:05 win-server.lunarstiiiness.com Microsoft-Windows-Sysmon[2212]: {"EventTime":1687288323,"Hostname":"win-server.lunarstiiiness.com","Keywords":-9223372036854775808,"EventType":"INFO","SeverityValue":2,"Severity":"INFO","EventID":11,"SourceName":"Microsoft-Windows-Sysmon","ProviderGuid":"{5770385F-C22A-43E0-BF4C-06F5698FFBD9}","Version":2,"Task":11,"OpcodeValue":0,"RecordNumber":2200868,"ProcessID":2212,"ThreadID":2972,"Channel":"Microsoft-Windows-Sysmon/Operational","Domain":"NT AUTHORITY","AccountName":"SYSTEM","UserID":"S-1-5-18","AccountType":"User","Message":"File created:\r\nRuleName: technique_id=T1047,technique_name=File System Permissions Weakness\r\nUtcTime: 2023-06-20 19:12:03.527\r\nProcessGuid: {BE59402F-BAAD-6491-EA0D-000000002400}\r\nProcessId: 2800\r\nImage: C:\\Windows\\system32\\msiexec.exe\r\nTargetFilename: C:\\temp\\~DFCFC2BA7E6C3EF37F.TMP\r\nCreationUtcTime: 2023-06-20 19:12:03.527\r\nUser: NT AUTHORITY\\SYSTEM","Category":"File created (rule: FileCreate)","Opcode":"Info","RuleName":"technique_id=T1047,technique_name=File System Permissions Weakness","UtcTime":"2023-06-20 19:12:03.527","ProcessGuid":"{BE59402F-BAAD-6491-EA0D-000000002400}","Image":"C:\\Windows\\system32\\msiexec.exe","TargetFilename":"C:\\temp\\~DFCFC2BA7E6C3EF37F.TMP","CreationUtcTime":"2023-06-20 19:12:03.527","User":"NT AUTHORITY\\SYSTEM","EventReceivedTime":1687288325,"SourceModuleName":"in_sysmon","SourceModuleType":"im_msvistalog"}
<14>Jun 20 19:12:07 win-server.lunarstiiiness.com Microsoft-Windows-Sysmon[2212]: {"EventTime":1687288325,"Hostname":"win-server.lunarstiiiness.com","Keywords":-9223372036854775808,"EventType":"INFO","SeverityValue":2,"Severity":"INFO","EventID":23,"SourceName":"Microsoft-Windows-Sysmon","ProviderGuid":"{5770385F-C22A-43E0-BF4C-06F5698FFBD9}","Version":5,"Task":23,"OpcodeValue":0,"RecordNumber":2200873,"ProcessID":2212,"ThreadID":2972,"Channel":"Microsoft-Windows-Sysmon/Operational","Domain":"NT AUTHORITY","AccountName":"SYSTEM","UserID":"S-1-5-18","AccountType":"User","Message":"File Delete archived:\r\nRuleName: -\r\nUtcTime: 2023-06-20 19:12:05.691\r\nProcessGuid: {BE59402F-1816-648B-9907-000000002400}\r\nProcessId: 1920\r\nUser: LUNARSTIIINESS\\tim.smith_admin\r\nImage: C:\\Windows\\Explorer.EXE\r\nTargetFilename: C:\\Users\\tim.smith_admin\\AppData\\Local\\Microsoft\\Windows\\Caches\\{3DA71D5A-20CC-432F-A115-DFE92379E91F}.3.ver0x0000000000000023.db\r\nHashes: SHA1=00095ECB48F641A941A918FB5A5E9FFE4DDD9EFC,MD5=0B61CC527D8BBA98EEA89369B7222105,SHA256=17A49E33522D61678C5777CE6A4D8A00541B111A300512110FB430BC9CFE4F33,IMPHASH=00000000000000000000000000000000\r\nIsExecutable: false\r\nArchived: true","Category":"File Delete archived (rule: FileDelete)","Opcode":"Info","RuleName":"-","UtcTime":"2023-06-20 19:12:05.691","ProcessGuid":"{BE59402F-1816-648B-9907-000000002400}","User":"LUNARSTIIINESS\\tim.smith_admin","Image":"C:\\Windows\\Explorer.EXE","TargetFilename":"C:\\Users\\tim.smith_admin\\AppData\\Local\\Microsoft\\Windows\\Caches\\{3DA71D5A-20CC-432F-A115-DFE92379E91F}.3.ver0x0000000000000023.db","Hashes":"SHA1=00095ECB48F641A941A918FB5A5E9FFE4DDD9EFC,MD5=0B61CC527D8BBA98EEA89369B7222105,SHA256=17A49E33522D61678C5777CE6A4D8A00541B111A300512110FB430BC9CFE4F33,IMPHASH=00000000000000000000000000000000","IsExecutable":"false","Archived":"true","EventReceivedTime":1687288327,"SourceModuleName":"in_sysmon","SourceModuleType":"im_msvistalog"}
<14>Jun 20 19:12:07 win-server.lunarstiiiness.com Microsoft-Windows-Sysmon[2212]: {"EventTime":1687288326,"Hostname":"win-server.lunarstiiiness.com","Keywords":-9223372036854775808,"EventType":"INFO","SeverityValue":2,"Severity":"INFO","EventID":23,"SourceName":"Microsoft-Windows-Sysmon","ProviderGuid":"{5770385F-C22A-43E0-BF4C-06F5698FFBD9}","Version":5,"Task":23,"OpcodeValue":0,"RecordNumber":2200874,"ProcessID":2212,"ThreadID":2972,"Channel":"Microsoft-Windows-Sysmon/Operational","Domain":"NT AUTHORITY","AccountName":"SYSTEM","UserID":"S-1-5-18","AccountType":"User","Message":"File Delete archived:\r\nRuleName: -\r\nUtcTime: 2023-06-20 19:12:06.480\r\nProcessGuid: {BE59402F-BABD-6491-F30D-000000002400}\r\nProcessId: 2316\r\nUser: LUNARSTIIINESS\\tim.smith_admin\r\nImage: C:\\Windows\\system32\\backgroundTaskHost.exe\r\nTargetFilename: C:\\Users\\tim.smith_admin\\AppData\\Local\\Packages\\Microsoft.Windows.Cortana_cw5n1h2txyewy\\LocalState\\ConstraintIndex\\Input_{1f3603d4-8047-4aff-901e-be99d0c0bdc5}\\Appssynonyms.txt\r\nHashes: SHA1=8A431623CE346DFFEAF19C46CDBEE1812DA7D99C,MD5=9C404B687C6D6BEBF1C8C1FC3868C63B,SHA256=2B6704EC1C291EDB641268C7B186E7C7348932B3558A7CA6182FA2E591DEAA51,IMPHASH=00000000000000000000000000000000\r\nIsExecutable: false\r\nArchived: true","Category":"File Delete archived (rule: FileDelete)","Opcode":"Info","RuleName":"-","UtcTime":"2023-06-20 19:12:06.480","ProcessGuid":"{BE59402F-BABD-6491-F30D-000000002400}","User":"LUNARSTIIINESS\\tim.smith_admin","Image":"C:\\Windows\\system32\\backgroundTaskHost.exe","TargetFilename":"C:\\Users\\tim.smith_admin\\AppData\\Local\\Packages\\Microsoft.Windows.Cortana_cw5n1h2txyewy\\LocalState\\ConstraintIndex\\Input_{1f3603d4-8047-4aff-901e-be99d0c0bdc5}\\Appssynonyms.txt","Hashes":"SHA1=8A431623CE346DFFEAF19C46CDBEE1812DA7D99C,MD5=9C404B687C6D6BEBF1C8C1FC3868C63B,SHA256=2B6704EC1C291EDB641268C7B186E7C7348932B3558A7CA6182FA2E591DEAA51,IMPHASH=00000000000000000000000000000000","IsExecutable":"false","Archived":"true","EventReceivedTime":1687288327,"SourceModuleName":"in_sysmon","SourceModuleType":"im_msvistalog"}
<14>Jun 20 19:12:09 win-server.lunarstiiiness.com Microsoft-Windows-Sysmon[2212]: {"EventTime":1687288327,"Hostname":"win-server.lunarstiiiness.com","Keywords":-9223372036854775808,"EventType":"INFO","SeverityValue":2,"Severity":"INFO","EventID":7,"SourceName":"Microsoft-Windows-Sysmon","ProviderGuid":"{5770385F-C22A-43E0-BF4C-06F5698FFBD9}","Version":3,"Task":7,"OpcodeValue":0,"RecordNumber":2200875,"ProcessID":2212,"ThreadID":2976,"Channel":"Microsoft-Windows-Sysmon/Operational","Domain":"NT AUTHORITY","AccountName":"SYSTEM","UserID":"S-1-5-18","AccountType":"User","Message":"Image loaded:\r\nRuleName: -\r\nUtcTime: 2023-06-20 19:12:07.313\r\nProcessGuid: {BE59402F-BABE-6491-F40D-000000002400}\r\nProcessId: 4540\r\nImage: C:\\Program Files (x86)\\LogMeIn Rescue Technician Console\\LogMeInRescueTechnicianConsole_x64\\LMIRTechConsole.exe\r\nImageLoaded: C:\\Windows\\System32\\urlmon.dll\r\nFileVersion: 11.00.14393.5980 (rs1_release.230508-1729)\r\nDescription: OLE32 Extensions for Win32\r\nProduct: Internet Explorer\r\nCompany: Microsoft Corporation\r\nOriginalFileName: UrlMon.dll\r\nHashes: SHA1=B85E33077EBECEB824C738EC5AB3971330015487,MD5=4A855C73AA289D70314CB0A7CE54982C,SHA256=0E7E8B967CFBF187D562686C78FDC989FD220397B1429FC15C2A8BFA8FCA30A8,IMPHASH=974542EAFAB3E045794F91EF3F4880AC\r\nSigned: true\r\nSignature: Microsoft Windows\r\nSignatureStatus: Valid\r\nUser: LUNARSTIIINESS\\tim.smith_admin","Category":"Image loaded (rule: ImageLoad)","Opcode":"Info","RuleName":"-","UtcTime":"2023-06-20 19:12:07.313","ProcessGuid":"{BE59402F-BABE-6491-F40D-000000002400}","Image":"C:\\Program Files (x86)\\LogMeIn Rescue Technician Console\\LogMeInRescueTechnicianConsole_x64\\LMIRTechConsole.exe","ImageLoaded":"C:\\Windows\\System32\\urlmon.dll","FileVersion":"11.00.14393.5980 (rs1_release.230508-1729)","Description":"OLE32 Extensions for Win32","Product":"Internet Explorer","Company":"Microsoft Corporation","OriginalFileName":"UrlMon.dll","Hashes":"SHA1=B85E33077EBECEB824C738EC5AB3971330015487,MD5=4A855C73AA289D70314CB0A7CE54982C,SHA256=0E7E8B967CFBF187D562686C78FDC989FD220397B1429FC15C2A8BFA8FCA30A8,IMPHASH=974542EAFAB3E045794F91EF3F4880AC","Signed":"true","Signature":"Microsoft Windows","SignatureStatus":"Valid","User":"LUNARSTIIINESS\\tim.smith_admin","EventReceivedTime":1687288329,"SourceModuleName":"in_sysmon","SourceModuleType":"im_msvistalog"}
<14>Jun 20 19:12:10 win-server.lunarstiiiness.com Microsoft-Windows-Sysmon[2212]: {"EventTime":1687288328,"Hostname":"win-server.lunarstiiiness.com","Keywords":-9223372036854775808,"EventType":"INFO","SeverityValue":2,"Severity":"INFO","EventID":22,"SourceName":"Microsoft-Windows-Sysmon","ProviderGuid":"{5770385F-C22A-43E0-BF4C-06F5698FFBD9}","Version":5,"Task":22,"OpcodeValue":0,"RecordNumber":2200890,"ProcessID":2212,"ThreadID":2992,"Channel":"Microsoft-Windows-Sysmon/Operational","Domain":"NT AUTHORITY","AccountName":"SYSTEM","UserID":"S-1-5-18","AccountType":"User","Message":"Dns query:\r\nRuleName: -\r\nUtcTime: 2023-06-20 19:12:08.046\r\nProcessGuid: {BE59402F-BABE-6491-F40D-000000002400}\r\nProcessId: 4540\r\nQueryName: WIN-SERVER\r\nQueryStatus: 0\r\nQueryResults: ::1;::ffff:10.128.0.22;\r\nImage: C:\\Program Files (x86)\\LogMeIn Rescue Technician Console\\LogMeInRescueTechnicianConsole_x64\\LMIRTechConsole.exe\r\nUser: LUNARSTIIINESS\\tim.smith_admin","Category":"Dns query (rule: DnsQuery)","Opcode":"Info","RuleName":"-","UtcTime":"2023-06-20 19:12:08.046","ProcessGuid":"{BE59402F-BABE-6491-F40D-000000002400}","QueryName":"WIN-SERVER","QueryStatus":"0","QueryResults":"::1;::ffff:10.128.0.22;","Image":"C:\\Program Files (x86)\\LogMeIn Rescue Technician Console\\LogMeInRescueTechnicianConsole_x64\\LMIRTechConsole.exe","User":"LUNARSTIIINESS\\tim.smith_admin","EventReceivedTime":1687288330,"SourceModuleName":"in_sysmon","SourceModuleType":"im_msvistalog"}
<14>Jun 20 19:12:09 win-server.lunarstiiiness.com Microsoft-Windows-Sysmon[2212]: {"EventTime":1687288328,"Hostname":"win-server.lunarstiiiness.com","Keywords":-9223372036854775808,"EventType":"INFO","SeverityValue":2,"Severity":"INFO","EventID":12,"SourceName":"Microsoft-Windows-Sysmon","ProviderGuid":"{5770385F-C22A-43E0-BF4C-06F5698FFBD9}","Version":2,"Task":12,"OpcodeValue":0,"RecordNumber":2200876,"ProcessID":2212,"ThreadID":2972,"Channel":"Microsoft-Windows-Sysmon/Operational","Domain":"NT AUTHORITY","AccountName":"SYSTEM","UserID":"S-1-5-18","AccountType":"User","Message":"Registry object added or deleted:\r\nRuleName: technique_id=T1003,technique_name=Credential Dumping\r\nEventType: CreateKey\r\nUtcTime: 2023-06-20 19:12:08.375\r\nProcessGuid: {BE59402F-BABE-6491-F40D-000000002400}\r\nProcessId: 4540\r\nImage: C:\\Program Files (x86)\\LogMeIn Rescue Technician Console\\LogMeInRescueTechnicianConsole_x64\\LMIRTechConsole.exe\r\nTargetObject: HKLM\\System\\CurrentControlSet\\Control\\SecurityProviders\\SCHANNEL\r\nUser: LUNARSTIIINESS\\tim.smith_admin","Category":"Registry object added or deleted (rule: RegistryEvent)","Opcode":"Info","RuleName":"technique_id=T1003,technique_name=Credential Dumping","UtcTime":"2023-06-20 19:12:08.375","ProcessGuid":"{BE59402F-BABE-6491-F40D-000000002400}","Image":"C:\\Program Files (x86)\\LogMeIn Rescue Technician Console\\LogMeInRescueTechnicianConsole_x64\\LMIRTechConsole.exe","TargetObject":"HKLM\\System\\CurrentControlSet\\Control\\SecurityProviders\\SCHANNEL","User":"LUNARSTIIINESS\\tim.smith_admin","EventReceivedTime":1687288329,"SourceModuleName":"in_sysmon","SourceModuleType":"im_msvistalog"}
<14>Jun 20 19:12:10 win-server.lunarstiiiness.com Microsoft-Windows-Sysmon[2212]: {"EventTime":1687288328,"Hostname":"win-server.lunarstiiiness.com","Keywords":-9223372036854775808,"EventType":"INFO","SeverityValue":2,"Severity":"INFO","EventID":23,"SourceName":"Microsoft-Windows-Sysmon","ProviderGuid":"{5770385F-C22A-43E0-BF4C-06F5698FFBD9}","Version":5,"Task":23,"OpcodeValue":0,"RecordNumber":2200877,"ProcessID":2212,"ThreadID":2972,"Channel":"Microsoft-Windows-Sysmon/Operational","Domain":"NT AUTHORITY","AccountName":"SYSTEM","UserID":"S-1-5-18","AccountType":"User","Message":"File Delete archived:\r\nRuleName: -\r\nUtcTime: 2023-06-20 19:12:08.578\r\nProcessGuid: {BE59402F-1814-648B-8C07-000000002400}\r\nProcessId: 884\r\nUser: LUNARSTIIINESS\\tim.smith_admin\r\nImage: C:\\Windows\\System32\\RuntimeBroker.exe\r\nTargetFilename: C:\\Users\\tim.smith_admin\\AppData\\Local\\Packages\\Microsoft.Windows.Cortana_cw5n1h2txyewy\\LocalState\\ConstraintIndex\\Apps_{6b8b64aa-b2b6-462e-b2da-0c4e40159b1b}\\0.2.filtertrie.intermediate.txt\r\nHashes: SHA1=7D23864F5E2A12C1A5F93B555D2D3E7C8F78EEC1,MD5=C204E9FAAF8565AD333828BEFF2D786E,SHA256=D65B6A3BF11A27A1CED1F7E98082246E40CF01289FD47FE4A5ED46C221F2F73F,IMPHASH=00000000000000000000000000000000\r\nIsExecutable: false\r\nArchived: true","Category":"File Delete archived (rule: FileDelete)","Opcode":"Info","RuleName":"-","UtcTime":"2023-06-20 19:12:08.578","ProcessGuid":"{BE59402F-1814-648B-8C07-000000002400}","User":"LUNARSTIIINESS\\tim.smith_admin","Image":"C:\\Windows\\System32\\RuntimeBroker.exe","TargetFilename":"C:\\Users\\tim.smith_admin\\AppData\\Local\\Packages\\Microsoft.Windows.Cortana_cw5n1h2txyewy\\LocalState\\ConstraintIndex\\Apps_{6b8b64aa-b2b6-462e-b2da-0c4e40159b1b}\\0.2.filtertrie.intermediate.txt","Hashes":"SHA1=7D23864F5E2A12C1A5F93B555D2D3E7C8F78EEC1,MD5=C204E9FAAF8565AD333828BEFF2D786E,SHA256=D65B6A3BF11A27A1CED1F7E98082246E40CF01289FD47FE4A5ED46C221F2F73F,IMPHASH=00000000000000000000000000000000","IsExecutable":"false","Archived":"true","EventReceivedTime":1687288330,"SourceModuleName":"in_sysmon","SourceModuleType":"im_msvistalog"}
<14>Jun 20 19:12:10 win-server.lunarstiiiness.com Microsoft-Windows-Sysmon[2212]: {"EventTime":1687288328,"Hostname":"win-server.lunarstiiiness.com","Keywords":-9223372036854775808,"EventType":"INFO","SeverityValue":2,"Severity":"INFO","EventID":23,"SourceName":"Microsoft-Windows-Sysmon","ProviderGuid":"{5770385F-C22A-43E0-BF4C-06F5698FFBD9}","Version":5,"Task":23,"OpcodeValue":0,"RecordNumber":2200879,"ProcessID":2212,"ThreadID":2972,"Channel":"Microsoft-Windows-Sysmon/Operational","Domain":"NT AUTHORITY","AccountName":"SYSTEM","UserID":"S-1-5-18","AccountType":"User","Message":"File Delete archived:\r\nRuleName: -\r\nUtcTime: 2023-06-20 19:12:08.609\r\nProcessGuid: {BE59402F-1814-648B-8C07-000000002400}\r\nProcessId: 884\r\nUser: LUNARSTIIINESS\\tim.smith_admin\r\nImage: C:\\Windows\\System32\\RuntimeBroker.exe\r\nTargetFilename: C:\\Users\\tim.smith_admin\\AppData\\Local\\Packages\\Microsoft.Windows.Cortana_cw5n1h2txyewy\\LocalState\\ConstraintIndex\\Apps_{a5786e80-5e1a-4656-8069-b5fa9c2dc311}\\0.1.filtertrie.intermediate.txt\r\nHashes: SHA1=5F96D66F33C81C0B10DF2128D3860E3CB7E89563,MD5=34BD1DFB9F72CF4F86E6DF6DA0A9E49A,SHA256=8E1E6A3D56796A245D0C7B0849548932FEE803BBDB03F6E289495830E017F14C,IMPHASH=00000000000000000000000000000000\r\nIsExecutable: false\r\nArchived: true","Category":"File Delete archived (rule: FileDelete)","Opcode":"Info","RuleName":"-","UtcTime":"2023-06-20 19:12:08.609","ProcessGuid":"{BE59402F-1814-648B-8C07-000000002400}","User":"LUNARSTIIINESS\\tim.smith_admin","Image":"C:\\Windows\\System32\\RuntimeBroker.exe","TargetFilename":"C:\\Users\\tim.smith_admin\\AppData\\Local\\Packages\\Microsoft.Windows.Cortana_cw5n1h2txyewy\\LocalState\\ConstraintIndex\\Apps_{a5786e80-5e1a-4656-8069-b5fa9c2dc311}\\0.1.filtertrie.intermediate.txt","Hashes":"SHA1=5F96D66F33C81C0B10DF2128D3860E3CB7E89563,MD5=34BD1DFB9F72CF4F86E6DF6DA0A9E49A,SHA256=8E1E6A3D56796A245D0C7B0849548932FEE803BBDB03F6E289495830E017F14C,IMPHASH=00000000000000000000000000000000","IsExecutable":"false","Archived":"true","EventReceivedTime":1687288330,"SourceModuleName":"in_sysmon","SourceModuleType":"im_msvistalog"}
<14>Jun 20 19:12:10 win-server.lunarstiiiness.com Microsoft-Windows-Sysmon[2212]: {"EventTime":1687288328,"Hostname":"win-server.lunarstiiiness.com","Keywords":-9223372036854775808,"EventType":"INFO","SeverityValue":2,"Severity":"INFO","EventID":23,"SourceName":"Microsoft-Windows-Sysmon","ProviderGuid":"{5770385F-C22A-43E0-BF4C-06F5698FFBD9}","Version":5,"Task":23,"OpcodeValue":0,"RecordNumber":2200878,"ProcessID":2212,"ThreadID":2972,"Channel":"Microsoft-Windows-Sysmon/Operational","Domain":"NT AUTHORITY","AccountName":"SYSTEM","UserID":"S-1-5-18","AccountType":"User","Message":"File Delete archived:\r\nRuleName: -\r\nUtcTime: 2023-06-20 19:12:08.609\r\nProcessGuid: {BE59402F-1814-648B-8C07-000000002400}\r\nProcessId: 884\r\nUser: LUNARSTIIINESS\\tim.smith_admin\r\nImage: C:\\Windows\\System32\\RuntimeBroker.exe\r\nTargetFilename: C:\\Users\\tim.smith_admin\\AppData\\Local\\Packages\\Microsoft.Windows.Cortana_cw5n1h2txyewy\\LocalState\\ConstraintIndex\\Apps_{a5786e80-5e1a-4656-8069-b5fa9c2dc311}\\0.0.filtertrie.intermediate.txt\r\nHashes: SHA1=E0B8C29137E2F848D24BF9B4C2F44841BD423547,MD5=B9A22544A1B6D09ED6904B00E9F43A73,SHA256=827055261908A2880BA16256673CCB5BEF83CF5B16731787B9046B28814FE185,IMPHASH=00000000000000000000000000000000\r\nIsExecutable: false\r\nArchived: true","Category":"File Delete archived (rule: FileDelete)","Opcode":"Info","RuleName":"-","UtcTime":"2023-06-20 19:12:08.609","ProcessGuid":"{BE59402F-1814-648B-8C07-000000002400}","User":"LUNARSTIIINESS\\tim.smith_admin","Image":"C:\\Windows\\System32\\RuntimeBroker.exe","TargetFilename":"C:\\Users\\tim.smith_admin\\AppData\\Local\\Packages\\Microsoft.Windows.Cortana_cw5n1h2txyewy\\LocalState\\ConstraintIndex\\Apps_{a5786e80-5e1a-4656-8069-b5fa9c2dc311}\\0.0.filtertrie.intermediate.txt","Hashes":"SHA1=E0B8C29137E2F848D24BF9B4C2F44841BD423547,MD5=B9A22544A1B6D09ED6904B00E9F43A73,SHA256=827055261908A2880BA16256673CCB5BEF83CF5B16731787B9046B28814FE185,IMPHASH=00000000000000000000000000000000","IsExecutable":"false","Archived":"true","EventReceivedTime":1687288330,"SourceModuleName":"in_sysmon","SourceModuleType":"im_msvistalog"}
<14>Jun 20 19:12:10 win-server.lunarstiiiness.com Microsoft-Windows-Sysmon[2212]: {"EventTime":1687288328,"Hostname":"win-server.lunarstiiiness.com","Keywords":-9223372036854775808,"EventType":"INFO","SeverityValue":2,"Severity":"INFO","EventID":23,"SourceName":"Microsoft-Windows-Sysmon","ProviderGuid":"{5770385F-C22A-43E0-BF4C-06F5698FFBD9}","Version":5,"Task":23,"OpcodeValue":0,"RecordNumber":2200880,"ProcessID":2212,"ThreadID":2972,"Channel":"Microsoft-Windows-Sysmon/Operational","Domain":"NT AUTHORITY","AccountName":"SYSTEM","UserID":"S-1-5-18","AccountType":"User","Message":"File Delete archived:\r\nRuleName: -\r\nUtcTime: 2023-06-20 19:12:08.625\r\nProcessGuid: {BE59402F-1814-648B-8C07-000000002400}\r\nProcessId: 884\r\nUser: LUNARSTIIINESS\\tim.smith_admin\r\nImage: C:\\Windows\\System32\\RuntimeBroker.exe\r\nTargetFilename: C:\\Users\\tim.smith_admin\\AppData\\Local\\Packages\\Microsoft.Windows.Cortana_cw5n1h2txyewy\\LocalState\\ConstraintIndex\\Apps_{a5786e80-5e1a-4656-8069-b5fa9c2dc311}\\0.2.filtertrie.intermediate.txt\r\nHashes: SHA1=7D23864F5E2A12C1A5F93B555D2D3E7C8F78EEC1,MD5=C204E9FAAF8565AD333828BEFF2D786E,SHA256=D65B6A3BF11A27A1CED1F7E98082246E40CF01289FD47FE4A5ED46C221F2F73F,IMPHASH=00000000000000000000000000000000\r\nIsExecutable: false\r\nArchived: true","Category":"File Delete archived (rule: FileDelete)","Opcode":"Info","RuleName":"-","UtcTime":"2023-06-20 19:12:08.625","ProcessGuid":"{BE59402F-1814-648B-8C07-000000002400}","User":"LUNARSTIIINESS\\tim.smith_admin","Image":"C:\\Windows\\System32\\RuntimeBroker.exe","TargetFilename":"C:\\Users\\tim.smith_admin\\AppData\\Local\\Packages\\Microsoft.Windows.Cortana_cw5n1h2txyewy\\LocalState\\ConstraintIndex\\Apps_{a5786e80-5e1a-4656-8069-b5fa9c2dc311}\\0.2.filtertrie.intermediate.txt","Hashes":"SHA1=7D23864F5E2A12C1A5F93B555D2D3E7C8F78EEC1,MD5=C204E9FAAF8565AD333828BEFF2D786E,SHA256=D65B6A3BF11A27A1CED1F7E98082246E40CF01289FD47FE4A5ED46C221F2F73F,IMPHASH=00000000000000000000000000000000","IsExecutable":"false","Archived":"true","EventReceivedTime":1687288330,"SourceModuleName":"in_sysmon","SourceModuleType":"im_msvistalog"}
<14>Jun 20 19:12:10 win-server.lunarstiiiness.com Microsoft-Windows-Sysmon[2212]: {"EventTime":1687288328,"Hostname":"win-server.lunarstiiiness.com","Keywords":-9223372036854775808,"EventType":"INFO","SeverityValue":2,"Severity":"INFO","EventID":23,"SourceName":"Microsoft-Windows-Sysmon","ProviderGuid":"{5770385F-C22A-43E0-BF4C-06F5698FFBD9}","Version":5,"Task":23,"OpcodeValue":0,"RecordNumber":2200882,"ProcessID":2212,"ThreadID":2972,"Channel":"Microsoft-Windows-Sysmon/Operational","Domain":"NT AUTHORITY","AccountName":"SYSTEM","UserID":"S-1-5-18","AccountType":"User","Message":"File Delete archived:\r\nRuleName: -\r\nUtcTime: 2023-06-20 19:12:08.625\r\nProcessGuid: {BE59402F-1814-648B-8C07-000000002400}\r\nProcessId: 884\r\nUser: LUNARSTIIINESS\\tim.smith_admin\r\nImage: C:\\Windows\\System32\\RuntimeBroker.exe\r\nTargetFilename: C:\\Users\\tim.smith_admin\\AppData\\Local\\Packages\\Microsoft.Windows.Cortana_cw5n1h2txyewy\\LocalState\\ConstraintIndex\\Apps_{a5786e80-5e1a-4656-8069-b5fa9c2dc311}\\Apps.data\r\nHashes: SHA1=DA479C497BC2BD5FD50A2487CD303614A75E729E,MD5=B306BBBF4822ADD3632EFB33EB6D6B59,SHA256=C516DC9BF6E5F953167653B62A9336339FA120612A8FE1683FE9328A7C420D97,IMPHASH=00000000000000000000000000000000\r\nIsExecutable: false\r\nArchived: true","Category":"File Delete archived (rule: FileDelete)","Opcode":"Info","RuleName":"-","UtcTime":"2023-06-20 19:12:08.625","ProcessGuid":"{BE59402F-1814-648B-8C07-000000002400}","User":"LUNARSTIIINESS\\tim.smith_admin","Image":"C:\\Windows\\System32\\RuntimeBroker.exe","TargetFilename":"C:\\Users\\tim.smith_admin\\AppData\\Local\\Packages\\Microsoft.Windows.Cortana_cw5n1h2txyewy\\LocalState\\ConstraintIndex\\Apps_{a5786e80-5e1a-4656-8069-b5fa9c2dc311}\\Apps.data","Hashes":"SHA1=DA479C497BC2BD5FD50A2487CD303614A75E729E,MD5=B306BBBF4822ADD3632EFB33EB6D6B59,SHA256=C516DC9BF6E5F953167653B62A9336339FA120612A8FE1683FE9328A7C420D97,IMPHASH=00000000000000000000000000000000","IsExecutable":"false","Archived":"true","EventReceivedTime":1687288330,"SourceModuleName":"in_sysmon","SourceModuleType":"im_msvistalog"}
<14>Jun 20 19:12:10 win-server.lunarstiiiness.com Microsoft-Windows-Sysmon[2212]: {"EventTime":1687288328,"Hostname":"win-server.lunarstiiiness.com","Keywords":-9223372036854775808,"EventType":"INFO","SeverityValue":2,"Severity":"INFO","EventID":23,"SourceName":"Microsoft-Windows-Sysmon","ProviderGuid":"{5770385F-C22A-43E0-BF4C-06F5698FFBD9}","Version":5,"Task":23,"OpcodeValue":0,"RecordNumber":2200881,"ProcessID":2212,"ThreadID":2972,"Channel":"Microsoft-Windows-Sysmon/Operational","Domain":"NT AUTHORITY","AccountName":"SYSTEM","UserID":"S-1-5-18","AccountType":"User","Message":"File Delete archived:\r\nRuleName: -\r\nUtcTime: 2023-06-20 19:12:08.625\r\nProcessGuid: {BE59402F-1814-648B-8C07-000000002400}\r\nProcessId: 884\r\nUser: LUNARSTIIINESS\\tim.smith_admin\r\nImage: C:\\Windows\\System32\\RuntimeBroker.exe\r\nTargetFilename: C:\\Users\\tim.smith_admin\\AppData\\Local\\Packages\\Microsoft.Windows.Cortana_cw5n1h2txyewy\\LocalState\\ConstraintIndex\\Apps_{86ecfafb-26ea-442e-9960-07f14769c13b}\\0.0.filtertrie.intermediate.txt\r\nHashes: SHA1=07CF2AB418D6FB139B689FC749D19A2C7CEFA018,MD5=8EBE86D1E793568C4CDBFF9E959D5132,SHA256=93B6F2F408C6D5828CF3B801836983E3FAF81DBA86C422CB81D2719CA0972579,IMPHASH=00000000000000000000000000000000\r\nIsExecutable: false\r\nArchived: true","Category":"File Delete archived (rule: FileDelete)","Opcode":"Info","RuleName":"-","UtcTime":"2023-06-20 19:12:08.625","ProcessGuid":"{BE59402F-1814-648B-8C07-000000002400}","User":"LUNARSTIIINESS\\tim.smith_admin","Image":"C:\\Windows\\System32\\RuntimeBroker.exe","TargetFilename":"C:\\Users\\tim.smith_admin\\AppData\\Local\\Packages\\Microsoft.Windows.Cortana_cw5n1h2txyewy\\LocalState\\ConstraintIndex\\Apps_{86ecfafb-26ea-442e-9960-07f14769c13b}\\0.0.filtertrie.intermediate.txt","Hashes":"SHA1=07CF2AB418D6FB139B689FC749D19A2C7CEFA018,MD5=8EBE86D1E793568C4CDBFF9E959D5132,SHA256=93B6F2F408C6D5828CF3B801836983E3FAF81DBA86C422CB81D2719CA0972579,IMPHASH=00000000000000000000000000000000","IsExecutable":"false","Archived":"true","EventReceivedTime":1687288330,"SourceModuleName":"in_sysmon","SourceModuleType":"im_msvistalog"}
<14>Jun 20 19:12:10 win-server.lunarstiiiness.com Microsoft-Windows-Sysmon[2212]: {"EventTime":1687288328,"Hostname":"win-server.lunarstiiiness.com","Keywords":-9223372036854775808,"EventType":"INFO","SeverityValue":2,"Severity":"INFO","EventID":23,"SourceName":"Microsoft-Windows-Sysmon","ProviderGuid":"{5770385F-C22A-43E0-BF4C-06F5698FFBD9}","Version":5,"Task":23,"OpcodeValue":0,"RecordNumber":2200883,"ProcessID":2212,"ThreadID":2972,"Channel":"Microsoft-Windows-Sysmon/Operational","Domain":"NT AUTHORITY","AccountName":"SYSTEM","UserID":"S-1-5-18","AccountType":"User","Message":"File Delete archived:\r\nRuleName: -\r\nUtcTime: 2023-06-20 19:12:08.640\r\nProcessGuid: {BE59402F-1814-648B-8C07-000000002400}\r\nProcessId: 884\r\nUser: LUNARSTIIINESS\\tim.smith_admin\r\nImage: C:\\Windows\\System32\\RuntimeBroker.exe\r\nTargetFilename: C:\\Users\\tim.smith_admin\\AppData\\Local\\Packages\\Microsoft.Windows.Cortana_cw5n1h2txyewy\\LocalState\\ConstraintIndex\\Apps_{86ecfafb-26ea-442e-9960-07f14769c13b}\\0.1.filtertrie.intermediate.txt\r\nHashes: SHA1=5F96D66F33C81C0B10DF2128D3860E3CB7E89563,MD5=34BD1DFB9F72CF4F86E6DF6DA0A9E49A,SHA256=8E1E6A3D56796A245D0C7B0849548932FEE803BBDB03F6E289495830E017F14C,IMPHASH=00000000000000000000000000000000\r\nIsExecutable: false\r\nArchived: true","Category":"File Delete archived (rule: FileDelete)","Opcode":"Info","RuleName":"-","UtcTime":"2023-06-20 19:12:08.640","ProcessGuid":"{BE59402F-1814-648B-8C07-000000002400}","User":"LUNARSTIIINESS\\tim.smith_admin","Image":"C:\\Windows\\System32\\RuntimeBroker.exe","TargetFilename":"C:\\Users\\tim.smith_admin\\AppData\\Local\\Packages\\Microsoft.Windows.Cortana_cw5n1h2txyewy\\LocalState\\ConstraintIndex\\Apps_{86ecfafb-26ea-442e-9960-07f14769c13b}\\0.1.filtertrie.intermediate.txt","Hashes":"SHA1=5F96D66F33C81C0B10DF2128D3860E3CB7E89563,MD5=34BD1DFB9F72CF4F86E6DF6DA0A9E49A,SHA256=8E1E6A3D56796A245D0C7B0849548932FEE803BBDB03F6E289495830E017F14C,IMPHASH=00000000000000000000000000000000","IsExecutable":"false","Archived":"true","EventReceivedTime":1687288330,"SourceModuleName":"in_sysmon","SourceModuleType":"im_msvistalog"}
<14>Jun 20 19:12:10 win-server.lunarstiiiness.com Microsoft-Windows-Sysmon[2212]: {"EventTime":1687288328,"Hostname":"win-server.lunarstiiiness.com","Keywords":-9223372036854775808,"EventType":"INFO","SeverityValue":2,"Severity":"INFO","EventID":23,"SourceName":"Microsoft-Windows-Sysmon","ProviderGuid":"{5770385F-C22A-43E0-BF4C-06F5698FFBD9}","Version":5,"Task":23,"OpcodeValue":0,"RecordNumber":2200885,"ProcessID":2212,"ThreadID":2972,"Channel":"Microsoft-Windows-Sysmon/Operational","Domain":"NT AUTHORITY","AccountName":"SYSTEM","UserID":"S-1-5-18","AccountType":"User","Message":"File Delete archived:\r\nRuleName: -\r\nUtcTime: 2023-06-20 19:12:08.640\r\nProcessGuid: {BE59402F-1814-648B-8C07-000000002400}\r\nProcessId: 884\r\nUser: LUNARSTIIINESS\\tim.smith_admin\r\nImage: C:\\Windows\\System32\\RuntimeBroker.exe\r\nTargetFilename: C:\\Users\\tim.smith_admin\\AppData\\Local\\Packages\\Microsoft.Windows.Cortana_cw5n1h2txyewy\\LocalState\\ConstraintIndex\\Apps_{86ecfafb-26ea-442e-9960-07f14769c13b}\\0.2.filtertrie.intermediate.txt\r\nHashes: SHA1=7D23864F5E2A12C1A5F93B555D2D3E7C8F78EEC1,MD5=C204E9FAAF8565AD333828BEFF2D786E,SHA256=D65B6A3BF11A27A1CED1F7E98082246E40CF01289FD47FE4A5ED46C221F2F73F,IMPHASH=00000000000000000000000000000000\r\nIsExecutable: false\r\nArchived: true","Category":"File Delete archived (rule: FileDelete)","Opcode":"Info","RuleName":"-","UtcTime":"2023-06-20 19:12:08.640","ProcessGuid":"{BE59402F-1814-648B-8C07-000000002400}","User":"LUNARSTIIINESS\\tim.smith_admin","Image":"C:\\Windows\\System32\\RuntimeBroker.exe","TargetFilename":"C:\\Users\\tim.smith_admin\\AppData\\Local\\Packages\\Microsoft.Windows.Cortana_cw5n1h2txyewy\\LocalState\\ConstraintIndex\\Apps_{86ecfafb-26ea-442e-9960-07f14769c13b}\\0.2.filtertrie.intermediate.txt","Hashes":"SHA1=7D23864F5E2A12C1A5F93B555D2D3E7C8F78EEC1,MD5=C204E9FAAF8565AD333828BEFF2D786E,SHA256=D65B6A3BF11A27A1CED1F7E98082246E40CF01289FD47FE4A5ED46C221F2F73F,IMPHASH=00000000000000000000000000000000","IsExecutable":"false","Archived":"true","EventReceivedTime":1687288330,"SourceModuleName":"in_sysmon","SourceModuleType":"im_msvistalog"}
<14>Jun 20 19:12:10 win-server.lunarstiiiness.com Microsoft-Windows-Sysmon[2212]: {"EventTime":1687288328,"Hostname":"win-server.lunarstiiiness.com","Keywords":-9223372036854775808,"EventType":"INFO","SeverityValue":2,"Severity":"INFO","EventID":23,"SourceName":"Microsoft-Windows-Sysmon","ProviderGuid":"{5770385F-C22A-43E0-BF4C-06F5698FFBD9}","Version":5,"Task":23,"OpcodeValue":0,"RecordNumber":2200884,"ProcessID":2212,"ThreadID":2972,"Channel":"Microsoft-Windows-Sysmon/Operational","Domain":"NT AUTHORITY","AccountName":"SYSTEM","UserID":"S-1-5-18","AccountType":"User","Message":"File Delete archived:\r\nRuleName: -\r\nUtcTime: 2023-06-20 19:12:08.640\r\nProcessGuid: {BE59402F-1814-648B-8C07-000000002400}\r\nProcessId: 884\r\nUser: LUNARSTIIINESS\\tim.smith_admin\r\nImage: C:\\Windows\\System32\\RuntimeBroker.exe\r\nTargetFilename: C:\\Users\\tim.smith_admin\\AppData\\Local\\Packages\\Microsoft.Windows.Cortana_cw5n1h2txyewy\\LocalState\\ConstraintIndex\\Apps_{a5786e80-5e1a-4656-8069-b5fa9c2dc311}\\Apps.ft\r\nHashes: SHA1=C259DFD78697977AB70D75C91864CBE3611254AC,MD5=1BEABACCB88254C43F078C8BBAA71699,SHA256=BCD08FD723BD9A8792DF55107F1D65271EA4CCFE528BD51F3A14C45BA9F5265F,IMPHASH=00000000000000000000000000000000\r\nIsExecutable: false\r\nArchived: true","Category":"File Delete archived (rule: FileDelete)","Opcode":"Info","RuleName":"-","UtcTime":"2023-06-20 19:12:08.640","ProcessGuid":"{BE59402F-1814-648B-8C07-000000002400}","User":"LUNARSTIIINESS\\tim.smith_admin","Image":"C:\\Windows\\System32\\RuntimeBroker.exe","TargetFilename":"C:\\Users\\tim.smith_admin\\AppData\\Local\\Packages\\Microsoft.Windows.Cortana_cw5n1h2txyewy\\LocalState\\ConstraintIndex\\Apps_{a5786e80-5e1a-4656-8069-b5fa9c2dc311}\\Apps.ft","Hashes":"SHA1=C259DFD78697977AB70D75C91864CBE3611254AC,MD5=1BEABACCB88254C43F078C8BBAA71699,SHA256=BCD08FD723BD9A8792DF55107F1D65271EA4CCFE528BD51F3A14C45BA9F5265F,IMPHASH=00000000000000000000000000000000","IsExecutable":"false","Archived":"true","EventReceivedTime":1687288330,"SourceModuleName":"in_sysmon","SourceModuleType":"im_msvistalog"}
<14>Jun 20 19:12:10 win-server.lunarstiiiness.com Microsoft-Windows-Sysmon[2212]: {"EventTime":1687288328,"Hostname":"win-server.lunarstiiiness.com","Keywords":-9223372036854775808,"EventType":"INFO","SeverityValue":2,"Severity":"INFO","EventID":23,"SourceName":"Microsoft-Windows-Sysmon","ProviderGuid":"{5770385F-C22A-43E0-BF4C-06F5698FFBD9}","Version":5,"Task":23,"OpcodeValue":0,"RecordNumber":2200888,"ProcessID":2212,"ThreadID":2972,"Channel":"Microsoft-Windows-Sysmon/Operational","Domain":"NT AUTHORITY","AccountName":"SYSTEM","UserID":"S-1-5-18","AccountType":"User","Message":"File Delete archived:\r\nRuleName: -\r\nUtcTime: 2023-06-20 19:12:08.656\r\nProcessGuid: {BE59402F-1814-648B-8C07-000000002400}\r\nProcessId: 884\r\nUser: LUNARSTIIINESS\\tim.smith_admin\r\nImage: C:\\Windows\\System32\\RuntimeBroker.exe\r\nTargetFilename: C:\\Users\\tim.smith_admin\\AppData\\Local\\Packages\\Microsoft.Windows.Cortana_cw5n1h2txyewy\\LocalState\\ConstraintIndex\\Apps_{86ecfafb-26ea-442e-9960-07f14769c13b}\\Apps.ft\r\nHashes: SHA1=DA5B69B2CE2BD231897F9C9114D1279004B2AD60,MD5=D9D2D86E89565B875E76D447CE7C6260,SHA256=9972251C632660C4AAC9353AF1EE922F88EC26A3B3B899022FE0A6F0F9F78A8D,IMPHASH=00000000000000000000000000000000\r\nIsExecutable: false\r\nArchived: true","Category":"File Delete archived (rule: FileDelete)","Opcode":"Info","RuleName":"-","UtcTime":"2023-06-20 19:12:08.656","ProcessGuid":"{BE59402F-1814-648B-8C07-000000002400}","User":"LUNARSTIIINESS\\tim.smith_admin","Image":"C:\\Windows\\System32\\RuntimeBroker.exe","TargetFilename":"C:\\Users\\tim.smith_admin\\AppData\\Local\\Packages\\Microsoft.Windows.Cortana_cw5n1h2txyewy\\LocalState\\ConstraintIndex\\Apps_{86ecfafb-26ea-442e-9960-07f14769c13b}\\Apps.ft","Hashes":"SHA1=DA5B69B2CE2BD231897F9C9114D1279004B2AD60,MD5=D9D2D86E89565B875E76D447CE7C6260,SHA256=9972251C632660C4AAC9353AF1EE922F88EC26A3B3B899022FE0A6F0F9F78A8D,IMPHASH=00000000000000000000000000000000","IsExecutable":"false","Archived":"true","EventReceivedTime":1687288330,"SourceModuleName":"in_sysmon","SourceModuleType":"im_msvistalog"}
<14>Jun 20 19:12:10 win-server.lunarstiiiness.com Microsoft-Windows-Sysmon[2212]: {"EventTime":1687288328,"Hostname":"win-server.lunarstiiiness.com","Keywords":-9223372036854775808,"EventType":"INFO","SeverityValue":2,"Severity":"INFO","EventID":23,"SourceName":"Microsoft-Windows-Sysmon","ProviderGuid":"{5770385F-C22A-43E0-BF4C-06F5698FFBD9}","Version":5,"Task":23,"OpcodeValue":0,"RecordNumber":2200886,"ProcessID":2212,"ThreadID":2972,"Channel":"Microsoft-Windows-Sysmon/Operational","Domain":"NT AUTHORITY","AccountName":"SYSTEM","UserID":"S-1-5-18","AccountType":"User","Message":"File Delete archived:\r\nRuleName: -\r\nUtcTime: 2023-06-20 19:12:08.656\r\nProcessGuid: {BE59402F-1814-648B-8C07-000000002400}\r\nProcessId: 884\r\nUser: LUNARSTIIINESS\\tim.smith_admin\r\nImage: C:\\Windows\\System32\\RuntimeBroker.exe\r\nTargetFilename: C:\\Users\\tim.smith_admin\\AppData\\Local\\Packages\\Microsoft.Windows.Cortana_cw5n1h2txyewy\\LocalState\\ConstraintIndex\\Apps_{86ecfafb-26ea-442e-9960-07f14769c13b}\\Apps.data\r\nHashes: SHA1=FBF94E63BAA56F419D894B0715343D6CB8E5AF99,MD5=8DDF8C7C921343D57501551B6B5D188C,SHA256=47573E6471BA56E331DC26FE6BF6AA0A21DF04A749B4A3D7B6225610AE29E1C9,IMPHASH=00000000000000000000000000000000\r\nIsExecutable: false\r\nArchived: true","Category":"File Delete archived (rule: FileDelete)","Opcode":"Info","RuleName":"-","UtcTime":"2023-06-20 19:12:08.656","ProcessGuid":"{BE59402F-1814-648B-8C07-000000002400}","User":"LUNARSTIIINESS\\tim.smith_admin","Image":"C:\\Windows\\System32\\RuntimeBroker.exe","TargetFilename":"C:\\Users\\tim.smith_admin\\AppData\\Local\\Packages\\Microsoft.Windows.Cortana_cw5n1h2txyewy\\LocalState\\ConstraintIndex\\Apps_{86ecfafb-26ea-442e-9960-07f14769c13b}\\Apps.data","Hashes":"SHA1=FBF94E63BAA56F419D894B0715343D6CB8E5AF99,MD5=8DDF8C7C921343D57501551B6B5D188C,SHA256=47573E6471BA56E331DC26FE6BF6AA0A21DF04A749B4A3D7B6225610AE29E1C9,IMPHASH=00000000000000000000000000000000","IsExecutable":"false","Archived":"true","EventReceivedTime":1687288330,"SourceModuleName":"in_sysmon","SourceModuleType":"im_msvistalog"}
