<14>Jun 20 19:15:57 win-server.lunarstiiiness.com Microsoft-Windows-Sysmon[2212]: {"EventTime":1687288556,"Hostname":"win-server.lunarstiiiness.com","Keywords":-9223372036854775808,"EventType":"INFO","SeverityValue":2,"Severity":"INFO","EventID":23,"SourceName":"Microsoft-Windows-Sysmon","ProviderGuid":"{5770385F-C22A-43E0-BF4C-06F5698FFBD9}","Version":5,"Task":23,"OpcodeValue":0,"RecordNumber":2201054,"ProcessID":2212,"ThreadID":2972,"Channel":"Microsoft-Windows-Sysmon/Operational","Domain":"NT AUTHORITY","AccountName":"SYSTEM","UserID":"S-1-5-18","AccountType":"User","Message":"File Delete archived:\r\nRuleName: -\r\nUtcTime: 2023-06-20 19:15:56.484\r\nProcessGuid: {BE59402F-B8EE-6491-D10D-000000002400}\r\nProcessId: 1160\r\nUser: LUNARSTIIINESS\\tim.smith_admin\r\nImage: C:\\Program Files\\Mozilla Firefox\\firefox.exe\r\nTargetFilename: C:\\Users\\tim.smith_admin\\AppData\\Local\\Mozilla\\Firefox\\Profiles\\a62ctjal.default-release\\cache2\\entries\\FEB347C891FB5382F805CB2B00FDF7BA18FA8374\r\nHashes: SHA1=7C5668E4C6319244A15F2FE08863F19D0537B34E,MD5=3E83BAF4C8DCF140420B146D25E4966A,SHA256=080FC0178B6B61DCFE3AD3B75E947E3899158D8833375917B5AD076720A8BD2D,IMPHASH=00000000000000000000000000000000\r\nIsExecutable: false\r\nArchived: true","Category":"File Delete archived (rule: FileDelete)","Opcode":"Info","RuleName":"-","UtcTime":"2023-06-20 19:15:56.484","ProcessGuid":"{BE59402F-B8EE-6491-D10D-000000002400}","User":"LUNARSTIIINESS\\tim.smith_admin","Image":"C:\\Program Files\\Mozilla Firefox\\firefox.exe","TargetFilename":"C:\\Users\\tim.smith_admin\\AppData\\Local\\Mozilla\\Firefox\\Profiles\\a62ctjal.default-release\\cache2\\entries\\FEB347C891FB5382F805CB2B00FDF7BA18FA8374","Hashes":"SHA1=7C5668E4C6319244A15F2FE08863F19D0537B34E,MD5=3E83BAF4C8DCF140420B146D25E4966A,SHA256=080FC0178B6B61DCFE3AD3B75E947E3899158D8833375917B5AD076720A8BD2D,IMPHASH=00000000000000000000000000000000","IsExecutable":"false","Archived":"true","EventReceivedTime":1687288557,"SourceModuleName":"in_sysmon","SourceModuleType":"im_msvistalog"}
<14>Jun 20 19:15:57 win-server.lunarstiiiness.com Microsoft-Windows-Sysmon[2212]: {"EventTime":1687288556,"Hostname":"win-server.lunarstiiiness.com","Keywords":-9223372036854775808,"EventType":"INFO","SeverityValue":2,"Severity":"INFO","EventID":23,"SourceName":"Microsoft-Windows-Sysmon","ProviderGuid":"{5770385F-C22A-43E0-BF4C-06F5698FFBD9}","Version":5,"Task":23,"OpcodeValue":0,"RecordNumber":2201058,"ProcessID":2212,"ThreadID":2972,"Channel":"Microsoft-Windows-Sysmon/Operational","Domain":"NT AUTHORITY","AccountName":"SYSTEM","UserID":"S-1-5-18","AccountType":"User","Message":"File Delete archived:\r\nRuleName: -\r\nUtcTime: 2023-06-20 19:15:56.500\r\nProcessGuid: {BE59402F-B8EE-6491-D10D-000000002400}\r\nProcessId: 1160\r\nUser: LUNARSTIIINESS\\tim.smith_admin\r\nImage: C:\\Program Files\\Mozilla Firefox\\firefox.exe\r\nTargetFilename: C:\\Users\\tim.smith_admin\\AppData\\Local\\Mozilla\\Firefox\\Profiles\\a62ctjal.default-release\\cache2\\entries\\98045490403BC70671B9D489D43CB3BF67C5D51B\r\nHashes: SHA1=E0D87F015300A04E64E6057074ABA852750B9EBB,MD5=02671B083C658B0949072D2A21C949ED,SHA256=EBB1BDF088F2CF07E16E99772BFBFC48E93C53D4741AFA547262653977E7B004,IMPHASH=00000000000000000000000000000000\r\nIsExecutable: false\r\nArchived: true","Category":"File Delete archived (rule: FileDelete)","Opcode":"Info","RuleName":"-","UtcTime":"2023-06-20 19:15:56.500","ProcessGuid":"{BE59402F-B8EE-6491-D10D-000000002400}","User":"LUNARSTIIINESS\\tim.smith_admin","Image":"C:\\Program Files\\Mozilla Firefox\\firefox.exe","TargetFilename":"C:\\Users\\tim.smith_admin\\AppData\\Local\\Mozilla\\Firefox\\Profiles\\a62ctjal.default-release\\cache2\\entries\\98045490403BC70671B9D489D43CB3BF67C5D51B","Hashes":"SHA1=E0D87F015300A04E64E6057074ABA852750B9EBB,MD5=02671B083C658B0949072D2A21C949ED,SHA256=EBB1BDF088F2CF07E16E99772BFBFC48E93C53D4741AFA547262653977E7B004,IMPHASH=00000000000000000000000000000000","IsExecutable":"false","Archived":"true","EventReceivedTime":1687288557,"SourceModuleName":"in_sysmon","SourceModuleType":"im_msvistalog"}
<14>Jun 20 19:15:57 win-server.lunarstiiiness.com Microsoft-Windows-Sysmon[2212]: {"EventTime":1687288556,"Hostname":"win-server.lunarstiiiness.com","Keywords":-9223372036854775808,"EventType":"INFO","SeverityValue":2,"Severity":"INFO","EventID":23,"SourceName":"Microsoft-Windows-Sysmon","ProviderGuid":"{5770385F-C22A-43E0-BF4C-06F5698FFBD9}","Version":5,"Task":23,"OpcodeValue":0,"RecordNumber":2201057,"ProcessID":2212,"ThreadID":2972,"Channel":"Microsoft-Windows-Sysmon/Operational","Domain":"NT AUTHORITY","AccountName":"SYSTEM","UserID":"S-1-5-18","AccountType":"User","Message":"File Delete archived:\r\nRuleName: -\r\nUtcTime: 2023-06-20 19:15:56.500\r\nProcessGuid: {BE59402F-B8EE-6491-D10D-000000002400}\r\nProcessId: 1160\r\nUser: LUNARSTIIINESS\\tim.smith_admin\r\nImage: C:\\Program Files\\Mozilla Firefox\\firefox.exe\r\nTargetFilename: C:\\Users\\tim.smith_admin\\AppData\\Local\\Mozilla\\Firefox\\Profiles\\a62ctjal.default-release\\cache2\\entries\\E89EE1510267C53069347ACB6A4B42E10417C09E\r\nHashes: SHA1=A5725AB1EB92955C7EE246AC900968C2C27DF1EB,MD5=8FC3924167A227EBEA2F680139B72B70,SHA256=9EBCDAF9CBBCF24A36385AFD94E96E78D1F3962612A0D0353B1A2AFB9260E751,IMPHASH=00000000000000000000000000000000\r\nIsExecutable: false\r\nArchived: true","Category":"File Delete archived (rule: FileDelete)","Opcode":"Info","RuleName":"-","UtcTime":"2023-06-20 19:15:56.500","ProcessGuid":"{BE59402F-B8EE-6491-D10D-000000002400}","User":"LUNARSTIIINESS\\tim.smith_admin","Image":"C:\\Program Files\\Mozilla Firefox\\firefox.exe","TargetFilename":"C:\\Users\\tim.smith_admin\\AppData\\Local\\Mozilla\\Firefox\\Profiles\\a62ctjal.default-release\\cache2\\entries\\E89EE1510267C53069347ACB6A4B42E10417C09E","Hashes":"SHA1=A5725AB1EB92955C7EE246AC900968C2C27DF1EB,MD5=8FC3924167A227EBEA2F680139B72B70,SHA256=9EBCDAF9CBBCF24A36385AFD94E96E78D1F3962612A0D0353B1A2AFB9260E751,IMPHASH=00000000000000000000000000000000","IsExecutable":"false","Archived":"true","EventReceivedTime":1687288557,"SourceModuleName":"in_sysmon","SourceModuleType":"im_msvistalog"}
<14>Jun 20 19:15:57 win-server.lunarstiiiness.com Microsoft-Windows-Sysmon[2212]: {"EventTime":1687288556,"Hostname":"win-server.lunarstiiiness.com","Keywords":-9223372036854775808,"EventType":"INFO","SeverityValue":2,"Severity":"INFO","EventID":23,"SourceName":"Microsoft-Windows-Sysmon","ProviderGuid":"{5770385F-C22A-43E0-BF4C-06F5698FFBD9}","Version":5,"Task":23,"OpcodeValue":0,"RecordNumber":2201056,"ProcessID":2212,"ThreadID":2972,"Channel":"Microsoft-Windows-Sysmon/Operational","Domain":"NT AUTHORITY","AccountName":"SYSTEM","UserID":"S-1-5-18","AccountType":"User","Message":"File Delete archived:\r\nRuleName: -\r\nUtcTime: 2023-06-20 19:15:56.500\r\nProcessGuid: {BE59402F-B8EE-6491-D10D-000000002400}\r\nProcessId: 1160\r\nUser: LUNARSTIIINESS\\tim.smith_admin\r\nImage: C:\\Program Files\\Mozilla Firefox\\firefox.exe\r\nTargetFilename: C:\\Users\\tim.smith_admin\\AppData\\Local\\Mozilla\\Firefox\\Profiles\\a62ctjal.default-release\\cache2\\entries\\0F2CA688C13EDEB4608B18B8CB3484AF3C4CB2DD\r\nHashes: SHA1=3AF53BB6C0912014E0DFC820B72A9A07B172A9A9,MD5=11CB58D65657CA95A9B9C21EA4DB34CA,SHA256=70A2CE3200D283571F6EBCFD54A0B9DEB93D17A02860602BDCC74F383107F782,IMPHASH=00000000000000000000000000000000\r\nIsExecutable: false\r\nArchived: true","Category":"File Delete archived (rule: FileDelete)","Opcode":"Info","RuleName":"-","UtcTime":"2023-06-20 19:15:56.500","ProcessGuid":"{BE59402F-B8EE-6491-D10D-000000002400}","User":"LUNARSTIIINESS\\tim.smith_admin","Image":"C:\\Program Files\\Mozilla Firefox\\firefox.exe","TargetFilename":"C:\\Users\\tim.smith_admin\\AppData\\Local\\Mozilla\\Firefox\\Profiles\\a62ctjal.default-release\\cache2\\entries\\0F2CA688C13EDEB4608B18B8CB3484AF3C4CB2DD","Hashes":"SHA1=3AF53BB6C0912014E0DFC820B72A9A07B172A9A9,MD5=11CB58D65657CA95A9B9C21EA4DB34CA,SHA256=70A2CE3200D283571F6EBCFD54A0B9DEB93D17A02860602BDCC74F383107F782,IMPHASH=00000000000000000000000000000000","IsExecutable":"false","Archived":"true","EventReceivedTime":1687288557,"SourceModuleName":"in_sysmon","SourceModuleType":"im_msvistalog"}
<14>Jun 20 19:15:57 win-server.lunarstiiiness.com Microsoft-Windows-Sysmon[2212]: {"EventTime":1687288556,"Hostname":"win-server.lunarstiiiness.com","Keywords":-9223372036854775808,"EventType":"INFO","SeverityValue":2,"Severity":"INFO","EventID":23,"SourceName":"Microsoft-Windows-Sysmon","ProviderGuid":"{5770385F-C22A-43E0-BF4C-06F5698FFBD9}","Version":5,"Task":23,"OpcodeValue":0,"RecordNumber":2201055,"ProcessID":2212,"ThreadID":2972,"Channel":"Microsoft-Windows-Sysmon/Operational","Domain":"NT AUTHORITY","AccountName":"SYSTEM","UserID":"S-1-5-18","AccountType":"User","Message":"File Delete archived:\r\nRuleName: -\r\nUtcTime: 2023-06-20 19:15:56.500\r\nProcessGuid: {BE59402F-B8EE-6491-D10D-000000002400}\r\nProcessId: 1160\r\nUser: LUNARSTIIINESS\\tim.smith_admin\r\nImage: C:\\Program Files\\Mozilla Firefox\\firefox.exe\r\nTargetFilename: C:\\Users\\tim.smith_admin\\AppData\\Local\\Mozilla\\Firefox\\Profiles\\a62ctjal.default-release\\cache2\\entries\\A1321F9E13B15032D2C9097E49BEBC7871461015\r\nHashes: SHA1=D1418C994ABB3E5F27BECC52F908FFE067FEA827,MD5=21BB08A69908F6273DF3855D9D553B46,SHA256=06C62BCA7AB428366723B785D6B4021165B62FE76B4ADAB792D7F6ECB3C5B82D,IMPHASH=00000000000000000000000000000000\r\nIsExecutable: false\r\nArchived: true","Category":"File Delete archived (rule: FileDelete)","Opcode":"Info","RuleName":"-","UtcTime":"2023-06-20 19:15:56.500","ProcessGuid":"{BE59402F-B8EE-6491-D10D-000000002400}","User":"LUNARSTIIINESS\\tim.smith_admin","Image":"C:\\Program Files\\Mozilla Firefox\\firefox.exe","TargetFilename":"C:\\Users\\tim.smith_admin\\AppData\\Local\\Mozilla\\Firefox\\Profiles\\a62ctjal.default-release\\cache2\\entries\\A1321F9E13B15032D2C9097E49BEBC7871461015","Hashes":"SHA1=D1418C994ABB3E5F27BECC52F908FFE067FEA827,MD5=21BB08A69908F6273DF3855D9D553B46,SHA256=06C62BCA7AB428366723B785D6B4021165B62FE76B4ADAB792D7F6ECB3C5B82D,IMPHASH=00000000000000000000000000000000","IsExecutable":"false","Archived":"true","EventReceivedTime":1687288557,"SourceModuleName":"in_sysmon","SourceModuleType":"im_msvistalog"}
<14>Jun 20 19:15:57 win-server.lunarstiiiness.com Microsoft-Windows-Sysmon[2212]: {"EventTime":1687288556,"Hostname":"win-server.lunarstiiiness.com","Keywords":-9223372036854775808,"EventType":"INFO","SeverityValue":2,"Severity":"INFO","EventID":23,"SourceName":"Microsoft-Windows-Sysmon","ProviderGuid":"{5770385F-C22A-43E0-BF4C-06F5698FFBD9}","Version":5,"Task":23,"OpcodeValue":0,"RecordNumber":2201061,"ProcessID":2212,"ThreadID":2972,"Channel":"Microsoft-Windows-Sysmon/Operational","Domain":"NT AUTHORITY","AccountName":"SYSTEM","UserID":"S-1-5-18","AccountType":"User","Message":"File Delete archived:\r\nRuleName: -\r\nUtcTime: 2023-06-20 19:15:56.518\r\nProcessGuid: {BE59402F-B8EE-6491-D10D-000000002400}\r\nProcessId: 1160\r\nUser: LUNARSTIIINESS\\tim.smith_admin\r\nImage: C:\\Program Files\\Mozilla Firefox\\firefox.exe\r\nTargetFilename: C:\\Users\\tim.smith_admin\\AppData\\Local\\Mozilla\\Firefox\\Profiles\\a62ctjal.default-release\\cache2\\entries\\C865523B1C82CB5FF89D09C2DCDB01950786643B\r\nHashes: SHA1=C5F899C271FD5CA7CF0F6F1E9F1C8CBE3539003E,MD5=FD5A0AA308628A2D6944F61CD07FAABD,SHA256=14AD9C1D9B7BADC2BDF41A7F16BCC0B81D07D59FD8A5ADACE9D4EA861ABDF968,IMPHASH=00000000000000000000000000000000\r\nIsExecutable: false\r\nArchived: true","Category":"File Delete archived (rule: FileDelete)","Opcode":"Info","RuleName":"-","UtcTime":"2023-06-20 19:15:56.518","ProcessGuid":"{BE59402F-B8EE-6491-D10D-000000002400}","User":"LUNARSTIIINESS\\tim.smith_admin","Image":"C:\\Program Files\\Mozilla Firefox\\firefox.exe","TargetFilename":"C:\\Users\\tim.smith_admin\\AppData\\Local\\Mozilla\\Firefox\\Profiles\\a62ctjal.default-release\\cache2\\entries\\C865523B1C82CB5FF89D09C2DCDB01950786643B","Hashes":"SHA1=C5F899C271FD5CA7CF0F6F1E9F1C8CBE3539003E,MD5=FD5A0AA308628A2D6944F61CD07FAABD,SHA256=14AD9C1D9B7BADC2BDF41A7F16BCC0B81D07D59FD8A5ADACE9D4EA861ABDF968,IMPHASH=00000000000000000000000000000000","IsExecutable":"false","Archived":"true","EventReceivedTime":1687288557,"SourceModuleName":"in_sysmon","SourceModuleType":"im_msvistalog"}
<14>Jun 20 19:15:57 win-server.lunarstiiiness.com Microsoft-Windows-Sysmon[2212]: {"EventTime":1687288556,"Hostname":"win-server.lunarstiiiness.com","Keywords":-9223372036854775808,"EventType":"INFO","SeverityValue":2,"Severity":"INFO","EventID":23,"SourceName":"Microsoft-Windows-Sysmon","ProviderGuid":"{5770385F-C22A-43E0-BF4C-06F5698FFBD9}","Version":5,"Task":23,"OpcodeValue":0,"RecordNumber":2201062,"ProcessID":2212,"ThreadID":2972,"Channel":"Microsoft-Windows-Sysmon/Operational","Domain":"NT AUTHORITY","AccountName":"SYSTEM","UserID":"S-1-5-18","AccountType":"User","Message":"File Delete archived:\r\nRuleName: -\r\nUtcTime: 2023-06-20 19:15:56.518\r\nProcessGuid: {BE59402F-B8EE-6491-D10D-000000002400}\r\nProcessId: 1160\r\nUser: LUNARSTIIINESS\\tim.smith_admin\r\nImage: C:\\Program Files\\Mozilla Firefox\\firefox.exe\r\nTargetFilename: C:\\Users\\tim.smith_admin\\AppData\\Local\\Mozilla\\Firefox\\Profiles\\a62ctjal.default-release\\cache2\\entries\\86C045B0985D601262A22D16B289953052AA9A5D\r\nHashes: SHA1=52F8811DCD3C9BA2FC7BFFEC31DF6E1F4F9944DA,MD5=1D7B8116676243599ECF4F3EB3F9130D,SHA256=DFB045D48C58056E0979D9E801180506C673EEA8E9C055E32EE9EE2B47E7EF3A,IMPHASH=00000000000000000000000000000000\r\nIsExecutable: false\r\nArchived: true","Category":"File Delete archived (rule: FileDelete)","Opcode":"Info","RuleName":"-","UtcTime":"2023-06-20 19:15:56.518","ProcessGuid":"{BE59402F-B8EE-6491-D10D-000000002400}","User":"LUNARSTIIINESS\\tim.smith_admin","Image":"C:\\Program Files\\Mozilla Firefox\\firefox.exe","TargetFilename":"C:\\Users\\tim.smith_admin\\AppData\\Local\\Mozilla\\Firefox\\Profiles\\a62ctjal.default-release\\cache2\\entries\\86C045B0985D601262A22D16B289953052AA9A5D","Hashes":"SHA1=52F8811DCD3C9BA2FC7BFFEC31DF6E1F4F9944DA,MD5=1D7B8116676243599ECF4F3EB3F9130D,SHA256=DFB045D48C58056E0979D9E801180506C673EEA8E9C055E32EE9EE2B47E7EF3A,IMPHASH=00000000000000000000000000000000","IsExecutable":"false","Archived":"true","EventReceivedTime":1687288557,"SourceModuleName":"in_sysmon","SourceModuleType":"im_msvistalog"}
<14>Jun 20 19:15:57 win-server.lunarstiiiness.com Microsoft-Windows-Sysmon[2212]: {"EventTime":1687288556,"Hostname":"win-server.lunarstiiiness.com","Keywords":-9223372036854775808,"EventType":"INFO","SeverityValue":2,"Severity":"INFO","EventID":23,"SourceName":"Microsoft-Windows-Sysmon","ProviderGuid":"{5770385F-C22A-43E0-BF4C-06F5698FFBD9}","Version":5,"Task":23,"OpcodeValue":0,"RecordNumber":2201060,"ProcessID":2212,"ThreadID":2972,"Channel":"Microsoft-Windows-Sysmon/Operational","Domain":"NT AUTHORITY","AccountName":"SYSTEM","UserID":"S-1-5-18","AccountType":"User","Message":"File Delete archived:\r\nRuleName: -\r\nUtcTime: 2023-06-20 19:15:56.518\r\nProcessGuid: {BE59402F-B8EE-6491-D10D-000000002400}\r\nProcessId: 1160\r\nUser: LUNARSTIIINESS\\tim.smith_admin\r\nImage: C:\\Program Files\\Mozilla Firefox\\firefox.exe\r\nTargetFilename: C:\\Users\\tim.smith_admin\\AppData\\Local\\Mozilla\\Firefox\\Profiles\\a62ctjal.default-release\\cache2\\entries\\85D19F6B2DD85ECE0FE5202DFB2ED645CD5DABB9\r\nHashes: SHA1=B1889ECEF0F8F7541E0A9DA59BD4A781FEA8C9F6,MD5=633BA6F553267EC86FC05521B0432125,SHA256=99F122BA00D2FCDF400DCA95EEF9DE19EDCC5BA17C83560A5E3BFF04153D0540,IMPHASH=00000000000000000000000000000000\r\nIsExecutable: false\r\nArchived: true","Category":"File Delete archived (rule: FileDelete)","Opcode":"Info","RuleName":"-","UtcTime":"2023-06-20 19:15:56.518","ProcessGuid":"{BE59402F-B8EE-6491-D10D-000000002400}","User":"LUNARSTIIINESS\\tim.smith_admin","Image":"C:\\Program Files\\Mozilla Firefox\\firefox.exe","TargetFilename":"C:\\Users\\tim.smith_admin\\AppData\\Local\\Mozilla\\Firefox\\Profiles\\a62ctjal.default-release\\cache2\\entries\\85D19F6B2DD85ECE0FE5202DFB2ED645CD5DABB9","Hashes":"SHA1=B1889ECEF0F8F7541E0A9DA59BD4A781FEA8C9F6,MD5=633BA6F553267EC86FC05521B0432125,SHA256=99F122BA00D2FCDF400DCA95EEF9DE19EDCC5BA17C83560A5E3BFF04153D0540,IMPHASH=00000000000000000000000000000000","IsExecutable":"false","Archived":"true","EventReceivedTime":1687288557,"SourceModuleName":"in_sysmon","SourceModuleType":"im_msvistalog"}
<14>Jun 20 19:15:57 win-server.lunarstiiiness.com Microsoft-Windows-Sysmon[2212]: {"EventTime":1687288556,"Hostname":"win-server.lunarstiiiness.com","Keywords":-9223372036854775808,"EventType":"INFO","SeverityValue":2,"Severity":"INFO","EventID":23,"SourceName":"Microsoft-Windows-Sysmon","ProviderGuid":"{5770385F-C22A-43E0-BF4C-06F5698FFBD9}","Version":5,"Task":23,"OpcodeValue":0,"RecordNumber":2201059,"ProcessID":2212,"ThreadID":2972,"Channel":"Microsoft-Windows-Sysmon/Operational","Domain":"NT AUTHORITY","AccountName":"SYSTEM","UserID":"S-1-5-18","AccountType":"User","Message":"File Delete archived:\r\nRuleName: -\r\nUtcTime: 2023-06-20 19:15:56.518\r\nProcessGuid: {BE59402F-B8EE-6491-D10D-000000002400}\r\nProcessId: 1160\r\nUser: LUNARSTIIINESS\\tim.smith_admin\r\nImage: C:\\Program Files\\Mozilla Firefox\\firefox.exe\r\nTargetFilename: C:\\Users\\tim.smith_admin\\AppData\\Local\\Mozilla\\Firefox\\Profiles\\a62ctjal.default-release\\cache2\\entries\\5A375D2D9DAB7051EB121FDE58C7EEA4BB691A78\r\nHashes: SHA1=FEAFC7EAEE3BCB383EB89A429A191976DCEB420C,MD5=3F0E96BD2F629C0E1366CEE7D1E89F40,SHA256=C28E79BD936936BB6921ABB89D063C3756F2D3ECD6C8EB94B932F4A1FE2D186C,IMPHASH=00000000000000000000000000000000\r\nIsExecutable: false\r\nArchived: true","Category":"File Delete archived (rule: FileDelete)","Opcode":"Info","RuleName":"-","UtcTime":"2023-06-20 19:15:56.518","ProcessGuid":"{BE59402F-B8EE-6491-D10D-000000002400}","User":"LUNARSTIIINESS\\tim.smith_admin","Image":"C:\\Program Files\\Mozilla Firefox\\firefox.exe","TargetFilename":"C:\\Users\\tim.smith_admin\\AppData\\Local\\Mozilla\\Firefox\\Profiles\\a62ctjal.default-release\\cache2\\entries\\5A375D2D9DAB7051EB121FDE58C7EEA4BB691A78","Hashes":"SHA1=FEAFC7EAEE3BCB383EB89A429A191976DCEB420C,MD5=3F0E96BD2F629C0E1366CEE7D1E89F40,SHA256=C28E79BD936936BB6921ABB89D063C3756F2D3ECD6C8EB94B932F4A1FE2D186C,IMPHASH=00000000000000000000000000000000","IsExecutable":"false","Archived":"true","EventReceivedTime":1687288557,"SourceModuleName":"in_sysmon","SourceModuleType":"im_msvistalog"}
<14>Jun 20 19:15:57 win-server.lunarstiiiness.com Microsoft-Windows-Sysmon[2212]: {"EventTime":1687288556,"Hostname":"win-server.lunarstiiiness.com","Keywords":-9223372036854775808,"EventType":"INFO","SeverityValue":2,"Severity":"INFO","EventID":23,"SourceName":"Microsoft-Windows-Sysmon","ProviderGuid":"{5770385F-C22A-43E0-BF4C-06F5698FFBD9}","Version":5,"Task":23,"OpcodeValue":0,"RecordNumber":2201064,"ProcessID":2212,"ThreadID":2972,"Channel":"Microsoft-Windows-Sysmon/Operational","Domain":"NT AUTHORITY","AccountName":"SYSTEM","UserID":"S-1-5-18","AccountType":"User","Message":"File Delete archived:\r\nRuleName: -\r\nUtcTime: 2023-06-20 19:15:56.531\r\nProcessGuid: {BE59402F-B8EE-6491-D10D-000000002400}\r\nProcessId: 1160\r\nUser: LUNARSTIIINESS\\tim.smith_admin\r\nImage: C:\\Program Files\\Mozilla Firefox\\firefox.exe\r\nTargetFilename: C:\\Users\\tim.smith_admin\\AppData\\Local\\Mozilla\\Firefox\\Profiles\\a62ctjal.default-release\\cache2\\entries\\F462E27DDD52251C2AFAAC01E0F30E3BB7BB2E2D\r\nHashes: SHA1=9850985834872296041F3D2A0026EF39FF3EE42D,MD5=5AB293C22161FE482F51AB81AAA5B44B,SHA256=E1F763EA67108B5CDF4C1F94B4D7D022A0EA77A1EEA0EC924242DF148BA6C703,IMPHASH=00000000000000000000000000000000\r\nIsExecutable: false\r\nArchived: true","Category":"File Delete archived (rule: FileDelete)","Opcode":"Info","RuleName":"-","UtcTime":"2023-06-20 19:15:56.531","ProcessGuid":"{BE59402F-B8EE-6491-D10D-000000002400}","User":"LUNARSTIIINESS\\tim.smith_admin","Image":"C:\\Program Files\\Mozilla Firefox\\firefox.exe","TargetFilename":"C:\\Users\\tim.smith_admin\\AppData\\Local\\Mozilla\\Firefox\\Profiles\\a62ctjal.default-release\\cache2\\entries\\F462E27DDD52251C2AFAAC01E0F30E3BB7BB2E2D","Hashes":"SHA1=9850985834872296041F3D2A0026EF39FF3EE42D,MD5=5AB293C22161FE482F51AB81AAA5B44B,SHA256=E1F763EA67108B5CDF4C1F94B4D7D022A0EA77A1EEA0EC924242DF148BA6C703,IMPHASH=00000000000000000000000000000000","IsExecutable":"false","Archived":"true","EventReceivedTime":1687288557,"SourceModuleName":"in_sysmon","SourceModuleType":"im_msvistalog"}
<14>Jun 20 19:15:57 win-server.lunarstiiiness.com Microsoft-Windows-Sysmon[2212]: {"EventTime":1687288556,"Hostname":"win-server.lunarstiiiness.com","Keywords":-9223372036854775808,"EventType":"INFO","SeverityValue":2,"Severity":"INFO","EventID":23,"SourceName":"Microsoft-Windows-Sysmon","ProviderGuid":"{5770385F-C22A-43E0-BF4C-06F5698FFBD9}","Version":5,"Task":23,"OpcodeValue":0,"RecordNumber":2201065,"ProcessID":2212,"ThreadID":2972,"Channel":"Microsoft-Windows-Sysmon/Operational","Domain":"NT AUTHORITY","AccountName":"SYSTEM","UserID":"S-1-5-18","AccountType":"User","Message":"File Delete archived:\r\nRuleName: -\r\nUtcTime: 2023-06-20 19:15:56.531\r\nProcessGuid: {BE59402F-B8EE-6491-D10D-000000002400}\r\nProcessId: 1160\r\nUser: LUNARSTIIINESS\\tim.smith_admin\r\nImage: C:\\Program Files\\Mozilla Firefox\\firefox.exe\r\nTargetFilename: C:\\Users\\tim.smith_admin\\AppData\\Local\\Mozilla\\Firefox\\Profiles\\a62ctjal.default-release\\cache2\\entries\\FADA8E5C041963D5D64389BBC86D9E71662F0B56\r\nHashes: SHA1=8621B9F10CA61B608E6BF9395E70086A62F0E117,MD5=702ED33D11DAFEAB9F12ED013280BF86,SHA256=4D7D2E152F094EB2B81D801361E7CE3AF176AC84941A35B20617BF53DE5AB2EB,IMPHASH=00000000000000000000000000000000\r\nIsExecutable: false\r\nArchived: true","Category":"File Delete archived (rule: FileDelete)","Opcode":"Info","RuleName":"-","UtcTime":"2023-06-20 19:15:56.531","ProcessGuid":"{BE59402F-B8EE-6491-D10D-000000002400}","User":"LUNARSTIIINESS\\tim.smith_admin","Image":"C:\\Program Files\\Mozilla Firefox\\firefox.exe","TargetFilename":"C:\\Users\\tim.smith_admin\\AppData\\Local\\Mozilla\\Firefox\\Profiles\\a62ctjal.default-release\\cache2\\entries\\FADA8E5C041963D5D64389BBC86D9E71662F0B56","Hashes":"SHA1=8621B9F10CA61B608E6BF9395E70086A62F0E117,MD5=702ED33D11DAFEAB9F12ED013280BF86,SHA256=4D7D2E152F094EB2B81D801361E7CE3AF176AC84941A35B20617BF53DE5AB2EB,IMPHASH=00000000000000000000000000000000","IsExecutable":"false","Archived":"true","EventReceivedTime":1687288557,"SourceModuleName":"in_sysmon","SourceModuleType":"im_msvistalog"}
<14>Jun 20 19:15:57 win-server.lunarstiiiness.com Microsoft-Windows-Sysmon[2212]: {"EventTime":1687288556,"Hostname":"win-server.lunarstiiiness.com","Keywords":-9223372036854775808,"EventType":"INFO","SeverityValue":2,"Severity":"INFO","EventID":23,"SourceName":"Microsoft-Windows-Sysmon","ProviderGuid":"{5770385F-C22A-43E0-BF4C-06F5698FFBD9}","Version":5,"Task":23,"OpcodeValue":0,"RecordNumber":2201066,"ProcessID":2212,"ThreadID":2972,"Channel":"Microsoft-Windows-Sysmon/Operational","Domain":"NT AUTHORITY","AccountName":"SYSTEM","UserID":"S-1-5-18","AccountType":"User","Message":"File Delete archived:\r\nRuleName: -\r\nUtcTime: 2023-06-20 19:15:56.531\r\nProcessGuid: {BE59402F-B8EE-6491-D10D-000000002400}\r\nProcessId: 1160\r\nUser: LUNARSTIIINESS\\tim.smith_admin\r\nImage: C:\\Program Files\\Mozilla Firefox\\firefox.exe\r\nTargetFilename: C:\\Users\\tim.smith_admin\\AppData\\Local\\Mozilla\\Firefox\\Profiles\\a62ctjal.default-release\\cache2\\entries\\B2432F9F118BE6E75685F220637BE6DA41AC1E24\r\nHashes: SHA1=570ABF5EE4E7DE288717BD4F93BD41E76672DCB3,MD5=B9F9E23E21D3CBCBBFDAD4B9F5B96696,SHA256=35E3FE5AB15A7178D3EF043EFF7A9E2EC2C1286FD73DEF0DFFBB6219D19B9ED1,IMPHASH=00000000000000000000000000000000\r\nIsExecutable: false\r\nArchived: true","Category":"File Delete archived (rule: FileDelete)","Opcode":"Info","RuleName":"-","UtcTime":"2023-06-20 19:15:56.531","ProcessGuid":"{BE59402F-B8EE-6491-D10D-000000002400}","User":"LUNARSTIIINESS\\tim.smith_admin","Image":"C:\\Program Files\\Mozilla Firefox\\firefox.exe","TargetFilename":"C:\\Users\\tim.smith_admin\\AppData\\Local\\Mozilla\\Firefox\\Profiles\\a62ctjal.default-release\\cache2\\entries\\B2432F9F118BE6E75685F220637BE6DA41AC1E24","Hashes":"SHA1=570ABF5EE4E7DE288717BD4F93BD41E76672DCB3,MD5=B9F9E23E21D3CBCBBFDAD4B9F5B96696,SHA256=35E3FE5AB15A7178D3EF043EFF7A9E2EC2C1286FD73DEF0DFFBB6219D19B9ED1,IMPHASH=00000000000000000000000000000000","IsExecutable":"false","Archived":"true","EventReceivedTime":1687288557,"SourceModuleName":"in_sysmon","SourceModuleType":"im_msvistalog"}
<14>Jun 20 19:15:57 win-server.lunarstiiiness.com Microsoft-Windows-Sysmon[2212]: {"EventTime":1687288556,"Hostname":"win-server.lunarstiiiness.com","Keywords":-9223372036854775808,"EventType":"INFO","SeverityValue":2,"Severity":"INFO","EventID":23,"SourceName":"Microsoft-Windows-Sysmon","ProviderGuid":"{5770385F-C22A-43E0-BF4C-06F5698FFBD9}","Version":5,"Task":23,"OpcodeValue":0,"RecordNumber":2201063,"ProcessID":2212,"ThreadID":2972,"Channel":"Microsoft-Windows-Sysmon/Operational","Domain":"NT AUTHORITY","AccountName":"SYSTEM","UserID":"S-1-5-18","AccountType":"User","Message":"File Delete archived:\r\nRuleName: -\r\nUtcTime: 2023-06-20 19:15:56.531\r\nProcessGuid: {BE59402F-B8EE-6491-D10D-000000002400}\r\nProcessId: 1160\r\nUser: LUNARSTIIINESS\\tim.smith_admin\r\nImage: C:\\Program Files\\Mozilla Firefox\\firefox.exe\r\nTargetFilename: C:\\Users\\tim.smith_admin\\AppData\\Local\\Mozilla\\Firefox\\Profiles\\a62ctjal.default-release\\cache2\\entries\\1951EAC90465014F19B90830878A6E91682018D7\r\nHashes: SHA1=4B6002436B8E56FEDED9539E3E156FBD3858143A,MD5=5784620A6D4C35972E09F92194F331F8,SHA256=8AC81EE8B21BF113038AEC7BC832B5F398F17D2451473728E6EF0A647C6E49A6,IMPHASH=00000000000000000000000000000000\r\nIsExecutable: false\r\nArchived: true","Category":"File Delete archived (rule: FileDelete)","Opcode":"Info","RuleName":"-","UtcTime":"2023-06-20 19:15:56.531","ProcessGuid":"{BE59402F-B8EE-6491-D10D-000000002400}","User":"LUNARSTIIINESS\\tim.smith_admin","Image":"C:\\Program Files\\Mozilla Firefox\\firefox.exe","TargetFilename":"C:\\Users\\tim.smith_admin\\AppData\\Local\\Mozilla\\Firefox\\Profiles\\a62ctjal.default-release\\cache2\\entries\\1951EAC90465014F19B90830878A6E91682018D7","Hashes":"SHA1=4B6002436B8E56FEDED9539E3E156FBD3858143A,MD5=5784620A6D4C35972E09F92194F331F8,SHA256=8AC81EE8B21BF113038AEC7BC832B5F398F17D2451473728E6EF0A647C6E49A6,IMPHASH=00000000000000000000000000000000","IsExecutable":"false","Archived":"true","EventReceivedTime":1687288557,"SourceModuleName":"in_sysmon","SourceModuleType":"im_msvistalog"}
<14>Jun 20 19:15:57 win-server.lunarstiiiness.com Microsoft-Windows-Sysmon[2212]: {"EventTime":1687288556,"Hostname":"win-server.lunarstiiiness.com","Keywords":-9223372036854775808,"EventType":"INFO","SeverityValue":2,"Severity":"INFO","EventID":23,"SourceName":"Microsoft-Windows-Sysmon","ProviderGuid":"{5770385F-C22A-43E0-BF4C-06F5698FFBD9}","Version":5,"Task":23,"OpcodeValue":0,"RecordNumber":2201068,"ProcessID":2212,"ThreadID":2972,"Channel":"Microsoft-Windows-Sysmon/Operational","Domain":"NT AUTHORITY","AccountName":"SYSTEM","UserID":"S-1-5-18","AccountType":"User","Message":"File Delete archived:\r\nRuleName: -\r\nUtcTime: 2023-06-20 19:15:56.562\r\nProcessGuid: {BE59402F-B8EE-6491-D10D-000000002400}\r\nProcessId: 1160\r\nUser: LUNARSTIIINESS\\tim.smith_admin\r\nImage: C:\\Program Files\\Mozilla Firefox\\firefox.exe\r\nTargetFilename: C:\\Users\\tim.smith_admin\\AppData\\Local\\Mozilla\\Firefox\\Profiles\\a62ctjal.default-release\\cache2\\entries\\28F7E3326854B9EFD56EEC3A56FAF5420363DE63\r\nHashes: SHA1=3EF475C85D2569806405A9C45DEE6199447E48C4,MD5=2EFE90658C0B8A5FAFFF12622A82A494,SHA256=20B760ECB83F2E2BDA059D5E81664E327D907958FDD35B492509F9C47F719232,IMPHASH=00000000000000000000000000000000\r\nIsExecutable: false\r\nArchived: true","Category":"File Delete archived (rule: FileDelete)","Opcode":"Info","RuleName":"-","UtcTime":"2023-06-20 19:15:56.562","ProcessGuid":"{BE59402F-B8EE-6491-D10D-000000002400}","User":"LUNARSTIIINESS\\tim.smith_admin","Image":"C:\\Program Files\\Mozilla Firefox\\firefox.exe","TargetFilename":"C:\\Users\\tim.smith_admin\\AppData\\Local\\Mozilla\\Firefox\\Profiles\\a62ctjal.default-release\\cache2\\entries\\28F7E3326854B9EFD56EEC3A56FAF5420363DE63","Hashes":"SHA1=3EF475C85D2569806405A9C45DEE6199447E48C4,MD5=2EFE90658C0B8A5FAFFF12622A82A494,SHA256=20B760ECB83F2E2BDA059D5E81664E327D907958FDD35B492509F9C47F719232,IMPHASH=00000000000000000000000000000000","IsExecutable":"false","Archived":"true","EventReceivedTime":1687288557,"SourceModuleName":"in_sysmon","SourceModuleType":"im_msvistalog"}
<14>Jun 20 19:15:57 win-server.lunarstiiiness.com Microsoft-Windows-Sysmon[2212]: {"EventTime":1687288556,"Hostname":"win-server.lunarstiiiness.com","Keywords":-9223372036854775808,"EventType":"INFO","SeverityValue":2,"Severity":"INFO","EventID":23,"SourceName":"Microsoft-Windows-Sysmon","ProviderGuid":"{5770385F-C22A-43E0-BF4C-06F5698FFBD9}","Version":5,"Task":23,"OpcodeValue":0,"RecordNumber":2201067,"ProcessID":2212,"ThreadID":2972,"Channel":"Microsoft-Windows-Sysmon/Operational","Domain":"NT AUTHORITY","AccountName":"SYSTEM","UserID":"S-1-5-18","AccountType":"User","Message":"File Delete archived:\r\nRuleName: -\r\nUtcTime: 2023-06-20 19:15:56.562\r\nProcessGuid: {BE59402F-B8EE-6491-D10D-000000002400}\r\nProcessId: 1160\r\nUser: LUNARSTIIINESS\\tim.smith_admin\r\nImage: C:\\Program Files\\Mozilla Firefox\\firefox.exe\r\nTargetFilename: C:\\Users\\tim.smith_admin\\AppData\\Local\\Mozilla\\Firefox\\Profiles\\a62ctjal.default-release\\cache2\\entries\\6025D8F17B9FD27C4FB6C9E196C100AF72D361C6\r\nHashes: SHA1=097FF23B7CBF2871ED93C3E771B7320CF7E4BA39,MD5=66BDD378CD42D1A09DE54DFD99A8A71F,SHA256=33713A84AB1AA2E530249EE3B2CFD79485D0597A0D0CFB1B0A03D5FDC2CCFBEF,IMPHASH=00000000000000000000000000000000\r\nIsExecutable: false\r\nArchived: true","Category":"File Delete archived (rule: FileDelete)","Opcode":"Info","RuleName":"-","UtcTime":"2023-06-20 19:15:56.562","ProcessGuid":"{BE59402F-B8EE-6491-D10D-000000002400}","User":"LUNARSTIIINESS\\tim.smith_admin","Image":"C:\\Program Files\\Mozilla Firefox\\firefox.exe","TargetFilename":"C:\\Users\\tim.smith_admin\\AppData\\Local\\Mozilla\\Firefox\\Profiles\\a62ctjal.default-release\\cache2\\entries\\6025D8F17B9FD27C4FB6C9E196C100AF72D361C6","Hashes":"SHA1=097FF23B7CBF2871ED93C3E771B7320CF7E4BA39,MD5=66BDD378CD42D1A09DE54DFD99A8A71F,SHA256=33713A84AB1AA2E530249EE3B2CFD79485D0597A0D0CFB1B0A03D5FDC2CCFBEF,IMPHASH=00000000000000000000000000000000","IsExecutable":"false","Archived":"true","EventReceivedTime":1687288557,"SourceModuleName":"in_sysmon","SourceModuleType":"im_msvistalog"}
<14>Jun 20 19:15:57 win-server.lunarstiiiness.com Microsoft-Windows-Sysmon[2212]: {"EventTime":1687288556,"Hostname":"win-server.lunarstiiiness.com","Keywords":-9223372036854775808,"EventType":"INFO","SeverityValue":2,"Severity":"INFO","EventID":23,"SourceName":"Microsoft-Windows-Sysmon","ProviderGuid":"{5770385F-C22A-43E0-BF4C-06F5698FFBD9}","Version":5,"Task":23,"OpcodeValue":0,"RecordNumber":2201069,"ProcessID":2212,"ThreadID":2972,"Channel":"Microsoft-Windows-Sysmon/Operational","Domain":"NT AUTHORITY","AccountName":"SYSTEM","UserID":"S-1-5-18","AccountType":"User","Message":"File Delete archived:\r\nRuleName: -\r\nUtcTime: 2023-06-20 19:15:56.562\r\nProcessGuid: {BE59402F-B8EE-6491-D10D-000000002400}\r\nProcessId: 1160\r\nUser: LUNARSTIIINESS\\tim.smith_admin\r\nImage: C:\\Program Files\\Mozilla Firefox\\firefox.exe\r\nTargetFilename: C:\\Users\\tim.smith_admin\\AppData\\Local\\Mozilla\\Firefox\\Profiles\\a62ctjal.default-release\\cache2\\entries\\0F673DFDF0B4697E1994553A1440BA2C9C427F3B\r\nHashes: SHA1=314DF858DB3711D5645E30F86CC807FDD479CB04,MD5=E1825496C00445DFDCF17259F2EF3F4F,SHA256=86B0324A59A9EFFD7008FEDA3074AF6281629E81477D322F45E1E25B2EE1CFCC,IMPHASH=00000000000000000000000000000000\r\nIsExecutable: false\r\nArchived: true","Category":"File Delete archived (rule: FileDelete)","Opcode":"Info","RuleName":"-","UtcTime":"2023-06-20 19:15:56.562","ProcessGuid":"{BE59402F-B8EE-6491-D10D-000000002400}","User":"LUNARSTIIINESS\\tim.smith_admin","Image":"C:\\Program Files\\Mozilla Firefox\\firefox.exe","TargetFilename":"C:\\Users\\tim.smith_admin\\AppData\\Local\\Mozilla\\Firefox\\Profiles\\a62ctjal.default-release\\cache2\\entries\\0F673DFDF0B4697E1994553A1440BA2C9C427F3B","Hashes":"SHA1=314DF858DB3711D5645E30F86CC807FDD479CB04,MD5=E1825496C00445DFDCF17259F2EF3F4F,SHA256=86B0324A59A9EFFD7008FEDA3074AF6281629E81477D322F45E1E25B2EE1CFCC,IMPHASH=00000000000000000000000000000000","IsExecutable":"false","Archived":"true","EventReceivedTime":1687288557,"SourceModuleName":"in_sysmon","SourceModuleType":"im_msvistalog"}
<14>Jun 20 19:15:57 win-server.lunarstiiiness.com Microsoft-Windows-Sysmon[2212]: {"EventTime":1687288556,"Hostname":"win-server.lunarstiiiness.com","Keywords":-9223372036854775808,"EventType":"INFO","SeverityValue":2,"Severity":"INFO","EventID":23,"SourceName":"Microsoft-Windows-Sysmon","ProviderGuid":"{5770385F-C22A-43E0-BF4C-06F5698FFBD9}","Version":5,"Task":23,"OpcodeValue":0,"RecordNumber":2201070,"ProcessID":2212,"ThreadID":2972,"Channel":"Microsoft-Windows-Sysmon/Operational","Domain":"NT AUTHORITY","AccountName":"SYSTEM","UserID":"S-1-5-18","AccountType":"User","Message":"File Delete archived:\r\nRuleName: -\r\nUtcTime: 2023-06-20 19:15:56.594\r\nProcessGuid: {BE59402F-B8EE-6491-D10D-000000002400}\r\nProcessId: 1160\r\nUser: LUNARSTIIINESS\\tim.smith_admin\r\nImage: C:\\Program Files\\Mozilla Firefox\\firefox.exe\r\nTargetFilename: C:\\Users\\tim.smith_admin\\AppData\\Local\\Mozilla\\Firefox\\Profiles\\a62ctjal.default-release\\cache2\\entries\\89862ECD214CC22B7D06E5EF2588B49DC004635F\r\nHashes: SHA1=D9988D9851571D3D316E3BE4A75AD37A547355EE,MD5=FC1805461517384548CEB8811B82DF19,SHA256=FD2879579805D41E48D75C43FE224FE0583D5F50ABCE56B7EB0A9A0D6D849D16,IMPHASH=00000000000000000000000000000000\r\nIsExecutable: false\r\nArchived: true","Category":"File Delete archived (rule: FileDelete)","Opcode":"Info","RuleName":"-","UtcTime":"2023-06-20 19:15:56.594","ProcessGuid":"{BE59402F-B8EE-6491-D10D-000000002400}","User":"LUNARSTIIINESS\\tim.smith_admin","Image":"C:\\Program Files\\Mozilla Firefox\\firefox.exe","TargetFilename":"C:\\Users\\tim.smith_admin\\AppData\\Local\\Mozilla\\Firefox\\Profiles\\a62ctjal.default-release\\cache2\\entries\\89862ECD214CC22B7D06E5EF2588B49DC004635F","Hashes":"SHA1=D9988D9851571D3D316E3BE4A75AD37A547355EE,MD5=FC1805461517384548CEB8811B82DF19,SHA256=FD2879579805D41E48D75C43FE224FE0583D5F50ABCE56B7EB0A9A0D6D849D16,IMPHASH=00000000000000000000000000000000","IsExecutable":"false","Archived":"true","EventReceivedTime":1687288557,"SourceModuleName":"in_sysmon","SourceModuleType":"im_msvistalog"}
<14>Jun 20 19:15:57 win-server.lunarstiiiness.com Microsoft-Windows-Sysmon[2212]: {"EventTime":1687288556,"Hostname":"win-server.lunarstiiiness.com","Keywords":-9223372036854775808,"EventType":"INFO","SeverityValue":2,"Severity":"INFO","EventID":23,"SourceName":"Microsoft-Windows-Sysmon","ProviderGuid":"{5770385F-C22A-43E0-BF4C-06F5698FFBD9}","Version":5,"Task":23,"OpcodeValue":0,"RecordNumber":2201071,"ProcessID":2212,"ThreadID":2972,"Channel":"Microsoft-Windows-Sysmon/Operational","Domain":"NT AUTHORITY","AccountName":"SYSTEM","UserID":"S-1-5-18","AccountType":"User","Message":"File Delete archived:\r\nRuleName: -\r\nUtcTime: 2023-06-20 19:15:56.794\r\nProcessGuid: {BE59402F-B8EE-6491-D10D-000000002400}\r\nProcessId: 1160\r\nUser: LUNARSTIIINESS\\tim.smith_admin\r\nImage: C:\\Program Files\\Mozilla Firefox\\firefox.exe\r\nTargetFilename: C:\\Users\\tim.smith_admin\\AppData\\Local\\Mozilla\\Firefox\\Profiles\\a62ctjal.default-release\\cache2\\entries\\1E27A6B8DD84CF94BD6A40A6E52D181D71479893\r\nHashes: SHA1=8706B72012EC6C108EE4796779E5FD5E21C90D4C,MD5=C1C3FCA25D3645AD3667AF54E5390C68,SHA256=F71B35B0DFF9107A4CE611AFE708711AF266AE70511B1478F994E408D2E8A5AA,IMPHASH=00000000000000000000000000000000\r\nIsExecutable: false\r\nArchived: true","Category":"File Delete archived (rule: FileDelete)","Opcode":"Info","RuleName":"-","UtcTime":"2023-06-20 19:15:56.794","ProcessGuid":"{BE59402F-B8EE-6491-D10D-000000002400}","User":"LUNARSTIIINESS\\tim.smith_admin","Image":"C:\\Program Files\\Mozilla Firefox\\firefox.exe","TargetFilename":"C:\\Users\\tim.smith_admin\\AppData\\Local\\Mozilla\\Firefox\\Profiles\\a62ctjal.default-release\\cache2\\entries\\1E27A6B8DD84CF94BD6A40A6E52D181D71479893","Hashes":"SHA1=8706B72012EC6C108EE4796779E5FD5E21C90D4C,MD5=C1C3FCA25D3645AD3667AF54E5390C68,SHA256=F71B35B0DFF9107A4CE611AFE708711AF266AE70511B1478F994E408D2E8A5AA,IMPHASH=00000000000000000000000000000000","IsExecutable":"false","Archived":"true","EventReceivedTime":1687288557,"SourceModuleName":"in_sysmon","SourceModuleType":"im_msvistalog"}
<14>Jun 20 19:15:57 win-server.lunarstiiiness.com Microsoft-Windows-Sysmon[2212]: {"EventTime":1687288556,"Hostname":"win-server.lunarstiiiness.com","Keywords":-9223372036854775808,"EventType":"INFO","SeverityValue":2,"Severity":"INFO","EventID":23,"SourceName":"Microsoft-Windows-Sysmon","ProviderGuid":"{5770385F-C22A-43E0-BF4C-06F5698FFBD9}","Version":5,"Task":23,"OpcodeValue":0,"RecordNumber":2201072,"ProcessID":2212,"ThreadID":2972,"Channel":"Microsoft-Windows-Sysmon/Operational","Domain":"NT AUTHORITY","AccountName":"SYSTEM","UserID":"S-1-5-18","AccountType":"User","Message":"File Delete archived:\r\nRuleName: -\r\nUtcTime: 2023-06-20 19:15:56.801\r\nProcessGuid: {BE59402F-B8EE-6491-D10D-000000002400}\r\nProcessId: 1160\r\nUser: LUNARSTIIINESS\\tim.smith_admin\r\nImage: C:\\Program Files\\Mozilla Firefox\\firefox.exe\r\nTargetFilename: C:\\Users\\tim.smith_admin\\AppData\\Local\\Mozilla\\Firefox\\Profiles\\a62ctjal.default-release\\cache2\\entries\\293C72D75314E9EA8E3277BAF8B38114AE64610E\r\nHashes: SHA1=E252E8399B1C2964058EC79F4DFAEEFC5B724AF9,MD5=D2B748F9FCCB5570304B0FAC9A569DAE,SHA256=A68CF8208FFDE8A1258BC5C599ACE07910A28EE7811135E111F4A94885CBAF0A,IMPHASH=00000000000000000000000000000000\r\nIsExecutable: false\r\nArchived: true","Category":"File Delete archived (rule: FileDelete)","Opcode":"Info","RuleName":"-","UtcTime":"2023-06-20 19:15:56.801","ProcessGuid":"{BE59402F-B8EE-6491-D10D-000000002400}","User":"LUNARSTIIINESS\\tim.smith_admin","Image":"C:\\Program Files\\Mozilla Firefox\\firefox.exe","TargetFilename":"C:\\Users\\tim.smith_admin\\AppData\\Local\\Mozilla\\Firefox\\Profiles\\a62ctjal.default-release\\cache2\\entries\\293C72D75314E9EA8E3277BAF8B38114AE64610E","Hashes":"SHA1=E252E8399B1C2964058EC79F4DFAEEFC5B724AF9,MD5=D2B748F9FCCB5570304B0FAC9A569DAE,SHA256=A68CF8208FFDE8A1258BC5C599ACE07910A28EE7811135E111F4A94885CBAF0A,IMPHASH=00000000000000000000000000000000","IsExecutable":"false","Archived":"true","EventReceivedTime":1687288557,"SourceModuleName":"in_sysmon","SourceModuleType":"im_msvistalog"}
<14>Jun 20 19:15:57 win-server.lunarstiiiness.com Microsoft-Windows-Sysmon[2212]: {"EventTime":1687288556,"Hostname":"win-server.lunarstiiiness.com","Keywords":-9223372036854775808,"EventType":"INFO","SeverityValue":2,"Severity":"INFO","EventID":23,"SourceName":"Microsoft-Windows-Sysmon","ProviderGuid":"{5770385F-C22A-43E0-BF4C-06F5698FFBD9}","Version":5,"Task":23,"OpcodeValue":0,"RecordNumber":2201073,"ProcessID":2212,"ThreadID":2972,"Channel":"Microsoft-Windows-Sysmon/Operational","Domain":"NT AUTHORITY","AccountName":"SYSTEM","UserID":"S-1-5-18","AccountType":"User","Message":"File Delete archived:\r\nRuleName: -\r\nUtcTime: 2023-06-20 19:15:56.804\r\nProcessGuid: {BE59402F-B8EE-6491-D10D-000000002400}\r\nProcessId: 1160\r\nUser: LUNARSTIIINESS\\tim.smith_admin\r\nImage: C:\\Program Files\\Mozilla Firefox\\firefox.exe\r\nTargetFilename: C:\\Users\\tim.smith_admin\\AppData\\Local\\Mozilla\\Firefox\\Profiles\\a62ctjal.default-release\\cache2\\entries\\2B4D66C47C68FB8C1DDF3EC6AF1FB18CE94D155A\r\nHashes: SHA1=020AAD3FE3824AF238DE559FE09FEE0E4FAF194E,MD5=368F1E01C9D678D67DD94E03246DF10C,SHA256=00B5C98EED172E911928F50BD7EAF0B8833CC87F05ABD799F0C3764C4ACE73DD,IMPHASH=00000000000000000000000000000000\r\nIsExecutable: false\r\nArchived: true","Category":"File Delete archived (rule: FileDelete)","Opcode":"Info","RuleName":"-","UtcTime":"2023-06-20 19:15:56.804","ProcessGuid":"{BE59402F-B8EE-6491-D10D-000000002400}","User":"LUNARSTIIINESS\\tim.smith_admin","Image":"C:\\Program Files\\Mozilla Firefox\\firefox.exe","TargetFilename":"C:\\Users\\tim.smith_admin\\AppData\\Local\\Mozilla\\Firefox\\Profiles\\a62ctjal.default-release\\cache2\\entries\\2B4D66C47C68FB8C1DDF3EC6AF1FB18CE94D155A","Hashes":"SHA1=020AAD3FE3824AF238DE559FE09FEE0E4FAF194E,MD5=368F1E01C9D678D67DD94E03246DF10C,SHA256=00B5C98EED172E911928F50BD7EAF0B8833CC87F05ABD799F0C3764C4ACE73DD,IMPHASH=00000000000000000000000000000000","IsExecutable":"false","Archived":"true","EventReceivedTime":1687288557,"SourceModuleName":"in_sysmon","SourceModuleType":"im_msvistalog"}
<14>Jun 20 19:15:57 win-server.lunarstiiiness.com Microsoft-Windows-Sysmon[2212]: {"EventTime":1687288556,"Hostname":"win-server.lunarstiiiness.com","Keywords":-9223372036854775808,"EventType":"INFO","SeverityValue":2,"Severity":"INFO","EventID":23,"SourceName":"Microsoft-Windows-Sysmon","ProviderGuid":"{5770385F-C22A-43E0-BF4C-06F5698FFBD9}","Version":5,"Task":23,"OpcodeValue":0,"RecordNumber":2201074,"ProcessID":2212,"ThreadID":2972,"Channel":"Microsoft-Windows-Sysmon/Operational","Domain":"NT AUTHORITY","AccountName":"SYSTEM","UserID":"S-1-5-18","AccountType":"User","Message":"File Delete archived:\r\nRuleName: -\r\nUtcTime: 2023-06-20 19:15:56.806\r\nProcessGuid: {BE59402F-B8EE-6491-D10D-000000002400}\r\nProcessId: 1160\r\nUser: LUNARSTIIINESS\\tim.smith_admin\r\nImage: C:\\Program Files\\Mozilla Firefox\\firefox.exe\r\nTargetFilename: C:\\Users\\tim.smith_admin\\AppData\\Local\\Mozilla\\Firefox\\Profiles\\a62ctjal.default-release\\cache2\\entries\\B07F3B62C33C9DA3B7A14D82CE365ED82A551DF2\r\nHashes: SHA1=DC5CD25429158CA8FF5DAC4322DC40665DABDC3C,MD5=F07EC97B86C138E9012D07CC94E61624,SHA256=6F94CEF1CAE4C4F7F8BC5020FD752C0B5F2C9684DDF073076373633527EDDBD0,IMPHASH=00000000000000000000000000000000\r\nIsExecutable: false\r\nArchived: true","Category":"File Delete archived (rule: FileDelete)","Opcode":"Info","RuleName":"-","UtcTime":"2023-06-20 19:15:56.806","ProcessGuid":"{BE59402F-B8EE-6491-D10D-000000002400}","User":"LUNARSTIIINESS\\tim.smith_admin","Image":"C:\\Program Files\\Mozilla Firefox\\firefox.exe","TargetFilename":"C:\\Users\\tim.smith_admin\\AppData\\Local\\Mozilla\\Firefox\\Profiles\\a62ctjal.default-release\\cache2\\entries\\B07F3B62C33C9DA3B7A14D82CE365ED82A551DF2","Hashes":"SHA1=DC5CD25429158CA8FF5DAC4322DC40665DABDC3C,MD5=F07EC97B86C138E9012D07CC94E61624,SHA256=6F94CEF1CAE4C4F7F8BC5020FD752C0B5F2C9684DDF073076373633527EDDBD0,IMPHASH=00000000000000000000000000000000","IsExecutable":"false","Archived":"true","EventReceivedTime":1687288557,"SourceModuleName":"in_sysmon","SourceModuleType":"im_msvistalog"}
<14>Jun 20 19:15:57 win-server.lunarstiiiness.com Microsoft-Windows-Sysmon[2212]: {"EventTime":1687288556,"Hostname":"win-server.lunarstiiiness.com","Keywords":-9223372036854775808,"EventType":"INFO","SeverityValue":2,"Severity":"INFO","EventID":23,"SourceName":"Microsoft-Windows-Sysmon","ProviderGuid":"{5770385F-C22A-43E0-BF4C-06F5698FFBD9}","Version":5,"Task":23,"OpcodeValue":0,"RecordNumber":2201076,"ProcessID":2212,"ThreadID":2972,"Channel":"Microsoft-Windows-Sysmon/Operational","Domain":"NT AUTHORITY","AccountName":"SYSTEM","UserID":"S-1-5-18","AccountType":"User","Message":"File Delete archived:\r\nRuleName: -\r\nUtcTime: 2023-06-20 19:15:56.812\r\nProcessGuid: {BE59402F-B8EE-6491-D10D-000000002400}\r\nProcessId: 1160\r\nUser: LUNARSTIIINESS\\tim.smith_admin\r\nImage: C:\\Program Files\\Mozilla Firefox\\firefox.exe\r\nTargetFilename: C:\\Users\\tim.smith_admin\\AppData\\Local\\Mozilla\\Firefox\\Profiles\\a62ctjal.default-release\\cache2\\entries\\CF86708219BB7008BF9EB646AC8AFC6BAD64B8A2\r\nHashes: SHA1=203F4A67E221AB1DE6179991152BB3529AFA70FE,MD5=0D5E5BDB569EB493B2284FA04B326810,SHA256=E09661E48EEDEBDF321C58E9BEAD85480F54BBF08CF0A92CEE6029D33F5D3C48,IMPHASH=00000000000000000000000000000000\r\nIsExecutable: false\r\nArchived: true","Category":"File Delete archived (rule: FileDelete)","Opcode":"Info","RuleName":"-","UtcTime":"2023-06-20 19:15:56.812","ProcessGuid":"{BE59402F-B8EE-6491-D10D-000000002400}","User":"LUNARSTIIINESS\\tim.smith_admin","Image":"C:\\Program Files\\Mozilla Firefox\\firefox.exe","TargetFilename":"C:\\Users\\tim.smith_admin\\AppData\\Local\\Mozilla\\Firefox\\Profiles\\a62ctjal.default-release\\cache2\\entries\\CF86708219BB7008BF9EB646AC8AFC6BAD64B8A2","Hashes":"SHA1=203F4A67E221AB1DE6179991152BB3529AFA70FE,MD5=0D5E5BDB569EB493B2284FA04B326810,SHA256=E09661E48EEDEBDF321C58E9BEAD85480F54BBF08CF0A92CEE6029D33F5D3C48,IMPHASH=00000000000000000000000000000000","IsExecutable":"false","Archived":"true","EventReceivedTime":1687288557,"SourceModuleName":"in_sysmon","SourceModuleType":"im_msvistalog"}
<14>Jun 20 19:15:57 win-server.lunarstiiiness.com Microsoft-Windows-Sysmon[2212]: {"EventTime":1687288556,"Hostname":"win-server.lunarstiiiness.com","Keywords":-9223372036854775808,"EventType":"INFO","SeverityValue":2,"Severity":"INFO","EventID":23,"SourceName":"Microsoft-Windows-Sysmon","ProviderGuid":"{5770385F-C22A-43E0-BF4C-06F5698FFBD9}","Version":5,"Task":23,"OpcodeValue":0,"RecordNumber":2201075,"ProcessID":2212,"ThreadID":2972,"Channel":"Microsoft-Windows-Sysmon/Operational","Domain":"NT AUTHORITY","AccountName":"SYSTEM","UserID":"S-1-5-18","AccountType":"User","Message":"File Delete archived:\r\nRuleName: -\r\nUtcTime: 2023-06-20 19:15:56.812\r\nProcessGuid: {BE59402F-B8EE-6491-D10D-000000002400}\r\nProcessId: 1160\r\nUser: LUNARSTIIINESS\\tim.smith_admin\r\nImage: C:\\Program Files\\Mozilla Firefox\\firefox.exe\r\nTargetFilename: C:\\Users\\tim.smith_admin\\AppData\\Local\\Mozilla\\Firefox\\Profiles\\a62ctjal.default-release\\cache2\\entries\\7E1F3B4B3991335BF563632BF660C946AFB7152E\r\nHashes: SHA1=7784D4BD0B5973A37262C0B380E94C8201E8ABB4,MD5=27C0AFE2F31A41D104A9D919B0F7715C,SHA256=DFB7CE006A36CE0BBE49AF51BF3D21B40A83B3FAB912FF809DBEC686EF65133E,IMPHASH=00000000000000000000000000000000\r\nIsExecutable: false\r\nArchived: true","Category":"File Delete archived (rule: FileDelete)","Opcode":"Info","RuleName":"-","UtcTime":"2023-06-20 19:15:56.812","ProcessGuid":"{BE59402F-B8EE-6491-D10D-000000002400}","User":"LUNARSTIIINESS\\tim.smith_admin","Image":"C:\\Program Files\\Mozilla Firefox\\firefox.exe","TargetFilename":"C:\\Users\\tim.smith_admin\\AppData\\Local\\Mozilla\\Firefox\\Profiles\\a62ctjal.default-release\\cache2\\entries\\7E1F3B4B3991335BF563632BF660C946AFB7152E","Hashes":"SHA1=7784D4BD0B5973A37262C0B380E94C8201E8ABB4,MD5=27C0AFE2F31A41D104A9D919B0F7715C,SHA256=DFB7CE006A36CE0BBE49AF51BF3D21B40A83B3FAB912FF809DBEC686EF65133E,IMPHASH=00000000000000000000000000000000","IsExecutable":"false","Archived":"true","EventReceivedTime":1687288557,"SourceModuleName":"in_sysmon","SourceModuleType":"im_msvistalog"}
<14>Jun 20 19:15:57 win-server.lunarstiiiness.com Microsoft-Windows-Sysmon[2212]: {"EventTime":1687288556,"Hostname":"win-server.lunarstiiiness.com","Keywords":-9223372036854775808,"EventType":"INFO","SeverityValue":2,"Severity":"INFO","EventID":23,"SourceName":"Microsoft-Windows-Sysmon","ProviderGuid":"{5770385F-C22A-43E0-BF4C-06F5698FFBD9}","Version":5,"Task":23,"OpcodeValue":0,"RecordNumber":2201078,"ProcessID":2212,"ThreadID":2972,"Channel":"Microsoft-Windows-Sysmon/Operational","Domain":"NT AUTHORITY","AccountName":"SYSTEM","UserID":"S-1-5-18","AccountType":"User","Message":"File Delete archived:\r\nRuleName: -\r\nUtcTime: 2023-06-20 19:15:56.828\r\nProcessGuid: {BE59402F-B8EE-6491-D10D-000000002400}\r\nProcessId: 1160\r\nUser: LUNARSTIIINESS\\tim.smith_admin\r\nImage: C:\\Program Files\\Mozilla Firefox\\firefox.exe\r\nTargetFilename: C:\\Users\\tim.smith_admin\\AppData\\Local\\Mozilla\\Firefox\\Profiles\\a62ctjal.default-release\\cache2\\entries\\F0DA07EC220F873BE64A2BD43DB0B7C3A9628D85\r\nHashes: SHA1=172F10EAF23DDC2DD8668271E43811F456D80C50,MD5=352D52914750A1FA3F111A7CFD8C49E0,SHA256=D32E5D620E1DB2B47B15A3AB5BD234F9F2FF4BBB365A4FE1FB51135AD4186988,IMPHASH=00000000000000000000000000000000\r\nIsExecutable: false\r\nArchived: true","Category":"File Delete archived (rule: FileDelete)","Opcode":"Info","RuleName":"-","UtcTime":"2023-06-20 19:15:56.828","ProcessGuid":"{BE59402F-B8EE-6491-D10D-000000002400}","User":"LUNARSTIIINESS\\tim.smith_admin","Image":"C:\\Program Files\\Mozilla Firefox\\firefox.exe","TargetFilename":"C:\\Users\\tim.smith_admin\\AppData\\Local\\Mozilla\\Firefox\\Profiles\\a62ctjal.default-release\\cache2\\entries\\F0DA07EC220F873BE64A2BD43DB0B7C3A9628D85","Hashes":"SHA1=172F10EAF23DDC2DD8668271E43811F456D80C50,MD5=352D52914750A1FA3F111A7CFD8C49E0,SHA256=D32E5D620E1DB2B47B15A3AB5BD234F9F2FF4BBB365A4FE1FB51135AD4186988,IMPHASH=00000000000000000000000000000000","IsExecutable":"false","Archived":"true","EventReceivedTime":1687288557,"SourceModuleName":"in_sysmon","SourceModuleType":"im_msvistalog"}
