<14>Jun 20 19:28:11 win-adfs.lunarstiiiness.com Microsoft-Windows-Sysmon[2556]: {"EventTime":1687289290,"Hostname":"win-adfs.lunarstiiiness.com","Keywords":-9223372036854775808,"EventType":"INFO","SeverityValue":2,"Severity":"INFO","EventID":11,"SourceName":"Microsoft-Windows-Sysmon","ProviderGuid":"{5770385F-C22A-43E0-BF4C-06F5698FFBD9}","Version":2,"Task":11,"OpcodeValue":0,"RecordNumber":5946357,"ProcessID":2556,"ThreadID":3972,"Channel":"Microsoft-Windows-Sysmon/Operational","Domain":"NT AUTHORITY","AccountName":"SYSTEM","UserID":"S-1-5-18","AccountType":"User","Message":"File created:\r\nRuleName: -\r\nUtcTime: 2023-06-20 19:28:10.569\r\nProcessGuid: {927d35bf-312c-6489-eb03-000000000000}\r\nProcessId: 4\r\nImage: System\r\nTargetFilename: C:\\ProgramData\\LogMeIn Rescue ConnectOnLAN\\LMIRescueApplet_WIN-ADFS_230620_192810\\Support-LogMeInRescue.exe\r\nCreationUtcTime: 2023-06-20 19:28:10.569\r\nUser: NT AUTHORITY\\SYSTEM","Category":"File created (rule: FileCreate)","Opcode":"Info","RuleName":"-","UtcTime":"2023-06-20 19:28:10.569","ProcessGuid":"{927d35bf-312c-6489-eb03-000000000000}","Image":"System","TargetFilename":"C:\\ProgramData\\LogMeIn Rescue ConnectOnLAN\\LMIRescueApplet_WIN-ADFS_230620_192810\\Support-LogMeInRescue.exe","CreationUtcTime":"2023-06-20 19:28:10.569","User":"NT AUTHORITY\\SYSTEM","EventReceivedTime":1687289291,"SourceModuleName":"in_sysmon","SourceModuleType":"im_msvistalog"}
<14>Jun 20 19:28:11 win-adfs.lunarstiiiness.com Microsoft-Windows-Sysmon[2556]: {"EventTime":1687289291,"Hostname":"win-adfs.lunarstiiiness.com","Keywords":-9223372036854775808,"EventType":"INFO","SeverityValue":2,"Severity":"INFO","EventID":11,"SourceName":"Microsoft-Windows-Sysmon","ProviderGuid":"{5770385F-C22A-43E0-BF4C-06F5698FFBD9}","Version":2,"Task":11,"OpcodeValue":0,"RecordNumber":5946371,"ProcessID":2556,"ThreadID":3972,"Channel":"Microsoft-Windows-Sysmon/Operational","Domain":"NT AUTHORITY","AccountName":"SYSTEM","UserID":"S-1-5-18","AccountType":"User","Message":"File created:\r\nRuleName: -\r\nUtcTime: 2023-06-20 19:28:11.367\r\nProcessGuid: {927d35bf-fdcb-6491-c634-000000002900}\r\nProcessId: 5264\r\nImage: C:\\ProgramData\\LogMeIn Rescue ConnectOnLAN\\LMIRescueApplet_WIN-ADFS_230620_192810\\Support-LogMeInRescue.exe\r\nTargetFilename: C:\\ProgramData\\LogMeIn Rescue ConnectOnLAN\\LMIRescueApplet_WIN-ADFS_230620_192810\\LMI_Rescue.exe\r\nCreationUtcTime: 2023-06-20 19:28:11.367\r\nUser: NT AUTHORITY\\SYSTEM","Category":"File created (rule: FileCreate)","Opcode":"Info","RuleName":"-","UtcTime":"2023-06-20 19:28:11.367","ProcessGuid":"{927d35bf-fdcb-6491-c634-000000002900}","Image":"C:\\ProgramData\\LogMeIn Rescue ConnectOnLAN\\LMIRescueApplet_WIN-ADFS_230620_192810\\Support-LogMeInRescue.exe","TargetFilename":"C:\\ProgramData\\LogMeIn Rescue ConnectOnLAN\\LMIRescueApplet_WIN-ADFS_230620_192810\\LMI_Rescue.exe","CreationUtcTime":"2023-06-20 19:28:11.367","User":"NT AUTHORITY\\SYSTEM","EventReceivedTime":1687289291,"SourceModuleName":"in_sysmon","SourceModuleType":"im_msvistalog"}
<14>Jun 20 19:28:11 win-adfs.lunarstiiiness.com Microsoft-Windows-Sysmon[2556]: {"EventTime":1687289291,"Hostname":"win-adfs.lunarstiiiness.com","Keywords":-9223372036854775808,"EventType":"INFO","SeverityValue":2,"Severity":"INFO","EventID":11,"SourceName":"Microsoft-Windows-Sysmon","ProviderGuid":"{5770385F-C22A-43E0-BF4C-06F5698FFBD9}","Version":2,"Task":11,"OpcodeValue":0,"RecordNumber":5946372,"ProcessID":2556,"ThreadID":3972,"Channel":"Microsoft-Windows-Sysmon/Operational","Domain":"NT AUTHORITY","AccountName":"SYSTEM","UserID":"S-1-5-18","AccountType":"User","Message":"File created:\r\nRuleName: -\r\nUtcTime: 2023-06-20 19:28:11.430\r\nProcessGuid: {927d35bf-fdcb-6491-c634-000000002900}\r\nProcessId: 5264\r\nImage: C:\\ProgramData\\LogMeIn Rescue ConnectOnLAN\\LMIRescueApplet_WIN-ADFS_230620_192810\\Support-LogMeInRescue.exe\r\nTargetFilename: C:\\ProgramData\\LogMeIn Rescue ConnectOnLAN\\LMIRescueApplet_WIN-ADFS_230620_192810\\Lmi_Rescue_srv.exe\r\nCreationUtcTime: 2023-06-20 19:28:11.430\r\nUser: NT AUTHORITY\\SYSTEM","Category":"File created (rule: FileCreate)","Opcode":"Info","RuleName":"-","UtcTime":"2023-06-20 19:28:11.430","ProcessGuid":"{927d35bf-fdcb-6491-c634-000000002900}","Image":"C:\\ProgramData\\LogMeIn Rescue ConnectOnLAN\\LMIRescueApplet_WIN-ADFS_230620_192810\\Support-LogMeInRescue.exe","TargetFilename":"C:\\ProgramData\\LogMeIn Rescue ConnectOnLAN\\LMIRescueApplet_WIN-ADFS_230620_192810\\Lmi_Rescue_srv.exe","CreationUtcTime":"2023-06-20 19:28:11.430","User":"NT AUTHORITY\\SYSTEM","EventReceivedTime":1687289291,"SourceModuleName":"in_sysmon","SourceModuleType":"im_msvistalog"}
<14>Jun 20 19:28:12 win-adfs.lunarstiiiness.com Microsoft-Windows-Sysmon[2556]: {"EventTime":1687289291,"Hostname":"win-adfs.lunarstiiiness.com","Keywords":-9223372036854775808,"EventType":"INFO","SeverityValue":2,"Severity":"INFO","EventID":11,"SourceName":"Microsoft-Windows-Sysmon","ProviderGuid":"{5770385F-C22A-43E0-BF4C-06F5698FFBD9}","Version":2,"Task":11,"OpcodeValue":0,"RecordNumber":5946373,"ProcessID":2556,"ThreadID":3972,"Channel":"Microsoft-Windows-Sysmon/Operational","Domain":"NT AUTHORITY","AccountName":"SYSTEM","UserID":"S-1-5-18","AccountType":"User","Message":"File created:\r\nRuleName: -\r\nUtcTime: 2023-06-20 19:28:11.680\r\nProcessGuid: {927d35bf-fdcb-6491-c634-000000002900}\r\nProcessId: 5264\r\nImage: C:\\ProgramData\\LogMeIn Rescue ConnectOnLAN\\LMIRescueApplet_WIN-ADFS_230620_192810\\Support-LogMeInRescue.exe\r\nTargetFilename: C:\\ProgramData\\LogMeIn Rescue ConnectOnLAN\\LMIRescueApplet_WIN-ADFS_230620_192810\\LMI_RescueRC.exe\r\nCreationUtcTime: 2023-06-20 19:28:11.664\r\nUser: NT AUTHORITY\\SYSTEM","Category":"File created (rule: FileCreate)","Opcode":"Info","RuleName":"-","UtcTime":"2023-06-20 19:28:11.680","ProcessGuid":"{927d35bf-fdcb-6491-c634-000000002900}","Image":"C:\\ProgramData\\LogMeIn Rescue ConnectOnLAN\\LMIRescueApplet_WIN-ADFS_230620_192810\\Support-LogMeInRescue.exe","TargetFilename":"C:\\ProgramData\\LogMeIn Rescue ConnectOnLAN\\LMIRescueApplet_WIN-ADFS_230620_192810\\LMI_RescueRC.exe","CreationUtcTime":"2023-06-20 19:28:11.664","User":"NT AUTHORITY\\SYSTEM","EventReceivedTime":1687289292,"SourceModuleName":"in_sysmon","SourceModuleType":"im_msvistalog"}
<14>Jun 20 19:28:12 win-adfs.lunarstiiiness.com Microsoft-Windows-Sysmon[2556]: {"EventTime":1687289291,"Hostname":"win-adfs.lunarstiiiness.com","Keywords":-9223372036854775808,"EventType":"INFO","SeverityValue":2,"Severity":"INFO","EventID":11,"SourceName":"Microsoft-Windows-Sysmon","ProviderGuid":"{5770385F-C22A-43E0-BF4C-06F5698FFBD9}","Version":2,"Task":11,"OpcodeValue":0,"RecordNumber":5946374,"ProcessID":2556,"ThreadID":3972,"Channel":"Microsoft-Windows-Sysmon/Operational","Domain":"NT AUTHORITY","AccountName":"SYSTEM","UserID":"S-1-5-18","AccountType":"User","Message":"File created:\r\nRuleName: -\r\nUtcTime: 2023-06-20 19:28:11.961\r\nProcessGuid: {927d35bf-fdcb-6491-c634-000000002900}\r\nProcessId: 5264\r\nImage: C:\\ProgramData\\LogMeIn Rescue ConnectOnLAN\\LMIRescueApplet_WIN-ADFS_230620_192810\\Support-LogMeInRescue.exe\r\nTargetFilename: C:\\ProgramData\\LogMeIn Rescue ConnectOnLAN\\LMIRescueApplet_WIN-ADFS_230620_192810\\ra64app.exe\r\nCreationUtcTime: 2023-06-20 19:28:11.961\r\nUser: NT AUTHORITY\\SYSTEM","Category":"File created (rule: FileCreate)","Opcode":"Info","RuleName":"-","UtcTime":"2023-06-20 19:28:11.961","ProcessGuid":"{927d35bf-fdcb-6491-c634-000000002900}","Image":"C:\\ProgramData\\LogMeIn Rescue ConnectOnLAN\\LMIRescueApplet_WIN-ADFS_230620_192810\\Support-LogMeInRescue.exe","TargetFilename":"C:\\ProgramData\\LogMeIn Rescue ConnectOnLAN\\LMIRescueApplet_WIN-ADFS_230620_192810\\ra64app.exe","CreationUtcTime":"2023-06-20 19:28:11.961","User":"NT AUTHORITY\\SYSTEM","EventReceivedTime":1687289292,"SourceModuleName":"in_sysmon","SourceModuleType":"im_msvistalog"}
<14>Jun 20 19:28:11 win-adfs.lunarstiiiness.com Microsoft-Windows-Sysmon[2556]: {"EventTime":1687289291,"Hostname":"win-adfs.lunarstiiiness.com","Keywords":-9223372036854775808,"EventType":"INFO","SeverityValue":2,"Severity":"INFO","EventID":13,"SourceName":"Microsoft-Windows-Sysmon","ProviderGuid":"{5770385F-C22A-43E0-BF4C-06F5698FFBD9}","Version":2,"Task":13,"OpcodeValue":0,"RecordNumber":5946367,"ProcessID":2556,"ThreadID":3972,"Channel":"Microsoft-Windows-Sysmon/Operational","Domain":"NT AUTHORITY","AccountName":"SYSTEM","UserID":"S-1-5-18","AccountType":"User","Message":"Registry value set:\r\nRuleName: technique_id=T1543,technique_name=Service Creation\r\nEventType: SetValue\r\nUtcTime: 2023-06-20 19:28:10.882\r\nProcessGuid: {927d35bf-312f-6489-0b00-000000002900}\r\nProcessId: 604\r\nImage: C:\\Windows\\system32\\services.exe\r\nTargetObject: HKLM\\System\\CurrentControlSet\\Services\\LMIRescueAppletPack_604c1193-c4cd-19eb-93b8-6d4daf67617c\\DisplayName\r\nDetails: LogMeIn Rescue applet pack (604c1193-c4cd-19eb-93b8-6d4daf67617c)\r\nUser: NT AUTHORITY\\SYSTEM","Category":"Registry value set (rule: RegistryEvent)","Opcode":"Info","RuleName":"technique_id=T1543,technique_name=Service Creation","UtcTime":"2023-06-20 19:28:10.882","ProcessGuid":"{927d35bf-312f-6489-0b00-000000002900}","Image":"C:\\Windows\\system32\\services.exe","TargetObject":"HKLM\\System\\CurrentControlSet\\Services\\LMIRescueAppletPack_604c1193-c4cd-19eb-93b8-6d4daf67617c\\DisplayName","Details":"LogMeIn Rescue applet pack (604c1193-c4cd-19eb-93b8-6d4daf67617c)","User":"NT AUTHORITY\\SYSTEM","EventReceivedTime":1687289291,"SourceModuleName":"in_sysmon","SourceModuleType":"im_msvistalog"}
<14>Jun 20 19:28:11 win-adfs.lunarstiiiness.com Microsoft-Windows-Sysmon[2556]: {"EventTime":1687289291,"Hostname":"win-adfs.lunarstiiiness.com","Keywords":-9223372036854775808,"EventType":"INFO","SeverityValue":2,"Severity":"INFO","EventID":13,"SourceName":"Microsoft-Windows-Sysmon","ProviderGuid":"{5770385F-C22A-43E0-BF4C-06F5698FFBD9}","Version":2,"Task":13,"OpcodeValue":0,"RecordNumber":5946365,"ProcessID":2556,"ThreadID":3972,"Channel":"Microsoft-Windows-Sysmon/Operational","Domain":"NT AUTHORITY","AccountName":"SYSTEM","UserID":"S-1-5-18","AccountType":"User","Message":"Registry value set:\r\nRuleName: technique_id=T1543,technique_name=Service Creation\r\nEventType: SetValue\r\nUtcTime: 2023-06-20 19:28:10.882\r\nProcessGuid: {927d35bf-312f-6489-0b00-000000002900}\r\nProcessId: 604\r\nImage: C:\\Windows\\system32\\services.exe\r\nTargetObject: HKLM\\System\\CurrentControlSet\\Services\\LMIRescueAppletPack_604c1193-c4cd-19eb-93b8-6d4daf67617c\\ErrorControl\r\nDetails: DWORD (0x00000001)\r\nUser: NT AUTHORITY\\SYSTEM","Category":"Registry value set (rule: RegistryEvent)","Opcode":"Info","RuleName":"technique_id=T1543,technique_name=Service Creation","UtcTime":"2023-06-20 19:28:10.882","ProcessGuid":"{927d35bf-312f-6489-0b00-000000002900}","Image":"C:\\Windows\\system32\\services.exe","TargetObject":"HKLM\\System\\CurrentControlSet\\Services\\LMIRescueAppletPack_604c1193-c4cd-19eb-93b8-6d4daf67617c\\ErrorControl","Details":"DWORD (0x00000001)","User":"NT AUTHORITY\\SYSTEM","EventReceivedTime":1687289291,"SourceModuleName":"in_sysmon","SourceModuleType":"im_msvistalog"}
<14>Jun 20 19:28:11 win-adfs.lunarstiiiness.com Microsoft-Windows-Sysmon[2556]: {"EventTime":1687289290,"Hostname":"win-adfs.lunarstiiiness.com","Keywords":-9223372036854775808,"EventType":"INFO","SeverityValue":2,"Severity":"INFO","EventID":12,"SourceName":"Microsoft-Windows-Sysmon","ProviderGuid":"{5770385F-C22A-43E0-BF4C-06F5698FFBD9}","Version":2,"Task":12,"OpcodeValue":0,"RecordNumber":5946359,"ProcessID":2556,"ThreadID":3972,"Channel":"Microsoft-Windows-Sysmon/Operational","Domain":"NT AUTHORITY","AccountName":"SYSTEM","UserID":"S-1-5-18","AccountType":"User","Message":"Registry object added or deleted:\r\nRuleName: technique_id=T1543,technique_name=Service Creation\r\nEventType: DeleteValue\r\nUtcTime: 2023-06-20 19:28:10.882\r\nProcessGuid: {927d35bf-313b-6489-4100-000000002900}\r\nProcessId: 2612\r\nImage: C:\\Windows\\System32\\svchost.exe\r\nTargetObject: HKLM\\System\\CurrentControlSet\\Services\\LanmanServer\\Shares\\Security\\LMIRescueConnectOnLAN\r\nUser: NT AUTHORITY\\SYSTEM","Category":"Registry object added or deleted (rule: RegistryEvent)","Opcode":"Info","RuleName":"technique_id=T1543,technique_name=Service Creation","UtcTime":"2023-06-20 19:28:10.882","ProcessGuid":"{927d35bf-313b-6489-4100-000000002900}","Image":"C:\\Windows\\System32\\svchost.exe","TargetObject":"HKLM\\System\\CurrentControlSet\\Services\\LanmanServer\\Shares\\Security\\LMIRescueConnectOnLAN","User":"NT AUTHORITY\\SYSTEM","EventReceivedTime":1687289291,"SourceModuleName":"in_sysmon","SourceModuleType":"im_msvistalog"}
<14>Jun 20 19:28:11 win-adfs.lunarstiiiness.com Microsoft-Windows-Sysmon[2556]: {"EventTime":1687289291,"Hostname":"win-adfs.lunarstiiiness.com","Keywords":-9223372036854775808,"EventType":"INFO","SeverityValue":2,"Severity":"INFO","EventID":13,"SourceName":"Microsoft-Windows-Sysmon","ProviderGuid":"{5770385F-C22A-43E0-BF4C-06F5698FFBD9}","Version":2,"Task":13,"OpcodeValue":0,"RecordNumber":5946366,"ProcessID":2556,"ThreadID":3972,"Channel":"Microsoft-Windows-Sysmon/Operational","Domain":"NT AUTHORITY","AccountName":"SYSTEM","UserID":"S-1-5-18","AccountType":"User","Message":"Registry value set:\r\nRuleName: -\r\nEventType: SetValue\r\nUtcTime: 2023-06-20 19:28:10.882\r\nProcessGuid: {927d35bf-312f-6489-0b00-000000002900}\r\nProcessId: 604\r\nImage: C:\\Windows\\system32\\services.exe\r\nTargetObject: HKLM\\System\\CurrentControlSet\\Services\\LMIRescueAppletPack_604c1193-c4cd-19eb-93b8-6d4daf67617c\\ImagePath\r\nDetails: \"C:\\ProgramData\\LogMeIn Rescue ConnectOnLAN\\LMIRescueApplet_WIN-ADFS_230620_192810\\Support-LogMeInRescue.exe\" -service -sid 604c1193-c4cd-19eb-93b8-6d4daf67617c -wd \"C:\\ProgramData\\LogMeIn Rescue ConnectOnLAN\\LMIRescueApplet_WIN-ADFS_230620_192810\"\r\nUser: NT AUTHORITY\\SYSTEM","Category":"Registry value set (rule: RegistryEvent)","Opcode":"Info","RuleName":"-","UtcTime":"2023-06-20 19:28:10.882","ProcessGuid":"{927d35bf-312f-6489-0b00-000000002900}","Image":"C:\\Windows\\system32\\services.exe","TargetObject":"HKLM\\System\\CurrentControlSet\\Services\\LMIRescueAppletPack_604c1193-c4cd-19eb-93b8-6d4daf67617c\\ImagePath","Details":"\"C:\\ProgramData\\LogMeIn Rescue ConnectOnLAN\\LMIRescueApplet_WIN-ADFS_230620_192810\\Support-LogMeInRescue.exe\" -service -sid 604c1193-c4cd-19eb-93b8-6d4daf67617c -wd \"C:\\ProgramData\\LogMeIn Rescue ConnectOnLAN\\LMIRescueApplet_WIN-ADFS_230620_192810\"","User":"NT AUTHORITY\\SYSTEM","EventReceivedTime":1687289291,"SourceModuleName":"in_sysmon","SourceModuleType":"im_msvistalog"}
<14>Jun 20 19:28:11 win-adfs.lunarstiiiness.com Microsoft-Windows-Sysmon[2556]: {"EventTime":1687289291,"Hostname":"win-adfs.lunarstiiiness.com","Keywords":-9223372036854775808,"EventType":"INFO","SeverityValue":2,"Severity":"INFO","EventID":13,"SourceName":"Microsoft-Windows-Sysmon","ProviderGuid":"{5770385F-C22A-43E0-BF4C-06F5698FFBD9}","Version":2,"Task":13,"OpcodeValue":0,"RecordNumber":5946364,"ProcessID":2556,"ThreadID":3972,"Channel":"Microsoft-Windows-Sysmon/Operational","Domain":"NT AUTHORITY","AccountName":"SYSTEM","UserID":"S-1-5-18","AccountType":"User","Message":"Registry value set:\r\nRuleName: -\r\nEventType: SetValue\r\nUtcTime: 2023-06-20 19:28:10.882\r\nProcessGuid: {927d35bf-312f-6489-0b00-000000002900}\r\nProcessId: 604\r\nImage: C:\\Windows\\system32\\services.exe\r\nTargetObject: HKLM\\System\\CurrentControlSet\\Services\\LMIRescueAppletPack_604c1193-c4cd-19eb-93b8-6d4daf67617c\\Start\r\nDetails: DWORD (0x00000003)\r\nUser: NT AUTHORITY\\SYSTEM","Category":"Registry value set (rule: RegistryEvent)","Opcode":"Info","RuleName":"-","UtcTime":"2023-06-20 19:28:10.882","ProcessGuid":"{927d35bf-312f-6489-0b00-000000002900}","Image":"C:\\Windows\\system32\\services.exe","TargetObject":"HKLM\\System\\CurrentControlSet\\Services\\LMIRescueAppletPack_604c1193-c4cd-19eb-93b8-6d4daf67617c\\Start","Details":"DWORD (0x00000003)","User":"NT AUTHORITY\\SYSTEM","EventReceivedTime":1687289291,"SourceModuleName":"in_sysmon","SourceModuleType":"im_msvistalog"}
<14>Jun 20 19:28:11 win-adfs.lunarstiiiness.com Microsoft-Windows-Sysmon[2556]: {"EventTime":1687289291,"Hostname":"win-adfs.lunarstiiiness.com","Keywords":-9223372036854775808,"EventType":"INFO","SeverityValue":2,"Severity":"INFO","EventID":13,"SourceName":"Microsoft-Windows-Sysmon","ProviderGuid":"{5770385F-C22A-43E0-BF4C-06F5698FFBD9}","Version":2,"Task":13,"OpcodeValue":0,"RecordNumber":5946369,"ProcessID":2556,"ThreadID":3972,"Channel":"Microsoft-Windows-Sysmon/Operational","Domain":"NT AUTHORITY","AccountName":"SYSTEM","UserID":"S-1-5-18","AccountType":"User","Message":"Registry value set:\r\nRuleName: technique_id=T1543,technique_name=Service Creation\r\nEventType: SetValue\r\nUtcTime: 2023-06-20 19:28:10.882\r\nProcessGuid: {927d35bf-312f-6489-0b00-000000002900}\r\nProcessId: 604\r\nImage: C:\\Windows\\system32\\services.exe\r\nTargetObject: HKLM\\System\\CurrentControlSet\\Services\\LMIRescueAppletPack_604c1193-c4cd-19eb-93b8-6d4daf67617c\\ObjectName\r\nDetails: LocalSystem\r\nUser: NT AUTHORITY\\SYSTEM","Category":"Registry value set (rule: RegistryEvent)","Opcode":"Info","RuleName":"technique_id=T1543,technique_name=Service Creation","UtcTime":"2023-06-20 19:28:10.882","ProcessGuid":"{927d35bf-312f-6489-0b00-000000002900}","Image":"C:\\Windows\\system32\\services.exe","TargetObject":"HKLM\\System\\CurrentControlSet\\Services\\LMIRescueAppletPack_604c1193-c4cd-19eb-93b8-6d4daf67617c\\ObjectName","Details":"LocalSystem","User":"NT AUTHORITY\\SYSTEM","EventReceivedTime":1687289291,"SourceModuleName":"in_sysmon","SourceModuleType":"im_msvistalog"}
<14>Jun 20 19:28:11 win-adfs.lunarstiiiness.com Microsoft-Windows-Sysmon[2556]: {"EventTime":1687289291,"Hostname":"win-adfs.lunarstiiiness.com","Keywords":-9223372036854775808,"EventType":"INFO","SeverityValue":2,"Severity":"INFO","EventID":13,"SourceName":"Microsoft-Windows-Sysmon","ProviderGuid":"{5770385F-C22A-43E0-BF4C-06F5698FFBD9}","Version":2,"Task":13,"OpcodeValue":0,"RecordNumber":5946368,"ProcessID":2556,"ThreadID":3972,"Channel":"Microsoft-Windows-Sysmon/Operational","Domain":"NT AUTHORITY","AccountName":"SYSTEM","UserID":"S-1-5-18","AccountType":"User","Message":"Registry value set:\r\nRuleName: technique_id=T1543,technique_name=Service Creation\r\nEventType: SetValue\r\nUtcTime: 2023-06-20 19:28:10.882\r\nProcessGuid: {927d35bf-312f-6489-0b00-000000002900}\r\nProcessId: 604\r\nImage: C:\\Windows\\system32\\services.exe\r\nTargetObject: HKLM\\System\\CurrentControlSet\\Services\\LMIRescueAppletPack_604c1193-c4cd-19eb-93b8-6d4daf67617c\\DependOnService\r\nDetails: Binary Data\r\nUser: NT AUTHORITY\\SYSTEM","Category":"Registry value set (rule: RegistryEvent)","Opcode":"Info","RuleName":"technique_id=T1543,technique_name=Service Creation","UtcTime":"2023-06-20 19:28:10.882","ProcessGuid":"{927d35bf-312f-6489-0b00-000000002900}","Image":"C:\\Windows\\system32\\services.exe","TargetObject":"HKLM\\System\\CurrentControlSet\\Services\\LMIRescueAppletPack_604c1193-c4cd-19eb-93b8-6d4daf67617c\\DependOnService","Details":"Binary Data","User":"NT AUTHORITY\\SYSTEM","EventReceivedTime":1687289291,"SourceModuleName":"in_sysmon","SourceModuleType":"im_msvistalog"}
<14>Jun 20 19:28:11 win-adfs.lunarstiiiness.com Microsoft-Windows-Sysmon[2556]: {"EventTime":1687289290,"Hostname":"win-adfs.lunarstiiiness.com","Keywords":-9223372036854775808,"EventType":"INFO","SeverityValue":2,"Severity":"INFO","EventID":12,"SourceName":"Microsoft-Windows-Sysmon","ProviderGuid":"{5770385F-C22A-43E0-BF4C-06F5698FFBD9}","Version":2,"Task":12,"OpcodeValue":0,"RecordNumber":5946362,"ProcessID":2556,"ThreadID":3972,"Channel":"Microsoft-Windows-Sysmon/Operational","Domain":"NT AUTHORITY","AccountName":"SYSTEM","UserID":"S-1-5-18","AccountType":"User","Message":"Registry object added or deleted:\r\nRuleName: technique_id=T1543,technique_name=Service Creation\r\nEventType: CreateKey\r\nUtcTime: 2023-06-20 19:28:10.882\r\nProcessGuid: {927d35bf-312f-6489-0b00-000000002900}\r\nProcessId: 604\r\nImage: C:\\Windows\\system32\\services.exe\r\nTargetObject: HKLM\\System\\CurrentControlSet\\Services\\LMIRescueAppletPack_604c1193-c4cd-19eb-93b8-6d4daf67617c\r\nUser: NT AUTHORITY\\SYSTEM","Category":"Registry object added or deleted (rule: RegistryEvent)","Opcode":"Info","RuleName":"technique_id=T1543,technique_name=Service Creation","UtcTime":"2023-06-20 19:28:10.882","ProcessGuid":"{927d35bf-312f-6489-0b00-000000002900}","Image":"C:\\Windows\\system32\\services.exe","TargetObject":"HKLM\\System\\CurrentControlSet\\Services\\LMIRescueAppletPack_604c1193-c4cd-19eb-93b8-6d4daf67617c","User":"NT AUTHORITY\\SYSTEM","EventReceivedTime":1687289291,"SourceModuleName":"in_sysmon","SourceModuleType":"im_msvistalog"}
<14>Jun 20 19:28:11 win-adfs.lunarstiiiness.com Microsoft-Windows-Sysmon[2556]: {"EventTime":1687289290,"Hostname":"win-adfs.lunarstiiiness.com","Keywords":-9223372036854775808,"EventType":"INFO","SeverityValue":2,"Severity":"INFO","EventID":13,"SourceName":"Microsoft-Windows-Sysmon","ProviderGuid":"{5770385F-C22A-43E0-BF4C-06F5698FFBD9}","Version":2,"Task":13,"OpcodeValue":0,"RecordNumber":5946363,"ProcessID":2556,"ThreadID":3972,"Channel":"Microsoft-Windows-Sysmon/Operational","Domain":"NT AUTHORITY","AccountName":"SYSTEM","UserID":"S-1-5-18","AccountType":"User","Message":"Registry value set:\r\nRuleName: technique_id=T1543,technique_name=Service Creation\r\nEventType: SetValue\r\nUtcTime: 2023-06-20 19:28:10.882\r\nProcessGuid: {927d35bf-312f-6489-0b00-000000002900}\r\nProcessId: 604\r\nImage: C:\\Windows\\system32\\services.exe\r\nTargetObject: HKLM\\System\\CurrentControlSet\\Services\\LMIRescueAppletPack_604c1193-c4cd-19eb-93b8-6d4daf67617c\\Type\r\nDetails: DWORD (0x00000010)\r\nUser: NT AUTHORITY\\SYSTEM","Category":"Registry value set (rule: RegistryEvent)","Opcode":"Info","RuleName":"technique_id=T1543,technique_name=Service Creation","UtcTime":"2023-06-20 19:28:10.882","ProcessGuid":"{927d35bf-312f-6489-0b00-000000002900}","Image":"C:\\Windows\\system32\\services.exe","TargetObject":"HKLM\\System\\CurrentControlSet\\Services\\LMIRescueAppletPack_604c1193-c4cd-19eb-93b8-6d4daf67617c\\Type","Details":"DWORD (0x00000010)","User":"NT AUTHORITY\\SYSTEM","EventReceivedTime":1687289291,"SourceModuleName":"in_sysmon","SourceModuleType":"im_msvistalog"}
<14>Jun 20 19:28:11 win-adfs.lunarstiiiness.com Microsoft-Windows-Sysmon[2556]: {"EventTime":1687289290,"Hostname":"win-adfs.lunarstiiiness.com","Keywords":-9223372036854775808,"EventType":"INFO","SeverityValue":2,"Severity":"INFO","EventID":12,"SourceName":"Microsoft-Windows-Sysmon","ProviderGuid":"{5770385F-C22A-43E0-BF4C-06F5698FFBD9}","Version":2,"Task":12,"OpcodeValue":0,"RecordNumber":5946361,"ProcessID":2556,"ThreadID":3972,"Channel":"Microsoft-Windows-Sysmon/Operational","Domain":"NT AUTHORITY","AccountName":"SYSTEM","UserID":"S-1-5-18","AccountType":"User","Message":"Registry object added or deleted:\r\nRuleName: technique_id=T1543,technique_name=Service Creation\r\nEventType: DeleteValue\r\nUtcTime: 2023-06-20 19:28:10.882\r\nProcessGuid: {927d35bf-313b-6489-4100-000000002900}\r\nProcessId: 2612\r\nImage: C:\\Windows\\System32\\svchost.exe\r\nTargetObject: HKLM\\System\\CurrentControlSet\\Services\\LanmanServer\\Shares\\LMIRescueConnectOnLAN\r\nUser: NT AUTHORITY\\SYSTEM","Category":"Registry object added or deleted (rule: RegistryEvent)","Opcode":"Info","RuleName":"technique_id=T1543,technique_name=Service Creation","UtcTime":"2023-06-20 19:28:10.882","ProcessGuid":"{927d35bf-313b-6489-4100-000000002900}","Image":"C:\\Windows\\System32\\svchost.exe","TargetObject":"HKLM\\System\\CurrentControlSet\\Services\\LanmanServer\\Shares\\LMIRescueConnectOnLAN","User":"NT AUTHORITY\\SYSTEM","EventReceivedTime":1687289291,"SourceModuleName":"in_sysmon","SourceModuleType":"im_msvistalog"}
<14>Jun 20 19:28:11 win-adfs.lunarstiiiness.com Microsoft-Windows-Sysmon[2556]: {"EventTime":1687289291,"Hostname":"win-adfs.lunarstiiiness.com","Keywords":-9223372036854775808,"EventType":"INFO","SeverityValue":2,"Severity":"INFO","EventID":7,"SourceName":"Microsoft-Windows-Sysmon","ProviderGuid":"{5770385F-C22A-43E0-BF4C-06F5698FFBD9}","Version":3,"Task":7,"OpcodeValue":0,"RecordNumber":5946370,"ProcessID":2556,"ThreadID":4056,"Channel":"Microsoft-Windows-Sysmon/Operational","Domain":"NT AUTHORITY","AccountName":"SYSTEM","UserID":"S-1-5-18","AccountType":"User","Message":"Image loaded:\r\nRuleName: technique_id=T1574.002,technique_name=DLL Side-Loading\r\nUtcTime: 2023-06-20 19:28:11.117\r\nProcessGuid: {927d35bf-fdcb-6491-c634-000000002900}\r\nProcessId: 5264\r\nImage: C:\\ProgramData\\LogMeIn Rescue ConnectOnLAN\\LMIRescueApplet_WIN-ADFS_230620_192810\\Support-LogMeInRescue.exe\r\nImageLoaded: C:\\ProgramData\\LogMeIn Rescue ConnectOnLAN\\LMIRescueApplet_WIN-ADFS_230620_192810\\Support-LogMeInRescue.exe\r\nFileVersion: 7.50.436\r\nDescription: LogMeIn Rescue\r\nProduct: LogMeIn Rescue\r\nCompany: LogMeIn, Inc.\r\nOriginalFileName: LMIRescue.exe\r\nHashes: SHA1=6A9F2CB64937DA001308C4F95342173010AD44BE,MD5=3315BA2BB41CD92488FBB4A90218CD65,SHA256=C6E340C35A69C28EADCDF440C6738B0C14A6324AA263F9B340FD2D6722A2F1FF,IMPHASH=B7FAA5B93E3EFED47037005978618DE3\r\nSigned: true\r\nSignature: LogMeIn, Inc.\r\nSignatureStatus: Valid\r\nUser: NT AUTHORITY\\SYSTEM","Category":"Image loaded (rule: ImageLoad)","Opcode":"Info","RuleName":"technique_id=T1574.002,technique_name=DLL Side-Loading","UtcTime":"2023-06-20 19:28:11.117","ProcessGuid":"{927d35bf-fdcb-6491-c634-000000002900}","Image":"C:\\ProgramData\\LogMeIn Rescue ConnectOnLAN\\LMIRescueApplet_WIN-ADFS_230620_192810\\Support-LogMeInRescue.exe","ImageLoaded":"C:\\ProgramData\\LogMeIn Rescue ConnectOnLAN\\LMIRescueApplet_WIN-ADFS_230620_192810\\Support-LogMeInRescue.exe","FileVersion":"7.50.436","Description":"LogMeIn Rescue","Product":"LogMeIn Rescue","Company":"LogMeIn, Inc.","OriginalFileName":"LMIRescue.exe","Hashes":"SHA1=6A9F2CB64937DA001308C4F95342173010AD44BE,MD5=3315BA2BB41CD92488FBB4A90218CD65,SHA256=C6E340C35A69C28EADCDF440C6738B0C14A6324AA263F9B340FD2D6722A2F1FF,IMPHASH=B7FAA5B93E3EFED47037005978618DE3","Signed":"true","Signature":"LogMeIn, Inc.","SignatureStatus":"Valid","User":"NT AUTHORITY\\SYSTEM","EventReceivedTime":1687289291,"SourceModuleName":"in_sysmon","SourceModuleType":"im_msvistalog"}
<14>Jun 20 19:28:15 win-adfs.lunarstiiiness.com Microsoft-Windows-Sysmon[2556]: {"EventTime":1687289293,"Hostname":"win-adfs.lunarstiiiness.com","Keywords":-9223372036854775808,"EventType":"INFO","SeverityValue":2,"Severity":"INFO","EventID":7,"SourceName":"Microsoft-Windows-Sysmon","ProviderGuid":"{5770385F-C22A-43E0-BF4C-06F5698FFBD9}","Version":3,"Task":7,"OpcodeValue":0,"RecordNumber":5946375,"ProcessID":2556,"ThreadID":4056,"Channel":"Microsoft-Windows-Sysmon/Operational","Domain":"NT AUTHORITY","AccountName":"SYSTEM","UserID":"S-1-5-18","AccountType":"User","Message":"Image loaded:\r\nRuleName: technique_id=T1574.002,technique_name=DLL Side-Loading\r\nUtcTime: 2023-06-20 19:28:13.039\r\nProcessGuid: {927d35bf-fdcc-6491-c734-000000002900}\r\nProcessId: 8232\r\nImage: C:\\ProgramData\\LogMeIn Rescue ConnectOnLAN\\LMIRescueApplet_WIN-ADFS_230620_192810\\LMI_Rescue.exe\r\nImageLoaded: C:\\ProgramData\\LogMeIn Rescue ConnectOnLAN\\LMIRescueApplet_WIN-ADFS_230620_192810\\LMI_Rescue.exe\r\nFileVersion: 7.50.436\r\nDescription: LogMeIn Rescue\r\nProduct: LogMeIn Rescue\r\nCompany: LogMeIn, Inc.\r\nOriginalFileName: LMI_Rescue.exe\r\nHashes: SHA1=B1D0626C78ABC7DDDB8CD9F1D7C4A52A42F6AA24,MD5=37FA2F18EBA6B6C8BA9F74ED84169A78,SHA256=33B64655C3A0D63529C2801B8E62FAAB15D7DBB89B3432A94E8E4B5638169F1C,IMPHASH=7314116E0DE91D21A01519C098EFEA68\r\nSigned: true\r\nSignature: LogMeIn, Inc.\r\nSignatureStatus: Valid\r\nUser: NT AUTHORITY\\SYSTEM","Category":"Image loaded (rule: ImageLoad)","Opcode":"Info","RuleName":"technique_id=T1574.002,technique_name=DLL Side-Loading","UtcTime":"2023-06-20 19:28:13.039","ProcessGuid":"{927d35bf-fdcc-6491-c734-000000002900}","Image":"C:\\ProgramData\\LogMeIn Rescue ConnectOnLAN\\LMIRescueApplet_WIN-ADFS_230620_192810\\LMI_Rescue.exe","ImageLoaded":"C:\\ProgramData\\LogMeIn Rescue ConnectOnLAN\\LMIRescueApplet_WIN-ADFS_230620_192810\\LMI_Rescue.exe","FileVersion":"7.50.436","Description":"LogMeIn Rescue","Product":"LogMeIn Rescue","Company":"LogMeIn, Inc.","OriginalFileName":"LMI_Rescue.exe","Hashes":"SHA1=B1D0626C78ABC7DDDB8CD9F1D7C4A52A42F6AA24,MD5=37FA2F18EBA6B6C8BA9F74ED84169A78,SHA256=33B64655C3A0D63529C2801B8E62FAAB15D7DBB89B3432A94E8E4B5638169F1C,IMPHASH=7314116E0DE91D21A01519C098EFEA68","Signed":"true","Signature":"LogMeIn, Inc.","SignatureStatus":"Valid","User":"NT AUTHORITY\\SYSTEM","EventReceivedTime":1687289295,"SourceModuleName":"in_sysmon","SourceModuleType":"im_msvistalog"}
<14>Jun 20 19:28:16 win-adfs.lunarstiiiness.com Microsoft-Windows-Sysmon[2556]: {"EventTime":1687289294,"Hostname":"win-adfs.lunarstiiiness.com","Keywords":-9223372036854775808,"EventType":"INFO","SeverityValue":2,"Severity":"INFO","EventID":7,"SourceName":"Microsoft-Windows-Sysmon","ProviderGuid":"{5770385F-C22A-43E0-BF4C-06F5698FFBD9}","Version":3,"Task":7,"OpcodeValue":0,"RecordNumber":5946376,"ProcessID":2556,"ThreadID":4056,"Channel":"Microsoft-Windows-Sysmon/Operational","Domain":"NT AUTHORITY","AccountName":"SYSTEM","UserID":"S-1-5-18","AccountType":"User","Message":"Image loaded:\r\nRuleName: technique_id=T1574.002,technique_name=DLL Side-Loading\r\nUtcTime: 2023-06-20 19:28:14.197\r\nProcessGuid: {927d35bf-fdce-6491-c834-000000002900}\r\nProcessId: 11116\r\nImage: C:\\ProgramData\\LogMeIn Rescue ConnectOnLAN\\LMIRescueApplet_WIN-ADFS_230620_192810\\Lmi_Rescue_srv.exe\r\nImageLoaded: C:\\ProgramData\\LogMeIn Rescue ConnectOnLAN\\LMIRescueApplet_WIN-ADFS_230620_192810\\Lmi_Rescue_srv.exe\r\nFileVersion: 7.50.436\r\nDescription: LogMeIn Rescue\r\nProduct: LogMeIn Rescue\r\nCompany: LogMeIn, Inc.\r\nOriginalFileName: LMI_Rescue_srv.exe\r\nHashes: SHA1=FF20362EA449738B4C6533212A5926FBDDB8928B,MD5=0DD00C5B95958371D86FE363820881F0,SHA256=152BFCD02EC309B63F5D074E08E32C8ADC8E28E50A574B56FDBA1D35C79E1348,IMPHASH=DB4C3BE3130CA59B14F1C3CB66869CE1\r\nSigned: true\r\nSignature: LogMeIn, Inc.\r\nSignatureStatus: Valid\r\nUser: NT AUTHORITY\\SYSTEM","Category":"Image loaded (rule: ImageLoad)","Opcode":"Info","RuleName":"technique_id=T1574.002,technique_name=DLL Side-Loading","UtcTime":"2023-06-20 19:28:14.197","ProcessGuid":"{927d35bf-fdce-6491-c834-000000002900}","Image":"C:\\ProgramData\\LogMeIn Rescue ConnectOnLAN\\LMIRescueApplet_WIN-ADFS_230620_192810\\Lmi_Rescue_srv.exe","ImageLoaded":"C:\\ProgramData\\LogMeIn Rescue ConnectOnLAN\\LMIRescueApplet_WIN-ADFS_230620_192810\\Lmi_Rescue_srv.exe","FileVersion":"7.50.436","Description":"LogMeIn Rescue","Product":"LogMeIn Rescue","Company":"LogMeIn, Inc.","OriginalFileName":"LMI_Rescue_srv.exe","Hashes":"SHA1=FF20362EA449738B4C6533212A5926FBDDB8928B,MD5=0DD00C5B95958371D86FE363820881F0,SHA256=152BFCD02EC309B63F5D074E08E32C8ADC8E28E50A574B56FDBA1D35C79E1348,IMPHASH=DB4C3BE3130CA59B14F1C3CB66869CE1","Signed":"true","Signature":"LogMeIn, Inc.","SignatureStatus":"Valid","User":"NT AUTHORITY\\SYSTEM","EventReceivedTime":1687289296,"SourceModuleName":"in_sysmon","SourceModuleType":"im_msvistalog"}
<14>Jun 20 19:28:16 win-adfs.lunarstiiiness.com Microsoft-Windows-Sysmon[2556]: {"EventTime":1687289294,"Hostname":"win-adfs.lunarstiiiness.com","Keywords":-9223372036854775808,"EventType":"INFO","SeverityValue":2,"Severity":"INFO","EventID":12,"SourceName":"Microsoft-Windows-Sysmon","ProviderGuid":"{5770385F-C22A-43E0-BF4C-06F5698FFBD9}","Version":2,"Task":12,"OpcodeValue":0,"RecordNumber":5946379,"ProcessID":2556,"ThreadID":3972,"Channel":"Microsoft-Windows-Sysmon/Operational","Domain":"NT AUTHORITY","AccountName":"SYSTEM","UserID":"S-1-5-18","AccountType":"User","Message":"Registry object added or deleted:\r\nRuleName: technique_id=T1543,technique_name=Service Creation\r\nEventType: DeleteKey\r\nUtcTime: 2023-06-20 19:28:14.290\r\nProcessGuid: {927d35bf-312f-6489-0b00-000000002900}\r\nProcessId: 604\r\nImage: C:\\Windows\\system32\\services.exe\r\nTargetObject: HKLM\\System\\CurrentControlSet\\Services\\LMIRescueAppletPack_604c1193-c4cd-19eb-93b8-6d4daf67617c\r\nUser: NT AUTHORITY\\SYSTEM","Category":"Registry object added or deleted (rule: RegistryEvent)","Opcode":"Info","RuleName":"technique_id=T1543,technique_name=Service Creation","UtcTime":"2023-06-20 19:28:14.290","ProcessGuid":"{927d35bf-312f-6489-0b00-000000002900}","Image":"C:\\Windows\\system32\\services.exe","TargetObject":"HKLM\\System\\CurrentControlSet\\Services\\LMIRescueAppletPack_604c1193-c4cd-19eb-93b8-6d4daf67617c","User":"NT AUTHORITY\\SYSTEM","EventReceivedTime":1687289296,"SourceModuleName":"in_sysmon","SourceModuleType":"im_msvistalog"}
<14>Jun 20 19:28:16 win-adfs.lunarstiiiness.com Microsoft-Windows-Sysmon[2556]: {"EventTime":1687289294,"Hostname":"win-adfs.lunarstiiiness.com","Keywords":-9223372036854775808,"EventType":"INFO","SeverityValue":2,"Severity":"INFO","EventID":13,"SourceName":"Microsoft-Windows-Sysmon","ProviderGuid":"{5770385F-C22A-43E0-BF4C-06F5698FFBD9}","Version":2,"Task":13,"OpcodeValue":0,"RecordNumber":5946378,"ProcessID":2556,"ThreadID":3972,"Channel":"Microsoft-Windows-Sysmon/Operational","Domain":"NT AUTHORITY","AccountName":"SYSTEM","UserID":"S-1-5-18","AccountType":"User","Message":"Registry value set:\r\nRuleName: -\r\nEventType: SetValue\r\nUtcTime: 2023-06-20 19:28:14.290\r\nProcessGuid: {927d35bf-312f-6489-0b00-000000002900}\r\nProcessId: 604\r\nImage: C:\\Windows\\system32\\services.exe\r\nTargetObject: HKLM\\System\\CurrentControlSet\\Services\\LMIRescueAppletPack_604c1193-c4cd-19eb-93b8-6d4daf67617c\\Start\r\nDetails: DWORD (0x00000004)\r\nUser: NT AUTHORITY\\SYSTEM","Category":"Registry value set (rule: RegistryEvent)","Opcode":"Info","RuleName":"-","UtcTime":"2023-06-20 19:28:14.290","ProcessGuid":"{927d35bf-312f-6489-0b00-000000002900}","Image":"C:\\Windows\\system32\\services.exe","TargetObject":"HKLM\\System\\CurrentControlSet\\Services\\LMIRescueAppletPack_604c1193-c4cd-19eb-93b8-6d4daf67617c\\Start","Details":"DWORD (0x00000004)","User":"NT AUTHORITY\\SYSTEM","EventReceivedTime":1687289296,"SourceModuleName":"in_sysmon","SourceModuleType":"im_msvistalog"}
<14>Jun 20 19:28:16 win-adfs.lunarstiiiness.com Microsoft-Windows-Sysmon[2556]: {"EventTime":1687289294,"Hostname":"win-adfs.lunarstiiiness.com","Keywords":-9223372036854775808,"EventType":"INFO","SeverityValue":2,"Severity":"INFO","EventID":13,"SourceName":"Microsoft-Windows-Sysmon","ProviderGuid":"{5770385F-C22A-43E0-BF4C-06F5698FFBD9}","Version":2,"Task":13,"OpcodeValue":0,"RecordNumber":5946377,"ProcessID":2556,"ThreadID":3972,"Channel":"Microsoft-Windows-Sysmon/Operational","Domain":"NT AUTHORITY","AccountName":"SYSTEM","UserID":"S-1-5-18","AccountType":"User","Message":"Registry value set:\r\nRuleName: technique_id=T1543,technique_name=Service Creation\r\nEventType: SetValue\r\nUtcTime: 2023-06-20 19:28:14.290\r\nProcessGuid: {927d35bf-312f-6489-0b00-000000002900}\r\nProcessId: 604\r\nImage: C:\\Windows\\system32\\services.exe\r\nTargetObject: HKLM\\System\\CurrentControlSet\\Services\\LMIRescueAppletPack_604c1193-c4cd-19eb-93b8-6d4daf67617c\\DeleteFlag\r\nDetails: DWORD (0x00000001)\r\nUser: NT AUTHORITY\\SYSTEM","Category":"Registry value set (rule: RegistryEvent)","Opcode":"Info","RuleName":"technique_id=T1543,technique_name=Service Creation","UtcTime":"2023-06-20 19:28:14.290","ProcessGuid":"{927d35bf-312f-6489-0b00-000000002900}","Image":"C:\\Windows\\system32\\services.exe","TargetObject":"HKLM\\System\\CurrentControlSet\\Services\\LMIRescueAppletPack_604c1193-c4cd-19eb-93b8-6d4daf67617c\\DeleteFlag","Details":"DWORD (0x00000001)","User":"NT AUTHORITY\\SYSTEM","EventReceivedTime":1687289296,"SourceModuleName":"in_sysmon","SourceModuleType":"im_msvistalog"}
<14>Jun 20 19:28:16 win-adfs.lunarstiiiness.com Microsoft-Windows-Sysmon[2556]: {"EventTime":1687289295,"Hostname":"win-adfs.lunarstiiiness.com","Keywords":-9223372036854775808,"EventType":"INFO","SeverityValue":2,"Severity":"INFO","EventID":13,"SourceName":"Microsoft-Windows-Sysmon","ProviderGuid":"{5770385F-C22A-43E0-BF4C-06F5698FFBD9}","Version":2,"Task":13,"OpcodeValue":0,"RecordNumber":5946384,"ProcessID":2556,"ThreadID":3972,"Channel":"Microsoft-Windows-Sysmon/Operational","Domain":"NT AUTHORITY","AccountName":"SYSTEM","UserID":"S-1-5-18","AccountType":"User","Message":"Registry value set:\r\nRuleName: -\r\nEventType: SetValue\r\nUtcTime: 2023-06-20 19:28:15.104\r\nProcessGuid: {927d35bf-312f-6489-0b00-000000002900}\r\nProcessId: 604\r\nImage: C:\\Windows\\system32\\services.exe\r\nTargetObject: HKLM\\System\\CurrentControlSet\\Services\\LMIRescue_604c1193-c4cd-19eb-93b8-6d4daf67617c\\ImagePath\r\nDetails: \"C:\\Program Files (x86)\\LogMeIn Rescue Applet\\LMIR111CF001.tmp\\LMI_Rescue_srv.exe\" -service -sid 604c1193-c4cd-19eb-93b8-6d4daf67617c -wd \"C:\\ProgramData\\LogMeIn Rescue ConnectOnLAN\\LMIRescueApplet_WIN-ADFS_230620_192810\"\r\nUser: NT AUTHORITY\\SYSTEM","Category":"Registry value set (rule: RegistryEvent)","Opcode":"Info","RuleName":"-","UtcTime":"2023-06-20 19:28:15.104","ProcessGuid":"{927d35bf-312f-6489-0b00-000000002900}","Image":"C:\\Windows\\system32\\services.exe","TargetObject":"HKLM\\System\\CurrentControlSet\\Services\\LMIRescue_604c1193-c4cd-19eb-93b8-6d4daf67617c\\ImagePath","Details":"\"C:\\Program Files (x86)\\LogMeIn Rescue Applet\\LMIR111CF001.tmp\\LMI_Rescue_srv.exe\" -service -sid 604c1193-c4cd-19eb-93b8-6d4daf67617c -wd \"C:\\ProgramData\\LogMeIn Rescue ConnectOnLAN\\LMIRescueApplet_WIN-ADFS_230620_192810\"","User":"NT AUTHORITY\\SYSTEM","EventReceivedTime":1687289296,"SourceModuleName":"in_sysmon","SourceModuleType":"im_msvistalog"}
<14>Jun 20 19:28:16 win-adfs.lunarstiiiness.com Microsoft-Windows-Sysmon[2556]: {"EventTime":1687289295,"Hostname":"win-adfs.lunarstiiiness.com","Keywords":-9223372036854775808,"EventType":"INFO","SeverityValue":2,"Severity":"INFO","EventID":13,"SourceName":"Microsoft-Windows-Sysmon","ProviderGuid":"{5770385F-C22A-43E0-BF4C-06F5698FFBD9}","Version":2,"Task":13,"OpcodeValue":0,"RecordNumber":5946382,"ProcessID":2556,"ThreadID":3972,"Channel":"Microsoft-Windows-Sysmon/Operational","Domain":"NT AUTHORITY","AccountName":"SYSTEM","UserID":"S-1-5-18","AccountType":"User","Message":"Registry value set:\r\nRuleName: -\r\nEventType: SetValue\r\nUtcTime: 2023-06-20 19:28:15.104\r\nProcessGuid: {927d35bf-312f-6489-0b00-000000002900}\r\nProcessId: 604\r\nImage: C:\\Windows\\system32\\services.exe\r\nTargetObject: HKLM\\System\\CurrentControlSet\\Services\\LMIRescue_604c1193-c4cd-19eb-93b8-6d4daf67617c\\Start\r\nDetails: DWORD (0x00000002)\r\nUser: NT AUTHORITY\\SYSTEM","Category":"Registry value set (rule: RegistryEvent)","Opcode":"Info","RuleName":"-","UtcTime":"2023-06-20 19:28:15.104","ProcessGuid":"{927d35bf-312f-6489-0b00-000000002900}","Image":"C:\\Windows\\system32\\services.exe","TargetObject":"HKLM\\System\\CurrentControlSet\\Services\\LMIRescue_604c1193-c4cd-19eb-93b8-6d4daf67617c\\Start","Details":"DWORD (0x00000002)","User":"NT AUTHORITY\\SYSTEM","EventReceivedTime":1687289296,"SourceModuleName":"in_sysmon","SourceModuleType":"im_msvistalog"}
<14>Jun 20 19:28:16 win-adfs.lunarstiiiness.com Microsoft-Windows-Sysmon[2556]: {"EventTime":1687289295,"Hostname":"win-adfs.lunarstiiiness.com","Keywords":-9223372036854775808,"EventType":"INFO","SeverityValue":2,"Severity":"INFO","EventID":12,"SourceName":"Microsoft-Windows-Sysmon","ProviderGuid":"{5770385F-C22A-43E0-BF4C-06F5698FFBD9}","Version":2,"Task":12,"OpcodeValue":0,"RecordNumber":5946389,"ProcessID":2556,"ThreadID":3972,"Channel":"Microsoft-Windows-Sysmon/Operational","Domain":"NT AUTHORITY","AccountName":"SYSTEM","UserID":"S-1-5-18","AccountType":"User","Message":"Registry object added or deleted:\r\nRuleName: -\r\nEventType: CreateKey\r\nUtcTime: 2023-06-20 19:28:15.104\r\nProcessGuid: {927d35bf-fdce-6491-c834-000000002900}\r\nProcessId: 11116\r\nImage: C:\\ProgramData\\LogMeIn Rescue ConnectOnLAN\\LMIRescueApplet_WIN-ADFS_230620_192810\\LMI_Rescue_srv.exe\r\nTargetObject: HKLM\\System\\CurrentControlSet\\Control\\SafeBoot\\Network\r\nUser: NT AUTHORITY\\SYSTEM","Category":"Registry object added or deleted (rule: RegistryEvent)","Opcode":"Info","RuleName":"-","UtcTime":"2023-06-20 19:28:15.104","ProcessGuid":"{927d35bf-fdce-6491-c834-000000002900}","Image":"C:\\ProgramData\\LogMeIn Rescue ConnectOnLAN\\LMIRescueApplet_WIN-ADFS_230620_192810\\LMI_Rescue_srv.exe","TargetObject":"HKLM\\System\\CurrentControlSet\\Control\\SafeBoot\\Network","User":"NT AUTHORITY\\SYSTEM","EventReceivedTime":1687289296,"SourceModuleName":"in_sysmon","SourceModuleType":"im_msvistalog"}
<14>Jun 20 19:28:16 win-adfs.lunarstiiiness.com Microsoft-Windows-Sysmon[2556]: {"EventTime":1687289295,"Hostname":"win-adfs.lunarstiiiness.com","Keywords":-9223372036854775808,"EventType":"INFO","SeverityValue":2,"Severity":"INFO","EventID":13,"SourceName":"Microsoft-Windows-Sysmon","ProviderGuid":"{5770385F-C22A-43E0-BF4C-06F5698FFBD9}","Version":2,"Task":13,"OpcodeValue":0,"RecordNumber":5946388,"ProcessID":2556,"ThreadID":3972,"Channel":"Microsoft-Windows-Sysmon/Operational","Domain":"NT AUTHORITY","AccountName":"SYSTEM","UserID":"S-1-5-18","AccountType":"User","Message":"Registry value set:\r\nRuleName: technique_id=T1543,technique_name=Service Creation\r\nEventType: SetValue\r\nUtcTime: 2023-06-20 19:28:15.104\r\nProcessGuid: {927d35bf-312f-6489-0b00-000000002900}\r\nProcessId: 604\r\nImage: C:\\Windows\\system32\\services.exe\r\nTargetObject: HKLM\\System\\CurrentControlSet\\Services\\LMIRescue_604c1193-c4cd-19eb-93b8-6d4daf67617c\\ObjectName\r\nDetails: LocalSystem\r\nUser: NT AUTHORITY\\SYSTEM","Category":"Registry value set (rule: RegistryEvent)","Opcode":"Info","RuleName":"technique_id=T1543,technique_name=Service Creation","UtcTime":"2023-06-20 19:28:15.104","ProcessGuid":"{927d35bf-312f-6489-0b00-000000002900}","Image":"C:\\Windows\\system32\\services.exe","TargetObject":"HKLM\\System\\CurrentControlSet\\Services\\LMIRescue_604c1193-c4cd-19eb-93b8-6d4daf67617c\\ObjectName","Details":"LocalSystem","User":"NT AUTHORITY\\SYSTEM","EventReceivedTime":1687289296,"SourceModuleName":"in_sysmon","SourceModuleType":"im_msvistalog"}
<14>Jun 20 19:28:16 win-adfs.lunarstiiiness.com Microsoft-Windows-Sysmon[2556]: {"EventTime":1687289295,"Hostname":"win-adfs.lunarstiiiness.com","Keywords":-9223372036854775808,"EventType":"INFO","SeverityValue":2,"Severity":"INFO","EventID":12,"SourceName":"Microsoft-Windows-Sysmon","ProviderGuid":"{5770385F-C22A-43E0-BF4C-06F5698FFBD9}","Version":2,"Task":12,"OpcodeValue":0,"RecordNumber":5946390,"ProcessID":2556,"ThreadID":3972,"Channel":"Microsoft-Windows-Sysmon/Operational","Domain":"NT AUTHORITY","AccountName":"SYSTEM","UserID":"S-1-5-18","AccountType":"User","Message":"Registry object added or deleted:\r\nRuleName: -\r\nEventType: CreateKey\r\nUtcTime: 2023-06-20 19:28:15.104\r\nProcessGuid: {927d35bf-fdce-6491-c834-000000002900}\r\nProcessId: 11116\r\nImage: C:\\ProgramData\\LogMeIn Rescue ConnectOnLAN\\LMIRescueApplet_WIN-ADFS_230620_192810\\LMI_Rescue_srv.exe\r\nTargetObject: HKLM\\System\\CurrentControlSet\\Control\\SafeBoot\\Network\\LMIRescue_604c1193-c4cd-19eb-93b8-6d4daf67617c\r\nUser: NT AUTHORITY\\SYSTEM","Category":"Registry object added or deleted (rule: RegistryEvent)","Opcode":"Info","RuleName":"-","UtcTime":"2023-06-20 19:28:15.104","ProcessGuid":"{927d35bf-fdce-6491-c834-000000002900}","Image":"C:\\ProgramData\\LogMeIn Rescue ConnectOnLAN\\LMIRescueApplet_WIN-ADFS_230620_192810\\LMI_Rescue_srv.exe","TargetObject":"HKLM\\System\\CurrentControlSet\\Control\\SafeBoot\\Network\\LMIRescue_604c1193-c4cd-19eb-93b8-6d4daf67617c","User":"NT AUTHORITY\\SYSTEM","EventReceivedTime":1687289296,"SourceModuleName":"in_sysmon","SourceModuleType":"im_msvistalog"}
<14>Jun 20 19:28:16 win-adfs.lunarstiiiness.com Microsoft-Windows-Sysmon[2556]: {"EventTime":1687289295,"Hostname":"win-adfs.lunarstiiiness.com","Keywords":-9223372036854775808,"EventType":"INFO","SeverityValue":2,"Severity":"INFO","EventID":13,"SourceName":"Microsoft-Windows-Sysmon","ProviderGuid":"{5770385F-C22A-43E0-BF4C-06F5698FFBD9}","Version":2,"Task":13,"OpcodeValue":0,"RecordNumber":5946387,"ProcessID":2556,"ThreadID":3972,"Channel":"Microsoft-Windows-Sysmon/Operational","Domain":"NT AUTHORITY","AccountName":"SYSTEM","UserID":"S-1-5-18","AccountType":"User","Message":"Registry value set:\r\nRuleName: technique_id=T1543,technique_name=Service Creation\r\nEventType: SetValue\r\nUtcTime: 2023-06-20 19:28:15.104\r\nProcessGuid: {927d35bf-312f-6489-0b00-000000002900}\r\nProcessId: 604\r\nImage: C:\\Windows\\system32\\services.exe\r\nTargetObject: HKLM\\System\\CurrentControlSet\\Services\\LMIRescue_604c1193-c4cd-19eb-93b8-6d4daf67617c\\WOW64\r\nDetails: DWORD (0x0000014c)\r\nUser: NT AUTHORITY\\SYSTEM","Category":"Registry value set (rule: RegistryEvent)","Opcode":"Info","RuleName":"technique_id=T1543,technique_name=Service Creation","UtcTime":"2023-06-20 19:28:15.104","ProcessGuid":"{927d35bf-312f-6489-0b00-000000002900}","Image":"C:\\Windows\\system32\\services.exe","TargetObject":"HKLM\\System\\CurrentControlSet\\Services\\LMIRescue_604c1193-c4cd-19eb-93b8-6d4daf67617c\\WOW64","Details":"DWORD (0x0000014c)","User":"NT AUTHORITY\\SYSTEM","EventReceivedTime":1687289296,"SourceModuleName":"in_sysmon","SourceModuleType":"im_msvistalog"}
<14>Jun 20 19:28:16 win-adfs.lunarstiiiness.com Microsoft-Windows-Sysmon[2556]: {"EventTime":1687289295,"Hostname":"win-adfs.lunarstiiiness.com","Keywords":-9223372036854775808,"EventType":"INFO","SeverityValue":2,"Severity":"INFO","EventID":12,"SourceName":"Microsoft-Windows-Sysmon","ProviderGuid":"{5770385F-C22A-43E0-BF4C-06F5698FFBD9}","Version":2,"Task":12,"OpcodeValue":0,"RecordNumber":5946380,"ProcessID":2556,"ThreadID":3972,"Channel":"Microsoft-Windows-Sysmon/Operational","Domain":"NT AUTHORITY","AccountName":"SYSTEM","UserID":"S-1-5-18","AccountType":"User","Message":"Registry object added or deleted:\r\nRuleName: technique_id=T1543,technique_name=Service Creation\r\nEventType: CreateKey\r\nUtcTime: 2023-06-20 19:28:15.104\r\nProcessGuid: {927d35bf-312f-6489-0b00-000000002900}\r\nProcessId: 604\r\nImage: C:\\Windows\\system32\\services.exe\r\nTargetObject: HKLM\\System\\CurrentControlSet\\Services\\LMIRescue_604c1193-c4cd-19eb-93b8-6d4daf67617c\r\nUser: NT AUTHORITY\\SYSTEM","Category":"Registry object added or deleted (rule: RegistryEvent)","Opcode":"Info","RuleName":"technique_id=T1543,technique_name=Service Creation","UtcTime":"2023-06-20 19:28:15.104","ProcessGuid":"{927d35bf-312f-6489-0b00-000000002900}","Image":"C:\\Windows\\system32\\services.exe","TargetObject":"HKLM\\System\\CurrentControlSet\\Services\\LMIRescue_604c1193-c4cd-19eb-93b8-6d4daf67617c","User":"NT AUTHORITY\\SYSTEM","EventReceivedTime":1687289296,"SourceModuleName":"in_sysmon","SourceModuleType":"im_msvistalog"}
<14>Jun 20 19:28:16 win-adfs.lunarstiiiness.com Microsoft-Windows-Sysmon[2556]: {"EventTime":1687289295,"Hostname":"win-adfs.lunarstiiiness.com","Keywords":-9223372036854775808,"EventType":"INFO","SeverityValue":2,"Severity":"INFO","EventID":13,"SourceName":"Microsoft-Windows-Sysmon","ProviderGuid":"{5770385F-C22A-43E0-BF4C-06F5698FFBD9}","Version":2,"Task":13,"OpcodeValue":0,"RecordNumber":5946381,"ProcessID":2556,"ThreadID":3972,"Channel":"Microsoft-Windows-Sysmon/Operational","Domain":"NT AUTHORITY","AccountName":"SYSTEM","UserID":"S-1-5-18","AccountType":"User","Message":"Registry value set:\r\nRuleName: technique_id=T1543,technique_name=Service Creation\r\nEventType: SetValue\r\nUtcTime: 2023-06-20 19:28:15.104\r\nProcessGuid: {927d35bf-312f-6489-0b00-000000002900}\r\nProcessId: 604\r\nImage: C:\\Windows\\system32\\services.exe\r\nTargetObject: HKLM\\System\\CurrentControlSet\\Services\\LMIRescue_604c1193-c4cd-19eb-93b8-6d4daf67617c\\Type\r\nDetails: DWORD (0x00000010)\r\nUser: NT AUTHORITY\\SYSTEM","Category":"Registry value set (rule: RegistryEvent)","Opcode":"Info","RuleName":"technique_id=T1543,technique_name=Service Creation","UtcTime":"2023-06-20 19:28:15.104","ProcessGuid":"{927d35bf-312f-6489-0b00-000000002900}","Image":"C:\\Windows\\system32\\services.exe","TargetObject":"HKLM\\System\\CurrentControlSet\\Services\\LMIRescue_604c1193-c4cd-19eb-93b8-6d4daf67617c\\Type","Details":"DWORD (0x00000010)","User":"NT AUTHORITY\\SYSTEM","EventReceivedTime":1687289296,"SourceModuleName":"in_sysmon","SourceModuleType":"im_msvistalog"}
