<14>Jun 20 19:28:10 win-adfs.lunarstiiiness.com Microsoft-Windows-Security-Auditing[612]: {"EventTime":1687289288,"Hostname":"win-adfs.lunarstiiiness.com","Keywords":-9214364837600034816,"EventType":"AUDIT_SUCCESS","SeverityValue":2,"Severity":"INFO","EventID":4634,"SourceName":"Microsoft-Windows-Security-Auditing","ProviderGuid":"{54849625-5478-4994-A5BA-3E3B0328C30D}","Version":0,"Task":12545,"OpcodeValue":0,"RecordNumber":53871801,"ProcessID":612,"ThreadID":8380,"Channel":"Security","Message":"An account was logged off.\r\n\r\nSubject:\r\n\tSecurity ID:\t\tS-1-5-21-3263964631-4121654051-1417071188-1116\r\n\tAccount Name:\t\ttim.smith_admin\r\n\tAccount Domain:\t\tLUNARSTIIINESS\r\n\tLogon ID:\t\t0x230749E4\r\n\r\nLogon Type:\t\t\t3\r\n\r\nThis event is generated when a logon session is destroyed. It may be positively correlated with a logon event using the Logon ID value. Logon IDs are only unique between reboots on the same computer.","Category":"Logoff","Opcode":"Info","TargetUserSid":"S-1-5-21-3263964631-4121654051-1417071188-1116","TargetUserName":"tim.smith_admin","TargetDomainName":"LUNARSTIIINESS","TargetLogonId":"0x230749e4","LogonType":"3","EventReceivedTime":1687289290,"SourceModuleName":"windows_security_eventlog","SourceModuleType":"im_msvistalog"}
<14>Jun 20 19:28:10 win-adfs.lunarstiiiness.com Microsoft-Windows-Security-Auditing[612]: {"EventTime":1687289288,"Hostname":"win-adfs.lunarstiiiness.com","Keywords":-9214364837600034816,"EventType":"AUDIT_SUCCESS","SeverityValue":2,"Severity":"INFO","EventID":4624,"SourceName":"Microsoft-Windows-Security-Auditing","ProviderGuid":"{54849625-5478-4994-A5BA-3E3B0328C30D}","Version":2,"Task":12544,"OpcodeValue":0,"RecordNumber":53871787,"ActivityID":"{8F8F53C1-AEDC-0000-8191-D4AC6E9ED901}","ProcessID":612,"ThreadID":8380,"Channel":"Security","Message":"An account was successfully logged on.\r\n\r\nSubject:\r\n\tSecurity ID:\t\tS-1-0-0\r\n\tAccount Name:\t\t-\r\n\tAccount Domain:\t\t-\r\n\tLogon ID:\t\t0x0\r\n\r\nLogon Information:\r\n\tLogon Type:\t\t3\r\n\tRestricted Admin Mode:\t-\r\n\tVirtual Account:\t\tNo\r\n\tElevated Token:\t\tYes\r\n\r\nImpersonation Level:\t\tImpersonation\r\n\r\nNew Logon:\r\n\tSecurity ID:\t\tS-1-5-21-3263964631-4121654051-1417071188-1116\r\n\tAccount Name:\t\ttim.smith_admin\r\n\tAccount Domain:\t\tLUNARSTIIINESS.COM\r\n\tLogon ID:\t\t0x230743A8\r\n\tLinked Logon ID:\t\t0x0\r\n\tNetwork Account Name:\t-\r\n\tNetwork Account Domain:\t-\r\n\tLogon GUID:\t\t{68937ae9-4bec-f998-bc02-bee72d717e36}\r\n\r\nProcess Information:\r\n\tProcess ID:\t\t0x0\r\n\tProcess Name:\t\t-\r\n\r\nNetwork Information:\r\n\tWorkstation Name:\t-\r\n\tSource Network Address:\t10.128.0.22\r\n\tSource Port:\t\t52320\r\n\r\nDetailed Authentication Information:\r\n\tLogon Process:\t\tKerberos\r\n\tAuthentication Package:\tKerberos\r\n\tTransited Services:\t-\r\n\tPackage Name (NTLM only):\t-\r\n\tKey Length:\t\t0\r\n\r\nThis event is generated when a logon session is created. It is generated on the computer that was accessed.\r\n\r\nThe subject fields indicate the account on the local system which requested the logon. This is most commonly a service such as the Server service, or a local process such as Winlogon.exe or Services.exe.\r\n\r\nThe logon type field indicates the kind of logon that occurred. The most common types are 2 (interactive) and 3 (network).\r\n\r\nThe New Logon fields indicate the account for whom the new logon was created, i.e. the account that was logged on.\r\n\r\nThe network fields indicate where a remote logon request originated. Workstation name is not always available and may be left blank in some cases.\r\n\r\nThe impersonation level field indicates the extent to which a process in the logon session can impersonate.\r\n\r\nThe authentication information fields provide detailed information about this specific logon request.\r\n\t- Logon GUID is a unique identifier that can be used to correlate this event with a KDC event.\r\n\t- Transited services indicate which intermediate services have participated in this logon request.\r\n\t- Package name indicates which sub-protocol was used among the NTLM protocols.\r\n\t- Key length indicates the length of the generated session key. This will be 0 if no session key was requested.","Category":"Logon","Opcode":"Info","SubjectUserSid":"S-1-0-0","SubjectUserName":"-","SubjectDomainName":"-","SubjectLogonId":"0x0","TargetUserSid":"S-1-5-21-3263964631-4121654051-1417071188-1116","TargetUserName":"tim.smith_admin","TargetDomainName":"LUNARSTIIINESS.COM","TargetLogonId":"0x230743a8","LogonType":"3","LogonProcessName":"Kerberos","AuthenticationPackageName":"Kerberos","WorkstationName":"-","LogonGuid":"{68937ae9-4bec-f998-bc02-bee72d717e36}","TransmittedServices":"-","LmPackageName":"-","KeyLength":"0","ProcessName":"-","IpAddress":"10.128.0.22","IpPort":"52320","ImpersonationLevel":"%%1833","RestrictedAdminMode":"-","TargetOutboundUserName":"-","TargetOutboundDomainName":"-","VirtualAccount":"%%1843","TargetLinkedLogonId":"0x0","ElevatedToken":"%%1842","EventReceivedTime":1687289290,"SourceModuleName":"windows_security_eventlog","SourceModuleType":"im_msvistalog"}
<14>Jun 20 19:28:10 win-adfs.lunarstiiiness.com Microsoft-Windows-Security-Auditing[4]: {"EventTime":1687289289,"Hostname":"win-adfs.lunarstiiiness.com","Keywords":-9214364837600034816,"EventType":"AUDIT_SUCCESS","SeverityValue":2,"Severity":"INFO","EventID":5142,"SourceName":"Microsoft-Windows-Security-Auditing","ProviderGuid":"{54849625-5478-4994-A5BA-3E3B0328C30D}","Version":0,"Task":12808,"OpcodeValue":0,"RecordNumber":53871803,"ProcessID":4,"ThreadID":9068,"Channel":"Security","Message":"A network share object was added.\r\n\t\r\nSubject:\r\n\tSecurity ID:\t\tS-1-5-21-3263964631-4121654051-1417071188-1116\r\n\tAccount Name:\t\ttim.smith_admin\r\n\tAccount Domain:\t\tLUNARSTIIINESS\r\n\tLogon ID:\t\t0x23073FD8\r\n\r\nShare Information:\t\r\n\tShare Name:\t\t\\\\*\\LMIRescueConnectOnLAN\r\n\tShare Path:\t\tC:\\ProgramData","Category":"File Share","Opcode":"Info","SubjectUserSid":"S-1-5-21-3263964631-4121654051-1417071188-1116","SubjectUserName":"tim.smith_admin","SubjectDomainName":"LUNARSTIIINESS","SubjectLogonId":"0x23073fd8","ShareName":"\\\\*\\LMIRescueConnectOnLAN","ShareLocalPath":"C:\\ProgramData","EventReceivedTime":1687289290,"SourceModuleName":"windows_security_eventlog","SourceModuleType":"im_msvistalog"}
<14>Jun 20 19:28:10 win-server.lunarstiiiness.com Microsoft-Windows-Security-Auditing[4]: {"EventTime":1687289290,"Hostname":"win-server.lunarstiiiness.com","Keywords":-9214364837600034816,"EventType":"AUDIT_SUCCESS","SeverityValue":2,"Severity":"INFO","EventID":4688,"SourceName":"Microsoft-Windows-Security-Auditing","ProviderGuid":"{54849625-5478-4994-A5BA-3E3B0328C30D}","Version":2,"Task":13312,"OpcodeValue":0,"RecordNumber":21864211,"ProcessID":4,"ThreadID":5868,"Channel":"Security","Message":"A new process has been created.\r\n\r\nCreator Subject:\r\n\tSecurity ID:\t\tS-1-5-21-3263964631-4121654051-1417071188-1116\r\n\tAccount Name:\t\ttim.smith_admin\r\n\tAccount Domain:\t\tLUNARSTIIINESS\r\n\tLogon ID:\t\t0x5E1D463\r\n\r\nTarget Subject:\r\n\tSecurity ID:\t\tS-1-0-0\r\n\tAccount Name:\t\t-\r\n\tAccount Domain:\t\t-\r\n\tLogon ID:\t\t0x0\r\n\r\nProcess Information:\r\n\tNew Process ID:\t\t0x1284\r\n\tNew Process Name:\tC:\\Windows\\System32\\conhost.exe\r\n\tToken Elevation Type:\t%%1938\r\n\tMandatory Label:\t\tS-1-16-8192\r\n\tCreator Process ID:\t0x11d4\r\n\tCreator Process Name:\tC:\\Windows\\System32\\cmd.exe\r\n\tProcess Command Line:\t\\??\\C:\\Windows\\system32\\conhost.exe 0xffffffff -ForceV1\r\n\r\nToken Elevation Type indicates the type of token that was assigned to the new process in accordance with User Account Control policy.\r\n\r\nType 1 is a full token with no privileges removed or groups disabled.  A full token is only used if User Account Control is disabled or if the user is the built-in Administrator account or a service account.\r\n\r\nType 2 is an elevated token with no privileges removed or groups disabled.  An elevated token is used when User Account Control is enabled and the user chooses to start the program using Run as administrator.  An elevated token is also used when an application is configured to always require administrative privilege or to always require maximum privilege, and the user is a member of the Administrators group.\r\n\r\nType 3 is a limited token with administrative privileges removed and administrative groups disabled.  The limited token is used when User Account Control is enabled, the application does not require administrative privilege, and the user does not choose to start the program using Run as administrator.","Category":"Process Creation","Opcode":"Info","SubjectUserSid":"S-1-5-21-3263964631-4121654051-1417071188-1116","SubjectUserName":"tim.smith_admin","SubjectDomainName":"LUNARSTIIINESS","SubjectLogonId":"0x5e1d463","NewProcessId":"0x1284","NewProcessName":"C:\\Windows\\System32\\conhost.exe","TokenElevationType":"%%1938","CommandLine":"\\??\\C:\\Windows\\system32\\conhost.exe 0xffffffff -ForceV1","TargetUserSid":"S-1-0-0","TargetUserName":"-","TargetDomainName":"-","TargetLogonId":"0x0","ParentProcessName":"C:\\Windows\\System32\\cmd.exe","MandatoryLabel":"S-1-16-8192","EventReceivedTime":1687289290,"SourceModuleName":"in_default_channels","SourceModuleType":"im_msvistalog"}
<14>Jun 20 19:28:10 win-server.lunarstiiiness.com Microsoft-Windows-Security-Auditing[4]: {"EventTime":1687289290,"Hostname":"win-server.lunarstiiiness.com","Keywords":-9214364837600034816,"EventType":"AUDIT_SUCCESS","SeverityValue":2,"Severity":"INFO","EventID":4688,"SourceName":"Microsoft-Windows-Security-Auditing","ProviderGuid":"{54849625-5478-4994-A5BA-3E3B0328C30D}","Version":2,"Task":13312,"OpcodeValue":0,"RecordNumber":21864210,"ProcessID":4,"ThreadID":5868,"Channel":"Security","Message":"A new process has been created.\r\n\r\nCreator Subject:\r\n\tSecurity ID:\t\tS-1-5-21-3263964631-4121654051-1417071188-1116\r\n\tAccount Name:\t\ttim.smith_admin\r\n\tAccount Domain:\t\tLUNARSTIIINESS\r\n\tLogon ID:\t\t0x5E1D463\r\n\r\nTarget Subject:\r\n\tSecurity ID:\t\tS-1-0-0\r\n\tAccount Name:\t\t-\r\n\tAccount Domain:\t\t-\r\n\tLogon ID:\t\t0x0\r\n\r\nProcess Information:\r\n\tNew Process ID:\t\t0x11d4\r\n\tNew Process Name:\tC:\\Windows\\System32\\cmd.exe\r\n\tToken Elevation Type:\t%%1938\r\n\tMandatory Label:\t\tS-1-16-8192\r\n\tCreator Process ID:\t0xe04\r\n\tCreator Process Name:\tC:\\Program Files (x86)\\LogMeIn Rescue Technician Console\\LogMeInRescueTechnicianConsole_x64\\LMIRTechConsole.exe\r\n\tProcess Command Line:\t\"C:\\Windows\\System32\\cmd.exe\" /c Support-LogMeInRescue.exe -v > \\\\.\\pipe\\LogMeInRescueAppletDetails\r\n\r\nToken Elevation Type indicates the type of token that was assigned to the new process in accordance with User Account Control policy.\r\n\r\nType 1 is a full token with no privileges removed or groups disabled.  A full token is only used if User Account Control is disabled or if the user is the built-in Administrator account or a service account.\r\n\r\nType 2 is an elevated token with no privileges removed or groups disabled.  An elevated token is used when User Account Control is enabled and the user chooses to start the program using Run as administrator.  An elevated token is also used when an application is configured to always require administrative privilege or to always require maximum privilege, and the user is a member of the Administrators group.\r\n\r\nType 3 is a limited token with administrative privileges removed and administrative groups disabled.  The limited token is used when User Account Control is enabled, the application does not require administrative privilege, and the user does not choose to start the program using Run as administrator.","Category":"Process Creation","Opcode":"Info","SubjectUserSid":"S-1-5-21-3263964631-4121654051-1417071188-1116","SubjectUserName":"tim.smith_admin","SubjectDomainName":"LUNARSTIIINESS","SubjectLogonId":"0x5e1d463","NewProcessId":"0x11d4","NewProcessName":"C:\\Windows\\System32\\cmd.exe","TokenElevationType":"%%1938","CommandLine":"\"C:\\Windows\\System32\\cmd.exe\" /c Support-LogMeInRescue.exe -v &gt; \\\\.\\pipe\\LogMeInRescueAppletDetails","TargetUserSid":"S-1-0-0","TargetUserName":"-","TargetDomainName":"-","TargetLogonId":"0x0","ParentProcessName":"C:\\Program Files (x86)\\LogMeIn Rescue Technician Console\\LogMeInRescueTechnicianConsole_x64\\LMIRTechConsole.exe","MandatoryLabel":"S-1-16-8192","EventReceivedTime":1687289290,"SourceModuleName":"in_default_channels","SourceModuleType":"im_msvistalog"}
<14>Jun 20 19:28:10 win-server.lunarstiiiness.com Microsoft-Windows-Security-Auditing[4]: {"EventTime":1687289290,"Hostname":"win-server.lunarstiiiness.com","Keywords":-9214364837600034816,"EventType":"AUDIT_SUCCESS","SeverityValue":2,"Severity":"INFO","EventID":4688,"SourceName":"Microsoft-Windows-Security-Auditing","ProviderGuid":"{54849625-5478-4994-A5BA-3E3B0328C30D}","Version":2,"Task":13312,"OpcodeValue":0,"RecordNumber":21864212,"ProcessID":4,"ThreadID":5868,"Channel":"Security","Message":"A new process has been created.\r\n\r\nCreator Subject:\r\n\tSecurity ID:\t\tS-1-5-21-3263964631-4121654051-1417071188-1116\r\n\tAccount Name:\t\ttim.smith_admin\r\n\tAccount Domain:\t\tLUNARSTIIINESS\r\n\tLogon ID:\t\t0x5E1D463\r\n\r\nTarget Subject:\r\n\tSecurity ID:\t\tS-1-0-0\r\n\tAccount Name:\t\t-\r\n\tAccount Domain:\t\t-\r\n\tLogon ID:\t\t0x0\r\n\r\nProcess Information:\r\n\tNew Process ID:\t\t0x13d8\r\n\tNew Process Name:\tC:\\Users\\tim.smith_admin\\AppData\\LocalLow\\LogMeIn Rescue\\resources\\COLApplet_25534678\\Support-LogMeInRescue.exe\r\n\tToken Elevation Type:\t%%1938\r\n\tMandatory Label:\t\tS-1-16-4096\r\n\tCreator Process ID:\t0x11d4\r\n\tCreator Process Name:\tC:\\Windows\\System32\\cmd.exe\r\n\tProcess Command Line:\tSupport-LogMeInRescue.exe  -v \r\n\r\nToken Elevation Type indicates the type of token that was assigned to the new process in accordance with User Account Control policy.\r\n\r\nType 1 is a full token with no privileges removed or groups disabled.  A full token is only used if User Account Control is disabled or if the user is the built-in Administrator account or a service account.\r\n\r\nType 2 is an elevated token with no privileges removed or groups disabled.  An elevated token is used when User Account Control is enabled and the user chooses to start the program using Run as administrator.  An elevated token is also used when an application is configured to always require administrative privilege or to always require maximum privilege, and the user is a member of the Administrators group.\r\n\r\nType 3 is a limited token with administrative privileges removed and administrative groups disabled.  The limited token is used when User Account Control is enabled, the application does not require administrative privilege, and the user does not choose to start the program using Run as administrator.","Category":"Process Creation","Opcode":"Info","SubjectUserSid":"S-1-5-21-3263964631-4121654051-1417071188-1116","SubjectUserName":"tim.smith_admin","SubjectDomainName":"LUNARSTIIINESS","SubjectLogonId":"0x5e1d463","NewProcessId":"0x13d8","NewProcessName":"C:\\Users\\tim.smith_admin\\AppData\\LocalLow\\LogMeIn Rescue\\resources\\COLApplet_25534678\\Support-LogMeInRescue.exe","TokenElevationType":"%%1938","CommandLine":"Support-LogMeInRescue.exe  -v ","TargetUserSid":"S-1-0-0","TargetUserName":"-","TargetDomainName":"-","TargetLogonId":"0x0","ParentProcessName":"C:\\Windows\\System32\\cmd.exe","MandatoryLabel":"S-1-16-4096","EventReceivedTime":1687289290,"SourceModuleName":"in_default_channels","SourceModuleType":"im_msvistalog"}
<14>Jun 20 19:28:10 win-server.lunarstiiiness.com Microsoft-Windows-Security-Auditing[4]: {"EventTime":1687289290,"Hostname":"win-server.lunarstiiiness.com","Keywords":-9214364837600034816,"EventType":"AUDIT_SUCCESS","SeverityValue":2,"Severity":"INFO","EventID":4689,"SourceName":"Microsoft-Windows-Security-Auditing","ProviderGuid":"{54849625-5478-4994-A5BA-3E3B0328C30D}","Version":0,"Task":13313,"OpcodeValue":0,"RecordNumber":21864213,"ProcessID":4,"ThreadID":1256,"Channel":"Security","Message":"A process has exited.\r\n\r\nSubject:\r\n\tSecurity ID:\t\tS-1-5-21-3263964631-4121654051-1417071188-1116\r\n\tAccount Name:\t\ttim.smith_admin\r\n\tAccount Domain:\t\tLUNARSTIIINESS\r\n\tLogon ID:\t\t0x5E1D463\r\n\r\nProcess Information:\r\n\tProcess ID:\t0x13d8\r\n\tProcess Name:\tC:\\Users\\tim.smith_admin\\AppData\\LocalLow\\LogMeIn Rescue\\resources\\COLApplet_25534678\\Support-LogMeInRescue.exe\r\n\tExit Status:\t0x0","Category":"Process Termination","Opcode":"Info","SubjectUserSid":"S-1-5-21-3263964631-4121654051-1417071188-1116","SubjectUserName":"tim.smith_admin","SubjectDomainName":"LUNARSTIIINESS","SubjectLogonId":"0x5e1d463","Status":"0x0","ProcessName":"C:\\Users\\tim.smith_admin\\AppData\\LocalLow\\LogMeIn Rescue\\resources\\COLApplet_25534678\\Support-LogMeInRescue.exe","EventReceivedTime":1687289290,"SourceModuleName":"in_default_channels","SourceModuleType":"im_msvistalog"}
<14>Jun 20 19:28:10 win-server.lunarstiiiness.com Microsoft-Windows-Security-Auditing[4]: {"EventTime":1687289290,"Hostname":"win-server.lunarstiiiness.com","Keywords":-9214364837600034816,"EventType":"AUDIT_SUCCESS","SeverityValue":2,"Severity":"INFO","EventID":4689,"SourceName":"Microsoft-Windows-Security-Auditing","ProviderGuid":"{54849625-5478-4994-A5BA-3E3B0328C30D}","Version":0,"Task":13313,"OpcodeValue":0,"RecordNumber":21864215,"ProcessID":4,"ThreadID":5868,"Channel":"Security","Message":"A process has exited.\r\n\r\nSubject:\r\n\tSecurity ID:\t\tS-1-5-21-3263964631-4121654051-1417071188-1116\r\n\tAccount Name:\t\ttim.smith_admin\r\n\tAccount Domain:\t\tLUNARSTIIINESS\r\n\tLogon ID:\t\t0x5E1D463\r\n\r\nProcess Information:\r\n\tProcess ID:\t0x1284\r\n\tProcess Name:\tC:\\Windows\\System32\\conhost.exe\r\n\tExit Status:\t0x0","Category":"Process Termination","Opcode":"Info","SubjectUserSid":"S-1-5-21-3263964631-4121654051-1417071188-1116","SubjectUserName":"tim.smith_admin","SubjectDomainName":"LUNARSTIIINESS","SubjectLogonId":"0x5e1d463","Status":"0x0","ProcessName":"C:\\Windows\\System32\\conhost.exe","EventReceivedTime":1687289290,"SourceModuleName":"in_default_channels","SourceModuleType":"im_msvistalog"}
<14>Jun 20 19:28:10 win-server.lunarstiiiness.com Microsoft-Windows-Security-Auditing[4]: {"EventTime":1687289290,"Hostname":"win-server.lunarstiiiness.com","Keywords":-9214364837600034816,"EventType":"AUDIT_SUCCESS","SeverityValue":2,"Severity":"INFO","EventID":4689,"SourceName":"Microsoft-Windows-Security-Auditing","ProviderGuid":"{54849625-5478-4994-A5BA-3E3B0328C30D}","Version":0,"Task":13313,"OpcodeValue":0,"RecordNumber":21864214,"ProcessID":4,"ThreadID":1256,"Channel":"Security","Message":"A process has exited.\r\n\r\nSubject:\r\n\tSecurity ID:\t\tS-1-5-21-3263964631-4121654051-1417071188-1116\r\n\tAccount Name:\t\ttim.smith_admin\r\n\tAccount Domain:\t\tLUNARSTIIINESS\r\n\tLogon ID:\t\t0x5E1D463\r\n\r\nProcess Information:\r\n\tProcess ID:\t0x11d4\r\n\tProcess Name:\tC:\\Windows\\System32\\cmd.exe\r\n\tExit Status:\t0x0","Category":"Process Termination","Opcode":"Info","SubjectUserSid":"S-1-5-21-3263964631-4121654051-1417071188-1116","SubjectUserName":"tim.smith_admin","SubjectDomainName":"LUNARSTIIINESS","SubjectLogonId":"0x5e1d463","Status":"0x0","ProcessName":"C:\\Windows\\System32\\cmd.exe","EventReceivedTime":1687289290,"SourceModuleName":"in_default_channels","SourceModuleType":"im_msvistalog"}
<14>Jun 20 19:28:12 win-adfs.lunarstiiiness.com Service_Control_Manager[604]: {"EventTime":1687289290,"Hostname":"win-adfs.lunarstiiiness.com","Keywords":-9187343239835811840,"EventType":"INFO","SeverityValue":2,"Severity":"INFO","EventID":7045,"SourceName":"Service Control Manager","ProviderGuid":"{555908D1-A6D7-4695-8E1E-26931D2012F4}","Version":0,"Task":0,"OpcodeValue":0,"RecordNumber":509288,"ProcessID":604,"ThreadID":12224,"Channel":"System","Domain":"LUNARSTIIINESS","AccountName":"tim.smith_admin","UserID":"S-1-5-21-3263964631-4121654051-1417071188-1116","AccountType":"User","Message":"A service was installed in the system.\r\n\r\nService Name:  LogMeIn Rescue applet pack (604c1193-c4cd-19eb-93b8-6d4daf67617c)\r\nService File Name:  \"C:\\ProgramData\\LogMeIn Rescue ConnectOnLAN\\LMIRescueApplet_WIN-ADFS_230620_192810\\Support-LogMeInRescue.exe\" -service -sid 604c1193-c4cd-19eb-93b8-6d4daf67617c -wd \"C:\\ProgramData\\LogMeIn Rescue ConnectOnLAN\\LMIRescueApplet_WIN-ADFS_230620_192810\"\r\nService Type:  user mode service\r\nService Start Type:  demand start\r\nService Account:  LocalSystem","ServiceName":"LogMeIn Rescue applet pack (604c1193-c4cd-19eb-93b8-6d4daf67617c)","ImagePath":"\"C:\\ProgramData\\LogMeIn Rescue ConnectOnLAN\\LMIRescueApplet_WIN-ADFS_230620_192810\\Support-LogMeInRescue.exe\" -service -sid 604c1193-c4cd-19eb-93b8-6d4daf67617c -wd \"C:\\ProgramData\\LogMeIn Rescue ConnectOnLAN\\LMIRescueApplet_WIN-ADFS_230620_192810\"","ServiceType":"user mode service","StartType":"demand start","EventReceivedTime":1687289292,"SourceModuleName":"windows_security_eventlog","SourceModuleType":"im_msvistalog"}
<14>Jun 20 19:28:12 win-adfs.lunarstiiiness.com Microsoft-Windows-Security-Auditing[612]: {"EventTime":1687289290,"Hostname":"win-adfs.lunarstiiiness.com","Keywords":-9214364837600034816,"EventType":"AUDIT_SUCCESS","SeverityValue":2,"Severity":"INFO","EventID":4697,"SourceName":"Microsoft-Windows-Security-Auditing","ProviderGuid":"{54849625-5478-4994-A5BA-3E3B0328C30D}","Version":1,"Task":12289,"OpcodeValue":0,"RecordNumber":53871849,"ActivityID":"{8F8F53C1-AEDC-0000-8191-D4AC6E9ED901}","ProcessID":612,"ThreadID":668,"Channel":"Security","Message":"A service was installed in the system.\r\n\r\nSubject:\r\n\tSecurity ID:\t\tS-1-5-21-3263964631-4121654051-1417071188-1116\r\n\tAccount Name:\t\ttim.smith_admin\r\n\tAccount Domain:\t\tLUNARSTIIINESS\r\n\tLogon ID:\t\t0x230743A8\r\n\r\nService Information:\r\n\tService Name: \t\tLMIRescueAppletPack_604c1193-c4cd-19eb-93b8-6d4daf67617c\r\n\tService File Name:\t\"C:\\ProgramData\\LogMeIn Rescue ConnectOnLAN\\LMIRescueApplet_WIN-ADFS_230620_192810\\Support-LogMeInRescue.exe\" -service -sid 604c1193-c4cd-19eb-93b8-6d4daf67617c -wd \"C:\\ProgramData\\LogMeIn Rescue ConnectOnLAN\\LMIRescueApplet_WIN-ADFS_230620_192810\"\r\n\tService Type: \t\t0x10\r\n\tService Start Type:\t3\r\n\tService Account: \t\tLocalSystem","Category":"Security System Extension","Opcode":"Info","SubjectUserSid":"S-1-5-21-3263964631-4121654051-1417071188-1116","SubjectUserName":"tim.smith_admin","SubjectDomainName":"LUNARSTIIINESS","SubjectLogonId":"0x230743a8","ServiceName":"LMIRescueAppletPack_604c1193-c4cd-19eb-93b8-6d4daf67617c","ServiceFileName":"\"C:\\ProgramData\\LogMeIn Rescue ConnectOnLAN\\LMIRescueApplet_WIN-ADFS_230620_192810\\Support-LogMeInRescue.exe\" -service -sid 604c1193-c4cd-19eb-93b8-6d4daf67617c -wd \"C:\\ProgramData\\LogMeIn Rescue ConnectOnLAN\\LMIRescueApplet_WIN-ADFS_230620_192810\"","ServiceType":"0x10","ServiceStartType":"3","ServiceAccount":"LocalSystem","ClientProcessStartKey":"0","ClientProcessId":"0","ParentProcessId":"0","EventReceivedTime":1687289292,"SourceModuleName":"windows_security_eventlog","SourceModuleType":"im_msvistalog"}
<14>Jun 20 19:28:11 win-adfs.lunarstiiiness.com Microsoft-Windows-Security-Auditing[4]: {"EventTime":1687289290,"Hostname":"win-adfs.lunarstiiiness.com","Keywords":-9214364837600034816,"EventType":"AUDIT_SUCCESS","SeverityValue":2,"Severity":"INFO","EventID":5145,"SourceName":"Microsoft-Windows-Security-Auditing","ProviderGuid":"{54849625-5478-4994-A5BA-3E3B0328C30D}","Version":0,"Task":12811,"OpcodeValue":0,"RecordNumber":53871839,"ProcessID":4,"ThreadID":10960,"Channel":"Security","Message":"A network share object was checked to see whether client can be granted desired access.\r\n\t\r\nSubject:\r\n\tSecurity ID:\t\tS-1-5-21-3263964631-4121654051-1417071188-1116\r\n\tAccount Name:\t\ttim.smith_admin\r\n\tAccount Domain:\t\tLUNARSTIIINESS\r\n\tLogon ID:\t\t0x23073FD8\r\n\r\nNetwork Information:\t\r\n\tObject Type:\t\tFile\r\n\tSource Address:\t\t10.128.0.22\r\n\tSource Port:\t\t52310\r\n\t\r\nShare Information:\r\n\tShare Name:\t\t\\\\*\\LMIRescueConnectOnLAN\r\n\tShare Path:\t\t\\??\\C:\\ProgramData\r\n\tRelative Target Name:\tLOGMEIN RESCUE CONNECTONLAN\\LMIRESCUEAPPLET_WIN-ADFS_230620_192810\r\n\r\nAccess Request Information:\r\n\tAccess Mask:\t\t0x20080\r\n\tAccesses:\t\tREAD_CONTROL\r\n\t\t\t\tReadAttributes\r\n\t\t\t\t\r\nAccess Check Results:\r\n\tREAD_CONTROL:\tGranted by Ownership\r\n\t\t\t\tReadAttributes:\tGranted by\tD:(A;;FA;;;BA)\r\n\t\t\t\t\r\n","Category":"Detailed File Share","Opcode":"Info","SubjectUserSid":"S-1-5-21-3263964631-4121654051-1417071188-1116","SubjectUserName":"tim.smith_admin","SubjectDomainName":"LUNARSTIIINESS","SubjectLogonId":"0x23073fd8","ObjectType":"File","IpAddress":"10.128.0.22","IpPort":"52310","ShareName":"\\\\*\\LMIRescueConnectOnLAN","ShareLocalPath":"\\??\\C:\\ProgramData","RelativeTargetName":"LOGMEIN RESCUE CONNECTONLAN\\LMIRESCUEAPPLET_WIN-ADFS_230620_192810","AccessMask":"0x20080","AccessList":"%%1538\r\n\t\t\t\t%%4423\r\n\t\t\t\t","AccessReason":"%%1538:\t%%1804\r\n\t\t\t\t%%4423:\t%%1801\tD:(A;;FA;;;BA)\r\n\t\t\t\t","EventReceivedTime":1687289291,"SourceModuleName":"windows_security_eventlog","SourceModuleType":"im_msvistalog"}
<14>Jun 20 19:28:11 win-adfs.lunarstiiiness.com Microsoft-Windows-Security-Auditing[612]: {"EventTime":1687289290,"Hostname":"win-adfs.lunarstiiiness.com","Keywords":-9214364837600034816,"EventType":"AUDIT_SUCCESS","SeverityValue":2,"Severity":"INFO","EventID":4672,"SourceName":"Microsoft-Windows-Security-Auditing","ProviderGuid":"{54849625-5478-4994-A5BA-3E3B0328C30D}","Version":0,"Task":12548,"OpcodeValue":0,"RecordNumber":53871822,"ProcessID":612,"ThreadID":372,"Channel":"Security","Message":"Special privileges assigned to new logon.\r\n\r\nSubject:\r\n\tSecurity ID:\t\tS-1-5-18\r\n\tAccount Name:\t\tWIN-ADFS$\r\n\tAccount Domain:\t\tLUNARSTIIINESS\r\n\tLogon ID:\t\t0x23075306\r\n\r\nPrivileges:\t\tSeSecurityPrivilege\r\n\t\t\tSeBackupPrivilege\r\n\t\t\tSeRestorePrivilege\r\n\t\t\tSeTakeOwnershipPrivilege\r\n\t\t\tSeDebugPrivilege\r\n\t\t\tSeSystemEnvironmentPrivilege\r\n\t\t\tSeLoadDriverPrivilege\r\n\t\t\tSeImpersonatePrivilege\r\n\t\t\tSeDelegateSessionUserImpersonatePrivilege\r\n\t\t\tSeEnableDelegationPrivilege","Category":"Special Logon","Opcode":"Info","SubjectUserSid":"S-1-5-18","SubjectUserName":"WIN-ADFS$","SubjectDomainName":"LUNARSTIIINESS","SubjectLogonId":"0x23075306","PrivilegeList":"SeSecurityPrivilege\r\n\t\t\tSeBackupPrivilege\r\n\t\t\tSeRestorePrivilege\r\n\t\t\tSeTakeOwnershipPrivilege\r\n\t\t\tSeDebugPrivilege\r\n\t\t\tSeSystemEnvironmentPrivilege\r\n\t\t\tSeLoadDriverPrivilege\r\n\t\t\tSeImpersonatePrivilege\r\n\t\t\tSeDelegateSessionUserImpersonatePrivilege\r\n\t\t\tSeEnableDelegationPrivilege","EventReceivedTime":1687289291,"SourceModuleName":"windows_security_eventlog","SourceModuleType":"im_msvistalog"}
<14>Jun 20 19:28:11 win-adfs.lunarstiiiness.com Microsoft-Windows-Security-Auditing[4]: {"EventTime":1687289290,"Hostname":"win-adfs.lunarstiiiness.com","Keywords":-9214364837600034816,"EventType":"AUDIT_SUCCESS","SeverityValue":2,"Severity":"INFO","EventID":5145,"SourceName":"Microsoft-Windows-Security-Auditing","ProviderGuid":"{54849625-5478-4994-A5BA-3E3B0328C30D}","Version":0,"Task":12811,"OpcodeValue":0,"RecordNumber":53871845,"ProcessID":4,"ThreadID":10960,"Channel":"Security","Message":"A network share object was checked to see whether client can be granted desired access.\r\n\t\r\nSubject:\r\n\tSecurity ID:\t\tS-1-5-21-3263964631-4121654051-1417071188-1116\r\n\tAccount Name:\t\ttim.smith_admin\r\n\tAccount Domain:\t\tLUNARSTIIINESS\r\n\tLogon ID:\t\t0x23073FD8\r\n\r\nNetwork Information:\t\r\n\tObject Type:\t\tFile\r\n\tSource Address:\t\t10.128.0.22\r\n\tSource Port:\t\t52317\r\n\t\r\nShare Information:\r\n\tShare Name:\t\t\\\\*\\LMIRescueConnectOnLAN\r\n\tShare Path:\t\t\\??\\C:\\ProgramData\r\n\tRelative Target Name:\tLOGMEIN RESCUE CONNECTONLAN\\LMIRESCUEAPPLET_WIN-ADFS_230620_192810\r\n\r\nAccess Request Information:\r\n\tAccess Mask:\t\t0x20080\r\n\tAccesses:\t\tREAD_CONTROL\r\n\t\t\t\tReadAttributes\r\n\t\t\t\t\r\nAccess Check Results:\r\n\tREAD_CONTROL:\tGranted by Ownership\r\n\t\t\t\tReadAttributes:\tGranted by\tD:(A;;FA;;;BA)\r\n\t\t\t\t\r\n","Category":"Detailed File Share","Opcode":"Info","SubjectUserSid":"S-1-5-21-3263964631-4121654051-1417071188-1116","SubjectUserName":"tim.smith_admin","SubjectDomainName":"LUNARSTIIINESS","SubjectLogonId":"0x23073fd8","ObjectType":"File","IpAddress":"10.128.0.22","IpPort":"52317","ShareName":"\\\\*\\LMIRescueConnectOnLAN","ShareLocalPath":"\\??\\C:\\ProgramData","RelativeTargetName":"LOGMEIN RESCUE CONNECTONLAN\\LMIRESCUEAPPLET_WIN-ADFS_230620_192810","AccessMask":"0x20080","AccessList":"%%1538\r\n\t\t\t\t%%4423\r\n\t\t\t\t","AccessReason":"%%1538:\t%%1804\r\n\t\t\t\t%%4423:\t%%1801\tD:(A;;FA;;;BA)\r\n\t\t\t\t","EventReceivedTime":1687289291,"SourceModuleName":"windows_security_eventlog","SourceModuleType":"im_msvistalog"}
<14>Jun 20 19:28:11 win-adfs.lunarstiiiness.com Microsoft-Windows-Security-Auditing[4]: {"EventTime":1687289290,"Hostname":"win-adfs.lunarstiiiness.com","Keywords":-9214364837600034816,"EventType":"AUDIT_SUCCESS","SeverityValue":2,"Severity":"INFO","EventID":5145,"SourceName":"Microsoft-Windows-Security-Auditing","ProviderGuid":"{54849625-5478-4994-A5BA-3E3B0328C30D}","Version":0,"Task":12811,"OpcodeValue":0,"RecordNumber":53871840,"ProcessID":4,"ThreadID":10960,"Channel":"Security","Message":"A network share object was checked to see whether client can be granted desired access.\r\n\t\r\nSubject:\r\n\tSecurity ID:\t\tS-1-5-21-3263964631-4121654051-1417071188-1116\r\n\tAccount Name:\t\ttim.smith_admin\r\n\tAccount Domain:\t\tLUNARSTIIINESS\r\n\tLogon ID:\t\t0x23073FD8\r\n\r\nNetwork Information:\t\r\n\tObject Type:\t\tFile\r\n\tSource Address:\t\t10.128.0.22\r\n\tSource Port:\t\t52317\r\n\t\r\nShare Information:\r\n\tShare Name:\t\t\\\\*\\LMIRescueConnectOnLAN\r\n\tShare Path:\t\t\\??\\C:\\ProgramData\r\n\tRelative Target Name:\tLogMeIn Rescue ConnectOnLAN\\LMIRescueApplet_WIN-ADFS_230620_192810\\starter.cmd\r\n\r\nAccess Request Information:\r\n\tAccess Mask:\t\t0x17019F\r\n\tAccesses:\t\tDELETE\r\n\t\t\t\tREAD_CONTROL\r\n\t\t\t\tWRITE_DAC\r\n\t\t\t\tSYNCHRONIZE\r\n\t\t\t\tReadData (or ListDirectory)\r\n\t\t\t\tWriteData (or AddFile)\r\n\t\t\t\tAppendData (or AddSubdirectory or CreatePipeInstance)\r\n\t\t\t\tReadEA\r\n\t\t\t\tWriteEA\r\n\t\t\t\tReadAttributes\r\n\t\t\t\tWriteAttributes\r\n\t\t\t\t\r\nAccess Check Results:\r\n\tDELETE:\tGranted by\tD:(A;;FA;;;BA)\r\n\t\t\t\tREAD_CONTROL:\tGranted by Ownership\r\n\t\t\t\tWRITE_DAC:\tGranted by Ownership\r\n\t\t\t\tSYNCHRONIZE:\tGranted by\tD:(A;;FA;;;BA)\r\n\t\t\t\tReadData (or ListDirectory):\tGranted by\tD:(A;;FA;;;BA)\r\n\t\t\t\tWriteData (or AddFile):\tGranted by\tD:(A;;FA;;;BA)\r\n\t\t\t\tAppendData (or AddSubdirectory or CreatePipeInstance):\tGranted by\tD:(A;;FA;;;BA)\r\n\t\t\t\tReadEA:\tGranted by\tD:(A;;FA;;;BA)\r\n\t\t\t\tWriteEA:\tGranted by\tD:(A;;FA;;;BA)\r\n\t\t\t\tReadAttributes:\tGranted by\tD:(A;;FA;;;BA)\r\n\t\t\t\tWriteAttributes:\tGranted by\tD:(A;;FA;;;BA)\r\n\t\t\t\t\r\n","Category":"Detailed File Share","Opcode":"Info","SubjectUserSid":"S-1-5-21-3263964631-4121654051-1417071188-1116","SubjectUserName":"tim.smith_admin","SubjectDomainName":"LUNARSTIIINESS","SubjectLogonId":"0x23073fd8","ObjectType":"File","IpAddress":"10.128.0.22","IpPort":"52317","ShareName":"\\\\*\\LMIRescueConnectOnLAN","ShareLocalPath":"\\??\\C:\\ProgramData","RelativeTargetName":"LogMeIn Rescue ConnectOnLAN\\LMIRescueApplet_WIN-ADFS_230620_192810\\starter.cmd","AccessMask":"0x17019f","AccessList":"%%1537\r\n\t\t\t\t%%1538\r\n\t\t\t\t%%1539\r\n\t\t\t\t%%1541\r\n\t\t\t\t%%4416\r\n\t\t\t\t%%4417\r\n\t\t\t\t%%4418\r\n\t\t\t\t%%4419\r\n\t\t\t\t%%4420\r\n\t\t\t\t%%4423\r\n\t\t\t\t%%4424\r\n\t\t\t\t","AccessReason":"%%1537:\t%%1801\tD:(A;;FA;;;BA)\r\n\t\t\t\t%%1538:\t%%1804\r\n\t\t\t\t%%1539:\t%%1804\r\n\t\t\t\t%%1541:\t%%1801\tD:(A;;FA;;;BA)\r\n\t\t\t\t%%4416:\t%%1801\tD:(A;;FA;;;BA)\r\n\t\t\t\t%%4417:\t%%1801\tD:(A;;FA;;;BA)\r\n\t\t\t\t%%4418:\t%%1801\tD:(A;;FA;;;BA)\r\n\t\t\t\t%%4419:\t%%1801\tD:(A;;FA;;;BA)\r\n\t\t\t\t%%4420:\t%%1801\tD:(A;;FA;;;BA)\r\n\t\t\t\t%%4423:\t%%1801\tD:(A;;FA;;;BA)\r\n\t\t\t\t%%4424:\t%%1801\tD:(A;;FA;;;BA)\r\n\t\t\t\t","EventReceivedTime":1687289291,"SourceModuleName":"windows_security_eventlog","SourceModuleType":"im_msvistalog"}
<14>Jun 20 19:28:11 win-adfs.lunarstiiiness.com Microsoft-Windows-Security-Auditing[4]: {"EventTime":1687289290,"Hostname":"win-adfs.lunarstiiiness.com","Keywords":-9214364837600034816,"EventType":"AUDIT_SUCCESS","SeverityValue":2,"Severity":"INFO","EventID":5145,"SourceName":"Microsoft-Windows-Security-Auditing","ProviderGuid":"{54849625-5478-4994-A5BA-3E3B0328C30D}","Version":0,"Task":12811,"OpcodeValue":0,"RecordNumber":53871829,"ProcessID":4,"ThreadID":9068,"Channel":"Security","Message":"A network share object was checked to see whether client can be granted desired access.\r\n\t\r\nSubject:\r\n\tSecurity ID:\t\tS-1-5-21-3263964631-4121654051-1417071188-1116\r\n\tAccount Name:\t\ttim.smith_admin\r\n\tAccount Domain:\t\tLUNARSTIIINESS\r\n\tLogon ID:\t\t0x23073FD8\r\n\r\nNetwork Information:\t\r\n\tObject Type:\t\tFile\r\n\tSource Address:\t\t10.128.0.22\r\n\tSource Port:\t\t52317\r\n\t\r\nShare Information:\r\n\tShare Name:\t\t\\\\*\\LMIRescueConnectOnLAN\r\n\tShare Path:\t\t\\??\\C:\\ProgramData\r\n\tRelative Target Name:\tLogMeIn Rescue ConnectOnLAN\\LMIRescueApplet_WIN-ADFS_230620_192810\r\n\r\nAccess Request Information:\r\n\tAccess Mask:\t\t0x100081\r\n\tAccesses:\t\tSYNCHRONIZE\r\n\t\t\t\tReadData (or ListDirectory)\r\n\t\t\t\tReadAttributes\r\n\t\t\t\t\r\nAccess Check Results:\r\n\tSYNCHRONIZE:\tGranted by\tD:(A;;FA;;;BA)\r\n\t\t\t\tReadData (or ListDirectory):\tGranted by\tD:(A;;FA;;;BA)\r\n\t\t\t\tReadAttributes:\tGranted by\tD:(A;;FA;;;BA)\r\n\t\t\t\t\r\n","Category":"Detailed File Share","Opcode":"Info","SubjectUserSid":"S-1-5-21-3263964631-4121654051-1417071188-1116","SubjectUserName":"tim.smith_admin","SubjectDomainName":"LUNARSTIIINESS","SubjectLogonId":"0x23073fd8","ObjectType":"File","IpAddress":"10.128.0.22","IpPort":"52317","ShareName":"\\\\*\\LMIRescueConnectOnLAN","ShareLocalPath":"\\??\\C:\\ProgramData","RelativeTargetName":"LogMeIn Rescue ConnectOnLAN\\LMIRescueApplet_WIN-ADFS_230620_192810","AccessMask":"0x100081","AccessList":"%%1541\r\n\t\t\t\t%%4416\r\n\t\t\t\t%%4423\r\n\t\t\t\t","AccessReason":"%%1541:\t%%1801\tD:(A;;FA;;;BA)\r\n\t\t\t\t%%4416:\t%%1801\tD:(A;;FA;;;BA)\r\n\t\t\t\t%%4423:\t%%1801\tD:(A;;FA;;;BA)\r\n\t\t\t\t","EventReceivedTime":1687289291,"SourceModuleName":"windows_security_eventlog","SourceModuleType":"im_msvistalog"}
<14>Jun 20 19:28:11 win-adfs.lunarstiiiness.com Microsoft-Windows-Security-Auditing[4]: {"EventTime":1687289290,"Hostname":"win-adfs.lunarstiiiness.com","Keywords":-9214364837600034816,"EventType":"AUDIT_SUCCESS","SeverityValue":2,"Severity":"INFO","EventID":5145,"SourceName":"Microsoft-Windows-Security-Auditing","ProviderGuid":"{54849625-5478-4994-A5BA-3E3B0328C30D}","Version":0,"Task":12811,"OpcodeValue":0,"RecordNumber":53871835,"ProcessID":4,"ThreadID":9068,"Channel":"Security","Message":"A network share object was checked to see whether client can be granted desired access.\r\n\t\r\nSubject:\r\n\tSecurity ID:\t\tS-1-5-21-3263964631-4121654051-1417071188-1116\r\n\tAccount Name:\t\ttim.smith_admin\r\n\tAccount Domain:\t\tLUNARSTIIINESS\r\n\tLogon ID:\t\t0x23073FD8\r\n\r\nNetwork Information:\t\r\n\tObject Type:\t\tFile\r\n\tSource Address:\t\t10.128.0.22\r\n\tSource Port:\t\t52310\r\n\t\r\nShare Information:\r\n\tShare Name:\t\t\\\\*\\LMIRescueConnectOnLAN\r\n\tShare Path:\t\t\\??\\C:\\ProgramData\r\n\tRelative Target Name:\tLogMeIn Rescue ConnectOnLAN\\LMIRescueApplet_WIN-ADFS_230620_192810\\params.txt\r\n\r\nAccess Request Information:\r\n\tAccess Mask:\t\t0x2\r\n\tAccesses:\t\tWriteData (or AddFile)\r\n\t\t\t\t\r\nAccess Check Results:\r\n\tWriteData (or AddFile):\tGranted by\tD:(A;;FA;;;BA)\r\n\t\t\t\t\r\n","Category":"Detailed File Share","Opcode":"Info","SubjectUserSid":"S-1-5-21-3263964631-4121654051-1417071188-1116","SubjectUserName":"tim.smith_admin","SubjectDomainName":"LUNARSTIIINESS","SubjectLogonId":"0x23073fd8","ObjectType":"File","IpAddress":"10.128.0.22","IpPort":"52310","ShareName":"\\\\*\\LMIRescueConnectOnLAN","ShareLocalPath":"\\??\\C:\\ProgramData","RelativeTargetName":"LogMeIn Rescue ConnectOnLAN\\LMIRescueApplet_WIN-ADFS_230620_192810\\params.txt","AccessMask":"0x2","AccessList":"%%4417\r\n\t\t\t\t","AccessReason":"%%4417:\t%%1801\tD:(A;;FA;;;BA)\r\n\t\t\t\t","EventReceivedTime":1687289291,"SourceModuleName":"windows_security_eventlog","SourceModuleType":"im_msvistalog"}
<14>Jun 20 19:28:11 win-adfs.lunarstiiiness.com Microsoft-Windows-Security-Auditing[4]: {"EventTime":1687289290,"Hostname":"win-adfs.lunarstiiiness.com","Keywords":-9214364837600034816,"EventType":"AUDIT_SUCCESS","SeverityValue":2,"Severity":"INFO","EventID":5145,"SourceName":"Microsoft-Windows-Security-Auditing","ProviderGuid":"{54849625-5478-4994-A5BA-3E3B0328C30D}","Version":0,"Task":12811,"OpcodeValue":0,"RecordNumber":53871830,"ProcessID":4,"ThreadID":9068,"Channel":"Security","Message":"A network share object was checked to see whether client can be granted desired access.\r\n\t\r\nSubject:\r\n\tSecurity ID:\t\tS-1-5-21-3263964631-4121654051-1417071188-1116\r\n\tAccount Name:\t\ttim.smith_admin\r\n\tAccount Domain:\t\tLUNARSTIIINESS\r\n\tLogon ID:\t\t0x23073FD8\r\n\r\nNetwork Information:\t\r\n\tObject Type:\t\tFile\r\n\tSource Address:\t\t10.128.0.22\r\n\tSource Port:\t\t52317\r\n\t\r\nShare Information:\r\n\tShare Name:\t\t\\\\*\\LMIRescueConnectOnLAN\r\n\tShare Path:\t\t\\??\\C:\\ProgramData\r\n\tRelative Target Name:\tLogMeIn Rescue ConnectOnLAN\\LMIRescueApplet_WIN-ADFS_230620_192810\r\n\r\nAccess Request Information:\r\n\tAccess Mask:\t\t0x4\r\n\tAccesses:\t\tAppendData (or AddSubdirectory or CreatePipeInstance)\r\n\t\t\t\t\r\nAccess Check Results:\r\n\tAppendData (or AddSubdirectory or CreatePipeInstance):\tGranted by\tD:(A;;FA;;;BA)\r\n\t\t\t\t\r\n","Category":"Detailed File Share","Opcode":"Info","SubjectUserSid":"S-1-5-21-3263964631-4121654051-1417071188-1116","SubjectUserName":"tim.smith_admin","SubjectDomainName":"LUNARSTIIINESS","SubjectLogonId":"0x23073fd8","ObjectType":"File","IpAddress":"10.128.0.22","IpPort":"52317","ShareName":"\\\\*\\LMIRescueConnectOnLAN","ShareLocalPath":"\\??\\C:\\ProgramData","RelativeTargetName":"LogMeIn Rescue ConnectOnLAN\\LMIRescueApplet_WIN-ADFS_230620_192810","AccessMask":"0x4","AccessList":"%%4418\r\n\t\t\t\t","AccessReason":"%%4418:\t%%1801\tD:(A;;FA;;;BA)\r\n\t\t\t\t","EventReceivedTime":1687289291,"SourceModuleName":"windows_security_eventlog","SourceModuleType":"im_msvistalog"}
<14>Jun 20 19:28:11 win-adfs.lunarstiiiness.com Microsoft-Windows-Security-Auditing[4]: {"EventTime":1687289290,"Hostname":"win-adfs.lunarstiiiness.com","Keywords":-9214364837600034816,"EventType":"AUDIT_SUCCESS","SeverityValue":2,"Severity":"INFO","EventID":5145,"SourceName":"Microsoft-Windows-Security-Auditing","ProviderGuid":"{54849625-5478-4994-A5BA-3E3B0328C30D}","Version":0,"Task":12811,"OpcodeValue":0,"RecordNumber":53871833,"ProcessID":4,"ThreadID":9068,"Channel":"Security","Message":"A network share object was checked to see whether client can be granted desired access.\r\n\t\r\nSubject:\r\n\tSecurity ID:\t\tS-1-5-21-3263964631-4121654051-1417071188-1116\r\n\tAccount Name:\t\ttim.smith_admin\r\n\tAccount Domain:\t\tLUNARSTIIINESS\r\n\tLogon ID:\t\t0x23073FD8\r\n\r\nNetwork Information:\t\r\n\tObject Type:\t\tFile\r\n\tSource Address:\t\t10.128.0.22\r\n\tSource Port:\t\t52317\r\n\t\r\nShare Information:\r\n\tShare Name:\t\t\\\\*\\LMIRescueConnectOnLAN\r\n\tShare Path:\t\t\\??\\C:\\ProgramData\r\n\tRelative Target Name:\tLOGMEIN RESCUE CONNECTONLAN\\LMIRESCUEAPPLET_WIN-ADFS_230620_192810\r\n\r\nAccess Request Information:\r\n\tAccess Mask:\t\t0x20080\r\n\tAccesses:\t\tREAD_CONTROL\r\n\t\t\t\tReadAttributes\r\n\t\t\t\t\r\nAccess Check Results:\r\n\tREAD_CONTROL:\tGranted by Ownership\r\n\t\t\t\tReadAttributes:\tGranted by\tD:(A;;FA;;;BA)\r\n\t\t\t\t\r\n","Category":"Detailed File Share","Opcode":"Info","SubjectUserSid":"S-1-5-21-3263964631-4121654051-1417071188-1116","SubjectUserName":"tim.smith_admin","SubjectDomainName":"LUNARSTIIINESS","SubjectLogonId":"0x23073fd8","ObjectType":"File","IpAddress":"10.128.0.22","IpPort":"52317","ShareName":"\\\\*\\LMIRescueConnectOnLAN","ShareLocalPath":"\\??\\C:\\ProgramData","RelativeTargetName":"LOGMEIN RESCUE CONNECTONLAN\\LMIRESCUEAPPLET_WIN-ADFS_230620_192810","AccessMask":"0x20080","AccessList":"%%1538\r\n\t\t\t\t%%4423\r\n\t\t\t\t","AccessReason":"%%1538:\t%%1804\r\n\t\t\t\t%%4423:\t%%1801\tD:(A;;FA;;;BA)\r\n\t\t\t\t","EventReceivedTime":1687289291,"SourceModuleName":"windows_security_eventlog","SourceModuleType":"im_msvistalog"}
<14>Jun 20 19:28:11 win-adfs.lunarstiiiness.com Microsoft-Windows-Security-Auditing[4]: {"EventTime":1687289290,"Hostname":"win-adfs.lunarstiiiness.com","Keywords":-9214364837600034816,"EventType":"AUDIT_SUCCESS","SeverityValue":2,"Severity":"INFO","EventID":5145,"SourceName":"Microsoft-Windows-Security-Auditing","ProviderGuid":"{54849625-5478-4994-A5BA-3E3B0328C30D}","Version":0,"Task":12811,"OpcodeValue":0,"RecordNumber":53871832,"ProcessID":4,"ThreadID":9068,"Channel":"Security","Message":"A network share object was checked to see whether client can be granted desired access.\r\n\t\r\nSubject:\r\n\tSecurity ID:\t\tS-1-5-21-3263964631-4121654051-1417071188-1116\r\n\tAccount Name:\t\ttim.smith_admin\r\n\tAccount Domain:\t\tLUNARSTIIINESS\r\n\tLogon ID:\t\t0x23073FD8\r\n\r\nNetwork Information:\t\r\n\tObject Type:\t\tFile\r\n\tSource Address:\t\t10.128.0.22\r\n\tSource Port:\t\t52312\r\n\t\r\nShare Information:\r\n\tShare Name:\t\t\\\\*\\LMIRescueConnectOnLAN\r\n\tShare Path:\t\t\\??\\C:\\ProgramData\r\n\tRelative Target Name:\tLogMeIn Rescue ConnectOnLAN\\LMIRescueApplet_WIN-ADFS_230620_192810\\logo.bmp\r\n\r\nAccess Request Information:\r\n\tAccess Mask:\t\t0x2\r\n\tAccesses:\t\tWriteData (or AddFile)\r\n\t\t\t\t\r\nAccess Check Results:\r\n\tWriteData (or AddFile):\tGranted by\tD:(A;;FA;;;BA)\r\n\t\t\t\t\r\n","Category":"Detailed File Share","Opcode":"Info","SubjectUserSid":"S-1-5-21-3263964631-4121654051-1417071188-1116","SubjectUserName":"tim.smith_admin","SubjectDomainName":"LUNARSTIIINESS","SubjectLogonId":"0x23073fd8","ObjectType":"File","IpAddress":"10.128.0.22","IpPort":"52312","ShareName":"\\\\*\\LMIRescueConnectOnLAN","ShareLocalPath":"\\??\\C:\\ProgramData","RelativeTargetName":"LogMeIn Rescue ConnectOnLAN\\LMIRescueApplet_WIN-ADFS_230620_192810\\logo.bmp","AccessMask":"0x2","AccessList":"%%4417\r\n\t\t\t\t","AccessReason":"%%4417:\t%%1801\tD:(A;;FA;;;BA)\r\n\t\t\t\t","EventReceivedTime":1687289291,"SourceModuleName":"windows_security_eventlog","SourceModuleType":"im_msvistalog"}
<14>Jun 20 19:28:12 win-adfs.lunarstiiiness.com Microsoft-Windows-Security-Auditing[4]: {"EventTime":1687289290,"Hostname":"win-adfs.lunarstiiiness.com","Keywords":-9214364837600034816,"EventType":"AUDIT_SUCCESS","SeverityValue":2,"Severity":"INFO","EventID":5145,"SourceName":"Microsoft-Windows-Security-Auditing","ProviderGuid":"{54849625-5478-4994-A5BA-3E3B0328C30D}","Version":0,"Task":12811,"OpcodeValue":0,"RecordNumber":53871847,"ProcessID":4,"ThreadID":10960,"Channel":"Security","Message":"A network share object was checked to see whether client can be granted desired access.\r\n\t\r\nSubject:\r\n\tSecurity ID:\t\tS-1-5-21-3263964631-4121654051-1417071188-1116\r\n\tAccount Name:\t\ttim.smith_admin\r\n\tAccount Domain:\t\tLUNARSTIIINESS\r\n\tLogon ID:\t\t0x23073FD8\r\n\r\nNetwork Information:\t\r\n\tObject Type:\t\tFile\r\n\tSource Address:\t\t10.128.0.22\r\n\tSource Port:\t\t52310\r\n\t\r\nShare Information:\r\n\tShare Name:\t\t\\\\*\\IPC$\r\n\tShare Path:\t\t\r\n\tRelative Target Name:\tsrvsvc\r\n\r\nAccess Request Information:\r\n\tAccess Mask:\t\t0x12019F\r\n\tAccesses:\t\tREAD_CONTROL\r\n\t\t\t\tSYNCHRONIZE\r\n\t\t\t\tReadData (or ListDirectory)\r\n\t\t\t\tWriteData (or AddFile)\r\n\t\t\t\tAppendData (or AddSubdirectory or CreatePipeInstance)\r\n\t\t\t\tReadEA\r\n\t\t\t\tWriteEA\r\n\t\t\t\tReadAttributes\r\n\t\t\t\tWriteAttributes\r\n\t\t\t\t\r\nAccess Check Results:\r\n\t-\r\n","Category":"Detailed File Share","Opcode":"Info","SubjectUserSid":"S-1-5-21-3263964631-4121654051-1417071188-1116","SubjectUserName":"tim.smith_admin","SubjectDomainName":"LUNARSTIIINESS","SubjectLogonId":"0x23073fd8","ObjectType":"File","IpAddress":"10.128.0.22","IpPort":"52310","ShareName":"\\\\*\\IPC$","RelativeTargetName":"srvsvc","AccessMask":"0x12019f","AccessList":"%%1538\r\n\t\t\t\t%%1541\r\n\t\t\t\t%%4416\r\n\t\t\t\t%%4417\r\n\t\t\t\t%%4418\r\n\t\t\t\t%%4419\r\n\t\t\t\t%%4420\r\n\t\t\t\t%%4423\r\n\t\t\t\t%%4424\r\n\t\t\t\t","AccessReason":"-","EventReceivedTime":1687289292,"SourceModuleName":"windows_security_eventlog","SourceModuleType":"im_msvistalog"}
<14>Jun 20 19:28:11 win-adfs.lunarstiiiness.com Microsoft-Windows-Security-Auditing[4]: {"EventTime":1687289290,"Hostname":"win-adfs.lunarstiiiness.com","Keywords":-9214364837600034816,"EventType":"AUDIT_SUCCESS","SeverityValue":2,"Severity":"INFO","EventID":5145,"SourceName":"Microsoft-Windows-Security-Auditing","ProviderGuid":"{54849625-5478-4994-A5BA-3E3B0328C30D}","Version":0,"Task":12811,"OpcodeValue":0,"RecordNumber":53871827,"ProcessID":4,"ThreadID":9068,"Channel":"Security","Message":"A network share object was checked to see whether client can be granted desired access.\r\n\t\r\nSubject:\r\n\tSecurity ID:\t\tS-1-5-21-3263964631-4121654051-1417071188-1116\r\n\tAccount Name:\t\ttim.smith_admin\r\n\tAccount Domain:\t\tLUNARSTIIINESS\r\n\tLogon ID:\t\t0x23073FD8\r\n\r\nNetwork Information:\t\r\n\tObject Type:\t\tFile\r\n\tSource Address:\t\t10.128.0.22\r\n\tSource Port:\t\t52312\r\n\t\r\nShare Information:\r\n\tShare Name:\t\t\\\\*\\LMIRescueConnectOnLAN\r\n\tShare Path:\t\t\\??\\C:\\ProgramData\r\n\tRelative Target Name:\tLogMeIn Rescue ConnectOnLAN\r\n\r\nAccess Request Information:\r\n\tAccess Mask:\t\t0x80\r\n\tAccesses:\t\tReadAttributes\r\n\t\t\t\t\r\nAccess Check Results:\r\n\tReadAttributes:\tGranted by\tD:(A;;FA;;;BA)\r\n\t\t\t\t\r\n","Category":"Detailed File Share","Opcode":"Info","SubjectUserSid":"S-1-5-21-3263964631-4121654051-1417071188-1116","SubjectUserName":"tim.smith_admin","SubjectDomainName":"LUNARSTIIINESS","SubjectLogonId":"0x23073fd8","ObjectType":"File","IpAddress":"10.128.0.22","IpPort":"52312","ShareName":"\\\\*\\LMIRescueConnectOnLAN","ShareLocalPath":"\\??\\C:\\ProgramData","RelativeTargetName":"LogMeIn Rescue ConnectOnLAN","AccessMask":"0x80","AccessList":"%%4423\r\n\t\t\t\t","AccessReason":"%%4423:\t%%1801\tD:(A;;FA;;;BA)\r\n\t\t\t\t","EventReceivedTime":1687289291,"SourceModuleName":"windows_security_eventlog","SourceModuleType":"im_msvistalog"}
<14>Jun 20 19:28:11 win-adfs.lunarstiiiness.com Microsoft-Windows-Security-Auditing[4]: {"EventTime":1687289290,"Hostname":"win-adfs.lunarstiiiness.com","Keywords":-9214364837600034816,"EventType":"AUDIT_SUCCESS","SeverityValue":2,"Severity":"INFO","EventID":5140,"SourceName":"Microsoft-Windows-Security-Auditing","ProviderGuid":"{54849625-5478-4994-A5BA-3E3B0328C30D}","Version":1,"Task":12808,"OpcodeValue":0,"RecordNumber":53871826,"ProcessID":4,"ThreadID":9068,"Channel":"Security","Message":"A network share object was accessed.\r\n\t\r\nSubject:\r\n\tSecurity ID:\t\tS-1-5-21-3263964631-4121654051-1417071188-1116\r\n\tAccount Name:\t\ttim.smith_admin\r\n\tAccount Domain:\t\tLUNARSTIIINESS\r\n\tLogon ID:\t\t0x23073FD8\r\n\r\nNetwork Information:\t\r\n\tObject Type:\t\tFile\r\n\tSource Address:\t\t10.128.0.22\r\n\tSource Port:\t\t52315\r\n\t\r\nShare Information:\r\n\tShare Name:\t\t\\\\*\\LMIRescueConnectOnLAN\r\n\tShare Path:\t\t\\??\\C:\\ProgramData\r\n\r\nAccess Request Information:\r\n\tAccess Mask:\t\t0x1\r\n\tAccesses:\t\tReadData (or ListDirectory)\r\n\t\t\t\t\r\n","Category":"File Share","Opcode":"Info","SubjectUserSid":"S-1-5-21-3263964631-4121654051-1417071188-1116","SubjectUserName":"tim.smith_admin","SubjectDomainName":"LUNARSTIIINESS","SubjectLogonId":"0x23073fd8","ObjectType":"File","IpAddress":"10.128.0.22","IpPort":"52315","ShareName":"\\\\*\\LMIRescueConnectOnLAN","ShareLocalPath":"\\??\\C:\\ProgramData","AccessMask":"0x1","AccessList":"%%4416\r\n\t\t\t\t","EventReceivedTime":1687289291,"SourceModuleName":"windows_security_eventlog","SourceModuleType":"im_msvistalog"}
