<14>Jun 20 19:12:11 win-server.lunarstiiiness.com Microsoft-Windows-Security-Auditing[4]: {"EventTime":1687288330,"Hostname":"win-server.lunarstiiiness.com","Keywords":-9214364837600034816,"EventType":"AUDIT_SUCCESS","SeverityValue":2,"Severity":"INFO","EventID":4656,"SourceName":"Microsoft-Windows-Security-Auditing","ProviderGuid":"{54849625-5478-4994-A5BA-3E3B0328C30D}","Version":1,"Task":12800,"OpcodeValue":0,"RecordNumber":21793518,"ProcessID":4,"ThreadID":3048,"Channel":"Security","Message":"A handle to an object was requested.\r\n\r\nSubject:\r\n\tSecurity ID:\t\tS-1-5-18\r\n\tAccount Name:\t\tWIN-SERVER$\r\n\tAccount Domain:\t\tLUNARSTIIINESS\r\n\tLogon ID:\t\t0x3E7\r\n\r\nObject:\r\n\tObject Server:\t\tSecurity\r\n\tObject Type:\t\tFile\r\n\tObject Name:\t\tC:\\Windows\\WinSxS\\FileMaps\\$$_miracastview_f5479f7c9469e9f3.cdf-ms\r\n\tHandle ID:\t\t0x3d0\r\n\tResource Attributes:\t-\r\n\r\nProcess Information:\r\n\tProcess ID:\t\t0x1464\r\n\tProcess Name:\t\tC:\\Windows\\System32\\CompatTelRunner.exe\r\n\r\nAccess Request Information:\r\n\tTransaction ID:\t\t{00000000-0000-0000-0000-000000000000}\r\n\tAccesses:\t\tREAD_CONTROL\r\n\t\t\t\tSYNCHRONIZE\r\n\t\t\t\tReadData (or ListDirectory)\r\n\t\t\t\tReadEA\r\n\t\t\t\tReadAttributes\r\n\t\t\t\t\r\n\tAccess Reasons:\t\tREAD_CONTROL:\tGranted by\tD:(A;;0x1200a9;;;BA)\r\n\t\t\t\tSYNCHRONIZE:\tGranted by\tD:(A;;0x1200a9;;;BA)\r\n\t\t\t\tReadData (or ListDirectory):\tGranted by\tD:(A;;0x1200a9;;;BA)\r\n\t\t\t\tReadEA:\tGranted by\tD:(A;;0x1200a9;;;BA)\r\n\t\t\t\tReadAttributes:\tGranted by\tD:(A;;0x1200a9;;;BA)\r\n\t\t\t\t\r\n\tAccess Mask:\t\t0x120089\r\n\tPrivileges Used for Access Check:\t-\r\n\tRestricted SID Count:\t0","Category":"File System","Opcode":"Info","SubjectUserSid":"S-1-5-18","SubjectUserName":"WIN-SERVER$","SubjectDomainName":"LUNARSTIIINESS","SubjectLogonId":"0x3e7","ObjectServer":"Security","ObjectType":"File","ObjectName":"C:\\Windows\\WinSxS\\FileMaps\\$$_miracastview_f5479f7c9469e9f3.cdf-ms","HandleId":"0x3d0","TransactionId":"{00000000-0000-0000-0000-000000000000}","AccessList":"%%1538\r\n\t\t\t\t%%1541\r\n\t\t\t\t%%4416\r\n\t\t\t\t%%4419\r\n\t\t\t\t%%4423\r\n\t\t\t\t","AccessReason":"%%1538:\t%%1801\tD:(A;;0x1200a9;;;BA)\r\n\t\t\t\t%%1541:\t%%1801\tD:(A;;0x1200a9;;;BA)\r\n\t\t\t\t%%4416:\t%%1801\tD:(A;;0x1200a9;;;BA)\r\n\t\t\t\t%%4419:\t%%1801\tD:(A;;0x1200a9;;;BA)\r\n\t\t\t\t%%4423:\t%%1801\tD:(A;;0x1200a9;;;BA)\r\n\t\t\t\t","AccessMask":"0x120089","PrivilegeList":"-","RestrictedSidCount":"0","ProcessName":"C:\\Windows\\System32\\CompatTelRunner.exe","ResourceAttributes":"-","EventReceivedTime":1687288331,"SourceModuleName":"in_default_channels","SourceModuleType":"im_msvistalog"}
<14>Jun 20 19:12:10 win-server.lunarstiiiness.com Microsoft-Windows-Security-Auditing[4]: {"EventTime":1687288330,"Hostname":"win-server.lunarstiiiness.com","Keywords":-9214364837600034816,"EventType":"AUDIT_SUCCESS","SeverityValue":2,"Severity":"INFO","EventID":4658,"SourceName":"Microsoft-Windows-Security-Auditing","ProviderGuid":"{54849625-5478-4994-A5BA-3E3B0328C30D}","Version":0,"Task":12800,"OpcodeValue":0,"RecordNumber":21793492,"ProcessID":4,"ThreadID":3048,"Channel":"Security","Message":"The handle to an object was closed.\r\n\r\nSubject :\r\n\tSecurity ID:\t\tS-1-5-18\r\n\tAccount Name:\t\tWIN-SERVER$\r\n\tAccount Domain:\t\tLUNARSTIIINESS\r\n\tLogon ID:\t\t0x3E7\r\n\r\nObject:\r\n\tObject Server:\t\tSecurity\r\n\tHandle ID:\t\t0x1258\r\n\r\nProcess Information:\r\n\tProcess ID:\t\t0x1464\r\n\tProcess Name:\t\tC:\\Windows\\System32\\CompatTelRunner.exe","Category":"File System","Opcode":"Info","SubjectUserSid":"S-1-5-18","SubjectUserName":"WIN-SERVER$","SubjectDomainName":"LUNARSTIIINESS","SubjectLogonId":"0x3e7","ObjectServer":"Security","HandleId":"0x1258","ProcessName":"C:\\Windows\\System32\\CompatTelRunner.exe","EventReceivedTime":1687288330,"SourceModuleName":"in_default_channels","SourceModuleType":"im_msvistalog"}
<14>Jun 20 19:12:10 win-server.lunarstiiiness.com Microsoft-Windows-Security-Auditing[4]: {"EventTime":1687288330,"Hostname":"win-server.lunarstiiiness.com","Keywords":-9214364837600034816,"EventType":"AUDIT_SUCCESS","SeverityValue":2,"Severity":"INFO","EventID":4690,"SourceName":"Microsoft-Windows-Security-Auditing","ProviderGuid":"{54849625-5478-4994-A5BA-3E3B0328C30D}","Version":0,"Task":12807,"OpcodeValue":0,"RecordNumber":21793459,"ProcessID":4,"ThreadID":3048,"Channel":"Security","Message":"An attempt was made to duplicate a handle to an object.\r\n\r\nSubject:\r\n\tSecurity ID:\t\tS-1-5-18\r\n\tAccount Name:\t\tWIN-SERVER$\r\n\tAccount Domain:\t\tLUNARSTIIINESS\r\n\tLogon ID:\t\t0x3E7\r\n\r\nSource Handle Information:\r\n\tSource Handle ID:\t0x63c\r\n\tSource Process ID:\t0x1464\r\n\r\nNew Handle Information:\r\n\tTarget Handle ID:\t0x1258\r\n\tTarget Process ID:\t0x4","Category":"Handle Manipulation","Opcode":"Info","SubjectUserSid":"S-1-5-18","SubjectUserName":"WIN-SERVER$","SubjectDomainName":"LUNARSTIIINESS","SubjectLogonId":"0x3e7","SourceHandleId":"0x63c","SourceProcessId":"0x1464","TargetHandleId":"0x1258","TargetProcessId":"0x4","EventReceivedTime":1687288330,"SourceModuleName":"in_default_channels","SourceModuleType":"im_msvistalog"}
<14>Jun 20 19:12:11 win-server.lunarstiiiness.com Microsoft-Windows-Security-Auditing[4]: {"EventTime":1687288330,"Hostname":"win-server.lunarstiiiness.com","Keywords":-9214364837600034816,"EventType":"AUDIT_SUCCESS","SeverityValue":2,"Severity":"INFO","EventID":4658,"SourceName":"Microsoft-Windows-Security-Auditing","ProviderGuid":"{54849625-5478-4994-A5BA-3E3B0328C30D}","Version":0,"Task":12800,"OpcodeValue":0,"RecordNumber":21793526,"ProcessID":4,"ThreadID":3048,"Channel":"Security","Message":"The handle to an object was closed.\r\n\r\nSubject :\r\n\tSecurity ID:\t\tS-1-5-18\r\n\tAccount Name:\t\tWIN-SERVER$\r\n\tAccount Domain:\t\tLUNARSTIIINESS\r\n\tLogon ID:\t\t0x3E7\r\n\r\nObject:\r\n\tObject Server:\t\tSecurity\r\n\tHandle ID:\t\t0x48c\r\n\r\nProcess Information:\r\n\tProcess ID:\t\t0x1464\r\n\tProcess Name:\t\tC:\\Windows\\System32\\CompatTelRunner.exe","Category":"File System","Opcode":"Info","SubjectUserSid":"S-1-5-18","SubjectUserName":"WIN-SERVER$","SubjectDomainName":"LUNARSTIIINESS","SubjectLogonId":"0x3e7","ObjectServer":"Security","HandleId":"0x48c","ProcessName":"C:\\Windows\\System32\\CompatTelRunner.exe","EventReceivedTime":1687288331,"SourceModuleName":"in_default_channels","SourceModuleType":"im_msvistalog"}
<14>Jun 20 19:12:11 win-server.lunarstiiiness.com Microsoft-Windows-Security-Auditing[4]: {"EventTime":1687288330,"Hostname":"win-server.lunarstiiiness.com","Keywords":-9214364837600034816,"EventType":"AUDIT_SUCCESS","SeverityValue":2,"Severity":"INFO","EventID":4658,"SourceName":"Microsoft-Windows-Security-Auditing","ProviderGuid":"{54849625-5478-4994-A5BA-3E3B0328C30D}","Version":0,"Task":12800,"OpcodeValue":0,"RecordNumber":21793517,"ProcessID":4,"ThreadID":3048,"Channel":"Security","Message":"The handle to an object was closed.\r\n\r\nSubject :\r\n\tSecurity ID:\t\tS-1-5-18\r\n\tAccount Name:\t\tWIN-SERVER$\r\n\tAccount Domain:\t\tLUNARSTIIINESS\r\n\tLogon ID:\t\t0x3E7\r\n\r\nObject:\r\n\tObject Server:\t\tSecurity\r\n\tHandle ID:\t\t0x11a0\r\n\r\nProcess Information:\r\n\tProcess ID:\t\t0x1464\r\n\tProcess Name:\t\tC:\\Windows\\System32\\CompatTelRunner.exe","Category":"File System","Opcode":"Info","SubjectUserSid":"S-1-5-18","SubjectUserName":"WIN-SERVER$","SubjectDomainName":"LUNARSTIIINESS","SubjectLogonId":"0x3e7","ObjectServer":"Security","HandleId":"0x11a0","ProcessName":"C:\\Windows\\System32\\CompatTelRunner.exe","EventReceivedTime":1687288331,"SourceModuleName":"in_default_channels","SourceModuleType":"im_msvistalog"}
<14>Jun 20 19:12:10 win-server.lunarstiiiness.com Microsoft-Windows-Security-Auditing[4]: {"EventTime":1687288330,"Hostname":"win-server.lunarstiiiness.com","Keywords":-9214364837600034816,"EventType":"AUDIT_SUCCESS","SeverityValue":2,"Severity":"INFO","EventID":4690,"SourceName":"Microsoft-Windows-Security-Auditing","ProviderGuid":"{54849625-5478-4994-A5BA-3E3B0328C30D}","Version":0,"Task":12807,"OpcodeValue":0,"RecordNumber":21793491,"ProcessID":4,"ThreadID":3048,"Channel":"Security","Message":"An attempt was made to duplicate a handle to an object.\r\n\r\nSubject:\r\n\tSecurity ID:\t\tS-1-5-18\r\n\tAccount Name:\t\tWIN-SERVER$\r\n\tAccount Domain:\t\tLUNARSTIIINESS\r\n\tLogon ID:\t\t0x3E7\r\n\r\nSource Handle Information:\r\n\tSource Handle ID:\t0x3f8\r\n\tSource Process ID:\t0x1464\r\n\r\nNew Handle Information:\r\n\tTarget Handle ID:\t0x1258\r\n\tTarget Process ID:\t0x4","Category":"Handle Manipulation","Opcode":"Info","SubjectUserSid":"S-1-5-18","SubjectUserName":"WIN-SERVER$","SubjectDomainName":"LUNARSTIIINESS","SubjectLogonId":"0x3e7","SourceHandleId":"0x3f8","SourceProcessId":"0x1464","TargetHandleId":"0x1258","TargetProcessId":"0x4","EventReceivedTime":1687288330,"SourceModuleName":"in_default_channels","SourceModuleType":"im_msvistalog"}
<14>Jun 20 19:12:11 win-server.lunarstiiiness.com Microsoft-Windows-Security-Auditing[4]: {"EventTime":1687288330,"Hostname":"win-server.lunarstiiiness.com","Keywords":-9214364837600034816,"EventType":"AUDIT_SUCCESS","SeverityValue":2,"Severity":"INFO","EventID":4690,"SourceName":"Microsoft-Windows-Security-Auditing","ProviderGuid":"{54849625-5478-4994-A5BA-3E3B0328C30D}","Version":0,"Task":12807,"OpcodeValue":0,"RecordNumber":21793504,"ProcessID":4,"ThreadID":3048,"Channel":"Security","Message":"An attempt was made to duplicate a handle to an object.\r\n\r\nSubject:\r\n\tSecurity ID:\t\tS-1-5-18\r\n\tAccount Name:\t\tWIN-SERVER$\r\n\tAccount Domain:\t\tLUNARSTIIINESS\r\n\tLogon ID:\t\t0x3E7\r\n\r\nSource Handle Information:\r\n\tSource Handle ID:\t0x494\r\n\tSource Process ID:\t0x1464\r\n\r\nNew Handle Information:\r\n\tTarget Handle ID:\t0x1258\r\n\tTarget Process ID:\t0x4","Category":"Handle Manipulation","Opcode":"Info","SubjectUserSid":"S-1-5-18","SubjectUserName":"WIN-SERVER$","SubjectDomainName":"LUNARSTIIINESS","SubjectLogonId":"0x3e7","SourceHandleId":"0x494","SourceProcessId":"0x1464","TargetHandleId":"0x1258","TargetProcessId":"0x4","EventReceivedTime":1687288331,"SourceModuleName":"in_default_channels","SourceModuleType":"im_msvistalog"}
<14>Jun 20 19:12:10 win-server.lunarstiiiness.com Microsoft-Windows-Security-Auditing[4]: {"EventTime":1687288330,"Hostname":"win-server.lunarstiiiness.com","Keywords":-9214364837600034816,"EventType":"AUDIT_SUCCESS","SeverityValue":2,"Severity":"INFO","EventID":4658,"SourceName":"Microsoft-Windows-Security-Auditing","ProviderGuid":"{54849625-5478-4994-A5BA-3E3B0328C30D}","Version":0,"Task":12800,"OpcodeValue":0,"RecordNumber":21793460,"ProcessID":4,"ThreadID":3048,"Channel":"Security","Message":"The handle to an object was closed.\r\n\r\nSubject :\r\n\tSecurity ID:\t\tS-1-5-18\r\n\tAccount Name:\t\tWIN-SERVER$\r\n\tAccount Domain:\t\tLUNARSTIIINESS\r\n\tLogon ID:\t\t0x3E7\r\n\r\nObject:\r\n\tObject Server:\t\tSecurity\r\n\tHandle ID:\t\t0x1258\r\n\r\nProcess Information:\r\n\tProcess ID:\t\t0x1464\r\n\tProcess Name:\t\tC:\\Windows\\System32\\CompatTelRunner.exe","Category":"File System","Opcode":"Info","SubjectUserSid":"S-1-5-18","SubjectUserName":"WIN-SERVER$","SubjectDomainName":"LUNARSTIIINESS","SubjectLogonId":"0x3e7","ObjectServer":"Security","HandleId":"0x1258","ProcessName":"C:\\Windows\\System32\\CompatTelRunner.exe","EventReceivedTime":1687288330,"SourceModuleName":"in_default_channels","SourceModuleType":"im_msvistalog"}
<14>Jun 20 19:12:10 win-server.lunarstiiiness.com Microsoft-Windows-Security-Auditing[4]: {"EventTime":1687288330,"Hostname":"win-server.lunarstiiiness.com","Keywords":-9214364837600034816,"EventType":"AUDIT_SUCCESS","SeverityValue":2,"Severity":"INFO","EventID":4658,"SourceName":"Microsoft-Windows-Security-Auditing","ProviderGuid":"{54849625-5478-4994-A5BA-3E3B0328C30D}","Version":0,"Task":12800,"OpcodeValue":0,"RecordNumber":21793494,"ProcessID":4,"ThreadID":3048,"Channel":"Security","Message":"The handle to an object was closed.\r\n\r\nSubject :\r\n\tSecurity ID:\t\tS-1-5-18\r\n\tAccount Name:\t\tWIN-SERVER$\r\n\tAccount Domain:\t\tLUNARSTIIINESS\r\n\tLogon ID:\t\t0x3E7\r\n\r\nObject:\r\n\tObject Server:\t\tSecurity\r\n\tHandle ID:\t\t0x3f8\r\n\r\nProcess Information:\r\n\tProcess ID:\t\t0x1464\r\n\tProcess Name:\t\tC:\\Windows\\System32\\CompatTelRunner.exe","Category":"File System","Opcode":"Info","SubjectUserSid":"S-1-5-18","SubjectUserName":"WIN-SERVER$","SubjectDomainName":"LUNARSTIIINESS","SubjectLogonId":"0x3e7","ObjectServer":"Security","HandleId":"0x3f8","ProcessName":"C:\\Windows\\System32\\CompatTelRunner.exe","EventReceivedTime":1687288330,"SourceModuleName":"in_default_channels","SourceModuleType":"im_msvistalog"}
<14>Jun 20 19:12:10 win-server.lunarstiiiness.com Microsoft-Windows-Security-Auditing[4]: {"EventTime":1687288330,"Hostname":"win-server.lunarstiiiness.com","Keywords":-9214364837600034816,"EventType":"AUDIT_SUCCESS","SeverityValue":2,"Severity":"INFO","EventID":4658,"SourceName":"Microsoft-Windows-Security-Auditing","ProviderGuid":"{54849625-5478-4994-A5BA-3E3B0328C30D}","Version":0,"Task":12800,"OpcodeValue":0,"RecordNumber":21793501,"ProcessID":4,"ThreadID":3048,"Channel":"Security","Message":"The handle to an object was closed.\r\n\r\nSubject :\r\n\tSecurity ID:\t\tS-1-5-18\r\n\tAccount Name:\t\tWIN-SERVER$\r\n\tAccount Domain:\t\tLUNARSTIIINESS\r\n\tLogon ID:\t\t0x3E7\r\n\r\nObject:\r\n\tObject Server:\t\tSecurity\r\n\tHandle ID:\t\t0x568\r\n\r\nProcess Information:\r\n\tProcess ID:\t\t0x1464\r\n\tProcess Name:\t\tC:\\Windows\\System32\\CompatTelRunner.exe","Category":"File System","Opcode":"Info","SubjectUserSid":"S-1-5-18","SubjectUserName":"WIN-SERVER$","SubjectDomainName":"LUNARSTIIINESS","SubjectLogonId":"0x3e7","ObjectServer":"Security","HandleId":"0x568","ProcessName":"C:\\Windows\\System32\\CompatTelRunner.exe","EventReceivedTime":1687288330,"SourceModuleName":"in_default_channels","SourceModuleType":"im_msvistalog"}
<14>Jun 20 19:12:11 win-server.lunarstiiiness.com Microsoft-Windows-Security-Auditing[4]: {"EventTime":1687288330,"Hostname":"win-server.lunarstiiiness.com","Keywords":-9214364837600034816,"EventType":"AUDIT_SUCCESS","SeverityValue":2,"Severity":"INFO","EventID":4690,"SourceName":"Microsoft-Windows-Security-Auditing","ProviderGuid":"{54849625-5478-4994-A5BA-3E3B0328C30D}","Version":0,"Task":12807,"OpcodeValue":0,"RecordNumber":21793527,"ProcessID":4,"ThreadID":3048,"Channel":"Security","Message":"An attempt was made to duplicate a handle to an object.\r\n\r\nSubject:\r\n\tSecurity ID:\t\tS-1-5-18\r\n\tAccount Name:\t\tWIN-SERVER$\r\n\tAccount Domain:\t\tLUNARSTIIINESS\r\n\tLogon ID:\t\t0x3E7\r\n\r\nSource Handle Information:\r\n\tSource Handle ID:\t0x524\r\n\tSource Process ID:\t0x1464\r\n\r\nNew Handle Information:\r\n\tTarget Handle ID:\t0x1258\r\n\tTarget Process ID:\t0x4","Category":"Handle Manipulation","Opcode":"Info","SubjectUserSid":"S-1-5-18","SubjectUserName":"WIN-SERVER$","SubjectDomainName":"LUNARSTIIINESS","SubjectLogonId":"0x3e7","SourceHandleId":"0x524","SourceProcessId":"0x1464","TargetHandleId":"0x1258","TargetProcessId":"0x4","EventReceivedTime":1687288331,"SourceModuleName":"in_default_channels","SourceModuleType":"im_msvistalog"}
<14>Jun 20 19:12:11 win-server.lunarstiiiness.com Microsoft-Windows-Security-Auditing[4]: {"EventTime":1687288330,"Hostname":"win-server.lunarstiiiness.com","Keywords":-9214364837600034816,"EventType":"AUDIT_SUCCESS","SeverityValue":2,"Severity":"INFO","EventID":4690,"SourceName":"Microsoft-Windows-Security-Auditing","ProviderGuid":"{54849625-5478-4994-A5BA-3E3B0328C30D}","Version":0,"Task":12807,"OpcodeValue":0,"RecordNumber":21793516,"ProcessID":4,"ThreadID":3048,"Channel":"Security","Message":"An attempt was made to duplicate a handle to an object.\r\n\r\nSubject:\r\n\tSecurity ID:\t\tS-1-5-18\r\n\tAccount Name:\t\tWIN-SERVER$\r\n\tAccount Domain:\t\tLUNARSTIIINESS\r\n\tLogon ID:\t\t0x3E7\r\n\r\nSource Handle Information:\r\n\tSource Handle ID:\t0x3d0\r\n\tSource Process ID:\t0x1464\r\n\r\nNew Handle Information:\r\n\tTarget Handle ID:\t0x11a0\r\n\tTarget Process ID:\t0x4","Category":"Handle Manipulation","Opcode":"Info","SubjectUserSid":"S-1-5-18","SubjectUserName":"WIN-SERVER$","SubjectDomainName":"LUNARSTIIINESS","SubjectLogonId":"0x3e7","SourceHandleId":"0x3d0","SourceProcessId":"0x1464","TargetHandleId":"0x11a0","TargetProcessId":"0x4","EventReceivedTime":1687288331,"SourceModuleName":"in_default_channels","SourceModuleType":"im_msvistalog"}
<14>Jun 20 19:12:10 win-server.lunarstiiiness.com Microsoft-Windows-Security-Auditing[4]: {"EventTime":1687288330,"Hostname":"win-server.lunarstiiiness.com","Keywords":-9214364837600034816,"EventType":"AUDIT_SUCCESS","SeverityValue":2,"Severity":"INFO","EventID":4690,"SourceName":"Microsoft-Windows-Security-Auditing","ProviderGuid":"{54849625-5478-4994-A5BA-3E3B0328C30D}","Version":0,"Task":12807,"OpcodeValue":0,"RecordNumber":21793451,"ProcessID":4,"ThreadID":3048,"Channel":"Security","Message":"An attempt was made to duplicate a handle to an object.\r\n\r\nSubject:\r\n\tSecurity ID:\t\tS-1-5-18\r\n\tAccount Name:\t\tWIN-SERVER$\r\n\tAccount Domain:\t\tLUNARSTIIINESS\r\n\tLogon ID:\t\t0x3E7\r\n\r\nSource Handle Information:\r\n\tSource Handle ID:\t0x63c\r\n\tSource Process ID:\t0x1464\r\n\r\nNew Handle Information:\r\n\tTarget Handle ID:\t0x1258\r\n\tTarget Process ID:\t0x4","Category":"Handle Manipulation","Opcode":"Info","SubjectUserSid":"S-1-5-18","SubjectUserName":"WIN-SERVER$","SubjectDomainName":"LUNARSTIIINESS","SubjectLogonId":"0x3e7","SourceHandleId":"0x63c","SourceProcessId":"0x1464","TargetHandleId":"0x1258","TargetProcessId":"0x4","EventReceivedTime":1687288330,"SourceModuleName":"in_default_channels","SourceModuleType":"im_msvistalog"}
<14>Jun 20 19:12:10 win-server.lunarstiiiness.com Microsoft-Windows-Security-Auditing[4]: {"EventTime":1687288330,"Hostname":"win-server.lunarstiiiness.com","Keywords":-9214364837600034816,"EventType":"AUDIT_SUCCESS","SeverityValue":2,"Severity":"INFO","EventID":4690,"SourceName":"Microsoft-Windows-Security-Auditing","ProviderGuid":"{54849625-5478-4994-A5BA-3E3B0328C30D}","Version":0,"Task":12807,"OpcodeValue":0,"RecordNumber":21793483,"ProcessID":4,"ThreadID":3048,"Channel":"Security","Message":"An attempt was made to duplicate a handle to an object.\r\n\r\nSubject:\r\n\tSecurity ID:\t\tS-1-5-18\r\n\tAccount Name:\t\tWIN-SERVER$\r\n\tAccount Domain:\t\tLUNARSTIIINESS\r\n\tLogon ID:\t\t0x3E7\r\n\r\nSource Handle Information:\r\n\tSource Handle ID:\t0x65c\r\n\tSource Process ID:\t0x1464\r\n\r\nNew Handle Information:\r\n\tTarget Handle ID:\t0x1258\r\n\tTarget Process ID:\t0x4","Category":"Handle Manipulation","Opcode":"Info","SubjectUserSid":"S-1-5-18","SubjectUserName":"WIN-SERVER$","SubjectDomainName":"LUNARSTIIINESS","SubjectLogonId":"0x3e7","SourceHandleId":"0x65c","SourceProcessId":"0x1464","TargetHandleId":"0x1258","TargetProcessId":"0x4","EventReceivedTime":1687288330,"SourceModuleName":"in_default_channels","SourceModuleType":"im_msvistalog"}
<14>Jun 20 19:12:10 win-server.lunarstiiiness.com Microsoft-Windows-Security-Auditing[4]: {"EventTime":1687288330,"Hostname":"win-server.lunarstiiiness.com","Keywords":-9214364837600034816,"EventType":"AUDIT_SUCCESS","SeverityValue":2,"Severity":"INFO","EventID":4656,"SourceName":"Microsoft-Windows-Security-Auditing","ProviderGuid":"{54849625-5478-4994-A5BA-3E3B0328C30D}","Version":1,"Task":12800,"OpcodeValue":0,"RecordNumber":21793461,"ProcessID":4,"ThreadID":3048,"Channel":"Security","Message":"A handle to an object was requested.\r\n\r\nSubject:\r\n\tSecurity ID:\t\tS-1-5-18\r\n\tAccount Name:\t\tWIN-SERVER$\r\n\tAccount Domain:\t\tLUNARSTIIINESS\r\n\tLogon ID:\t\t0x3E7\r\n\r\nObject:\r\n\tObject Server:\t\tSecurity\r\n\tObject Type:\t\tFile\r\n\tObject Name:\t\tC:\\Windows\\WinSxS\\FileMaps\\$$_systemapps_microsoft.windows.cortana_cw5n1h2txyewy_2d6b8920d3f31e0d.cdf-ms\r\n\tHandle ID:\t\t0x63c\r\n\tResource Attributes:\t-\r\n\r\nProcess Information:\r\n\tProcess ID:\t\t0x1464\r\n\tProcess Name:\t\tC:\\Windows\\System32\\CompatTelRunner.exe\r\n\r\nAccess Request Information:\r\n\tTransaction ID:\t\t{00000000-0000-0000-0000-000000000000}\r\n\tAccesses:\t\tREAD_CONTROL\r\n\t\t\t\tSYNCHRONIZE\r\n\t\t\t\tReadData (or ListDirectory)\r\n\t\t\t\tReadEA\r\n\t\t\t\tReadAttributes\r\n\t\t\t\t\r\n\tAccess Reasons:\t\tREAD_CONTROL:\tGranted by\tD:(A;;0x1200a9;;;BA)\r\n\t\t\t\tSYNCHRONIZE:\tGranted by\tD:(A;;0x1200a9;;;BA)\r\n\t\t\t\tReadData (or ListDirectory):\tGranted by\tD:(A;;0x1200a9;;;BA)\r\n\t\t\t\tReadEA:\tGranted by\tD:(A;;0x1200a9;;;BA)\r\n\t\t\t\tReadAttributes:\tGranted by\tD:(A;;0x1200a9;;;BA)\r\n\t\t\t\t\r\n\tAccess Mask:\t\t0x120089\r\n\tPrivileges Used for Access Check:\t-\r\n\tRestricted SID Count:\t0","Category":"File System","Opcode":"Info","SubjectUserSid":"S-1-5-18","SubjectUserName":"WIN-SERVER$","SubjectDomainName":"LUNARSTIIINESS","SubjectLogonId":"0x3e7","ObjectServer":"Security","ObjectType":"File","ObjectName":"C:\\Windows\\WinSxS\\FileMaps\\$$_systemapps_microsoft.windows.cortana_cw5n1h2txyewy_2d6b8920d3f31e0d.cdf-ms","HandleId":"0x63c","TransactionId":"{00000000-0000-0000-0000-000000000000}","AccessList":"%%1538\r\n\t\t\t\t%%1541\r\n\t\t\t\t%%4416\r\n\t\t\t\t%%4419\r\n\t\t\t\t%%4423\r\n\t\t\t\t","AccessReason":"%%1538:\t%%1801\tD:(A;;0x1200a9;;;BA)\r\n\t\t\t\t%%1541:\t%%1801\tD:(A;;0x1200a9;;;BA)\r\n\t\t\t\t%%4416:\t%%1801\tD:(A;;0x1200a9;;;BA)\r\n\t\t\t\t%%4419:\t%%1801\tD:(A;;0x1200a9;;;BA)\r\n\t\t\t\t%%4423:\t%%1801\tD:(A;;0x1200a9;;;BA)\r\n\t\t\t\t","AccessMask":"0x120089","PrivilegeList":"-","RestrictedSidCount":"0","ProcessName":"C:\\Windows\\System32\\CompatTelRunner.exe","ResourceAttributes":"-","EventReceivedTime":1687288330,"SourceModuleName":"in_default_channels","SourceModuleType":"im_msvistalog"}
<14>Jun 20 19:12:10 win-server.lunarstiiiness.com Microsoft-Windows-Security-Auditing[4]: {"EventTime":1687288330,"Hostname":"win-server.lunarstiiiness.com","Keywords":-9214364837600034816,"EventType":"AUDIT_SUCCESS","SeverityValue":2,"Severity":"INFO","EventID":4658,"SourceName":"Microsoft-Windows-Security-Auditing","ProviderGuid":"{54849625-5478-4994-A5BA-3E3B0328C30D}","Version":0,"Task":12800,"OpcodeValue":0,"RecordNumber":21793454,"ProcessID":4,"ThreadID":3048,"Channel":"Security","Message":"The handle to an object was closed.\r\n\r\nSubject :\r\n\tSecurity ID:\t\tS-1-5-18\r\n\tAccount Name:\t\tWIN-SERVER$\r\n\tAccount Domain:\t\tLUNARSTIIINESS\r\n\tLogon ID:\t\t0x3E7\r\n\r\nObject:\r\n\tObject Server:\t\tSecurity\r\n\tHandle ID:\t\t0x63c\r\n\r\nProcess Information:\r\n\tProcess ID:\t\t0x1464\r\n\tProcess Name:\t\tC:\\Windows\\System32\\CompatTelRunner.exe","Category":"File System","Opcode":"Info","SubjectUserSid":"S-1-5-18","SubjectUserName":"WIN-SERVER$","SubjectDomainName":"LUNARSTIIINESS","SubjectLogonId":"0x3e7","ObjectServer":"Security","HandleId":"0x63c","ProcessName":"C:\\Windows\\System32\\CompatTelRunner.exe","EventReceivedTime":1687288330,"SourceModuleName":"in_default_channels","SourceModuleType":"im_msvistalog"}
<14>Jun 20 19:12:11 win-server.lunarstiiiness.com Microsoft-Windows-Security-Auditing[4]: {"EventTime":1687288330,"Hostname":"win-server.lunarstiiiness.com","Keywords":-9214364837600034816,"EventType":"AUDIT_SUCCESS","SeverityValue":2,"Severity":"INFO","EventID":4656,"SourceName":"Microsoft-Windows-Security-Auditing","ProviderGuid":"{54849625-5478-4994-A5BA-3E3B0328C30D}","Version":1,"Task":12800,"OpcodeValue":0,"RecordNumber":21793506,"ProcessID":4,"ThreadID":3048,"Channel":"Security","Message":"A handle to an object was requested.\r\n\r\nSubject:\r\n\tSecurity ID:\t\tS-1-5-18\r\n\tAccount Name:\t\tWIN-SERVER$\r\n\tAccount Domain:\t\tLUNARSTIIINESS\r\n\tLogon ID:\t\t0x3E7\r\n\r\nObject:\r\n\tObject Server:\t\tSecurity\r\n\tObject Type:\t\tFile\r\n\tObject Name:\t\tC:\\Windows\\WinSxS\\FileMaps\\$$_immersivecontrolpanel_1e6ccf0e6a91b570.cdf-ms\r\n\tHandle ID:\t\t0x494\r\n\tResource Attributes:\t-\r\n\r\nProcess Information:\r\n\tProcess ID:\t\t0x1464\r\n\tProcess Name:\t\tC:\\Windows\\System32\\CompatTelRunner.exe\r\n\r\nAccess Request Information:\r\n\tTransaction ID:\t\t{00000000-0000-0000-0000-000000000000}\r\n\tAccesses:\t\tREAD_CONTROL\r\n\t\t\t\tSYNCHRONIZE\r\n\t\t\t\tReadData (or ListDirectory)\r\n\t\t\t\tReadEA\r\n\t\t\t\tReadAttributes\r\n\t\t\t\t\r\n\tAccess Reasons:\t\tREAD_CONTROL:\tGranted by\tD:(A;;0x1200a9;;;BA)\r\n\t\t\t\tSYNCHRONIZE:\tGranted by\tD:(A;;0x1200a9;;;BA)\r\n\t\t\t\tReadData (or ListDirectory):\tGranted by\tD:(A;;0x1200a9;;;BA)\r\n\t\t\t\tReadEA:\tGranted by\tD:(A;;0x1200a9;;;BA)\r\n\t\t\t\tReadAttributes:\tGranted by\tD:(A;;0x1200a9;;;BA)\r\n\t\t\t\t\r\n\tAccess Mask:\t\t0x120089\r\n\tPrivileges Used for Access Check:\t-\r\n\tRestricted SID Count:\t0","Category":"File System","Opcode":"Info","SubjectUserSid":"S-1-5-18","SubjectUserName":"WIN-SERVER$","SubjectDomainName":"LUNARSTIIINESS","SubjectLogonId":"0x3e7","ObjectServer":"Security","ObjectType":"File","ObjectName":"C:\\Windows\\WinSxS\\FileMaps\\$$_immersivecontrolpanel_1e6ccf0e6a91b570.cdf-ms","HandleId":"0x494","TransactionId":"{00000000-0000-0000-0000-000000000000}","AccessList":"%%1538\r\n\t\t\t\t%%1541\r\n\t\t\t\t%%4416\r\n\t\t\t\t%%4419\r\n\t\t\t\t%%4423\r\n\t\t\t\t","AccessReason":"%%1538:\t%%1801\tD:(A;;0x1200a9;;;BA)\r\n\t\t\t\t%%1541:\t%%1801\tD:(A;;0x1200a9;;;BA)\r\n\t\t\t\t%%4416:\t%%1801\tD:(A;;0x1200a9;;;BA)\r\n\t\t\t\t%%4419:\t%%1801\tD:(A;;0x1200a9;;;BA)\r\n\t\t\t\t%%4423:\t%%1801\tD:(A;;0x1200a9;;;BA)\r\n\t\t\t\t","AccessMask":"0x120089","PrivilegeList":"-","RestrictedSidCount":"0","ProcessName":"C:\\Windows\\System32\\CompatTelRunner.exe","ResourceAttributes":"-","EventReceivedTime":1687288331,"SourceModuleName":"in_default_channels","SourceModuleType":"im_msvistalog"}
<14>Jun 20 19:12:11 win-server.lunarstiiiness.com Microsoft-Windows-Security-Auditing[4]: {"EventTime":1687288330,"Hostname":"win-server.lunarstiiiness.com","Keywords":-9214364837600034816,"EventType":"AUDIT_SUCCESS","SeverityValue":2,"Severity":"INFO","EventID":4658,"SourceName":"Microsoft-Windows-Security-Auditing","ProviderGuid":"{54849625-5478-4994-A5BA-3E3B0328C30D}","Version":0,"Task":12800,"OpcodeValue":0,"RecordNumber":21793507,"ProcessID":4,"ThreadID":3048,"Channel":"Security","Message":"The handle to an object was closed.\r\n\r\nSubject :\r\n\tSecurity ID:\t\tS-1-5-18\r\n\tAccount Name:\t\tWIN-SERVER$\r\n\tAccount Domain:\t\tLUNARSTIIINESS\r\n\tLogon ID:\t\t0x3E7\r\n\r\nObject:\r\n\tObject Server:\t\tSecurity\r\n\tHandle ID:\t\t0x494\r\n\r\nProcess Information:\r\n\tProcess ID:\t\t0x1464\r\n\tProcess Name:\t\tC:\\Windows\\System32\\CompatTelRunner.exe","Category":"File System","Opcode":"Info","SubjectUserSid":"S-1-5-18","SubjectUserName":"WIN-SERVER$","SubjectDomainName":"LUNARSTIIINESS","SubjectLogonId":"0x3e7","ObjectServer":"Security","HandleId":"0x494","ProcessName":"C:\\Windows\\System32\\CompatTelRunner.exe","EventReceivedTime":1687288331,"SourceModuleName":"in_default_channels","SourceModuleType":"im_msvistalog"}
<14>Jun 20 19:12:11 win-server.lunarstiiiness.com Microsoft-Windows-Security-Auditing[4]: {"EventTime":1687288330,"Hostname":"win-server.lunarstiiiness.com","Keywords":-9214364837600034816,"EventType":"AUDIT_SUCCESS","SeverityValue":2,"Severity":"INFO","EventID":4656,"SourceName":"Microsoft-Windows-Security-Auditing","ProviderGuid":"{54849625-5478-4994-A5BA-3E3B0328C30D}","Version":1,"Task":12800,"OpcodeValue":0,"RecordNumber":21793514,"ProcessID":4,"ThreadID":3048,"Channel":"Security","Message":"A handle to an object was requested.\r\n\r\nSubject:\r\n\tSecurity ID:\t\tS-1-5-18\r\n\tAccount Name:\t\tWIN-SERVER$\r\n\tAccount Domain:\t\tLUNARSTIIINESS\r\n\tLogon ID:\t\t0x3E7\r\n\r\nObject:\r\n\tObject Server:\t\tSecurity\r\n\tObject Type:\t\tFile\r\n\tObject Name:\t\tC:\\Windows\\MiracastView\\en-US\r\n\tHandle ID:\t\t0x640\r\n\tResource Attributes:\t-\r\n\r\nProcess Information:\r\n\tProcess ID:\t\t0x1464\r\n\tProcess Name:\t\tC:\\Windows\\System32\\CompatTelRunner.exe\r\n\r\nAccess Request Information:\r\n\tTransaction ID:\t\t{00000000-0000-0000-0000-000000000000}\r\n\tAccesses:\t\tSYNCHRONIZE\r\n\t\t\t\tReadData (or ListDirectory)\r\n\t\t\t\t\r\n\tAccess Reasons:\t\tSYNCHRONIZE:\tUnknown or unchecked\r\n\t\t\t\tReadData (or ListDirectory):\tGranted by\tD:(A;;0x1200a9;;;SY)\r\n\t\t\t\t\r\n\tAccess Mask:\t\t0x100001\r\n\tPrivileges Used for Access Check:\tSeRestorePrivilege\r\n\tRestricted SID Count:\t0","Category":"File System","Opcode":"Info","SubjectUserSid":"S-1-5-18","SubjectUserName":"WIN-SERVER$","SubjectDomainName":"LUNARSTIIINESS","SubjectLogonId":"0x3e7","ObjectServer":"Security","ObjectType":"File","ObjectName":"C:\\Windows\\MiracastView\\en-US","HandleId":"0x640","TransactionId":"{00000000-0000-0000-0000-000000000000}","AccessList":"%%1541\r\n\t\t\t\t%%4416\r\n\t\t\t\t","AccessReason":"%%1541:\t%%1809\r\n\t\t\t\t%%4416:\t%%1801\tD:(A;;0x1200a9;;;SY)\r\n\t\t\t\t","AccessMask":"0x100001","PrivilegeList":"SeRestorePrivilege","RestrictedSidCount":"0","ProcessName":"C:\\Windows\\System32\\CompatTelRunner.exe","ResourceAttributes":"-","EventReceivedTime":1687288331,"SourceModuleName":"in_default_channels","SourceModuleType":"im_msvistalog"}
<14>Jun 20 19:12:10 win-server.lunarstiiiness.com Microsoft-Windows-Security-Auditing[4]: {"EventTime":1687288330,"Hostname":"win-server.lunarstiiiness.com","Keywords":-9214364837600034816,"EventType":"AUDIT_SUCCESS","SeverityValue":2,"Severity":"INFO","EventID":4658,"SourceName":"Microsoft-Windows-Security-Auditing","ProviderGuid":"{54849625-5478-4994-A5BA-3E3B0328C30D}","Version":0,"Task":12800,"OpcodeValue":0,"RecordNumber":21793456,"ProcessID":4,"ThreadID":3048,"Channel":"Security","Message":"The handle to an object was closed.\r\n\r\nSubject :\r\n\tSecurity ID:\t\tS-1-5-18\r\n\tAccount Name:\t\tWIN-SERVER$\r\n\tAccount Domain:\t\tLUNARSTIIINESS\r\n\tLogon ID:\t\t0x3E7\r\n\r\nObject:\r\n\tObject Server:\t\tSecurity\r\n\tHandle ID:\t\t0x1258\r\n\r\nProcess Information:\r\n\tProcess ID:\t\t0x1464\r\n\tProcess Name:\t\tC:\\Windows\\System32\\CompatTelRunner.exe","Category":"File System","Opcode":"Info","SubjectUserSid":"S-1-5-18","SubjectUserName":"WIN-SERVER$","SubjectDomainName":"LUNARSTIIINESS","SubjectLogonId":"0x3e7","ObjectServer":"Security","HandleId":"0x1258","ProcessName":"C:\\Windows\\System32\\CompatTelRunner.exe","EventReceivedTime":1687288330,"SourceModuleName":"in_default_channels","SourceModuleType":"im_msvistalog"}
<14>Jun 20 19:12:10 win-server.lunarstiiiness.com Microsoft-Windows-Security-Auditing[4]: {"EventTime":1687288330,"Hostname":"win-server.lunarstiiiness.com","Keywords":-9214364837600034816,"EventType":"AUDIT_SUCCESS","SeverityValue":2,"Severity":"INFO","EventID":4656,"SourceName":"Microsoft-Windows-Security-Auditing","ProviderGuid":"{54849625-5478-4994-A5BA-3E3B0328C30D}","Version":1,"Task":12800,"OpcodeValue":0,"RecordNumber":21793475,"ProcessID":4,"ThreadID":3048,"Channel":"Security","Message":"A handle to an object was requested.\r\n\r\nSubject:\r\n\tSecurity ID:\t\tS-1-5-18\r\n\tAccount Name:\t\tWIN-SERVER$\r\n\tAccount Domain:\t\tLUNARSTIIINESS\r\n\tLogon ID:\t\t0x3E7\r\n\r\nObject:\r\n\tObject Server:\t\tSecurity\r\n\tObject Type:\t\tFile\r\n\tObject Name:\t\tC:\\Windows\\WinSxS\\FileMaps\\$$_systemapps_microsoft.windows.secondarytileexperience_cw5n1h2txyewy_feeb4934c04ce9fd.cdf-ms\r\n\tHandle ID:\t\t0x47c\r\n\tResource Attributes:\t-\r\n\r\nProcess Information:\r\n\tProcess ID:\t\t0x1464\r\n\tProcess Name:\t\tC:\\Windows\\System32\\CompatTelRunner.exe\r\n\r\nAccess Request Information:\r\n\tTransaction ID:\t\t{00000000-0000-0000-0000-000000000000}\r\n\tAccesses:\t\tREAD_CONTROL\r\n\t\t\t\tSYNCHRONIZE\r\n\t\t\t\tReadData (or ListDirectory)\r\n\t\t\t\tReadEA\r\n\t\t\t\tReadAttributes\r\n\t\t\t\t\r\n\tAccess Reasons:\t\tREAD_CONTROL:\tGranted by\tD:(A;;0x1200a9;;;BA)\r\n\t\t\t\tSYNCHRONIZE:\tGranted by\tD:(A;;0x1200a9;;;BA)\r\n\t\t\t\tReadData (or ListDirectory):\tGranted by\tD:(A;;0x1200a9;;;BA)\r\n\t\t\t\tReadEA:\tGranted by\tD:(A;;0x1200a9;;;BA)\r\n\t\t\t\tReadAttributes:\tGranted by\tD:(A;;0x1200a9;;;BA)\r\n\t\t\t\t\r\n\tAccess Mask:\t\t0x120089\r\n\tPrivileges Used for Access Check:\t-\r\n\tRestricted SID Count:\t0","Category":"File System","Opcode":"Info","SubjectUserSid":"S-1-5-18","SubjectUserName":"WIN-SERVER$","SubjectDomainName":"LUNARSTIIINESS","SubjectLogonId":"0x3e7","ObjectServer":"Security","ObjectType":"File","ObjectName":"C:\\Windows\\WinSxS\\FileMaps\\$$_systemapps_microsoft.windows.secondarytileexperience_cw5n1h2txyewy_feeb4934c04ce9fd.cdf-ms","HandleId":"0x47c","TransactionId":"{00000000-0000-0000-0000-000000000000}","AccessList":"%%1538\r\n\t\t\t\t%%1541\r\n\t\t\t\t%%4416\r\n\t\t\t\t%%4419\r\n\t\t\t\t%%4423\r\n\t\t\t\t","AccessReason":"%%1538:\t%%1801\tD:(A;;0x1200a9;;;BA)\r\n\t\t\t\t%%1541:\t%%1801\tD:(A;;0x1200a9;;;BA)\r\n\t\t\t\t%%4416:\t%%1801\tD:(A;;0x1200a9;;;BA)\r\n\t\t\t\t%%4419:\t%%1801\tD:(A;;0x1200a9;;;BA)\r\n\t\t\t\t%%4423:\t%%1801\tD:(A;;0x1200a9;;;BA)\r\n\t\t\t\t","AccessMask":"0x120089","PrivilegeList":"-","RestrictedSidCount":"0","ProcessName":"C:\\Windows\\System32\\CompatTelRunner.exe","ResourceAttributes":"-","EventReceivedTime":1687288330,"SourceModuleName":"in_default_channels","SourceModuleType":"im_msvistalog"}
<14>Jun 20 19:12:11 win-server.lunarstiiiness.com Microsoft-Windows-Security-Auditing[4]: {"EventTime":1687288330,"Hostname":"win-server.lunarstiiiness.com","Keywords":-9214364837600034816,"EventType":"AUDIT_SUCCESS","SeverityValue":2,"Severity":"INFO","EventID":4658,"SourceName":"Microsoft-Windows-Security-Auditing","ProviderGuid":"{54849625-5478-4994-A5BA-3E3B0328C30D}","Version":0,"Task":12800,"OpcodeValue":0,"RecordNumber":21793530,"ProcessID":4,"ThreadID":3048,"Channel":"Security","Message":"The handle to an object was closed.\r\n\r\nSubject :\r\n\tSecurity ID:\t\tS-1-5-18\r\n\tAccount Name:\t\tWIN-SERVER$\r\n\tAccount Domain:\t\tLUNARSTIIINESS\r\n\tLogon ID:\t\t0x3E7\r\n\r\nObject:\r\n\tObject Server:\t\tSecurity\r\n\tHandle ID:\t\t0x524\r\n\r\nProcess Information:\r\n\tProcess ID:\t\t0x1464\r\n\tProcess Name:\t\tC:\\Windows\\System32\\CompatTelRunner.exe","Category":"File System","Opcode":"Info","SubjectUserSid":"S-1-5-18","SubjectUserName":"WIN-SERVER$","SubjectDomainName":"LUNARSTIIINESS","SubjectLogonId":"0x3e7","ObjectServer":"Security","HandleId":"0x524","ProcessName":"C:\\Windows\\System32\\CompatTelRunner.exe","EventReceivedTime":1687288331,"SourceModuleName":"in_default_channels","SourceModuleType":"im_msvistalog"}
<14>Jun 20 19:12:10 win-server.lunarstiiiness.com Microsoft-Windows-Security-Auditing[4]: {"EventTime":1687288330,"Hostname":"win-server.lunarstiiiness.com","Keywords":-9214364837600034816,"EventType":"AUDIT_SUCCESS","SeverityValue":2,"Severity":"INFO","EventID":4658,"SourceName":"Microsoft-Windows-Security-Auditing","ProviderGuid":"{54849625-5478-4994-A5BA-3E3B0328C30D}","Version":0,"Task":12800,"OpcodeValue":0,"RecordNumber":21793466,"ProcessID":4,"ThreadID":3048,"Channel":"Security","Message":"The handle to an object was closed.\r\n\r\nSubject :\r\n\tSecurity ID:\t\tS-1-5-18\r\n\tAccount Name:\t\tWIN-SERVER$\r\n\tAccount Domain:\t\tLUNARSTIIINESS\r\n\tLogon ID:\t\t0x3E7\r\n\r\nObject:\r\n\tObject Server:\t\tSecurity\r\n\tHandle ID:\t\t0x610\r\n\r\nProcess Information:\r\n\tProcess ID:\t\t0x1464\r\n\tProcess Name:\t\tC:\\Windows\\System32\\CompatTelRunner.exe","Category":"File System","Opcode":"Info","SubjectUserSid":"S-1-5-18","SubjectUserName":"WIN-SERVER$","SubjectDomainName":"LUNARSTIIINESS","SubjectLogonId":"0x3e7","ObjectServer":"Security","HandleId":"0x610","ProcessName":"C:\\Windows\\System32\\CompatTelRunner.exe","EventReceivedTime":1687288330,"SourceModuleName":"in_default_channels","SourceModuleType":"im_msvistalog"}
<14>Jun 20 19:12:10 win-server.lunarstiiiness.com Microsoft-Windows-Security-Auditing[4]: {"EventTime":1687288330,"Hostname":"win-server.lunarstiiiness.com","Keywords":-9214364837600034816,"EventType":"AUDIT_SUCCESS","SeverityValue":2,"Severity":"INFO","EventID":4656,"SourceName":"Microsoft-Windows-Security-Auditing","ProviderGuid":"{54849625-5478-4994-A5BA-3E3B0328C30D}","Version":1,"Task":12800,"OpcodeValue":0,"RecordNumber":21793457,"ProcessID":4,"ThreadID":3048,"Channel":"Security","Message":"A handle to an object was requested.\r\n\r\nSubject:\r\n\tSecurity ID:\t\tS-1-5-18\r\n\tAccount Name:\t\tWIN-SERVER$\r\n\tAccount Domain:\t\tLUNARSTIIINESS\r\n\tLogon ID:\t\t0x3E7\r\n\r\nObject:\r\n\tObject Server:\t\tSecurity\r\n\tObject Type:\t\tFile\r\n\tObject Name:\t\tC:\\Windows\\WinSxS\\FileMaps\\$$_systemapps_microsoft.windows.cortana_cw5n1h2txyewy_2d6b8920d3f31e0d.cdf-ms\r\n\tHandle ID:\t\t0x660\r\n\tResource Attributes:\t-\r\n\r\nProcess Information:\r\n\tProcess ID:\t\t0x1464\r\n\tProcess Name:\t\tC:\\Windows\\System32\\CompatTelRunner.exe\r\n\r\nAccess Request Information:\r\n\tTransaction ID:\t\t{00000000-0000-0000-0000-000000000000}\r\n\tAccesses:\t\tREAD_CONTROL\r\n\t\t\t\tSYNCHRONIZE\r\n\t\t\t\tReadData (or ListDirectory)\r\n\t\t\t\tReadEA\r\n\t\t\t\tReadAttributes\r\n\t\t\t\t\r\n\tAccess Reasons:\t\tREAD_CONTROL:\tGranted by\tD:(A;;0x1200a9;;;BA)\r\n\t\t\t\tSYNCHRONIZE:\tGranted by\tD:(A;;0x1200a9;;;BA)\r\n\t\t\t\tReadData (or ListDirectory):\tGranted by\tD:(A;;0x1200a9;;;BA)\r\n\t\t\t\tReadEA:\tGranted by\tD:(A;;0x1200a9;;;BA)\r\n\t\t\t\tReadAttributes:\tGranted by\tD:(A;;0x1200a9;;;BA)\r\n\t\t\t\t\r\n\tAccess Mask:\t\t0x120089\r\n\tPrivileges Used for Access Check:\t-\r\n\tRestricted SID Count:\t0","Category":"File System","Opcode":"Info","SubjectUserSid":"S-1-5-18","SubjectUserName":"WIN-SERVER$","SubjectDomainName":"LUNARSTIIINESS","SubjectLogonId":"0x3e7","ObjectServer":"Security","ObjectType":"File","ObjectName":"C:\\Windows\\WinSxS\\FileMaps\\$$_systemapps_microsoft.windows.cortana_cw5n1h2txyewy_2d6b8920d3f31e0d.cdf-ms","HandleId":"0x660","TransactionId":"{00000000-0000-0000-0000-000000000000}","AccessList":"%%1538\r\n\t\t\t\t%%1541\r\n\t\t\t\t%%4416\r\n\t\t\t\t%%4419\r\n\t\t\t\t%%4423\r\n\t\t\t\t","AccessReason":"%%1538:\t%%1801\tD:(A;;0x1200a9;;;BA)\r\n\t\t\t\t%%1541:\t%%1801\tD:(A;;0x1200a9;;;BA)\r\n\t\t\t\t%%4416:\t%%1801\tD:(A;;0x1200a9;;;BA)\r\n\t\t\t\t%%4419:\t%%1801\tD:(A;;0x1200a9;;;BA)\r\n\t\t\t\t%%4423:\t%%1801\tD:(A;;0x1200a9;;;BA)\r\n\t\t\t\t","AccessMask":"0x120089","PrivilegeList":"-","RestrictedSidCount":"0","ProcessName":"C:\\Windows\\System32\\CompatTelRunner.exe","ResourceAttributes":"-","EventReceivedTime":1687288330,"SourceModuleName":"in_default_channels","SourceModuleType":"im_msvistalog"}
<14>Jun 20 19:12:10 win-server.lunarstiiiness.com Microsoft-Windows-Security-Auditing[4]: {"EventTime":1687288330,"Hostname":"win-server.lunarstiiiness.com","Keywords":-9214364837600034816,"EventType":"AUDIT_SUCCESS","SeverityValue":2,"Severity":"INFO","EventID":4690,"SourceName":"Microsoft-Windows-Security-Auditing","ProviderGuid":"{54849625-5478-4994-A5BA-3E3B0328C30D}","Version":0,"Task":12807,"OpcodeValue":0,"RecordNumber":21793444,"ProcessID":4,"ThreadID":3048,"Channel":"Security","Message":"An attempt was made to duplicate a handle to an object.\r\n\r\nSubject:\r\n\tSecurity ID:\t\tS-1-5-18\r\n\tAccount Name:\t\tWIN-SERVER$\r\n\tAccount Domain:\t\tLUNARSTIIINESS\r\n\tLogon ID:\t\t0x3E7\r\n\r\nSource Handle Information:\r\n\tSource Handle ID:\t0x5dc\r\n\tSource Process ID:\t0x1464\r\n\r\nNew Handle Information:\r\n\tTarget Handle ID:\t0x1258\r\n\tTarget Process ID:\t0x4","Category":"Handle Manipulation","Opcode":"Info","SubjectUserSid":"S-1-5-18","SubjectUserName":"WIN-SERVER$","SubjectDomainName":"LUNARSTIIINESS","SubjectLogonId":"0x3e7","SourceHandleId":"0x5dc","SourceProcessId":"0x1464","TargetHandleId":"0x1258","TargetProcessId":"0x4","EventReceivedTime":1687288330,"SourceModuleName":"in_default_channels","SourceModuleType":"im_msvistalog"}
<14>Jun 20 19:12:10 win-server.lunarstiiiness.com Microsoft-Windows-Security-Auditing[4]: {"EventTime":1687288330,"Hostname":"win-server.lunarstiiiness.com","Keywords":-9214364837600034816,"EventType":"AUDIT_SUCCESS","SeverityValue":2,"Severity":"INFO","EventID":4656,"SourceName":"Microsoft-Windows-Security-Auditing","ProviderGuid":"{54849625-5478-4994-A5BA-3E3B0328C30D}","Version":1,"Task":12800,"OpcodeValue":0,"RecordNumber":21793485,"ProcessID":4,"ThreadID":3048,"Channel":"Security","Message":"A handle to an object was requested.\r\n\r\nSubject:\r\n\tSecurity ID:\t\tS-1-5-18\r\n\tAccount Name:\t\tWIN-SERVER$\r\n\tAccount Domain:\t\tLUNARSTIIINESS\r\n\tLogon ID:\t\t0x3E7\r\n\r\nObject:\r\n\tObject Server:\t\tSecurity\r\n\tObject Type:\t\tFile\r\n\tObject Name:\t\tC:\\Windows\\WinSxS\\FileMaps\\$$_systemapps_shellexperiencehost_cw5n1h2txyewy_e21c90d9487ed242.cdf-ms\r\n\tHandle ID:\t\t0x65c\r\n\tResource Attributes:\t-\r\n\r\nProcess Information:\r\n\tProcess ID:\t\t0x1464\r\n\tProcess Name:\t\tC:\\Windows\\System32\\CompatTelRunner.exe\r\n\r\nAccess Request Information:\r\n\tTransaction ID:\t\t{00000000-0000-0000-0000-000000000000}\r\n\tAccesses:\t\tREAD_CONTROL\r\n\t\t\t\tSYNCHRONIZE\r\n\t\t\t\tReadData (or ListDirectory)\r\n\t\t\t\tReadEA\r\n\t\t\t\tReadAttributes\r\n\t\t\t\t\r\n\tAccess Reasons:\t\tREAD_CONTROL:\tGranted by\tD:(A;;0x1200a9;;;BA)\r\n\t\t\t\tSYNCHRONIZE:\tGranted by\tD:(A;;0x1200a9;;;BA)\r\n\t\t\t\tReadData (or ListDirectory):\tGranted by\tD:(A;;0x1200a9;;;BA)\r\n\t\t\t\tReadEA:\tGranted by\tD:(A;;0x1200a9;;;BA)\r\n\t\t\t\tReadAttributes:\tGranted by\tD:(A;;0x1200a9;;;BA)\r\n\t\t\t\t\r\n\tAccess Mask:\t\t0x120089\r\n\tPrivileges Used for Access Check:\t-\r\n\tRestricted SID Count:\t0","Category":"File System","Opcode":"Info","SubjectUserSid":"S-1-5-18","SubjectUserName":"WIN-SERVER$","SubjectDomainName":"LUNARSTIIINESS","SubjectLogonId":"0x3e7","ObjectServer":"Security","ObjectType":"File","ObjectName":"C:\\Windows\\WinSxS\\FileMaps\\$$_systemapps_shellexperiencehost_cw5n1h2txyewy_e21c90d9487ed242.cdf-ms","HandleId":"0x65c","TransactionId":"{00000000-0000-0000-0000-000000000000}","AccessList":"%%1538\r\n\t\t\t\t%%1541\r\n\t\t\t\t%%4416\r\n\t\t\t\t%%4419\r\n\t\t\t\t%%4423\r\n\t\t\t\t","AccessReason":"%%1538:\t%%1801\tD:(A;;0x1200a9;;;BA)\r\n\t\t\t\t%%1541:\t%%1801\tD:(A;;0x1200a9;;;BA)\r\n\t\t\t\t%%4416:\t%%1801\tD:(A;;0x1200a9;;;BA)\r\n\t\t\t\t%%4419:\t%%1801\tD:(A;;0x1200a9;;;BA)\r\n\t\t\t\t%%4423:\t%%1801\tD:(A;;0x1200a9;;;BA)\r\n\t\t\t\t","AccessMask":"0x120089","PrivilegeList":"-","RestrictedSidCount":"0","ProcessName":"C:\\Windows\\System32\\CompatTelRunner.exe","ResourceAttributes":"-","EventReceivedTime":1687288330,"SourceModuleName":"in_default_channels","SourceModuleType":"im_msvistalog"}
<14>Jun 20 19:12:10 win-server.lunarstiiiness.com Microsoft-Windows-Security-Auditing[4]: {"EventTime":1687288330,"Hostname":"win-server.lunarstiiiness.com","Keywords":-9214364837600034816,"EventType":"AUDIT_SUCCESS","SeverityValue":2,"Severity":"INFO","EventID":4658,"SourceName":"Microsoft-Windows-Security-Auditing","ProviderGuid":"{54849625-5478-4994-A5BA-3E3B0328C30D}","Version":0,"Task":12800,"OpcodeValue":0,"RecordNumber":21793447,"ProcessID":4,"ThreadID":3048,"Channel":"Security","Message":"The handle to an object was closed.\r\n\r\nSubject :\r\n\tSecurity ID:\t\tS-1-5-18\r\n\tAccount Name:\t\tWIN-SERVER$\r\n\tAccount Domain:\t\tLUNARSTIIINESS\r\n\tLogon ID:\t\t0x3E7\r\n\r\nObject:\r\n\tObject Server:\t\tSecurity\r\n\tHandle ID:\t\t0x5dc\r\n\r\nProcess Information:\r\n\tProcess ID:\t\t0x1464\r\n\tProcess Name:\t\tC:\\Windows\\System32\\CompatTelRunner.exe","Category":"File System","Opcode":"Info","SubjectUserSid":"S-1-5-18","SubjectUserName":"WIN-SERVER$","SubjectDomainName":"LUNARSTIIINESS","SubjectLogonId":"0x3e7","ObjectServer":"Security","HandleId":"0x5dc","ProcessName":"C:\\Windows\\System32\\CompatTelRunner.exe","EventReceivedTime":1687288330,"SourceModuleName":"in_default_channels","SourceModuleType":"im_msvistalog"}
<14>Jun 20 19:12:14 win-server.lunarstiiiness.com Microsoft-Windows-Security-Auditing[4]: {"EventTime":1687288333,"Hostname":"win-server.lunarstiiiness.com","Keywords":-9214364837600034816,"EventType":"AUDIT_SUCCESS","SeverityValue":2,"Severity":"INFO","EventID":4689,"SourceName":"Microsoft-Windows-Security-Auditing","ProviderGuid":"{54849625-5478-4994-A5BA-3E3B0328C30D}","Version":0,"Task":13313,"OpcodeValue":0,"RecordNumber":21793553,"ProcessID":4,"ThreadID":3048,"Channel":"Security","Message":"A process has exited.\r\n\r\nSubject:\r\n\tSecurity ID:\t\tS-1-5-21-3263964631-4121654051-1417071188-1116\r\n\tAccount Name:\t\ttim.smith_admin\r\n\tAccount Domain:\t\tLUNARSTIIINESS\r\n\tLogon ID:\t\t0x5E1D463\r\n\r\nProcess Information:\r\n\tProcess ID:\t0x15f0\r\n\tProcess Name:\tC:\\Windows\\System32\\dllhost.exe\r\n\tExit Status:\t0x0","Category":"Process Termination","Opcode":"Info","SubjectUserSid":"S-1-5-21-3263964631-4121654051-1417071188-1116","SubjectUserName":"tim.smith_admin","SubjectDomainName":"LUNARSTIIINESS","SubjectLogonId":"0x5e1d463","Status":"0x0","ProcessName":"C:\\Windows\\System32\\dllhost.exe","EventReceivedTime":1687288334,"SourceModuleName":"in_default_channels","SourceModuleType":"im_msvistalog"}
<14>Jun 20 19:12:53 win-server.lunarstiiiness.com Microsoft-Windows-Security-Auditing[4]: {"EventTime":1687288371,"Hostname":"win-server.lunarstiiiness.com","Keywords":-9214364837600034816,"EventType":"AUDIT_SUCCESS","SeverityValue":2,"Severity":"INFO","EventID":4689,"SourceName":"Microsoft-Windows-Security-Auditing","ProviderGuid":"{54849625-5478-4994-A5BA-3E3B0328C30D}","Version":0,"Task":13313,"OpcodeValue":0,"RecordNumber":21793726,"ProcessID":4,"ThreadID":1256,"Channel":"Security","Message":"A process has exited.\r\n\r\nSubject:\r\n\tSecurity ID:\t\tS-1-5-21-3263964631-4121654051-1417071188-1116\r\n\tAccount Name:\t\ttim.smith_admin\r\n\tAccount Domain:\t\tLUNARSTIIINESS\r\n\tLogon ID:\t\t0x5E1D463\r\n\r\nProcess Information:\r\n\tProcess ID:\t0x1598\r\n\tProcess Name:\tC:\\Program Files (x86)\\LogMeIn Rescue Technician Console\\LogMeInRescueTechnicianConsole_x64\\LMIGuardianSvc.exe\r\n\tExit Status:\t0x0","Category":"Process Termination","Opcode":"Info","SubjectUserSid":"S-1-5-21-3263964631-4121654051-1417071188-1116","SubjectUserName":"tim.smith_admin","SubjectDomainName":"LUNARSTIIINESS","SubjectLogonId":"0x5e1d463","Status":"0x0","ProcessName":"C:\\Program Files (x86)\\LogMeIn Rescue Technician Console\\LogMeInRescueTechnicianConsole_x64\\LMIGuardianSvc.exe","EventReceivedTime":1687288373,"SourceModuleName":"in_default_channels","SourceModuleType":"im_msvistalog"}
<14>Jun 20 19:12:53 win-server.lunarstiiiness.com Microsoft-Windows-Security-Auditing[4]: {"EventTime":1687288371,"Hostname":"win-server.lunarstiiiness.com","Keywords":-9214364837600034816,"EventType":"AUDIT_SUCCESS","SeverityValue":2,"Severity":"INFO","EventID":4689,"SourceName":"Microsoft-Windows-Security-Auditing","ProviderGuid":"{54849625-5478-4994-A5BA-3E3B0328C30D}","Version":0,"Task":13313,"OpcodeValue":0,"RecordNumber":21793727,"ProcessID":4,"ThreadID":1256,"Channel":"Security","Message":"A process has exited.\r\n\r\nSubject:\r\n\tSecurity ID:\t\tS-1-5-21-3263964631-4121654051-1417071188-1116\r\n\tAccount Name:\t\ttim.smith_admin\r\n\tAccount Domain:\t\tLUNARSTIIINESS\r\n\tLogon ID:\t\t0x5E1D463\r\n\r\nProcess Information:\r\n\tProcess ID:\t0x11bc\r\n\tProcess Name:\tC:\\Program Files (x86)\\LogMeIn Rescue Technician Console\\LogMeInRescueTechnicianConsole_x64\\LMIRTechConsole.exe\r\n\tExit Status:\t0x0","Category":"Process Termination","Opcode":"Info","SubjectUserSid":"S-1-5-21-3263964631-4121654051-1417071188-1116","SubjectUserName":"tim.smith_admin","SubjectDomainName":"LUNARSTIIINESS","SubjectLogonId":"0x5e1d463","Status":"0x0","ProcessName":"C:\\Program Files (x86)\\LogMeIn Rescue Technician Console\\LogMeInRescueTechnicianConsole_x64\\LMIRTechConsole.exe","EventReceivedTime":1687288373,"SourceModuleName":"in_default_channels","SourceModuleType":"im_msvistalog"}
<14>Jun 20 19:13:37 win-server.lunarstiiiness.com Microsoft-Windows-Security-Auditing[4]: {"EventTime":1687288415,"Hostname":"win-server.lunarstiiiness.com","Keywords":-9214364837600034816,"EventType":"AUDIT_SUCCESS","SeverityValue":2,"Severity":"INFO","EventID":4689,"SourceName":"Microsoft-Windows-Security-Auditing","ProviderGuid":"{54849625-5478-4994-A5BA-3E3B0328C30D}","Version":0,"Task":13313,"OpcodeValue":0,"RecordNumber":21794035,"ProcessID":4,"ThreadID":3404,"Channel":"Security","Message":"A process has exited.\r\n\r\nSubject:\r\n\tSecurity ID:\t\tS-1-5-21-3263964631-4121654051-1417071188-1116\r\n\tAccount Name:\t\ttim.smith_admin\r\n\tAccount Domain:\t\tLUNARSTIIINESS\r\n\tLogon ID:\t\t0x5E1D463\r\n\r\nProcess Information:\r\n\tProcess ID:\t0x90c\r\n\tProcess Name:\tC:\\Windows\\System32\\backgroundTaskHost.exe\r\n\tExit Status:\t0x1","Category":"Process Termination","Opcode":"Info","SubjectUserSid":"S-1-5-21-3263964631-4121654051-1417071188-1116","SubjectUserName":"tim.smith_admin","SubjectDomainName":"LUNARSTIIINESS","SubjectLogonId":"0x5e1d463","Status":"0x1","ProcessName":"C:\\Windows\\System32\\backgroundTaskHost.exe","EventReceivedTime":1687288417,"SourceModuleName":"in_default_channels","SourceModuleType":"im_msvistalog"}
