<14>Jun 20 19:29:35 win-adfs.lunarstiiiness.com Microsoft-Windows-Security-Auditing[4]: {"EventTime":1687289373,"Hostname":"win-adfs.lunarstiiiness.com","Keywords":-9214364837600034816,"EventType":"AUDIT_SUCCESS","SeverityValue":2,"Severity":"INFO","EventID":4661,"SourceName":"Microsoft-Windows-Security-Auditing","ProviderGuid":"{54849625-5478-4994-A5BA-3E3B0328C30D}","Version":1,"Task":12803,"OpcodeValue":0,"RecordNumber":53872288,"ProcessID":4,"ThreadID":10960,"Channel":"Security","Message":"A handle to an object was requested.\r\n\r\nSubject :\r\n\tSecurity ID:\t\tS-1-5-18\r\n\tAccount Name:\t\tWIN-ADFS$\r\n\tAccount Domain:\t\tLUNARSTIIINESS\r\n\tLogon ID:\t\t0x3E7\r\n\r\nObject:\r\n\tObject Server:\tSecurity Account Manager\r\n\tObject Type:\tSAM_DOMAIN\r\n\tObject Name:\tCN=Builtin,DC=lunarstiiiness,DC=com\r\n\tHandle ID:\t0x25f9b681840\r\n\r\nProcess Information:\r\n\tProcess ID:\t0x264\r\n\tProcess Name:\tC:\\Windows\\System32\\lsass.exe\r\n\r\nAccess Request Information:\r\n\tTransaction ID:\t{00000000-0000-0000-0000-000000000000}\r\n\tAccesses:\tDELETE\r\n\t\t\t\tREAD_CONTROL\r\n\t\t\t\tWRITE_DAC\r\n\t\t\t\tWRITE_OWNER\r\n\t\t\t\tReadPasswordParameters\r\n\t\t\t\tWritePasswordParameters\r\n\t\t\t\tReadOtherParameters\r\n\t\t\t\tWriteOtherParameters\r\n\t\t\t\tCreateUser\r\n\t\t\t\tCreateGlobalGroup\r\n\t\t\t\tCreateLocalGroup\r\n\t\t\t\tGetLocalGroupMembership\r\n\t\t\t\tListAccounts\r\n\t\t\t\t\r\n\tAccess Reasons:\t\t-\r\n\tAccess Mask:\t0xF01FF\r\n\tPrivileges Used for Access Check:\t-\r\n\tProperties:\t---\r\n\t{19195a5a-6da0-11d0-afd3-00c04fd930c9}\r\nDELETE\r\nREAD_CONTROL\r\nWRITE_DAC\r\nWRITE_OWNER\r\nReadPasswordParameters\r\nWritePasswordParameters\r\nReadOtherParameters\r\nWriteOtherParameters\r\nCreateUser\r\nCreateGlobalGroup\r\nCreateLocalGroup\r\nGetLocalGroupMembership\r\nListAccounts\r\n\t\t{c7407360-20bf-11d0-a768-00aa006e0529}\r\n\t\t\t{bf9679a4-0de6-11d0-a285-00aa003049e2}\r\n\t\t\t{bf9679a5-0de6-11d0-a285-00aa003049e2}\r\n\t\t\t{bf9679a6-0de6-11d0-a285-00aa003049e2}\r\n\t\t\t{bf9679bb-0de6-11d0-a285-00aa003049e2}\r\n\t\t\t{bf9679c2-0de6-11d0-a285-00aa003049e2}\r\n\t\t\t{bf9679c3-0de6-11d0-a285-00aa003049e2}\r\n\t\t\t{bf967a09-0de6-11d0-a285-00aa003049e2}\r\n\t\t\t{bf967a0b-0de6-11d0-a285-00aa003049e2}\r\n\t\t{b8119fd0-04f6-4762-ab7a-4986c76b3f9a}\r\n\t\t\t{bf967a34-0de6-11d0-a285-00aa003049e2}\r\n\t\t\t{bf967a33-0de6-11d0-a285-00aa003049e2}\r\n\t\t\t{bf9679c5-0de6-11d0-a285-00aa003049e2}\r\n\t\t\t{bf967a61-0de6-11d0-a285-00aa003049e2}\r\n\t\t\t{bf967977-0de6-11d0-a285-00aa003049e2}\r\n\t\t\t{bf96795e-0de6-11d0-a285-00aa003049e2}\r\n\t\t\t{bf9679ea-0de6-11d0-a285-00aa003049e2}\r\n\t\t{ab721a52-1e2f-11d0-9819-00aa0040529b}\r\n\r\n\tRestricted SID Count:\t0","Category":"SAM","Opcode":"Info","SubjectUserSid":"S-1-5-18","SubjectUserName":"WIN-ADFS$","SubjectDomainName":"LUNARSTIIINESS","SubjectLogonId":"0x3e7","ObjectServer":"Security Account Manager","ObjectType":"SAM_DOMAIN","ObjectName":"CN=Builtin,DC=lunarstiiiness,DC=com","HandleId":"0x25f9b681840","TransactionId":"{00000000-0000-0000-0000-000000000000}","AccessList":"%%1537\r\n\t\t\t\t%%1538\r\n\t\t\t\t%%1539\r\n\t\t\t\t%%1540\r\n\t\t\t\t%%5392\r\n\t\t\t\t%%5393\r\n\t\t\t\t%%5394\r\n\t\t\t\t%%5395\r\n\t\t\t\t%%5396\r\n\t\t\t\t%%5397\r\n\t\t\t\t%%5398\r\n\t\t\t\t%%5399\r\n\t\t\t\t%%5400\r\n\t\t\t\t","AccessReason":"-","AccessMask":"0xf01ff","PrivilegeList":"-","Properties":"---\r\n\t{19195a5a-6da0-11d0-afd3-00c04fd930c9}\r\n%%1537\r\n%%1538\r\n%%1539\r\n%%1540\r\n%%5392\r\n%%5393\r\n%%5394\r\n%%5395\r\n%%5396\r\n%%5397\r\n%%5398\r\n%%5399\r\n%%5400\r\n\t\t{c7407360-20bf-11d0-a768-00aa006e0529}\r\n\t\t\t{bf9679a4-0de6-11d0-a285-00aa003049e2}\r\n\t\t\t{bf9679a5-0de6-11d0-a285-00aa003049e2}\r\n\t\t\t{bf9679a6-0de6-11d0-a285-00aa003049e2}\r\n\t\t\t{bf9679bb-0de6-11d0-a285-00aa003049e2}\r\n\t\t\t{bf9679c2-0de6-11d0-a285-00aa003049e2}\r\n\t\t\t{bf9679c3-0de6-11d0-a285-00aa003049e2}\r\n\t\t\t{bf967a09-0de6-11d0-a285-00aa003049e2}\r\n\t\t\t{bf967a0b-0de6-11d0-a285-00aa003049e2}\r\n\t\t{b8119fd0-04f6-4762-ab7a-4986c76b3f9a}\r\n\t\t\t{bf967a34-0de6-11d0-a285-00aa003049e2}\r\n\t\t\t{bf967a33-0de6-11d0-a285-00aa003049e2}\r\n\t\t\t{bf9679c5-0de6-11d0-a285-00aa003049e2}\r\n\t\t\t{bf967a61-0de6-11d0-a285-00aa003049e2}\r\n\t\t\t{bf967977-0de6-11d0-a285-00aa003049e2}\r\n\t\t\t{bf96795e-0de6-11d0-a285-00aa003049e2}\r\n\t\t\t{bf9679ea-0de6-11d0-a285-00aa003049e2}\r\n\t\t{ab721a52-1e2f-11d0-9819-00aa0040529b}\r\n","RestrictedSidCount":"0","ProcessName":"C:\\Windows\\System32\\lsass.exe","EventReceivedTime":1687289375,"SourceModuleName":"windows_security_eventlog","SourceModuleType":"im_msvistalog"}
<14>Jun 20 19:29:35 win-adfs.lunarstiiiness.com Microsoft-Windows-Security-Auditing[4]: {"EventTime":1687289373,"Hostname":"win-adfs.lunarstiiiness.com","Keywords":-9214364837600034816,"EventType":"AUDIT_SUCCESS","SeverityValue":2,"Severity":"INFO","EventID":4658,"SourceName":"Microsoft-Windows-Security-Auditing","ProviderGuid":"{54849625-5478-4994-A5BA-3E3B0328C30D}","Version":0,"Task":12804,"OpcodeValue":0,"RecordNumber":53872291,"ProcessID":4,"ThreadID":10960,"Channel":"Security","Message":"The handle to an object was closed.\r\n\r\nSubject :\r\n\tSecurity ID:\t\tS-1-5-18\r\n\tAccount Name:\t\tWIN-ADFS$\r\n\tAccount Domain:\t\tLUNARSTIIINESS\r\n\tLogon ID:\t\t0x3E7\r\n\r\nObject:\r\n\tObject Server:\t\tSecurity Account Manager\r\n\tHandle ID:\t\t0x25f9bb96950\r\n\r\nProcess Information:\r\n\tProcess ID:\t\t0x264\r\n\tProcess Name:\t\tC:\\Windows\\System32\\lsass.exe","Category":"Other Object Access Events","Opcode":"Info","SubjectUserSid":"S-1-5-18","SubjectUserName":"WIN-ADFS$","SubjectDomainName":"LUNARSTIIINESS","SubjectLogonId":"0x3e7","ObjectServer":"Security Account Manager","HandleId":"0x25f9bb96950","ProcessName":"C:\\Windows\\System32\\lsass.exe","EventReceivedTime":1687289375,"SourceModuleName":"windows_security_eventlog","SourceModuleType":"im_msvistalog"}
<14>Jun 20 19:29:35 win-adfs.lunarstiiiness.com Microsoft-Windows-Security-Auditing[4]: {"EventTime":1687289373,"Hostname":"win-adfs.lunarstiiiness.com","Keywords":-9214364837600034816,"EventType":"AUDIT_SUCCESS","SeverityValue":2,"Severity":"INFO","EventID":4658,"SourceName":"Microsoft-Windows-Security-Auditing","ProviderGuid":"{54849625-5478-4994-A5BA-3E3B0328C30D}","Version":0,"Task":12800,"OpcodeValue":0,"RecordNumber":53872255,"ProcessID":4,"ThreadID":9068,"Channel":"Security","Message":"The handle to an object was closed.\r\n\r\nSubject :\r\n\tSecurity ID:\t\tS-1-5-18\r\n\tAccount Name:\t\tWIN-ADFS$\r\n\tAccount Domain:\t\tLUNARSTIIINESS\r\n\tLogon ID:\t\t0x3E7\r\n\r\nObject:\r\n\tObject Server:\t\tSecurity\r\n\tHandle ID:\t\t0x38b8\r\n\r\nProcess Information:\r\n\tProcess ID:\t\t0x9fc\r\n\tProcess Name:\t\tC:\\Windows\\Sysmon.exe","Category":"File System","Opcode":"Info","SubjectUserSid":"S-1-5-18","SubjectUserName":"WIN-ADFS$","SubjectDomainName":"LUNARSTIIINESS","SubjectLogonId":"0x3e7","ObjectServer":"Security","HandleId":"0x38b8","ProcessName":"C:\\Windows\\Sysmon.exe","EventReceivedTime":1687289375,"SourceModuleName":"windows_security_eventlog","SourceModuleType":"im_msvistalog"}
<14>Jun 20 19:29:35 win-adfs.lunarstiiiness.com Microsoft-Windows-Security-Auditing[4]: {"EventTime":1687289373,"Hostname":"win-adfs.lunarstiiiness.com","Keywords":-9214364837600034816,"EventType":"AUDIT_SUCCESS","SeverityValue":2,"Severity":"INFO","EventID":4658,"SourceName":"Microsoft-Windows-Security-Auditing","ProviderGuid":"{54849625-5478-4994-A5BA-3E3B0328C30D}","Version":0,"Task":12804,"OpcodeValue":0,"RecordNumber":53872293,"ProcessID":4,"ThreadID":10960,"Channel":"Security","Message":"The handle to an object was closed.\r\n\r\nSubject :\r\n\tSecurity ID:\t\tS-1-5-18\r\n\tAccount Name:\t\tWIN-ADFS$\r\n\tAccount Domain:\t\tLUNARSTIIINESS\r\n\tLogon ID:\t\t0x3E7\r\n\r\nObject:\r\n\tObject Server:\t\tSecurity Account Manager\r\n\tHandle ID:\t\t0x25f9bb96450\r\n\r\nProcess Information:\r\n\tProcess ID:\t\t0x264\r\n\tProcess Name:\t\tC:\\Windows\\System32\\lsass.exe","Category":"Other Object Access Events","Opcode":"Info","SubjectUserSid":"S-1-5-18","SubjectUserName":"WIN-ADFS$","SubjectDomainName":"LUNARSTIIINESS","SubjectLogonId":"0x3e7","ObjectServer":"Security Account Manager","HandleId":"0x25f9bb96450","ProcessName":"C:\\Windows\\System32\\lsass.exe","EventReceivedTime":1687289375,"SourceModuleName":"windows_security_eventlog","SourceModuleType":"im_msvistalog"}
<14>Jun 20 19:29:35 win-adfs.lunarstiiiness.com Microsoft-Windows-Security-Auditing[4]: {"EventTime":1687289373,"Hostname":"win-adfs.lunarstiiiness.com","Keywords":-9214364837600034816,"EventType":"AUDIT_SUCCESS","SeverityValue":2,"Severity":"INFO","EventID":4658,"SourceName":"Microsoft-Windows-Security-Auditing","ProviderGuid":"{54849625-5478-4994-A5BA-3E3B0328C30D}","Version":0,"Task":12804,"OpcodeValue":0,"RecordNumber":53872287,"ProcessID":4,"ThreadID":10960,"Channel":"Security","Message":"The handle to an object was closed.\r\n\r\nSubject :\r\n\tSecurity ID:\t\tS-1-5-18\r\n\tAccount Name:\t\tWIN-ADFS$\r\n\tAccount Domain:\t\tLUNARSTIIINESS\r\n\tLogon ID:\t\t0x3E7\r\n\r\nObject:\r\n\tObject Server:\t\tSecurity Account Manager\r\n\tHandle ID:\t\t0x25f9bb99150\r\n\r\nProcess Information:\r\n\tProcess ID:\t\t0x264\r\n\tProcess Name:\t\tC:\\Windows\\System32\\lsass.exe","Category":"Other Object Access Events","Opcode":"Info","SubjectUserSid":"S-1-5-18","SubjectUserName":"WIN-ADFS$","SubjectDomainName":"LUNARSTIIINESS","SubjectLogonId":"0x3e7","ObjectServer":"Security Account Manager","HandleId":"0x25f9bb99150","ProcessName":"C:\\Windows\\System32\\lsass.exe","EventReceivedTime":1687289375,"SourceModuleName":"windows_security_eventlog","SourceModuleType":"im_msvistalog"}
<14>Jun 20 19:29:35 win-adfs.lunarstiiiness.com Service_Control_Manager[604]: {"EventTime":1687289374,"Hostname":"win-adfs.lunarstiiiness.com","Keywords":-9187343239835811840,"EventType":"INFO","SeverityValue":2,"Severity":"INFO","EventID":7036,"SourceName":"Service Control Manager","ProviderGuid":"{555908D1-A6D7-4695-8E1E-26931D2012F4}","Version":0,"Task":0,"OpcodeValue":0,"RecordNumber":509295,"ProcessID":604,"ThreadID":9860,"Channel":"System","Message":"The Background Intelligent Transfer Service service entered the running state.","param1":"Background Intelligent Transfer Service","param2":"running","EventReceivedTime":1687289375,"SourceModuleName":"windows_security_eventlog","SourceModuleType":"im_msvistalog"}
<11>Jun 20 19:29:40 win-adfs.lunarstiiiness.com Microsoft-Windows-Security-Auditing[4]: {"EventTime":1687289379,"Hostname":"win-adfs.lunarstiiiness.com","Keywords":-9218868437227405312,"EventType":"AUDIT_FAILURE","SeverityValue":4,"Severity":"ERROR","EventID":4673,"SourceName":"Microsoft-Windows-Security-Auditing","ProviderGuid":"{54849625-5478-4994-A5BA-3E3B0328C30D}","Version":0,"Task":13057,"OpcodeValue":0,"RecordNumber":53872305,"ProcessID":4,"ThreadID":9836,"Channel":"Security","Message":"A privileged service was called.\r\n\r\nSubject:\r\n\tSecurity ID:\t\tS-1-5-21-3263964631-4121654051-1417071188-1116\r\n\tAccount Name:\t\ttim.smith_admin\r\n\tAccount Domain:\t\tLUNARSTIIINESS\r\n\tLogon ID:\t\t0x3920283\r\n\r\nService:\r\n\tServer:\tSecurity\r\n\tService Name:\t-\r\n\r\nProcess:\r\n\tProcess ID:\t0x134\r\n\tProcess Name:\tC:\\Windows\\System32\\smartscreen.exe\r\n\r\nService Request Information:\r\n\tPrivileges:\t\tSeProfileSingleProcessPrivilege","Category":"Non Sensitive Privilege Use","Opcode":"Info","SubjectUserSid":"S-1-5-21-3263964631-4121654051-1417071188-1116","SubjectUserName":"tim.smith_admin","SubjectDomainName":"LUNARSTIIINESS","SubjectLogonId":"0x3920283","ObjectServer":"Security","Service":"-","PrivilegeList":"SeProfileSingleProcessPrivilege","ProcessName":"C:\\Windows\\System32\\smartscreen.exe","EventReceivedTime":1687289380,"SourceModuleName":"windows_security_eventlog","SourceModuleType":"im_msvistalog"}
<14>Jun 20 19:29:41 win-adfs.lunarstiiiness.com Microsoft-Windows-Security-Auditing[4]: {"EventTime":1687289380,"Hostname":"win-adfs.lunarstiiiness.com","Keywords":-9214364837600034816,"EventType":"AUDIT_SUCCESS","SeverityValue":2,"Severity":"INFO","EventID":4673,"SourceName":"Microsoft-Windows-Security-Auditing","ProviderGuid":"{54849625-5478-4994-A5BA-3E3B0328C30D}","Version":0,"Task":13056,"OpcodeValue":0,"RecordNumber":53872313,"ProcessID":4,"ThreadID":9836,"Channel":"Security","Message":"A privileged service was called.\r\n\r\nSubject:\r\n\tSecurity ID:\t\tS-1-5-18\r\n\tAccount Name:\t\tWIN-ADFS$\r\n\tAccount Domain:\t\tLUNARSTIIINESS\r\n\tLogon ID:\t\t0x3E7\r\n\r\nService:\r\n\tServer:\tNT Local Security Authority / Authentication Service\r\n\tService Name:\tLsaRegisterLogonProcess()\r\n\r\nProcess:\r\n\tProcess ID:\t0x264\r\n\tProcess Name:\tC:\\Windows\\System32\\lsass.exe\r\n\r\nService Request Information:\r\n\tPrivileges:\t\tSeTcbPrivilege","Category":"Sensitive Privilege Use","Opcode":"Info","SubjectUserSid":"S-1-5-18","SubjectUserName":"WIN-ADFS$","SubjectDomainName":"LUNARSTIIINESS","SubjectLogonId":"0x3e7","ObjectServer":"NT Local Security Authority / Authentication Service","Service":"LsaRegisterLogonProcess()","PrivilegeList":"SeTcbPrivilege","ProcessName":"C:\\Windows\\System32\\lsass.exe","EventReceivedTime":1687289381,"SourceModuleName":"windows_security_eventlog","SourceModuleType":"im_msvistalog"}
<14>Jun 20 19:29:40 win-adfs.lunarstiiiness.com Microsoft-Windows-Security-Auditing[4]: {"EventTime":1687289379,"Hostname":"win-adfs.lunarstiiiness.com","Keywords":-9214364837600034816,"EventType":"AUDIT_SUCCESS","SeverityValue":2,"Severity":"INFO","EventID":4688,"SourceName":"Microsoft-Windows-Security-Auditing","ProviderGuid":"{54849625-5478-4994-A5BA-3E3B0328C30D}","Version":2,"Task":13312,"OpcodeValue":0,"RecordNumber":53872304,"ProcessID":4,"ThreadID":9836,"Channel":"Security","Message":"A new process has been created.\r\n\r\nCreator Subject:\r\n\tSecurity ID:\t\tS-1-5-18\r\n\tAccount Name:\t\tWIN-ADFS$\r\n\tAccount Domain:\t\tLUNARSTIIINESS\r\n\tLogon ID:\t\t0x3E7\r\n\r\nTarget Subject:\r\n\tSecurity ID:\t\tS-1-5-21-3263964631-4121654051-1417071188-1116\r\n\tAccount Name:\t\ttim.smith_admin\r\n\tAccount Domain:\t\tLUNARSTIIINESS\r\n\tLogon ID:\t\t0x3920283\r\n\r\nProcess Information:\r\n\tNew Process ID:\t\t0x134\r\n\tNew Process Name:\tC:\\Windows\\System32\\smartscreen.exe\r\n\tToken Elevation Type:\tTokenElevationTypeLimited (3)\r\n\tMandatory Label:\t\tS-1-16-8192\r\n\tCreator Process ID:\t0x314\r\n\tCreator Process Name:\tC:\\Windows\\System32\\svchost.exe\r\n\tProcess Command Line:\tC:\\Windows\\System32\\smartscreen.exe -Embedding\r\n\r\nToken Elevation Type indicates the type of token that was assigned to the new process in accordance with User Account Control policy.\r\n\r\nType 1 is a full token with no privileges removed or groups disabled.  A full token is only used if User Account Control is disabled or if the user is the built-in Administrator account or a service account.\r\n\r\nType 2 is an elevated token with no privileges removed or groups disabled.  An elevated token is used when User Account Control is enabled and the user chooses to start the program using Run as administrator.  An elevated token is also used when an application is configured to always require administrative privilege or to always require maximum privilege, and the user is a member of the Administrators group.\r\n\r\nType 3 is a limited token with administrative privileges removed and administrative groups disabled.  The limited token is used when User Account Control is enabled, the application does not require administrative privilege, and the user does not choose to start the program using Run as administrator.","Category":"Process Creation","Opcode":"Info","SubjectUserSid":"S-1-5-18","SubjectUserName":"WIN-ADFS$","SubjectDomainName":"LUNARSTIIINESS","SubjectLogonId":"0x3e7","NewProcessId":"0x134","NewProcessName":"C:\\Windows\\System32\\smartscreen.exe","TokenElevationType":"%%1938","CommandLine":"C:\\Windows\\System32\\smartscreen.exe -Embedding","TargetUserSid":"S-1-5-21-3263964631-4121654051-1417071188-1116","TargetUserName":"tim.smith_admin","TargetDomainName":"LUNARSTIIINESS","TargetLogonId":"0x3920283","ParentProcessName":"C:\\Windows\\System32\\svchost.exe","MandatoryLabel":"S-1-16-8192","EventReceivedTime":1687289380,"SourceModuleName":"windows_security_eventlog","SourceModuleType":"im_msvistalog"}
<14>Jun 20 19:29:41 win-adfs.lunarstiiiness.com Microsoft-Windows-Security-Auditing[4]: {"EventTime":1687289380,"Hostname":"win-adfs.lunarstiiiness.com","Keywords":-9214364837600034816,"EventType":"AUDIT_SUCCESS","SeverityValue":2,"Severity":"INFO","EventID":4688,"SourceName":"Microsoft-Windows-Security-Auditing","ProviderGuid":"{54849625-5478-4994-A5BA-3E3B0328C30D}","Version":2,"Task":13312,"OpcodeValue":0,"RecordNumber":53872312,"ProcessID":4,"ThreadID":9836,"Channel":"Security","Message":"A new process has been created.\r\n\r\nCreator Subject:\r\n\tSecurity ID:\t\tS-1-5-18\r\n\tAccount Name:\t\tWIN-ADFS$\r\n\tAccount Domain:\t\tLUNARSTIIINESS\r\n\tLogon ID:\t\t0x3E7\r\n\r\nTarget Subject:\r\n\tSecurity ID:\t\tS-1-0-0\r\n\tAccount Name:\t\t-\r\n\tAccount Domain:\t\t-\r\n\tLogon ID:\t\t0x0\r\n\r\nProcess Information:\r\n\tNew Process ID:\t\t0x56c\r\n\tNew Process Name:\tC:\\Windows\\System32\\consent.exe\r\n\tToken Elevation Type:\tTokenElevationTypeDefault (1)\r\n\tMandatory Label:\t\tS-1-16-16384\r\n\tCreator Process ID:\t0x22b8\r\n\tCreator Process Name:\tC:\\Windows\\System32\\svchost.exe\r\n\tProcess Command Line:\tconsent.exe 8888 582 000001F507A25020\r\n\r\nToken Elevation Type indicates the type of token that was assigned to the new process in accordance with User Account Control policy.\r\n\r\nType 1 is a full token with no privileges removed or groups disabled.  A full token is only used if User Account Control is disabled or if the user is the built-in Administrator account or a service account.\r\n\r\nType 2 is an elevated token with no privileges removed or groups disabled.  An elevated token is used when User Account Control is enabled and the user chooses to start the program using Run as administrator.  An elevated token is also used when an application is configured to always require administrative privilege or to always require maximum privilege, and the user is a member of the Administrators group.\r\n\r\nType 3 is a limited token with administrative privileges removed and administrative groups disabled.  The limited token is used when User Account Control is enabled, the application does not require administrative privilege, and the user does not choose to start the program using Run as administrator.","Category":"Process Creation","Opcode":"Info","SubjectUserSid":"S-1-5-18","SubjectUserName":"WIN-ADFS$","SubjectDomainName":"LUNARSTIIINESS","SubjectLogonId":"0x3e7","NewProcessId":"0x56c","NewProcessName":"C:\\Windows\\System32\\consent.exe","TokenElevationType":"%%1936","CommandLine":"consent.exe 8888 582 000001F507A25020","TargetUserSid":"S-1-0-0","TargetUserName":"-","TargetDomainName":"-","TargetLogonId":"0x0","ParentProcessName":"C:\\Windows\\System32\\svchost.exe","MandatoryLabel":"S-1-16-16384","EventReceivedTime":1687289381,"SourceModuleName":"windows_security_eventlog","SourceModuleType":"im_msvistalog"}
<14>Jun 20 19:29:41 win-adfs.lunarstiiiness.com Microsoft-Windows-Security-Auditing[4]: {"EventTime":1687289380,"Hostname":"win-adfs.lunarstiiiness.com","Keywords":-9214364837600034816,"EventType":"AUDIT_SUCCESS","SeverityValue":2,"Severity":"INFO","EventID":4688,"SourceName":"Microsoft-Windows-Security-Auditing","ProviderGuid":"{54849625-5478-4994-A5BA-3E3B0328C30D}","Version":2,"Task":13312,"OpcodeValue":0,"RecordNumber":53872306,"ProcessID":4,"ThreadID":9836,"Channel":"Security","Message":"A new process has been created.\r\n\r\nCreator Subject:\r\n\tSecurity ID:\t\tS-1-5-21-3263964631-4121654051-1417071188-1116\r\n\tAccount Name:\t\ttim.smith_admin\r\n\tAccount Domain:\t\tLUNARSTIIINESS\r\n\tLogon ID:\t\t0x3920283\r\n\r\nTarget Subject:\r\n\tSecurity ID:\t\tS-1-0-0\r\n\tAccount Name:\t\t-\r\n\tAccount Domain:\t\t-\r\n\tLogon ID:\t\t0x0\r\n\r\nProcess Information:\r\n\tNew Process ID:\t\t0xe60\r\n\tNew Process Name:\tC:\\Program Files\\Microsoft Azure Active Directory Connect\\AzureADConnect.exe\r\n\tToken Elevation Type:\tTokenElevationTypeLimited (3)\r\n\tMandatory Label:\t\tS-1-16-8192\r\n\tCreator Process ID:\t0x1d30\r\n\tCreator Process Name:\tC:\\Windows\\explorer.exe\r\n\tProcess Command Line:\t\"C:\\Program Files\\Microsoft Azure Active Directory Connect\\AzureADConnect.exe\" \r\n\r\nToken Elevation Type indicates the type of token that was assigned to the new process in accordance with User Account Control policy.\r\n\r\nType 1 is a full token with no privileges removed or groups disabled.  A full token is only used if User Account Control is disabled or if the user is the built-in Administrator account or a service account.\r\n\r\nType 2 is an elevated token with no privileges removed or groups disabled.  An elevated token is used when User Account Control is enabled and the user chooses to start the program using Run as administrator.  An elevated token is also used when an application is configured to always require administrative privilege or to always require maximum privilege, and the user is a member of the Administrators group.\r\n\r\nType 3 is a limited token with administrative privileges removed and administrative groups disabled.  The limited token is used when User Account Control is enabled, the application does not require administrative privilege, and the user does not choose to start the program using Run as administrator.","Category":"Process Creation","Opcode":"Info","SubjectUserSid":"S-1-5-21-3263964631-4121654051-1417071188-1116","SubjectUserName":"tim.smith_admin","SubjectDomainName":"LUNARSTIIINESS","SubjectLogonId":"0x3920283","NewProcessId":"0xe60","NewProcessName":"C:\\Program Files\\Microsoft Azure Active Directory Connect\\AzureADConnect.exe","TokenElevationType":"%%1938","CommandLine":"\"C:\\Program Files\\Microsoft Azure Active Directory Connect\\AzureADConnect.exe\" ","TargetUserSid":"S-1-0-0","TargetUserName":"-","TargetDomainName":"-","TargetLogonId":"0x0","ParentProcessName":"C:\\Windows\\explorer.exe","MandatoryLabel":"S-1-16-8192","EventReceivedTime":1687289381,"SourceModuleName":"windows_security_eventlog","SourceModuleType":"im_msvistalog"}
<14>Jun 20 19:29:41 win-adfs.lunarstiiiness.com Microsoft-Windows-Security-Auditing[612]: {"EventTime":1687289380,"Hostname":"win-adfs.lunarstiiiness.com","Keywords":-9214364837600034816,"EventType":"AUDIT_SUCCESS","SeverityValue":2,"Severity":"INFO","EventID":4611,"SourceName":"Microsoft-Windows-Security-Auditing","ProviderGuid":"{54849625-5478-4994-A5BA-3E3B0328C30D}","Version":0,"Task":12289,"OpcodeValue":0,"RecordNumber":53872314,"ActivityID":"{8F8F53C1-AEDC-0000-8191-D4AC6E9ED901}","ProcessID":612,"ThreadID":668,"Channel":"Security","Message":"A trusted logon process has been registered with the Local Security Authority.\r\nThis logon process will be trusted to submit logon requests.\r\n\r\nSubject:\r\n\tSecurity ID:\t\tS-1-5-18\r\n\tAccount Name:\t\tWIN-ADFS$\r\n\tAccount Domain:\t\tLUNARSTIIINESS\r\n\tLogon ID:\t\t0x3E7\r\n\r\nLogon Process Name:\t\tConsentUI","Category":"Security System Extension","Opcode":"Info","SubjectUserSid":"S-1-5-18","SubjectUserName":"WIN-ADFS$","SubjectDomainName":"LUNARSTIIINESS","SubjectLogonId":"0x3e7","LogonProcessName":"ConsentUI","EventReceivedTime":1687289381,"SourceModuleName":"windows_security_eventlog","SourceModuleType":"im_msvistalog"}
<14>Jun 20 19:29:41 win-adfs.lunarstiiiness.com Microsoft-Windows-Security-Auditing[4]: {"EventTime":1687289380,"Hostname":"win-adfs.lunarstiiiness.com","Keywords":-9214364837600034816,"EventType":"AUDIT_SUCCESS","SeverityValue":2,"Severity":"INFO","EventID":4689,"SourceName":"Microsoft-Windows-Security-Auditing","ProviderGuid":"{54849625-5478-4994-A5BA-3E3B0328C30D}","Version":0,"Task":13313,"OpcodeValue":0,"RecordNumber":53872311,"ProcessID":4,"ThreadID":9836,"Channel":"Security","Message":"A process has exited.\r\n\r\nSubject:\r\n\tSecurity ID:\t\tS-1-5-21-3263964631-4121654051-1417071188-1116\r\n\tAccount Name:\t\ttim.smith_admin\r\n\tAccount Domain:\t\tLUNARSTIIINESS\r\n\tLogon ID:\t\t0x3920283\r\n\r\nProcess Information:\r\n\tProcess ID:\t0xe60\r\n\tProcess Name:\tC:\\Program Files\\Microsoft Azure Active Directory Connect\\AzureADConnect.exe\r\n\tExit Status:\t0xC000042C","Category":"Process Termination","Opcode":"Info","SubjectUserSid":"S-1-5-21-3263964631-4121654051-1417071188-1116","SubjectUserName":"tim.smith_admin","SubjectDomainName":"LUNARSTIIINESS","SubjectLogonId":"0x3920283","Status":"0xc000042c","ProcessName":"C:\\Program Files\\Microsoft Azure Active Directory Connect\\AzureADConnect.exe","EventReceivedTime":1687289381,"SourceModuleName":"windows_security_eventlog","SourceModuleType":"im_msvistalog"}
<14>Jun 20 19:29:48 win-adfs.lunarstiiiness.com Microsoft-Windows-Security-Auditing[4]: {"EventTime":1687289386,"Hostname":"win-adfs.lunarstiiiness.com","Keywords":-9214364837600034816,"EventType":"AUDIT_SUCCESS","SeverityValue":2,"Severity":"INFO","EventID":4689,"SourceName":"Microsoft-Windows-Security-Auditing","ProviderGuid":"{54849625-5478-4994-A5BA-3E3B0328C30D}","Version":0,"Task":13313,"OpcodeValue":0,"RecordNumber":53872339,"ProcessID":4,"ThreadID":6096,"Channel":"Security","Message":"A process has exited.\r\n\r\nSubject:\r\n\tSecurity ID:\t\tS-1-5-18\r\n\tAccount Name:\t\tWIN-ADFS$\r\n\tAccount Domain:\t\tLUNARSTIIINESS\r\n\tLogon ID:\t\t0x3E7\r\n\r\nProcess Information:\r\n\tProcess ID:\t0x56c\r\n\tProcess Name:\tC:\\Windows\\System32\\consent.exe\r\n\tExit Status:\t0x0","Category":"Process Termination","Opcode":"Info","SubjectUserSid":"S-1-5-18","SubjectUserName":"WIN-ADFS$","SubjectDomainName":"LUNARSTIIINESS","SubjectLogonId":"0x3e7","Status":"0x0","ProcessName":"C:\\Windows\\System32\\consent.exe","EventReceivedTime":1687289388,"SourceModuleName":"windows_security_eventlog","SourceModuleType":"im_msvistalog"}
<14>Jun 20 19:29:48 win-adfs.lunarstiiiness.com Microsoft-Windows-Security-Auditing[612]: {"EventTime":1687289386,"Hostname":"win-adfs.lunarstiiiness.com","Keywords":-9214364837600034816,"EventType":"AUDIT_SUCCESS","SeverityValue":2,"Severity":"INFO","EventID":4611,"SourceName":"Microsoft-Windows-Security-Auditing","ProviderGuid":"{54849625-5478-4994-A5BA-3E3B0328C30D}","Version":0,"Task":12289,"OpcodeValue":0,"RecordNumber":53872333,"ActivityID":"{8F8F53C1-AEDC-0000-8191-D4AC6E9ED901}","ProcessID":612,"ThreadID":8380,"Channel":"Security","Message":"A trusted logon process has been registered with the Local Security Authority.\r\nThis logon process will be trusted to submit logon requests.\r\n\r\nSubject:\r\n\tSecurity ID:\t\tS-1-5-18\r\n\tAccount Name:\t\tWIN-ADFS$\r\n\tAccount Domain:\t\tLUNARSTIIINESS\r\n\tLogon ID:\t\t0x3E7\r\n\r\nLogon Process Name:\t\tConsentUI","Category":"Security System Extension","Opcode":"Info","SubjectUserSid":"S-1-5-18","SubjectUserName":"WIN-ADFS$","SubjectDomainName":"LUNARSTIIINESS","SubjectLogonId":"0x3e7","LogonProcessName":"ConsentUI","EventReceivedTime":1687289388,"SourceModuleName":"windows_security_eventlog","SourceModuleType":"im_msvistalog"}
<14>Jun 20 19:29:48 win-adfs.lunarstiiiness.com Microsoft-Windows-Security-Auditing[4]: {"EventTime":1687289386,"Hostname":"win-adfs.lunarstiiiness.com","Keywords":-9214364837600034816,"EventType":"AUDIT_SUCCESS","SeverityValue":2,"Severity":"INFO","EventID":4688,"SourceName":"Microsoft-Windows-Security-Auditing","ProviderGuid":"{54849625-5478-4994-A5BA-3E3B0328C30D}","Version":2,"Task":13312,"OpcodeValue":0,"RecordNumber":53872346,"ProcessID":4,"ThreadID":6096,"Channel":"Security","Message":"A new process has been created.\r\n\r\nCreator Subject:\r\n\tSecurity ID:\t\tS-1-5-18\r\n\tAccount Name:\t\tWIN-ADFS$\r\n\tAccount Domain:\t\tLUNARSTIIINESS\r\n\tLogon ID:\t\t0x3E7\r\n\r\nTarget Subject:\r\n\tSecurity ID:\t\tS-1-5-21-3263964631-4121654051-1417071188-1116\r\n\tAccount Name:\t\ttim.smith_admin\r\n\tAccount Domain:\t\tLUNARSTIIINESS\r\n\tLogon ID:\t\t0x3920258\r\n\r\nProcess Information:\r\n\tNew Process ID:\t\t0x2148\r\n\tNew Process Name:\tC:\\Program Files\\Microsoft Azure Active Directory Connect\\AzureADConnect.exe\r\n\tToken Elevation Type:\tTokenElevationTypeFull (2)\r\n\tMandatory Label:\t\tS-1-16-12288\r\n\tCreator Process ID:\t0x1d30\r\n\tCreator Process Name:\tC:\\Windows\\explorer.exe\r\n\tProcess Command Line:\t\"C:\\Program Files\\Microsoft Azure Active Directory Connect\\AzureADConnect.exe\" \r\n\r\nToken Elevation Type indicates the type of token that was assigned to the new process in accordance with User Account Control policy.\r\n\r\nType 1 is a full token with no privileges removed or groups disabled.  A full token is only used if User Account Control is disabled or if the user is the built-in Administrator account or a service account.\r\n\r\nType 2 is an elevated token with no privileges removed or groups disabled.  An elevated token is used when User Account Control is enabled and the user chooses to start the program using Run as administrator.  An elevated token is also used when an application is configured to always require administrative privilege or to always require maximum privilege, and the user is a member of the Administrators group.\r\n\r\nType 3 is a limited token with administrative privileges removed and administrative groups disabled.  The limited token is used when User Account Control is enabled, the application does not require administrative privilege, and the user does not choose to start the program using Run as administrator.","Category":"Process Creation","Opcode":"Info","SubjectUserSid":"S-1-5-18","SubjectUserName":"WIN-ADFS$","SubjectDomainName":"LUNARSTIIINESS","SubjectLogonId":"0x3e7","NewProcessId":"0x2148","NewProcessName":"C:\\Program Files\\Microsoft Azure Active Directory Connect\\AzureADConnect.exe","TokenElevationType":"%%1937","CommandLine":"\"C:\\Program Files\\Microsoft Azure Active Directory Connect\\AzureADConnect.exe\" ","TargetUserSid":"S-1-5-21-3263964631-4121654051-1417071188-1116","TargetUserName":"tim.smith_admin","TargetDomainName":"LUNARSTIIINESS","TargetLogonId":"0x3920258","ParentProcessName":"C:\\Windows\\explorer.exe","MandatoryLabel":"S-1-16-12288","EventReceivedTime":1687289388,"SourceModuleName":"windows_security_eventlog","SourceModuleType":"im_msvistalog"}
<14>Jun 20 19:29:48 win-adfs.lunarstiiiness.com Microsoft-Windows-Security-Auditing[4]: {"EventTime":1687289386,"Hostname":"win-adfs.lunarstiiiness.com","Keywords":-9214364837600034816,"EventType":"AUDIT_SUCCESS","SeverityValue":2,"Severity":"INFO","EventID":4673,"SourceName":"Microsoft-Windows-Security-Auditing","ProviderGuid":"{54849625-5478-4994-A5BA-3E3B0328C30D}","Version":0,"Task":13056,"OpcodeValue":0,"RecordNumber":53872338,"ProcessID":4,"ThreadID":6096,"Channel":"Security","Message":"A privileged service was called.\r\n\r\nSubject:\r\n\tSecurity ID:\t\tS-1-5-18\r\n\tAccount Name:\t\tWIN-ADFS$\r\n\tAccount Domain:\t\tLUNARSTIIINESS\r\n\tLogon ID:\t\t0x3E7\r\n\r\nService:\r\n\tServer:\tNT Local Security Authority / Authentication Service\r\n\tService Name:\tLsaRegisterLogonProcess()\r\n\r\nProcess:\r\n\tProcess ID:\t0x264\r\n\tProcess Name:\tC:\\Windows\\System32\\lsass.exe\r\n\r\nService Request Information:\r\n\tPrivileges:\t\tSeTcbPrivilege","Category":"Sensitive Privilege Use","Opcode":"Info","SubjectUserSid":"S-1-5-18","SubjectUserName":"WIN-ADFS$","SubjectDomainName":"LUNARSTIIINESS","SubjectLogonId":"0x3e7","ObjectServer":"NT Local Security Authority / Authentication Service","Service":"LsaRegisterLogonProcess()","PrivilegeList":"SeTcbPrivilege","ProcessName":"C:\\Windows\\System32\\lsass.exe","EventReceivedTime":1687289388,"SourceModuleName":"windows_security_eventlog","SourceModuleType":"im_msvistalog"}
<14>Jun 20 19:29:48 win-adfs.lunarstiiiness.com Microsoft-Windows-Security-Auditing[4]: {"EventTime":1687289387,"Hostname":"win-adfs.lunarstiiiness.com","Keywords":-9214364837600034816,"EventType":"AUDIT_SUCCESS","SeverityValue":2,"Severity":"INFO","EventID":4673,"SourceName":"Microsoft-Windows-Security-Auditing","ProviderGuid":"{54849625-5478-4994-A5BA-3E3B0328C30D}","Version":0,"Task":13056,"OpcodeValue":0,"RecordNumber":53872353,"ProcessID":4,"ThreadID":6096,"Channel":"Security","Message":"A privileged service was called.\r\n\r\nSubject:\r\n\tSecurity ID:\t\tS-1-5-21-3263964631-4121654051-1417071188-1116\r\n\tAccount Name:\t\ttim.smith_admin\r\n\tAccount Domain:\t\tLUNARSTIIINESS\r\n\tLogon ID:\t\t0x3920258\r\n\r\nService:\r\n\tServer:\tSecurity\r\n\tService Name:\t-\r\n\r\nProcess:\r\n\tProcess ID:\t0x2148\r\n\tProcess Name:\tC:\\Program Files\\Microsoft Azure Active Directory Connect\\AzureADConnect.exe\r\n\r\nService Request Information:\r\n\tPrivileges:\t\tSeCreateGlobalPrivilege","Category":"Sensitive Privilege Use","Opcode":"Info","SubjectUserSid":"S-1-5-21-3263964631-4121654051-1417071188-1116","SubjectUserName":"tim.smith_admin","SubjectDomainName":"LUNARSTIIINESS","SubjectLogonId":"0x3920258","ObjectServer":"Security","Service":"-","PrivilegeList":"SeCreateGlobalPrivilege","ProcessName":"C:\\Program Files\\Microsoft Azure Active Directory Connect\\AzureADConnect.exe","EventReceivedTime":1687289388,"SourceModuleName":"windows_security_eventlog","SourceModuleType":"im_msvistalog"}
<14>Jun 20 19:29:48 win-adfs.lunarstiiiness.com Microsoft-Windows-Security-Auditing[4]: {"EventTime":1687289386,"Hostname":"win-adfs.lunarstiiiness.com","Keywords":-9214364837600034816,"EventType":"AUDIT_SUCCESS","SeverityValue":2,"Severity":"INFO","EventID":4658,"SourceName":"Microsoft-Windows-Security-Auditing","ProviderGuid":"{54849625-5478-4994-A5BA-3E3B0328C30D}","Version":0,"Task":12800,"OpcodeValue":0,"RecordNumber":53872348,"ProcessID":4,"ThreadID":6096,"Channel":"Security","Message":"The handle to an object was closed.\r\n\r\nSubject :\r\n\tSecurity ID:\t\tS-1-5-21-3263964631-4121654051-1417071188-1116\r\n\tAccount Name:\t\ttim.smith_admin\r\n\tAccount Domain:\t\tLUNARSTIIINESS\r\n\tLogon ID:\t\t0x3920283\r\n\r\nObject:\r\n\tObject Server:\t\tSecurity\r\n\tHandle ID:\t\t0x31c4\r\n\r\nProcess Information:\r\n\tProcess ID:\t\t0x1d30\r\n\tProcess Name:\t\tC:\\Windows\\explorer.exe","Category":"File System","Opcode":"Info","SubjectUserSid":"S-1-5-21-3263964631-4121654051-1417071188-1116","SubjectUserName":"tim.smith_admin","SubjectDomainName":"LUNARSTIIINESS","SubjectLogonId":"0x3920283","ObjectServer":"Security","HandleId":"0x31c4","ProcessName":"C:\\Windows\\explorer.exe","EventReceivedTime":1687289388,"SourceModuleName":"windows_security_eventlog","SourceModuleType":"im_msvistalog"}
<14>Jun 20 19:29:48 win-adfs.lunarstiiiness.com Microsoft-Windows-Security-Auditing[4]: {"EventTime":1687289386,"Hostname":"win-adfs.lunarstiiiness.com","Keywords":-9214364837600034816,"EventType":"AUDIT_SUCCESS","SeverityValue":2,"Severity":"INFO","EventID":4690,"SourceName":"Microsoft-Windows-Security-Auditing","ProviderGuid":"{54849625-5478-4994-A5BA-3E3B0328C30D}","Version":0,"Task":12807,"OpcodeValue":0,"RecordNumber":53872347,"ProcessID":4,"ThreadID":6096,"Channel":"Security","Message":"An attempt was made to duplicate a handle to an object.\r\n\r\nSubject:\r\n\tSecurity ID:\t\tS-1-5-21-3263964631-4121654051-1417071188-1116\r\n\tAccount Name:\t\ttim.smith_admin\r\n\tAccount Domain:\t\tLUNARSTIIINESS\r\n\tLogon ID:\t\t0x3920283\r\n\r\nSource Handle Information:\r\n\tSource Handle ID:\t0x1e48\r\n\tSource Process ID:\t0x1d30\r\n\r\nNew Handle Information:\r\n\tTarget Handle ID:\t0x31c4\r\n\tTarget Process ID:\t0x4","Category":"Handle Manipulation","Opcode":"Info","SubjectUserSid":"S-1-5-21-3263964631-4121654051-1417071188-1116","SubjectUserName":"tim.smith_admin","SubjectDomainName":"LUNARSTIIINESS","SubjectLogonId":"0x3920283","SourceHandleId":"0x1e48","SourceProcessId":"0x1d30","TargetHandleId":"0x31c4","TargetProcessId":"0x4","EventReceivedTime":1687289388,"SourceModuleName":"windows_security_eventlog","SourceModuleType":"im_msvistalog"}
<14>Jun 20 19:29:48 win-adfs.lunarstiiiness.com Microsoft-Windows-Security-Auditing[4]: {"EventTime":1687289386,"Hostname":"win-adfs.lunarstiiiness.com","Keywords":-9214364837600034816,"EventType":"AUDIT_SUCCESS","SeverityValue":2,"Severity":"INFO","EventID":4658,"SourceName":"Microsoft-Windows-Security-Auditing","ProviderGuid":"{54849625-5478-4994-A5BA-3E3B0328C30D}","Version":0,"Task":12800,"OpcodeValue":0,"RecordNumber":53872350,"ProcessID":4,"ThreadID":6096,"Channel":"Security","Message":"The handle to an object was closed.\r\n\r\nSubject :\r\n\tSecurity ID:\t\tS-1-5-21-3263964631-4121654051-1417071188-1116\r\n\tAccount Name:\t\ttim.smith_admin\r\n\tAccount Domain:\t\tLUNARSTIIINESS\r\n\tLogon ID:\t\t0x3920283\r\n\r\nObject:\r\n\tObject Server:\t\tSecurity\r\n\tHandle ID:\t\t0x1e48\r\n\r\nProcess Information:\r\n\tProcess ID:\t\t0x1d30\r\n\tProcess Name:\t\tC:\\Windows\\explorer.exe","Category":"File System","Opcode":"Info","SubjectUserSid":"S-1-5-21-3263964631-4121654051-1417071188-1116","SubjectUserName":"tim.smith_admin","SubjectDomainName":"LUNARSTIIINESS","SubjectLogonId":"0x3920283","ObjectServer":"Security","HandleId":"0x1e48","ProcessName":"C:\\Windows\\explorer.exe","EventReceivedTime":1687289388,"SourceModuleName":"windows_security_eventlog","SourceModuleType":"im_msvistalog"}
<14>Jun 20 19:29:48 win-adfs.lunarstiiiness.com Microsoft-Windows-Security-Auditing[4]: {"EventTime":1687289386,"Hostname":"win-adfs.lunarstiiiness.com","Keywords":-9214364837600034816,"EventType":"AUDIT_SUCCESS","SeverityValue":2,"Severity":"INFO","EventID":4656,"SourceName":"Microsoft-Windows-Security-Auditing","ProviderGuid":"{54849625-5478-4994-A5BA-3E3B0328C30D}","Version":1,"Task":12800,"OpcodeValue":0,"RecordNumber":53872349,"ProcessID":4,"ThreadID":6096,"Channel":"Security","Message":"A handle to an object was requested.\r\n\r\nSubject:\r\n\tSecurity ID:\t\tS-1-5-21-3263964631-4121654051-1417071188-1116\r\n\tAccount Name:\t\ttim.smith_admin\r\n\tAccount Domain:\t\tLUNARSTIIINESS\r\n\tLogon ID:\t\t0x3920283\r\n\r\nObject:\r\n\tObject Server:\t\tSecurity\r\n\tObject Type:\t\tFile\r\n\tObject Name:\t\tC:\\Windows\\WinSxS\\FileMaps\\_0000000000000000.cdf-ms\r\n\tHandle ID:\t\t0x1e48\r\n\tResource Attributes:\t-\r\n\r\nProcess Information:\r\n\tProcess ID:\t\t0x1d30\r\n\tProcess Name:\t\tC:\\Windows\\explorer.exe\r\n\r\nAccess Request Information:\r\n\tTransaction ID:\t\t{00000000-0000-0000-0000-000000000000}\r\n\tAccesses:\t\tREAD_CONTROL\r\n\t\t\t\tSYNCHRONIZE\r\n\t\t\t\tReadData (or ListDirectory)\r\n\t\t\t\tReadEA\r\n\t\t\t\tReadAttributes\r\n\t\t\t\t\r\n\tAccess Reasons:\t\tREAD_CONTROL:\tGranted by\tD:(A;;0x1200a9;;;BU)\r\n\t\t\t\tSYNCHRONIZE:\tGranted by\tD:(A;;0x1200a9;;;BU)\r\n\t\t\t\tReadData (or ListDirectory):\tGranted by\tD:(A;;0x1200a9;;;BU)\r\n\t\t\t\tReadEA:\tGranted by\tD:(A;;0x1200a9;;;BU)\r\n\t\t\t\tReadAttributes:\tGranted by\tD:(A;;0x1200a9;;;BU)\r\n\t\t\t\t\r\n\tAccess Mask:\t\t0x120089\r\n\tPrivileges Used for Access Check:\t-\r\n\tRestricted SID Count:\t0","Category":"File System","Opcode":"Info","SubjectUserSid":"S-1-5-21-3263964631-4121654051-1417071188-1116","SubjectUserName":"tim.smith_admin","SubjectDomainName":"LUNARSTIIINESS","SubjectLogonId":"0x3920283","ObjectServer":"Security","ObjectType":"File","ObjectName":"C:\\Windows\\WinSxS\\FileMaps\\_0000000000000000.cdf-ms","HandleId":"0x1e48","TransactionId":"{00000000-0000-0000-0000-000000000000}","AccessList":"%%1538\r\n\t\t\t\t%%1541\r\n\t\t\t\t%%4416\r\n\t\t\t\t%%4419\r\n\t\t\t\t%%4423\r\n\t\t\t\t","AccessReason":"%%1538:\t%%1801\tD:(A;;0x1200a9;;;BU)\r\n\t\t\t\t%%1541:\t%%1801\tD:(A;;0x1200a9;;;BU)\r\n\t\t\t\t%%4416:\t%%1801\tD:(A;;0x1200a9;;;BU)\r\n\t\t\t\t%%4419:\t%%1801\tD:(A;;0x1200a9;;;BU)\r\n\t\t\t\t%%4423:\t%%1801\tD:(A;;0x1200a9;;;BU)\r\n\t\t\t\t","AccessMask":"0x120089","PrivilegeList":"-","RestrictedSidCount":"0","ProcessName":"C:\\Windows\\explorer.exe","ResourceAttributes":"-","EventReceivedTime":1687289388,"SourceModuleName":"windows_security_eventlog","SourceModuleType":"im_msvistalog"}
<14>Jun 20 19:29:52 win-adfs.lunarstiiiness.com Microsoft-Windows-Security-Auditing[4]: {"EventTime":1687289391,"Hostname":"win-adfs.lunarstiiiness.com","Keywords":-9214364837600034816,"EventType":"AUDIT_SUCCESS","SeverityValue":2,"Severity":"INFO","EventID":4689,"SourceName":"Microsoft-Windows-Security-Auditing","ProviderGuid":"{54849625-5478-4994-A5BA-3E3B0328C30D}","Version":0,"Task":13313,"OpcodeValue":0,"RecordNumber":53872356,"ProcessID":4,"ThreadID":6096,"Channel":"Security","Message":"A process has exited.\r\n\r\nSubject:\r\n\tSecurity ID:\t\tS-1-5-20\r\n\tAccount Name:\t\tWIN-ADFS$\r\n\tAccount Domain:\t\tLUNARSTIIINESS\r\n\tLogon ID:\t\t0x3E4\r\n\r\nProcess Information:\r\n\tProcess ID:\t0x149c\r\n\tProcess Name:\tC:\\Windows\\System32\\wbem\\WmiPrvSE.exe\r\n\tExit Status:\t0x0","Category":"Process Termination","Opcode":"Info","SubjectUserSid":"S-1-5-20","SubjectUserName":"WIN-ADFS$","SubjectDomainName":"LUNARSTIIINESS","SubjectLogonId":"0x3e4","Status":"0x0","ProcessName":"C:\\Windows\\System32\\wbem\\WmiPrvSE.exe","EventReceivedTime":1687289392,"SourceModuleName":"windows_security_eventlog","SourceModuleType":"im_msvistalog"}
<11>Jun 20 19:29:55 win-adfs.lunarstiiiness.com Microsoft-Windows-Security-Auditing[4]: {"EventTime":1687289393,"Hostname":"win-adfs.lunarstiiiness.com","Keywords":-9218868437227405312,"EventType":"AUDIT_FAILURE","SeverityValue":4,"Severity":"ERROR","EventID":4673,"SourceName":"Microsoft-Windows-Security-Auditing","ProviderGuid":"{54849625-5478-4994-A5BA-3E3B0328C30D}","Version":0,"Task":13057,"OpcodeValue":0,"RecordNumber":53872366,"ProcessID":4,"ThreadID":10488,"Channel":"Security","Message":"A privileged service was called.\r\n\r\nSubject:\r\n\tSecurity ID:\t\tS-1-5-20\r\n\tAccount Name:\t\tWIN-ADFS$\r\n\tAccount Domain:\t\tLUNARSTIIINESS\r\n\tLogon ID:\t\t0x3E4\r\n\r\nService:\r\n\tServer:\tSecurity\r\n\tService Name:\t-\r\n\r\nProcess:\r\n\tProcess ID:\t0x20e8\r\n\tProcess Name:\tC:\\Windows\\System32\\wbem\\WmiPrvSE.exe\r\n\r\nService Request Information:\r\n\tPrivileges:\t\tSeProfileSingleProcessPrivilege","Category":"Non Sensitive Privilege Use","Opcode":"Info","SubjectUserSid":"S-1-5-20","SubjectUserName":"WIN-ADFS$","SubjectDomainName":"LUNARSTIIINESS","SubjectLogonId":"0x3e4","ObjectServer":"Security","Service":"-","PrivilegeList":"SeProfileSingleProcessPrivilege","ProcessName":"C:\\Windows\\System32\\wbem\\WmiPrvSE.exe","EventReceivedTime":1687289395,"SourceModuleName":"windows_security_eventlog","SourceModuleType":"im_msvistalog"}
<14>Jun 20 19:29:55 win-adfs.lunarstiiiness.com Microsoft-Windows-Security-Auditing[4]: {"EventTime":1687289393,"Hostname":"win-adfs.lunarstiiiness.com","Keywords":-9214364837600034816,"EventType":"AUDIT_SUCCESS","SeverityValue":2,"Severity":"INFO","EventID":4670,"SourceName":"Microsoft-Windows-Security-Auditing","ProviderGuid":"{54849625-5478-4994-A5BA-3E3B0328C30D}","Version":0,"Task":13570,"OpcodeValue":0,"RecordNumber":53872362,"ProcessID":4,"ThreadID":10488,"Channel":"Security","Message":"Permissions on an object were changed.\r\n\r\nSubject:\r\n\tSecurity ID:\t\tS-1-5-18\r\n\tAccount Name:\t\tWIN-ADFS$\r\n\tAccount Domain:\t\tLUNARSTIIINESS\r\n\tLogon ID:\t\t0x3E7\r\n\r\nObject:\r\n\tObject Server:\tSecurity\r\n\tObject Type:\tToken\r\n\tObject Name:\t-\r\n\tHandle ID:\t0x7a0\r\n\r\nProcess:\r\n\tProcess ID:\t0xab4\r\n\tProcess Name:\tC:\\Windows\\System32\\svchost.exe\r\n\r\nPermissions Change:\r\n\tOriginal Security Descriptor:\tD:(A;;GA;;;SY)(A;;GA;;;NS)\r\n\tNew Security Descriptor:\tD:(A;;GA;;;SY)(A;;RC;;;OW)(A;;GA;;;S-1-5-86-615999462-62705297-2911207457-59056572-3668589837)","Category":"Authorization Policy Change","Opcode":"Info","SubjectUserSid":"S-1-5-18","SubjectUserName":"WIN-ADFS$","SubjectDomainName":"LUNARSTIIINESS","SubjectLogonId":"0x3e7","ObjectServer":"Security","ObjectType":"Token","ObjectName":"-","HandleId":"0x7a0","OldSd":"D:(A;;GA;;;SY)(A;;GA;;;NS)","NewSd":"D:(A;;GA;;;SY)(A;;RC;;;OW)(A;;GA;;;S-1-5-86-615999462-62705297-2911207457-59056572-3668589837)","ProcessName":"C:\\Windows\\System32\\svchost.exe","EventReceivedTime":1687289395,"SourceModuleName":"windows_security_eventlog","SourceModuleType":"im_msvistalog"}
<14>Jun 20 19:29:55 win-adfs.lunarstiiiness.com Microsoft-Windows-Security-Auditing[4]: {"EventTime":1687289393,"Hostname":"win-adfs.lunarstiiiness.com","Keywords":-9214364837600034816,"EventType":"AUDIT_SUCCESS","SeverityValue":2,"Severity":"INFO","EventID":4688,"SourceName":"Microsoft-Windows-Security-Auditing","ProviderGuid":"{54849625-5478-4994-A5BA-3E3B0328C30D}","Version":2,"Task":13312,"OpcodeValue":0,"RecordNumber":53872365,"ProcessID":4,"ThreadID":10488,"Channel":"Security","Message":"A new process has been created.\r\n\r\nCreator Subject:\r\n\tSecurity ID:\t\tS-1-5-18\r\n\tAccount Name:\t\tWIN-ADFS$\r\n\tAccount Domain:\t\tLUNARSTIIINESS\r\n\tLogon ID:\t\t0x3E7\r\n\r\nTarget Subject:\r\n\tSecurity ID:\t\tS-1-0-0\r\n\tAccount Name:\t\tWIN-ADFS$\r\n\tAccount Domain:\t\tLUNARSTIIINESS\r\n\tLogon ID:\t\t0x3E4\r\n\r\nProcess Information:\r\n\tNew Process ID:\t\t0x20e8\r\n\tNew Process Name:\tC:\\Windows\\System32\\wbem\\WmiPrvSE.exe\r\n\tToken Elevation Type:\tTokenElevationTypeDefault (1)\r\n\tMandatory Label:\t\tS-1-16-16384\r\n\tCreator Process ID:\t0x314\r\n\tCreator Process Name:\tC:\\Windows\\System32\\svchost.exe\r\n\tProcess Command Line:\tC:\\Windows\\system32\\wbem\\wmiprvse.exe -secured -Embedding\r\n\r\nToken Elevation Type indicates the type of token that was assigned to the new process in accordance with User Account Control policy.\r\n\r\nType 1 is a full token with no privileges removed or groups disabled.  A full token is only used if User Account Control is disabled or if the user is the built-in Administrator account or a service account.\r\n\r\nType 2 is an elevated token with no privileges removed or groups disabled.  An elevated token is used when User Account Control is enabled and the user chooses to start the program using Run as administrator.  An elevated token is also used when an application is configured to always require administrative privilege or to always require maximum privilege, and the user is a member of the Administrators group.\r\n\r\nType 3 is a limited token with administrative privileges removed and administrative groups disabled.  The limited token is used when User Account Control is enabled, the application does not require administrative privilege, and the user does not choose to start the program using Run as administrator.","Category":"Process Creation","Opcode":"Info","SubjectUserSid":"S-1-5-18","SubjectUserName":"WIN-ADFS$","SubjectDomainName":"LUNARSTIIINESS","SubjectLogonId":"0x3e7","NewProcessId":"0x20e8","NewProcessName":"C:\\Windows\\System32\\wbem\\WmiPrvSE.exe","TokenElevationType":"%%1936","CommandLine":"C:\\Windows\\system32\\wbem\\wmiprvse.exe -secured -Embedding","TargetUserSid":"S-1-0-0","TargetUserName":"WIN-ADFS$","TargetDomainName":"LUNARSTIIINESS","TargetLogonId":"0x3e4","ParentProcessName":"C:\\Windows\\System32\\svchost.exe","MandatoryLabel":"S-1-16-16384","EventReceivedTime":1687289395,"SourceModuleName":"windows_security_eventlog","SourceModuleType":"im_msvistalog"}
<14>Jun 20 19:29:56 win-adfs.lunarstiiiness.com Service_Control_Manager[604]: {"EventTime":1687289394,"Hostname":"win-adfs.lunarstiiiness.com","Keywords":-9187343239835811840,"EventType":"INFO","SeverityValue":2,"Severity":"INFO","EventID":7036,"SourceName":"Service Control Manager","ProviderGuid":"{555908D1-A6D7-4695-8E1E-26931D2012F4}","Version":0,"Task":0,"OpcodeValue":0,"RecordNumber":509296,"ProcessID":604,"ThreadID":9872,"Channel":"System","Message":"The Network Setup Service service entered the stopped state.","param1":"Network Setup Service","param2":"stopped","EventReceivedTime":1687289396,"SourceModuleName":"windows_security_eventlog","SourceModuleType":"im_msvistalog"}
<14>Jun 20 19:29:56 win-adfs.lunarstiiiness.com Microsoft-Windows-Security-Auditing[4]: {"EventTime":1687289394,"Hostname":"win-adfs.lunarstiiiness.com","Keywords":-9214364837600034816,"EventType":"AUDIT_SUCCESS","SeverityValue":2,"Severity":"INFO","EventID":4689,"SourceName":"Microsoft-Windows-Security-Auditing","ProviderGuid":"{54849625-5478-4994-A5BA-3E3B0328C30D}","Version":0,"Task":13313,"OpcodeValue":0,"RecordNumber":53872370,"ProcessID":4,"ThreadID":10488,"Channel":"Security","Message":"A process has exited.\r\n\r\nSubject:\r\n\tSecurity ID:\t\tS-1-5-18\r\n\tAccount Name:\t\tWIN-ADFS$\r\n\tAccount Domain:\t\tLUNARSTIIINESS\r\n\tLogon ID:\t\t0x3E7\r\n\r\nProcess Information:\r\n\tProcess ID:\t0x1f2c\r\n\tProcess Name:\tC:\\Windows\\System32\\svchost.exe\r\n\tExit Status:\t0x0","Category":"Process Termination","Opcode":"Info","SubjectUserSid":"S-1-5-18","SubjectUserName":"WIN-ADFS$","SubjectDomainName":"LUNARSTIIINESS","SubjectLogonId":"0x3e7","Status":"0x0","ProcessName":"C:\\Windows\\System32\\svchost.exe","EventReceivedTime":1687289396,"SourceModuleName":"windows_security_eventlog","SourceModuleType":"im_msvistalog"}
