<14>Jun 20 19:12:01 win-server.lunarstiiiness.com Microsoft-Windows-Security-Auditing[4]: {"EventTime":1687288321,"Hostname":"win-server.lunarstiiiness.com","Keywords":-9214364837600034816,"EventType":"AUDIT_SUCCESS","SeverityValue":2,"Severity":"INFO","EventID":4688,"SourceName":"Microsoft-Windows-Security-Auditing","ProviderGuid":"{54849625-5478-4994-A5BA-3E3B0328C30D}","Version":2,"Task":13312,"OpcodeValue":0,"RecordNumber":21793322,"ProcessID":4,"ThreadID":4572,"Channel":"Security","Message":"A new process has been created.\r\n\r\nCreator Subject:\r\n\tSecurity ID:\t\tS-1-5-18\r\n\tAccount Name:\t\tWIN-SERVER$\r\n\tAccount Domain:\t\tLUNARSTIIINESS\r\n\tLogon ID:\t\t0x3E7\r\n\r\nTarget Subject:\r\n\tSecurity ID:\t\tS-1-0-0\r\n\tAccount Name:\t\t-\r\n\tAccount Domain:\t\t-\r\n\tLogon ID:\t\t0x0\r\n\r\nProcess Information:\r\n\tNew Process ID:\t\t0x9b8\r\n\tNew Process Name:\tC:\\Windows\\SysWOW64\\msiexec.exe\r\n\tToken Elevation Type:\t%%1936\r\n\tMandatory Label:\t\tS-1-16-16384\r\n\tCreator Process ID:\t0xaf0\r\n\tCreator Process Name:\tC:\\Windows\\System32\\msiexec.exe\r\n\tProcess Command Line:\tC:\\Windows\\syswow64\\MsiExec.exe -Embedding 7279541D04B1603395DE97A348D313E7 E Global\\MSI0000\r\n\r\nToken Elevation Type indicates the type of token that was assigned to the new process in accordance with User Account Control policy.\r\n\r\nType 1 is a full token with no privileges removed or groups disabled.  A full token is only used if User Account Control is disabled or if the user is the built-in Administrator account or a service account.\r\n\r\nType 2 is an elevated token with no privileges removed or groups disabled.  An elevated token is used when User Account Control is enabled and the user chooses to start the program using Run as administrator.  An elevated token is also used when an application is configured to always require administrative privilege or to always require maximum privilege, and the user is a member of the Administrators group.\r\n\r\nType 3 is a limited token with administrative privileges removed and administrative groups disabled.  The limited token is used when User Account Control is enabled, the application does not require administrative privilege, and the user does not choose to start the program using Run as administrator.","Category":"Process Creation","Opcode":"Info","SubjectUserSid":"S-1-5-18","SubjectUserName":"WIN-SERVER$","SubjectDomainName":"LUNARSTIIINESS","SubjectLogonId":"0x3e7","NewProcessId":"0x9b8","NewProcessName":"C:\\Windows\\SysWOW64\\msiexec.exe","TokenElevationType":"%%1936","CommandLine":"C:\\Windows\\syswow64\\MsiExec.exe -Embedding 7279541D04B1603395DE97A348D313E7 E Global\\MSI0000","TargetUserSid":"S-1-0-0","TargetUserName":"-","TargetDomainName":"-","TargetLogonId":"0x0","ParentProcessName":"C:\\Windows\\System32\\msiexec.exe","MandatoryLabel":"S-1-16-16384","EventReceivedTime":1687288321,"SourceModuleName":"in_default_channels","SourceModuleType":"im_msvistalog"}
<14>Jun 20 19:12:01 win-server.lunarstiiiness.com Microsoft-Windows-Security-Auditing[4]: {"EventTime":1687288320,"Hostname":"win-server.lunarstiiiness.com","Keywords":-9214364837600034816,"EventType":"AUDIT_SUCCESS","SeverityValue":2,"Severity":"INFO","EventID":4673,"SourceName":"Microsoft-Windows-Security-Auditing","ProviderGuid":"{54849625-5478-4994-A5BA-3E3B0328C30D}","Version":0,"Task":13056,"OpcodeValue":0,"RecordNumber":21793299,"ProcessID":4,"ThreadID":4572,"Channel":"Security","Message":"A privileged service was called.\r\n\r\nSubject:\r\n\tSecurity ID:\t\tS-1-5-18\r\n\tAccount Name:\t\tWIN-SERVER$\r\n\tAccount Domain:\t\tLUNARSTIIINESS\r\n\tLogon ID:\t\t0x3E7\r\n\r\nService:\r\n\tServer:\tNT Local Security Authority / Authentication Service\r\n\tService Name:\tLsaRegisterLogonProcess()\r\n\r\nProcess:\r\n\tProcess ID:\t0x24c\r\n\tProcess Name:\tC:\\Windows\\System32\\lsass.exe\r\n\r\nService Request Information:\r\n\tPrivileges:\t\tSeTcbPrivilege","Category":"Sensitive Privilege Use","Opcode":"Info","SubjectUserSid":"S-1-5-18","SubjectUserName":"WIN-SERVER$","SubjectDomainName":"LUNARSTIIINESS","SubjectLogonId":"0x3e7","ObjectServer":"NT Local Security Authority / Authentication Service","Service":"LsaRegisterLogonProcess()","PrivilegeList":"SeTcbPrivilege","ProcessName":"C:\\Windows\\System32\\lsass.exe","EventReceivedTime":1687288321,"SourceModuleName":"in_default_channels","SourceModuleType":"im_msvistalog"}
<14>Jun 20 19:12:01 win-server.lunarstiiiness.com Microsoft-Windows-Security-Auditing[588]: {"EventTime":1687288320,"Hostname":"win-server.lunarstiiiness.com","Keywords":-9214364837600034816,"EventType":"AUDIT_SUCCESS","SeverityValue":2,"Severity":"INFO","EventID":4611,"SourceName":"Microsoft-Windows-Security-Auditing","ProviderGuid":"{54849625-5478-4994-A5BA-3E3B0328C30D}","Version":0,"Task":12289,"OpcodeValue":0,"RecordNumber":21793298,"ActivityID":"{0239E03F-3717-0000-1523-8F47419FD901}","ProcessID":588,"ThreadID":3388,"Channel":"Security","Message":"A trusted logon process has been registered with the Local Security Authority.\r\nThis logon process will be trusted to submit logon requests.\r\n\r\nSubject:\r\n\tSecurity ID:\t\tS-1-5-18\r\n\tAccount Name:\t\tWIN-SERVER$\r\n\tAccount Domain:\t\tLUNARSTIIINESS\r\n\tLogon ID:\t\t0x3E7\r\n\r\nLogon Process Name:\t\tConsentUI","Category":"Security System Extension","Opcode":"Info","SubjectUserSid":"S-1-5-18","SubjectUserName":"WIN-SERVER$","SubjectDomainName":"LUNARSTIIINESS","SubjectLogonId":"0x3e7","LogonProcessName":"ConsentUI","EventReceivedTime":1687288321,"SourceModuleName":"in_default_channels","SourceModuleType":"im_msvistalog"}
<14>Jun 20 19:12:04 win-server.lunarstiiiness.com Microsoft-Windows-Security-Auditing[4]: {"EventTime":1687288322,"Hostname":"win-server.lunarstiiiness.com","Keywords":-9214364837600034816,"EventType":"AUDIT_SUCCESS","SeverityValue":2,"Severity":"INFO","EventID":4688,"SourceName":"Microsoft-Windows-Security-Auditing","ProviderGuid":"{54849625-5478-4994-A5BA-3E3B0328C30D}","Version":2,"Task":13312,"OpcodeValue":0,"RecordNumber":21793331,"ProcessID":4,"ThreadID":3404,"Channel":"Security","Message":"A new process has been created.\r\n\r\nCreator Subject:\r\n\tSecurity ID:\t\tS-1-5-18\r\n\tAccount Name:\t\tWIN-SERVER$\r\n\tAccount Domain:\t\tLUNARSTIIINESS\r\n\tLogon ID:\t\t0x3E7\r\n\r\nTarget Subject:\r\n\tSecurity ID:\t\tS-1-5-21-3263964631-4121654051-1417071188-1116\r\n\tAccount Name:\t\ttim.smith_admin\r\n\tAccount Domain:\t\tLUNARSTIIINESS\r\n\tLogon ID:\t\t0x5E1D463\r\n\r\nProcess Information:\r\n\tNew Process ID:\t\t0x15f0\r\n\tNew Process Name:\tC:\\Windows\\System32\\dllhost.exe\r\n\tToken Elevation Type:\t%%1938\r\n\tMandatory Label:\t\tS-1-16-8192\r\n\tCreator Process ID:\t0x2a0\r\n\tCreator Process Name:\tC:\\Windows\\System32\\svchost.exe\r\n\tProcess Command Line:\tC:\\Windows\\system32\\DllHost.exe /Processid:{AB8902B4-09CA-4BB6-B78D-A8F59079A8D5}\r\n\r\nToken Elevation Type indicates the type of token that was assigned to the new process in accordance with User Account Control policy.\r\n\r\nType 1 is a full token with no privileges removed or groups disabled.  A full token is only used if User Account Control is disabled or if the user is the built-in Administrator account or a service account.\r\n\r\nType 2 is an elevated token with no privileges removed or groups disabled.  An elevated token is used when User Account Control is enabled and the user chooses to start the program using Run as administrator.  An elevated token is also used when an application is configured to always require administrative privilege or to always require maximum privilege, and the user is a member of the Administrators group.\r\n\r\nType 3 is a limited token with administrative privileges removed and administrative groups disabled.  The limited token is used when User Account Control is enabled, the application does not require administrative privilege, and the user does not choose to start the program using Run as administrator.","Category":"Process Creation","Opcode":"Info","SubjectUserSid":"S-1-5-18","SubjectUserName":"WIN-SERVER$","SubjectDomainName":"LUNARSTIIINESS","SubjectLogonId":"0x3e7","NewProcessId":"0x15f0","NewProcessName":"C:\\Windows\\System32\\dllhost.exe","TokenElevationType":"%%1938","CommandLine":"C:\\Windows\\system32\\DllHost.exe /Processid:{AB8902B4-09CA-4BB6-B78D-A8F59079A8D5}","TargetUserSid":"S-1-5-21-3263964631-4121654051-1417071188-1116","TargetUserName":"tim.smith_admin","TargetDomainName":"LUNARSTIIINESS","TargetLogonId":"0x5e1d463","ParentProcessName":"C:\\Windows\\System32\\svchost.exe","MandatoryLabel":"S-1-16-8192","EventReceivedTime":1687288324,"SourceModuleName":"in_default_channels","SourceModuleType":"im_msvistalog"}
<14>Jun 20 19:12:04 win-server.lunarstiiiness.com Microsoft-Windows-Security-Auditing[4]: {"EventTime":1687288323,"Hostname":"win-server.lunarstiiiness.com","Keywords":-9214364837600034816,"EventType":"AUDIT_SUCCESS","SeverityValue":2,"Severity":"INFO","EventID":4688,"SourceName":"Microsoft-Windows-Security-Auditing","ProviderGuid":"{54849625-5478-4994-A5BA-3E3B0328C30D}","Version":2,"Task":13312,"OpcodeValue":0,"RecordNumber":21793337,"ProcessID":4,"ThreadID":32,"Channel":"Security","Message":"A new process has been created.\r\n\r\nCreator Subject:\r\n\tSecurity ID:\t\tS-1-5-18\r\n\tAccount Name:\t\tWIN-SERVER$\r\n\tAccount Domain:\t\tLUNARSTIIINESS\r\n\tLogon ID:\t\t0x3E7\r\n\r\nTarget Subject:\r\n\tSecurity ID:\t\tS-1-0-0\r\n\tAccount Name:\t\t-\r\n\tAccount Domain:\t\t-\r\n\tLogon ID:\t\t0x0\r\n\r\nProcess Information:\r\n\tNew Process ID:\t\t0xfac\r\n\tNew Process Name:\tC:\\Windows\\System32\\regsvr32.exe\r\n\tToken Elevation Type:\t%%1936\r\n\tMandatory Label:\t\tS-1-16-16384\r\n\tCreator Process ID:\t0x6b4\r\n\tCreator Process Name:\tC:\\Windows\\SysWOW64\\regsvr32.exe\r\n\tProcess Command Line:\t /s \"C:\\Program Files (x86)\\LogMeIn Rescue AVI Codec\\racode64.ax\"\r\n\r\nToken Elevation Type indicates the type of token that was assigned to the new process in accordance with User Account Control policy.\r\n\r\nType 1 is a full token with no privileges removed or groups disabled.  A full token is only used if User Account Control is disabled or if the user is the built-in Administrator account or a service account.\r\n\r\nType 2 is an elevated token with no privileges removed or groups disabled.  An elevated token is used when User Account Control is enabled and the user chooses to start the program using Run as administrator.  An elevated token is also used when an application is configured to always require administrative privilege or to always require maximum privilege, and the user is a member of the Administrators group.\r\n\r\nType 3 is a limited token with administrative privileges removed and administrative groups disabled.  The limited token is used when User Account Control is enabled, the application does not require administrative privilege, and the user does not choose to start the program using Run as administrator.","Category":"Process Creation","Opcode":"Info","SubjectUserSid":"S-1-5-18","SubjectUserName":"WIN-SERVER$","SubjectDomainName":"LUNARSTIIINESS","SubjectLogonId":"0x3e7","NewProcessId":"0xfac","NewProcessName":"C:\\Windows\\System32\\regsvr32.exe","TokenElevationType":"%%1936","CommandLine":" /s \"C:\\Program Files (x86)\\LogMeIn Rescue AVI Codec\\racode64.ax\"","TargetUserSid":"S-1-0-0","TargetUserName":"-","TargetDomainName":"-","TargetLogonId":"0x0","ParentProcessName":"C:\\Windows\\SysWOW64\\regsvr32.exe","MandatoryLabel":"S-1-16-16384","EventReceivedTime":1687288324,"SourceModuleName":"in_default_channels","SourceModuleType":"im_msvistalog"}
<14>Jun 20 19:12:04 win-server.lunarstiiiness.com Microsoft-Windows-Security-Auditing[4]: {"EventTime":1687288323,"Hostname":"win-server.lunarstiiiness.com","Keywords":-9214364837600034816,"EventType":"AUDIT_SUCCESS","SeverityValue":2,"Severity":"INFO","EventID":4688,"SourceName":"Microsoft-Windows-Security-Auditing","ProviderGuid":"{54849625-5478-4994-A5BA-3E3B0328C30D}","Version":2,"Task":13312,"OpcodeValue":0,"RecordNumber":21793340,"ProcessID":4,"ThreadID":32,"Channel":"Security","Message":"A new process has been created.\r\n\r\nCreator Subject:\r\n\tSecurity ID:\t\tS-1-5-18\r\n\tAccount Name:\t\tWIN-SERVER$\r\n\tAccount Domain:\t\tLUNARSTIIINESS\r\n\tLogon ID:\t\t0x3E7\r\n\r\nTarget Subject:\r\n\tSecurity ID:\t\tS-1-0-0\r\n\tAccount Name:\t\t-\r\n\tAccount Domain:\t\t-\r\n\tLogon ID:\t\t0x0\r\n\r\nProcess Information:\r\n\tNew Process ID:\t\t0x3b4\r\n\tNew Process Name:\tC:\\Windows\\SysWOW64\\regsvr32.exe\r\n\tToken Elevation Type:\t%%1936\r\n\tMandatory Label:\t\tS-1-16-16384\r\n\tCreator Process ID:\t0xaf0\r\n\tCreator Process Name:\tC:\\Windows\\System32\\msiexec.exe\r\n\tProcess Command Line:\t\"C:\\Windows\\SysWOW64\\regsvr32.exe\" /s \"C:\\Program Files (x86)\\LogMeIn Rescue AVI Codec\\racodec.ax\"\r\n\r\nToken Elevation Type indicates the type of token that was assigned to the new process in accordance with User Account Control policy.\r\n\r\nType 1 is a full token with no privileges removed or groups disabled.  A full token is only used if User Account Control is disabled or if the user is the built-in Administrator account or a service account.\r\n\r\nType 2 is an elevated token with no privileges removed or groups disabled.  An elevated token is used when User Account Control is enabled and the user chooses to start the program using Run as administrator.  An elevated token is also used when an application is configured to always require administrative privilege or to always require maximum privilege, and the user is a member of the Administrators group.\r\n\r\nType 3 is a limited token with administrative privileges removed and administrative groups disabled.  The limited token is used when User Account Control is enabled, the application does not require administrative privilege, and the user does not choose to start the program using Run as administrator.","Category":"Process Creation","Opcode":"Info","SubjectUserSid":"S-1-5-18","SubjectUserName":"WIN-SERVER$","SubjectDomainName":"LUNARSTIIINESS","SubjectLogonId":"0x3e7","NewProcessId":"0x3b4","NewProcessName":"C:\\Windows\\SysWOW64\\regsvr32.exe","TokenElevationType":"%%1936","CommandLine":"\"C:\\Windows\\SysWOW64\\regsvr32.exe\" /s \"C:\\Program Files (x86)\\LogMeIn Rescue AVI Codec\\racodec.ax\"","TargetUserSid":"S-1-0-0","TargetUserName":"-","TargetDomainName":"-","TargetLogonId":"0x0","ParentProcessName":"C:\\Windows\\System32\\msiexec.exe","MandatoryLabel":"S-1-16-16384","EventReceivedTime":1687288324,"SourceModuleName":"in_default_channels","SourceModuleType":"im_msvistalog"}
<14>Jun 20 19:12:04 win-server.lunarstiiiness.com Microsoft-Windows-Security-Auditing[4]: {"EventTime":1687288323,"Hostname":"win-server.lunarstiiiness.com","Keywords":-9214364837600034816,"EventType":"AUDIT_SUCCESS","SeverityValue":2,"Severity":"INFO","EventID":4688,"SourceName":"Microsoft-Windows-Security-Auditing","ProviderGuid":"{54849625-5478-4994-A5BA-3E3B0328C30D}","Version":2,"Task":13312,"OpcodeValue":0,"RecordNumber":21793336,"ProcessID":4,"ThreadID":32,"Channel":"Security","Message":"A new process has been created.\r\n\r\nCreator Subject:\r\n\tSecurity ID:\t\tS-1-5-18\r\n\tAccount Name:\t\tWIN-SERVER$\r\n\tAccount Domain:\t\tLUNARSTIIINESS\r\n\tLogon ID:\t\t0x3E7\r\n\r\nTarget Subject:\r\n\tSecurity ID:\t\tS-1-0-0\r\n\tAccount Name:\t\t-\r\n\tAccount Domain:\t\t-\r\n\tLogon ID:\t\t0x0\r\n\r\nProcess Information:\r\n\tNew Process ID:\t\t0x6b4\r\n\tNew Process Name:\tC:\\Windows\\SysWOW64\\regsvr32.exe\r\n\tToken Elevation Type:\t%%1936\r\n\tMandatory Label:\t\tS-1-16-16384\r\n\tCreator Process ID:\t0xaf0\r\n\tCreator Process Name:\tC:\\Windows\\System32\\msiexec.exe\r\n\tProcess Command Line:\t\"C:\\Windows\\SysWOW64\\regsvr32.exe\" /s \"C:\\Program Files (x86)\\LogMeIn Rescue AVI Codec\\racode64.ax\"\r\n\r\nToken Elevation Type indicates the type of token that was assigned to the new process in accordance with User Account Control policy.\r\n\r\nType 1 is a full token with no privileges removed or groups disabled.  A full token is only used if User Account Control is disabled or if the user is the built-in Administrator account or a service account.\r\n\r\nType 2 is an elevated token with no privileges removed or groups disabled.  An elevated token is used when User Account Control is enabled and the user chooses to start the program using Run as administrator.  An elevated token is also used when an application is configured to always require administrative privilege or to always require maximum privilege, and the user is a member of the Administrators group.\r\n\r\nType 3 is a limited token with administrative privileges removed and administrative groups disabled.  The limited token is used when User Account Control is enabled, the application does not require administrative privilege, and the user does not choose to start the program using Run as administrator.","Category":"Process Creation","Opcode":"Info","SubjectUserSid":"S-1-5-18","SubjectUserName":"WIN-SERVER$","SubjectDomainName":"LUNARSTIIINESS","SubjectLogonId":"0x3e7","NewProcessId":"0x6b4","NewProcessName":"C:\\Windows\\SysWOW64\\regsvr32.exe","TokenElevationType":"%%1936","CommandLine":"\"C:\\Windows\\SysWOW64\\regsvr32.exe\" /s \"C:\\Program Files (x86)\\LogMeIn Rescue AVI Codec\\racode64.ax\"","TargetUserSid":"S-1-0-0","TargetUserName":"-","TargetDomainName":"-","TargetLogonId":"0x0","ParentProcessName":"C:\\Windows\\System32\\msiexec.exe","MandatoryLabel":"S-1-16-16384","EventReceivedTime":1687288324,"SourceModuleName":"in_default_channels","SourceModuleType":"im_msvistalog"}
<14>Jun 20 19:12:03 win-server.lunarstiiiness.com MsiInstaller[0]: {"EventTime":1687288323,"Hostname":"win-server.lunarstiiiness.com","Keywords":36028797018963968,"EventType":"INFO","SeverityValue":2,"Severity":"INFO","EventID":1042,"SourceName":"MsiInstaller","Task":0,"RecordNumber":176370,"ProcessID":0,"ThreadID":0,"Channel":"Application","Domain":"NT AUTHORITY","AccountName":"SYSTEM","UserID":"S-1-5-18","AccountType":"User","Message":"Ending a Windows Installer transaction: C:\\Users\\tim.smith_admin\\Downloads\\LogMeInRescueTechnicianConsoleApp.msi. Client Process Id: 6072.","Opcode":"Info","EventReceivedTime":1687288323,"SourceModuleName":"in_default_channels","SourceModuleType":"im_msvistalog"}
<14>Jun 20 19:12:04 win-server.lunarstiiiness.com Microsoft-Windows-Security-Auditing[4]: {"EventTime":1687288323,"Hostname":"win-server.lunarstiiiness.com","Keywords":-9214364837600034816,"EventType":"AUDIT_SUCCESS","SeverityValue":2,"Severity":"INFO","EventID":4689,"SourceName":"Microsoft-Windows-Security-Auditing","ProviderGuid":"{54849625-5478-4994-A5BA-3E3B0328C30D}","Version":0,"Task":13313,"OpcodeValue":0,"RecordNumber":21793379,"ProcessID":4,"ThreadID":32,"Channel":"Security","Message":"A process has exited.\r\n\r\nSubject:\r\n\tSecurity ID:\t\tS-1-5-21-3263964631-4121654051-1417071188-1116\r\n\tAccount Name:\t\ttim.smith_admin\r\n\tAccount Domain:\t\tLUNARSTIIINESS\r\n\tLogon ID:\t\t0x5E1D463\r\n\r\nProcess Information:\r\n\tProcess ID:\t0x131c\r\n\tProcess Name:\tC:\\Windows\\SysWOW64\\msiexec.exe\r\n\tExit Status:\t0x0","Category":"Process Termination","Opcode":"Info","SubjectUserSid":"S-1-5-21-3263964631-4121654051-1417071188-1116","SubjectUserName":"tim.smith_admin","SubjectDomainName":"LUNARSTIIINESS","SubjectLogonId":"0x5e1d463","Status":"0x0","ProcessName":"C:\\Windows\\SysWOW64\\msiexec.exe","EventReceivedTime":1687288324,"SourceModuleName":"in_default_channels","SourceModuleType":"im_msvistalog"}
<14>Jun 20 19:12:04 win-server.lunarstiiiness.com Microsoft-Windows-Security-Auditing[4]: {"EventTime":1687288323,"Hostname":"win-server.lunarstiiiness.com","Keywords":-9214364837600034816,"EventType":"AUDIT_SUCCESS","SeverityValue":2,"Severity":"INFO","EventID":4689,"SourceName":"Microsoft-Windows-Security-Auditing","ProviderGuid":"{54849625-5478-4994-A5BA-3E3B0328C30D}","Version":0,"Task":13313,"OpcodeValue":0,"RecordNumber":21793339,"ProcessID":4,"ThreadID":32,"Channel":"Security","Message":"A process has exited.\r\n\r\nSubject:\r\n\tSecurity ID:\t\tS-1-5-18\r\n\tAccount Name:\t\tWIN-SERVER$\r\n\tAccount Domain:\t\tLUNARSTIIINESS\r\n\tLogon ID:\t\t0x3E7\r\n\r\nProcess Information:\r\n\tProcess ID:\t0x6b4\r\n\tProcess Name:\tC:\\Windows\\SysWOW64\\regsvr32.exe\r\n\tExit Status:\t0x0","Category":"Process Termination","Opcode":"Info","SubjectUserSid":"S-1-5-18","SubjectUserName":"WIN-SERVER$","SubjectDomainName":"LUNARSTIIINESS","SubjectLogonId":"0x3e7","Status":"0x0","ProcessName":"C:\\Windows\\SysWOW64\\regsvr32.exe","EventReceivedTime":1687288324,"SourceModuleName":"in_default_channels","SourceModuleType":"im_msvistalog"}
<14>Jun 20 19:12:04 win-server.lunarstiiiness.com Microsoft-Windows-Security-Auditing[4]: {"EventTime":1687288323,"Hostname":"win-server.lunarstiiiness.com","Keywords":-9214364837600034816,"EventType":"AUDIT_SUCCESS","SeverityValue":2,"Severity":"INFO","EventID":4689,"SourceName":"Microsoft-Windows-Security-Auditing","ProviderGuid":"{54849625-5478-4994-A5BA-3E3B0328C30D}","Version":0,"Task":13313,"OpcodeValue":0,"RecordNumber":21793341,"ProcessID":4,"ThreadID":32,"Channel":"Security","Message":"A process has exited.\r\n\r\nSubject:\r\n\tSecurity ID:\t\tS-1-5-18\r\n\tAccount Name:\t\tWIN-SERVER$\r\n\tAccount Domain:\t\tLUNARSTIIINESS\r\n\tLogon ID:\t\t0x3E7\r\n\r\nProcess Information:\r\n\tProcess ID:\t0x3b4\r\n\tProcess Name:\tC:\\Windows\\SysWOW64\\regsvr32.exe\r\n\tExit Status:\t0x0","Category":"Process Termination","Opcode":"Info","SubjectUserSid":"S-1-5-18","SubjectUserName":"WIN-SERVER$","SubjectDomainName":"LUNARSTIIINESS","SubjectLogonId":"0x3e7","Status":"0x0","ProcessName":"C:\\Windows\\SysWOW64\\regsvr32.exe","EventReceivedTime":1687288324,"SourceModuleName":"in_default_channels","SourceModuleType":"im_msvistalog"}
<14>Jun 20 19:12:04 win-server.lunarstiiiness.com Microsoft-Windows-Security-Auditing[4]: {"EventTime":1687288323,"Hostname":"win-server.lunarstiiiness.com","Keywords":-9214364837600034816,"EventType":"AUDIT_SUCCESS","SeverityValue":2,"Severity":"INFO","EventID":4689,"SourceName":"Microsoft-Windows-Security-Auditing","ProviderGuid":"{54849625-5478-4994-A5BA-3E3B0328C30D}","Version":0,"Task":13313,"OpcodeValue":0,"RecordNumber":21793378,"ProcessID":4,"ThreadID":32,"Channel":"Security","Message":"A process has exited.\r\n\r\nSubject:\r\n\tSecurity ID:\t\tS-1-5-18\r\n\tAccount Name:\t\tWIN-SERVER$\r\n\tAccount Domain:\t\tLUNARSTIIINESS\r\n\tLogon ID:\t\t0x3E7\r\n\r\nProcess Information:\r\n\tProcess ID:\t0x9b8\r\n\tProcess Name:\tC:\\Windows\\SysWOW64\\msiexec.exe\r\n\tExit Status:\t0x0","Category":"Process Termination","Opcode":"Info","SubjectUserSid":"S-1-5-18","SubjectUserName":"WIN-SERVER$","SubjectDomainName":"LUNARSTIIINESS","SubjectLogonId":"0x3e7","Status":"0x0","ProcessName":"C:\\Windows\\SysWOW64\\msiexec.exe","EventReceivedTime":1687288324,"SourceModuleName":"in_default_channels","SourceModuleType":"im_msvistalog"}
<14>Jun 20 19:12:04 win-server.lunarstiiiness.com Microsoft-Windows-Security-Auditing[4]: {"EventTime":1687288323,"Hostname":"win-server.lunarstiiiness.com","Keywords":-9214364837600034816,"EventType":"AUDIT_SUCCESS","SeverityValue":2,"Severity":"INFO","EventID":4689,"SourceName":"Microsoft-Windows-Security-Auditing","ProviderGuid":"{54849625-5478-4994-A5BA-3E3B0328C30D}","Version":0,"Task":13313,"OpcodeValue":0,"RecordNumber":21793338,"ProcessID":4,"ThreadID":32,"Channel":"Security","Message":"A process has exited.\r\n\r\nSubject:\r\n\tSecurity ID:\t\tS-1-5-18\r\n\tAccount Name:\t\tWIN-SERVER$\r\n\tAccount Domain:\t\tLUNARSTIIINESS\r\n\tLogon ID:\t\t0x3E7\r\n\r\nProcess Information:\r\n\tProcess ID:\t0xfac\r\n\tProcess Name:\tC:\\Windows\\System32\\regsvr32.exe\r\n\tExit Status:\t0x0","Category":"Process Termination","Opcode":"Info","SubjectUserSid":"S-1-5-18","SubjectUserName":"WIN-SERVER$","SubjectDomainName":"LUNARSTIIINESS","SubjectLogonId":"0x3e7","Status":"0x0","ProcessName":"C:\\Windows\\System32\\regsvr32.exe","EventReceivedTime":1687288324,"SourceModuleName":"in_default_channels","SourceModuleType":"im_msvistalog"}
<14>Jun 20 19:12:06 win-server.lunarstiiiness.com Microsoft-Windows-Security-Auditing[4]: {"EventTime":1687288325,"Hostname":"win-server.lunarstiiiness.com","Keywords":-9214364837600034816,"EventType":"AUDIT_SUCCESS","SeverityValue":2,"Severity":"INFO","EventID":4688,"SourceName":"Microsoft-Windows-Security-Auditing","ProviderGuid":"{54849625-5478-4994-A5BA-3E3B0328C30D}","Version":2,"Task":13312,"OpcodeValue":0,"RecordNumber":21793391,"ProcessID":4,"ThreadID":408,"Channel":"Security","Message":"A new process has been created.\r\n\r\nCreator Subject:\r\n\tSecurity ID:\t\tS-1-5-18\r\n\tAccount Name:\t\tWIN-SERVER$\r\n\tAccount Domain:\t\tLUNARSTIIINESS\r\n\tLogon ID:\t\t0x3E7\r\n\r\nTarget Subject:\r\n\tSecurity ID:\t\tS-1-5-21-3263964631-4121654051-1417071188-1116\r\n\tAccount Name:\t\ttim.smith_admin\r\n\tAccount Domain:\t\tLUNARSTIIINESS\r\n\tLogon ID:\t\t0x5E1D463\r\n\r\nProcess Information:\r\n\tNew Process ID:\t\t0x90c\r\n\tNew Process Name:\tC:\\Windows\\System32\\backgroundTaskHost.exe\r\n\tToken Elevation Type:\t%%1938\r\n\tMandatory Label:\t\tS-1-16-4096\r\n\tCreator Process ID:\t0x2a0\r\n\tCreator Process Name:\tC:\\Windows\\System32\\svchost.exe\r\n\tProcess Command Line:\t\"C:\\Windows\\system32\\backgroundTaskHost.exe\" -ServerName:CortanaUI.AppXy7vb4pc2dr3kc93kfc509b1d0arkfb2x.mca\r\n\r\nToken Elevation Type indicates the type of token that was assigned to the new process in accordance with User Account Control policy.\r\n\r\nType 1 is a full token with no privileges removed or groups disabled.  A full token is only used if User Account Control is disabled or if the user is the built-in Administrator account or a service account.\r\n\r\nType 2 is an elevated token with no privileges removed or groups disabled.  An elevated token is used when User Account Control is enabled and the user chooses to start the program using Run as administrator.  An elevated token is also used when an application is configured to always require administrative privilege or to always require maximum privilege, and the user is a member of the Administrators group.\r\n\r\nType 3 is a limited token with administrative privileges removed and administrative groups disabled.  The limited token is used when User Account Control is enabled, the application does not require administrative privilege, and the user does not choose to start the program using Run as administrator.","Category":"Process Creation","Opcode":"Info","SubjectUserSid":"S-1-5-18","SubjectUserName":"WIN-SERVER$","SubjectDomainName":"LUNARSTIIINESS","SubjectLogonId":"0x3e7","NewProcessId":"0x90c","NewProcessName":"C:\\Windows\\System32\\backgroundTaskHost.exe","TokenElevationType":"%%1938","CommandLine":"\"C:\\Windows\\system32\\backgroundTaskHost.exe\" -ServerName:CortanaUI.AppXy7vb4pc2dr3kc93kfc509b1d0arkfb2x.mca","TargetUserSid":"S-1-5-21-3263964631-4121654051-1417071188-1116","TargetUserName":"tim.smith_admin","TargetDomainName":"LUNARSTIIINESS","TargetLogonId":"0x5e1d463","ParentProcessName":"C:\\Windows\\System32\\svchost.exe","MandatoryLabel":"S-1-16-4096","EventReceivedTime":1687288326,"SourceModuleName":"in_default_channels","SourceModuleType":"im_msvistalog"}
<14>Jun 20 19:12:08 win-server.lunarstiiiness.com Microsoft-Windows-Security-Auditing[4]: {"EventTime":1687288326,"Hostname":"win-server.lunarstiiiness.com","Keywords":-9214364837600034816,"EventType":"AUDIT_SUCCESS","SeverityValue":2,"Severity":"INFO","EventID":4688,"SourceName":"Microsoft-Windows-Security-Auditing","ProviderGuid":"{54849625-5478-4994-A5BA-3E3B0328C30D}","Version":2,"Task":13312,"OpcodeValue":0,"RecordNumber":21793393,"ProcessID":4,"ThreadID":408,"Channel":"Security","Message":"A new process has been created.\r\n\r\nCreator Subject:\r\n\tSecurity ID:\t\tS-1-5-21-3263964631-4121654051-1417071188-1116\r\n\tAccount Name:\t\ttim.smith_admin\r\n\tAccount Domain:\t\tLUNARSTIIINESS\r\n\tLogon ID:\t\t0x5E1D463\r\n\r\nTarget Subject:\r\n\tSecurity ID:\t\tS-1-0-0\r\n\tAccount Name:\t\t-\r\n\tAccount Domain:\t\t-\r\n\tLogon ID:\t\t0x0\r\n\r\nProcess Information:\r\n\tNew Process ID:\t\t0x11bc\r\n\tNew Process Name:\tC:\\Program Files (x86)\\LogMeIn Rescue Technician Console\\LogMeInRescueTechnicianConsole_x64\\LMIRTechConsole.exe\r\n\tToken Elevation Type:\t%%1938\r\n\tMandatory Label:\t\tS-1-16-8192\r\n\tCreator Process ID:\t0x17b8\r\n\tCreator Process Name:\tC:\\Windows\\System32\\msiexec.exe\r\n\tProcess Command Line:\t\"C:\\Program Files (x86)\\LogMeIn Rescue Technician Console\\LogMeInRescueTechnicianConsole_x64\\LMIRTechConsole.exe\"\r\n\r\nToken Elevation Type indicates the type of token that was assigned to the new process in accordance with User Account Control policy.\r\n\r\nType 1 is a full token with no privileges removed or groups disabled.  A full token is only used if User Account Control is disabled or if the user is the built-in Administrator account or a service account.\r\n\r\nType 2 is an elevated token with no privileges removed or groups disabled.  An elevated token is used when User Account Control is enabled and the user chooses to start the program using Run as administrator.  An elevated token is also used when an application is configured to always require administrative privilege or to always require maximum privilege, and the user is a member of the Administrators group.\r\n\r\nType 3 is a limited token with administrative privileges removed and administrative groups disabled.  The limited token is used when User Account Control is enabled, the application does not require administrative privilege, and the user does not choose to start the program using Run as administrator.","Category":"Process Creation","Opcode":"Info","SubjectUserSid":"S-1-5-21-3263964631-4121654051-1417071188-1116","SubjectUserName":"tim.smith_admin","SubjectDomainName":"LUNARSTIIINESS","SubjectLogonId":"0x5e1d463","NewProcessId":"0x11bc","NewProcessName":"C:\\Program Files (x86)\\LogMeIn Rescue Technician Console\\LogMeInRescueTechnicianConsole_x64\\LMIRTechConsole.exe","TokenElevationType":"%%1938","CommandLine":"\"C:\\Program Files (x86)\\LogMeIn Rescue Technician Console\\LogMeInRescueTechnicianConsole_x64\\LMIRTechConsole.exe\"","TargetUserSid":"S-1-0-0","TargetUserName":"-","TargetDomainName":"-","TargetLogonId":"0x0","ParentProcessName":"C:\\Windows\\System32\\msiexec.exe","MandatoryLabel":"S-1-16-8192","EventReceivedTime":1687288328,"SourceModuleName":"in_default_channels","SourceModuleType":"im_msvistalog"}
<14>Jun 20 19:12:08 win-server.lunarstiiiness.com Microsoft-Windows-Security-Auditing[4]: {"EventTime":1687288326,"Hostname":"win-server.lunarstiiiness.com","Keywords":-9214364837600034816,"EventType":"AUDIT_SUCCESS","SeverityValue":2,"Severity":"INFO","EventID":4670,"SourceName":"Microsoft-Windows-Security-Auditing","ProviderGuid":"{54849625-5478-4994-A5BA-3E3B0328C30D}","Version":0,"Task":13570,"OpcodeValue":0,"RecordNumber":21793392,"ProcessID":4,"ThreadID":4304,"Channel":"Security","Message":"Permissions on an object were changed.\r\n\r\nSubject:\r\n\tSecurity ID:\t\tS-1-5-21-3263964631-4121654051-1417071188-1116\r\n\tAccount Name:\t\ttim.smith_admin\r\n\tAccount Domain:\t\tLUNARSTIIINESS\r\n\tLogon ID:\t\t0x5E1D463\r\n\r\nObject:\r\n\tObject Server:\tSecurity\r\n\tObject Type:\tToken\r\n\tObject Name:\t-\r\n\tHandle ID:\t0x4e4\r\n\r\nProcess:\r\n\tProcess ID:\t0x17b8\r\n\tProcess Name:\tC:\\Windows\\System32\\msiexec.exe\r\n\r\nPermissions Change:\r\n\tOriginal Security Descriptor:\tD:(A;;GA;;;S-1-5-21-3263964631-4121654051-1417071188-1116)(A;;GA;;;SY)(A;;GXGR;;;S-1-5-5-0-98683145)\r\n\tNew Security Descriptor:\tD:(A;;GA;;;S-1-5-21-3263964631-4121654051-1417071188-1116)(A;;GA;;;SY)(A;;GXGR;;;S-1-5-5-0-98683145)(A;OICI;GA;;;S-1-5-21-3263964631-4121654051-1417071188-1116)","Category":"Authorization Policy Change","Opcode":"Info","SubjectUserSid":"S-1-5-21-3263964631-4121654051-1417071188-1116","SubjectUserName":"tim.smith_admin","SubjectDomainName":"LUNARSTIIINESS","SubjectLogonId":"0x5e1d463","ObjectServer":"Security","ObjectType":"Token","ObjectName":"-","HandleId":"0x4e4","OldSd":"D:(A;;GA;;;S-1-5-21-3263964631-4121654051-1417071188-1116)(A;;GA;;;SY)(A;;GXGR;;;S-1-5-5-0-98683145)","NewSd":"D:(A;;GA;;;S-1-5-21-3263964631-4121654051-1417071188-1116)(A;;GA;;;SY)(A;;GXGR;;;S-1-5-5-0-98683145)(A;OICI;GA;;;S-1-5-21-3263964631-4121654051-1417071188-1116)","ProcessName":"C:\\Windows\\System32\\msiexec.exe","EventReceivedTime":1687288328,"SourceModuleName":"in_default_channels","SourceModuleType":"im_msvistalog"}
<14>Jun 20 19:12:08 win-server.lunarstiiiness.com Microsoft-Windows-Security-Auditing[4]: {"EventTime":1687288327,"Hostname":"win-server.lunarstiiiness.com","Keywords":-9214364837600034816,"EventType":"AUDIT_SUCCESS","SeverityValue":2,"Severity":"INFO","EventID":4689,"SourceName":"Microsoft-Windows-Security-Auditing","ProviderGuid":"{54849625-5478-4994-A5BA-3E3B0328C30D}","Version":0,"Task":13313,"OpcodeValue":0,"RecordNumber":21793396,"ProcessID":4,"ThreadID":408,"Channel":"Security","Message":"A process has exited.\r\n\r\nSubject:\r\n\tSecurity ID:\t\tS-1-5-21-3263964631-4121654051-1417071188-1116\r\n\tAccount Name:\t\ttim.smith_admin\r\n\tAccount Domain:\t\tLUNARSTIIINESS\r\n\tLogon ID:\t\t0x5E1D463\r\n\r\nProcess Information:\r\n\tProcess ID:\t0x17b8\r\n\tProcess Name:\tC:\\Windows\\System32\\msiexec.exe\r\n\tExit Status:\t0x0","Category":"Process Termination","Opcode":"Info","SubjectUserSid":"S-1-5-21-3263964631-4121654051-1417071188-1116","SubjectUserName":"tim.smith_admin","SubjectDomainName":"LUNARSTIIINESS","SubjectLogonId":"0x5e1d463","Status":"0x0","ProcessName":"C:\\Windows\\System32\\msiexec.exe","EventReceivedTime":1687288328,"SourceModuleName":"in_default_channels","SourceModuleType":"im_msvistalog"}
<14>Jun 20 19:12:08 win-server.lunarstiiiness.com Microsoft-Windows-Security-Auditing[4]: {"EventTime":1687288327,"Hostname":"win-server.lunarstiiiness.com","Keywords":-9214364837600034816,"EventType":"AUDIT_SUCCESS","SeverityValue":2,"Severity":"INFO","EventID":4689,"SourceName":"Microsoft-Windows-Security-Auditing","ProviderGuid":"{54849625-5478-4994-A5BA-3E3B0328C30D}","Version":0,"Task":13313,"OpcodeValue":0,"RecordNumber":21793394,"ProcessID":4,"ThreadID":4304,"Channel":"Security","Message":"A process has exited.\r\n\r\nSubject:\r\n\tSecurity ID:\t\tS-1-5-21-3263964631-4121654051-1417071188-1116\r\n\tAccount Name:\t\ttim.smith_admin\r\n\tAccount Domain:\t\tLUNARSTIIINESS\r\n\tLogon ID:\t\t0x5E1D463\r\n\r\nProcess Information:\r\n\tProcess ID:\t0x1518\r\n\tProcess Name:\tC:\\Windows\\SysWOW64\\msiexec.exe\r\n\tExit Status:\t0x0","Category":"Process Termination","Opcode":"Info","SubjectUserSid":"S-1-5-21-3263964631-4121654051-1417071188-1116","SubjectUserName":"tim.smith_admin","SubjectDomainName":"LUNARSTIIINESS","SubjectLogonId":"0x5e1d463","Status":"0x0","ProcessName":"C:\\Windows\\SysWOW64\\msiexec.exe","EventReceivedTime":1687288328,"SourceModuleName":"in_default_channels","SourceModuleType":"im_msvistalog"}
<14>Jun 20 19:12:08 win-server.lunarstiiiness.com Microsoft-Windows-Security-Auditing[4]: {"EventTime":1687288327,"Hostname":"win-server.lunarstiiiness.com","Keywords":-9214364837600034816,"EventType":"AUDIT_SUCCESS","SeverityValue":2,"Severity":"INFO","EventID":4688,"SourceName":"Microsoft-Windows-Security-Auditing","ProviderGuid":"{54849625-5478-4994-A5BA-3E3B0328C30D}","Version":2,"Task":13312,"OpcodeValue":0,"RecordNumber":21793395,"ProcessID":4,"ThreadID":4304,"Channel":"Security","Message":"A new process has been created.\r\n\r\nCreator Subject:\r\n\tSecurity ID:\t\tS-1-5-21-3263964631-4121654051-1417071188-1116\r\n\tAccount Name:\t\ttim.smith_admin\r\n\tAccount Domain:\t\tLUNARSTIIINESS\r\n\tLogon ID:\t\t0x5E1D463\r\n\r\nTarget Subject:\r\n\tSecurity ID:\t\tS-1-0-0\r\n\tAccount Name:\t\t-\r\n\tAccount Domain:\t\t-\r\n\tLogon ID:\t\t0x0\r\n\r\nProcess Information:\r\n\tNew Process ID:\t\t0x1598\r\n\tNew Process Name:\tC:\\Program Files (x86)\\LogMeIn Rescue Technician Console\\LogMeInRescueTechnicianConsole_x64\\LMIGuardianSvc.exe\r\n\tToken Elevation Type:\t%%1938\r\n\tMandatory Label:\t\tS-1-16-8192\r\n\tCreator Process ID:\t0x11bc\r\n\tCreator Process Name:\tC:\\Program Files (x86)\\LogMeIn Rescue Technician Console\\LogMeInRescueTechnicianConsole_x64\\LMIRTechConsole.exe\r\n\tProcess Command Line:\t\"C:\\Program Files (x86)\\LogMeIn Rescue Technician Console\\LogMeInRescueTechnicianConsole_x64\\LMIGuardianSvc.exe\" /escort 4540 \r\n\r\nToken Elevation Type indicates the type of token that was assigned to the new process in accordance with User Account Control policy.\r\n\r\nType 1 is a full token with no privileges removed or groups disabled.  A full token is only used if User Account Control is disabled or if the user is the built-in Administrator account or a service account.\r\n\r\nType 2 is an elevated token with no privileges removed or groups disabled.  An elevated token is used when User Account Control is enabled and the user chooses to start the program using Run as administrator.  An elevated token is also used when an application is configured to always require administrative privilege or to always require maximum privilege, and the user is a member of the Administrators group.\r\n\r\nType 3 is a limited token with administrative privileges removed and administrative groups disabled.  The limited token is used when User Account Control is enabled, the application does not require administrative privilege, and the user does not choose to start the program using Run as administrator.","Category":"Process Creation","Opcode":"Info","SubjectUserSid":"S-1-5-21-3263964631-4121654051-1417071188-1116","SubjectUserName":"tim.smith_admin","SubjectDomainName":"LUNARSTIIINESS","SubjectLogonId":"0x5e1d463","NewProcessId":"0x1598","NewProcessName":"C:\\Program Files (x86)\\LogMeIn Rescue Technician Console\\LogMeInRescueTechnicianConsole_x64\\LMIGuardianSvc.exe","TokenElevationType":"%%1938","CommandLine":"\"C:\\Program Files (x86)\\LogMeIn Rescue Technician Console\\LogMeInRescueTechnicianConsole_x64\\LMIGuardianSvc.exe\" /escort 4540 ","TargetUserSid":"S-1-0-0","TargetUserName":"-","TargetDomainName":"-","TargetLogonId":"0x0","ParentProcessName":"C:\\Program Files (x86)\\LogMeIn Rescue Technician Console\\LogMeInRescueTechnicianConsole_x64\\LMIRTechConsole.exe","MandatoryLabel":"S-1-16-8192","EventReceivedTime":1687288328,"SourceModuleName":"in_default_channels","SourceModuleType":"im_msvistalog"}
<14>Jun 20 19:12:07 win-server.lunarstiiiness.com MsiInstaller[0]: {"EventTime":1687288327,"Hostname":"win-server.lunarstiiiness.com","Keywords":36028797018963968,"EventType":"INFO","SeverityValue":2,"Severity":"INFO","EventID":11707,"SourceName":"MsiInstaller","Task":0,"RecordNumber":176372,"ProcessID":0,"ThreadID":0,"Channel":"Application","Domain":"LUNARSTIIINESS","AccountName":"tim.smith_admin","UserID":"S-1-5-21-3263964631-4121654051-1417071188-1116","AccountType":"User","Message":"Product: LogMeIn Rescue Technician Console  -- Installation completed successfully.","Opcode":"Info","EventReceivedTime":1687288327,"SourceModuleName":"in_default_channels","SourceModuleType":"im_msvistalog"}
<14>Jun 20 19:12:07 win-server.lunarstiiiness.com MsiInstaller[0]: {"EventTime":1687288327,"Hostname":"win-server.lunarstiiiness.com","Keywords":36028797018963968,"EventType":"INFO","SeverityValue":2,"Severity":"INFO","EventID":1033,"SourceName":"MsiInstaller","Task":0,"RecordNumber":176373,"ProcessID":0,"ThreadID":0,"Channel":"Application","Domain":"LUNARSTIIINESS","AccountName":"tim.smith_admin","UserID":"S-1-5-21-3263964631-4121654051-1417071188-1116","AccountType":"User","Message":"Windows Installer installed the product. Product Name: LogMeIn Rescue Technician Console. Product Version: 7.50.3568. Product Language: 1033. Manufacturer: LogMeIn, Inc.. Installation success or error status: 0.","Opcode":"Info","EventReceivedTime":1687288327,"SourceModuleName":"in_default_channels","SourceModuleType":"im_msvistalog"}
<14>Jun 20 19:12:10 win-server.lunarstiiiness.com Microsoft-Windows-Security-Auditing[4]: {"EventTime":1687288329,"Hostname":"win-server.lunarstiiiness.com","Keywords":-9214364837600034816,"EventType":"AUDIT_SUCCESS","SeverityValue":2,"Severity":"INFO","EventID":4688,"SourceName":"Microsoft-Windows-Security-Auditing","ProviderGuid":"{54849625-5478-4994-A5BA-3E3B0328C30D}","Version":2,"Task":13312,"OpcodeValue":0,"RecordNumber":21793408,"ProcessID":4,"ThreadID":4304,"Channel":"Security","Message":"A new process has been created.\r\n\r\nCreator Subject:\r\n\tSecurity ID:\t\tS-1-5-18\r\n\tAccount Name:\t\tWIN-SERVER$\r\n\tAccount Domain:\t\tLUNARSTIIINESS\r\n\tLogon ID:\t\t0x3E7\r\n\r\nTarget Subject:\r\n\tSecurity ID:\t\tS-1-0-0\r\n\tAccount Name:\t\t-\r\n\tAccount Domain:\t\t-\r\n\tLogon ID:\t\t0x0\r\n\r\nProcess Information:\r\n\tNew Process ID:\t\t0xe60\r\n\tNew Process Name:\tC:\\Windows\\System32\\svchost.exe\r\n\tToken Elevation Type:\t%%1936\r\n\tMandatory Label:\t\tS-1-16-16384\r\n\tCreator Process ID:\t0x244\r\n\tCreator Process Name:\tC:\\Windows\\System32\\services.exe\r\n\tProcess Command Line:\tC:\\Windows\\system32\\svchost.exe -k wsappx\r\n\r\nToken Elevation Type indicates the type of token that was assigned to the new process in accordance with User Account Control policy.\r\n\r\nType 1 is a full token with no privileges removed or groups disabled.  A full token is only used if User Account Control is disabled or if the user is the built-in Administrator account or a service account.\r\n\r\nType 2 is an elevated token with no privileges removed or groups disabled.  An elevated token is used when User Account Control is enabled and the user chooses to start the program using Run as administrator.  An elevated token is also used when an application is configured to always require administrative privilege or to always require maximum privilege, and the user is a member of the Administrators group.\r\n\r\nType 3 is a limited token with administrative privileges removed and administrative groups disabled.  The limited token is used when User Account Control is enabled, the application does not require administrative privilege, and the user does not choose to start the program using Run as administrator.","Category":"Process Creation","Opcode":"Info","SubjectUserSid":"S-1-5-18","SubjectUserName":"WIN-SERVER$","SubjectDomainName":"LUNARSTIIINESS","SubjectLogonId":"0x3e7","NewProcessId":"0xe60","NewProcessName":"C:\\Windows\\System32\\svchost.exe","TokenElevationType":"%%1936","CommandLine":"C:\\Windows\\system32\\svchost.exe -k wsappx","TargetUserSid":"S-1-0-0","TargetUserName":"-","TargetDomainName":"-","TargetLogonId":"0x0","ParentProcessName":"C:\\Windows\\System32\\services.exe","MandatoryLabel":"S-1-16-16384","EventReceivedTime":1687288330,"SourceModuleName":"in_default_channels","SourceModuleType":"im_msvistalog"}
<14>Jun 20 19:12:10 win-server.lunarstiiiness.com Microsoft-Windows-Security-Auditing[4]: {"EventTime":1687288329,"Hostname":"win-server.lunarstiiiness.com","Keywords":-9214364837600034816,"EventType":"AUDIT_SUCCESS","SeverityValue":2,"Severity":"INFO","EventID":4688,"SourceName":"Microsoft-Windows-Security-Auditing","ProviderGuid":"{54849625-5478-4994-A5BA-3E3B0328C30D}","Version":2,"Task":13312,"OpcodeValue":0,"RecordNumber":21793402,"ProcessID":4,"ThreadID":4304,"Channel":"Security","Message":"A new process has been created.\r\n\r\nCreator Subject:\r\n\tSecurity ID:\t\tS-1-5-18\r\n\tAccount Name:\t\tWIN-SERVER$\r\n\tAccount Domain:\t\tLUNARSTIIINESS\r\n\tLogon ID:\t\t0x3E7\r\n\r\nTarget Subject:\r\n\tSecurity ID:\t\tS-1-0-0\r\n\tAccount Name:\t\t-\r\n\tAccount Domain:\t\t-\r\n\tLogon ID:\t\t0x0\r\n\r\nProcess Information:\r\n\tNew Process ID:\t\t0x1464\r\n\tNew Process Name:\tC:\\Windows\\System32\\CompatTelRunner.exe\r\n\tToken Elevation Type:\t%%1936\r\n\tMandatory Label:\t\tS-1-16-16384\r\n\tCreator Process ID:\t0x3a0\r\n\tCreator Process Name:\tC:\\Windows\\System32\\svchost.exe\r\n\tProcess Command Line:\tC:\\Windows\\system32\\compattelrunner.exe -m:aeinv.dll -f:UpdateSoftwareInventoryW\r\n\r\nToken Elevation Type indicates the type of token that was assigned to the new process in accordance with User Account Control policy.\r\n\r\nType 1 is a full token with no privileges removed or groups disabled.  A full token is only used if User Account Control is disabled or if the user is the built-in Administrator account or a service account.\r\n\r\nType 2 is an elevated token with no privileges removed or groups disabled.  An elevated token is used when User Account Control is enabled and the user chooses to start the program using Run as administrator.  An elevated token is also used when an application is configured to always require administrative privilege or to always require maximum privilege, and the user is a member of the Administrators group.\r\n\r\nType 3 is a limited token with administrative privileges removed and administrative groups disabled.  The limited token is used when User Account Control is enabled, the application does not require administrative privilege, and the user does not choose to start the program using Run as administrator.","Category":"Process Creation","Opcode":"Info","SubjectUserSid":"S-1-5-18","SubjectUserName":"WIN-SERVER$","SubjectDomainName":"LUNARSTIIINESS","SubjectLogonId":"0x3e7","NewProcessId":"0x1464","NewProcessName":"C:\\Windows\\System32\\CompatTelRunner.exe","TokenElevationType":"%%1936","CommandLine":"C:\\Windows\\system32\\compattelrunner.exe -m:aeinv.dll -f:UpdateSoftwareInventoryW","TargetUserSid":"S-1-0-0","TargetUserName":"-","TargetDomainName":"-","TargetLogonId":"0x0","ParentProcessName":"C:\\Windows\\System32\\svchost.exe","MandatoryLabel":"S-1-16-16384","EventReceivedTime":1687288330,"SourceModuleName":"in_default_channels","SourceModuleType":"im_msvistalog"}
<14>Jun 20 19:12:10 win-server.lunarstiiiness.com Microsoft-Windows-Security-Auditing[4]: {"EventTime":1687288329,"Hostname":"win-server.lunarstiiiness.com","Keywords":-9214364837600034816,"EventType":"AUDIT_SUCCESS","SeverityValue":2,"Severity":"INFO","EventID":4688,"SourceName":"Microsoft-Windows-Security-Auditing","ProviderGuid":"{54849625-5478-4994-A5BA-3E3B0328C30D}","Version":2,"Task":13312,"OpcodeValue":0,"RecordNumber":21793403,"ProcessID":4,"ThreadID":4304,"Channel":"Security","Message":"A new process has been created.\r\n\r\nCreator Subject:\r\n\tSecurity ID:\t\tS-1-5-18\r\n\tAccount Name:\t\tWIN-SERVER$\r\n\tAccount Domain:\t\tLUNARSTIIINESS\r\n\tLogon ID:\t\t0x3E7\r\n\r\nTarget Subject:\r\n\tSecurity ID:\t\tS-1-0-0\r\n\tAccount Name:\t\t-\r\n\tAccount Domain:\t\t-\r\n\tLogon ID:\t\t0x0\r\n\r\nProcess Information:\r\n\tNew Process ID:\t\t0xecc\r\n\tNew Process Name:\tC:\\Windows\\System32\\conhost.exe\r\n\tToken Elevation Type:\t%%1936\r\n\tMandatory Label:\t\tS-1-16-16384\r\n\tCreator Process ID:\t0x1464\r\n\tCreator Process Name:\tC:\\Windows\\System32\\CompatTelRunner.exe\r\n\tProcess Command Line:\t\\??\\C:\\Windows\\system32\\conhost.exe 0xffffffff -ForceV1\r\n\r\nToken Elevation Type indicates the type of token that was assigned to the new process in accordance with User Account Control policy.\r\n\r\nType 1 is a full token with no privileges removed or groups disabled.  A full token is only used if User Account Control is disabled or if the user is the built-in Administrator account or a service account.\r\n\r\nType 2 is an elevated token with no privileges removed or groups disabled.  An elevated token is used when User Account Control is enabled and the user chooses to start the program using Run as administrator.  An elevated token is also used when an application is configured to always require administrative privilege or to always require maximum privilege, and the user is a member of the Administrators group.\r\n\r\nType 3 is a limited token with administrative privileges removed and administrative groups disabled.  The limited token is used when User Account Control is enabled, the application does not require administrative privilege, and the user does not choose to start the program using Run as administrator.","Category":"Process Creation","Opcode":"Info","SubjectUserSid":"S-1-5-18","SubjectUserName":"WIN-SERVER$","SubjectDomainName":"LUNARSTIIINESS","SubjectLogonId":"0x3e7","NewProcessId":"0xecc","NewProcessName":"C:\\Windows\\System32\\conhost.exe","TokenElevationType":"%%1936","CommandLine":"\\??\\C:\\Windows\\system32\\conhost.exe 0xffffffff -ForceV1","TargetUserSid":"S-1-0-0","TargetUserName":"-","TargetDomainName":"-","TargetLogonId":"0x0","ParentProcessName":"C:\\Windows\\System32\\CompatTelRunner.exe","MandatoryLabel":"S-1-16-16384","EventReceivedTime":1687288330,"SourceModuleName":"in_default_channels","SourceModuleType":"im_msvistalog"}
