<14>Jun 20 19:30:49 win-adfs.lunarstiiiness.com Microsoft-Windows-Security-Auditing[4]: {"EventTime":1687289448,"Hostname":"win-adfs.lunarstiiiness.com","Keywords":-9214364837600034816,"EventType":"AUDIT_SUCCESS","SeverityValue":2,"Severity":"INFO","EventID":4688,"SourceName":"Microsoft-Windows-Security-Auditing","ProviderGuid":"{54849625-5478-4994-A5BA-3E3B0328C30D}","Version":2,"Task":13312,"OpcodeValue":0,"RecordNumber":53872509,"ProcessID":4,"ThreadID":9836,"Channel":"Security","Message":"A new process has been created.\r\n\r\nCreator Subject:\r\n\tSecurity ID:\t\tS-1-5-18\r\n\tAccount Name:\t\tWIN-ADFS$\r\n\tAccount Domain:\t\tLUNARSTIIINESS\r\n\tLogon ID:\t\t0x3E7\r\n\r\nTarget Subject:\r\n\tSecurity ID:\t\tS-1-5-21-3263964631-4121654051-1417071188-1116\r\n\tAccount Name:\t\ttim.smith_admin\r\n\tAccount Domain:\t\tLUNARSTIIINESS\r\n\tLogon ID:\t\t0x3920283\r\n\r\nProcess Information:\r\n\tNew Process ID:\t\t0x1f54\r\n\tNew Process Name:\tC:\\Program Files (x86)\\LogMeIn Rescue Applet\\LMIR111CF001.tmp\\LMI_Rescue.exe\r\n\tToken Elevation Type:\tTokenElevationTypeLimited (3)\r\n\tMandatory Label:\t\tS-1-16-8192\r\n\tCreator Process ID:\t0x2fcc\r\n\tCreator Process Name:\tC:\\Program Files (x86)\\LogMeIn Rescue Applet\\LMIR111CF001.tmp\\LMI_Rescue_srv.exe\r\n\tProcess Command Line:\t\"C:\\Program Files (x86)\\LogMeIn Rescue Applet\\LMIR111CF001.tmp\\LMI_Rescue.exe\" -lock\r\n\r\nToken Elevation Type indicates the type of token that was assigned to the new process in accordance with User Account Control policy.\r\n\r\nType 1 is a full token with no privileges removed or groups disabled.  A full token is only used if User Account Control is disabled or if the user is the built-in Administrator account or a service account.\r\n\r\nType 2 is an elevated token with no privileges removed or groups disabled.  An elevated token is used when User Account Control is enabled and the user chooses to start the program using Run as administrator.  An elevated token is also used when an application is configured to always require administrative privilege or to always require maximum privilege, and the user is a member of the Administrators group.\r\n\r\nType 3 is a limited token with administrative privileges removed and administrative groups disabled.  The limited token is used when User Account Control is enabled, the application does not require administrative privilege, and the user does not choose to start the program using Run as administrator.","Category":"Process Creation","Opcode":"Info","SubjectUserSid":"S-1-5-18","SubjectUserName":"WIN-ADFS$","SubjectDomainName":"LUNARSTIIINESS","SubjectLogonId":"0x3e7","NewProcessId":"0x1f54","NewProcessName":"C:\\Program Files (x86)\\LogMeIn Rescue Applet\\LMIR111CF001.tmp\\LMI_Rescue.exe","TokenElevationType":"%%1938","CommandLine":"\"C:\\Program Files (x86)\\LogMeIn Rescue Applet\\LMIR111CF001.tmp\\LMI_Rescue.exe\" -lock","TargetUserSid":"S-1-5-21-3263964631-4121654051-1417071188-1116","TargetUserName":"tim.smith_admin","TargetDomainName":"LUNARSTIIINESS","TargetLogonId":"0x3920283","ParentProcessName":"C:\\Program Files (x86)\\LogMeIn Rescue Applet\\LMIR111CF001.tmp\\LMI_Rescue_srv.exe","MandatoryLabel":"S-1-16-8192","EventReceivedTime":1687289449,"SourceModuleName":"windows_security_eventlog","SourceModuleType":"im_msvistalog"}
<14>Jun 20 19:30:50 win-adfs.lunarstiiiness.com Microsoft-Windows-Security-Auditing[4]: {"EventTime":1687289449,"Hostname":"win-adfs.lunarstiiiness.com","Keywords":-9214364837600034816,"EventType":"AUDIT_SUCCESS","SeverityValue":2,"Severity":"INFO","EventID":4688,"SourceName":"Microsoft-Windows-Security-Auditing","ProviderGuid":"{54849625-5478-4994-A5BA-3E3B0328C30D}","Version":2,"Task":13312,"OpcodeValue":0,"RecordNumber":53872512,"ProcessID":4,"ThreadID":9068,"Channel":"Security","Message":"A new process has been created.\r\n\r\nCreator Subject:\r\n\tSecurity ID:\t\tS-1-5-18\r\n\tAccount Name:\t\tWIN-ADFS$\r\n\tAccount Domain:\t\tLUNARSTIIINESS\r\n\tLogon ID:\t\t0x3E7\r\n\r\nTarget Subject:\r\n\tSecurity ID:\t\tS-1-0-0\r\n\tAccount Name:\t\t-\r\n\tAccount Domain:\t\t-\r\n\tLogon ID:\t\t0x0\r\n\r\nProcess Information:\r\n\tNew Process ID:\t\t0x1d8c\r\n\tNew Process Name:\tC:\\Windows\\System32\\LogonUI.exe\r\n\tToken Elevation Type:\tTokenElevationTypeDefault (1)\r\n\tMandatory Label:\t\tS-1-16-16384\r\n\tCreator Process ID:\t0x107c\r\n\tCreator Process Name:\tC:\\Windows\\System32\\winlogon.exe\r\n\tProcess Command Line:\t\"LogonUI.exe\" /flags:0x0 /state0:0xa7bf3055 /state1:0x41c64e6d\r\n\r\nToken Elevation Type indicates the type of token that was assigned to the new process in accordance with User Account Control policy.\r\n\r\nType 1 is a full token with no privileges removed or groups disabled.  A full token is only used if User Account Control is disabled or if the user is the built-in Administrator account or a service account.\r\n\r\nType 2 is an elevated token with no privileges removed or groups disabled.  An elevated token is used when User Account Control is enabled and the user chooses to start the program using Run as administrator.  An elevated token is also used when an application is configured to always require administrative privilege or to always require maximum privilege, and the user is a member of the Administrators group.\r\n\r\nType 3 is a limited token with administrative privileges removed and administrative groups disabled.  The limited token is used when User Account Control is enabled, the application does not require administrative privilege, and the user does not choose to start the program using Run as administrator.","Category":"Process Creation","Opcode":"Info","SubjectUserSid":"S-1-5-18","SubjectUserName":"WIN-ADFS$","SubjectDomainName":"LUNARSTIIINESS","SubjectLogonId":"0x3e7","NewProcessId":"0x1d8c","NewProcessName":"C:\\Windows\\System32\\LogonUI.exe","TokenElevationType":"%%1936","CommandLine":"\"LogonUI.exe\" /flags:0x0 /state0:0xa7bf3055 /state1:0x41c64e6d","TargetUserSid":"S-1-0-0","TargetUserName":"-","TargetDomainName":"-","TargetLogonId":"0x0","ParentProcessName":"C:\\Windows\\System32\\winlogon.exe","MandatoryLabel":"S-1-16-16384","EventReceivedTime":1687289450,"SourceModuleName":"windows_security_eventlog","SourceModuleType":"im_msvistalog"}
<14>Jun 20 19:30:49 win-adfs.lunarstiiiness.com Microsoft-Windows-Security-Auditing[612]: {"EventTime":1687289448,"Hostname":"win-adfs.lunarstiiiness.com","Keywords":-9214364837600034816,"EventType":"AUDIT_SUCCESS","SeverityValue":2,"Severity":"INFO","EventID":5061,"SourceName":"Microsoft-Windows-Security-Auditing","ProviderGuid":"{54849625-5478-4994-A5BA-3E3B0328C30D}","Version":0,"Task":12290,"OpcodeValue":0,"RecordNumber":53872506,"ProcessID":612,"ThreadID":7320,"Channel":"Security","Message":"Cryptographic operation.\r\n\r\nSubject:\r\n\tSecurity ID:\t\tS-1-5-19\r\n\tAccount Name:\t\tLOCAL SERVICE\r\n\tAccount Domain:\t\tNT AUTHORITY\r\n\tLogon ID:\t\t0x3E5\r\n\r\nCryptographic Parameters:\r\n\tProvider Name:\tMicrosoft Software Key Storage Provider\r\n\tAlgorithm Name:\tRSA\r\n\tKey Name:\ttp-f232b586-edb9-43aa-9778-ef84eab10768\r\n\tKey Type:\tMachine key.\r\n\r\nCryptographic Operation:\r\n\tOperation:\tOpen Key.\r\n\tReturn Code:\t0x0","Category":"System Integrity","Opcode":"Info","SubjectUserSid":"S-1-5-19","SubjectUserName":"LOCAL SERVICE","SubjectDomainName":"NT AUTHORITY","SubjectLogonId":"0x3e5","ProviderName":"Microsoft Software Key Storage Provider","AlgorithmName":"RSA","KeyName":"tp-f232b586-edb9-43aa-9778-ef84eab10768","KeyType":"%%2499","Operation":"%%2480","ReturnCode":"0x0","EventReceivedTime":1687289449,"SourceModuleName":"windows_security_eventlog","SourceModuleType":"im_msvistalog"}
<14>Jun 20 19:30:49 win-adfs.lunarstiiiness.com Microsoft-Windows-Security-Auditing[612]: {"EventTime":1687289448,"Hostname":"win-adfs.lunarstiiiness.com","Keywords":-9214364837600034816,"EventType":"AUDIT_SUCCESS","SeverityValue":2,"Severity":"INFO","EventID":5061,"SourceName":"Microsoft-Windows-Security-Auditing","ProviderGuid":"{54849625-5478-4994-A5BA-3E3B0328C30D}","Version":0,"Task":12290,"OpcodeValue":0,"RecordNumber":53872508,"ProcessID":612,"ThreadID":8380,"Channel":"Security","Message":"Cryptographic operation.\r\n\r\nSubject:\r\n\tSecurity ID:\t\tS-1-5-19\r\n\tAccount Name:\t\tLOCAL SERVICE\r\n\tAccount Domain:\t\tNT AUTHORITY\r\n\tLogon ID:\t\t0x3E5\r\n\r\nCryptographic Parameters:\r\n\tProvider Name:\tMicrosoft Software Key Storage Provider\r\n\tAlgorithm Name:\tRSA\r\n\tKey Name:\ttp-f232b586-edb9-43aa-9778-ef84eab10768\r\n\tKey Type:\tMachine key.\r\n\r\nCryptographic Operation:\r\n\tOperation:\tOpen Key.\r\n\tReturn Code:\t0x0","Category":"System Integrity","Opcode":"Info","SubjectUserSid":"S-1-5-19","SubjectUserName":"LOCAL SERVICE","SubjectDomainName":"NT AUTHORITY","SubjectLogonId":"0x3e5","ProviderName":"Microsoft Software Key Storage Provider","AlgorithmName":"RSA","KeyName":"tp-f232b586-edb9-43aa-9778-ef84eab10768","KeyType":"%%2499","Operation":"%%2480","ReturnCode":"0x0","EventReceivedTime":1687289449,"SourceModuleName":"windows_security_eventlog","SourceModuleType":"im_msvistalog"}
<14>Jun 20 19:30:50 win-adfs.lunarstiiiness.com Microsoft-Windows-Security-Auditing[612]: {"EventTime":1687289449,"Hostname":"win-adfs.lunarstiiiness.com","Keywords":-9214364837600034816,"EventType":"AUDIT_SUCCESS","SeverityValue":2,"Severity":"INFO","EventID":4800,"SourceName":"Microsoft-Windows-Security-Auditing","ProviderGuid":"{54849625-5478-4994-A5BA-3E3B0328C30D}","Version":0,"Task":12551,"OpcodeValue":0,"RecordNumber":53872513,"ActivityID":"{8F8F53C1-AEDC-0000-8191-D4AC6E9ED901}","ProcessID":612,"ThreadID":668,"Channel":"Security","Message":"The workstation was locked.\r\n\r\nSubject:\r\n\tSecurity ID:\t\tS-1-5-21-3263964631-4121654051-1417071188-1116\r\n\tAccount Name:\t\ttim.smith_admin\r\n\tAccount Domain:\t\tLUNARSTIIINESS\r\n\tLogon ID:\t\t0x3920283\r\n\tSession ID:\t3","Category":"Other Logon/Logoff Events","Opcode":"Info","TargetUserSid":"S-1-5-21-3263964631-4121654051-1417071188-1116","TargetUserName":"tim.smith_admin","TargetDomainName":"LUNARSTIIINESS","TargetLogonId":"0x3920283","SessionId":"3","EventReceivedTime":1687289450,"SourceModuleName":"windows_security_eventlog","SourceModuleType":"im_msvistalog"}
<14>Jun 20 19:30:50 win-adfs.lunarstiiiness.com Microsoft-Windows-Security-Auditing[4]: {"EventTime":1687289449,"Hostname":"win-adfs.lunarstiiiness.com","Keywords":-9214364837600034816,"EventType":"AUDIT_SUCCESS","SeverityValue":2,"Severity":"INFO","EventID":4689,"SourceName":"Microsoft-Windows-Security-Auditing","ProviderGuid":"{54849625-5478-4994-A5BA-3E3B0328C30D}","Version":0,"Task":13313,"OpcodeValue":0,"RecordNumber":53872514,"ProcessID":4,"ThreadID":9836,"Channel":"Security","Message":"A process has exited.\r\n\r\nSubject:\r\n\tSecurity ID:\t\tS-1-5-21-3263964631-4121654051-1417071188-1116\r\n\tAccount Name:\t\ttim.smith_admin\r\n\tAccount Domain:\t\tLUNARSTIIINESS\r\n\tLogon ID:\t\t0x3920283\r\n\r\nProcess Information:\r\n\tProcess ID:\t0x1f54\r\n\tProcess Name:\tC:\\Program Files (x86)\\LogMeIn Rescue Applet\\LMIR111CF001.tmp\\LMI_Rescue.exe\r\n\tExit Status:\t0x1","Category":"Process Termination","Opcode":"Info","SubjectUserSid":"S-1-5-21-3263964631-4121654051-1417071188-1116","SubjectUserName":"tim.smith_admin","SubjectDomainName":"LUNARSTIIINESS","SubjectLogonId":"0x3920283","Status":"0x1","ProcessName":"C:\\Program Files (x86)\\LogMeIn Rescue Applet\\LMIR111CF001.tmp\\LMI_Rescue.exe","EventReceivedTime":1687289450,"SourceModuleName":"windows_security_eventlog","SourceModuleType":"im_msvistalog"}
<11>Jun 20 19:30:51 win-adfs.lunarstiiiness.com Microsoft-Windows-Security-Auditing[4]: {"EventTime":1687289450,"Hostname":"win-adfs.lunarstiiiness.com","Keywords":-9218868437227405312,"EventType":"AUDIT_FAILURE","SeverityValue":4,"Severity":"ERROR","EventID":4673,"SourceName":"Microsoft-Windows-Security-Auditing","ProviderGuid":"{54849625-5478-4994-A5BA-3E3B0328C30D}","Version":0,"Task":13057,"OpcodeValue":0,"RecordNumber":53872516,"ProcessID":4,"ThreadID":9068,"Channel":"Security","Message":"A privileged service was called.\r\n\r\nSubject:\r\n\tSecurity ID:\t\tS-1-5-21-3263964631-4121654051-1417071188-1116\r\n\tAccount Name:\t\ttim.smith_admin\r\n\tAccount Domain:\t\tLUNARSTIIINESS\r\n\tLogon ID:\t\t0x3920283\r\n\r\nService:\r\n\tServer:\tSecurity\r\n\tService Name:\t-\r\n\r\nProcess:\r\n\tProcess ID:\t0x1ddc\r\n\tProcess Name:\tC:\\Windows\\System32\\taskhostw.exe\r\n\r\nService Request Information:\r\n\tPrivileges:\t\tSeProfileSingleProcessPrivilege","Category":"Non Sensitive Privilege Use","Opcode":"Info","SubjectUserSid":"S-1-5-21-3263964631-4121654051-1417071188-1116","SubjectUserName":"tim.smith_admin","SubjectDomainName":"LUNARSTIIINESS","SubjectLogonId":"0x3920283","ObjectServer":"Security","Service":"-","PrivilegeList":"SeProfileSingleProcessPrivilege","ProcessName":"C:\\Windows\\System32\\taskhostw.exe","EventReceivedTime":1687289451,"SourceModuleName":"windows_security_eventlog","SourceModuleType":"im_msvistalog"}
<14>Jun 20 19:30:50 win-adfs.lunarstiiiness.com Microsoft-Windows-Security-Auditing[4]: {"EventTime":1687289450,"Hostname":"win-adfs.lunarstiiiness.com","Keywords":-9214364837600034816,"EventType":"AUDIT_SUCCESS","SeverityValue":2,"Severity":"INFO","EventID":4688,"SourceName":"Microsoft-Windows-Security-Auditing","ProviderGuid":"{54849625-5478-4994-A5BA-3E3B0328C30D}","Version":2,"Task":13312,"OpcodeValue":0,"RecordNumber":53872515,"ProcessID":4,"ThreadID":9068,"Channel":"Security","Message":"A new process has been created.\r\n\r\nCreator Subject:\r\n\tSecurity ID:\t\tS-1-5-18\r\n\tAccount Name:\t\tWIN-ADFS$\r\n\tAccount Domain:\t\tLUNARSTIIINESS\r\n\tLogon ID:\t\t0x3E7\r\n\r\nTarget Subject:\r\n\tSecurity ID:\t\tS-1-5-21-3263964631-4121654051-1417071188-1116\r\n\tAccount Name:\t\ttim.smith_admin\r\n\tAccount Domain:\t\tLUNARSTIIINESS\r\n\tLogon ID:\t\t0x3920283\r\n\r\nProcess Information:\r\n\tNew Process ID:\t\t0x1ddc\r\n\tNew Process Name:\tC:\\Windows\\System32\\taskhostw.exe\r\n\tToken Elevation Type:\tTokenElevationTypeLimited (3)\r\n\tMandatory Label:\t\tS-1-16-8192\r\n\tCreator Process ID:\t0x5cc\r\n\tCreator Process Name:\tC:\\Windows\\System32\\svchost.exe\r\n\tProcess Command Line:\ttaskhostw.exe KEYROAMING\r\n\r\nToken Elevation Type indicates the type of token that was assigned to the new process in accordance with User Account Control policy.\r\n\r\nType 1 is a full token with no privileges removed or groups disabled.  A full token is only used if User Account Control is disabled or if the user is the built-in Administrator account or a service account.\r\n\r\nType 2 is an elevated token with no privileges removed or groups disabled.  An elevated token is used when User Account Control is enabled and the user chooses to start the program using Run as administrator.  An elevated token is also used when an application is configured to always require administrative privilege or to always require maximum privilege, and the user is a member of the Administrators group.\r\n\r\nType 3 is a limited token with administrative privileges removed and administrative groups disabled.  The limited token is used when User Account Control is enabled, the application does not require administrative privilege, and the user does not choose to start the program using Run as administrator.","Category":"Process Creation","Opcode":"Info","SubjectUserSid":"S-1-5-18","SubjectUserName":"WIN-ADFS$","SubjectDomainName":"LUNARSTIIINESS","SubjectLogonId":"0x3e7","NewProcessId":"0x1ddc","NewProcessName":"C:\\Windows\\System32\\taskhostw.exe","TokenElevationType":"%%1938","CommandLine":"taskhostw.exe KEYROAMING","TargetUserSid":"S-1-5-21-3263964631-4121654051-1417071188-1116","TargetUserName":"tim.smith_admin","TargetDomainName":"LUNARSTIIINESS","TargetLogonId":"0x3920283","ParentProcessName":"C:\\Windows\\System32\\svchost.exe","MandatoryLabel":"S-1-16-8192","EventReceivedTime":1687289450,"SourceModuleName":"windows_security_eventlog","SourceModuleType":"im_msvistalog"}
<14>Jun 20 19:30:51 win-adfs.lunarstiiiness.com Microsoft-Windows-TaskScheduler[1484]: {"EventTime":1687289450,"Hostname":"win-adfs.lunarstiiiness.com","Keywords":-9223372036854775807,"EventType":"INFO","SeverityValue":2,"Severity":"INFO","EventID":100,"SourceName":"Microsoft-Windows-TaskScheduler","ProviderGuid":"{DE7B24EA-73C8-4A09-985D-5BDADCFA9017}","Version":0,"Task":100,"OpcodeValue":1,"RecordNumber":239388,"ActivityID":"{628A7AE0-2065-44D7-9403-0FABA66E5239}","ProcessID":1484,"ThreadID":7888,"Channel":"Microsoft-Windows-TaskScheduler/Operational","Domain":"NT AUTHORITY","AccountName":"SYSTEM","UserID":"S-1-5-18","AccountType":"User","Message":"Task Scheduler started \"{628a7ae0-2065-44d7-9403-0faba66e5239}\" instance of the \"\\Microsoft\\Windows\\CertificateServicesClient\\UserTask-Roam\" task for user \"LUNARSTIIINESS\\tim.smith_admin\".","Category":"Task Started","Opcode":"Start","TaskName":"\\Microsoft\\Windows\\CertificateServicesClient\\UserTask-Roam","UserContext":"LUNARSTIIINESS\\tim.smith_admin","InstanceId":"{628a7ae0-2065-44d7-9403-0faba66e5239}","EventReceivedTime":1687289451,"SourceModuleName":"windows_security_eventlog","SourceModuleType":"im_msvistalog"}
<14>Jun 20 19:30:51 win-adfs.lunarstiiiness.com Microsoft-Windows-TaskScheduler[1484]: {"EventTime":1687289450,"Hostname":"win-adfs.lunarstiiiness.com","Keywords":-9223372036854775808,"EventType":"INFO","SeverityValue":2,"Severity":"INFO","EventID":200,"SourceName":"Microsoft-Windows-TaskScheduler","ProviderGuid":"{DE7B24EA-73C8-4A09-985D-5BDADCFA9017}","Version":1,"Task":200,"OpcodeValue":1,"RecordNumber":239389,"ActivityID":"{628A7AE0-2065-44D7-9403-0FABA66E5239}","ProcessID":1484,"ThreadID":7888,"Channel":"Microsoft-Windows-TaskScheduler/Operational","Domain":"NT AUTHORITY","AccountName":"SYSTEM","UserID":"S-1-5-18","AccountType":"User","Message":"Task Scheduler launched action \"Certificate Services Client Task Handler\" in instance \"{628a7ae0-2065-44d7-9403-0faba66e5239}\" of task \"\\Microsoft\\Windows\\CertificateServicesClient\\UserTask-Roam\".","Category":"Action started","Opcode":"Start","TaskName":"\\Microsoft\\Windows\\CertificateServicesClient\\UserTask-Roam","ActionName":"Certificate Services Client Task Handler","TaskInstanceId":"{628a7ae0-2065-44d7-9403-0faba66e5239}","EnginePID":"7644","EventReceivedTime":1687289451,"SourceModuleName":"windows_security_eventlog","SourceModuleType":"im_msvistalog"}
<14>Jun 20 19:30:51 win-adfs.lunarstiiiness.com Microsoft-Windows-TaskScheduler[1484]: {"EventTime":1687289450,"Hostname":"win-adfs.lunarstiiiness.com","Keywords":-9223372036854775808,"EventType":"INFO","SeverityValue":2,"Severity":"INFO","EventID":129,"SourceName":"Microsoft-Windows-TaskScheduler","ProviderGuid":"{DE7B24EA-73C8-4A09-985D-5BDADCFA9017}","Version":0,"Task":129,"OpcodeValue":0,"RecordNumber":239387,"ProcessID":1484,"ThreadID":7888,"Channel":"Microsoft-Windows-TaskScheduler/Operational","Domain":"NT AUTHORITY","AccountName":"SYSTEM","UserID":"S-1-5-18","AccountType":"User","Message":"Task Scheduler launch task \"\\Microsoft\\Windows\\CertificateServicesClient\\UserTask-Roam\" , instance \"taskhostw.exe\"  with process ID 7644.","Category":"Created Task Process","Opcode":"Info","TaskName":"\\Microsoft\\Windows\\CertificateServicesClient\\UserTask-Roam","Path":"taskhostw.exe","Priority":"32","EventReceivedTime":1687289451,"SourceModuleName":"windows_security_eventlog","SourceModuleType":"im_msvistalog"}
<14>Jun 20 19:30:52 win-adfs.lunarstiiiness.com Microsoft-Windows-Security-Auditing[4]: {"EventTime":1687289451,"Hostname":"win-adfs.lunarstiiiness.com","Keywords":-9214364837600034816,"EventType":"AUDIT_SUCCESS","SeverityValue":2,"Severity":"INFO","EventID":4689,"SourceName":"Microsoft-Windows-Security-Auditing","ProviderGuid":"{54849625-5478-4994-A5BA-3E3B0328C30D}","Version":0,"Task":13313,"OpcodeValue":0,"RecordNumber":53872538,"ProcessID":4,"ThreadID":9836,"Channel":"Security","Message":"A process has exited.\r\n\r\nSubject:\r\n\tSecurity ID:\t\tS-1-5-21-3263964631-4121654051-1417071188-1116\r\n\tAccount Name:\t\ttim.smith_admin\r\n\tAccount Domain:\t\tLUNARSTIIINESS\r\n\tLogon ID:\t\t0x3920283\r\n\r\nProcess Information:\r\n\tProcess ID:\t0x1ddc\r\n\tProcess Name:\tC:\\Windows\\System32\\taskhostw.exe\r\n\tExit Status:\t0x0","Category":"Process Termination","Opcode":"Info","SubjectUserSid":"S-1-5-21-3263964631-4121654051-1417071188-1116","SubjectUserName":"tim.smith_admin","SubjectDomainName":"LUNARSTIIINESS","SubjectLogonId":"0x3920283","Status":"0x0","ProcessName":"C:\\Windows\\System32\\taskhostw.exe","EventReceivedTime":1687289452,"SourceModuleName":"windows_security_eventlog","SourceModuleType":"im_msvistalog"}
<14>Jun 20 19:30:52 win-adfs.lunarstiiiness.com Microsoft-Windows-TaskScheduler[1484]: {"EventTime":1687289451,"Hostname":"win-adfs.lunarstiiiness.com","Keywords":-9223372036854775808,"EventType":"INFO","SeverityValue":2,"Severity":"INFO","EventID":201,"SourceName":"Microsoft-Windows-TaskScheduler","ProviderGuid":"{DE7B24EA-73C8-4A09-985D-5BDADCFA9017}","Version":2,"Task":201,"OpcodeValue":2,"RecordNumber":239390,"ActivityID":"{628A7AE0-2065-44D7-9403-0FABA66E5239}","ProcessID":1484,"ThreadID":10784,"Channel":"Microsoft-Windows-TaskScheduler/Operational","Domain":"NT AUTHORITY","AccountName":"SYSTEM","UserID":"S-1-5-18","AccountType":"User","Message":"Task Scheduler successfully completed task \"\\Microsoft\\Windows\\CertificateServicesClient\\UserTask-Roam\" , instance \"{628a7ae0-2065-44d7-9403-0faba66e5239}\" , action \"Certificate Services Client Task Handler\" with return code 0.","Category":"Action completed","Opcode":"Stop","TaskName":"\\Microsoft\\Windows\\CertificateServicesClient\\UserTask-Roam","TaskInstanceId":"{628a7ae0-2065-44d7-9403-0faba66e5239}","ActionName":"Certificate Services Client Task Handler","ResultCode":"0","EnginePID":"7644","EventReceivedTime":1687289452,"SourceModuleName":"windows_security_eventlog","SourceModuleType":"im_msvistalog"}
<14>Jun 20 19:30:52 win-adfs.lunarstiiiness.com Microsoft-Windows-TaskScheduler[1484]: {"EventTime":1687289451,"Hostname":"win-adfs.lunarstiiiness.com","Keywords":-9223372036854775807,"EventType":"INFO","SeverityValue":2,"Severity":"INFO","EventID":102,"SourceName":"Microsoft-Windows-TaskScheduler","ProviderGuid":"{DE7B24EA-73C8-4A09-985D-5BDADCFA9017}","Version":0,"Task":102,"OpcodeValue":2,"RecordNumber":239391,"ActivityID":"{628A7AE0-2065-44D7-9403-0FABA66E5239}","ProcessID":1484,"ThreadID":10784,"Channel":"Microsoft-Windows-TaskScheduler/Operational","Domain":"NT AUTHORITY","AccountName":"SYSTEM","UserID":"S-1-5-18","AccountType":"User","Message":"Task Scheduler successfully finished \"{628a7ae0-2065-44d7-9403-0faba66e5239}\" instance of the \"\\Microsoft\\Windows\\CertificateServicesClient\\UserTask-Roam\" task for user \"LUNARSTIIINESS\\tim.smith_admin\".","Category":"Task completed","Opcode":"Stop","TaskName":"\\Microsoft\\Windows\\CertificateServicesClient\\UserTask-Roam","UserContext":"LUNARSTIIINESS\\tim.smith_admin","InstanceId":"{628a7ae0-2065-44d7-9403-0faba66e5239}","EventReceivedTime":1687289452,"SourceModuleName":"windows_security_eventlog","SourceModuleType":"im_msvistalog"}
<14>Jun 20 19:30:52 win-adfs.lunarstiiiness.com Microsoft-Windows-Security-Auditing[4]: {"EventTime":1687289451,"Hostname":"win-adfs.lunarstiiiness.com","Keywords":-9214364837600034816,"EventType":"AUDIT_SUCCESS","SeverityValue":2,"Severity":"INFO","EventID":4661,"SourceName":"Microsoft-Windows-Security-Auditing","ProviderGuid":"{54849625-5478-4994-A5BA-3E3B0328C30D}","Version":1,"Task":12803,"OpcodeValue":0,"RecordNumber":53872529,"ProcessID":4,"ThreadID":9836,"Channel":"Security","Message":"A handle to an object was requested.\r\n\r\nSubject :\r\n\tSecurity ID:\t\tS-1-5-18\r\n\tAccount Name:\t\tWIN-ADFS$\r\n\tAccount Domain:\t\tLUNARSTIIINESS\r\n\tLogon ID:\t\t0x3E7\r\n\r\nObject:\r\n\tObject Server:\tSecurity Account Manager\r\n\tObject Type:\tSAM_DOMAIN\r\n\tObject Name:\tDC=lunarstiiiness,DC=com\r\n\tHandle ID:\t0x25f9bb97d50\r\n\r\nProcess Information:\r\n\tProcess ID:\t0x264\r\n\tProcess Name:\tC:\\Windows\\System32\\lsass.exe\r\n\r\nAccess Request Information:\r\n\tTransaction ID:\t{00000000-0000-0000-0000-000000000000}\r\n\tAccesses:\tDELETE\r\n\t\t\t\tREAD_CONTROL\r\n\t\t\t\tWRITE_DAC\r\n\t\t\t\tWRITE_OWNER\r\n\t\t\t\tReadPasswordParameters\r\n\t\t\t\tWritePasswordParameters\r\n\t\t\t\tReadOtherParameters\r\n\t\t\t\tWriteOtherParameters\r\n\t\t\t\tCreateUser\r\n\t\t\t\tCreateGlobalGroup\r\n\t\t\t\tCreateLocalGroup\r\n\t\t\t\tGetLocalGroupMembership\r\n\t\t\t\tListAccounts\r\n\t\t\t\t\r\n\tAccess Reasons:\t\t-\r\n\tAccess Mask:\t0xF01FF\r\n\tPrivileges Used for Access Check:\t-\r\n\tProperties:\t---\r\n\t{19195a5a-6da0-11d0-afd3-00c04fd930c9}\r\nDELETE\r\nREAD_CONTROL\r\nWRITE_DAC\r\nWRITE_OWNER\r\nReadPasswordParameters\r\nWritePasswordParameters\r\nReadOtherParameters\r\nWriteOtherParameters\r\nCreateUser\r\nCreateGlobalGroup\r\nCreateLocalGroup\r\nGetLocalGroupMembership\r\nListAccounts\r\n\t\t{c7407360-20bf-11d0-a768-00aa006e0529}\r\n\t\t\t{bf9679a4-0de6-11d0-a285-00aa003049e2}\r\n\t\t\t{bf9679a5-0de6-11d0-a285-00aa003049e2}\r\n\t\t\t{bf9679a6-0de6-11d0-a285-00aa003049e2}\r\n\t\t\t{bf9679bb-0de6-11d0-a285-00aa003049e2}\r\n\t\t\t{bf9679c2-0de6-11d0-a285-00aa003049e2}\r\n\t\t\t{bf9679c3-0de6-11d0-a285-00aa003049e2}\r\n\t\t\t{bf967a09-0de6-11d0-a285-00aa003049e2}\r\n\t\t\t{bf967a0b-0de6-11d0-a285-00aa003049e2}\r\n\t\t{b8119fd0-04f6-4762-ab7a-4986c76b3f9a}\r\n\t\t\t{bf967a34-0de6-11d0-a285-00aa003049e2}\r\n\t\t\t{bf967a33-0de6-11d0-a285-00aa003049e2}\r\n\t\t\t{bf9679c5-0de6-11d0-a285-00aa003049e2}\r\n\t\t\t{bf967a61-0de6-11d0-a285-00aa003049e2}\r\n\t\t\t{bf967977-0de6-11d0-a285-00aa003049e2}\r\n\t\t\t{bf96795e-0de6-11d0-a285-00aa003049e2}\r\n\t\t\t{bf9679ea-0de6-11d0-a285-00aa003049e2}\r\n\t\t{ab721a52-1e2f-11d0-9819-00aa0040529b}\r\n\r\n\tRestricted SID Count:\t0","Category":"SAM","Opcode":"Info","SubjectUserSid":"S-1-5-18","SubjectUserName":"WIN-ADFS$","SubjectDomainName":"LUNARSTIIINESS","SubjectLogonId":"0x3e7","ObjectServer":"Security Account Manager","ObjectType":"SAM_DOMAIN","ObjectName":"DC=lunarstiiiness,DC=com","HandleId":"0x25f9bb97d50","TransactionId":"{00000000-0000-0000-0000-000000000000}","AccessList":"%%1537\r\n\t\t\t\t%%1538\r\n\t\t\t\t%%1539\r\n\t\t\t\t%%1540\r\n\t\t\t\t%%5392\r\n\t\t\t\t%%5393\r\n\t\t\t\t%%5394\r\n\t\t\t\t%%5395\r\n\t\t\t\t%%5396\r\n\t\t\t\t%%5397\r\n\t\t\t\t%%5398\r\n\t\t\t\t%%5399\r\n\t\t\t\t%%5400\r\n\t\t\t\t","AccessReason":"-","AccessMask":"0xf01ff","PrivilegeList":"-","Properties":"---\r\n\t{19195a5a-6da0-11d0-afd3-00c04fd930c9}\r\n%%1537\r\n%%1538\r\n%%1539\r\n%%1540\r\n%%5392\r\n%%5393\r\n%%5394\r\n%%5395\r\n%%5396\r\n%%5397\r\n%%5398\r\n%%5399\r\n%%5400\r\n\t\t{c7407360-20bf-11d0-a768-00aa006e0529}\r\n\t\t\t{bf9679a4-0de6-11d0-a285-00aa003049e2}\r\n\t\t\t{bf9679a5-0de6-11d0-a285-00aa003049e2}\r\n\t\t\t{bf9679a6-0de6-11d0-a285-00aa003049e2}\r\n\t\t\t{bf9679bb-0de6-11d0-a285-00aa003049e2}\r\n\t\t\t{bf9679c2-0de6-11d0-a285-00aa003049e2}\r\n\t\t\t{bf9679c3-0de6-11d0-a285-00aa003049e2}\r\n\t\t\t{bf967a09-0de6-11d0-a285-00aa003049e2}\r\n\t\t\t{bf967a0b-0de6-11d0-a285-00aa003049e2}\r\n\t\t{b8119fd0-04f6-4762-ab7a-4986c76b3f9a}\r\n\t\t\t{bf967a34-0de6-11d0-a285-00aa003049e2}\r\n\t\t\t{bf967a33-0de6-11d0-a285-00aa003049e2}\r\n\t\t\t{bf9679c5-0de6-11d0-a285-00aa003049e2}\r\n\t\t\t{bf967a61-0de6-11d0-a285-00aa003049e2}\r\n\t\t\t{bf967977-0de6-11d0-a285-00aa003049e2}\r\n\t\t\t{bf96795e-0de6-11d0-a285-00aa003049e2}\r\n\t\t\t{bf9679ea-0de6-11d0-a285-00aa003049e2}\r\n\t\t{ab721a52-1e2f-11d0-9819-00aa0040529b}\r\n","RestrictedSidCount":"0","ProcessName":"C:\\Windows\\System32\\lsass.exe","EventReceivedTime":1687289452,"SourceModuleName":"windows_security_eventlog","SourceModuleType":"im_msvistalog"}
<14>Jun 20 19:30:52 win-adfs.lunarstiiiness.com Microsoft-Windows-Security-Auditing[4]: {"EventTime":1687289451,"Hostname":"win-adfs.lunarstiiiness.com","Keywords":-9214364837600034816,"EventType":"AUDIT_SUCCESS","SeverityValue":2,"Severity":"INFO","EventID":4661,"SourceName":"Microsoft-Windows-Security-Auditing","ProviderGuid":"{54849625-5478-4994-A5BA-3E3B0328C30D}","Version":1,"Task":12803,"OpcodeValue":0,"RecordNumber":53872531,"ProcessID":4,"ThreadID":9836,"Channel":"Security","Message":"A handle to an object was requested.\r\n\r\nSubject :\r\n\tSecurity ID:\t\tS-1-5-18\r\n\tAccount Name:\t\tWIN-ADFS$\r\n\tAccount Domain:\t\tLUNARSTIIINESS\r\n\tLogon ID:\t\t0x3E7\r\n\r\nObject:\r\n\tObject Server:\tSecurity Account Manager\r\n\tObject Type:\tSAM_DOMAIN\r\n\tObject Name:\tDC=lunarstiiiness,DC=com\r\n\tHandle ID:\t0x25f9bb99150\r\n\r\nProcess Information:\r\n\tProcess ID:\t0x264\r\n\tProcess Name:\tC:\\Windows\\System32\\lsass.exe\r\n\r\nAccess Request Information:\r\n\tTransaction ID:\t{00000000-0000-0000-0000-000000000000}\r\n\tAccesses:\tDELETE\r\n\t\t\t\tREAD_CONTROL\r\n\t\t\t\tWRITE_DAC\r\n\t\t\t\tWRITE_OWNER\r\n\t\t\t\tReadPasswordParameters\r\n\t\t\t\tWritePasswordParameters\r\n\t\t\t\tReadOtherParameters\r\n\t\t\t\tWriteOtherParameters\r\n\t\t\t\tCreateUser\r\n\t\t\t\tCreateGlobalGroup\r\n\t\t\t\tCreateLocalGroup\r\n\t\t\t\tGetLocalGroupMembership\r\n\t\t\t\tListAccounts\r\n\t\t\t\t\r\n\tAccess Reasons:\t\t-\r\n\tAccess Mask:\t0xF01FF\r\n\tPrivileges Used for Access Check:\t-\r\n\tProperties:\t---\r\n\t{19195a5a-6da0-11d0-afd3-00c04fd930c9}\r\nDELETE\r\nREAD_CONTROL\r\nWRITE_DAC\r\nWRITE_OWNER\r\nReadPasswordParameters\r\nWritePasswordParameters\r\nReadOtherParameters\r\nWriteOtherParameters\r\nCreateUser\r\nCreateGlobalGroup\r\nCreateLocalGroup\r\nGetLocalGroupMembership\r\nListAccounts\r\n\t\t{c7407360-20bf-11d0-a768-00aa006e0529}\r\n\t\t\t{bf9679a4-0de6-11d0-a285-00aa003049e2}\r\n\t\t\t{bf9679a5-0de6-11d0-a285-00aa003049e2}\r\n\t\t\t{bf9679a6-0de6-11d0-a285-00aa003049e2}\r\n\t\t\t{bf9679bb-0de6-11d0-a285-00aa003049e2}\r\n\t\t\t{bf9679c2-0de6-11d0-a285-00aa003049e2}\r\n\t\t\t{bf9679c3-0de6-11d0-a285-00aa003049e2}\r\n\t\t\t{bf967a09-0de6-11d0-a285-00aa003049e2}\r\n\t\t\t{bf967a0b-0de6-11d0-a285-00aa003049e2}\r\n\t\t{b8119fd0-04f6-4762-ab7a-4986c76b3f9a}\r\n\t\t\t{bf967a34-0de6-11d0-a285-00aa003049e2}\r\n\t\t\t{bf967a33-0de6-11d0-a285-00aa003049e2}\r\n\t\t\t{bf9679c5-0de6-11d0-a285-00aa003049e2}\r\n\t\t\t{bf967a61-0de6-11d0-a285-00aa003049e2}\r\n\t\t\t{bf967977-0de6-11d0-a285-00aa003049e2}\r\n\t\t\t{bf96795e-0de6-11d0-a285-00aa003049e2}\r\n\t\t\t{bf9679ea-0de6-11d0-a285-00aa003049e2}\r\n\t\t{ab721a52-1e2f-11d0-9819-00aa0040529b}\r\n\r\n\tRestricted SID Count:\t0","Category":"SAM","Opcode":"Info","SubjectUserSid":"S-1-5-18","SubjectUserName":"WIN-ADFS$","SubjectDomainName":"LUNARSTIIINESS","SubjectLogonId":"0x3e7","ObjectServer":"Security Account Manager","ObjectType":"SAM_DOMAIN","ObjectName":"DC=lunarstiiiness,DC=com","HandleId":"0x25f9bb99150","TransactionId":"{00000000-0000-0000-0000-000000000000}","AccessList":"%%1537\r\n\t\t\t\t%%1538\r\n\t\t\t\t%%1539\r\n\t\t\t\t%%1540\r\n\t\t\t\t%%5392\r\n\t\t\t\t%%5393\r\n\t\t\t\t%%5394\r\n\t\t\t\t%%5395\r\n\t\t\t\t%%5396\r\n\t\t\t\t%%5397\r\n\t\t\t\t%%5398\r\n\t\t\t\t%%5399\r\n\t\t\t\t%%5400\r\n\t\t\t\t","AccessReason":"-","AccessMask":"0xf01ff","PrivilegeList":"-","Properties":"---\r\n\t{19195a5a-6da0-11d0-afd3-00c04fd930c9}\r\n%%1537\r\n%%1538\r\n%%1539\r\n%%1540\r\n%%5392\r\n%%5393\r\n%%5394\r\n%%5395\r\n%%5396\r\n%%5397\r\n%%5398\r\n%%5399\r\n%%5400\r\n\t\t{c7407360-20bf-11d0-a768-00aa006e0529}\r\n\t\t\t{bf9679a4-0de6-11d0-a285-00aa003049e2}\r\n\t\t\t{bf9679a5-0de6-11d0-a285-00aa003049e2}\r\n\t\t\t{bf9679a6-0de6-11d0-a285-00aa003049e2}\r\n\t\t\t{bf9679bb-0de6-11d0-a285-00aa003049e2}\r\n\t\t\t{bf9679c2-0de6-11d0-a285-00aa003049e2}\r\n\t\t\t{bf9679c3-0de6-11d0-a285-00aa003049e2}\r\n\t\t\t{bf967a09-0de6-11d0-a285-00aa003049e2}\r\n\t\t\t{bf967a0b-0de6-11d0-a285-00aa003049e2}\r\n\t\t{b8119fd0-04f6-4762-ab7a-4986c76b3f9a}\r\n\t\t\t{bf967a34-0de6-11d0-a285-00aa003049e2}\r\n\t\t\t{bf967a33-0de6-11d0-a285-00aa003049e2}\r\n\t\t\t{bf9679c5-0de6-11d0-a285-00aa003049e2}\r\n\t\t\t{bf967a61-0de6-11d0-a285-00aa003049e2}\r\n\t\t\t{bf967977-0de6-11d0-a285-00aa003049e2}\r\n\t\t\t{bf96795e-0de6-11d0-a285-00aa003049e2}\r\n\t\t\t{bf9679ea-0de6-11d0-a285-00aa003049e2}\r\n\t\t{ab721a52-1e2f-11d0-9819-00aa0040529b}\r\n","RestrictedSidCount":"0","ProcessName":"C:\\Windows\\System32\\lsass.exe","EventReceivedTime":1687289452,"SourceModuleName":"windows_security_eventlog","SourceModuleType":"im_msvistalog"}
<14>Jun 20 19:30:52 win-adfs.lunarstiiiness.com Microsoft-Windows-Security-Auditing[4]: {"EventTime":1687289451,"Hostname":"win-adfs.lunarstiiiness.com","Keywords":-9214364837600034816,"EventType":"AUDIT_SUCCESS","SeverityValue":2,"Severity":"INFO","EventID":4661,"SourceName":"Microsoft-Windows-Security-Auditing","ProviderGuid":"{54849625-5478-4994-A5BA-3E3B0328C30D}","Version":1,"Task":12803,"OpcodeValue":0,"RecordNumber":53872523,"ProcessID":4,"ThreadID":9836,"Channel":"Security","Message":"A handle to an object was requested.\r\n\r\nSubject :\r\n\tSecurity ID:\t\tS-1-5-18\r\n\tAccount Name:\t\tWIN-ADFS$\r\n\tAccount Domain:\t\tLUNARSTIIINESS\r\n\tLogon ID:\t\t0x3E7\r\n\r\nObject:\r\n\tObject Server:\tSecurity Account Manager\r\n\tObject Type:\tSAM_DOMAIN\r\n\tObject Name:\tDC=lunarstiiiness,DC=com\r\n\tHandle ID:\t0x25f9bb96450\r\n\r\nProcess Information:\r\n\tProcess ID:\t0x264\r\n\tProcess Name:\tC:\\Windows\\System32\\lsass.exe\r\n\r\nAccess Request Information:\r\n\tTransaction ID:\t{00000000-0000-0000-0000-000000000000}\r\n\tAccesses:\tDELETE\r\n\t\t\t\tREAD_CONTROL\r\n\t\t\t\tWRITE_DAC\r\n\t\t\t\tWRITE_OWNER\r\n\t\t\t\tReadPasswordParameters\r\n\t\t\t\tWritePasswordParameters\r\n\t\t\t\tReadOtherParameters\r\n\t\t\t\tWriteOtherParameters\r\n\t\t\t\tCreateUser\r\n\t\t\t\tCreateGlobalGroup\r\n\t\t\t\tCreateLocalGroup\r\n\t\t\t\tGetLocalGroupMembership\r\n\t\t\t\tListAccounts\r\n\t\t\t\t\r\n\tAccess Reasons:\t\t-\r\n\tAccess Mask:\t0xF01FF\r\n\tPrivileges Used for Access Check:\t-\r\n\tProperties:\t---\r\n\t{19195a5a-6da0-11d0-afd3-00c04fd930c9}\r\nDELETE\r\nREAD_CONTROL\r\nWRITE_DAC\r\nWRITE_OWNER\r\nReadPasswordParameters\r\nWritePasswordParameters\r\nReadOtherParameters\r\nWriteOtherParameters\r\nCreateUser\r\nCreateGlobalGroup\r\nCreateLocalGroup\r\nGetLocalGroupMembership\r\nListAccounts\r\n\t\t{c7407360-20bf-11d0-a768-00aa006e0529}\r\n\t\t\t{bf9679a4-0de6-11d0-a285-00aa003049e2}\r\n\t\t\t{bf9679a5-0de6-11d0-a285-00aa003049e2}\r\n\t\t\t{bf9679a6-0de6-11d0-a285-00aa003049e2}\r\n\t\t\t{bf9679bb-0de6-11d0-a285-00aa003049e2}\r\n\t\t\t{bf9679c2-0de6-11d0-a285-00aa003049e2}\r\n\t\t\t{bf9679c3-0de6-11d0-a285-00aa003049e2}\r\n\t\t\t{bf967a09-0de6-11d0-a285-00aa003049e2}\r\n\t\t\t{bf967a0b-0de6-11d0-a285-00aa003049e2}\r\n\t\t{b8119fd0-04f6-4762-ab7a-4986c76b3f9a}\r\n\t\t\t{bf967a34-0de6-11d0-a285-00aa003049e2}\r\n\t\t\t{bf967a33-0de6-11d0-a285-00aa003049e2}\r\n\t\t\t{bf9679c5-0de6-11d0-a285-00aa003049e2}\r\n\t\t\t{bf967a61-0de6-11d0-a285-00aa003049e2}\r\n\t\t\t{bf967977-0de6-11d0-a285-00aa003049e2}\r\n\t\t\t{bf96795e-0de6-11d0-a285-00aa003049e2}\r\n\t\t\t{bf9679ea-0de6-11d0-a285-00aa003049e2}\r\n\t\t{ab721a52-1e2f-11d0-9819-00aa0040529b}\r\n\r\n\tRestricted SID Count:\t0","Category":"SAM","Opcode":"Info","SubjectUserSid":"S-1-5-18","SubjectUserName":"WIN-ADFS$","SubjectDomainName":"LUNARSTIIINESS","SubjectLogonId":"0x3e7","ObjectServer":"Security Account Manager","ObjectType":"SAM_DOMAIN","ObjectName":"DC=lunarstiiiness,DC=com","HandleId":"0x25f9bb96450","TransactionId":"{00000000-0000-0000-0000-000000000000}","AccessList":"%%1537\r\n\t\t\t\t%%1538\r\n\t\t\t\t%%1539\r\n\t\t\t\t%%1540\r\n\t\t\t\t%%5392\r\n\t\t\t\t%%5393\r\n\t\t\t\t%%5394\r\n\t\t\t\t%%5395\r\n\t\t\t\t%%5396\r\n\t\t\t\t%%5397\r\n\t\t\t\t%%5398\r\n\t\t\t\t%%5399\r\n\t\t\t\t%%5400\r\n\t\t\t\t","AccessReason":"-","AccessMask":"0xf01ff","PrivilegeList":"-","Properties":"---\r\n\t{19195a5a-6da0-11d0-afd3-00c04fd930c9}\r\n%%1537\r\n%%1538\r\n%%1539\r\n%%1540\r\n%%5392\r\n%%5393\r\n%%5394\r\n%%5395\r\n%%5396\r\n%%5397\r\n%%5398\r\n%%5399\r\n%%5400\r\n\t\t{c7407360-20bf-11d0-a768-00aa006e0529}\r\n\t\t\t{bf9679a4-0de6-11d0-a285-00aa003049e2}\r\n\t\t\t{bf9679a5-0de6-11d0-a285-00aa003049e2}\r\n\t\t\t{bf9679a6-0de6-11d0-a285-00aa003049e2}\r\n\t\t\t{bf9679bb-0de6-11d0-a285-00aa003049e2}\r\n\t\t\t{bf9679c2-0de6-11d0-a285-00aa003049e2}\r\n\t\t\t{bf9679c3-0de6-11d0-a285-00aa003049e2}\r\n\t\t\t{bf967a09-0de6-11d0-a285-00aa003049e2}\r\n\t\t\t{bf967a0b-0de6-11d0-a285-00aa003049e2}\r\n\t\t{b8119fd0-04f6-4762-ab7a-4986c76b3f9a}\r\n\t\t\t{bf967a34-0de6-11d0-a285-00aa003049e2}\r\n\t\t\t{bf967a33-0de6-11d0-a285-00aa003049e2}\r\n\t\t\t{bf9679c5-0de6-11d0-a285-00aa003049e2}\r\n\t\t\t{bf967a61-0de6-11d0-a285-00aa003049e2}\r\n\t\t\t{bf967977-0de6-11d0-a285-00aa003049e2}\r\n\t\t\t{bf96795e-0de6-11d0-a285-00aa003049e2}\r\n\t\t\t{bf9679ea-0de6-11d0-a285-00aa003049e2}\r\n\t\t{ab721a52-1e2f-11d0-9819-00aa0040529b}\r\n","RestrictedSidCount":"0","ProcessName":"C:\\Windows\\System32\\lsass.exe","EventReceivedTime":1687289452,"SourceModuleName":"windows_security_eventlog","SourceModuleType":"im_msvistalog"}
<14>Jun 20 19:30:52 win-adfs.lunarstiiiness.com Microsoft-Windows-Security-Auditing[4]: {"EventTime":1687289451,"Hostname":"win-adfs.lunarstiiiness.com","Keywords":-9214364837600034816,"EventType":"AUDIT_SUCCESS","SeverityValue":2,"Severity":"INFO","EventID":4658,"SourceName":"Microsoft-Windows-Security-Auditing","ProviderGuid":"{54849625-5478-4994-A5BA-3E3B0328C30D}","Version":0,"Task":12804,"OpcodeValue":0,"RecordNumber":53872534,"ProcessID":4,"ThreadID":9836,"Channel":"Security","Message":"The handle to an object was closed.\r\n\r\nSubject :\r\n\tSecurity ID:\t\tS-1-5-18\r\n\tAccount Name:\t\tWIN-ADFS$\r\n\tAccount Domain:\t\tLUNARSTIIINESS\r\n\tLogon ID:\t\t0x3E7\r\n\r\nObject:\r\n\tObject Server:\t\tSecurity Account Manager\r\n\tHandle ID:\t\t0x25f9bb99150\r\n\r\nProcess Information:\r\n\tProcess ID:\t\t0x264\r\n\tProcess Name:\t\tC:\\Windows\\System32\\lsass.exe","Category":"Other Object Access Events","Opcode":"Info","SubjectUserSid":"S-1-5-18","SubjectUserName":"WIN-ADFS$","SubjectDomainName":"LUNARSTIIINESS","SubjectLogonId":"0x3e7","ObjectServer":"Security Account Manager","HandleId":"0x25f9bb99150","ProcessName":"C:\\Windows\\System32\\lsass.exe","EventReceivedTime":1687289452,"SourceModuleName":"windows_security_eventlog","SourceModuleType":"im_msvistalog"}
<14>Jun 20 19:30:52 win-adfs.lunarstiiiness.com Microsoft-Windows-Security-Auditing[4]: {"EventTime":1687289451,"Hostname":"win-adfs.lunarstiiiness.com","Keywords":-9214364837600034816,"EventType":"AUDIT_SUCCESS","SeverityValue":2,"Severity":"INFO","EventID":4658,"SourceName":"Microsoft-Windows-Security-Auditing","ProviderGuid":"{54849625-5478-4994-A5BA-3E3B0328C30D}","Version":0,"Task":12804,"OpcodeValue":0,"RecordNumber":53872526,"ProcessID":4,"ThreadID":9836,"Channel":"Security","Message":"The handle to an object was closed.\r\n\r\nSubject :\r\n\tSecurity ID:\t\tS-1-5-18\r\n\tAccount Name:\t\tWIN-ADFS$\r\n\tAccount Domain:\t\tLUNARSTIIINESS\r\n\tLogon ID:\t\t0x3E7\r\n\r\nObject:\r\n\tObject Server:\t\tSecurity Account Manager\r\n\tHandle ID:\t\t0x25f9bb96450\r\n\r\nProcess Information:\r\n\tProcess ID:\t\t0x264\r\n\tProcess Name:\t\tC:\\Windows\\System32\\lsass.exe","Category":"Other Object Access Events","Opcode":"Info","SubjectUserSid":"S-1-5-18","SubjectUserName":"WIN-ADFS$","SubjectDomainName":"LUNARSTIIINESS","SubjectLogonId":"0x3e7","ObjectServer":"Security Account Manager","HandleId":"0x25f9bb96450","ProcessName":"C:\\Windows\\System32\\lsass.exe","EventReceivedTime":1687289452,"SourceModuleName":"windows_security_eventlog","SourceModuleType":"im_msvistalog"}
<14>Jun 20 19:30:52 win-adfs.lunarstiiiness.com Microsoft-Windows-Security-Auditing[4]: {"EventTime":1687289451,"Hostname":"win-adfs.lunarstiiiness.com","Keywords":-9214364837600034816,"EventType":"AUDIT_SUCCESS","SeverityValue":2,"Severity":"INFO","EventID":4658,"SourceName":"Microsoft-Windows-Security-Auditing","ProviderGuid":"{54849625-5478-4994-A5BA-3E3B0328C30D}","Version":0,"Task":12804,"OpcodeValue":0,"RecordNumber":53872536,"ProcessID":4,"ThreadID":9836,"Channel":"Security","Message":"The handle to an object was closed.\r\n\r\nSubject :\r\n\tSecurity ID:\t\tS-1-5-18\r\n\tAccount Name:\t\tWIN-ADFS$\r\n\tAccount Domain:\t\tLUNARSTIIINESS\r\n\tLogon ID:\t\t0x3E7\r\n\r\nObject:\r\n\tObject Server:\t\tSecurity Account Manager\r\n\tHandle ID:\t\t0x25f9bb96e50\r\n\r\nProcess Information:\r\n\tProcess ID:\t\t0x264\r\n\tProcess Name:\t\tC:\\Windows\\System32\\lsass.exe","Category":"Other Object Access Events","Opcode":"Info","SubjectUserSid":"S-1-5-18","SubjectUserName":"WIN-ADFS$","SubjectDomainName":"LUNARSTIIINESS","SubjectLogonId":"0x3e7","ObjectServer":"Security Account Manager","HandleId":"0x25f9bb96e50","ProcessName":"C:\\Windows\\System32\\lsass.exe","EventReceivedTime":1687289452,"SourceModuleName":"windows_security_eventlog","SourceModuleType":"im_msvistalog"}
<14>Jun 20 19:30:52 win-adfs.lunarstiiiness.com Microsoft-Windows-Security-Auditing[4]: {"EventTime":1687289451,"Hostname":"win-adfs.lunarstiiiness.com","Keywords":-9214364837600034816,"EventType":"AUDIT_SUCCESS","SeverityValue":2,"Severity":"INFO","EventID":4661,"SourceName":"Microsoft-Windows-Security-Auditing","ProviderGuid":"{54849625-5478-4994-A5BA-3E3B0328C30D}","Version":1,"Task":12803,"OpcodeValue":0,"RecordNumber":53872517,"ProcessID":4,"ThreadID":9836,"Channel":"Security","Message":"A handle to an object was requested.\r\n\r\nSubject :\r\n\tSecurity ID:\t\tS-1-5-18\r\n\tAccount Name:\t\tWIN-ADFS$\r\n\tAccount Domain:\t\tLUNARSTIIINESS\r\n\tLogon ID:\t\t0x3E7\r\n\r\nObject:\r\n\tObject Server:\tSecurity Account Manager\r\n\tObject Type:\tSAM_DOMAIN\r\n\tObject Name:\tDC=lunarstiiiness,DC=com\r\n\tHandle ID:\t0x25f9bb96450\r\n\r\nProcess Information:\r\n\tProcess ID:\t0x264\r\n\tProcess Name:\tC:\\Windows\\System32\\lsass.exe\r\n\r\nAccess Request Information:\r\n\tTransaction ID:\t{00000000-0000-0000-0000-000000000000}\r\n\tAccesses:\tDELETE\r\n\t\t\t\tREAD_CONTROL\r\n\t\t\t\tWRITE_DAC\r\n\t\t\t\tWRITE_OWNER\r\n\t\t\t\tReadPasswordParameters\r\n\t\t\t\tWritePasswordParameters\r\n\t\t\t\tReadOtherParameters\r\n\t\t\t\tWriteOtherParameters\r\n\t\t\t\tCreateUser\r\n\t\t\t\tCreateGlobalGroup\r\n\t\t\t\tCreateLocalGroup\r\n\t\t\t\tGetLocalGroupMembership\r\n\t\t\t\tListAccounts\r\n\t\t\t\t\r\n\tAccess Reasons:\t\t-\r\n\tAccess Mask:\t0xF01FF\r\n\tPrivileges Used for Access Check:\t-\r\n\tProperties:\t---\r\n\t{19195a5a-6da0-11d0-afd3-00c04fd930c9}\r\nDELETE\r\nREAD_CONTROL\r\nWRITE_DAC\r\nWRITE_OWNER\r\nReadPasswordParameters\r\nWritePasswordParameters\r\nReadOtherParameters\r\nWriteOtherParameters\r\nCreateUser\r\nCreateGlobalGroup\r\nCreateLocalGroup\r\nGetLocalGroupMembership\r\nListAccounts\r\n\t\t{c7407360-20bf-11d0-a768-00aa006e0529}\r\n\t\t\t{bf9679a4-0de6-11d0-a285-00aa003049e2}\r\n\t\t\t{bf9679a5-0de6-11d0-a285-00aa003049e2}\r\n\t\t\t{bf9679a6-0de6-11d0-a285-00aa003049e2}\r\n\t\t\t{bf9679bb-0de6-11d0-a285-00aa003049e2}\r\n\t\t\t{bf9679c2-0de6-11d0-a285-00aa003049e2}\r\n\t\t\t{bf9679c3-0de6-11d0-a285-00aa003049e2}\r\n\t\t\t{bf967a09-0de6-11d0-a285-00aa003049e2}\r\n\t\t\t{bf967a0b-0de6-11d0-a285-00aa003049e2}\r\n\t\t{b8119fd0-04f6-4762-ab7a-4986c76b3f9a}\r\n\t\t\t{bf967a34-0de6-11d0-a285-00aa003049e2}\r\n\t\t\t{bf967a33-0de6-11d0-a285-00aa003049e2}\r\n\t\t\t{bf9679c5-0de6-11d0-a285-00aa003049e2}\r\n\t\t\t{bf967a61-0de6-11d0-a285-00aa003049e2}\r\n\t\t\t{bf967977-0de6-11d0-a285-00aa003049e2}\r\n\t\t\t{bf96795e-0de6-11d0-a285-00aa003049e2}\r\n\t\t\t{bf9679ea-0de6-11d0-a285-00aa003049e2}\r\n\t\t{ab721a52-1e2f-11d0-9819-00aa0040529b}\r\n\r\n\tRestricted SID Count:\t0","Category":"SAM","Opcode":"Info","SubjectUserSid":"S-1-5-18","SubjectUserName":"WIN-ADFS$","SubjectDomainName":"LUNARSTIIINESS","SubjectLogonId":"0x3e7","ObjectServer":"Security Account Manager","ObjectType":"SAM_DOMAIN","ObjectName":"DC=lunarstiiiness,DC=com","HandleId":"0x25f9bb96450","TransactionId":"{00000000-0000-0000-0000-000000000000}","AccessList":"%%1537\r\n\t\t\t\t%%1538\r\n\t\t\t\t%%1539\r\n\t\t\t\t%%1540\r\n\t\t\t\t%%5392\r\n\t\t\t\t%%5393\r\n\t\t\t\t%%5394\r\n\t\t\t\t%%5395\r\n\t\t\t\t%%5396\r\n\t\t\t\t%%5397\r\n\t\t\t\t%%5398\r\n\t\t\t\t%%5399\r\n\t\t\t\t%%5400\r\n\t\t\t\t","AccessReason":"-","AccessMask":"0xf01ff","PrivilegeList":"-","Properties":"---\r\n\t{19195a5a-6da0-11d0-afd3-00c04fd930c9}\r\n%%1537\r\n%%1538\r\n%%1539\r\n%%1540\r\n%%5392\r\n%%5393\r\n%%5394\r\n%%5395\r\n%%5396\r\n%%5397\r\n%%5398\r\n%%5399\r\n%%5400\r\n\t\t{c7407360-20bf-11d0-a768-00aa006e0529}\r\n\t\t\t{bf9679a4-0de6-11d0-a285-00aa003049e2}\r\n\t\t\t{bf9679a5-0de6-11d0-a285-00aa003049e2}\r\n\t\t\t{bf9679a6-0de6-11d0-a285-00aa003049e2}\r\n\t\t\t{bf9679bb-0de6-11d0-a285-00aa003049e2}\r\n\t\t\t{bf9679c2-0de6-11d0-a285-00aa003049e2}\r\n\t\t\t{bf9679c3-0de6-11d0-a285-00aa003049e2}\r\n\t\t\t{bf967a09-0de6-11d0-a285-00aa003049e2}\r\n\t\t\t{bf967a0b-0de6-11d0-a285-00aa003049e2}\r\n\t\t{b8119fd0-04f6-4762-ab7a-4986c76b3f9a}\r\n\t\t\t{bf967a34-0de6-11d0-a285-00aa003049e2}\r\n\t\t\t{bf967a33-0de6-11d0-a285-00aa003049e2}\r\n\t\t\t{bf9679c5-0de6-11d0-a285-00aa003049e2}\r\n\t\t\t{bf967a61-0de6-11d0-a285-00aa003049e2}\r\n\t\t\t{bf967977-0de6-11d0-a285-00aa003049e2}\r\n\t\t\t{bf96795e-0de6-11d0-a285-00aa003049e2}\r\n\t\t\t{bf9679ea-0de6-11d0-a285-00aa003049e2}\r\n\t\t{ab721a52-1e2f-11d0-9819-00aa0040529b}\r\n","RestrictedSidCount":"0","ProcessName":"C:\\Windows\\System32\\lsass.exe","EventReceivedTime":1687289452,"SourceModuleName":"windows_security_eventlog","SourceModuleType":"im_msvistalog"}
<14>Jun 20 19:30:52 win-adfs.lunarstiiiness.com Microsoft-Windows-Security-Auditing[4]: {"EventTime":1687289451,"Hostname":"win-adfs.lunarstiiiness.com","Keywords":-9214364837600034816,"EventType":"AUDIT_SUCCESS","SeverityValue":2,"Severity":"INFO","EventID":4658,"SourceName":"Microsoft-Windows-Security-Auditing","ProviderGuid":"{54849625-5478-4994-A5BA-3E3B0328C30D}","Version":0,"Task":12804,"OpcodeValue":0,"RecordNumber":53872520,"ProcessID":4,"ThreadID":9836,"Channel":"Security","Message":"The handle to an object was closed.\r\n\r\nSubject :\r\n\tSecurity ID:\t\tS-1-5-18\r\n\tAccount Name:\t\tWIN-ADFS$\r\n\tAccount Domain:\t\tLUNARSTIIINESS\r\n\tLogon ID:\t\t0x3E7\r\n\r\nObject:\r\n\tObject Server:\t\tSecurity Account Manager\r\n\tHandle ID:\t\t0x25f9bb96450\r\n\r\nProcess Information:\r\n\tProcess ID:\t\t0x264\r\n\tProcess Name:\t\tC:\\Windows\\System32\\lsass.exe","Category":"Other Object Access Events","Opcode":"Info","SubjectUserSid":"S-1-5-18","SubjectUserName":"WIN-ADFS$","SubjectDomainName":"LUNARSTIIINESS","SubjectLogonId":"0x3e7","ObjectServer":"Security Account Manager","HandleId":"0x25f9bb96450","ProcessName":"C:\\Windows\\System32\\lsass.exe","EventReceivedTime":1687289452,"SourceModuleName":"windows_security_eventlog","SourceModuleType":"im_msvistalog"}
<14>Jun 20 19:30:52 win-adfs.lunarstiiiness.com Microsoft-Windows-Security-Auditing[4]: {"EventTime":1687289451,"Hostname":"win-adfs.lunarstiiiness.com","Keywords":-9214364837600034816,"EventType":"AUDIT_SUCCESS","SeverityValue":2,"Severity":"INFO","EventID":4658,"SourceName":"Microsoft-Windows-Security-Auditing","ProviderGuid":"{54849625-5478-4994-A5BA-3E3B0328C30D}","Version":0,"Task":12804,"OpcodeValue":0,"RecordNumber":53872519,"ProcessID":4,"ThreadID":9836,"Channel":"Security","Message":"The handle to an object was closed.\r\n\r\nSubject :\r\n\tSecurity ID:\t\tS-1-5-18\r\n\tAccount Name:\t\tWIN-ADFS$\r\n\tAccount Domain:\t\tLUNARSTIIINESS\r\n\tLogon ID:\t\t0x3E7\r\n\r\nObject:\r\n\tObject Server:\t\tSecurity Account Manager\r\n\tHandle ID:\t\t0x25f9bb99b50\r\n\r\nProcess Information:\r\n\tProcess ID:\t\t0x264\r\n\tProcess Name:\t\tC:\\Windows\\System32\\lsass.exe","Category":"Other Object Access Events","Opcode":"Info","SubjectUserSid":"S-1-5-18","SubjectUserName":"WIN-ADFS$","SubjectDomainName":"LUNARSTIIINESS","SubjectLogonId":"0x3e7","ObjectServer":"Security Account Manager","HandleId":"0x25f9bb99b50","ProcessName":"C:\\Windows\\System32\\lsass.exe","EventReceivedTime":1687289452,"SourceModuleName":"windows_security_eventlog","SourceModuleType":"im_msvistalog"}
<14>Jun 20 19:30:52 win-adfs.lunarstiiiness.com Microsoft-Windows-Security-Auditing[4]: {"EventTime":1687289451,"Hostname":"win-adfs.lunarstiiiness.com","Keywords":-9214364837600034816,"EventType":"AUDIT_SUCCESS","SeverityValue":2,"Severity":"INFO","EventID":4658,"SourceName":"Microsoft-Windows-Security-Auditing","ProviderGuid":"{54849625-5478-4994-A5BA-3E3B0328C30D}","Version":0,"Task":12804,"OpcodeValue":0,"RecordNumber":53872530,"ProcessID":4,"ThreadID":9836,"Channel":"Security","Message":"The handle to an object was closed.\r\n\r\nSubject :\r\n\tSecurity ID:\t\tS-1-5-18\r\n\tAccount Name:\t\tWIN-ADFS$\r\n\tAccount Domain:\t\tLUNARSTIIINESS\r\n\tLogon ID:\t\t0x3E7\r\n\r\nObject:\r\n\tObject Server:\t\tSecurity Account Manager\r\n\tHandle ID:\t\t0x25f9bb97d50\r\n\r\nProcess Information:\r\n\tProcess ID:\t\t0x264\r\n\tProcess Name:\t\tC:\\Windows\\System32\\lsass.exe","Category":"Other Object Access Events","Opcode":"Info","SubjectUserSid":"S-1-5-18","SubjectUserName":"WIN-ADFS$","SubjectDomainName":"LUNARSTIIINESS","SubjectLogonId":"0x3e7","ObjectServer":"Security Account Manager","HandleId":"0x25f9bb97d50","ProcessName":"C:\\Windows\\System32\\lsass.exe","EventReceivedTime":1687289452,"SourceModuleName":"windows_security_eventlog","SourceModuleType":"im_msvistalog"}
