<14>Jun 20 19:29:57 win-adfs.lunarstiiiness.com Microsoft-Windows-Security-Auditing[4]: {"EventTime":1687289396,"Hostname":"win-adfs.lunarstiiiness.com","Keywords":-9214364837600034816,"EventType":"AUDIT_SUCCESS","SeverityValue":2,"Severity":"INFO","EventID":4690,"SourceName":"Microsoft-Windows-Security-Auditing","ProviderGuid":"{54849625-5478-4994-A5BA-3E3B0328C30D}","Version":0,"Task":12807,"OpcodeValue":0,"RecordNumber":53872387,"ProcessID":4,"ThreadID":6096,"Channel":"Security","Message":"An attempt was made to duplicate a handle to an object.\r\n\r\nSubject:\r\n\tSecurity ID:\t\tS-1-5-21-3263964631-4121654051-1417071188-1116\r\n\tAccount Name:\t\ttim.smith_admin\r\n\tAccount Domain:\t\tLUNARSTIIINESS\r\n\tLogon ID:\t\t0x3920258\r\n\r\nSource Handle Information:\r\n\tSource Handle ID:\t0x6c4\r\n\tSource Process ID:\t0x2148\r\n\r\nNew Handle Information:\r\n\tTarget Handle ID:\t0x2a80\r\n\tTarget Process ID:\t0x4","Category":"Handle Manipulation","Opcode":"Info","SubjectUserSid":"S-1-5-21-3263964631-4121654051-1417071188-1116","SubjectUserName":"tim.smith_admin","SubjectDomainName":"LUNARSTIIINESS","SubjectLogonId":"0x3920258","SourceHandleId":"0x6c4","SourceProcessId":"0x2148","TargetHandleId":"0x2a80","TargetProcessId":"0x4","EventReceivedTime":1687289397,"SourceModuleName":"windows_security_eventlog","SourceModuleType":"im_msvistalog"}
<14>Jun 20 19:29:57 win-adfs.lunarstiiiness.com Microsoft-Windows-Security-Auditing[4]: {"EventTime":1687289396,"Hostname":"win-adfs.lunarstiiiness.com","Keywords":-9214364837600034816,"EventType":"AUDIT_SUCCESS","SeverityValue":2,"Severity":"INFO","EventID":4656,"SourceName":"Microsoft-Windows-Security-Auditing","ProviderGuid":"{54849625-5478-4994-A5BA-3E3B0328C30D}","Version":1,"Task":12801,"OpcodeValue":0,"RecordNumber":53872389,"ProcessID":4,"ThreadID":6096,"Channel":"Security","Message":"A handle to an object was requested.\r\n\r\nSubject:\r\n\tSecurity ID:\t\tS-1-5-21-3263964631-4121654051-1417071188-1116\r\n\tAccount Name:\t\ttim.smith_admin\r\n\tAccount Domain:\t\tLUNARSTIIINESS\r\n\tLogon ID:\t\t0x3920258\r\n\r\nObject:\r\n\tObject Server:\t\tSecurity\r\n\tObject Type:\t\tKey\r\n\tObject Name:\t\t\\REGISTRY\\MACHINE\\SOFTWARE\\Microsoft\\Windows\\CurrentVersion\\WSMAN\r\n\tHandle ID:\t\t0x6c4\r\n\tResource Attributes:\t-\r\n\r\nProcess Information:\r\n\tProcess ID:\t\t0x2148\r\n\tProcess Name:\t\tC:\\Program Files\\Microsoft Azure Active Directory Connect\\AzureADConnect.exe\r\n\r\nAccess Request Information:\r\n\tTransaction ID:\t\t{00000000-0000-0000-0000-000000000000}\r\n\tAccesses:\t\tREAD_CONTROL\r\n\t\t\t\tQuery key value\r\n\t\t\t\tEnumerate sub-keys\r\n\t\t\t\tNotify about changes to keys\r\n\t\t\t\t\r\n\tAccess Reasons:\t\t-\r\n\tAccess Mask:\t\t0x20019\r\n\tPrivileges Used for Access Check:\t-\r\n\tRestricted SID Count:\t0","Category":"Registry","Opcode":"Info","SubjectUserSid":"S-1-5-21-3263964631-4121654051-1417071188-1116","SubjectUserName":"tim.smith_admin","SubjectDomainName":"LUNARSTIIINESS","SubjectLogonId":"0x3920258","ObjectServer":"Security","ObjectType":"Key","ObjectName":"\\REGISTRY\\MACHINE\\SOFTWARE\\Microsoft\\Windows\\CurrentVersion\\WSMAN","HandleId":"0x6c4","TransactionId":"{00000000-0000-0000-0000-000000000000}","AccessList":"%%1538\r\n\t\t\t\t%%4432\r\n\t\t\t\t%%4435\r\n\t\t\t\t%%4436\r\n\t\t\t\t","AccessReason":"-","AccessMask":"0x20019","PrivilegeList":"-","RestrictedSidCount":"0","ProcessName":"C:\\Program Files\\Microsoft Azure Active Directory Connect\\AzureADConnect.exe","ResourceAttributes":"-","EventReceivedTime":1687289397,"SourceModuleName":"windows_security_eventlog","SourceModuleType":"im_msvistalog"}
<14>Jun 20 19:29:57 win-adfs.lunarstiiiness.com Microsoft-Windows-Security-Auditing[4]: {"EventTime":1687289396,"Hostname":"win-adfs.lunarstiiiness.com","Keywords":-9214364837600034816,"EventType":"AUDIT_SUCCESS","SeverityValue":2,"Severity":"INFO","EventID":4658,"SourceName":"Microsoft-Windows-Security-Auditing","ProviderGuid":"{54849625-5478-4994-A5BA-3E3B0328C30D}","Version":0,"Task":12801,"OpcodeValue":0,"RecordNumber":53872390,"ProcessID":4,"ThreadID":6096,"Channel":"Security","Message":"The handle to an object was closed.\r\n\r\nSubject :\r\n\tSecurity ID:\t\tS-1-5-21-3263964631-4121654051-1417071188-1116\r\n\tAccount Name:\t\ttim.smith_admin\r\n\tAccount Domain:\t\tLUNARSTIIINESS\r\n\tLogon ID:\t\t0x3920258\r\n\r\nObject:\r\n\tObject Server:\t\tSecurity\r\n\tHandle ID:\t\t0x6c4\r\n\r\nProcess Information:\r\n\tProcess ID:\t\t0x2148\r\n\tProcess Name:\t\tC:\\Program Files\\Microsoft Azure Active Directory Connect\\AzureADConnect.exe","Category":"Registry","Opcode":"Info","SubjectUserSid":"S-1-5-21-3263964631-4121654051-1417071188-1116","SubjectUserName":"tim.smith_admin","SubjectDomainName":"LUNARSTIIINESS","SubjectLogonId":"0x3920258","ObjectServer":"Security","HandleId":"0x6c4","ProcessName":"C:\\Program Files\\Microsoft Azure Active Directory Connect\\AzureADConnect.exe","EventReceivedTime":1687289397,"SourceModuleName":"windows_security_eventlog","SourceModuleType":"im_msvistalog"}
<14>Jun 20 19:29:57 win-adfs.lunarstiiiness.com Microsoft-Windows-Security-Auditing[4]: {"EventTime":1687289396,"Hostname":"win-adfs.lunarstiiiness.com","Keywords":-9214364837600034816,"EventType":"AUDIT_SUCCESS","SeverityValue":2,"Severity":"INFO","EventID":4658,"SourceName":"Microsoft-Windows-Security-Auditing","ProviderGuid":"{54849625-5478-4994-A5BA-3E3B0328C30D}","Version":0,"Task":12801,"OpcodeValue":0,"RecordNumber":53872388,"ProcessID":4,"ThreadID":6096,"Channel":"Security","Message":"The handle to an object was closed.\r\n\r\nSubject :\r\n\tSecurity ID:\t\tS-1-5-21-3263964631-4121654051-1417071188-1116\r\n\tAccount Name:\t\ttim.smith_admin\r\n\tAccount Domain:\t\tLUNARSTIIINESS\r\n\tLogon ID:\t\t0x3920258\r\n\r\nObject:\r\n\tObject Server:\t\tSecurity\r\n\tHandle ID:\t\t0x2a80\r\n\r\nProcess Information:\r\n\tProcess ID:\t\t0x2148\r\n\tProcess Name:\t\tC:\\Program Files\\Microsoft Azure Active Directory Connect\\AzureADConnect.exe","Category":"Registry","Opcode":"Info","SubjectUserSid":"S-1-5-21-3263964631-4121654051-1417071188-1116","SubjectUserName":"tim.smith_admin","SubjectDomainName":"LUNARSTIIINESS","SubjectLogonId":"0x3920258","ObjectServer":"Security","HandleId":"0x2a80","ProcessName":"C:\\Program Files\\Microsoft Azure Active Directory Connect\\AzureADConnect.exe","EventReceivedTime":1687289397,"SourceModuleName":"windows_security_eventlog","SourceModuleType":"im_msvistalog"}
<14>Jun 20 19:30:00 win-adfs.lunarstiiiness.com Microsoft-Windows-Security-Auditing[4]: {"EventTime":1687289398,"Hostname":"win-adfs.lunarstiiiness.com","Keywords":-9214364837600034816,"EventType":"AUDIT_SUCCESS","SeverityValue":2,"Severity":"INFO","EventID":4656,"SourceName":"Microsoft-Windows-Security-Auditing","ProviderGuid":"{54849625-5478-4994-A5BA-3E3B0328C30D}","Version":1,"Task":12801,"OpcodeValue":0,"RecordNumber":53872403,"ProcessID":4,"ThreadID":6096,"Channel":"Security","Message":"A handle to an object was requested.\r\n\r\nSubject:\r\n\tSecurity ID:\t\tS-1-5-21-3263964631-4121654051-1417071188-1116\r\n\tAccount Name:\t\ttim.smith_admin\r\n\tAccount Domain:\t\tLUNARSTIIINESS\r\n\tLogon ID:\t\t0x3920258\r\n\r\nObject:\r\n\tObject Server:\t\tSecurity\r\n\tObject Type:\t\tKey\r\n\tObject Name:\t\t\\REGISTRY\\MACHINE\\SOFTWARE\\Microsoft\\EnterpriseCertificates\\Root\\Certificates\r\n\tHandle ID:\t\t0x690\r\n\tResource Attributes:\t-\r\n\r\nProcess Information:\r\n\tProcess ID:\t\t0x2148\r\n\tProcess Name:\t\tC:\\Program Files\\Microsoft Azure Active Directory Connect\\AzureADConnect.exe\r\n\r\nAccess Request Information:\r\n\tTransaction ID:\t\t{00000000-0000-0000-0000-000000000000}\r\n\tAccesses:\t\tDELETE\r\n\t\t\t\tREAD_CONTROL\r\n\t\t\t\tQuery key value\r\n\t\t\t\tSet key value\r\n\t\t\t\tCreate sub-key\r\n\t\t\t\tEnumerate sub-keys\r\n\t\t\t\tNotify about changes to keys\r\n\t\t\t\t\r\n\tAccess Reasons:\t\t-\r\n\tAccess Mask:\t\t0x3001F\r\n\tPrivileges Used for Access Check:\t-\r\n\tRestricted SID Count:\t0","Category":"Registry","Opcode":"Info","SubjectUserSid":"S-1-5-21-3263964631-4121654051-1417071188-1116","SubjectUserName":"tim.smith_admin","SubjectDomainName":"LUNARSTIIINESS","SubjectLogonId":"0x3920258","ObjectServer":"Security","ObjectType":"Key","ObjectName":"\\REGISTRY\\MACHINE\\SOFTWARE\\Microsoft\\EnterpriseCertificates\\Root\\Certificates","HandleId":"0x690","TransactionId":"{00000000-0000-0000-0000-000000000000}","AccessList":"%%1537\r\n\t\t\t\t%%1538\r\n\t\t\t\t%%4432\r\n\t\t\t\t%%4433\r\n\t\t\t\t%%4434\r\n\t\t\t\t%%4435\r\n\t\t\t\t%%4436\r\n\t\t\t\t","AccessReason":"-","AccessMask":"0x3001f","PrivilegeList":"-","RestrictedSidCount":"0","ProcessName":"C:\\Program Files\\Microsoft Azure Active Directory Connect\\AzureADConnect.exe","ResourceAttributes":"-","EventReceivedTime":1687289400,"SourceModuleName":"windows_security_eventlog","SourceModuleType":"im_msvistalog"}
<14>Jun 20 19:30:00 win-adfs.lunarstiiiness.com Microsoft-Windows-Security-Auditing[4]: {"EventTime":1687289398,"Hostname":"win-adfs.lunarstiiiness.com","Keywords":-9214364837600034816,"EventType":"AUDIT_SUCCESS","SeverityValue":2,"Severity":"INFO","EventID":4658,"SourceName":"Microsoft-Windows-Security-Auditing","ProviderGuid":"{54849625-5478-4994-A5BA-3E3B0328C30D}","Version":0,"Task":12801,"OpcodeValue":0,"RecordNumber":53872394,"ProcessID":4,"ThreadID":6096,"Channel":"Security","Message":"The handle to an object was closed.\r\n\r\nSubject :\r\n\tSecurity ID:\t\tS-1-5-21-3263964631-4121654051-1417071188-1116\r\n\tAccount Name:\t\ttim.smith_admin\r\n\tAccount Domain:\t\tLUNARSTIIINESS\r\n\tLogon ID:\t\t0x3920258\r\n\r\nObject:\r\n\tObject Server:\t\tSecurity\r\n\tHandle ID:\t\t0x1ecc\r\n\r\nProcess Information:\r\n\tProcess ID:\t\t0x2148\r\n\tProcess Name:\t\tC:\\Program Files\\Microsoft Azure Active Directory Connect\\AzureADConnect.exe","Category":"Registry","Opcode":"Info","SubjectUserSid":"S-1-5-21-3263964631-4121654051-1417071188-1116","SubjectUserName":"tim.smith_admin","SubjectDomainName":"LUNARSTIIINESS","SubjectLogonId":"0x3920258","ObjectServer":"Security","HandleId":"0x1ecc","ProcessName":"C:\\Program Files\\Microsoft Azure Active Directory Connect\\AzureADConnect.exe","EventReceivedTime":1687289400,"SourceModuleName":"windows_security_eventlog","SourceModuleType":"im_msvistalog"}
<14>Jun 20 19:30:00 win-adfs.lunarstiiiness.com Microsoft-Windows-Security-Auditing[4]: {"EventTime":1687289398,"Hostname":"win-adfs.lunarstiiiness.com","Keywords":-9214364837600034816,"EventType":"AUDIT_SUCCESS","SeverityValue":2,"Severity":"INFO","EventID":4658,"SourceName":"Microsoft-Windows-Security-Auditing","ProviderGuid":"{54849625-5478-4994-A5BA-3E3B0328C30D}","Version":0,"Task":12801,"OpcodeValue":0,"RecordNumber":53872398,"ProcessID":4,"ThreadID":6096,"Channel":"Security","Message":"The handle to an object was closed.\r\n\r\nSubject :\r\n\tSecurity ID:\t\tS-1-5-21-3263964631-4121654051-1417071188-1116\r\n\tAccount Name:\t\ttim.smith_admin\r\n\tAccount Domain:\t\tLUNARSTIIINESS\r\n\tLogon ID:\t\t0x3920258\r\n\r\nObject:\r\n\tObject Server:\t\tSecurity\r\n\tHandle ID:\t\t0x1ecc\r\n\r\nProcess Information:\r\n\tProcess ID:\t\t0x2148\r\n\tProcess Name:\t\tC:\\Program Files\\Microsoft Azure Active Directory Connect\\AzureADConnect.exe","Category":"Registry","Opcode":"Info","SubjectUserSid":"S-1-5-21-3263964631-4121654051-1417071188-1116","SubjectUserName":"tim.smith_admin","SubjectDomainName":"LUNARSTIIINESS","SubjectLogonId":"0x3920258","ObjectServer":"Security","HandleId":"0x1ecc","ProcessName":"C:\\Program Files\\Microsoft Azure Active Directory Connect\\AzureADConnect.exe","EventReceivedTime":1687289400,"SourceModuleName":"windows_security_eventlog","SourceModuleType":"im_msvistalog"}
<14>Jun 20 19:30:00 win-adfs.lunarstiiiness.com Microsoft-Windows-Security-Auditing[4]: {"EventTime":1687289398,"Hostname":"win-adfs.lunarstiiiness.com","Keywords":-9214364837600034816,"EventType":"AUDIT_SUCCESS","SeverityValue":2,"Severity":"INFO","EventID":4658,"SourceName":"Microsoft-Windows-Security-Auditing","ProviderGuid":"{54849625-5478-4994-A5BA-3E3B0328C30D}","Version":0,"Task":12801,"OpcodeValue":0,"RecordNumber":53872396,"ProcessID":4,"ThreadID":6096,"Channel":"Security","Message":"The handle to an object was closed.\r\n\r\nSubject :\r\n\tSecurity ID:\t\tS-1-5-21-3263964631-4121654051-1417071188-1116\r\n\tAccount Name:\t\ttim.smith_admin\r\n\tAccount Domain:\t\tLUNARSTIIINESS\r\n\tLogon ID:\t\t0x3920258\r\n\r\nObject:\r\n\tObject Server:\t\tSecurity\r\n\tHandle ID:\t\t0x688\r\n\r\nProcess Information:\r\n\tProcess ID:\t\t0x2148\r\n\tProcess Name:\t\tC:\\Program Files\\Microsoft Azure Active Directory Connect\\AzureADConnect.exe","Category":"Registry","Opcode":"Info","SubjectUserSid":"S-1-5-21-3263964631-4121654051-1417071188-1116","SubjectUserName":"tim.smith_admin","SubjectDomainName":"LUNARSTIIINESS","SubjectLogonId":"0x3920258","ObjectServer":"Security","HandleId":"0x688","ProcessName":"C:\\Program Files\\Microsoft Azure Active Directory Connect\\AzureADConnect.exe","EventReceivedTime":1687289400,"SourceModuleName":"windows_security_eventlog","SourceModuleType":"im_msvistalog"}
<14>Jun 20 19:30:00 win-adfs.lunarstiiiness.com Microsoft-Windows-Security-Auditing[4]: {"EventTime":1687289398,"Hostname":"win-adfs.lunarstiiiness.com","Keywords":-9214364837600034816,"EventType":"AUDIT_SUCCESS","SeverityValue":2,"Severity":"INFO","EventID":4656,"SourceName":"Microsoft-Windows-Security-Auditing","ProviderGuid":"{54849625-5478-4994-A5BA-3E3B0328C30D}","Version":1,"Task":12801,"OpcodeValue":0,"RecordNumber":53872395,"ProcessID":4,"ThreadID":6096,"Channel":"Security","Message":"A handle to an object was requested.\r\n\r\nSubject:\r\n\tSecurity ID:\t\tS-1-5-21-3263964631-4121654051-1417071188-1116\r\n\tAccount Name:\t\ttim.smith_admin\r\n\tAccount Domain:\t\tLUNARSTIIINESS\r\n\tLogon ID:\t\t0x3920258\r\n\r\nObject:\r\n\tObject Server:\t\tSecurity\r\n\tObject Type:\t\tKey\r\n\tObject Name:\t\t\\REGISTRY\\MACHINE\\SOFTWARE\\Microsoft\\SystemCertificates\\ROOT\\Certificates\r\n\tHandle ID:\t\t0x688\r\n\tResource Attributes:\t-\r\n\r\nProcess Information:\r\n\tProcess ID:\t\t0x2148\r\n\tProcess Name:\t\tC:\\Program Files\\Microsoft Azure Active Directory Connect\\AzureADConnect.exe\r\n\r\nAccess Request Information:\r\n\tTransaction ID:\t\t{00000000-0000-0000-0000-000000000000}\r\n\tAccesses:\t\tDELETE\r\n\t\t\t\tREAD_CONTROL\r\n\t\t\t\tQuery key value\r\n\t\t\t\tSet key value\r\n\t\t\t\tCreate sub-key\r\n\t\t\t\tEnumerate sub-keys\r\n\t\t\t\tNotify about changes to keys\r\n\t\t\t\t\r\n\tAccess Reasons:\t\t-\r\n\tAccess Mask:\t\t0x3001F\r\n\tPrivileges Used for Access Check:\t-\r\n\tRestricted SID Count:\t0","Category":"Registry","Opcode":"Info","SubjectUserSid":"S-1-5-21-3263964631-4121654051-1417071188-1116","SubjectUserName":"tim.smith_admin","SubjectDomainName":"LUNARSTIIINESS","SubjectLogonId":"0x3920258","ObjectServer":"Security","ObjectType":"Key","ObjectName":"\\REGISTRY\\MACHINE\\SOFTWARE\\Microsoft\\SystemCertificates\\ROOT\\Certificates","HandleId":"0x688","TransactionId":"{00000000-0000-0000-0000-000000000000}","AccessList":"%%1537\r\n\t\t\t\t%%1538\r\n\t\t\t\t%%4432\r\n\t\t\t\t%%4433\r\n\t\t\t\t%%4434\r\n\t\t\t\t%%4435\r\n\t\t\t\t%%4436\r\n\t\t\t\t","AccessReason":"-","AccessMask":"0x3001f","PrivilegeList":"-","RestrictedSidCount":"0","ProcessName":"C:\\Program Files\\Microsoft Azure Active Directory Connect\\AzureADConnect.exe","ResourceAttributes":"-","EventReceivedTime":1687289400,"SourceModuleName":"windows_security_eventlog","SourceModuleType":"im_msvistalog"}
<14>Jun 20 19:30:00 win-adfs.lunarstiiiness.com Microsoft-Windows-Security-Auditing[4]: {"EventTime":1687289398,"Hostname":"win-adfs.lunarstiiiness.com","Keywords":-9214364837600034816,"EventType":"AUDIT_SUCCESS","SeverityValue":2,"Severity":"INFO","EventID":4658,"SourceName":"Microsoft-Windows-Security-Auditing","ProviderGuid":"{54849625-5478-4994-A5BA-3E3B0328C30D}","Version":0,"Task":12801,"OpcodeValue":0,"RecordNumber":53872402,"ProcessID":4,"ThreadID":6096,"Channel":"Security","Message":"The handle to an object was closed.\r\n\r\nSubject :\r\n\tSecurity ID:\t\tS-1-5-21-3263964631-4121654051-1417071188-1116\r\n\tAccount Name:\t\ttim.smith_admin\r\n\tAccount Domain:\t\tLUNARSTIIINESS\r\n\tLogon ID:\t\t0x3920258\r\n\r\nObject:\r\n\tObject Server:\t\tSecurity\r\n\tHandle ID:\t\t0x1cd0\r\n\r\nProcess Information:\r\n\tProcess ID:\t\t0x2148\r\n\tProcess Name:\t\tC:\\Program Files\\Microsoft Azure Active Directory Connect\\AzureADConnect.exe","Category":"Registry","Opcode":"Info","SubjectUserSid":"S-1-5-21-3263964631-4121654051-1417071188-1116","SubjectUserName":"tim.smith_admin","SubjectDomainName":"LUNARSTIIINESS","SubjectLogonId":"0x3920258","ObjectServer":"Security","HandleId":"0x1cd0","ProcessName":"C:\\Program Files\\Microsoft Azure Active Directory Connect\\AzureADConnect.exe","EventReceivedTime":1687289400,"SourceModuleName":"windows_security_eventlog","SourceModuleType":"im_msvistalog"}
<14>Jun 20 19:30:00 win-adfs.lunarstiiiness.com Microsoft-Windows-Security-Auditing[4]: {"EventTime":1687289398,"Hostname":"win-adfs.lunarstiiiness.com","Keywords":-9214364837600034816,"EventType":"AUDIT_SUCCESS","SeverityValue":2,"Severity":"INFO","EventID":4656,"SourceName":"Microsoft-Windows-Security-Auditing","ProviderGuid":"{54849625-5478-4994-A5BA-3E3B0328C30D}","Version":1,"Task":12801,"OpcodeValue":0,"RecordNumber":53872399,"ProcessID":4,"ThreadID":6096,"Channel":"Security","Message":"A handle to an object was requested.\r\n\r\nSubject:\r\n\tSecurity ID:\t\tS-1-5-21-3263964631-4121654051-1417071188-1116\r\n\tAccount Name:\t\ttim.smith_admin\r\n\tAccount Domain:\t\tLUNARSTIIINESS\r\n\tLogon ID:\t\t0x3920258\r\n\r\nObject:\r\n\tObject Server:\t\tSecurity\r\n\tObject Type:\t\tKey\r\n\tObject Name:\t\t\\REGISTRY\\MACHINE\\SOFTWARE\\Policies\\Microsoft\\SystemCertificates\\Root\\Certificates\r\n\tHandle ID:\t\t0x68c\r\n\tResource Attributes:\t-\r\n\r\nProcess Information:\r\n\tProcess ID:\t\t0x2148\r\n\tProcess Name:\t\tC:\\Program Files\\Microsoft Azure Active Directory Connect\\AzureADConnect.exe\r\n\r\nAccess Request Information:\r\n\tTransaction ID:\t\t{00000000-0000-0000-0000-000000000000}\r\n\tAccesses:\t\tDELETE\r\n\t\t\t\tREAD_CONTROL\r\n\t\t\t\tQuery key value\r\n\t\t\t\tSet key value\r\n\t\t\t\tCreate sub-key\r\n\t\t\t\tEnumerate sub-keys\r\n\t\t\t\tNotify about changes to keys\r\n\t\t\t\t\r\n\tAccess Reasons:\t\t-\r\n\tAccess Mask:\t\t0x3001F\r\n\tPrivileges Used for Access Check:\t-\r\n\tRestricted SID Count:\t0","Category":"Registry","Opcode":"Info","SubjectUserSid":"S-1-5-21-3263964631-4121654051-1417071188-1116","SubjectUserName":"tim.smith_admin","SubjectDomainName":"LUNARSTIIINESS","SubjectLogonId":"0x3920258","ObjectServer":"Security","ObjectType":"Key","ObjectName":"\\REGISTRY\\MACHINE\\SOFTWARE\\Policies\\Microsoft\\SystemCertificates\\Root\\Certificates","HandleId":"0x68c","TransactionId":"{00000000-0000-0000-0000-000000000000}","AccessList":"%%1537\r\n\t\t\t\t%%1538\r\n\t\t\t\t%%4432\r\n\t\t\t\t%%4433\r\n\t\t\t\t%%4434\r\n\t\t\t\t%%4435\r\n\t\t\t\t%%4436\r\n\t\t\t\t","AccessReason":"-","AccessMask":"0x3001f","PrivilegeList":"-","RestrictedSidCount":"0","ProcessName":"C:\\Program Files\\Microsoft Azure Active Directory Connect\\AzureADConnect.exe","ResourceAttributes":"-","EventReceivedTime":1687289400,"SourceModuleName":"windows_security_eventlog","SourceModuleType":"im_msvistalog"}
<14>Jun 20 19:30:00 win-adfs.lunarstiiiness.com Microsoft-Windows-Security-Auditing[4]: {"EventTime":1687289398,"Hostname":"win-adfs.lunarstiiiness.com","Keywords":-9214364837600034816,"EventType":"AUDIT_SUCCESS","SeverityValue":2,"Severity":"INFO","EventID":4658,"SourceName":"Microsoft-Windows-Security-Auditing","ProviderGuid":"{54849625-5478-4994-A5BA-3E3B0328C30D}","Version":0,"Task":12801,"OpcodeValue":0,"RecordNumber":53872400,"ProcessID":4,"ThreadID":6096,"Channel":"Security","Message":"The handle to an object was closed.\r\n\r\nSubject :\r\n\tSecurity ID:\t\tS-1-5-21-3263964631-4121654051-1417071188-1116\r\n\tAccount Name:\t\ttim.smith_admin\r\n\tAccount Domain:\t\tLUNARSTIIINESS\r\n\tLogon ID:\t\t0x3920258\r\n\r\nObject:\r\n\tObject Server:\t\tSecurity\r\n\tHandle ID:\t\t0x68c\r\n\r\nProcess Information:\r\n\tProcess ID:\t\t0x2148\r\n\tProcess Name:\t\tC:\\Program Files\\Microsoft Azure Active Directory Connect\\AzureADConnect.exe","Category":"Registry","Opcode":"Info","SubjectUserSid":"S-1-5-21-3263964631-4121654051-1417071188-1116","SubjectUserName":"tim.smith_admin","SubjectDomainName":"LUNARSTIIINESS","SubjectLogonId":"0x3920258","ObjectServer":"Security","HandleId":"0x68c","ProcessName":"C:\\Program Files\\Microsoft Azure Active Directory Connect\\AzureADConnect.exe","EventReceivedTime":1687289400,"SourceModuleName":"windows_security_eventlog","SourceModuleType":"im_msvistalog"}
<14>Jun 20 19:30:00 win-adfs.lunarstiiiness.com Microsoft-Windows-Security-Auditing[4]: {"EventTime":1687289398,"Hostname":"win-adfs.lunarstiiiness.com","Keywords":-9214364837600034816,"EventType":"AUDIT_SUCCESS","SeverityValue":2,"Severity":"INFO","EventID":4690,"SourceName":"Microsoft-Windows-Security-Auditing","ProviderGuid":"{54849625-5478-4994-A5BA-3E3B0328C30D}","Version":0,"Task":12807,"OpcodeValue":0,"RecordNumber":53872393,"ProcessID":4,"ThreadID":6096,"Channel":"Security","Message":"An attempt was made to duplicate a handle to an object.\r\n\r\nSubject:\r\n\tSecurity ID:\t\tS-1-5-21-3263964631-4121654051-1417071188-1116\r\n\tAccount Name:\t\ttim.smith_admin\r\n\tAccount Domain:\t\tLUNARSTIIINESS\r\n\tLogon ID:\t\t0x3920258\r\n\r\nSource Handle Information:\r\n\tSource Handle ID:\t0x688\r\n\tSource Process ID:\t0x2148\r\n\r\nNew Handle Information:\r\n\tTarget Handle ID:\t0x1ecc\r\n\tTarget Process ID:\t0x4","Category":"Handle Manipulation","Opcode":"Info","SubjectUserSid":"S-1-5-21-3263964631-4121654051-1417071188-1116","SubjectUserName":"tim.smith_admin","SubjectDomainName":"LUNARSTIIINESS","SubjectLogonId":"0x3920258","SourceHandleId":"0x688","SourceProcessId":"0x2148","TargetHandleId":"0x1ecc","TargetProcessId":"0x4","EventReceivedTime":1687289400,"SourceModuleName":"windows_security_eventlog","SourceModuleType":"im_msvistalog"}
<14>Jun 20 19:30:00 win-adfs.lunarstiiiness.com Microsoft-Windows-Security-Auditing[4]: {"EventTime":1687289398,"Hostname":"win-adfs.lunarstiiiness.com","Keywords":-9214364837600034816,"EventType":"AUDIT_SUCCESS","SeverityValue":2,"Severity":"INFO","EventID":4658,"SourceName":"Microsoft-Windows-Security-Auditing","ProviderGuid":"{54849625-5478-4994-A5BA-3E3B0328C30D}","Version":0,"Task":12801,"OpcodeValue":0,"RecordNumber":53872404,"ProcessID":4,"ThreadID":6096,"Channel":"Security","Message":"The handle to an object was closed.\r\n\r\nSubject :\r\n\tSecurity ID:\t\tS-1-5-21-3263964631-4121654051-1417071188-1116\r\n\tAccount Name:\t\ttim.smith_admin\r\n\tAccount Domain:\t\tLUNARSTIIINESS\r\n\tLogon ID:\t\t0x3920258\r\n\r\nObject:\r\n\tObject Server:\t\tSecurity\r\n\tHandle ID:\t\t0x690\r\n\r\nProcess Information:\r\n\tProcess ID:\t\t0x2148\r\n\tProcess Name:\t\tC:\\Program Files\\Microsoft Azure Active Directory Connect\\AzureADConnect.exe","Category":"Registry","Opcode":"Info","SubjectUserSid":"S-1-5-21-3263964631-4121654051-1417071188-1116","SubjectUserName":"tim.smith_admin","SubjectDomainName":"LUNARSTIIINESS","SubjectLogonId":"0x3920258","ObjectServer":"Security","HandleId":"0x690","ProcessName":"C:\\Program Files\\Microsoft Azure Active Directory Connect\\AzureADConnect.exe","EventReceivedTime":1687289400,"SourceModuleName":"windows_security_eventlog","SourceModuleType":"im_msvistalog"}
<14>Jun 20 19:30:00 win-adfs.lunarstiiiness.com Microsoft-Windows-Security-Auditing[4]: {"EventTime":1687289398,"Hostname":"win-adfs.lunarstiiiness.com","Keywords":-9214364837600034816,"EventType":"AUDIT_SUCCESS","SeverityValue":2,"Severity":"INFO","EventID":4690,"SourceName":"Microsoft-Windows-Security-Auditing","ProviderGuid":"{54849625-5478-4994-A5BA-3E3B0328C30D}","Version":0,"Task":12807,"OpcodeValue":0,"RecordNumber":53872397,"ProcessID":4,"ThreadID":6096,"Channel":"Security","Message":"An attempt was made to duplicate a handle to an object.\r\n\r\nSubject:\r\n\tSecurity ID:\t\tS-1-5-21-3263964631-4121654051-1417071188-1116\r\n\tAccount Name:\t\ttim.smith_admin\r\n\tAccount Domain:\t\tLUNARSTIIINESS\r\n\tLogon ID:\t\t0x3920258\r\n\r\nSource Handle Information:\r\n\tSource Handle ID:\t0x68c\r\n\tSource Process ID:\t0x2148\r\n\r\nNew Handle Information:\r\n\tTarget Handle ID:\t0x1ecc\r\n\tTarget Process ID:\t0x4","Category":"Handle Manipulation","Opcode":"Info","SubjectUserSid":"S-1-5-21-3263964631-4121654051-1417071188-1116","SubjectUserName":"tim.smith_admin","SubjectDomainName":"LUNARSTIIINESS","SubjectLogonId":"0x3920258","SourceHandleId":"0x68c","SourceProcessId":"0x2148","TargetHandleId":"0x1ecc","TargetProcessId":"0x4","EventReceivedTime":1687289400,"SourceModuleName":"windows_security_eventlog","SourceModuleType":"im_msvistalog"}
<14>Jun 20 19:30:00 win-adfs.lunarstiiiness.com Microsoft-Windows-Security-Auditing[4]: {"EventTime":1687289398,"Hostname":"win-adfs.lunarstiiiness.com","Keywords":-9214364837600034816,"EventType":"AUDIT_SUCCESS","SeverityValue":2,"Severity":"INFO","EventID":4690,"SourceName":"Microsoft-Windows-Security-Auditing","ProviderGuid":"{54849625-5478-4994-A5BA-3E3B0328C30D}","Version":0,"Task":12807,"OpcodeValue":0,"RecordNumber":53872401,"ProcessID":4,"ThreadID":6096,"Channel":"Security","Message":"An attempt was made to duplicate a handle to an object.\r\n\r\nSubject:\r\n\tSecurity ID:\t\tS-1-5-21-3263964631-4121654051-1417071188-1116\r\n\tAccount Name:\t\ttim.smith_admin\r\n\tAccount Domain:\t\tLUNARSTIIINESS\r\n\tLogon ID:\t\t0x3920258\r\n\r\nSource Handle Information:\r\n\tSource Handle ID:\t0x690\r\n\tSource Process ID:\t0x2148\r\n\r\nNew Handle Information:\r\n\tTarget Handle ID:\t0x1cd0\r\n\tTarget Process ID:\t0x4","Category":"Handle Manipulation","Opcode":"Info","SubjectUserSid":"S-1-5-21-3263964631-4121654051-1417071188-1116","SubjectUserName":"tim.smith_admin","SubjectDomainName":"LUNARSTIIINESS","SubjectLogonId":"0x3920258","SourceHandleId":"0x690","SourceProcessId":"0x2148","TargetHandleId":"0x1cd0","TargetProcessId":"0x4","EventReceivedTime":1687289400,"SourceModuleName":"windows_security_eventlog","SourceModuleType":"im_msvistalog"}
<14>Jun 20 19:30:01 win-adfs.lunarstiiiness.com Microsoft-Windows-Security-Auditing[4]: {"EventTime":1687289400,"Hostname":"win-adfs.lunarstiiiness.com","Keywords":-9214364837600034816,"EventType":"AUDIT_SUCCESS","SeverityValue":2,"Severity":"INFO","EventID":4670,"SourceName":"Microsoft-Windows-Security-Auditing","ProviderGuid":"{54849625-5478-4994-A5BA-3E3B0328C30D}","Version":0,"Task":13570,"OpcodeValue":0,"RecordNumber":53872410,"ProcessID":4,"ThreadID":9720,"Channel":"Security","Message":"Permissions on an object were changed.\r\n\r\nSubject:\r\n\tSecurity ID:\t\tS-1-5-18\r\n\tAccount Name:\t\tWIN-ADFS$\r\n\tAccount Domain:\t\tLUNARSTIIINESS\r\n\tLogon ID:\t\t0x3E7\r\n\r\nObject:\r\n\tObject Server:\tSecurity\r\n\tObject Type:\tToken\r\n\tObject Name:\t-\r\n\tHandle ID:\t0x8f4\r\n\r\nProcess:\r\n\tProcess ID:\t0xab4\r\n\tProcess Name:\tC:\\Windows\\System32\\svchost.exe\r\n\r\nPermissions Change:\r\n\tOriginal Security Descriptor:\tD:(A;;GA;;;SY)(A;;GA;;;NS)\r\n\tNew Security Descriptor:\tD:(A;;GA;;;SY)(A;;RC;;;OW)(A;;GA;;;S-1-5-86-615999462-62705297-2911207457-59056572-3668589837)","Category":"Authorization Policy Change","Opcode":"Info","SubjectUserSid":"S-1-5-18","SubjectUserName":"WIN-ADFS$","SubjectDomainName":"LUNARSTIIINESS","SubjectLogonId":"0x3e7","ObjectServer":"Security","ObjectType":"Token","ObjectName":"-","HandleId":"0x8f4","OldSd":"D:(A;;GA;;;SY)(A;;GA;;;NS)","NewSd":"D:(A;;GA;;;SY)(A;;RC;;;OW)(A;;GA;;;S-1-5-86-615999462-62705297-2911207457-59056572-3668589837)","ProcessName":"C:\\Windows\\System32\\svchost.exe","EventReceivedTime":1687289401,"SourceModuleName":"windows_security_eventlog","SourceModuleType":"im_msvistalog"}
<14>Jun 20 19:30:05 win-adfs.lunarstiiiness.com Microsoft-Windows-Security-Auditing[612]: {"EventTime":1687289404,"Hostname":"win-adfs.lunarstiiiness.com","Keywords":-9214364837600034816,"EventType":"AUDIT_SUCCESS","SeverityValue":2,"Severity":"INFO","EventID":4672,"SourceName":"Microsoft-Windows-Security-Auditing","ProviderGuid":"{54849625-5478-4994-A5BA-3E3B0328C30D}","Version":0,"Task":12548,"OpcodeValue":0,"RecordNumber":53872424,"ProcessID":612,"ThreadID":372,"Channel":"Security","Message":"Special privileges assigned to new logon.\r\n\r\nSubject:\r\n\tSecurity ID:\t\tS-1-5-18\r\n\tAccount Name:\t\tWIN-ADFS$\r\n\tAccount Domain:\t\tLUNARSTIIINESS\r\n\tLogon ID:\t\t0x231277F8\r\n\r\nPrivileges:\t\tSeSecurityPrivilege\r\n\t\t\tSeBackupPrivilege\r\n\t\t\tSeRestorePrivilege\r\n\t\t\tSeTakeOwnershipPrivilege\r\n\t\t\tSeDebugPrivilege\r\n\t\t\tSeSystemEnvironmentPrivilege\r\n\t\t\tSeLoadDriverPrivilege\r\n\t\t\tSeImpersonatePrivilege\r\n\t\t\tSeDelegateSessionUserImpersonatePrivilege\r\n\t\t\tSeEnableDelegationPrivilege","Category":"Special Logon","Opcode":"Info","SubjectUserSid":"S-1-5-18","SubjectUserName":"WIN-ADFS$","SubjectDomainName":"LUNARSTIIINESS","SubjectLogonId":"0x231277f8","PrivilegeList":"SeSecurityPrivilege\r\n\t\t\tSeBackupPrivilege\r\n\t\t\tSeRestorePrivilege\r\n\t\t\tSeTakeOwnershipPrivilege\r\n\t\t\tSeDebugPrivilege\r\n\t\t\tSeSystemEnvironmentPrivilege\r\n\t\t\tSeLoadDriverPrivilege\r\n\t\t\tSeImpersonatePrivilege\r\n\t\t\tSeDelegateSessionUserImpersonatePrivilege\r\n\t\t\tSeEnableDelegationPrivilege","EventReceivedTime":1687289405,"SourceModuleName":"windows_security_eventlog","SourceModuleType":"im_msvistalog"}
<14>Jun 20 19:30:05 win-adfs.lunarstiiiness.com Microsoft-Windows-Security-Auditing[612]: {"EventTime":1687289404,"Hostname":"win-adfs.lunarstiiiness.com","Keywords":-9214364837600034816,"EventType":"AUDIT_SUCCESS","SeverityValue":2,"Severity":"INFO","EventID":4634,"SourceName":"Microsoft-Windows-Security-Auditing","ProviderGuid":"{54849625-5478-4994-A5BA-3E3B0328C30D}","Version":0,"Task":12545,"OpcodeValue":0,"RecordNumber":53872427,"ProcessID":612,"ThreadID":668,"Channel":"Security","Message":"An account was logged off.\r\n\r\nSubject:\r\n\tSecurity ID:\t\tS-1-5-18\r\n\tAccount Name:\t\tWIN-ADFS$\r\n\tAccount Domain:\t\tLUNARSTIIINESS\r\n\tLogon ID:\t\t0x231277F8\r\n\r\nLogon Type:\t\t\t3\r\n\r\nThis event is generated when a logon session is destroyed. It may be positively correlated with a logon event using the Logon ID value. Logon IDs are only unique between reboots on the same computer.","Category":"Logoff","Opcode":"Info","TargetUserSid":"S-1-5-18","TargetUserName":"WIN-ADFS$","TargetDomainName":"LUNARSTIIINESS","TargetLogonId":"0x231277f8","LogonType":"3","EventReceivedTime":1687289405,"SourceModuleName":"windows_security_eventlog","SourceModuleType":"im_msvistalog"}
<14>Jun 20 19:30:05 win-adfs.lunarstiiiness.com Microsoft-Windows-Security-Auditing[612]: {"EventTime":1687289404,"Hostname":"win-adfs.lunarstiiiness.com","Keywords":-9214364837600034816,"EventType":"AUDIT_SUCCESS","SeverityValue":2,"Severity":"INFO","EventID":4624,"SourceName":"Microsoft-Windows-Security-Auditing","ProviderGuid":"{54849625-5478-4994-A5BA-3E3B0328C30D}","Version":2,"Task":12544,"OpcodeValue":0,"RecordNumber":53872425,"ProcessID":612,"ThreadID":372,"Channel":"Security","Message":"An account was successfully logged on.\r\n\r\nSubject:\r\n\tSecurity ID:\t\tS-1-0-0\r\n\tAccount Name:\t\t-\r\n\tAccount Domain:\t\t-\r\n\tLogon ID:\t\t0x0\r\n\r\nLogon Information:\r\n\tLogon Type:\t\t3\r\n\tRestricted Admin Mode:\t-\r\n\tVirtual Account:\t\tNo\r\n\tElevated Token:\t\tYes\r\n\r\nImpersonation Level:\t\tImpersonation\r\n\r\nNew Logon:\r\n\tSecurity ID:\t\tS-1-5-18\r\n\tAccount Name:\t\tWIN-ADFS$\r\n\tAccount Domain:\t\tLUNARSTIIINESS.COM\r\n\tLogon ID:\t\t0x231277F8\r\n\tLinked Logon ID:\t\t0x0\r\n\tNetwork Account Name:\t-\r\n\tNetwork Account Domain:\t-\r\n\tLogon GUID:\t\t{6b933b2f-3e09-fea9-825a-ea7f26a01bee}\r\n\r\nProcess Information:\r\n\tProcess ID:\t\t0x0\r\n\tProcess Name:\t\t-\r\n\r\nNetwork Information:\r\n\tWorkstation Name:\t-\r\n\tSource Network Address:\t127.0.0.1\r\n\tSource Port:\t\t63554\r\n\r\nDetailed Authentication Information:\r\n\tLogon Process:\t\tKerberos\r\n\tAuthentication Package:\tKerberos\r\n\tTransited Services:\t-\r\n\tPackage Name (NTLM only):\t-\r\n\tKey Length:\t\t0\r\n\r\nThis event is generated when a logon session is created. It is generated on the computer that was accessed.\r\n\r\nThe subject fields indicate the account on the local system which requested the logon. This is most commonly a service such as the Server service, or a local process such as Winlogon.exe or Services.exe.\r\n\r\nThe logon type field indicates the kind of logon that occurred. The most common types are 2 (interactive) and 3 (network).\r\n\r\nThe New Logon fields indicate the account for whom the new logon was created, i.e. the account that was logged on.\r\n\r\nThe network fields indicate where a remote logon request originated. Workstation name is not always available and may be left blank in some cases.\r\n\r\nThe impersonation level field indicates the extent to which a process in the logon session can impersonate.\r\n\r\nThe authentication information fields provide detailed information about this specific logon request.\r\n\t- Logon GUID is a unique identifier that can be used to correlate this event with a KDC event.\r\n\t- Transited services indicate which intermediate services have participated in this logon request.\r\n\t- Package name indicates which sub-protocol was used among the NTLM protocols.\r\n\t- Key length indicates the length of the generated session key. This will be 0 if no session key was requested.","Category":"Logon","Opcode":"Info","SubjectUserSid":"S-1-0-0","SubjectUserName":"-","SubjectDomainName":"-","SubjectLogonId":"0x0","TargetUserSid":"S-1-5-18","TargetUserName":"WIN-ADFS$","TargetDomainName":"LUNARSTIIINESS.COM","TargetLogonId":"0x231277f8","LogonType":"3","LogonProcessName":"Kerberos","AuthenticationPackageName":"Kerberos","WorkstationName":"-","LogonGuid":"{6b933b2f-3e09-fea9-825a-ea7f26a01bee}","TransmittedServices":"-","LmPackageName":"-","KeyLength":"0","ProcessName":"-","IpAddress":"127.0.0.1","IpPort":"63554","ImpersonationLevel":"%%1833","RestrictedAdminMode":"-","TargetOutboundUserName":"-","TargetOutboundDomainName":"-","VirtualAccount":"%%1843","TargetLinkedLogonId":"0x0","ElevatedToken":"%%1842","EventReceivedTime":1687289405,"SourceModuleName":"windows_security_eventlog","SourceModuleType":"im_msvistalog"}
<14>Jun 20 19:30:41 win-adfs.lunarstiiiness.com Microsoft-Windows-Security-Auditing[4]: {"EventTime":1687289439,"Hostname":"win-adfs.lunarstiiiness.com","Keywords":-9214364837600034816,"EventType":"AUDIT_SUCCESS","SeverityValue":2,"Severity":"INFO","EventID":4689,"SourceName":"Microsoft-Windows-Security-Auditing","ProviderGuid":"{54849625-5478-4994-A5BA-3E3B0328C30D}","Version":0,"Task":13313,"OpcodeValue":0,"RecordNumber":53872472,"ProcessID":4,"ThreadID":10608,"Channel":"Security","Message":"A process has exited.\r\n\r\nSubject:\r\n\tSecurity ID:\t\tS-1-5-21-3263964631-4121654051-1417071188-1116\r\n\tAccount Name:\t\ttim.smith_admin\r\n\tAccount Domain:\t\tLUNARSTIIINESS\r\n\tLogon ID:\t\t0x3920258\r\n\r\nProcess Information:\r\n\tProcess ID:\t0x2148\r\n\tProcess Name:\tC:\\Program Files\\Microsoft Azure Active Directory Connect\\AzureADConnect.exe\r\n\tExit Status:\t0x0","Category":"Process Termination","Opcode":"Info","SubjectUserSid":"S-1-5-21-3263964631-4121654051-1417071188-1116","SubjectUserName":"tim.smith_admin","SubjectDomainName":"LUNARSTIIINESS","SubjectLogonId":"0x3920258","Status":"0x0","ProcessName":"C:\\Program Files\\Microsoft Azure Active Directory Connect\\AzureADConnect.exe","EventReceivedTime":1687289441,"SourceModuleName":"windows_security_eventlog","SourceModuleType":"im_msvistalog"}
<14>Jun 20 19:30:48 win-server.lunarstiiiness.com Microsoft-Windows-Security-Auditing[4]: {"EventTime":1687289447,"Hostname":"win-server.lunarstiiiness.com","Keywords":-9214364837600034816,"EventType":"AUDIT_SUCCESS","SeverityValue":2,"Severity":"INFO","EventID":4689,"SourceName":"Microsoft-Windows-Security-Auditing","ProviderGuid":"{54849625-5478-4994-A5BA-3E3B0328C30D}","Version":0,"Task":13313,"OpcodeValue":0,"RecordNumber":21865123,"ProcessID":4,"ThreadID":3048,"Channel":"Security","Message":"A process has exited.\r\n\r\nSubject:\r\n\tSecurity ID:\t\tS-1-5-21-3263964631-4121654051-1417071188-1116\r\n\tAccount Name:\t\ttim.smith_admin\r\n\tAccount Domain:\t\tLUNARSTIIINESS\r\n\tLogon ID:\t\t0x5E1D463\r\n\r\nProcess Information:\r\n\tProcess ID:\t0x1494\r\n\tProcess Name:\tC:\\Program Files (x86)\\LogMeIn Rescue Technician Console\\LogMeInRescueTechnicianConsole_x64\\LMIGuardianSvc.exe\r\n\tExit Status:\t0x0","Category":"Process Termination","Opcode":"Info","SubjectUserSid":"S-1-5-21-3263964631-4121654051-1417071188-1116","SubjectUserName":"tim.smith_admin","SubjectDomainName":"LUNARSTIIINESS","SubjectLogonId":"0x5e1d463","Status":"0x0","ProcessName":"C:\\Program Files (x86)\\LogMeIn Rescue Technician Console\\LogMeInRescueTechnicianConsole_x64\\LMIGuardianSvc.exe","EventReceivedTime":1687289448,"SourceModuleName":"in_default_channels","SourceModuleType":"im_msvistalog"}
<14>Jun 20 19:30:48 win-server.lunarstiiiness.com Microsoft-Windows-Security-Auditing[4]: {"EventTime":1687289447,"Hostname":"win-server.lunarstiiiness.com","Keywords":-9214364837600034816,"EventType":"AUDIT_SUCCESS","SeverityValue":2,"Severity":"INFO","EventID":4689,"SourceName":"Microsoft-Windows-Security-Auditing","ProviderGuid":"{54849625-5478-4994-A5BA-3E3B0328C30D}","Version":0,"Task":13313,"OpcodeValue":0,"RecordNumber":21865124,"ProcessID":4,"ThreadID":3048,"Channel":"Security","Message":"A process has exited.\r\n\r\nSubject:\r\n\tSecurity ID:\t\tS-1-5-21-3263964631-4121654051-1417071188-1116\r\n\tAccount Name:\t\ttim.smith_admin\r\n\tAccount Domain:\t\tLUNARSTIIINESS\r\n\tLogon ID:\t\t0x5E1D463\r\n\r\nProcess Information:\r\n\tProcess ID:\t0xe04\r\n\tProcess Name:\tC:\\Program Files (x86)\\LogMeIn Rescue Technician Console\\LogMeInRescueTechnicianConsole_x64\\LMIRTechConsole.exe\r\n\tExit Status:\t0x0","Category":"Process Termination","Opcode":"Info","SubjectUserSid":"S-1-5-21-3263964631-4121654051-1417071188-1116","SubjectUserName":"tim.smith_admin","SubjectDomainName":"LUNARSTIIINESS","SubjectLogonId":"0x5e1d463","Status":"0x0","ProcessName":"C:\\Program Files (x86)\\LogMeIn Rescue Technician Console\\LogMeInRescueTechnicianConsole_x64\\LMIRTechConsole.exe","EventReceivedTime":1687289448,"SourceModuleName":"in_default_channels","SourceModuleType":"im_msvistalog"}
<14>Jun 20 19:30:49 win-adfs.lunarstiiiness.com Microsoft-Windows-Security-Auditing[612]: {"EventTime":1687289447,"Hostname":"win-adfs.lunarstiiiness.com","Keywords":-9214364837600034816,"EventType":"AUDIT_SUCCESS","SeverityValue":2,"Severity":"INFO","EventID":4634,"SourceName":"Microsoft-Windows-Security-Auditing","ProviderGuid":"{54849625-5478-4994-A5BA-3E3B0328C30D}","Version":0,"Task":12545,"OpcodeValue":0,"RecordNumber":53872504,"ProcessID":612,"ThreadID":7320,"Channel":"Security","Message":"An account was logged off.\r\n\r\nSubject:\r\n\tSecurity ID:\t\tS-1-5-21-3263964631-4121654051-1417071188-1116\r\n\tAccount Name:\t\ttim.smith_admin\r\n\tAccount Domain:\t\tLUNARSTIIINESS\r\n\tLogon ID:\t\t0x230743A8\r\n\r\nLogon Type:\t\t\t3\r\n\r\nThis event is generated when a logon session is destroyed. It may be positively correlated with a logon event using the Logon ID value. Logon IDs are only unique between reboots on the same computer.","Category":"Logoff","Opcode":"Info","TargetUserSid":"S-1-5-21-3263964631-4121654051-1417071188-1116","TargetUserName":"tim.smith_admin","TargetDomainName":"LUNARSTIIINESS","TargetLogonId":"0x230743a8","LogonType":"3","EventReceivedTime":1687289449,"SourceModuleName":"windows_security_eventlog","SourceModuleType":"im_msvistalog"}
<11>Jun 20 19:30:49 win-adfs.lunarstiiiness.com Microsoft-Windows-Security-Auditing[4]: {"EventTime":1687289448,"Hostname":"win-adfs.lunarstiiiness.com","Keywords":-9218868437227405312,"EventType":"AUDIT_FAILURE","SeverityValue":4,"Severity":"ERROR","EventID":4673,"SourceName":"Microsoft-Windows-Security-Auditing","ProviderGuid":"{54849625-5478-4994-A5BA-3E3B0328C30D}","Version":0,"Task":13057,"OpcodeValue":0,"RecordNumber":53872511,"ProcessID":4,"ThreadID":9836,"Channel":"Security","Message":"A privileged service was called.\r\n\r\nSubject:\r\n\tSecurity ID:\t\tS-1-5-21-3263964631-4121654051-1417071188-1116\r\n\tAccount Name:\t\ttim.smith_admin\r\n\tAccount Domain:\t\tLUNARSTIIINESS\r\n\tLogon ID:\t\t0x3920283\r\n\r\nService:\r\n\tServer:\tSecurity\r\n\tService Name:\t-\r\n\r\nProcess:\r\n\tProcess ID:\t0x1f54\r\n\tProcess Name:\tC:\\Program Files (x86)\\LogMeIn Rescue Applet\\LMIR111CF001.tmp\\LMI_Rescue.exe\r\n\r\nService Request Information:\r\n\tPrivileges:\t\tSeProfileSingleProcessPrivilege","Category":"Non Sensitive Privilege Use","Opcode":"Info","SubjectUserSid":"S-1-5-21-3263964631-4121654051-1417071188-1116","SubjectUserName":"tim.smith_admin","SubjectDomainName":"LUNARSTIIINESS","SubjectLogonId":"0x3920283","ObjectServer":"Security","Service":"-","PrivilegeList":"SeProfileSingleProcessPrivilege","ProcessName":"C:\\Program Files (x86)\\LogMeIn Rescue Applet\\LMIR111CF001.tmp\\LMI_Rescue.exe","EventReceivedTime":1687289449,"SourceModuleName":"windows_security_eventlog","SourceModuleType":"im_msvistalog"}
<11>Jun 20 19:30:49 win-adfs.lunarstiiiness.com Microsoft-Windows-Security-Auditing[4]: {"EventTime":1687289448,"Hostname":"win-adfs.lunarstiiiness.com","Keywords":-9218868437227405312,"EventType":"AUDIT_FAILURE","SeverityValue":4,"Severity":"ERROR","EventID":4673,"SourceName":"Microsoft-Windows-Security-Auditing","ProviderGuid":"{54849625-5478-4994-A5BA-3E3B0328C30D}","Version":0,"Task":13057,"OpcodeValue":0,"RecordNumber":53872510,"ProcessID":4,"ThreadID":9836,"Channel":"Security","Message":"A privileged service was called.\r\n\r\nSubject:\r\n\tSecurity ID:\t\tS-1-5-21-3263964631-4121654051-1417071188-1116\r\n\tAccount Name:\t\ttim.smith_admin\r\n\tAccount Domain:\t\tLUNARSTIIINESS\r\n\tLogon ID:\t\t0x3920283\r\n\r\nService:\r\n\tServer:\tSecurity\r\n\tService Name:\t-\r\n\r\nProcess:\r\n\tProcess ID:\t0x1f54\r\n\tProcess Name:\tC:\\Program Files (x86)\\LogMeIn Rescue Applet\\LMIR111CF001.tmp\\LMI_Rescue.exe\r\n\r\nService Request Information:\r\n\tPrivileges:\t\tSeProfileSingleProcessPrivilege","Category":"Non Sensitive Privilege Use","Opcode":"Info","SubjectUserSid":"S-1-5-21-3263964631-4121654051-1417071188-1116","SubjectUserName":"tim.smith_admin","SubjectDomainName":"LUNARSTIIINESS","SubjectLogonId":"0x3920283","ObjectServer":"Security","Service":"-","PrivilegeList":"SeProfileSingleProcessPrivilege","ProcessName":"C:\\Program Files (x86)\\LogMeIn Rescue Applet\\LMIR111CF001.tmp\\LMI_Rescue.exe","EventReceivedTime":1687289449,"SourceModuleName":"windows_security_eventlog","SourceModuleType":"im_msvistalog"}
<14>Jun 20 19:30:49 win-adfs.lunarstiiiness.com Microsoft-Windows-Security-Auditing[612]: {"EventTime":1687289448,"Hostname":"win-adfs.lunarstiiiness.com","Keywords":-9214364837600034816,"EventType":"AUDIT_SUCCESS","SeverityValue":2,"Severity":"INFO","EventID":5058,"SourceName":"Microsoft-Windows-Security-Auditing","ProviderGuid":"{54849625-5478-4994-A5BA-3E3B0328C30D}","Version":1,"Task":12292,"OpcodeValue":0,"RecordNumber":53872505,"ProcessID":612,"ThreadID":7320,"Channel":"Security","Message":"Key file operation.\r\n\r\nSubject:\r\n\tSecurity ID:\t\tS-1-5-19\r\n\tAccount Name:\t\tLOCAL SERVICE\r\n\tAccount Domain:\t\tNT AUTHORITY\r\n\tLogon ID:\t\t0x3E5\r\n\r\nProcess Information:\r\n\tProcess ID:\t\t4168\r\n\tProcess Creation Time:\t2023-06-14T03:20:43.364114000Z\r\n\r\nCryptographic Parameters:\r\n\tProvider Name:\tMicrosoft Software Key Storage Provider\r\n\tAlgorithm Name:\tUNKNOWN\r\n\tKey Name:\t68c8b82463f71b40d2a4e13cbe084bed_927d35bf-dd77-447f-9188-6a95d86d312e\r\n\tKey Type:\tMachine key.\r\n\r\nKey File Operation Information:\r\n\tFile Path:\tC:\\ProgramData\\Microsoft\\Crypto\\RSA\\MachineKeys\\68c8b82463f71b40d2a4e13cbe084bed_927d35bf-dd77-447f-9188-6a95d86d312e\r\n\tOperation:\tRead persisted key from file.\r\n\tReturn Code:\t0x0","Category":"Other System Events","Opcode":"Info","SubjectUserSid":"S-1-5-19","SubjectUserName":"LOCAL SERVICE","SubjectDomainName":"NT AUTHORITY","SubjectLogonId":"0x3e5","ClientProcessId":"4168","ClientCreationTime":"2023-06-14T03:20:43.3641140Z","ProviderName":"Microsoft Software Key Storage Provider","AlgorithmName":"UNKNOWN","KeyName":"68c8b82463f71b40d2a4e13cbe084bed_927d35bf-dd77-447f-9188-6a95d86d312e","KeyType":"%%2499","KeyFilePath":"C:\\ProgramData\\Microsoft\\Crypto\\RSA\\MachineKeys\\68c8b82463f71b40d2a4e13cbe084bed_927d35bf-dd77-447f-9188-6a95d86d312e","Operation":"%%2458","ReturnCode":"0x0","EventReceivedTime":1687289449,"SourceModuleName":"windows_security_eventlog","SourceModuleType":"im_msvistalog"}
<14>Jun 20 19:30:49 win-adfs.lunarstiiiness.com Microsoft-Windows-Security-Auditing[612]: {"EventTime":1687289448,"Hostname":"win-adfs.lunarstiiiness.com","Keywords":-9214364837600034816,"EventType":"AUDIT_SUCCESS","SeverityValue":2,"Severity":"INFO","EventID":5058,"SourceName":"Microsoft-Windows-Security-Auditing","ProviderGuid":"{54849625-5478-4994-A5BA-3E3B0328C30D}","Version":1,"Task":12292,"OpcodeValue":0,"RecordNumber":53872507,"ProcessID":612,"ThreadID":8380,"Channel":"Security","Message":"Key file operation.\r\n\r\nSubject:\r\n\tSecurity ID:\t\tS-1-5-19\r\n\tAccount Name:\t\tLOCAL SERVICE\r\n\tAccount Domain:\t\tNT AUTHORITY\r\n\tLogon ID:\t\t0x3E5\r\n\r\nProcess Information:\r\n\tProcess ID:\t\t4168\r\n\tProcess Creation Time:\t2023-06-14T03:20:43.364114000Z\r\n\r\nCryptographic Parameters:\r\n\tProvider Name:\tMicrosoft Software Key Storage Provider\r\n\tAlgorithm Name:\tUNKNOWN\r\n\tKey Name:\t68c8b82463f71b40d2a4e13cbe084bed_927d35bf-dd77-447f-9188-6a95d86d312e\r\n\tKey Type:\tMachine key.\r\n\r\nKey File Operation Information:\r\n\tFile Path:\tC:\\ProgramData\\Microsoft\\Crypto\\RSA\\MachineKeys\\68c8b82463f71b40d2a4e13cbe084bed_927d35bf-dd77-447f-9188-6a95d86d312e\r\n\tOperation:\tRead persisted key from file.\r\n\tReturn Code:\t0x0","Category":"Other System Events","Opcode":"Info","SubjectUserSid":"S-1-5-19","SubjectUserName":"LOCAL SERVICE","SubjectDomainName":"NT AUTHORITY","SubjectLogonId":"0x3e5","ClientProcessId":"4168","ClientCreationTime":"2023-06-14T03:20:43.3641140Z","ProviderName":"Microsoft Software Key Storage Provider","AlgorithmName":"UNKNOWN","KeyName":"68c8b82463f71b40d2a4e13cbe084bed_927d35bf-dd77-447f-9188-6a95d86d312e","KeyType":"%%2499","KeyFilePath":"C:\\ProgramData\\Microsoft\\Crypto\\RSA\\MachineKeys\\68c8b82463f71b40d2a4e13cbe084bed_927d35bf-dd77-447f-9188-6a95d86d312e","Operation":"%%2458","ReturnCode":"0x0","EventReceivedTime":1687289449,"SourceModuleName":"windows_security_eventlog","SourceModuleType":"im_msvistalog"}
