<14>Jun 20 19:13:40 win-server.lunarstiiiness.com Microsoft-Windows-TaskScheduler[1140]: {"EventTime":1687288418,"Hostname":"win-server.lunarstiiiness.com","Keywords":-9223372036854775807,"EventType":"INFO","SeverityValue":2,"Severity":"INFO","EventID":100,"SourceName":"Microsoft-Windows-TaskScheduler","ProviderGuid":"{DE7B24EA-73C8-4A09-985D-5BDADCFA9017}","Version":0,"Task":100,"OpcodeValue":1,"RecordNumber":140231,"ActivityID":"{503EF2A1-545D-4417-9BA4-1DBDCC45EC4D}","ProcessID":1140,"ThreadID":3220,"Channel":"Microsoft-Windows-TaskScheduler/Operational","Domain":"NT AUTHORITY","AccountName":"SYSTEM","UserID":"S-1-5-18","AccountType":"User","Message":"Task Scheduler started \"{503EF2A1-545D-4417-9BA4-1DBDCC45EC4D}\" instance of the \"\\MicrosoftEdgeUpdateTaskMachineUA{0581F6E5-426C-4117-B09F-1E6C6863BFB7}\" task for user \"NT AUTHORITY\\SYSTEM\".","Category":"Task Started","Opcode":"Start","TaskName":"\\MicrosoftEdgeUpdateTaskMachineUA{0581F6E5-426C-4117-B09F-1E6C6863BFB7}","UserContext":"NT AUTHORITY\\SYSTEM","InstanceId":"{503EF2A1-545D-4417-9BA4-1DBDCC45EC4D}","EventReceivedTime":1687288420,"SourceModuleName":"in_default_channels","SourceModuleType":"im_msvistalog"}
<14>Jun 20 19:13:39 win-server.lunarstiiiness.com Microsoft-Windows-Security-Auditing[4]: {"EventTime":1687288418,"Hostname":"win-server.lunarstiiiness.com","Keywords":-9214364837600034816,"EventType":"AUDIT_SUCCESS","SeverityValue":2,"Severity":"INFO","EventID":4688,"SourceName":"Microsoft-Windows-Security-Auditing","ProviderGuid":"{54849625-5478-4994-A5BA-3E3B0328C30D}","Version":2,"Task":13312,"OpcodeValue":0,"RecordNumber":21794048,"ProcessID":4,"ThreadID":3404,"Channel":"Security","Message":"A new process has been created.\r\n\r\nCreator Subject:\r\n\tSecurity ID:\t\tS-1-5-18\r\n\tAccount Name:\t\tWIN-SERVER$\r\n\tAccount Domain:\t\tLUNARSTIIINESS\r\n\tLogon ID:\t\t0x3E7\r\n\r\nTarget Subject:\r\n\tSecurity ID:\t\tS-1-0-0\r\n\tAccount Name:\t\t-\r\n\tAccount Domain:\t\t-\r\n\tLogon ID:\t\t0x0\r\n\r\nProcess Information:\r\n\tNew Process ID:\t\t0xed0\r\n\tNew Process Name:\tC:\\Program Files (x86)\\Microsoft\\EdgeUpdate\\MicrosoftEdgeUpdate.exe\r\n\tToken Elevation Type:\t%%1936\r\n\tMandatory Label:\t\tS-1-16-16384\r\n\tCreator Process ID:\t0x474\r\n\tCreator Process Name:\tC:\\Windows\\System32\\svchost.exe\r\n\tProcess Command Line:\t\"C:\\Program Files (x86)\\Microsoft\\EdgeUpdate\\MicrosoftEdgeUpdate.exe\" /ua /installsource scheduler\r\n\r\nToken Elevation Type indicates the type of token that was assigned to the new process in accordance with User Account Control policy.\r\n\r\nType 1 is a full token with no privileges removed or groups disabled.  A full token is only used if User Account Control is disabled or if the user is the built-in Administrator account or a service account.\r\n\r\nType 2 is an elevated token with no privileges removed or groups disabled.  An elevated token is used when User Account Control is enabled and the user chooses to start the program using Run as administrator.  An elevated token is also used when an application is configured to always require administrative privilege or to always require maximum privilege, and the user is a member of the Administrators group.\r\n\r\nType 3 is a limited token with administrative privileges removed and administrative groups disabled.  The limited token is used when User Account Control is enabled, the application does not require administrative privilege, and the user does not choose to start the program using Run as administrator.","Category":"Process Creation","Opcode":"Info","SubjectUserSid":"S-1-5-18","SubjectUserName":"WIN-SERVER$","SubjectDomainName":"LUNARSTIIINESS","SubjectLogonId":"0x3e7","NewProcessId":"0xed0","NewProcessName":"C:\\Program Files (x86)\\Microsoft\\EdgeUpdate\\MicrosoftEdgeUpdate.exe","TokenElevationType":"%%1936","CommandLine":"\"C:\\Program Files (x86)\\Microsoft\\EdgeUpdate\\MicrosoftEdgeUpdate.exe\" /ua /installsource scheduler","TargetUserSid":"S-1-0-0","TargetUserName":"-","TargetDomainName":"-","TargetLogonId":"0x0","ParentProcessName":"C:\\Windows\\System32\\svchost.exe","MandatoryLabel":"S-1-16-16384","EventReceivedTime":1687288419,"SourceModuleName":"in_default_channels","SourceModuleType":"im_msvistalog"}
<14>Jun 20 19:13:40 win-server.lunarstiiiness.com Microsoft-Windows-TaskScheduler[1140]: {"EventTime":1687288418,"Hostname":"win-server.lunarstiiiness.com","Keywords":-9223372036854775808,"EventType":"INFO","SeverityValue":2,"Severity":"INFO","EventID":129,"SourceName":"Microsoft-Windows-TaskScheduler","ProviderGuid":"{DE7B24EA-73C8-4A09-985D-5BDADCFA9017}","Version":0,"Task":129,"OpcodeValue":0,"RecordNumber":140230,"ProcessID":1140,"ThreadID":3220,"Channel":"Microsoft-Windows-TaskScheduler/Operational","Domain":"NT AUTHORITY","AccountName":"SYSTEM","UserID":"S-1-5-18","AccountType":"User","Message":"Task Scheduler launch task \"\\MicrosoftEdgeUpdateTaskMachineUA{0581F6E5-426C-4117-B09F-1E6C6863BFB7}\" , instance \"C:\\Program Files (x86)\\Microsoft\\EdgeUpdate\\MicrosoftEdgeUpdate.exe\"  with process ID 3792.","Category":"Created Task Process","Opcode":"Info","TaskName":"\\MicrosoftEdgeUpdateTaskMachineUA{0581F6E5-426C-4117-B09F-1E6C6863BFB7}","Path":"C:\\Program Files (x86)\\Microsoft\\EdgeUpdate\\MicrosoftEdgeUpdate.exe","Priority":"32","EventReceivedTime":1687288420,"SourceModuleName":"in_default_channels","SourceModuleType":"im_msvistalog"}
<14>Jun 20 19:13:40 win-server.lunarstiiiness.com Microsoft-Windows-TaskScheduler[1140]: {"EventTime":1687288418,"Hostname":"win-server.lunarstiiiness.com","Keywords":-9223372036854775808,"EventType":"INFO","SeverityValue":2,"Severity":"INFO","EventID":107,"SourceName":"Microsoft-Windows-TaskScheduler","ProviderGuid":"{DE7B24EA-73C8-4A09-985D-5BDADCFA9017}","Version":0,"Task":107,"OpcodeValue":0,"RecordNumber":140229,"ActivityID":"{503EF2A1-545D-4417-9BA4-1DBDCC45EC4D}","ProcessID":1140,"ThreadID":3220,"Channel":"Microsoft-Windows-TaskScheduler/Operational","Domain":"NT AUTHORITY","AccountName":"SYSTEM","UserID":"S-1-5-18","AccountType":"User","Message":"Task Scheduler launched \"{503EF2A1-545D-4417-9BA4-1DBDCC45EC4D}\"  instance of task \"\\MicrosoftEdgeUpdateTaskMachineUA{0581F6E5-426C-4117-B09F-1E6C6863BFB7}\" due to a time trigger condition.","Category":"Task triggered on scheduler","Opcode":"Info","TaskName":"\\MicrosoftEdgeUpdateTaskMachineUA{0581F6E5-426C-4117-B09F-1E6C6863BFB7}","InstanceId":"{503EF2A1-545D-4417-9BA4-1DBDCC45EC4D}","EventReceivedTime":1687288420,"SourceModuleName":"in_default_channels","SourceModuleType":"im_msvistalog"}
<14>Jun 20 19:13:40 win-server.lunarstiiiness.com Microsoft-Windows-TaskScheduler[1140]: {"EventTime":1687288418,"Hostname":"win-server.lunarstiiiness.com","Keywords":-9223372036854775808,"EventType":"INFO","SeverityValue":2,"Severity":"INFO","EventID":200,"SourceName":"Microsoft-Windows-TaskScheduler","ProviderGuid":"{DE7B24EA-73C8-4A09-985D-5BDADCFA9017}","Version":1,"Task":200,"OpcodeValue":1,"RecordNumber":140232,"ActivityID":"{503EF2A1-545D-4417-9BA4-1DBDCC45EC4D}","ProcessID":1140,"ThreadID":3220,"Channel":"Microsoft-Windows-TaskScheduler/Operational","Domain":"NT AUTHORITY","AccountName":"SYSTEM","UserID":"S-1-5-18","AccountType":"User","Message":"Task Scheduler launched action \"C:\\Program Files (x86)\\Microsoft\\EdgeUpdate\\MicrosoftEdgeUpdate.exe\" in instance \"{503EF2A1-545D-4417-9BA4-1DBDCC45EC4D}\" of task \"\\MicrosoftEdgeUpdateTaskMachineUA{0581F6E5-426C-4117-B09F-1E6C6863BFB7}\".","Category":"Action started","Opcode":"Start","TaskName":"\\MicrosoftEdgeUpdateTaskMachineUA{0581F6E5-426C-4117-B09F-1E6C6863BFB7}","ActionName":"C:\\Program Files (x86)\\Microsoft\\EdgeUpdate\\MicrosoftEdgeUpdate.exe","TaskInstanceId":"{503EF2A1-545D-4417-9BA4-1DBDCC45EC4D}","EnginePID":"3792","EventReceivedTime":1687288420,"SourceModuleName":"in_default_channels","SourceModuleType":"im_msvistalog"}
<14>Jun 20 19:13:40 win-server.lunarstiiiness.com Microsoft-Windows-TaskScheduler[1140]: {"EventTime":1687288418,"Hostname":"win-server.lunarstiiiness.com","Keywords":-9223372036854775808,"EventType":"INFO","SeverityValue":2,"Severity":"INFO","EventID":201,"SourceName":"Microsoft-Windows-TaskScheduler","ProviderGuid":"{DE7B24EA-73C8-4A09-985D-5BDADCFA9017}","Version":2,"Task":201,"OpcodeValue":2,"RecordNumber":140233,"ActivityID":"{503EF2A1-545D-4417-9BA4-1DBDCC45EC4D}","ProcessID":1140,"ThreadID":3220,"Channel":"Microsoft-Windows-TaskScheduler/Operational","Domain":"NT AUTHORITY","AccountName":"SYSTEM","UserID":"S-1-5-18","AccountType":"User","Message":"Task Scheduler successfully completed task \"\\MicrosoftEdgeUpdateTaskMachineUA{0581F6E5-426C-4117-B09F-1E6C6863BFB7}\" , instance \"{503EF2A1-545D-4417-9BA4-1DBDCC45EC4D}\" , action \"C:\\Program Files (x86)\\Microsoft\\EdgeUpdate\\MicrosoftEdgeUpdate.exe\" with return code 0.","Category":"Action completed","Opcode":"Stop","TaskName":"\\MicrosoftEdgeUpdateTaskMachineUA{0581F6E5-426C-4117-B09F-1E6C6863BFB7}","TaskInstanceId":"{503EF2A1-545D-4417-9BA4-1DBDCC45EC4D}","ActionName":"C:\\Program Files (x86)\\Microsoft\\EdgeUpdate\\MicrosoftEdgeUpdate.exe","ResultCode":"0","EnginePID":"3792","EventReceivedTime":1687288420,"SourceModuleName":"in_default_channels","SourceModuleType":"im_msvistalog"}
<14>Jun 20 19:13:39 win-server.lunarstiiiness.com Microsoft-Windows-Security-Auditing[4]: {"EventTime":1687288418,"Hostname":"win-server.lunarstiiiness.com","Keywords":-9214364837600034816,"EventType":"AUDIT_SUCCESS","SeverityValue":2,"Severity":"INFO","EventID":4689,"SourceName":"Microsoft-Windows-Security-Auditing","ProviderGuid":"{54849625-5478-4994-A5BA-3E3B0328C30D}","Version":0,"Task":13313,"OpcodeValue":0,"RecordNumber":21794050,"ProcessID":4,"ThreadID":4692,"Channel":"Security","Message":"A process has exited.\r\n\r\nSubject:\r\n\tSecurity ID:\t\tS-1-5-18\r\n\tAccount Name:\t\tWIN-SERVER$\r\n\tAccount Domain:\t\tLUNARSTIIINESS\r\n\tLogon ID:\t\t0x3E7\r\n\r\nProcess Information:\r\n\tProcess ID:\t0xed0\r\n\tProcess Name:\tC:\\Program Files (x86)\\Microsoft\\EdgeUpdate\\MicrosoftEdgeUpdate.exe\r\n\tExit Status:\t0x0","Category":"Process Termination","Opcode":"Info","SubjectUserSid":"S-1-5-18","SubjectUserName":"WIN-SERVER$","SubjectDomainName":"LUNARSTIIINESS","SubjectLogonId":"0x3e7","Status":"0x0","ProcessName":"C:\\Program Files (x86)\\Microsoft\\EdgeUpdate\\MicrosoftEdgeUpdate.exe","EventReceivedTime":1687288419,"SourceModuleName":"in_default_channels","SourceModuleType":"im_msvistalog"}
<14>Jun 20 19:13:39 win-server.lunarstiiiness.com Microsoft-Windows-Security-Auditing[4]: {"EventTime":1687288418,"Hostname":"win-server.lunarstiiiness.com","Keywords":-9214364837600034816,"EventType":"AUDIT_SUCCESS","SeverityValue":2,"Severity":"INFO","EventID":4673,"SourceName":"Microsoft-Windows-Security-Auditing","ProviderGuid":"{54849625-5478-4994-A5BA-3E3B0328C30D}","Version":0,"Task":13056,"OpcodeValue":0,"RecordNumber":21794049,"ProcessID":4,"ThreadID":4692,"Channel":"Security","Message":"A privileged service was called.\r\n\r\nSubject:\r\n\tSecurity ID:\t\tS-1-5-18\r\n\tAccount Name:\t\tWIN-SERVER$\r\n\tAccount Domain:\t\tLUNARSTIIINESS\r\n\tLogon ID:\t\t0x3E7\r\n\r\nService:\r\n\tServer:\tNT Local Security Authority / Authentication Service\r\n\tService Name:\tLsaRegisterLogonProcess()\r\n\r\nProcess:\r\n\tProcess ID:\t0x24c\r\n\tProcess Name:\tC:\\Windows\\System32\\lsass.exe\r\n\r\nService Request Information:\r\n\tPrivileges:\t\tSeTcbPrivilege","Category":"Sensitive Privilege Use","Opcode":"Info","SubjectUserSid":"S-1-5-18","SubjectUserName":"WIN-SERVER$","SubjectDomainName":"LUNARSTIIINESS","SubjectLogonId":"0x3e7","ObjectServer":"NT Local Security Authority / Authentication Service","Service":"LsaRegisterLogonProcess()","PrivilegeList":"SeTcbPrivilege","ProcessName":"C:\\Windows\\System32\\lsass.exe","EventReceivedTime":1687288419,"SourceModuleName":"in_default_channels","SourceModuleType":"im_msvistalog"}
<14>Jun 20 19:13:40 win-server.lunarstiiiness.com Microsoft-Windows-TaskScheduler[1140]: {"EventTime":1687288418,"Hostname":"win-server.lunarstiiiness.com","Keywords":-9223372036854775807,"EventType":"INFO","SeverityValue":2,"Severity":"INFO","EventID":102,"SourceName":"Microsoft-Windows-TaskScheduler","ProviderGuid":"{DE7B24EA-73C8-4A09-985D-5BDADCFA9017}","Version":0,"Task":102,"OpcodeValue":2,"RecordNumber":140234,"ActivityID":"{503EF2A1-545D-4417-9BA4-1DBDCC45EC4D}","ProcessID":1140,"ThreadID":3220,"Channel":"Microsoft-Windows-TaskScheduler/Operational","Domain":"NT AUTHORITY","AccountName":"SYSTEM","UserID":"S-1-5-18","AccountType":"User","Message":"Task Scheduler successfully finished \"{503EF2A1-545D-4417-9BA4-1DBDCC45EC4D}\" instance of the \"\\MicrosoftEdgeUpdateTaskMachineUA{0581F6E5-426C-4117-B09F-1E6C6863BFB7}\" task for user \"NT AUTHORITY\\SYSTEM\".","Category":"Task completed","Opcode":"Stop","TaskName":"\\MicrosoftEdgeUpdateTaskMachineUA{0581F6E5-426C-4117-B09F-1E6C6863BFB7}","UserContext":"NT AUTHORITY\\SYSTEM","InstanceId":"{503EF2A1-545D-4417-9BA4-1DBDCC45EC4D}","EventReceivedTime":1687288420,"SourceModuleName":"in_default_channels","SourceModuleType":"im_msvistalog"}
<14>Jun 20 19:13:52 win-server.lunarstiiiness.com Microsoft-Windows-Security-Auditing[4]: {"EventTime":1687288430,"Hostname":"win-server.lunarstiiiness.com","Keywords":-9214364837600034816,"EventType":"AUDIT_SUCCESS","SeverityValue":2,"Severity":"INFO","EventID":4689,"SourceName":"Microsoft-Windows-Security-Auditing","ProviderGuid":"{54849625-5478-4994-A5BA-3E3B0328C30D}","Version":0,"Task":13313,"OpcodeValue":0,"RecordNumber":21794111,"ProcessID":4,"ThreadID":4692,"Channel":"Security","Message":"A process has exited.\r\n\r\nSubject:\r\n\tSecurity ID:\t\tS-1-5-18\r\n\tAccount Name:\t\tWIN-SERVER$\r\n\tAccount Domain:\t\tLUNARSTIIINESS\r\n\tLogon ID:\t\t0x3E7\r\n\r\nProcess Information:\r\n\tProcess ID:\t0x1778\r\n\tProcess Name:\tC:\\Windows\\System32\\SearchFilterHost.exe\r\n\tExit Status:\t0x0","Category":"Process Termination","Opcode":"Info","SubjectUserSid":"S-1-5-18","SubjectUserName":"WIN-SERVER$","SubjectDomainName":"LUNARSTIIINESS","SubjectLogonId":"0x3e7","Status":"0x0","ProcessName":"C:\\Windows\\System32\\SearchFilterHost.exe","EventReceivedTime":1687288432,"SourceModuleName":"in_default_channels","SourceModuleType":"im_msvistalog"}
<14>Jun 20 19:13:52 win-server.lunarstiiiness.com Microsoft-Windows-Security-Auditing[4]: {"EventTime":1687288430,"Hostname":"win-server.lunarstiiiness.com","Keywords":-9214364837600034816,"EventType":"AUDIT_SUCCESS","SeverityValue":2,"Severity":"INFO","EventID":4689,"SourceName":"Microsoft-Windows-Security-Auditing","ProviderGuid":"{54849625-5478-4994-A5BA-3E3B0328C30D}","Version":0,"Task":13313,"OpcodeValue":0,"RecordNumber":21794110,"ProcessID":4,"ThreadID":4692,"Channel":"Security","Message":"A process has exited.\r\n\r\nSubject:\r\n\tSecurity ID:\t\tS-1-5-18\r\n\tAccount Name:\t\tWIN-SERVER$\r\n\tAccount Domain:\t\tLUNARSTIIINESS\r\n\tLogon ID:\t\t0x3E7\r\n\r\nProcess Information:\r\n\tProcess ID:\t0x142c\r\n\tProcess Name:\tC:\\Windows\\System32\\SearchProtocolHost.exe\r\n\tExit Status:\t0x0","Category":"Process Termination","Opcode":"Info","SubjectUserSid":"S-1-5-18","SubjectUserName":"WIN-SERVER$","SubjectDomainName":"LUNARSTIIINESS","SubjectLogonId":"0x3e7","Status":"0x0","ProcessName":"C:\\Windows\\System32\\SearchProtocolHost.exe","EventReceivedTime":1687288432,"SourceModuleName":"in_default_channels","SourceModuleType":"im_msvistalog"}
<14>Jun 20 19:14:25 win-server.lunarstiiiness.com Microsoft-Windows-Security-Auditing[4]: {"EventTime":1687288464,"Hostname":"win-server.lunarstiiiness.com","Keywords":-9214364837600034816,"EventType":"AUDIT_SUCCESS","SeverityValue":2,"Severity":"INFO","EventID":4689,"SourceName":"Microsoft-Windows-Security-Auditing","ProviderGuid":"{54849625-5478-4994-A5BA-3E3B0328C30D}","Version":0,"Task":13313,"OpcodeValue":0,"RecordNumber":21794292,"ProcessID":4,"ThreadID":8,"Channel":"Security","Message":"A process has exited.\r\n\r\nSubject:\r\n\tSecurity ID:\t\tS-1-5-21-3263964631-4121654051-1417071188-1116\r\n\tAccount Name:\t\ttim.smith_admin\r\n\tAccount Domain:\t\tLUNARSTIIINESS\r\n\tLogon ID:\t\t0x5E1D463\r\n\r\nProcess Information:\r\n\tProcess ID:\t0x82c\r\n\tProcess Name:\tC:\\Program Files\\Mozilla Firefox\\firefox.exe\r\n\tExit Status:\t0x0","Category":"Process Termination","Opcode":"Info","SubjectUserSid":"S-1-5-21-3263964631-4121654051-1417071188-1116","SubjectUserName":"tim.smith_admin","SubjectDomainName":"LUNARSTIIINESS","SubjectLogonId":"0x5e1d463","Status":"0x0","ProcessName":"C:\\Program Files\\Mozilla Firefox\\firefox.exe","EventReceivedTime":1687288465,"SourceModuleName":"in_default_channels","SourceModuleType":"im_msvistalog"}
<14>Jun 20 19:14:26 win-server.lunarstiiiness.com Microsoft-Windows-Security-Auditing[4]: {"EventTime":1687288465,"Hostname":"win-server.lunarstiiiness.com","Keywords":-9214364837600034816,"EventType":"AUDIT_SUCCESS","SeverityValue":2,"Severity":"INFO","EventID":4670,"SourceName":"Microsoft-Windows-Security-Auditing","ProviderGuid":"{54849625-5478-4994-A5BA-3E3B0328C30D}","Version":0,"Task":13570,"OpcodeValue":0,"RecordNumber":21794363,"ProcessID":4,"ThreadID":4572,"Channel":"Security","Message":"Permissions on an object were changed.\r\n\r\nSubject:\r\n\tSecurity ID:\t\tS-1-5-21-3263964631-4121654051-1417071188-1116\r\n\tAccount Name:\t\ttim.smith_admin\r\n\tAccount Domain:\t\tLUNARSTIIINESS\r\n\tLogon ID:\t\t0x5E1D463\r\n\r\nObject:\r\n\tObject Server:\tSecurity\r\n\tObject Type:\tToken\r\n\tObject Name:\t-\r\n\tHandle ID:\t0x23f4\r\n\r\nProcess:\r\n\tProcess ID:\t0x488\r\n\tProcess Name:\tC:\\Program Files\\Mozilla Firefox\\firefox.exe\r\n\r\nPermissions Change:\r\n\tOriginal Security Descriptor:\tD:(A;;GA;;;S-1-0-736674005-1377184473-1531243838-483426657)(A;;GA;;;S-1-5-21-3263964631-4121654051-1417071188-1116)(A;;GA;;;SY)\r\n\tNew Security Descriptor:\tD:(A;;RC;;;OW)(A;;GA;;;S-1-0-736674005-1377184473-1531243838-483426657)(A;;GA;;;S-1-5-21-3263964631-4121654051-1417071188-1116)(A;;GA;;;SY)","Category":"Authorization Policy Change","Opcode":"Info","SubjectUserSid":"S-1-5-21-3263964631-4121654051-1417071188-1116","SubjectUserName":"tim.smith_admin","SubjectDomainName":"LUNARSTIIINESS","SubjectLogonId":"0x5e1d463","ObjectServer":"Security","ObjectType":"Token","ObjectName":"-","HandleId":"0x23f4","OldSd":"D:(A;;GA;;;S-1-0-736674005-1377184473-1531243838-483426657)(A;;GA;;;S-1-5-21-3263964631-4121654051-1417071188-1116)(A;;GA;;;SY)","NewSd":"D:(A;;RC;;;OW)(A;;GA;;;S-1-0-736674005-1377184473-1531243838-483426657)(A;;GA;;;S-1-5-21-3263964631-4121654051-1417071188-1116)(A;;GA;;;SY)","ProcessName":"C:\\Program Files\\Mozilla Firefox\\firefox.exe","EventReceivedTime":1687288466,"SourceModuleName":"in_default_channels","SourceModuleType":"im_msvistalog"}
<14>Jun 20 19:14:26 win-server.lunarstiiiness.com Microsoft-Windows-Security-Auditing[4]: {"EventTime":1687288465,"Hostname":"win-server.lunarstiiiness.com","Keywords":-9214364837600034816,"EventType":"AUDIT_SUCCESS","SeverityValue":2,"Severity":"INFO","EventID":4670,"SourceName":"Microsoft-Windows-Security-Auditing","ProviderGuid":"{54849625-5478-4994-A5BA-3E3B0328C30D}","Version":0,"Task":13570,"OpcodeValue":0,"RecordNumber":21794353,"ProcessID":4,"ThreadID":4572,"Channel":"Security","Message":"Permissions on an object were changed.\r\n\r\nSubject:\r\n\tSecurity ID:\t\tS-1-5-21-3263964631-4121654051-1417071188-1116\r\n\tAccount Name:\t\ttim.smith_admin\r\n\tAccount Domain:\t\tLUNARSTIIINESS\r\n\tLogon ID:\t\t0x5E1D463\r\n\r\nObject:\r\n\tObject Server:\tSecurity\r\n\tObject Type:\tToken\r\n\tObject Name:\t-\r\n\tHandle ID:\t0xd38\r\n\r\nProcess:\r\n\tProcess ID:\t0x488\r\n\tProcess Name:\tC:\\Program Files\\Mozilla Firefox\\firefox.exe\r\n\r\nPermissions Change:\r\n\tOriginal Security Descriptor:\tD:(A;;GA;;;S-1-0-2961811972-716901729-4211127295-2103407851)(A;;GA;;;S-1-5-21-3263964631-4121654051-1417071188-1116)(A;;GA;;;SY)\r\n\tNew Security Descriptor:\tD:(A;;RC;;;OW)(A;;GA;;;S-1-0-2961811972-716901729-4211127295-2103407851)(A;;GA;;;S-1-5-21-3263964631-4121654051-1417071188-1116)(A;;GA;;;SY)","Category":"Authorization Policy Change","Opcode":"Info","SubjectUserSid":"S-1-5-21-3263964631-4121654051-1417071188-1116","SubjectUserName":"tim.smith_admin","SubjectDomainName":"LUNARSTIIINESS","SubjectLogonId":"0x5e1d463","ObjectServer":"Security","ObjectType":"Token","ObjectName":"-","HandleId":"0xd38","OldSd":"D:(A;;GA;;;S-1-0-2961811972-716901729-4211127295-2103407851)(A;;GA;;;S-1-5-21-3263964631-4121654051-1417071188-1116)(A;;GA;;;SY)","NewSd":"D:(A;;RC;;;OW)(A;;GA;;;S-1-0-2961811972-716901729-4211127295-2103407851)(A;;GA;;;S-1-5-21-3263964631-4121654051-1417071188-1116)(A;;GA;;;SY)","ProcessName":"C:\\Program Files\\Mozilla Firefox\\firefox.exe","EventReceivedTime":1687288466,"SourceModuleName":"in_default_channels","SourceModuleType":"im_msvistalog"}
<14>Jun 20 19:14:26 win-server.lunarstiiiness.com Microsoft-Windows-Security-Auditing[4]: {"EventTime":1687288465,"Hostname":"win-server.lunarstiiiness.com","Keywords":-9214364837600034816,"EventType":"AUDIT_SUCCESS","SeverityValue":2,"Severity":"INFO","EventID":4670,"SourceName":"Microsoft-Windows-Security-Auditing","ProviderGuid":"{54849625-5478-4994-A5BA-3E3B0328C30D}","Version":0,"Task":13570,"OpcodeValue":0,"RecordNumber":21794354,"ProcessID":4,"ThreadID":4572,"Channel":"Security","Message":"Permissions on an object were changed.\r\n\r\nSubject:\r\n\tSecurity ID:\t\tS-1-5-21-3263964631-4121654051-1417071188-1116\r\n\tAccount Name:\t\ttim.smith_admin\r\n\tAccount Domain:\t\tLUNARSTIIINESS\r\n\tLogon ID:\t\t0x5E1D463\r\n\r\nObject:\r\n\tObject Server:\tSecurity\r\n\tObject Type:\tToken\r\n\tObject Name:\t-\r\n\tHandle ID:\t0xd38\r\n\r\nProcess:\r\n\tProcess ID:\t0x488\r\n\tProcess Name:\tC:\\Program Files\\Mozilla Firefox\\firefox.exe\r\n\r\nPermissions Change:\r\n\tOriginal Security Descriptor:\tD:(A;;GA;;;S-1-5-21-3263964631-4121654051-1417071188-1116)(A;;GA;;;SY)(A;;GXGR;;;S-1-5-5-0-98683145)\r\n\tNew Security Descriptor:\tD:(A;;GA;;;S-1-5-21-3263964631-4121654051-1417071188-1116)(A;;GA;;;SY)","Category":"Authorization Policy Change","Opcode":"Info","SubjectUserSid":"S-1-5-21-3263964631-4121654051-1417071188-1116","SubjectUserName":"tim.smith_admin","SubjectDomainName":"LUNARSTIIINESS","SubjectLogonId":"0x5e1d463","ObjectServer":"Security","ObjectType":"Token","ObjectName":"-","HandleId":"0xd38","OldSd":"D:(A;;GA;;;S-1-5-21-3263964631-4121654051-1417071188-1116)(A;;GA;;;SY)(A;;GXGR;;;S-1-5-5-0-98683145)","NewSd":"D:(A;;GA;;;S-1-5-21-3263964631-4121654051-1417071188-1116)(A;;GA;;;SY)","ProcessName":"C:\\Program Files\\Mozilla Firefox\\firefox.exe","EventReceivedTime":1687288466,"SourceModuleName":"in_default_channels","SourceModuleType":"im_msvistalog"}
<14>Jun 20 19:14:26 win-server.lunarstiiiness.com Microsoft-Windows-Security-Auditing[4]: {"EventTime":1687288465,"Hostname":"win-server.lunarstiiiness.com","Keywords":-9214364837600034816,"EventType":"AUDIT_SUCCESS","SeverityValue":2,"Severity":"INFO","EventID":4670,"SourceName":"Microsoft-Windows-Security-Auditing","ProviderGuid":"{54849625-5478-4994-A5BA-3E3B0328C30D}","Version":0,"Task":13570,"OpcodeValue":0,"RecordNumber":21794361,"ProcessID":4,"ThreadID":4572,"Channel":"Security","Message":"Permissions on an object were changed.\r\n\r\nSubject:\r\n\tSecurity ID:\t\tS-1-5-21-3263964631-4121654051-1417071188-1116\r\n\tAccount Name:\t\ttim.smith_admin\r\n\tAccount Domain:\t\tLUNARSTIIINESS\r\n\tLogon ID:\t\t0x5E1D463\r\n\r\nObject:\r\n\tObject Server:\tSecurity\r\n\tObject Type:\tToken\r\n\tObject Name:\t-\r\n\tHandle ID:\t0x23f4\r\n\r\nProcess:\r\n\tProcess ID:\t0x488\r\n\tProcess Name:\tC:\\Program Files\\Mozilla Firefox\\firefox.exe\r\n\r\nPermissions Change:\r\n\tOriginal Security Descriptor:\tD:(A;;GA;;;S-1-5-21-3263964631-4121654051-1417071188-1116)(A;;GA;;;SY)(A;;GXGR;;;S-1-5-5-0-98683145)\r\n\tNew Security Descriptor:\tD:(A;;GA;;;S-1-5-21-3263964631-4121654051-1417071188-1116)(A;;GA;;;SY)","Category":"Authorization Policy Change","Opcode":"Info","SubjectUserSid":"S-1-5-21-3263964631-4121654051-1417071188-1116","SubjectUserName":"tim.smith_admin","SubjectDomainName":"LUNARSTIIINESS","SubjectLogonId":"0x5e1d463","ObjectServer":"Security","ObjectType":"Token","ObjectName":"-","HandleId":"0x23f4","OldSd":"D:(A;;GA;;;S-1-5-21-3263964631-4121654051-1417071188-1116)(A;;GA;;;SY)(A;;GXGR;;;S-1-5-5-0-98683145)","NewSd":"D:(A;;GA;;;S-1-5-21-3263964631-4121654051-1417071188-1116)(A;;GA;;;SY)","ProcessName":"C:\\Program Files\\Mozilla Firefox\\firefox.exe","EventReceivedTime":1687288466,"SourceModuleName":"in_default_channels","SourceModuleType":"im_msvistalog"}
<14>Jun 20 19:14:26 win-server.lunarstiiiness.com Microsoft-Windows-Security-Auditing[4]: {"EventTime":1687288465,"Hostname":"win-server.lunarstiiiness.com","Keywords":-9214364837600034816,"EventType":"AUDIT_SUCCESS","SeverityValue":2,"Severity":"INFO","EventID":4670,"SourceName":"Microsoft-Windows-Security-Auditing","ProviderGuid":"{54849625-5478-4994-A5BA-3E3B0328C30D}","Version":0,"Task":13570,"OpcodeValue":0,"RecordNumber":21794360,"ProcessID":4,"ThreadID":4572,"Channel":"Security","Message":"Permissions on an object were changed.\r\n\r\nSubject:\r\n\tSecurity ID:\t\tS-1-5-21-3263964631-4121654051-1417071188-1116\r\n\tAccount Name:\t\ttim.smith_admin\r\n\tAccount Domain:\t\tLUNARSTIIINESS\r\n\tLogon ID:\t\t0x5E1D463\r\n\r\nObject:\r\n\tObject Server:\tSecurity\r\n\tObject Type:\tToken\r\n\tObject Name:\t-\r\n\tHandle ID:\t0x23f4\r\n\r\nProcess:\r\n\tProcess ID:\t0x488\r\n\tProcess Name:\tC:\\Program Files\\Mozilla Firefox\\firefox.exe\r\n\r\nPermissions Change:\r\n\tOriginal Security Descriptor:\tD:(A;;GA;;;S-1-0-736674005-1377184473-1531243838-483426657)(A;;GA;;;S-1-5-21-3263964631-4121654051-1417071188-1116)(A;;GA;;;SY)\r\n\tNew Security Descriptor:\tD:(A;;RC;;;OW)(A;;GA;;;S-1-0-736674005-1377184473-1531243838-483426657)(A;;GA;;;S-1-5-21-3263964631-4121654051-1417071188-1116)(A;;GA;;;SY)","Category":"Authorization Policy Change","Opcode":"Info","SubjectUserSid":"S-1-5-21-3263964631-4121654051-1417071188-1116","SubjectUserName":"tim.smith_admin","SubjectDomainName":"LUNARSTIIINESS","SubjectLogonId":"0x5e1d463","ObjectServer":"Security","ObjectType":"Token","ObjectName":"-","HandleId":"0x23f4","OldSd":"D:(A;;GA;;;S-1-0-736674005-1377184473-1531243838-483426657)(A;;GA;;;S-1-5-21-3263964631-4121654051-1417071188-1116)(A;;GA;;;SY)","NewSd":"D:(A;;RC;;;OW)(A;;GA;;;S-1-0-736674005-1377184473-1531243838-483426657)(A;;GA;;;S-1-5-21-3263964631-4121654051-1417071188-1116)(A;;GA;;;SY)","ProcessName":"C:\\Program Files\\Mozilla Firefox\\firefox.exe","EventReceivedTime":1687288466,"SourceModuleName":"in_default_channels","SourceModuleType":"im_msvistalog"}
<14>Jun 20 19:14:26 win-server.lunarstiiiness.com Microsoft-Windows-Security-Auditing[4]: {"EventTime":1687288465,"Hostname":"win-server.lunarstiiiness.com","Keywords":-9214364837600034816,"EventType":"AUDIT_SUCCESS","SeverityValue":2,"Severity":"INFO","EventID":4670,"SourceName":"Microsoft-Windows-Security-Auditing","ProviderGuid":"{54849625-5478-4994-A5BA-3E3B0328C30D}","Version":0,"Task":13570,"OpcodeValue":0,"RecordNumber":21794351,"ProcessID":4,"ThreadID":4572,"Channel":"Security","Message":"Permissions on an object were changed.\r\n\r\nSubject:\r\n\tSecurity ID:\t\tS-1-5-21-3263964631-4121654051-1417071188-1116\r\n\tAccount Name:\t\ttim.smith_admin\r\n\tAccount Domain:\t\tLUNARSTIIINESS\r\n\tLogon ID:\t\t0x5E1D463\r\n\r\nObject:\r\n\tObject Server:\tSecurity\r\n\tObject Type:\tToken\r\n\tObject Name:\t-\r\n\tHandle ID:\t0xd38\r\n\r\nProcess:\r\n\tProcess ID:\t0x488\r\n\tProcess Name:\tC:\\Program Files\\Mozilla Firefox\\firefox.exe\r\n\r\nPermissions Change:\r\n\tOriginal Security Descriptor:\tD:(A;;GA;;;S-1-5-21-3263964631-4121654051-1417071188-1116)(A;;GA;;;SY)(A;;GXGR;;;S-1-5-5-0-98683145)\r\n\tNew Security Descriptor:\tD:(A;;GA;;;S-1-5-21-3263964631-4121654051-1417071188-1116)(A;;GA;;;SY)","Category":"Authorization Policy Change","Opcode":"Info","SubjectUserSid":"S-1-5-21-3263964631-4121654051-1417071188-1116","SubjectUserName":"tim.smith_admin","SubjectDomainName":"LUNARSTIIINESS","SubjectLogonId":"0x5e1d463","ObjectServer":"Security","ObjectType":"Token","ObjectName":"-","HandleId":"0xd38","OldSd":"D:(A;;GA;;;S-1-5-21-3263964631-4121654051-1417071188-1116)(A;;GA;;;SY)(A;;GXGR;;;S-1-5-5-0-98683145)","NewSd":"D:(A;;GA;;;S-1-5-21-3263964631-4121654051-1417071188-1116)(A;;GA;;;SY)","ProcessName":"C:\\Program Files\\Mozilla Firefox\\firefox.exe","EventReceivedTime":1687288466,"SourceModuleName":"in_default_channels","SourceModuleType":"im_msvistalog"}
<14>Jun 20 19:14:26 win-server.lunarstiiiness.com Microsoft-Windows-Security-Auditing[4]: {"EventTime":1687288465,"Hostname":"win-server.lunarstiiiness.com","Keywords":-9214364837600034816,"EventType":"AUDIT_SUCCESS","SeverityValue":2,"Severity":"INFO","EventID":4670,"SourceName":"Microsoft-Windows-Security-Auditing","ProviderGuid":"{54849625-5478-4994-A5BA-3E3B0328C30D}","Version":0,"Task":13570,"OpcodeValue":0,"RecordNumber":21794355,"ProcessID":4,"ThreadID":4572,"Channel":"Security","Message":"Permissions on an object were changed.\r\n\r\nSubject:\r\n\tSecurity ID:\t\tS-1-5-21-3263964631-4121654051-1417071188-1116\r\n\tAccount Name:\t\ttim.smith_admin\r\n\tAccount Domain:\t\tLUNARSTIIINESS\r\n\tLogon ID:\t\t0x5E1D463\r\n\r\nObject:\r\n\tObject Server:\tSecurity\r\n\tObject Type:\tToken\r\n\tObject Name:\t-\r\n\tHandle ID:\t0xd38\r\n\r\nProcess:\r\n\tProcess ID:\t0x488\r\n\tProcess Name:\tC:\\Program Files\\Mozilla Firefox\\firefox.exe\r\n\r\nPermissions Change:\r\n\tOriginal Security Descriptor:\tD:(A;;GA;;;S-1-5-21-3263964631-4121654051-1417071188-1116)(A;;GA;;;SY)\r\n\tNew Security Descriptor:\tD:(A;;GA;;;S-1-0-2961811972-716901729-4211127295-2103407851)(A;;GA;;;S-1-5-21-3263964631-4121654051-1417071188-1116)(A;;GA;;;SY)","Category":"Authorization Policy Change","Opcode":"Info","SubjectUserSid":"S-1-5-21-3263964631-4121654051-1417071188-1116","SubjectUserName":"tim.smith_admin","SubjectDomainName":"LUNARSTIIINESS","SubjectLogonId":"0x5e1d463","ObjectServer":"Security","ObjectType":"Token","ObjectName":"-","HandleId":"0xd38","OldSd":"D:(A;;GA;;;S-1-5-21-3263964631-4121654051-1417071188-1116)(A;;GA;;;SY)","NewSd":"D:(A;;GA;;;S-1-0-2961811972-716901729-4211127295-2103407851)(A;;GA;;;S-1-5-21-3263964631-4121654051-1417071188-1116)(A;;GA;;;SY)","ProcessName":"C:\\Program Files\\Mozilla Firefox\\firefox.exe","EventReceivedTime":1687288466,"SourceModuleName":"in_default_channels","SourceModuleType":"im_msvistalog"}
<14>Jun 20 19:14:26 win-server.lunarstiiiness.com Microsoft-Windows-Security-Auditing[4]: {"EventTime":1687288465,"Hostname":"win-server.lunarstiiiness.com","Keywords":-9214364837600034816,"EventType":"AUDIT_SUCCESS","SeverityValue":2,"Severity":"INFO","EventID":4670,"SourceName":"Microsoft-Windows-Security-Auditing","ProviderGuid":"{54849625-5478-4994-A5BA-3E3B0328C30D}","Version":0,"Task":13570,"OpcodeValue":0,"RecordNumber":21794358,"ProcessID":4,"ThreadID":4572,"Channel":"Security","Message":"Permissions on an object were changed.\r\n\r\nSubject:\r\n\tSecurity ID:\t\tS-1-5-21-3263964631-4121654051-1417071188-1116\r\n\tAccount Name:\t\ttim.smith_admin\r\n\tAccount Domain:\t\tLUNARSTIIINESS\r\n\tLogon ID:\t\t0x5E1D463\r\n\r\nObject:\r\n\tObject Server:\tSecurity\r\n\tObject Type:\tToken\r\n\tObject Name:\t-\r\n\tHandle ID:\t0x23f4\r\n\r\nProcess:\r\n\tProcess ID:\t0x488\r\n\tProcess Name:\tC:\\Program Files\\Mozilla Firefox\\firefox.exe\r\n\r\nPermissions Change:\r\n\tOriginal Security Descriptor:\tD:(A;;GA;;;S-1-5-21-3263964631-4121654051-1417071188-1116)(A;;GA;;;SY)(A;;GXGR;;;S-1-5-5-0-98683145)\r\n\tNew Security Descriptor:\tD:(A;;GA;;;S-1-5-21-3263964631-4121654051-1417071188-1116)(A;;GA;;;SY)","Category":"Authorization Policy Change","Opcode":"Info","SubjectUserSid":"S-1-5-21-3263964631-4121654051-1417071188-1116","SubjectUserName":"tim.smith_admin","SubjectDomainName":"LUNARSTIIINESS","SubjectLogonId":"0x5e1d463","ObjectServer":"Security","ObjectType":"Token","ObjectName":"-","HandleId":"0x23f4","OldSd":"D:(A;;GA;;;S-1-5-21-3263964631-4121654051-1417071188-1116)(A;;GA;;;SY)(A;;GXGR;;;S-1-5-5-0-98683145)","NewSd":"D:(A;;GA;;;S-1-5-21-3263964631-4121654051-1417071188-1116)(A;;GA;;;SY)","ProcessName":"C:\\Program Files\\Mozilla Firefox\\firefox.exe","EventReceivedTime":1687288466,"SourceModuleName":"in_default_channels","SourceModuleType":"im_msvistalog"}
<14>Jun 20 19:14:26 win-server.lunarstiiiness.com Microsoft-Windows-Security-Auditing[4]: {"EventTime":1687288465,"Hostname":"win-server.lunarstiiiness.com","Keywords":-9214364837600034816,"EventType":"AUDIT_SUCCESS","SeverityValue":2,"Severity":"INFO","EventID":4670,"SourceName":"Microsoft-Windows-Security-Auditing","ProviderGuid":"{54849625-5478-4994-A5BA-3E3B0328C30D}","Version":0,"Task":13570,"OpcodeValue":0,"RecordNumber":21794359,"ProcessID":4,"ThreadID":4572,"Channel":"Security","Message":"Permissions on an object were changed.\r\n\r\nSubject:\r\n\tSecurity ID:\t\tS-1-5-21-3263964631-4121654051-1417071188-1116\r\n\tAccount Name:\t\ttim.smith_admin\r\n\tAccount Domain:\t\tLUNARSTIIINESS\r\n\tLogon ID:\t\t0x5E1D463\r\n\r\nObject:\r\n\tObject Server:\tSecurity\r\n\tObject Type:\tToken\r\n\tObject Name:\t-\r\n\tHandle ID:\t0x23f4\r\n\r\nProcess:\r\n\tProcess ID:\t0x488\r\n\tProcess Name:\tC:\\Program Files\\Mozilla Firefox\\firefox.exe\r\n\r\nPermissions Change:\r\n\tOriginal Security Descriptor:\tD:(A;;GA;;;S-1-5-21-3263964631-4121654051-1417071188-1116)(A;;GA;;;SY)\r\n\tNew Security Descriptor:\tD:(A;;GA;;;S-1-0-736674005-1377184473-1531243838-483426657)(A;;GA;;;S-1-5-21-3263964631-4121654051-1417071188-1116)(A;;GA;;;SY)","Category":"Authorization Policy Change","Opcode":"Info","SubjectUserSid":"S-1-5-21-3263964631-4121654051-1417071188-1116","SubjectUserName":"tim.smith_admin","SubjectDomainName":"LUNARSTIIINESS","SubjectLogonId":"0x5e1d463","ObjectServer":"Security","ObjectType":"Token","ObjectName":"-","HandleId":"0x23f4","OldSd":"D:(A;;GA;;;S-1-5-21-3263964631-4121654051-1417071188-1116)(A;;GA;;;SY)","NewSd":"D:(A;;GA;;;S-1-0-736674005-1377184473-1531243838-483426657)(A;;GA;;;S-1-5-21-3263964631-4121654051-1417071188-1116)(A;;GA;;;SY)","ProcessName":"C:\\Program Files\\Mozilla Firefox\\firefox.exe","EventReceivedTime":1687288466,"SourceModuleName":"in_default_channels","SourceModuleType":"im_msvistalog"}
<14>Jun 20 19:14:26 win-server.lunarstiiiness.com Microsoft-Windows-Security-Auditing[4]: {"EventTime":1687288465,"Hostname":"win-server.lunarstiiiness.com","Keywords":-9214364837600034816,"EventType":"AUDIT_SUCCESS","SeverityValue":2,"Severity":"INFO","EventID":4670,"SourceName":"Microsoft-Windows-Security-Auditing","ProviderGuid":"{54849625-5478-4994-A5BA-3E3B0328C30D}","Version":0,"Task":13570,"OpcodeValue":0,"RecordNumber":21794356,"ProcessID":4,"ThreadID":4572,"Channel":"Security","Message":"Permissions on an object were changed.\r\n\r\nSubject:\r\n\tSecurity ID:\t\tS-1-5-21-3263964631-4121654051-1417071188-1116\r\n\tAccount Name:\t\ttim.smith_admin\r\n\tAccount Domain:\t\tLUNARSTIIINESS\r\n\tLogon ID:\t\t0x5E1D463\r\n\r\nObject:\r\n\tObject Server:\tSecurity\r\n\tObject Type:\tToken\r\n\tObject Name:\t-\r\n\tHandle ID:\t0xd38\r\n\r\nProcess:\r\n\tProcess ID:\t0x488\r\n\tProcess Name:\tC:\\Program Files\\Mozilla Firefox\\firefox.exe\r\n\r\nPermissions Change:\r\n\tOriginal Security Descriptor:\tD:(A;;GA;;;S-1-0-2961811972-716901729-4211127295-2103407851)(A;;GA;;;S-1-5-21-3263964631-4121654051-1417071188-1116)(A;;GA;;;SY)\r\n\tNew Security Descriptor:\tD:(A;;RC;;;OW)(A;;GA;;;S-1-0-2961811972-716901729-4211127295-2103407851)(A;;GA;;;S-1-5-21-3263964631-4121654051-1417071188-1116)(A;;GA;;;SY)","Category":"Authorization Policy Change","Opcode":"Info","SubjectUserSid":"S-1-5-21-3263964631-4121654051-1417071188-1116","SubjectUserName":"tim.smith_admin","SubjectDomainName":"LUNARSTIIINESS","SubjectLogonId":"0x5e1d463","ObjectServer":"Security","ObjectType":"Token","ObjectName":"-","HandleId":"0xd38","OldSd":"D:(A;;GA;;;S-1-0-2961811972-716901729-4211127295-2103407851)(A;;GA;;;S-1-5-21-3263964631-4121654051-1417071188-1116)(A;;GA;;;SY)","NewSd":"D:(A;;RC;;;OW)(A;;GA;;;S-1-0-2961811972-716901729-4211127295-2103407851)(A;;GA;;;S-1-5-21-3263964631-4121654051-1417071188-1116)(A;;GA;;;SY)","ProcessName":"C:\\Program Files\\Mozilla Firefox\\firefox.exe","EventReceivedTime":1687288466,"SourceModuleName":"in_default_channels","SourceModuleType":"im_msvistalog"}
<14>Jun 20 19:14:26 win-server.lunarstiiiness.com Microsoft-Windows-Security-Auditing[4]: {"EventTime":1687288465,"Hostname":"win-server.lunarstiiiness.com","Keywords":-9214364837600034816,"EventType":"AUDIT_SUCCESS","SeverityValue":2,"Severity":"INFO","EventID":4670,"SourceName":"Microsoft-Windows-Security-Auditing","ProviderGuid":"{54849625-5478-4994-A5BA-3E3B0328C30D}","Version":0,"Task":13570,"OpcodeValue":0,"RecordNumber":21794352,"ProcessID":4,"ThreadID":4572,"Channel":"Security","Message":"Permissions on an object were changed.\r\n\r\nSubject:\r\n\tSecurity ID:\t\tS-1-5-21-3263964631-4121654051-1417071188-1116\r\n\tAccount Name:\t\ttim.smith_admin\r\n\tAccount Domain:\t\tLUNARSTIIINESS\r\n\tLogon ID:\t\t0x5E1D463\r\n\r\nObject:\r\n\tObject Server:\tSecurity\r\n\tObject Type:\tToken\r\n\tObject Name:\t-\r\n\tHandle ID:\t0xd38\r\n\r\nProcess:\r\n\tProcess ID:\t0x488\r\n\tProcess Name:\tC:\\Program Files\\Mozilla Firefox\\firefox.exe\r\n\r\nPermissions Change:\r\n\tOriginal Security Descriptor:\tD:(A;;GA;;;S-1-5-21-3263964631-4121654051-1417071188-1116)(A;;GA;;;SY)\r\n\tNew Security Descriptor:\tD:(A;;GA;;;S-1-0-2961811972-716901729-4211127295-2103407851)(A;;GA;;;S-1-5-21-3263964631-4121654051-1417071188-1116)(A;;GA;;;SY)","Category":"Authorization Policy Change","Opcode":"Info","SubjectUserSid":"S-1-5-21-3263964631-4121654051-1417071188-1116","SubjectUserName":"tim.smith_admin","SubjectDomainName":"LUNARSTIIINESS","SubjectLogonId":"0x5e1d463","ObjectServer":"Security","ObjectType":"Token","ObjectName":"-","HandleId":"0xd38","OldSd":"D:(A;;GA;;;S-1-5-21-3263964631-4121654051-1417071188-1116)(A;;GA;;;SY)","NewSd":"D:(A;;GA;;;S-1-0-2961811972-716901729-4211127295-2103407851)(A;;GA;;;S-1-5-21-3263964631-4121654051-1417071188-1116)(A;;GA;;;SY)","ProcessName":"C:\\Program Files\\Mozilla Firefox\\firefox.exe","EventReceivedTime":1687288466,"SourceModuleName":"in_default_channels","SourceModuleType":"im_msvistalog"}
<14>Jun 20 19:14:26 win-server.lunarstiiiness.com Microsoft-Windows-Security-Auditing[4]: {"EventTime":1687288465,"Hostname":"win-server.lunarstiiiness.com","Keywords":-9214364837600034816,"EventType":"AUDIT_SUCCESS","SeverityValue":2,"Severity":"INFO","EventID":4670,"SourceName":"Microsoft-Windows-Security-Auditing","ProviderGuid":"{54849625-5478-4994-A5BA-3E3B0328C30D}","Version":0,"Task":13570,"OpcodeValue":0,"RecordNumber":21794362,"ProcessID":4,"ThreadID":4572,"Channel":"Security","Message":"Permissions on an object were changed.\r\n\r\nSubject:\r\n\tSecurity ID:\t\tS-1-5-21-3263964631-4121654051-1417071188-1116\r\n\tAccount Name:\t\ttim.smith_admin\r\n\tAccount Domain:\t\tLUNARSTIIINESS\r\n\tLogon ID:\t\t0x5E1D463\r\n\r\nObject:\r\n\tObject Server:\tSecurity\r\n\tObject Type:\tToken\r\n\tObject Name:\t-\r\n\tHandle ID:\t0x23f4\r\n\r\nProcess:\r\n\tProcess ID:\t0x488\r\n\tProcess Name:\tC:\\Program Files\\Mozilla Firefox\\firefox.exe\r\n\r\nPermissions Change:\r\n\tOriginal Security Descriptor:\tD:(A;;GA;;;S-1-5-21-3263964631-4121654051-1417071188-1116)(A;;GA;;;SY)\r\n\tNew Security Descriptor:\tD:(A;;GA;;;S-1-0-736674005-1377184473-1531243838-483426657)(A;;GA;;;S-1-5-21-3263964631-4121654051-1417071188-1116)(A;;GA;;;SY)","Category":"Authorization Policy Change","Opcode":"Info","SubjectUserSid":"S-1-5-21-3263964631-4121654051-1417071188-1116","SubjectUserName":"tim.smith_admin","SubjectDomainName":"LUNARSTIIINESS","SubjectLogonId":"0x5e1d463","ObjectServer":"Security","ObjectType":"Token","ObjectName":"-","HandleId":"0x23f4","OldSd":"D:(A;;GA;;;S-1-5-21-3263964631-4121654051-1417071188-1116)(A;;GA;;;SY)","NewSd":"D:(A;;GA;;;S-1-0-736674005-1377184473-1531243838-483426657)(A;;GA;;;S-1-5-21-3263964631-4121654051-1417071188-1116)(A;;GA;;;SY)","ProcessName":"C:\\Program Files\\Mozilla Firefox\\firefox.exe","EventReceivedTime":1687288466,"SourceModuleName":"in_default_channels","SourceModuleType":"im_msvistalog"}
<14>Jun 20 19:14:26 win-server.lunarstiiiness.com Microsoft-Windows-Security-Auditing[4]: {"EventTime":1687288465,"Hostname":"win-server.lunarstiiiness.com","Keywords":-9214364837600034816,"EventType":"AUDIT_SUCCESS","SeverityValue":2,"Severity":"INFO","EventID":4688,"SourceName":"Microsoft-Windows-Security-Auditing","ProviderGuid":"{54849625-5478-4994-A5BA-3E3B0328C30D}","Version":2,"Task":13312,"OpcodeValue":0,"RecordNumber":21794357,"ProcessID":4,"ThreadID":4572,"Channel":"Security","Message":"A new process has been created.\r\n\r\nCreator Subject:\r\n\tSecurity ID:\t\tS-1-5-21-3263964631-4121654051-1417071188-1116\r\n\tAccount Name:\t\ttim.smith_admin\r\n\tAccount Domain:\t\tLUNARSTIIINESS\r\n\tLogon ID:\t\t0x5E1D463\r\n\r\nTarget Subject:\r\n\tSecurity ID:\t\tS-1-0-0\r\n\tAccount Name:\t\t-\r\n\tAccount Domain:\t\t-\r\n\tLogon ID:\t\t0x0\r\n\r\nProcess Information:\r\n\tNew Process ID:\t\t0x10a0\r\n\tNew Process Name:\tC:\\Program Files\\Mozilla Firefox\\firefox.exe\r\n\tToken Elevation Type:\t%%1938\r\n\tMandatory Label:\t\tS-1-16-4096\r\n\tCreator Process ID:\t0x488\r\n\tCreator Process Name:\tC:\\Program Files\\Mozilla Firefox\\firefox.exe\r\n\tProcess Command Line:\t\"C:\\Program Files\\Mozilla Firefox\\firefox.exe\" -contentproc --channel=\"1160.21.1507243938\\1253548834\" -childID 17 -isForBrowser -prefsHandle 4212 -prefMapHandle 7884 -prefsLen 30293 -prefMapSize 251249 -jsInitHandle 920 -jsInitLen 236400 -parentBuildID 20230619081400 -appDir \"C:\\Program Files\\Mozilla Firefox\\browser\" - {8f19a5f1-ed49-456a-bc56-109ac43ee4c2} 1160 \"\\\\.\\pipe\\gecko-crash-server-pipe.1160\" 7196 2486914f858 tab\r\n\r\nToken Elevation Type indicates the type of token that was assigned to the new process in accordance with User Account Control policy.\r\n\r\nType 1 is a full token with no privileges removed or groups disabled.  A full token is only used if User Account Control is disabled or if the user is the built-in Administrator account or a service account.\r\n\r\nType 2 is an elevated token with no privileges removed or groups disabled.  An elevated token is used when User Account Control is enabled and the user chooses to start the program using Run as administrator.  An elevated token is also used when an application is configured to always require administrative privilege or to always require maximum privilege, and the user is a member of the Administrators group.\r\n\r\nType 3 is a limited token with administrative privileges removed and administrative groups disabled.  The limited token is used when User Account Control is enabled, the application does not require administrative privilege, and the user does not choose to start the program using Run as administrator.","Category":"Process Creation","Opcode":"Info","SubjectUserSid":"S-1-5-21-3263964631-4121654051-1417071188-1116","SubjectUserName":"tim.smith_admin","SubjectDomainName":"LUNARSTIIINESS","SubjectLogonId":"0x5e1d463","NewProcessId":"0x10a0","NewProcessName":"C:\\Program Files\\Mozilla Firefox\\firefox.exe","TokenElevationType":"%%1938","CommandLine":"\"C:\\Program Files\\Mozilla Firefox\\firefox.exe\" -contentproc --channel=\"1160.21.1507243938\\1253548834\" -childID 17 -isForBrowser -prefsHandle 4212 -prefMapHandle 7884 -prefsLen 30293 -prefMapSize 251249 -jsInitHandle 920 -jsInitLen 236400 -parentBuildID 20230619081400 -appDir \"C:\\Program Files\\Mozilla Firefox\\browser\" - {8f19a5f1-ed49-456a-bc56-109ac43ee4c2} 1160 \"\\\\.\\pipe\\gecko-crash-server-pipe.1160\" 7196 2486914f858 tab","TargetUserSid":"S-1-0-0","TargetUserName":"-","TargetDomainName":"-","TargetLogonId":"0x0","ParentProcessName":"C:\\Program Files\\Mozilla Firefox\\firefox.exe","MandatoryLabel":"S-1-16-4096","EventReceivedTime":1687288466,"SourceModuleName":"in_default_channels","SourceModuleType":"im_msvistalog"}
<14>Jun 20 19:14:26 win-server.lunarstiiiness.com Microsoft-Windows-Security-Auditing[4]: {"EventTime":1687288465,"Hostname":"win-server.lunarstiiiness.com","Keywords":-9214364837600034816,"EventType":"AUDIT_SUCCESS","SeverityValue":2,"Severity":"INFO","EventID":4688,"SourceName":"Microsoft-Windows-Security-Auditing","ProviderGuid":"{54849625-5478-4994-A5BA-3E3B0328C30D}","Version":2,"Task":13312,"OpcodeValue":0,"RecordNumber":21794364,"ProcessID":4,"ThreadID":8,"Channel":"Security","Message":"A new process has been created.\r\n\r\nCreator Subject:\r\n\tSecurity ID:\t\tS-1-5-21-3263964631-4121654051-1417071188-1116\r\n\tAccount Name:\t\ttim.smith_admin\r\n\tAccount Domain:\t\tLUNARSTIIINESS\r\n\tLogon ID:\t\t0x5E1D463\r\n\r\nTarget Subject:\r\n\tSecurity ID:\t\tS-1-0-0\r\n\tAccount Name:\t\t-\r\n\tAccount Domain:\t\t-\r\n\tLogon ID:\t\t0x0\r\n\r\nProcess Information:\r\n\tNew Process ID:\t\t0x1670\r\n\tNew Process Name:\tC:\\Program Files\\Mozilla Firefox\\firefox.exe\r\n\tToken Elevation Type:\t%%1938\r\n\tMandatory Label:\t\tS-1-16-4096\r\n\tCreator Process ID:\t0x488\r\n\tCreator Process Name:\tC:\\Program Files\\Mozilla Firefox\\firefox.exe\r\n\tProcess Command Line:\t\"C:\\Program Files\\Mozilla Firefox\\firefox.exe\" -contentproc --channel=\"1160.22.2032144291\\1051699974\" -childID 18 -isForBrowser -prefsHandle 4660 -prefMapHandle 8408 -prefsLen 30293 -prefMapSize 251249 -jsInitHandle 920 -jsInitLen 236400 -parentBuildID 20230619081400 -appDir \"C:\\Program Files\\Mozilla Firefox\\browser\" - {5792ffc4-b8c5-4318-ab34-d01149d87a32} 1160 \"\\\\.\\pipe\\gecko-crash-server-pipe.1160\" 4176 2486914ef58 tab\r\n\r\nToken Elevation Type indicates the type of token that was assigned to the new process in accordance with User Account Control policy.\r\n\r\nType 1 is a full token with no privileges removed or groups disabled.  A full token is only used if User Account Control is disabled or if the user is the built-in Administrator account or a service account.\r\n\r\nType 2 is an elevated token with no privileges removed or groups disabled.  An elevated token is used when User Account Control is enabled and the user chooses to start the program using Run as administrator.  An elevated token is also used when an application is configured to always require administrative privilege or to always require maximum privilege, and the user is a member of the Administrators group.\r\n\r\nType 3 is a limited token with administrative privileges removed and administrative groups disabled.  The limited token is used when User Account Control is enabled, the application does not require administrative privilege, and the user does not choose to start the program using Run as administrator.","Category":"Process Creation","Opcode":"Info","SubjectUserSid":"S-1-5-21-3263964631-4121654051-1417071188-1116","SubjectUserName":"tim.smith_admin","SubjectDomainName":"LUNARSTIIINESS","SubjectLogonId":"0x5e1d463","NewProcessId":"0x1670","NewProcessName":"C:\\Program Files\\Mozilla Firefox\\firefox.exe","TokenElevationType":"%%1938","CommandLine":"\"C:\\Program Files\\Mozilla Firefox\\firefox.exe\" -contentproc --channel=\"1160.22.2032144291\\1051699974\" -childID 18 -isForBrowser -prefsHandle 4660 -prefMapHandle 8408 -prefsLen 30293 -prefMapSize 251249 -jsInitHandle 920 -jsInitLen 236400 -parentBuildID 20230619081400 -appDir \"C:\\Program Files\\Mozilla Firefox\\browser\" - {5792ffc4-b8c5-4318-ab34-d01149d87a32} 1160 \"\\\\.\\pipe\\gecko-crash-server-pipe.1160\" 4176 2486914ef58 tab","TargetUserSid":"S-1-0-0","TargetUserName":"-","TargetDomainName":"-","TargetLogonId":"0x0","ParentProcessName":"C:\\Program Files\\Mozilla Firefox\\firefox.exe","MandatoryLabel":"S-1-16-4096","EventReceivedTime":1687288466,"SourceModuleName":"in_default_channels","SourceModuleType":"im_msvistalog"}
<14>Jun 20 19:14:28 win-server.lunarstiiiness.com Microsoft-Windows-Security-Auditing[4]: {"EventTime":1687288467,"Hostname":"win-server.lunarstiiiness.com","Keywords":-9214364837600034816,"EventType":"AUDIT_SUCCESS","SeverityValue":2,"Severity":"INFO","EventID":4689,"SourceName":"Microsoft-Windows-Security-Auditing","ProviderGuid":"{54849625-5478-4994-A5BA-3E3B0328C30D}","Version":0,"Task":13313,"OpcodeValue":0,"RecordNumber":21794416,"ProcessID":4,"ThreadID":4304,"Channel":"Security","Message":"A process has exited.\r\n\r\nSubject:\r\n\tSecurity ID:\t\tS-1-5-21-3263964631-4121654051-1417071188-1116\r\n\tAccount Name:\t\ttim.smith_admin\r\n\tAccount Domain:\t\tLUNARSTIIINESS\r\n\tLogon ID:\t\t0x5E1D463\r\n\r\nProcess Information:\r\n\tProcess ID:\t0x10ac\r\n\tProcess Name:\tC:\\Program Files\\Mozilla Firefox\\firefox.exe\r\n\tExit Status:\t0x0","Category":"Process Termination","Opcode":"Info","SubjectUserSid":"S-1-5-21-3263964631-4121654051-1417071188-1116","SubjectUserName":"tim.smith_admin","SubjectDomainName":"LUNARSTIIINESS","SubjectLogonId":"0x5e1d463","Status":"0x0","ProcessName":"C:\\Program Files\\Mozilla Firefox\\firefox.exe","EventReceivedTime":1687288468,"SourceModuleName":"in_default_channels","SourceModuleType":"im_msvistalog"}
