<14>Jun 20 19:28:04 win-adfs.lunarstiiiness.com Microsoft-Windows-Security-Auditing[612]: {"EventTime":1687289282,"Hostname":"win-adfs.lunarstiiiness.com","Keywords":-9214364837600034816,"EventType":"AUDIT_SUCCESS","SeverityValue":2,"Severity":"INFO","EventID":4624,"SourceName":"Microsoft-Windows-Security-Auditing","ProviderGuid":"{54849625-5478-4994-A5BA-3E3B0328C30D}","Version":2,"Task":12544,"OpcodeValue":0,"RecordNumber":53871753,"ActivityID":"{8F8F53C1-AEDC-0000-8191-D4AC6E9ED901}","ProcessID":612,"ThreadID":668,"Channel":"Security","Message":"An account was successfully logged on.\r\n\r\nSubject:\r\n\tSecurity ID:\t\tS-1-0-0\r\n\tAccount Name:\t\t-\r\n\tAccount Domain:\t\t-\r\n\tLogon ID:\t\t0x0\r\n\r\nLogon Information:\r\n\tLogon Type:\t\t3\r\n\tRestricted Admin Mode:\t-\r\n\tVirtual Account:\t\tNo\r\n\tElevated Token:\t\tYes\r\n\r\nImpersonation Level:\t\tDelegation\r\n\r\nNew Logon:\r\n\tSecurity ID:\t\tS-1-5-21-3263964631-4121654051-1417071188-1116\r\n\tAccount Name:\t\ttim.smith_admin\r\n\tAccount Domain:\t\tLUNARSTIIINESS.COM\r\n\tLogon ID:\t\t0x2307402D\r\n\tLinked Logon ID:\t\t0x0\r\n\tNetwork Account Name:\t-\r\n\tNetwork Account Domain:\t-\r\n\tLogon GUID:\t\t{e90c5602-8390-d9d2-f8ef-7b0d0ddbe207}\r\n\r\nProcess Information:\r\n\tProcess ID:\t\t0x0\r\n\tProcess Name:\t\t-\r\n\r\nNetwork Information:\r\n\tWorkstation Name:\t-\r\n\tSource Network Address:\t10.128.0.22\r\n\tSource Port:\t\t52317\r\n\r\nDetailed Authentication Information:\r\n\tLogon Process:\t\tKerberos\r\n\tAuthentication Package:\tKerberos\r\n\tTransited Services:\t-\r\n\tPackage Name (NTLM only):\t-\r\n\tKey Length:\t\t0\r\n\r\nThis event is generated when a logon session is created. It is generated on the computer that was accessed.\r\n\r\nThe subject fields indicate the account on the local system which requested the logon. This is most commonly a service such as the Server service, or a local process such as Winlogon.exe or Services.exe.\r\n\r\nThe logon type field indicates the kind of logon that occurred. The most common types are 2 (interactive) and 3 (network).\r\n\r\nThe New Logon fields indicate the account for whom the new logon was created, i.e. the account that was logged on.\r\n\r\nThe network fields indicate where a remote logon request originated. Workstation name is not always available and may be left blank in some cases.\r\n\r\nThe impersonation level field indicates the extent to which a process in the logon session can impersonate.\r\n\r\nThe authentication information fields provide detailed information about this specific logon request.\r\n\t- Logon GUID is a unique identifier that can be used to correlate this event with a KDC event.\r\n\t- Transited services indicate which intermediate services have participated in this logon request.\r\n\t- Package name indicates which sub-protocol was used among the NTLM protocols.\r\n\t- Key length indicates the length of the generated session key. This will be 0 if no session key was requested.","Category":"Logon","Opcode":"Info","SubjectUserSid":"S-1-0-0","SubjectUserName":"-","SubjectDomainName":"-","SubjectLogonId":"0x0","TargetUserSid":"S-1-5-21-3263964631-4121654051-1417071188-1116","TargetUserName":"tim.smith_admin","TargetDomainName":"LUNARSTIIINESS.COM","TargetLogonId":"0x2307402d","LogonType":"3","LogonProcessName":"Kerberos","AuthenticationPackageName":"Kerberos","WorkstationName":"-","LogonGuid":"{e90c5602-8390-d9d2-f8ef-7b0d0ddbe207}","TransmittedServices":"-","LmPackageName":"-","KeyLength":"0","ProcessName":"-","IpAddress":"10.128.0.22","IpPort":"52317","ImpersonationLevel":"%%1840","RestrictedAdminMode":"-","TargetOutboundUserName":"-","TargetOutboundDomainName":"-","VirtualAccount":"%%1843","TargetLinkedLogonId":"0x0","ElevatedToken":"%%1842","EventReceivedTime":1687289284,"SourceModuleName":"windows_security_eventlog","SourceModuleType":"im_msvistalog"}
<14>Jun 20 19:28:04 win-adfs.lunarstiiiness.com Microsoft-Windows-Security-Auditing[612]: {"EventTime":1687289282,"Hostname":"win-adfs.lunarstiiiness.com","Keywords":-9214364837600034816,"EventType":"AUDIT_SUCCESS","SeverityValue":2,"Severity":"INFO","EventID":4624,"SourceName":"Microsoft-Windows-Security-Auditing","ProviderGuid":"{54849625-5478-4994-A5BA-3E3B0328C30D}","Version":2,"Task":12544,"OpcodeValue":0,"RecordNumber":53871714,"ProcessID":612,"ThreadID":372,"Channel":"Security","Message":"An account was successfully logged on.\r\n\r\nSubject:\r\n\tSecurity ID:\t\tS-1-0-0\r\n\tAccount Name:\t\t-\r\n\tAccount Domain:\t\t-\r\n\tLogon ID:\t\t0x0\r\n\r\nLogon Information:\r\n\tLogon Type:\t\t3\r\n\tRestricted Admin Mode:\t-\r\n\tVirtual Account:\t\tNo\r\n\tElevated Token:\t\tYes\r\n\r\nImpersonation Level:\t\tImpersonation\r\n\r\nNew Logon:\r\n\tSecurity ID:\t\tS-1-5-21-3263964631-4121654051-1417071188-1116\r\n\tAccount Name:\t\ttim.smith_admin\r\n\tAccount Domain:\t\tLUNARSTIIINESS.COM\r\n\tLogon ID:\t\t0x23073F95\r\n\tLinked Logon ID:\t\t0x0\r\n\tNetwork Account Name:\t-\r\n\tNetwork Account Domain:\t-\r\n\tLogon GUID:\t\t{97463631-fff6-941d-6f95-8fa6c951fb0e}\r\n\r\nProcess Information:\r\n\tProcess ID:\t\t0x0\r\n\tProcess Name:\t\t-\r\n\r\nNetwork Information:\r\n\tWorkstation Name:\t-\r\n\tSource Network Address:\t10.128.0.22\r\n\tSource Port:\t\t52309\r\n\r\nDetailed Authentication Information:\r\n\tLogon Process:\t\tKerberos\r\n\tAuthentication Package:\tKerberos\r\n\tTransited Services:\t-\r\n\tPackage Name (NTLM only):\t-\r\n\tKey Length:\t\t0\r\n\r\nThis event is generated when a logon session is created. It is generated on the computer that was accessed.\r\n\r\nThe subject fields indicate the account on the local system which requested the logon. This is most commonly a service such as the Server service, or a local process such as Winlogon.exe or Services.exe.\r\n\r\nThe logon type field indicates the kind of logon that occurred. The most common types are 2 (interactive) and 3 (network).\r\n\r\nThe New Logon fields indicate the account for whom the new logon was created, i.e. the account that was logged on.\r\n\r\nThe network fields indicate where a remote logon request originated. Workstation name is not always available and may be left blank in some cases.\r\n\r\nThe impersonation level field indicates the extent to which a process in the logon session can impersonate.\r\n\r\nThe authentication information fields provide detailed information about this specific logon request.\r\n\t- Logon GUID is a unique identifier that can be used to correlate this event with a KDC event.\r\n\t- Transited services indicate which intermediate services have participated in this logon request.\r\n\t- Package name indicates which sub-protocol was used among the NTLM protocols.\r\n\t- Key length indicates the length of the generated session key. This will be 0 if no session key was requested.","Category":"Logon","Opcode":"Info","SubjectUserSid":"S-1-0-0","SubjectUserName":"-","SubjectDomainName":"-","SubjectLogonId":"0x0","TargetUserSid":"S-1-5-21-3263964631-4121654051-1417071188-1116","TargetUserName":"tim.smith_admin","TargetDomainName":"LUNARSTIIINESS.COM","TargetLogonId":"0x23073f95","LogonType":"3","LogonProcessName":"Kerberos","AuthenticationPackageName":"Kerberos","WorkstationName":"-","LogonGuid":"{97463631-fff6-941d-6f95-8fa6c951fb0e}","TransmittedServices":"-","LmPackageName":"-","KeyLength":"0","ProcessName":"-","IpAddress":"10.128.0.22","IpPort":"52309","ImpersonationLevel":"%%1833","RestrictedAdminMode":"-","TargetOutboundUserName":"-","TargetOutboundDomainName":"-","VirtualAccount":"%%1843","TargetLinkedLogonId":"0x0","ElevatedToken":"%%1842","EventReceivedTime":1687289284,"SourceModuleName":"windows_security_eventlog","SourceModuleType":"im_msvistalog"}
<14>Jun 20 19:28:04 win-adfs.lunarstiiiness.com Microsoft-Windows-Security-Auditing[612]: {"EventTime":1687289282,"Hostname":"win-adfs.lunarstiiiness.com","Keywords":-9214364837600034816,"EventType":"AUDIT_SUCCESS","SeverityValue":2,"Severity":"INFO","EventID":4624,"SourceName":"Microsoft-Windows-Security-Auditing","ProviderGuid":"{54849625-5478-4994-A5BA-3E3B0328C30D}","Version":2,"Task":12544,"OpcodeValue":0,"RecordNumber":53871759,"ActivityID":"{8F8F53C1-AEDC-0000-8191-D4AC6E9ED901}","ProcessID":612,"ThreadID":668,"Channel":"Security","Message":"An account was successfully logged on.\r\n\r\nSubject:\r\n\tSecurity ID:\t\tS-1-0-0\r\n\tAccount Name:\t\t-\r\n\tAccount Domain:\t\t-\r\n\tLogon ID:\t\t0x0\r\n\r\nLogon Information:\r\n\tLogon Type:\t\t3\r\n\tRestricted Admin Mode:\t-\r\n\tVirtual Account:\t\tNo\r\n\tElevated Token:\t\tYes\r\n\r\nImpersonation Level:\t\tDelegation\r\n\r\nNew Logon:\r\n\tSecurity ID:\t\tS-1-5-21-3263964631-4121654051-1417071188-1116\r\n\tAccount Name:\t\ttim.smith_admin\r\n\tAccount Domain:\t\tLUNARSTIIINESS.COM\r\n\tLogon ID:\t\t0x2307405A\r\n\tLinked Logon ID:\t\t0x0\r\n\tNetwork Account Name:\t-\r\n\tNetwork Account Domain:\t-\r\n\tLogon GUID:\t\t{e90c5602-8390-d9d2-f8ef-7b0d0ddbe207}\r\n\r\nProcess Information:\r\n\tProcess ID:\t\t0x0\r\n\tProcess Name:\t\t-\r\n\r\nNetwork Information:\r\n\tWorkstation Name:\t-\r\n\tSource Network Address:\t10.128.0.22\r\n\tSource Port:\t\t52312\r\n\r\nDetailed Authentication Information:\r\n\tLogon Process:\t\tKerberos\r\n\tAuthentication Package:\tKerberos\r\n\tTransited Services:\t-\r\n\tPackage Name (NTLM only):\t-\r\n\tKey Length:\t\t0\r\n\r\nThis event is generated when a logon session is created. It is generated on the computer that was accessed.\r\n\r\nThe subject fields indicate the account on the local system which requested the logon. This is most commonly a service such as the Server service, or a local process such as Winlogon.exe or Services.exe.\r\n\r\nThe logon type field indicates the kind of logon that occurred. The most common types are 2 (interactive) and 3 (network).\r\n\r\nThe New Logon fields indicate the account for whom the new logon was created, i.e. the account that was logged on.\r\n\r\nThe network fields indicate where a remote logon request originated. Workstation name is not always available and may be left blank in some cases.\r\n\r\nThe impersonation level field indicates the extent to which a process in the logon session can impersonate.\r\n\r\nThe authentication information fields provide detailed information about this specific logon request.\r\n\t- Logon GUID is a unique identifier that can be used to correlate this event with a KDC event.\r\n\t- Transited services indicate which intermediate services have participated in this logon request.\r\n\t- Package name indicates which sub-protocol was used among the NTLM protocols.\r\n\t- Key length indicates the length of the generated session key. This will be 0 if no session key was requested.","Category":"Logon","Opcode":"Info","SubjectUserSid":"S-1-0-0","SubjectUserName":"-","SubjectDomainName":"-","SubjectLogonId":"0x0","TargetUserSid":"S-1-5-21-3263964631-4121654051-1417071188-1116","TargetUserName":"tim.smith_admin","TargetDomainName":"LUNARSTIIINESS.COM","TargetLogonId":"0x2307405a","LogonType":"3","LogonProcessName":"Kerberos","AuthenticationPackageName":"Kerberos","WorkstationName":"-","LogonGuid":"{e90c5602-8390-d9d2-f8ef-7b0d0ddbe207}","TransmittedServices":"-","LmPackageName":"-","KeyLength":"0","ProcessName":"-","IpAddress":"10.128.0.22","IpPort":"52312","ImpersonationLevel":"%%1840","RestrictedAdminMode":"-","TargetOutboundUserName":"-","TargetOutboundDomainName":"-","VirtualAccount":"%%1843","TargetLinkedLogonId":"0x0","ElevatedToken":"%%1842","EventReceivedTime":1687289284,"SourceModuleName":"windows_security_eventlog","SourceModuleType":"im_msvistalog"}
<14>Jun 20 19:28:04 win-adfs.lunarstiiiness.com Microsoft-Windows-Security-Auditing[612]: {"EventTime":1687289282,"Hostname":"win-adfs.lunarstiiiness.com","Keywords":-9214364837600034816,"EventType":"AUDIT_SUCCESS","SeverityValue":2,"Severity":"INFO","EventID":4672,"SourceName":"Microsoft-Windows-Security-Auditing","ProviderGuid":"{54849625-5478-4994-A5BA-3E3B0328C30D}","Version":0,"Task":12548,"OpcodeValue":0,"RecordNumber":53871758,"ActivityID":"{8F8F53C1-AEDC-0000-8191-D4AC6E9ED901}","ProcessID":612,"ThreadID":668,"Channel":"Security","Message":"Special privileges assigned to new logon.\r\n\r\nSubject:\r\n\tSecurity ID:\t\tS-1-5-21-3263964631-4121654051-1417071188-1116\r\n\tAccount Name:\t\ttim.smith_admin\r\n\tAccount Domain:\t\tLUNARSTIIINESS\r\n\tLogon ID:\t\t0x2307405A\r\n\r\nPrivileges:\t\tSeSecurityPrivilege\r\n\t\t\tSeBackupPrivilege\r\n\t\t\tSeRestorePrivilege\r\n\t\t\tSeTakeOwnershipPrivilege\r\n\t\t\tSeDebugPrivilege\r\n\t\t\tSeSystemEnvironmentPrivilege\r\n\t\t\tSeLoadDriverPrivilege\r\n\t\t\tSeImpersonatePrivilege\r\n\t\t\tSeDelegateSessionUserImpersonatePrivilege\r\n\t\t\tSeEnableDelegationPrivilege","Category":"Special Logon","Opcode":"Info","SubjectUserSid":"S-1-5-21-3263964631-4121654051-1417071188-1116","SubjectUserName":"tim.smith_admin","SubjectDomainName":"LUNARSTIIINESS","SubjectLogonId":"0x2307405a","PrivilegeList":"SeSecurityPrivilege\r\n\t\t\tSeBackupPrivilege\r\n\t\t\tSeRestorePrivilege\r\n\t\t\tSeTakeOwnershipPrivilege\r\n\t\t\tSeDebugPrivilege\r\n\t\t\tSeSystemEnvironmentPrivilege\r\n\t\t\tSeLoadDriverPrivilege\r\n\t\t\tSeImpersonatePrivilege\r\n\t\t\tSeDelegateSessionUserImpersonatePrivilege\r\n\t\t\tSeEnableDelegationPrivilege","EventReceivedTime":1687289284,"SourceModuleName":"windows_security_eventlog","SourceModuleType":"im_msvistalog"}
<14>Jun 20 19:28:04 win-adfs.lunarstiiiness.com Microsoft-Windows-Security-Auditing[612]: {"EventTime":1687289282,"Hostname":"win-adfs.lunarstiiiness.com","Keywords":-9214364837600034816,"EventType":"AUDIT_SUCCESS","SeverityValue":2,"Severity":"INFO","EventID":4634,"SourceName":"Microsoft-Windows-Security-Auditing","ProviderGuid":"{54849625-5478-4994-A5BA-3E3B0328C30D}","Version":0,"Task":12545,"OpcodeValue":0,"RecordNumber":53871761,"ProcessID":612,"ThreadID":668,"Channel":"Security","Message":"An account was logged off.\r\n\r\nSubject:\r\n\tSecurity ID:\t\tS-1-5-21-3263964631-4121654051-1417071188-1116\r\n\tAccount Name:\t\ttim.smith_admin\r\n\tAccount Domain:\t\tLUNARSTIIINESS\r\n\tLogon ID:\t\t0x23074044\r\n\r\nLogon Type:\t\t\t3\r\n\r\nThis event is generated when a logon session is destroyed. It may be positively correlated with a logon event using the Logon ID value. Logon IDs are only unique between reboots on the same computer.","Category":"Logoff","Opcode":"Info","TargetUserSid":"S-1-5-21-3263964631-4121654051-1417071188-1116","TargetUserName":"tim.smith_admin","TargetDomainName":"LUNARSTIIINESS","TargetLogonId":"0x23074044","LogonType":"3","EventReceivedTime":1687289284,"SourceModuleName":"windows_security_eventlog","SourceModuleType":"im_msvistalog"}
<14>Jun 20 19:28:04 win-adfs.lunarstiiiness.com Microsoft-Windows-Security-Auditing[612]: {"EventTime":1687289282,"Hostname":"win-adfs.lunarstiiiness.com","Keywords":-9214364837600034816,"EventType":"AUDIT_SUCCESS","SeverityValue":2,"Severity":"INFO","EventID":4662,"SourceName":"Microsoft-Windows-Security-Auditing","ProviderGuid":"{54849625-5478-4994-A5BA-3E3B0328C30D}","Version":0,"Task":14080,"OpcodeValue":0,"RecordNumber":53871731,"ProcessID":612,"ThreadID":716,"Channel":"Security","Message":"An operation was performed on an object.\r\n\r\nSubject :\r\n\tSecurity ID:\t\tS-1-5-21-3263964631-4121654051-1417071188-1116\r\n\tAccount Name:\t\ttim.smith_admin\r\n\tAccount Domain:\t\tLUNARSTIIINESS\r\n\tLogon ID:\t\t0x23073F95\r\n\r\nObject:\r\n\tObject Server:\t\tDS\r\n\tObject Type:\t\t%{7b8b558a-93a5-4af7-adca-c017e67f1057}\r\n\tObject Name:\t\t%{3f7ab0df-8117-4924-922d-9ed51e4a4709}\r\n\tHandle ID:\t\t0x0\r\n\r\nOperation:\r\n\tOperation Type:\t\tObject Access\r\n\tAccesses:\t\tRead Property\r\n\t\t\t\t\r\n\tAccess Mask:\t\t0x10\r\n\tProperties:\t\tRead Property\r\n\t\t{e48d0154-bcf8-11d1-8702-00c04fb96050}\r\n\t\t\t{bf9679e5-0de6-11d0-a285-00aa003049e2}\r\n\t{7b8b558a-93a5-4af7-adca-c017e67f1057}\r\n\r\n\r\nAdditional Information:\r\n\tParameter 1:\t\t-\r\n\tParameter 2:\t\t","Category":"Directory Service Access","Opcode":"Info","SubjectUserSid":"S-1-5-21-3263964631-4121654051-1417071188-1116","SubjectUserName":"tim.smith_admin","SubjectDomainName":"LUNARSTIIINESS","SubjectLogonId":"0x23073f95","ObjectServer":"DS","ObjectType":"%{7b8b558a-93a5-4af7-adca-c017e67f1057}","ObjectName":"%{3f7ab0df-8117-4924-922d-9ed51e4a4709}","OperationType":"Object Access","HandleId":"0x0","AccessList":"%%7684\r\n\t\t\t\t","AccessMask":"0x10","Properties":"%%7684\r\n\t\t{e48d0154-bcf8-11d1-8702-00c04fb96050}\r\n\t\t\t{bf9679e5-0de6-11d0-a285-00aa003049e2}\r\n\t{7b8b558a-93a5-4af7-adca-c017e67f1057}\r\n","AdditionalInfo":"-","EventReceivedTime":1687289284,"SourceModuleName":"windows_security_eventlog","SourceModuleType":"im_msvistalog"}
<14>Jun 20 19:28:04 win-adfs.lunarstiiiness.com Microsoft-Windows-Security-Auditing[612]: {"EventTime":1687289282,"Hostname":"win-adfs.lunarstiiiness.com","Keywords":-9214364837600034816,"EventType":"AUDIT_SUCCESS","SeverityValue":2,"Severity":"INFO","EventID":4672,"SourceName":"Microsoft-Windows-Security-Auditing","ProviderGuid":"{54849625-5478-4994-A5BA-3E3B0328C30D}","Version":0,"Task":12548,"OpcodeValue":0,"RecordNumber":53871741,"ActivityID":"{8F8F53C1-AEDC-0000-8191-D4AC6E9ED901}","ProcessID":612,"ThreadID":668,"Channel":"Security","Message":"Special privileges assigned to new logon.\r\n\r\nSubject:\r\n\tSecurity ID:\t\tS-1-5-21-3263964631-4121654051-1417071188-1116\r\n\tAccount Name:\t\ttim.smith_admin\r\n\tAccount Domain:\t\tLUNARSTIIINESS\r\n\tLogon ID:\t\t0x23073FD8\r\n\r\nPrivileges:\t\tSeSecurityPrivilege\r\n\t\t\tSeBackupPrivilege\r\n\t\t\tSeRestorePrivilege\r\n\t\t\tSeTakeOwnershipPrivilege\r\n\t\t\tSeDebugPrivilege\r\n\t\t\tSeSystemEnvironmentPrivilege\r\n\t\t\tSeLoadDriverPrivilege\r\n\t\t\tSeImpersonatePrivilege\r\n\t\t\tSeDelegateSessionUserImpersonatePrivilege\r\n\t\t\tSeEnableDelegationPrivilege","Category":"Special Logon","Opcode":"Info","SubjectUserSid":"S-1-5-21-3263964631-4121654051-1417071188-1116","SubjectUserName":"tim.smith_admin","SubjectDomainName":"LUNARSTIIINESS","SubjectLogonId":"0x23073fd8","PrivilegeList":"SeSecurityPrivilege\r\n\t\t\tSeBackupPrivilege\r\n\t\t\tSeRestorePrivilege\r\n\t\t\tSeTakeOwnershipPrivilege\r\n\t\t\tSeDebugPrivilege\r\n\t\t\tSeSystemEnvironmentPrivilege\r\n\t\t\tSeLoadDriverPrivilege\r\n\t\t\tSeImpersonatePrivilege\r\n\t\t\tSeDelegateSessionUserImpersonatePrivilege\r\n\t\t\tSeEnableDelegationPrivilege","EventReceivedTime":1687289284,"SourceModuleName":"windows_security_eventlog","SourceModuleType":"im_msvistalog"}
<14>Jun 20 19:28:05 win-adfs.lunarstiiiness.com Microsoft-Windows-Security-Auditing[612]: {"EventTime":1687289284,"Hostname":"win-adfs.lunarstiiiness.com","Keywords":-9214364837600034816,"EventType":"AUDIT_SUCCESS","SeverityValue":2,"Severity":"INFO","EventID":4624,"SourceName":"Microsoft-Windows-Security-Auditing","ProviderGuid":"{54849625-5478-4994-A5BA-3E3B0328C30D}","Version":2,"Task":12544,"OpcodeValue":0,"RecordNumber":53871781,"ProcessID":612,"ThreadID":372,"Channel":"Security","Message":"An account was successfully logged on.\r\n\r\nSubject:\r\n\tSecurity ID:\t\tS-1-0-0\r\n\tAccount Name:\t\t-\r\n\tAccount Domain:\t\t-\r\n\tLogon ID:\t\t0x0\r\n\r\nLogon Information:\r\n\tLogon Type:\t\t3\r\n\tRestricted Admin Mode:\t-\r\n\tVirtual Account:\t\tNo\r\n\tElevated Token:\t\tYes\r\n\r\nImpersonation Level:\t\tImpersonation\r\n\r\nNew Logon:\r\n\tSecurity ID:\t\tS-1-5-18\r\n\tAccount Name:\t\tWIN-ADFS$\r\n\tAccount Domain:\t\tLUNARSTIIINESS.COM\r\n\tLogon ID:\t\t0x2307416C\r\n\tLinked Logon ID:\t\t0x0\r\n\tNetwork Account Name:\t-\r\n\tNetwork Account Domain:\t-\r\n\tLogon GUID:\t\t{6b933b2f-3e09-fea9-825a-ea7f26a01bee}\r\n\r\nProcess Information:\r\n\tProcess ID:\t\t0x0\r\n\tProcess Name:\t\t-\r\n\r\nNetwork Information:\r\n\tWorkstation Name:\t-\r\n\tSource Network Address:\t127.0.0.1\r\n\tSource Port:\t\t63522\r\n\r\nDetailed Authentication Information:\r\n\tLogon Process:\t\tKerberos\r\n\tAuthentication Package:\tKerberos\r\n\tTransited Services:\t-\r\n\tPackage Name (NTLM only):\t-\r\n\tKey Length:\t\t0\r\n\r\nThis event is generated when a logon session is created. It is generated on the computer that was accessed.\r\n\r\nThe subject fields indicate the account on the local system which requested the logon. This is most commonly a service such as the Server service, or a local process such as Winlogon.exe or Services.exe.\r\n\r\nThe logon type field indicates the kind of logon that occurred. The most common types are 2 (interactive) and 3 (network).\r\n\r\nThe New Logon fields indicate the account for whom the new logon was created, i.e. the account that was logged on.\r\n\r\nThe network fields indicate where a remote logon request originated. Workstation name is not always available and may be left blank in some cases.\r\n\r\nThe impersonation level field indicates the extent to which a process in the logon session can impersonate.\r\n\r\nThe authentication information fields provide detailed information about this specific logon request.\r\n\t- Logon GUID is a unique identifier that can be used to correlate this event with a KDC event.\r\n\t- Transited services indicate which intermediate services have participated in this logon request.\r\n\t- Package name indicates which sub-protocol was used among the NTLM protocols.\r\n\t- Key length indicates the length of the generated session key. This will be 0 if no session key was requested.","Category":"Logon","Opcode":"Info","SubjectUserSid":"S-1-0-0","SubjectUserName":"-","SubjectDomainName":"-","SubjectLogonId":"0x0","TargetUserSid":"S-1-5-18","TargetUserName":"WIN-ADFS$","TargetDomainName":"LUNARSTIIINESS.COM","TargetLogonId":"0x2307416c","LogonType":"3","LogonProcessName":"Kerberos","AuthenticationPackageName":"Kerberos","WorkstationName":"-","LogonGuid":"{6b933b2f-3e09-fea9-825a-ea7f26a01bee}","TransmittedServices":"-","LmPackageName":"-","KeyLength":"0","ProcessName":"-","IpAddress":"127.0.0.1","IpPort":"63522","ImpersonationLevel":"%%1833","RestrictedAdminMode":"-","TargetOutboundUserName":"-","TargetOutboundDomainName":"-","VirtualAccount":"%%1843","TargetLinkedLogonId":"0x0","ElevatedToken":"%%1842","EventReceivedTime":1687289285,"SourceModuleName":"windows_security_eventlog","SourceModuleType":"im_msvistalog"}
<14>Jun 20 19:28:04 win-server.lunarstiiiness.com Microsoft-Windows-Security-Auditing[588]: {"EventTime":1687289284,"Hostname":"win-server.lunarstiiiness.com","Keywords":-9214364837600034816,"EventType":"AUDIT_SUCCESS","SeverityValue":2,"Severity":"INFO","EventID":4662,"SourceName":"Microsoft-Windows-Security-Auditing","ProviderGuid":"{54849625-5478-4994-A5BA-3E3B0328C30D}","Version":0,"Task":12804,"OpcodeValue":0,"RecordNumber":21864194,"ProcessID":588,"ThreadID":4776,"Channel":"Security","Message":"An operation was performed on an object.\r\n\r\nSubject :\r\n\tSecurity ID:\t\tS-1-5-19\r\n\tAccount Name:\t\tLOCAL SERVICE\r\n\tAccount Domain:\t\tNT AUTHORITY\r\n\tLogon ID:\t\t0x3E5\r\n\r\nObject:\r\n\tObject Server:\t\tLSA\r\n\tObject Type:\t\tSecretObject\r\n\tObject Name:\t\tPolicy\\Secrets\\$MACHINE.ACC\r\n\tHandle ID:\t\t0x1bde0e98ab0\r\n\r\nOperation:\r\n\tOperation Type:\t\tQuery\r\n\tAccesses:\t\tQuery secret value\r\n\t\t\t\t\r\n\tAccess Mask:\t\t0x2\r\n\tProperties:\t\t-\r\n\r\nAdditional Information:\r\n\tParameter 1:\t\t-\r\n\tParameter 2:\t\t-","Category":"Other Object Access Events","Opcode":"Info","SubjectUserSid":"S-1-5-19","SubjectUserName":"LOCAL SERVICE","SubjectDomainName":"NT AUTHORITY","SubjectLogonId":"0x3e5","ObjectServer":"LSA","ObjectType":"SecretObject","ObjectName":"Policy\\Secrets\\$MACHINE.ACC","OperationType":"Query","HandleId":"0x1bde0e98ab0","AccessList":"%%5649\r\n\t\t\t\t","AccessMask":"0x2","Properties":"-","AdditionalInfo":"-","AdditionalInfo2":"-","EventReceivedTime":1687289284,"SourceModuleName":"in_default_channels","SourceModuleType":"im_msvistalog"}
<14>Jun 20 19:28:05 win-adfs.lunarstiiiness.com Microsoft-Windows-Security-Auditing[612]: {"EventTime":1687289284,"Hostname":"win-adfs.lunarstiiiness.com","Keywords":-9214364837600034816,"EventType":"AUDIT_SUCCESS","SeverityValue":2,"Severity":"INFO","EventID":4672,"SourceName":"Microsoft-Windows-Security-Auditing","ProviderGuid":"{54849625-5478-4994-A5BA-3E3B0328C30D}","Version":0,"Task":12548,"OpcodeValue":0,"RecordNumber":53871780,"ProcessID":612,"ThreadID":372,"Channel":"Security","Message":"Special privileges assigned to new logon.\r\n\r\nSubject:\r\n\tSecurity ID:\t\tS-1-5-18\r\n\tAccount Name:\t\tWIN-ADFS$\r\n\tAccount Domain:\t\tLUNARSTIIINESS\r\n\tLogon ID:\t\t0x2307416C\r\n\r\nPrivileges:\t\tSeSecurityPrivilege\r\n\t\t\tSeBackupPrivilege\r\n\t\t\tSeRestorePrivilege\r\n\t\t\tSeTakeOwnershipPrivilege\r\n\t\t\tSeDebugPrivilege\r\n\t\t\tSeSystemEnvironmentPrivilege\r\n\t\t\tSeLoadDriverPrivilege\r\n\t\t\tSeImpersonatePrivilege\r\n\t\t\tSeDelegateSessionUserImpersonatePrivilege\r\n\t\t\tSeEnableDelegationPrivilege","Category":"Special Logon","Opcode":"Info","SubjectUserSid":"S-1-5-18","SubjectUserName":"WIN-ADFS$","SubjectDomainName":"LUNARSTIIINESS","SubjectLogonId":"0x2307416c","PrivilegeList":"SeSecurityPrivilege\r\n\t\t\tSeBackupPrivilege\r\n\t\t\tSeRestorePrivilege\r\n\t\t\tSeTakeOwnershipPrivilege\r\n\t\t\tSeDebugPrivilege\r\n\t\t\tSeSystemEnvironmentPrivilege\r\n\t\t\tSeLoadDriverPrivilege\r\n\t\t\tSeImpersonatePrivilege\r\n\t\t\tSeDelegateSessionUserImpersonatePrivilege\r\n\t\t\tSeEnableDelegationPrivilege","EventReceivedTime":1687289285,"SourceModuleName":"windows_security_eventlog","SourceModuleType":"im_msvistalog"}
<14>Jun 20 19:28:05 win-adfs.lunarstiiiness.com Microsoft-Windows-Security-Auditing[612]: {"EventTime":1687289284,"Hostname":"win-adfs.lunarstiiiness.com","Keywords":-9214364837600034816,"EventType":"AUDIT_SUCCESS","SeverityValue":2,"Severity":"INFO","EventID":4634,"SourceName":"Microsoft-Windows-Security-Auditing","ProviderGuid":"{54849625-5478-4994-A5BA-3E3B0328C30D}","Version":0,"Task":12545,"OpcodeValue":0,"RecordNumber":53871783,"ProcessID":612,"ThreadID":8380,"Channel":"Security","Message":"An account was logged off.\r\n\r\nSubject:\r\n\tSecurity ID:\t\tS-1-5-18\r\n\tAccount Name:\t\tWIN-ADFS$\r\n\tAccount Domain:\t\tLUNARSTIIINESS\r\n\tLogon ID:\t\t0x2307416C\r\n\r\nLogon Type:\t\t\t3\r\n\r\nThis event is generated when a logon session is destroyed. It may be positively correlated with a logon event using the Logon ID value. Logon IDs are only unique between reboots on the same computer.","Category":"Logoff","Opcode":"Info","TargetUserSid":"S-1-5-18","TargetUserName":"WIN-ADFS$","TargetDomainName":"LUNARSTIIINESS","TargetLogonId":"0x2307416c","LogonType":"3","EventReceivedTime":1687289285,"SourceModuleName":"windows_security_eventlog","SourceModuleType":"im_msvistalog"}
<14>Jun 20 19:28:10 win-adfs.lunarstiiiness.com Microsoft-Windows-Security-Auditing[4]: {"EventTime":1687289288,"Hostname":"win-adfs.lunarstiiiness.com","Keywords":-9214364837600034816,"EventType":"AUDIT_SUCCESS","SeverityValue":2,"Severity":"INFO","EventID":4688,"SourceName":"Microsoft-Windows-Security-Auditing","ProviderGuid":"{54849625-5478-4994-A5BA-3E3B0328C30D}","Version":2,"Task":13312,"OpcodeValue":0,"RecordNumber":53871791,"ProcessID":4,"ThreadID":9068,"Channel":"Security","Message":"A new process has been created.\r\n\r\nCreator Subject:\r\n\tSecurity ID:\t\tS-1-5-18\r\n\tAccount Name:\t\tWIN-ADFS$\r\n\tAccount Domain:\t\tLUNARSTIIINESS\r\n\tLogon ID:\t\t0x3E7\r\n\r\nTarget Subject:\r\n\tSecurity ID:\t\tS-1-5-19\r\n\tAccount Name:\t\tLOCAL SERVICE\r\n\tAccount Domain:\t\tNT AUTHORITY\r\n\tLogon ID:\t\t0x3E5\r\n\r\nProcess Information:\r\n\tNew Process ID:\t\t0xc4c\r\n\tNew Process Name:\tC:\\Windows\\System32\\svchost.exe\r\n\tToken Elevation Type:\tTokenElevationTypeDefault (1)\r\n\tMandatory Label:\t\tS-1-16-16384\r\n\tCreator Process ID:\t0x25c\r\n\tCreator Process Name:\tC:\\Windows\\System32\\services.exe\r\n\tProcess Command Line:\tC:\\Windows\\system32\\svchost.exe -k localService -p -s RemoteRegistry\r\n\r\nToken Elevation Type indicates the type of token that was assigned to the new process in accordance with User Account Control policy.\r\n\r\nType 1 is a full token with no privileges removed or groups disabled.  A full token is only used if User Account Control is disabled or if the user is the built-in Administrator account or a service account.\r\n\r\nType 2 is an elevated token with no privileges removed or groups disabled.  An elevated token is used when User Account Control is enabled and the user chooses to start the program using Run as administrator.  An elevated token is also used when an application is configured to always require administrative privilege or to always require maximum privilege, and the user is a member of the Administrators group.\r\n\r\nType 3 is a limited token with administrative privileges removed and administrative groups disabled.  The limited token is used when User Account Control is enabled, the application does not require administrative privilege, and the user does not choose to start the program using Run as administrator.","Category":"Process Creation","Opcode":"Info","SubjectUserSid":"S-1-5-18","SubjectUserName":"WIN-ADFS$","SubjectDomainName":"LUNARSTIIINESS","SubjectLogonId":"0x3e7","NewProcessId":"0xc4c","NewProcessName":"C:\\Windows\\System32\\svchost.exe","TokenElevationType":"%%1936","CommandLine":"C:\\Windows\\system32\\svchost.exe -k localService -p -s RemoteRegistry","TargetUserSid":"S-1-5-19","TargetUserName":"LOCAL SERVICE","TargetDomainName":"NT AUTHORITY","TargetLogonId":"0x3e5","ParentProcessName":"C:\\Windows\\System32\\services.exe","MandatoryLabel":"S-1-16-16384","EventReceivedTime":1687289290,"SourceModuleName":"windows_security_eventlog","SourceModuleType":"im_msvistalog"}
<14>Jun 20 19:28:10 win-adfs.lunarstiiiness.com Service_Control_Manager[604]: {"EventTime":1687289288,"Hostname":"win-adfs.lunarstiiiness.com","Keywords":-9187343239835811840,"EventType":"INFO","SeverityValue":2,"Severity":"INFO","EventID":7036,"SourceName":"Service Control Manager","ProviderGuid":"{555908D1-A6D7-4695-8E1E-26931D2012F4}","Version":0,"Task":0,"OpcodeValue":0,"RecordNumber":509287,"ProcessID":604,"ThreadID":9872,"Channel":"System","Message":"The Remote Registry service entered the running state.","param1":"Remote Registry","param2":"running","EventReceivedTime":1687289290,"SourceModuleName":"windows_security_eventlog","SourceModuleType":"im_msvistalog"}
<14>Jun 20 19:28:10 win-adfs.lunarstiiiness.com Microsoft-Windows-Security-Auditing[4]: {"EventTime":1687289288,"Hostname":"win-adfs.lunarstiiiness.com","Keywords":-9214364837600034816,"EventType":"AUDIT_SUCCESS","SeverityValue":2,"Severity":"INFO","EventID":4670,"SourceName":"Microsoft-Windows-Security-Auditing","ProviderGuid":"{54849625-5478-4994-A5BA-3E3B0328C30D}","Version":0,"Task":13570,"OpcodeValue":0,"RecordNumber":53871790,"ProcessID":4,"ThreadID":9068,"Channel":"Security","Message":"Permissions on an object were changed.\r\n\r\nSubject:\r\n\tSecurity ID:\t\tS-1-5-18\r\n\tAccount Name:\t\tWIN-ADFS$\r\n\tAccount Domain:\t\tLUNARSTIIINESS\r\n\tLogon ID:\t\t0x3E7\r\n\r\nObject:\r\n\tObject Server:\tSecurity\r\n\tObject Type:\tToken\r\n\tObject Name:\t-\r\n\tHandle ID:\t0xbcc\r\n\r\nProcess:\r\n\tProcess ID:\t0x25c\r\n\tProcess Name:\tC:\\Windows\\System32\\services.exe\r\n\r\nPermissions Change:\r\n\tOriginal Security Descriptor:\tD:(A;;GA;;;SY)(A;;GA;;;LS)\r\n\tNew Security Descriptor:\tD:(A;;GA;;;SY)(A;;RC;;;OW)(A;;GA;;;S-1-5-80-2822507136-3601578665-1013168651-121944544-1825232178)","Category":"Authorization Policy Change","Opcode":"Info","SubjectUserSid":"S-1-5-18","SubjectUserName":"WIN-ADFS$","SubjectDomainName":"LUNARSTIIINESS","SubjectLogonId":"0x3e7","ObjectServer":"Security","ObjectType":"Token","ObjectName":"-","HandleId":"0xbcc","OldSd":"D:(A;;GA;;;SY)(A;;GA;;;LS)","NewSd":"D:(A;;GA;;;SY)(A;;RC;;;OW)(A;;GA;;;S-1-5-80-2822507136-3601578665-1013168651-121944544-1825232178)","ProcessName":"C:\\Windows\\System32\\services.exe","EventReceivedTime":1687289290,"SourceModuleName":"windows_security_eventlog","SourceModuleType":"im_msvistalog"}
<14>Jun 20 19:28:10 win-adfs.lunarstiiiness.com Microsoft-Windows-Security-Auditing[4]: {"EventTime":1687289289,"Hostname":"win-adfs.lunarstiiiness.com","Keywords":-9214364837600034816,"EventType":"AUDIT_SUCCESS","SeverityValue":2,"Severity":"INFO","EventID":4670,"SourceName":"Microsoft-Windows-Security-Auditing","ProviderGuid":"{54849625-5478-4994-A5BA-3E3B0328C30D}","Version":0,"Task":13570,"OpcodeValue":0,"RecordNumber":53871806,"ProcessID":4,"ThreadID":9068,"Channel":"Security","Message":"Permissions on an object were changed.\r\n\r\nSubject:\r\n\tSecurity ID:\t\tS-1-5-18\r\n\tAccount Name:\t\tWIN-ADFS$\r\n\tAccount Domain:\t\tLUNARSTIIINESS\r\n\tLogon ID:\t\t0x3E7\r\n\r\nObject:\r\n\tObject Server:\tSecurity\r\n\tObject Type:\tToken\r\n\tObject Name:\t-\r\n\tHandle ID:\t0x220\r\n\r\nProcess:\r\n\tProcess ID:\t0xab4\r\n\tProcess Name:\tC:\\Windows\\System32\\svchost.exe\r\n\r\nPermissions Change:\r\n\tOriginal Security Descriptor:\tD:(A;;GA;;;SY)(A;;GA;;;NS)\r\n\tNew Security Descriptor:\tD:(A;;GA;;;SY)(A;;RC;;;OW)(A;;GA;;;S-1-5-86-615999462-62705297-2911207457-59056572-3668589837)","Category":"Authorization Policy Change","Opcode":"Info","SubjectUserSid":"S-1-5-18","SubjectUserName":"WIN-ADFS$","SubjectDomainName":"LUNARSTIIINESS","SubjectLogonId":"0x3e7","ObjectServer":"Security","ObjectType":"Token","ObjectName":"-","HandleId":"0x220","OldSd":"D:(A;;GA;;;SY)(A;;GA;;;NS)","NewSd":"D:(A;;GA;;;SY)(A;;RC;;;OW)(A;;GA;;;S-1-5-86-615999462-62705297-2911207457-59056572-3668589837)","ProcessName":"C:\\Windows\\System32\\svchost.exe","EventReceivedTime":1687289290,"SourceModuleName":"windows_security_eventlog","SourceModuleType":"im_msvistalog"}
<11>Jun 20 19:28:10 win-adfs.lunarstiiiness.com Microsoft-Windows-Security-Auditing[4]: {"EventTime":1687289288,"Hostname":"win-adfs.lunarstiiiness.com","Keywords":-9218868437227405312,"EventType":"AUDIT_FAILURE","SeverityValue":4,"Severity":"ERROR","EventID":4673,"SourceName":"Microsoft-Windows-Security-Auditing","ProviderGuid":"{54849625-5478-4994-A5BA-3E3B0328C30D}","Version":0,"Task":13057,"OpcodeValue":0,"RecordNumber":53871792,"ProcessID":4,"ThreadID":9068,"Channel":"Security","Message":"A privileged service was called.\r\n\r\nSubject:\r\n\tSecurity ID:\t\tS-1-5-19\r\n\tAccount Name:\t\tLOCAL SERVICE\r\n\tAccount Domain:\t\tNT AUTHORITY\r\n\tLogon ID:\t\t0x3E5\r\n\r\nService:\r\n\tServer:\tSecurity\r\n\tService Name:\t-\r\n\r\nProcess:\r\n\tProcess ID:\t0xc4c\r\n\tProcess Name:\tC:\\Windows\\System32\\svchost.exe\r\n\r\nService Request Information:\r\n\tPrivileges:\t\tSeProfileSingleProcessPrivilege","Category":"Non Sensitive Privilege Use","Opcode":"Info","SubjectUserSid":"S-1-5-19","SubjectUserName":"LOCAL SERVICE","SubjectDomainName":"NT AUTHORITY","SubjectLogonId":"0x3e5","ObjectServer":"Security","Service":"-","PrivilegeList":"SeProfileSingleProcessPrivilege","ProcessName":"C:\\Windows\\System32\\svchost.exe","EventReceivedTime":1687289290,"SourceModuleName":"windows_security_eventlog","SourceModuleType":"im_msvistalog"}
<14>Jun 20 19:28:10 win-adfs.lunarstiiiness.com Microsoft-Windows-Security-Auditing[4]: {"EventTime":1687289288,"Hostname":"win-adfs.lunarstiiiness.com","Keywords":-9214364837600034816,"EventType":"AUDIT_SUCCESS","SeverityValue":2,"Severity":"INFO","EventID":5145,"SourceName":"Microsoft-Windows-Security-Auditing","ProviderGuid":"{54849625-5478-4994-A5BA-3E3B0328C30D}","Version":0,"Task":12811,"OpcodeValue":0,"RecordNumber":53871802,"ProcessID":4,"ThreadID":9068,"Channel":"Security","Message":"A network share object was checked to see whether client can be granted desired access.\r\n\t\r\nSubject:\r\n\tSecurity ID:\t\tS-1-5-21-3263964631-4121654051-1417071188-1116\r\n\tAccount Name:\t\ttim.smith_admin\r\n\tAccount Domain:\t\tLUNARSTIIINESS\r\n\tLogon ID:\t\t0x23073FD8\r\n\r\nNetwork Information:\t\r\n\tObject Type:\t\tFile\r\n\tSource Address:\t\t10.128.0.22\r\n\tSource Port:\t\t52317\r\n\t\r\nShare Information:\r\n\tShare Name:\t\t\\\\*\\IPC$\r\n\tShare Path:\t\t\r\n\tRelative Target Name:\tsrvsvc\r\n\r\nAccess Request Information:\r\n\tAccess Mask:\t\t0x12019F\r\n\tAccesses:\t\tREAD_CONTROL\r\n\t\t\t\tSYNCHRONIZE\r\n\t\t\t\tReadData (or ListDirectory)\r\n\t\t\t\tWriteData (or AddFile)\r\n\t\t\t\tAppendData (or AddSubdirectory or CreatePipeInstance)\r\n\t\t\t\tReadEA\r\n\t\t\t\tWriteEA\r\n\t\t\t\tReadAttributes\r\n\t\t\t\tWriteAttributes\r\n\t\t\t\t\r\nAccess Check Results:\r\n\t-\r\n","Category":"Detailed File Share","Opcode":"Info","SubjectUserSid":"S-1-5-21-3263964631-4121654051-1417071188-1116","SubjectUserName":"tim.smith_admin","SubjectDomainName":"LUNARSTIIINESS","SubjectLogonId":"0x23073fd8","ObjectType":"File","IpAddress":"10.128.0.22","IpPort":"52317","ShareName":"\\\\*\\IPC$","RelativeTargetName":"srvsvc","AccessMask":"0x12019f","AccessList":"%%1538\r\n\t\t\t\t%%1541\r\n\t\t\t\t%%4416\r\n\t\t\t\t%%4417\r\n\t\t\t\t%%4418\r\n\t\t\t\t%%4419\r\n\t\t\t\t%%4420\r\n\t\t\t\t%%4423\r\n\t\t\t\t%%4424\r\n\t\t\t\t","AccessReason":"-","EventReceivedTime":1687289290,"SourceModuleName":"windows_security_eventlog","SourceModuleType":"im_msvistalog"}
<14>Jun 20 19:28:10 win-adfs.lunarstiiiness.com Microsoft-Windows-Security-Auditing[4]: {"EventTime":1687289288,"Hostname":"win-adfs.lunarstiiiness.com","Keywords":-9214364837600034816,"EventType":"AUDIT_SUCCESS","SeverityValue":2,"Severity":"INFO","EventID":5145,"SourceName":"Microsoft-Windows-Security-Auditing","ProviderGuid":"{54849625-5478-4994-A5BA-3E3B0328C30D}","Version":0,"Task":12811,"OpcodeValue":0,"RecordNumber":53871797,"ProcessID":4,"ThreadID":9068,"Channel":"Security","Message":"A network share object was checked to see whether client can be granted desired access.\r\n\t\r\nSubject:\r\n\tSecurity ID:\t\tS-1-5-21-3263964631-4121654051-1417071188-1116\r\n\tAccount Name:\t\ttim.smith_admin\r\n\tAccount Domain:\t\tLUNARSTIIINESS\r\n\tLogon ID:\t\t0x23073FD8\r\n\r\nNetwork Information:\t\r\n\tObject Type:\t\tFile\r\n\tSource Address:\t\t10.128.0.22\r\n\tSource Port:\t\t52317\r\n\t\r\nShare Information:\r\n\tShare Name:\t\t\\\\*\\IPC$\r\n\tShare Path:\t\t\r\n\tRelative Target Name:\twinreg\r\n\r\nAccess Request Information:\r\n\tAccess Mask:\t\t0x12019F\r\n\tAccesses:\t\tREAD_CONTROL\r\n\t\t\t\tSYNCHRONIZE\r\n\t\t\t\tReadData (or ListDirectory)\r\n\t\t\t\tWriteData (or AddFile)\r\n\t\t\t\tAppendData (or AddSubdirectory or CreatePipeInstance)\r\n\t\t\t\tReadEA\r\n\t\t\t\tWriteEA\r\n\t\t\t\tReadAttributes\r\n\t\t\t\tWriteAttributes\r\n\t\t\t\t\r\nAccess Check Results:\r\n\t-\r\n","Category":"Detailed File Share","Opcode":"Info","SubjectUserSid":"S-1-5-21-3263964631-4121654051-1417071188-1116","SubjectUserName":"tim.smith_admin","SubjectDomainName":"LUNARSTIIINESS","SubjectLogonId":"0x23073fd8","ObjectType":"File","IpAddress":"10.128.0.22","IpPort":"52317","ShareName":"\\\\*\\IPC$","RelativeTargetName":"winreg","AccessMask":"0x12019f","AccessList":"%%1538\r\n\t\t\t\t%%1541\r\n\t\t\t\t%%4416\r\n\t\t\t\t%%4417\r\n\t\t\t\t%%4418\r\n\t\t\t\t%%4419\r\n\t\t\t\t%%4420\r\n\t\t\t\t%%4423\r\n\t\t\t\t%%4424\r\n\t\t\t\t","AccessReason":"-","EventReceivedTime":1687289290,"SourceModuleName":"windows_security_eventlog","SourceModuleType":"im_msvistalog"}
<14>Jun 20 19:28:10 win-adfs.lunarstiiiness.com Microsoft-Windows-Security-Auditing[612]: {"EventTime":1687289288,"Hostname":"win-adfs.lunarstiiiness.com","Keywords":-9214364837600034816,"EventType":"AUDIT_SUCCESS","SeverityValue":2,"Severity":"INFO","EventID":4672,"SourceName":"Microsoft-Windows-Security-Auditing","ProviderGuid":"{54849625-5478-4994-A5BA-3E3B0328C30D}","Version":0,"Task":12548,"OpcodeValue":0,"RecordNumber":53871786,"ActivityID":"{8F8F53C1-AEDC-0000-8191-D4AC6E9ED901}","ProcessID":612,"ThreadID":8380,"Channel":"Security","Message":"Special privileges assigned to new logon.\r\n\r\nSubject:\r\n\tSecurity ID:\t\tS-1-5-21-3263964631-4121654051-1417071188-1116\r\n\tAccount Name:\t\ttim.smith_admin\r\n\tAccount Domain:\t\tLUNARSTIIINESS\r\n\tLogon ID:\t\t0x230743A8\r\n\r\nPrivileges:\t\tSeSecurityPrivilege\r\n\t\t\tSeBackupPrivilege\r\n\t\t\tSeRestorePrivilege\r\n\t\t\tSeTakeOwnershipPrivilege\r\n\t\t\tSeDebugPrivilege\r\n\t\t\tSeSystemEnvironmentPrivilege\r\n\t\t\tSeLoadDriverPrivilege\r\n\t\t\tSeImpersonatePrivilege\r\n\t\t\tSeDelegateSessionUserImpersonatePrivilege\r\n\t\t\tSeEnableDelegationPrivilege","Category":"Special Logon","Opcode":"Info","SubjectUserSid":"S-1-5-21-3263964631-4121654051-1417071188-1116","SubjectUserName":"tim.smith_admin","SubjectDomainName":"LUNARSTIIINESS","SubjectLogonId":"0x230743a8","PrivilegeList":"SeSecurityPrivilege\r\n\t\t\tSeBackupPrivilege\r\n\t\t\tSeRestorePrivilege\r\n\t\t\tSeTakeOwnershipPrivilege\r\n\t\t\tSeDebugPrivilege\r\n\t\t\tSeSystemEnvironmentPrivilege\r\n\t\t\tSeLoadDriverPrivilege\r\n\t\t\tSeImpersonatePrivilege\r\n\t\t\tSeDelegateSessionUserImpersonatePrivilege\r\n\t\t\tSeEnableDelegationPrivilege","EventReceivedTime":1687289290,"SourceModuleName":"windows_security_eventlog","SourceModuleType":"im_msvistalog"}
<14>Jun 20 19:28:10 win-adfs.lunarstiiiness.com Microsoft-Windows-Security-Auditing[4]: {"EventTime":1687289288,"Hostname":"win-adfs.lunarstiiiness.com","Keywords":-9214364837600034816,"EventType":"AUDIT_SUCCESS","SeverityValue":2,"Severity":"INFO","EventID":4674,"SourceName":"Microsoft-Windows-Security-Auditing","ProviderGuid":"{54849625-5478-4994-A5BA-3E3B0328C30D}","Version":0,"Task":13056,"OpcodeValue":0,"RecordNumber":53871789,"ProcessID":4,"ThreadID":9068,"Channel":"Security","Message":"An operation was attempted on a privileged object.\r\n\r\nSubject:\r\n\tSecurity ID:\t\tS-1-5-21-3263964631-4121654051-1417071188-1116\r\n\tAccount Name:\t\ttim.smith_admin\r\n\tAccount Domain:\t\tLUNARSTIIINESS\r\n\tLogon ID:\t\t0x230743A8\r\n\r\nObject:\r\n\tObject Server:\tSC Manager\r\n\tObject Type:\tSC_MANAGER OBJECT\r\n\tObject Name:\tServicesActive\r\n\tObject Handle:\t0xffffdb83479cd810\r\n\r\nProcess Information:\r\n\tProcess ID:\t0x25c\r\n\tProcess Name:\tC:\\Windows\\System32\\services.exe\r\n\r\nRequested Operation:\r\n\tDesired Access:\tDELETE\r\n\t\t\t\tREAD_CONTROL\r\n\t\t\t\tWRITE_DAC\r\n\t\t\t\tConnect to service controller\r\n\t\t\t\tCreate a new service\r\n\t\t\t\tEnumerate services\r\n\t\t\t\tLock service database for exclusive access\r\n\t\t\t\tQuery service database lock state\r\n\t\t\t\tSet last-known-good state of service database\r\n\t\t\t\t\r\n\tPrivileges:\t\tSeTakeOwnershipPrivilege","Category":"Sensitive Privilege Use","Opcode":"Info","SubjectUserSid":"S-1-5-21-3263964631-4121654051-1417071188-1116","SubjectUserName":"tim.smith_admin","SubjectDomainName":"LUNARSTIIINESS","SubjectLogonId":"0x230743a8","ObjectServer":"SC Manager","ObjectType":"SC_MANAGER OBJECT","ObjectName":"ServicesActive","HandleId":"0xffffdb83479cd810","AccessMask":"%%1537\r\n\t\t\t\t%%1538\r\n\t\t\t\t%%1539\r\n\t\t\t\t%%7168\r\n\t\t\t\t%%7169\r\n\t\t\t\t%%7170\r\n\t\t\t\t%%7171\r\n\t\t\t\t%%7172\r\n\t\t\t\t%%7173\r\n\t\t\t\t","PrivilegeList":"SeTakeOwnershipPrivilege","ProcessName":"C:\\Windows\\System32\\services.exe","EventReceivedTime":1687289290,"SourceModuleName":"windows_security_eventlog","SourceModuleType":"im_msvistalog"}
<14>Jun 20 19:28:10 win-adfs.lunarstiiiness.com Microsoft-Windows-Security-Auditing[612]: {"EventTime":1687289288,"Hostname":"win-adfs.lunarstiiiness.com","Keywords":-9214364837600034816,"EventType":"AUDIT_SUCCESS","SeverityValue":2,"Severity":"INFO","EventID":4672,"SourceName":"Microsoft-Windows-Security-Auditing","ProviderGuid":"{54849625-5478-4994-A5BA-3E3B0328C30D}","Version":0,"Task":12548,"OpcodeValue":0,"RecordNumber":53871798,"ActivityID":"{8F8F53C1-AEDC-0000-8191-D4AC6E9ED901}","ProcessID":612,"ThreadID":8380,"Channel":"Security","Message":"Special privileges assigned to new logon.\r\n\r\nSubject:\r\n\tSecurity ID:\t\tS-1-5-21-3263964631-4121654051-1417071188-1116\r\n\tAccount Name:\t\ttim.smith_admin\r\n\tAccount Domain:\t\tLUNARSTIIINESS\r\n\tLogon ID:\t\t0x230749E4\r\n\r\nPrivileges:\t\tSeSecurityPrivilege\r\n\t\t\tSeBackupPrivilege\r\n\t\t\tSeRestorePrivilege\r\n\t\t\tSeTakeOwnershipPrivilege\r\n\t\t\tSeDebugPrivilege\r\n\t\t\tSeSystemEnvironmentPrivilege\r\n\t\t\tSeLoadDriverPrivilege\r\n\t\t\tSeImpersonatePrivilege\r\n\t\t\tSeDelegateSessionUserImpersonatePrivilege\r\n\t\t\tSeEnableDelegationPrivilege","Category":"Special Logon","Opcode":"Info","SubjectUserSid":"S-1-5-21-3263964631-4121654051-1417071188-1116","SubjectUserName":"tim.smith_admin","SubjectDomainName":"LUNARSTIIINESS","SubjectLogonId":"0x230749e4","PrivilegeList":"SeSecurityPrivilege\r\n\t\t\tSeBackupPrivilege\r\n\t\t\tSeRestorePrivilege\r\n\t\t\tSeTakeOwnershipPrivilege\r\n\t\t\tSeDebugPrivilege\r\n\t\t\tSeSystemEnvironmentPrivilege\r\n\t\t\tSeLoadDriverPrivilege\r\n\t\t\tSeImpersonatePrivilege\r\n\t\t\tSeDelegateSessionUserImpersonatePrivilege\r\n\t\t\tSeEnableDelegationPrivilege","EventReceivedTime":1687289290,"SourceModuleName":"windows_security_eventlog","SourceModuleType":"im_msvistalog"}
<14>Jun 20 19:28:10 win-adfs.lunarstiiiness.com Microsoft-Windows-Security-Auditing[612]: {"EventTime":1687289288,"Hostname":"win-adfs.lunarstiiiness.com","Keywords":-9214364837600034816,"EventType":"AUDIT_SUCCESS","SeverityValue":2,"Severity":"INFO","EventID":4624,"SourceName":"Microsoft-Windows-Security-Auditing","ProviderGuid":"{54849625-5478-4994-A5BA-3E3B0328C30D}","Version":2,"Task":12544,"OpcodeValue":0,"RecordNumber":53871799,"ActivityID":"{8F8F53C1-AEDC-0000-8191-D4AC6E9ED901}","ProcessID":612,"ThreadID":2576,"Channel":"Security","Message":"An account was successfully logged on.\r\n\r\nSubject:\r\n\tSecurity ID:\t\tS-1-0-0\r\n\tAccount Name:\t\t-\r\n\tAccount Domain:\t\t-\r\n\tLogon ID:\t\t0x0\r\n\r\nLogon Information:\r\n\tLogon Type:\t\t3\r\n\tRestricted Admin Mode:\t-\r\n\tVirtual Account:\t\tNo\r\n\tElevated Token:\t\tYes\r\n\r\nImpersonation Level:\t\tImpersonation\r\n\r\nNew Logon:\r\n\tSecurity ID:\t\tS-1-5-21-3263964631-4121654051-1417071188-1116\r\n\tAccount Name:\t\ttim.smith_admin\r\n\tAccount Domain:\t\tLUNARSTIIINESS.COM\r\n\tLogon ID:\t\t0x230749E4\r\n\tLinked Logon ID:\t\t0x0\r\n\tNetwork Account Name:\t-\r\n\tNetwork Account Domain:\t-\r\n\tLogon GUID:\t\t{68937ae9-4bec-f998-bc02-bee72d717e36}\r\n\r\nProcess Information:\r\n\tProcess ID:\t\t0x0\r\n\tProcess Name:\t\t-\r\n\r\nNetwork Information:\r\n\tWorkstation Name:\t-\r\n\tSource Network Address:\t-\r\n\tSource Port:\t\t-\r\n\r\nDetailed Authentication Information:\r\n\tLogon Process:\t\tKerberos\r\n\tAuthentication Package:\tKerberos\r\n\tTransited Services:\t-\r\n\tPackage Name (NTLM only):\t-\r\n\tKey Length:\t\t0\r\n\r\nThis event is generated when a logon session is created. It is generated on the computer that was accessed.\r\n\r\nThe subject fields indicate the account on the local system which requested the logon. This is most commonly a service such as the Server service, or a local process such as Winlogon.exe or Services.exe.\r\n\r\nThe logon type field indicates the kind of logon that occurred. The most common types are 2 (interactive) and 3 (network).\r\n\r\nThe New Logon fields indicate the account for whom the new logon was created, i.e. the account that was logged on.\r\n\r\nThe network fields indicate where a remote logon request originated. Workstation name is not always available and may be left blank in some cases.\r\n\r\nThe impersonation level field indicates the extent to which a process in the logon session can impersonate.\r\n\r\nThe authentication information fields provide detailed information about this specific logon request.\r\n\t- Logon GUID is a unique identifier that can be used to correlate this event with a KDC event.\r\n\t- Transited services indicate which intermediate services have participated in this logon request.\r\n\t- Package name indicates which sub-protocol was used among the NTLM protocols.\r\n\t- Key length indicates the length of the generated session key. This will be 0 if no session key was requested.","Category":"Logon","Opcode":"Info","SubjectUserSid":"S-1-0-0","SubjectUserName":"-","SubjectDomainName":"-","SubjectLogonId":"0x0","TargetUserSid":"S-1-5-21-3263964631-4121654051-1417071188-1116","TargetUserName":"tim.smith_admin","TargetDomainName":"LUNARSTIIINESS.COM","TargetLogonId":"0x230749e4","LogonType":"3","LogonProcessName":"Kerberos","AuthenticationPackageName":"Kerberos","WorkstationName":"-","LogonGuid":"{68937ae9-4bec-f998-bc02-bee72d717e36}","TransmittedServices":"-","LmPackageName":"-","KeyLength":"0","ProcessName":"-","IpAddress":"-","IpPort":"-","ImpersonationLevel":"%%1833","RestrictedAdminMode":"-","TargetOutboundUserName":"-","TargetOutboundDomainName":"-","VirtualAccount":"%%1843","TargetLinkedLogonId":"0x0","ElevatedToken":"%%1842","EventReceivedTime":1687289290,"SourceModuleName":"windows_security_eventlog","SourceModuleType":"im_msvistalog"}
