<14>Jan  2 13:50:17 serhatg.local Microsoft-Windows-Sysmon[2904]: {"EventTime":1672667417,"Hostname":"serhatg.local","Keywords":-9223372036854775808,"EventType":"INFO","SeverityValue":2,"Severity":"INFO","EventID":1,"SourceName":"Microsoft-Windows-Sysmon","ProviderGuid":"{5770385F-C22A-43E0-BF4C-06F5698FFBD9}","Version":5,"Task":1,"OpcodeValue":0,"RecordNumber":273449,"ProcessID":2904,"ThreadID":3280,"Channel":"Microsoft-Windows-Sysmon/Operational","Domain":"NT AUTHORITY","AccountName":"SYSTEM","UserID":"S-1-5-18","AccountType":"User","Message":"Process Create:\r\nRuleName: technique_id=T1218.002,technique_name=rundll32.exe\r\nUtcTime: 2023-01-02 13:50:17.000000\r\nProcessGuid: {b596e6b5-fe51-636b-f044-000000000e00}\r\nProcessId: 2248\r\nImage: C:\\Windows\\SysWOW64\\rundll32.exe\r\nFileVersion: 10.0.17763.1697 (WinBuild.160101.0800)\r\nDescription: Windows host process (Rundll32)\r\nProduct: Microsoft  Windows  Operating System\r\nCompany: Microsoft Corporation\r\nOriginalFileName: RUNDLL32.EXE\r\nCommandLine: \"C:\\Windows\\SysWOW64\\rundll32.exe\" C:\\AppData\\Roaming\\Microsoft\\Templates\\iesetup.dll\r\nCurrentDirectory: C:\\Windows\\system32\\\r\nUser: SG\\Administrator\r\nLogonGuid: {b596e6b5-7ffa-6361-2090-230000000000}\r\nLogonId: 0x239020\r\nTerminalSessionId: 2\r\nIntegrityLevel: High\r\nHashes: SHA1=55AC33D1EBFA28296C5128617D29CCBFED11157E,MD5=8459D693C951248A5E8E128F299E9618,SHA256=82611E60A2C5DE23A1B976BB3B9A32C4427CB60A002E4C27CADFA84031D87999,IMPHASH=BB17B2FBBFF4BBF5EBDCA7D0BB9E4A5B\r\nParentProcessGuid: {b596e6b5-fe48-636b-ee44-000000000e00}\r\nParentProcessId: 3640\r\nParentImage: C:\\Windows\\System32\\rundll32.exe\r\nParentCommandLine: \"C:\\Windows\\system32\\rundll32.exe\" C:\\AppData\\Roaming\\Microsoft\\Templates\\iesetup.dll\r\nParentUser: SG\\Administrator","Category":"Process Create (rule: ProcessCreate)","Opcode":"Info","RuleName":"technique_id=T1218.002,technique_name=rundll32.exe","UtcTime":"2023-01-02 13:50:17.000000","ProcessGuid":"{b596e6b5-fe51-636b-f044-000000000e00}","Image":"C:\\Windows\\SysWOW64\\rundll32.exe","FileVersion":"10.0.17763.1697 (WinBuild.160101.0800)","Description":"Windows host process (Rundll32)","Product":"Microsoft  Windows  Operating System","Company":"Microsoft Corporation","OriginalFileName":"RUNDLL32.EXE","CommandLine":"\"C:\\Windows\\SysWOW64\\rundll32.exe\" C:\\AppData\\Roaming\\Microsoft\\Templates\\iesetup.dll","CurrentDirectory":"C:\\Windows\\system32\\","User":"SG\\Administrator","LogonGuid":"{b596e6b5-7ffa-6361-2090-230000000000}","LogonId":"0x239020","TerminalSessionId":"2","IntegrityLevel":"High","Hashes":"SHA1=55AC33D1EBFA28296C5128617D29CCBFED11157E,MD5=8459D693C951248A5E8E128F299E9618,SHA256=82611E60A2C5DE23A1B976BB3B9A32C4427CB60A002E4C27CADFA84031D87999,IMPHASH=BB17B2FBBFF4BBF5EBDCA7D0BB9E4A5B","ParentProcessGuid":"{b596e6b5-fe48-636b-ee44-000000000e00}","ParentProcessId":"3640","ParentImage":"C:\\Windows\\System32\\rundll32.exe","ParentCommandLine":"\"C:\\Windows\\system32\\rundll32.exe\" C:\\AppData\\Roaming\\Microsoft\\Templates\\iesetup.dll","ParentUser":"SG\\Administrator","EventReceivedTime":1672667417,"SourceModuleName":"in_sysmon","SourceModuleType":"im_msvistalog"}
<14>Jan  2 13:50:30 serhatg.local Microsoft-Windows-Sysmon[3224]: {"EventTime":1672667430,"Hostname":"serhatg.local","Keywords":-9223372036854775808,"EventType":"INFO","SeverityValue":2,"Severity":"INFO","EventID":1,"SourceName":"Microsoft-Windows-Sysmon","ProviderGuid":"{5770385F-C22A-43E0-BF4C-06F5698FFBD9}","Version":5,"Task":1,"OpcodeValue":0,"RecordNumber":279318,"ProcessID":3224,"ThreadID":4128,"Channel":"Microsoft-Windows-Sysmon/Operational","Domain":"NT AUTHORITY","AccountName":"SYSTEM","UserID":"S-1-5-18","AccountType":"User","Message":"Process Create:\r\nRuleName: technique_id=T1059,technique_name=Command-Line Interface\r\nUtcTime: 2023-01-02 13:50:30.000000\r\nProcessGuid: {3be6fa21-3e1f-62c8-7f01-000000001100}\r\nProcessId: 1376\r\nImage: C:\\Windows\\System32\\diskshadow.exe\r\nFileVersion: 10.0.17763.1 (WinBuild.160101.0800)\r\nDescription: DiskShadow\r\nProduct: Microsoft  Windows  Operating System\r\nCompany: Microsoft Corporation\r\nOriginalFileName: diskshadow.exe\r\nCommandLine: diskshadow  /s c:\\temp\\orange.txt\r\nCurrentDirectory: C:\\Users\\user\\Downloads\\mimikatz_trunk\\x64\\\r\nUser: SG\\Administrator\r\nLogonGuid: {3be6fa21-3b9e-62c8-0fea-230000000000}\r\nLogonId: 0x23EA0F\r\nTerminalSessionId: 4\r\nIntegrityLevel: High\r\nHashes: SHA1=6A8B13C1F7EFD9C3965A81D072EC86D2B44F54BF,MD5=EE6DAEF7CDB52EA62B4E7BB0C9601961,SHA256=7D08B3B10F1918135C0270BB0CF1CED0927EF61E7348E908CCAE8CA00132F0D8,IMPHASH=FD2A36FBBAEE53A16DE80CA1D24ACE93\r\nParentProcessGuid: {3be6fa21-3bc2-62c8-5c01-000000001100}\r\nParentProcessId: 2192\r\nParentImage: C:\\Windows\\System32\\cmd.exe\r\nParentCommandLine: \"C:\\Windows\\system32\\cmd.exe\" \r\nParentUser: SG\\Administrator","Category":"Process Create (rule: ProcessCreate)","Opcode":"Info","RuleName":"technique_id=T1059,technique_name=Command-Line Interface","UtcTime":"2023-01-02 13:50:30.000000","ProcessGuid":"{3be6fa21-3e1f-62c8-7f01-000000001100}","Image":"C:\\Windows\\System32\\diskshadow.exe","FileVersion":"10.0.17763.1 (WinBuild.160101.0800)","Description":"DiskShadow","Product":"Microsoft  Windows  Operating System","Company":"Microsoft Corporation","OriginalFileName":"diskshadow.exe","CommandLine":"diskshadow  /s c:\\temp\\orange.txt","CurrentDirectory":"C:\\Users\\user\\Downloads\\mimikatz_trunk\\x64\\","User":"SG\\Administrator","LogonGuid":"{3be6fa21-3b9e-62c8-0fea-230000000000}","LogonId":"0x23ea0f","TerminalSessionId":"4","IntegrityLevel":"High","Hashes":"SHA1=6A8B13C1F7EFD9C3965A81D072EC86D2B44F54BF,MD5=EE6DAEF7CDB52EA62B4E7BB0C9601961,SHA256=7D08B3B10F1918135C0270BB0CF1CED0927EF61E7348E908CCAE8CA00132F0D8,IMPHASH=FD2A36FBBAEE53A16DE80CA1D24ACE93","ParentProcessGuid":"{3be6fa21-3bc2-62c8-5c01-000000001100}","ParentProcessId":"2192","ParentImage":"C:\\Windows\\System32\\cmd.exe","ParentCommandLine":"\"C:\\Windows\\system32\\cmd.exe\" ","ParentUser":"SG\\Administrator","EventReceivedTime":1672667430,"SourceModuleName":"in_sysmon","SourceModuleType":"im_msvistalog"}
<14>Jan  2 13:50:35 serhatg.local Microsoft-Windows-Sysmon[3104]: {"EventTime":1672667435,"Hostname":"serhatg.local","Keywords":-9223372036854775808,"EventType":"INFO","SeverityValue":2,"Severity":"INFO","EventID":13,"SourceName":"Microsoft-Windows-Sysmon","ProviderGuid":"{5770385F-C22A-43E0-BF4C-06F5698FFBD9}","Version":2,"Task":13,"OpcodeValue":0,"RecordNumber":10736162,"ProcessID":3104,"ThreadID":4052,"Channel":"Microsoft-Windows-Sysmon/Operational","Domain":"NT AUTHORITY","AccountName":"SYSTEM","UserID":"S-1-5-18","AccountType":"User","Message":"Registry value set:\r\nRuleName: Suspicious,ImageBeginWithBackslash\r\nEventType: SetValue\r\nUtcTime: 2023-01-02 13:50:35.000000\r\nProcessGuid: {EBCB0ED7-E934-633F-50A1-01000000B600}\r\nProcessId: 7592\r\nImage: \\\\fs\\data$\\maggie\\amd64\\doleoaclient.exe\r\nTargetObject: HKLM\\SOFTWARE\\Microsoft\\Windows NT\\CurrentVersion\\Accessibility\\ATs\\DolphinAccessLogonDesktop\\Profile\r\nDetails: <HCIModel><Accommodation type=\"mild vision\" /></HCIModel>\r\nUser: NT AUTHORITY\\SYSTEM","Category":"Registry value set (rule: RegistryEvent)","Opcode":"Info","RuleName":"Suspicious,ImageBeginWithBackslash","UtcTime":"2023-01-02 13:50:35.000000","ProcessGuid":"{EBCB0ED7-E934-633F-50A1-01000000B600}","Image":"\\\\fs\\data$\\maggie\\amd64\\doleoaclient.exe","TargetObject":"HKLM\\SOFTWARE\\Microsoft\\Windows NT\\CurrentVersion\\Accessibility\\ATs\\DolphinAccessLogonDesktop\\Profile","Details":"&lt;HCIModel&gt;&lt;Accommodation type=\"mild vision\" /&gt;&lt;/HCIModel&gt;","User":"NT AUTHORITY\\SYSTEM","EventReceivedTime":1672667435,"SourceModuleName":"in_sysmon","SourceModuleType":"im_msvistalog"}
{"EventTime":"2023-01-02 13:50:15","Hostname":"serhatg.local","Keywords":-9223372036854775808,"EventType":"INFO","SeverityValue":2,"Severity":"INFO","EventID":11,"SourceName":"Microsoft-Windows-Sysmon","ProviderGuid":"{5770385F-C22A-43E0-BF4C-06F5698FFBD9}","Version":2,"Task":11,"OpcodeValue":0,"RecordNumber":435463134,"ProcessID":3912,"ThreadID":5876,"Channel":"Microsoft-Windows-Sysmon/Operational","Domain":"NT AUTHORITY","AccountName":"SYSTEM","UserID":"S-1-5-18","AccountType":"User","Category":"File created (rule: FileCreate)","Opcode":"Info","RuleName":"technique_id=T1187,technique_name=Forced Authentication","UtcTime":"2023-01-02 13:52:15.841","ProcessGuid":"{99350301-d6fa-638d-6e3b-e02100000000}","Image":"C:\\Windows\\System32\\WindowsPowerShell\\v1.0\\powershell.exe","TargetFilename":"C:\\Users\\Administrator\\AppData\\Local\\Temp\\test.lnk","CreationUtcTime":"2023-01-02 13:52:15.841","EventReceivedTime":"2023-01-02 13:55:16","SourceModuleName":"sysmon_in","SourceModuleType":"im_msvistalog"}
{"EventTime":"2023-01-02 13:50:55","Hostname":"serhatg.local","Keywords":-9223372036854775808,"EventType":"INFO","SeverityValue":2,"Severity":"INFO","EventID":1,"SourceName":"Microsoft-Windows-Sysmon","ProviderGuid":"{5770385F-C22A-43E0-BF4C-06F5698FFBD9}","Version":5,"Task":1,"OpcodeValue":0,"RecordNumber":435463523,"ProcessID":3912,"ThreadID":5876,"Channel":"Microsoft-Windows-Sysmon/Operational","Domain":"NT AUTHORITY","AccountName":"SYSTEM","UserID":"S-1-5-18","AccountType":"User","Category":"Process Create (rule: ProcessCreate)","Opcode":"Info","RuleName":"technique_id=T1218.002,technique_name=rundll32.exe","UtcTime":"2023-01-02 13:52:55.876","ProcessGuid":"{99350301-d723-638d-9bfd-f82100000000}","Image":"C:\\Windows\\System32\\rundll32.exe","FileVersion":"10.0.17763.1697 (WinBuild.160101.0800)","Description":"Windows host process (Rundll32)","Product":"Microsoft Windows Operating System","Company":"Microsoft Corporation","OriginalFileName":"RUNDLL32.EXE","CommandLine":"C:\\Windows\\system32\\RunDll32.exe C:\\Windows\\system32\\migration\\WininetPlugin.dll,MigrateCacheForUser /m /0","CurrentDirectory":"C:\\Users\\ADMINI~1\\AppData\\Local\\Temp\\","User":"SG\\Administrator","LogonGuid":"{99350301-ce81-638d-665e-c81d00000000}","LogonId":"0x1dc85e65","TerminalSessionId":"3","IntegrityLevel":"Low","Hashes":"SHA1=A40886F98905F3D9DBDD61DA1D59CCB4F4854758,MD5=80F8E0C26028E83F1EF371D7B44DE3DF,SHA256=9F1E56A3BF293AC536CF4B8DAD57040797D62DBB0CA19C4ED9683B5565549481,IMPHASH=F27A7FC3A53E74F45BE370131953896A","ParentProcessGuid":"{99350301-d723-638d-bfc9-f82100000000}","ParentProcessId":"20392","ParentImage":"C:\\Users\\ADMINI~1\\AppData\\Local\\Temp\\ie4uinit.exe","ParentCommandLine":"C:\\Users\\ADMINI~1\\AppData\\Local\\Temp\\ie4uinit.exe -ClearIconCache","EventReceivedTime":"2023-01-02 13:55:56","SourceModuleName":"sysmon_in","SourceModuleType":"im_msvistalog"}
{"EventTime":"2023-01-02 13:50:55","Hostname":"serhatg.local","Keywords":-9223372036854775808,"EventType":"INFO","SeverityValue":2,"Severity":"INFO","EventID":1,"SourceName":"Microsoft-Windows-Sysmon","ProviderGuid":"{5770385F-C22A-43E0-BF4C-06F5698FFBD9}","Version":5,"Task":1,"OpcodeValue":0,"RecordNumber":435463526,"ProcessID":3912,"ThreadID":5876,"Channel":"Microsoft-Windows-Sysmon/Operational","Domain":"NT AUTHORITY","AccountName":"SYSTEM","UserID":"S-1-5-18","AccountType":"User","Category":"Process Create (rule: ProcessCreate)","Opcode":"Info","RuleName":"technique_id=T1218.002,technique_name=rundll32.exe","UtcTime":"2023-01-02 13:52:55.889","ProcessGuid":"{99350301-d723-638d-f601-f92100000000}","Image":"C:\\Windows\\System32\\rundll32.exe","FileVersion":"10.0.17763.1697 (WinBuild.160101.0800)","Description":"Windows host process (Rundll32)","Product":"Microsoft Windows Operating System","Company":"Microsoft Corporation","OriginalFileName":"RUNDLL32.EXE","CommandLine":"C:\\Windows\\system32\\RunDll32.exe C:\\Windows\\system32\\migration\\WininetPlugin.dll,MigrateCacheForUser /m /0","CurrentDirectory":"C:\\Users\\ADMINI~1\\AppData\\Local\\Temp\\","User":"SG\\Administrator","LogonGuid":"{99350301-ce81-638d-665e-c81d00000000}","LogonId":"0x1dc85e65","TerminalSessionId":"3","IntegrityLevel":"Medium","Hashes":"SHA1=A40886F98905F3D9DBDD61DA1D59CCB4F4854758,MD5=80F8E0C26028E83F1EF371D7B44DE3DF,SHA256=9F1E56A3BF293AC536CF4B8DAD57040797D62DBB0CA19C4ED9683B5565549481,IMPHASH=F27A7FC3A53E74F45BE370131953896A","ParentProcessGuid":"{99350301-d723-638d-bfc9-f82100000000}","ParentProcessId":"20392","ParentImage":"C:\\Users\\ADMINI~1\\AppData\\Local\\Temp\\ie4uinit.exe","ParentCommandLine":"C:\\Users\\ADMINI~1\\AppData\\Local\\Temp\\ie4uinit.exe -ClearIconCache","EventReceivedTime":"2023-01-02 13:55:56","SourceModuleName":"sysmon_in","SourceModuleType":"im_msvistalog"}
{"EventTime":"2023-01-02 13:50:52","Hostname":"serhatg.local","Keywords":-9223372036854775808,"EventType":"INFO","SeverityValue":2,"Severity":"INFO","EventID":1,"SourceName":"Microsoft-Windows-Sysmon","ProviderGuid":"{5770385F-C22A-43E0-BF4C-06F5698FFBD9}","Version":5,"Task":1,"OpcodeValue":0,"RecordNumber":435463435,"ProcessID":3912,"ThreadID":5876,"Channel":"Microsoft-Windows-Sysmon/Operational","Domain":"NT AUTHORITY","AccountName":"SYSTEM","UserID":"S-1-5-18","AccountType":"User","Category":"Process Create (rule: ProcessCreate)","Opcode":"Info","RuleName":"technique_id=T1086,technique_name=PowerShell","UtcTime":"2023-01-02 13:52:52.868","ProcessGuid":"{99350301-d720-638d-86a1-f62100000000}","Image":"C:\\Windows\\System32\\diskshadow.exe","FileVersion":"10.0.17763.1 (WinBuild.160101.0800)","Description":"DiskShadow","Product":"Microsoft Windows Operating System","Company":"Microsoft Corporation","OriginalFileName":"diskshadow.exe","CommandLine":"\"C:\\Windows\\System32\\diskshadow.exe\" -S C:\\atomic_tests\\T1218\\src\\T1218.txt","CurrentDirectory":"C:\\Users\\Administrator\\AppData\\Local\\Temp\\","User":"SG\\Administrator","LogonGuid":"{99350301-ce81-638d-665e-c81d00000000}","LogonId":"0x1dc85e65","TerminalSessionId":"3","IntegrityLevel":"High","Hashes":"SHA1=6A8B13C1F7EFD9C3965A81D072EC86D2B44F54BF,MD5=EE6DAEF7CDB52EA62B4E7BB0C9601961,SHA256=7D08B3B10F1918135C0270BB0CF1CED0927EF61E7348E908CCAE8CA00132F0D8,IMPHASH=FD2A36FBBAEE53A16DE80CA1D24ACE93","ParentProcessGuid":"{99350301-d720-638d-f24d-f62100000000}","ParentProcessId":"18852","ParentImage":"C:\\Windows\\System32\\WindowsPowerShell\\v1.0\\powershell.exe","ParentCommandLine":"\"powershell.exe\" &amp; {C:\\Windows\\System32\\diskshadow.exe -S C:\\atomic_tests\\T1218\\src\\T1218.txt}","EventReceivedTime":"2023-01-02 13:55:53","SourceModuleName":"sysmon_in","SourceModuleType":"im_msvistalog"}
{"EventTime":"2023-01-02 13:50:58","Hostname":"serhatg.local","Keywords":-9223372036854775808,"EventType":"INFO","SeverityValue":2,"Severity":"INFO","EventID":1,"SourceName":"Microsoft-Windows-Sysmon","ProviderGuid":"{5770385F-C22A-43E0-BF4C-06F5698FFBD9}","Version":5,"Task":1,"OpcodeValue":0,"RecordNumber":435463556,"ProcessID":3912,"ThreadID":5876,"Channel":"Microsoft-Windows-Sysmon/Operational","Domain":"NT AUTHORITY","AccountName":"SYSTEM","UserID":"S-1-5-18","AccountType":"User","Category":"Process Create (rule: ProcessCreate)","Opcode":"Info","RuleName":"technique_id=T1059,technique_name=Command-Line Interface","UtcTime":"2023-01-02 13:52:58.276","ProcessGuid":"{99350301-d726-638d-220f-fa2100000000}","Image":"C:\\Windows\\System32\\cmd.exe","FileVersion":"10.0.17763.1697 (WinBuild.160101.0800)","Description":"Windows Command Processor","Product":"Microsoft Windows Operating System","Company":"Microsoft Corporation","OriginalFileName":"Cmd.Exe","CommandLine":"\"C:\\Windows\\System32\\cmd.exe\" /c calc.exe","CurrentDirectory":"C:\\Users\\ADMINI~1\\AppData\\Local\\Temp\\","User":"SG\\Administrator","LogonGuid":"{99350301-ce81-638d-665e-c81d00000000}","LogonId":"0x1dc85e65","TerminalSessionId":"3","IntegrityLevel":"High","Hashes":"SHA1=DED8FD7F36417F66EB6ADA10E0C0D7C0022986E9,MD5=911D039E71583A07320B32BDE22F8E22,SHA256=BC866CFCDDA37E24DC2634DC282C7A0E6F55209DA17A8FA105B07414C0E7C527,IMPHASH=272245E2988E1E430500B852C4FB5E18","ParentProcessGuid":"{99350301-d725-638d-12c1-f92100000000}","ParentProcessId":"18132","ParentImage":"C:\\Windows\\hh.exe","ParentCommandLine":"hh.exe  C:\\atomic_tests\\T1218.001\\src\\T1218.001.chm","EventReceivedTime":"2023-01-02 13:55:58","SourceModuleName":"sysmon_in","SourceModuleType":"im_msvistalog"}
{"EventTime":"2023-01-02 13:50:41","Hostname":"serhatg.local","Keywords":-9223372036854775808,"EventType":"INFO","SeverityValue":2,"Severity":"INFO","EventID":1,"SourceName":"Microsoft-Windows-Sysmon","ProviderGuid":"{5770385F-C22A-43E0-BF4C-06F5698FFBD9}","Version":5,"Task":1,"OpcodeValue":0,"RecordNumber":435463319,"ProcessID":3912,"ThreadID":5876,"Channel":"Microsoft-Windows-Sysmon/Operational","Domain":"NT AUTHORITY","AccountName":"SYSTEM","UserID":"S-1-5-18","AccountType":"User","Category":"Process Create (rule: ProcessCreate)","Opcode":"Info","RuleName":"technique_id=T1059,technique_name=Command-Line Interface","UtcTime":"2023-01-02 13:52:41.831","ProcessGuid":"{99350301-d715-638d-af83-f02100000000}","Image":"C:\\Windows\\SysWOW64\\Register-CimProvider.exe","FileVersion":"10.0.17763.1 (WinBuild.160101.0800)","Description":"WMI","Product":"Microsoft Windows Operating System","Company":"Microsoft Corporation","OriginalFileName":"Register-CimProvider2.exe","CommandLine":"C:\\Windows\\SysWow64\\Register-CimProvider.exe  -Path C:\\atomic_tests\\T1218\\src\\Win32\\T1218-2.dll","CurrentDirectory":"C:\\Users\\ADMINI~1\\AppData\\Local\\Temp\\","User":"SG\\Administrator","LogonGuid":"{99350301-ce81-638d-665e-c81d00000000}","LogonId":"0x1dc85e65","TerminalSessionId":"3","IntegrityLevel":"High","Hashes":"SHA1=8FA520CF46BFAAAFEC909F2F979F098C4C281E83,MD5=04073FE74835F8FD8822E1568C98F42A,SHA256=11FC84778B6B88DDE720B4B84354A64F3256BE6149CD5F558350BB3F5CE8C204,IMPHASH=0FB0548A3D9D48194DC4FA7F08F5D988","ParentProcessGuid":"{99350301-d715-638d-3e64-f02100000000}","ParentProcessId":"22568","ParentImage":"C:\\Windows\\System32\\cmd.exe","ParentCommandLine":"\"cmd.exe\" /c \"C:\\Windows\\SysWow64\\Register-CimProvider.exe -Path C:\\atomic_tests\\T1218\\src\\Win32\\T1218-2.dll\"","EventReceivedTime":"2023-01-02 13:55:43","SourceModuleName":"sysmon_in","SourceModuleType":"im_msvistalog"}
{"EventTime":"2023-01-02 13:50:55","Hostname":"serhatg.local","Keywords":-9223372036854775808,"EventType":"INFO","SeverityValue":2,"Severity":"INFO","EventID":1,"SourceName":"Microsoft-Windows-Sysmon","ProviderGuid":"{5770385F-C22A-43E0-BF4C-06F5698FFBD9}","Version":5,"Task":1,"OpcodeValue":0,"RecordNumber":435463435,"ProcessID":3912,"ThreadID":5876,"Channel":"Microsoft-Windows-Sysmon/Operational","Domain":"NT AUTHORITY","AccountName":"SYSTEM","UserID":"S-1-5-18","AccountType":"User","Category":"Process Create (rule: ProcessCreate)","Opcode":"Info","RuleName":"technique_id=T1086,technique_name=PowerShell","UtcTime":"2023-01-02 13:52:55.868","ProcessGuid":"{99350301-d720-638d-86a1-f62100000000}","Image":"C:\\Windows\\System32\\diskshadow.exe","FileVersion":"10.0.17763.1 (WinBuild.160101.0800)","Description":"DiskShadow","Product":"Microsoft Windows Operating System","Company":"Microsoft Corporation","OriginalFileName":"diskshadow.exe","CommandLine":"\"C:\\Windows\\System32\\diskshadow.exe\" -S C:\\atomic_tests\\T1218\\src\\T1218.txt","CurrentDirectory":"C:\\Users\\Administrator\\AppData\\Local\\Temp\\","User":"SG\\Administrator","LogonGuid":"{99350301-ce81-638d-665e-c81d00000000}","LogonId":"0x1dc85e65","TerminalSessionId":"3","IntegrityLevel":"High","Hashes":"SHA1=6A8B13C1F7EFD9C3965A81D072EC86D2B44F54BF,MD5=EE6DAEF7CDB52EA62B4E7BB0C9601961,SHA256=7D08B3B10F1918135C0270BB0CF1CED0927EF61E7348E908CCAE8CA00132F0D8,IMPHASH=FD2A36FBBAEE53A16DE80CA1D24ACE93","ParentProcessGuid":"{99350301-d720-638d-f24d-f62100000000}","ParentProcessId":"18852","ParentImage":"C:\\Windows\\System32\\WindowsPowerShell\\v1.0\\pOweRsHeLl.exe","ParentCommandLine":"\"pOweRsHeLl.exe\" &amp; {C:\\Windows\\System32\\diskshadow.exe -S C:\\atomic_tests\\T1218\\src\\T1218.txt}","EventReceivedTime":"2023-01-02 13:55:55","SourceModuleName":"sysmon_in","SourceModuleType":"im_msvistalog"}
{"EventTime":"2023-01-02 13:50:56","Hostname":"serhatg.local","Keywords":-9223372036854775808,"EventType":"INFO","SeverityValue":2,"Severity":"INFO","EventID":11,"SourceName":"Microsoft-Windows-Sysmon","ProviderGuid":"{5770385F-C22A-43E0-BF4C-06F5698FFBD9}","Version":2,"Task":11,"OpcodeValue":0,"RecordNumber":435463134,"ProcessID":3912,"ThreadID":5876,"Channel":"Microsoft-Windows-Sysmon/Operational","Domain":"NT AUTHORITY","AccountName":"SYSTEM","UserID":"S-1-5-18","AccountType":"User","Category":"File created (rule: FileCreate)","Opcode":"Info","RuleName":"technique_id=T1187,technique_name=Forced Authentication","UtcTime":"2023-01-02 13:50:56.197418","ProcessGuid":"{99350301-d6fa-638d-6e3b-e02100000000}","Image":"C:\\Windows\\System32\\WindowsPowerShell\\v1.0\\powershell.exe","TargetFilename":"C:\\Users\\Administrator\\AppData\\Roaming\\VsCard\\Data\\pwgrab32","CreationUtcTime":"2023-01-02 13:50:56.197418","EventReceivedTime":"2023-01-02 13:50:56","SourceModuleName":"sysmon_in","SourceModuleType":"im_msvistalog"}
{"EventTime":"2023-01-02 13:50:57","Hostname":"serhatg.local","Keywords":-9223372036854775808,"EventType":"INFO","SeverityValue":2,"Severity":"INFO","EventID":11,"SourceName":"Microsoft-Windows-Sysmon","ProviderGuid":"{5770385F-C22A-43E0-BF4C-06F5698FFBD9}","Version":2,"Task":11,"OpcodeValue":0,"RecordNumber":435463134,"ProcessID":3912,"ThreadID":5876,"Channel":"Microsoft-Windows-Sysmon/Operational","Domain":"NT AUTHORITY","AccountName":"SYSTEM","UserID":"S-1-5-18","AccountType":"User","Category":"File created (rule: FileCreate)","Opcode":"Info","RuleName":"technique_id=T1187,technique_name=Forced Authentication","UtcTime":"2023-01-02 13:50:57.197418","ProcessGuid":"{99350301-d6fa-638d-6e3b-e02100000000}","Image":"C:\\Windows\\System32\\WindowsPowerShell\\v1.0\\powershell.exe","TargetFilename":"C:\\Users\\Administrator\\AppData\\Roaming\\VsCard\\Data\\wormDll32","CreationUtcTime":"2023-01-02 13:50:57.197418","EventReceivedTime":"2023-01-02 13:50:57","SourceModuleName":"sysmon_in","SourceModuleType":"im_msvistalog"}
<14>Jan  2 13:50:39 serhatg.local Microsoft-Windows-Sysmon[2944]: {"EventTime":1672667439,"Hostname":"serhatg.local","Keywords":-9223372036854775808,"EventType":"INFO","SeverityValue":2,"Severity":"INFO","EventID":1,"SourceName":"Microsoft-Windows-Sysmon","ProviderGuid":"{5770385F-C22A-43E0-BF4C-06F5698FFBD9}","Version":5,"Task":1,"OpcodeValue":0,"RecordNumber":161813,"ProcessID":2944,"ThreadID":4064,"Channel":"Microsoft-Windows-Sysmon/Operational","Domain":"NT AUTHORITY","AccountName":"SYSTEM","UserID":"S-1-5-18","AccountType":"User","Message":"Process Create:\r\nRuleName: -\r\nUtcTime: 2023-01-02 13:50:39.751\r\nProcessGuid: {f31bccf6-6a4e-63be-2f1c-000000001200}\r\nProcessId: 6544\r\nImage: C:\\Windows\\System32\\rundll32.exe\r\nFileVersion: 10.0.17763.1697 (WinBuild.160101.0800)\r\nDescription: Windows host process (Rundll32)\r\nProduct: Microsoft Windows Operating System\r\nCompany: Microsoft Corporation\r\nOriginalFileName: RUNDLL32.EXE\r\nCommandLine: C:\\Windows\\system32\\rundll32.exe 195.dll,DllRegisterServer\r\nCurrentDirectory: C:\\Windows\\system32\\\r\nUser: NT AUTHORITY\\SYSTEM\r\nLogonGuid: {f31bccf6-98de-639a-e703-000000000000}\r\nLogonId: 0x3E7\r\nTerminalSessionId: 0\r\nIntegrityLevel: System\r\nHashes: MD5=80F8E0C26028E83F1EF371D7B44DE3DF,SHA256=9F1E56A3BF293AC536CF4B8DAD57040797D62DBB0CA19C4ED9683B5565549481,IMPHASH=F27A7FC3A53E74F45BE370131953896A\r\nParentProcessGuid: {f31bccf6-98e9-639a-2800-000000001200}\r\nParentProcessId: 1688\r\nParentImage: C:\\Windows\\System32\\cmd.exe\r\nParentCommandLine: C:\\Windows\\system32\\cmd.exe\r\nParentUser: NT AUTHORITY\\SYSTEM","Category":"Process Create (rule: ProcessCreate)","Opcode":"Info","RuleName":"-","UtcTime":"2023-01-02 13:50:39.751","ProcessGuid":"{f31bccf6-6a4e-63be-2f1c-000000001200}","Image":"C:\\Windows\\System32\\rundll32.exe","FileVersion":"10.0.17763.1697 (WinBuild.160101.0800)","Description":"Windows host process (Rundll32)","Product":"Microsoft Windows Operating System","Company":"Microsoft Corporation","OriginalFileName":"RUNDLL32.EXE","CommandLine":"C:\\Windows\\system32\\rundll32.exe 195.dll,DllRegisterServer","CurrentDirectory":"C:\\Windows\\system32\\","User":"NT AUTHORITY\\SYSTEM","LogonGuid":"{f31bccf6-98de-639a-e703-000000000000}","LogonId":"0x3e7","TerminalSessionId":"0","IntegrityLevel":"System","Hashes":"MD5=80F8E0C26028E83F1EF371D7B44DE3DF,SHA256=9F1E56A3BF293AC536CF4B8DAD57040797D62DBB0CA19C4ED9683B5565549481,IMPHASH=F27A7FC3A53E74F45BE370131953896A","ParentProcessGuid":"{f31bccf6-98e9-639a-2800-000000001200}","ParentProcessId":"1688","ParentImage":"C:\\Windows\\System32\\cmd.exe","ParentCommandLine":"C:\\Windows\\system32\\cmd.exe","ParentUser":"NT AUTHORITY\\SYSTEM","EventReceivedTime":1672667439,"SourceModuleName":"in_sysmon","SourceModuleType":"im_msvistalog"}
<14>Jan  2 13:50:40 serhatg.local Microsoft-Windows-Sysmon[3108]: {"EventTime":1672667440,"Hostname":"serhatg.local","Keywords":-9223372036854775808,"EventType":"INFO","SeverityValue":2,"Severity":"INFO","EventID":13,"SourceName":"Microsoft-Windows-Sysmon","ProviderGuid":"{5770385F-C22A-43E0-BF4C-06F5698FFBD9}","Version":2,"Task":13,"OpcodeValue":0,"RecordNumber":1073711,"ProcessID":3108,"ThreadID":3908,"Channel":"Microsoft-Windows-Sysmon/Operational","Domain":"NT AUTHORITY","AccountName":"SYSTEM","UserID":"S-1-5-18","AccountType":"User","Message":"Registry value set:\r\nRuleName: -\r\nEventType: SetValue\r\nUtcTime: 2023-01-02 13:50:40.976\r\nProcessGuid: {9d805503-8397-6229-7202-000000000a00}\r\nProcessId: 4016\r\nImage: C:\\Windows\\System32\\rundll32.exe\r\nTargetObject: HKEY_LOCAL_MACHINE\\SYSTEM\\CurrentControlSet\\Services\r\nDetails: /TEMP/","Category":"Registry value set (rule: RegistryEvent)","Opcode":"Info","RuleName":"-","UtcTime":"2023-01-02 13:50:40.976","ProcessGuid":"{9d805503-8397-6229-7202-000000000a00}","Image":"C:\\Windows\\System32\\rundll32.exe","TargetObject":"HKEY_LOCAL_MACHINE\\SYSTEM\\CurrentControlSet\\Services","Details":"/TEMP/","EventReceivedTime":1672667440,"SourceModuleName":"in_sysmon","SourceModuleType":"im_msvistalog"}
<14>Jan  2 13:50:41 serhatg.local Microsoft-Windows-Sysmon[2904]: {"EventTime":1672667441,"Hostname":"serhatg.local","Keywords":-9223372036854775808,"EventType":"INFO","SeverityValue":2,"Severity":"INFO","EventID":1,"SourceName":"Microsoft-Windows-Sysmon","ProviderGuid":"{5770385F-C22A-43E0-BF4C-06F5698FFBD9}","Version":5,"Task":1,"OpcodeValue":0,"RecordNumber":273449,"ProcessID":2904,"ThreadID":3280,"Channel":"Microsoft-Windows-Sysmon/Operational","Domain":"NT AUTHORITY","AccountName":"SYSTEM","UserID":"S-1-5-18","AccountType":"User","Message":"Process Create:\r\nRuleName: technique_id=T1218.002,technique_name=rundll32.exe\r\nUtcTime: 2023-01-02 13:50:41.000000\r\nProcessGuid: {b596e6b5-fe51-636b-f044-000000000e00}\r\nProcessId: 2248\r\nImage: C:\\Windows\\SysWOW64\\rundll32.exe\r\nFileVersion: 10.0.17763.1697 (WinBuild.160101.0800)\r\nDescription: Windows host process (Rundll32)\r\nProduct: Microsoft  Windows  Operating System\r\nCompany: Microsoft Corporation\r\nOriginalFileName: RUNDLL32.EXE\r\nCommandLine: C:\\Windows\\SysWOW64\\rundll32.exe C:\\ProgramData\\95.dll,TstSec 11985756\r\nCurrentDirectory: C:\\Windows\\system32\\\r\nUser: SG\\Administrator\r\nLogonGuid: {b596e6b5-7ffa-6361-2090-230000000000}\r\nLogonId: 0x239020\r\nTerminalSessionId: 2\r\nIntegrityLevel: High\r\nHashes: SHA1=55AC33D1EBFA28296C5128617D29CCBFED11157E,MD5=8459D693C951248A5E8E128F299E9618,SHA256=82611E60A2C5DE23A1B976BB3B9A32C4427CB60A002E4C27CADFA84031D87999,IMPHASH=BB17B2FBBFF4BBF5EBDCA7D0BB9E4A5B\r\nParentProcessGuid: {b596e6b5-fe48-636b-ee44-000000000e00}\r\nParentProcessId: 3640\r\nParentImage: C:\\Windows\\System32\\rundll32.exe\r\nParentCommandLine: C:\\Windows\\system32\\rundll32.exe C:\\ProgramData\\95.dll,TstSec 11985756\r\nParentUser: SG\\Administrator","Category":"Process Create (rule: ProcessCreate)","Opcode":"Info","RuleName":"technique_id=T1218.002,technique_name=rundll32.exe","UtcTime":"2023-01-02 13:50:41.000000","ProcessGuid":"{b596e6b5-fe51-636b-f044-000000000e00}","Image":"C:\\Windows\\SysWOW64\\rundll32.exe","FileVersion":"10.0.17763.1697 (WinBuild.160101.0800)","Description":"Windows host process (Rundll32)","Product":"Microsoft  Windows  Operating System","Company":"Microsoft Corporation","OriginalFileName":"RUNDLL32.EXE","CommandLine":"C:\\Windows\\SysWOW64\\rundll32.exe C:\\ProgramData\\95.dll,TstSec 11985756","CurrentDirectory":"C:\\Windows\\system32\\","User":"SG\\Administrator","LogonGuid":"{b596e6b5-7ffa-6361-2090-230000000000}","LogonId":"0x239020","TerminalSessionId":"2","IntegrityLevel":"High","Hashes":"SHA1=55AC33D1EBFA28296C5128617D29CCBFED11157E,MD5=8459D693C951248A5E8E128F299E9618,SHA256=82611E60A2C5DE23A1B976BB3B9A32C4427CB60A002E4C27CADFA84031D87999,IMPHASH=BB17B2FBBFF4BBF5EBDCA7D0BB9E4A5B","ParentProcessGuid":"{b596e6b5-fe48-636b-ee44-000000000e00}","ParentProcessId":"3640","ParentImage":"C:\\Windows\\System32\\rundll32.exe","ParentCommandLine":"C:\\Windows\\system32\\rundll32.exe C:\\ProgramData\\95.dll,TstSec 11985756","ParentUser":"SG\\Administrator","EventReceivedTime":1672667441,"SourceModuleName":"in_sysmon","SourceModuleType":"im_msvistalog"}
{"EventType": "", "AccountName": "", "Domain": "", "Message": "", "ProviderGuid": "{5770385F-C22A-43E0-BF4C-06F5698FFBD9}", "SourceName": "Microsoft-Windows-Sysmon", "EventID": 1, "Version": 5, "Level": 4, "OpcodeValue": 0, "Keywords": 9223372036854775808, "EventTime": 1672667457, "RecordNumber": 96887, "ProcessID": 2260, "ThreadID": 2480, "Channel": "Microsoft-Windows-Sysmon/Operational", "Computer": "serhatg.local", "Hostname": "serhatg.local", "UserID": "S-1-5-18", "RuleName": "-", "UtcTime": "2023-01-02 13:50:57.190", "ProcessGuid": "{C784477D-D00C-6239-BE06-000000002800}", "ProcessId": "7640", "Image": "C:\\Windows\\System32\\wscript.exe", "FileVersion": "5.812.10240.16384", "Description": "Microsoft \\xae Windows Based Script Host", "Product": "Microsoft \\xae Windows Script Host", "Company": "Microsoft Corporation", "OriginalFileName": "wscript.exe", "CommandLine": "C:\\Windows\\system32\\wscript.exe \"C:\\ProgramData\\FhaLq2vXz3QHVOVB\\EajbVLs.wsf\"", "CurrentDirectory": "C:\\Windows\\system32\\", "User": "NT AUTHORITY\\SYSTEM", "LogonGuid": "{C784477D-32D8-619D-E703-000000000000}", "LogonId": "0x3e7", "TerminalSessionId": "0", "IntegrityLevel": "System", "Hashes": "MD5=9A68ADD12EB50DDE7586782C3EB9FF9C,SHA256=62A95C926C8513C9F3ACF65A5B33CBB88174555E2759C1B52DD6629F743A59ED,IMPHASH=93B1E62305A8CEC30A5FBE39C04A90BD", "ParentProcessGuid": "{C784477D-32D9-619D-2400-000000002800}", "ParentProcessId": "1556", "ParentImage": "C:\\Windows\\System32\\svchost.exe", "ParentCommandLine": "c:\\windows\\system32\\svchost.exe -k netsvcs -p -s Schedule"}
{"EventType": "", "AccountName": "", "Domain": "", "Message": "", "ProviderGuid": "{5770385F-C22A-43E0-BF4C-06F5698FFBD9}", "SourceName": "Microsoft-Windows-Sysmon", "EventID": 22, "Version": 5, "Level": 4, "OpcodeValue": 0, "Keywords": 9223372036854775808, "EventTime": 1672667458, "RecordNumber": 85959, "ProcessID": 2260, "ThreadID": 2480, "Channel": "Microsoft-Windows-Sysmon/Operational", "Computer": "serhatg.local", "Hostname": "serhatg.local", "UserID": "S-1-5-18", "RuleName": "-", "UtcTime": "2023-01-02 13:50:58.964", "ProcessGuid": "{C784477D-898E-6255-7206-000000003E00}", "ProcessId": "4356", "QueryName": "_ldap._tcp.dc._msdcs..", "QueryStatus": "123", "QueryResults": "-", "Image": "C:\\Windows\\System32\\wscript.exe"}
{"EventType": "", "AccountName": "", "Domain": "", "Message": "", "ProviderGuid": "{5770385F-C22A-43E0-BF4C-06F5698FFBD9}", "SourceName": "Microsoft-Windows-Sysmon", "EventID": 11, "Version": 2, "Level": 4, "OpcodeValue": 0, "Keywords": 9223372036854775808, "EventTime": 1672667459, "RecordNumber": 96885, "ProcessID": 2260, "ThreadID": 2480, "Channel": "Microsoft-Windows-Sysmon/Operational", "Computer": "serhatg.local", "Hostname": "serhatg.local", "UserID": "S-1-5-18", "RuleName": "-", "UtcTime": "2023-01-02 13:50:59.271", "ProcessGuid": "{C784477D-D00B-6239-BB06-000000002800}", "ProcessId": "1324", "Image": "C:\\Windows\\System32\\wscript.exe", "TargetFilename": "C:\\Users\\user\\AppData\\Local\\Temp\\calc.dll", "CreationUtcTime": "2023-01-02 13:50:59.271"}
{"EventType": "", "AccountName": "", "Domain": "", "Message": "", "ProviderGuid": "{5770385F-C22A-43E0-BF4C-06F5698FFBD9}", "SourceName": "Microsoft-Windows-Sysmon", "EventID": 1, "Version": 5, "Level": 4, "OpcodeValue": 0, "Keywords": 9223372036854775808, "EventTime": 1672667450, "RecordNumber": 85943, "ProcessID": 2302, "ThreadID": 3068, "Channel": "Microsoft-Windows-Sysmon/Operational", "Computer": "serhatg.local", "Hostname": "serhatg.local", "UserID": "S-1-5-18", "RuleName": "-", "UtcTime": "2023-01-02 13:50:50.399", "ProcessGuid": "{C784477D-EC9D-625D-5206-000000003E00}", "ProcessId": "7128", "Image": "C:\\Users\\serhatg\\AppData\\Roaming\\VBS\\QuickBooks.vbs", "FileVersion": "10.0.17134.1098 (WinBuild.160101.0800)", "Description": "Host Process for Windows Tasks", "Product": "Microsoft\\xae Windows\\xae Operating System", "Company": "Microsoft Corporation", "OriginalFileName": "QuickBooks.vbs", "CommandLine": "QuickBooks.vbs", "CurrentDirectory": "C:\\Users\\serhatg\\AppData\\Roaming\\VBS\\", "User": "serhatg.local\\serhatg", "LogonGuid": "{C784477D-5ED0-6255-30E3-030000000000}", "LogonId": "0x3e330", "TerminalSessionId": "1", "IntegrityLevel": "Medium", "Hashes": "MD5=D8889119B3B0EC07E548F01EDEFC475A,SHA256=76D8EEA528D58442D22D1B81882FF58286025203BC69115E8EC485984249BA67,IMPHASH=F66BB3B3040DB6FAC0F2A2BA91E541DC0F0C7319", "ParentProcessGuid": "{C784477D-5ECB-6255-1F00-000000003E00}", "ParentProcessId": "1340", "ParentImage": "C:\\Windows\\System32\\svchost.exe", "ParentCommandLine": "c:\\windows\\system32\\svchost.exe -k netsvcs -p -s Schedule"}
{"EventType": "", "AccountName": "", "Domain": "", "Message": "", "ProviderGuid": "{5770385F-C22A-43E0-BF4C-06F5698FFBD9}", "SourceName": "Microsoft-Windows-Sysmon", "EventID": 1, "Version": 5, "Level": 4, "OpcodeValue": 0, "Keywords": 9223372036854775808, "EventTime": 1672667452, "RecordNumber": 100879, "ProcessID": 2302, "ThreadID": 2476, "Channel": "Microsoft-Windows-Sysmon/Operational", "Computer": "serhatg.local", "Hostname": "serhatg.local", "UserID": "S-1-5-18", "RuleName": "-", "UtcTime": "2023-01-02 13:50:52.027", "ProcessGuid": "{C784477D-7EAE-620C-6306-000000002B00}", "ProcessId": "5400", "Image": "C:\\Windows\\System32\\systeminfo.exe", "FileVersion": "10.0.17134.1 (WinBuild.160101.0800)", "Description": "Displays system information", "Product": "Microsoft\\xae Windows\\xae Operating System", "Company": "Microsoft Corporation", "OriginalFileName": "sysinfo.exe", "CommandLine": "systeminfo", "CurrentDirectory": "C:\\", "User": "serhatg.local\\serhatg", "LogonGuid": "{C784477D-BFCF-61D5-3250-030000000000}", "LogonId": "0x35032", "TerminalSessionId": "1", "IntegrityLevel": "High", "Hashes": "MD5=4B3438B4516FA9CA1E49B2ABA634472C,SHA256=0984C8EA65CB17E8E41EFDBFAA525098C12979B0DCCA49928C11DD069DDB0028,IMPHASH=4E384B85600C32FD4255E59E38963F81", "ParentProcessGuid": "{C784477D-7EA3-620C-5606-000000002B00}", "ParentProcessId": "1728", "ParentImage": "C:\\Users\\serhatg\\AppData\\Roaming\\VBS\\QuickBooks.vbs", "ParentCommandLine": "C:\\Windows\\System32 ftype C:\\Users\\serhatg\\AppData\\Roaming\\VBS\\QuickBooks.vbs"}
{"EventType": "", "AccountName": "", "Domain": "", "Message": "", "ProviderGuid": "{5770385F-C22A-43E0-BF4C-06F5698FFBD9}", "SourceName": "Microsoft-Windows-Sysmon", "EventID": 1, "Version": 5, "Level": 4, "OpcodeValue": 0, "Keywords": 9223372036854775808, "EventTime": 1672667454, "RecordNumber": 85983, "ProcessID": 2302, "ThreadID": 2444, "Channel": "Microsoft-Windows-Sysmon/Operational", "Computer": "serhatg.local", "Hostname": "serhatg.local", "UserID": "S-1-5-18", "RuleName": "-", "UtcTime": "2023-01-02 13:50:54.949", "ProcessGuid": "{C784477D-E097-623A-6A06-000000003E00}", "ProcessId": "7912", "Image": "C:\\Windows\\System32\\ipconfig.exe", "FileVersion": "10.0.17134.1 (WinBuild.160101.0800)", "Description": "IP Configuration Utility", "Product": "Microsoft\\xae Windows\\xae Operating System", "Company": "Microsoft Corporation", "OriginalFileName": "ipconfig.exe", "CommandLine": "\"ipconfig\" /all", "CurrentDirectory": "C:\\Users\\serhatg\\Desktop\\", "User": "serhatg.local\\serhatg", "LogonGuid": "{C784477D-23F4-61A6-596E-030000000000}", "LogonId": "0x36e59", "TerminalSessionId": "1", "IntegrityLevel": "High", "Hashes": "MD5=C7FAFF418EF7AD7ABDA10A5BCF9B53EB,SHA256=9F160078947D7DAF42F02B541453AD143AEF1F60F1EB5107C4345337F7F96525,IMPHASH=2C6253F8FAA0D455F65586F8380D5C7A", "ParentProcessGuid": "{C784477D-E06C-623A-6606-000000003E00}", "ParentProcessId": "548", "ParentImage": "C:\\Users\\serhatg\\AppData\\Roaming\\VBS\\QuickBooks.vbs", "ParentCommandLine": "C:\\Users\\serhatg\\AppData\\Roaming\\VBS\\QuickBooks.vbs"}
{"EventType": "", "AccountName": "", "Domain": "", "Message": "", "ProviderGuid": "{5770385F-C22A-43E0-BF4C-06F5698FFBD9}", "SourceName": "Microsoft-Windows-Sysmon", "EventID": 11, "Version": 2, "Level": 4, "OpcodeValue": 0, "Keywords": 9223372036854775808, "EventTime": 1672667456, "RecordNumber": 48333, "ProcessID": 2302, "ThreadID": 2072, "Channel": "Microsoft-Windows-Sysmon/Operational", "Computer": "serhatg.local", "Hostname": "serhatg.local", "UserID": "S-1-5-18", "RuleName": "T1023", "UtcTime": "2023-01-02 13:50:56.051", "ProcessGuid": "{C784477D-0004-625D-2508-000000004000}", "ProcessId": "6472", "Image": "C:\\Users\\serhatg\\AppData\\Roaming\\VBS\\QuickBooks.vbs", "TargetFilename": "C:\\Users\\serhatg\\AppData\\Roaming\\Microsoft\\Windows\\Start Menu\\Programs\\Startup\\Run.lnk", "CreationUtcTime": "2023-01-02 13:50:53.191"}
{"EventTime":"2023-01-02 13:51:56","Hostname":"serhatg.local","Keywords":-9223372036854775808,"EventType":"INFO","SeverityValue":2,"Severity":"INFO","EventID":1,"SourceName":"Microsoft-Windows-Sysmon","ProviderGuid":"{5770385F-C22A-43E0-BF4C-06F5698FFBD9}","Version":5,"Task":1,"OpcodeValue":0,"RecordNumber":435463319,"ProcessID":3912,"ThreadID":5876,"Channel":"Microsoft-Windows-Sysmon/Operational","Domain":"NT AUTHORITY","AccountName":"SYSTEM","UserID":"S-1-5-18","AccountType":"User","Category":"Process Create (rule: ProcessCreate)","Opcode":"Info","RuleName":"technique_id=T1059,technique_name=Command-Line Interface","UtcTime":"2023-01-02 13:51:56.876447","ProcessGuid":"{99350301-d715-638d-af83-f02100000000}","Image":"C:\\Windows\\SysWOW64\\Register-CimProvider.exe","FileVersion":"10.0.17763.1 (WinBuild.160101.0800)","Description":"WMI","Product":"Microsoft  Windows  Operating System","Company":"Microsoft Corporation","OriginalFileName":"Register-CimProvider2.exe","CommandLine":"C:\\Windows\\SysWow64\\Register-CimProvider.exe  -Path C:\\src\\Win32\\T1218-2.dll","CurrentDirectory":"C:\\Users\\ADMINI~1\\AppData\\Local\\Temp\\","User":"SG\\Administrator","LogonGuid":"{99350301-ce81-638d-665e-c81d00000000}","LogonId":"0x1dc85e65","TerminalSessionId":"3","IntegrityLevel":"High","Hashes":"SHA1=8FA520CF46BFAAAFEC909F2F979F098C4C281E83,MD5=04073FE74835F8FD8822E1568C98F42A,SHA256=11FC84778B6B88DDE720B4B84354A64F3256BE6149CD5F558350BB3F5CE8C204,IMPHASH=0FB0548A3D9D48194DC4FA7F08F5D988","ParentProcessGuid":"{99350301-d715-638d-3e64-f02100000000}","ParentProcessId":"22568","ParentImage":"C:\\Windows\\System32\\cmd.exe","ParentCommandLine":"cmd.exe /c echo \"CobaltStrike\" > \\\\.\\pipe\\bc31a7","EventReceivedTime":"2023-01-02 13:51:57","SourceModuleName":"sysmon_in","SourceModuleType":"im_msvistalog"}
{"EventTime":"2023-01-02 13:51:56","Hostname":"serhatg.local","Keywords":-9223372036854775808,"EventType":"INFO","SeverityValue":2,"Severity":"INFO","EventID":1,"SourceName":"Microsoft-Windows-Sysmon","ProviderGuid":"{5770385F-C22A-43E0-BF4C-06F5698FFBD9}","Version":5,"Task":1,"OpcodeValue":0,"RecordNumber":435463319,"ProcessID":3912,"ThreadID":5876,"Channel":"Microsoft-Windows-Sysmon/Operational","Domain":"NT AUTHORITY","AccountName":"SYSTEM","UserID":"S-1-5-18","AccountType":"User","Category":"Process Create (rule: ProcessCreate)","Opcode":"Info","RuleName":"technique_id=T1059,technique_name=Command-Line Interface","UtcTime":"2023-01-02 13:51:56.876447","ProcessGuid":"{99350301-d715-638d-af83-f02100000000}","Image":"C:\\Windows\\SysWOW64\\Register-CimProvider.exe","FileVersion":"10.0.17763.1 (WinBuild.160101.0800)","Description":"WMI","Product":"Microsoft  Windows  Operating System","Company":"Microsoft Corporation","OriginalFileName":"Register-CimProvider2.exe","CommandLine":"C:\\Windows\\SysWow64\\Register-CimProvider.exe  -Path C:\\src\\Win32\\T1218-2.dll","CurrentDirectory":"C:\\Users\\ADMINI~1\\AppData\\Local\\Temp\\","User":"SG\\Administrator","LogonGuid":"{99350301-ce81-638d-665e-c81d00000000}","LogonId":"0x1dc85e65","TerminalSessionId":"3","IntegrityLevel":"High","Hashes":"SHA1=8FA520CF46BFAAAFEC909F2F979F098C4C281E83,MD5=04073FE74835F8FD8822E1568C98F42A,SHA256=11FC84778B6B88DDE720B4B84354A64F3256BE6149CD5F558350BB3F5CE8C204,IMPHASH=0FB0548A3D9D48194DC4FA7F08F5D988","ParentProcessGuid":"{99350301-d715-638d-3e64-f02100000000}","ParentProcessId":"22568","ParentImage":"C:\\Windows\\System32\\cmd.exe","ParentCommandLine":"cmd.exe /c echo \"CobaltStrike\" > \\\\.\\pipe\\whoami","EventReceivedTime":"2023-01-02 13:51:57","SourceModuleName":"sysmon_in","SourceModuleType":"im_msvistalog"}
{"EventTime":"2023-01-02 13:51:56","Hostname":"serhatg.local","Keywords":-9223372036854775808,"EventType":"INFO","SeverityValue":2,"Severity":"INFO","EventID":1,"SourceName":"Microsoft-Windows-Sysmon","ProviderGuid":"{5770385F-C22A-43E0-BF4C-06F5698FFBD9}","Version":5,"Task":1,"OpcodeValue":0,"RecordNumber":435463319,"ProcessID":3912,"ThreadID":5876,"Channel":"Microsoft-Windows-Sysmon/Operational","Domain":"NT AUTHORITY","AccountName":"SYSTEM","UserID":"S-1-5-18","AccountType":"User","Category":"Process Create (rule: ProcessCreate)","Opcode":"Info","RuleName":"technique_id=T1059,technique_name=Command-Line Interface","UtcTime":"2023-01-02 13:51:56.876447","ProcessGuid":"{99350301-d715-638d-af83-f02100000000}","Image":"C:\\Windows\\SysWOW64\\Register-CimProvider.exe","FileVersion":"10.0.17763.1 (WinBuild.160101.0800)","Description":"WMI","Product":"Microsoft  Windows  Operating System","Company":"Microsoft Corporation","OriginalFileName":"Register-CimProvider2.exe","CommandLine":"C:\\Windows\\SysWow64\\Register-CimProvider.exe  -Path C:\\src\\Win32\\T1218-2.dll","CurrentDirectory":"C:\\Users\\ADMINI~1\\AppData\\Local\\Temp\\","User":"SG\\Administrator","LogonGuid":"{99350301-ce81-638d-665e-c81d00000000}","LogonId":"0x1dc85e65","TerminalSessionId":"3","IntegrityLevel":"High","Hashes":"SHA1=8FA520CF46BFAAAFEC909F2F979F098C4C281E83,MD5=04073FE74835F8FD8822E1568C98F42A,SHA256=11FC84778B6B88DDE720B4B84354A64F3256BE6149CD5F558350BB3F5CE8C204,IMPHASH=0FB0548A3D9D48194DC4FA7F08F5D988","ParentProcessGuid":"{99350301-d715-638d-3e64-f02100000000}","ParentProcessId":"22568","ParentImage":"C:\\Windows\\System32\\cmd.exe","ParentCommandLine":"cmd.exe /C start %COMSPEC% /C \"timeout /t 3 >nul&&echo TestSVC > \\\\.\\pipe\\TestSVC\"","EventReceivedTime":"2023-01-02 13:51:57","SourceModuleName":"sysmon_in","SourceModuleType":"im_msvistalog"}
<14>Jan  2 13:52:41 serhatg.local Microsoft-Windows-Sysmon[8020]: {"EventTime":1672667561,"Hostname":"serhatg.local","Keywords":-9223372036854775808,"EventType":"INFO","SeverityValue":2,"Severity":"INFO","EventID":1,"SourceName":"Microsoft-Windows-Sysmon","ProviderGuid":"{5770385F-C22A-43E0-BF4C-06F5698FFBD9}","Version":5,"Task":1,"OpcodeValue":0,"RecordNumber":2286,"ProcessID":8020,"ThreadID":4632,"Channel":"Microsoft-Windows-Sysmon/Operational","Domain":"NT AUTHORITY","AccountName":"SYSTEM","UserID":"S-1-5-18","AccountType":"User","Message":"Process Create:\r\nRuleName: -\r\nUtcTime: 2023-01-02 13:52:41.886495\r\nProcessGuid: {341034e7-2774-62ec-f606-000000000400}\r\nProcessId: 8548\r\nImage: C:\\Windows\\System32\\wbem\\WMIC.exe\r\nFileVersion: 10.0.19041.1 (WinBuild.160101.0800)\r\nDescription: WMI Commandline Utility\r\nProduct: Microsoft  Windows  Operating System\r\nCompany: Microsoft Corporation\r\nOriginalFileName: wmic.exe\r\nCommandLine: cmd /c start b/ wmic.exe product where \"name like %antivirus%\" call uninstall /nointeractive\r\nCurrentDirectory: C:\\Users\\user\\AppData\\Local\\Temp\\\r\nUser: serhatg.local\\user\r\nLogonGuid: {341034e7-2003-62ec-9167-120000000000}\r\nLogonId: 0x126791\r\nTerminalSessionId: 1\r\nIntegrityLevel: High\r\nHashes: MD5=C0EEC0815A343B93969777DE7EDCAA60,SHA256=42497534CDF28B26CE51A2DC26E5E5262E403CD512B725D47DF97B43A6FF21FB,IMPHASH=1D73D0DDB044D3FCE0BDCC4F9CE809788BC62885\r\nParentProcessGuid: {341034e7-2773-62ec-f406-000000000400}\r\nParentProcessId: 2280\r\nParentImage: C:\\Windows\\System32\\cmd.exe\r\nParentCommandLine: cmd.exe\r\nParentUser: serhatg.local\\user","Category":"Process Create (rule: ProcessCreate)","Opcode":"Info","RuleName":"-","UtcTime":"2023-01-02 13:52:41.886495","ProcessGuid":"{341034e7-2774-62ec-f606-000000000400}","Image":"C:\\Windows\\System32\\wbem\\WMIC.exe","FileVersion":"10.0.19041.1 (WinBuild.160101.0800)","Description":"WMI Commandline Utility","Product":"Microsoft  Windows  Operating System","Company":"Microsoft Corporation","OriginalFileName":"wmic.exe","CommandLine":"cmd /c start b/ wmic.exe product where \"name like %antivirus%\" call uninstall /nointeractive","CurrentDirectory":"C:\\Users\\user\\AppData\\Local\\Temp\\","User":"serhatg.local\\user","LogonGuid":"{341034e7-2003-62ec-9167-120000000000}","LogonId":"0x126791","TerminalSessionId":"1","IntegrityLevel":"High","Hashes":"MD5=C0EEC0815A343B93969777DE7EDCAA60,SHA256=42497534CDF28B26CE51A2DC26E5E5262E403CD512B725D47DF97B43A6FF21FB,IMPHASH=1D73D0DDB044D3FCE0BDCC4F9CE809788BC62885","ParentProcessGuid":"{341034e7-2773-62ec-f406-000000000400}","ParentProcessId":"2280","ParentImage":"C:\\Windows\\System32\\cmd.exe","ParentCommandLine":"cmd.exe","ParentUser":"serhatg.local\\user","EventReceivedTime":1672667561,"SourceModuleName":"in_sysmon","SourceModuleType":"im_msvistalog"}
<14>Jan  2 13:52:41 serhatg.local Microsoft-Windows-Sysmon[8020]: {"EventTime":1672667561,"Hostname":"serhatg.local","Keywords":-9223372036854775808,"EventType":"INFO","SeverityValue":2,"Severity":"INFO","EventID":1,"SourceName":"Microsoft-Windows-Sysmon","ProviderGuid":"{5770385F-C22A-43E0-BF4C-06F5698FFBD9}","Version":5,"Task":1,"OpcodeValue":0,"RecordNumber":2286,"ProcessID":8020,"ThreadID":4632,"Channel":"Microsoft-Windows-Sysmon/Operational","Domain":"NT AUTHORITY","AccountName":"SYSTEM","UserID":"S-1-5-18","AccountType":"User","Message":"Process Create:\r\nRuleName: -\r\nUtcTime: 2023-01-02 13:52:41.886495\r\nProcessGuid: {341034e7-2774-62ec-f606-000000000400}\r\nProcessId: 8548\r\nImage: C:\\Windows\\System32\\wbem\\WMIC.exe\r\nFileVersion: 10.0.19041.1 (WinBuild.160101.0800)\r\nDescription: WMI Commandline Utility\r\nProduct: Microsoft  Windows  Operating System\r\nCompany: Microsoft Corporation\r\nOriginalFileName: wmic.exe\r\nCommandLine: cmd /c start b/ wmic.exe product where \"name like %security%\" call uninstall /nointeractive\r\nCurrentDirectory: C:\\Users\\user\\AppData\\Local\\Temp\\\r\nUser: serhatg.local\\user\r\nLogonGuid: {341034e7-2003-62ec-9167-120000000000}\r\nLogonId: 0x126791\r\nTerminalSessionId: 1\r\nIntegrityLevel: High\r\nHashes: MD5=C0EEC0815A343B93969777DE7EDCAA60,SHA256=42497534CDF28B26CE51A2DC26E5E5262E403CD512B725D47DF97B43A6FF21FB,IMPHASH=1D73D0DDB044D3FCE0BDCC4F9CE809788BC62885\r\nParentProcessGuid: {341034e7-2773-62ec-f406-000000000400}\r\nParentProcessId: 2280\r\nParentImage: C:\\Windows\\System32\\cmd.exe\r\nParentCommandLine: cmd.exe\r\nParentUser: serhatg.local\\user","Category":"Process Create (rule: ProcessCreate)","Opcode":"Info","RuleName":"-","UtcTime":"2023-01-02 13:52:41.886495","ProcessGuid":"{341034e7-2774-62ec-f606-000000000400}","Image":"C:\\Windows\\System32\\wbem\\WMIC.exe","FileVersion":"10.0.19041.1 (WinBuild.160101.0800)","Description":"WMI Commandline Utility","Product":"Microsoft  Windows  Operating System","Company":"Microsoft Corporation","OriginalFileName":"wmic.exe","CommandLine":"cmd /c start b/ wmic.exe product where \"name like %security%\" call uninstall /nointeractive","CurrentDirectory":"C:\\Users\\user\\AppData\\Local\\Temp\\","User":"serhatg.local\\user","LogonGuid":"{341034e7-2003-62ec-9167-120000000000}","LogonId":"0x126791","TerminalSessionId":"1","IntegrityLevel":"High","Hashes":"MD5=C0EEC0815A343B93969777DE7EDCAA60,SHA256=42497534CDF28B26CE51A2DC26E5E5262E403CD512B725D47DF97B43A6FF21FB,IMPHASH=1D73D0DDB044D3FCE0BDCC4F9CE809788BC62885","ParentProcessGuid":"{341034e7-2773-62ec-f406-000000000400}","ParentProcessId":"2280","ParentImage":"C:\\Windows\\System32\\cmd.exe","ParentCommandLine":"cmd.exe","ParentUser":"serhatg.local\\user","EventReceivedTime":1672667561,"SourceModuleName":"in_sysmon","SourceModuleType":"im_msvistalog"}
