{"Channel":"Microsoft-Windows-Sysmon/Operational","CommandLine":"wmiadap.exe /F /T /R","Company":"Unknown","Computer":"DESKTOP-AB","CurrentDirectory":"C:\\Windows\\system32\\","Description":"WMI Reverse Performance Adapter Maintenance Utility","EventID":1,"FileVersion":"10.0.17134.982 (WinBuild.160101.0800)","Hashes":"MD5=de7b2e93092598989d339d3d21861f29,SHA256=cb21c4e318497701271295decef47d97abb0ab0e8624f34752bf3f28624476d1,IMPHASH=de7b2e93092598989d339d3d21861f29","Hostname":"adablack-pc","Image":"C:\\Windows\\System32\\wbem\\WMIADAP.exe","IntegrityLevel":"System","Level":4,"LogonGuid":"{C784477D-642A-619E-E703-000000000000}","LogonId":"0x3e7","Message":"","OpcodeValue":0,"OriginalFileName":"wmicookr.dll","ParentCommandLine":"c:\\windows\\system32\\svchost.exe -k netsvcs -p -s Winmgmt","ParentImage":"C:\\Windows\\System32\\svchost.exe","ParentProcessGuid":"{C784477D-642B-619E-3600-000000003C00}","ParentProcessId":"2248","ProcessGuid":"{C784477D-7BD1-620A-1706-000000003C00}","ProcessID":2260,"ProcessId":"3344","Product":"Microsoft\\xae Windows\\xae Operating System","ProviderGuid":"{5770385F-C22A-43E0-BF4C-06F5698FFBD9}","RecordNumber":84572,"RuleName":"-","SourceName":"Microsoft-Windows-Sysmon","TerminalSessionId":"0","ThreadID":2428,"User":"NT AUTHORITY\\SYSTEM","UserID":"S-1-5-12-489622181-14434741-6080475150-196320","UtcTime":"2023-01-02 13:45:25.000","Version":5}
{"Channel":"Microsoft-Windows-Sysmon/Operational","CommandLine":"wmiadap.exe /F /T /R","Company":"Unknown","Computer":"DESKTOP-AB","CurrentDirectory":"C:\\Windows\\system32\\","Description":"WMI Reverse Performance Adapter Maintenance Utility","EventID":1,"FileVersion":"10.0.17134.982 (WinBuild.160101.0800)","Hashes":"MD5=b0c07250eb9ac884087cf6dcf3e23080,SHA256=7157f855f0a34d02eb08621e85685b127ec15af88c73dad88184cbaa367f929e,IMPHASH=b0c07250eb9ac884087cf6dcf3e23080","Hostname":"adablack-pc","Image":"C:\\Windows\\System32\\wbem\\WMIADAP.exe","IntegrityLevel":"System","Level":4,"LogonGuid":"{C784477D-642A-619E-E703-000000000000}","LogonId":"0x3e7","Message":"","OpcodeValue":0,"OriginalFileName":"wmicookr.dll","ParentCommandLine":"c:\\windows\\system32\\svchost.exe -k netsvcs -p -s Winmgmt","ParentImage":"C:\\Windows\\System32\\svchost.exe","ParentProcessGuid":"{C784477D-642B-619E-3600-000000003C00}","ParentProcessId":"2248","ProcessGuid":"{C784477D-7BD1-620A-1706-000000003C00}","ProcessID":2260,"ProcessId":"3344","Product":"Microsoft\\xae Windows\\xae Operating System","ProviderGuid":"{5770385F-C22A-43E0-BF4C-06F5698FFBD9}","RecordNumber":84572,"RuleName":"-","SourceName":"Microsoft-Windows-Sysmon","TerminalSessionId":"0","ThreadID":2428,"User":"NT AUTHORITY\\SYSTEM","UserID":"S-1-5-12-489622181-14434741-6080475150-196320","UtcTime":"2023-01-02 13:45:35.000","Version":5}
{"Channel":"Microsoft-Windows-Sysmon/Operational","CommandLine":"wmiadap.exe /F /T /R","Company":"Unknown","Computer":"DESKTOP-AB","CurrentDirectory":"C:\\Windows\\system32\\","Description":"WMI Reverse Performance Adapter Maintenance Utility","EventID":1,"FileVersion":"10.0.17134.982 (WinBuild.160101.0800)","Hashes":"MD5=7c26b4679a454b60eaa347dcb1f68783,SHA256=b4669dc886f5b67df13ed0486c072051e84504cbf1628475e911dce2139c9be7,IMPHASH=7c26b4679a454b60eaa347dcb1f68783","Hostname":"adablack-pc","Image":"C:\\Windows\\System32\\wbem\\WMIADAP.exe","IntegrityLevel":"System","Level":4,"LogonGuid":"{C784477D-642A-619E-E703-000000000000}","LogonId":"0x3e7","Message":"","OpcodeValue":0,"OriginalFileName":"wmicookr.dll","ParentCommandLine":"c:\\windows\\system32\\svchost.exe -k netsvcs -p -s Winmgmt","ParentImage":"C:\\Windows\\System32\\svchost.exe","ParentProcessGuid":"{C784477D-642B-619E-3600-000000003C00}","ParentProcessId":"2248","ProcessGuid":"{C784477D-7BD1-620A-1706-000000003C00}","ProcessID":2260,"ProcessId":"3344","Product":"Microsoft\\xae Windows\\xae Operating System","ProviderGuid":"{5770385F-C22A-43E0-BF4C-06F5698FFBD9}","RecordNumber":84572,"RuleName":"-","SourceName":"Microsoft-Windows-Sysmon","TerminalSessionId":"0","ThreadID":2428,"User":"NT AUTHORITY\\SYSTEM","UserID":"S-1-5-12-489622181-14434741-6080475150-196320","UtcTime":"2023-01-02 13:45:45.000","Version":5}
<14>Jan 02 13:55:50 adablack-pc Microsoft-Windows-Sysmon[2536]: {"EventTime":1672667750,"Hostname":"adablack-pc","Keywords":-9223372036854775808,"EventType":"INFO","SeverityValue":2,"Severity":"INFO","EventID":11,"SourceName":"Microsoft-Windows-Sysmon","ProviderGuid":"{5770385F-C22A-43E0-BF4C-06F5698FFBD9}","Version":2,"Task":11,"OpcodeValue":0,"RecordNumber":172295,"ProcessID":2536,"ThreadID":4116,"Channel":"Microsoft-Windows-Sysmon/Operational","Domain":"NT AUTHORITY","AccountName":"SYSTEM","UserID":"S-1-5-18","AccountType":"User","Message":"File created:\r\nRuleName: EXE\r\nUtcTime: 2023-01-02 13:55:49.009\r\nProcessGuid: {f31bccf6-6c25-63d5-9a13-000000001300}\r\nProcessId: 1708\r\nImage: C:\\Windows\\system32\\svchost.exe\r\nTargetFilename: C:\\ProgramData\\chocolatey\\bin\\cpack.exe\r\nCreationUtcTime: 2023-01-02 13:55:49.009\r\nUser: NT AUTHORITY\\SYSTEM","Category":"File created (rule: FileCreate)","Opcode":"Info","RuleName":"EXE","UtcTime":"2023-01-02 13:55:49.009","ProcessGuid":"{f31bccf6-6c25-63d5-9a13-000000001300}","Image":"C:\\Windows\\system32\\svchost.exe","TargetFilename":"C:\\ProgramData\\chocolatey\\bin\\cpack.exe","CreationUtcTime":"2023-01-02 13:55:49.009","User":"NT AUTHORITY\\SYSTEM","EventReceivedTime":1672667750,"SourceModuleName":"in_sysmon","SourceModuleType":"im_msvistalog"}
<14>Jan 02 13:55:50 adablack-pc Microsoft-Windows-Sysmon[2536]: {"EventTime":1672667750,"Hostname":"adablack-pc","Keywords":-9223372036854775808,"EventType":"INFO","SeverityValue":2,"Severity":"INFO","EventID":1,"SourceName":"Microsoft-Windows-Sysmon","ProviderGuid":"{5770385F-C22A-43E0-BF4C-06F5698FFBD9}","Version":5,"Task":1,"OpcodeValue":0,"RecordNumber":172296,"ProcessID":2536,"ThreadID":4116,"Channel":"Microsoft-Windows-Sysmon/Operational","Domain":"NT AUTHORITY","AccountName":"SYSTEM","UserID":"S-1-5-18","AccountType":"User","Message":"Process Create:\r\nRuleName: -\r\nUtcTime: 2023-01-02 13:55:49.095\r\nProcessGuid: {f31bccf6-6c31-63d5-a213-000000001300}\r\nProcessId: 2212\r\nImage: C:\\ProgramData\\chocolatey\\bin\\cpack.exe\r\nFileVersion: 1.381.2831.0\r\nDescription: Unknown\r\nProduct: Unknown\r\nCompany: Unknown\r\nOriginalFileName: cpack.exe\r\nCommandLine: \"C:\\ProgramData\\chocolatey\\bin\\cpack.exe\" /q\r\nCurrentDirectory: C:\\Windows\\\r\nUser: NT AUTHORITY\\SYSTEM\r\nLogonGuid: {f31bccf6-85c0-63bf-e703-000000000000}\r\nLogonId: 0x3E7\r\nTerminalSessionId: 0\r\nIntegrityLevel: System\r\nHashes: MD5=C5DD47CAB7CF035086437C55388FC77B,SHA256=7C08C3397652DA390CF024A30FF5605174A88814BAA150CAABCCF90CB75AC490,IMPHASH=3F64CCD36811AE430F30299CDFA05AC1\r\nParentProcessGuid: {f31bccf6-6c30-63d5-a113-000000001300}\r\nParentProcessId: 6708\r\nParentImage: C:\\Users\\user\\Desktop\\lMMk.exe\r\nParentCommandLine: \"C:\\Users\\user\\Desktop\\lMMk.exe\"\r\nParentUser: NT AUTHORITY\\SYSTEM","Category":"Process Create (rule: ProcessCreate)","Opcode":"Info","RuleName":"-","UtcTime":"2023-01-02 13:55:49.095","ProcessGuid":"{f31bccf6-6c31-63d5-a213-000000001300}","Image":"C:\\ProgramData\\chocolatey\\bin\\cpack.exe","FileVersion":"1.381.2831.0","Description":"Unknown","Product":"Unknown","Company":"Unknown","OriginalFileName":"cpack.exe","CommandLine":"\"C:\\ProgramData\\chocolatey\\bin\\cpack.exe\" /q","CurrentDirectory":"C:\\Windows\\","User":"NT AUTHORITY\\SYSTEM","LogonGuid":"{f31bccf6-85c0-63bf-e703-000000000000}","LogonId":"0x3e7","TerminalSessionId":"0","IntegrityLevel":"System","Hashes":"MD5=C5DD47CAB7CF035086437C55388FC77B,SHA256=7C08C3397652DA390CF024A30FF5605174A88814BAA150CAABCCF90CB75AC490,IMPHASH=3F64CCD36811AE430F30299CDFA05AC1","ParentProcessGuid":"{f31bccf6-6c30-63d5-a113-000000001300}","ParentProcessId":"6708","ParentImage":"C:\\Users\\user\\Desktop\\lMMk.exe","ParentCommandLine":"\"C:\\Users\\user\\Desktop\\lMMk.exe\"","ParentUser":"NT AUTHORITY\\SYSTEM","EventReceivedTime":1672667750,"SourceModuleName":"in_sysmon","SourceModuleType":"im_msvistalog"}
<14>Jan 02 13:55:50 adablack-pc Microsoft-Windows-Sysmon[2536]: {"EventTime":1672667750,"Hostname":"adablack-pc","Keywords":-9223372036854775808,"EventType":"INFO","SeverityValue":2,"Severity":"INFO","EventID":1,"SourceName":"Microsoft-Windows-Sysmon","ProviderGuid":"{5770385F-C22A-43E0-BF4C-06F5698FFBD9}","Version":5,"Task":1,"OpcodeValue":0,"RecordNumber":172297,"ProcessID":2536,"ThreadID":4116,"Channel":"Microsoft-Windows-Sysmon/Operational","Domain":"NT AUTHORITY","AccountName":"SYSTEM","UserID":"S-1-5-18","AccountType":"User","Message":"Process Create:\r\nRuleName: -\r\nUtcTime: 2023-01-02 13:55:49.137\r\nProcessGuid: {f31bccf6-6c31-63d5-a313-000000001300}\r\nProcessId: 6160\r\nImage: C:\\Users\\user\\Desktop\\lQos.exe\r\nFileVersion: 1.1.18500.10\r\nDescription: Unknown\r\nProduct: Unknown\r\nCompany: Unknown\r\nOriginalFileName: lQos.exe\r\nCommandLine: C:\\Users\\user\\Desktop\\lQos.exe /payload 1 /program C:\\ProgramData\\chocolatey\\bin\\cpack.exe /q\r\nCurrentDirectory: C:\\Windows\\Temp\\C1910641-5593-45DE-80D5-B610E62D46E0-Sigs\\\r\nUser: NT AUTHORITY\\SYSTEM\r\nLogonGuid: {f31bccf6-85c0-63bf-e703-000000000000}\r\nLogonId: 0x3E7\r\nTerminalSessionId: 0\r\nIntegrityLevel: System\r\nHashes: MD5=D109A3F9CAF745760D6F91FD54F9B84D,SHA256=528763A14BB18434D5B233F0426FF56B5088757385DC93AF9F79F37FE66BDAD5,IMPHASH=5A3F3B4DFE1A07B4B654D768CBFC3D0F\r\nParentProcessGuid: {f31bccf6-6c31-63d5-a213-000000001300}\r\nParentProcessId: 2212\r\nParentImage: C:\\ProgramData\\chocolatey\\bin\\cpack.exe\r\nParentCommandLine: \"C:\\ProgramData\\chocolatey\\bin\\cpack.exe\" /q\r\nParentUser: NT AUTHORITY\\SYSTEM","Category":"Process Create (rule: ProcessCreate)","Opcode":"Info","RuleName":"-","UtcTime":"2023-01-02 13:55:49.137","ProcessGuid":"{f31bccf6-6c31-63d5-a313-000000001300}","Image":"C:\\Users\\user\\Desktop\\lQos.exe","FileVersion":"1.1.18500.10","Description":"Unknown","Product":"Unknown","Company":"Unknown","OriginalFileName":"lQos.exe","CommandLine":"C:\\Users\\user\\Desktop\\lQos.exe /payload 1 /program C:\\ProgramData\\chocolatey\\bin\\cpack.exe /q","CurrentDirectory":"C:\\Windows\\Temp\\C1910641-5593-45DE-80D5-B610E62D46E0-Sigs\\","User":"NT AUTHORITY\\SYSTEM","LogonGuid":"{f31bccf6-85c0-63bf-e703-000000000000}","LogonId":"0x3e7","TerminalSessionId":"0","IntegrityLevel":"System","Hashes":"MD5=D109A3F9CAF745760D6F91FD54F9B84D,SHA256=528763A14BB18434D5B233F0426FF56B5088757385DC93AF9F79F37FE66BDAD5,IMPHASH=5A3F3B4DFE1A07B4B654D768CBFC3D0F","ParentProcessGuid":"{f31bccf6-6c31-63d5-a213-000000001300}","ParentProcessId":"2212","ParentImage":"C:\\ProgramData\\chocolatey\\bin\\cpack.exe","ParentCommandLine":"\"C:\\ProgramData\\chocolatey\\bin\\cpack.exe\" /q","ParentUser":"NT AUTHORITY\\SYSTEM","EventReceivedTime":1672667750,"SourceModuleName":"in_sysmon","SourceModuleType":"im_msvistalog"}
<14>Jan  2 13:55:51 adablack-pc Microsoft-Windows-Sysmon[2568]: {"EventTime":1672667751,"Hostname":"adablack-pc","Keywords":-9223372036854775808,"EventType":"INFO","SeverityValue":2,"Severity":"INFO","EventID":22,"SourceName":"Microsoft-Windows-Sysmon","ProviderGuid":"{5770385F-C22A-43E0-BF4C-06F5698FFBD9}","Version":5,"Task":22,"OpcodeValue":0,"RecordNumber":72965,"ProcessID":2568,"ThreadID":3360,"Channel":"Microsoft-Windows-Sysmon/Operational","Domain":"NT AUTHORITY","AccountName":"SYSTEM","UserID":"S-1-5-18","AccountType":"User","Message":"Dns query:\r\nRuleName: -\r\nUtcTime: 2023-01-02 13:55:51.930480\r\nProcessGuid: {6b7cbb53-3452-62c8-f800-000000000e00}\r\nProcessId: 5148\r\nQueryName: api.bitcoincharts.com\r\nQueryStatus: 0\r\nQueryResults: ::ffff:144.76.195.253;\r\nImage: C:\\ProgramData\\chocolatey\\bin\\cpack.exe\r\nUser: SG\\adablack","Category":"Dns query (rule: DnsQuery)","Opcode":"Info","RuleName":"-","UtcTime":"2023-01-02 13:55:51.930480","ProcessGuid":"{6b7cbb53-3452-62c8-f800-000000000e00}","QueryName":"api.bitcoincharts.com","QueryStatus":"0","QueryResults":"::ffff:144.76.195.253;","Image":"C:\\ProgramData\\chocolatey\\bin\\cpack.exe","User":"SG\\adablack","EventReceivedTime":1672667751,"SourceModuleName":"in_sysmon","SourceModuleType":"im_msvistalog"}
<14>Jan  2 13:34:32 adablack-pc Microsoft-Windows-Sysmon[3336]: {"EventTime":1672666452,"Hostname":"adablack-pc","Keywords":-9223372036854775808,"EventType":"INFO","SeverityValue":2,"Severity":"INFO","EventID":1,"SourceName":"Microsoft-Windows-Sysmon","ProviderGuid":"{5770385F-C22A-43E0-BF4C-06F5698FFBD9}","Version":5,"Task":1,"OpcodeValue":0,"RecordNumber":1400739,"ProcessID":3336,"ThreadID":4784,"Channel":"Microsoft-Windows-Sysmon/Operational","Domain":"NT AUTHORITY","AccountName":"SYSTEM","UserID":"S-1-5-18","AccountType":"User","Message":"Process Create:\r\nRuleName: -\r\nUtcTime: 2023-01-02 13:34:12.780\r\nProcessGuid: {94303caa-bbd4-63db-9201-000000001400}\r\nProcessId: 6976\r\nImage: C:\\Windows\\System32\\curl.exe\r\nFileVersion: 7.83.1\r\nDescription: The curl executable\r\nProduct: The curl executable\r\nCompany: curl, https://curl.se/\r\nOriginalFileName: curl.exe\r\nCommandLine: curl  http://23.129.64.138/tor/server/fp/9423a72bbc8b5c6ac9de9f57735eb2b08e4156e8\r\nCurrentDirectory: C:\\Windows\\system32\\\r\nUser: SG\\adablack\r\nLogonGuid: {94303caa-b404-63db-de10-070000000000}\r\nLogonId: 0x710DE\r\nTerminalSessionId: 2\r\nIntegrityLevel: High\r\nHashes: SHA256=D76D08C04DFA434DE033CA220456B5B87E6B3F0108667BD61304142C54ADDBE4\r\nParentProcessGuid: {94303caa-b691-63db-3201-000000001400}\r\nParentProcessId: 1788\r\nParentImage: C:\\Windows\\System32\\cmd.exe\r\nParentCommandLine: \"C:\\Windows\\system32\\cmd.exe\" \r\nParentUser: SG\\adablack","Category":"Process Create (rule: ProcessCreate)","Opcode":"Info","RuleName":"-","UtcTime":"2023-01-02 13:34:12.780","ProcessGuid":"{94303caa-bbd4-63db-9201-000000001400}","Image":"C:\\Windows\\System32\\curl.exe","FileVersion":"7.83.1","Description":"The curl executable","Product":"The curl executable","Company":"curl, https://curl.se/","OriginalFileName":"curl.exe","CommandLine":"curl  http://23.129.64.138/tor/server/fp/9423a72bbc8b5c6ac9de9f57735eb2b08e4156e8","CurrentDirectory":"C:\\Windows\\system32\\","User":"SG\\adablack","LogonGuid":"{94303caa-b404-63db-de10-070000000000}","LogonId":"0x710de","TerminalSessionId":"2","IntegrityLevel":"High","Hashes":"SHA256=D76D08C04DFA434DE033CA220456B5B87E6B3F0108667BD61304142C54ADDBE4","ParentProcessGuid":"{94303caa-b691-63db-3201-000000001400}","ParentProcessId":"1788","ParentImage":"C:\\Windows\\System32\\cmd.exe","ParentCommandLine":"\"C:\\Windows\\system32\\cmd.exe\" ","ParentUser":"SG\\adablack","EventReceivedTime":1672666472,"SourceModuleName":"in_sysmon","SourceModuleType":"im_msvistalog"}
