<14>Mar  3 17:49:16 win-server.lunarstiiiness.com Microsoft-Windows-Sysmon[1288]: {"EventTime":1677865756,"Hostname":"win-server.lunarstiiiness.com","Keywords":-9223372036854775808,"EventType":"INFO","SeverityValue":2,"Severity":"INFO","EventID":13,"SourceName":"Microsoft-Windows-Sysmon","ProviderGuid":"{5770385F-C22A-43E0-BF4C-06F5698FFBD9}","Version":2,"Task":13,"OpcodeValue":0,"RecordNumber":953422,"ProcessID":1288,"ThreadID":2884,"Channel":"Microsoft-Windows-Sysmon/Operational","Domain":"NT AUTHORITY","AccountName":"SYSTEM","UserID":"S-1-5-18","AccountType":"User","Message":"Registry value set:\r\nRuleName: technique_id=T1543,technique_name=Service Creation\r\nEventType: SetValue\r\nUtcTime: 2023-03-03 17:49:16.298\r\nProcessGuid: {BE59402F-260D-6402-1300-000000001900}\r\nProcessId: 924\r\nImage: C:\\Windows\\system32\\svchost.exe\r\nTargetObject: HKLM\\System\\CurrentControlSet\\Services\\w32time\\Config\\LastKnownGoodTime\r\nDetails: QWORD (0x01d94df8-0x79181118)\r\nUser: NT AUTHORITY\\LOCAL SERVICE","Category":"Registry value set (rule: RegistryEvent)","Opcode":"Info","RuleName":"technique_id=T1543,technique_name=Service Creation","UtcTime":"2023-03-03 17:49:16.298","ProcessGuid":"{BE59402F-260D-6402-1300-000000001900}","Image":"C:\\Windows\\system32\\svchost.exe","TargetObject":"HKLM\\System\\CurrentControlSet\\Services\\w32time\\Config\\LastKnownGoodTime","Details":"QWORD (0x01d94df8-0x79181118)","User":"NT AUTHORITY\\LOCAL SERVICE","EventReceivedTime":1677865756,"SourceModuleName":"in_sysmon","SourceModuleType":"im_msvistalog"}
<14>Mar  3 17:49:32 win-server.lunarstiiiness.com Microsoft-Windows-Sysmon[1288]: {"EventTime":1677865772,"Hostname":"win-server.lunarstiiiness.com","Keywords":-9223372036854775808,"EventType":"INFO","SeverityValue":2,"Severity":"INFO","EventID":13,"SourceName":"Microsoft-Windows-Sysmon","ProviderGuid":"{5770385F-C22A-43E0-BF4C-06F5698FFBD9}","Version":2,"Task":13,"OpcodeValue":0,"RecordNumber":954049,"ProcessID":1288,"ThreadID":2884,"Channel":"Microsoft-Windows-Sysmon/Operational","Domain":"NT AUTHORITY","AccountName":"SYSTEM","UserID":"S-1-5-18","AccountType":"User","Message":"Registry value set:\r\nRuleName: technique_id=T1543,technique_name=Service Creation\r\nEventType: SetValue\r\nUtcTime: 2023-03-03 17:49:32.311\r\nProcessGuid: {BE59402F-260D-6402-1300-000000001900}\r\nProcessId: 924\r\nImage: C:\\Windows\\system32\\svchost.exe\r\nTargetObject: HKLM\\System\\CurrentControlSet\\Services\\w32time\\Config\\LastKnownGoodTime\r\nDetails: QWORD (0x01d94df8-0x82a369f4)\r\nUser: NT AUTHORITY\\LOCAL SERVICE","Category":"Registry value set (rule: RegistryEvent)","Opcode":"Info","RuleName":"technique_id=T1543,technique_name=Service Creation","UtcTime":"2023-03-03 17:49:32.311","ProcessGuid":"{BE59402F-260D-6402-1300-000000001900}","Image":"C:\\Windows\\system32\\svchost.exe","TargetObject":"HKLM\\System\\CurrentControlSet\\Services\\w32time\\Config\\LastKnownGoodTime","Details":"QWORD (0x01d94df8-0x82a369f4)","User":"NT AUTHORITY\\LOCAL SERVICE","EventReceivedTime":1677865772,"SourceModuleName":"in_sysmon","SourceModuleType":"im_msvistalog"}
<14>Mar  3 17:55:49 win-server.lunarstiiiness.com Microsoft-Windows-Sysmon[1288]: {"EventTime":1677866147,"Hostname":"win-server.lunarstiiiness.com","Keywords":-9223372036854775808,"EventType":"INFO","SeverityValue":2,"Severity":"INFO","EventID":23,"SourceName":"Microsoft-Windows-Sysmon","ProviderGuid":"{5770385F-C22A-43E0-BF4C-06F5698FFBD9}","Version":5,"Task":23,"OpcodeValue":0,"RecordNumber":966471,"ProcessID":1288,"ThreadID":2884,"Channel":"Microsoft-Windows-Sysmon/Operational","Domain":"NT AUTHORITY","AccountName":"SYSTEM","UserID":"S-1-5-18","AccountType":"User","Message":"File Delete archived:\r\nRuleName: Scripts and payloads\r\nUtcTime: 2023-03-03 17:55:47.984\r\nProcessGuid: {BE59402F-32BE-6402-BC01-000000001900}\r\nProcessId: 5552\r\nUser: LUNARSTIIINESS\\tim.smith_admin\r\nImage: C:\\Windows\\system32\\WindowsPowerShell\\v1.0\\PowerShell_ISE.exe\r\nTargetFilename: C:\\Users\\tim.smith_admin\\AppData\\Local\\Microsoft_Corporation\\PowerShell_ISE.exe_StrongName_lw2v2vm3wmtzzpebq33gybmeoxukb04w\\3.0.0.0\\AutoSaveFiles\\AutoSaved_9a654d4d-6709-4028-a2f6-139654555048_Untitled1.ps1\r\nHashes: SHA1=EBD47501F58AC433D6D96E055426784511941E99,MD5=3CA4A2F253927FC58788A50E71D48EA3,SHA256=589FB542255554014411EF6D548DD7FA4F3D04EB2BB5C8245B4007BA622F1893,IMPHASH=00000000000000000000000000000000\r\nIsExecutable: false\r\nArchived: false - insufficient disk space","Category":"File Delete archived (rule: FileDelete)","Opcode":"Info","RuleName":"Scripts and payloads","UtcTime":"2023-03-03 17:55:47.984","ProcessGuid":"{BE59402F-32BE-6402-BC01-000000001900}","User":"LUNARSTIIINESS\\tim.smith_admin","Image":"C:\\Windows\\system32\\WindowsPowerShell\\v1.0\\PowerShell_ISE.exe","TargetFilename":"C:\\Users\\tim.smith_admin\\AppData\\Local\\Microsoft_Corporation\\PowerShell_ISE.exe_StrongName_lw2v2vm3wmtzzpebq33gybmeoxukb04w\\3.0.0.0\\AutoSaveFiles\\AutoSaved_9a654d4d-6709-4028-a2f6-139654555048_Untitled1.ps1","Hashes":"SHA1=EBD47501F58AC433D6D96E055426784511941E99,MD5=3CA4A2F253927FC58788A50E71D48EA3,SHA256=589FB542255554014411EF6D548DD7FA4F3D04EB2BB5C8245B4007BA622F1893,IMPHASH=00000000000000000000000000000000","IsExecutable":"false","Archived":"false - insufficient disk space","EventReceivedTime":1677866149,"SourceModuleName":"in_sysmon","SourceModuleType":"im_msvistalog"}
<14>Mar  3 17:56:22 win-server.lunarstiiiness.com Microsoft-Windows-Sysmon[1288]: {"EventTime":1677866180,"Hostname":"win-server.lunarstiiiness.com","Keywords":-9223372036854775808,"EventType":"INFO","SeverityValue":2,"Severity":"INFO","EventID":7,"SourceName":"Microsoft-Windows-Sysmon","ProviderGuid":"{5770385F-C22A-43E0-BF4C-06F5698FFBD9}","Version":3,"Task":7,"OpcodeValue":0,"RecordNumber":967868,"ProcessID":1288,"ThreadID":2888,"Channel":"Microsoft-Windows-Sysmon/Operational","Domain":"NT AUTHORITY","AccountName":"SYSTEM","UserID":"S-1-5-18","AccountType":"User","Message":"Image loaded:\r\nRuleName: -\r\nUtcTime: 2023-03-03 17:56:20.744\r\nProcessGuid: {BE59402F-34C3-6402-CC01-000000001900}\r\nProcessId: 4576\r\nImage: C:\\Windows\\SystemApps\\ShellExperienceHost_cw5n1h2txyewy\\ShellExperienceHost.exe\r\nImageLoaded: C:\\Windows\\System32\\urlmon.dll\r\nFileVersion: 11.00.14393.5582 (rs1_release.221130-1719)\r\nDescription: OLE32 Extensions for Win32\r\nProduct: Internet Explorer\r\nCompany: Microsoft Corporation\r\nOriginalFileName: UrlMon.dll\r\nHashes: SHA1=C04C26B634733A5132FEB47281829DA870E481F2,MD5=A99B52D97035B13B4C06366E1ABE05E7,SHA256=4009730BE3CE17F80A98BEB323FFF3626AF02B7EAE64601B2A0BEF8B87145E9F,IMPHASH=B5AFB93FCF976F12D390F994AD9F4967\r\nSigned: true\r\nSignature: Microsoft Windows\r\nSignatureStatus: Valid\r\nUser: LUNARSTIIINESS\\tim.smith_admin","Category":"Image loaded (rule: ImageLoad)","Opcode":"Info","RuleName":"-","UtcTime":"2023-03-03 17:56:20.744","ProcessGuid":"{BE59402F-34C3-6402-CC01-000000001900}","Image":"C:\\Windows\\SystemApps\\ShellExperienceHost_cw5n1h2txyewy\\ShellExperienceHost.exe","ImageLoaded":"C:\\Windows\\System32\\urlmon.dll","FileVersion":"11.00.14393.5582 (rs1_release.221130-1719)","Description":"OLE32 Extensions for Win32","Product":"Internet Explorer","Company":"Microsoft Corporation","OriginalFileName":"UrlMon.dll","Hashes":"SHA1=C04C26B634733A5132FEB47281829DA870E481F2,MD5=A99B52D97035B13B4C06366E1ABE05E7,SHA256=4009730BE3CE17F80A98BEB323FFF3626AF02B7EAE64601B2A0BEF8B87145E9F,IMPHASH=B5AFB93FCF976F12D390F994AD9F4967","Signed":"true","Signature":"Microsoft Windows","SignatureStatus":"Valid","User":"LUNARSTIIINESS\\tim.smith_admin","EventReceivedTime":1677866182,"SourceModuleName":"in_sysmon","SourceModuleType":"im_msvistalog"}
<14>Mar  3 17:56:22 win-server.lunarstiiiness.com Microsoft-Windows-Sysmon[1288]: {"EventTime":1677866180,"Hostname":"win-server.lunarstiiiness.com","Keywords":-9223372036854775808,"EventType":"INFO","SeverityValue":2,"Severity":"INFO","EventID":17,"SourceName":"Microsoft-Windows-Sysmon","ProviderGuid":"{5770385F-C22A-43E0-BF4C-06F5698FFBD9}","Version":1,"Task":17,"OpcodeValue":0,"RecordNumber":967869,"ProcessID":1288,"ThreadID":2884,"Channel":"Microsoft-Windows-Sysmon/Operational","Domain":"NT AUTHORITY","AccountName":"SYSTEM","UserID":"S-1-5-18","AccountType":"User","Message":"Pipe Created:\r\nRuleName: -\r\nEventType: CreatePipe\r\nUtcTime: 2023-03-03 17:56:20.819\r\nProcessGuid: {BE59402F-2612-6402-2800-000000001900}\r\nProcessId: 1396\r\nPipeName: \\TDLN-4576-41\r\nImage: C:\\Windows\\system32\\svchost.exe\r\nUser: NT AUTHORITY\\SYSTEM","Category":"Pipe Created (rule: PipeEvent)","Opcode":"Info","RuleName":"-","UtcTime":"2023-03-03 17:56:20.819","ProcessGuid":"{BE59402F-2612-6402-2800-000000001900}","PipeName":"\\TDLN-4576-41","Image":"C:\\Windows\\system32\\svchost.exe","User":"NT AUTHORITY\\SYSTEM","EventReceivedTime":1677866182,"SourceModuleName":"in_sysmon","SourceModuleType":"im_msvistalog"}
<14>Mar  3 17:56:27 win-server.lunarstiiiness.com Microsoft-Windows-Sysmon[1288]: {"EventTime":1677866186,"Hostname":"win-server.lunarstiiiness.com","Keywords":-9223372036854775808,"EventType":"INFO","SeverityValue":2,"Severity":"INFO","EventID":12,"SourceName":"Microsoft-Windows-Sysmon","ProviderGuid":"{5770385F-C22A-43E0-BF4C-06F5698FFBD9}","Version":2,"Task":12,"OpcodeValue":0,"RecordNumber":968003,"ProcessID":1288,"ThreadID":2884,"Channel":"Microsoft-Windows-Sysmon/Operational","Domain":"NT AUTHORITY","AccountName":"SYSTEM","UserID":"S-1-5-18","AccountType":"User","Message":"Registry object added or deleted:\r\nRuleName: -\r\nEventType: CreateKey\r\nUtcTime: 2023-03-03 17:56:26.403\r\nProcessGuid: {BE59402F-2E41-6402-F900-000000001900}\r\nProcessId: 4368\r\nImage: C:\\Windows\\Explorer.EXE\r\nTargetObject: HKU\\S-1-5-21-3263964631-4121654051-1417071188-1116\\SOFTWARE\\Microsoft\\Internet Explorer\\Toolbar\r\nUser: LUNARSTIIINESS\\tim.smith_admin","Category":"Registry object added or deleted (rule: RegistryEvent)","Opcode":"Info","RuleName":"-","UtcTime":"2023-03-03 17:56:26.403","ProcessGuid":"{BE59402F-2E41-6402-F900-000000001900}","Image":"C:\\Windows\\Explorer.EXE","TargetObject":"HKU\\S-1-5-21-3263964631-4121654051-1417071188-1116\\SOFTWARE\\Microsoft\\Internet Explorer\\Toolbar","User":"LUNARSTIIINESS\\tim.smith_admin","EventReceivedTime":1677866187,"SourceModuleName":"in_sysmon","SourceModuleType":"im_msvistalog"}
<14>Mar  3 17:56:28 win-server.lunarstiiiness.com Microsoft-Windows-Sysmon[1288]: {"EventTime":1677866187,"Hostname":"win-server.lunarstiiiness.com","Keywords":-9223372036854775808,"EventType":"INFO","SeverityValue":2,"Severity":"INFO","EventID":12,"SourceName":"Microsoft-Windows-Sysmon","ProviderGuid":"{5770385F-C22A-43E0-BF4C-06F5698FFBD9}","Version":2,"Task":12,"OpcodeValue":0,"RecordNumber":968013,"ProcessID":1288,"ThreadID":2884,"Channel":"Microsoft-Windows-Sysmon/Operational","Domain":"NT AUTHORITY","AccountName":"SYSTEM","UserID":"S-1-5-18","AccountType":"User","Message":"Registry object added or deleted:\r\nRuleName: -\r\nEventType: CreateKey\r\nUtcTime: 2023-03-03 17:56:27.403\r\nProcessGuid: {BE59402F-2E41-6402-F900-000000001900}\r\nProcessId: 4368\r\nImage: C:\\Windows\\Explorer.EXE\r\nTargetObject: HKU\\S-1-5-21-3263964631-4121654051-1417071188-1116\\SOFTWARE\\Microsoft\\Internet Explorer\\Toolbar\r\nUser: LUNARSTIIINESS\\tim.smith_admin","Category":"Registry object added or deleted (rule: RegistryEvent)","Opcode":"Info","RuleName":"-","UtcTime":"2023-03-03 17:56:27.403","ProcessGuid":"{BE59402F-2E41-6402-F900-000000001900}","Image":"C:\\Windows\\Explorer.EXE","TargetObject":"HKU\\S-1-5-21-3263964631-4121654051-1417071188-1116\\SOFTWARE\\Microsoft\\Internet Explorer\\Toolbar","User":"LUNARSTIIINESS\\tim.smith_admin","EventReceivedTime":1677866188,"SourceModuleName":"in_sysmon","SourceModuleType":"im_msvistalog"}
<14>Mar  3 17:56:28 win-server.lunarstiiiness.com Microsoft-Windows-Sysmon[1288]: {"EventTime":1677866187,"Hostname":"win-server.lunarstiiiness.com","Keywords":-9223372036854775808,"EventType":"INFO","SeverityValue":2,"Severity":"INFO","EventID":18,"SourceName":"Microsoft-Windows-Sysmon","ProviderGuid":"{5770385F-C22A-43E0-BF4C-06F5698FFBD9}","Version":1,"Task":18,"OpcodeValue":0,"RecordNumber":968005,"ProcessID":1288,"ThreadID":2884,"Channel":"Microsoft-Windows-Sysmon/Operational","Domain":"NT AUTHORITY","AccountName":"SYSTEM","UserID":"S-1-5-18","AccountType":"User","Message":"Pipe Connected:\r\nRuleName: -\r\nEventType: ConnectPipe\r\nUtcTime: 2023-03-03 17:56:27.150\r\nProcessGuid: {BE59402F-260D-6402-1100-000000001900}\r\nProcessId: 880\r\nPipeName: \\TSVCPIPE-f3852d7e-2d23-46f8-9aac-935cfbb4babb\r\nImage: C:\\Windows\\System32\\svchost.exe\r\nUser: NT AUTHORITY\\NETWORK SERVICE","Category":"Pipe Connected (rule: PipeEvent)","Opcode":"Info","RuleName":"-","UtcTime":"2023-03-03 17:56:27.150","ProcessGuid":"{BE59402F-260D-6402-1100-000000001900}","PipeName":"\\TSVCPIPE-f3852d7e-2d23-46f8-9aac-935cfbb4babb","Image":"C:\\Windows\\System32\\svchost.exe","User":"NT AUTHORITY\\NETWORK SERVICE","EventReceivedTime":1677866188,"SourceModuleName":"in_sysmon","SourceModuleType":"im_msvistalog"}
<14>Mar  3 17:56:28 win-server.lunarstiiiness.com Microsoft-Windows-Sysmon[1288]: {"EventTime":1677866187,"Hostname":"win-server.lunarstiiiness.com","Keywords":-9223372036854775808,"EventType":"INFO","SeverityValue":2,"Severity":"INFO","EventID":17,"SourceName":"Microsoft-Windows-Sysmon","ProviderGuid":"{5770385F-C22A-43E0-BF4C-06F5698FFBD9}","Version":1,"Task":17,"OpcodeValue":0,"RecordNumber":968004,"ProcessID":1288,"ThreadID":2884,"Channel":"Microsoft-Windows-Sysmon/Operational","Domain":"NT AUTHORITY","AccountName":"SYSTEM","UserID":"S-1-5-18","AccountType":"User","Message":"Pipe Created:\r\nRuleName: -\r\nEventType: CreatePipe\r\nUtcTime: 2023-03-03 17:56:27.150\r\nProcessGuid: {BE59402F-260D-6402-1100-000000001900}\r\nProcessId: 880\r\nPipeName: \\TSVCPIPE-f3852d7e-2d23-46f8-9aac-935cfbb4babb\r\nImage: C:\\Windows\\System32\\svchost.exe\r\nUser: NT AUTHORITY\\NETWORK SERVICE","Category":"Pipe Created (rule: PipeEvent)","Opcode":"Info","RuleName":"-","UtcTime":"2023-03-03 17:56:27.150","ProcessGuid":"{BE59402F-260D-6402-1100-000000001900}","PipeName":"\\TSVCPIPE-f3852d7e-2d23-46f8-9aac-935cfbb4babb","Image":"C:\\Windows\\System32\\svchost.exe","User":"NT AUTHORITY\\NETWORK SERVICE","EventReceivedTime":1677866188,"SourceModuleName":"in_sysmon","SourceModuleType":"im_msvistalog"}
<14>Mar  3 17:56:29 win-server.lunarstiiiness.com Microsoft-Windows-Sysmon[1288]: {"EventTime":1677866188,"Hostname":"win-server.lunarstiiiness.com","Keywords":-9223372036854775808,"EventType":"INFO","SeverityValue":2,"Severity":"INFO","EventID":12,"SourceName":"Microsoft-Windows-Sysmon","ProviderGuid":"{5770385F-C22A-43E0-BF4C-06F5698FFBD9}","Version":2,"Task":12,"OpcodeValue":0,"RecordNumber":968039,"ProcessID":1288,"ThreadID":2884,"Channel":"Microsoft-Windows-Sysmon/Operational","Domain":"NT AUTHORITY","AccountName":"SYSTEM","UserID":"S-1-5-18","AccountType":"User","Message":"Registry object added or deleted:\r\nRuleName: technique_id=T1543,technique_name=Service Creation\r\nEventType: DeleteKey\r\nUtcTime: 2023-03-03 17:56:28.481\r\nProcessGuid: {BE59402F-260B-6402-0A00-000000001900}\r\nProcessId: 528\r\nImage: C:\\Windows\\system32\\services.exe\r\nTargetObject: HKLM\\System\\CurrentControlSet\\Services\\UnistoreSvc_db3485\r\nUser: NT AUTHORITY\\SYSTEM","Category":"Registry object added or deleted (rule: RegistryEvent)","Opcode":"Info","RuleName":"technique_id=T1543,technique_name=Service Creation","UtcTime":"2023-03-03 17:56:28.481","ProcessGuid":"{BE59402F-260B-6402-0A00-000000001900}","Image":"C:\\Windows\\system32\\services.exe","TargetObject":"HKLM\\System\\CurrentControlSet\\Services\\UnistoreSvc_db3485","User":"NT AUTHORITY\\SYSTEM","EventReceivedTime":1677866189,"SourceModuleName":"in_sysmon","SourceModuleType":"im_msvistalog"}
<14>Mar  3 17:56:29 win-server.lunarstiiiness.com Microsoft-Windows-Sysmon[1288]: {"EventTime":1677866188,"Hostname":"win-server.lunarstiiiness.com","Keywords":-9223372036854775808,"EventType":"INFO","SeverityValue":2,"Severity":"INFO","EventID":12,"SourceName":"Microsoft-Windows-Sysmon","ProviderGuid":"{5770385F-C22A-43E0-BF4C-06F5698FFBD9}","Version":2,"Task":12,"OpcodeValue":0,"RecordNumber":968033,"ProcessID":1288,"ThreadID":2884,"Channel":"Microsoft-Windows-Sysmon/Operational","Domain":"NT AUTHORITY","AccountName":"SYSTEM","UserID":"S-1-5-18","AccountType":"User","Message":"Registry object added or deleted:\r\nRuleName: technique_id=T1543,technique_name=Service Creation\r\nEventType: DeleteKey\r\nUtcTime: 2023-03-03 17:56:28.481\r\nProcessGuid: {BE59402F-260B-6402-0A00-000000001900}\r\nProcessId: 528\r\nImage: C:\\Windows\\system32\\services.exe\r\nTargetObject: HKLM\\System\\CurrentControlSet\\Services\\CDPUserSvc_db3485\r\nUser: NT AUTHORITY\\SYSTEM","Category":"Registry object added or deleted (rule: RegistryEvent)","Opcode":"Info","RuleName":"technique_id=T1543,technique_name=Service Creation","UtcTime":"2023-03-03 17:56:28.481","ProcessGuid":"{BE59402F-260B-6402-0A00-000000001900}","Image":"C:\\Windows\\system32\\services.exe","TargetObject":"HKLM\\System\\CurrentControlSet\\Services\\CDPUserSvc_db3485","User":"NT AUTHORITY\\SYSTEM","EventReceivedTime":1677866189,"SourceModuleName":"in_sysmon","SourceModuleType":"im_msvistalog"}
<14>Mar  3 17:56:30 win-server.lunarstiiiness.com Microsoft-Windows-Sysmon[1288]: {"EventTime":1677866188,"Hostname":"win-server.lunarstiiiness.com","Keywords":-9223372036854775808,"EventType":"INFO","SeverityValue":2,"Severity":"INFO","EventID":12,"SourceName":"Microsoft-Windows-Sysmon","ProviderGuid":"{5770385F-C22A-43E0-BF4C-06F5698FFBD9}","Version":2,"Task":12,"OpcodeValue":0,"RecordNumber":968043,"ProcessID":1288,"ThreadID":2884,"Channel":"Microsoft-Windows-Sysmon/Operational","Domain":"NT AUTHORITY","AccountName":"SYSTEM","UserID":"S-1-5-18","AccountType":"User","Message":"Registry object added or deleted:\r\nRuleName: technique_id=T1543,technique_name=Service Creation\r\nEventType: DeleteKey\r\nUtcTime: 2023-03-03 17:56:28.481\r\nProcessGuid: {BE59402F-260B-6402-0A00-000000001900}\r\nProcessId: 528\r\nImage: C:\\Windows\\system32\\services.exe\r\nTargetObject: HKLM\\System\\CurrentControlSet\\Services\\WpnUserService_db3485\r\nUser: NT AUTHORITY\\SYSTEM","Category":"Registry object added or deleted (rule: RegistryEvent)","Opcode":"Info","RuleName":"technique_id=T1543,technique_name=Service Creation","UtcTime":"2023-03-03 17:56:28.481","ProcessGuid":"{BE59402F-260B-6402-0A00-000000001900}","Image":"C:\\Windows\\system32\\services.exe","TargetObject":"HKLM\\System\\CurrentControlSet\\Services\\WpnUserService_db3485","User":"NT AUTHORITY\\SYSTEM","EventReceivedTime":1677866190,"SourceModuleName":"in_sysmon","SourceModuleType":"im_msvistalog"}
<14>Mar  3 17:56:29 win-server.lunarstiiiness.com Microsoft-Windows-Sysmon[1288]: {"EventTime":1677866188,"Hostname":"win-server.lunarstiiiness.com","Keywords":-9223372036854775808,"EventType":"INFO","SeverityValue":2,"Severity":"INFO","EventID":12,"SourceName":"Microsoft-Windows-Sysmon","ProviderGuid":"{5770385F-C22A-43E0-BF4C-06F5698FFBD9}","Version":2,"Task":12,"OpcodeValue":0,"RecordNumber":968034,"ProcessID":1288,"ThreadID":2884,"Channel":"Microsoft-Windows-Sysmon/Operational","Domain":"NT AUTHORITY","AccountName":"SYSTEM","UserID":"S-1-5-18","AccountType":"User","Message":"Registry object added or deleted:\r\nRuleName: technique_id=T1543,technique_name=Service Creation\r\nEventType: DeleteKey\r\nUtcTime: 2023-03-03 17:56:28.481\r\nProcessGuid: {BE59402F-260B-6402-0A00-000000001900}\r\nProcessId: 528\r\nImage: C:\\Windows\\system32\\services.exe\r\nTargetObject: HKLM\\System\\CurrentControlSet\\Services\\OneSyncSvc_db3485\\Security\r\nUser: NT AUTHORITY\\SYSTEM","Category":"Registry object added or deleted (rule: RegistryEvent)","Opcode":"Info","RuleName":"technique_id=T1543,technique_name=Service Creation","UtcTime":"2023-03-03 17:56:28.481","ProcessGuid":"{BE59402F-260B-6402-0A00-000000001900}","Image":"C:\\Windows\\system32\\services.exe","TargetObject":"HKLM\\System\\CurrentControlSet\\Services\\OneSyncSvc_db3485\\Security","User":"NT AUTHORITY\\SYSTEM","EventReceivedTime":1677866189,"SourceModuleName":"in_sysmon","SourceModuleType":"im_msvistalog"}
<14>Mar  3 17:56:29 win-server.lunarstiiiness.com Microsoft-Windows-Sysmon[1288]: {"EventTime":1677866188,"Hostname":"win-server.lunarstiiiness.com","Keywords":-9223372036854775808,"EventType":"INFO","SeverityValue":2,"Severity":"INFO","EventID":12,"SourceName":"Microsoft-Windows-Sysmon","ProviderGuid":"{5770385F-C22A-43E0-BF4C-06F5698FFBD9}","Version":2,"Task":12,"OpcodeValue":0,"RecordNumber":968036,"ProcessID":1288,"ThreadID":2884,"Channel":"Microsoft-Windows-Sysmon/Operational","Domain":"NT AUTHORITY","AccountName":"SYSTEM","UserID":"S-1-5-18","AccountType":"User","Message":"Registry object added or deleted:\r\nRuleName: technique_id=T1543,technique_name=Service Creation\r\nEventType: DeleteKey\r\nUtcTime: 2023-03-03 17:56:28.481\r\nProcessGuid: {BE59402F-260B-6402-0A00-000000001900}\r\nProcessId: 528\r\nImage: C:\\Windows\\system32\\services.exe\r\nTargetObject: HKLM\\System\\CurrentControlSet\\Services\\PimIndexMaintenanceSvc_db3485\\Security\r\nUser: NT AUTHORITY\\SYSTEM","Category":"Registry object added or deleted (rule: RegistryEvent)","Opcode":"Info","RuleName":"technique_id=T1543,technique_name=Service Creation","UtcTime":"2023-03-03 17:56:28.481","ProcessGuid":"{BE59402F-260B-6402-0A00-000000001900}","Image":"C:\\Windows\\system32\\services.exe","TargetObject":"HKLM\\System\\CurrentControlSet\\Services\\PimIndexMaintenanceSvc_db3485\\Security","User":"NT AUTHORITY\\SYSTEM","EventReceivedTime":1677866189,"SourceModuleName":"in_sysmon","SourceModuleType":"im_msvistalog"}
<14>Mar  3 17:56:29 win-server.lunarstiiiness.com Microsoft-Windows-Sysmon[1288]: {"EventTime":1677866188,"Hostname":"win-server.lunarstiiiness.com","Keywords":-9223372036854775808,"EventType":"INFO","SeverityValue":2,"Severity":"INFO","EventID":12,"SourceName":"Microsoft-Windows-Sysmon","ProviderGuid":"{5770385F-C22A-43E0-BF4C-06F5698FFBD9}","Version":2,"Task":12,"OpcodeValue":0,"RecordNumber":968031,"ProcessID":1288,"ThreadID":2884,"Channel":"Microsoft-Windows-Sysmon/Operational","Domain":"NT AUTHORITY","AccountName":"SYSTEM","UserID":"S-1-5-18","AccountType":"User","Message":"Registry object added or deleted:\r\nRuleName: UACMe Dir Prep\r\nEventType: DeleteKey\r\nUtcTime: 2023-03-03 17:56:28.481\r\nProcessGuid: {BE59402F-260C-6402-0C00-000000001900}\r\nProcessId: 608\r\nImage: C:\\Windows\\system32\\svchost.exe\r\nTargetObject: HKU\\S-1-5-21-3263964631-4121654051-1417071188-1116\\Volatile Environment\\3\r\nUser: NT AUTHORITY\\SYSTEM","Category":"Registry object added or deleted (rule: RegistryEvent)","Opcode":"Info","RuleName":"UACMe Dir Prep","UtcTime":"2023-03-03 17:56:28.481","ProcessGuid":"{BE59402F-260C-6402-0C00-000000001900}","Image":"C:\\Windows\\system32\\svchost.exe","TargetObject":"HKU\\S-1-5-21-3263964631-4121654051-1417071188-1116\\Volatile Environment\\3","User":"NT AUTHORITY\\SYSTEM","EventReceivedTime":1677866189,"SourceModuleName":"in_sysmon","SourceModuleType":"im_msvistalog"}
<14>Mar  3 17:56:30 win-server.lunarstiiiness.com Microsoft-Windows-Sysmon[1288]: {"EventTime":1677866188,"Hostname":"win-server.lunarstiiiness.com","Keywords":-9223372036854775808,"EventType":"INFO","SeverityValue":2,"Severity":"INFO","EventID":12,"SourceName":"Microsoft-Windows-Sysmon","ProviderGuid":"{5770385F-C22A-43E0-BF4C-06F5698FFBD9}","Version":2,"Task":12,"OpcodeValue":0,"RecordNumber":968040,"ProcessID":1288,"ThreadID":2884,"Channel":"Microsoft-Windows-Sysmon/Operational","Domain":"NT AUTHORITY","AccountName":"SYSTEM","UserID":"S-1-5-18","AccountType":"User","Message":"Registry object added or deleted:\r\nRuleName: technique_id=T1543,technique_name=Service Creation\r\nEventType: DeleteKey\r\nUtcTime: 2023-03-03 17:56:28.481\r\nProcessGuid: {BE59402F-260B-6402-0A00-000000001900}\r\nProcessId: 528\r\nImage: C:\\Windows\\system32\\services.exe\r\nTargetObject: HKLM\\System\\CurrentControlSet\\Services\\UserDataSvc_db3485\\Security\r\nUser: NT AUTHORITY\\SYSTEM","Category":"Registry object added or deleted (rule: RegistryEvent)","Opcode":"Info","RuleName":"technique_id=T1543,technique_name=Service Creation","UtcTime":"2023-03-03 17:56:28.481","ProcessGuid":"{BE59402F-260B-6402-0A00-000000001900}","Image":"C:\\Windows\\system32\\services.exe","TargetObject":"HKLM\\System\\CurrentControlSet\\Services\\UserDataSvc_db3485\\Security","User":"NT AUTHORITY\\SYSTEM","EventReceivedTime":1677866189,"SourceModuleName":"in_sysmon","SourceModuleType":"im_msvistalog"}
<14>Mar  3 17:56:30 win-server.lunarstiiiness.com Microsoft-Windows-Sysmon[1288]: {"EventTime":1677866188,"Hostname":"win-server.lunarstiiiness.com","Keywords":-9223372036854775808,"EventType":"INFO","SeverityValue":2,"Severity":"INFO","EventID":12,"SourceName":"Microsoft-Windows-Sysmon","ProviderGuid":"{5770385F-C22A-43E0-BF4C-06F5698FFBD9}","Version":2,"Task":12,"OpcodeValue":0,"RecordNumber":968041,"ProcessID":1288,"ThreadID":2884,"Channel":"Microsoft-Windows-Sysmon/Operational","Domain":"NT AUTHORITY","AccountName":"SYSTEM","UserID":"S-1-5-18","AccountType":"User","Message":"Registry object added or deleted:\r\nRuleName: technique_id=T1543,technique_name=Service Creation\r\nEventType: DeleteKey\r\nUtcTime: 2023-03-03 17:56:28.481\r\nProcessGuid: {BE59402F-260B-6402-0A00-000000001900}\r\nProcessId: 528\r\nImage: C:\\Windows\\system32\\services.exe\r\nTargetObject: HKLM\\System\\CurrentControlSet\\Services\\UserDataSvc_db3485\r\nUser: NT AUTHORITY\\SYSTEM","Category":"Registry object added or deleted (rule: RegistryEvent)","Opcode":"Info","RuleName":"technique_id=T1543,technique_name=Service Creation","UtcTime":"2023-03-03 17:56:28.481","ProcessGuid":"{BE59402F-260B-6402-0A00-000000001900}","Image":"C:\\Windows\\system32\\services.exe","TargetObject":"HKLM\\System\\CurrentControlSet\\Services\\UserDataSvc_db3485","User":"NT AUTHORITY\\SYSTEM","EventReceivedTime":1677866190,"SourceModuleName":"in_sysmon","SourceModuleType":"im_msvistalog"}
<14>Mar  3 17:56:29 win-server.lunarstiiiness.com Microsoft-Windows-Sysmon[1288]: {"EventTime":1677866188,"Hostname":"win-server.lunarstiiiness.com","Keywords":-9223372036854775808,"EventType":"INFO","SeverityValue":2,"Severity":"INFO","EventID":12,"SourceName":"Microsoft-Windows-Sysmon","ProviderGuid":"{5770385F-C22A-43E0-BF4C-06F5698FFBD9}","Version":2,"Task":12,"OpcodeValue":0,"RecordNumber":968037,"ProcessID":1288,"ThreadID":2884,"Channel":"Microsoft-Windows-Sysmon/Operational","Domain":"NT AUTHORITY","AccountName":"SYSTEM","UserID":"S-1-5-18","AccountType":"User","Message":"Registry object added or deleted:\r\nRuleName: technique_id=T1543,technique_name=Service Creation\r\nEventType: DeleteKey\r\nUtcTime: 2023-03-03 17:56:28.481\r\nProcessGuid: {BE59402F-260B-6402-0A00-000000001900}\r\nProcessId: 528\r\nImage: C:\\Windows\\system32\\services.exe\r\nTargetObject: HKLM\\System\\CurrentControlSet\\Services\\PimIndexMaintenanceSvc_db3485\r\nUser: NT AUTHORITY\\SYSTEM","Category":"Registry object added or deleted (rule: RegistryEvent)","Opcode":"Info","RuleName":"technique_id=T1543,technique_name=Service Creation","UtcTime":"2023-03-03 17:56:28.481","ProcessGuid":"{BE59402F-260B-6402-0A00-000000001900}","Image":"C:\\Windows\\system32\\services.exe","TargetObject":"HKLM\\System\\CurrentControlSet\\Services\\PimIndexMaintenanceSvc_db3485","User":"NT AUTHORITY\\SYSTEM","EventReceivedTime":1677866189,"SourceModuleName":"in_sysmon","SourceModuleType":"im_msvistalog"}
<14>Mar  3 17:56:29 win-server.lunarstiiiness.com Microsoft-Windows-Sysmon[1288]: {"EventTime":1677866188,"Hostname":"win-server.lunarstiiiness.com","Keywords":-9223372036854775808,"EventType":"INFO","SeverityValue":2,"Severity":"INFO","EventID":12,"SourceName":"Microsoft-Windows-Sysmon","ProviderGuid":"{5770385F-C22A-43E0-BF4C-06F5698FFBD9}","Version":2,"Task":12,"OpcodeValue":0,"RecordNumber":968038,"ProcessID":1288,"ThreadID":2884,"Channel":"Microsoft-Windows-Sysmon/Operational","Domain":"NT AUTHORITY","AccountName":"SYSTEM","UserID":"S-1-5-18","AccountType":"User","Message":"Registry object added or deleted:\r\nRuleName: technique_id=T1543,technique_name=Service Creation\r\nEventType: DeleteKey\r\nUtcTime: 2023-03-03 17:56:28.481\r\nProcessGuid: {BE59402F-260B-6402-0A00-000000001900}\r\nProcessId: 528\r\nImage: C:\\Windows\\system32\\services.exe\r\nTargetObject: HKLM\\System\\CurrentControlSet\\Services\\UnistoreSvc_db3485\\Security\r\nUser: NT AUTHORITY\\SYSTEM","Category":"Registry object added or deleted (rule: RegistryEvent)","Opcode":"Info","RuleName":"technique_id=T1543,technique_name=Service Creation","UtcTime":"2023-03-03 17:56:28.481","ProcessGuid":"{BE59402F-260B-6402-0A00-000000001900}","Image":"C:\\Windows\\system32\\services.exe","TargetObject":"HKLM\\System\\CurrentControlSet\\Services\\UnistoreSvc_db3485\\Security","User":"NT AUTHORITY\\SYSTEM","EventReceivedTime":1677866189,"SourceModuleName":"in_sysmon","SourceModuleType":"im_msvistalog"}
<14>Mar  3 17:56:30 win-server.lunarstiiiness.com Microsoft-Windows-Sysmon[1288]: {"EventTime":1677866188,"Hostname":"win-server.lunarstiiiness.com","Keywords":-9223372036854775808,"EventType":"INFO","SeverityValue":2,"Severity":"INFO","EventID":12,"SourceName":"Microsoft-Windows-Sysmon","ProviderGuid":"{5770385F-C22A-43E0-BF4C-06F5698FFBD9}","Version":2,"Task":12,"OpcodeValue":0,"RecordNumber":968042,"ProcessID":1288,"ThreadID":2884,"Channel":"Microsoft-Windows-Sysmon/Operational","Domain":"NT AUTHORITY","AccountName":"SYSTEM","UserID":"S-1-5-18","AccountType":"User","Message":"Registry object added or deleted:\r\nRuleName: technique_id=T1543,technique_name=Service Creation\r\nEventType: DeleteKey\r\nUtcTime: 2023-03-03 17:56:28.481\r\nProcessGuid: {BE59402F-260B-6402-0A00-000000001900}\r\nProcessId: 528\r\nImage: C:\\Windows\\system32\\services.exe\r\nTargetObject: HKLM\\System\\CurrentControlSet\\Services\\WpnUserService_db3485\\Security\r\nUser: NT AUTHORITY\\SYSTEM","Category":"Registry object added or deleted (rule: RegistryEvent)","Opcode":"Info","RuleName":"technique_id=T1543,technique_name=Service Creation","UtcTime":"2023-03-03 17:56:28.481","ProcessGuid":"{BE59402F-260B-6402-0A00-000000001900}","Image":"C:\\Windows\\system32\\services.exe","TargetObject":"HKLM\\System\\CurrentControlSet\\Services\\WpnUserService_db3485\\Security","User":"NT AUTHORITY\\SYSTEM","EventReceivedTime":1677866190,"SourceModuleName":"in_sysmon","SourceModuleType":"im_msvistalog"}
<14>Mar  3 17:56:29 win-server.lunarstiiiness.com Microsoft-Windows-Sysmon[1288]: {"EventTime":1677866188,"Hostname":"win-server.lunarstiiiness.com","Keywords":-9223372036854775808,"EventType":"INFO","SeverityValue":2,"Severity":"INFO","EventID":12,"SourceName":"Microsoft-Windows-Sysmon","ProviderGuid":"{5770385F-C22A-43E0-BF4C-06F5698FFBD9}","Version":2,"Task":12,"OpcodeValue":0,"RecordNumber":968035,"ProcessID":1288,"ThreadID":2884,"Channel":"Microsoft-Windows-Sysmon/Operational","Domain":"NT AUTHORITY","AccountName":"SYSTEM","UserID":"S-1-5-18","AccountType":"User","Message":"Registry object added or deleted:\r\nRuleName: technique_id=T1543,technique_name=Service Creation\r\nEventType: DeleteKey\r\nUtcTime: 2023-03-03 17:56:28.481\r\nProcessGuid: {BE59402F-260B-6402-0A00-000000001900}\r\nProcessId: 528\r\nImage: C:\\Windows\\system32\\services.exe\r\nTargetObject: HKLM\\System\\CurrentControlSet\\Services\\OneSyncSvc_db3485\r\nUser: NT AUTHORITY\\SYSTEM","Category":"Registry object added or deleted (rule: RegistryEvent)","Opcode":"Info","RuleName":"technique_id=T1543,technique_name=Service Creation","UtcTime":"2023-03-03 17:56:28.481","ProcessGuid":"{BE59402F-260B-6402-0A00-000000001900}","Image":"C:\\Windows\\system32\\services.exe","TargetObject":"HKLM\\System\\CurrentControlSet\\Services\\OneSyncSvc_db3485","User":"NT AUTHORITY\\SYSTEM","EventReceivedTime":1677866189,"SourceModuleName":"in_sysmon","SourceModuleType":"im_msvistalog"}
<14>Mar  3 17:56:29 win-server.lunarstiiiness.com Microsoft-Windows-Sysmon[1288]: {"EventTime":1677866188,"Hostname":"win-server.lunarstiiiness.com","Keywords":-9223372036854775808,"EventType":"INFO","SeverityValue":2,"Severity":"INFO","EventID":12,"SourceName":"Microsoft-Windows-Sysmon","ProviderGuid":"{5770385F-C22A-43E0-BF4C-06F5698FFBD9}","Version":2,"Task":12,"OpcodeValue":0,"RecordNumber":968032,"ProcessID":1288,"ThreadID":2884,"Channel":"Microsoft-Windows-Sysmon/Operational","Domain":"NT AUTHORITY","AccountName":"SYSTEM","UserID":"S-1-5-18","AccountType":"User","Message":"Registry object added or deleted:\r\nRuleName: technique_id=T1543,technique_name=Service Creation\r\nEventType: DeleteKey\r\nUtcTime: 2023-03-03 17:56:28.481\r\nProcessGuid: {BE59402F-260B-6402-0A00-000000001900}\r\nProcessId: 528\r\nImage: C:\\Windows\\system32\\services.exe\r\nTargetObject: HKLM\\System\\CurrentControlSet\\Services\\CDPUserSvc_db3485\\Security\r\nUser: NT AUTHORITY\\SYSTEM","Category":"Registry object added or deleted (rule: RegistryEvent)","Opcode":"Info","RuleName":"technique_id=T1543,technique_name=Service Creation","UtcTime":"2023-03-03 17:56:28.481","ProcessGuid":"{BE59402F-260B-6402-0A00-000000001900}","Image":"C:\\Windows\\system32\\services.exe","TargetObject":"HKLM\\System\\CurrentControlSet\\Services\\CDPUserSvc_db3485\\Security","User":"NT AUTHORITY\\SYSTEM","EventReceivedTime":1677866189,"SourceModuleName":"in_sysmon","SourceModuleType":"im_msvistalog"}
<14>Mar  3 17:56:31 win-server.lunarstiiiness.com Microsoft-Windows-Sysmon[1288]: {"EventTime":1677866189,"Hostname":"win-server.lunarstiiiness.com","Keywords":-9223372036854775808,"EventType":"INFO","SeverityValue":2,"Severity":"INFO","EventID":23,"SourceName":"Microsoft-Windows-Sysmon","ProviderGuid":"{5770385F-C22A-43E0-BF4C-06F5698FFBD9}","Version":5,"Task":23,"OpcodeValue":0,"RecordNumber":968044,"ProcessID":1288,"ThreadID":2884,"Channel":"Microsoft-Windows-Sysmon/Operational","Domain":"NT AUTHORITY","AccountName":"SYSTEM","UserID":"S-1-5-18","AccountType":"User","Message":"File Delete archived:\r\nRuleName: Executables\r\nUtcTime: 2023-03-03 17:56:29.591\r\nProcessGuid: {BE59402F-260D-6402-1000-000000001900}\r\nProcessId: 872\r\nUser: NT AUTHORITY\\SYSTEM\r\nImage: C:\\Windows\\system32\\svchost.exe\r\nTargetFilename: C:\\Users\\TIM~1.SMI\\AppData\\Local\\Temp\\3\\vscode-update-system-x64\\CodeSetup-stable-92da9481c0904c6adfe372c12da3b7748d74bdcb.exe\r\nHashes: SHA1=6488D2445F5B0C53D2DF395193366A7441647225,MD5=E82F18DAD06D5F4810AF2BDAEF2F4F2E,SHA256=33B2648A0AEB983C50906E4B5025EDF7FC8243D407D285BF8F18D488F5BF6CDC,IMPHASH=5A594319A0D69DBC452E748BCF05892E\r\nIsExecutable: true\r\nArchived: false - insufficient disk space","Category":"File Delete archived (rule: FileDelete)","Opcode":"Info","RuleName":"Executables","UtcTime":"2023-03-03 17:56:29.591","ProcessGuid":"{BE59402F-260D-6402-1000-000000001900}","User":"NT AUTHORITY\\SYSTEM","Image":"C:\\Windows\\system32\\svchost.exe","TargetFilename":"C:\\Users\\TIM~1.SMI\\AppData\\Local\\Temp\\3\\vscode-update-system-x64\\CodeSetup-stable-92da9481c0904c6adfe372c12da3b7748d74bdcb.exe","Hashes":"SHA1=6488D2445F5B0C53D2DF395193366A7441647225,MD5=E82F18DAD06D5F4810AF2BDAEF2F4F2E,SHA256=33B2648A0AEB983C50906E4B5025EDF7FC8243D407D285BF8F18D488F5BF6CDC,IMPHASH=5A594319A0D69DBC452E748BCF05892E","IsExecutable":"true","Archived":"false - insufficient disk space","EventReceivedTime":1677866191,"SourceModuleName":"in_sysmon","SourceModuleType":"im_msvistalog"}
<14>Mar  3 17:56:31 win-server.lunarstiiiness.com Microsoft-Windows-Sysmon[1288]: {"EventTime":1677866189,"Hostname":"win-server.lunarstiiiness.com","Keywords":-9223372036854775808,"EventType":"INFO","SeverityValue":2,"Severity":"INFO","EventID":13,"SourceName":"Microsoft-Windows-Sysmon","ProviderGuid":"{5770385F-C22A-43E0-BF4C-06F5698FFBD9}","Version":2,"Task":13,"OpcodeValue":0,"RecordNumber":968046,"ProcessID":1288,"ThreadID":2884,"Channel":"Microsoft-Windows-Sysmon/Operational","Domain":"NT AUTHORITY","AccountName":"SYSTEM","UserID":"S-1-5-18","AccountType":"User","Message":"Registry value set:\r\nRuleName: technique_id=T1543,technique_name=Service Creation\r\nEventType: SetValue\r\nUtcTime: 2023-03-03 17:56:29.966\r\nProcessGuid: {BE59402F-260D-6402-1600-000000001900}\r\nProcessId: 320\r\nImage: C:\\Windows\\system32\\svchost.exe\r\nTargetObject: HKLM\\System\\CurrentControlSet\\Services\\NlaSvc\\Parameters\\Cache\\OpportunisticInternetGatewaysV4\r\nDetails: Binary Data\r\nUser: NT AUTHORITY\\NETWORK SERVICE","Category":"Registry value set (rule: RegistryEvent)","Opcode":"Info","RuleName":"technique_id=T1543,technique_name=Service Creation","UtcTime":"2023-03-03 17:56:29.966","ProcessGuid":"{BE59402F-260D-6402-1600-000000001900}","Image":"C:\\Windows\\system32\\svchost.exe","TargetObject":"HKLM\\System\\CurrentControlSet\\Services\\NlaSvc\\Parameters\\Cache\\OpportunisticInternetGatewaysV4","Details":"Binary Data","User":"NT AUTHORITY\\NETWORK SERVICE","EventReceivedTime":1677866191,"SourceModuleName":"in_sysmon","SourceModuleType":"im_msvistalog"}
<14>Mar  3 17:56:31 win-server.lunarstiiiness.com Microsoft-Windows-Sysmon[1288]: {"EventTime":1677866189,"Hostname":"win-server.lunarstiiiness.com","Keywords":-9223372036854775808,"EventType":"INFO","SeverityValue":2,"Severity":"INFO","EventID":13,"SourceName":"Microsoft-Windows-Sysmon","ProviderGuid":"{5770385F-C22A-43E0-BF4C-06F5698FFBD9}","Version":2,"Task":13,"OpcodeValue":0,"RecordNumber":968047,"ProcessID":1288,"ThreadID":2884,"Channel":"Microsoft-Windows-Sysmon/Operational","Domain":"NT AUTHORITY","AccountName":"SYSTEM","UserID":"S-1-5-18","AccountType":"User","Message":"Registry value set:\r\nRuleName: technique_id=T1543,technique_name=Service Creation\r\nEventType: SetValue\r\nUtcTime: 2023-03-03 17:56:29.966\r\nProcessGuid: {BE59402F-260D-6402-1600-000000001900}\r\nProcessId: 320\r\nImage: C:\\Windows\\system32\\svchost.exe\r\nTargetObject: HKLM\\System\\CurrentControlSet\\Services\\NlaSvc\\Parameters\\Cache\\KnownProxylessGatewaysV4\r\nDetails: Binary Data\r\nUser: NT AUTHORITY\\NETWORK SERVICE","Category":"Registry value set (rule: RegistryEvent)","Opcode":"Info","RuleName":"technique_id=T1543,technique_name=Service Creation","UtcTime":"2023-03-03 17:56:29.966","ProcessGuid":"{BE59402F-260D-6402-1600-000000001900}","Image":"C:\\Windows\\system32\\svchost.exe","TargetObject":"HKLM\\System\\CurrentControlSet\\Services\\NlaSvc\\Parameters\\Cache\\KnownProxylessGatewaysV4","Details":"Binary Data","User":"NT AUTHORITY\\NETWORK SERVICE","EventReceivedTime":1677866191,"SourceModuleName":"in_sysmon","SourceModuleType":"im_msvistalog"}
