<14>Mar  3 17:34:06 win-server.lunarstiiiness.com Microsoft-Windows-Sysmon[1288]: {"EventTime":1677864844,"Hostname":"win-server.lunarstiiiness.com","Keywords":-9223372036854775808,"EventType":"INFO","SeverityValue":2,"Severity":"INFO","EventID":22,"SourceName":"Microsoft-Windows-Sysmon","ProviderGuid":"{5770385F-C22A-43E0-BF4C-06F5698FFBD9}","Version":5,"Task":22,"OpcodeValue":0,"RecordNumber":930700,"ProcessID":1288,"ThreadID":2904,"Channel":"Microsoft-Windows-Sysmon/Operational","Domain":"NT AUTHORITY","AccountName":"SYSTEM","UserID":"S-1-5-18","AccountType":"User","Message":"Dns query:\r\nRuleName: -\r\nUtcTime: 2023-03-03 17:34:03.209\r\nProcessGuid: {BE59402F-2F72-6402-2901-000000001900}\r\nProcessId: 3556\r\nQueryName: aefd.nelreports.net\r\nQueryStatus: 0\r\nQueryResults: type:  5 aefd.nelreports.net.akamaized.net;type:  5 a1851.dscg2.akamai.net;23.200.156.133;23.200.156.140;\r\nImage: C:\\Program Files (x86)\\Microsoft\\Edge\\Application\\msedge.exe\r\nUser: LUNARSTIIINESS\\tim.smith_admin","Category":"Dns query (rule: DnsQuery)","Opcode":"Info","RuleName":"-","UtcTime":"2023-03-03 17:34:03.209","ProcessGuid":"{BE59402F-2F72-6402-2901-000000001900}","QueryName":"aefd.nelreports.net","QueryStatus":"0","QueryResults":"type:  5 aefd.nelreports.net.akamaized.net;type:  5 a1851.dscg2.akamai.net;23.200.156.133;23.200.156.140;","Image":"C:\\Program Files (x86)\\Microsoft\\Edge\\Application\\msedge.exe","User":"LUNARSTIIINESS\\tim.smith_admin","EventReceivedTime":1677864846,"SourceModuleName":"in_sysmon","SourceModuleType":"im_msvistalog"}
<14>Mar  3 17:34:06 win-server.lunarstiiiness.com Microsoft-Windows-Sysmon[1288]: {"EventTime":1677864844,"Hostname":"win-server.lunarstiiiness.com","Keywords":-9223372036854775808,"EventType":"INFO","SeverityValue":2,"Severity":"INFO","EventID":22,"SourceName":"Microsoft-Windows-Sysmon","ProviderGuid":"{5770385F-C22A-43E0-BF4C-06F5698FFBD9}","Version":5,"Task":22,"OpcodeValue":0,"RecordNumber":930701,"ProcessID":1288,"ThreadID":2904,"Channel":"Microsoft-Windows-Sysmon/Operational","Domain":"NT AUTHORITY","AccountName":"SYSTEM","UserID":"S-1-5-18","AccountType":"User","Message":"Dns query:\r\nRuleName: -\r\nUtcTime: 2023-03-03 17:34:03.209\r\nProcessGuid: {BE59402F-2F72-6402-2901-000000001900}\r\nProcessId: 3556\r\nQueryName: visitor.omnitagjs.com\r\nQueryStatus: 0\r\nQueryResults: type:  5 visitor-us-west-2.omnitagjs.com;52.11.11.195;54.218.38.133;52.24.80.186;34.212.157.200;44.229.137.213;44.236.200.194;34.209.249.32;54.69.0.91;\r\nImage: C:\\Program Files (x86)\\Microsoft\\Edge\\Application\\msedge.exe\r\nUser: LUNARSTIIINESS\\tim.smith_admin","Category":"Dns query (rule: DnsQuery)","Opcode":"Info","RuleName":"-","UtcTime":"2023-03-03 17:34:03.209","ProcessGuid":"{BE59402F-2F72-6402-2901-000000001900}","QueryName":"visitor.omnitagjs.com","QueryStatus":"0","QueryResults":"type:  5 visitor-us-west-2.omnitagjs.com;52.11.11.195;54.218.38.133;52.24.80.186;34.212.157.200;44.229.137.213;44.236.200.194;34.209.249.32;54.69.0.91;","Image":"C:\\Program Files (x86)\\Microsoft\\Edge\\Application\\msedge.exe","User":"LUNARSTIIINESS\\tim.smith_admin","EventReceivedTime":1677864846,"SourceModuleName":"in_sysmon","SourceModuleType":"im_msvistalog"}
<14>Mar  3 17:34:06 win-server.lunarstiiiness.com Microsoft-Windows-Sysmon[1288]: {"EventTime":1677864844,"Hostname":"win-server.lunarstiiiness.com","Keywords":-9223372036854775808,"EventType":"INFO","SeverityValue":2,"Severity":"INFO","EventID":22,"SourceName":"Microsoft-Windows-Sysmon","ProviderGuid":"{5770385F-C22A-43E0-BF4C-06F5698FFBD9}","Version":5,"Task":22,"OpcodeValue":0,"RecordNumber":930702,"ProcessID":1288,"ThreadID":2904,"Channel":"Microsoft-Windows-Sysmon/Operational","Domain":"NT AUTHORITY","AccountName":"SYSTEM","UserID":"S-1-5-18","AccountType":"User","Message":"Dns query:\r\nRuleName: -\r\nUtcTime: 2023-03-03 17:34:03.210\r\nProcessGuid: {BE59402F-2F72-6402-2901-000000001900}\r\nProcessId: 3556\r\nQueryName: hbx.media.net\r\nQueryStatus: 0\r\nQueryResults: 23.6.204.24;\r\nImage: C:\\Program Files (x86)\\Microsoft\\Edge\\Application\\msedge.exe\r\nUser: LUNARSTIIINESS\\tim.smith_admin","Category":"Dns query (rule: DnsQuery)","Opcode":"Info","RuleName":"-","UtcTime":"2023-03-03 17:34:03.210","ProcessGuid":"{BE59402F-2F72-6402-2901-000000001900}","QueryName":"hbx.media.net","QueryStatus":"0","QueryResults":"23.6.204.24;","Image":"C:\\Program Files (x86)\\Microsoft\\Edge\\Application\\msedge.exe","User":"LUNARSTIIINESS\\tim.smith_admin","EventReceivedTime":1677864846,"SourceModuleName":"in_sysmon","SourceModuleType":"im_msvistalog"}
<14>Mar  3 17:34:06 win-server.lunarstiiiness.com Microsoft-Windows-Sysmon[1288]: {"EventTime":1677864844,"Hostname":"win-server.lunarstiiiness.com","Keywords":-9223372036854775808,"EventType":"INFO","SeverityValue":2,"Severity":"INFO","EventID":22,"SourceName":"Microsoft-Windows-Sysmon","ProviderGuid":"{5770385F-C22A-43E0-BF4C-06F5698FFBD9}","Version":5,"Task":22,"OpcodeValue":0,"RecordNumber":930703,"ProcessID":1288,"ThreadID":2904,"Channel":"Microsoft-Windows-Sysmon/Operational","Domain":"NT AUTHORITY","AccountName":"SYSTEM","UserID":"S-1-5-18","AccountType":"User","Message":"Dns query:\r\nRuleName: -\r\nUtcTime: 2023-03-03 17:34:03.211\r\nProcessGuid: {BE59402F-2F72-6402-2901-000000001900}\r\nProcessId: 3556\r\nQueryName: trace.mediago.io\r\nQueryStatus: 0\r\nQueryResults: 35.208.249.213;\r\nImage: C:\\Program Files (x86)\\Microsoft\\Edge\\Application\\msedge.exe\r\nUser: LUNARSTIIINESS\\tim.smith_admin","Category":"Dns query (rule: DnsQuery)","Opcode":"Info","RuleName":"-","UtcTime":"2023-03-03 17:34:03.211","ProcessGuid":"{BE59402F-2F72-6402-2901-000000001900}","QueryName":"trace.mediago.io","QueryStatus":"0","QueryResults":"35.208.249.213;","Image":"C:\\Program Files (x86)\\Microsoft\\Edge\\Application\\msedge.exe","User":"LUNARSTIIINESS\\tim.smith_admin","EventReceivedTime":1677864846,"SourceModuleName":"in_sysmon","SourceModuleType":"im_msvistalog"}
<14>Mar  3 17:34:06 win-server.lunarstiiiness.com Microsoft-Windows-Sysmon[1288]: {"EventTime":1677864844,"Hostname":"win-server.lunarstiiiness.com","Keywords":-9223372036854775808,"EventType":"INFO","SeverityValue":2,"Severity":"INFO","EventID":22,"SourceName":"Microsoft-Windows-Sysmon","ProviderGuid":"{5770385F-C22A-43E0-BF4C-06F5698FFBD9}","Version":5,"Task":22,"OpcodeValue":0,"RecordNumber":930704,"ProcessID":1288,"ThreadID":2904,"Channel":"Microsoft-Windows-Sysmon/Operational","Domain":"NT AUTHORITY","AccountName":"SYSTEM","UserID":"S-1-5-18","AccountType":"User","Message":"Dns query:\r\nRuleName: -\r\nUtcTime: 2023-03-03 17:34:03.213\r\nProcessGuid: {BE59402F-2F72-6402-2901-000000001900}\r\nProcessId: 3556\r\nQueryName: trace.popin.cc\r\nQueryStatus: 0\r\nQueryResults: 35.213.89.133;\r\nImage: C:\\Program Files (x86)\\Microsoft\\Edge\\Application\\msedge.exe\r\nUser: LUNARSTIIINESS\\tim.smith_admin","Category":"Dns query (rule: DnsQuery)","Opcode":"Info","RuleName":"-","UtcTime":"2023-03-03 17:34:03.213","ProcessGuid":"{BE59402F-2F72-6402-2901-000000001900}","QueryName":"trace.popin.cc","QueryStatus":"0","QueryResults":"35.213.89.133;","Image":"C:\\Program Files (x86)\\Microsoft\\Edge\\Application\\msedge.exe","User":"LUNARSTIIINESS\\tim.smith_admin","EventReceivedTime":1677864846,"SourceModuleName":"in_sysmon","SourceModuleType":"im_msvistalog"}
<14>Mar  3 17:34:06 win-server.lunarstiiiness.com Microsoft-Windows-Sysmon[1288]: {"EventTime":1677864844,"Hostname":"win-server.lunarstiiiness.com","Keywords":-9223372036854775808,"EventType":"INFO","SeverityValue":2,"Severity":"INFO","EventID":22,"SourceName":"Microsoft-Windows-Sysmon","ProviderGuid":"{5770385F-C22A-43E0-BF4C-06F5698FFBD9}","Version":5,"Task":22,"OpcodeValue":0,"RecordNumber":930705,"ProcessID":1288,"ThreadID":2904,"Channel":"Microsoft-Windows-Sysmon/Operational","Domain":"NT AUTHORITY","AccountName":"SYSTEM","UserID":"S-1-5-18","AccountType":"User","Message":"Dns query:\r\nRuleName: -\r\nUtcTime: 2023-03-03 17:34:03.214\r\nProcessGuid: {BE59402F-2F72-6402-2901-000000001900}\r\nProcessId: 3556\r\nQueryName: sync.inmobi.com\r\nQueryStatus: 0\r\nQueryResults: type:  5 pixel-sync.trafficmanager.net;20.127.253.7;\r\nImage: C:\\Program Files (x86)\\Microsoft\\Edge\\Application\\msedge.exe\r\nUser: LUNARSTIIINESS\\tim.smith_admin","Category":"Dns query (rule: DnsQuery)","Opcode":"Info","RuleName":"-","UtcTime":"2023-03-03 17:34:03.214","ProcessGuid":"{BE59402F-2F72-6402-2901-000000001900}","QueryName":"sync.inmobi.com","QueryStatus":"0","QueryResults":"type:  5 pixel-sync.trafficmanager.net;20.127.253.7;","Image":"C:\\Program Files (x86)\\Microsoft\\Edge\\Application\\msedge.exe","User":"LUNARSTIIINESS\\tim.smith_admin","EventReceivedTime":1677864846,"SourceModuleName":"in_sysmon","SourceModuleType":"im_msvistalog"}
<14>Mar  3 17:34:06 win-server.lunarstiiiness.com Microsoft-Windows-Sysmon[1288]: {"EventTime":1677864844,"Hostname":"win-server.lunarstiiiness.com","Keywords":-9223372036854775808,"EventType":"INFO","SeverityValue":2,"Severity":"INFO","EventID":22,"SourceName":"Microsoft-Windows-Sysmon","ProviderGuid":"{5770385F-C22A-43E0-BF4C-06F5698FFBD9}","Version":5,"Task":22,"OpcodeValue":0,"RecordNumber":930706,"ProcessID":1288,"ThreadID":2904,"Channel":"Microsoft-Windows-Sysmon/Operational","Domain":"NT AUTHORITY","AccountName":"SYSTEM","UserID":"S-1-5-18","AccountType":"User","Message":"Dns query:\r\nRuleName: -\r\nUtcTime: 2023-03-03 17:34:03.433\r\nProcessGuid: {BE59402F-2F72-6402-2901-000000001900}\r\nProcessId: 3556\r\nQueryName: edgeassetservice.azureedge.net\r\nQueryStatus: 0\r\nQueryResults: type:  5 edgeassetservice.afd.azureedge.net;type:  5 star-azureedge-prod.trafficmanager.net;type:  5 shed.dual-low.part-0010.t-0009.fdv2-t-msedge.net;type:  5 part-0010.t-0009.fdv2-t-msedge.net;13.107.237.38;13.107.238.38;\r\nImage: C:\\Program Files (x86)\\Microsoft\\Edge\\Application\\msedge.exe\r\nUser: LUNARSTIIINESS\\tim.smith_admin","Category":"Dns query (rule: DnsQuery)","Opcode":"Info","RuleName":"-","UtcTime":"2023-03-03 17:34:03.433","ProcessGuid":"{BE59402F-2F72-6402-2901-000000001900}","QueryName":"edgeassetservice.azureedge.net","QueryStatus":"0","QueryResults":"type:  5 edgeassetservice.afd.azureedge.net;type:  5 star-azureedge-prod.trafficmanager.net;type:  5 shed.dual-low.part-0010.t-0009.fdv2-t-msedge.net;type:  5 part-0010.t-0009.fdv2-t-msedge.net;13.107.237.38;13.107.238.38;","Image":"C:\\Program Files (x86)\\Microsoft\\Edge\\Application\\msedge.exe","User":"LUNARSTIIINESS\\tim.smith_admin","EventReceivedTime":1677864846,"SourceModuleName":"in_sysmon","SourceModuleType":"im_msvistalog"}
<14>Mar  3 17:34:06 win-server.lunarstiiiness.com Microsoft-Windows-Sysmon[1288]: {"EventTime":1677864844,"Hostname":"win-server.lunarstiiiness.com","Keywords":-9223372036854775808,"EventType":"INFO","SeverityValue":2,"Severity":"INFO","EventID":22,"SourceName":"Microsoft-Windows-Sysmon","ProviderGuid":"{5770385F-C22A-43E0-BF4C-06F5698FFBD9}","Version":5,"Task":22,"OpcodeValue":0,"RecordNumber":930697,"ProcessID":1288,"ThreadID":2904,"Channel":"Microsoft-Windows-Sysmon/Operational","Domain":"NT AUTHORITY","AccountName":"SYSTEM","UserID":"S-1-5-18","AccountType":"User","Message":"Dns query:\r\nRuleName: -\r\nUtcTime: 2023-03-03 17:34:03.000\r\nProcessGuid: {BE59402F-2F72-6402-2901-000000001900}\r\nProcessId: 3556\r\nQueryName: cm.mgid.com\r\nQueryStatus: 0\r\nQueryResults: 104.19.133.78;104.19.136.78;104.19.134.78;104.19.132.78;104.19.135.78;\r\nImage: C:\\Program Files (x86)\\Microsoft\\Edge\\Application\\msedge.exe\r\nUser: LUNARSTIIINESS\\tim.smith_admin","Category":"Dns query (rule: DnsQuery)","Opcode":"Info","RuleName":"-","UtcTime":"2023-03-03 17:34:03.000","ProcessGuid":"{BE59402F-2F72-6402-2901-000000001900}","QueryName":"cm.mgid.com","QueryStatus":"0","QueryResults":"104.19.133.78;104.19.136.78;104.19.134.78;104.19.132.78;104.19.135.78;","Image":"C:\\Program Files (x86)\\Microsoft\\Edge\\Application\\msedge.exe","User":"LUNARSTIIINESS\\tim.smith_admin","EventReceivedTime":1677864846,"SourceModuleName":"in_sysmon","SourceModuleType":"im_msvistalog"}
<14>Mar  3 17:34:12 win-server.lunarstiiiness.com Microsoft-Windows-Sysmon[1288]: {"EventTime":1677864849,"Hostname":"win-server.lunarstiiiness.com","Keywords":-9223372036854775808,"EventType":"INFO","SeverityValue":2,"Severity":"INFO","EventID":22,"SourceName":"Microsoft-Windows-Sysmon","ProviderGuid":"{5770385F-C22A-43E0-BF4C-06F5698FFBD9}","Version":5,"Task":22,"OpcodeValue":0,"RecordNumber":930708,"ProcessID":1288,"ThreadID":2904,"Channel":"Microsoft-Windows-Sysmon/Operational","Domain":"NT AUTHORITY","AccountName":"SYSTEM","UserID":"S-1-5-18","AccountType":"User","Message":"Dns query:\r\nRuleName: -\r\nUtcTime: 2023-03-03 17:34:08.490\r\nProcessGuid: {BE59402F-2F72-6402-2901-000000001900}\r\nProcessId: 3556\r\nQueryName: js.monitor.azure.com\r\nQueryStatus: 0\r\nQueryResults: type:  5 aijscdn2.azureedge.net;type:  5 aijscdn2.afd.azureedge.net;type:  5 firstparty-azurefd-prod.trafficmanager.net;type:  5 shed.dual-low.part-0010.t-0009.fdv2-t-msedge.net;type:  5 part-0010.t-0009.fdv2-t-msedge.net;13.107.237.38;13.107.238.38;\r\nImage: C:\\Program Files (x86)\\Microsoft\\Edge\\Application\\msedge.exe\r\nUser: LUNARSTIIINESS\\tim.smith_admin","Category":"Dns query (rule: DnsQuery)","Opcode":"Info","RuleName":"-","UtcTime":"2023-03-03 17:34:08.490","ProcessGuid":"{BE59402F-2F72-6402-2901-000000001900}","QueryName":"js.monitor.azure.com","QueryStatus":"0","QueryResults":"type:  5 aijscdn2.azureedge.net;type:  5 aijscdn2.afd.azureedge.net;type:  5 firstparty-azurefd-prod.trafficmanager.net;type:  5 shed.dual-low.part-0010.t-0009.fdv2-t-msedge.net;type:  5 part-0010.t-0009.fdv2-t-msedge.net;13.107.237.38;13.107.238.38;","Image":"C:\\Program Files (x86)\\Microsoft\\Edge\\Application\\msedge.exe","User":"LUNARSTIIINESS\\tim.smith_admin","EventReceivedTime":1677864852,"SourceModuleName":"in_sysmon","SourceModuleType":"im_msvistalog"}
<14>Mar  3 17:34:12 win-server.lunarstiiiness.com Microsoft-Windows-Sysmon[1288]: {"EventTime":1677864849,"Hostname":"win-server.lunarstiiiness.com","Keywords":-9223372036854775808,"EventType":"INFO","SeverityValue":2,"Severity":"INFO","EventID":22,"SourceName":"Microsoft-Windows-Sysmon","ProviderGuid":"{5770385F-C22A-43E0-BF4C-06F5698FFBD9}","Version":5,"Task":22,"OpcodeValue":0,"RecordNumber":930707,"ProcessID":1288,"ThreadID":2904,"Channel":"Microsoft-Windows-Sysmon/Operational","Domain":"NT AUTHORITY","AccountName":"SYSTEM","UserID":"S-1-5-18","AccountType":"User","Message":"Dns query:\r\nRuleName: -\r\nUtcTime: 2023-03-03 17:34:08.490\r\nProcessGuid: {BE59402F-2F72-6402-2901-000000001900}\r\nProcessId: 3556\r\nQueryName: edgestatic-ehf9gbe6gfdfdec4.z01.azurefd.net\r\nQueryStatus: 0\r\nQueryResults: type:  5 star-azurefd-prod.trafficmanager.net;type:  5 shed.dual-low.part-0010.t-0009.fdv2-t-msedge.net;type:  5 part-0010.t-0009.fdv2-t-msedge.net;13.107.238.38;13.107.237.38;\r\nImage: C:\\Program Files (x86)\\Microsoft\\Edge\\Application\\msedge.exe\r\nUser: LUNARSTIIINESS\\tim.smith_admin","Category":"Dns query (rule: DnsQuery)","Opcode":"Info","RuleName":"-","UtcTime":"2023-03-03 17:34:08.490","ProcessGuid":"{BE59402F-2F72-6402-2901-000000001900}","QueryName":"edgestatic-ehf9gbe6gfdfdec4.z01.azurefd.net","QueryStatus":"0","QueryResults":"type:  5 star-azurefd-prod.trafficmanager.net;type:  5 shed.dual-low.part-0010.t-0009.fdv2-t-msedge.net;type:  5 part-0010.t-0009.fdv2-t-msedge.net;13.107.238.38;13.107.237.38;","Image":"C:\\Program Files (x86)\\Microsoft\\Edge\\Application\\msedge.exe","User":"LUNARSTIIINESS\\tim.smith_admin","EventReceivedTime":1677864852,"SourceModuleName":"in_sysmon","SourceModuleType":"im_msvistalog"}
<14>Mar  3 17:34:14 win-server.lunarstiiiness.com Microsoft-Windows-Sysmon[1288]: {"EventTime":1677864853,"Hostname":"win-server.lunarstiiiness.com","Keywords":-9223372036854775808,"EventType":"INFO","SeverityValue":2,"Severity":"INFO","EventID":22,"SourceName":"Microsoft-Windows-Sysmon","ProviderGuid":"{5770385F-C22A-43E0-BF4C-06F5698FFBD9}","Version":5,"Task":22,"OpcodeValue":0,"RecordNumber":930709,"ProcessID":1288,"ThreadID":2904,"Channel":"Microsoft-Windows-Sysmon/Operational","Domain":"NT AUTHORITY","AccountName":"SYSTEM","UserID":"S-1-5-18","AccountType":"User","Message":"Dns query:\r\nRuleName: -\r\nUtcTime: 2023-03-03 17:34:12.504\r\nProcessGuid: {BE59402F-2F72-6402-2901-000000001900}\r\nProcessId: 3556\r\nQueryName: www.clarity.ms\r\nQueryStatus: 0\r\nQueryResults: type:  5 clarity.azurefd.net;type:  5 star-azurefd-prod.trafficmanager.net;type:  5 shed.dual-low.part-0010.t-0009.fdv2-t-msedge.net;type:  5 part-0010.t-0009.fdv2-t-msedge.net;13.107.238.38;13.107.237.38;\r\nImage: C:\\Program Files (x86)\\Microsoft\\Edge\\Application\\msedge.exe\r\nUser: LUNARSTIIINESS\\tim.smith_admin","Category":"Dns query (rule: DnsQuery)","Opcode":"Info","RuleName":"-","UtcTime":"2023-03-03 17:34:12.504","ProcessGuid":"{BE59402F-2F72-6402-2901-000000001900}","QueryName":"www.clarity.ms","QueryStatus":"0","QueryResults":"type:  5 clarity.azurefd.net;type:  5 star-azurefd-prod.trafficmanager.net;type:  5 shed.dual-low.part-0010.t-0009.fdv2-t-msedge.net;type:  5 part-0010.t-0009.fdv2-t-msedge.net;13.107.238.38;13.107.237.38;","Image":"C:\\Program Files (x86)\\Microsoft\\Edge\\Application\\msedge.exe","User":"LUNARSTIIINESS\\tim.smith_admin","EventReceivedTime":1677864854,"SourceModuleName":"in_sysmon","SourceModuleType":"im_msvistalog"}
<14>Mar  3 17:34:14 win-server.lunarstiiiness.com Microsoft-Windows-Sysmon[1288]: {"EventTime":1677864853,"Hostname":"win-server.lunarstiiiness.com","Keywords":-9223372036854775808,"EventType":"INFO","SeverityValue":2,"Severity":"INFO","EventID":22,"SourceName":"Microsoft-Windows-Sysmon","ProviderGuid":"{5770385F-C22A-43E0-BF4C-06F5698FFBD9}","Version":5,"Task":22,"OpcodeValue":0,"RecordNumber":930710,"ProcessID":1288,"ThreadID":2904,"Channel":"Microsoft-Windows-Sysmon/Operational","Domain":"NT AUTHORITY","AccountName":"SYSTEM","UserID":"S-1-5-18","AccountType":"User","Message":"Dns query:\r\nRuleName: -\r\nUtcTime: 2023-03-03 17:34:13.247\r\nProcessGuid: {BE59402F-2F72-6402-2901-000000001900}\r\nProcessId: 3556\r\nQueryName: c.clarity.ms\r\nQueryStatus: 0\r\nQueryResults: type:  5 c.msn.com;type:  5 c-msn-com-nsatc.trafficmanager.net;20.125.209.212;\r\nImage: C:\\Program Files (x86)\\Microsoft\\Edge\\Application\\msedge.exe\r\nUser: LUNARSTIIINESS\\tim.smith_admin","Category":"Dns query (rule: DnsQuery)","Opcode":"Info","RuleName":"-","UtcTime":"2023-03-03 17:34:13.247","ProcessGuid":"{BE59402F-2F72-6402-2901-000000001900}","QueryName":"c.clarity.ms","QueryStatus":"0","QueryResults":"type:  5 c.msn.com;type:  5 c-msn-com-nsatc.trafficmanager.net;20.125.209.212;","Image":"C:\\Program Files (x86)\\Microsoft\\Edge\\Application\\msedge.exe","User":"LUNARSTIIINESS\\tim.smith_admin","EventReceivedTime":1677864854,"SourceModuleName":"in_sysmon","SourceModuleType":"im_msvistalog"}
<14>Mar  3 17:34:18 win-server.lunarstiiiness.com Microsoft-Windows-Sysmon[1288]: {"EventTime":1677864855,"Hostname":"win-server.lunarstiiiness.com","Keywords":-9223372036854775808,"EventType":"INFO","SeverityValue":2,"Severity":"INFO","EventID":13,"SourceName":"Microsoft-Windows-Sysmon","ProviderGuid":"{5770385F-C22A-43E0-BF4C-06F5698FFBD9}","Version":2,"Task":13,"OpcodeValue":0,"RecordNumber":930712,"ProcessID":1288,"ThreadID":2884,"Channel":"Microsoft-Windows-Sysmon/Operational","Domain":"NT AUTHORITY","AccountName":"SYSTEM","UserID":"S-1-5-18","AccountType":"User","Message":"Registry value set:\r\nRuleName: technique_id=T1547.001,technique_name=Registry Run Keys / Start Folder\r\nEventType: SetValue\r\nUtcTime: 2023-03-03 17:34:15.874\r\nProcessGuid: {BE59402F-2F6B-6402-2601-000000001900}\r\nProcessId: 2220\r\nImage: C:\\Program Files (x86)\\Microsoft\\Edge\\Application\\msedge.exe\r\nTargetObject: HKU\\S-1-5-21-3263964631-4121654051-1417071188-1116\\SOFTWARE\\Microsoft\\Windows\\CurrentVersion\\Run\\MicrosoftEdgeAutoLaunch_3D966309DE4A2B71A632BB7882C24E82\r\nDetails: \"C:\\Program Files (x86)\\Microsoft\\Edge\\Application\\msedge.exe\" --no-startup-window --win-session-start /prefetch:5\r\nUser: LUNARSTIIINESS\\tim.smith_admin","Category":"Registry value set (rule: RegistryEvent)","Opcode":"Info","RuleName":"technique_id=T1547.001,technique_name=Registry Run Keys / Start Folder","UtcTime":"2023-03-03 17:34:15.874","ProcessGuid":"{BE59402F-2F6B-6402-2601-000000001900}","Image":"C:\\Program Files (x86)\\Microsoft\\Edge\\Application\\msedge.exe","TargetObject":"HKU\\S-1-5-21-3263964631-4121654051-1417071188-1116\\SOFTWARE\\Microsoft\\Windows\\CurrentVersion\\Run\\MicrosoftEdgeAutoLaunch_3D966309DE4A2B71A632BB7882C24E82","Details":"\"C:\\Program Files (x86)\\Microsoft\\Edge\\Application\\msedge.exe\" --no-startup-window --win-session-start /prefetch:5","User":"LUNARSTIIINESS\\tim.smith_admin","EventReceivedTime":1677864858,"SourceModuleName":"in_sysmon","SourceModuleType":"im_msvistalog"}
<14>Mar  3 17:34:18 win-server.lunarstiiiness.com Microsoft-Windows-Sysmon[1288]: {"EventTime":1677864855,"Hostname":"win-server.lunarstiiiness.com","Keywords":-9223372036854775808,"EventType":"INFO","SeverityValue":2,"Severity":"INFO","EventID":12,"SourceName":"Microsoft-Windows-Sysmon","ProviderGuid":"{5770385F-C22A-43E0-BF4C-06F5698FFBD9}","Version":2,"Task":12,"OpcodeValue":0,"RecordNumber":930711,"ProcessID":1288,"ThreadID":2884,"Channel":"Microsoft-Windows-Sysmon/Operational","Domain":"NT AUTHORITY","AccountName":"SYSTEM","UserID":"S-1-5-18","AccountType":"User","Message":"Registry object added or deleted:\r\nRuleName: technique_id=T1547.001,technique_name=Registry Run Keys / Start Folder\r\nEventType: CreateKey\r\nUtcTime: 2023-03-03 17:34:15.874\r\nProcessGuid: {BE59402F-2F6B-6402-2601-000000001900}\r\nProcessId: 2220\r\nImage: C:\\Program Files (x86)\\Microsoft\\Edge\\Application\\msedge.exe\r\nTargetObject: HKU\\S-1-5-21-3263964631-4121654051-1417071188-1116\\SOFTWARE\\Microsoft\\Windows\\CurrentVersion\\Run\r\nUser: LUNARSTIIINESS\\tim.smith_admin","Category":"Registry object added or deleted (rule: RegistryEvent)","Opcode":"Info","RuleName":"technique_id=T1547.001,technique_name=Registry Run Keys / Start Folder","UtcTime":"2023-03-03 17:34:15.874","ProcessGuid":"{BE59402F-2F6B-6402-2601-000000001900}","Image":"C:\\Program Files (x86)\\Microsoft\\Edge\\Application\\msedge.exe","TargetObject":"HKU\\S-1-5-21-3263964631-4121654051-1417071188-1116\\SOFTWARE\\Microsoft\\Windows\\CurrentVersion\\Run","User":"LUNARSTIIINESS\\tim.smith_admin","EventReceivedTime":1677864858,"SourceModuleName":"in_sysmon","SourceModuleType":"im_msvistalog"}
<14>Mar  3 17:34:23 win-server.lunarstiiiness.com Microsoft-Windows-Sysmon[1288]: {"EventTime":1677864856,"Hostname":"win-server.lunarstiiiness.com","Keywords":-9223372036854775808,"EventType":"INFO","SeverityValue":2,"Severity":"INFO","EventID":23,"SourceName":"Microsoft-Windows-Sysmon","ProviderGuid":"{5770385F-C22A-43E0-BF4C-06F5698FFBD9}","Version":5,"Task":23,"OpcodeValue":0,"RecordNumber":930713,"ProcessID":1288,"ThreadID":2884,"Channel":"Microsoft-Windows-Sysmon/Operational","Domain":"NT AUTHORITY","AccountName":"SYSTEM","UserID":"S-1-5-18","AccountType":"User","Message":"File Delete archived:\r\nRuleName: Scripts and payloads\r\nUtcTime: 2023-03-03 17:34:16.358\r\nProcessGuid: {BE59402F-2F98-6402-3B01-000000001900}\r\nProcessId: 5936\r\nUser: LUNARSTIIINESS\\tim.smith_admin\r\nImage: C:\\Program Files (x86)\\Microsoft\\Edge\\Application\\108.0.1462.76\\Installer\\setup.exe\r\nTargetFilename: C:\\Users\\tim.smith_admin\\AppData\\Roaming\\Microsoft\\Internet Explorer\\Quick Launch\\Microsoft Edge.lnk\r\nHashes: SHA1=078ABF3AF42E2904359C982CB58D8A137A91DDA4,MD5=F541F89BABE342E4C0E65C3AFFA1F790,SHA256=3C6FB118AF729E7252FF0E5F1C67268AD1F7C2A107C76FF5BA967E9522182488,IMPHASH=00000000000000000000000000000000\r\nIsExecutable: false\r\nArchived: false - insufficient disk space","Category":"File Delete archived (rule: FileDelete)","Opcode":"Info","RuleName":"Scripts and payloads","UtcTime":"2023-03-03 17:34:16.358","ProcessGuid":"{BE59402F-2F98-6402-3B01-000000001900}","User":"LUNARSTIIINESS\\tim.smith_admin","Image":"C:\\Program Files (x86)\\Microsoft\\Edge\\Application\\108.0.1462.76\\Installer\\setup.exe","TargetFilename":"C:\\Users\\tim.smith_admin\\AppData\\Roaming\\Microsoft\\Internet Explorer\\Quick Launch\\Microsoft Edge.lnk","Hashes":"SHA1=078ABF3AF42E2904359C982CB58D8A137A91DDA4,MD5=F541F89BABE342E4C0E65C3AFFA1F790,SHA256=3C6FB118AF729E7252FF0E5F1C67268AD1F7C2A107C76FF5BA967E9522182488,IMPHASH=00000000000000000000000000000000","IsExecutable":"false","Archived":"false - insufficient disk space","EventReceivedTime":1677864863,"SourceModuleName":"in_sysmon","SourceModuleType":"im_msvistalog"}
<14>Mar  3 17:34:24 win-server.lunarstiiiness.com Microsoft-Windows-Sysmon[1288]: {"EventTime":1677864858,"Hostname":"win-server.lunarstiiiness.com","Keywords":-9223372036854775808,"EventType":"INFO","SeverityValue":2,"Severity":"INFO","EventID":22,"SourceName":"Microsoft-Windows-Sysmon","ProviderGuid":"{5770385F-C22A-43E0-BF4C-06F5698FFBD9}","Version":5,"Task":22,"OpcodeValue":0,"RecordNumber":930715,"ProcessID":1288,"ThreadID":2904,"Channel":"Microsoft-Windows-Sysmon/Operational","Domain":"NT AUTHORITY","AccountName":"SYSTEM","UserID":"S-1-5-18","AccountType":"User","Message":"Dns query:\r\nRuleName: -\r\nUtcTime: 2023-03-03 17:34:17.448\r\nProcessGuid: {BE59402F-2F72-6402-2901-000000001900}\r\nProcessId: 3556\r\nQueryName: www.youtube.com\r\nQueryStatus: 0\r\nQueryResults: type:  5 youtube-ui.l.google.com;142.250.125.91;142.250.125.190;142.250.136.91;142.250.136.93;142.250.136.190;142.250.136.136;142.250.148.136;142.250.148.91;142.250.148.93;142.250.148.190;209.85.200.136;209.85.200.190;209.85.200.91;142.250.152.136;142.250.152.190;142.250.152.93;\r\nImage: C:\\Program Files (x86)\\Microsoft\\Edge\\Application\\msedge.exe\r\nUser: LUNARSTIIINESS\\tim.smith_admin","Category":"Dns query (rule: DnsQuery)","Opcode":"Info","RuleName":"-","UtcTime":"2023-03-03 17:34:17.448","ProcessGuid":"{BE59402F-2F72-6402-2901-000000001900}","QueryName":"www.youtube.com","QueryStatus":"0","QueryResults":"type:  5 youtube-ui.l.google.com;142.250.125.91;142.250.125.190;142.250.136.91;142.250.136.93;142.250.136.190;142.250.136.136;142.250.148.136;142.250.148.91;142.250.148.93;142.250.148.190;209.85.200.136;209.85.200.190;209.85.200.91;142.250.152.136;142.250.152.190;142.250.152.93;","Image":"C:\\Program Files (x86)\\Microsoft\\Edge\\Application\\msedge.exe","User":"LUNARSTIIINESS\\tim.smith_admin","EventReceivedTime":1677864864,"SourceModuleName":"in_sysmon","SourceModuleType":"im_msvistalog"}
<14>Mar  3 17:34:24 win-server.lunarstiiiness.com Microsoft-Windows-Sysmon[1288]: {"EventTime":1677864858,"Hostname":"win-server.lunarstiiiness.com","Keywords":-9223372036854775808,"EventType":"INFO","SeverityValue":2,"Severity":"INFO","EventID":22,"SourceName":"Microsoft-Windows-Sysmon","ProviderGuid":"{5770385F-C22A-43E0-BF4C-06F5698FFBD9}","Version":5,"Task":22,"OpcodeValue":0,"RecordNumber":930716,"ProcessID":1288,"ThreadID":2904,"Channel":"Microsoft-Windows-Sysmon/Operational","Domain":"NT AUTHORITY","AccountName":"SYSTEM","UserID":"S-1-5-18","AccountType":"User","Message":"Dns query:\r\nRuleName: -\r\nUtcTime: 2023-03-03 17:34:17.480\r\nProcessGuid: {BE59402F-2F72-6402-2901-000000001900}\r\nProcessId: 3556\r\nQueryName: www.facebook.com\r\nQueryStatus: 0\r\nQueryResults: type:  5 star-mini.c10r.facebook.com;157.240.254.35;\r\nImage: C:\\Program Files (x86)\\Microsoft\\Edge\\Application\\msedge.exe\r\nUser: LUNARSTIIINESS\\tim.smith_admin","Category":"Dns query (rule: DnsQuery)","Opcode":"Info","RuleName":"-","UtcTime":"2023-03-03 17:34:17.480","ProcessGuid":"{BE59402F-2F72-6402-2901-000000001900}","QueryName":"www.facebook.com","QueryStatus":"0","QueryResults":"type:  5 star-mini.c10r.facebook.com;157.240.254.35;","Image":"C:\\Program Files (x86)\\Microsoft\\Edge\\Application\\msedge.exe","User":"LUNARSTIIINESS\\tim.smith_admin","EventReceivedTime":1677864864,"SourceModuleName":"in_sysmon","SourceModuleType":"im_msvistalog"}
<14>Mar  3 17:34:24 win-server.lunarstiiiness.com Microsoft-Windows-Sysmon[1288]: {"EventTime":1677864858,"Hostname":"win-server.lunarstiiiness.com","Keywords":-9223372036854775808,"EventType":"INFO","SeverityValue":2,"Severity":"INFO","EventID":22,"SourceName":"Microsoft-Windows-Sysmon","ProviderGuid":"{5770385F-C22A-43E0-BF4C-06F5698FFBD9}","Version":5,"Task":22,"OpcodeValue":0,"RecordNumber":930717,"ProcessID":1288,"ThreadID":2904,"Channel":"Microsoft-Windows-Sysmon/Operational","Domain":"NT AUTHORITY","AccountName":"SYSTEM","UserID":"S-1-5-18","AccountType":"User","Message":"Dns query:\r\nRuleName: -\r\nUtcTime: 2023-03-03 17:34:17.481\r\nProcessGuid: {BE59402F-2F72-6402-2901-000000001900}\r\nProcessId: 3556\r\nQueryName: www.ebay.com\r\nQueryStatus: 0\r\nQueryResults: type:  5 slot9428.ebay.com.edgekey.net;type:  5 e9428.a.akamaiedge.net;23.200.45.4;\r\nImage: C:\\Program Files (x86)\\Microsoft\\Edge\\Application\\msedge.exe\r\nUser: LUNARSTIIINESS\\tim.smith_admin","Category":"Dns query (rule: DnsQuery)","Opcode":"Info","RuleName":"-","UtcTime":"2023-03-03 17:34:17.481","ProcessGuid":"{BE59402F-2F72-6402-2901-000000001900}","QueryName":"www.ebay.com","QueryStatus":"0","QueryResults":"type:  5 slot9428.ebay.com.edgekey.net;type:  5 e9428.a.akamaiedge.net;23.200.45.4;","Image":"C:\\Program Files (x86)\\Microsoft\\Edge\\Application\\msedge.exe","User":"LUNARSTIIINESS\\tim.smith_admin","EventReceivedTime":1677864864,"SourceModuleName":"in_sysmon","SourceModuleType":"im_msvistalog"}
<14>Mar  3 17:34:24 win-server.lunarstiiiness.com Microsoft-Windows-Sysmon[1288]: {"EventTime":1677864858,"Hostname":"win-server.lunarstiiiness.com","Keywords":-9223372036854775808,"EventType":"INFO","SeverityValue":2,"Severity":"INFO","EventID":22,"SourceName":"Microsoft-Windows-Sysmon","ProviderGuid":"{5770385F-C22A-43E0-BF4C-06F5698FFBD9}","Version":5,"Task":22,"OpcodeValue":0,"RecordNumber":930718,"ProcessID":1288,"ThreadID":2904,"Channel":"Microsoft-Windows-Sysmon/Operational","Domain":"NT AUTHORITY","AccountName":"SYSTEM","UserID":"S-1-5-18","AccountType":"User","Message":"Dns query:\r\nRuleName: -\r\nUtcTime: 2023-03-03 17:34:17.543\r\nProcessGuid: {BE59402F-2F72-6402-2901-000000001900}\r\nProcessId: 3556\r\nQueryName: www.bankofamerica.com\r\nQueryStatus: 0\r\nQueryResults: type:  5 wwwui.ecglb.bac.com;171.161.102.100;\r\nImage: C:\\Program Files (x86)\\Microsoft\\Edge\\Application\\msedge.exe\r\nUser: LUNARSTIIINESS\\tim.smith_admin","Category":"Dns query (rule: DnsQuery)","Opcode":"Info","RuleName":"-","UtcTime":"2023-03-03 17:34:17.543","ProcessGuid":"{BE59402F-2F72-6402-2901-000000001900}","QueryName":"www.bankofamerica.com","QueryStatus":"0","QueryResults":"type:  5 wwwui.ecglb.bac.com;171.161.102.100;","Image":"C:\\Program Files (x86)\\Microsoft\\Edge\\Application\\msedge.exe","User":"LUNARSTIIINESS\\tim.smith_admin","EventReceivedTime":1677864864,"SourceModuleName":"in_sysmon","SourceModuleType":"im_msvistalog"}
<14>Mar  3 17:34:24 win-server.lunarstiiiness.com Microsoft-Windows-Sysmon[1288]: {"EventTime":1677864858,"Hostname":"win-server.lunarstiiiness.com","Keywords":-9223372036854775808,"EventType":"INFO","SeverityValue":2,"Severity":"INFO","EventID":22,"SourceName":"Microsoft-Windows-Sysmon","ProviderGuid":"{5770385F-C22A-43E0-BF4C-06F5698FFBD9}","Version":5,"Task":22,"OpcodeValue":0,"RecordNumber":930719,"ProcessID":1288,"ThreadID":2904,"Channel":"Microsoft-Windows-Sysmon/Operational","Domain":"NT AUTHORITY","AccountName":"SYSTEM","UserID":"S-1-5-18","AccountType":"User","Message":"Dns query:\r\nRuleName: -\r\nUtcTime: 2023-03-03 17:34:17.545\r\nProcessGuid: {BE59402F-2F72-6402-2901-000000001900}\r\nProcessId: 3556\r\nQueryName: www.amazon.com\r\nQueryStatus: 0\r\nQueryResults: type:  5 tp.47cf2c8c9-frontier.amazon.com;type:  5 d3ag4hukkh62yn.cloudfront.net;99.84.166.150;\r\nImage: C:\\Program Files (x86)\\Microsoft\\Edge\\Application\\msedge.exe\r\nUser: LUNARSTIIINESS\\tim.smith_admin","Category":"Dns query (rule: DnsQuery)","Opcode":"Info","RuleName":"-","UtcTime":"2023-03-03 17:34:17.545","ProcessGuid":"{BE59402F-2F72-6402-2901-000000001900}","QueryName":"www.amazon.com","QueryStatus":"0","QueryResults":"type:  5 tp.47cf2c8c9-frontier.amazon.com;type:  5 d3ag4hukkh62yn.cloudfront.net;99.84.166.150;","Image":"C:\\Program Files (x86)\\Microsoft\\Edge\\Application\\msedge.exe","User":"LUNARSTIIINESS\\tim.smith_admin","EventReceivedTime":1677864864,"SourceModuleName":"in_sysmon","SourceModuleType":"im_msvistalog"}
<14>Mar  3 17:34:24 win-server.lunarstiiiness.com Microsoft-Windows-Sysmon[1288]: {"EventTime":1677864858,"Hostname":"win-server.lunarstiiiness.com","Keywords":-9223372036854775808,"EventType":"INFO","SeverityValue":2,"Severity":"INFO","EventID":22,"SourceName":"Microsoft-Windows-Sysmon","ProviderGuid":"{5770385F-C22A-43E0-BF4C-06F5698FFBD9}","Version":5,"Task":22,"OpcodeValue":0,"RecordNumber":930720,"ProcessID":1288,"ThreadID":2904,"Channel":"Microsoft-Windows-Sysmon/Operational","Domain":"NT AUTHORITY","AccountName":"SYSTEM","UserID":"S-1-5-18","AccountType":"User","Message":"Dns query:\r\nRuleName: -\r\nUtcTime: 2023-03-03 17:34:17.546\r\nProcessGuid: {BE59402F-2F72-6402-2901-000000001900}\r\nProcessId: 3556\r\nQueryName: www.office.com\r\nQueryStatus: 0\r\nQueryResults: type:  5 home-portal.office.com;type:  5 home-office365-com.b-0004.b-msedge.net;type:  5 b-0004.b-msedge.net;13.107.6.156;\r\nImage: C:\\Program Files (x86)\\Microsoft\\Edge\\Application\\msedge.exe\r\nUser: LUNARSTIIINESS\\tim.smith_admin","Category":"Dns query (rule: DnsQuery)","Opcode":"Info","RuleName":"-","UtcTime":"2023-03-03 17:34:17.546","ProcessGuid":"{BE59402F-2F72-6402-2901-000000001900}","QueryName":"www.office.com","QueryStatus":"0","QueryResults":"type:  5 home-portal.office.com;type:  5 home-office365-com.b-0004.b-msedge.net;type:  5 b-0004.b-msedge.net;13.107.6.156;","Image":"C:\\Program Files (x86)\\Microsoft\\Edge\\Application\\msedge.exe","User":"LUNARSTIIINESS\\tim.smith_admin","EventReceivedTime":1677864864,"SourceModuleName":"in_sysmon","SourceModuleType":"im_msvistalog"}
<14>Mar  3 17:34:24 win-server.lunarstiiiness.com Microsoft-Windows-Sysmon[1288]: {"EventTime":1677864858,"Hostname":"win-server.lunarstiiiness.com","Keywords":-9223372036854775808,"EventType":"INFO","SeverityValue":2,"Severity":"INFO","EventID":22,"SourceName":"Microsoft-Windows-Sysmon","ProviderGuid":"{5770385F-C22A-43E0-BF4C-06F5698FFBD9}","Version":5,"Task":22,"OpcodeValue":0,"RecordNumber":930721,"ProcessID":1288,"ThreadID":2904,"Channel":"Microsoft-Windows-Sysmon/Operational","Domain":"NT AUTHORITY","AccountName":"SYSTEM","UserID":"S-1-5-18","AccountType":"User","Message":"Dns query:\r\nRuleName: -\r\nUtcTime: 2023-03-03 17:34:17.948\r\nProcessGuid: {BE59402F-2F72-6402-2901-000000001900}\r\nProcessId: 3556\r\nQueryName: www.ups.com\r\nQueryStatus: 0\r\nQueryResults: type:  5 ev.ups.com.akadns.net;type:  5 ev1.ups.com.akadns.net;type:  5 ev2b.ups.com.edgekey.net;type:  5 ev2b.ups.com.edgekey.net.globalredir.akadns.net;type:  5 e13626.a.akamaiedge.net;23.200.45.121;\r\nImage: C:\\Program Files (x86)\\Microsoft\\Edge\\Application\\msedge.exe\r\nUser: LUNARSTIIINESS\\tim.smith_admin","Category":"Dns query (rule: DnsQuery)","Opcode":"Info","RuleName":"-","UtcTime":"2023-03-03 17:34:17.948","ProcessGuid":"{BE59402F-2F72-6402-2901-000000001900}","QueryName":"www.ups.com","QueryStatus":"0","QueryResults":"type:  5 ev.ups.com.akadns.net;type:  5 ev1.ups.com.akadns.net;type:  5 ev2b.ups.com.edgekey.net;type:  5 ev2b.ups.com.edgekey.net.globalredir.akadns.net;type:  5 e13626.a.akamaiedge.net;23.200.45.121;","Image":"C:\\Program Files (x86)\\Microsoft\\Edge\\Application\\msedge.exe","User":"LUNARSTIIINESS\\tim.smith_admin","EventReceivedTime":1677864864,"SourceModuleName":"in_sysmon","SourceModuleType":"im_msvistalog"}
<14>Mar  3 17:34:24 win-server.lunarstiiiness.com Microsoft-Windows-Sysmon[1288]: {"EventTime":1677864863,"Hostname":"win-server.lunarstiiiness.com","Keywords":-9223372036854775808,"EventType":"INFO","SeverityValue":2,"Severity":"INFO","EventID":22,"SourceName":"Microsoft-Windows-Sysmon","ProviderGuid":"{5770385F-C22A-43E0-BF4C-06F5698FFBD9}","Version":5,"Task":22,"OpcodeValue":0,"RecordNumber":930722,"ProcessID":1288,"ThreadID":2904,"Channel":"Microsoft-Windows-Sysmon/Operational","Domain":"NT AUTHORITY","AccountName":"SYSTEM","UserID":"S-1-5-18","AccountType":"User","Message":"Dns query:\r\nRuleName: -\r\nUtcTime: 2023-03-03 17:34:18.715\r\nProcessGuid: {BE59402F-2F72-6402-2901-000000001900}\r\nProcessId: 3556\r\nQueryName: www.wikipedia.org\r\nQueryStatus: 0\r\nQueryResults: type:  5 dyna.wikimedia.org;208.80.153.224;\r\nImage: C:\\Program Files (x86)\\Microsoft\\Edge\\Application\\msedge.exe\r\nUser: LUNARSTIIINESS\\tim.smith_admin","Category":"Dns query (rule: DnsQuery)","Opcode":"Info","RuleName":"-","UtcTime":"2023-03-03 17:34:18.715","ProcessGuid":"{BE59402F-2F72-6402-2901-000000001900}","QueryName":"www.wikipedia.org","QueryStatus":"0","QueryResults":"type:  5 dyna.wikimedia.org;208.80.153.224;","Image":"C:\\Program Files (x86)\\Microsoft\\Edge\\Application\\msedge.exe","User":"LUNARSTIIINESS\\tim.smith_admin","EventReceivedTime":1677864864,"SourceModuleName":"in_sysmon","SourceModuleType":"im_msvistalog"}
<14>Mar  3 17:34:24 win-server.lunarstiiiness.com Microsoft-Windows-Sysmon[1288]: {"EventTime":1677864863,"Hostname":"win-server.lunarstiiiness.com","Keywords":-9223372036854775808,"EventType":"INFO","SeverityValue":2,"Severity":"INFO","EventID":12,"SourceName":"Microsoft-Windows-Sysmon","ProviderGuid":"{5770385F-C22A-43E0-BF4C-06F5698FFBD9}","Version":2,"Task":12,"OpcodeValue":0,"RecordNumber":930723,"ProcessID":1288,"ThreadID":2884,"Channel":"Microsoft-Windows-Sysmon/Operational","Domain":"NT AUTHORITY","AccountName":"SYSTEM","UserID":"S-1-5-18","AccountType":"User","Message":"Registry object added or deleted:\r\nRuleName: technique_id=T1553.004,technique_name=Install Root Certificate\r\nEventType: CreateKey\r\nUtcTime: 2023-03-03 17:34:23.592\r\nProcessGuid: {BE59402F-2F6B-6402-2601-000000001900}\r\nProcessId: 2220\r\nImage: C:\\Program Files (x86)\\Microsoft\\Edge\\Application\\msedge.exe\r\nTargetObject: HKU\\S-1-5-21-3263964631-4121654051-1417071188-1116\\SOFTWARE\\Microsoft\\SystemCertificates\\CA\\Certificates\r\nUser: LUNARSTIIINESS\\tim.smith_admin","Category":"Registry object added or deleted (rule: RegistryEvent)","Opcode":"Info","RuleName":"technique_id=T1553.004,technique_name=Install Root Certificate","UtcTime":"2023-03-03 17:34:23.592","ProcessGuid":"{BE59402F-2F6B-6402-2601-000000001900}","Image":"C:\\Program Files (x86)\\Microsoft\\Edge\\Application\\msedge.exe","TargetObject":"HKU\\S-1-5-21-3263964631-4121654051-1417071188-1116\\SOFTWARE\\Microsoft\\SystemCertificates\\CA\\Certificates","User":"LUNARSTIIINESS\\tim.smith_admin","EventReceivedTime":1677864864,"SourceModuleName":"in_sysmon","SourceModuleType":"im_msvistalog"}
<14>Mar  3 17:34:24 win-server.lunarstiiiness.com Microsoft-Windows-Sysmon[1288]: {"EventTime":1677864863,"Hostname":"win-server.lunarstiiiness.com","Keywords":-9223372036854775808,"EventType":"INFO","SeverityValue":2,"Severity":"INFO","EventID":12,"SourceName":"Microsoft-Windows-Sysmon","ProviderGuid":"{5770385F-C22A-43E0-BF4C-06F5698FFBD9}","Version":2,"Task":12,"OpcodeValue":0,"RecordNumber":930724,"ProcessID":1288,"ThreadID":2884,"Channel":"Microsoft-Windows-Sysmon/Operational","Domain":"NT AUTHORITY","AccountName":"SYSTEM","UserID":"S-1-5-18","AccountType":"User","Message":"Registry object added or deleted:\r\nRuleName: technique_id=T1553.004,technique_name=Install Root Certificate\r\nEventType: CreateKey\r\nUtcTime: 2023-03-03 17:34:23.592\r\nProcessGuid: {BE59402F-2F6B-6402-2601-000000001900}\r\nProcessId: 2220\r\nImage: C:\\Program Files (x86)\\Microsoft\\Edge\\Application\\msedge.exe\r\nTargetObject: HKU\\S-1-5-21-3263964631-4121654051-1417071188-1116\\SOFTWARE\\Microsoft\\SystemCertificates\\CA\\Certificates\\56C9BCD63169B37F188156168E7898403AC642E4\r\nUser: LUNARSTIIINESS\\tim.smith_admin","Category":"Registry object added or deleted (rule: RegistryEvent)","Opcode":"Info","RuleName":"technique_id=T1553.004,technique_name=Install Root Certificate","UtcTime":"2023-03-03 17:34:23.592","ProcessGuid":"{BE59402F-2F6B-6402-2601-000000001900}","Image":"C:\\Program Files (x86)\\Microsoft\\Edge\\Application\\msedge.exe","TargetObject":"HKU\\S-1-5-21-3263964631-4121654051-1417071188-1116\\SOFTWARE\\Microsoft\\SystemCertificates\\CA\\Certificates\\56C9BCD63169B37F188156168E7898403AC642E4","User":"LUNARSTIIINESS\\tim.smith_admin","EventReceivedTime":1677864864,"SourceModuleName":"in_sysmon","SourceModuleType":"im_msvistalog"}
<14>Mar  3 17:34:24 win-server.lunarstiiiness.com Microsoft-Windows-Sysmon[1288]: {"EventTime":1677864863,"Hostname":"win-server.lunarstiiiness.com","Keywords":-9223372036854775808,"EventType":"INFO","SeverityValue":2,"Severity":"INFO","EventID":13,"SourceName":"Microsoft-Windows-Sysmon","ProviderGuid":"{5770385F-C22A-43E0-BF4C-06F5698FFBD9}","Version":2,"Task":13,"OpcodeValue":0,"RecordNumber":930725,"ProcessID":1288,"ThreadID":2884,"Channel":"Microsoft-Windows-Sysmon/Operational","Domain":"NT AUTHORITY","AccountName":"SYSTEM","UserID":"S-1-5-18","AccountType":"User","Message":"Registry value set:\r\nRuleName: technique_id=T1553.004,technique_name=Install Root Certificate\r\nEventType: SetValue\r\nUtcTime: 2023-03-03 17:34:23.592\r\nProcessGuid: {BE59402F-2F6B-6402-2601-000000001900}\r\nProcessId: 2220\r\nImage: C:\\Program Files (x86)\\Microsoft\\Edge\\Application\\msedge.exe\r\nTargetObject: HKU\\S-1-5-21-3263964631-4121654051-1417071188-1116\\SOFTWARE\\Microsoft\\SystemCertificates\\CA\\Certificates\\56C9BCD63169B37F188156168E7898403AC642E4\\Blob\r\nDetails: Binary Data\r\nUser: LUNARSTIIINESS\\tim.smith_admin","Category":"Registry value set (rule: RegistryEvent)","Opcode":"Info","RuleName":"technique_id=T1553.004,technique_name=Install Root Certificate","UtcTime":"2023-03-03 17:34:23.592","ProcessGuid":"{BE59402F-2F6B-6402-2601-000000001900}","Image":"C:\\Program Files (x86)\\Microsoft\\Edge\\Application\\msedge.exe","TargetObject":"HKU\\S-1-5-21-3263964631-4121654051-1417071188-1116\\SOFTWARE\\Microsoft\\SystemCertificates\\CA\\Certificates\\56C9BCD63169B37F188156168E7898403AC642E4\\Blob","Details":"Binary Data","User":"LUNARSTIIINESS\\tim.smith_admin","EventReceivedTime":1677864864,"SourceModuleName":"in_sysmon","SourceModuleType":"im_msvistalog"}
<14>Mar  3 17:34:24 win-server.lunarstiiiness.com Microsoft-Windows-Sysmon[1288]: {"EventTime":1677864864,"Hostname":"win-server.lunarstiiiness.com","Keywords":-9223372036854775808,"EventType":"INFO","SeverityValue":2,"Severity":"INFO","EventID":22,"SourceName":"Microsoft-Windows-Sysmon","ProviderGuid":"{5770385F-C22A-43E0-BF4C-06F5698FFBD9}","Version":5,"Task":22,"OpcodeValue":0,"RecordNumber":930726,"ProcessID":1288,"ThreadID":2904,"Channel":"Microsoft-Windows-Sysmon/Operational","Domain":"NT AUTHORITY","AccountName":"SYSTEM","UserID":"S-1-5-18","AccountType":"User","Message":"Dns query:\r\nRuleName: -\r\nUtcTime: 2023-03-03 17:34:23.740\r\nProcessGuid: {BE59402F-2F6B-6402-2601-000000001900}\r\nProcessId: 2220\r\nQueryName: crt.comodoca.com\r\nQueryStatus: 0\r\nQueryResults: ::ffff:91.199.212.52;\r\nImage: C:\\Program Files (x86)\\Microsoft\\Edge\\Application\\msedge.exe\r\nUser: LUNARSTIIINESS\\tim.smith_admin","Category":"Dns query (rule: DnsQuery)","Opcode":"Info","RuleName":"-","UtcTime":"2023-03-03 17:34:23.740","ProcessGuid":"{BE59402F-2F6B-6402-2601-000000001900}","QueryName":"crt.comodoca.com","QueryStatus":"0","QueryResults":"::ffff:91.199.212.52;","Image":"C:\\Program Files (x86)\\Microsoft\\Edge\\Application\\msedge.exe","User":"LUNARSTIIINESS\\tim.smith_admin","EventReceivedTime":1677864864,"SourceModuleName":"in_sysmon","SourceModuleType":"im_msvistalog"}
<14>Mar  3 17:34:26 win-server.lunarstiiiness.com Microsoft-Windows-Sysmon[1288]: {"EventTime":1677864865,"Hostname":"win-server.lunarstiiiness.com","Keywords":-9223372036854775808,"EventType":"INFO","SeverityValue":2,"Severity":"INFO","EventID":22,"SourceName":"Microsoft-Windows-Sysmon","ProviderGuid":"{5770385F-C22A-43E0-BF4C-06F5698FFBD9}","Version":5,"Task":22,"OpcodeValue":0,"RecordNumber":930727,"ProcessID":1288,"ThreadID":2904,"Channel":"Microsoft-Windows-Sysmon/Operational","Domain":"NT AUTHORITY","AccountName":"SYSTEM","UserID":"S-1-5-18","AccountType":"User","Message":"Dns query:\r\nRuleName: -\r\nUtcTime: 2023-03-03 17:34:24.784\r\nProcessGuid: {BE59402F-2F72-6402-2901-000000001900}\r\nProcessId: 3556\r\nQueryName: static.xx.fbcdn.net\r\nQueryStatus: 0\r\nQueryResults: type:  5 scontent.xx.fbcdn.net;157.240.254.7;\r\nImage: C:\\Program Files (x86)\\Microsoft\\Edge\\Application\\msedge.exe\r\nUser: LUNARSTIIINESS\\tim.smith_admin","Category":"Dns query (rule: DnsQuery)","Opcode":"Info","RuleName":"-","UtcTime":"2023-03-03 17:34:24.784","ProcessGuid":"{BE59402F-2F72-6402-2901-000000001900}","QueryName":"static.xx.fbcdn.net","QueryStatus":"0","QueryResults":"type:  5 scontent.xx.fbcdn.net;157.240.254.7;","Image":"C:\\Program Files (x86)\\Microsoft\\Edge\\Application\\msedge.exe","User":"LUNARSTIIINESS\\tim.smith_admin","EventReceivedTime":1677864866,"SourceModuleName":"in_sysmon","SourceModuleType":"im_msvistalog"}
<14>Mar  3 17:34:27 win-server.lunarstiiiness.com Microsoft-Windows-Sysmon[1288]: {"EventTime":1677864866,"Hostname":"win-server.lunarstiiiness.com","Keywords":-9223372036854775808,"EventType":"INFO","SeverityValue":2,"Severity":"INFO","EventID":22,"SourceName":"Microsoft-Windows-Sysmon","ProviderGuid":"{5770385F-C22A-43E0-BF4C-06F5698FFBD9}","Version":5,"Task":22,"OpcodeValue":0,"RecordNumber":930728,"ProcessID":1288,"ThreadID":2904,"Channel":"Microsoft-Windows-Sysmon/Operational","Domain":"NT AUTHORITY","AccountName":"SYSTEM","UserID":"S-1-5-18","AccountType":"User","Message":"Dns query:\r\nRuleName: -\r\nUtcTime: 2023-03-03 17:34:26.203\r\nProcessGuid: {BE59402F-2F72-6402-2901-000000001900}\r\nProcessId: 3556\r\nQueryName: images-na.ssl-images-amazon.com\r\nQueryStatus: 0\r\nQueryResults: type:  5 m.media-amazon.com;type:  5 tp.c47710ee9-frontier.media-amazon.com;type:  5 c.media-amazon.com;13.249.92.6;\r\nImage: C:\\Program Files (x86)\\Microsoft\\Edge\\Application\\msedge.exe\r\nUser: LUNARSTIIINESS\\tim.smith_admin","Category":"Dns query (rule: DnsQuery)","Opcode":"Info","RuleName":"-","UtcTime":"2023-03-03 17:34:26.203","ProcessGuid":"{BE59402F-2F72-6402-2901-000000001900}","QueryName":"images-na.ssl-images-amazon.com","QueryStatus":"0","QueryResults":"type:  5 m.media-amazon.com;type:  5 tp.c47710ee9-frontier.media-amazon.com;type:  5 c.media-amazon.com;13.249.92.6;","Image":"C:\\Program Files (x86)\\Microsoft\\Edge\\Application\\msedge.exe","User":"LUNARSTIIINESS\\tim.smith_admin","EventReceivedTime":1677864867,"SourceModuleName":"in_sysmon","SourceModuleType":"im_msvistalog"}
<14>Mar  3 17:34:30 win-server.lunarstiiiness.com Microsoft-Windows-Sysmon[1288]: {"EventTime":1677864869,"Hostname":"win-server.lunarstiiiness.com","Keywords":-9223372036854775808,"EventType":"INFO","SeverityValue":2,"Severity":"INFO","EventID":22,"SourceName":"Microsoft-Windows-Sysmon","ProviderGuid":"{5770385F-C22A-43E0-BF4C-06F5698FFBD9}","Version":5,"Task":22,"OpcodeValue":0,"RecordNumber":930729,"ProcessID":1288,"ThreadID":2904,"Channel":"Microsoft-Windows-Sysmon/Operational","Domain":"NT AUTHORITY","AccountName":"SYSTEM","UserID":"S-1-5-18","AccountType":"User","Message":"Dns query:\r\nRuleName: -\r\nUtcTime: 2023-03-03 17:34:28.539\r\nProcessGuid: {BE59402F-2F72-6402-2901-000000001900}\r\nProcessId: 3556\r\nQueryName: fls-na.amazon.com\r\nQueryStatus: 0\r\nQueryResults: type:  5 gateway.prod.us-east-1.forester.a2z.com;type:  5 endpoint.prod.us-east-1.forester.a2z.com;3.208.146.38;54.236.151.210;44.207.129.176;23.21.83.178;34.205.208.16;34.224.108.136;3.221.46.90;44.207.187.141;\r\nImage: C:\\Program Files (x86)\\Microsoft\\Edge\\Application\\msedge.exe\r\nUser: LUNARSTIIINESS\\tim.smith_admin","Category":"Dns query (rule: DnsQuery)","Opcode":"Info","RuleName":"-","UtcTime":"2023-03-03 17:34:28.539","ProcessGuid":"{BE59402F-2F72-6402-2901-000000001900}","QueryName":"fls-na.amazon.com","QueryStatus":"0","QueryResults":"type:  5 gateway.prod.us-east-1.forester.a2z.com;type:  5 endpoint.prod.us-east-1.forester.a2z.com;3.208.146.38;54.236.151.210;44.207.129.176;23.21.83.178;34.205.208.16;34.224.108.136;3.221.46.90;44.207.187.141;","Image":"C:\\Program Files (x86)\\Microsoft\\Edge\\Application\\msedge.exe","User":"LUNARSTIIINESS\\tim.smith_admin","EventReceivedTime":1677864870,"SourceModuleName":"in_sysmon","SourceModuleType":"im_msvistalog"}
