<14>Mar  3 17:39:12 win-server.lunarstiiiness.com Microsoft-Windows-Sysmon[1288]: {"EventTime":1677865151,"Hostname":"win-server.lunarstiiiness.com","Keywords":-9223372036854775808,"EventType":"INFO","SeverityValue":2,"Severity":"INFO","EventID":7,"SourceName":"Microsoft-Windows-Sysmon","ProviderGuid":"{5770385F-C22A-43E0-BF4C-06F5698FFBD9}","Version":3,"Task":7,"OpcodeValue":0,"RecordNumber":934863,"ProcessID":1288,"ThreadID":2884,"Channel":"Microsoft-Windows-Sysmon/Operational","Domain":"NT AUTHORITY","AccountName":"SYSTEM","UserID":"S-1-5-18","AccountType":"User","Message":"Image loaded:\r\nRuleName: -\r\nUtcTime: 2023-03-03 17:39:11.845\r\nProcessGuid: {BE59402F-30BF-6402-7A01-000000001900}\r\nProcessId: 5576\r\nImage: C:\\Program Files\\Google\\Chrome\\Application\\chrome.exe\r\nImageLoaded: C:\\Windows\\System32\\urlmon.dll\r\nFileVersion: 11.00.14393.5582 (rs1_release.221130-1719)\r\nDescription: OLE32 Extensions for Win32\r\nProduct: Internet Explorer\r\nCompany: Microsoft Corporation\r\nOriginalFileName: UrlMon.dll\r\nHashes: SHA1=C04C26B634733A5132FEB47281829DA870E481F2,MD5=A99B52D97035B13B4C06366E1ABE05E7,SHA256=4009730BE3CE17F80A98BEB323FFF3626AF02B7EAE64601B2A0BEF8B87145E9F,IMPHASH=B5AFB93FCF976F12D390F994AD9F4967\r\nSigned: true\r\nSignature: Microsoft Windows\r\nSignatureStatus: Valid\r\nUser: LUNARSTIIINESS\\tim.smith_admin","Category":"Image loaded (rule: ImageLoad)","Opcode":"Info","RuleName":"-","UtcTime":"2023-03-03 17:39:11.845","ProcessGuid":"{BE59402F-30BF-6402-7A01-000000001900}","Image":"C:\\Program Files\\Google\\Chrome\\Application\\chrome.exe","ImageLoaded":"C:\\Windows\\System32\\urlmon.dll","FileVersion":"11.00.14393.5582 (rs1_release.221130-1719)","Description":"OLE32 Extensions for Win32","Product":"Internet Explorer","Company":"Microsoft Corporation","OriginalFileName":"UrlMon.dll","Hashes":"SHA1=C04C26B634733A5132FEB47281829DA870E481F2,MD5=A99B52D97035B13B4C06366E1ABE05E7,SHA256=4009730BE3CE17F80A98BEB323FFF3626AF02B7EAE64601B2A0BEF8B87145E9F,IMPHASH=B5AFB93FCF976F12D390F994AD9F4967","Signed":"true","Signature":"Microsoft Windows","SignatureStatus":"Valid","User":"LUNARSTIIINESS\\tim.smith_admin","EventReceivedTime":1677865152,"SourceModuleName":"in_sysmon","SourceModuleType":"im_msvistalog"}
<14>Mar  3 17:39:12 win-server.lunarstiiiness.com Microsoft-Windows-Sysmon[1288]: {"EventTime":1677865151,"Hostname":"win-server.lunarstiiiness.com","Keywords":-9223372036854775808,"EventType":"INFO","SeverityValue":2,"Severity":"INFO","EventID":7,"SourceName":"Microsoft-Windows-Sysmon","ProviderGuid":"{5770385F-C22A-43E0-BF4C-06F5698FFBD9}","Version":3,"Task":7,"OpcodeValue":0,"RecordNumber":934864,"ProcessID":1288,"ThreadID":2884,"Channel":"Microsoft-Windows-Sysmon/Operational","Domain":"NT AUTHORITY","AccountName":"SYSTEM","UserID":"S-1-5-18","AccountType":"User","Message":"Image loaded:\r\nRuleName: technique_id=T1574.002,technique_name=DLL Side-Loading\r\nUtcTime: 2023-03-03 17:39:11.892\r\nProcessGuid: {BE59402F-30BF-6402-7A01-000000001900}\r\nProcessId: 5576\r\nImage: C:\\Program Files\\Google\\Chrome\\Application\\chrome.exe\r\nImageLoaded: C:\\ProgramData\\Microsoft\\Windows Defender\\platform\\4.18.2301.6-0\\MpOAV.dll\r\nFileVersion: 4.18.2301.6 (WinBuild.160101.0800)\r\nDescription: IOfficeAntiVirus Module\r\nProduct: Microsoft Windows Operating System\r\nCompany: Microsoft Corporation\r\nOriginalFileName: MpOAV.dll\r\nHashes: SHA1=7732F335107D52E6B047CE73A3A1D59BBD588961,MD5=7CCA50089F2F2E7875F4C33EAF1BE04A,SHA256=7385820EE9C2102DE2DCCEEF0F9B12A984DB8258BDAB143C1B54E021859EF218,IMPHASH=BBE9A959881A86A7C90B3C47D47F83B8\r\nSigned: true\r\nSignature: Microsoft Windows\r\nSignatureStatus: Valid\r\nUser: LUNARSTIIINESS\\tim.smith_admin","Category":"Image loaded (rule: ImageLoad)","Opcode":"Info","RuleName":"technique_id=T1574.002,technique_name=DLL Side-Loading","UtcTime":"2023-03-03 17:39:11.892","ProcessGuid":"{BE59402F-30BF-6402-7A01-000000001900}","Image":"C:\\Program Files\\Google\\Chrome\\Application\\chrome.exe","ImageLoaded":"C:\\ProgramData\\Microsoft\\Windows Defender\\platform\\4.18.2301.6-0\\MpOAV.dll","FileVersion":"4.18.2301.6 (WinBuild.160101.0800)","Description":"IOfficeAntiVirus Module","Product":"Microsoft Windows Operating System","Company":"Microsoft Corporation","OriginalFileName":"MpOAV.dll","Hashes":"SHA1=7732F335107D52E6B047CE73A3A1D59BBD588961,MD5=7CCA50089F2F2E7875F4C33EAF1BE04A,SHA256=7385820EE9C2102DE2DCCEEF0F9B12A984DB8258BDAB143C1B54E021859EF218,IMPHASH=BBE9A959881A86A7C90B3C47D47F83B8","Signed":"true","Signature":"Microsoft Windows","SignatureStatus":"Valid","User":"LUNARSTIIINESS\\tim.smith_admin","EventReceivedTime":1677865152,"SourceModuleName":"in_sysmon","SourceModuleType":"im_msvistalog"}
<14>Mar  3 17:39:12 win-server.lunarstiiiness.com Microsoft-Windows-Sysmon[1288]: {"EventTime":1677865151,"Hostname":"win-server.lunarstiiiness.com","Keywords":-9223372036854775808,"EventType":"INFO","SeverityValue":2,"Severity":"INFO","EventID":7,"SourceName":"Microsoft-Windows-Sysmon","ProviderGuid":"{5770385F-C22A-43E0-BF4C-06F5698FFBD9}","Version":3,"Task":7,"OpcodeValue":0,"RecordNumber":934865,"ProcessID":1288,"ThreadID":2884,"Channel":"Microsoft-Windows-Sysmon/Operational","Domain":"NT AUTHORITY","AccountName":"SYSTEM","UserID":"S-1-5-18","AccountType":"User","Message":"Image loaded:\r\nRuleName: technique_id=T1574.002,technique_name=DLL Side-Loading\r\nUtcTime: 2023-03-03 17:39:11.893\r\nProcessGuid: {BE59402F-30BF-6402-7A01-000000001900}\r\nProcessId: 5576\r\nImage: C:\\Program Files\\Google\\Chrome\\Application\\chrome.exe\r\nImageLoaded: C:\\ProgramData\\Microsoft\\Windows Defender\\platform\\4.18.2301.6-0\\MpClient.dll\r\nFileVersion: 4.18.2301.6 (WinBuild.160101.0800)\r\nDescription: Client Interface\r\nProduct: Microsoft Windows Operating System\r\nCompany: Microsoft Corporation\r\nOriginalFileName: mpclient.dll\r\nHashes: SHA1=390069C7EF8A2BC87E6045E9DBF03C16E40D603C,MD5=21952FAB3F2CBB78D3F0722A5532EA6E,SHA256=2BBF7F267AE0E6393D4F5AD25FF4337A8CA12BAEC6C6D40B7A372F0BC462065D,IMPHASH=FA273F64BC3C7761E65A3098FA21F85A\r\nSigned: true\r\nSignature: Microsoft Windows\r\nSignatureStatus: Valid\r\nUser: LUNARSTIIINESS\\tim.smith_admin","Category":"Image loaded (rule: ImageLoad)","Opcode":"Info","RuleName":"technique_id=T1574.002,technique_name=DLL Side-Loading","UtcTime":"2023-03-03 17:39:11.893","ProcessGuid":"{BE59402F-30BF-6402-7A01-000000001900}","Image":"C:\\Program Files\\Google\\Chrome\\Application\\chrome.exe","ImageLoaded":"C:\\ProgramData\\Microsoft\\Windows Defender\\platform\\4.18.2301.6-0\\MpClient.dll","FileVersion":"4.18.2301.6 (WinBuild.160101.0800)","Description":"Client Interface","Product":"Microsoft Windows Operating System","Company":"Microsoft Corporation","OriginalFileName":"mpclient.dll","Hashes":"SHA1=390069C7EF8A2BC87E6045E9DBF03C16E40D603C,MD5=21952FAB3F2CBB78D3F0722A5532EA6E,SHA256=2BBF7F267AE0E6393D4F5AD25FF4337A8CA12BAEC6C6D40B7A372F0BC462065D,IMPHASH=FA273F64BC3C7761E65A3098FA21F85A","Signed":"true","Signature":"Microsoft Windows","SignatureStatus":"Valid","User":"LUNARSTIIINESS\\tim.smith_admin","EventReceivedTime":1677865152,"SourceModuleName":"in_sysmon","SourceModuleType":"im_msvistalog"}
<14>Mar  3 17:39:12 win-server.lunarstiiiness.com Microsoft-Windows-Sysmon[1288]: {"EventTime":1677865151,"Hostname":"win-server.lunarstiiiness.com","Keywords":-9223372036854775808,"EventType":"INFO","SeverityValue":2,"Severity":"INFO","EventID":15,"SourceName":"Microsoft-Windows-Sysmon","ProviderGuid":"{5770385F-C22A-43E0-BF4C-06F5698FFBD9}","Version":2,"Task":15,"OpcodeValue":0,"RecordNumber":934866,"ProcessID":1288,"ThreadID":2884,"Channel":"Microsoft-Windows-Sysmon/Operational","Domain":"NT AUTHORITY","AccountName":"SYSTEM","UserID":"S-1-5-18","AccountType":"User","Message":"File stream created:\r\nRuleName: -\r\nUtcTime: 2023-03-03 17:39:11.930\r\nProcessGuid: {BE59402F-30BF-6402-7A01-000000001900}\r\nProcessId: 5576\r\nImage: C:\\Program Files\\Google\\Chrome\\Application\\chrome.exe\r\nTargetFilename: C:\\Users\\tim.smith_admin\\Downloads\\4ad43986f7130d8d1a40f0377e0c1ada1115fae3e972b339f728d0e794b4a20f.zip\r\nCreationUtcTime: 2023-03-03 17:39:11.405\r\nHash: SHA1=9172EF18AD1D0E5AA0E947321DBD2ED38BD7755D,MD5=4406D7271B00328218723B0A89FB953B,SHA256=4AD43986F7130D8D1A40F0377E0C1ADA1115FAE3E972B339F728D0E794B4A20F,IMPHASH=00000000000000000000000000000000\r\nContents: -\r\nUser: LUNARSTIIINESS\\tim.smith_admin","Category":"File stream created (rule: FileCreateStreamHash)","Opcode":"Info","RuleName":"-","UtcTime":"2023-03-03 17:39:11.930","ProcessGuid":"{BE59402F-30BF-6402-7A01-000000001900}","Image":"C:\\Program Files\\Google\\Chrome\\Application\\chrome.exe","TargetFilename":"C:\\Users\\tim.smith_admin\\Downloads\\4ad43986f7130d8d1a40f0377e0c1ada1115fae3e972b339f728d0e794b4a20f.zip","CreationUtcTime":"2023-03-03 17:39:11.405","Hash":"SHA1=9172EF18AD1D0E5AA0E947321DBD2ED38BD7755D,MD5=4406D7271B00328218723B0A89FB953B,SHA256=4AD43986F7130D8D1A40F0377E0C1ADA1115FAE3E972B339F728D0E794B4A20F,IMPHASH=00000000000000000000000000000000","Contents":"-","User":"LUNARSTIIINESS\\tim.smith_admin","EventReceivedTime":1677865152,"SourceModuleName":"in_sysmon","SourceModuleType":"im_msvistalog"}
<14>Mar  3 17:39:12 win-server.lunarstiiiness.com Microsoft-Windows-Sysmon[1288]: {"EventTime":1677865151,"Hostname":"win-server.lunarstiiiness.com","Keywords":-9223372036854775808,"EventType":"INFO","SeverityValue":2,"Severity":"INFO","EventID":15,"SourceName":"Microsoft-Windows-Sysmon","ProviderGuid":"{5770385F-C22A-43E0-BF4C-06F5698FFBD9}","Version":2,"Task":15,"OpcodeValue":0,"RecordNumber":934868,"ProcessID":1288,"ThreadID":2884,"Channel":"Microsoft-Windows-Sysmon/Operational","Domain":"NT AUTHORITY","AccountName":"SYSTEM","UserID":"S-1-5-18","AccountType":"User","Message":"File stream created:\r\nRuleName: technique_id=T1189,technique_name=Drive-by Compromise\r\nUtcTime: 2023-03-03 17:39:11.943\r\nProcessGuid: {BE59402F-30BF-6402-7A01-000000001900}\r\nProcessId: 5576\r\nImage: C:\\Program Files\\Google\\Chrome\\Application\\chrome.exe\r\nTargetFilename: C:\\Users\\tim.smith_admin\\Downloads\\4ad43986f7130d8d1a40f0377e0c1ada1115fae3e972b339f728d0e794b4a20f.zip:Zone.Identifier\r\nCreationUtcTime: 2023-03-03 17:39:11.405\r\nHash: SHA1=D59FC84CDD5217C6CF74785703655F78DA6B582B,MD5=FBCCF14D504B7B2DBCB5A5BDA75BD93B,SHA256=EACD09517CE90D34BA562171D15AC40D302F0E691B439F91BE1B6406E25F5913,IMPHASH=00000000000000000000000000000000\r\nContents: [ZoneTransfer]  ZoneId=3  \r\nUser: LUNARSTIIINESS\\tim.smith_admin","Category":"File stream created (rule: FileCreateStreamHash)","Opcode":"Info","RuleName":"technique_id=T1189,technique_name=Drive-by Compromise","UtcTime":"2023-03-03 17:39:11.943","ProcessGuid":"{BE59402F-30BF-6402-7A01-000000001900}","Image":"C:\\Program Files\\Google\\Chrome\\Application\\chrome.exe","TargetFilename":"C:\\Users\\tim.smith_admin\\Downloads\\4ad43986f7130d8d1a40f0377e0c1ada1115fae3e972b339f728d0e794b4a20f.zip:Zone.Identifier","CreationUtcTime":"2023-03-03 17:39:11.405","Hash":"SHA1=D59FC84CDD5217C6CF74785703655F78DA6B582B,MD5=FBCCF14D504B7B2DBCB5A5BDA75BD93B,SHA256=EACD09517CE90D34BA562171D15AC40D302F0E691B439F91BE1B6406E25F5913,IMPHASH=00000000000000000000000000000000","Contents":"[ZoneTransfer]  ZoneId=3  ","User":"LUNARSTIIINESS\\tim.smith_admin","EventReceivedTime":1677865152,"SourceModuleName":"in_sysmon","SourceModuleType":"im_msvistalog"}
<14>Mar  3 17:39:13 win-server.lunarstiiiness.com Microsoft-Windows-Sysmon[1288]: {"EventTime":1677865153,"Hostname":"win-server.lunarstiiiness.com","Keywords":-9223372036854775808,"EventType":"INFO","SeverityValue":2,"Severity":"INFO","EventID":1,"SourceName":"Microsoft-Windows-Sysmon","ProviderGuid":"{5770385F-C22A-43E0-BF4C-06F5698FFBD9}","Version":5,"Task":1,"OpcodeValue":0,"RecordNumber":934886,"ProcessID":1288,"ThreadID":2884,"Channel":"Microsoft-Windows-Sysmon/Operational","Domain":"NT AUTHORITY","AccountName":"SYSTEM","UserID":"S-1-5-18","AccountType":"User","Message":"Process Create:\r\nRuleName: technique_id=T1047,technique_name=Windows Management Instrumentation\r\nUtcTime: 2023-03-03 17:39:12.979\r\nProcessGuid: {BE59402F-30C0-6402-7C01-000000001900}\r\nProcessId: 5872\r\nImage: C:\\Windows\\System32\\wbem\\WmiPrvSE.exe\r\nFileVersion: 10.0.14393.2155 (rs1_release_1.180305-1842)\r\nDescription: WMI Provider Host\r\nProduct: Microsoft Windows Operating System\r\nCompany: Microsoft Corporation\r\nOriginalFileName: Wmiprvse.exe\r\nCommandLine: C:\\Windows\\system32\\wbem\\wmiprvse.exe -secured -Embedding\r\nCurrentDirectory: C:\\Windows\\system32\\\r\nUser: NT AUTHORITY\\NETWORK SERVICE\r\nLogonGuid: {BE59402F-260C-6402-E403-000000000000}\r\nLogonId: 0x3E4\r\nTerminalSessionId: 0\r\nIntegrityLevel: System\r\nHashes: SHA1=57C833DCCF890B8AD092E74A1A730BADEE39E79D,MD5=E1BCE838CD2695999AB34215BF94B501,SHA256=1D7B11C9DEDDAD4F77E5B7F01DDDDA04F3747E512E0AA23D39E4226854D26CA2,IMPHASH=20C3512CFF09FABFB994B8B9DBF73B4F\r\nParentProcessGuid: {BE59402F-260C-6402-0C00-000000001900}\r\nParentProcessId: 608\r\nParentImage: C:\\Windows\\System32\\svchost.exe\r\nParentCommandLine: C:\\Windows\\system32\\svchost.exe -k DcomLaunch\r\nParentUser: NT AUTHORITY\\SYSTEM","Category":"Process Create (rule: ProcessCreate)","Opcode":"Info","RuleName":"technique_id=T1047,technique_name=Windows Management Instrumentation","UtcTime":"2023-03-03 17:39:12.979","ProcessGuid":"{BE59402F-30C0-6402-7C01-000000001900}","Image":"C:\\Windows\\System32\\wbem\\WmiPrvSE.exe","FileVersion":"10.0.14393.2155 (rs1_release_1.180305-1842)","Description":"WMI Provider Host","Product":"Microsoft Windows Operating System","Company":"Microsoft Corporation","OriginalFileName":"Wmiprvse.exe","CommandLine":"C:\\Windows\\system32\\wbem\\wmiprvse.exe -secured -Embedding","CurrentDirectory":"C:\\Windows\\system32\\","User":"NT AUTHORITY\\NETWORK SERVICE","LogonGuid":"{BE59402F-260C-6402-E403-000000000000}","LogonId":"0x3e4","TerminalSessionId":"0","IntegrityLevel":"System","Hashes":"SHA1=57C833DCCF890B8AD092E74A1A730BADEE39E79D,MD5=E1BCE838CD2695999AB34215BF94B501,SHA256=1D7B11C9DEDDAD4F77E5B7F01DDDDA04F3747E512E0AA23D39E4226854D26CA2,IMPHASH=20C3512CFF09FABFB994B8B9DBF73B4F","ParentProcessGuid":"{BE59402F-260C-6402-0C00-000000001900}","ParentProcessId":"608","ParentImage":"C:\\Windows\\System32\\svchost.exe","ParentCommandLine":"C:\\Windows\\system32\\svchost.exe -k DcomLaunch","ParentUser":"NT AUTHORITY\\SYSTEM","EventReceivedTime":1677865153,"SourceModuleName":"in_sysmon","SourceModuleType":"im_msvistalog"}
<14>Mar  3 17:39:13 win-server.lunarstiiiness.com Microsoft-Windows-Sysmon[1288]: {"EventTime":1677865153,"Hostname":"win-server.lunarstiiiness.com","Keywords":-9223372036854775808,"EventType":"INFO","SeverityValue":2,"Severity":"INFO","EventID":7,"SourceName":"Microsoft-Windows-Sysmon","ProviderGuid":"{5770385F-C22A-43E0-BF4C-06F5698FFBD9}","Version":3,"Task":7,"OpcodeValue":0,"RecordNumber":934888,"ProcessID":1288,"ThreadID":2888,"Channel":"Microsoft-Windows-Sysmon/Operational","Domain":"NT AUTHORITY","AccountName":"SYSTEM","UserID":"S-1-5-18","AccountType":"User","Message":"Image loaded:\r\nRuleName: technique_id=T1047,technique_name=Windows Management Instrumentation\r\nUtcTime: 2023-03-03 17:39:13.176\r\nProcessGuid: {BE59402F-30C0-6402-7C01-000000001900}\r\nProcessId: 5872\r\nImage: C:\\Windows\\System32\\wbem\\WmiPrvSE.exe\r\nImageLoaded: C:\\Windows\\System32\\wbem\\wmiutils.dll\r\nFileVersion: 10.0.14393.4169 (rs1_release.210107-1130)\r\nDescription: WMI\r\nProduct: Microsoft Windows Operating System\r\nCompany: Microsoft Corporation\r\nOriginalFileName: wmiutils.dll\r\nHashes: SHA1=A46DDC1EB4C9D2507D83A0FF53556F679A9DBA24,MD5=5179B0DEF3AB5CAC3BA02316AF1B6B40,SHA256=FA4112CB0D1A133C41FD001F958F0BE930BB49072BF97A3D765AEA8DB841ABC4,IMPHASH=EE3767E8CDC80CCB91A8FC0A7407A4A9\r\nSigned: true\r\nSignature: Microsoft Windows\r\nSignatureStatus: Valid\r\nUser: NT AUTHORITY\\NETWORK SERVICE","Category":"Image loaded (rule: ImageLoad)","Opcode":"Info","RuleName":"technique_id=T1047,technique_name=Windows Management Instrumentation","UtcTime":"2023-03-03 17:39:13.176","ProcessGuid":"{BE59402F-30C0-6402-7C01-000000001900}","Image":"C:\\Windows\\System32\\wbem\\WmiPrvSE.exe","ImageLoaded":"C:\\Windows\\System32\\wbem\\wmiutils.dll","FileVersion":"10.0.14393.4169 (rs1_release.210107-1130)","Description":"WMI","Product":"Microsoft Windows Operating System","Company":"Microsoft Corporation","OriginalFileName":"wmiutils.dll","Hashes":"SHA1=A46DDC1EB4C9D2507D83A0FF53556F679A9DBA24,MD5=5179B0DEF3AB5CAC3BA02316AF1B6B40,SHA256=FA4112CB0D1A133C41FD001F958F0BE930BB49072BF97A3D765AEA8DB841ABC4,IMPHASH=EE3767E8CDC80CCB91A8FC0A7407A4A9","Signed":"true","Signature":"Microsoft Windows","SignatureStatus":"Valid","User":"NT AUTHORITY\\NETWORK SERVICE","EventReceivedTime":1677865153,"SourceModuleName":"in_sysmon","SourceModuleType":"im_msvistalog"}
<14>Mar  3 17:39:15 win-server.lunarstiiiness.com Microsoft-Windows-Sysmon[1288]: {"EventTime":1677865155,"Hostname":"win-server.lunarstiiiness.com","Keywords":-9223372036854775808,"EventType":"INFO","SeverityValue":2,"Severity":"INFO","EventID":12,"SourceName":"Microsoft-Windows-Sysmon","ProviderGuid":"{5770385F-C22A-43E0-BF4C-06F5698FFBD9}","Version":2,"Task":12,"OpcodeValue":0,"RecordNumber":934933,"ProcessID":1288,"ThreadID":2884,"Channel":"Microsoft-Windows-Sysmon/Operational","Domain":"NT AUTHORITY","AccountName":"SYSTEM","UserID":"S-1-5-18","AccountType":"User","Message":"Registry object added or deleted:\r\nRuleName: technique_id=T1553.004,technique_name=Install Root Certificate\r\nEventType: CreateKey\r\nUtcTime: 2023-03-03 17:39:15.388\r\nProcessGuid: {BE59402F-30C3-6402-7D01-000000001900}\r\nProcessId: 5684\r\nImage: C:\\Program Files\\Google\\Chrome\\Application\\chrome.exe\r\nTargetObject: HKU\\S-1-5-21-3263964631-4121654051-1417071188-1116\\SOFTWARE\\Microsoft\\SystemCertificates\\Root\\Certificates\r\nUser: LUNARSTIIINESS\\tim.smith_admin","Category":"Registry object added or deleted (rule: RegistryEvent)","Opcode":"Info","RuleName":"technique_id=T1553.004,technique_name=Install Root Certificate","UtcTime":"2023-03-03 17:39:15.388","ProcessGuid":"{BE59402F-30C3-6402-7D01-000000001900}","Image":"C:\\Program Files\\Google\\Chrome\\Application\\chrome.exe","TargetObject":"HKU\\S-1-5-21-3263964631-4121654051-1417071188-1116\\SOFTWARE\\Microsoft\\SystemCertificates\\Root\\Certificates","User":"LUNARSTIIINESS\\tim.smith_admin","EventReceivedTime":1677865155,"SourceModuleName":"in_sysmon","SourceModuleType":"im_msvistalog"}
<14>Mar  3 17:39:15 win-server.lunarstiiiness.com Microsoft-Windows-Sysmon[1288]: {"EventTime":1677865155,"Hostname":"win-server.lunarstiiiness.com","Keywords":-9223372036854775808,"EventType":"INFO","SeverityValue":2,"Severity":"INFO","EventID":12,"SourceName":"Microsoft-Windows-Sysmon","ProviderGuid":"{5770385F-C22A-43E0-BF4C-06F5698FFBD9}","Version":2,"Task":12,"OpcodeValue":0,"RecordNumber":934932,"ProcessID":1288,"ThreadID":2884,"Channel":"Microsoft-Windows-Sysmon/Operational","Domain":"NT AUTHORITY","AccountName":"SYSTEM","UserID":"S-1-5-18","AccountType":"User","Message":"Registry object added or deleted:\r\nRuleName: technique_id=T1553.004,technique_name=Install Root Certificate\r\nEventType: CreateKey\r\nUtcTime: 2023-03-03 17:39:15.388\r\nProcessGuid: {BE59402F-30C3-6402-7D01-000000001900}\r\nProcessId: 5684\r\nImage: C:\\Program Files\\Google\\Chrome\\Application\\chrome.exe\r\nTargetObject: HKU\\S-1-5-21-3263964631-4121654051-1417071188-1116\\SOFTWARE\\Microsoft\\SystemCertificates\\CA\\Certificates\r\nUser: LUNARSTIIINESS\\tim.smith_admin","Category":"Registry object added or deleted (rule: RegistryEvent)","Opcode":"Info","RuleName":"technique_id=T1553.004,technique_name=Install Root Certificate","UtcTime":"2023-03-03 17:39:15.388","ProcessGuid":"{BE59402F-30C3-6402-7D01-000000001900}","Image":"C:\\Program Files\\Google\\Chrome\\Application\\chrome.exe","TargetObject":"HKU\\S-1-5-21-3263964631-4121654051-1417071188-1116\\SOFTWARE\\Microsoft\\SystemCertificates\\CA\\Certificates","User":"LUNARSTIIINESS\\tim.smith_admin","EventReceivedTime":1677865155,"SourceModuleName":"in_sysmon","SourceModuleType":"im_msvistalog"}
<14>Mar  3 17:39:22 win-server.lunarstiiiness.com Microsoft-Windows-Sysmon[1288]: {"EventTime":1677865161,"Hostname":"win-server.lunarstiiiness.com","Keywords":-9223372036854775808,"EventType":"INFO","SeverityValue":2,"Severity":"INFO","EventID":7,"SourceName":"Microsoft-Windows-Sysmon","ProviderGuid":"{5770385F-C22A-43E0-BF4C-06F5698FFBD9}","Version":3,"Task":7,"OpcodeValue":0,"RecordNumber":935053,"ProcessID":1288,"ThreadID":2884,"Channel":"Microsoft-Windows-Sysmon/Operational","Domain":"NT AUTHORITY","AccountName":"SYSTEM","UserID":"S-1-5-18","AccountType":"User","Message":"Image loaded:\r\nRuleName: -\r\nUtcTime: 2023-03-03 17:39:21.985\r\nProcessGuid: {BE59402F-30C9-6402-7E01-000000001900}\r\nProcessId: 5708\r\nImage: C:\\Program Files\\Google\\Chrome\\Application\\chrome.exe\r\nImageLoaded: C:\\Windows\\System32\\urlmon.dll\r\nFileVersion: 11.00.14393.5582 (rs1_release.221130-1719)\r\nDescription: OLE32 Extensions for Win32\r\nProduct: Internet Explorer\r\nCompany: Microsoft Corporation\r\nOriginalFileName: UrlMon.dll\r\nHashes: SHA1=C04C26B634733A5132FEB47281829DA870E481F2,MD5=A99B52D97035B13B4C06366E1ABE05E7,SHA256=4009730BE3CE17F80A98BEB323FFF3626AF02B7EAE64601B2A0BEF8B87145E9F,IMPHASH=B5AFB93FCF976F12D390F994AD9F4967\r\nSigned: true\r\nSignature: Microsoft Windows\r\nSignatureStatus: Valid\r\nUser: LUNARSTIIINESS\\tim.smith_admin","Category":"Image loaded (rule: ImageLoad)","Opcode":"Info","RuleName":"-","UtcTime":"2023-03-03 17:39:21.985","ProcessGuid":"{BE59402F-30C9-6402-7E01-000000001900}","Image":"C:\\Program Files\\Google\\Chrome\\Application\\chrome.exe","ImageLoaded":"C:\\Windows\\System32\\urlmon.dll","FileVersion":"11.00.14393.5582 (rs1_release.221130-1719)","Description":"OLE32 Extensions for Win32","Product":"Internet Explorer","Company":"Microsoft Corporation","OriginalFileName":"UrlMon.dll","Hashes":"SHA1=C04C26B634733A5132FEB47281829DA870E481F2,MD5=A99B52D97035B13B4C06366E1ABE05E7,SHA256=4009730BE3CE17F80A98BEB323FFF3626AF02B7EAE64601B2A0BEF8B87145E9F,IMPHASH=B5AFB93FCF976F12D390F994AD9F4967","Signed":"true","Signature":"Microsoft Windows","SignatureStatus":"Valid","User":"LUNARSTIIINESS\\tim.smith_admin","EventReceivedTime":1677865162,"SourceModuleName":"in_sysmon","SourceModuleType":"im_msvistalog"}
<14>Mar  3 17:39:22 win-server.lunarstiiiness.com Microsoft-Windows-Sysmon[1288]: {"EventTime":1677865162,"Hostname":"win-server.lunarstiiiness.com","Keywords":-9223372036854775808,"EventType":"INFO","SeverityValue":2,"Severity":"INFO","EventID":7,"SourceName":"Microsoft-Windows-Sysmon","ProviderGuid":"{5770385F-C22A-43E0-BF4C-06F5698FFBD9}","Version":3,"Task":7,"OpcodeValue":0,"RecordNumber":935054,"ProcessID":1288,"ThreadID":2884,"Channel":"Microsoft-Windows-Sysmon/Operational","Domain":"NT AUTHORITY","AccountName":"SYSTEM","UserID":"S-1-5-18","AccountType":"User","Message":"Image loaded:\r\nRuleName: technique_id=T1574.002,technique_name=DLL Side-Loading\r\nUtcTime: 2023-03-03 17:39:22.009\r\nProcessGuid: {BE59402F-30C9-6402-7E01-000000001900}\r\nProcessId: 5708\r\nImage: C:\\Program Files\\Google\\Chrome\\Application\\chrome.exe\r\nImageLoaded: C:\\ProgramData\\Microsoft\\Windows Defender\\platform\\4.18.2301.6-0\\MpOAV.dll\r\nFileVersion: 4.18.2301.6 (WinBuild.160101.0800)\r\nDescription: IOfficeAntiVirus Module\r\nProduct: Microsoft Windows Operating System\r\nCompany: Microsoft Corporation\r\nOriginalFileName: MpOAV.dll\r\nHashes: SHA1=7732F335107D52E6B047CE73A3A1D59BBD588961,MD5=7CCA50089F2F2E7875F4C33EAF1BE04A,SHA256=7385820EE9C2102DE2DCCEEF0F9B12A984DB8258BDAB143C1B54E021859EF218,IMPHASH=BBE9A959881A86A7C90B3C47D47F83B8\r\nSigned: true\r\nSignature: Microsoft Windows\r\nSignatureStatus: Valid\r\nUser: LUNARSTIIINESS\\tim.smith_admin","Category":"Image loaded (rule: ImageLoad)","Opcode":"Info","RuleName":"technique_id=T1574.002,technique_name=DLL Side-Loading","UtcTime":"2023-03-03 17:39:22.009","ProcessGuid":"{BE59402F-30C9-6402-7E01-000000001900}","Image":"C:\\Program Files\\Google\\Chrome\\Application\\chrome.exe","ImageLoaded":"C:\\ProgramData\\Microsoft\\Windows Defender\\platform\\4.18.2301.6-0\\MpOAV.dll","FileVersion":"4.18.2301.6 (WinBuild.160101.0800)","Description":"IOfficeAntiVirus Module","Product":"Microsoft Windows Operating System","Company":"Microsoft Corporation","OriginalFileName":"MpOAV.dll","Hashes":"SHA1=7732F335107D52E6B047CE73A3A1D59BBD588961,MD5=7CCA50089F2F2E7875F4C33EAF1BE04A,SHA256=7385820EE9C2102DE2DCCEEF0F9B12A984DB8258BDAB143C1B54E021859EF218,IMPHASH=BBE9A959881A86A7C90B3C47D47F83B8","Signed":"true","Signature":"Microsoft Windows","SignatureStatus":"Valid","User":"LUNARSTIIINESS\\tim.smith_admin","EventReceivedTime":1677865162,"SourceModuleName":"in_sysmon","SourceModuleType":"im_msvistalog"}
<14>Mar  3 17:39:22 win-server.lunarstiiiness.com Microsoft-Windows-Sysmon[1288]: {"EventTime":1677865162,"Hostname":"win-server.lunarstiiiness.com","Keywords":-9223372036854775808,"EventType":"INFO","SeverityValue":2,"Severity":"INFO","EventID":7,"SourceName":"Microsoft-Windows-Sysmon","ProviderGuid":"{5770385F-C22A-43E0-BF4C-06F5698FFBD9}","Version":3,"Task":7,"OpcodeValue":0,"RecordNumber":935055,"ProcessID":1288,"ThreadID":2884,"Channel":"Microsoft-Windows-Sysmon/Operational","Domain":"NT AUTHORITY","AccountName":"SYSTEM","UserID":"S-1-5-18","AccountType":"User","Message":"Image loaded:\r\nRuleName: technique_id=T1574.002,technique_name=DLL Side-Loading\r\nUtcTime: 2023-03-03 17:39:22.010\r\nProcessGuid: {BE59402F-30C9-6402-7E01-000000001900}\r\nProcessId: 5708\r\nImage: C:\\Program Files\\Google\\Chrome\\Application\\chrome.exe\r\nImageLoaded: C:\\ProgramData\\Microsoft\\Windows Defender\\platform\\4.18.2301.6-0\\MpClient.dll\r\nFileVersion: 4.18.2301.6 (WinBuild.160101.0800)\r\nDescription: Client Interface\r\nProduct: Microsoft Windows Operating System\r\nCompany: Microsoft Corporation\r\nOriginalFileName: mpclient.dll\r\nHashes: SHA1=390069C7EF8A2BC87E6045E9DBF03C16E40D603C,MD5=21952FAB3F2CBB78D3F0722A5532EA6E,SHA256=2BBF7F267AE0E6393D4F5AD25FF4337A8CA12BAEC6C6D40B7A372F0BC462065D,IMPHASH=FA273F64BC3C7761E65A3098FA21F85A\r\nSigned: true\r\nSignature: Microsoft Windows\r\nSignatureStatus: Valid\r\nUser: LUNARSTIIINESS\\tim.smith_admin","Category":"Image loaded (rule: ImageLoad)","Opcode":"Info","RuleName":"technique_id=T1574.002,technique_name=DLL Side-Loading","UtcTime":"2023-03-03 17:39:22.010","ProcessGuid":"{BE59402F-30C9-6402-7E01-000000001900}","Image":"C:\\Program Files\\Google\\Chrome\\Application\\chrome.exe","ImageLoaded":"C:\\ProgramData\\Microsoft\\Windows Defender\\platform\\4.18.2301.6-0\\MpClient.dll","FileVersion":"4.18.2301.6 (WinBuild.160101.0800)","Description":"Client Interface","Product":"Microsoft Windows Operating System","Company":"Microsoft Corporation","OriginalFileName":"mpclient.dll","Hashes":"SHA1=390069C7EF8A2BC87E6045E9DBF03C16E40D603C,MD5=21952FAB3F2CBB78D3F0722A5532EA6E,SHA256=2BBF7F267AE0E6393D4F5AD25FF4337A8CA12BAEC6C6D40B7A372F0BC462065D,IMPHASH=FA273F64BC3C7761E65A3098FA21F85A","Signed":"true","Signature":"Microsoft Windows","SignatureStatus":"Valid","User":"LUNARSTIIINESS\\tim.smith_admin","EventReceivedTime":1677865162,"SourceModuleName":"in_sysmon","SourceModuleType":"im_msvistalog"}
<14>Mar  3 17:39:23 win-server.lunarstiiiness.com Microsoft-Windows-Sysmon[1288]: {"EventTime":1677865162,"Hostname":"win-server.lunarstiiiness.com","Keywords":-9223372036854775808,"EventType":"INFO","SeverityValue":2,"Severity":"INFO","EventID":15,"SourceName":"Microsoft-Windows-Sysmon","ProviderGuid":"{5770385F-C22A-43E0-BF4C-06F5698FFBD9}","Version":2,"Task":15,"OpcodeValue":0,"RecordNumber":935056,"ProcessID":1288,"ThreadID":2884,"Channel":"Microsoft-Windows-Sysmon/Operational","Domain":"NT AUTHORITY","AccountName":"SYSTEM","UserID":"S-1-5-18","AccountType":"User","Message":"File stream created:\r\nRuleName: -\r\nUtcTime: 2023-03-03 17:39:22.057\r\nProcessGuid: {BE59402F-30C9-6402-7E01-000000001900}\r\nProcessId: 5708\r\nImage: C:\\Program Files\\Google\\Chrome\\Application\\chrome.exe\r\nTargetFilename: C:\\Users\\tim.smith_admin\\Downloads\\4ad43986f7130d8d1a40f0377e0c1ada1115fae3e972b339f728d0e794b4a20f (1).zip\r\nCreationUtcTime: 2023-03-03 17:39:21.716\r\nHash: SHA1=9172EF18AD1D0E5AA0E947321DBD2ED38BD7755D,MD5=4406D7271B00328218723B0A89FB953B,SHA256=4AD43986F7130D8D1A40F0377E0C1ADA1115FAE3E972B339F728D0E794B4A20F,IMPHASH=00000000000000000000000000000000\r\nContents: -\r\nUser: LUNARSTIIINESS\\tim.smith_admin","Category":"File stream created (rule: FileCreateStreamHash)","Opcode":"Info","RuleName":"-","UtcTime":"2023-03-03 17:39:22.057","ProcessGuid":"{BE59402F-30C9-6402-7E01-000000001900}","Image":"C:\\Program Files\\Google\\Chrome\\Application\\chrome.exe","TargetFilename":"C:\\Users\\tim.smith_admin\\Downloads\\4ad43986f7130d8d1a40f0377e0c1ada1115fae3e972b339f728d0e794b4a20f (1).zip","CreationUtcTime":"2023-03-03 17:39:21.716","Hash":"SHA1=9172EF18AD1D0E5AA0E947321DBD2ED38BD7755D,MD5=4406D7271B00328218723B0A89FB953B,SHA256=4AD43986F7130D8D1A40F0377E0C1ADA1115FAE3E972B339F728D0E794B4A20F,IMPHASH=00000000000000000000000000000000","Contents":"-","User":"LUNARSTIIINESS\\tim.smith_admin","EventReceivedTime":1677865163,"SourceModuleName":"in_sysmon","SourceModuleType":"im_msvistalog"}
<14>Mar  3 17:39:23 win-server.lunarstiiiness.com Microsoft-Windows-Sysmon[1288]: {"EventTime":1677865162,"Hostname":"win-server.lunarstiiiness.com","Keywords":-9223372036854775808,"EventType":"INFO","SeverityValue":2,"Severity":"INFO","EventID":15,"SourceName":"Microsoft-Windows-Sysmon","ProviderGuid":"{5770385F-C22A-43E0-BF4C-06F5698FFBD9}","Version":2,"Task":15,"OpcodeValue":0,"RecordNumber":935058,"ProcessID":1288,"ThreadID":2884,"Channel":"Microsoft-Windows-Sysmon/Operational","Domain":"NT AUTHORITY","AccountName":"SYSTEM","UserID":"S-1-5-18","AccountType":"User","Message":"File stream created:\r\nRuleName: technique_id=T1189,technique_name=Drive-by Compromise\r\nUtcTime: 2023-03-03 17:39:22.084\r\nProcessGuid: {BE59402F-30C9-6402-7E01-000000001900}\r\nProcessId: 5708\r\nImage: C:\\Program Files\\Google\\Chrome\\Application\\chrome.exe\r\nTargetFilename: C:\\Users\\tim.smith_admin\\Downloads\\4ad43986f7130d8d1a40f0377e0c1ada1115fae3e972b339f728d0e794b4a20f (1).zip:Zone.Identifier\r\nCreationUtcTime: 2023-03-03 17:39:21.716\r\nHash: SHA1=D59FC84CDD5217C6CF74785703655F78DA6B582B,MD5=FBCCF14D504B7B2DBCB5A5BDA75BD93B,SHA256=EACD09517CE90D34BA562171D15AC40D302F0E691B439F91BE1B6406E25F5913,IMPHASH=00000000000000000000000000000000\r\nContents: [ZoneTransfer]  ZoneId=3  \r\nUser: LUNARSTIIINESS\\tim.smith_admin","Category":"File stream created (rule: FileCreateStreamHash)","Opcode":"Info","RuleName":"technique_id=T1189,technique_name=Drive-by Compromise","UtcTime":"2023-03-03 17:39:22.084","ProcessGuid":"{BE59402F-30C9-6402-7E01-000000001900}","Image":"C:\\Program Files\\Google\\Chrome\\Application\\chrome.exe","TargetFilename":"C:\\Users\\tim.smith_admin\\Downloads\\4ad43986f7130d8d1a40f0377e0c1ada1115fae3e972b339f728d0e794b4a20f (1).zip:Zone.Identifier","CreationUtcTime":"2023-03-03 17:39:21.716","Hash":"SHA1=D59FC84CDD5217C6CF74785703655F78DA6B582B,MD5=FBCCF14D504B7B2DBCB5A5BDA75BD93B,SHA256=EACD09517CE90D34BA562171D15AC40D302F0E691B439F91BE1B6406E25F5913,IMPHASH=00000000000000000000000000000000","Contents":"[ZoneTransfer]  ZoneId=3  ","User":"LUNARSTIIINESS\\tim.smith_admin","EventReceivedTime":1677865163,"SourceModuleName":"in_sysmon","SourceModuleType":"im_msvistalog"}
<14>Mar  3 17:39:27 win-server.lunarstiiiness.com Microsoft-Windows-Sysmon[1288]: {"EventTime":1677865166,"Hostname":"win-server.lunarstiiiness.com","Keywords":-9223372036854775808,"EventType":"INFO","SeverityValue":2,"Severity":"INFO","EventID":7,"SourceName":"Microsoft-Windows-Sysmon","ProviderGuid":"{5770385F-C22A-43E0-BF4C-06F5698FFBD9}","Version":3,"Task":7,"OpcodeValue":0,"RecordNumber":935159,"ProcessID":1288,"ThreadID":2884,"Channel":"Microsoft-Windows-Sysmon/Operational","Domain":"NT AUTHORITY","AccountName":"SYSTEM","UserID":"S-1-5-18","AccountType":"User","Message":"Image loaded:\r\nRuleName: -\r\nUtcTime: 2023-03-03 17:39:26.060\r\nProcessGuid: {BE59402F-30CD-6402-7F01-000000001900}\r\nProcessId: 3088\r\nImage: C:\\Program Files\\Google\\Chrome\\Application\\chrome.exe\r\nImageLoaded: C:\\Windows\\System32\\urlmon.dll\r\nFileVersion: 11.00.14393.5582 (rs1_release.221130-1719)\r\nDescription: OLE32 Extensions for Win32\r\nProduct: Internet Explorer\r\nCompany: Microsoft Corporation\r\nOriginalFileName: UrlMon.dll\r\nHashes: SHA1=C04C26B634733A5132FEB47281829DA870E481F2,MD5=A99B52D97035B13B4C06366E1ABE05E7,SHA256=4009730BE3CE17F80A98BEB323FFF3626AF02B7EAE64601B2A0BEF8B87145E9F,IMPHASH=B5AFB93FCF976F12D390F994AD9F4967\r\nSigned: true\r\nSignature: Microsoft Windows\r\nSignatureStatus: Valid\r\nUser: LUNARSTIIINESS\\tim.smith_admin","Category":"Image loaded (rule: ImageLoad)","Opcode":"Info","RuleName":"-","UtcTime":"2023-03-03 17:39:26.060","ProcessGuid":"{BE59402F-30CD-6402-7F01-000000001900}","Image":"C:\\Program Files\\Google\\Chrome\\Application\\chrome.exe","ImageLoaded":"C:\\Windows\\System32\\urlmon.dll","FileVersion":"11.00.14393.5582 (rs1_release.221130-1719)","Description":"OLE32 Extensions for Win32","Product":"Internet Explorer","Company":"Microsoft Corporation","OriginalFileName":"UrlMon.dll","Hashes":"SHA1=C04C26B634733A5132FEB47281829DA870E481F2,MD5=A99B52D97035B13B4C06366E1ABE05E7,SHA256=4009730BE3CE17F80A98BEB323FFF3626AF02B7EAE64601B2A0BEF8B87145E9F,IMPHASH=B5AFB93FCF976F12D390F994AD9F4967","Signed":"true","Signature":"Microsoft Windows","SignatureStatus":"Valid","User":"LUNARSTIIINESS\\tim.smith_admin","EventReceivedTime":1677865167,"SourceModuleName":"in_sysmon","SourceModuleType":"im_msvistalog"}
<14>Mar  3 17:39:27 win-server.lunarstiiiness.com Microsoft-Windows-Sysmon[1288]: {"EventTime":1677865166,"Hostname":"win-server.lunarstiiiness.com","Keywords":-9223372036854775808,"EventType":"INFO","SeverityValue":2,"Severity":"INFO","EventID":7,"SourceName":"Microsoft-Windows-Sysmon","ProviderGuid":"{5770385F-C22A-43E0-BF4C-06F5698FFBD9}","Version":3,"Task":7,"OpcodeValue":0,"RecordNumber":935161,"ProcessID":1288,"ThreadID":2884,"Channel":"Microsoft-Windows-Sysmon/Operational","Domain":"NT AUTHORITY","AccountName":"SYSTEM","UserID":"S-1-5-18","AccountType":"User","Message":"Image loaded:\r\nRuleName: technique_id=T1574.002,technique_name=DLL Side-Loading\r\nUtcTime: 2023-03-03 17:39:26.107\r\nProcessGuid: {BE59402F-30CD-6402-7F01-000000001900}\r\nProcessId: 3088\r\nImage: C:\\Program Files\\Google\\Chrome\\Application\\chrome.exe\r\nImageLoaded: C:\\ProgramData\\Microsoft\\Windows Defender\\platform\\4.18.2301.6-0\\MpClient.dll\r\nFileVersion: 4.18.2301.6 (WinBuild.160101.0800)\r\nDescription: Client Interface\r\nProduct: Microsoft Windows Operating System\r\nCompany: Microsoft Corporation\r\nOriginalFileName: mpclient.dll\r\nHashes: SHA1=390069C7EF8A2BC87E6045E9DBF03C16E40D603C,MD5=21952FAB3F2CBB78D3F0722A5532EA6E,SHA256=2BBF7F267AE0E6393D4F5AD25FF4337A8CA12BAEC6C6D40B7A372F0BC462065D,IMPHASH=FA273F64BC3C7761E65A3098FA21F85A\r\nSigned: true\r\nSignature: Microsoft Windows\r\nSignatureStatus: Valid\r\nUser: LUNARSTIIINESS\\tim.smith_admin","Category":"Image loaded (rule: ImageLoad)","Opcode":"Info","RuleName":"technique_id=T1574.002,technique_name=DLL Side-Loading","UtcTime":"2023-03-03 17:39:26.107","ProcessGuid":"{BE59402F-30CD-6402-7F01-000000001900}","Image":"C:\\Program Files\\Google\\Chrome\\Application\\chrome.exe","ImageLoaded":"C:\\ProgramData\\Microsoft\\Windows Defender\\platform\\4.18.2301.6-0\\MpClient.dll","FileVersion":"4.18.2301.6 (WinBuild.160101.0800)","Description":"Client Interface","Product":"Microsoft Windows Operating System","Company":"Microsoft Corporation","OriginalFileName":"mpclient.dll","Hashes":"SHA1=390069C7EF8A2BC87E6045E9DBF03C16E40D603C,MD5=21952FAB3F2CBB78D3F0722A5532EA6E,SHA256=2BBF7F267AE0E6393D4F5AD25FF4337A8CA12BAEC6C6D40B7A372F0BC462065D,IMPHASH=FA273F64BC3C7761E65A3098FA21F85A","Signed":"true","Signature":"Microsoft Windows","SignatureStatus":"Valid","User":"LUNARSTIIINESS\\tim.smith_admin","EventReceivedTime":1677865167,"SourceModuleName":"in_sysmon","SourceModuleType":"im_msvistalog"}
<14>Mar  3 17:39:27 win-server.lunarstiiiness.com Microsoft-Windows-Sysmon[1288]: {"EventTime":1677865166,"Hostname":"win-server.lunarstiiiness.com","Keywords":-9223372036854775808,"EventType":"INFO","SeverityValue":2,"Severity":"INFO","EventID":7,"SourceName":"Microsoft-Windows-Sysmon","ProviderGuid":"{5770385F-C22A-43E0-BF4C-06F5698FFBD9}","Version":3,"Task":7,"OpcodeValue":0,"RecordNumber":935160,"ProcessID":1288,"ThreadID":2884,"Channel":"Microsoft-Windows-Sysmon/Operational","Domain":"NT AUTHORITY","AccountName":"SYSTEM","UserID":"S-1-5-18","AccountType":"User","Message":"Image loaded:\r\nRuleName: technique_id=T1574.002,technique_name=DLL Side-Loading\r\nUtcTime: 2023-03-03 17:39:26.107\r\nProcessGuid: {BE59402F-30CD-6402-7F01-000000001900}\r\nProcessId: 3088\r\nImage: C:\\Program Files\\Google\\Chrome\\Application\\chrome.exe\r\nImageLoaded: C:\\ProgramData\\Microsoft\\Windows Defender\\platform\\4.18.2301.6-0\\MpOAV.dll\r\nFileVersion: 4.18.2301.6 (WinBuild.160101.0800)\r\nDescription: IOfficeAntiVirus Module\r\nProduct: Microsoft Windows Operating System\r\nCompany: Microsoft Corporation\r\nOriginalFileName: MpOAV.dll\r\nHashes: SHA1=7732F335107D52E6B047CE73A3A1D59BBD588961,MD5=7CCA50089F2F2E7875F4C33EAF1BE04A,SHA256=7385820EE9C2102DE2DCCEEF0F9B12A984DB8258BDAB143C1B54E021859EF218,IMPHASH=BBE9A959881A86A7C90B3C47D47F83B8\r\nSigned: true\r\nSignature: Microsoft Windows\r\nSignatureStatus: Valid\r\nUser: LUNARSTIIINESS\\tim.smith_admin","Category":"Image loaded (rule: ImageLoad)","Opcode":"Info","RuleName":"technique_id=T1574.002,technique_name=DLL Side-Loading","UtcTime":"2023-03-03 17:39:26.107","ProcessGuid":"{BE59402F-30CD-6402-7F01-000000001900}","Image":"C:\\Program Files\\Google\\Chrome\\Application\\chrome.exe","ImageLoaded":"C:\\ProgramData\\Microsoft\\Windows Defender\\platform\\4.18.2301.6-0\\MpOAV.dll","FileVersion":"4.18.2301.6 (WinBuild.160101.0800)","Description":"IOfficeAntiVirus Module","Product":"Microsoft Windows Operating System","Company":"Microsoft Corporation","OriginalFileName":"MpOAV.dll","Hashes":"SHA1=7732F335107D52E6B047CE73A3A1D59BBD588961,MD5=7CCA50089F2F2E7875F4C33EAF1BE04A,SHA256=7385820EE9C2102DE2DCCEEF0F9B12A984DB8258BDAB143C1B54E021859EF218,IMPHASH=BBE9A959881A86A7C90B3C47D47F83B8","Signed":"true","Signature":"Microsoft Windows","SignatureStatus":"Valid","User":"LUNARSTIIINESS\\tim.smith_admin","EventReceivedTime":1677865167,"SourceModuleName":"in_sysmon","SourceModuleType":"im_msvistalog"}
<14>Mar  3 17:39:27 win-server.lunarstiiiness.com Microsoft-Windows-Sysmon[1288]: {"EventTime":1677865166,"Hostname":"win-server.lunarstiiiness.com","Keywords":-9223372036854775808,"EventType":"INFO","SeverityValue":2,"Severity":"INFO","EventID":15,"SourceName":"Microsoft-Windows-Sysmon","ProviderGuid":"{5770385F-C22A-43E0-BF4C-06F5698FFBD9}","Version":2,"Task":15,"OpcodeValue":0,"RecordNumber":935162,"ProcessID":1288,"ThreadID":2884,"Channel":"Microsoft-Windows-Sysmon/Operational","Domain":"NT AUTHORITY","AccountName":"SYSTEM","UserID":"S-1-5-18","AccountType":"User","Message":"File stream created:\r\nRuleName: -\r\nUtcTime: 2023-03-03 17:39:26.131\r\nProcessGuid: {BE59402F-30CD-6402-7F01-000000001900}\r\nProcessId: 3088\r\nImage: C:\\Program Files\\Google\\Chrome\\Application\\chrome.exe\r\nTargetFilename: C:\\Users\\tim.smith_admin\\AppData\\Local\\Google\\Chrome\\User Data\\Default\\Download Service\\Files\\6d11d8ab-11db-4f81-929e-be21e5c4cc56\r\nCreationUtcTime: 2023-03-03 17:39:25.197\r\nHash: SHA1=E9F1EE107F10970E9BF832E7DE2127F15C5F1185,MD5=A74A20F8BF0466F5BB39C745AE72B62F,SHA256=DD56594ABA199B7E893A10E17B374742A53BA8DCA774682662811EAE7BA6CD32,IMPHASH=00000000000000000000000000000000\r\nContents: -\r\nUser: LUNARSTIIINESS\\tim.smith_admin","Category":"File stream created (rule: FileCreateStreamHash)","Opcode":"Info","RuleName":"-","UtcTime":"2023-03-03 17:39:26.131","ProcessGuid":"{BE59402F-30CD-6402-7F01-000000001900}","Image":"C:\\Program Files\\Google\\Chrome\\Application\\chrome.exe","TargetFilename":"C:\\Users\\tim.smith_admin\\AppData\\Local\\Google\\Chrome\\User Data\\Default\\Download Service\\Files\\6d11d8ab-11db-4f81-929e-be21e5c4cc56","CreationUtcTime":"2023-03-03 17:39:25.197","Hash":"SHA1=E9F1EE107F10970E9BF832E7DE2127F15C5F1185,MD5=A74A20F8BF0466F5BB39C745AE72B62F,SHA256=DD56594ABA199B7E893A10E17B374742A53BA8DCA774682662811EAE7BA6CD32,IMPHASH=00000000000000000000000000000000","Contents":"-","User":"LUNARSTIIINESS\\tim.smith_admin","EventReceivedTime":1677865167,"SourceModuleName":"in_sysmon","SourceModuleType":"im_msvistalog"}
<14>Mar  3 17:39:27 win-server.lunarstiiiness.com Microsoft-Windows-Sysmon[1288]: {"EventTime":1677865166,"Hostname":"win-server.lunarstiiiness.com","Keywords":-9223372036854775808,"EventType":"INFO","SeverityValue":2,"Severity":"INFO","EventID":15,"SourceName":"Microsoft-Windows-Sysmon","ProviderGuid":"{5770385F-C22A-43E0-BF4C-06F5698FFBD9}","Version":2,"Task":15,"OpcodeValue":0,"RecordNumber":935163,"ProcessID":1288,"ThreadID":2884,"Channel":"Microsoft-Windows-Sysmon/Operational","Domain":"NT AUTHORITY","AccountName":"SYSTEM","UserID":"S-1-5-18","AccountType":"User","Message":"File stream created:\r\nRuleName: technique_id=T1189,technique_name=Drive-by Compromise\r\nUtcTime: 2023-03-03 17:39:26.513\r\nProcessGuid: {BE59402F-30CD-6402-7F01-000000001900}\r\nProcessId: 3088\r\nImage: C:\\Program Files\\Google\\Chrome\\Application\\chrome.exe\r\nTargetFilename: C:\\Users\\tim.smith_admin\\AppData\\Local\\Google\\Chrome\\User Data\\Default\\Download Service\\Files\\6d11d8ab-11db-4f81-929e-be21e5c4cc56:Zone.Identifier\r\nCreationUtcTime: 2023-03-03 17:39:25.197\r\nHash: SHA1=D59FC84CDD5217C6CF74785703655F78DA6B582B,MD5=FBCCF14D504B7B2DBCB5A5BDA75BD93B,SHA256=EACD09517CE90D34BA562171D15AC40D302F0E691B439F91BE1B6406E25F5913,IMPHASH=00000000000000000000000000000000\r\nContents: [ZoneTransfer]  ZoneId=3  \r\nUser: LUNARSTIIINESS\\tim.smith_admin","Category":"File stream created (rule: FileCreateStreamHash)","Opcode":"Info","RuleName":"technique_id=T1189,technique_name=Drive-by Compromise","UtcTime":"2023-03-03 17:39:26.513","ProcessGuid":"{BE59402F-30CD-6402-7F01-000000001900}","Image":"C:\\Program Files\\Google\\Chrome\\Application\\chrome.exe","TargetFilename":"C:\\Users\\tim.smith_admin\\AppData\\Local\\Google\\Chrome\\User Data\\Default\\Download Service\\Files\\6d11d8ab-11db-4f81-929e-be21e5c4cc56:Zone.Identifier","CreationUtcTime":"2023-03-03 17:39:25.197","Hash":"SHA1=D59FC84CDD5217C6CF74785703655F78DA6B582B,MD5=FBCCF14D504B7B2DBCB5A5BDA75BD93B,SHA256=EACD09517CE90D34BA562171D15AC40D302F0E691B439F91BE1B6406E25F5913,IMPHASH=00000000000000000000000000000000","Contents":"[ZoneTransfer]  ZoneId=3  ","User":"LUNARSTIIINESS\\tim.smith_admin","EventReceivedTime":1677865167,"SourceModuleName":"in_sysmon","SourceModuleType":"im_msvistalog"}
<14>Mar  3 17:39:31 win-server.lunarstiiiness.com Microsoft-Windows-Sysmon[1288]: {"EventTime":1677865170,"Hostname":"win-server.lunarstiiiness.com","Keywords":-9223372036854775808,"EventType":"INFO","SeverityValue":2,"Severity":"INFO","EventID":12,"SourceName":"Microsoft-Windows-Sysmon","ProviderGuid":"{5770385F-C22A-43E0-BF4C-06F5698FFBD9}","Version":2,"Task":12,"OpcodeValue":0,"RecordNumber":935259,"ProcessID":1288,"ThreadID":2884,"Channel":"Microsoft-Windows-Sysmon/Operational","Domain":"NT AUTHORITY","AccountName":"SYSTEM","UserID":"S-1-5-18","AccountType":"User","Message":"Registry object added or deleted:\r\nRuleName: technique_id=T1547.001,technique_name=Registry Run Keys / Start Folder\r\nEventType: CreateKey\r\nUtcTime: 2023-03-03 17:39:30.576\r\nProcessGuid: {BE59402F-30B8-6402-7201-000000001900}\r\nProcessId: 5564\r\nImage: C:\\Program Files\\Google\\Chrome\\Application\\chrome.exe\r\nTargetObject: HKU\\S-1-5-21-3263964631-4121654051-1417071188-1116\\SOFTWARE\\Microsoft\\Windows\\CurrentVersion\\Run\r\nUser: LUNARSTIIINESS\\tim.smith_admin","Category":"Registry object added or deleted (rule: RegistryEvent)","Opcode":"Info","RuleName":"technique_id=T1547.001,technique_name=Registry Run Keys / Start Folder","UtcTime":"2023-03-03 17:39:30.576","ProcessGuid":"{BE59402F-30B8-6402-7201-000000001900}","Image":"C:\\Program Files\\Google\\Chrome\\Application\\chrome.exe","TargetObject":"HKU\\S-1-5-21-3263964631-4121654051-1417071188-1116\\SOFTWARE\\Microsoft\\Windows\\CurrentVersion\\Run","User":"LUNARSTIIINESS\\tim.smith_admin","EventReceivedTime":1677865171,"SourceModuleName":"in_sysmon","SourceModuleType":"im_msvistalog"}
<14>Mar  3 17:39:56 win-server.lunarstiiiness.com Microsoft-Windows-Sysmon[1288]: {"EventTime":1677865195,"Hostname":"win-server.lunarstiiiness.com","Keywords":-9223372036854775808,"EventType":"INFO","SeverityValue":2,"Severity":"INFO","EventID":13,"SourceName":"Microsoft-Windows-Sysmon","ProviderGuid":"{5770385F-C22A-43E0-BF4C-06F5698FFBD9}","Version":2,"Task":13,"OpcodeValue":0,"RecordNumber":936185,"ProcessID":1288,"ThreadID":2884,"Channel":"Microsoft-Windows-Sysmon/Operational","Domain":"NT AUTHORITY","AccountName":"SYSTEM","UserID":"S-1-5-18","AccountType":"User","Message":"Registry value set:\r\nRuleName: technique_id=T1543,technique_name=Service Creation\r\nEventType: SetValue\r\nUtcTime: 2023-03-03 17:39:55.002\r\nProcessGuid: {BE59402F-260D-6402-1300-000000001900}\r\nProcessId: 924\r\nImage: C:\\Windows\\system32\\svchost.exe\r\nTargetObject: HKLM\\System\\CurrentControlSet\\Services\\w32time\\Config\\LastKnownGoodTime\r\nDetails: QWORD (0x01d94df7-0x2a891d27)\r\nUser: NT AUTHORITY\\LOCAL SERVICE","Category":"Registry value set (rule: RegistryEvent)","Opcode":"Info","RuleName":"technique_id=T1543,technique_name=Service Creation","UtcTime":"2023-03-03 17:39:55.002","ProcessGuid":"{BE59402F-260D-6402-1300-000000001900}","Image":"C:\\Windows\\system32\\svchost.exe","TargetObject":"HKLM\\System\\CurrentControlSet\\Services\\w32time\\Config\\LastKnownGoodTime","Details":"QWORD (0x01d94df7-0x2a891d27)","User":"NT AUTHORITY\\LOCAL SERVICE","EventReceivedTime":1677865196,"SourceModuleName":"in_sysmon","SourceModuleType":"im_msvistalog"}
<14>Mar  3 17:40:07 win-server.lunarstiiiness.com Microsoft-Windows-Sysmon[1288]: {"EventTime":1677865205,"Hostname":"win-server.lunarstiiiness.com","Keywords":-9223372036854775808,"EventType":"INFO","SeverityValue":2,"Severity":"INFO","EventID":7,"SourceName":"Microsoft-Windows-Sysmon","ProviderGuid":"{5770385F-C22A-43E0-BF4C-06F5698FFBD9}","Version":3,"Task":7,"OpcodeValue":0,"RecordNumber":936715,"ProcessID":1288,"ThreadID":2884,"Channel":"Microsoft-Windows-Sysmon/Operational","Domain":"NT AUTHORITY","AccountName":"SYSTEM","UserID":"S-1-5-18","AccountType":"User","Message":"Image loaded:\r\nRuleName: technique_id=T1574.002,technique_name=DLL Side-Loading\r\nUtcTime: 2023-03-03 17:40:05.466\r\nProcessGuid: {BE59402F-2E41-6402-F900-000000001900}\r\nProcessId: 4368\r\nImage: C:\\Windows\\explorer.exe\r\nImageLoaded: C:\\ProgramData\\Microsoft\\Windows Defender\\platform\\4.18.2301.6-0\\MpClient.dll\r\nFileVersion: 4.18.2301.6 (WinBuild.160101.0800)\r\nDescription: Client Interface\r\nProduct: Microsoft Windows Operating System\r\nCompany: Microsoft Corporation\r\nOriginalFileName: mpclient.dll\r\nHashes: SHA1=390069C7EF8A2BC87E6045E9DBF03C16E40D603C,MD5=21952FAB3F2CBB78D3F0722A5532EA6E,SHA256=2BBF7F267AE0E6393D4F5AD25FF4337A8CA12BAEC6C6D40B7A372F0BC462065D,IMPHASH=FA273F64BC3C7761E65A3098FA21F85A\r\nSigned: true\r\nSignature: Microsoft Windows\r\nSignatureStatus: Valid\r\nUser: LUNARSTIIINESS\\tim.smith_admin","Category":"Image loaded (rule: ImageLoad)","Opcode":"Info","RuleName":"technique_id=T1574.002,technique_name=DLL Side-Loading","UtcTime":"2023-03-03 17:40:05.466","ProcessGuid":"{BE59402F-2E41-6402-F900-000000001900}","Image":"C:\\Windows\\explorer.exe","ImageLoaded":"C:\\ProgramData\\Microsoft\\Windows Defender\\platform\\4.18.2301.6-0\\MpClient.dll","FileVersion":"4.18.2301.6 (WinBuild.160101.0800)","Description":"Client Interface","Product":"Microsoft Windows Operating System","Company":"Microsoft Corporation","OriginalFileName":"mpclient.dll","Hashes":"SHA1=390069C7EF8A2BC87E6045E9DBF03C16E40D603C,MD5=21952FAB3F2CBB78D3F0722A5532EA6E,SHA256=2BBF7F267AE0E6393D4F5AD25FF4337A8CA12BAEC6C6D40B7A372F0BC462065D,IMPHASH=FA273F64BC3C7761E65A3098FA21F85A","Signed":"true","Signature":"Microsoft Windows","SignatureStatus":"Valid","User":"LUNARSTIIINESS\\tim.smith_admin","EventReceivedTime":1677865207,"SourceModuleName":"in_sysmon","SourceModuleType":"im_msvistalog"}
