<14>Mar  3 17:27:46 win-server.lunarstiiiness.com Microsoft-Windows-Sysmon[1288]: {"EventTime":1677864464,"Hostname":"win-server.lunarstiiiness.com","Keywords":-9223372036854775808,"EventType":"INFO","SeverityValue":2,"Severity":"INFO","EventID":13,"SourceName":"Microsoft-Windows-Sysmon","ProviderGuid":"{5770385F-C22A-43E0-BF4C-06F5698FFBD9}","Version":2,"Task":13,"OpcodeValue":0,"RecordNumber":930459,"ProcessID":1288,"ThreadID":2884,"Channel":"Microsoft-Windows-Sysmon/Operational","Domain":"NT AUTHORITY","AccountName":"SYSTEM","UserID":"S-1-5-18","AccountType":"User","Message":"Registry value set:\r\nRuleName: UACMe Dir Prep\r\nEventType: SetValue\r\nUtcTime: 2023-03-03 17:27:44.302\r\nProcessGuid: {BE59402F-2741-6402-8A00-000000001900}\r\nProcessId: 4484\r\nImage: C:\\Windows\\winsxs\\amd64_microsoft-windows-servicingstack_31bf3856ad364e35_10.0.14393.5351_none_7f0b8fbe21ea4a21\\TiWorker.exe\r\nTargetObject: HKLM\\SOFTWARE\\Microsoft\\Windows\\CurrentVersion\\Component Based Servicing\\PackageDetect\\Microsoft-Windows-BootEnvironment-BootManagers-Package~31bf3856ad364e35~amd64~nb-NO~0.0.0.0\\Package_7025_for_KB5022838~31bf3856ad364e35~amd64~~10.0.1.13\r\nDetails: DWORD (0x00000002)\r\nUser: NT AUTHORITY\\SYSTEM","Category":"Registry value set (rule: RegistryEvent)","Opcode":"Info","RuleName":"UACMe Dir Prep","UtcTime":"2023-03-03 17:27:44.302","ProcessGuid":"{BE59402F-2741-6402-8A00-000000001900}","Image":"C:\\Windows\\winsxs\\amd64_microsoft-windows-servicingstack_31bf3856ad364e35_10.0.14393.5351_none_7f0b8fbe21ea4a21\\TiWorker.exe","TargetObject":"HKLM\\SOFTWARE\\Microsoft\\Windows\\CurrentVersion\\Component Based Servicing\\PackageDetect\\Microsoft-Windows-BootEnvironment-BootManagers-Package~31bf3856ad364e35~amd64~nb-NO~0.0.0.0\\Package_7025_for_KB5022838~31bf3856ad364e35~amd64~~10.0.1.13","Details":"DWORD (0x00000002)","User":"NT AUTHORITY\\SYSTEM","EventReceivedTime":1677864466,"SourceModuleName":"in_sysmon","SourceModuleType":"im_msvistalog"}
<14>Mar  3 17:27:46 win-server.lunarstiiiness.com Microsoft-Windows-Sysmon[1288]: {"EventTime":1677864464,"Hostname":"win-server.lunarstiiiness.com","Keywords":-9223372036854775808,"EventType":"INFO","SeverityValue":2,"Severity":"INFO","EventID":12,"SourceName":"Microsoft-Windows-Sysmon","ProviderGuid":"{5770385F-C22A-43E0-BF4C-06F5698FFBD9}","Version":2,"Task":12,"OpcodeValue":0,"RecordNumber":930458,"ProcessID":1288,"ThreadID":2884,"Channel":"Microsoft-Windows-Sysmon/Operational","Domain":"NT AUTHORITY","AccountName":"SYSTEM","UserID":"S-1-5-18","AccountType":"User","Message":"Registry object added or deleted:\r\nRuleName: UACMe Dir Prep\r\nEventType: CreateKey\r\nUtcTime: 2023-03-03 17:27:44.302\r\nProcessGuid: {BE59402F-2741-6402-8A00-000000001900}\r\nProcessId: 4484\r\nImage: C:\\Windows\\winsxs\\amd64_microsoft-windows-servicingstack_31bf3856ad364e35_10.0.14393.5351_none_7f0b8fbe21ea4a21\\TiWorker.exe\r\nTargetObject: HKLM\\SOFTWARE\\Microsoft\\Windows\\CurrentVersion\\Component Based Servicing\\PackageDetect\\Microsoft-Windows-BootEnvironment-BootManagers-Package~31bf3856ad364e35~amd64~nb-NO~0.0.0.0\r\nUser: NT AUTHORITY\\SYSTEM","Category":"Registry object added or deleted (rule: RegistryEvent)","Opcode":"Info","RuleName":"UACMe Dir Prep","UtcTime":"2023-03-03 17:27:44.302","ProcessGuid":"{BE59402F-2741-6402-8A00-000000001900}","Image":"C:\\Windows\\winsxs\\amd64_microsoft-windows-servicingstack_31bf3856ad364e35_10.0.14393.5351_none_7f0b8fbe21ea4a21\\TiWorker.exe","TargetObject":"HKLM\\SOFTWARE\\Microsoft\\Windows\\CurrentVersion\\Component Based Servicing\\PackageDetect\\Microsoft-Windows-BootEnvironment-BootManagers-Package~31bf3856ad364e35~amd64~nb-NO~0.0.0.0","User":"NT AUTHORITY\\SYSTEM","EventReceivedTime":1677864466,"SourceModuleName":"in_sysmon","SourceModuleType":"im_msvistalog"}
<14>Mar  3 17:27:53 win-server.lunarstiiiness.com Microsoft-Windows-Sysmon[1288]: {"EventTime":1677864471,"Hostname":"win-server.lunarstiiiness.com","Keywords":-9223372036854775808,"EventType":"INFO","SeverityValue":2,"Severity":"INFO","EventID":12,"SourceName":"Microsoft-Windows-Sysmon","ProviderGuid":"{5770385F-C22A-43E0-BF4C-06F5698FFBD9}","Version":2,"Task":12,"OpcodeValue":0,"RecordNumber":930460,"ProcessID":1288,"ThreadID":2884,"Channel":"Microsoft-Windows-Sysmon/Operational","Domain":"NT AUTHORITY","AccountName":"SYSTEM","UserID":"S-1-5-18","AccountType":"User","Message":"Registry object added or deleted:\r\nRuleName: UACMe Dir Prep\r\nEventType: CreateKey\r\nUtcTime: 2023-03-03 17:27:51.841\r\nProcessGuid: {BE59402F-2741-6402-8A00-000000001900}\r\nProcessId: 4484\r\nImage: C:\\Windows\\winsxs\\amd64_microsoft-windows-servicingstack_31bf3856ad364e35_10.0.14393.5351_none_7f0b8fbe21ea4a21\\TiWorker.exe\r\nTargetObject: HKLM\\SOFTWARE\\Microsoft\\Windows\\CurrentVersion\\Component Based Servicing\\PackageDetect\\Microsoft-Windows-BootEnvironment-BootManagers-Package~31bf3856ad364e35~amd64~en-US~0.0.0.0\r\nUser: NT AUTHORITY\\SYSTEM","Category":"Registry object added or deleted (rule: RegistryEvent)","Opcode":"Info","RuleName":"UACMe Dir Prep","UtcTime":"2023-03-03 17:27:51.841","ProcessGuid":"{BE59402F-2741-6402-8A00-000000001900}","Image":"C:\\Windows\\winsxs\\amd64_microsoft-windows-servicingstack_31bf3856ad364e35_10.0.14393.5351_none_7f0b8fbe21ea4a21\\TiWorker.exe","TargetObject":"HKLM\\SOFTWARE\\Microsoft\\Windows\\CurrentVersion\\Component Based Servicing\\PackageDetect\\Microsoft-Windows-BootEnvironment-BootManagers-Package~31bf3856ad364e35~amd64~en-US~0.0.0.0","User":"NT AUTHORITY\\SYSTEM","EventReceivedTime":1677864473,"SourceModuleName":"in_sysmon","SourceModuleType":"im_msvistalog"}
<14>Mar  3 17:27:53 win-server.lunarstiiiness.com Microsoft-Windows-Sysmon[1288]: {"EventTime":1677864471,"Hostname":"win-server.lunarstiiiness.com","Keywords":-9223372036854775808,"EventType":"INFO","SeverityValue":2,"Severity":"INFO","EventID":13,"SourceName":"Microsoft-Windows-Sysmon","ProviderGuid":"{5770385F-C22A-43E0-BF4C-06F5698FFBD9}","Version":2,"Task":13,"OpcodeValue":0,"RecordNumber":930461,"ProcessID":1288,"ThreadID":2884,"Channel":"Microsoft-Windows-Sysmon/Operational","Domain":"NT AUTHORITY","AccountName":"SYSTEM","UserID":"S-1-5-18","AccountType":"User","Message":"Registry value set:\r\nRuleName: UACMe Dir Prep\r\nEventType: SetValue\r\nUtcTime: 2023-03-03 17:27:51.841\r\nProcessGuid: {BE59402F-2741-6402-8A00-000000001900}\r\nProcessId: 4484\r\nImage: C:\\Windows\\winsxs\\amd64_microsoft-windows-servicingstack_31bf3856ad364e35_10.0.14393.5351_none_7f0b8fbe21ea4a21\\TiWorker.exe\r\nTargetObject: HKLM\\SOFTWARE\\Microsoft\\Windows\\CurrentVersion\\Component Based Servicing\\PackageDetect\\Microsoft-Windows-BootEnvironment-BootManagers-Package~31bf3856ad364e35~amd64~en-US~0.0.0.0\\Package_7249_for_KB5022838~31bf3856ad364e35~amd64~~10.0.1.13\r\nDetails: DWORD (0x00000002)\r\nUser: NT AUTHORITY\\SYSTEM","Category":"Registry value set (rule: RegistryEvent)","Opcode":"Info","RuleName":"UACMe Dir Prep","UtcTime":"2023-03-03 17:27:51.841","ProcessGuid":"{BE59402F-2741-6402-8A00-000000001900}","Image":"C:\\Windows\\winsxs\\amd64_microsoft-windows-servicingstack_31bf3856ad364e35_10.0.14393.5351_none_7f0b8fbe21ea4a21\\TiWorker.exe","TargetObject":"HKLM\\SOFTWARE\\Microsoft\\Windows\\CurrentVersion\\Component Based Servicing\\PackageDetect\\Microsoft-Windows-BootEnvironment-BootManagers-Package~31bf3856ad364e35~amd64~en-US~0.0.0.0\\Package_7249_for_KB5022838~31bf3856ad364e35~amd64~~10.0.1.13","Details":"DWORD (0x00000002)","User":"NT AUTHORITY\\SYSTEM","EventReceivedTime":1677864473,"SourceModuleName":"in_sysmon","SourceModuleType":"im_msvistalog"}
<14>Mar  3 17:27:57 win-server.lunarstiiiness.com Microsoft-Windows-Sysmon[1288]: {"EventTime":1677864476,"Hostname":"win-server.lunarstiiiness.com","Keywords":-9223372036854775808,"EventType":"INFO","SeverityValue":2,"Severity":"INFO","EventID":13,"SourceName":"Microsoft-Windows-Sysmon","ProviderGuid":"{5770385F-C22A-43E0-BF4C-06F5698FFBD9}","Version":2,"Task":13,"OpcodeValue":0,"RecordNumber":930463,"ProcessID":1288,"ThreadID":2884,"Channel":"Microsoft-Windows-Sysmon/Operational","Domain":"NT AUTHORITY","AccountName":"SYSTEM","UserID":"S-1-5-18","AccountType":"User","Message":"Registry value set:\r\nRuleName: UACMe Dir Prep\r\nEventType: SetValue\r\nUtcTime: 2023-03-03 17:27:56.091\r\nProcessGuid: {BE59402F-2741-6402-8A00-000000001900}\r\nProcessId: 4484\r\nImage: C:\\Windows\\winsxs\\amd64_microsoft-windows-servicingstack_31bf3856ad364e35_10.0.14393.5351_none_7f0b8fbe21ea4a21\\TiWorker.exe\r\nTargetObject: HKLM\\SOFTWARE\\Microsoft\\Windows\\CurrentVersion\\Component Based Servicing\\PackageDetect\\Microsoft-Windows-BootEnvironment-BootManagers-Package~31bf3856ad364e35~amd64~en-US~0.0.0.0\\Package_7464_for_KB5022838~31bf3856ad364e35~amd64~~10.0.1.13\r\nDetails: DWORD (0x00000002)\r\nUser: NT AUTHORITY\\SYSTEM","Category":"Registry value set (rule: RegistryEvent)","Opcode":"Info","RuleName":"UACMe Dir Prep","UtcTime":"2023-03-03 17:27:56.091","ProcessGuid":"{BE59402F-2741-6402-8A00-000000001900}","Image":"C:\\Windows\\winsxs\\amd64_microsoft-windows-servicingstack_31bf3856ad364e35_10.0.14393.5351_none_7f0b8fbe21ea4a21\\TiWorker.exe","TargetObject":"HKLM\\SOFTWARE\\Microsoft\\Windows\\CurrentVersion\\Component Based Servicing\\PackageDetect\\Microsoft-Windows-BootEnvironment-BootManagers-Package~31bf3856ad364e35~amd64~en-US~0.0.0.0\\Package_7464_for_KB5022838~31bf3856ad364e35~amd64~~10.0.1.13","Details":"DWORD (0x00000002)","User":"NT AUTHORITY\\SYSTEM","EventReceivedTime":1677864477,"SourceModuleName":"in_sysmon","SourceModuleType":"im_msvistalog"}
<14>Mar  3 17:27:57 win-server.lunarstiiiness.com Microsoft-Windows-Sysmon[1288]: {"EventTime":1677864476,"Hostname":"win-server.lunarstiiiness.com","Keywords":-9223372036854775808,"EventType":"INFO","SeverityValue":2,"Severity":"INFO","EventID":12,"SourceName":"Microsoft-Windows-Sysmon","ProviderGuid":"{5770385F-C22A-43E0-BF4C-06F5698FFBD9}","Version":2,"Task":12,"OpcodeValue":0,"RecordNumber":930462,"ProcessID":1288,"ThreadID":2884,"Channel":"Microsoft-Windows-Sysmon/Operational","Domain":"NT AUTHORITY","AccountName":"SYSTEM","UserID":"S-1-5-18","AccountType":"User","Message":"Registry object added or deleted:\r\nRuleName: UACMe Dir Prep\r\nEventType: CreateKey\r\nUtcTime: 2023-03-03 17:27:56.091\r\nProcessGuid: {BE59402F-2741-6402-8A00-000000001900}\r\nProcessId: 4484\r\nImage: C:\\Windows\\winsxs\\amd64_microsoft-windows-servicingstack_31bf3856ad364e35_10.0.14393.5351_none_7f0b8fbe21ea4a21\\TiWorker.exe\r\nTargetObject: HKLM\\SOFTWARE\\Microsoft\\Windows\\CurrentVersion\\Component Based Servicing\\PackageDetect\\Microsoft-Windows-BootEnvironment-BootManagers-Package~31bf3856ad364e35~amd64~en-US~0.0.0.0\r\nUser: NT AUTHORITY\\SYSTEM","Category":"Registry object added or deleted (rule: RegistryEvent)","Opcode":"Info","RuleName":"UACMe Dir Prep","UtcTime":"2023-03-03 17:27:56.091","ProcessGuid":"{BE59402F-2741-6402-8A00-000000001900}","Image":"C:\\Windows\\winsxs\\amd64_microsoft-windows-servicingstack_31bf3856ad364e35_10.0.14393.5351_none_7f0b8fbe21ea4a21\\TiWorker.exe","TargetObject":"HKLM\\SOFTWARE\\Microsoft\\Windows\\CurrentVersion\\Component Based Servicing\\PackageDetect\\Microsoft-Windows-BootEnvironment-BootManagers-Package~31bf3856ad364e35~amd64~en-US~0.0.0.0","User":"NT AUTHORITY\\SYSTEM","EventReceivedTime":1677864477,"SourceModuleName":"in_sysmon","SourceModuleType":"im_msvistalog"}
<14>Mar  3 17:27:57 win-server.lunarstiiiness.com Microsoft-Windows-Sysmon[1288]: {"EventTime":1677864476,"Hostname":"win-server.lunarstiiiness.com","Keywords":-9223372036854775808,"EventType":"INFO","SeverityValue":2,"Severity":"INFO","EventID":13,"SourceName":"Microsoft-Windows-Sysmon","ProviderGuid":"{5770385F-C22A-43E0-BF4C-06F5698FFBD9}","Version":2,"Task":13,"OpcodeValue":0,"RecordNumber":930464,"ProcessID":1288,"ThreadID":2884,"Channel":"Microsoft-Windows-Sysmon/Operational","Domain":"NT AUTHORITY","AccountName":"SYSTEM","UserID":"S-1-5-18","AccountType":"User","Message":"Registry value set:\r\nRuleName: technique_id=T1543,technique_name=Service Creation\r\nEventType: SetValue\r\nUtcTime: 2023-03-03 17:27:56.279\r\nProcessGuid: {BE59402F-260D-6402-1300-000000001900}\r\nProcessId: 924\r\nImage: C:\\Windows\\system32\\svchost.exe\r\nTargetObject: HKLM\\System\\CurrentControlSet\\Services\\w32time\\Config\\LastKnownGoodTime\r\nDetails: QWORD (0x01d94df5-0x7e249fee)\r\nUser: NT AUTHORITY\\LOCAL SERVICE","Category":"Registry value set (rule: RegistryEvent)","Opcode":"Info","RuleName":"technique_id=T1543,technique_name=Service Creation","UtcTime":"2023-03-03 17:27:56.279","ProcessGuid":"{BE59402F-260D-6402-1300-000000001900}","Image":"C:\\Windows\\system32\\svchost.exe","TargetObject":"HKLM\\System\\CurrentControlSet\\Services\\w32time\\Config\\LastKnownGoodTime","Details":"QWORD (0x01d94df5-0x7e249fee)","User":"NT AUTHORITY\\LOCAL SERVICE","EventReceivedTime":1677864477,"SourceModuleName":"in_sysmon","SourceModuleType":"im_msvistalog"}
<14>Mar  3 17:27:58 win-server.lunarstiiiness.com Microsoft-Windows-Sysmon[1288]: {"EventTime":1677864477,"Hostname":"win-server.lunarstiiiness.com","Keywords":-9223372036854775808,"EventType":"INFO","SeverityValue":2,"Severity":"INFO","EventID":13,"SourceName":"Microsoft-Windows-Sysmon","ProviderGuid":"{5770385F-C22A-43E0-BF4C-06F5698FFBD9}","Version":2,"Task":13,"OpcodeValue":0,"RecordNumber":930466,"ProcessID":1288,"ThreadID":2884,"Channel":"Microsoft-Windows-Sysmon/Operational","Domain":"NT AUTHORITY","AccountName":"SYSTEM","UserID":"S-1-5-18","AccountType":"User","Message":"Registry value set:\r\nRuleName: UACMe Dir Prep\r\nEventType: SetValue\r\nUtcTime: 2023-03-03 17:27:57.544\r\nProcessGuid: {BE59402F-2741-6402-8A00-000000001900}\r\nProcessId: 4484\r\nImage: C:\\Windows\\winsxs\\amd64_microsoft-windows-servicingstack_31bf3856ad364e35_10.0.14393.5351_none_7f0b8fbe21ea4a21\\TiWorker.exe\r\nTargetObject: HKLM\\SOFTWARE\\Microsoft\\Windows\\CurrentVersion\\Component Based Servicing\\PackageDetect\\Microsoft-Windows-BootEnvironment-BootManagers-Package~31bf3856ad364e35~amd64~~0.0.0.0\\Package_7543_for_KB5022838~31bf3856ad364e35~amd64~~10.0.1.13\r\nDetails: DWORD (0x00000002)\r\nUser: NT AUTHORITY\\SYSTEM","Category":"Registry value set (rule: RegistryEvent)","Opcode":"Info","RuleName":"UACMe Dir Prep","UtcTime":"2023-03-03 17:27:57.544","ProcessGuid":"{BE59402F-2741-6402-8A00-000000001900}","Image":"C:\\Windows\\winsxs\\amd64_microsoft-windows-servicingstack_31bf3856ad364e35_10.0.14393.5351_none_7f0b8fbe21ea4a21\\TiWorker.exe","TargetObject":"HKLM\\SOFTWARE\\Microsoft\\Windows\\CurrentVersion\\Component Based Servicing\\PackageDetect\\Microsoft-Windows-BootEnvironment-BootManagers-Package~31bf3856ad364e35~amd64~~0.0.0.0\\Package_7543_for_KB5022838~31bf3856ad364e35~amd64~~10.0.1.13","Details":"DWORD (0x00000002)","User":"NT AUTHORITY\\SYSTEM","EventReceivedTime":1677864478,"SourceModuleName":"in_sysmon","SourceModuleType":"im_msvistalog"}
<14>Mar  3 17:27:58 win-server.lunarstiiiness.com Microsoft-Windows-Sysmon[1288]: {"EventTime":1677864477,"Hostname":"win-server.lunarstiiiness.com","Keywords":-9223372036854775808,"EventType":"INFO","SeverityValue":2,"Severity":"INFO","EventID":12,"SourceName":"Microsoft-Windows-Sysmon","ProviderGuid":"{5770385F-C22A-43E0-BF4C-06F5698FFBD9}","Version":2,"Task":12,"OpcodeValue":0,"RecordNumber":930465,"ProcessID":1288,"ThreadID":2884,"Channel":"Microsoft-Windows-Sysmon/Operational","Domain":"NT AUTHORITY","AccountName":"SYSTEM","UserID":"S-1-5-18","AccountType":"User","Message":"Registry object added or deleted:\r\nRuleName: UACMe Dir Prep\r\nEventType: CreateKey\r\nUtcTime: 2023-03-03 17:27:57.544\r\nProcessGuid: {BE59402F-2741-6402-8A00-000000001900}\r\nProcessId: 4484\r\nImage: C:\\Windows\\winsxs\\amd64_microsoft-windows-servicingstack_31bf3856ad364e35_10.0.14393.5351_none_7f0b8fbe21ea4a21\\TiWorker.exe\r\nTargetObject: HKLM\\SOFTWARE\\Microsoft\\Windows\\CurrentVersion\\Component Based Servicing\\PackageDetect\\Microsoft-Windows-BootEnvironment-BootManagers-Package~31bf3856ad364e35~amd64~~0.0.0.0\r\nUser: NT AUTHORITY\\SYSTEM","Category":"Registry object added or deleted (rule: RegistryEvent)","Opcode":"Info","RuleName":"UACMe Dir Prep","UtcTime":"2023-03-03 17:27:57.544","ProcessGuid":"{BE59402F-2741-6402-8A00-000000001900}","Image":"C:\\Windows\\winsxs\\amd64_microsoft-windows-servicingstack_31bf3856ad364e35_10.0.14393.5351_none_7f0b8fbe21ea4a21\\TiWorker.exe","TargetObject":"HKLM\\SOFTWARE\\Microsoft\\Windows\\CurrentVersion\\Component Based Servicing\\PackageDetect\\Microsoft-Windows-BootEnvironment-BootManagers-Package~31bf3856ad364e35~amd64~~0.0.0.0","User":"NT AUTHORITY\\SYSTEM","EventReceivedTime":1677864478,"SourceModuleName":"in_sysmon","SourceModuleType":"im_msvistalog"}
<14>Mar  3 17:28:07 win-server.lunarstiiiness.com Microsoft-Windows-Sysmon[1288]: {"EventTime":1677864485,"Hostname":"win-server.lunarstiiiness.com","Keywords":-9223372036854775808,"EventType":"INFO","SeverityValue":2,"Severity":"INFO","EventID":13,"SourceName":"Microsoft-Windows-Sysmon","ProviderGuid":"{5770385F-C22A-43E0-BF4C-06F5698FFBD9}","Version":2,"Task":13,"OpcodeValue":0,"RecordNumber":930468,"ProcessID":1288,"ThreadID":2884,"Channel":"Microsoft-Windows-Sysmon/Operational","Domain":"NT AUTHORITY","AccountName":"SYSTEM","UserID":"S-1-5-18","AccountType":"User","Message":"Registry value set:\r\nRuleName: UACMe Dir Prep\r\nEventType: SetValue\r\nUtcTime: 2023-03-03 17:28:05.076\r\nProcessGuid: {BE59402F-2741-6402-8A00-000000001900}\r\nProcessId: 4484\r\nImage: C:\\Windows\\winsxs\\amd64_microsoft-windows-servicingstack_31bf3856ad364e35_10.0.14393.5351_none_7f0b8fbe21ea4a21\\TiWorker.exe\r\nTargetObject: HKLM\\SOFTWARE\\Microsoft\\Windows\\CurrentVersion\\Component Based Servicing\\PackageDetect\\Microsoft-Windows-BootEnvironment-BootManagers-Package~31bf3856ad364e35~amd64~~0.0.0.0\\Package_7748_for_KB5022838~31bf3856ad364e35~amd64~~10.0.1.13\r\nDetails: DWORD (0x00000002)\r\nUser: NT AUTHORITY\\SYSTEM","Category":"Registry value set (rule: RegistryEvent)","Opcode":"Info","RuleName":"UACMe Dir Prep","UtcTime":"2023-03-03 17:28:05.076","ProcessGuid":"{BE59402F-2741-6402-8A00-000000001900}","Image":"C:\\Windows\\winsxs\\amd64_microsoft-windows-servicingstack_31bf3856ad364e35_10.0.14393.5351_none_7f0b8fbe21ea4a21\\TiWorker.exe","TargetObject":"HKLM\\SOFTWARE\\Microsoft\\Windows\\CurrentVersion\\Component Based Servicing\\PackageDetect\\Microsoft-Windows-BootEnvironment-BootManagers-Package~31bf3856ad364e35~amd64~~0.0.0.0\\Package_7748_for_KB5022838~31bf3856ad364e35~amd64~~10.0.1.13","Details":"DWORD (0x00000002)","User":"NT AUTHORITY\\SYSTEM","EventReceivedTime":1677864487,"SourceModuleName":"in_sysmon","SourceModuleType":"im_msvistalog"}
<14>Mar  3 17:28:07 win-server.lunarstiiiness.com Microsoft-Windows-Sysmon[1288]: {"EventTime":1677864485,"Hostname":"win-server.lunarstiiiness.com","Keywords":-9223372036854775808,"EventType":"INFO","SeverityValue":2,"Severity":"INFO","EventID":12,"SourceName":"Microsoft-Windows-Sysmon","ProviderGuid":"{5770385F-C22A-43E0-BF4C-06F5698FFBD9}","Version":2,"Task":12,"OpcodeValue":0,"RecordNumber":930467,"ProcessID":1288,"ThreadID":2884,"Channel":"Microsoft-Windows-Sysmon/Operational","Domain":"NT AUTHORITY","AccountName":"SYSTEM","UserID":"S-1-5-18","AccountType":"User","Message":"Registry object added or deleted:\r\nRuleName: UACMe Dir Prep\r\nEventType: CreateKey\r\nUtcTime: 2023-03-03 17:28:05.076\r\nProcessGuid: {BE59402F-2741-6402-8A00-000000001900}\r\nProcessId: 4484\r\nImage: C:\\Windows\\winsxs\\amd64_microsoft-windows-servicingstack_31bf3856ad364e35_10.0.14393.5351_none_7f0b8fbe21ea4a21\\TiWorker.exe\r\nTargetObject: HKLM\\SOFTWARE\\Microsoft\\Windows\\CurrentVersion\\Component Based Servicing\\PackageDetect\\Microsoft-Windows-BootEnvironment-BootManagers-Package~31bf3856ad364e35~amd64~~0.0.0.0\r\nUser: NT AUTHORITY\\SYSTEM","Category":"Registry object added or deleted (rule: RegistryEvent)","Opcode":"Info","RuleName":"UACMe Dir Prep","UtcTime":"2023-03-03 17:28:05.076","ProcessGuid":"{BE59402F-2741-6402-8A00-000000001900}","Image":"C:\\Windows\\winsxs\\amd64_microsoft-windows-servicingstack_31bf3856ad364e35_10.0.14393.5351_none_7f0b8fbe21ea4a21\\TiWorker.exe","TargetObject":"HKLM\\SOFTWARE\\Microsoft\\Windows\\CurrentVersion\\Component Based Servicing\\PackageDetect\\Microsoft-Windows-BootEnvironment-BootManagers-Package~31bf3856ad364e35~amd64~~0.0.0.0","User":"NT AUTHORITY\\SYSTEM","EventReceivedTime":1677864487,"SourceModuleName":"in_sysmon","SourceModuleType":"im_msvistalog"}
<14>Mar  3 17:28:11 win-server.lunarstiiiness.com Microsoft-Windows-Sysmon[1288]: {"EventTime":1677864490,"Hostname":"win-server.lunarstiiiness.com","Keywords":-9223372036854775808,"EventType":"INFO","SeverityValue":2,"Severity":"INFO","EventID":18,"SourceName":"Microsoft-Windows-Sysmon","ProviderGuid":"{5770385F-C22A-43E0-BF4C-06F5698FFBD9}","Version":1,"Task":18,"OpcodeValue":0,"RecordNumber":930472,"ProcessID":1288,"ThreadID":2884,"Channel":"Microsoft-Windows-Sysmon/Operational","Domain":"NT AUTHORITY","AccountName":"SYSTEM","UserID":"S-1-5-18","AccountType":"User","Message":"Pipe Connected:\r\nRuleName: -\r\nEventType: ConnectPipe\r\nUtcTime: 2023-03-03 17:28:10.091\r\nProcessGuid: {BE59402F-260D-6402-1100-000000001900}\r\nProcessId: 880\r\nPipeName: \\TSVCPIPE-9096cbc7-f5ff-489d-b811-d7fbad3bfe94\r\nImage: C:\\Windows\\System32\\svchost.exe\r\nUser: NT AUTHORITY\\NETWORK SERVICE","Category":"Pipe Connected (rule: PipeEvent)","Opcode":"Info","RuleName":"-","UtcTime":"2023-03-03 17:28:10.091","ProcessGuid":"{BE59402F-260D-6402-1100-000000001900}","PipeName":"\\TSVCPIPE-9096cbc7-f5ff-489d-b811-d7fbad3bfe94","Image":"C:\\Windows\\System32\\svchost.exe","User":"NT AUTHORITY\\NETWORK SERVICE","EventReceivedTime":1677864491,"SourceModuleName":"in_sysmon","SourceModuleType":"im_msvistalog"}
<14>Mar  3 17:28:11 win-server.lunarstiiiness.com Microsoft-Windows-Sysmon[1288]: {"EventTime":1677864490,"Hostname":"win-server.lunarstiiiness.com","Keywords":-9223372036854775808,"EventType":"INFO","SeverityValue":2,"Severity":"INFO","EventID":18,"SourceName":"Microsoft-Windows-Sysmon","ProviderGuid":"{5770385F-C22A-43E0-BF4C-06F5698FFBD9}","Version":1,"Task":18,"OpcodeValue":0,"RecordNumber":930470,"ProcessID":1288,"ThreadID":2884,"Channel":"Microsoft-Windows-Sysmon/Operational","Domain":"NT AUTHORITY","AccountName":"SYSTEM","UserID":"S-1-5-18","AccountType":"User","Message":"Pipe Connected:\r\nRuleName: -\r\nEventType: ConnectPipe\r\nUtcTime: 2023-03-03 17:28:10.091\r\nProcessGuid: {BE59402F-260D-6402-1100-000000001900}\r\nProcessId: 880\r\nPipeName: \\TSVCPIPE-9ccf1223-4c8b-4e24-ba60-07c8d23a5596\r\nImage: C:\\Windows\\System32\\svchost.exe\r\nUser: NT AUTHORITY\\NETWORK SERVICE","Category":"Pipe Connected (rule: PipeEvent)","Opcode":"Info","RuleName":"-","UtcTime":"2023-03-03 17:28:10.091","ProcessGuid":"{BE59402F-260D-6402-1100-000000001900}","PipeName":"\\TSVCPIPE-9ccf1223-4c8b-4e24-ba60-07c8d23a5596","Image":"C:\\Windows\\System32\\svchost.exe","User":"NT AUTHORITY\\NETWORK SERVICE","EventReceivedTime":1677864491,"SourceModuleName":"in_sysmon","SourceModuleType":"im_msvistalog"}
<14>Mar  3 17:28:11 win-server.lunarstiiiness.com Microsoft-Windows-Sysmon[1288]: {"EventTime":1677864490,"Hostname":"win-server.lunarstiiiness.com","Keywords":-9223372036854775808,"EventType":"INFO","SeverityValue":2,"Severity":"INFO","EventID":18,"SourceName":"Microsoft-Windows-Sysmon","ProviderGuid":"{5770385F-C22A-43E0-BF4C-06F5698FFBD9}","Version":1,"Task":18,"OpcodeValue":0,"RecordNumber":930474,"ProcessID":1288,"ThreadID":2884,"Channel":"Microsoft-Windows-Sysmon/Operational","Domain":"NT AUTHORITY","AccountName":"SYSTEM","UserID":"S-1-5-18","AccountType":"User","Message":"Pipe Connected:\r\nRuleName: -\r\nEventType: ConnectPipe\r\nUtcTime: 2023-03-03 17:28:10.279\r\nProcessGuid: {BE59402F-260D-6402-1100-000000001900}\r\nProcessId: 880\r\nPipeName: \\TSVCPIPE-75777575-1880-4b07-8e19-f362c8e0e3d1\r\nImage: C:\\Windows\\System32\\svchost.exe\r\nUser: NT AUTHORITY\\NETWORK SERVICE","Category":"Pipe Connected (rule: PipeEvent)","Opcode":"Info","RuleName":"-","UtcTime":"2023-03-03 17:28:10.279","ProcessGuid":"{BE59402F-260D-6402-1100-000000001900}","PipeName":"\\TSVCPIPE-75777575-1880-4b07-8e19-f362c8e0e3d1","Image":"C:\\Windows\\System32\\svchost.exe","User":"NT AUTHORITY\\NETWORK SERVICE","EventReceivedTime":1677864491,"SourceModuleName":"in_sysmon","SourceModuleType":"im_msvistalog"}
<14>Mar  3 17:28:11 win-server.lunarstiiiness.com Microsoft-Windows-Sysmon[1288]: {"EventTime":1677864490,"Hostname":"win-server.lunarstiiiness.com","Keywords":-9223372036854775808,"EventType":"INFO","SeverityValue":2,"Severity":"INFO","EventID":18,"SourceName":"Microsoft-Windows-Sysmon","ProviderGuid":"{5770385F-C22A-43E0-BF4C-06F5698FFBD9}","Version":1,"Task":18,"OpcodeValue":0,"RecordNumber":930476,"ProcessID":1288,"ThreadID":2884,"Channel":"Microsoft-Windows-Sysmon/Operational","Domain":"NT AUTHORITY","AccountName":"SYSTEM","UserID":"S-1-5-18","AccountType":"User","Message":"Pipe Connected:\r\nRuleName: -\r\nEventType: ConnectPipe\r\nUtcTime: 2023-03-03 17:28:10.740\r\nProcessGuid: {BE59402F-260D-6402-1100-000000001900}\r\nProcessId: 880\r\nPipeName: \\TSVCPIPE-91999c50-3516-4ef5-a29f-61deda8c6e8a\r\nImage: C:\\Windows\\System32\\svchost.exe\r\nUser: NT AUTHORITY\\NETWORK SERVICE","Category":"Pipe Connected (rule: PipeEvent)","Opcode":"Info","RuleName":"-","UtcTime":"2023-03-03 17:28:10.740","ProcessGuid":"{BE59402F-260D-6402-1100-000000001900}","PipeName":"\\TSVCPIPE-91999c50-3516-4ef5-a29f-61deda8c6e8a","Image":"C:\\Windows\\System32\\svchost.exe","User":"NT AUTHORITY\\NETWORK SERVICE","EventReceivedTime":1677864491,"SourceModuleName":"in_sysmon","SourceModuleType":"im_msvistalog"}
<14>Mar  3 17:28:11 win-server.lunarstiiiness.com Microsoft-Windows-Sysmon[1288]: {"EventTime":1677864490,"Hostname":"win-server.lunarstiiiness.com","Keywords":-9223372036854775808,"EventType":"INFO","SeverityValue":2,"Severity":"INFO","EventID":17,"SourceName":"Microsoft-Windows-Sysmon","ProviderGuid":"{5770385F-C22A-43E0-BF4C-06F5698FFBD9}","Version":1,"Task":17,"OpcodeValue":0,"RecordNumber":930469,"ProcessID":1288,"ThreadID":2884,"Channel":"Microsoft-Windows-Sysmon/Operational","Domain":"NT AUTHORITY","AccountName":"SYSTEM","UserID":"S-1-5-18","AccountType":"User","Message":"Pipe Created:\r\nRuleName: -\r\nEventType: CreatePipe\r\nUtcTime: 2023-03-03 17:28:10.091\r\nProcessGuid: {BE59402F-260D-6402-1100-000000001900}\r\nProcessId: 880\r\nPipeName: \\TSVCPIPE-9ccf1223-4c8b-4e24-ba60-07c8d23a5596\r\nImage: C:\\Windows\\System32\\svchost.exe\r\nUser: NT AUTHORITY\\NETWORK SERVICE","Category":"Pipe Created (rule: PipeEvent)","Opcode":"Info","RuleName":"-","UtcTime":"2023-03-03 17:28:10.091","ProcessGuid":"{BE59402F-260D-6402-1100-000000001900}","PipeName":"\\TSVCPIPE-9ccf1223-4c8b-4e24-ba60-07c8d23a5596","Image":"C:\\Windows\\System32\\svchost.exe","User":"NT AUTHORITY\\NETWORK SERVICE","EventReceivedTime":1677864491,"SourceModuleName":"in_sysmon","SourceModuleType":"im_msvistalog"}
<14>Mar  3 17:28:11 win-server.lunarstiiiness.com Microsoft-Windows-Sysmon[1288]: {"EventTime":1677864490,"Hostname":"win-server.lunarstiiiness.com","Keywords":-9223372036854775808,"EventType":"INFO","SeverityValue":2,"Severity":"INFO","EventID":17,"SourceName":"Microsoft-Windows-Sysmon","ProviderGuid":"{5770385F-C22A-43E0-BF4C-06F5698FFBD9}","Version":1,"Task":17,"OpcodeValue":0,"RecordNumber":930471,"ProcessID":1288,"ThreadID":2884,"Channel":"Microsoft-Windows-Sysmon/Operational","Domain":"NT AUTHORITY","AccountName":"SYSTEM","UserID":"S-1-5-18","AccountType":"User","Message":"Pipe Created:\r\nRuleName: -\r\nEventType: CreatePipe\r\nUtcTime: 2023-03-03 17:28:10.091\r\nProcessGuid: {BE59402F-260D-6402-1100-000000001900}\r\nProcessId: 880\r\nPipeName: \\TSVCPIPE-9096cbc7-f5ff-489d-b811-d7fbad3bfe94\r\nImage: C:\\Windows\\System32\\svchost.exe\r\nUser: NT AUTHORITY\\NETWORK SERVICE","Category":"Pipe Created (rule: PipeEvent)","Opcode":"Info","RuleName":"-","UtcTime":"2023-03-03 17:28:10.091","ProcessGuid":"{BE59402F-260D-6402-1100-000000001900}","PipeName":"\\TSVCPIPE-9096cbc7-f5ff-489d-b811-d7fbad3bfe94","Image":"C:\\Windows\\System32\\svchost.exe","User":"NT AUTHORITY\\NETWORK SERVICE","EventReceivedTime":1677864491,"SourceModuleName":"in_sysmon","SourceModuleType":"im_msvistalog"}
<14>Mar  3 17:28:11 win-server.lunarstiiiness.com Microsoft-Windows-Sysmon[1288]: {"EventTime":1677864490,"Hostname":"win-server.lunarstiiiness.com","Keywords":-9223372036854775808,"EventType":"INFO","SeverityValue":2,"Severity":"INFO","EventID":17,"SourceName":"Microsoft-Windows-Sysmon","ProviderGuid":"{5770385F-C22A-43E0-BF4C-06F5698FFBD9}","Version":1,"Task":17,"OpcodeValue":0,"RecordNumber":930473,"ProcessID":1288,"ThreadID":2884,"Channel":"Microsoft-Windows-Sysmon/Operational","Domain":"NT AUTHORITY","AccountName":"SYSTEM","UserID":"S-1-5-18","AccountType":"User","Message":"Pipe Created:\r\nRuleName: -\r\nEventType: CreatePipe\r\nUtcTime: 2023-03-03 17:28:10.279\r\nProcessGuid: {BE59402F-260D-6402-1100-000000001900}\r\nProcessId: 880\r\nPipeName: \\TSVCPIPE-75777575-1880-4b07-8e19-f362c8e0e3d1\r\nImage: C:\\Windows\\System32\\svchost.exe\r\nUser: NT AUTHORITY\\NETWORK SERVICE","Category":"Pipe Created (rule: PipeEvent)","Opcode":"Info","RuleName":"-","UtcTime":"2023-03-03 17:28:10.279","ProcessGuid":"{BE59402F-260D-6402-1100-000000001900}","PipeName":"\\TSVCPIPE-75777575-1880-4b07-8e19-f362c8e0e3d1","Image":"C:\\Windows\\System32\\svchost.exe","User":"NT AUTHORITY\\NETWORK SERVICE","EventReceivedTime":1677864491,"SourceModuleName":"in_sysmon","SourceModuleType":"im_msvistalog"}
<14>Mar  3 17:28:11 win-server.lunarstiiiness.com Microsoft-Windows-Sysmon[1288]: {"EventTime":1677864490,"Hostname":"win-server.lunarstiiiness.com","Keywords":-9223372036854775808,"EventType":"INFO","SeverityValue":2,"Severity":"INFO","EventID":17,"SourceName":"Microsoft-Windows-Sysmon","ProviderGuid":"{5770385F-C22A-43E0-BF4C-06F5698FFBD9}","Version":1,"Task":17,"OpcodeValue":0,"RecordNumber":930475,"ProcessID":1288,"ThreadID":2884,"Channel":"Microsoft-Windows-Sysmon/Operational","Domain":"NT AUTHORITY","AccountName":"SYSTEM","UserID":"S-1-5-18","AccountType":"User","Message":"Pipe Created:\r\nRuleName: -\r\nEventType: CreatePipe\r\nUtcTime: 2023-03-03 17:28:10.740\r\nProcessGuid: {BE59402F-260D-6402-1100-000000001900}\r\nProcessId: 880\r\nPipeName: \\TSVCPIPE-91999c50-3516-4ef5-a29f-61deda8c6e8a\r\nImage: C:\\Windows\\System32\\svchost.exe\r\nUser: NT AUTHORITY\\NETWORK SERVICE","Category":"Pipe Created (rule: PipeEvent)","Opcode":"Info","RuleName":"-","UtcTime":"2023-03-03 17:28:10.740","ProcessGuid":"{BE59402F-260D-6402-1100-000000001900}","PipeName":"\\TSVCPIPE-91999c50-3516-4ef5-a29f-61deda8c6e8a","Image":"C:\\Windows\\System32\\svchost.exe","User":"NT AUTHORITY\\NETWORK SERVICE","EventReceivedTime":1677864491,"SourceModuleName":"in_sysmon","SourceModuleType":"im_msvistalog"}
<14>Mar  3 17:28:15 win-server.lunarstiiiness.com Microsoft-Windows-Sysmon[1288]: {"EventTime":1677864493,"Hostname":"win-server.lunarstiiiness.com","Keywords":-9223372036854775808,"EventType":"INFO","SeverityValue":2,"Severity":"INFO","EventID":13,"SourceName":"Microsoft-Windows-Sysmon","ProviderGuid":"{5770385F-C22A-43E0-BF4C-06F5698FFBD9}","Version":2,"Task":13,"OpcodeValue":0,"RecordNumber":930477,"ProcessID":1288,"ThreadID":2884,"Channel":"Microsoft-Windows-Sysmon/Operational","Domain":"NT AUTHORITY","AccountName":"SYSTEM","UserID":"S-1-5-18","AccountType":"User","Message":"Registry value set:\r\nRuleName: technique_id=T1543,technique_name=Service Creation\r\nEventType: SetValue\r\nUtcTime: 2023-03-03 17:28:12.787\r\nProcessGuid: {BE59402F-260D-6402-1300-000000001900}\r\nProcessId: 924\r\nImage: C:\\Windows\\system32\\svchost.exe\r\nTargetObject: HKLM\\System\\CurrentControlSet\\Services\\w32time\\Config\\LastKnownGoodTime\r\nDetails: QWORD (0x01d94df5-0x87fc97b3)\r\nUser: NT AUTHORITY\\LOCAL SERVICE","Category":"Registry value set (rule: RegistryEvent)","Opcode":"Info","RuleName":"technique_id=T1543,technique_name=Service Creation","UtcTime":"2023-03-03 17:28:12.787","ProcessGuid":"{BE59402F-260D-6402-1300-000000001900}","Image":"C:\\Windows\\system32\\svchost.exe","TargetObject":"HKLM\\System\\CurrentControlSet\\Services\\w32time\\Config\\LastKnownGoodTime","Details":"QWORD (0x01d94df5-0x87fc97b3)","User":"NT AUTHORITY\\LOCAL SERVICE","EventReceivedTime":1677864495,"SourceModuleName":"in_sysmon","SourceModuleType":"im_msvistalog"}
<14>Mar  3 17:28:15 win-server.lunarstiiiness.com Microsoft-Windows-Sysmon[1288]: {"EventTime":1677864494,"Hostname":"win-server.lunarstiiiness.com","Keywords":-9223372036854775808,"EventType":"INFO","SeverityValue":2,"Severity":"INFO","EventID":3,"SourceName":"Microsoft-Windows-Sysmon","ProviderGuid":"{5770385F-C22A-43E0-BF4C-06F5698FFBD9}","Version":5,"Task":3,"OpcodeValue":0,"RecordNumber":930478,"ProcessID":1288,"ThreadID":2392,"Channel":"Microsoft-Windows-Sysmon/Operational","Domain":"NT AUTHORITY","AccountName":"SYSTEM","UserID":"S-1-5-18","AccountType":"User","Message":"Network connection detected:\r\nRuleName: technique_id=T1021,technique_name=Remote Services\r\nUtcTime: 2023-03-03 17:28:13.395\r\nProcessGuid: {BE59402F-260D-6402-1100-000000001900}\r\nProcessId: 880\r\nImage: C:\\Windows\\System32\\svchost.exe\r\nUser: NT AUTHORITY\\NETWORK SERVICE\r\nProtocol: tcp\r\nInitiated: false\r\nSourceIsIpv6: false\r\nSourceIp: 10.128.0.21\r\nSourceHostname: -\r\nSourcePort: 64181\r\nSourcePortName: -\r\nDestinationIsIpv6: false\r\nDestinationIp: 10.128.0.22\r\nDestinationHostname: -\r\nDestinationPort: 3389\r\nDestinationPortName: -","Category":"Network connection detected (rule: NetworkConnect)","Opcode":"Info","RuleName":"technique_id=T1021,technique_name=Remote Services","UtcTime":"2023-03-03 17:28:13.395","ProcessGuid":"{BE59402F-260D-6402-1100-000000001900}","Image":"C:\\Windows\\System32\\svchost.exe","User":"NT AUTHORITY\\NETWORK SERVICE","Protocol":"tcp","Initiated":"false","SourceIsIpv6":"false","SourceIp":"10.128.0.21","SourceHostname":"-","SourcePort":"64181","SourcePortName":"-","DestinationIsIpv6":"false","DestinationIp":"10.128.0.22","DestinationHostname":"-","DestinationPort":"3389","DestinationPortName":"-","EventReceivedTime":1677864495,"SourceModuleName":"in_sysmon","SourceModuleType":"im_msvistalog"}
<14>Mar  3 17:28:16 win-server.lunarstiiiness.com Microsoft-Windows-Sysmon[1288]: {"EventTime":1677864494,"Hostname":"win-server.lunarstiiiness.com","Keywords":-9223372036854775808,"EventType":"INFO","SeverityValue":2,"Severity":"INFO","EventID":3,"SourceName":"Microsoft-Windows-Sysmon","ProviderGuid":"{5770385F-C22A-43E0-BF4C-06F5698FFBD9}","Version":5,"Task":3,"OpcodeValue":0,"RecordNumber":930479,"ProcessID":1288,"ThreadID":2392,"Channel":"Microsoft-Windows-Sysmon/Operational","Domain":"NT AUTHORITY","AccountName":"SYSTEM","UserID":"S-1-5-18","AccountType":"User","Message":"Network connection detected:\r\nRuleName: technique_id=T1021,technique_name=Remote Services\r\nUtcTime: 2023-03-03 17:28:13.909\r\nProcessGuid: {BE59402F-260D-6402-1100-000000001900}\r\nProcessId: 880\r\nImage: C:\\Windows\\System32\\svchost.exe\r\nUser: NT AUTHORITY\\NETWORK SERVICE\r\nProtocol: tcp\r\nInitiated: false\r\nSourceIsIpv6: false\r\nSourceIp: 10.128.0.21\r\nSourceHostname: -\r\nSourcePort: 64182\r\nSourcePortName: -\r\nDestinationIsIpv6: false\r\nDestinationIp: 10.128.0.22\r\nDestinationHostname: -\r\nDestinationPort: 3389\r\nDestinationPortName: -","Category":"Network connection detected (rule: NetworkConnect)","Opcode":"Info","RuleName":"technique_id=T1021,technique_name=Remote Services","UtcTime":"2023-03-03 17:28:13.909","ProcessGuid":"{BE59402F-260D-6402-1100-000000001900}","Image":"C:\\Windows\\System32\\svchost.exe","User":"NT AUTHORITY\\NETWORK SERVICE","Protocol":"tcp","Initiated":"false","SourceIsIpv6":"false","SourceIp":"10.128.0.21","SourceHostname":"-","SourcePort":"64182","SourcePortName":"-","DestinationIsIpv6":"false","DestinationIp":"10.128.0.22","DestinationHostname":"-","DestinationPort":"3389","DestinationPortName":"-","EventReceivedTime":1677864496,"SourceModuleName":"in_sysmon","SourceModuleType":"im_msvistalog"}
<14>Mar  3 17:28:18 win-server.lunarstiiiness.com Microsoft-Windows-Sysmon[1288]: {"EventTime":1677864496,"Hostname":"win-server.lunarstiiiness.com","Keywords":-9223372036854775808,"EventType":"INFO","SeverityValue":2,"Severity":"INFO","EventID":13,"SourceName":"Microsoft-Windows-Sysmon","ProviderGuid":"{5770385F-C22A-43E0-BF4C-06F5698FFBD9}","Version":2,"Task":13,"OpcodeValue":0,"RecordNumber":930482,"ProcessID":1288,"ThreadID":2884,"Channel":"Microsoft-Windows-Sysmon/Operational","Domain":"NT AUTHORITY","AccountName":"SYSTEM","UserID":"S-1-5-18","AccountType":"User","Message":"Registry value set:\r\nRuleName: UACMe Dir Prep\r\nEventType: SetValue\r\nUtcTime: 2023-03-03 17:28:16.771\r\nProcessGuid: {BE59402F-260D-6402-1000-000000001900}\r\nProcessId: 872\r\nImage: C:\\Windows\\system32\\svchost.exe\r\nTargetObject: HKU\\S-1-5-21-3263964631-4121654051-1417071188-1116\\Volatile Environment\\USERDNSDOMAIN\r\nDetails: LUNARSTIIINESS.COM\r\nUser: NT AUTHORITY\\SYSTEM","Category":"Registry value set (rule: RegistryEvent)","Opcode":"Info","RuleName":"UACMe Dir Prep","UtcTime":"2023-03-03 17:28:16.771","ProcessGuid":"{BE59402F-260D-6402-1000-000000001900}","Image":"C:\\Windows\\system32\\svchost.exe","TargetObject":"HKU\\S-1-5-21-3263964631-4121654051-1417071188-1116\\Volatile Environment\\USERDNSDOMAIN","Details":"LUNARSTIIINESS.COM","User":"NT AUTHORITY\\SYSTEM","EventReceivedTime":1677864498,"SourceModuleName":"in_sysmon","SourceModuleType":"im_msvistalog"}
<14>Mar  3 17:28:18 win-server.lunarstiiiness.com Microsoft-Windows-Sysmon[1288]: {"EventTime":1677864496,"Hostname":"win-server.lunarstiiiness.com","Keywords":-9223372036854775808,"EventType":"INFO","SeverityValue":2,"Severity":"INFO","EventID":13,"SourceName":"Microsoft-Windows-Sysmon","ProviderGuid":"{5770385F-C22A-43E0-BF4C-06F5698FFBD9}","Version":2,"Task":13,"OpcodeValue":0,"RecordNumber":930484,"ProcessID":1288,"ThreadID":2884,"Channel":"Microsoft-Windows-Sysmon/Operational","Domain":"NT AUTHORITY","AccountName":"SYSTEM","UserID":"S-1-5-18","AccountType":"User","Message":"Registry value set:\r\nRuleName: UACMe Dir Prep\r\nEventType: SetValue\r\nUtcTime: 2023-03-03 17:28:16.771\r\nProcessGuid: {BE59402F-260D-6402-1000-000000001900}\r\nProcessId: 872\r\nImage: C:\\Windows\\system32\\svchost.exe\r\nTargetObject: HKU\\S-1-5-21-3263964631-4121654051-1417071188-1116\\Volatile Environment\\USERNAME\r\nDetails: tim.smith_admin\r\nUser: NT AUTHORITY\\SYSTEM","Category":"Registry value set (rule: RegistryEvent)","Opcode":"Info","RuleName":"UACMe Dir Prep","UtcTime":"2023-03-03 17:28:16.771","ProcessGuid":"{BE59402F-260D-6402-1000-000000001900}","Image":"C:\\Windows\\system32\\svchost.exe","TargetObject":"HKU\\S-1-5-21-3263964631-4121654051-1417071188-1116\\Volatile Environment\\USERNAME","Details":"tim.smith_admin","User":"NT AUTHORITY\\SYSTEM","EventReceivedTime":1677864498,"SourceModuleName":"in_sysmon","SourceModuleType":"im_msvistalog"}
<14>Mar  3 17:28:18 win-server.lunarstiiiness.com Microsoft-Windows-Sysmon[1288]: {"EventTime":1677864496,"Hostname":"win-server.lunarstiiiness.com","Keywords":-9223372036854775808,"EventType":"INFO","SeverityValue":2,"Severity":"INFO","EventID":13,"SourceName":"Microsoft-Windows-Sysmon","ProviderGuid":"{5770385F-C22A-43E0-BF4C-06F5698FFBD9}","Version":2,"Task":13,"OpcodeValue":0,"RecordNumber":930481,"ProcessID":1288,"ThreadID":2884,"Channel":"Microsoft-Windows-Sysmon/Operational","Domain":"NT AUTHORITY","AccountName":"SYSTEM","UserID":"S-1-5-18","AccountType":"User","Message":"Registry value set:\r\nRuleName: UACMe Dir Prep\r\nEventType: SetValue\r\nUtcTime: 2023-03-03 17:28:16.771\r\nProcessGuid: {BE59402F-260D-6402-1000-000000001900}\r\nProcessId: 872\r\nImage: C:\\Windows\\system32\\svchost.exe\r\nTargetObject: HKU\\S-1-5-21-3263964631-4121654051-1417071188-1116\\Volatile Environment\\LOGONSERVER\r\nDetails: \\\\WIN-ADFS\r\nUser: NT AUTHORITY\\SYSTEM","Category":"Registry value set (rule: RegistryEvent)","Opcode":"Info","RuleName":"UACMe Dir Prep","UtcTime":"2023-03-03 17:28:16.771","ProcessGuid":"{BE59402F-260D-6402-1000-000000001900}","Image":"C:\\Windows\\system32\\svchost.exe","TargetObject":"HKU\\S-1-5-21-3263964631-4121654051-1417071188-1116\\Volatile Environment\\LOGONSERVER","Details":"\\\\WIN-ADFS","User":"NT AUTHORITY\\SYSTEM","EventReceivedTime":1677864498,"SourceModuleName":"in_sysmon","SourceModuleType":"im_msvistalog"}
<14>Mar  3 17:28:18 win-server.lunarstiiiness.com Microsoft-Windows-Sysmon[1288]: {"EventTime":1677864496,"Hostname":"win-server.lunarstiiiness.com","Keywords":-9223372036854775808,"EventType":"INFO","SeverityValue":2,"Severity":"INFO","EventID":13,"SourceName":"Microsoft-Windows-Sysmon","ProviderGuid":"{5770385F-C22A-43E0-BF4C-06F5698FFBD9}","Version":2,"Task":13,"OpcodeValue":0,"RecordNumber":930485,"ProcessID":1288,"ThreadID":2884,"Channel":"Microsoft-Windows-Sysmon/Operational","Domain":"NT AUTHORITY","AccountName":"SYSTEM","UserID":"S-1-5-18","AccountType":"User","Message":"Registry value set:\r\nRuleName: UACMe Dir Prep\r\nEventType: SetValue\r\nUtcTime: 2023-03-03 17:28:16.771\r\nProcessGuid: {BE59402F-260D-6402-1000-000000001900}\r\nProcessId: 872\r\nImage: C:\\Windows\\system32\\svchost.exe\r\nTargetObject: HKU\\S-1-5-21-3263964631-4121654051-1417071188-1116\\Volatile Environment\\USERPROFILE\r\nDetails: C:\\Users\\tim.smith_admin\r\nUser: NT AUTHORITY\\SYSTEM","Category":"Registry value set (rule: RegistryEvent)","Opcode":"Info","RuleName":"UACMe Dir Prep","UtcTime":"2023-03-03 17:28:16.771","ProcessGuid":"{BE59402F-260D-6402-1000-000000001900}","Image":"C:\\Windows\\system32\\svchost.exe","TargetObject":"HKU\\S-1-5-21-3263964631-4121654051-1417071188-1116\\Volatile Environment\\USERPROFILE","Details":"C:\\Users\\tim.smith_admin","User":"NT AUTHORITY\\SYSTEM","EventReceivedTime":1677864498,"SourceModuleName":"in_sysmon","SourceModuleType":"im_msvistalog"}
<14>Mar  3 17:28:18 win-server.lunarstiiiness.com Microsoft-Windows-Sysmon[1288]: {"EventTime":1677864496,"Hostname":"win-server.lunarstiiiness.com","Keywords":-9223372036854775808,"EventType":"INFO","SeverityValue":2,"Severity":"INFO","EventID":13,"SourceName":"Microsoft-Windows-Sysmon","ProviderGuid":"{5770385F-C22A-43E0-BF4C-06F5698FFBD9}","Version":2,"Task":13,"OpcodeValue":0,"RecordNumber":930488,"ProcessID":1288,"ThreadID":2884,"Channel":"Microsoft-Windows-Sysmon/Operational","Domain":"NT AUTHORITY","AccountName":"SYSTEM","UserID":"S-1-5-18","AccountType":"User","Message":"Registry value set:\r\nRuleName: UACMe Dir Prep\r\nEventType: SetValue\r\nUtcTime: 2023-03-03 17:28:16.771\r\nProcessGuid: {BE59402F-260D-6402-1000-000000001900}\r\nProcessId: 872\r\nImage: C:\\Windows\\system32\\svchost.exe\r\nTargetObject: HKU\\S-1-5-21-3263964631-4121654051-1417071188-1116\\Volatile Environment\\APPDATA\r\nDetails: C:\\Users\\tim.smith_admin\\AppData\\Roaming\r\nUser: NT AUTHORITY\\SYSTEM","Category":"Registry value set (rule: RegistryEvent)","Opcode":"Info","RuleName":"UACMe Dir Prep","UtcTime":"2023-03-03 17:28:16.771","ProcessGuid":"{BE59402F-260D-6402-1000-000000001900}","Image":"C:\\Windows\\system32\\svchost.exe","TargetObject":"HKU\\S-1-5-21-3263964631-4121654051-1417071188-1116\\Volatile Environment\\APPDATA","Details":"C:\\Users\\tim.smith_admin\\AppData\\Roaming","User":"NT AUTHORITY\\SYSTEM","EventReceivedTime":1677864498,"SourceModuleName":"in_sysmon","SourceModuleType":"im_msvistalog"}
<14>Mar  3 17:28:18 win-server.lunarstiiiness.com Microsoft-Windows-Sysmon[1288]: {"EventTime":1677864496,"Hostname":"win-server.lunarstiiiness.com","Keywords":-9223372036854775808,"EventType":"INFO","SeverityValue":2,"Severity":"INFO","EventID":13,"SourceName":"Microsoft-Windows-Sysmon","ProviderGuid":"{5770385F-C22A-43E0-BF4C-06F5698FFBD9}","Version":2,"Task":13,"OpcodeValue":0,"RecordNumber":930490,"ProcessID":1288,"ThreadID":2884,"Channel":"Microsoft-Windows-Sysmon/Operational","Domain":"NT AUTHORITY","AccountName":"SYSTEM","UserID":"S-1-5-18","AccountType":"User","Message":"Registry value set:\r\nRuleName: UACMe Dir Prep\r\nEventType: SetValue\r\nUtcTime: 2023-03-03 17:28:16.771\r\nProcessGuid: {BE59402F-260D-6402-1000-000000001900}\r\nProcessId: 872\r\nImage: C:\\Windows\\system32\\svchost.exe\r\nTargetObject: HKU\\S-1-5-21-3263964631-4121654051-1417071188-1116\\Volatile Environment\\USERDOMAIN_ROAMINGPROFILE\r\nDetails: LUNARSTIIINESS\r\nUser: NT AUTHORITY\\SYSTEM","Category":"Registry value set (rule: RegistryEvent)","Opcode":"Info","RuleName":"UACMe Dir Prep","UtcTime":"2023-03-03 17:28:16.771","ProcessGuid":"{BE59402F-260D-6402-1000-000000001900}","Image":"C:\\Windows\\system32\\svchost.exe","TargetObject":"HKU\\S-1-5-21-3263964631-4121654051-1417071188-1116\\Volatile Environment\\USERDOMAIN_ROAMINGPROFILE","Details":"LUNARSTIIINESS","User":"NT AUTHORITY\\SYSTEM","EventReceivedTime":1677864498,"SourceModuleName":"in_sysmon","SourceModuleType":"im_msvistalog"}
<14>Mar  3 17:28:18 win-server.lunarstiiiness.com Microsoft-Windows-Sysmon[1288]: {"EventTime":1677864496,"Hostname":"win-server.lunarstiiiness.com","Keywords":-9223372036854775808,"EventType":"INFO","SeverityValue":2,"Severity":"INFO","EventID":12,"SourceName":"Microsoft-Windows-Sysmon","ProviderGuid":"{5770385F-C22A-43E0-BF4C-06F5698FFBD9}","Version":2,"Task":12,"OpcodeValue":0,"RecordNumber":930480,"ProcessID":1288,"ThreadID":2884,"Channel":"Microsoft-Windows-Sysmon/Operational","Domain":"NT AUTHORITY","AccountName":"SYSTEM","UserID":"S-1-5-18","AccountType":"User","Message":"Registry object added or deleted:\r\nRuleName: UACMe Dir Prep\r\nEventType: CreateKey\r\nUtcTime: 2023-03-03 17:28:16.771\r\nProcessGuid: {BE59402F-260D-6402-1000-000000001900}\r\nProcessId: 872\r\nImage: C:\\Windows\\system32\\svchost.exe\r\nTargetObject: HKU\\S-1-5-21-3263964631-4121654051-1417071188-1116\\Volatile Environment\r\nUser: NT AUTHORITY\\SYSTEM","Category":"Registry object added or deleted (rule: RegistryEvent)","Opcode":"Info","RuleName":"UACMe Dir Prep","UtcTime":"2023-03-03 17:28:16.771","ProcessGuid":"{BE59402F-260D-6402-1000-000000001900}","Image":"C:\\Windows\\system32\\svchost.exe","TargetObject":"HKU\\S-1-5-21-3263964631-4121654051-1417071188-1116\\Volatile Environment","User":"NT AUTHORITY\\SYSTEM","EventReceivedTime":1677864498,"SourceModuleName":"in_sysmon","SourceModuleType":"im_msvistalog"}
<14>Mar  3 17:28:18 win-server.lunarstiiiness.com Microsoft-Windows-Sysmon[1288]: {"EventTime":1677864496,"Hostname":"win-server.lunarstiiiness.com","Keywords":-9223372036854775808,"EventType":"INFO","SeverityValue":2,"Severity":"INFO","EventID":13,"SourceName":"Microsoft-Windows-Sysmon","ProviderGuid":"{5770385F-C22A-43E0-BF4C-06F5698FFBD9}","Version":2,"Task":13,"OpcodeValue":0,"RecordNumber":930483,"ProcessID":1288,"ThreadID":2884,"Channel":"Microsoft-Windows-Sysmon/Operational","Domain":"NT AUTHORITY","AccountName":"SYSTEM","UserID":"S-1-5-18","AccountType":"User","Message":"Registry value set:\r\nRuleName: UACMe Dir Prep\r\nEventType: SetValue\r\nUtcTime: 2023-03-03 17:28:16.771\r\nProcessGuid: {BE59402F-260D-6402-1000-000000001900}\r\nProcessId: 872\r\nImage: C:\\Windows\\system32\\svchost.exe\r\nTargetObject: HKU\\S-1-5-21-3263964631-4121654051-1417071188-1116\\Volatile Environment\\USERDOMAIN\r\nDetails: LUNARSTIIINESS\r\nUser: NT AUTHORITY\\SYSTEM","Category":"Registry value set (rule: RegistryEvent)","Opcode":"Info","RuleName":"UACMe Dir Prep","UtcTime":"2023-03-03 17:28:16.771","ProcessGuid":"{BE59402F-260D-6402-1000-000000001900}","Image":"C:\\Windows\\system32\\svchost.exe","TargetObject":"HKU\\S-1-5-21-3263964631-4121654051-1417071188-1116\\Volatile Environment\\USERDOMAIN","Details":"LUNARSTIIINESS","User":"NT AUTHORITY\\SYSTEM","EventReceivedTime":1677864498,"SourceModuleName":"in_sysmon","SourceModuleType":"im_msvistalog"}
<14>Mar  3 17:28:18 win-server.lunarstiiiness.com Microsoft-Windows-Sysmon[1288]: {"EventTime":1677864496,"Hostname":"win-server.lunarstiiiness.com","Keywords":-9223372036854775808,"EventType":"INFO","SeverityValue":2,"Severity":"INFO","EventID":13,"SourceName":"Microsoft-Windows-Sysmon","ProviderGuid":"{5770385F-C22A-43E0-BF4C-06F5698FFBD9}","Version":2,"Task":13,"OpcodeValue":0,"RecordNumber":930489,"ProcessID":1288,"ThreadID":2884,"Channel":"Microsoft-Windows-Sysmon/Operational","Domain":"NT AUTHORITY","AccountName":"SYSTEM","UserID":"S-1-5-18","AccountType":"User","Message":"Registry value set:\r\nRuleName: UACMe Dir Prep\r\nEventType: SetValue\r\nUtcTime: 2023-03-03 17:28:16.771\r\nProcessGuid: {BE59402F-260D-6402-1000-000000001900}\r\nProcessId: 872\r\nImage: C:\\Windows\\system32\\svchost.exe\r\nTargetObject: HKU\\S-1-5-21-3263964631-4121654051-1417071188-1116\\Volatile Environment\\LOCALAPPDATA\r\nDetails: C:\\Users\\tim.smith_admin\\AppData\\Local\r\nUser: NT AUTHORITY\\SYSTEM","Category":"Registry value set (rule: RegistryEvent)","Opcode":"Info","RuleName":"UACMe Dir Prep","UtcTime":"2023-03-03 17:28:16.771","ProcessGuid":"{BE59402F-260D-6402-1000-000000001900}","Image":"C:\\Windows\\system32\\svchost.exe","TargetObject":"HKU\\S-1-5-21-3263964631-4121654051-1417071188-1116\\Volatile Environment\\LOCALAPPDATA","Details":"C:\\Users\\tim.smith_admin\\AppData\\Local","User":"NT AUTHORITY\\SYSTEM","EventReceivedTime":1677864498,"SourceModuleName":"in_sysmon","SourceModuleType":"im_msvistalog"}
