<14>Mar  3 17:28:18 win-server.lunarstiiiness.com Microsoft-Windows-Sysmon[1288]: {"EventTime":1677864496,"Hostname":"win-server.lunarstiiiness.com","Keywords":-9223372036854775808,"EventType":"INFO","SeverityValue":2,"Severity":"INFO","EventID":13,"SourceName":"Microsoft-Windows-Sysmon","ProviderGuid":"{5770385F-C22A-43E0-BF4C-06F5698FFBD9}","Version":2,"Task":13,"OpcodeValue":0,"RecordNumber":930486,"ProcessID":1288,"ThreadID":2884,"Channel":"Microsoft-Windows-Sysmon/Operational","Domain":"NT AUTHORITY","AccountName":"SYSTEM","UserID":"S-1-5-18","AccountType":"User","Message":"Registry value set:\r\nRuleName: UACMe Dir Prep\r\nEventType: SetValue\r\nUtcTime: 2023-03-03 17:28:16.771\r\nProcessGuid: {BE59402F-260D-6402-1000-000000001900}\r\nProcessId: 872\r\nImage: C:\\Windows\\system32\\svchost.exe\r\nTargetObject: HKU\\S-1-5-21-3263964631-4121654051-1417071188-1116\\Volatile Environment\\HOMEPATH\r\nDetails: \\Users\\tim.smith_admin\r\nUser: NT AUTHORITY\\SYSTEM","Category":"Registry value set (rule: RegistryEvent)","Opcode":"Info","RuleName":"UACMe Dir Prep","UtcTime":"2023-03-03 17:28:16.771","ProcessGuid":"{BE59402F-260D-6402-1000-000000001900}","Image":"C:\\Windows\\system32\\svchost.exe","TargetObject":"HKU\\S-1-5-21-3263964631-4121654051-1417071188-1116\\Volatile Environment\\HOMEPATH","Details":"\\Users\\tim.smith_admin","User":"NT AUTHORITY\\SYSTEM","EventReceivedTime":1677864498,"SourceModuleName":"in_sysmon","SourceModuleType":"im_msvistalog"}
<14>Mar  3 17:28:18 win-server.lunarstiiiness.com Microsoft-Windows-Sysmon[1288]: {"EventTime":1677864496,"Hostname":"win-server.lunarstiiiness.com","Keywords":-9223372036854775808,"EventType":"INFO","SeverityValue":2,"Severity":"INFO","EventID":13,"SourceName":"Microsoft-Windows-Sysmon","ProviderGuid":"{5770385F-C22A-43E0-BF4C-06F5698FFBD9}","Version":2,"Task":13,"OpcodeValue":0,"RecordNumber":930487,"ProcessID":1288,"ThreadID":2884,"Channel":"Microsoft-Windows-Sysmon/Operational","Domain":"NT AUTHORITY","AccountName":"SYSTEM","UserID":"S-1-5-18","AccountType":"User","Message":"Registry value set:\r\nRuleName: UACMe Dir Prep\r\nEventType: SetValue\r\nUtcTime: 2023-03-03 17:28:16.771\r\nProcessGuid: {BE59402F-260D-6402-1000-000000001900}\r\nProcessId: 872\r\nImage: C:\\Windows\\system32\\svchost.exe\r\nTargetObject: HKU\\S-1-5-21-3263964631-4121654051-1417071188-1116\\Volatile Environment\\HOMEDRIVE\r\nDetails: C:\r\nUser: NT AUTHORITY\\SYSTEM","Category":"Registry value set (rule: RegistryEvent)","Opcode":"Info","RuleName":"UACMe Dir Prep","UtcTime":"2023-03-03 17:28:16.771","ProcessGuid":"{BE59402F-260D-6402-1000-000000001900}","Image":"C:\\Windows\\system32\\svchost.exe","TargetObject":"HKU\\S-1-5-21-3263964631-4121654051-1417071188-1116\\Volatile Environment\\HOMEDRIVE","Details":"C:","User":"NT AUTHORITY\\SYSTEM","EventReceivedTime":1677864498,"SourceModuleName":"in_sysmon","SourceModuleType":"im_msvistalog"}
<14>Mar  3 17:28:18 win-server.lunarstiiiness.com Microsoft-Windows-Sysmon[1288]: {"EventTime":1677864497,"Hostname":"win-server.lunarstiiiness.com","Keywords":-9223372036854775808,"EventType":"INFO","SeverityValue":2,"Severity":"INFO","EventID":13,"SourceName":"Microsoft-Windows-Sysmon","ProviderGuid":"{5770385F-C22A-43E0-BF4C-06F5698FFBD9}","Version":2,"Task":13,"OpcodeValue":0,"RecordNumber":930493,"ProcessID":1288,"ThreadID":2884,"Channel":"Microsoft-Windows-Sysmon/Operational","Domain":"NT AUTHORITY","AccountName":"SYSTEM","UserID":"S-1-5-18","AccountType":"User","Message":"Registry value set:\r\nRuleName: UACMe Dir Prep\r\nEventType: SetValue\r\nUtcTime: 2023-03-03 17:28:17.334\r\nProcessGuid: {BE59402F-2741-6402-8A00-000000001900}\r\nProcessId: 4484\r\nImage: C:\\Windows\\winsxs\\amd64_microsoft-windows-servicingstack_31bf3856ad364e35_10.0.14393.5351_none_7f0b8fbe21ea4a21\\TiWorker.exe\r\nTargetObject: HKLM\\SOFTWARE\\Microsoft\\Windows\\CurrentVersion\\Component Based Servicing\\PackageDetect\\Microsoft-Windows-BootEnvironment-BootManagers-Package~31bf3856ad364e35~amd64~en-US~0.0.0.0\\Package_7968_for_KB5022838~31bf3856ad364e35~amd64~~10.0.1.13\r\nDetails: DWORD (0x00000002)\r\nUser: NT AUTHORITY\\SYSTEM","Category":"Registry value set (rule: RegistryEvent)","Opcode":"Info","RuleName":"UACMe Dir Prep","UtcTime":"2023-03-03 17:28:17.334","ProcessGuid":"{BE59402F-2741-6402-8A00-000000001900}","Image":"C:\\Windows\\winsxs\\amd64_microsoft-windows-servicingstack_31bf3856ad364e35_10.0.14393.5351_none_7f0b8fbe21ea4a21\\TiWorker.exe","TargetObject":"HKLM\\SOFTWARE\\Microsoft\\Windows\\CurrentVersion\\Component Based Servicing\\PackageDetect\\Microsoft-Windows-BootEnvironment-BootManagers-Package~31bf3856ad364e35~amd64~en-US~0.0.0.0\\Package_7968_for_KB5022838~31bf3856ad364e35~amd64~~10.0.1.13","Details":"DWORD (0x00000002)","User":"NT AUTHORITY\\SYSTEM","EventReceivedTime":1677864498,"SourceModuleName":"in_sysmon","SourceModuleType":"im_msvistalog"}
<14>Mar  3 17:28:18 win-server.lunarstiiiness.com Microsoft-Windows-Sysmon[1288]: {"EventTime":1677864497,"Hostname":"win-server.lunarstiiiness.com","Keywords":-9223372036854775808,"EventType":"INFO","SeverityValue":2,"Severity":"INFO","EventID":12,"SourceName":"Microsoft-Windows-Sysmon","ProviderGuid":"{5770385F-C22A-43E0-BF4C-06F5698FFBD9}","Version":2,"Task":12,"OpcodeValue":0,"RecordNumber":930492,"ProcessID":1288,"ThreadID":2884,"Channel":"Microsoft-Windows-Sysmon/Operational","Domain":"NT AUTHORITY","AccountName":"SYSTEM","UserID":"S-1-5-18","AccountType":"User","Message":"Registry object added or deleted:\r\nRuleName: UACMe Dir Prep\r\nEventType: CreateKey\r\nUtcTime: 2023-03-03 17:28:17.334\r\nProcessGuid: {BE59402F-2741-6402-8A00-000000001900}\r\nProcessId: 4484\r\nImage: C:\\Windows\\winsxs\\amd64_microsoft-windows-servicingstack_31bf3856ad364e35_10.0.14393.5351_none_7f0b8fbe21ea4a21\\TiWorker.exe\r\nTargetObject: HKLM\\SOFTWARE\\Microsoft\\Windows\\CurrentVersion\\Component Based Servicing\\PackageDetect\\Microsoft-Windows-BootEnvironment-BootManagers-Package~31bf3856ad364e35~amd64~en-US~0.0.0.0\r\nUser: NT AUTHORITY\\SYSTEM","Category":"Registry object added or deleted (rule: RegistryEvent)","Opcode":"Info","RuleName":"UACMe Dir Prep","UtcTime":"2023-03-03 17:28:17.334","ProcessGuid":"{BE59402F-2741-6402-8A00-000000001900}","Image":"C:\\Windows\\winsxs\\amd64_microsoft-windows-servicingstack_31bf3856ad364e35_10.0.14393.5351_none_7f0b8fbe21ea4a21\\TiWorker.exe","TargetObject":"HKLM\\SOFTWARE\\Microsoft\\Windows\\CurrentVersion\\Component Based Servicing\\PackageDetect\\Microsoft-Windows-BootEnvironment-BootManagers-Package~31bf3856ad364e35~amd64~en-US~0.0.0.0","User":"NT AUTHORITY\\SYSTEM","EventReceivedTime":1677864498,"SourceModuleName":"in_sysmon","SourceModuleType":"im_msvistalog"}
<14>Mar  3 17:28:18 win-server.lunarstiiiness.com Microsoft-Windows-Sysmon[1288]: {"EventTime":1677864497,"Hostname":"win-server.lunarstiiiness.com","Keywords":-9223372036854775808,"EventType":"INFO","SeverityValue":2,"Severity":"INFO","EventID":12,"SourceName":"Microsoft-Windows-Sysmon","ProviderGuid":"{5770385F-C22A-43E0-BF4C-06F5698FFBD9}","Version":2,"Task":12,"OpcodeValue":0,"RecordNumber":930496,"ProcessID":1288,"ThreadID":2884,"Channel":"Microsoft-Windows-Sysmon/Operational","Domain":"NT AUTHORITY","AccountName":"SYSTEM","UserID":"S-1-5-18","AccountType":"User","Message":"Registry object added or deleted:\r\nRuleName: UACMe Dir Prep\r\nEventType: CreateKey\r\nUtcTime: 2023-03-03 17:28:17.498\r\nProcessGuid: {BE59402F-2741-6402-8A00-000000001900}\r\nProcessId: 4484\r\nImage: C:\\Windows\\winsxs\\amd64_microsoft-windows-servicingstack_31bf3856ad364e35_10.0.14393.5351_none_7f0b8fbe21ea4a21\\TiWorker.exe\r\nTargetObject: HKLM\\SOFTWARE\\Microsoft\\Windows\\CurrentVersion\\Component Based Servicing\\PackageDetect\\Microsoft-Windows-BootEnvironment-BootManagers-Package~31bf3856ad364e35~amd64~en-US~0.0.0.0\r\nUser: NT AUTHORITY\\SYSTEM","Category":"Registry object added or deleted (rule: RegistryEvent)","Opcode":"Info","RuleName":"UACMe Dir Prep","UtcTime":"2023-03-03 17:28:17.498","ProcessGuid":"{BE59402F-2741-6402-8A00-000000001900}","Image":"C:\\Windows\\winsxs\\amd64_microsoft-windows-servicingstack_31bf3856ad364e35_10.0.14393.5351_none_7f0b8fbe21ea4a21\\TiWorker.exe","TargetObject":"HKLM\\SOFTWARE\\Microsoft\\Windows\\CurrentVersion\\Component Based Servicing\\PackageDetect\\Microsoft-Windows-BootEnvironment-BootManagers-Package~31bf3856ad364e35~amd64~en-US~0.0.0.0","User":"NT AUTHORITY\\SYSTEM","EventReceivedTime":1677864498,"SourceModuleName":"in_sysmon","SourceModuleType":"im_msvistalog"}
<14>Mar  3 17:28:18 win-server.lunarstiiiness.com Microsoft-Windows-Sysmon[1288]: {"EventTime":1677864497,"Hostname":"win-server.lunarstiiiness.com","Keywords":-9223372036854775808,"EventType":"INFO","SeverityValue":2,"Severity":"INFO","EventID":12,"SourceName":"Microsoft-Windows-Sysmon","ProviderGuid":"{5770385F-C22A-43E0-BF4C-06F5698FFBD9}","Version":2,"Task":12,"OpcodeValue":0,"RecordNumber":930494,"ProcessID":1288,"ThreadID":2884,"Channel":"Microsoft-Windows-Sysmon/Operational","Domain":"NT AUTHORITY","AccountName":"SYSTEM","UserID":"S-1-5-18","AccountType":"User","Message":"Registry object added or deleted:\r\nRuleName: UACMe Dir Prep\r\nEventType: CreateKey\r\nUtcTime: 2023-03-03 17:28:17.498\r\nProcessGuid: {BE59402F-2741-6402-8A00-000000001900}\r\nProcessId: 4484\r\nImage: C:\\Windows\\winsxs\\amd64_microsoft-windows-servicingstack_31bf3856ad364e35_10.0.14393.5351_none_7f0b8fbe21ea4a21\\TiWorker.exe\r\nTargetObject: HKLM\\SOFTWARE\\Microsoft\\Windows\\CurrentVersion\\Component Based Servicing\\PackageDetect\\Microsoft-Windows-BootEnvironment-BootManagers-Package~31bf3856ad364e35~amd64~ar-SA~0.0.0.0\r\nUser: NT AUTHORITY\\SYSTEM","Category":"Registry object added or deleted (rule: RegistryEvent)","Opcode":"Info","RuleName":"UACMe Dir Prep","UtcTime":"2023-03-03 17:28:17.498","ProcessGuid":"{BE59402F-2741-6402-8A00-000000001900}","Image":"C:\\Windows\\winsxs\\amd64_microsoft-windows-servicingstack_31bf3856ad364e35_10.0.14393.5351_none_7f0b8fbe21ea4a21\\TiWorker.exe","TargetObject":"HKLM\\SOFTWARE\\Microsoft\\Windows\\CurrentVersion\\Component Based Servicing\\PackageDetect\\Microsoft-Windows-BootEnvironment-BootManagers-Package~31bf3856ad364e35~amd64~ar-SA~0.0.0.0","User":"NT AUTHORITY\\SYSTEM","EventReceivedTime":1677864498,"SourceModuleName":"in_sysmon","SourceModuleType":"im_msvistalog"}
<14>Mar  3 17:28:18 win-server.lunarstiiiness.com Microsoft-Windows-Sysmon[1288]: {"EventTime":1677864497,"Hostname":"win-server.lunarstiiiness.com","Keywords":-9223372036854775808,"EventType":"INFO","SeverityValue":2,"Severity":"INFO","EventID":13,"SourceName":"Microsoft-Windows-Sysmon","ProviderGuid":"{5770385F-C22A-43E0-BF4C-06F5698FFBD9}","Version":2,"Task":13,"OpcodeValue":0,"RecordNumber":930501,"ProcessID":1288,"ThreadID":2884,"Channel":"Microsoft-Windows-Sysmon/Operational","Domain":"NT AUTHORITY","AccountName":"SYSTEM","UserID":"S-1-5-18","AccountType":"User","Message":"Registry value set:\r\nRuleName: UACMe Dir Prep\r\nEventType: SetValue\r\nUtcTime: 2023-03-03 17:28:17.498\r\nProcessGuid: {BE59402F-2741-6402-8A00-000000001900}\r\nProcessId: 4484\r\nImage: C:\\Windows\\winsxs\\amd64_microsoft-windows-servicingstack_31bf3856ad364e35_10.0.14393.5351_none_7f0b8fbe21ea4a21\\TiWorker.exe\r\nTargetObject: HKLM\\SOFTWARE\\Microsoft\\Windows\\CurrentVersion\\Component Based Servicing\\PackageDetect\\Microsoft-Windows-BootEnvironment-BootManagers-Package~31bf3856ad364e35~amd64~th-TH~0.0.0.0\\Package_8084_for_KB5022838~31bf3856ad364e35~amd64~~10.0.1.13\r\nDetails: DWORD (0x00000002)\r\nUser: NT AUTHORITY\\SYSTEM","Category":"Registry value set (rule: RegistryEvent)","Opcode":"Info","RuleName":"UACMe Dir Prep","UtcTime":"2023-03-03 17:28:17.498","ProcessGuid":"{BE59402F-2741-6402-8A00-000000001900}","Image":"C:\\Windows\\winsxs\\amd64_microsoft-windows-servicingstack_31bf3856ad364e35_10.0.14393.5351_none_7f0b8fbe21ea4a21\\TiWorker.exe","TargetObject":"HKLM\\SOFTWARE\\Microsoft\\Windows\\CurrentVersion\\Component Based Servicing\\PackageDetect\\Microsoft-Windows-BootEnvironment-BootManagers-Package~31bf3856ad364e35~amd64~th-TH~0.0.0.0\\Package_8084_for_KB5022838~31bf3856ad364e35~amd64~~10.0.1.13","Details":"DWORD (0x00000002)","User":"NT AUTHORITY\\SYSTEM","EventReceivedTime":1677864498,"SourceModuleName":"in_sysmon","SourceModuleType":"im_msvistalog"}
<14>Mar  3 17:28:18 win-server.lunarstiiiness.com Microsoft-Windows-Sysmon[1288]: {"EventTime":1677864497,"Hostname":"win-server.lunarstiiiness.com","Keywords":-9223372036854775808,"EventType":"INFO","SeverityValue":2,"Severity":"INFO","EventID":13,"SourceName":"Microsoft-Windows-Sysmon","ProviderGuid":"{5770385F-C22A-43E0-BF4C-06F5698FFBD9}","Version":2,"Task":13,"OpcodeValue":0,"RecordNumber":930497,"ProcessID":1288,"ThreadID":2884,"Channel":"Microsoft-Windows-Sysmon/Operational","Domain":"NT AUTHORITY","AccountName":"SYSTEM","UserID":"S-1-5-18","AccountType":"User","Message":"Registry value set:\r\nRuleName: UACMe Dir Prep\r\nEventType: SetValue\r\nUtcTime: 2023-03-03 17:28:17.498\r\nProcessGuid: {BE59402F-2741-6402-8A00-000000001900}\r\nProcessId: 4484\r\nImage: C:\\Windows\\winsxs\\amd64_microsoft-windows-servicingstack_31bf3856ad364e35_10.0.14393.5351_none_7f0b8fbe21ea4a21\\TiWorker.exe\r\nTargetObject: HKLM\\SOFTWARE\\Microsoft\\Windows\\CurrentVersion\\Component Based Servicing\\PackageDetect\\Microsoft-Windows-BootEnvironment-BootManagers-Package~31bf3856ad364e35~amd64~en-US~0.0.0.0\\Package_8084_for_KB5022838~31bf3856ad364e35~amd64~~10.0.1.13\r\nDetails: DWORD (0x00000002)\r\nUser: NT AUTHORITY\\SYSTEM","Category":"Registry value set (rule: RegistryEvent)","Opcode":"Info","RuleName":"UACMe Dir Prep","UtcTime":"2023-03-03 17:28:17.498","ProcessGuid":"{BE59402F-2741-6402-8A00-000000001900}","Image":"C:\\Windows\\winsxs\\amd64_microsoft-windows-servicingstack_31bf3856ad364e35_10.0.14393.5351_none_7f0b8fbe21ea4a21\\TiWorker.exe","TargetObject":"HKLM\\SOFTWARE\\Microsoft\\Windows\\CurrentVersion\\Component Based Servicing\\PackageDetect\\Microsoft-Windows-BootEnvironment-BootManagers-Package~31bf3856ad364e35~amd64~en-US~0.0.0.0\\Package_8084_for_KB5022838~31bf3856ad364e35~amd64~~10.0.1.13","Details":"DWORD (0x00000002)","User":"NT AUTHORITY\\SYSTEM","EventReceivedTime":1677864498,"SourceModuleName":"in_sysmon","SourceModuleType":"im_msvistalog"}
<14>Mar  3 17:28:18 win-server.lunarstiiiness.com Microsoft-Windows-Sysmon[1288]: {"EventTime":1677864497,"Hostname":"win-server.lunarstiiiness.com","Keywords":-9223372036854775808,"EventType":"INFO","SeverityValue":2,"Severity":"INFO","EventID":12,"SourceName":"Microsoft-Windows-Sysmon","ProviderGuid":"{5770385F-C22A-43E0-BF4C-06F5698FFBD9}","Version":2,"Task":12,"OpcodeValue":0,"RecordNumber":930498,"ProcessID":1288,"ThreadID":2884,"Channel":"Microsoft-Windows-Sysmon/Operational","Domain":"NT AUTHORITY","AccountName":"SYSTEM","UserID":"S-1-5-18","AccountType":"User","Message":"Registry object added or deleted:\r\nRuleName: UACMe Dir Prep\r\nEventType: CreateKey\r\nUtcTime: 2023-03-03 17:28:17.498\r\nProcessGuid: {BE59402F-2741-6402-8A00-000000001900}\r\nProcessId: 4484\r\nImage: C:\\Windows\\winsxs\\amd64_microsoft-windows-servicingstack_31bf3856ad364e35_10.0.14393.5351_none_7f0b8fbe21ea4a21\\TiWorker.exe\r\nTargetObject: HKLM\\SOFTWARE\\Microsoft\\Windows\\CurrentVersion\\Component Based Servicing\\PackageDetect\\Microsoft-Windows-BootEnvironment-BootManagers-Package~31bf3856ad364e35~amd64~he-IL~0.0.0.0\r\nUser: NT AUTHORITY\\SYSTEM","Category":"Registry object added or deleted (rule: RegistryEvent)","Opcode":"Info","RuleName":"UACMe Dir Prep","UtcTime":"2023-03-03 17:28:17.498","ProcessGuid":"{BE59402F-2741-6402-8A00-000000001900}","Image":"C:\\Windows\\winsxs\\amd64_microsoft-windows-servicingstack_31bf3856ad364e35_10.0.14393.5351_none_7f0b8fbe21ea4a21\\TiWorker.exe","TargetObject":"HKLM\\SOFTWARE\\Microsoft\\Windows\\CurrentVersion\\Component Based Servicing\\PackageDetect\\Microsoft-Windows-BootEnvironment-BootManagers-Package~31bf3856ad364e35~amd64~he-IL~0.0.0.0","User":"NT AUTHORITY\\SYSTEM","EventReceivedTime":1677864498,"SourceModuleName":"in_sysmon","SourceModuleType":"im_msvistalog"}
<14>Mar  3 17:28:18 win-server.lunarstiiiness.com Microsoft-Windows-Sysmon[1288]: {"EventTime":1677864497,"Hostname":"win-server.lunarstiiiness.com","Keywords":-9223372036854775808,"EventType":"INFO","SeverityValue":2,"Severity":"INFO","EventID":13,"SourceName":"Microsoft-Windows-Sysmon","ProviderGuid":"{5770385F-C22A-43E0-BF4C-06F5698FFBD9}","Version":2,"Task":13,"OpcodeValue":0,"RecordNumber":930495,"ProcessID":1288,"ThreadID":2884,"Channel":"Microsoft-Windows-Sysmon/Operational","Domain":"NT AUTHORITY","AccountName":"SYSTEM","UserID":"S-1-5-18","AccountType":"User","Message":"Registry value set:\r\nRuleName: UACMe Dir Prep\r\nEventType: SetValue\r\nUtcTime: 2023-03-03 17:28:17.498\r\nProcessGuid: {BE59402F-2741-6402-8A00-000000001900}\r\nProcessId: 4484\r\nImage: C:\\Windows\\winsxs\\amd64_microsoft-windows-servicingstack_31bf3856ad364e35_10.0.14393.5351_none_7f0b8fbe21ea4a21\\TiWorker.exe\r\nTargetObject: HKLM\\SOFTWARE\\Microsoft\\Windows\\CurrentVersion\\Component Based Servicing\\PackageDetect\\Microsoft-Windows-BootEnvironment-BootManagers-Package~31bf3856ad364e35~amd64~ar-SA~0.0.0.0\\Package_8084_for_KB5022838~31bf3856ad364e35~amd64~~10.0.1.13\r\nDetails: DWORD (0x00000002)\r\nUser: NT AUTHORITY\\SYSTEM","Category":"Registry value set (rule: RegistryEvent)","Opcode":"Info","RuleName":"UACMe Dir Prep","UtcTime":"2023-03-03 17:28:17.498","ProcessGuid":"{BE59402F-2741-6402-8A00-000000001900}","Image":"C:\\Windows\\winsxs\\amd64_microsoft-windows-servicingstack_31bf3856ad364e35_10.0.14393.5351_none_7f0b8fbe21ea4a21\\TiWorker.exe","TargetObject":"HKLM\\SOFTWARE\\Microsoft\\Windows\\CurrentVersion\\Component Based Servicing\\PackageDetect\\Microsoft-Windows-BootEnvironment-BootManagers-Package~31bf3856ad364e35~amd64~ar-SA~0.0.0.0\\Package_8084_for_KB5022838~31bf3856ad364e35~amd64~~10.0.1.13","Details":"DWORD (0x00000002)","User":"NT AUTHORITY\\SYSTEM","EventReceivedTime":1677864498,"SourceModuleName":"in_sysmon","SourceModuleType":"im_msvistalog"}
<14>Mar  3 17:28:18 win-server.lunarstiiiness.com Microsoft-Windows-Sysmon[1288]: {"EventTime":1677864497,"Hostname":"win-server.lunarstiiiness.com","Keywords":-9223372036854775808,"EventType":"INFO","SeverityValue":2,"Severity":"INFO","EventID":12,"SourceName":"Microsoft-Windows-Sysmon","ProviderGuid":"{5770385F-C22A-43E0-BF4C-06F5698FFBD9}","Version":2,"Task":12,"OpcodeValue":0,"RecordNumber":930500,"ProcessID":1288,"ThreadID":2884,"Channel":"Microsoft-Windows-Sysmon/Operational","Domain":"NT AUTHORITY","AccountName":"SYSTEM","UserID":"S-1-5-18","AccountType":"User","Message":"Registry object added or deleted:\r\nRuleName: UACMe Dir Prep\r\nEventType: CreateKey\r\nUtcTime: 2023-03-03 17:28:17.498\r\nProcessGuid: {BE59402F-2741-6402-8A00-000000001900}\r\nProcessId: 4484\r\nImage: C:\\Windows\\winsxs\\amd64_microsoft-windows-servicingstack_31bf3856ad364e35_10.0.14393.5351_none_7f0b8fbe21ea4a21\\TiWorker.exe\r\nTargetObject: HKLM\\SOFTWARE\\Microsoft\\Windows\\CurrentVersion\\Component Based Servicing\\PackageDetect\\Microsoft-Windows-BootEnvironment-BootManagers-Package~31bf3856ad364e35~amd64~th-TH~0.0.0.0\r\nUser: NT AUTHORITY\\SYSTEM","Category":"Registry object added or deleted (rule: RegistryEvent)","Opcode":"Info","RuleName":"UACMe Dir Prep","UtcTime":"2023-03-03 17:28:17.498","ProcessGuid":"{BE59402F-2741-6402-8A00-000000001900}","Image":"C:\\Windows\\winsxs\\amd64_microsoft-windows-servicingstack_31bf3856ad364e35_10.0.14393.5351_none_7f0b8fbe21ea4a21\\TiWorker.exe","TargetObject":"HKLM\\SOFTWARE\\Microsoft\\Windows\\CurrentVersion\\Component Based Servicing\\PackageDetect\\Microsoft-Windows-BootEnvironment-BootManagers-Package~31bf3856ad364e35~amd64~th-TH~0.0.0.0","User":"NT AUTHORITY\\SYSTEM","EventReceivedTime":1677864498,"SourceModuleName":"in_sysmon","SourceModuleType":"im_msvistalog"}
<14>Mar  3 17:28:18 win-server.lunarstiiiness.com Microsoft-Windows-Sysmon[1288]: {"EventTime":1677864497,"Hostname":"win-server.lunarstiiiness.com","Keywords":-9223372036854775808,"EventType":"INFO","SeverityValue":2,"Severity":"INFO","EventID":13,"SourceName":"Microsoft-Windows-Sysmon","ProviderGuid":"{5770385F-C22A-43E0-BF4C-06F5698FFBD9}","Version":2,"Task":13,"OpcodeValue":0,"RecordNumber":930499,"ProcessID":1288,"ThreadID":2884,"Channel":"Microsoft-Windows-Sysmon/Operational","Domain":"NT AUTHORITY","AccountName":"SYSTEM","UserID":"S-1-5-18","AccountType":"User","Message":"Registry value set:\r\nRuleName: UACMe Dir Prep\r\nEventType: SetValue\r\nUtcTime: 2023-03-03 17:28:17.498\r\nProcessGuid: {BE59402F-2741-6402-8A00-000000001900}\r\nProcessId: 4484\r\nImage: C:\\Windows\\winsxs\\amd64_microsoft-windows-servicingstack_31bf3856ad364e35_10.0.14393.5351_none_7f0b8fbe21ea4a21\\TiWorker.exe\r\nTargetObject: HKLM\\SOFTWARE\\Microsoft\\Windows\\CurrentVersion\\Component Based Servicing\\PackageDetect\\Microsoft-Windows-BootEnvironment-BootManagers-Package~31bf3856ad364e35~amd64~he-IL~0.0.0.0\\Package_8084_for_KB5022838~31bf3856ad364e35~amd64~~10.0.1.13\r\nDetails: DWORD (0x00000002)\r\nUser: NT AUTHORITY\\SYSTEM","Category":"Registry value set (rule: RegistryEvent)","Opcode":"Info","RuleName":"UACMe Dir Prep","UtcTime":"2023-03-03 17:28:17.498","ProcessGuid":"{BE59402F-2741-6402-8A00-000000001900}","Image":"C:\\Windows\\winsxs\\amd64_microsoft-windows-servicingstack_31bf3856ad364e35_10.0.14393.5351_none_7f0b8fbe21ea4a21\\TiWorker.exe","TargetObject":"HKLM\\SOFTWARE\\Microsoft\\Windows\\CurrentVersion\\Component Based Servicing\\PackageDetect\\Microsoft-Windows-BootEnvironment-BootManagers-Package~31bf3856ad364e35~amd64~he-IL~0.0.0.0\\Package_8084_for_KB5022838~31bf3856ad364e35~amd64~~10.0.1.13","Details":"DWORD (0x00000002)","User":"NT AUTHORITY\\SYSTEM","EventReceivedTime":1677864498,"SourceModuleName":"in_sysmon","SourceModuleType":"im_msvistalog"}
<14>Mar  3 17:28:19 win-server.lunarstiiiness.com Microsoft-Windows-Sysmon[1288]: {"EventTime":1677864498,"Hostname":"win-server.lunarstiiiness.com","Keywords":-9223372036854775808,"EventType":"INFO","SeverityValue":2,"Severity":"INFO","EventID":22,"SourceName":"Microsoft-Windows-Sysmon","ProviderGuid":"{5770385F-C22A-43E0-BF4C-06F5698FFBD9}","Version":5,"Task":22,"OpcodeValue":0,"RecordNumber":930502,"ProcessID":1288,"ThreadID":2904,"Channel":"Microsoft-Windows-Sysmon/Operational","Domain":"NT AUTHORITY","AccountName":"SYSTEM","UserID":"S-1-5-18","AccountType":"User","Message":"Dns query:\r\nRuleName: -\r\nUtcTime: 2023-03-03 17:28:17.687\r\nProcessGuid: {BE59402F-260D-6402-1000-000000001900}\r\nProcessId: 872\r\nQueryName: win-adfs.lunarstiiiness.com\r\nQueryStatus: 0\r\nQueryResults: 10.128.0.21;\r\nImage: C:\\Windows\\System32\\svchost.exe\r\nUser: NT AUTHORITY\\SYSTEM","Category":"Dns query (rule: DnsQuery)","Opcode":"Info","RuleName":"-","UtcTime":"2023-03-03 17:28:17.687","ProcessGuid":"{BE59402F-260D-6402-1000-000000001900}","QueryName":"win-adfs.lunarstiiiness.com","QueryStatus":"0","QueryResults":"10.128.0.21;","Image":"C:\\Windows\\System32\\svchost.exe","User":"NT AUTHORITY\\SYSTEM","EventReceivedTime":1677864499,"SourceModuleName":"in_sysmon","SourceModuleType":"im_msvistalog"}
<14>Mar  3 17:28:19 win-server.lunarstiiiness.com Microsoft-Windows-Sysmon[1288]: {"EventTime":1677864498,"Hostname":"win-server.lunarstiiiness.com","Keywords":-9223372036854775808,"EventType":"INFO","SeverityValue":2,"Severity":"INFO","EventID":22,"SourceName":"Microsoft-Windows-Sysmon","ProviderGuid":"{5770385F-C22A-43E0-BF4C-06F5698FFBD9}","Version":5,"Task":22,"OpcodeValue":0,"RecordNumber":930503,"ProcessID":1288,"ThreadID":2904,"Channel":"Microsoft-Windows-Sysmon/Operational","Domain":"NT AUTHORITY","AccountName":"SYSTEM","UserID":"S-1-5-18","AccountType":"User","Message":"Dns query:\r\nRuleName: -\r\nUtcTime: 2023-03-03 17:28:18.463\r\nProcessGuid: {BE59402F-260D-6402-1000-000000001900}\r\nProcessId: 872\r\nQueryName: win-adfs.lunarstiiiness.com\r\nQueryStatus: 0\r\nQueryResults: ::ffff:10.128.0.21;\r\nImage: C:\\Windows\\System32\\svchost.exe\r\nUser: NT AUTHORITY\\SYSTEM","Category":"Dns query (rule: DnsQuery)","Opcode":"Info","RuleName":"-","UtcTime":"2023-03-03 17:28:18.463","ProcessGuid":"{BE59402F-260D-6402-1000-000000001900}","QueryName":"win-adfs.lunarstiiiness.com","QueryStatus":"0","QueryResults":"::ffff:10.128.0.21;","Image":"C:\\Windows\\System32\\svchost.exe","User":"NT AUTHORITY\\SYSTEM","EventReceivedTime":1677864499,"SourceModuleName":"in_sysmon","SourceModuleType":"im_msvistalog"}
<14>Mar  3 17:28:23 win-server.lunarstiiiness.com Microsoft-Windows-Sysmon[1288]: {"EventTime":1677864501,"Hostname":"win-server.lunarstiiiness.com","Keywords":-9223372036854775808,"EventType":"INFO","SeverityValue":2,"Severity":"INFO","EventID":18,"SourceName":"Microsoft-Windows-Sysmon","ProviderGuid":"{5770385F-C22A-43E0-BF4C-06F5698FFBD9}","Version":1,"Task":18,"OpcodeValue":0,"RecordNumber":930505,"ProcessID":1288,"ThreadID":2884,"Channel":"Microsoft-Windows-Sysmon/Operational","Domain":"NT AUTHORITY","AccountName":"SYSTEM","UserID":"S-1-5-18","AccountType":"User","Message":"Pipe Connected:\r\nRuleName: -\r\nEventType: ConnectPipe\r\nUtcTime: 2023-03-03 17:28:20.984\r\nProcessGuid: {BE59402F-260D-6402-1100-000000001900}\r\nProcessId: 880\r\nPipeName: \\TSVCPIPE-e5f28640-3045-4322-9d18-6accdb2fd34a\r\nImage: C:\\Windows\\System32\\svchost.exe\r\nUser: NT AUTHORITY\\NETWORK SERVICE","Category":"Pipe Connected (rule: PipeEvent)","Opcode":"Info","RuleName":"-","UtcTime":"2023-03-03 17:28:20.984","ProcessGuid":"{BE59402F-260D-6402-1100-000000001900}","PipeName":"\\TSVCPIPE-e5f28640-3045-4322-9d18-6accdb2fd34a","Image":"C:\\Windows\\System32\\svchost.exe","User":"NT AUTHORITY\\NETWORK SERVICE","EventReceivedTime":1677864503,"SourceModuleName":"in_sysmon","SourceModuleType":"im_msvistalog"}
<14>Mar  3 17:28:23 win-server.lunarstiiiness.com Microsoft-Windows-Sysmon[1288]: {"EventTime":1677864501,"Hostname":"win-server.lunarstiiiness.com","Keywords":-9223372036854775808,"EventType":"INFO","SeverityValue":2,"Severity":"INFO","EventID":17,"SourceName":"Microsoft-Windows-Sysmon","ProviderGuid":"{5770385F-C22A-43E0-BF4C-06F5698FFBD9}","Version":1,"Task":17,"OpcodeValue":0,"RecordNumber":930504,"ProcessID":1288,"ThreadID":2884,"Channel":"Microsoft-Windows-Sysmon/Operational","Domain":"NT AUTHORITY","AccountName":"SYSTEM","UserID":"S-1-5-18","AccountType":"User","Message":"Pipe Created:\r\nRuleName: -\r\nEventType: CreatePipe\r\nUtcTime: 2023-03-03 17:28:20.984\r\nProcessGuid: {BE59402F-260D-6402-1100-000000001900}\r\nProcessId: 880\r\nPipeName: \\TSVCPIPE-e5f28640-3045-4322-9d18-6accdb2fd34a\r\nImage: C:\\Windows\\System32\\svchost.exe\r\nUser: NT AUTHORITY\\NETWORK SERVICE","Category":"Pipe Created (rule: PipeEvent)","Opcode":"Info","RuleName":"-","UtcTime":"2023-03-03 17:28:20.984","ProcessGuid":"{BE59402F-260D-6402-1100-000000001900}","PipeName":"\\TSVCPIPE-e5f28640-3045-4322-9d18-6accdb2fd34a","Image":"C:\\Windows\\System32\\svchost.exe","User":"NT AUTHORITY\\NETWORK SERVICE","EventReceivedTime":1677864503,"SourceModuleName":"in_sysmon","SourceModuleType":"im_msvistalog"}
<14>Mar  3 17:28:23 win-server.lunarstiiiness.com Microsoft-Windows-Sysmon[1288]: {"EventTime":1677864501,"Hostname":"win-server.lunarstiiiness.com","Keywords":-9223372036854775808,"EventType":"INFO","SeverityValue":2,"Severity":"INFO","EventID":12,"SourceName":"Microsoft-Windows-Sysmon","ProviderGuid":"{5770385F-C22A-43E0-BF4C-06F5698FFBD9}","Version":2,"Task":12,"OpcodeValue":0,"RecordNumber":930506,"ProcessID":1288,"ThreadID":2884,"Channel":"Microsoft-Windows-Sysmon/Operational","Domain":"NT AUTHORITY","AccountName":"SYSTEM","UserID":"S-1-5-18","AccountType":"User","Message":"Registry object added or deleted:\r\nRuleName: UACMe Dir Prep\r\nEventType: CreateKey\r\nUtcTime: 2023-03-03 17:28:21.029\r\nProcessGuid: {BE59402F-260C-6402-0C00-000000001900}\r\nProcessId: 608\r\nImage: C:\\Windows\\system32\\svchost.exe\r\nTargetObject: HKU\\S-1-5-21-3263964631-4121654051-1417071188-1116\\Volatile Environment\\3\r\nUser: NT AUTHORITY\\SYSTEM","Category":"Registry object added or deleted (rule: RegistryEvent)","Opcode":"Info","RuleName":"UACMe Dir Prep","UtcTime":"2023-03-03 17:28:21.029","ProcessGuid":"{BE59402F-260C-6402-0C00-000000001900}","Image":"C:\\Windows\\system32\\svchost.exe","TargetObject":"HKU\\S-1-5-21-3263964631-4121654051-1417071188-1116\\Volatile Environment\\3","User":"NT AUTHORITY\\SYSTEM","EventReceivedTime":1677864503,"SourceModuleName":"in_sysmon","SourceModuleType":"im_msvistalog"}
<14>Mar  3 17:28:23 win-server.lunarstiiiness.com Microsoft-Windows-Sysmon[1288]: {"EventTime":1677864501,"Hostname":"win-server.lunarstiiiness.com","Keywords":-9223372036854775808,"EventType":"INFO","SeverityValue":2,"Severity":"INFO","EventID":12,"SourceName":"Microsoft-Windows-Sysmon","ProviderGuid":"{5770385F-C22A-43E0-BF4C-06F5698FFBD9}","Version":2,"Task":12,"OpcodeValue":0,"RecordNumber":930508,"ProcessID":1288,"ThreadID":2884,"Channel":"Microsoft-Windows-Sysmon/Operational","Domain":"NT AUTHORITY","AccountName":"SYSTEM","UserID":"S-1-5-18","AccountType":"User","Message":"Registry object added or deleted:\r\nRuleName: UACMe Dir Prep\r\nEventType: CreateKey\r\nUtcTime: 2023-03-03 17:28:21.029\r\nProcessGuid: {BE59402F-260C-6402-0C00-000000001900}\r\nProcessId: 608\r\nImage: C:\\Windows\\system32\\svchost.exe\r\nTargetObject: HKU\\S-1-5-21-3263964631-4121654051-1417071188-1116\\Volatile Environment\\3\r\nUser: NT AUTHORITY\\SYSTEM","Category":"Registry object added or deleted (rule: RegistryEvent)","Opcode":"Info","RuleName":"UACMe Dir Prep","UtcTime":"2023-03-03 17:28:21.029","ProcessGuid":"{BE59402F-260C-6402-0C00-000000001900}","Image":"C:\\Windows\\system32\\svchost.exe","TargetObject":"HKU\\S-1-5-21-3263964631-4121654051-1417071188-1116\\Volatile Environment\\3","User":"NT AUTHORITY\\SYSTEM","EventReceivedTime":1677864503,"SourceModuleName":"in_sysmon","SourceModuleType":"im_msvistalog"}
<14>Mar  3 17:28:23 win-server.lunarstiiiness.com Microsoft-Windows-Sysmon[1288]: {"EventTime":1677864501,"Hostname":"win-server.lunarstiiiness.com","Keywords":-9223372036854775808,"EventType":"INFO","SeverityValue":2,"Severity":"INFO","EventID":13,"SourceName":"Microsoft-Windows-Sysmon","ProviderGuid":"{5770385F-C22A-43E0-BF4C-06F5698FFBD9}","Version":2,"Task":13,"OpcodeValue":0,"RecordNumber":930507,"ProcessID":1288,"ThreadID":2884,"Channel":"Microsoft-Windows-Sysmon/Operational","Domain":"NT AUTHORITY","AccountName":"SYSTEM","UserID":"S-1-5-18","AccountType":"User","Message":"Registry value set:\r\nRuleName: UACMe Dir Prep\r\nEventType: SetValue\r\nUtcTime: 2023-03-03 17:28:21.029\r\nProcessGuid: {BE59402F-260C-6402-0C00-000000001900}\r\nProcessId: 608\r\nImage: C:\\Windows\\system32\\svchost.exe\r\nTargetObject: HKU\\S-1-5-21-3263964631-4121654051-1417071188-1116\\Volatile Environment\\3\\SESSIONNAME\r\nDetails: RDP-Tcp#5\r\nUser: NT AUTHORITY\\SYSTEM","Category":"Registry value set (rule: RegistryEvent)","Opcode":"Info","RuleName":"UACMe Dir Prep","UtcTime":"2023-03-03 17:28:21.029","ProcessGuid":"{BE59402F-260C-6402-0C00-000000001900}","Image":"C:\\Windows\\system32\\svchost.exe","TargetObject":"HKU\\S-1-5-21-3263964631-4121654051-1417071188-1116\\Volatile Environment\\3\\SESSIONNAME","Details":"RDP-Tcp#5","User":"NT AUTHORITY\\SYSTEM","EventReceivedTime":1677864503,"SourceModuleName":"in_sysmon","SourceModuleType":"im_msvistalog"}
<14>Mar  3 17:28:23 win-server.lunarstiiiness.com Microsoft-Windows-Sysmon[1288]: {"EventTime":1677864501,"Hostname":"win-server.lunarstiiiness.com","Keywords":-9223372036854775808,"EventType":"INFO","SeverityValue":2,"Severity":"INFO","EventID":13,"SourceName":"Microsoft-Windows-Sysmon","ProviderGuid":"{5770385F-C22A-43E0-BF4C-06F5698FFBD9}","Version":2,"Task":13,"OpcodeValue":0,"RecordNumber":930509,"ProcessID":1288,"ThreadID":2884,"Channel":"Microsoft-Windows-Sysmon/Operational","Domain":"NT AUTHORITY","AccountName":"SYSTEM","UserID":"S-1-5-18","AccountType":"User","Message":"Registry value set:\r\nRuleName: UACMe Dir Prep\r\nEventType: SetValue\r\nUtcTime: 2023-03-03 17:28:21.029\r\nProcessGuid: {BE59402F-260C-6402-0C00-000000001900}\r\nProcessId: 608\r\nImage: C:\\Windows\\system32\\svchost.exe\r\nTargetObject: HKU\\S-1-5-21-3263964631-4121654051-1417071188-1116\\Volatile Environment\\3\\CLIENTNAME\r\nDetails: jstoner-macbook\r\nUser: NT AUTHORITY\\SYSTEM","Category":"Registry value set (rule: RegistryEvent)","Opcode":"Info","RuleName":"UACMe Dir Prep","UtcTime":"2023-03-03 17:28:21.029","ProcessGuid":"{BE59402F-260C-6402-0C00-000000001900}","Image":"C:\\Windows\\system32\\svchost.exe","TargetObject":"HKU\\S-1-5-21-3263964631-4121654051-1417071188-1116\\Volatile Environment\\3\\CLIENTNAME","Details":"jstoner-macbook","User":"NT AUTHORITY\\SYSTEM","EventReceivedTime":1677864503,"SourceModuleName":"in_sysmon","SourceModuleType":"im_msvistalog"}
<14>Mar  3 17:28:24 win-server.lunarstiiiness.com Microsoft-Windows-Sysmon[1288]: {"EventTime":1677864502,"Hostname":"win-server.lunarstiiiness.com","Keywords":-9223372036854775808,"EventType":"INFO","SeverityValue":2,"Severity":"INFO","EventID":12,"SourceName":"Microsoft-Windows-Sysmon","ProviderGuid":"{5770385F-C22A-43E0-BF4C-06F5698FFBD9}","Version":2,"Task":12,"OpcodeValue":0,"RecordNumber":930513,"ProcessID":1288,"ThreadID":2884,"Channel":"Microsoft-Windows-Sysmon/Operational","Domain":"NT AUTHORITY","AccountName":"SYSTEM","UserID":"S-1-5-18","AccountType":"User","Message":"Registry object added or deleted:\r\nRuleName: technique_id=T1210,technique_name=Exploitation of Remote Services\r\nEventType: CreateKey\r\nUtcTime: 2023-03-03 17:28:22.091\r\nProcessGuid: {BE59402F-2611-6402-2100-000000001900}\r\nProcessId: 1892\r\nImage: C:\\Windows\\System32\\spoolsv.exe\r\nTargetObject: HKLM\\SOFTWARE\\Microsoft\\Windows NT\\CurrentVersion\\Print\\Connections\r\nUser: NT AUTHORITY\\SYSTEM","Category":"Registry object added or deleted (rule: RegistryEvent)","Opcode":"Info","RuleName":"technique_id=T1210,technique_name=Exploitation of Remote Services","UtcTime":"2023-03-03 17:28:22.091","ProcessGuid":"{BE59402F-2611-6402-2100-000000001900}","Image":"C:\\Windows\\System32\\spoolsv.exe","TargetObject":"HKLM\\SOFTWARE\\Microsoft\\Windows NT\\CurrentVersion\\Print\\Connections","User":"NT AUTHORITY\\SYSTEM","EventReceivedTime":1677864504,"SourceModuleName":"in_sysmon","SourceModuleType":"im_msvistalog"}
<14>Mar  3 17:28:24 win-server.lunarstiiiness.com Microsoft-Windows-Sysmon[1288]: {"EventTime":1677864502,"Hostname":"win-server.lunarstiiiness.com","Keywords":-9223372036854775808,"EventType":"INFO","SeverityValue":2,"Severity":"INFO","EventID":12,"SourceName":"Microsoft-Windows-Sysmon","ProviderGuid":"{5770385F-C22A-43E0-BF4C-06F5698FFBD9}","Version":2,"Task":12,"OpcodeValue":0,"RecordNumber":930512,"ProcessID":1288,"ThreadID":2884,"Channel":"Microsoft-Windows-Sysmon/Operational","Domain":"NT AUTHORITY","AccountName":"SYSTEM","UserID":"S-1-5-18","AccountType":"User","Message":"Registry object added or deleted:\r\nRuleName: technique_id=T1210,technique_name=Exploitation of Remote Services\r\nEventType: CreateKey\r\nUtcTime: 2023-03-03 17:28:22.091\r\nProcessGuid: {BE59402F-2611-6402-2100-000000001900}\r\nProcessId: 1892\r\nImage: C:\\Windows\\System32\\spoolsv.exe\r\nTargetObject: HKLM\\SOFTWARE\\Microsoft\\Windows NT\\CurrentVersion\\Print\\Connections\r\nUser: NT AUTHORITY\\SYSTEM","Category":"Registry object added or deleted (rule: RegistryEvent)","Opcode":"Info","RuleName":"technique_id=T1210,technique_name=Exploitation of Remote Services","UtcTime":"2023-03-03 17:28:22.091","ProcessGuid":"{BE59402F-2611-6402-2100-000000001900}","Image":"C:\\Windows\\System32\\spoolsv.exe","TargetObject":"HKLM\\SOFTWARE\\Microsoft\\Windows NT\\CurrentVersion\\Print\\Connections","User":"NT AUTHORITY\\SYSTEM","EventReceivedTime":1677864504,"SourceModuleName":"in_sysmon","SourceModuleType":"im_msvistalog"}
<14>Mar  3 17:28:24 win-server.lunarstiiiness.com Microsoft-Windows-Sysmon[1288]: {"EventTime":1677864502,"Hostname":"win-server.lunarstiiiness.com","Keywords":-9223372036854775808,"EventType":"INFO","SeverityValue":2,"Severity":"INFO","EventID":13,"SourceName":"Microsoft-Windows-Sysmon","ProviderGuid":"{5770385F-C22A-43E0-BF4C-06F5698FFBD9}","Version":2,"Task":13,"OpcodeValue":0,"RecordNumber":930511,"ProcessID":1288,"ThreadID":2884,"Channel":"Microsoft-Windows-Sysmon/Operational","Domain":"NT AUTHORITY","AccountName":"SYSTEM","UserID":"S-1-5-18","AccountType":"User","Message":"Registry value set:\r\nRuleName: technique_id=T1547.010,technique_name=Boot or Logon Autostart Execution - Port Monitors\r\nEventType: SetValue\r\nUtcTime: 2023-03-03 17:28:22.091\r\nProcessGuid: {BE59402F-2611-6402-2100-000000001900}\r\nProcessId: 1892\r\nImage: C:\\Windows\\System32\\spoolsv.exe\r\nTargetObject: HKLM\\SOFTWARE\\Microsoft\\Windows NT\\CurrentVersion\\Ports\\Ne01:\r\nDetails: (Empty)\r\nUser: NT AUTHORITY\\SYSTEM","Category":"Registry value set (rule: RegistryEvent)","Opcode":"Info","RuleName":"technique_id=T1547.010,technique_name=Boot or Logon Autostart Execution - Port Monitors","UtcTime":"2023-03-03 17:28:22.091","ProcessGuid":"{BE59402F-2611-6402-2100-000000001900}","Image":"C:\\Windows\\System32\\spoolsv.exe","TargetObject":"HKLM\\SOFTWARE\\Microsoft\\Windows NT\\CurrentVersion\\Ports\\Ne01:","Details":"(Empty)","User":"NT AUTHORITY\\SYSTEM","EventReceivedTime":1677864504,"SourceModuleName":"in_sysmon","SourceModuleType":"im_msvistalog"}
<14>Mar  3 17:28:24 win-server.lunarstiiiness.com Microsoft-Windows-Sysmon[1288]: {"EventTime":1677864502,"Hostname":"win-server.lunarstiiiness.com","Keywords":-9223372036854775808,"EventType":"INFO","SeverityValue":2,"Severity":"INFO","EventID":13,"SourceName":"Microsoft-Windows-Sysmon","ProviderGuid":"{5770385F-C22A-43E0-BF4C-06F5698FFBD9}","Version":2,"Task":13,"OpcodeValue":0,"RecordNumber":930510,"ProcessID":1288,"ThreadID":2884,"Channel":"Microsoft-Windows-Sysmon/Operational","Domain":"NT AUTHORITY","AccountName":"SYSTEM","UserID":"S-1-5-18","AccountType":"User","Message":"Registry value set:\r\nRuleName: technique_id=T1547.010,technique_name=Boot or Logon Autostart Execution - Port Monitors\r\nEventType: SetValue\r\nUtcTime: 2023-03-03 17:28:22.091\r\nProcessGuid: {BE59402F-2611-6402-2100-000000001900}\r\nProcessId: 1892\r\nImage: C:\\Windows\\System32\\spoolsv.exe\r\nTargetObject: HKLM\\SOFTWARE\\Microsoft\\Windows NT\\CurrentVersion\\Ports\\Ne00:\r\nDetails: (Empty)\r\nUser: NT AUTHORITY\\SYSTEM","Category":"Registry value set (rule: RegistryEvent)","Opcode":"Info","RuleName":"technique_id=T1547.010,technique_name=Boot or Logon Autostart Execution - Port Monitors","UtcTime":"2023-03-03 17:28:22.091","ProcessGuid":"{BE59402F-2611-6402-2100-000000001900}","Image":"C:\\Windows\\System32\\spoolsv.exe","TargetObject":"HKLM\\SOFTWARE\\Microsoft\\Windows NT\\CurrentVersion\\Ports\\Ne00:","Details":"(Empty)","User":"NT AUTHORITY\\SYSTEM","EventReceivedTime":1677864504,"SourceModuleName":"in_sysmon","SourceModuleType":"im_msvistalog"}
<14>Mar  3 17:28:25 win-server.lunarstiiiness.com Microsoft-Windows-Sysmon[1288]: {"EventTime":1677864503,"Hostname":"win-server.lunarstiiiness.com","Keywords":-9223372036854775808,"EventType":"INFO","SeverityValue":2,"Severity":"INFO","EventID":18,"SourceName":"Microsoft-Windows-Sysmon","ProviderGuid":"{5770385F-C22A-43E0-BF4C-06F5698FFBD9}","Version":1,"Task":18,"OpcodeValue":0,"RecordNumber":930515,"ProcessID":1288,"ThreadID":2884,"Channel":"Microsoft-Windows-Sysmon/Operational","Domain":"NT AUTHORITY","AccountName":"SYSTEM","UserID":"S-1-5-18","AccountType":"User","Message":"Pipe Connected:\r\nRuleName: -\r\nEventType: ConnectPipe\r\nUtcTime: 2023-03-03 17:28:23.779\r\nProcessGuid: {BE59402F-260D-6402-1100-000000001900}\r\nProcessId: 880\r\nPipeName: \\TSVCPIPE-dd83e03e-2887-4200-8c43-0df00041932c\r\nImage: C:\\Windows\\System32\\svchost.exe\r\nUser: NT AUTHORITY\\NETWORK SERVICE","Category":"Pipe Connected (rule: PipeEvent)","Opcode":"Info","RuleName":"-","UtcTime":"2023-03-03 17:28:23.779","ProcessGuid":"{BE59402F-260D-6402-1100-000000001900}","PipeName":"\\TSVCPIPE-dd83e03e-2887-4200-8c43-0df00041932c","Image":"C:\\Windows\\System32\\svchost.exe","User":"NT AUTHORITY\\NETWORK SERVICE","EventReceivedTime":1677864505,"SourceModuleName":"in_sysmon","SourceModuleType":"im_msvistalog"}
<14>Mar  3 17:28:25 win-server.lunarstiiiness.com Microsoft-Windows-Sysmon[1288]: {"EventTime":1677864504,"Hostname":"win-server.lunarstiiiness.com","Keywords":-9223372036854775808,"EventType":"INFO","SeverityValue":2,"Severity":"INFO","EventID":18,"SourceName":"Microsoft-Windows-Sysmon","ProviderGuid":"{5770385F-C22A-43E0-BF4C-06F5698FFBD9}","Version":1,"Task":18,"OpcodeValue":0,"RecordNumber":930517,"ProcessID":1288,"ThreadID":2884,"Channel":"Microsoft-Windows-Sysmon/Operational","Domain":"NT AUTHORITY","AccountName":"SYSTEM","UserID":"S-1-5-18","AccountType":"User","Message":"Pipe Connected:\r\nRuleName: -\r\nEventType: ConnectPipe\r\nUtcTime: 2023-03-03 17:28:24.052\r\nProcessGuid: {BE59402F-260D-6402-1100-000000001900}\r\nProcessId: 880\r\nPipeName: \\TSVCPIPE-bf8f48ce-a91d-4bfd-b865-3ba3f27eb46b\r\nImage: C:\\Windows\\System32\\svchost.exe\r\nUser: NT AUTHORITY\\NETWORK SERVICE","Category":"Pipe Connected (rule: PipeEvent)","Opcode":"Info","RuleName":"-","UtcTime":"2023-03-03 17:28:24.052","ProcessGuid":"{BE59402F-260D-6402-1100-000000001900}","PipeName":"\\TSVCPIPE-bf8f48ce-a91d-4bfd-b865-3ba3f27eb46b","Image":"C:\\Windows\\System32\\svchost.exe","User":"NT AUTHORITY\\NETWORK SERVICE","EventReceivedTime":1677864505,"SourceModuleName":"in_sysmon","SourceModuleType":"im_msvistalog"}
<14>Mar  3 17:28:26 win-server.lunarstiiiness.com Microsoft-Windows-Sysmon[1288]: {"EventTime":1677864504,"Hostname":"win-server.lunarstiiiness.com","Keywords":-9223372036854775808,"EventType":"INFO","SeverityValue":2,"Severity":"INFO","EventID":18,"SourceName":"Microsoft-Windows-Sysmon","ProviderGuid":"{5770385F-C22A-43E0-BF4C-06F5698FFBD9}","Version":1,"Task":18,"OpcodeValue":0,"RecordNumber":930519,"ProcessID":1288,"ThreadID":2884,"Channel":"Microsoft-Windows-Sysmon/Operational","Domain":"NT AUTHORITY","AccountName":"SYSTEM","UserID":"S-1-5-18","AccountType":"User","Message":"Pipe Connected:\r\nRuleName: -\r\nEventType: ConnectPipe\r\nUtcTime: 2023-03-03 17:28:24.826\r\nProcessGuid: {BE59402F-260D-6402-1100-000000001900}\r\nProcessId: 880\r\nPipeName: \\TSVCPIPE-1ca723f2-cf63-406f-b5a4-bcb4bcdb92d7\r\nImage: C:\\Windows\\System32\\svchost.exe\r\nUser: NT AUTHORITY\\NETWORK SERVICE","Category":"Pipe Connected (rule: PipeEvent)","Opcode":"Info","RuleName":"-","UtcTime":"2023-03-03 17:28:24.826","ProcessGuid":"{BE59402F-260D-6402-1100-000000001900}","PipeName":"\\TSVCPIPE-1ca723f2-cf63-406f-b5a4-bcb4bcdb92d7","Image":"C:\\Windows\\System32\\svchost.exe","User":"NT AUTHORITY\\NETWORK SERVICE","EventReceivedTime":1677864506,"SourceModuleName":"in_sysmon","SourceModuleType":"im_msvistalog"}
<14>Mar  3 17:28:25 win-server.lunarstiiiness.com Microsoft-Windows-Sysmon[1288]: {"EventTime":1677864503,"Hostname":"win-server.lunarstiiiness.com","Keywords":-9223372036854775808,"EventType":"INFO","SeverityValue":2,"Severity":"INFO","EventID":17,"SourceName":"Microsoft-Windows-Sysmon","ProviderGuid":"{5770385F-C22A-43E0-BF4C-06F5698FFBD9}","Version":1,"Task":17,"OpcodeValue":0,"RecordNumber":930514,"ProcessID":1288,"ThreadID":2884,"Channel":"Microsoft-Windows-Sysmon/Operational","Domain":"NT AUTHORITY","AccountName":"SYSTEM","UserID":"S-1-5-18","AccountType":"User","Message":"Pipe Created:\r\nRuleName: -\r\nEventType: CreatePipe\r\nUtcTime: 2023-03-03 17:28:23.779\r\nProcessGuid: {BE59402F-260D-6402-1100-000000001900}\r\nProcessId: 880\r\nPipeName: \\TSVCPIPE-dd83e03e-2887-4200-8c43-0df00041932c\r\nImage: C:\\Windows\\System32\\svchost.exe\r\nUser: NT AUTHORITY\\NETWORK SERVICE","Category":"Pipe Created (rule: PipeEvent)","Opcode":"Info","RuleName":"-","UtcTime":"2023-03-03 17:28:23.779","ProcessGuid":"{BE59402F-260D-6402-1100-000000001900}","PipeName":"\\TSVCPIPE-dd83e03e-2887-4200-8c43-0df00041932c","Image":"C:\\Windows\\System32\\svchost.exe","User":"NT AUTHORITY\\NETWORK SERVICE","EventReceivedTime":1677864505,"SourceModuleName":"in_sysmon","SourceModuleType":"im_msvistalog"}
<14>Mar  3 17:28:25 win-server.lunarstiiiness.com Microsoft-Windows-Sysmon[1288]: {"EventTime":1677864504,"Hostname":"win-server.lunarstiiiness.com","Keywords":-9223372036854775808,"EventType":"INFO","SeverityValue":2,"Severity":"INFO","EventID":17,"SourceName":"Microsoft-Windows-Sysmon","ProviderGuid":"{5770385F-C22A-43E0-BF4C-06F5698FFBD9}","Version":1,"Task":17,"OpcodeValue":0,"RecordNumber":930516,"ProcessID":1288,"ThreadID":2884,"Channel":"Microsoft-Windows-Sysmon/Operational","Domain":"NT AUTHORITY","AccountName":"SYSTEM","UserID":"S-1-5-18","AccountType":"User","Message":"Pipe Created:\r\nRuleName: -\r\nEventType: CreatePipe\r\nUtcTime: 2023-03-03 17:28:24.052\r\nProcessGuid: {BE59402F-260D-6402-1100-000000001900}\r\nProcessId: 880\r\nPipeName: \\TSVCPIPE-bf8f48ce-a91d-4bfd-b865-3ba3f27eb46b\r\nImage: C:\\Windows\\System32\\svchost.exe\r\nUser: NT AUTHORITY\\NETWORK SERVICE","Category":"Pipe Created (rule: PipeEvent)","Opcode":"Info","RuleName":"-","UtcTime":"2023-03-03 17:28:24.052","ProcessGuid":"{BE59402F-260D-6402-1100-000000001900}","PipeName":"\\TSVCPIPE-bf8f48ce-a91d-4bfd-b865-3ba3f27eb46b","Image":"C:\\Windows\\System32\\svchost.exe","User":"NT AUTHORITY\\NETWORK SERVICE","EventReceivedTime":1677864505,"SourceModuleName":"in_sysmon","SourceModuleType":"im_msvistalog"}
<14>Mar  3 17:28:26 win-server.lunarstiiiness.com Microsoft-Windows-Sysmon[1288]: {"EventTime":1677864504,"Hostname":"win-server.lunarstiiiness.com","Keywords":-9223372036854775808,"EventType":"INFO","SeverityValue":2,"Severity":"INFO","EventID":17,"SourceName":"Microsoft-Windows-Sysmon","ProviderGuid":"{5770385F-C22A-43E0-BF4C-06F5698FFBD9}","Version":1,"Task":17,"OpcodeValue":0,"RecordNumber":930518,"ProcessID":1288,"ThreadID":2884,"Channel":"Microsoft-Windows-Sysmon/Operational","Domain":"NT AUTHORITY","AccountName":"SYSTEM","UserID":"S-1-5-18","AccountType":"User","Message":"Pipe Created:\r\nRuleName: -\r\nEventType: CreatePipe\r\nUtcTime: 2023-03-03 17:28:24.826\r\nProcessGuid: {BE59402F-260D-6402-1100-000000001900}\r\nProcessId: 880\r\nPipeName: \\TSVCPIPE-1ca723f2-cf63-406f-b5a4-bcb4bcdb92d7\r\nImage: C:\\Windows\\System32\\svchost.exe\r\nUser: NT AUTHORITY\\NETWORK SERVICE","Category":"Pipe Created (rule: PipeEvent)","Opcode":"Info","RuleName":"-","UtcTime":"2023-03-03 17:28:24.826","ProcessGuid":"{BE59402F-260D-6402-1100-000000001900}","PipeName":"\\TSVCPIPE-1ca723f2-cf63-406f-b5a4-bcb4bcdb92d7","Image":"C:\\Windows\\System32\\svchost.exe","User":"NT AUTHORITY\\NETWORK SERVICE","EventReceivedTime":1677864506,"SourceModuleName":"in_sysmon","SourceModuleType":"im_msvistalog"}
<14>Mar  3 17:28:28 win-server.lunarstiiiness.com Microsoft-Windows-Sysmon[1288]: {"EventTime":1677864506,"Hostname":"win-server.lunarstiiiness.com","Keywords":-9223372036854775808,"EventType":"INFO","SeverityValue":2,"Severity":"INFO","EventID":13,"SourceName":"Microsoft-Windows-Sysmon","ProviderGuid":"{5770385F-C22A-43E0-BF4C-06F5698FFBD9}","Version":2,"Task":13,"OpcodeValue":0,"RecordNumber":930574,"ProcessID":1288,"ThreadID":2884,"Channel":"Microsoft-Windows-Sysmon/Operational","Domain":"NT AUTHORITY","AccountName":"SYSTEM","UserID":"S-1-5-18","AccountType":"User","Message":"Registry value set:\r\nRuleName: -\r\nEventType: SetValue\r\nUtcTime: 2023-03-03 17:28:26.091\r\nProcessGuid: {BE59402F-260B-6402-0A00-000000001900}\r\nProcessId: 528\r\nImage: C:\\Windows\\system32\\services.exe\r\nTargetObject: HKLM\\System\\CurrentControlSet\\Services\\WpnUserService_db3485\\ImagePath\r\nDetails: C:\\Windows\\system32\\svchost.exe -k UnistackSvcGroup\r\nUser: NT AUTHORITY\\SYSTEM","Category":"Registry value set (rule: RegistryEvent)","Opcode":"Info","RuleName":"-","UtcTime":"2023-03-03 17:28:26.091","ProcessGuid":"{BE59402F-260B-6402-0A00-000000001900}","Image":"C:\\Windows\\system32\\services.exe","TargetObject":"HKLM\\System\\CurrentControlSet\\Services\\WpnUserService_db3485\\ImagePath","Details":"C:\\Windows\\system32\\svchost.exe -k UnistackSvcGroup","User":"NT AUTHORITY\\SYSTEM","EventReceivedTime":1677864508,"SourceModuleName":"in_sysmon","SourceModuleType":"im_msvistalog"}
<14>Mar  3 17:28:28 win-server.lunarstiiiness.com Microsoft-Windows-Sysmon[1288]: {"EventTime":1677864506,"Hostname":"win-server.lunarstiiiness.com","Keywords":-9223372036854775808,"EventType":"INFO","SeverityValue":2,"Severity":"INFO","EventID":12,"SourceName":"Microsoft-Windows-Sysmon","ProviderGuid":"{5770385F-C22A-43E0-BF4C-06F5698FFBD9}","Version":2,"Task":12,"OpcodeValue":0,"RecordNumber":930566,"ProcessID":1288,"ThreadID":2884,"Channel":"Microsoft-Windows-Sysmon/Operational","Domain":"NT AUTHORITY","AccountName":"SYSTEM","UserID":"S-1-5-18","AccountType":"User","Message":"Registry object added or deleted:\r\nRuleName: technique_id=T1543,technique_name=Service Creation\r\nEventType: CreateKey\r\nUtcTime: 2023-03-03 17:28:26.091\r\nProcessGuid: {BE59402F-260B-6402-0A00-000000001900}\r\nProcessId: 528\r\nImage: C:\\Windows\\system32\\services.exe\r\nTargetObject: HKLM\\System\\CurrentControlSet\\Services\\UserDataSvc_db3485\\Security\r\nUser: NT AUTHORITY\\SYSTEM","Category":"Registry object added or deleted (rule: RegistryEvent)","Opcode":"Info","RuleName":"technique_id=T1543,technique_name=Service Creation","UtcTime":"2023-03-03 17:28:26.091","ProcessGuid":"{BE59402F-260B-6402-0A00-000000001900}","Image":"C:\\Windows\\system32\\services.exe","TargetObject":"HKLM\\System\\CurrentControlSet\\Services\\UserDataSvc_db3485\\Security","User":"NT AUTHORITY\\SYSTEM","EventReceivedTime":1677864508,"SourceModuleName":"in_sysmon","SourceModuleType":"im_msvistalog"}
