<14>Mar  3 17:29:30 win-server.lunarstiiiness.com Microsoft-Windows-Sysmon[1288]: {"EventTime":1677864567,"Hostname":"win-server.lunarstiiiness.com","Keywords":-9223372036854775808,"EventType":"INFO","SeverityValue":2,"Severity":"INFO","EventID":7,"SourceName":"Microsoft-Windows-Sysmon","ProviderGuid":"{5770385F-C22A-43E0-BF4C-06F5698FFBD9}","Version":3,"Task":7,"OpcodeValue":0,"RecordNumber":930587,"ProcessID":1288,"ThreadID":2888,"Channel":"Microsoft-Windows-Sysmon/Operational","Domain":"NT AUTHORITY","AccountName":"SYSTEM","UserID":"S-1-5-18","AccountType":"User","Message":"Image loaded:\r\nRuleName: -\r\nUtcTime: 2023-03-03 17:29:26.342\r\nProcessGuid: {BE59402F-2E41-6402-F900-000000001900}\r\nProcessId: 4368\r\nImage: C:\\Windows\\explorer.exe\r\nImageLoaded: C:\\Windows\\System32\\urlmon.dll\r\nFileVersion: 11.00.14393.5582 (rs1_release.221130-1719)\r\nDescription: OLE32 Extensions for Win32\r\nProduct: Internet Explorer\r\nCompany: Microsoft Corporation\r\nOriginalFileName: UrlMon.dll\r\nHashes: SHA1=C04C26B634733A5132FEB47281829DA870E481F2,MD5=A99B52D97035B13B4C06366E1ABE05E7,SHA256=4009730BE3CE17F80A98BEB323FFF3626AF02B7EAE64601B2A0BEF8B87145E9F,IMPHASH=B5AFB93FCF976F12D390F994AD9F4967\r\nSigned: true\r\nSignature: Microsoft Windows\r\nSignatureStatus: Valid\r\nUser: LUNARSTIIINESS\\tim.smith_admin","Category":"Image loaded (rule: ImageLoad)","Opcode":"Info","RuleName":"-","UtcTime":"2023-03-03 17:29:26.342","ProcessGuid":"{BE59402F-2E41-6402-F900-000000001900}","Image":"C:\\Windows\\explorer.exe","ImageLoaded":"C:\\Windows\\System32\\urlmon.dll","FileVersion":"11.00.14393.5582 (rs1_release.221130-1719)","Description":"OLE32 Extensions for Win32","Product":"Internet Explorer","Company":"Microsoft Corporation","OriginalFileName":"UrlMon.dll","Hashes":"SHA1=C04C26B634733A5132FEB47281829DA870E481F2,MD5=A99B52D97035B13B4C06366E1ABE05E7,SHA256=4009730BE3CE17F80A98BEB323FFF3626AF02B7EAE64601B2A0BEF8B87145E9F,IMPHASH=B5AFB93FCF976F12D390F994AD9F4967","Signed":"true","Signature":"Microsoft Windows","SignatureStatus":"Valid","User":"LUNARSTIIINESS\\tim.smith_admin","EventReceivedTime":1677864570,"SourceModuleName":"in_sysmon","SourceModuleType":"im_msvistalog"}
<14>Mar  3 17:29:43 win-server.lunarstiiiness.com Microsoft-Windows-Sysmon[1288]: {"EventTime":1677864581,"Hostname":"win-server.lunarstiiiness.com","Keywords":-9223372036854775808,"EventType":"INFO","SeverityValue":2,"Severity":"INFO","EventID":7,"SourceName":"Microsoft-Windows-Sysmon","ProviderGuid":"{5770385F-C22A-43E0-BF4C-06F5698FFBD9}","Version":3,"Task":7,"OpcodeValue":0,"RecordNumber":930589,"ProcessID":1288,"ThreadID":2884,"Channel":"Microsoft-Windows-Sysmon/Operational","Domain":"NT AUTHORITY","AccountName":"SYSTEM","UserID":"S-1-5-18","AccountType":"User","Message":"Image loaded:\r\nRuleName: -\r\nUtcTime: 2023-03-03 17:29:40.740\r\nProcessGuid: {BE59402F-2E3B-6402-F600-000000001900}\r\nProcessId: 1816\r\nImage: C:\\Windows\\System32\\ServerManagerLauncher.exe\r\nImageLoaded: C:\\Windows\\System32\\urlmon.dll\r\nFileVersion: 11.00.14393.5582 (rs1_release.221130-1719)\r\nDescription: OLE32 Extensions for Win32\r\nProduct: Internet Explorer\r\nCompany: Microsoft Corporation\r\nOriginalFileName: UrlMon.dll\r\nHashes: SHA1=C04C26B634733A5132FEB47281829DA870E481F2,MD5=A99B52D97035B13B4C06366E1ABE05E7,SHA256=4009730BE3CE17F80A98BEB323FFF3626AF02B7EAE64601B2A0BEF8B87145E9F,IMPHASH=B5AFB93FCF976F12D390F994AD9F4967\r\nSigned: true\r\nSignature: Microsoft Windows\r\nSignatureStatus: Valid\r\nUser: LUNARSTIIINESS\\tim.smith_admin","Category":"Image loaded (rule: ImageLoad)","Opcode":"Info","RuleName":"-","UtcTime":"2023-03-03 17:29:40.740","ProcessGuid":"{BE59402F-2E3B-6402-F600-000000001900}","Image":"C:\\Windows\\System32\\ServerManagerLauncher.exe","ImageLoaded":"C:\\Windows\\System32\\urlmon.dll","FileVersion":"11.00.14393.5582 (rs1_release.221130-1719)","Description":"OLE32 Extensions for Win32","Product":"Internet Explorer","Company":"Microsoft Corporation","OriginalFileName":"UrlMon.dll","Hashes":"SHA1=C04C26B634733A5132FEB47281829DA870E481F2,MD5=A99B52D97035B13B4C06366E1ABE05E7,SHA256=4009730BE3CE17F80A98BEB323FFF3626AF02B7EAE64601B2A0BEF8B87145E9F,IMPHASH=B5AFB93FCF976F12D390F994AD9F4967","Signed":"true","Signature":"Microsoft Windows","SignatureStatus":"Valid","User":"LUNARSTIIINESS\\tim.smith_admin","EventReceivedTime":1677864583,"SourceModuleName":"in_sysmon","SourceModuleType":"im_msvistalog"}
<14>Mar  3 17:29:43 win-server.lunarstiiiness.com Microsoft-Windows-Sysmon[1288]: {"EventTime":1677864580,"Hostname":"win-server.lunarstiiiness.com","Keywords":-9223372036854775808,"EventType":"INFO","SeverityValue":2,"Severity":"INFO","EventID":22,"SourceName":"Microsoft-Windows-Sysmon","ProviderGuid":"{5770385F-C22A-43E0-BF4C-06F5698FFBD9}","Version":5,"Task":22,"OpcodeValue":0,"RecordNumber":930588,"ProcessID":1288,"ThreadID":2904,"Channel":"Microsoft-Windows-Sysmon/Operational","Domain":"NT AUTHORITY","AccountName":"SYSTEM","UserID":"S-1-5-18","AccountType":"User","Message":"Dns query:\r\nRuleName: -\r\nUtcTime: 2023-03-03 17:29:40.878\r\nProcessGuid: {BE59402F-260E-6402-1800-000000001900}\r\nProcessId: 1088\r\nQueryName: logging.googleapis.com\r\nQueryStatus: 0\r\nQueryResults: type:  5 logging-alv.googleapis.com;::ffff:216.239.34.174;::ffff:216.239.36.174;::ffff:216.239.32.174;::ffff:216.239.38.174;\r\nImage: C:\\Program Files\\Google\\OSConfig\\google_osconfig_agent.exe\r\nUser: NT AUTHORITY\\SYSTEM","Category":"Dns query (rule: DnsQuery)","Opcode":"Info","RuleName":"-","UtcTime":"2023-03-03 17:29:40.878","ProcessGuid":"{BE59402F-260E-6402-1800-000000001900}","QueryName":"logging.googleapis.com","QueryStatus":"0","QueryResults":"type:  5 logging-alv.googleapis.com;::ffff:216.239.34.174;::ffff:216.239.36.174;::ffff:216.239.32.174;::ffff:216.239.38.174;","Image":"C:\\Program Files\\Google\\OSConfig\\google_osconfig_agent.exe","User":"NT AUTHORITY\\SYSTEM","EventReceivedTime":1677864583,"SourceModuleName":"in_sysmon","SourceModuleType":"im_msvistalog"}
<14>Mar  3 17:29:51 win-server.lunarstiiiness.com Microsoft-Windows-Sysmon[1288]: {"EventTime":1677864587,"Hostname":"win-server.lunarstiiiness.com","Keywords":-9223372036854775808,"EventType":"INFO","SeverityValue":2,"Severity":"INFO","EventID":7,"SourceName":"Microsoft-Windows-Sysmon","ProviderGuid":"{5770385F-C22A-43E0-BF4C-06F5698FFBD9}","Version":3,"Task":7,"OpcodeValue":0,"RecordNumber":930591,"ProcessID":1288,"ThreadID":2888,"Channel":"Microsoft-Windows-Sysmon/Operational","Domain":"NT AUTHORITY","AccountName":"SYSTEM","UserID":"S-1-5-18","AccountType":"User","Message":"Image loaded:\r\nRuleName: technique_id=T1059.001,technique_name=PowerShell\r\nUtcTime: 2023-03-03 17:29:47.271\r\nProcessGuid: {BE59402F-2E8A-6402-0101-000000001900}\r\nProcessId: 1612\r\nImage: C:\\Windows\\System32\\consent.exe\r\nImageLoaded: C:\\Windows\\System32\\amsi.dll\r\nFileVersion: 10.0.14393.4169 (rs1_release.210107-1130)\r\nDescription: Anti-Malware Scan Interface\r\nProduct: Microsoft Windows Operating System\r\nCompany: Microsoft Corporation\r\nOriginalFileName: amsi.dll\r\nHashes: SHA1=95D202A39D43B043C9F7FF5B8B75118950720B3A,MD5=89C79675F7FEDEB6373C9D2045F7B7C5,SHA256=5B40293CF56D44377A91BF68CF2113F523B61185F02DEEAB621BE51F0ADA6131,IMPHASH=6FEE5278940E0EA644D3641165D77874\r\nSigned: true\r\nSignature: Microsoft Windows\r\nSignatureStatus: Valid\r\nUser: NT AUTHORITY\\SYSTEM","Category":"Image loaded (rule: ImageLoad)","Opcode":"Info","RuleName":"technique_id=T1059.001,technique_name=PowerShell","UtcTime":"2023-03-03 17:29:47.271","ProcessGuid":"{BE59402F-2E8A-6402-0101-000000001900}","Image":"C:\\Windows\\System32\\consent.exe","ImageLoaded":"C:\\Windows\\System32\\amsi.dll","FileVersion":"10.0.14393.4169 (rs1_release.210107-1130)","Description":"Anti-Malware Scan Interface","Product":"Microsoft Windows Operating System","Company":"Microsoft Corporation","OriginalFileName":"amsi.dll","Hashes":"SHA1=95D202A39D43B043C9F7FF5B8B75118950720B3A,MD5=89C79675F7FEDEB6373C9D2045F7B7C5,SHA256=5B40293CF56D44377A91BF68CF2113F523B61185F02DEEAB621BE51F0ADA6131,IMPHASH=6FEE5278940E0EA644D3641165D77874","Signed":"true","Signature":"Microsoft Windows","SignatureStatus":"Valid","User":"NT AUTHORITY\\SYSTEM","EventReceivedTime":1677864591,"SourceModuleName":"in_sysmon","SourceModuleType":"im_msvistalog"}
<14>Mar  3 17:30:02 win-server.lunarstiiiness.com Microsoft-Windows-Sysmon[1288]: {"EventTime":1677864600,"Hostname":"win-server.lunarstiiiness.com","Keywords":-9223372036854775808,"EventType":"INFO","SeverityValue":2,"Severity":"INFO","EventID":12,"SourceName":"Microsoft-Windows-Sysmon","ProviderGuid":"{5770385F-C22A-43E0-BF4C-06F5698FFBD9}","Version":2,"Task":12,"OpcodeValue":0,"RecordNumber":930592,"ProcessID":1288,"ThreadID":2884,"Channel":"Microsoft-Windows-Sysmon/Operational","Domain":"NT AUTHORITY","AccountName":"SYSTEM","UserID":"S-1-5-18","AccountType":"User","Message":"Registry object added or deleted:\r\nRuleName: technique_id=T1553.004,technique_name=Install Root Certificate\r\nEventType: CreateKey\r\nUtcTime: 2023-03-03 17:30:00.234\r\nProcessGuid: {BE59402F-2E8A-6402-0101-000000001900}\r\nProcessId: 1612\r\nImage: C:\\Windows\\system32\\consent.exe\r\nTargetObject: HKU\\S-1-5-21-3263964631-4121654051-1417071188-1116\\SOFTWARE\\Microsoft\\SystemCertificates\\CA\\Certificates\r\nUser: NT AUTHORITY\\SYSTEM","Category":"Registry object added or deleted (rule: RegistryEvent)","Opcode":"Info","RuleName":"technique_id=T1553.004,technique_name=Install Root Certificate","UtcTime":"2023-03-03 17:30:00.234","ProcessGuid":"{BE59402F-2E8A-6402-0101-000000001900}","Image":"C:\\Windows\\system32\\consent.exe","TargetObject":"HKU\\S-1-5-21-3263964631-4121654051-1417071188-1116\\SOFTWARE\\Microsoft\\SystemCertificates\\CA\\Certificates","User":"NT AUTHORITY\\SYSTEM","EventReceivedTime":1677864602,"SourceModuleName":"in_sysmon","SourceModuleType":"im_msvistalog"}
<14>Mar  3 17:30:03 win-server.lunarstiiiness.com Microsoft-Windows-Sysmon[1288]: {"EventTime":1677864600,"Hostname":"win-server.lunarstiiiness.com","Keywords":-9223372036854775808,"EventType":"INFO","SeverityValue":2,"Severity":"INFO","EventID":12,"SourceName":"Microsoft-Windows-Sysmon","ProviderGuid":"{5770385F-C22A-43E0-BF4C-06F5698FFBD9}","Version":2,"Task":12,"OpcodeValue":0,"RecordNumber":930593,"ProcessID":1288,"ThreadID":2884,"Channel":"Microsoft-Windows-Sysmon/Operational","Domain":"NT AUTHORITY","AccountName":"SYSTEM","UserID":"S-1-5-18","AccountType":"User","Message":"Registry object added or deleted:\r\nRuleName: technique_id=T1553.004,technique_name=Install Root Certificate\r\nEventType: CreateKey\r\nUtcTime: 2023-03-03 17:30:00.490\r\nProcessGuid: {BE59402F-2E8A-6402-0101-000000001900}\r\nProcessId: 1612\r\nImage: C:\\Windows\\system32\\consent.exe\r\nTargetObject: HKU\\S-1-5-21-3263964631-4121654051-1417071188-1116\\SOFTWARE\\Microsoft\\SystemCertificates\\Root\\Certificates\r\nUser: NT AUTHORITY\\SYSTEM","Category":"Registry object added or deleted (rule: RegistryEvent)","Opcode":"Info","RuleName":"technique_id=T1553.004,technique_name=Install Root Certificate","UtcTime":"2023-03-03 17:30:00.490","ProcessGuid":"{BE59402F-2E8A-6402-0101-000000001900}","Image":"C:\\Windows\\system32\\consent.exe","TargetObject":"HKU\\S-1-5-21-3263964631-4121654051-1417071188-1116\\SOFTWARE\\Microsoft\\SystemCertificates\\Root\\Certificates","User":"NT AUTHORITY\\SYSTEM","EventReceivedTime":1677864603,"SourceModuleName":"in_sysmon","SourceModuleType":"im_msvistalog"}
<14>Mar  3 17:30:03 win-server.lunarstiiiness.com Microsoft-Windows-Sysmon[1288]: {"EventTime":1677864601,"Hostname":"win-server.lunarstiiiness.com","Keywords":-9223372036854775808,"EventType":"INFO","SeverityValue":2,"Severity":"INFO","EventID":7,"SourceName":"Microsoft-Windows-Sysmon","ProviderGuid":"{5770385F-C22A-43E0-BF4C-06F5698FFBD9}","Version":3,"Task":7,"OpcodeValue":0,"RecordNumber":930594,"ProcessID":1288,"ThreadID":2884,"Channel":"Microsoft-Windows-Sysmon/Operational","Domain":"NT AUTHORITY","AccountName":"SYSTEM","UserID":"S-1-5-18","AccountType":"User","Message":"Image loaded:\r\nRuleName: -\r\nUtcTime: 2023-03-03 17:30:00.990\r\nProcessGuid: {BE59402F-2E8A-6402-0101-000000001900}\r\nProcessId: 1612\r\nImage: C:\\Windows\\System32\\consent.exe\r\nImageLoaded: C:\\Windows\\System32\\urlmon.dll\r\nFileVersion: 11.00.14393.5582 (rs1_release.221130-1719)\r\nDescription: OLE32 Extensions for Win32\r\nProduct: Internet Explorer\r\nCompany: Microsoft Corporation\r\nOriginalFileName: UrlMon.dll\r\nHashes: SHA1=C04C26B634733A5132FEB47281829DA870E481F2,MD5=A99B52D97035B13B4C06366E1ABE05E7,SHA256=4009730BE3CE17F80A98BEB323FFF3626AF02B7EAE64601B2A0BEF8B87145E9F,IMPHASH=B5AFB93FCF976F12D390F994AD9F4967\r\nSigned: true\r\nSignature: Microsoft Windows\r\nSignatureStatus: Valid\r\nUser: NT AUTHORITY\\SYSTEM","Category":"Image loaded (rule: ImageLoad)","Opcode":"Info","RuleName":"-","UtcTime":"2023-03-03 17:30:00.990","ProcessGuid":"{BE59402F-2E8A-6402-0101-000000001900}","Image":"C:\\Windows\\System32\\consent.exe","ImageLoaded":"C:\\Windows\\System32\\urlmon.dll","FileVersion":"11.00.14393.5582 (rs1_release.221130-1719)","Description":"OLE32 Extensions for Win32","Product":"Internet Explorer","Company":"Microsoft Corporation","OriginalFileName":"UrlMon.dll","Hashes":"SHA1=C04C26B634733A5132FEB47281829DA870E481F2,MD5=A99B52D97035B13B4C06366E1ABE05E7,SHA256=4009730BE3CE17F80A98BEB323FFF3626AF02B7EAE64601B2A0BEF8B87145E9F,IMPHASH=B5AFB93FCF976F12D390F994AD9F4967","Signed":"true","Signature":"Microsoft Windows","SignatureStatus":"Valid","User":"NT AUTHORITY\\SYSTEM","EventReceivedTime":1677864603,"SourceModuleName":"in_sysmon","SourceModuleType":"im_msvistalog"}
<14>Mar  3 17:30:14 win-server.lunarstiiiness.com Microsoft-Windows-Sysmon[1288]: {"EventTime":1677864611,"Hostname":"win-server.lunarstiiiness.com","Keywords":-9223372036854775808,"EventType":"INFO","SeverityValue":2,"Severity":"INFO","EventID":22,"SourceName":"Microsoft-Windows-Sysmon","ProviderGuid":"{5770385F-C22A-43E0-BF4C-06F5698FFBD9}","Version":5,"Task":22,"OpcodeValue":0,"RecordNumber":930595,"ProcessID":1288,"ThreadID":2904,"Channel":"Microsoft-Windows-Sysmon/Operational","Domain":"NT AUTHORITY","AccountName":"SYSTEM","UserID":"S-1-5-18","AccountType":"User","Message":"Dns query:\r\nRuleName: -\r\nUtcTime: 2023-03-03 17:30:11.152\r\nProcessGuid: {BE59402F-2E78-6402-FE00-000000001900}\r\nProcessId: 3176\r\nQueryName: win-adfs.lunarstiiiness.com\r\nQueryStatus: 0\r\nQueryResults: ::ffff:10.128.0.21;\r\nImage: C:\\Windows\\System32\\dsregcmd.exe\r\nUser: NT AUTHORITY\\SYSTEM","Category":"Dns query (rule: DnsQuery)","Opcode":"Info","RuleName":"-","UtcTime":"2023-03-03 17:30:11.152","ProcessGuid":"{BE59402F-2E78-6402-FE00-000000001900}","QueryName":"win-adfs.lunarstiiiness.com","QueryStatus":"0","QueryResults":"::ffff:10.128.0.21;","Image":"C:\\Windows\\System32\\dsregcmd.exe","User":"NT AUTHORITY\\SYSTEM","EventReceivedTime":1677864614,"SourceModuleName":"in_sysmon","SourceModuleType":"im_msvistalog"}
<14>Mar  3 17:30:31 win-server.lunarstiiiness.com Microsoft-Windows-Sysmon[1288]: {"EventTime":1677864629,"Hostname":"win-server.lunarstiiiness.com","Keywords":-9223372036854775808,"EventType":"INFO","SeverityValue":2,"Severity":"INFO","EventID":3,"SourceName":"Microsoft-Windows-Sysmon","ProviderGuid":"{5770385F-C22A-43E0-BF4C-06F5698FFBD9}","Version":5,"Task":3,"OpcodeValue":0,"RecordNumber":930596,"ProcessID":1288,"ThreadID":2392,"Channel":"Microsoft-Windows-Sysmon/Operational","Domain":"NT AUTHORITY","AccountName":"SYSTEM","UserID":"S-1-5-18","AccountType":"User","Message":"Network connection detected:\r\nRuleName: technique_id=T1021,technique_name=Remote Services\r\nUtcTime: 2023-03-03 17:30:28.875\r\nProcessGuid: {BE59402F-260D-6402-1100-000000001900}\r\nProcessId: 880\r\nImage: C:\\Windows\\System32\\svchost.exe\r\nUser: NT AUTHORITY\\NETWORK SERVICE\r\nProtocol: tcp\r\nInitiated: false\r\nSourceIsIpv6: false\r\nSourceIp: 10.128.0.21\r\nSourceHostname: -\r\nSourcePort: 64197\r\nSourcePortName: -\r\nDestinationIsIpv6: false\r\nDestinationIp: 10.128.0.22\r\nDestinationHostname: -\r\nDestinationPort: 3389\r\nDestinationPortName: -","Category":"Network connection detected (rule: NetworkConnect)","Opcode":"Info","RuleName":"technique_id=T1021,technique_name=Remote Services","UtcTime":"2023-03-03 17:30:28.875","ProcessGuid":"{BE59402F-260D-6402-1100-000000001900}","Image":"C:\\Windows\\System32\\svchost.exe","User":"NT AUTHORITY\\NETWORK SERVICE","Protocol":"tcp","Initiated":"false","SourceIsIpv6":"false","SourceIp":"10.128.0.21","SourceHostname":"-","SourcePort":"64197","SourcePortName":"-","DestinationIsIpv6":"false","DestinationIp":"10.128.0.22","DestinationHostname":"-","DestinationPort":"3389","DestinationPortName":"-","EventReceivedTime":1677864631,"SourceModuleName":"in_sysmon","SourceModuleType":"im_msvistalog"}
<14>Mar  3 17:30:32 win-server.lunarstiiiness.com Microsoft-Windows-Sysmon[1288]: {"EventTime":1677864630,"Hostname":"win-server.lunarstiiiness.com","Keywords":-9223372036854775808,"EventType":"INFO","SeverityValue":2,"Severity":"INFO","EventID":3,"SourceName":"Microsoft-Windows-Sysmon","ProviderGuid":"{5770385F-C22A-43E0-BF4C-06F5698FFBD9}","Version":5,"Task":3,"OpcodeValue":0,"RecordNumber":930597,"ProcessID":1288,"ThreadID":2392,"Channel":"Microsoft-Windows-Sysmon/Operational","Domain":"NT AUTHORITY","AccountName":"SYSTEM","UserID":"S-1-5-18","AccountType":"User","Message":"Network connection detected:\r\nRuleName: technique_id=T1021,technique_name=Remote Services\r\nUtcTime: 2023-03-03 17:30:29.406\r\nProcessGuid: {BE59402F-260D-6402-1100-000000001900}\r\nProcessId: 880\r\nImage: C:\\Windows\\System32\\svchost.exe\r\nUser: NT AUTHORITY\\NETWORK SERVICE\r\nProtocol: tcp\r\nInitiated: false\r\nSourceIsIpv6: false\r\nSourceIp: 10.128.0.21\r\nSourceHostname: -\r\nSourcePort: 64198\r\nSourcePortName: -\r\nDestinationIsIpv6: false\r\nDestinationIp: 10.128.0.22\r\nDestinationHostname: -\r\nDestinationPort: 3389\r\nDestinationPortName: -","Category":"Network connection detected (rule: NetworkConnect)","Opcode":"Info","RuleName":"technique_id=T1021,technique_name=Remote Services","UtcTime":"2023-03-03 17:30:29.406","ProcessGuid":"{BE59402F-260D-6402-1100-000000001900}","Image":"C:\\Windows\\System32\\svchost.exe","User":"NT AUTHORITY\\NETWORK SERVICE","Protocol":"tcp","Initiated":"false","SourceIsIpv6":"false","SourceIp":"10.128.0.21","SourceHostname":"-","SourcePort":"64198","SourcePortName":"-","DestinationIsIpv6":"false","DestinationIp":"10.128.0.22","DestinationHostname":"-","DestinationPort":"3389","DestinationPortName":"-","EventReceivedTime":1677864632,"SourceModuleName":"in_sysmon","SourceModuleType":"im_msvistalog"}
<14>Mar  3 17:30:36 win-server.lunarstiiiness.com Microsoft-Windows-Sysmon[1288]: {"EventTime":1677864634,"Hostname":"win-server.lunarstiiiness.com","Keywords":-9223372036854775808,"EventType":"INFO","SeverityValue":2,"Severity":"INFO","EventID":17,"SourceName":"Microsoft-Windows-Sysmon","ProviderGuid":"{5770385F-C22A-43E0-BF4C-06F5698FFBD9}","Version":1,"Task":17,"OpcodeValue":0,"RecordNumber":930598,"ProcessID":1288,"ThreadID":2884,"Channel":"Microsoft-Windows-Sysmon/Operational","Domain":"NT AUTHORITY","AccountName":"SYSTEM","UserID":"S-1-5-18","AccountType":"User","Message":"Pipe Created:\r\nRuleName: -\r\nEventType: CreatePipe\r\nUtcTime: 2023-03-03 17:30:34.029\r\nProcessGuid: {BE59402F-2612-6402-2800-000000001900}\r\nProcessId: 1396\r\nPipeName: \\TDLN-4368-41\r\nImage: C:\\Windows\\system32\\svchost.exe\r\nUser: NT AUTHORITY\\SYSTEM","Category":"Pipe Created (rule: PipeEvent)","Opcode":"Info","RuleName":"-","UtcTime":"2023-03-03 17:30:34.029","ProcessGuid":"{BE59402F-2612-6402-2800-000000001900}","PipeName":"\\TDLN-4368-41","Image":"C:\\Windows\\system32\\svchost.exe","User":"NT AUTHORITY\\SYSTEM","EventReceivedTime":1677864636,"SourceModuleName":"in_sysmon","SourceModuleType":"im_msvistalog"}
<14>Mar  3 17:30:52 win-server.lunarstiiiness.com Microsoft-Windows-Sysmon[1288]: {"EventTime":1677864650,"Hostname":"win-server.lunarstiiiness.com","Keywords":-9223372036854775808,"EventType":"INFO","SeverityValue":2,"Severity":"INFO","EventID":1,"SourceName":"Microsoft-Windows-Sysmon","ProviderGuid":"{5770385F-C22A-43E0-BF4C-06F5698FFBD9}","Version":5,"Task":1,"OpcodeValue":0,"RecordNumber":930602,"ProcessID":1288,"ThreadID":2884,"Channel":"Microsoft-Windows-Sysmon/Operational","Domain":"NT AUTHORITY","AccountName":"SYSTEM","UserID":"S-1-5-18","AccountType":"User","Message":"Process Create:\r\nRuleName: technique_id=T1204,technique_name=User Execution\r\nUtcTime: 2023-03-03 17:30:45.119\r\nProcessGuid: {BE59402F-2EC5-6402-0A01-000000001900}\r\nProcessId: 572\r\nImage: C:\\Program Files\\Microsoft VS Code\\Code.exe\r\nFileVersion: 1.71.2\r\nDescription: Visual Studio Code\r\nProduct: Visual Studio Code\r\nCompany: Microsoft Corporation\r\nOriginalFileName: electron.exe\r\nCommandLine: \"C:\\Program Files\\Microsoft VS Code\\Code.exe\" \r\nCurrentDirectory: C:\\Program Files\\Microsoft VS Code\\\r\nUser: LUNARSTIIINESS\\tim.smith_admin\r\nLogonGuid: {BE59402F-2E2D-6402-82D4-DA0000000000}\r\nLogonId: 0xDAD482\r\nTerminalSessionId: 3\r\nIntegrityLevel: Medium\r\nHashes: SHA1=BFE12D64F479C8668ECEB2D14B047CB7B834B7A4,MD5=8F819F8B59C13E0B66CDC3E6510C6377,SHA256=ECAB41955BBA91C390E395DC41A18767E07F39CABBACE76F50075C79932F9D09,IMPHASH=ECD54B369A4AAC2635A4BEAD7A3E69B3\r\nParentProcessGuid: {BE59402F-2E41-6402-F900-000000001900}\r\nParentProcessId: 4368\r\nParentImage: C:\\Windows\\explorer.exe\r\nParentCommandLine: C:\\Windows\\Explorer.EXE\r\nParentUser: LUNARSTIIINESS\\tim.smith_admin","Category":"Process Create (rule: ProcessCreate)","Opcode":"Info","RuleName":"technique_id=T1204,technique_name=User Execution","UtcTime":"2023-03-03 17:30:45.119","ProcessGuid":"{BE59402F-2EC5-6402-0A01-000000001900}","Image":"C:\\Program Files\\Microsoft VS Code\\Code.exe","FileVersion":"1.71.2","Description":"Visual Studio Code","Product":"Visual Studio Code","Company":"Microsoft Corporation","OriginalFileName":"electron.exe","CommandLine":"\"C:\\Program Files\\Microsoft VS Code\\Code.exe\" ","CurrentDirectory":"C:\\Program Files\\Microsoft VS Code\\","User":"LUNARSTIIINESS\\tim.smith_admin","LogonGuid":"{BE59402F-2E2D-6402-82D4-DA0000000000}","LogonId":"0xdad482","TerminalSessionId":"3","IntegrityLevel":"Medium","Hashes":"SHA1=BFE12D64F479C8668ECEB2D14B047CB7B834B7A4,MD5=8F819F8B59C13E0B66CDC3E6510C6377,SHA256=ECAB41955BBA91C390E395DC41A18767E07F39CABBACE76F50075C79932F9D09,IMPHASH=ECD54B369A4AAC2635A4BEAD7A3E69B3","ParentProcessGuid":"{BE59402F-2E41-6402-F900-000000001900}","ParentProcessId":"4368","ParentImage":"C:\\Windows\\explorer.exe","ParentCommandLine":"C:\\Windows\\Explorer.EXE","ParentUser":"LUNARSTIIINESS\\tim.smith_admin","EventReceivedTime":1677864652,"SourceModuleName":"in_sysmon","SourceModuleType":"im_msvistalog"}
<14>Mar  3 17:30:47 win-server.lunarstiiiness.com Microsoft-Windows-Sysmon[1288]: {"EventTime":1677864645,"Hostname":"win-server.lunarstiiiness.com","Keywords":-9223372036854775808,"EventType":"INFO","SeverityValue":2,"Severity":"INFO","EventID":7,"SourceName":"Microsoft-Windows-Sysmon","ProviderGuid":"{5770385F-C22A-43E0-BF4C-06F5698FFBD9}","Version":3,"Task":7,"OpcodeValue":0,"RecordNumber":930601,"ProcessID":1288,"ThreadID":2884,"Channel":"Microsoft-Windows-Sysmon/Operational","Domain":"NT AUTHORITY","AccountName":"SYSTEM","UserID":"S-1-5-18","AccountType":"User","Message":"Image loaded:\r\nRuleName: -\r\nUtcTime: 2023-03-03 17:30:45.280\r\nProcessGuid: {BE59402F-2EC1-6402-0701-000000001900}\r\nProcessId: 3752\r\nImage: C:\\Windows\\SystemApps\\Microsoft.Windows.Cortana_cw5n1h2txyewy\\SearchUI.exe\r\nImageLoaded: C:\\Windows\\System32\\urlmon.dll\r\nFileVersion: 11.00.14393.5582 (rs1_release.221130-1719)\r\nDescription: OLE32 Extensions for Win32\r\nProduct: Internet Explorer\r\nCompany: Microsoft Corporation\r\nOriginalFileName: UrlMon.dll\r\nHashes: SHA1=C04C26B634733A5132FEB47281829DA870E481F2,MD5=A99B52D97035B13B4C06366E1ABE05E7,SHA256=4009730BE3CE17F80A98BEB323FFF3626AF02B7EAE64601B2A0BEF8B87145E9F,IMPHASH=B5AFB93FCF976F12D390F994AD9F4967\r\nSigned: true\r\nSignature: Microsoft Windows\r\nSignatureStatus: Valid\r\nUser: LUNARSTIIINESS\\tim.smith_admin","Category":"Image loaded (rule: ImageLoad)","Opcode":"Info","RuleName":"-","UtcTime":"2023-03-03 17:30:45.280","ProcessGuid":"{BE59402F-2EC1-6402-0701-000000001900}","Image":"C:\\Windows\\SystemApps\\Microsoft.Windows.Cortana_cw5n1h2txyewy\\SearchUI.exe","ImageLoaded":"C:\\Windows\\System32\\urlmon.dll","FileVersion":"11.00.14393.5582 (rs1_release.221130-1719)","Description":"OLE32 Extensions for Win32","Product":"Internet Explorer","Company":"Microsoft Corporation","OriginalFileName":"UrlMon.dll","Hashes":"SHA1=C04C26B634733A5132FEB47281829DA870E481F2,MD5=A99B52D97035B13B4C06366E1ABE05E7,SHA256=4009730BE3CE17F80A98BEB323FFF3626AF02B7EAE64601B2A0BEF8B87145E9F,IMPHASH=B5AFB93FCF976F12D390F994AD9F4967","Signed":"true","Signature":"Microsoft Windows","SignatureStatus":"Valid","User":"LUNARSTIIINESS\\tim.smith_admin","EventReceivedTime":1677864647,"SourceModuleName":"in_sysmon","SourceModuleType":"im_msvistalog"}
<14>Mar  3 17:30:56 win-server.lunarstiiiness.com Microsoft-Windows-Sysmon[1288]: {"EventTime":1677864654,"Hostname":"win-server.lunarstiiiness.com","Keywords":-9223372036854775808,"EventType":"INFO","SeverityValue":2,"Severity":"INFO","EventID":17,"SourceName":"Microsoft-Windows-Sysmon","ProviderGuid":"{5770385F-C22A-43E0-BF4C-06F5698FFBD9}","Version":1,"Task":17,"OpcodeValue":0,"RecordNumber":930603,"ProcessID":1288,"ThreadID":2884,"Channel":"Microsoft-Windows-Sysmon/Operational","Domain":"NT AUTHORITY","AccountName":"SYSTEM","UserID":"S-1-5-18","AccountType":"User","Message":"Pipe Created:\r\nRuleName: -\r\nEventType: CreatePipe\r\nUtcTime: 2023-03-03 17:30:54.068\r\nProcessGuid: {BE59402F-2EC5-6402-0A01-000000001900}\r\nProcessId: 572\r\nPipeName: \\crashpad_572_XQFTBDBZAMMYUOAS\r\nImage: C:\\Program Files\\Microsoft VS Code\\Code.exe\r\nUser: LUNARSTIIINESS\\tim.smith_admin","Category":"Pipe Created (rule: PipeEvent)","Opcode":"Info","RuleName":"-","UtcTime":"2023-03-03 17:30:54.068","ProcessGuid":"{BE59402F-2EC5-6402-0A01-000000001900}","PipeName":"\\crashpad_572_XQFTBDBZAMMYUOAS","Image":"C:\\Program Files\\Microsoft VS Code\\Code.exe","User":"LUNARSTIIINESS\\tim.smith_admin","EventReceivedTime":1677864656,"SourceModuleName":"in_sysmon","SourceModuleType":"im_msvistalog"}
<14>Mar  3 17:30:56 win-server.lunarstiiiness.com Microsoft-Windows-Sysmon[1288]: {"EventTime":1677864654,"Hostname":"win-server.lunarstiiiness.com","Keywords":-9223372036854775808,"EventType":"INFO","SeverityValue":2,"Severity":"INFO","EventID":10,"SourceName":"Microsoft-Windows-Sysmon","ProviderGuid":"{5770385F-C22A-43E0-BF4C-06F5698FFBD9}","Version":3,"Task":10,"OpcodeValue":0,"RecordNumber":930604,"ProcessID":1288,"ThreadID":2884,"Channel":"Microsoft-Windows-Sysmon/Operational","Domain":"NT AUTHORITY","AccountName":"SYSTEM","UserID":"S-1-5-18","AccountType":"User","Message":"Process accessed:\r\nRuleName: technique_id=T1055.001,technique_name=Dynamic-link Library Injection\r\nUtcTime: 2023-03-03 17:30:54.546\r\nSourceProcessGUID: {BE59402F-2EC5-6402-0A01-000000001900}\r\nSourceProcessId: 572\r\nSourceThreadId: 652\r\nSourceImage: C:\\Program Files\\Microsoft VS Code\\Code.exe\r\nTargetProcessGUID: {BE59402F-2ECE-6402-0D01-000000001900}\r\nTargetProcessId: 2996\r\nTargetImage: C:\\Program Files\\Microsoft VS Code\\Code.exe\r\nGrantedAccess: 0x1FFFFF\r\nCallTrace: C:\\Windows\\SYSTEM32\\ntdll.dll+a7424|C:\\Windows\\System32\\KERNELBASE.dll+24890|C:\\Windows\\System32\\KERNELBASE.dll+22e56|C:\\Windows\\System32\\KERNEL32.DLL+1c373|C:\\Program Files\\Microsoft VS Code\\Code.exe+18bce3a|C:\\Program Files\\Microsoft VS Code\\Code.exe+18bc1aa|C:\\Program Files\\Microsoft VS Code\\Code.exe+1653e16|C:\\Program Files\\Microsoft VS Code\\Code.exe+1652154|C:\\Program Files\\Microsoft VS Code\\Code.exe+1652417|C:\\Program Files\\Microsoft VS Code\\Code.exe+24b740|C:\\Program Files\\Microsoft VS Code\\Code.exe+24d2e2|C:\\Program Files\\Microsoft VS Code\\Code.exe+24ccad|C:\\Program Files\\Microsoft VS Code\\Code.exe+319cdfe|UNKNOWN(00007FF6F7ECCA3C)|UNKNOWN(00007FF6F7E4C063)|UNKNOWN(00007FF6F7E4C063)|UNKNOWN(00007FF6F7E4C063)|UNKNOWN(00007FF6F7E4C063)|UNKNOWN(00007FF6F7E4C063)|UNKNOWN(00007FF6F7E4C063)|UNKNOWN(00007FF6F7E4C063)|UNKNOWN(00007FF6F7E4C063)|UNKNOWN(00007FF6F7E4C063)|UNKNOWN(00007FF6F7E4C063)\r\nSourceUser: LUNARSTIIINESS\\tim.smith_admin\r\nTargetUser: LUNARSTIIINESS\\tim.smith_admin","Category":"Process accessed (rule: ProcessAccess)","Opcode":"Info","RuleName":"technique_id=T1055.001,technique_name=Dynamic-link Library Injection","UtcTime":"2023-03-03 17:30:54.546","SourceProcessGUID":"{BE59402F-2EC5-6402-0A01-000000001900}","SourceProcessId":"572","SourceThreadId":"652","SourceImage":"C:\\Program Files\\Microsoft VS Code\\Code.exe","TargetProcessGUID":"{BE59402F-2ECE-6402-0D01-000000001900}","TargetProcessId":"2996","TargetImage":"C:\\Program Files\\Microsoft VS Code\\Code.exe","GrantedAccess":"0x1fffff","CallTrace":"C:\\Windows\\SYSTEM32\\ntdll.dll+a7424|C:\\Windows\\System32\\KERNELBASE.dll+24890|C:\\Windows\\System32\\KERNELBASE.dll+22e56|C:\\Windows\\System32\\KERNEL32.DLL+1c373|C:\\Program Files\\Microsoft VS Code\\Code.exe+18bce3a|C:\\Program Files\\Microsoft VS Code\\Code.exe+18bc1aa|C:\\Program Files\\Microsoft VS Code\\Code.exe+1653e16|C:\\Program Files\\Microsoft VS Code\\Code.exe+1652154|C:\\Program Files\\Microsoft VS Code\\Code.exe+1652417|C:\\Program Files\\Microsoft VS Code\\Code.exe+24b740|C:\\Program Files\\Microsoft VS Code\\Code.exe+24d2e2|C:\\Program Files\\Microsoft VS Code\\Code.exe+24ccad|C:\\Program Files\\Microsoft VS Code\\Code.exe+319cdfe|UNKNOWN(00007FF6F7ECCA3C)|UNKNOWN(00007FF6F7E4C063)|UNKNOWN(00007FF6F7E4C063)|UNKNOWN(00007FF6F7E4C063)|UNKNOWN(00007FF6F7E4C063)|UNKNOWN(00007FF6F7E4C063)|UNKNOWN(00007FF6F7E4C063)|UNKNOWN(00007FF6F7E4C063)|UNKNOWN(00007FF6F7E4C063)|UNKNOWN(00007FF6F7E4C063)|UNKNOWN(00007FF6F7E4C063)","SourceUser":"LUNARSTIIINESS\\tim.smith_admin","TargetUser":"LUNARSTIIINESS\\tim.smith_admin","EventReceivedTime":1677864656,"SourceModuleName":"in_sysmon","SourceModuleType":"im_msvistalog"}
<14>Mar  3 17:30:58 win-server.lunarstiiiness.com Microsoft-Windows-Sysmon[1288]: {"EventTime":1677864655,"Hostname":"win-server.lunarstiiiness.com","Keywords":-9223372036854775808,"EventType":"INFO","SeverityValue":2,"Severity":"INFO","EventID":7,"SourceName":"Microsoft-Windows-Sysmon","ProviderGuid":"{5770385F-C22A-43E0-BF4C-06F5698FFBD9}","Version":3,"Task":7,"OpcodeValue":0,"RecordNumber":930605,"ProcessID":1288,"ThreadID":2888,"Channel":"Microsoft-Windows-Sysmon/Operational","Domain":"NT AUTHORITY","AccountName":"SYSTEM","UserID":"S-1-5-18","AccountType":"User","Message":"Image loaded:\r\nRuleName: technique_id=T1055,technique_name=Process Injection\r\nUtcTime: 2023-03-03 17:30:55.279\r\nProcessGuid: {BE59402F-2ECF-6402-0E01-000000001900}\r\nProcessId: 3108\r\nImage: C:\\Windows\\System32\\ServerManager.exe\r\nImageLoaded: C:\\Windows\\System32\\mscoree.dll\r\nFileVersion: 10.0.14393.0 (rs1_release.160715-1616)\r\nDescription: Microsoft .NET Runtime Execution Engine\r\nProduct: Microsoft Windows Operating System\r\nCompany: Microsoft Corporation\r\nOriginalFileName: mscoree.dll\r\nHashes: SHA1=633704576029BE229D7AB7283F0262E3D918C94B,MD5=5ECE402D7E12EC3750D044BF3D878DF6,SHA256=3F02B1AE7B61BC36B04EA2B82ED79F112219F4E9668518030FF14B005E2C9BBC,IMPHASH=12E8F895FFFE1065F24D148EC1ED3096\r\nSigned: true\r\nSignature: Microsoft Windows\r\nSignatureStatus: Valid\r\nUser: LUNARSTIIINESS\\tim.smith_admin","Category":"Image loaded (rule: ImageLoad)","Opcode":"Info","RuleName":"technique_id=T1055,technique_name=Process Injection","UtcTime":"2023-03-03 17:30:55.279","ProcessGuid":"{BE59402F-2ECF-6402-0E01-000000001900}","Image":"C:\\Windows\\System32\\ServerManager.exe","ImageLoaded":"C:\\Windows\\System32\\mscoree.dll","FileVersion":"10.0.14393.0 (rs1_release.160715-1616)","Description":"Microsoft .NET Runtime Execution Engine","Product":"Microsoft Windows Operating System","Company":"Microsoft Corporation","OriginalFileName":"mscoree.dll","Hashes":"SHA1=633704576029BE229D7AB7283F0262E3D918C94B,MD5=5ECE402D7E12EC3750D044BF3D878DF6,SHA256=3F02B1AE7B61BC36B04EA2B82ED79F112219F4E9668518030FF14B005E2C9BBC,IMPHASH=12E8F895FFFE1065F24D148EC1ED3096","Signed":"true","Signature":"Microsoft Windows","SignatureStatus":"Valid","User":"LUNARSTIIINESS\\tim.smith_admin","EventReceivedTime":1677864658,"SourceModuleName":"in_sysmon","SourceModuleType":"im_msvistalog"}
<14>Mar  3 17:30:58 win-server.lunarstiiiness.com Microsoft-Windows-Sysmon[1288]: {"EventTime":1677864655,"Hostname":"win-server.lunarstiiiness.com","Keywords":-9223372036854775808,"EventType":"INFO","SeverityValue":2,"Severity":"INFO","EventID":7,"SourceName":"Microsoft-Windows-Sysmon","ProviderGuid":"{5770385F-C22A-43E0-BF4C-06F5698FFBD9}","Version":3,"Task":7,"OpcodeValue":0,"RecordNumber":930606,"ProcessID":1288,"ThreadID":2888,"Channel":"Microsoft-Windows-Sysmon/Operational","Domain":"NT AUTHORITY","AccountName":"SYSTEM","UserID":"S-1-5-18","AccountType":"User","Message":"Image loaded:\r\nRuleName: technique_id=T1055,technique_name=Process Injection\r\nUtcTime: 2023-03-03 17:30:55.311\r\nProcessGuid: {BE59402F-2ECF-6402-0E01-000000001900}\r\nProcessId: 3108\r\nImage: C:\\Windows\\System32\\ServerManager.exe\r\nImageLoaded: C:\\Windows\\Microsoft.NET\\Framework64\\v4.0.30319\\mscoreei.dll\r\nFileVersion: 4.8.4180.0 built by: NET48REL1LAST_B\r\nDescription: Microsoft .NET Runtime Execution Engine\r\nProduct: Microsoft .NET Framework\r\nCompany: Microsoft Corporation\r\nOriginalFileName: mscoreei.dll\r\nHashes: SHA1=1283EF637FA53D571118F269F9B8C0A5CCA2BF01,MD5=899A8B655E52A061B33571D97C5C06ED,SHA256=DE05B03E37FB9BA5D74CF8FA36A6F0B15AB61705285B738BC90D14FDE580A45E,IMPHASH=005299FA213F652A596AC31760C5340B\r\nSigned: true\r\nSignature: Microsoft Corporation\r\nSignatureStatus: Valid\r\nUser: LUNARSTIIINESS\\tim.smith_admin","Category":"Image loaded (rule: ImageLoad)","Opcode":"Info","RuleName":"technique_id=T1055,technique_name=Process Injection","UtcTime":"2023-03-03 17:30:55.311","ProcessGuid":"{BE59402F-2ECF-6402-0E01-000000001900}","Image":"C:\\Windows\\System32\\ServerManager.exe","ImageLoaded":"C:\\Windows\\Microsoft.NET\\Framework64\\v4.0.30319\\mscoreei.dll","FileVersion":"4.8.4180.0 built by: NET48REL1LAST_B","Description":"Microsoft .NET Runtime Execution Engine","Product":"Microsoft .NET Framework","Company":"Microsoft Corporation","OriginalFileName":"mscoreei.dll","Hashes":"SHA1=1283EF637FA53D571118F269F9B8C0A5CCA2BF01,MD5=899A8B655E52A061B33571D97C5C06ED,SHA256=DE05B03E37FB9BA5D74CF8FA36A6F0B15AB61705285B738BC90D14FDE580A45E,IMPHASH=005299FA213F652A596AC31760C5340B","Signed":"true","Signature":"Microsoft Corporation","SignatureStatus":"Valid","User":"LUNARSTIIINESS\\tim.smith_admin","EventReceivedTime":1677864658,"SourceModuleName":"in_sysmon","SourceModuleType":"im_msvistalog"}
<14>Mar  3 17:30:58 win-server.lunarstiiiness.com Microsoft-Windows-Sysmon[1288]: {"EventTime":1677864656,"Hostname":"win-server.lunarstiiiness.com","Keywords":-9223372036854775808,"EventType":"INFO","SeverityValue":2,"Severity":"INFO","EventID":7,"SourceName":"Microsoft-Windows-Sysmon","ProviderGuid":"{5770385F-C22A-43E0-BF4C-06F5698FFBD9}","Version":3,"Task":7,"OpcodeValue":0,"RecordNumber":930607,"ProcessID":1288,"ThreadID":2888,"Channel":"Microsoft-Windows-Sysmon/Operational","Domain":"NT AUTHORITY","AccountName":"SYSTEM","UserID":"S-1-5-18","AccountType":"User","Message":"Image loaded:\r\nRuleName: technique_id=T1055,technique_name=Process Injection\r\nUtcTime: 2023-03-03 17:30:55.748\r\nProcessGuid: {BE59402F-2ECF-6402-0E01-000000001900}\r\nProcessId: 3108\r\nImage: C:\\Windows\\System32\\ServerManager.exe\r\nImageLoaded: C:\\Windows\\Microsoft.NET\\Framework64\\v4.0.30319\\clr.dll\r\nFileVersion: 4.8.4614.0 built by: NET48REL1LAST_B\r\nDescription: Microsoft .NET Runtime Common Language Runtime - WorkStation\r\nProduct: Microsoft .NET Framework\r\nCompany: Microsoft Corporation\r\nOriginalFileName: clr.dll\r\nHashes: SHA1=FC8D2E6F769ACEB83DBC62EE2A8323588F4231AE,MD5=CED8A0F40CE5A50A98158A6CFEC1C0A2,SHA256=3257004AE355F1236F55C6DF7E6B651BFE3A29FEE0705DC02464859798F2F122,IMPHASH=259C196C67C4E02F941CAD54D9D9BB8A\r\nSigned: true\r\nSignature: Microsoft Corporation\r\nSignatureStatus: Valid\r\nUser: LUNARSTIIINESS\\tim.smith_admin","Category":"Image loaded (rule: ImageLoad)","Opcode":"Info","RuleName":"technique_id=T1055,technique_name=Process Injection","UtcTime":"2023-03-03 17:30:55.748","ProcessGuid":"{BE59402F-2ECF-6402-0E01-000000001900}","Image":"C:\\Windows\\System32\\ServerManager.exe","ImageLoaded":"C:\\Windows\\Microsoft.NET\\Framework64\\v4.0.30319\\clr.dll","FileVersion":"4.8.4614.0 built by: NET48REL1LAST_B","Description":"Microsoft .NET Runtime Common Language Runtime - WorkStation","Product":"Microsoft .NET Framework","Company":"Microsoft Corporation","OriginalFileName":"clr.dll","Hashes":"SHA1=FC8D2E6F769ACEB83DBC62EE2A8323588F4231AE,MD5=CED8A0F40CE5A50A98158A6CFEC1C0A2,SHA256=3257004AE355F1236F55C6DF7E6B651BFE3A29FEE0705DC02464859798F2F122,IMPHASH=259C196C67C4E02F941CAD54D9D9BB8A","Signed":"true","Signature":"Microsoft Corporation","SignatureStatus":"Valid","User":"LUNARSTIIINESS\\tim.smith_admin","EventReceivedTime":1677864658,"SourceModuleName":"in_sysmon","SourceModuleType":"im_msvistalog"}
<14>Mar  3 17:31:00 win-server.lunarstiiiness.com Microsoft-Windows-Sysmon[1288]: {"EventTime":1677864658,"Hostname":"win-server.lunarstiiiness.com","Keywords":-9223372036854775808,"EventType":"INFO","SeverityValue":2,"Severity":"INFO","EventID":7,"SourceName":"Microsoft-Windows-Sysmon","ProviderGuid":"{5770385F-C22A-43E0-BF4C-06F5698FFBD9}","Version":3,"Task":7,"OpcodeValue":0,"RecordNumber":930612,"ProcessID":1288,"ThreadID":2888,"Channel":"Microsoft-Windows-Sysmon/Operational","Domain":"NT AUTHORITY","AccountName":"SYSTEM","UserID":"S-1-5-18","AccountType":"User","Message":"Image loaded:\r\nRuleName: technique_id=T1055,technique_name=Process Injection\r\nUtcTime: 2023-03-03 17:30:56.779\r\nProcessGuid: {BE59402F-2ECF-6402-0E01-000000001900}\r\nProcessId: 3108\r\nImage: C:\\Windows\\System32\\ServerManager.exe\r\nImageLoaded: C:\\Windows\\assembly\\NativeImages_v4.0.30319_64\\mscorlib\\b647019e9c1f6030fc3caa74d4f8f2ac\\mscorlib.ni.dll\r\nFileVersion: 4.8.4614.0 built by: NET48REL1LAST_B\r\nDescription: Microsoft Common Language Runtime Class Library\r\nProduct: Microsoft .NET Framework\r\nCompany: Microsoft Corporation\r\nOriginalFileName: mscorlib.dll\r\nHashes: SHA1=8535CD6CD6848B306CB781D07573712FFF9F4A19,MD5=C5C610F14FFBC6D61B99E4CA95580659,SHA256=0736DD8577205E13AEB3EA2DB9977DD9ADFAFE4DB54771AAE7DB559844D36DEC,IMPHASH=00000000000000000000000000000000\r\nSigned: true\r\nSignature: Microsoft Corporation\r\nSignatureStatus: Valid\r\nUser: LUNARSTIIINESS\\tim.smith_admin","Category":"Image loaded (rule: ImageLoad)","Opcode":"Info","RuleName":"technique_id=T1055,technique_name=Process Injection","UtcTime":"2023-03-03 17:30:56.779","ProcessGuid":"{BE59402F-2ECF-6402-0E01-000000001900}","Image":"C:\\Windows\\System32\\ServerManager.exe","ImageLoaded":"C:\\Windows\\assembly\\NativeImages_v4.0.30319_64\\mscorlib\\b647019e9c1f6030fc3caa74d4f8f2ac\\mscorlib.ni.dll","FileVersion":"4.8.4614.0 built by: NET48REL1LAST_B","Description":"Microsoft Common Language Runtime Class Library","Product":"Microsoft .NET Framework","Company":"Microsoft Corporation","OriginalFileName":"mscorlib.dll","Hashes":"SHA1=8535CD6CD6848B306CB781D07573712FFF9F4A19,MD5=C5C610F14FFBC6D61B99E4CA95580659,SHA256=0736DD8577205E13AEB3EA2DB9977DD9ADFAFE4DB54771AAE7DB559844D36DEC,IMPHASH=00000000000000000000000000000000","Signed":"true","Signature":"Microsoft Corporation","SignatureStatus":"Valid","User":"LUNARSTIIINESS\\tim.smith_admin","EventReceivedTime":1677864660,"SourceModuleName":"in_sysmon","SourceModuleType":"im_msvistalog"}
<14>Mar  3 17:30:58 win-server.lunarstiiiness.com Microsoft-Windows-Sysmon[1288]: {"EventTime":1677864656,"Hostname":"win-server.lunarstiiiness.com","Keywords":-9223372036854775808,"EventType":"INFO","SeverityValue":2,"Severity":"INFO","EventID":17,"SourceName":"Microsoft-Windows-Sysmon","ProviderGuid":"{5770385F-C22A-43E0-BF4C-06F5698FFBD9}","Version":1,"Task":17,"OpcodeValue":0,"RecordNumber":930608,"ProcessID":1288,"ThreadID":2884,"Channel":"Microsoft-Windows-Sysmon/Operational","Domain":"NT AUTHORITY","AccountName":"SYSTEM","UserID":"S-1-5-18","AccountType":"User","Message":"Pipe Created:\r\nRuleName: -\r\nEventType: CreatePipe\r\nUtcTime: 2023-03-03 17:30:56.266\r\nProcessGuid: {BE59402F-2EC5-6402-0A01-000000001900}\r\nProcessId: 572\r\nPipeName: \\mojo.572.652.12522474292176920937\r\nImage: C:\\Program Files\\Microsoft VS Code\\Code.exe\r\nUser: LUNARSTIIINESS\\tim.smith_admin","Category":"Pipe Created (rule: PipeEvent)","Opcode":"Info","RuleName":"-","UtcTime":"2023-03-03 17:30:56.266","ProcessGuid":"{BE59402F-2EC5-6402-0A01-000000001900}","PipeName":"\\mojo.572.652.12522474292176920937","Image":"C:\\Program Files\\Microsoft VS Code\\Code.exe","User":"LUNARSTIIINESS\\tim.smith_admin","EventReceivedTime":1677864658,"SourceModuleName":"in_sysmon","SourceModuleType":"im_msvistalog"}
<14>Mar  3 17:31:00 win-server.lunarstiiiness.com Microsoft-Windows-Sysmon[1288]: {"EventTime":1677864658,"Hostname":"win-server.lunarstiiiness.com","Keywords":-9223372036854775808,"EventType":"INFO","SeverityValue":2,"Severity":"INFO","EventID":17,"SourceName":"Microsoft-Windows-Sysmon","ProviderGuid":"{5770385F-C22A-43E0-BF4C-06F5698FFBD9}","Version":1,"Task":17,"OpcodeValue":0,"RecordNumber":930609,"ProcessID":1288,"ThreadID":2884,"Channel":"Microsoft-Windows-Sysmon/Operational","Domain":"NT AUTHORITY","AccountName":"SYSTEM","UserID":"S-1-5-18","AccountType":"User","Message":"Pipe Created:\r\nRuleName: -\r\nEventType: CreatePipe\r\nUtcTime: 2023-03-03 17:30:57.342\r\nProcessGuid: {BE59402F-2EC5-6402-0A01-000000001900}\r\nProcessId: 572\r\nPipeName: \\3848911e73fc38f998a195a83bd1c678-1.71.2-main-sock\r\nImage: C:\\Program Files\\Microsoft VS Code\\Code.exe\r\nUser: LUNARSTIIINESS\\tim.smith_admin","Category":"Pipe Created (rule: PipeEvent)","Opcode":"Info","RuleName":"-","UtcTime":"2023-03-03 17:30:57.342","ProcessGuid":"{BE59402F-2EC5-6402-0A01-000000001900}","PipeName":"\\3848911e73fc38f998a195a83bd1c678-1.71.2-main-sock","Image":"C:\\Program Files\\Microsoft VS Code\\Code.exe","User":"LUNARSTIIINESS\\tim.smith_admin","EventReceivedTime":1677864660,"SourceModuleName":"in_sysmon","SourceModuleType":"im_msvistalog"}
<14>Mar  3 17:31:00 win-server.lunarstiiiness.com Microsoft-Windows-Sysmon[1288]: {"EventTime":1677864658,"Hostname":"win-server.lunarstiiiness.com","Keywords":-9223372036854775808,"EventType":"INFO","SeverityValue":2,"Severity":"INFO","EventID":17,"SourceName":"Microsoft-Windows-Sysmon","ProviderGuid":"{5770385F-C22A-43E0-BF4C-06F5698FFBD9}","Version":1,"Task":17,"OpcodeValue":0,"RecordNumber":930610,"ProcessID":1288,"ThreadID":2884,"Channel":"Microsoft-Windows-Sysmon/Operational","Domain":"NT AUTHORITY","AccountName":"SYSTEM","UserID":"S-1-5-18","AccountType":"User","Message":"Pipe Created:\r\nRuleName: -\r\nEventType: CreatePipe\r\nUtcTime: 2023-03-03 17:30:57.522\r\nProcessGuid: {BE59402F-2EC5-6402-0A01-000000001900}\r\nProcessId: 572\r\nPipeName: \\mojo.572.652.12822605808392556584\r\nImage: C:\\Program Files\\Microsoft VS Code\\Code.exe\r\nUser: LUNARSTIIINESS\\tim.smith_admin","Category":"Pipe Created (rule: PipeEvent)","Opcode":"Info","RuleName":"-","UtcTime":"2023-03-03 17:30:57.522","ProcessGuid":"{BE59402F-2EC5-6402-0A01-000000001900}","PipeName":"\\mojo.572.652.12822605808392556584","Image":"C:\\Program Files\\Microsoft VS Code\\Code.exe","User":"LUNARSTIIINESS\\tim.smith_admin","EventReceivedTime":1677864660,"SourceModuleName":"in_sysmon","SourceModuleType":"im_msvistalog"}
<14>Mar  3 17:31:00 win-server.lunarstiiiness.com Microsoft-Windows-Sysmon[1288]: {"EventTime":1677864658,"Hostname":"win-server.lunarstiiiness.com","Keywords":-9223372036854775808,"EventType":"INFO","SeverityValue":2,"Severity":"INFO","EventID":17,"SourceName":"Microsoft-Windows-Sysmon","ProviderGuid":"{5770385F-C22A-43E0-BF4C-06F5698FFBD9}","Version":1,"Task":17,"OpcodeValue":0,"RecordNumber":930611,"ProcessID":1288,"ThreadID":2884,"Channel":"Microsoft-Windows-Sysmon/Operational","Domain":"NT AUTHORITY","AccountName":"SYSTEM","UserID":"S-1-5-18","AccountType":"User","Message":"Pipe Created:\r\nRuleName: -\r\nEventType: CreatePipe\r\nUtcTime: 2023-03-03 17:30:58.014\r\nProcessGuid: {BE59402F-2EC5-6402-0A01-000000001900}\r\nProcessId: 572\r\nPipeName: \\mojo.572.3540.11895557542078548296\r\nImage: C:\\Program Files\\Microsoft VS Code\\Code.exe\r\nUser: LUNARSTIIINESS\\tim.smith_admin","Category":"Pipe Created (rule: PipeEvent)","Opcode":"Info","RuleName":"-","UtcTime":"2023-03-03 17:30:58.014","ProcessGuid":"{BE59402F-2EC5-6402-0A01-000000001900}","PipeName":"\\mojo.572.3540.11895557542078548296","Image":"C:\\Program Files\\Microsoft VS Code\\Code.exe","User":"LUNARSTIIINESS\\tim.smith_admin","EventReceivedTime":1677864660,"SourceModuleName":"in_sysmon","SourceModuleType":"im_msvistalog"}
<14>Mar  3 17:31:00 win-server.lunarstiiiness.com Microsoft-Windows-Sysmon[1288]: {"EventTime":1677864658,"Hostname":"win-server.lunarstiiiness.com","Keywords":-9223372036854775808,"EventType":"INFO","SeverityValue":2,"Severity":"INFO","EventID":17,"SourceName":"Microsoft-Windows-Sysmon","ProviderGuid":"{5770385F-C22A-43E0-BF4C-06F5698FFBD9}","Version":1,"Task":17,"OpcodeValue":0,"RecordNumber":930613,"ProcessID":1288,"ThreadID":2884,"Channel":"Microsoft-Windows-Sysmon/Operational","Domain":"NT AUTHORITY","AccountName":"SYSTEM","UserID":"S-1-5-18","AccountType":"User","Message":"Pipe Created:\r\nRuleName: -\r\nEventType: CreatePipe\r\nUtcTime: 2023-03-03 17:30:58.350\r\nProcessGuid: {BE59402F-2EC5-6402-0A01-000000001900}\r\nProcessId: 572\r\nPipeName: \\mojo.572.3540.6680894924165066128\r\nImage: C:\\Program Files\\Microsoft VS Code\\Code.exe\r\nUser: LUNARSTIIINESS\\tim.smith_admin","Category":"Pipe Created (rule: PipeEvent)","Opcode":"Info","RuleName":"-","UtcTime":"2023-03-03 17:30:58.350","ProcessGuid":"{BE59402F-2EC5-6402-0A01-000000001900}","PipeName":"\\mojo.572.3540.6680894924165066128","Image":"C:\\Program Files\\Microsoft VS Code\\Code.exe","User":"LUNARSTIIINESS\\tim.smith_admin","EventReceivedTime":1677864660,"SourceModuleName":"in_sysmon","SourceModuleType":"im_msvistalog"}
<14>Mar  3 17:31:01 win-server.lunarstiiiness.com Microsoft-Windows-Sysmon[1288]: {"EventTime":1677864659,"Hostname":"win-server.lunarstiiiness.com","Keywords":-9223372036854775808,"EventType":"INFO","SeverityValue":2,"Severity":"INFO","EventID":17,"SourceName":"Microsoft-Windows-Sysmon","ProviderGuid":"{5770385F-C22A-43E0-BF4C-06F5698FFBD9}","Version":1,"Task":17,"OpcodeValue":0,"RecordNumber":930617,"ProcessID":1288,"ThreadID":2884,"Channel":"Microsoft-Windows-Sysmon/Operational","Domain":"NT AUTHORITY","AccountName":"SYSTEM","UserID":"S-1-5-18","AccountType":"User","Message":"Pipe Created:\r\nRuleName: -\r\nEventType: CreatePipe\r\nUtcTime: 2023-03-03 17:30:59.537\r\nProcessGuid: {BE59402F-2EC5-6402-0A01-000000001900}\r\nProcessId: 572\r\nPipeName: \\mojo.572.652.13064713577364639828\r\nImage: C:\\Program Files\\Microsoft VS Code\\Code.exe\r\nUser: LUNARSTIIINESS\\tim.smith_admin","Category":"Pipe Created (rule: PipeEvent)","Opcode":"Info","RuleName":"-","UtcTime":"2023-03-03 17:30:59.537","ProcessGuid":"{BE59402F-2EC5-6402-0A01-000000001900}","PipeName":"\\mojo.572.652.13064713577364639828","Image":"C:\\Program Files\\Microsoft VS Code\\Code.exe","User":"LUNARSTIIINESS\\tim.smith_admin","EventReceivedTime":1677864661,"SourceModuleName":"in_sysmon","SourceModuleType":"im_msvistalog"}
<14>Mar  3 17:31:03 win-server.lunarstiiiness.com Microsoft-Windows-Sysmon[1288]: {"EventTime":1677864660,"Hostname":"win-server.lunarstiiiness.com","Keywords":-9223372036854775808,"EventType":"INFO","SeverityValue":2,"Severity":"INFO","EventID":17,"SourceName":"Microsoft-Windows-Sysmon","ProviderGuid":"{5770385F-C22A-43E0-BF4C-06F5698FFBD9}","Version":1,"Task":17,"OpcodeValue":0,"RecordNumber":930618,"ProcessID":1288,"ThreadID":2884,"Channel":"Microsoft-Windows-Sysmon/Operational","Domain":"NT AUTHORITY","AccountName":"SYSTEM","UserID":"S-1-5-18","AccountType":"User","Message":"Pipe Created:\r\nRuleName: -\r\nEventType: CreatePipe\r\nUtcTime: 2023-03-03 17:31:00.326\r\nProcessGuid: {BE59402F-2EC5-6402-0A01-000000001900}\r\nProcessId: 572\r\nPipeName: \\mojo.572.3540.14992062323589728228\r\nImage: C:\\Program Files\\Microsoft VS Code\\Code.exe\r\nUser: LUNARSTIIINESS\\tim.smith_admin","Category":"Pipe Created (rule: PipeEvent)","Opcode":"Info","RuleName":"-","UtcTime":"2023-03-03 17:31:00.326","ProcessGuid":"{BE59402F-2EC5-6402-0A01-000000001900}","PipeName":"\\mojo.572.3540.14992062323589728228","Image":"C:\\Program Files\\Microsoft VS Code\\Code.exe","User":"LUNARSTIIINESS\\tim.smith_admin","EventReceivedTime":1677864663,"SourceModuleName":"in_sysmon","SourceModuleType":"im_msvistalog"}
