<14>Mar  3 17:35:32 win-server.lunarstiiiness.com Microsoft-Windows-Sysmon[1288]: {"EventTime":1677864929,"Hostname":"win-server.lunarstiiiness.com","Keywords":-9223372036854775808,"EventType":"INFO","SeverityValue":2,"Severity":"INFO","EventID":22,"SourceName":"Microsoft-Windows-Sysmon","ProviderGuid":"{5770385F-C22A-43E0-BF4C-06F5698FFBD9}","Version":5,"Task":22,"OpcodeValue":0,"RecordNumber":930795,"ProcessID":1288,"ThreadID":2904,"Channel":"Microsoft-Windows-Sysmon/Operational","Domain":"NT AUTHORITY","AccountName":"SYSTEM","UserID":"S-1-5-18","AccountType":"User","Message":"Dns query:\r\nRuleName: -\r\nUtcTime: 2023-03-03 17:35:29.542\r\nProcessGuid: {BE59402F-2F72-6402-2901-000000001900}\r\nProcessId: 3556\r\nQueryName: catalog.gamepass.com\r\nQueryStatus: 0\r\nQueryResults: type:  5 catalog.gamepass.com.edgesuite.net;type:  5 a1992.dscd.akamai.net;23.220.246.55;23.220.246.11;\r\nImage: C:\\Program Files (x86)\\Microsoft\\Edge\\Application\\msedge.exe\r\nUser: LUNARSTIIINESS\\tim.smith_admin","Category":"Dns query (rule: DnsQuery)","Opcode":"Info","RuleName":"-","UtcTime":"2023-03-03 17:35:29.542","ProcessGuid":"{BE59402F-2F72-6402-2901-000000001900}","QueryName":"catalog.gamepass.com","QueryStatus":"0","QueryResults":"type:  5 catalog.gamepass.com.edgesuite.net;type:  5 a1992.dscd.akamai.net;23.220.246.55;23.220.246.11;","Image":"C:\\Program Files (x86)\\Microsoft\\Edge\\Application\\msedge.exe","User":"LUNARSTIIINESS\\tim.smith_admin","EventReceivedTime":1677864932,"SourceModuleName":"in_sysmon","SourceModuleType":"im_msvistalog"}
<14>Mar  3 17:35:34 win-server.lunarstiiiness.com Microsoft-Windows-Sysmon[1288]: {"EventTime":1677864932,"Hostname":"win-server.lunarstiiiness.com","Keywords":-9223372036854775808,"EventType":"INFO","SeverityValue":2,"Severity":"INFO","EventID":17,"SourceName":"Microsoft-Windows-Sysmon","ProviderGuid":"{5770385F-C22A-43E0-BF4C-06F5698FFBD9}","Version":1,"Task":17,"OpcodeValue":0,"RecordNumber":930796,"ProcessID":1288,"ThreadID":2884,"Channel":"Microsoft-Windows-Sysmon/Operational","Domain":"NT AUTHORITY","AccountName":"SYSTEM","UserID":"S-1-5-18","AccountType":"User","Message":"Pipe Created:\r\nRuleName: -\r\nEventType: CreatePipe\r\nUtcTime: 2023-03-03 17:35:31.838\r\nProcessGuid: {BE59402F-2FCE-6402-5401-000000001900}\r\nProcessId: 4668\r\nPipeName: \\LOCAL\\edge.sync.4668.5292.1558837335\r\nImage: C:\\Program Files (x86)\\Microsoft\\Edge\\Application\\msedge.exe\r\nUser: LUNARSTIIINESS\\tim.smith_admin","Category":"Pipe Created (rule: PipeEvent)","Opcode":"Info","RuleName":"-","UtcTime":"2023-03-03 17:35:31.838","ProcessGuid":"{BE59402F-2FCE-6402-5401-000000001900}","PipeName":"\\LOCAL\\edge.sync.4668.5292.1558837335","Image":"C:\\Program Files (x86)\\Microsoft\\Edge\\Application\\msedge.exe","User":"LUNARSTIIINESS\\tim.smith_admin","EventReceivedTime":1677864934,"SourceModuleName":"in_sysmon","SourceModuleType":"im_msvistalog"}
<14>Mar  3 17:35:41 win-server.lunarstiiiness.com Microsoft-Windows-Sysmon[1288]: {"EventTime":1677864940,"Hostname":"win-server.lunarstiiiness.com","Keywords":-9223372036854775808,"EventType":"INFO","SeverityValue":2,"Severity":"INFO","EventID":22,"SourceName":"Microsoft-Windows-Sysmon","ProviderGuid":"{5770385F-C22A-43E0-BF4C-06F5698FFBD9}","Version":5,"Task":22,"OpcodeValue":0,"RecordNumber":930797,"ProcessID":1288,"ThreadID":2904,"Channel":"Microsoft-Windows-Sysmon/Operational","Domain":"NT AUTHORITY","AccountName":"SYSTEM","UserID":"S-1-5-18","AccountType":"User","Message":"Dns query:\r\nRuleName: -\r\nUtcTime: 2023-03-03 17:35:39.703\r\nProcessGuid: {BE59402F-2F72-6402-2901-000000001900}\r\nProcessId: 3556\r\nQueryName: dc.services.visualstudio.com\r\nQueryStatus: 0\r\nQueryResults: type:  5 dc.applicationinsights.microsoft.com;type:  5 dc.applicationinsights.azure.com;type:  5 global.in.ai.monitor.azure.com;type:  5 global.in.ai.privatelink.monitor.azure.com;type:  5 dc.trafficmanager.net;type:  5 eus012-breeziest-in.cloudapp.net;20.42.73.139;\r\nImage: C:\\Program Files (x86)\\Microsoft\\Edge\\Application\\msedge.exe\r\nUser: LUNARSTIIINESS\\tim.smith_admin","Category":"Dns query (rule: DnsQuery)","Opcode":"Info","RuleName":"-","UtcTime":"2023-03-03 17:35:39.703","ProcessGuid":"{BE59402F-2F72-6402-2901-000000001900}","QueryName":"dc.services.visualstudio.com","QueryStatus":"0","QueryResults":"type:  5 dc.applicationinsights.microsoft.com;type:  5 dc.applicationinsights.azure.com;type:  5 global.in.ai.monitor.azure.com;type:  5 global.in.ai.privatelink.monitor.azure.com;type:  5 dc.trafficmanager.net;type:  5 eus012-breeziest-in.cloudapp.net;20.42.73.139;","Image":"C:\\Program Files (x86)\\Microsoft\\Edge\\Application\\msedge.exe","User":"LUNARSTIIINESS\\tim.smith_admin","EventReceivedTime":1677864941,"SourceModuleName":"in_sysmon","SourceModuleType":"im_msvistalog"}
<14>Mar  3 17:35:41 win-server.lunarstiiiness.com Microsoft-Windows-Sysmon[1288]: {"EventTime":1677864940,"Hostname":"win-server.lunarstiiiness.com","Keywords":-9223372036854775808,"EventType":"INFO","SeverityValue":2,"Severity":"INFO","EventID":22,"SourceName":"Microsoft-Windows-Sysmon","ProviderGuid":"{5770385F-C22A-43E0-BF4C-06F5698FFBD9}","Version":5,"Task":22,"OpcodeValue":0,"RecordNumber":930798,"ProcessID":1288,"ThreadID":2904,"Channel":"Microsoft-Windows-Sysmon/Operational","Domain":"NT AUTHORITY","AccountName":"SYSTEM","UserID":"S-1-5-18","AccountType":"User","Message":"Dns query:\r\nRuleName: -\r\nUtcTime: 2023-03-03 17:35:40.227\r\nProcessGuid: {BE59402F-2F72-6402-2901-000000001900}\r\nProcessId: 3556\r\nQueryName: acctcdnmsftuswe2.azureedge.net\r\nQueryStatus: 0\r\nQueryResults: type:  5 acctcdnmsftuswe2.afd.azureedge.net;type:  5 firstparty-azurefd-prod.trafficmanager.net;type:  5 shed.dual-low.part-0010.t-0009.fdv2-t-msedge.net;type:  5 part-0010.t-0009.fdv2-t-msedge.net;13.107.238.38;13.107.237.38;\r\nImage: C:\\Program Files (x86)\\Microsoft\\Edge\\Application\\msedge.exe\r\nUser: LUNARSTIIINESS\\tim.smith_admin","Category":"Dns query (rule: DnsQuery)","Opcode":"Info","RuleName":"-","UtcTime":"2023-03-03 17:35:40.227","ProcessGuid":"{BE59402F-2F72-6402-2901-000000001900}","QueryName":"acctcdnmsftuswe2.azureedge.net","QueryStatus":"0","QueryResults":"type:  5 acctcdnmsftuswe2.afd.azureedge.net;type:  5 firstparty-azurefd-prod.trafficmanager.net;type:  5 shed.dual-low.part-0010.t-0009.fdv2-t-msedge.net;type:  5 part-0010.t-0009.fdv2-t-msedge.net;13.107.238.38;13.107.237.38;","Image":"C:\\Program Files (x86)\\Microsoft\\Edge\\Application\\msedge.exe","User":"LUNARSTIIINESS\\tim.smith_admin","EventReceivedTime":1677864941,"SourceModuleName":"in_sysmon","SourceModuleType":"im_msvistalog"}
<14>Mar  3 17:35:41 win-server.lunarstiiiness.com Microsoft-Windows-Sysmon[1288]: {"EventTime":1677864940,"Hostname":"win-server.lunarstiiiness.com","Keywords":-9223372036854775808,"EventType":"INFO","SeverityValue":2,"Severity":"INFO","EventID":22,"SourceName":"Microsoft-Windows-Sysmon","ProviderGuid":"{5770385F-C22A-43E0-BF4C-06F5698FFBD9}","Version":5,"Task":22,"OpcodeValue":0,"RecordNumber":930799,"ProcessID":1288,"ThreadID":2904,"Channel":"Microsoft-Windows-Sysmon/Operational","Domain":"NT AUTHORITY","AccountName":"SYSTEM","UserID":"S-1-5-18","AccountType":"User","Message":"Dns query:\r\nRuleName: -\r\nUtcTime: 2023-03-03 17:35:40.269\r\nProcessGuid: {BE59402F-2F72-6402-2901-000000001900}\r\nProcessId: 3556\r\nQueryName: acctcdnvzeuno.azureedge.net\r\nQueryStatus: 0\r\nQueryResults: type:  5 acctcdnvzeuno.ec.azureedge.net;type:  5 scdn1efff.wpc.9da5e.alphacdn.net;type:  5 sni1gl.wpc.alphacdn.net;152.195.19.97;\r\nImage: C:\\Program Files (x86)\\Microsoft\\Edge\\Application\\msedge.exe\r\nUser: LUNARSTIIINESS\\tim.smith_admin","Category":"Dns query (rule: DnsQuery)","Opcode":"Info","RuleName":"-","UtcTime":"2023-03-03 17:35:40.269","ProcessGuid":"{BE59402F-2F72-6402-2901-000000001900}","QueryName":"acctcdnvzeuno.azureedge.net","QueryStatus":"0","QueryResults":"type:  5 acctcdnvzeuno.ec.azureedge.net;type:  5 scdn1efff.wpc.9da5e.alphacdn.net;type:  5 sni1gl.wpc.alphacdn.net;152.195.19.97;","Image":"C:\\Program Files (x86)\\Microsoft\\Edge\\Application\\msedge.exe","User":"LUNARSTIIINESS\\tim.smith_admin","EventReceivedTime":1677864941,"SourceModuleName":"in_sysmon","SourceModuleType":"im_msvistalog"}
<14>Mar  3 17:35:41 win-server.lunarstiiiness.com Microsoft-Windows-Sysmon[1288]: {"EventTime":1677864940,"Hostname":"win-server.lunarstiiiness.com","Keywords":-9223372036854775808,"EventType":"INFO","SeverityValue":2,"Severity":"INFO","EventID":22,"SourceName":"Microsoft-Windows-Sysmon","ProviderGuid":"{5770385F-C22A-43E0-BF4C-06F5698FFBD9}","Version":5,"Task":22,"OpcodeValue":0,"RecordNumber":930800,"ProcessID":1288,"ThreadID":2904,"Channel":"Microsoft-Windows-Sysmon/Operational","Domain":"NT AUTHORITY","AccountName":"SYSTEM","UserID":"S-1-5-18","AccountType":"User","Message":"Dns query:\r\nRuleName: -\r\nUtcTime: 2023-03-03 17:35:40.313\r\nProcessGuid: {BE59402F-2F72-6402-2901-000000001900}\r\nProcessId: 3556\r\nQueryName: lgincdnmsftuswe2.azureedge.net\r\nQueryStatus: 0\r\nQueryResults: type:  5 lgincdnmsftuswe2.afd.azureedge.net;type:  5 firstparty-azurefd-prod.trafficmanager.net;type:  5 shed.dual-low.part-0010.t-0009.fdv2-t-msedge.net;type:  5 part-0010.t-0009.fdv2-t-msedge.net;13.107.237.38;13.107.238.38;\r\nImage: C:\\Program Files (x86)\\Microsoft\\Edge\\Application\\msedge.exe\r\nUser: LUNARSTIIINESS\\tim.smith_admin","Category":"Dns query (rule: DnsQuery)","Opcode":"Info","RuleName":"-","UtcTime":"2023-03-03 17:35:40.313","ProcessGuid":"{BE59402F-2F72-6402-2901-000000001900}","QueryName":"lgincdnmsftuswe2.azureedge.net","QueryStatus":"0","QueryResults":"type:  5 lgincdnmsftuswe2.afd.azureedge.net;type:  5 firstparty-azurefd-prod.trafficmanager.net;type:  5 shed.dual-low.part-0010.t-0009.fdv2-t-msedge.net;type:  5 part-0010.t-0009.fdv2-t-msedge.net;13.107.237.38;13.107.238.38;","Image":"C:\\Program Files (x86)\\Microsoft\\Edge\\Application\\msedge.exe","User":"LUNARSTIIINESS\\tim.smith_admin","EventReceivedTime":1677864941,"SourceModuleName":"in_sysmon","SourceModuleType":"im_msvistalog"}
<14>Mar  3 17:35:41 win-server.lunarstiiiness.com Microsoft-Windows-Sysmon[1288]: {"EventTime":1677864940,"Hostname":"win-server.lunarstiiiness.com","Keywords":-9223372036854775808,"EventType":"INFO","SeverityValue":2,"Severity":"INFO","EventID":22,"SourceName":"Microsoft-Windows-Sysmon","ProviderGuid":"{5770385F-C22A-43E0-BF4C-06F5698FFBD9}","Version":5,"Task":22,"OpcodeValue":0,"RecordNumber":930801,"ProcessID":1288,"ThreadID":2904,"Channel":"Microsoft-Windows-Sysmon/Operational","Domain":"NT AUTHORITY","AccountName":"SYSTEM","UserID":"S-1-5-18","AccountType":"User","Message":"Dns query:\r\nRuleName: -\r\nUtcTime: 2023-03-03 17:35:40.499\r\nProcessGuid: {BE59402F-2F72-6402-2901-000000001900}\r\nProcessId: 3556\r\nQueryName: lgincdnvzeuno.azureedge.net\r\nQueryStatus: 0\r\nQueryResults: type:  5 lgincdnvzeuno.ec.azureedge.net;type:  5 cs1227.wpc.alphacdn.net;192.229.211.199;\r\nImage: C:\\Program Files (x86)\\Microsoft\\Edge\\Application\\msedge.exe\r\nUser: LUNARSTIIINESS\\tim.smith_admin","Category":"Dns query (rule: DnsQuery)","Opcode":"Info","RuleName":"-","UtcTime":"2023-03-03 17:35:40.499","ProcessGuid":"{BE59402F-2F72-6402-2901-000000001900}","QueryName":"lgincdnvzeuno.azureedge.net","QueryStatus":"0","QueryResults":"type:  5 lgincdnvzeuno.ec.azureedge.net;type:  5 cs1227.wpc.alphacdn.net;192.229.211.199;","Image":"C:\\Program Files (x86)\\Microsoft\\Edge\\Application\\msedge.exe","User":"LUNARSTIIINESS\\tim.smith_admin","EventReceivedTime":1677864941,"SourceModuleName":"in_sysmon","SourceModuleType":"im_msvistalog"}
<14>Mar  3 17:36:21 win-server.lunarstiiiness.com Microsoft-Windows-Sysmon[1288]: {"EventTime":1677864980,"Hostname":"win-server.lunarstiiiness.com","Keywords":-9223372036854775808,"EventType":"INFO","SeverityValue":2,"Severity":"INFO","EventID":22,"SourceName":"Microsoft-Windows-Sysmon","ProviderGuid":"{5770385F-C22A-43E0-BF4C-06F5698FFBD9}","Version":5,"Task":22,"OpcodeValue":0,"RecordNumber":930821,"ProcessID":1288,"ThreadID":2904,"Channel":"Microsoft-Windows-Sysmon/Operational","Domain":"NT AUTHORITY","AccountName":"SYSTEM","UserID":"S-1-5-18","AccountType":"User","Message":"Dns query:\r\nRuleName: -\r\nUtcTime: 2023-03-03 17:36:20.175\r\nProcessGuid: {BE59402F-2F72-6402-2901-000000001900}\r\nProcessId: 3556\r\nQueryName: estoniaforall.com\r\nQueryStatus: 0\r\nQueryResults: 190.0.0.1;\r\nImage: C:\\Program Files (x86)\\Microsoft\\Edge\\Application\\msedge.exe\r\nUser: LUNARSTIIINESS\\tim.smith_admin","Category":"Dns query (rule: DnsQuery)","Opcode":"Info","RuleName":"-","UtcTime":"2023-03-03 17:36:20.175","ProcessGuid":"{BE59402F-2F72-6402-2901-000000001900}","QueryName":"estoniaforall.com","QueryStatus":"0","QueryResults":"190.0.0.1;","Image":"C:\\Program Files (x86)\\Microsoft\\Edge\\Application\\msedge.exe","User":"LUNARSTIIINESS\\tim.smith_admin","EventReceivedTime":1677864981,"SourceModuleName":"in_sysmon","SourceModuleType":"im_msvistalog"}
<14>Mar  3 17:36:59 win-server.lunarstiiiness.com Microsoft-Windows-Sysmon[1288]: {"EventTime":1677865016,"Hostname":"win-server.lunarstiiiness.com","Keywords":-9223372036854775808,"EventType":"INFO","SeverityValue":2,"Severity":"INFO","EventID":22,"SourceName":"Microsoft-Windows-Sysmon","ProviderGuid":"{5770385F-C22A-43E0-BF4C-06F5698FFBD9}","Version":5,"Task":22,"OpcodeValue":0,"RecordNumber":930829,"ProcessID":1288,"ThreadID":2904,"Channel":"Microsoft-Windows-Sysmon/Operational","Domain":"NT AUTHORITY","AccountName":"SYSTEM","UserID":"S-1-5-18","AccountType":"User","Message":"Dns query:\r\nRuleName: -\r\nUtcTime: 2023-03-03 17:36:55.202\r\nProcessGuid: {BE59402F-2F72-6402-2901-000000001900}\r\nProcessId: 3556\r\nQueryName: google.com\r\nQueryStatus: 0\r\nQueryResults: 209.85.147.101;209.85.147.100;209.85.147.113;209.85.147.138;209.85.147.102;209.85.147.139;\r\nImage: C:\\Program Files (x86)\\Microsoft\\Edge\\Application\\msedge.exe\r\nUser: LUNARSTIIINESS\\tim.smith_admin","Category":"Dns query (rule: DnsQuery)","Opcode":"Info","RuleName":"-","UtcTime":"2023-03-03 17:36:55.202","ProcessGuid":"{BE59402F-2F72-6402-2901-000000001900}","QueryName":"google.com","QueryStatus":"0","QueryResults":"209.85.147.101;209.85.147.100;209.85.147.113;209.85.147.138;209.85.147.102;209.85.147.139;","Image":"C:\\Program Files (x86)\\Microsoft\\Edge\\Application\\msedge.exe","User":"LUNARSTIIINESS\\tim.smith_admin","EventReceivedTime":1677865019,"SourceModuleName":"in_sysmon","SourceModuleType":"im_msvistalog"}
<14>Mar  3 17:36:59 win-server.lunarstiiiness.com Microsoft-Windows-Sysmon[1288]: {"EventTime":1677865016,"Hostname":"win-server.lunarstiiiness.com","Keywords":-9223372036854775808,"EventType":"INFO","SeverityValue":2,"Severity":"INFO","EventID":22,"SourceName":"Microsoft-Windows-Sysmon","ProviderGuid":"{5770385F-C22A-43E0-BF4C-06F5698FFBD9}","Version":5,"Task":22,"OpcodeValue":0,"RecordNumber":930830,"ProcessID":1288,"ThreadID":2904,"Channel":"Microsoft-Windows-Sysmon/Operational","Domain":"NT AUTHORITY","AccountName":"SYSTEM","UserID":"S-1-5-18","AccountType":"User","Message":"Dns query:\r\nRuleName: -\r\nUtcTime: 2023-03-03 17:36:55.314\r\nProcessGuid: {BE59402F-2F72-6402-2901-000000001900}\r\nProcessId: 3556\r\nQueryName: www.google.com\r\nQueryStatus: 0\r\nQueryResults: 64.233.191.103;64.233.191.147;64.233.191.106;64.233.191.105;64.233.191.104;64.233.191.99;\r\nImage: C:\\Program Files (x86)\\Microsoft\\Edge\\Application\\msedge.exe\r\nUser: LUNARSTIIINESS\\tim.smith_admin","Category":"Dns query (rule: DnsQuery)","Opcode":"Info","RuleName":"-","UtcTime":"2023-03-03 17:36:55.314","ProcessGuid":"{BE59402F-2F72-6402-2901-000000001900}","QueryName":"www.google.com","QueryStatus":"0","QueryResults":"64.233.191.103;64.233.191.147;64.233.191.106;64.233.191.105;64.233.191.104;64.233.191.99;","Image":"C:\\Program Files (x86)\\Microsoft\\Edge\\Application\\msedge.exe","User":"LUNARSTIIINESS\\tim.smith_admin","EventReceivedTime":1677865019,"SourceModuleName":"in_sysmon","SourceModuleType":"im_msvistalog"}
<14>Mar  3 17:37:01 win-server.lunarstiiiness.com Microsoft-Windows-Sysmon[1288]: {"EventTime":1677865019,"Hostname":"win-server.lunarstiiiness.com","Keywords":-9223372036854775808,"EventType":"INFO","SeverityValue":2,"Severity":"INFO","EventID":22,"SourceName":"Microsoft-Windows-Sysmon","ProviderGuid":"{5770385F-C22A-43E0-BF4C-06F5698FFBD9}","Version":5,"Task":22,"OpcodeValue":0,"RecordNumber":930831,"ProcessID":1288,"ThreadID":2904,"Channel":"Microsoft-Windows-Sysmon/Operational","Domain":"NT AUTHORITY","AccountName":"SYSTEM","UserID":"S-1-5-18","AccountType":"User","Message":"Dns query:\r\nRuleName: -\r\nUtcTime: 2023-03-03 17:36:58.969\r\nProcessGuid: {BE59402F-2F72-6402-2901-000000001900}\r\nProcessId: 3556\r\nQueryName: ogs.google.com\r\nQueryStatus: 0\r\nQueryResults: type:  5 www3.l.google.com;142.250.1.100;142.250.1.139;142.250.1.101;142.250.1.138;142.250.1.102;142.250.1.113;\r\nImage: C:\\Program Files (x86)\\Microsoft\\Edge\\Application\\msedge.exe\r\nUser: LUNARSTIIINESS\\tim.smith_admin","Category":"Dns query (rule: DnsQuery)","Opcode":"Info","RuleName":"-","UtcTime":"2023-03-03 17:36:58.969","ProcessGuid":"{BE59402F-2F72-6402-2901-000000001900}","QueryName":"ogs.google.com","QueryStatus":"0","QueryResults":"type:  5 www3.l.google.com;142.250.1.100;142.250.1.139;142.250.1.101;142.250.1.138;142.250.1.102;142.250.1.113;","Image":"C:\\Program Files (x86)\\Microsoft\\Edge\\Application\\msedge.exe","User":"LUNARSTIIINESS\\tim.smith_admin","EventReceivedTime":1677865021,"SourceModuleName":"in_sysmon","SourceModuleType":"im_msvistalog"}
<14>Mar  3 17:37:01 win-server.lunarstiiiness.com Microsoft-Windows-Sysmon[1288]: {"EventTime":1677865019,"Hostname":"win-server.lunarstiiiness.com","Keywords":-9223372036854775808,"EventType":"INFO","SeverityValue":2,"Severity":"INFO","EventID":22,"SourceName":"Microsoft-Windows-Sysmon","ProviderGuid":"{5770385F-C22A-43E0-BF4C-06F5698FFBD9}","Version":5,"Task":22,"OpcodeValue":0,"RecordNumber":930832,"ProcessID":1288,"ThreadID":2904,"Channel":"Microsoft-Windows-Sysmon/Operational","Domain":"NT AUTHORITY","AccountName":"SYSTEM","UserID":"S-1-5-18","AccountType":"User","Message":"Dns query:\r\nRuleName: -\r\nUtcTime: 2023-03-03 17:36:59.041\r\nProcessGuid: {BE59402F-2F72-6402-2901-000000001900}\r\nProcessId: 3556\r\nQueryName: apis.google.com\r\nQueryStatus: 0\r\nQueryResults: type:  5 plus.l.google.com;142.251.6.101;142.251.6.102;142.251.6.138;142.251.6.100;142.251.6.113;142.251.6.139;\r\nImage: C:\\Program Files (x86)\\Microsoft\\Edge\\Application\\msedge.exe\r\nUser: LUNARSTIIINESS\\tim.smith_admin","Category":"Dns query (rule: DnsQuery)","Opcode":"Info","RuleName":"-","UtcTime":"2023-03-03 17:36:59.041","ProcessGuid":"{BE59402F-2F72-6402-2901-000000001900}","QueryName":"apis.google.com","QueryStatus":"0","QueryResults":"type:  5 plus.l.google.com;142.251.6.101;142.251.6.102;142.251.6.138;142.251.6.100;142.251.6.113;142.251.6.139;","Image":"C:\\Program Files (x86)\\Microsoft\\Edge\\Application\\msedge.exe","User":"LUNARSTIIINESS\\tim.smith_admin","EventReceivedTime":1677865021,"SourceModuleName":"in_sysmon","SourceModuleType":"im_msvistalog"}
<14>Mar  3 17:37:10 win-server.lunarstiiiness.com Microsoft-Windows-Sysmon[1288]: {"EventTime":1677865027,"Hostname":"win-server.lunarstiiiness.com","Keywords":-9223372036854775808,"EventType":"INFO","SeverityValue":2,"Severity":"INFO","EventID":22,"SourceName":"Microsoft-Windows-Sysmon","ProviderGuid":"{5770385F-C22A-43E0-BF4C-06F5698FFBD9}","Version":5,"Task":22,"OpcodeValue":0,"RecordNumber":930833,"ProcessID":1288,"ThreadID":2904,"Channel":"Microsoft-Windows-Sysmon/Operational","Domain":"NT AUTHORITY","AccountName":"SYSTEM","UserID":"S-1-5-18","AccountType":"User","Message":"Dns query:\r\nRuleName: -\r\nUtcTime: 2023-03-03 17:37:06.744\r\nProcessGuid: {BE59402F-2F72-6402-2901-000000001900}\r\nProcessId: 3556\r\nQueryName: id.google.com\r\nQueryStatus: 0\r\nQueryResults: 209.85.145.94;\r\nImage: C:\\Program Files (x86)\\Microsoft\\Edge\\Application\\msedge.exe\r\nUser: LUNARSTIIINESS\\tim.smith_admin","Category":"Dns query (rule: DnsQuery)","Opcode":"Info","RuleName":"-","UtcTime":"2023-03-03 17:37:06.744","ProcessGuid":"{BE59402F-2F72-6402-2901-000000001900}","QueryName":"id.google.com","QueryStatus":"0","QueryResults":"209.85.145.94;","Image":"C:\\Program Files (x86)\\Microsoft\\Edge\\Application\\msedge.exe","User":"LUNARSTIIINESS\\tim.smith_admin","EventReceivedTime":1677865030,"SourceModuleName":"in_sysmon","SourceModuleType":"im_msvistalog"}
<14>Mar  3 17:37:36 win-server.lunarstiiiness.com Microsoft-Windows-Sysmon[1288]: {"EventTime":1677865056,"Hostname":"win-server.lunarstiiiness.com","Keywords":-9223372036854775808,"EventType":"INFO","SeverityValue":2,"Severity":"INFO","EventID":22,"SourceName":"Microsoft-Windows-Sysmon","ProviderGuid":"{5770385F-C22A-43E0-BF4C-06F5698FFBD9}","Version":5,"Task":22,"OpcodeValue":0,"RecordNumber":931122,"ProcessID":1288,"ThreadID":2904,"Channel":"Microsoft-Windows-Sysmon/Operational","Domain":"NT AUTHORITY","AccountName":"SYSTEM","UserID":"S-1-5-18","AccountType":"User","Message":"Dns query:\r\nRuleName: -\r\nUtcTime: 2023-03-03 17:37:35.403\r\nProcessGuid: {BE59402F-2F72-6402-2901-000000001900}\r\nProcessId: 3556\r\nQueryName: lh5.googleusercontent.com\r\nQueryStatus: 0\r\nQueryResults: type:  5 googlehosted.l.googleusercontent.com;173.194.193.132;\r\nImage: C:\\Program Files (x86)\\Microsoft\\Edge\\Application\\msedge.exe\r\nUser: LUNARSTIIINESS\\tim.smith_admin","Category":"Dns query (rule: DnsQuery)","Opcode":"Info","RuleName":"-","UtcTime":"2023-03-03 17:37:35.403","ProcessGuid":"{BE59402F-2F72-6402-2901-000000001900}","QueryName":"lh5.googleusercontent.com","QueryStatus":"0","QueryResults":"type:  5 googlehosted.l.googleusercontent.com;173.194.193.132;","Image":"C:\\Program Files (x86)\\Microsoft\\Edge\\Application\\msedge.exe","User":"LUNARSTIIINESS\\tim.smith_admin","EventReceivedTime":1677865056,"SourceModuleName":"in_sysmon","SourceModuleType":"im_msvistalog"}
<14>Mar  3 17:37:43 win-server.lunarstiiiness.com Microsoft-Windows-Sysmon[1288]: {"EventTime":1677865061,"Hostname":"win-server.lunarstiiiness.com","Keywords":-9223372036854775808,"EventType":"INFO","SeverityValue":2,"Severity":"INFO","EventID":22,"SourceName":"Microsoft-Windows-Sysmon","ProviderGuid":"{5770385F-C22A-43E0-BF4C-06F5698FFBD9}","Version":5,"Task":22,"OpcodeValue":0,"RecordNumber":931270,"ProcessID":1288,"ThreadID":2904,"Channel":"Microsoft-Windows-Sysmon/Operational","Domain":"NT AUTHORITY","AccountName":"SYSTEM","UserID":"S-1-5-18","AccountType":"User","Message":"Dns query:\r\nRuleName: -\r\nUtcTime: 2023-03-03 17:37:40.850\r\nProcessGuid: {BE59402F-2F72-6402-2901-000000001900}\r\nProcessId: 3556\r\nQueryName: www.onetonline.org\r\nQueryStatus: 0\r\nQueryResults: 152.46.6.153;\r\nImage: C:\\Program Files (x86)\\Microsoft\\Edge\\Application\\msedge.exe\r\nUser: LUNARSTIIINESS\\tim.smith_admin","Category":"Dns query (rule: DnsQuery)","Opcode":"Info","RuleName":"-","UtcTime":"2023-03-03 17:37:40.850","ProcessGuid":"{BE59402F-2F72-6402-2901-000000001900}","QueryName":"www.onetonline.org","QueryStatus":"0","QueryResults":"152.46.6.153;","Image":"C:\\Program Files (x86)\\Microsoft\\Edge\\Application\\msedge.exe","User":"LUNARSTIIINESS\\tim.smith_admin","EventReceivedTime":1677865063,"SourceModuleName":"in_sysmon","SourceModuleType":"im_msvistalog"}
<14>Mar  3 17:37:43 win-server.lunarstiiiness.com Microsoft-Windows-Sysmon[1288]: {"EventTime":1677865061,"Hostname":"win-server.lunarstiiiness.com","Keywords":-9223372036854775808,"EventType":"INFO","SeverityValue":2,"Severity":"INFO","EventID":22,"SourceName":"Microsoft-Windows-Sysmon","ProviderGuid":"{5770385F-C22A-43E0-BF4C-06F5698FFBD9}","Version":5,"Task":22,"OpcodeValue":0,"RecordNumber":931271,"ProcessID":1288,"ThreadID":2904,"Channel":"Microsoft-Windows-Sysmon/Operational","Domain":"NT AUTHORITY","AccountName":"SYSTEM","UserID":"S-1-5-18","AccountType":"User","Message":"Dns query:\r\nRuleName: -\r\nUtcTime: 2023-03-03 17:37:41.674\r\nProcessGuid: {BE59402F-260E-6402-1800-000000001900}\r\nProcessId: 1088\r\nQueryName: logging.googleapis.com\r\nQueryStatus: 0\r\nQueryResults: type:  5 logging-alv.googleapis.com;::ffff:216.239.36.174;::ffff:216.239.38.174;::ffff:216.239.34.174;::ffff:216.239.32.174;\r\nImage: C:\\Program Files\\Google\\OSConfig\\google_osconfig_agent.exe\r\nUser: NT AUTHORITY\\SYSTEM","Category":"Dns query (rule: DnsQuery)","Opcode":"Info","RuleName":"-","UtcTime":"2023-03-03 17:37:41.674","ProcessGuid":"{BE59402F-260E-6402-1800-000000001900}","QueryName":"logging.googleapis.com","QueryStatus":"0","QueryResults":"type:  5 logging-alv.googleapis.com;::ffff:216.239.36.174;::ffff:216.239.38.174;::ffff:216.239.34.174;::ffff:216.239.32.174;","Image":"C:\\Program Files\\Google\\OSConfig\\google_osconfig_agent.exe","User":"NT AUTHORITY\\SYSTEM","EventReceivedTime":1677865063,"SourceModuleName":"in_sysmon","SourceModuleType":"im_msvistalog"}
<14>Mar  3 17:38:02 win-server.lunarstiiiness.com Microsoft-Windows-Sysmon[1288]: {"EventTime":1677865080,"Hostname":"win-server.lunarstiiiness.com","Keywords":-9223372036854775808,"EventType":"INFO","SeverityValue":2,"Severity":"INFO","EventID":22,"SourceName":"Microsoft-Windows-Sysmon","ProviderGuid":"{5770385F-C22A-43E0-BF4C-06F5698FFBD9}","Version":5,"Task":22,"OpcodeValue":0,"RecordNumber":931916,"ProcessID":1288,"ThreadID":2904,"Channel":"Microsoft-Windows-Sysmon/Operational","Domain":"NT AUTHORITY","AccountName":"SYSTEM","UserID":"S-1-5-18","AccountType":"User","Message":"Dns query:\r\nRuleName: -\r\nUtcTime: 2023-03-03 17:38:00.410\r\nProcessGuid: {BE59402F-2F72-6402-2901-000000001900}\r\nProcessId: 3556\r\nQueryName: www.netwebsoc.com\r\nQueryStatus: 9003\r\nQueryResults: -\r\nImage: C:\\Program Files (x86)\\Microsoft\\Edge\\Application\\msedge.exe\r\nUser: LUNARSTIIINESS\\tim.smith_admin","Category":"Dns query (rule: DnsQuery)","Opcode":"Info","RuleName":"-","UtcTime":"2023-03-03 17:38:00.410","ProcessGuid":"{BE59402F-2F72-6402-2901-000000001900}","QueryName":"www.netwebsoc.com","QueryStatus":"9003","QueryResults":"-","Image":"C:\\Program Files (x86)\\Microsoft\\Edge\\Application\\msedge.exe","User":"LUNARSTIIINESS\\tim.smith_admin","EventReceivedTime":1677865082,"SourceModuleName":"in_sysmon","SourceModuleType":"im_msvistalog"}
<14>Mar  3 17:38:07 win-server.lunarstiiiness.com Microsoft-Windows-Sysmon[1288]: {"EventTime":1677865086,"Hostname":"win-server.lunarstiiiness.com","Keywords":-9223372036854775808,"EventType":"INFO","SeverityValue":2,"Severity":"INFO","EventID":22,"SourceName":"Microsoft-Windows-Sysmon","ProviderGuid":"{5770385F-C22A-43E0-BF4C-06F5698FFBD9}","Version":5,"Task":22,"OpcodeValue":0,"RecordNumber":932142,"ProcessID":1288,"ThreadID":2904,"Channel":"Microsoft-Windows-Sysmon/Operational","Domain":"NT AUTHORITY","AccountName":"SYSTEM","UserID":"S-1-5-18","AccountType":"User","Message":"Dns query:\r\nRuleName: -\r\nUtcTime: 2023-03-03 17:38:06.050\r\nProcessGuid: {BE59402F-2F72-6402-2901-000000001900}\r\nProcessId: 3556\r\nQueryName: netwebsoc.com\r\nQueryStatus: 0\r\nQueryResults: 190.0.0.1;\r\nImage: C:\\Program Files (x86)\\Microsoft\\Edge\\Application\\msedge.exe\r\nUser: LUNARSTIIINESS\\tim.smith_admin","Category":"Dns query (rule: DnsQuery)","Opcode":"Info","RuleName":"-","UtcTime":"2023-03-03 17:38:06.050","ProcessGuid":"{BE59402F-2F72-6402-2901-000000001900}","QueryName":"netwebsoc.com","QueryStatus":"0","QueryResults":"190.0.0.1;","Image":"C:\\Program Files (x86)\\Microsoft\\Edge\\Application\\msedge.exe","User":"LUNARSTIIINESS\\tim.smith_admin","EventReceivedTime":1677865087,"SourceModuleName":"in_sysmon","SourceModuleType":"im_msvistalog"}
<14>Mar  3 17:38:42 win-server.lunarstiiiness.com Microsoft-Windows-Sysmon[1288]: {"EventTime":1677865120,"Hostname":"win-server.lunarstiiiness.com","Keywords":-9223372036854775808,"EventType":"INFO","SeverityValue":2,"Severity":"INFO","EventID":3,"SourceName":"Microsoft-Windows-Sysmon","ProviderGuid":"{5770385F-C22A-43E0-BF4C-06F5698FFBD9}","Version":5,"Task":3,"OpcodeValue":0,"RecordNumber":933851,"ProcessID":1288,"ThreadID":2392,"Channel":"Microsoft-Windows-Sysmon/Operational","Domain":"NT AUTHORITY","AccountName":"SYSTEM","UserID":"S-1-5-18","AccountType":"User","Message":"Network connection detected:\r\nRuleName: technique_id=T1021,technique_name=Remote Services\r\nUtcTime: 2023-03-03 17:38:39.912\r\nProcessGuid: {BE59402F-260D-6402-1100-000000001900}\r\nProcessId: 880\r\nImage: C:\\Windows\\System32\\svchost.exe\r\nUser: NT AUTHORITY\\NETWORK SERVICE\r\nProtocol: tcp\r\nInitiated: false\r\nSourceIsIpv6: false\r\nSourceIp: 10.128.0.21\r\nSourceHostname: -\r\nSourcePort: 64265\r\nSourcePortName: -\r\nDestinationIsIpv6: false\r\nDestinationIp: 10.128.0.22\r\nDestinationHostname: -\r\nDestinationPort: 3389\r\nDestinationPortName: -","Category":"Network connection detected (rule: NetworkConnect)","Opcode":"Info","RuleName":"technique_id=T1021,technique_name=Remote Services","UtcTime":"2023-03-03 17:38:39.912","ProcessGuid":"{BE59402F-260D-6402-1100-000000001900}","Image":"C:\\Windows\\System32\\svchost.exe","User":"NT AUTHORITY\\NETWORK SERVICE","Protocol":"tcp","Initiated":"false","SourceIsIpv6":"false","SourceIp":"10.128.0.21","SourceHostname":"-","SourcePort":"64265","SourcePortName":"-","DestinationIsIpv6":"false","DestinationIp":"10.128.0.22","DestinationHostname":"-","DestinationPort":"3389","DestinationPortName":"-","EventReceivedTime":1677865122,"SourceModuleName":"in_sysmon","SourceModuleType":"im_msvistalog"}
<14>Mar  3 17:38:53 win-server.lunarstiiiness.com Microsoft-Windows-Sysmon[1288]: {"EventTime":1677865132,"Hostname":"win-server.lunarstiiiness.com","Keywords":-9223372036854775808,"EventType":"INFO","SeverityValue":2,"Severity":"INFO","EventID":7,"SourceName":"Microsoft-Windows-Sysmon","ProviderGuid":"{5770385F-C22A-43E0-BF4C-06F5698FFBD9}","Version":3,"Task":7,"OpcodeValue":0,"RecordNumber":934320,"ProcessID":1288,"ThreadID":2888,"Channel":"Microsoft-Windows-Sysmon/Operational","Domain":"NT AUTHORITY","AccountName":"SYSTEM","UserID":"S-1-5-18","AccountType":"User","Message":"Image loaded:\r\nRuleName: technique_id=T1574.002,technique_name=DLL Side-Loading\r\nUtcTime: 2023-03-03 17:38:52.248\r\nProcessGuid: {BE59402F-2E41-6402-F900-000000001900}\r\nProcessId: 4368\r\nImage: C:\\Windows\\explorer.exe\r\nImageLoaded: C:\\ProgramData\\Microsoft\\Windows Defender\\platform\\4.18.2301.6-0\\MpOAV.dll\r\nFileVersion: 4.18.2301.6 (WinBuild.160101.0800)\r\nDescription: IOfficeAntiVirus Module\r\nProduct: Microsoft Windows Operating System\r\nCompany: Microsoft Corporation\r\nOriginalFileName: MpOAV.dll\r\nHashes: SHA1=7732F335107D52E6B047CE73A3A1D59BBD588961,MD5=7CCA50089F2F2E7875F4C33EAF1BE04A,SHA256=7385820EE9C2102DE2DCCEEF0F9B12A984DB8258BDAB143C1B54E021859EF218,IMPHASH=BBE9A959881A86A7C90B3C47D47F83B8\r\nSigned: true\r\nSignature: Microsoft Windows\r\nSignatureStatus: Valid\r\nUser: LUNARSTIIINESS\\tim.smith_admin","Category":"Image loaded (rule: ImageLoad)","Opcode":"Info","RuleName":"technique_id=T1574.002,technique_name=DLL Side-Loading","UtcTime":"2023-03-03 17:38:52.248","ProcessGuid":"{BE59402F-2E41-6402-F900-000000001900}","Image":"C:\\Windows\\explorer.exe","ImageLoaded":"C:\\ProgramData\\Microsoft\\Windows Defender\\platform\\4.18.2301.6-0\\MpOAV.dll","FileVersion":"4.18.2301.6 (WinBuild.160101.0800)","Description":"IOfficeAntiVirus Module","Product":"Microsoft Windows Operating System","Company":"Microsoft Corporation","OriginalFileName":"MpOAV.dll","Hashes":"SHA1=7732F335107D52E6B047CE73A3A1D59BBD588961,MD5=7CCA50089F2F2E7875F4C33EAF1BE04A,SHA256=7385820EE9C2102DE2DCCEEF0F9B12A984DB8258BDAB143C1B54E021859EF218,IMPHASH=BBE9A959881A86A7C90B3C47D47F83B8","Signed":"true","Signature":"Microsoft Windows","SignatureStatus":"Valid","User":"LUNARSTIIINESS\\tim.smith_admin","EventReceivedTime":1677865133,"SourceModuleName":"in_sysmon","SourceModuleType":"im_msvistalog"}
<14>Mar  3 17:38:53 win-server.lunarstiiiness.com Microsoft-Windows-Sysmon[1288]: {"EventTime":1677865132,"Hostname":"win-server.lunarstiiiness.com","Keywords":-9223372036854775808,"EventType":"INFO","SeverityValue":2,"Severity":"INFO","EventID":7,"SourceName":"Microsoft-Windows-Sysmon","ProviderGuid":"{5770385F-C22A-43E0-BF4C-06F5698FFBD9}","Version":3,"Task":7,"OpcodeValue":0,"RecordNumber":934321,"ProcessID":1288,"ThreadID":2888,"Channel":"Microsoft-Windows-Sysmon/Operational","Domain":"NT AUTHORITY","AccountName":"SYSTEM","UserID":"S-1-5-18","AccountType":"User","Message":"Image loaded:\r\nRuleName: technique_id=T1574.002,technique_name=DLL Side-Loading\r\nUtcTime: 2023-03-03 17:38:52.263\r\nProcessGuid: {BE59402F-2E41-6402-F900-000000001900}\r\nProcessId: 4368\r\nImage: C:\\Windows\\explorer.exe\r\nImageLoaded: C:\\ProgramData\\Microsoft\\Windows Defender\\platform\\4.18.2301.6-0\\MpClient.dll\r\nFileVersion: 4.18.2301.6 (WinBuild.160101.0800)\r\nDescription: Client Interface\r\nProduct: Microsoft Windows Operating System\r\nCompany: Microsoft Corporation\r\nOriginalFileName: mpclient.dll\r\nHashes: SHA1=390069C7EF8A2BC87E6045E9DBF03C16E40D603C,MD5=21952FAB3F2CBB78D3F0722A5532EA6E,SHA256=2BBF7F267AE0E6393D4F5AD25FF4337A8CA12BAEC6C6D40B7A372F0BC462065D,IMPHASH=FA273F64BC3C7761E65A3098FA21F85A\r\nSigned: true\r\nSignature: Microsoft Windows\r\nSignatureStatus: Valid\r\nUser: LUNARSTIIINESS\\tim.smith_admin","Category":"Image loaded (rule: ImageLoad)","Opcode":"Info","RuleName":"technique_id=T1574.002,technique_name=DLL Side-Loading","UtcTime":"2023-03-03 17:38:52.263","ProcessGuid":"{BE59402F-2E41-6402-F900-000000001900}","Image":"C:\\Windows\\explorer.exe","ImageLoaded":"C:\\ProgramData\\Microsoft\\Windows Defender\\platform\\4.18.2301.6-0\\MpClient.dll","FileVersion":"4.18.2301.6 (WinBuild.160101.0800)","Description":"Client Interface","Product":"Microsoft Windows Operating System","Company":"Microsoft Corporation","OriginalFileName":"mpclient.dll","Hashes":"SHA1=390069C7EF8A2BC87E6045E9DBF03C16E40D603C,MD5=21952FAB3F2CBB78D3F0722A5532EA6E,SHA256=2BBF7F267AE0E6393D4F5AD25FF4337A8CA12BAEC6C6D40B7A372F0BC462065D,IMPHASH=FA273F64BC3C7761E65A3098FA21F85A","Signed":"true","Signature":"Microsoft Windows","SignatureStatus":"Valid","User":"LUNARSTIIINESS\\tim.smith_admin","EventReceivedTime":1677865133,"SourceModuleName":"in_sysmon","SourceModuleType":"im_msvistalog"}
<14>Mar  3 17:38:53 win-server.lunarstiiiness.com Microsoft-Windows-Sysmon[1288]: {"EventTime":1677865132,"Hostname":"win-server.lunarstiiiness.com","Keywords":-9223372036854775808,"EventType":"INFO","SeverityValue":2,"Severity":"INFO","EventID":15,"SourceName":"Microsoft-Windows-Sysmon","ProviderGuid":"{5770385F-C22A-43E0-BF4C-06F5698FFBD9}","Version":2,"Task":15,"OpcodeValue":0,"RecordNumber":934323,"ProcessID":1288,"ThreadID":2884,"Channel":"Microsoft-Windows-Sysmon/Operational","Domain":"NT AUTHORITY","AccountName":"SYSTEM","UserID":"S-1-5-18","AccountType":"User","Message":"File stream created:\r\nRuleName: technique_id=T1189,technique_name=Drive-by Compromise\r\nUtcTime: 2023-03-03 17:38:52.357\r\nProcessGuid: {BE59402F-2E41-6402-F900-000000001900}\r\nProcessId: 4368\r\nImage: C:\\Windows\\Explorer.EXE\r\nTargetFilename: C:\\Users\\TIM~1.SMI\\AppData\\Local\\Temp\\3\\Temp1_9397516412.zip\\4ad43986f7130d8d1a40f0377e0c1ada1115fae3e972b339f728d0e794b4a20f:Zone.Identifier\r\nCreationUtcTime: 1601-01-26 13:52:01.716\r\nHash: SHA1=D59FC84CDD5217C6CF74785703655F78DA6B582B,MD5=FBCCF14D504B7B2DBCB5A5BDA75BD93B,SHA256=EACD09517CE90D34BA562171D15AC40D302F0E691B439F91BE1B6406E25F5913,IMPHASH=00000000000000000000000000000000\r\nContents: [ZoneTransfer]  ZoneId=3  \r\nUser: LUNARSTIIINESS\\tim.smith_admin","Category":"File stream created (rule: FileCreateStreamHash)","Opcode":"Info","RuleName":"technique_id=T1189,technique_name=Drive-by Compromise","UtcTime":"2023-03-03 17:38:52.357","ProcessGuid":"{BE59402F-2E41-6402-F900-000000001900}","Image":"C:\\Windows\\Explorer.EXE","TargetFilename":"C:\\Users\\TIM~1.SMI\\AppData\\Local\\Temp\\3\\Temp1_9397516412.zip\\4ad43986f7130d8d1a40f0377e0c1ada1115fae3e972b339f728d0e794b4a20f:Zone.Identifier","CreationUtcTime":"1601-01-26 13:52:01.716","Hash":"SHA1=D59FC84CDD5217C6CF74785703655F78DA6B582B,MD5=FBCCF14D504B7B2DBCB5A5BDA75BD93B,SHA256=EACD09517CE90D34BA562171D15AC40D302F0E691B439F91BE1B6406E25F5913,IMPHASH=00000000000000000000000000000000","Contents":"[ZoneTransfer]  ZoneId=3  ","User":"LUNARSTIIINESS\\tim.smith_admin","EventReceivedTime":1677865133,"SourceModuleName":"in_sysmon","SourceModuleType":"im_msvistalog"}
<14>Mar  3 17:38:53 win-server.lunarstiiiness.com Microsoft-Windows-Sysmon[1288]: {"EventTime":1677865132,"Hostname":"win-server.lunarstiiiness.com","Keywords":-9223372036854775808,"EventType":"INFO","SeverityValue":2,"Severity":"INFO","EventID":15,"SourceName":"Microsoft-Windows-Sysmon","ProviderGuid":"{5770385F-C22A-43E0-BF4C-06F5698FFBD9}","Version":2,"Task":15,"OpcodeValue":0,"RecordNumber":934322,"ProcessID":1288,"ThreadID":2884,"Channel":"Microsoft-Windows-Sysmon/Operational","Domain":"NT AUTHORITY","AccountName":"SYSTEM","UserID":"S-1-5-18","AccountType":"User","Message":"File stream created:\r\nRuleName: -\r\nUtcTime: 2023-03-03 17:38:52.357\r\nProcessGuid: {BE59402F-2E41-6402-F900-000000001900}\r\nProcessId: 4368\r\nImage: C:\\Windows\\Explorer.EXE\r\nTargetFilename: C:\\Users\\tim.smith_admin\\AppData\\Local\\Temp\\3\\Temp1_9397516412.zip\\4ad43986f7130d8d1a40f0377e0c1ada1115fae3e972b339f728d0e794b4a20f\r\nCreationUtcTime: 1601-01-26 13:52:01.716\r\nHash: SHA1=9172EF18AD1D0E5AA0E947321DBD2ED38BD7755D,MD5=4406D7271B00328218723B0A89FB953B,SHA256=4AD43986F7130D8D1A40F0377E0C1ADA1115FAE3E972B339F728D0E794B4A20F,IMPHASH=00000000000000000000000000000000\r\nContents: -\r\nUser: LUNARSTIIINESS\\tim.smith_admin","Category":"File stream created (rule: FileCreateStreamHash)","Opcode":"Info","RuleName":"-","UtcTime":"2023-03-03 17:38:52.357","ProcessGuid":"{BE59402F-2E41-6402-F900-000000001900}","Image":"C:\\Windows\\Explorer.EXE","TargetFilename":"C:\\Users\\tim.smith_admin\\AppData\\Local\\Temp\\3\\Temp1_9397516412.zip\\4ad43986f7130d8d1a40f0377e0c1ada1115fae3e972b339f728d0e794b4a20f","CreationUtcTime":"1601-01-26 13:52:01.716","Hash":"SHA1=9172EF18AD1D0E5AA0E947321DBD2ED38BD7755D,MD5=4406D7271B00328218723B0A89FB953B,SHA256=4AD43986F7130D8D1A40F0377E0C1ADA1115FAE3E972B339F728D0E794B4A20F,IMPHASH=00000000000000000000000000000000","Contents":"-","User":"LUNARSTIIINESS\\tim.smith_admin","EventReceivedTime":1677865133,"SourceModuleName":"in_sysmon","SourceModuleType":"im_msvistalog"}
<14>Mar  3 17:38:53 win-server.lunarstiiiness.com Microsoft-Windows-Sysmon[1288]: {"EventTime":1677865132,"Hostname":"win-server.lunarstiiiness.com","Keywords":-9223372036854775808,"EventType":"INFO","SeverityValue":2,"Severity":"INFO","EventID":12,"SourceName":"Microsoft-Windows-Sysmon","ProviderGuid":"{5770385F-C22A-43E0-BF4C-06F5698FFBD9}","Version":2,"Task":12,"OpcodeValue":0,"RecordNumber":934325,"ProcessID":1288,"ThreadID":2884,"Channel":"Microsoft-Windows-Sysmon/Operational","Domain":"NT AUTHORITY","AccountName":"SYSTEM","UserID":"S-1-5-18","AccountType":"User","Message":"Registry object added or deleted:\r\nRuleName: technique_id=T1546.001,technique_name=Change Default File Association\r\nEventType: CreateKey\r\nUtcTime: 2023-03-03 17:38:52.373\r\nProcessGuid: {BE59402F-2E41-6402-F900-000000001900}\r\nProcessId: 4368\r\nImage: C:\\Windows\\Explorer.EXE\r\nTargetObject: HKU\\S-1-5-21-3263964631-4121654051-1417071188-1116\\SOFTWARE\\Microsoft\\Windows\\CurrentVersion\\Explorer\\FileExts\\.\r\nUser: LUNARSTIIINESS\\tim.smith_admin","Category":"Registry object added or deleted (rule: RegistryEvent)","Opcode":"Info","RuleName":"technique_id=T1546.001,technique_name=Change Default File Association","UtcTime":"2023-03-03 17:38:52.373","ProcessGuid":"{BE59402F-2E41-6402-F900-000000001900}","Image":"C:\\Windows\\Explorer.EXE","TargetObject":"HKU\\S-1-5-21-3263964631-4121654051-1417071188-1116\\SOFTWARE\\Microsoft\\Windows\\CurrentVersion\\Explorer\\FileExts\\.","User":"LUNARSTIIINESS\\tim.smith_admin","EventReceivedTime":1677865133,"SourceModuleName":"in_sysmon","SourceModuleType":"im_msvistalog"}
<14>Mar  3 17:38:53 win-server.lunarstiiiness.com Microsoft-Windows-Sysmon[1288]: {"EventTime":1677865132,"Hostname":"win-server.lunarstiiiness.com","Keywords":-9223372036854775808,"EventType":"INFO","SeverityValue":2,"Severity":"INFO","EventID":12,"SourceName":"Microsoft-Windows-Sysmon","ProviderGuid":"{5770385F-C22A-43E0-BF4C-06F5698FFBD9}","Version":2,"Task":12,"OpcodeValue":0,"RecordNumber":934324,"ProcessID":1288,"ThreadID":2884,"Channel":"Microsoft-Windows-Sysmon/Operational","Domain":"NT AUTHORITY","AccountName":"SYSTEM","UserID":"S-1-5-18","AccountType":"User","Message":"Registry object added or deleted:\r\nRuleName: technique_id=T1546.001,technique_name=Change Default File Association\r\nEventType: CreateKey\r\nUtcTime: 2023-03-03 17:38:52.373\r\nProcessGuid: {BE59402F-2E41-6402-F900-000000001900}\r\nProcessId: 4368\r\nImage: C:\\Windows\\Explorer.EXE\r\nTargetObject: HKU\\S-1-5-21-3263964631-4121654051-1417071188-1116\\SOFTWARE\\Microsoft\\Windows\\CurrentVersion\\Explorer\\FileExts\r\nUser: LUNARSTIIINESS\\tim.smith_admin","Category":"Registry object added or deleted (rule: RegistryEvent)","Opcode":"Info","RuleName":"technique_id=T1546.001,technique_name=Change Default File Association","UtcTime":"2023-03-03 17:38:52.373","ProcessGuid":"{BE59402F-2E41-6402-F900-000000001900}","Image":"C:\\Windows\\Explorer.EXE","TargetObject":"HKU\\S-1-5-21-3263964631-4121654051-1417071188-1116\\SOFTWARE\\Microsoft\\Windows\\CurrentVersion\\Explorer\\FileExts","User":"LUNARSTIIINESS\\tim.smith_admin","EventReceivedTime":1677865133,"SourceModuleName":"in_sysmon","SourceModuleType":"im_msvistalog"}
<14>Mar  3 17:39:05 win-server.lunarstiiiness.com Microsoft-Windows-Sysmon[1288]: {"EventTime":1677865144,"Hostname":"win-server.lunarstiiiness.com","Keywords":-9223372036854775808,"EventType":"INFO","SeverityValue":2,"Severity":"INFO","EventID":7,"SourceName":"Microsoft-Windows-Sysmon","ProviderGuid":"{5770385F-C22A-43E0-BF4C-06F5698FFBD9}","Version":3,"Task":7,"OpcodeValue":0,"RecordNumber":934856,"ProcessID":1288,"ThreadID":2884,"Channel":"Microsoft-Windows-Sysmon/Operational","Domain":"NT AUTHORITY","AccountName":"SYSTEM","UserID":"S-1-5-18","AccountType":"User","Message":"Image loaded:\r\nRuleName: -\r\nUtcTime: 2023-03-03 17:39:04.050\r\nProcessGuid: {BE59402F-30AC-6402-7001-000000001900}\r\nProcessId: 5572\r\nImage: C:\\Windows\\System32\\OpenWith.exe\r\nImageLoaded: C:\\Windows\\System32\\urlmon.dll\r\nFileVersion: 11.00.14393.5582 (rs1_release.221130-1719)\r\nDescription: OLE32 Extensions for Win32\r\nProduct: Internet Explorer\r\nCompany: Microsoft Corporation\r\nOriginalFileName: UrlMon.dll\r\nHashes: SHA1=C04C26B634733A5132FEB47281829DA870E481F2,MD5=A99B52D97035B13B4C06366E1ABE05E7,SHA256=4009730BE3CE17F80A98BEB323FFF3626AF02B7EAE64601B2A0BEF8B87145E9F,IMPHASH=B5AFB93FCF976F12D390F994AD9F4967\r\nSigned: true\r\nSignature: Microsoft Windows\r\nSignatureStatus: Valid\r\nUser: LUNARSTIIINESS\\tim.smith_admin","Category":"Image loaded (rule: ImageLoad)","Opcode":"Info","RuleName":"-","UtcTime":"2023-03-03 17:39:04.050","ProcessGuid":"{BE59402F-30AC-6402-7001-000000001900}","Image":"C:\\Windows\\System32\\OpenWith.exe","ImageLoaded":"C:\\Windows\\System32\\urlmon.dll","FileVersion":"11.00.14393.5582 (rs1_release.221130-1719)","Description":"OLE32 Extensions for Win32","Product":"Internet Explorer","Company":"Microsoft Corporation","OriginalFileName":"UrlMon.dll","Hashes":"SHA1=C04C26B634733A5132FEB47281829DA870E481F2,MD5=A99B52D97035B13B4C06366E1ABE05E7,SHA256=4009730BE3CE17F80A98BEB323FFF3626AF02B7EAE64601B2A0BEF8B87145E9F,IMPHASH=B5AFB93FCF976F12D390F994AD9F4967","Signed":"true","Signature":"Microsoft Windows","SignatureStatus":"Valid","User":"LUNARSTIIINESS\\tim.smith_admin","EventReceivedTime":1677865145,"SourceModuleName":"in_sysmon","SourceModuleType":"im_msvistalog"}
<14>Mar  3 17:39:07 win-server.lunarstiiiness.com Microsoft-Windows-Sysmon[1288]: {"EventTime":1677865144,"Hostname":"win-server.lunarstiiiness.com","Keywords":-9223372036854775808,"EventType":"INFO","SeverityValue":2,"Severity":"INFO","EventID":17,"SourceName":"Microsoft-Windows-Sysmon","ProviderGuid":"{5770385F-C22A-43E0-BF4C-06F5698FFBD9}","Version":1,"Task":17,"OpcodeValue":0,"RecordNumber":934858,"ProcessID":1288,"ThreadID":2884,"Channel":"Microsoft-Windows-Sysmon/Operational","Domain":"NT AUTHORITY","AccountName":"SYSTEM","UserID":"S-1-5-18","AccountType":"User","Message":"Pipe Created:\r\nRuleName: -\r\nEventType: CreatePipe\r\nUtcTime: 2023-03-03 17:39:04.385\r\nProcessGuid: {BE59402F-30B8-6402-7201-000000001900}\r\nProcessId: 5564\r\nPipeName: \\crashpad_5564_NGWATXJEBMFHZFQV\r\nImage: C:\\Program Files\\Google\\Chrome\\Application\\chrome.exe\r\nUser: LUNARSTIIINESS\\tim.smith_admin","Category":"Pipe Created (rule: PipeEvent)","Opcode":"Info","RuleName":"-","UtcTime":"2023-03-03 17:39:04.385","ProcessGuid":"{BE59402F-30B8-6402-7201-000000001900}","PipeName":"\\crashpad_5564_NGWATXJEBMFHZFQV","Image":"C:\\Program Files\\Google\\Chrome\\Application\\chrome.exe","User":"LUNARSTIIINESS\\tim.smith_admin","EventReceivedTime":1677865147,"SourceModuleName":"in_sysmon","SourceModuleType":"im_msvistalog"}
<14>Mar  3 17:39:11 win-server.lunarstiiiness.com Microsoft-Windows-Sysmon[1288]: {"EventTime":1677865150,"Hostname":"win-server.lunarstiiiness.com","Keywords":-9223372036854775808,"EventType":"INFO","SeverityValue":2,"Severity":"INFO","EventID":12,"SourceName":"Microsoft-Windows-Sysmon","ProviderGuid":"{5770385F-C22A-43E0-BF4C-06F5698FFBD9}","Version":2,"Task":12,"OpcodeValue":0,"RecordNumber":934860,"ProcessID":1288,"ThreadID":2884,"Channel":"Microsoft-Windows-Sysmon/Operational","Domain":"NT AUTHORITY","AccountName":"SYSTEM","UserID":"S-1-5-18","AccountType":"User","Message":"Registry object added or deleted:\r\nRuleName: technique_id=T1546.001,technique_name=Change Default File Association\r\nEventType: CreateKey\r\nUtcTime: 2023-03-03 17:39:10.436\r\nProcessGuid: {BE59402F-30B8-6402-7201-000000001900}\r\nProcessId: 5564\r\nImage: C:\\Program Files\\Google\\Chrome\\Application\\chrome.exe\r\nTargetObject: HKU\\S-1-5-21-3263964631-4121654051-1417071188-1116\\SOFTWARE\\Microsoft\\Windows\\CurrentVersion\\Explorer\\FileExts\r\nUser: LUNARSTIIINESS\\tim.smith_admin","Category":"Registry object added or deleted (rule: RegistryEvent)","Opcode":"Info","RuleName":"technique_id=T1546.001,technique_name=Change Default File Association","UtcTime":"2023-03-03 17:39:10.436","ProcessGuid":"{BE59402F-30B8-6402-7201-000000001900}","Image":"C:\\Program Files\\Google\\Chrome\\Application\\chrome.exe","TargetObject":"HKU\\S-1-5-21-3263964631-4121654051-1417071188-1116\\SOFTWARE\\Microsoft\\Windows\\CurrentVersion\\Explorer\\FileExts","User":"LUNARSTIIINESS\\tim.smith_admin","EventReceivedTime":1677865151,"SourceModuleName":"in_sysmon","SourceModuleType":"im_msvistalog"}
<14>Mar  3 17:39:11 win-server.lunarstiiiness.com Microsoft-Windows-Sysmon[1288]: {"EventTime":1677865150,"Hostname":"win-server.lunarstiiiness.com","Keywords":-9223372036854775808,"EventType":"INFO","SeverityValue":2,"Severity":"INFO","EventID":12,"SourceName":"Microsoft-Windows-Sysmon","ProviderGuid":"{5770385F-C22A-43E0-BF4C-06F5698FFBD9}","Version":2,"Task":12,"OpcodeValue":0,"RecordNumber":934861,"ProcessID":1288,"ThreadID":2884,"Channel":"Microsoft-Windows-Sysmon/Operational","Domain":"NT AUTHORITY","AccountName":"SYSTEM","UserID":"S-1-5-18","AccountType":"User","Message":"Registry object added or deleted:\r\nRuleName: technique_id=T1546.001,technique_name=Change Default File Association\r\nEventType: CreateKey\r\nUtcTime: 2023-03-03 17:39:10.436\r\nProcessGuid: {BE59402F-30B8-6402-7201-000000001900}\r\nProcessId: 5564\r\nImage: C:\\Program Files\\Google\\Chrome\\Application\\chrome.exe\r\nTargetObject: HKU\\S-1-5-21-3263964631-4121654051-1417071188-1116\\SOFTWARE\\Microsoft\\Windows\\CurrentVersion\\Explorer\\FileExts\\.pdf\r\nUser: LUNARSTIIINESS\\tim.smith_admin","Category":"Registry object added or deleted (rule: RegistryEvent)","Opcode":"Info","RuleName":"technique_id=T1546.001,technique_name=Change Default File Association","UtcTime":"2023-03-03 17:39:10.436","ProcessGuid":"{BE59402F-30B8-6402-7201-000000001900}","Image":"C:\\Program Files\\Google\\Chrome\\Application\\chrome.exe","TargetObject":"HKU\\S-1-5-21-3263964631-4121654051-1417071188-1116\\SOFTWARE\\Microsoft\\Windows\\CurrentVersion\\Explorer\\FileExts\\.pdf","User":"LUNARSTIIINESS\\tim.smith_admin","EventReceivedTime":1677865151,"SourceModuleName":"in_sysmon","SourceModuleType":"im_msvistalog"}
