<14>Mar  3 17:56:59 win-server.lunarstiiiness.com Microsoft-Windows-Sysmon[1288]: {"EventTime":1677866219,"Hostname":"win-server.lunarstiiiness.com","Keywords":-9223372036854775808,"EventType":"INFO","SeverityValue":2,"Severity":"INFO","EventID":13,"SourceName":"Microsoft-Windows-Sysmon","ProviderGuid":"{5770385F-C22A-43E0-BF4C-06F5698FFBD9}","Version":2,"Task":13,"OpcodeValue":0,"RecordNumber":968945,"ProcessID":1288,"ThreadID":2884,"Channel":"Microsoft-Windows-Sysmon/Operational","Domain":"NT AUTHORITY","AccountName":"SYSTEM","UserID":"S-1-5-18","AccountType":"User","Message":"Registry value set:\r\nRuleName: technique_id=T1543,technique_name=Service Creation\r\nEventType: SetValue\r\nUtcTime: 2023-03-03 17:56:59.013\r\nProcessGuid: {BE59402F-260D-6402-1300-000000001900}\r\nProcessId: 924\r\nImage: C:\\Windows\\system32\\svchost.exe\r\nTargetObject: HKLM\\System\\CurrentControlSet\\Services\\w32time\\Config\\LastKnownGoodTime\r\nDetails: QWORD (0x01d94df9-0x8ce4aca5)\r\nUser: NT AUTHORITY\\LOCAL SERVICE","Category":"Registry value set (rule: RegistryEvent)","Opcode":"Info","RuleName":"technique_id=T1543,technique_name=Service Creation","UtcTime":"2023-03-03 17:56:59.013","ProcessGuid":"{BE59402F-260D-6402-1300-000000001900}","Image":"C:\\Windows\\system32\\svchost.exe","TargetObject":"HKLM\\System\\CurrentControlSet\\Services\\w32time\\Config\\LastKnownGoodTime","Details":"QWORD (0x01d94df9-0x8ce4aca5)","User":"NT AUTHORITY\\LOCAL SERVICE","EventReceivedTime":1677866219,"SourceModuleName":"in_sysmon","SourceModuleType":"im_msvistalog"}
<14>Mar  3 17:27:03 win-server.lunarstiiiness.com Microsoft-Windows-Sysmon[1288]: {"EventTime":1677864421,"Hostname":"win-server.lunarstiiiness.com","Keywords":-9223372036854775808,"EventType":"INFO","SeverityValue":2,"Severity":"INFO","EventID":13,"SourceName":"Microsoft-Windows-Sysmon","ProviderGuid":"{5770385F-C22A-43E0-BF4C-06F5698FFBD9}","Version":2,"Task":13,"OpcodeValue":0,"RecordNumber":930433,"ProcessID":1288,"ThreadID":2884,"Channel":"Microsoft-Windows-Sysmon/Operational","Domain":"NT AUTHORITY","AccountName":"SYSTEM","UserID":"S-1-5-18","AccountType":"User","Message":"Registry value set:\r\nRuleName: UACMe Dir Prep\r\nEventType: SetValue\r\nUtcTime: 2023-03-03 17:27:01.770\r\nProcessGuid: {BE59402F-2741-6402-8A00-000000001900}\r\nProcessId: 4484\r\nImage: C:\\Windows\\winsxs\\amd64_microsoft-windows-servicingstack_31bf3856ad364e35_10.0.14393.5351_none_7f0b8fbe21ea4a21\\TiWorker.exe\r\nTargetObject: HKLM\\SOFTWARE\\Microsoft\\Windows\\CurrentVersion\\Component Based Servicing\\PackageDetect\\Microsoft-Windows-BootEnvironment-BootManagers-Package~31bf3856ad364e35~amd64~ru-RU~0.0.0.0\\Package_6170_for_KB5022838~31bf3856ad364e35~amd64~~10.0.1.13\r\nDetails: DWORD (0x00000002)\r\nUser: NT AUTHORITY\\SYSTEM","Category":"Registry value set (rule: RegistryEvent)","Opcode":"Info","RuleName":"UACMe Dir Prep","UtcTime":"2023-03-03 17:27:01.770","ProcessGuid":"{BE59402F-2741-6402-8A00-000000001900}","Image":"C:\\Windows\\winsxs\\amd64_microsoft-windows-servicingstack_31bf3856ad364e35_10.0.14393.5351_none_7f0b8fbe21ea4a21\\TiWorker.exe","TargetObject":"HKLM\\SOFTWARE\\Microsoft\\Windows\\CurrentVersion\\Component Based Servicing\\PackageDetect\\Microsoft-Windows-BootEnvironment-BootManagers-Package~31bf3856ad364e35~amd64~ru-RU~0.0.0.0\\Package_6170_for_KB5022838~31bf3856ad364e35~amd64~~10.0.1.13","Details":"DWORD (0x00000002)","User":"NT AUTHORITY\\SYSTEM","EventReceivedTime":1677864423,"SourceModuleName":"in_sysmon","SourceModuleType":"im_msvistalog"}
<14>Mar  3 17:27:03 win-server.lunarstiiiness.com Microsoft-Windows-Sysmon[1288]: {"EventTime":1677864421,"Hostname":"win-server.lunarstiiiness.com","Keywords":-9223372036854775808,"EventType":"INFO","SeverityValue":2,"Severity":"INFO","EventID":12,"SourceName":"Microsoft-Windows-Sysmon","ProviderGuid":"{5770385F-C22A-43E0-BF4C-06F5698FFBD9}","Version":2,"Task":12,"OpcodeValue":0,"RecordNumber":930432,"ProcessID":1288,"ThreadID":2884,"Channel":"Microsoft-Windows-Sysmon/Operational","Domain":"NT AUTHORITY","AccountName":"SYSTEM","UserID":"S-1-5-18","AccountType":"User","Message":"Registry object added or deleted:\r\nRuleName: UACMe Dir Prep\r\nEventType: CreateKey\r\nUtcTime: 2023-03-03 17:27:01.770\r\nProcessGuid: {BE59402F-2741-6402-8A00-000000001900}\r\nProcessId: 4484\r\nImage: C:\\Windows\\winsxs\\amd64_microsoft-windows-servicingstack_31bf3856ad364e35_10.0.14393.5351_none_7f0b8fbe21ea4a21\\TiWorker.exe\r\nTargetObject: HKLM\\SOFTWARE\\Microsoft\\Windows\\CurrentVersion\\Component Based Servicing\\PackageDetect\\Microsoft-Windows-BootEnvironment-BootManagers-Package~31bf3856ad364e35~amd64~ru-RU~0.0.0.0\r\nUser: NT AUTHORITY\\SYSTEM","Category":"Registry object added or deleted (rule: RegistryEvent)","Opcode":"Info","RuleName":"UACMe Dir Prep","UtcTime":"2023-03-03 17:27:01.770","ProcessGuid":"{BE59402F-2741-6402-8A00-000000001900}","Image":"C:\\Windows\\winsxs\\amd64_microsoft-windows-servicingstack_31bf3856ad364e35_10.0.14393.5351_none_7f0b8fbe21ea4a21\\TiWorker.exe","TargetObject":"HKLM\\SOFTWARE\\Microsoft\\Windows\\CurrentVersion\\Component Based Servicing\\PackageDetect\\Microsoft-Windows-BootEnvironment-BootManagers-Package~31bf3856ad364e35~amd64~ru-RU~0.0.0.0","User":"NT AUTHORITY\\SYSTEM","EventReceivedTime":1677864423,"SourceModuleName":"in_sysmon","SourceModuleType":"im_msvistalog"}
<14>Mar  3 17:27:13 win-server.lunarstiiiness.com Microsoft-Windows-Sysmon[1288]: {"EventTime":1677864431,"Hostname":"win-server.lunarstiiiness.com","Keywords":-9223372036854775808,"EventType":"INFO","SeverityValue":2,"Severity":"INFO","EventID":12,"SourceName":"Microsoft-Windows-Sysmon","ProviderGuid":"{5770385F-C22A-43E0-BF4C-06F5698FFBD9}","Version":2,"Task":12,"OpcodeValue":0,"RecordNumber":930434,"ProcessID":1288,"ThreadID":2884,"Channel":"Microsoft-Windows-Sysmon/Operational","Domain":"NT AUTHORITY","AccountName":"SYSTEM","UserID":"S-1-5-18","AccountType":"User","Message":"Registry object added or deleted:\r\nRuleName: UACMe Dir Prep\r\nEventType: CreateKey\r\nUtcTime: 2023-03-03 17:27:11.341\r\nProcessGuid: {BE59402F-2741-6402-8A00-000000001900}\r\nProcessId: 4484\r\nImage: C:\\Windows\\winsxs\\amd64_microsoft-windows-servicingstack_31bf3856ad364e35_10.0.14393.5351_none_7f0b8fbe21ea4a21\\TiWorker.exe\r\nTargetObject: HKLM\\SOFTWARE\\Microsoft\\Windows\\CurrentVersion\\Component Based Servicing\\PackageDetect\\Microsoft-Windows-BootEnvironment-BootManagers-Package~31bf3856ad364e35~amd64~el-GR~0.0.0.0\r\nUser: NT AUTHORITY\\SYSTEM","Category":"Registry object added or deleted (rule: RegistryEvent)","Opcode":"Info","RuleName":"UACMe Dir Prep","UtcTime":"2023-03-03 17:27:11.341","ProcessGuid":"{BE59402F-2741-6402-8A00-000000001900}","Image":"C:\\Windows\\winsxs\\amd64_microsoft-windows-servicingstack_31bf3856ad364e35_10.0.14393.5351_none_7f0b8fbe21ea4a21\\TiWorker.exe","TargetObject":"HKLM\\SOFTWARE\\Microsoft\\Windows\\CurrentVersion\\Component Based Servicing\\PackageDetect\\Microsoft-Windows-BootEnvironment-BootManagers-Package~31bf3856ad364e35~amd64~el-GR~0.0.0.0","User":"NT AUTHORITY\\SYSTEM","EventReceivedTime":1677864433,"SourceModuleName":"in_sysmon","SourceModuleType":"im_msvistalog"}
<14>Mar  3 17:27:13 win-server.lunarstiiiness.com Microsoft-Windows-Sysmon[1288]: {"EventTime":1677864431,"Hostname":"win-server.lunarstiiiness.com","Keywords":-9223372036854775808,"EventType":"INFO","SeverityValue":2,"Severity":"INFO","EventID":13,"SourceName":"Microsoft-Windows-Sysmon","ProviderGuid":"{5770385F-C22A-43E0-BF4C-06F5698FFBD9}","Version":2,"Task":13,"OpcodeValue":0,"RecordNumber":930435,"ProcessID":1288,"ThreadID":2884,"Channel":"Microsoft-Windows-Sysmon/Operational","Domain":"NT AUTHORITY","AccountName":"SYSTEM","UserID":"S-1-5-18","AccountType":"User","Message":"Registry value set:\r\nRuleName: UACMe Dir Prep\r\nEventType: SetValue\r\nUtcTime: 2023-03-03 17:27:11.341\r\nProcessGuid: {BE59402F-2741-6402-8A00-000000001900}\r\nProcessId: 4484\r\nImage: C:\\Windows\\winsxs\\amd64_microsoft-windows-servicingstack_31bf3856ad364e35_10.0.14393.5351_none_7f0b8fbe21ea4a21\\TiWorker.exe\r\nTargetObject: HKLM\\SOFTWARE\\Microsoft\\Windows\\CurrentVersion\\Component Based Servicing\\PackageDetect\\Microsoft-Windows-BootEnvironment-BootManagers-Package~31bf3856ad364e35~amd64~el-GR~0.0.0.0\\Package_6339_for_KB5022838~31bf3856ad364e35~amd64~~10.0.1.13\r\nDetails: DWORD (0x00000002)\r\nUser: NT AUTHORITY\\SYSTEM","Category":"Registry value set (rule: RegistryEvent)","Opcode":"Info","RuleName":"UACMe Dir Prep","UtcTime":"2023-03-03 17:27:11.341","ProcessGuid":"{BE59402F-2741-6402-8A00-000000001900}","Image":"C:\\Windows\\winsxs\\amd64_microsoft-windows-servicingstack_31bf3856ad364e35_10.0.14393.5351_none_7f0b8fbe21ea4a21\\TiWorker.exe","TargetObject":"HKLM\\SOFTWARE\\Microsoft\\Windows\\CurrentVersion\\Component Based Servicing\\PackageDetect\\Microsoft-Windows-BootEnvironment-BootManagers-Package~31bf3856ad364e35~amd64~el-GR~0.0.0.0\\Package_6339_for_KB5022838~31bf3856ad364e35~amd64~~10.0.1.13","Details":"DWORD (0x00000002)","User":"NT AUTHORITY\\SYSTEM","EventReceivedTime":1677864433,"SourceModuleName":"in_sysmon","SourceModuleType":"im_msvistalog"}
<14>Mar  3 17:27:17 win-server.lunarstiiiness.com Microsoft-Windows-Sysmon[1288]: {"EventTime":1677864435,"Hostname":"win-server.lunarstiiiness.com","Keywords":-9223372036854775808,"EventType":"INFO","SeverityValue":2,"Severity":"INFO","EventID":12,"SourceName":"Microsoft-Windows-Sysmon","ProviderGuid":"{5770385F-C22A-43E0-BF4C-06F5698FFBD9}","Version":2,"Task":12,"OpcodeValue":0,"RecordNumber":930436,"ProcessID":1288,"ThreadID":2884,"Channel":"Microsoft-Windows-Sysmon/Operational","Domain":"NT AUTHORITY","AccountName":"SYSTEM","UserID":"S-1-5-18","AccountType":"User","Message":"Registry object added or deleted:\r\nRuleName: UACMe Dir Prep\r\nEventType: CreateKey\r\nUtcTime: 2023-03-03 17:27:15.528\r\nProcessGuid: {BE59402F-2741-6402-8A00-000000001900}\r\nProcessId: 4484\r\nImage: C:\\Windows\\winsxs\\amd64_microsoft-windows-servicingstack_31bf3856ad364e35_10.0.14393.5351_none_7f0b8fbe21ea4a21\\TiWorker.exe\r\nTargetObject: HKLM\\SOFTWARE\\Microsoft\\Windows\\CurrentVersion\\Component Based Servicing\\PackageDetect\\Microsoft-Windows-BootEnvironment-BootManagers-Package~31bf3856ad364e35~amd64~sl-SI~0.0.0.0\r\nUser: NT AUTHORITY\\SYSTEM","Category":"Registry object added or deleted (rule: RegistryEvent)","Opcode":"Info","RuleName":"UACMe Dir Prep","UtcTime":"2023-03-03 17:27:15.528","ProcessGuid":"{BE59402F-2741-6402-8A00-000000001900}","Image":"C:\\Windows\\winsxs\\amd64_microsoft-windows-servicingstack_31bf3856ad364e35_10.0.14393.5351_none_7f0b8fbe21ea4a21\\TiWorker.exe","TargetObject":"HKLM\\SOFTWARE\\Microsoft\\Windows\\CurrentVersion\\Component Based Servicing\\PackageDetect\\Microsoft-Windows-BootEnvironment-BootManagers-Package~31bf3856ad364e35~amd64~sl-SI~0.0.0.0","User":"NT AUTHORITY\\SYSTEM","EventReceivedTime":1677864437,"SourceModuleName":"in_sysmon","SourceModuleType":"im_msvistalog"}
<14>Mar  3 17:27:17 win-server.lunarstiiiness.com Microsoft-Windows-Sysmon[1288]: {"EventTime":1677864435,"Hostname":"win-server.lunarstiiiness.com","Keywords":-9223372036854775808,"EventType":"INFO","SeverityValue":2,"Severity":"INFO","EventID":13,"SourceName":"Microsoft-Windows-Sysmon","ProviderGuid":"{5770385F-C22A-43E0-BF4C-06F5698FFBD9}","Version":2,"Task":13,"OpcodeValue":0,"RecordNumber":930437,"ProcessID":1288,"ThreadID":2884,"Channel":"Microsoft-Windows-Sysmon/Operational","Domain":"NT AUTHORITY","AccountName":"SYSTEM","UserID":"S-1-5-18","AccountType":"User","Message":"Registry value set:\r\nRuleName: UACMe Dir Prep\r\nEventType: SetValue\r\nUtcTime: 2023-03-03 17:27:15.528\r\nProcessGuid: {BE59402F-2741-6402-8A00-000000001900}\r\nProcessId: 4484\r\nImage: C:\\Windows\\winsxs\\amd64_microsoft-windows-servicingstack_31bf3856ad364e35_10.0.14393.5351_none_7f0b8fbe21ea4a21\\TiWorker.exe\r\nTargetObject: HKLM\\SOFTWARE\\Microsoft\\Windows\\CurrentVersion\\Component Based Servicing\\PackageDetect\\Microsoft-Windows-BootEnvironment-BootManagers-Package~31bf3856ad364e35~amd64~sl-SI~0.0.0.0\\Package_6393_for_KB5022838~31bf3856ad364e35~amd64~~10.0.1.13\r\nDetails: DWORD (0x00000002)\r\nUser: NT AUTHORITY\\SYSTEM","Category":"Registry value set (rule: RegistryEvent)","Opcode":"Info","RuleName":"UACMe Dir Prep","UtcTime":"2023-03-03 17:27:15.528","ProcessGuid":"{BE59402F-2741-6402-8A00-000000001900}","Image":"C:\\Windows\\winsxs\\amd64_microsoft-windows-servicingstack_31bf3856ad364e35_10.0.14393.5351_none_7f0b8fbe21ea4a21\\TiWorker.exe","TargetObject":"HKLM\\SOFTWARE\\Microsoft\\Windows\\CurrentVersion\\Component Based Servicing\\PackageDetect\\Microsoft-Windows-BootEnvironment-BootManagers-Package~31bf3856ad364e35~amd64~sl-SI~0.0.0.0\\Package_6393_for_KB5022838~31bf3856ad364e35~amd64~~10.0.1.13","Details":"DWORD (0x00000002)","User":"NT AUTHORITY\\SYSTEM","EventReceivedTime":1677864437,"SourceModuleName":"in_sysmon","SourceModuleType":"im_msvistalog"}
<14>Mar  3 17:27:19 win-server.lunarstiiiness.com Microsoft-Windows-Sysmon[1288]: {"EventTime":1677864437,"Hostname":"win-server.lunarstiiiness.com","Keywords":-9223372036854775808,"EventType":"INFO","SeverityValue":2,"Severity":"INFO","EventID":13,"SourceName":"Microsoft-Windows-Sysmon","ProviderGuid":"{5770385F-C22A-43E0-BF4C-06F5698FFBD9}","Version":2,"Task":13,"OpcodeValue":0,"RecordNumber":930439,"ProcessID":1288,"ThreadID":2884,"Channel":"Microsoft-Windows-Sysmon/Operational","Domain":"NT AUTHORITY","AccountName":"SYSTEM","UserID":"S-1-5-18","AccountType":"User","Message":"Registry value set:\r\nRuleName: UACMe Dir Prep\r\nEventType: SetValue\r\nUtcTime: 2023-03-03 17:27:17.239\r\nProcessGuid: {BE59402F-2741-6402-8A00-000000001900}\r\nProcessId: 4484\r\nImage: C:\\Windows\\winsxs\\amd64_microsoft-windows-servicingstack_31bf3856ad364e35_10.0.14393.5351_none_7f0b8fbe21ea4a21\\TiWorker.exe\r\nTargetObject: HKLM\\SOFTWARE\\Microsoft\\Windows\\CurrentVersion\\Component Based Servicing\\PackageDetect\\Microsoft-Windows-BootEnvironment-BootManagers-Package~31bf3856ad364e35~amd64~uk-UA~0.0.0.0\\Package_6447_for_KB5022838~31bf3856ad364e35~amd64~~10.0.1.13\r\nDetails: DWORD (0x00000002)\r\nUser: NT AUTHORITY\\SYSTEM","Category":"Registry value set (rule: RegistryEvent)","Opcode":"Info","RuleName":"UACMe Dir Prep","UtcTime":"2023-03-03 17:27:17.239","ProcessGuid":"{BE59402F-2741-6402-8A00-000000001900}","Image":"C:\\Windows\\winsxs\\amd64_microsoft-windows-servicingstack_31bf3856ad364e35_10.0.14393.5351_none_7f0b8fbe21ea4a21\\TiWorker.exe","TargetObject":"HKLM\\SOFTWARE\\Microsoft\\Windows\\CurrentVersion\\Component Based Servicing\\PackageDetect\\Microsoft-Windows-BootEnvironment-BootManagers-Package~31bf3856ad364e35~amd64~uk-UA~0.0.0.0\\Package_6447_for_KB5022838~31bf3856ad364e35~amd64~~10.0.1.13","Details":"DWORD (0x00000002)","User":"NT AUTHORITY\\SYSTEM","EventReceivedTime":1677864439,"SourceModuleName":"in_sysmon","SourceModuleType":"im_msvistalog"}
<14>Mar  3 17:27:19 win-server.lunarstiiiness.com Microsoft-Windows-Sysmon[1288]: {"EventTime":1677864437,"Hostname":"win-server.lunarstiiiness.com","Keywords":-9223372036854775808,"EventType":"INFO","SeverityValue":2,"Severity":"INFO","EventID":12,"SourceName":"Microsoft-Windows-Sysmon","ProviderGuid":"{5770385F-C22A-43E0-BF4C-06F5698FFBD9}","Version":2,"Task":12,"OpcodeValue":0,"RecordNumber":930438,"ProcessID":1288,"ThreadID":2884,"Channel":"Microsoft-Windows-Sysmon/Operational","Domain":"NT AUTHORITY","AccountName":"SYSTEM","UserID":"S-1-5-18","AccountType":"User","Message":"Registry object added or deleted:\r\nRuleName: UACMe Dir Prep\r\nEventType: CreateKey\r\nUtcTime: 2023-03-03 17:27:17.239\r\nProcessGuid: {BE59402F-2741-6402-8A00-000000001900}\r\nProcessId: 4484\r\nImage: C:\\Windows\\winsxs\\amd64_microsoft-windows-servicingstack_31bf3856ad364e35_10.0.14393.5351_none_7f0b8fbe21ea4a21\\TiWorker.exe\r\nTargetObject: HKLM\\SOFTWARE\\Microsoft\\Windows\\CurrentVersion\\Component Based Servicing\\PackageDetect\\Microsoft-Windows-BootEnvironment-BootManagers-Package~31bf3856ad364e35~amd64~uk-UA~0.0.0.0\r\nUser: NT AUTHORITY\\SYSTEM","Category":"Registry object added or deleted (rule: RegistryEvent)","Opcode":"Info","RuleName":"UACMe Dir Prep","UtcTime":"2023-03-03 17:27:17.239","ProcessGuid":"{BE59402F-2741-6402-8A00-000000001900}","Image":"C:\\Windows\\winsxs\\amd64_microsoft-windows-servicingstack_31bf3856ad364e35_10.0.14393.5351_none_7f0b8fbe21ea4a21\\TiWorker.exe","TargetObject":"HKLM\\SOFTWARE\\Microsoft\\Windows\\CurrentVersion\\Component Based Servicing\\PackageDetect\\Microsoft-Windows-BootEnvironment-BootManagers-Package~31bf3856ad364e35~amd64~uk-UA~0.0.0.0","User":"NT AUTHORITY\\SYSTEM","EventReceivedTime":1677864439,"SourceModuleName":"in_sysmon","SourceModuleType":"im_msvistalog"}
<14>Mar  3 17:27:20 win-server.lunarstiiiness.com Microsoft-Windows-Sysmon[1288]: {"EventTime":1677864439,"Hostname":"win-server.lunarstiiiness.com","Keywords":-9223372036854775808,"EventType":"INFO","SeverityValue":2,"Severity":"INFO","EventID":13,"SourceName":"Microsoft-Windows-Sysmon","ProviderGuid":"{5770385F-C22A-43E0-BF4C-06F5698FFBD9}","Version":2,"Task":13,"OpcodeValue":0,"RecordNumber":930441,"ProcessID":1288,"ThreadID":2884,"Channel":"Microsoft-Windows-Sysmon/Operational","Domain":"NT AUTHORITY","AccountName":"SYSTEM","UserID":"S-1-5-18","AccountType":"User","Message":"Registry value set:\r\nRuleName: UACMe Dir Prep\r\nEventType: SetValue\r\nUtcTime: 2023-03-03 17:27:18.841\r\nProcessGuid: {BE59402F-2741-6402-8A00-000000001900}\r\nProcessId: 4484\r\nImage: C:\\Windows\\winsxs\\amd64_microsoft-windows-servicingstack_31bf3856ad364e35_10.0.14393.5351_none_7f0b8fbe21ea4a21\\TiWorker.exe\r\nTargetObject: HKLM\\SOFTWARE\\Microsoft\\Windows\\CurrentVersion\\Component Based Servicing\\PackageDetect\\Microsoft-Windows-BootEnvironment-BootManagers-Package~31bf3856ad364e35~amd64~da-DK~0.0.0.0\\Package_6484_for_KB5022838~31bf3856ad364e35~amd64~~10.0.1.13\r\nDetails: DWORD (0x00000002)\r\nUser: NT AUTHORITY\\SYSTEM","Category":"Registry value set (rule: RegistryEvent)","Opcode":"Info","RuleName":"UACMe Dir Prep","UtcTime":"2023-03-03 17:27:18.841","ProcessGuid":"{BE59402F-2741-6402-8A00-000000001900}","Image":"C:\\Windows\\winsxs\\amd64_microsoft-windows-servicingstack_31bf3856ad364e35_10.0.14393.5351_none_7f0b8fbe21ea4a21\\TiWorker.exe","TargetObject":"HKLM\\SOFTWARE\\Microsoft\\Windows\\CurrentVersion\\Component Based Servicing\\PackageDetect\\Microsoft-Windows-BootEnvironment-BootManagers-Package~31bf3856ad364e35~amd64~da-DK~0.0.0.0\\Package_6484_for_KB5022838~31bf3856ad364e35~amd64~~10.0.1.13","Details":"DWORD (0x00000002)","User":"NT AUTHORITY\\SYSTEM","EventReceivedTime":1677864440,"SourceModuleName":"in_sysmon","SourceModuleType":"im_msvistalog"}
<14>Mar  3 17:27:20 win-server.lunarstiiiness.com Microsoft-Windows-Sysmon[1288]: {"EventTime":1677864439,"Hostname":"win-server.lunarstiiiness.com","Keywords":-9223372036854775808,"EventType":"INFO","SeverityValue":2,"Severity":"INFO","EventID":12,"SourceName":"Microsoft-Windows-Sysmon","ProviderGuid":"{5770385F-C22A-43E0-BF4C-06F5698FFBD9}","Version":2,"Task":12,"OpcodeValue":0,"RecordNumber":930440,"ProcessID":1288,"ThreadID":2884,"Channel":"Microsoft-Windows-Sysmon/Operational","Domain":"NT AUTHORITY","AccountName":"SYSTEM","UserID":"S-1-5-18","AccountType":"User","Message":"Registry object added or deleted:\r\nRuleName: UACMe Dir Prep\r\nEventType: CreateKey\r\nUtcTime: 2023-03-03 17:27:18.841\r\nProcessGuid: {BE59402F-2741-6402-8A00-000000001900}\r\nProcessId: 4484\r\nImage: C:\\Windows\\winsxs\\amd64_microsoft-windows-servicingstack_31bf3856ad364e35_10.0.14393.5351_none_7f0b8fbe21ea4a21\\TiWorker.exe\r\nTargetObject: HKLM\\SOFTWARE\\Microsoft\\Windows\\CurrentVersion\\Component Based Servicing\\PackageDetect\\Microsoft-Windows-BootEnvironment-BootManagers-Package~31bf3856ad364e35~amd64~da-DK~0.0.0.0\r\nUser: NT AUTHORITY\\SYSTEM","Category":"Registry object added or deleted (rule: RegistryEvent)","Opcode":"Info","RuleName":"UACMe Dir Prep","UtcTime":"2023-03-03 17:27:18.841","ProcessGuid":"{BE59402F-2741-6402-8A00-000000001900}","Image":"C:\\Windows\\winsxs\\amd64_microsoft-windows-servicingstack_31bf3856ad364e35_10.0.14393.5351_none_7f0b8fbe21ea4a21\\TiWorker.exe","TargetObject":"HKLM\\SOFTWARE\\Microsoft\\Windows\\CurrentVersion\\Component Based Servicing\\PackageDetect\\Microsoft-Windows-BootEnvironment-BootManagers-Package~31bf3856ad364e35~amd64~da-DK~0.0.0.0","User":"NT AUTHORITY\\SYSTEM","EventReceivedTime":1677864440,"SourceModuleName":"in_sysmon","SourceModuleType":"im_msvistalog"}
<14>Mar  3 17:27:20 win-server.lunarstiiiness.com Microsoft-Windows-Sysmon[1288]: {"EventTime":1677864439,"Hostname":"win-server.lunarstiiiness.com","Keywords":-9223372036854775808,"EventType":"INFO","SeverityValue":2,"Severity":"INFO","EventID":12,"SourceName":"Microsoft-Windows-Sysmon","ProviderGuid":"{5770385F-C22A-43E0-BF4C-06F5698FFBD9}","Version":2,"Task":12,"OpcodeValue":0,"RecordNumber":930442,"ProcessID":1288,"ThreadID":2884,"Channel":"Microsoft-Windows-Sysmon/Operational","Domain":"NT AUTHORITY","AccountName":"SYSTEM","UserID":"S-1-5-18","AccountType":"User","Message":"Registry object added or deleted:\r\nRuleName: UACMe Dir Prep\r\nEventType: CreateKey\r\nUtcTime: 2023-03-03 17:27:19.271\r\nProcessGuid: {BE59402F-2741-6402-8A00-000000001900}\r\nProcessId: 4484\r\nImage: C:\\Windows\\winsxs\\amd64_microsoft-windows-servicingstack_31bf3856ad364e35_10.0.14393.5351_none_7f0b8fbe21ea4a21\\TiWorker.exe\r\nTargetObject: HKLM\\SOFTWARE\\Microsoft\\Windows\\CurrentVersion\\Component Based Servicing\\PackageDetect\\Microsoft-Windows-BootEnvironment-BootManagers-Package~31bf3856ad364e35~amd64~de-DE~0.0.0.0\r\nUser: NT AUTHORITY\\SYSTEM","Category":"Registry object added or deleted (rule: RegistryEvent)","Opcode":"Info","RuleName":"UACMe Dir Prep","UtcTime":"2023-03-03 17:27:19.271","ProcessGuid":"{BE59402F-2741-6402-8A00-000000001900}","Image":"C:\\Windows\\winsxs\\amd64_microsoft-windows-servicingstack_31bf3856ad364e35_10.0.14393.5351_none_7f0b8fbe21ea4a21\\TiWorker.exe","TargetObject":"HKLM\\SOFTWARE\\Microsoft\\Windows\\CurrentVersion\\Component Based Servicing\\PackageDetect\\Microsoft-Windows-BootEnvironment-BootManagers-Package~31bf3856ad364e35~amd64~de-DE~0.0.0.0","User":"NT AUTHORITY\\SYSTEM","EventReceivedTime":1677864440,"SourceModuleName":"in_sysmon","SourceModuleType":"im_msvistalog"}
<14>Mar  3 17:27:20 win-server.lunarstiiiness.com Microsoft-Windows-Sysmon[1288]: {"EventTime":1677864439,"Hostname":"win-server.lunarstiiiness.com","Keywords":-9223372036854775808,"EventType":"INFO","SeverityValue":2,"Severity":"INFO","EventID":13,"SourceName":"Microsoft-Windows-Sysmon","ProviderGuid":"{5770385F-C22A-43E0-BF4C-06F5698FFBD9}","Version":2,"Task":13,"OpcodeValue":0,"RecordNumber":930443,"ProcessID":1288,"ThreadID":2884,"Channel":"Microsoft-Windows-Sysmon/Operational","Domain":"NT AUTHORITY","AccountName":"SYSTEM","UserID":"S-1-5-18","AccountType":"User","Message":"Registry value set:\r\nRuleName: UACMe Dir Prep\r\nEventType: SetValue\r\nUtcTime: 2023-03-03 17:27:19.271\r\nProcessGuid: {BE59402F-2741-6402-8A00-000000001900}\r\nProcessId: 4484\r\nImage: C:\\Windows\\winsxs\\amd64_microsoft-windows-servicingstack_31bf3856ad364e35_10.0.14393.5351_none_7f0b8fbe21ea4a21\\TiWorker.exe\r\nTargetObject: HKLM\\SOFTWARE\\Microsoft\\Windows\\CurrentVersion\\Component Based Servicing\\PackageDetect\\Microsoft-Windows-BootEnvironment-BootManagers-Package~31bf3856ad364e35~amd64~de-DE~0.0.0.0\\Package_6488_for_KB5022838~31bf3856ad364e35~amd64~~10.0.1.13\r\nDetails: DWORD (0x00000002)\r\nUser: NT AUTHORITY\\SYSTEM","Category":"Registry value set (rule: RegistryEvent)","Opcode":"Info","RuleName":"UACMe Dir Prep","UtcTime":"2023-03-03 17:27:19.271","ProcessGuid":"{BE59402F-2741-6402-8A00-000000001900}","Image":"C:\\Windows\\winsxs\\amd64_microsoft-windows-servicingstack_31bf3856ad364e35_10.0.14393.5351_none_7f0b8fbe21ea4a21\\TiWorker.exe","TargetObject":"HKLM\\SOFTWARE\\Microsoft\\Windows\\CurrentVersion\\Component Based Servicing\\PackageDetect\\Microsoft-Windows-BootEnvironment-BootManagers-Package~31bf3856ad364e35~amd64~de-DE~0.0.0.0\\Package_6488_for_KB5022838~31bf3856ad364e35~amd64~~10.0.1.13","Details":"DWORD (0x00000002)","User":"NT AUTHORITY\\SYSTEM","EventReceivedTime":1677864440,"SourceModuleName":"in_sysmon","SourceModuleType":"im_msvistalog"}
<14>Mar  3 17:27:29 win-server.lunarstiiiness.com Microsoft-Windows-Sysmon[1288]: {"EventTime":1677864448,"Hostname":"win-server.lunarstiiiness.com","Keywords":-9223372036854775808,"EventType":"INFO","SeverityValue":2,"Severity":"INFO","EventID":13,"SourceName":"Microsoft-Windows-Sysmon","ProviderGuid":"{5770385F-C22A-43E0-BF4C-06F5698FFBD9}","Version":2,"Task":13,"OpcodeValue":0,"RecordNumber":930445,"ProcessID":1288,"ThreadID":2884,"Channel":"Microsoft-Windows-Sysmon/Operational","Domain":"NT AUTHORITY","AccountName":"SYSTEM","UserID":"S-1-5-18","AccountType":"User","Message":"Registry value set:\r\nRuleName: UACMe Dir Prep\r\nEventType: SetValue\r\nUtcTime: 2023-03-03 17:27:28.247\r\nProcessGuid: {BE59402F-2741-6402-8A00-000000001900}\r\nProcessId: 4484\r\nImage: C:\\Windows\\winsxs\\amd64_microsoft-windows-servicingstack_31bf3856ad364e35_10.0.14393.5351_none_7f0b8fbe21ea4a21\\TiWorker.exe\r\nTargetObject: HKLM\\SOFTWARE\\Microsoft\\Windows\\CurrentVersion\\Component Based Servicing\\PackageDetect\\Microsoft-Windows-BootEnvironment-BootManagers-Package~31bf3856ad364e35~amd64~sr-LATN-RS~0.0.0.0\\Package_6683_for_KB5022838~31bf3856ad364e35~amd64~~10.0.1.13\r\nDetails: DWORD (0x00000002)\r\nUser: NT AUTHORITY\\SYSTEM","Category":"Registry value set (rule: RegistryEvent)","Opcode":"Info","RuleName":"UACMe Dir Prep","UtcTime":"2023-03-03 17:27:28.247","ProcessGuid":"{BE59402F-2741-6402-8A00-000000001900}","Image":"C:\\Windows\\winsxs\\amd64_microsoft-windows-servicingstack_31bf3856ad364e35_10.0.14393.5351_none_7f0b8fbe21ea4a21\\TiWorker.exe","TargetObject":"HKLM\\SOFTWARE\\Microsoft\\Windows\\CurrentVersion\\Component Based Servicing\\PackageDetect\\Microsoft-Windows-BootEnvironment-BootManagers-Package~31bf3856ad364e35~amd64~sr-LATN-RS~0.0.0.0\\Package_6683_for_KB5022838~31bf3856ad364e35~amd64~~10.0.1.13","Details":"DWORD (0x00000002)","User":"NT AUTHORITY\\SYSTEM","EventReceivedTime":1677864449,"SourceModuleName":"in_sysmon","SourceModuleType":"im_msvistalog"}
<14>Mar  3 17:27:29 win-server.lunarstiiiness.com Microsoft-Windows-Sysmon[1288]: {"EventTime":1677864448,"Hostname":"win-server.lunarstiiiness.com","Keywords":-9223372036854775808,"EventType":"INFO","SeverityValue":2,"Severity":"INFO","EventID":12,"SourceName":"Microsoft-Windows-Sysmon","ProviderGuid":"{5770385F-C22A-43E0-BF4C-06F5698FFBD9}","Version":2,"Task":12,"OpcodeValue":0,"RecordNumber":930444,"ProcessID":1288,"ThreadID":2884,"Channel":"Microsoft-Windows-Sysmon/Operational","Domain":"NT AUTHORITY","AccountName":"SYSTEM","UserID":"S-1-5-18","AccountType":"User","Message":"Registry object added or deleted:\r\nRuleName: UACMe Dir Prep\r\nEventType: CreateKey\r\nUtcTime: 2023-03-03 17:27:28.247\r\nProcessGuid: {BE59402F-2741-6402-8A00-000000001900}\r\nProcessId: 4484\r\nImage: C:\\Windows\\winsxs\\amd64_microsoft-windows-servicingstack_31bf3856ad364e35_10.0.14393.5351_none_7f0b8fbe21ea4a21\\TiWorker.exe\r\nTargetObject: HKLM\\SOFTWARE\\Microsoft\\Windows\\CurrentVersion\\Component Based Servicing\\PackageDetect\\Microsoft-Windows-BootEnvironment-BootManagers-Package~31bf3856ad364e35~amd64~sr-LATN-RS~0.0.0.0\r\nUser: NT AUTHORITY\\SYSTEM","Category":"Registry object added or deleted (rule: RegistryEvent)","Opcode":"Info","RuleName":"UACMe Dir Prep","UtcTime":"2023-03-03 17:27:28.247","ProcessGuid":"{BE59402F-2741-6402-8A00-000000001900}","Image":"C:\\Windows\\winsxs\\amd64_microsoft-windows-servicingstack_31bf3856ad364e35_10.0.14393.5351_none_7f0b8fbe21ea4a21\\TiWorker.exe","TargetObject":"HKLM\\SOFTWARE\\Microsoft\\Windows\\CurrentVersion\\Component Based Servicing\\PackageDetect\\Microsoft-Windows-BootEnvironment-BootManagers-Package~31bf3856ad364e35~amd64~sr-LATN-RS~0.0.0.0","User":"NT AUTHORITY\\SYSTEM","EventReceivedTime":1677864449,"SourceModuleName":"in_sysmon","SourceModuleType":"im_msvistalog"}
<14>Mar  3 17:27:29 win-server.lunarstiiiness.com Microsoft-Windows-Sysmon[1288]: {"EventTime":1677864448,"Hostname":"win-server.lunarstiiiness.com","Keywords":-9223372036854775808,"EventType":"INFO","SeverityValue":2,"Severity":"INFO","EventID":12,"SourceName":"Microsoft-Windows-Sysmon","ProviderGuid":"{5770385F-C22A-43E0-BF4C-06F5698FFBD9}","Version":2,"Task":12,"OpcodeValue":0,"RecordNumber":930446,"ProcessID":1288,"ThreadID":2884,"Channel":"Microsoft-Windows-Sysmon/Operational","Domain":"NT AUTHORITY","AccountName":"SYSTEM","UserID":"S-1-5-18","AccountType":"User","Message":"Registry object added or deleted:\r\nRuleName: UACMe Dir Prep\r\nEventType: CreateKey\r\nUtcTime: 2023-03-03 17:27:28.786\r\nProcessGuid: {BE59402F-2741-6402-8A00-000000001900}\r\nProcessId: 4484\r\nImage: C:\\Windows\\winsxs\\amd64_microsoft-windows-servicingstack_31bf3856ad364e35_10.0.14393.5351_none_7f0b8fbe21ea4a21\\TiWorker.exe\r\nTargetObject: HKLM\\SOFTWARE\\Microsoft\\Windows\\CurrentVersion\\Component Based Servicing\\PackageDetect\\Microsoft-Windows-BootEnvironment-BootManagers-Package~31bf3856ad364e35~amd64~tr-TR~0.0.0.0\r\nUser: NT AUTHORITY\\SYSTEM","Category":"Registry object added or deleted (rule: RegistryEvent)","Opcode":"Info","RuleName":"UACMe Dir Prep","UtcTime":"2023-03-03 17:27:28.786","ProcessGuid":"{BE59402F-2741-6402-8A00-000000001900}","Image":"C:\\Windows\\winsxs\\amd64_microsoft-windows-servicingstack_31bf3856ad364e35_10.0.14393.5351_none_7f0b8fbe21ea4a21\\TiWorker.exe","TargetObject":"HKLM\\SOFTWARE\\Microsoft\\Windows\\CurrentVersion\\Component Based Servicing\\PackageDetect\\Microsoft-Windows-BootEnvironment-BootManagers-Package~31bf3856ad364e35~amd64~tr-TR~0.0.0.0","User":"NT AUTHORITY\\SYSTEM","EventReceivedTime":1677864449,"SourceModuleName":"in_sysmon","SourceModuleType":"im_msvistalog"}
<14>Mar  3 17:27:29 win-server.lunarstiiiness.com Microsoft-Windows-Sysmon[1288]: {"EventTime":1677864448,"Hostname":"win-server.lunarstiiiness.com","Keywords":-9223372036854775808,"EventType":"INFO","SeverityValue":2,"Severity":"INFO","EventID":13,"SourceName":"Microsoft-Windows-Sysmon","ProviderGuid":"{5770385F-C22A-43E0-BF4C-06F5698FFBD9}","Version":2,"Task":13,"OpcodeValue":0,"RecordNumber":930447,"ProcessID":1288,"ThreadID":2884,"Channel":"Microsoft-Windows-Sysmon/Operational","Domain":"NT AUTHORITY","AccountName":"SYSTEM","UserID":"S-1-5-18","AccountType":"User","Message":"Registry value set:\r\nRuleName: UACMe Dir Prep\r\nEventType: SetValue\r\nUtcTime: 2023-03-03 17:27:28.786\r\nProcessGuid: {BE59402F-2741-6402-8A00-000000001900}\r\nProcessId: 4484\r\nImage: C:\\Windows\\winsxs\\amd64_microsoft-windows-servicingstack_31bf3856ad364e35_10.0.14393.5351_none_7f0b8fbe21ea4a21\\TiWorker.exe\r\nTargetObject: HKLM\\SOFTWARE\\Microsoft\\Windows\\CurrentVersion\\Component Based Servicing\\PackageDetect\\Microsoft-Windows-BootEnvironment-BootManagers-Package~31bf3856ad364e35~amd64~tr-TR~0.0.0.0\\Package_6692_for_KB5022838~31bf3856ad364e35~amd64~~10.0.1.13\r\nDetails: DWORD (0x00000002)\r\nUser: NT AUTHORITY\\SYSTEM","Category":"Registry value set (rule: RegistryEvent)","Opcode":"Info","RuleName":"UACMe Dir Prep","UtcTime":"2023-03-03 17:27:28.786","ProcessGuid":"{BE59402F-2741-6402-8A00-000000001900}","Image":"C:\\Windows\\winsxs\\amd64_microsoft-windows-servicingstack_31bf3856ad364e35_10.0.14393.5351_none_7f0b8fbe21ea4a21\\TiWorker.exe","TargetObject":"HKLM\\SOFTWARE\\Microsoft\\Windows\\CurrentVersion\\Component Based Servicing\\PackageDetect\\Microsoft-Windows-BootEnvironment-BootManagers-Package~31bf3856ad364e35~amd64~tr-TR~0.0.0.0\\Package_6692_for_KB5022838~31bf3856ad364e35~amd64~~10.0.1.13","Details":"DWORD (0x00000002)","User":"NT AUTHORITY\\SYSTEM","EventReceivedTime":1677864449,"SourceModuleName":"in_sysmon","SourceModuleType":"im_msvistalog"}
<14>Mar  3 17:27:30 win-server.lunarstiiiness.com Microsoft-Windows-Sysmon[1288]: {"EventTime":1677864449,"Hostname":"win-server.lunarstiiiness.com","Keywords":-9223372036854775808,"EventType":"INFO","SeverityValue":2,"Severity":"INFO","EventID":13,"SourceName":"Microsoft-Windows-Sysmon","ProviderGuid":"{5770385F-C22A-43E0-BF4C-06F5698FFBD9}","Version":2,"Task":13,"OpcodeValue":0,"RecordNumber":930449,"ProcessID":1288,"ThreadID":2884,"Channel":"Microsoft-Windows-Sysmon/Operational","Domain":"NT AUTHORITY","AccountName":"SYSTEM","UserID":"S-1-5-18","AccountType":"User","Message":"Registry value set:\r\nRuleName: UACMe Dir Prep\r\nEventType: SetValue\r\nUtcTime: 2023-03-03 17:27:29.076\r\nProcessGuid: {BE59402F-2741-6402-8A00-000000001900}\r\nProcessId: 4484\r\nImage: C:\\Windows\\winsxs\\amd64_microsoft-windows-servicingstack_31bf3856ad364e35_10.0.14393.5351_none_7f0b8fbe21ea4a21\\TiWorker.exe\r\nTargetObject: HKLM\\SOFTWARE\\Microsoft\\Windows\\CurrentVersion\\Component Based Servicing\\PackageDetect\\Microsoft-Windows-BootEnvironment-BootManagers-Package~31bf3856ad364e35~amd64~ko-KR~0.0.0.0\\Package_6696_for_KB5022838~31bf3856ad364e35~amd64~~10.0.1.13\r\nDetails: DWORD (0x00000002)\r\nUser: NT AUTHORITY\\SYSTEM","Category":"Registry value set (rule: RegistryEvent)","Opcode":"Info","RuleName":"UACMe Dir Prep","UtcTime":"2023-03-03 17:27:29.076","ProcessGuid":"{BE59402F-2741-6402-8A00-000000001900}","Image":"C:\\Windows\\winsxs\\amd64_microsoft-windows-servicingstack_31bf3856ad364e35_10.0.14393.5351_none_7f0b8fbe21ea4a21\\TiWorker.exe","TargetObject":"HKLM\\SOFTWARE\\Microsoft\\Windows\\CurrentVersion\\Component Based Servicing\\PackageDetect\\Microsoft-Windows-BootEnvironment-BootManagers-Package~31bf3856ad364e35~amd64~ko-KR~0.0.0.0\\Package_6696_for_KB5022838~31bf3856ad364e35~amd64~~10.0.1.13","Details":"DWORD (0x00000002)","User":"NT AUTHORITY\\SYSTEM","EventReceivedTime":1677864450,"SourceModuleName":"in_sysmon","SourceModuleType":"im_msvistalog"}
<14>Mar  3 17:27:30 win-server.lunarstiiiness.com Microsoft-Windows-Sysmon[1288]: {"EventTime":1677864449,"Hostname":"win-server.lunarstiiiness.com","Keywords":-9223372036854775808,"EventType":"INFO","SeverityValue":2,"Severity":"INFO","EventID":12,"SourceName":"Microsoft-Windows-Sysmon","ProviderGuid":"{5770385F-C22A-43E0-BF4C-06F5698FFBD9}","Version":2,"Task":12,"OpcodeValue":0,"RecordNumber":930448,"ProcessID":1288,"ThreadID":2884,"Channel":"Microsoft-Windows-Sysmon/Operational","Domain":"NT AUTHORITY","AccountName":"SYSTEM","UserID":"S-1-5-18","AccountType":"User","Message":"Registry object added or deleted:\r\nRuleName: UACMe Dir Prep\r\nEventType: CreateKey\r\nUtcTime: 2023-03-03 17:27:29.076\r\nProcessGuid: {BE59402F-2741-6402-8A00-000000001900}\r\nProcessId: 4484\r\nImage: C:\\Windows\\winsxs\\amd64_microsoft-windows-servicingstack_31bf3856ad364e35_10.0.14393.5351_none_7f0b8fbe21ea4a21\\TiWorker.exe\r\nTargetObject: HKLM\\SOFTWARE\\Microsoft\\Windows\\CurrentVersion\\Component Based Servicing\\PackageDetect\\Microsoft-Windows-BootEnvironment-BootManagers-Package~31bf3856ad364e35~amd64~ko-KR~0.0.0.0\r\nUser: NT AUTHORITY\\SYSTEM","Category":"Registry object added or deleted (rule: RegistryEvent)","Opcode":"Info","RuleName":"UACMe Dir Prep","UtcTime":"2023-03-03 17:27:29.076","ProcessGuid":"{BE59402F-2741-6402-8A00-000000001900}","Image":"C:\\Windows\\winsxs\\amd64_microsoft-windows-servicingstack_31bf3856ad364e35_10.0.14393.5351_none_7f0b8fbe21ea4a21\\TiWorker.exe","TargetObject":"HKLM\\SOFTWARE\\Microsoft\\Windows\\CurrentVersion\\Component Based Servicing\\PackageDetect\\Microsoft-Windows-BootEnvironment-BootManagers-Package~31bf3856ad364e35~amd64~ko-KR~0.0.0.0","User":"NT AUTHORITY\\SYSTEM","EventReceivedTime":1677864450,"SourceModuleName":"in_sysmon","SourceModuleType":"im_msvistalog"}
<14>Mar  3 17:27:36 win-server.lunarstiiiness.com Microsoft-Windows-Sysmon[1288]: {"EventTime":1677864454,"Hostname":"win-server.lunarstiiiness.com","Keywords":-9223372036854775808,"EventType":"INFO","SeverityValue":2,"Severity":"INFO","EventID":12,"SourceName":"Microsoft-Windows-Sysmon","ProviderGuid":"{5770385F-C22A-43E0-BF4C-06F5698FFBD9}","Version":2,"Task":12,"OpcodeValue":0,"RecordNumber":930450,"ProcessID":1288,"ThreadID":2884,"Channel":"Microsoft-Windows-Sysmon/Operational","Domain":"NT AUTHORITY","AccountName":"SYSTEM","UserID":"S-1-5-18","AccountType":"User","Message":"Registry object added or deleted:\r\nRuleName: UACMe Dir Prep\r\nEventType: CreateKey\r\nUtcTime: 2023-03-03 17:27:34.521\r\nProcessGuid: {BE59402F-2741-6402-8A00-000000001900}\r\nProcessId: 4484\r\nImage: C:\\Windows\\winsxs\\amd64_microsoft-windows-servicingstack_31bf3856ad364e35_10.0.14393.5351_none_7f0b8fbe21ea4a21\\TiWorker.exe\r\nTargetObject: HKLM\\SOFTWARE\\Microsoft\\Windows\\CurrentVersion\\Component Based Servicing\\PackageDetect\\Microsoft-Windows-BootEnvironment-BootManagers-Package~31bf3856ad364e35~amd64~es-ES~0.0.0.0\r\nUser: NT AUTHORITY\\SYSTEM","Category":"Registry object added or deleted (rule: RegistryEvent)","Opcode":"Info","RuleName":"UACMe Dir Prep","UtcTime":"2023-03-03 17:27:34.521","ProcessGuid":"{BE59402F-2741-6402-8A00-000000001900}","Image":"C:\\Windows\\winsxs\\amd64_microsoft-windows-servicingstack_31bf3856ad364e35_10.0.14393.5351_none_7f0b8fbe21ea4a21\\TiWorker.exe","TargetObject":"HKLM\\SOFTWARE\\Microsoft\\Windows\\CurrentVersion\\Component Based Servicing\\PackageDetect\\Microsoft-Windows-BootEnvironment-BootManagers-Package~31bf3856ad364e35~amd64~es-ES~0.0.0.0","User":"NT AUTHORITY\\SYSTEM","EventReceivedTime":1677864456,"SourceModuleName":"in_sysmon","SourceModuleType":"im_msvistalog"}
<14>Mar  3 17:27:36 win-server.lunarstiiiness.com Microsoft-Windows-Sysmon[1288]: {"EventTime":1677864454,"Hostname":"win-server.lunarstiiiness.com","Keywords":-9223372036854775808,"EventType":"INFO","SeverityValue":2,"Severity":"INFO","EventID":13,"SourceName":"Microsoft-Windows-Sysmon","ProviderGuid":"{5770385F-C22A-43E0-BF4C-06F5698FFBD9}","Version":2,"Task":13,"OpcodeValue":0,"RecordNumber":930451,"ProcessID":1288,"ThreadID":2884,"Channel":"Microsoft-Windows-Sysmon/Operational","Domain":"NT AUTHORITY","AccountName":"SYSTEM","UserID":"S-1-5-18","AccountType":"User","Message":"Registry value set:\r\nRuleName: UACMe Dir Prep\r\nEventType: SetValue\r\nUtcTime: 2023-03-03 17:27:34.521\r\nProcessGuid: {BE59402F-2741-6402-8A00-000000001900}\r\nProcessId: 4484\r\nImage: C:\\Windows\\winsxs\\amd64_microsoft-windows-servicingstack_31bf3856ad364e35_10.0.14393.5351_none_7f0b8fbe21ea4a21\\TiWorker.exe\r\nTargetObject: HKLM\\SOFTWARE\\Microsoft\\Windows\\CurrentVersion\\Component Based Servicing\\PackageDetect\\Microsoft-Windows-BootEnvironment-BootManagers-Package~31bf3856ad364e35~amd64~es-ES~0.0.0.0\\Package_6844_for_KB5022838~31bf3856ad364e35~amd64~~10.0.1.13\r\nDetails: DWORD (0x00000002)\r\nUser: NT AUTHORITY\\SYSTEM","Category":"Registry value set (rule: RegistryEvent)","Opcode":"Info","RuleName":"UACMe Dir Prep","UtcTime":"2023-03-03 17:27:34.521","ProcessGuid":"{BE59402F-2741-6402-8A00-000000001900}","Image":"C:\\Windows\\winsxs\\amd64_microsoft-windows-servicingstack_31bf3856ad364e35_10.0.14393.5351_none_7f0b8fbe21ea4a21\\TiWorker.exe","TargetObject":"HKLM\\SOFTWARE\\Microsoft\\Windows\\CurrentVersion\\Component Based Servicing\\PackageDetect\\Microsoft-Windows-BootEnvironment-BootManagers-Package~31bf3856ad364e35~amd64~es-ES~0.0.0.0\\Package_6844_for_KB5022838~31bf3856ad364e35~amd64~~10.0.1.13","Details":"DWORD (0x00000002)","User":"NT AUTHORITY\\SYSTEM","EventReceivedTime":1677864456,"SourceModuleName":"in_sysmon","SourceModuleType":"im_msvistalog"}
<14>Mar  3 17:27:40 win-server.lunarstiiiness.com Microsoft-Windows-Sysmon[1288]: {"EventTime":1677864459,"Hostname":"win-server.lunarstiiiness.com","Keywords":-9223372036854775808,"EventType":"INFO","SeverityValue":2,"Severity":"INFO","EventID":3,"SourceName":"Microsoft-Windows-Sysmon","ProviderGuid":"{5770385F-C22A-43E0-BF4C-06F5698FFBD9}","Version":5,"Task":3,"OpcodeValue":0,"RecordNumber":930452,"ProcessID":1288,"ThreadID":2392,"Channel":"Microsoft-Windows-Sysmon/Operational","Domain":"NT AUTHORITY","AccountName":"SYSTEM","UserID":"S-1-5-18","AccountType":"User","Message":"Network connection detected:\r\nRuleName: technique_id=T1021,technique_name=Remote Services\r\nUtcTime: 2023-03-03 17:27:38.417\r\nProcessGuid: {BE59402F-260D-6402-1100-000000001900}\r\nProcessId: 880\r\nImage: C:\\Windows\\System32\\svchost.exe\r\nUser: NT AUTHORITY\\NETWORK SERVICE\r\nProtocol: tcp\r\nInitiated: false\r\nSourceIsIpv6: false\r\nSourceIp: 108.44.242.211\r\nSourceHostname: -\r\nSourcePort: 57730\r\nSourcePortName: -\r\nDestinationIsIpv6: false\r\nDestinationIp: 10.128.0.22\r\nDestinationHostname: -\r\nDestinationPort: 3389\r\nDestinationPortName: -","Category":"Network connection detected (rule: NetworkConnect)","Opcode":"Info","RuleName":"technique_id=T1021,technique_name=Remote Services","UtcTime":"2023-03-03 17:27:38.417","ProcessGuid":"{BE59402F-260D-6402-1100-000000001900}","Image":"C:\\Windows\\System32\\svchost.exe","User":"NT AUTHORITY\\NETWORK SERVICE","Protocol":"tcp","Initiated":"false","SourceIsIpv6":"false","SourceIp":"108.44.242.211","SourceHostname":"-","SourcePort":"57730","SourcePortName":"-","DestinationIsIpv6":"false","DestinationIp":"10.128.0.22","DestinationHostname":"-","DestinationPort":"3389","DestinationPortName":"-","EventReceivedTime":1677864460,"SourceModuleName":"in_sysmon","SourceModuleType":"im_msvistalog"}
<14>Mar  3 17:27:42 win-server.lunarstiiiness.com Microsoft-Windows-Sysmon[1288]: {"EventTime":1677864461,"Hostname":"win-server.lunarstiiiness.com","Keywords":-9223372036854775808,"EventType":"INFO","SeverityValue":2,"Severity":"INFO","EventID":13,"SourceName":"Microsoft-Windows-Sysmon","ProviderGuid":"{5770385F-C22A-43E0-BF4C-06F5698FFBD9}","Version":2,"Task":13,"OpcodeValue":0,"RecordNumber":930455,"ProcessID":1288,"ThreadID":2884,"Channel":"Microsoft-Windows-Sysmon/Operational","Domain":"NT AUTHORITY","AccountName":"SYSTEM","UserID":"S-1-5-18","AccountType":"User","Message":"Registry value set:\r\nRuleName: UACMe Dir Prep\r\nEventType: SetValue\r\nUtcTime: 2023-03-03 17:27:41.247\r\nProcessGuid: {BE59402F-2741-6402-8A00-000000001900}\r\nProcessId: 4484\r\nImage: C:\\Windows\\winsxs\\amd64_microsoft-windows-servicingstack_31bf3856ad364e35_10.0.14393.5351_none_7f0b8fbe21ea4a21\\TiWorker.exe\r\nTargetObject: HKLM\\SOFTWARE\\Microsoft\\Windows\\CurrentVersion\\Component Based Servicing\\PackageDetect\\Microsoft-Windows-BootEnvironment-BootManagers-Package~31bf3856ad364e35~amd64~es-MX~0.0.0.0\\Package_6960_for_KB5022838~31bf3856ad364e35~amd64~~10.0.1.13\r\nDetails: DWORD (0x00000002)\r\nUser: NT AUTHORITY\\SYSTEM","Category":"Registry value set (rule: RegistryEvent)","Opcode":"Info","RuleName":"UACMe Dir Prep","UtcTime":"2023-03-03 17:27:41.247","ProcessGuid":"{BE59402F-2741-6402-8A00-000000001900}","Image":"C:\\Windows\\winsxs\\amd64_microsoft-windows-servicingstack_31bf3856ad364e35_10.0.14393.5351_none_7f0b8fbe21ea4a21\\TiWorker.exe","TargetObject":"HKLM\\SOFTWARE\\Microsoft\\Windows\\CurrentVersion\\Component Based Servicing\\PackageDetect\\Microsoft-Windows-BootEnvironment-BootManagers-Package~31bf3856ad364e35~amd64~es-MX~0.0.0.0\\Package_6960_for_KB5022838~31bf3856ad364e35~amd64~~10.0.1.13","Details":"DWORD (0x00000002)","User":"NT AUTHORITY\\SYSTEM","EventReceivedTime":1677864462,"SourceModuleName":"in_sysmon","SourceModuleType":"im_msvistalog"}
<14>Mar  3 17:27:42 win-server.lunarstiiiness.com Microsoft-Windows-Sysmon[1288]: {"EventTime":1677864461,"Hostname":"win-server.lunarstiiiness.com","Keywords":-9223372036854775808,"EventType":"INFO","SeverityValue":2,"Severity":"INFO","EventID":12,"SourceName":"Microsoft-Windows-Sysmon","ProviderGuid":"{5770385F-C22A-43E0-BF4C-06F5698FFBD9}","Version":2,"Task":12,"OpcodeValue":0,"RecordNumber":930454,"ProcessID":1288,"ThreadID":2884,"Channel":"Microsoft-Windows-Sysmon/Operational","Domain":"NT AUTHORITY","AccountName":"SYSTEM","UserID":"S-1-5-18","AccountType":"User","Message":"Registry object added or deleted:\r\nRuleName: UACMe Dir Prep\r\nEventType: CreateKey\r\nUtcTime: 2023-03-03 17:27:41.247\r\nProcessGuid: {BE59402F-2741-6402-8A00-000000001900}\r\nProcessId: 4484\r\nImage: C:\\Windows\\winsxs\\amd64_microsoft-windows-servicingstack_31bf3856ad364e35_10.0.14393.5351_none_7f0b8fbe21ea4a21\\TiWorker.exe\r\nTargetObject: HKLM\\SOFTWARE\\Microsoft\\Windows\\CurrentVersion\\Component Based Servicing\\PackageDetect\\Microsoft-Windows-BootEnvironment-BootManagers-Package~31bf3856ad364e35~amd64~es-MX~0.0.0.0\r\nUser: NT AUTHORITY\\SYSTEM","Category":"Registry object added or deleted (rule: RegistryEvent)","Opcode":"Info","RuleName":"UACMe Dir Prep","UtcTime":"2023-03-03 17:27:41.247","ProcessGuid":"{BE59402F-2741-6402-8A00-000000001900}","Image":"C:\\Windows\\winsxs\\amd64_microsoft-windows-servicingstack_31bf3856ad364e35_10.0.14393.5351_none_7f0b8fbe21ea4a21\\TiWorker.exe","TargetObject":"HKLM\\SOFTWARE\\Microsoft\\Windows\\CurrentVersion\\Component Based Servicing\\PackageDetect\\Microsoft-Windows-BootEnvironment-BootManagers-Package~31bf3856ad364e35~amd64~es-MX~0.0.0.0","User":"NT AUTHORITY\\SYSTEM","EventReceivedTime":1677864462,"SourceModuleName":"in_sysmon","SourceModuleType":"im_msvistalog"}
<14>Mar  3 17:27:42 win-server.lunarstiiiness.com Microsoft-Windows-Sysmon[1288]: {"EventTime":1677864461,"Hostname":"win-server.lunarstiiiness.com","Keywords":-9223372036854775808,"EventType":"INFO","SeverityValue":2,"Severity":"INFO","EventID":13,"SourceName":"Microsoft-Windows-Sysmon","ProviderGuid":"{5770385F-C22A-43E0-BF4C-06F5698FFBD9}","Version":2,"Task":13,"OpcodeValue":0,"RecordNumber":930457,"ProcessID":1288,"ThreadID":2884,"Channel":"Microsoft-Windows-Sysmon/Operational","Domain":"NT AUTHORITY","AccountName":"SYSTEM","UserID":"S-1-5-18","AccountType":"User","Message":"Registry value set:\r\nRuleName: UACMe Dir Prep\r\nEventType: SetValue\r\nUtcTime: 2023-03-03 17:27:41.591\r\nProcessGuid: {BE59402F-2741-6402-8A00-000000001900}\r\nProcessId: 4484\r\nImage: C:\\Windows\\winsxs\\amd64_microsoft-windows-servicingstack_31bf3856ad364e35_10.0.14393.5351_none_7f0b8fbe21ea4a21\\TiWorker.exe\r\nTargetObject: HKLM\\SOFTWARE\\Microsoft\\Windows\\CurrentVersion\\Component Based Servicing\\PackageDetect\\Microsoft-Windows-BootEnvironment-BootManagers-Package~31bf3856ad364e35~amd64~zh-CN~0.0.0.0\\Package_6976_for_KB5022838~31bf3856ad364e35~amd64~~10.0.1.13\r\nDetails: DWORD (0x00000002)\r\nUser: NT AUTHORITY\\SYSTEM","Category":"Registry value set (rule: RegistryEvent)","Opcode":"Info","RuleName":"UACMe Dir Prep","UtcTime":"2023-03-03 17:27:41.591","ProcessGuid":"{BE59402F-2741-6402-8A00-000000001900}","Image":"C:\\Windows\\winsxs\\amd64_microsoft-windows-servicingstack_31bf3856ad364e35_10.0.14393.5351_none_7f0b8fbe21ea4a21\\TiWorker.exe","TargetObject":"HKLM\\SOFTWARE\\Microsoft\\Windows\\CurrentVersion\\Component Based Servicing\\PackageDetect\\Microsoft-Windows-BootEnvironment-BootManagers-Package~31bf3856ad364e35~amd64~zh-CN~0.0.0.0\\Package_6976_for_KB5022838~31bf3856ad364e35~amd64~~10.0.1.13","Details":"DWORD (0x00000002)","User":"NT AUTHORITY\\SYSTEM","EventReceivedTime":1677864462,"SourceModuleName":"in_sysmon","SourceModuleType":"im_msvistalog"}
<14>Mar  3 17:27:42 win-server.lunarstiiiness.com Microsoft-Windows-Sysmon[1288]: {"EventTime":1677864461,"Hostname":"win-server.lunarstiiiness.com","Keywords":-9223372036854775808,"EventType":"INFO","SeverityValue":2,"Severity":"INFO","EventID":12,"SourceName":"Microsoft-Windows-Sysmon","ProviderGuid":"{5770385F-C22A-43E0-BF4C-06F5698FFBD9}","Version":2,"Task":12,"OpcodeValue":0,"RecordNumber":930456,"ProcessID":1288,"ThreadID":2884,"Channel":"Microsoft-Windows-Sysmon/Operational","Domain":"NT AUTHORITY","AccountName":"SYSTEM","UserID":"S-1-5-18","AccountType":"User","Message":"Registry object added or deleted:\r\nRuleName: UACMe Dir Prep\r\nEventType: CreateKey\r\nUtcTime: 2023-03-03 17:27:41.591\r\nProcessGuid: {BE59402F-2741-6402-8A00-000000001900}\r\nProcessId: 4484\r\nImage: C:\\Windows\\winsxs\\amd64_microsoft-windows-servicingstack_31bf3856ad364e35_10.0.14393.5351_none_7f0b8fbe21ea4a21\\TiWorker.exe\r\nTargetObject: HKLM\\SOFTWARE\\Microsoft\\Windows\\CurrentVersion\\Component Based Servicing\\PackageDetect\\Microsoft-Windows-BootEnvironment-BootManagers-Package~31bf3856ad364e35~amd64~zh-CN~0.0.0.0\r\nUser: NT AUTHORITY\\SYSTEM","Category":"Registry object added or deleted (rule: RegistryEvent)","Opcode":"Info","RuleName":"UACMe Dir Prep","UtcTime":"2023-03-03 17:27:41.591","ProcessGuid":"{BE59402F-2741-6402-8A00-000000001900}","Image":"C:\\Windows\\winsxs\\amd64_microsoft-windows-servicingstack_31bf3856ad364e35_10.0.14393.5351_none_7f0b8fbe21ea4a21\\TiWorker.exe","TargetObject":"HKLM\\SOFTWARE\\Microsoft\\Windows\\CurrentVersion\\Component Based Servicing\\PackageDetect\\Microsoft-Windows-BootEnvironment-BootManagers-Package~31bf3856ad364e35~amd64~zh-CN~0.0.0.0","User":"NT AUTHORITY\\SYSTEM","EventReceivedTime":1677864462,"SourceModuleName":"in_sysmon","SourceModuleType":"im_msvistalog"}
