<14>Mar  3 17:34:43 win-server.lunarstiiiness.com Microsoft-Windows-Sysmon[1288]: {"EventTime":1677864881,"Hostname":"win-server.lunarstiiiness.com","Keywords":-9223372036854775808,"EventType":"INFO","SeverityValue":2,"Severity":"INFO","EventID":22,"SourceName":"Microsoft-Windows-Sysmon","ProviderGuid":"{5770385F-C22A-43E0-BF4C-06F5698FFBD9}","Version":5,"Task":22,"OpcodeValue":0,"RecordNumber":930763,"ProcessID":1288,"ThreadID":2904,"Channel":"Microsoft-Windows-Sysmon/Operational","Domain":"NT AUTHORITY","AccountName":"SYSTEM","UserID":"S-1-5-18","AccountType":"User","Message":"Dns query:\r\nRuleName: -\r\nUtcTime: 2023-03-03 17:34:41.027\r\nProcessGuid: {BE59402F-2F72-6402-2901-000000001900}\r\nProcessId: 3556\r\nQueryName: p11.techlab-cdn.com\r\nQueryStatus: 0\r\nQueryResults: type:  5 p11.techlab-cdn.com.edgekey.net;type:  5 e27553.dsca.akamaiedge.net;23.221.22.204;23.221.22.199;\r\nImage: C:\\Program Files (x86)\\Microsoft\\Edge\\Application\\msedge.exe\r\nUser: LUNARSTIIINESS\\tim.smith_admin","Category":"Dns query (rule: DnsQuery)","Opcode":"Info","RuleName":"-","UtcTime":"2023-03-03 17:34:41.027","ProcessGuid":"{BE59402F-2F72-6402-2901-000000001900}","QueryName":"p11.techlab-cdn.com","QueryStatus":"0","QueryResults":"type:  5 p11.techlab-cdn.com.edgekey.net;type:  5 e27553.dsca.akamaiedge.net;23.221.22.204;23.221.22.199;","Image":"C:\\Program Files (x86)\\Microsoft\\Edge\\Application\\msedge.exe","User":"LUNARSTIIINESS\\tim.smith_admin","EventReceivedTime":1677864883,"SourceModuleName":"in_sysmon","SourceModuleType":"im_msvistalog"}
<14>Mar  3 17:34:43 win-server.lunarstiiiness.com Microsoft-Windows-Sysmon[1288]: {"EventTime":1677864881,"Hostname":"win-server.lunarstiiiness.com","Keywords":-9223372036854775808,"EventType":"INFO","SeverityValue":2,"Severity":"INFO","EventID":22,"SourceName":"Microsoft-Windows-Sysmon","ProviderGuid":"{5770385F-C22A-43E0-BF4C-06F5698FFBD9}","Version":5,"Task":22,"OpcodeValue":0,"RecordNumber":930764,"ProcessID":1288,"ThreadID":2904,"Channel":"Microsoft-Windows-Sysmon/Operational","Domain":"NT AUTHORITY","AccountName":"SYSTEM","UserID":"S-1-5-18","AccountType":"User","Message":"Dns query:\r\nRuleName: -\r\nUtcTime: 2023-03-03 17:34:41.199\r\nProcessGuid: {BE59402F-2F72-6402-2901-000000001900}\r\nProcessId: 3556\r\nQueryName: facebook.com\r\nQueryStatus: 0\r\nQueryResults: 157.240.254.35;\r\nImage: C:\\Program Files (x86)\\Microsoft\\Edge\\Application\\msedge.exe\r\nUser: LUNARSTIIINESS\\tim.smith_admin","Category":"Dns query (rule: DnsQuery)","Opcode":"Info","RuleName":"-","UtcTime":"2023-03-03 17:34:41.199","ProcessGuid":"{BE59402F-2F72-6402-2901-000000001900}","QueryName":"facebook.com","QueryStatus":"0","QueryResults":"157.240.254.35;","Image":"C:\\Program Files (x86)\\Microsoft\\Edge\\Application\\msedge.exe","User":"LUNARSTIIINESS\\tim.smith_admin","EventReceivedTime":1677864883,"SourceModuleName":"in_sysmon","SourceModuleType":"im_msvistalog"}
<14>Mar  3 17:34:43 win-server.lunarstiiiness.com Microsoft-Windows-Sysmon[1288]: {"EventTime":1677864881,"Hostname":"win-server.lunarstiiiness.com","Keywords":-9223372036854775808,"EventType":"INFO","SeverityValue":2,"Severity":"INFO","EventID":7,"SourceName":"Microsoft-Windows-Sysmon","ProviderGuid":"{5770385F-C22A-43E0-BF4C-06F5698FFBD9}","Version":3,"Task":7,"OpcodeValue":0,"RecordNumber":930762,"ProcessID":1288,"ThreadID":2888,"Channel":"Microsoft-Windows-Sysmon/Operational","Domain":"NT AUTHORITY","AccountName":"SYSTEM","UserID":"S-1-5-18","AccountType":"User","Message":"Image loaded:\r\nRuleName: technique_id=T1197,technique_name=BITS\r\nUtcTime: 2023-03-03 17:34:41.571\r\nProcessGuid: {BE59402F-2F6B-6402-2601-000000001900}\r\nProcessId: 2220\r\nImage: C:\\Program Files (x86)\\Microsoft\\Edge\\Application\\msedge.exe\r\nImageLoaded: C:\\Windows\\System32\\BitsProxy.dll\r\nFileVersion: 7.8.14393.0 (rs1_release.160715-1616)\r\nDescription: Background Intelligent Transfer Service Proxy\r\nProduct: Microsoft Windows Operating System\r\nCompany: Microsoft Corporation\r\nOriginalFileName: qmgrprxy.dll\r\nHashes: SHA1=A6D5EC0CE520EA95679BBE43C8D27555127247CA,MD5=0359BF7839961F4BF07EB22665097E4E,SHA256=24B7CC861537B866C25E2FF73BDBA8453BE3E39E1DE40C79E3F9F3CEA040A3EC,IMPHASH=B01725D628F18E1F82650DE694046102\r\nSigned: true\r\nSignature: Microsoft Windows\r\nSignatureStatus: Valid\r\nUser: LUNARSTIIINESS\\tim.smith_admin","Category":"Image loaded (rule: ImageLoad)","Opcode":"Info","RuleName":"technique_id=T1197,technique_name=BITS","UtcTime":"2023-03-03 17:34:41.571","ProcessGuid":"{BE59402F-2F6B-6402-2601-000000001900}","Image":"C:\\Program Files (x86)\\Microsoft\\Edge\\Application\\msedge.exe","ImageLoaded":"C:\\Windows\\System32\\BitsProxy.dll","FileVersion":"7.8.14393.0 (rs1_release.160715-1616)","Description":"Background Intelligent Transfer Service Proxy","Product":"Microsoft Windows Operating System","Company":"Microsoft Corporation","OriginalFileName":"qmgrprxy.dll","Hashes":"SHA1=A6D5EC0CE520EA95679BBE43C8D27555127247CA,MD5=0359BF7839961F4BF07EB22665097E4E,SHA256=24B7CC861537B866C25E2FF73BDBA8453BE3E39E1DE40C79E3F9F3CEA040A3EC,IMPHASH=B01725D628F18E1F82650DE694046102","Signed":"true","Signature":"Microsoft Windows","SignatureStatus":"Valid","User":"LUNARSTIIINESS\\tim.smith_admin","EventReceivedTime":1677864883,"SourceModuleName":"in_sysmon","SourceModuleType":"im_msvistalog"}
<14>Mar  3 17:34:43 win-server.lunarstiiiness.com Microsoft-Windows-Sysmon[1288]: {"EventTime":1677864881,"Hostname":"win-server.lunarstiiiness.com","Keywords":-9223372036854775808,"EventType":"INFO","SeverityValue":2,"Severity":"INFO","EventID":22,"SourceName":"Microsoft-Windows-Sysmon","ProviderGuid":"{5770385F-C22A-43E0-BF4C-06F5698FFBD9}","Version":5,"Task":22,"OpcodeValue":0,"RecordNumber":930765,"ProcessID":1288,"ThreadID":2904,"Channel":"Microsoft-Windows-Sysmon/Operational","Domain":"NT AUTHORITY","AccountName":"SYSTEM","UserID":"S-1-5-18","AccountType":"User","Message":"Dns query:\r\nRuleName: -\r\nUtcTime: 2023-03-03 17:34:41.948\r\nProcessGuid: {BE59402F-2F72-6402-2901-000000001900}\r\nProcessId: 3556\r\nQueryName: business.bofa.com\r\nQueryStatus: 0\r\nQueryResults: type:  5 cs2175.wpc.iotacdn.net;152.199.5.238;\r\nImage: C:\\Program Files (x86)\\Microsoft\\Edge\\Application\\msedge.exe\r\nUser: LUNARSTIIINESS\\tim.smith_admin","Category":"Dns query (rule: DnsQuery)","Opcode":"Info","RuleName":"-","UtcTime":"2023-03-03 17:34:41.948","ProcessGuid":"{BE59402F-2F72-6402-2901-000000001900}","QueryName":"business.bofa.com","QueryStatus":"0","QueryResults":"type:  5 cs2175.wpc.iotacdn.net;152.199.5.238;","Image":"C:\\Program Files (x86)\\Microsoft\\Edge\\Application\\msedge.exe","User":"LUNARSTIIINESS\\tim.smith_admin","EventReceivedTime":1677864883,"SourceModuleName":"in_sysmon","SourceModuleType":"im_msvistalog"}
<14>Mar  3 17:34:43 win-server.lunarstiiiness.com Microsoft-Windows-Sysmon[1288]: {"EventTime":1677864881,"Hostname":"win-server.lunarstiiiness.com","Keywords":-9223372036854775808,"EventType":"INFO","SeverityValue":2,"Severity":"INFO","EventID":22,"SourceName":"Microsoft-Windows-Sysmon","ProviderGuid":"{5770385F-C22A-43E0-BF4C-06F5698FFBD9}","Version":5,"Task":22,"OpcodeValue":0,"RecordNumber":930766,"ProcessID":1288,"ThreadID":2904,"Channel":"Microsoft-Windows-Sysmon/Operational","Domain":"NT AUTHORITY","AccountName":"SYSTEM","UserID":"S-1-5-18","AccountType":"User","Message":"Dns query:\r\nRuleName: -\r\nUtcTime: 2023-03-03 17:34:41.949\r\nProcessGuid: {BE59402F-2F72-6402-2901-000000001900}\r\nProcessId: 3556\r\nQueryName: homeloanhelp.bankofamerica.com\r\nQueryStatus: 0\r\nQueryResults: type:  5 cs2175.wpc.iotacdn.net;152.199.5.238;\r\nImage: C:\\Program Files (x86)\\Microsoft\\Edge\\Application\\msedge.exe\r\nUser: LUNARSTIIINESS\\tim.smith_admin","Category":"Dns query (rule: DnsQuery)","Opcode":"Info","RuleName":"-","UtcTime":"2023-03-03 17:34:41.949","ProcessGuid":"{BE59402F-2F72-6402-2901-000000001900}","QueryName":"homeloanhelp.bankofamerica.com","QueryStatus":"0","QueryResults":"type:  5 cs2175.wpc.iotacdn.net;152.199.5.238;","Image":"C:\\Program Files (x86)\\Microsoft\\Edge\\Application\\msedge.exe","User":"LUNARSTIIINESS\\tim.smith_admin","EventReceivedTime":1677864883,"SourceModuleName":"in_sysmon","SourceModuleType":"im_msvistalog"}
<14>Mar  3 17:34:43 win-server.lunarstiiiness.com Microsoft-Windows-Sysmon[1288]: {"EventTime":1677864881,"Hostname":"win-server.lunarstiiiness.com","Keywords":-9223372036854775808,"EventType":"INFO","SeverityValue":2,"Severity":"INFO","EventID":22,"SourceName":"Microsoft-Windows-Sysmon","ProviderGuid":"{5770385F-C22A-43E0-BF4C-06F5698FFBD9}","Version":5,"Task":22,"OpcodeValue":0,"RecordNumber":930767,"ProcessID":1288,"ThreadID":2904,"Channel":"Microsoft-Windows-Sysmon/Operational","Domain":"NT AUTHORITY","AccountName":"SYSTEM","UserID":"S-1-5-18","AccountType":"User","Message":"Dns query:\r\nRuleName: -\r\nUtcTime: 2023-03-03 17:34:41.953\r\nProcessGuid: {BE59402F-2F72-6402-2901-000000001900}\r\nProcessId: 3556\r\nQueryName: about.bankofamerica.com\r\nQueryStatus: 0\r\nQueryResults: type:  5 cs2175.wpc.iotacdn.net;152.199.5.238;\r\nImage: C:\\Program Files (x86)\\Microsoft\\Edge\\Application\\msedge.exe\r\nUser: LUNARSTIIINESS\\tim.smith_admin","Category":"Dns query (rule: DnsQuery)","Opcode":"Info","RuleName":"-","UtcTime":"2023-03-03 17:34:41.953","ProcessGuid":"{BE59402F-2F72-6402-2901-000000001900}","QueryName":"about.bankofamerica.com","QueryStatus":"0","QueryResults":"type:  5 cs2175.wpc.iotacdn.net;152.199.5.238;","Image":"C:\\Program Files (x86)\\Microsoft\\Edge\\Application\\msedge.exe","User":"LUNARSTIIINESS\\tim.smith_admin","EventReceivedTime":1677864883,"SourceModuleName":"in_sysmon","SourceModuleType":"im_msvistalog"}
<14>Mar  3 17:34:43 win-server.lunarstiiiness.com Microsoft-Windows-Sysmon[1288]: {"EventTime":1677864881,"Hostname":"win-server.lunarstiiiness.com","Keywords":-9223372036854775808,"EventType":"INFO","SeverityValue":2,"Severity":"INFO","EventID":22,"SourceName":"Microsoft-Windows-Sysmon","ProviderGuid":"{5770385F-C22A-43E0-BF4C-06F5698FFBD9}","Version":5,"Task":22,"OpcodeValue":0,"RecordNumber":930768,"ProcessID":1288,"ThreadID":2904,"Channel":"Microsoft-Windows-Sysmon/Operational","Domain":"NT AUTHORITY","AccountName":"SYSTEM","UserID":"S-1-5-18","AccountType":"User","Message":"Dns query:\r\nRuleName: -\r\nUtcTime: 2023-03-03 17:34:41.959\r\nProcessGuid: {BE59402F-2F72-6402-2901-000000001900}\r\nProcessId: 3556\r\nQueryName: play.google.com\r\nQueryStatus: 0\r\nQueryResults: 142.251.6.100;142.251.6.101;142.251.6.139;142.251.6.138;142.251.6.102;142.251.6.113;\r\nImage: C:\\Program Files (x86)\\Microsoft\\Edge\\Application\\msedge.exe\r\nUser: LUNARSTIIINESS\\tim.smith_admin","Category":"Dns query (rule: DnsQuery)","Opcode":"Info","RuleName":"-","UtcTime":"2023-03-03 17:34:41.959","ProcessGuid":"{BE59402F-2F72-6402-2901-000000001900}","QueryName":"play.google.com","QueryStatus":"0","QueryResults":"142.251.6.100;142.251.6.101;142.251.6.139;142.251.6.138;142.251.6.102;142.251.6.113;","Image":"C:\\Program Files (x86)\\Microsoft\\Edge\\Application\\msedge.exe","User":"LUNARSTIIINESS\\tim.smith_admin","EventReceivedTime":1677864883,"SourceModuleName":"in_sysmon","SourceModuleType":"im_msvistalog"}
<14>Mar  3 17:34:44 win-server.lunarstiiiness.com Microsoft-Windows-Sysmon[1288]: {"EventTime":1677864882,"Hostname":"win-server.lunarstiiiness.com","Keywords":-9223372036854775808,"EventType":"INFO","SeverityValue":2,"Severity":"INFO","EventID":22,"SourceName":"Microsoft-Windows-Sysmon","ProviderGuid":"{5770385F-C22A-43E0-BF4C-06F5698FFBD9}","Version":5,"Task":22,"OpcodeValue":0,"RecordNumber":930769,"ProcessID":1288,"ThreadID":2904,"Channel":"Microsoft-Windows-Sysmon/Operational","Domain":"NT AUTHORITY","AccountName":"SYSTEM","UserID":"S-1-5-18","AccountType":"User","Message":"Dns query:\r\nRuleName: -\r\nUtcTime: 2023-03-03 17:34:42.019\r\nProcessGuid: {BE59402F-2F72-6402-2901-000000001900}\r\nProcessId: 3556\r\nQueryName: itunes.apple.com\r\nQueryStatus: 0\r\nQueryResults: type:  5 itunes-cdn.itunes-apple.com.akadns.net;type:  5 itunes.apple.com.edgekey.net;type:  5 e673.dsce9.akamaiedge.net;23.203.112.23;\r\nImage: C:\\Program Files (x86)\\Microsoft\\Edge\\Application\\msedge.exe\r\nUser: LUNARSTIIINESS\\tim.smith_admin","Category":"Dns query (rule: DnsQuery)","Opcode":"Info","RuleName":"-","UtcTime":"2023-03-03 17:34:42.019","ProcessGuid":"{BE59402F-2F72-6402-2901-000000001900}","QueryName":"itunes.apple.com","QueryStatus":"0","QueryResults":"type:  5 itunes-cdn.itunes-apple.com.akadns.net;type:  5 itunes.apple.com.edgekey.net;type:  5 e673.dsce9.akamaiedge.net;23.203.112.23;","Image":"C:\\Program Files (x86)\\Microsoft\\Edge\\Application\\msedge.exe","User":"LUNARSTIIINESS\\tim.smith_admin","EventReceivedTime":1677864884,"SourceModuleName":"in_sysmon","SourceModuleType":"im_msvistalog"}
<14>Mar  3 17:34:44 win-server.lunarstiiiness.com Microsoft-Windows-Sysmon[1288]: {"EventTime":1677864882,"Hostname":"win-server.lunarstiiiness.com","Keywords":-9223372036854775808,"EventType":"INFO","SeverityValue":2,"Severity":"INFO","EventID":22,"SourceName":"Microsoft-Windows-Sysmon","ProviderGuid":"{5770385F-C22A-43E0-BF4C-06F5698FFBD9}","Version":5,"Task":22,"OpcodeValue":0,"RecordNumber":930770,"ProcessID":1288,"ThreadID":2904,"Channel":"Microsoft-Windows-Sysmon/Operational","Domain":"NT AUTHORITY","AccountName":"SYSTEM","UserID":"S-1-5-18","AccountType":"User","Message":"Dns query:\r\nRuleName: -\r\nUtcTime: 2023-03-03 17:34:42.052\r\nProcessGuid: {BE59402F-2F72-6402-2901-000000001900}\r\nProcessId: 3556\r\nQueryName: locators.bankofamerica.com\r\nQueryStatus: 0\r\nQueryResults: type:  5 locators.bankofamericarls.rioseo.com;type:  5 app.boa.rls.rioseo.com;type:  5 app.boa.east.rls.rioseo.com;52.73.252.223;34.237.253.183;\r\nImage: C:\\Program Files (x86)\\Microsoft\\Edge\\Application\\msedge.exe\r\nUser: LUNARSTIIINESS\\tim.smith_admin","Category":"Dns query (rule: DnsQuery)","Opcode":"Info","RuleName":"-","UtcTime":"2023-03-03 17:34:42.052","ProcessGuid":"{BE59402F-2F72-6402-2901-000000001900}","QueryName":"locators.bankofamerica.com","QueryStatus":"0","QueryResults":"type:  5 locators.bankofamericarls.rioseo.com;type:  5 app.boa.rls.rioseo.com;type:  5 app.boa.east.rls.rioseo.com;52.73.252.223;34.237.253.183;","Image":"C:\\Program Files (x86)\\Microsoft\\Edge\\Application\\msedge.exe","User":"LUNARSTIIINESS\\tim.smith_admin","EventReceivedTime":1677864884,"SourceModuleName":"in_sysmon","SourceModuleType":"im_msvistalog"}
<14>Mar  3 17:34:44 win-server.lunarstiiiness.com Microsoft-Windows-Sysmon[1288]: {"EventTime":1677864882,"Hostname":"win-server.lunarstiiiness.com","Keywords":-9223372036854775808,"EventType":"INFO","SeverityValue":2,"Severity":"INFO","EventID":22,"SourceName":"Microsoft-Windows-Sysmon","ProviderGuid":"{5770385F-C22A-43E0-BF4C-06F5698FFBD9}","Version":5,"Task":22,"OpcodeValue":0,"RecordNumber":930771,"ProcessID":1288,"ThreadID":2904,"Channel":"Microsoft-Windows-Sysmon/Operational","Domain":"NT AUTHORITY","AccountName":"SYSTEM","UserID":"S-1-5-18","AccountType":"User","Message":"Dns query:\r\nRuleName: -\r\nUtcTime: 2023-03-03 17:34:42.192\r\nProcessGuid: {BE59402F-2F72-6402-2901-000000001900}\r\nProcessId: 3556\r\nQueryName: www.ml.com\r\nQueryStatus: 0\r\nQueryResults: type:  5 www.gwm.ml.com;type:  5 www-ml.gwimglb.ml.com;171.159.126.97;\r\nImage: C:\\Program Files (x86)\\Microsoft\\Edge\\Application\\msedge.exe\r\nUser: LUNARSTIIINESS\\tim.smith_admin","Category":"Dns query (rule: DnsQuery)","Opcode":"Info","RuleName":"-","UtcTime":"2023-03-03 17:34:42.192","ProcessGuid":"{BE59402F-2F72-6402-2901-000000001900}","QueryName":"www.ml.com","QueryStatus":"0","QueryResults":"type:  5 www.gwm.ml.com;type:  5 www-ml.gwimglb.ml.com;171.159.126.97;","Image":"C:\\Program Files (x86)\\Microsoft\\Edge\\Application\\msedge.exe","User":"LUNARSTIIINESS\\tim.smith_admin","EventReceivedTime":1677864884,"SourceModuleName":"in_sysmon","SourceModuleType":"im_msvistalog"}
<14>Mar  3 17:34:44 win-server.lunarstiiiness.com Microsoft-Windows-Sysmon[1288]: {"EventTime":1677864882,"Hostname":"win-server.lunarstiiiness.com","Keywords":-9223372036854775808,"EventType":"INFO","SeverityValue":2,"Severity":"INFO","EventID":22,"SourceName":"Microsoft-Windows-Sysmon","ProviderGuid":"{5770385F-C22A-43E0-BF4C-06F5698FFBD9}","Version":5,"Task":22,"OpcodeValue":0,"RecordNumber":930772,"ProcessID":1288,"ThreadID":2904,"Channel":"Microsoft-Windows-Sysmon/Operational","Domain":"NT AUTHORITY","AccountName":"SYSTEM","UserID":"S-1-5-18","AccountType":"User","Message":"Dns query:\r\nRuleName: -\r\nUtcTime: 2023-03-03 17:34:42.193\r\nProcessGuid: {BE59402F-2F72-6402-2901-000000001900}\r\nProcessId: 3556\r\nQueryName: staticweb.bankofamerica.com\r\nQueryStatus: 0\r\nQueryResults: type:  5 staticweb.ecglb.bac.com;type:  5 cs636.wac.chicdn.net;192.229.163.190;\r\nImage: C:\\Program Files (x86)\\Microsoft\\Edge\\Application\\msedge.exe\r\nUser: LUNARSTIIINESS\\tim.smith_admin","Category":"Dns query (rule: DnsQuery)","Opcode":"Info","RuleName":"-","UtcTime":"2023-03-03 17:34:42.193","ProcessGuid":"{BE59402F-2F72-6402-2901-000000001900}","QueryName":"staticweb.bankofamerica.com","QueryStatus":"0","QueryResults":"type:  5 staticweb.ecglb.bac.com;type:  5 cs636.wac.chicdn.net;192.229.163.190;","Image":"C:\\Program Files (x86)\\Microsoft\\Edge\\Application\\msedge.exe","User":"LUNARSTIIINESS\\tim.smith_admin","EventReceivedTime":1677864884,"SourceModuleName":"in_sysmon","SourceModuleType":"im_msvistalog"}
<14>Mar  3 17:34:44 win-server.lunarstiiiness.com Microsoft-Windows-Sysmon[1288]: {"EventTime":1677864882,"Hostname":"win-server.lunarstiiiness.com","Keywords":-9223372036854775808,"EventType":"INFO","SeverityValue":2,"Severity":"INFO","EventID":22,"SourceName":"Microsoft-Windows-Sysmon","ProviderGuid":"{5770385F-C22A-43E0-BF4C-06F5698FFBD9}","Version":5,"Task":22,"OpcodeValue":0,"RecordNumber":930773,"ProcessID":1288,"ThreadID":2904,"Channel":"Microsoft-Windows-Sysmon/Operational","Domain":"NT AUTHORITY","AccountName":"SYSTEM","UserID":"S-1-5-18","AccountType":"User","Message":"Dns query:\r\nRuleName: -\r\nUtcTime: 2023-03-03 17:34:42.194\r\nProcessGuid: {BE59402F-2F72-6402-2901-000000001900}\r\nProcessId: 3556\r\nQueryName: promo.bankofamerica.com\r\nQueryStatus: 0\r\nQueryResults: type:  5 cs2175.wpc.iotacdn.net;152.199.5.238;\r\nImage: C:\\Program Files (x86)\\Microsoft\\Edge\\Application\\msedge.exe\r\nUser: LUNARSTIIINESS\\tim.smith_admin","Category":"Dns query (rule: DnsQuery)","Opcode":"Info","RuleName":"-","UtcTime":"2023-03-03 17:34:42.194","ProcessGuid":"{BE59402F-2F72-6402-2901-000000001900}","QueryName":"promo.bankofamerica.com","QueryStatus":"0","QueryResults":"type:  5 cs2175.wpc.iotacdn.net;152.199.5.238;","Image":"C:\\Program Files (x86)\\Microsoft\\Edge\\Application\\msedge.exe","User":"LUNARSTIIINESS\\tim.smith_admin","EventReceivedTime":1677864884,"SourceModuleName":"in_sysmon","SourceModuleType":"im_msvistalog"}
<14>Mar  3 17:34:44 win-server.lunarstiiiness.com Microsoft-Windows-Sysmon[1288]: {"EventTime":1677864882,"Hostname":"win-server.lunarstiiiness.com","Keywords":-9223372036854775808,"EventType":"INFO","SeverityValue":2,"Severity":"INFO","EventID":22,"SourceName":"Microsoft-Windows-Sysmon","ProviderGuid":"{5770385F-C22A-43E0-BF4C-06F5698FFBD9}","Version":5,"Task":22,"OpcodeValue":0,"RecordNumber":930774,"ProcessID":1288,"ThreadID":2904,"Channel":"Microsoft-Windows-Sysmon/Operational","Domain":"NT AUTHORITY","AccountName":"SYSTEM","UserID":"S-1-5-18","AccountType":"User","Message":"Dns query:\r\nRuleName: -\r\nUtcTime: 2023-03-03 17:34:42.782\r\nProcessGuid: {BE59402F-2F72-6402-2901-000000001900}\r\nProcessId: 3556\r\nQueryName: fbcdn.net\r\nQueryStatus: 0\r\nQueryResults: 157.240.254.35;\r\nImage: C:\\Program Files (x86)\\Microsoft\\Edge\\Application\\msedge.exe\r\nUser: LUNARSTIIINESS\\tim.smith_admin","Category":"Dns query (rule: DnsQuery)","Opcode":"Info","RuleName":"-","UtcTime":"2023-03-03 17:34:42.782","ProcessGuid":"{BE59402F-2F72-6402-2901-000000001900}","QueryName":"fbcdn.net","QueryStatus":"0","QueryResults":"157.240.254.35;","Image":"C:\\Program Files (x86)\\Microsoft\\Edge\\Application\\msedge.exe","User":"LUNARSTIIINESS\\tim.smith_admin","EventReceivedTime":1677864884,"SourceModuleName":"in_sysmon","SourceModuleType":"im_msvistalog"}
<14>Mar  3 17:34:44 win-server.lunarstiiiness.com Microsoft-Windows-Sysmon[1288]: {"EventTime":1677864883,"Hostname":"win-server.lunarstiiiness.com","Keywords":-9223372036854775808,"EventType":"INFO","SeverityValue":2,"Severity":"INFO","EventID":22,"SourceName":"Microsoft-Windows-Sysmon","ProviderGuid":"{5770385F-C22A-43E0-BF4C-06F5698FFBD9}","Version":5,"Task":22,"OpcodeValue":0,"RecordNumber":930776,"ProcessID":1288,"ThreadID":2904,"Channel":"Microsoft-Windows-Sysmon/Operational","Domain":"NT AUTHORITY","AccountName":"SYSTEM","UserID":"S-1-5-18","AccountType":"User","Message":"Dns query:\r\nRuleName: -\r\nUtcTime: 2023-03-03 17:34:43.944\r\nProcessGuid: {BE59402F-2F72-6402-2901-000000001900}\r\nProcessId: 3556\r\nQueryName: bettermoneyhabits.bankofamerica.com\r\nQueryStatus: 0\r\nQueryResults: type:  5 cs2175.wpc.iotacdn.net;152.199.5.238;\r\nImage: C:\\Program Files (x86)\\Microsoft\\Edge\\Application\\msedge.exe\r\nUser: LUNARSTIIINESS\\tim.smith_admin","Category":"Dns query (rule: DnsQuery)","Opcode":"Info","RuleName":"-","UtcTime":"2023-03-03 17:34:43.944","ProcessGuid":"{BE59402F-2F72-6402-2901-000000001900}","QueryName":"bettermoneyhabits.bankofamerica.com","QueryStatus":"0","QueryResults":"type:  5 cs2175.wpc.iotacdn.net;152.199.5.238;","Image":"C:\\Program Files (x86)\\Microsoft\\Edge\\Application\\msedge.exe","User":"LUNARSTIIINESS\\tim.smith_admin","EventReceivedTime":1677864884,"SourceModuleName":"in_sysmon","SourceModuleType":"im_msvistalog"}
<14>Mar  3 17:34:44 win-server.lunarstiiiness.com Microsoft-Windows-Sysmon[1288]: {"EventTime":1677864883,"Hostname":"win-server.lunarstiiiness.com","Keywords":-9223372036854775808,"EventType":"INFO","SeverityValue":2,"Severity":"INFO","EventID":22,"SourceName":"Microsoft-Windows-Sysmon","ProviderGuid":"{5770385F-C22A-43E0-BF4C-06F5698FFBD9}","Version":5,"Task":22,"OpcodeValue":0,"RecordNumber":930777,"ProcessID":1288,"ThreadID":2904,"Channel":"Microsoft-Windows-Sysmon/Operational","Domain":"NT AUTHORITY","AccountName":"SYSTEM","UserID":"S-1-5-18","AccountType":"User","Message":"Dns query:\r\nRuleName: -\r\nUtcTime: 2023-03-03 17:34:43.946\r\nProcessGuid: {BE59402F-2F72-6402-2901-000000001900}\r\nProcessId: 3556\r\nQueryName: promotions.bankofamerica.com\r\nQueryStatus: 0\r\nQueryResults: type:  5 cs2175.wpc.iotacdn.net;152.199.5.238;\r\nImage: C:\\Program Files (x86)\\Microsoft\\Edge\\Application\\msedge.exe\r\nUser: LUNARSTIIINESS\\tim.smith_admin","Category":"Dns query (rule: DnsQuery)","Opcode":"Info","RuleName":"-","UtcTime":"2023-03-03 17:34:43.946","ProcessGuid":"{BE59402F-2F72-6402-2901-000000001900}","QueryName":"promotions.bankofamerica.com","QueryStatus":"0","QueryResults":"type:  5 cs2175.wpc.iotacdn.net;152.199.5.238;","Image":"C:\\Program Files (x86)\\Microsoft\\Edge\\Application\\msedge.exe","User":"LUNARSTIIINESS\\tim.smith_admin","EventReceivedTime":1677864884,"SourceModuleName":"in_sysmon","SourceModuleType":"im_msvistalog"}
<14>Mar  3 17:34:44 win-server.lunarstiiiness.com Microsoft-Windows-Sysmon[1288]: {"EventTime":1677864883,"Hostname":"win-server.lunarstiiiness.com","Keywords":-9223372036854775808,"EventType":"INFO","SeverityValue":2,"Severity":"INFO","EventID":22,"SourceName":"Microsoft-Windows-Sysmon","ProviderGuid":"{5770385F-C22A-43E0-BF4C-06F5698FFBD9}","Version":5,"Task":22,"OpcodeValue":0,"RecordNumber":930778,"ProcessID":1288,"ThreadID":2904,"Channel":"Microsoft-Windows-Sysmon/Operational","Domain":"NT AUTHORITY","AccountName":"SYSTEM","UserID":"S-1-5-18","AccountType":"User","Message":"Dns query:\r\nRuleName: -\r\nUtcTime: 2023-03-03 17:34:43.947\r\nProcessGuid: {BE59402F-2F72-6402-2901-000000001900}\r\nProcessId: 3556\r\nQueryName: mynewcard2.bankofamerica.com\r\nQueryStatus: 0\r\nQueryResults: type:  5 mynewcard2.bankofamerica.bofa.mhas.ibm.com;12.150.80.83;\r\nImage: C:\\Program Files (x86)\\Microsoft\\Edge\\Application\\msedge.exe\r\nUser: LUNARSTIIINESS\\tim.smith_admin","Category":"Dns query (rule: DnsQuery)","Opcode":"Info","RuleName":"-","UtcTime":"2023-03-03 17:34:43.947","ProcessGuid":"{BE59402F-2F72-6402-2901-000000001900}","QueryName":"mynewcard2.bankofamerica.com","QueryStatus":"0","QueryResults":"type:  5 mynewcard2.bankofamerica.bofa.mhas.ibm.com;12.150.80.83;","Image":"C:\\Program Files (x86)\\Microsoft\\Edge\\Application\\msedge.exe","User":"LUNARSTIIINESS\\tim.smith_admin","EventReceivedTime":1677864884,"SourceModuleName":"in_sysmon","SourceModuleType":"im_msvistalog"}
<14>Mar  3 17:34:46 win-server.lunarstiiiness.com Microsoft-Windows-Sysmon[1288]: {"EventTime":1677864884,"Hostname":"win-server.lunarstiiiness.com","Keywords":-9223372036854775808,"EventType":"INFO","SeverityValue":2,"Severity":"INFO","EventID":22,"SourceName":"Microsoft-Windows-Sysmon","ProviderGuid":"{5770385F-C22A-43E0-BF4C-06F5698FFBD9}","Version":5,"Task":22,"OpcodeValue":0,"RecordNumber":930779,"ProcessID":1288,"ThreadID":2904,"Channel":"Microsoft-Windows-Sysmon/Operational","Domain":"NT AUTHORITY","AccountName":"SYSTEM","UserID":"S-1-5-18","AccountType":"User","Message":"Dns query:\r\nRuleName: -\r\nUtcTime: 2023-03-03 17:34:44.027\r\nProcessGuid: {BE59402F-2F72-6402-2901-000000001900}\r\nProcessId: 3556\r\nQueryName: www.merrilledge.com\r\nQueryStatus: 0\r\nQueryResults: type:  5 www-merrilledge.gwimglb.ml.com;171.161.126.109;\r\nImage: C:\\Program Files (x86)\\Microsoft\\Edge\\Application\\msedge.exe\r\nUser: LUNARSTIIINESS\\tim.smith_admin","Category":"Dns query (rule: DnsQuery)","Opcode":"Info","RuleName":"-","UtcTime":"2023-03-03 17:34:44.027","ProcessGuid":"{BE59402F-2F72-6402-2901-000000001900}","QueryName":"www.merrilledge.com","QueryStatus":"0","QueryResults":"type:  5 www-merrilledge.gwimglb.ml.com;171.161.126.109;","Image":"C:\\Program Files (x86)\\Microsoft\\Edge\\Application\\msedge.exe","User":"LUNARSTIIINESS\\tim.smith_admin","EventReceivedTime":1677864886,"SourceModuleName":"in_sysmon","SourceModuleType":"im_msvistalog"}
<14>Mar  3 17:34:46 win-server.lunarstiiiness.com Microsoft-Windows-Sysmon[1288]: {"EventTime":1677864884,"Hostname":"win-server.lunarstiiiness.com","Keywords":-9223372036854775808,"EventType":"INFO","SeverityValue":2,"Severity":"INFO","EventID":22,"SourceName":"Microsoft-Windows-Sysmon","ProviderGuid":"{5770385F-C22A-43E0-BF4C-06F5698FFBD9}","Version":5,"Task":22,"OpcodeValue":0,"RecordNumber":930780,"ProcessID":1288,"ThreadID":2904,"Channel":"Microsoft-Windows-Sysmon/Operational","Domain":"NT AUTHORITY","AccountName":"SYSTEM","UserID":"S-1-5-18","AccountType":"User","Message":"Dns query:\r\nRuleName: -\r\nUtcTime: 2023-03-03 17:34:44.040\r\nProcessGuid: {BE59402F-2F72-6402-2901-000000001900}\r\nProcessId: 3556\r\nQueryName: realestatecenter.bankofamerica.com\r\nQueryStatus: 0\r\nQueryResults: type:  5 tm-xm-gw8-prod.trafficmanager.net;type:  5 piaxmgwdmz8prod.centralus.cloudapp.azure.com;52.141.209.64;\r\nImage: C:\\Program Files (x86)\\Microsoft\\Edge\\Application\\msedge.exe\r\nUser: LUNARSTIIINESS\\tim.smith_admin","Category":"Dns query (rule: DnsQuery)","Opcode":"Info","RuleName":"-","UtcTime":"2023-03-03 17:34:44.040","ProcessGuid":"{BE59402F-2F72-6402-2901-000000001900}","QueryName":"realestatecenter.bankofamerica.com","QueryStatus":"0","QueryResults":"type:  5 tm-xm-gw8-prod.trafficmanager.net;type:  5 piaxmgwdmz8prod.centralus.cloudapp.azure.com;52.141.209.64;","Image":"C:\\Program Files (x86)\\Microsoft\\Edge\\Application\\msedge.exe","User":"LUNARSTIIINESS\\tim.smith_admin","EventReceivedTime":1677864886,"SourceModuleName":"in_sysmon","SourceModuleType":"im_msvistalog"}
<14>Mar  3 17:34:46 win-server.lunarstiiiness.com Microsoft-Windows-Sysmon[1288]: {"EventTime":1677864884,"Hostname":"win-server.lunarstiiiness.com","Keywords":-9223372036854775808,"EventType":"INFO","SeverityValue":2,"Severity":"INFO","EventID":22,"SourceName":"Microsoft-Windows-Sysmon","ProviderGuid":"{5770385F-C22A-43E0-BF4C-06F5698FFBD9}","Version":5,"Task":22,"OpcodeValue":0,"RecordNumber":930781,"ProcessID":1288,"ThreadID":2904,"Channel":"Microsoft-Windows-Sysmon/Operational","Domain":"NT AUTHORITY","AccountName":"SYSTEM","UserID":"S-1-5-18","AccountType":"User","Message":"Dns query:\r\nRuleName: -\r\nUtcTime: 2023-03-03 17:34:44.192\r\nProcessGuid: {BE59402F-2F72-6402-2901-000000001900}\r\nProcessId: 3556\r\nQueryName: www.privatebank.bankofamerica.com\r\nQueryStatus: 0\r\nQueryResults: type:  5 www.privatebankglb.bankofamerica.com;type:  5 www-privatebank.gwimglb.ml.com;171.159.126.101;\r\nImage: C:\\Program Files (x86)\\Microsoft\\Edge\\Application\\msedge.exe\r\nUser: LUNARSTIIINESS\\tim.smith_admin","Category":"Dns query (rule: DnsQuery)","Opcode":"Info","RuleName":"-","UtcTime":"2023-03-03 17:34:44.192","ProcessGuid":"{BE59402F-2F72-6402-2901-000000001900}","QueryName":"www.privatebank.bankofamerica.com","QueryStatus":"0","QueryResults":"type:  5 www.privatebankglb.bankofamerica.com;type:  5 www-privatebank.gwimglb.ml.com;171.159.126.101;","Image":"C:\\Program Files (x86)\\Microsoft\\Edge\\Application\\msedge.exe","User":"LUNARSTIIINESS\\tim.smith_admin","EventReceivedTime":1677864886,"SourceModuleName":"in_sysmon","SourceModuleType":"im_msvistalog"}
<14>Mar  3 17:34:46 win-server.lunarstiiiness.com Microsoft-Windows-Sysmon[1288]: {"EventTime":1677864885,"Hostname":"win-server.lunarstiiiness.com","Keywords":-9223372036854775808,"EventType":"INFO","SeverityValue":2,"Severity":"INFO","EventID":22,"SourceName":"Microsoft-Windows-Sysmon","ProviderGuid":"{5770385F-C22A-43E0-BF4C-06F5698FFBD9}","Version":5,"Task":22,"OpcodeValue":0,"RecordNumber":930782,"ProcessID":1288,"ThreadID":2904,"Channel":"Microsoft-Windows-Sysmon/Operational","Domain":"NT AUTHORITY","AccountName":"SYSTEM","UserID":"S-1-5-18","AccountType":"User","Message":"Dns query:\r\nRuleName: -\r\nUtcTime: 2023-03-03 17:34:45.007\r\nProcessGuid: {BE59402F-2F72-6402-2901-000000001900}\r\nProcessId: 3556\r\nQueryName: www.xboxab.com\r\nQueryStatus: 0\r\nQueryResults: type:  5 www-xboxab-com.e-0012.e-msedge.net;type:  5 e-0012.e-msedge.net;13.107.5.91;\r\nImage: C:\\Program Files (x86)\\Microsoft\\Edge\\Application\\msedge.exe\r\nUser: LUNARSTIIINESS\\tim.smith_admin","Category":"Dns query (rule: DnsQuery)","Opcode":"Info","RuleName":"-","UtcTime":"2023-03-03 17:34:45.007","ProcessGuid":"{BE59402F-2F72-6402-2901-000000001900}","QueryName":"www.xboxab.com","QueryStatus":"0","QueryResults":"type:  5 www-xboxab-com.e-0012.e-msedge.net;type:  5 e-0012.e-msedge.net;13.107.5.91;","Image":"C:\\Program Files (x86)\\Microsoft\\Edge\\Application\\msedge.exe","User":"LUNARSTIIINESS\\tim.smith_admin","EventReceivedTime":1677864886,"SourceModuleName":"in_sysmon","SourceModuleType":"im_msvistalog"}
<14>Mar  3 17:34:59 win-server.lunarstiiiness.com Microsoft-Windows-Sysmon[1288]: {"EventTime":1677864897,"Hostname":"win-server.lunarstiiiness.com","Keywords":-9223372036854775808,"EventType":"INFO","SeverityValue":2,"Severity":"INFO","EventID":22,"SourceName":"Microsoft-Windows-Sysmon","ProviderGuid":"{5770385F-C22A-43E0-BF4C-06F5698FFBD9}","Version":5,"Task":22,"OpcodeValue":0,"RecordNumber":930783,"ProcessID":1288,"ThreadID":2904,"Channel":"Microsoft-Windows-Sysmon/Operational","Domain":"NT AUTHORITY","AccountName":"SYSTEM","UserID":"S-1-5-18","AccountType":"User","Message":"Dns query:\r\nRuleName: -\r\nUtcTime: 2023-03-03 17:34:57.808\r\nProcessGuid: {BE59402F-2F72-6402-2901-000000001900}\r\nProcessId: 3556\r\nQueryName: xboxab.com\r\nQueryStatus: 9501\r\nQueryResults: -\r\nImage: C:\\Program Files (x86)\\Microsoft\\Edge\\Application\\msedge.exe\r\nUser: LUNARSTIIINESS\\tim.smith_admin","Category":"Dns query (rule: DnsQuery)","Opcode":"Info","RuleName":"-","UtcTime":"2023-03-03 17:34:57.808","ProcessGuid":"{BE59402F-2F72-6402-2901-000000001900}","QueryName":"xboxab.com","QueryStatus":"9501","QueryResults":"-","Image":"C:\\Program Files (x86)\\Microsoft\\Edge\\Application\\msedge.exe","User":"LUNARSTIIINESS\\tim.smith_admin","EventReceivedTime":1677864899,"SourceModuleName":"in_sysmon","SourceModuleType":"im_msvistalog"}
<14>Mar  3 17:35:07 win-server.lunarstiiiness.com Microsoft-Windows-Sysmon[1288]: {"EventTime":1677864906,"Hostname":"win-server.lunarstiiiness.com","Keywords":-9223372036854775808,"EventType":"INFO","SeverityValue":2,"Severity":"INFO","EventID":22,"SourceName":"Microsoft-Windows-Sysmon","ProviderGuid":"{5770385F-C22A-43E0-BF4C-06F5698FFBD9}","Version":5,"Task":22,"OpcodeValue":0,"RecordNumber":930784,"ProcessID":1288,"ThreadID":2904,"Channel":"Microsoft-Windows-Sysmon/Operational","Domain":"NT AUTHORITY","AccountName":"SYSTEM","UserID":"S-1-5-18","AccountType":"User","Message":"Dns query:\r\nRuleName: -\r\nUtcTime: 2023-03-03 17:35:05.998\r\nProcessGuid: {BE59402F-2F72-6402-2901-000000001900}\r\nProcessId: 3556\r\nQueryName: services.bingapis.com\r\nQueryStatus: 0\r\nQueryResults: type:  5 services-bingapis-com.e-0001.e-msedge.net;type:  5 e-0001.e-msedge.net;13.107.5.80;\r\nImage: C:\\Program Files (x86)\\Microsoft\\Edge\\Application\\msedge.exe\r\nUser: LUNARSTIIINESS\\tim.smith_admin","Category":"Dns query (rule: DnsQuery)","Opcode":"Info","RuleName":"-","UtcTime":"2023-03-03 17:35:05.998","ProcessGuid":"{BE59402F-2F72-6402-2901-000000001900}","QueryName":"services.bingapis.com","QueryStatus":"0","QueryResults":"type:  5 services-bingapis-com.e-0001.e-msedge.net;type:  5 e-0001.e-msedge.net;13.107.5.80;","Image":"C:\\Program Files (x86)\\Microsoft\\Edge\\Application\\msedge.exe","User":"LUNARSTIIINESS\\tim.smith_admin","EventReceivedTime":1677864907,"SourceModuleName":"in_sysmon","SourceModuleType":"im_msvistalog"}
<14>Mar  3 17:35:14 win-server.lunarstiiiness.com Microsoft-Windows-Sysmon[1288]: {"EventTime":1677864911,"Hostname":"win-server.lunarstiiiness.com","Keywords":-9223372036854775808,"EventType":"INFO","SeverityValue":2,"Severity":"INFO","EventID":17,"SourceName":"Microsoft-Windows-Sysmon","ProviderGuid":"{5770385F-C22A-43E0-BF4C-06F5698FFBD9}","Version":1,"Task":17,"OpcodeValue":0,"RecordNumber":930785,"ProcessID":1288,"ThreadID":2884,"Channel":"Microsoft-Windows-Sysmon/Operational","Domain":"NT AUTHORITY","AccountName":"SYSTEM","UserID":"S-1-5-18","AccountType":"User","Message":"Pipe Created:\r\nRuleName: -\r\nEventType: CreatePipe\r\nUtcTime: 2023-03-03 17:35:11.638\r\nProcessGuid: {BE59402F-2FCE-6402-5401-000000001900}\r\nProcessId: 4668\r\nPipeName: \\LOCAL\\edge.sync.4668.5292.892434138\r\nImage: C:\\Program Files (x86)\\Microsoft\\Edge\\Application\\msedge.exe\r\nUser: LUNARSTIIINESS\\tim.smith_admin","Category":"Pipe Created (rule: PipeEvent)","Opcode":"Info","RuleName":"-","UtcTime":"2023-03-03 17:35:11.638","ProcessGuid":"{BE59402F-2FCE-6402-5401-000000001900}","PipeName":"\\LOCAL\\edge.sync.4668.5292.892434138","Image":"C:\\Program Files (x86)\\Microsoft\\Edge\\Application\\msedge.exe","User":"LUNARSTIIINESS\\tim.smith_admin","EventReceivedTime":1677864914,"SourceModuleName":"in_sysmon","SourceModuleType":"im_msvistalog"}
<14>Mar  3 17:35:18 win-server.lunarstiiiness.com Microsoft-Windows-Sysmon[1288]: {"EventTime":1677864916,"Hostname":"win-server.lunarstiiiness.com","Keywords":-9223372036854775808,"EventType":"INFO","SeverityValue":2,"Severity":"INFO","EventID":22,"SourceName":"Microsoft-Windows-Sysmon","ProviderGuid":"{5770385F-C22A-43E0-BF4C-06F5698FFBD9}","Version":5,"Task":22,"OpcodeValue":0,"RecordNumber":930786,"ProcessID":1288,"ThreadID":2904,"Channel":"Microsoft-Windows-Sysmon/Operational","Domain":"NT AUTHORITY","AccountName":"SYSTEM","UserID":"S-1-5-18","AccountType":"User","Message":"Dns query:\r\nRuleName: -\r\nUtcTime: 2023-03-03 17:35:15.261\r\nProcessGuid: {BE59402F-2F72-6402-2901-000000001900}\r\nProcessId: 3556\r\nQueryName: p.clarity.ms\r\nQueryStatus: 0\r\nQueryResults: type:  5 clarity-ingest-eus2-sc.eastus2.cloudapp.azure.com;20.122.63.128;\r\nImage: C:\\Program Files (x86)\\Microsoft\\Edge\\Application\\msedge.exe\r\nUser: LUNARSTIIINESS\\tim.smith_admin","Category":"Dns query (rule: DnsQuery)","Opcode":"Info","RuleName":"-","UtcTime":"2023-03-03 17:35:15.261","ProcessGuid":"{BE59402F-2F72-6402-2901-000000001900}","QueryName":"p.clarity.ms","QueryStatus":"0","QueryResults":"type:  5 clarity-ingest-eus2-sc.eastus2.cloudapp.azure.com;20.122.63.128;","Image":"C:\\Program Files (x86)\\Microsoft\\Edge\\Application\\msedge.exe","User":"LUNARSTIIINESS\\tim.smith_admin","EventReceivedTime":1677864918,"SourceModuleName":"in_sysmon","SourceModuleType":"im_msvistalog"}
<14>Mar  3 17:35:21 win-server.lunarstiiiness.com Microsoft-Windows-Sysmon[1288]: {"EventTime":1677864918,"Hostname":"win-server.lunarstiiiness.com","Keywords":-9223372036854775808,"EventType":"INFO","SeverityValue":2,"Severity":"INFO","EventID":22,"SourceName":"Microsoft-Windows-Sysmon","ProviderGuid":"{5770385F-C22A-43E0-BF4C-06F5698FFBD9}","Version":5,"Task":22,"OpcodeValue":0,"RecordNumber":930787,"ProcessID":1288,"ThreadID":2904,"Channel":"Microsoft-Windows-Sysmon/Operational","Domain":"NT AUTHORITY","AccountName":"SYSTEM","UserID":"S-1-5-18","AccountType":"User","Message":"Dns query:\r\nRuleName: -\r\nUtcTime: 2023-03-03 17:35:17.716\r\nProcessGuid: {BE59402F-2F72-6402-2901-000000001900}\r\nProcessId: 3556\r\nQueryName: www.xbox.com\r\nQueryStatus: 0\r\nQueryResults: type:  5 www.xbox.com.akadns.net;type:  5 wildcard.xbox.com.edgekey.net;type:  5 e1822.dsca.akamaiedge.net;23.11.224.60;\r\nImage: C:\\Program Files (x86)\\Microsoft\\Edge\\Application\\msedge.exe\r\nUser: LUNARSTIIINESS\\tim.smith_admin","Category":"Dns query (rule: DnsQuery)","Opcode":"Info","RuleName":"-","UtcTime":"2023-03-03 17:35:17.716","ProcessGuid":"{BE59402F-2F72-6402-2901-000000001900}","QueryName":"www.xbox.com","QueryStatus":"0","QueryResults":"type:  5 www.xbox.com.akadns.net;type:  5 wildcard.xbox.com.edgekey.net;type:  5 e1822.dsca.akamaiedge.net;23.11.224.60;","Image":"C:\\Program Files (x86)\\Microsoft\\Edge\\Application\\msedge.exe","User":"LUNARSTIIINESS\\tim.smith_admin","EventReceivedTime":1677864921,"SourceModuleName":"in_sysmon","SourceModuleType":"im_msvistalog"}
<14>Mar  3 17:35:22 win-server.lunarstiiiness.com Microsoft-Windows-Sysmon[1288]: {"EventTime":1677864920,"Hostname":"win-server.lunarstiiiness.com","Keywords":-9223372036854775808,"EventType":"INFO","SeverityValue":2,"Severity":"INFO","EventID":22,"SourceName":"Microsoft-Windows-Sysmon","ProviderGuid":"{5770385F-C22A-43E0-BF4C-06F5698FFBD9}","Version":5,"Task":22,"OpcodeValue":0,"RecordNumber":930788,"ProcessID":1288,"ThreadID":2904,"Channel":"Microsoft-Windows-Sysmon/Operational","Domain":"NT AUTHORITY","AccountName":"SYSTEM","UserID":"S-1-5-18","AccountType":"User","Message":"Dns query:\r\nRuleName: -\r\nUtcTime: 2023-03-03 17:35:18.787\r\nProcessGuid: {BE59402F-2F72-6402-2901-000000001900}\r\nProcessId: 3556\r\nQueryName: statics-marketingsites-neu-ms-com.akamaized.net\r\nQueryStatus: 0\r\nQueryResults: type:  5 a1835.g2.akamai.net;23.200.156.138;23.200.156.152;\r\nImage: C:\\Program Files (x86)\\Microsoft\\Edge\\Application\\msedge.exe\r\nUser: LUNARSTIIINESS\\tim.smith_admin","Category":"Dns query (rule: DnsQuery)","Opcode":"Info","RuleName":"-","UtcTime":"2023-03-03 17:35:18.787","ProcessGuid":"{BE59402F-2F72-6402-2901-000000001900}","QueryName":"statics-marketingsites-neu-ms-com.akamaized.net","QueryStatus":"0","QueryResults":"type:  5 a1835.g2.akamai.net;23.200.156.138;23.200.156.152;","Image":"C:\\Program Files (x86)\\Microsoft\\Edge\\Application\\msedge.exe","User":"LUNARSTIIINESS\\tim.smith_admin","EventReceivedTime":1677864922,"SourceModuleName":"in_sysmon","SourceModuleType":"im_msvistalog"}
<14>Mar  3 17:35:22 win-server.lunarstiiiness.com Microsoft-Windows-Sysmon[1288]: {"EventTime":1677864920,"Hostname":"win-server.lunarstiiiness.com","Keywords":-9223372036854775808,"EventType":"INFO","SeverityValue":2,"Severity":"INFO","EventID":22,"SourceName":"Microsoft-Windows-Sysmon","ProviderGuid":"{5770385F-C22A-43E0-BF4C-06F5698FFBD9}","Version":5,"Task":22,"OpcodeValue":0,"RecordNumber":930789,"ProcessID":1288,"ThreadID":2904,"Channel":"Microsoft-Windows-Sysmon/Operational","Domain":"NT AUTHORITY","AccountName":"SYSTEM","UserID":"S-1-5-18","AccountType":"User","Message":"Dns query:\r\nRuleName: -\r\nUtcTime: 2023-03-03 17:35:18.954\r\nProcessGuid: {BE59402F-2F72-6402-2901-000000001900}\r\nProcessId: 3556\r\nQueryName: assets-www.xbox.com\r\nQueryStatus: 0\r\nQueryResults: type:  5 assets-www.xbox.com.akadns.net;type:  5 assets-www.xbox.com.edgekey.net;type:  5 e1822.dsca.akamaiedge.net;23.11.224.60;\r\nImage: C:\\Program Files (x86)\\Microsoft\\Edge\\Application\\msedge.exe\r\nUser: LUNARSTIIINESS\\tim.smith_admin","Category":"Dns query (rule: DnsQuery)","Opcode":"Info","RuleName":"-","UtcTime":"2023-03-03 17:35:18.954","ProcessGuid":"{BE59402F-2F72-6402-2901-000000001900}","QueryName":"assets-www.xbox.com","QueryStatus":"0","QueryResults":"type:  5 assets-www.xbox.com.akadns.net;type:  5 assets-www.xbox.com.edgekey.net;type:  5 e1822.dsca.akamaiedge.net;23.11.224.60;","Image":"C:\\Program Files (x86)\\Microsoft\\Edge\\Application\\msedge.exe","User":"LUNARSTIIINESS\\tim.smith_admin","EventReceivedTime":1677864922,"SourceModuleName":"in_sysmon","SourceModuleType":"im_msvistalog"}
<14>Mar  3 17:35:25 win-server.lunarstiiiness.com Microsoft-Windows-Sysmon[1288]: {"EventTime":1677864922,"Hostname":"win-server.lunarstiiiness.com","Keywords":-9223372036854775808,"EventType":"INFO","SeverityValue":2,"Severity":"INFO","EventID":22,"SourceName":"Microsoft-Windows-Sysmon","ProviderGuid":"{5770385F-C22A-43E0-BF4C-06F5698FFBD9}","Version":5,"Task":22,"OpcodeValue":0,"RecordNumber":930790,"ProcessID":1288,"ThreadID":2904,"Channel":"Microsoft-Windows-Sysmon/Operational","Domain":"NT AUTHORITY","AccountName":"SYSTEM","UserID":"S-1-5-18","AccountType":"User","Message":"Dns query:\r\nRuleName: -\r\nUtcTime: 2023-03-03 17:35:22.035\r\nProcessGuid: {BE59402F-2F72-6402-2901-000000001900}\r\nProcessId: 3556\r\nQueryName: msftenterprise.sc.omtrdc.net\r\nQueryStatus: 0\r\nQueryResults: 63.140.38.237;63.140.38.137;63.140.38.232;63.140.38.151;63.140.38.128;63.140.38.229;63.140.38.100;63.140.38.163;63.140.38.117;63.140.38.15;\r\nImage: C:\\Program Files (x86)\\Microsoft\\Edge\\Application\\msedge.exe\r\nUser: LUNARSTIIINESS\\tim.smith_admin","Category":"Dns query (rule: DnsQuery)","Opcode":"Info","RuleName":"-","UtcTime":"2023-03-03 17:35:22.035","ProcessGuid":"{BE59402F-2F72-6402-2901-000000001900}","QueryName":"msftenterprise.sc.omtrdc.net","QueryStatus":"0","QueryResults":"63.140.38.237;63.140.38.137;63.140.38.232;63.140.38.151;63.140.38.128;63.140.38.229;63.140.38.100;63.140.38.163;63.140.38.117;63.140.38.15;","Image":"C:\\Program Files (x86)\\Microsoft\\Edge\\Application\\msedge.exe","User":"LUNARSTIIINESS\\tim.smith_admin","EventReceivedTime":1677864925,"SourceModuleName":"in_sysmon","SourceModuleType":"im_msvistalog"}
<14>Mar  3 17:35:25 win-server.lunarstiiiness.com Microsoft-Windows-Sysmon[1288]: {"EventTime":1677864922,"Hostname":"win-server.lunarstiiiness.com","Keywords":-9223372036854775808,"EventType":"INFO","SeverityValue":2,"Severity":"INFO","EventID":22,"SourceName":"Microsoft-Windows-Sysmon","ProviderGuid":"{5770385F-C22A-43E0-BF4C-06F5698FFBD9}","Version":5,"Task":22,"OpcodeValue":0,"RecordNumber":930791,"ProcessID":1288,"ThreadID":2904,"Channel":"Microsoft-Windows-Sysmon/Operational","Domain":"NT AUTHORITY","AccountName":"SYSTEM","UserID":"S-1-5-18","AccountType":"User","Message":"Dns query:\r\nRuleName: -\r\nUtcTime: 2023-03-03 17:35:22.459\r\nProcessGuid: {BE59402F-2F72-6402-2901-000000001900}\r\nProcessId: 3556\r\nQueryName: cm.everesttech.net\r\nQueryStatus: 0\r\nQueryResults: type:  5 cm.everesttech.net.akadns.net;52.39.229.14;35.165.121.2;44.238.12.18;52.32.6.127;34.223.195.197;52.26.149.221;\r\nImage: C:\\Program Files (x86)\\Microsoft\\Edge\\Application\\msedge.exe\r\nUser: LUNARSTIIINESS\\tim.smith_admin","Category":"Dns query (rule: DnsQuery)","Opcode":"Info","RuleName":"-","UtcTime":"2023-03-03 17:35:22.459","ProcessGuid":"{BE59402F-2F72-6402-2901-000000001900}","QueryName":"cm.everesttech.net","QueryStatus":"0","QueryResults":"type:  5 cm.everesttech.net.akadns.net;52.39.229.14;35.165.121.2;44.238.12.18;52.32.6.127;34.223.195.197;52.26.149.221;","Image":"C:\\Program Files (x86)\\Microsoft\\Edge\\Application\\msedge.exe","User":"LUNARSTIIINESS\\tim.smith_admin","EventReceivedTime":1677864925,"SourceModuleName":"in_sysmon","SourceModuleType":"im_msvistalog"}
<14>Mar  3 17:35:25 win-server.lunarstiiiness.com Microsoft-Windows-Sysmon[1288]: {"EventTime":1677864922,"Hostname":"win-server.lunarstiiiness.com","Keywords":-9223372036854775808,"EventType":"INFO","SeverityValue":2,"Severity":"INFO","EventID":22,"SourceName":"Microsoft-Windows-Sysmon","ProviderGuid":"{5770385F-C22A-43E0-BF4C-06F5698FFBD9}","Version":5,"Task":22,"OpcodeValue":0,"RecordNumber":930792,"ProcessID":1288,"ThreadID":2904,"Channel":"Microsoft-Windows-Sysmon/Operational","Domain":"NT AUTHORITY","AccountName":"SYSTEM","UserID":"S-1-5-18","AccountType":"User","Message":"Dns query:\r\nRuleName: -\r\nUtcTime: 2023-03-03 17:35:22.460\r\nProcessGuid: {BE59402F-2F72-6402-2901-000000001900}\r\nProcessId: 3556\r\nQueryName: img-prod-cms-rt-microsoft-com.akamaized.net\r\nQueryStatus: 0\r\nQueryResults: type:  5 a1449.dscg2.akamai.net;23.218.224.149;23.218.224.141;\r\nImage: C:\\Program Files (x86)\\Microsoft\\Edge\\Application\\msedge.exe\r\nUser: LUNARSTIIINESS\\tim.smith_admin","Category":"Dns query (rule: DnsQuery)","Opcode":"Info","RuleName":"-","UtcTime":"2023-03-03 17:35:22.460","ProcessGuid":"{BE59402F-2F72-6402-2901-000000001900}","QueryName":"img-prod-cms-rt-microsoft-com.akamaized.net","QueryStatus":"0","QueryResults":"type:  5 a1449.dscg2.akamai.net;23.218.224.149;23.218.224.141;","Image":"C:\\Program Files (x86)\\Microsoft\\Edge\\Application\\msedge.exe","User":"LUNARSTIIINESS\\tim.smith_admin","EventReceivedTime":1677864925,"SourceModuleName":"in_sysmon","SourceModuleType":"im_msvistalog"}
<14>Mar  3 17:35:25 win-server.lunarstiiiness.com Microsoft-Windows-Sysmon[1288]: {"EventTime":1677864922,"Hostname":"win-server.lunarstiiiness.com","Keywords":-9223372036854775808,"EventType":"INFO","SeverityValue":2,"Severity":"INFO","EventID":22,"SourceName":"Microsoft-Windows-Sysmon","ProviderGuid":"{5770385F-C22A-43E0-BF4C-06F5698FFBD9}","Version":5,"Task":22,"OpcodeValue":0,"RecordNumber":930793,"ProcessID":1288,"ThreadID":2904,"Channel":"Microsoft-Windows-Sysmon/Operational","Domain":"NT AUTHORITY","AccountName":"SYSTEM","UserID":"S-1-5-18","AccountType":"User","Message":"Dns query:\r\nRuleName: -\r\nUtcTime: 2023-03-03 17:35:22.463\r\nProcessGuid: {BE59402F-2F72-6402-2901-000000001900}\r\nProcessId: 3556\r\nQueryName: mem.gfx.ms\r\nQueryStatus: 0\r\nQueryResults: type:  5 amcdnmsftuswe.azureedge.net;type:  5 amcdnmsftuswe.afd.azureedge.net;type:  5 firstparty-azurefd-prod.trafficmanager.net;type:  5 shed.dual-low.part-0010.t-0009.fdv2-t-msedge.net;type:  5 part-0010.t-0009.fdv2-t-msedge.net;13.107.237.38;13.107.238.38;\r\nImage: C:\\Program Files (x86)\\Microsoft\\Edge\\Application\\msedge.exe\r\nUser: LUNARSTIIINESS\\tim.smith_admin","Category":"Dns query (rule: DnsQuery)","Opcode":"Info","RuleName":"-","UtcTime":"2023-03-03 17:35:22.463","ProcessGuid":"{BE59402F-2F72-6402-2901-000000001900}","QueryName":"mem.gfx.ms","QueryStatus":"0","QueryResults":"type:  5 amcdnmsftuswe.azureedge.net;type:  5 amcdnmsftuswe.afd.azureedge.net;type:  5 firstparty-azurefd-prod.trafficmanager.net;type:  5 shed.dual-low.part-0010.t-0009.fdv2-t-msedge.net;type:  5 part-0010.t-0009.fdv2-t-msedge.net;13.107.237.38;13.107.238.38;","Image":"C:\\Program Files (x86)\\Microsoft\\Edge\\Application\\msedge.exe","User":"LUNARSTIIINESS\\tim.smith_admin","EventReceivedTime":1677864925,"SourceModuleName":"in_sysmon","SourceModuleType":"im_msvistalog"}
<14>Mar  3 17:35:28 win-server.lunarstiiiness.com Microsoft-Windows-Sysmon[1288]: {"EventTime":1677864925,"Hostname":"win-server.lunarstiiiness.com","Keywords":-9223372036854775808,"EventType":"INFO","SeverityValue":2,"Severity":"INFO","EventID":22,"SourceName":"Microsoft-Windows-Sysmon","ProviderGuid":"{5770385F-C22A-43E0-BF4C-06F5698FFBD9}","Version":5,"Task":22,"OpcodeValue":0,"RecordNumber":930794,"ProcessID":1288,"ThreadID":2904,"Channel":"Microsoft-Windows-Sysmon/Operational","Domain":"NT AUTHORITY","AccountName":"SYSTEM","UserID":"S-1-5-18","AccountType":"User","Message":"Dns query:\r\nRuleName: -\r\nUtcTime: 2023-03-03 17:35:24.530\r\nProcessGuid: {BE59402F-2F72-6402-2901-000000001900}\r\nProcessId: 3556\r\nQueryName: o427368.ingest.sentry.io\r\nQueryStatus: 0\r\nQueryResults: 34.120.195.249;\r\nImage: C:\\Program Files (x86)\\Microsoft\\Edge\\Application\\msedge.exe\r\nUser: LUNARSTIIINESS\\tim.smith_admin","Category":"Dns query (rule: DnsQuery)","Opcode":"Info","RuleName":"-","UtcTime":"2023-03-03 17:35:24.530","ProcessGuid":"{BE59402F-2F72-6402-2901-000000001900}","QueryName":"o427368.ingest.sentry.io","QueryStatus":"0","QueryResults":"34.120.195.249;","Image":"C:\\Program Files (x86)\\Microsoft\\Edge\\Application\\msedge.exe","User":"LUNARSTIIINESS\\tim.smith_admin","EventReceivedTime":1677864928,"SourceModuleName":"in_sysmon","SourceModuleType":"im_msvistalog"}
