<14>Mar  3 17:44:56 win-server.lunarstiiiness.com Microsoft-Windows-Sysmon[1288]: {"EventTime":1677865495,"Hostname":"win-server.lunarstiiiness.com","Keywords":-9223372036854775808,"EventType":"INFO","SeverityValue":2,"Severity":"INFO","EventID":12,"SourceName":"Microsoft-Windows-Sysmon","ProviderGuid":"{5770385F-C22A-43E0-BF4C-06F5698FFBD9}","Version":2,"Task":12,"OpcodeValue":0,"RecordNumber":945581,"ProcessID":1288,"ThreadID":2884,"Channel":"Microsoft-Windows-Sysmon/Operational","Domain":"NT AUTHORITY","AccountName":"SYSTEM","UserID":"S-1-5-18","AccountType":"User","Message":"Registry object added or deleted:\r\nRuleName: technique_id=T1553.004,technique_name=Install Root Certificate\r\nEventType: CreateKey\r\nUtcTime: 2023-03-03 17:44:54.983\r\nProcessGuid: {BE59402F-3216-6402-A701-000000001900}\r\nProcessId: 5284\r\nImage: C:\\Program Files\\Windows Defender\\msascuil.exe\r\nTargetObject: HKU\\S-1-5-21-3263964631-4121654051-1417071188-1116\\SOFTWARE\\Microsoft\\SystemCertificates\\Root\\Certificates\r\nUser: LUNARSTIIINESS\\tim.smith_admin","Category":"Registry object added or deleted (rule: RegistryEvent)","Opcode":"Info","RuleName":"technique_id=T1553.004,technique_name=Install Root Certificate","UtcTime":"2023-03-03 17:44:54.983","ProcessGuid":"{BE59402F-3216-6402-A701-000000001900}","Image":"C:\\Program Files\\Windows Defender\\msascuil.exe","TargetObject":"HKU\\S-1-5-21-3263964631-4121654051-1417071188-1116\\SOFTWARE\\Microsoft\\SystemCertificates\\Root\\Certificates","User":"LUNARSTIIINESS\\tim.smith_admin","EventReceivedTime":1677865496,"SourceModuleName":"in_sysmon","SourceModuleType":"im_msvistalog"}
<14>Mar  3 17:44:56 win-server.lunarstiiiness.com Microsoft-Windows-Sysmon[1288]: {"EventTime":1677865495,"Hostname":"win-server.lunarstiiiness.com","Keywords":-9223372036854775808,"EventType":"INFO","SeverityValue":2,"Severity":"INFO","EventID":10,"SourceName":"Microsoft-Windows-Sysmon","ProviderGuid":"{5770385F-C22A-43E0-BF4C-06F5698FFBD9}","Version":3,"Task":10,"OpcodeValue":0,"RecordNumber":945582,"ProcessID":1288,"ThreadID":2884,"Channel":"Microsoft-Windows-Sysmon/Operational","Domain":"NT AUTHORITY","AccountName":"SYSTEM","UserID":"S-1-5-18","AccountType":"User","Message":"Process accessed:\r\nRuleName: technique_id=T1055.001,technique_name=Dynamic-link Library Injection\r\nUtcTime: 2023-03-03 17:44:55.155\r\nSourceProcessGUID: {BE59402F-2E41-6402-F900-000000001900}\r\nSourceProcessId: 4368\r\nSourceThreadId: 960\r\nSourceImage: C:\\Windows\\Explorer.EXE\r\nTargetProcessGUID: {BE59402F-3216-6402-A701-000000001900}\r\nTargetProcessId: 5284\r\nTargetImage: C:\\Program Files\\Windows Defender\\msascuil.exe\r\nGrantedAccess: 0x1410\r\nCallTrace: C:\\Windows\\SYSTEM32\\ntdll.dll+a6154|C:\\Windows\\System32\\KERNELBASE.dll+2c44d|C:\\Windows\\System32\\SHELL32.dll+4db7f|C:\\Windows\\System32\\SHELL32.dll+4f465|C:\\Windows\\Explorer.EXE+5cf54|C:\\Windows\\Explorer.EXE+5c591|C:\\Windows\\Explorer.EXE+5a5a3|C:\\Windows\\Explorer.EXE+5a8bd|C:\\Windows\\Explorer.EXE+56cf3|C:\\Windows\\Explorer.EXE+4bb4d|C:\\Windows\\Explorer.EXE+49f72|C:\\Windows\\System32\\USER32.dll+121e4|C:\\Windows\\System32\\USER32.dll+11ed7|C:\\Windows\\System32\\USER32.dll+28e4e|C:\\Windows\\SYSTEM32\\ntdll.dll+a9834|UNKNOWN(FFFFF8005A078638)|UNKNOWN(FFFF8B642110E33F)|UNKNOWN(FFFF8B64210B38E2)|UNKNOWN(FFFF8B64210ADEE1)|UNKNOWN(FFFF8B64210AF8AA)|UNKNOWN(FFFF8B64210ADB66)|UNKNOWN(FFFFF80059D8C403)|C:\\Windows\\System32\\win32u.dll+10c4|C:\\Windows\\System32\\USER32.dll+1ea2e\r\nSourceUser: LUNARSTIIINESS\\tim.smith_admin\r\nTargetUser: LUNARSTIIINESS\\tim.smith_admin","Category":"Process accessed (rule: ProcessAccess)","Opcode":"Info","RuleName":"technique_id=T1055.001,technique_name=Dynamic-link Library Injection","UtcTime":"2023-03-03 17:44:55.155","SourceProcessGUID":"{BE59402F-2E41-6402-F900-000000001900}","SourceProcessId":"4368","SourceThreadId":"960","SourceImage":"C:\\Windows\\Explorer.EXE","TargetProcessGUID":"{BE59402F-3216-6402-A701-000000001900}","TargetProcessId":"5284","TargetImage":"C:\\Program Files\\Windows Defender\\msascuil.exe","GrantedAccess":"0x1410","CallTrace":"C:\\Windows\\SYSTEM32\\ntdll.dll+a6154|C:\\Windows\\System32\\KERNELBASE.dll+2c44d|C:\\Windows\\System32\\SHELL32.dll+4db7f|C:\\Windows\\System32\\SHELL32.dll+4f465|C:\\Windows\\Explorer.EXE+5cf54|C:\\Windows\\Explorer.EXE+5c591|C:\\Windows\\Explorer.EXE+5a5a3|C:\\Windows\\Explorer.EXE+5a8bd|C:\\Windows\\Explorer.EXE+56cf3|C:\\Windows\\Explorer.EXE+4bb4d|C:\\Windows\\Explorer.EXE+49f72|C:\\Windows\\System32\\USER32.dll+121e4|C:\\Windows\\System32\\USER32.dll+11ed7|C:\\Windows\\System32\\USER32.dll+28e4e|C:\\Windows\\SYSTEM32\\ntdll.dll+a9834|UNKNOWN(FFFFF8005A078638)|UNKNOWN(FFFF8B642110E33F)|UNKNOWN(FFFF8B64210B38E2)|UNKNOWN(FFFF8B64210ADEE1)|UNKNOWN(FFFF8B64210AF8AA)|UNKNOWN(FFFF8B64210ADB66)|UNKNOWN(FFFFF80059D8C403)|C:\\Windows\\System32\\win32u.dll+10c4|C:\\Windows\\System32\\USER32.dll+1ea2e","SourceUser":"LUNARSTIIINESS\\tim.smith_admin","TargetUser":"LUNARSTIIINESS\\tim.smith_admin","EventReceivedTime":1677865496,"SourceModuleName":"in_sysmon","SourceModuleType":"im_msvistalog"}
<14>Mar  3 17:45:26 win-server.lunarstiiiness.com Microsoft-Windows-Sysmon[1288]: {"EventTime":1677865525,"Hostname":"win-server.lunarstiiiness.com","Keywords":-9223372036854775808,"EventType":"INFO","SeverityValue":2,"Severity":"INFO","EventID":7,"SourceName":"Microsoft-Windows-Sysmon","ProviderGuid":"{5770385F-C22A-43E0-BF4C-06F5698FFBD9}","Version":3,"Task":7,"OpcodeValue":0,"RecordNumber":946113,"ProcessID":1288,"ThreadID":2884,"Channel":"Microsoft-Windows-Sysmon/Operational","Domain":"NT AUTHORITY","AccountName":"SYSTEM","UserID":"S-1-5-18","AccountType":"User","Message":"Image loaded:\r\nRuleName: technique_id=T1197,technique_name=BITS\r\nUtcTime: 2023-03-03 17:45:25.170\r\nProcessGuid: {BE59402F-31F7-6402-9601-000000001900}\r\nProcessId: 5224\r\nImage: C:\\Program Files\\Google\\Chrome\\Application\\chrome.exe\r\nImageLoaded: C:\\Windows\\System32\\BitsProxy.dll\r\nFileVersion: 7.8.14393.0 (rs1_release.160715-1616)\r\nDescription: Background Intelligent Transfer Service Proxy\r\nProduct: Microsoft Windows Operating System\r\nCompany: Microsoft Corporation\r\nOriginalFileName: qmgrprxy.dll\r\nHashes: SHA1=A6D5EC0CE520EA95679BBE43C8D27555127247CA,MD5=0359BF7839961F4BF07EB22665097E4E,SHA256=24B7CC861537B866C25E2FF73BDBA8453BE3E39E1DE40C79E3F9F3CEA040A3EC,IMPHASH=B01725D628F18E1F82650DE694046102\r\nSigned: true\r\nSignature: Microsoft Windows\r\nSignatureStatus: Valid\r\nUser: LUNARSTIIINESS\\tim.smith_admin","Category":"Image loaded (rule: ImageLoad)","Opcode":"Info","RuleName":"technique_id=T1197,technique_name=BITS","UtcTime":"2023-03-03 17:45:25.170","ProcessGuid":"{BE59402F-31F7-6402-9601-000000001900}","Image":"C:\\Program Files\\Google\\Chrome\\Application\\chrome.exe","ImageLoaded":"C:\\Windows\\System32\\BitsProxy.dll","FileVersion":"7.8.14393.0 (rs1_release.160715-1616)","Description":"Background Intelligent Transfer Service Proxy","Product":"Microsoft Windows Operating System","Company":"Microsoft Corporation","OriginalFileName":"qmgrprxy.dll","Hashes":"SHA1=A6D5EC0CE520EA95679BBE43C8D27555127247CA,MD5=0359BF7839961F4BF07EB22665097E4E,SHA256=24B7CC861537B866C25E2FF73BDBA8453BE3E39E1DE40C79E3F9F3CEA040A3EC,IMPHASH=B01725D628F18E1F82650DE694046102","Signed":"true","Signature":"Microsoft Windows","SignatureStatus":"Valid","User":"LUNARSTIIINESS\\tim.smith_admin","EventReceivedTime":1677865526,"SourceModuleName":"in_sysmon","SourceModuleType":"im_msvistalog"}
<14>Mar  3 17:45:26 win-server.lunarstiiiness.com Microsoft-Windows-Sysmon[1288]: {"EventTime":1677865525,"Hostname":"win-server.lunarstiiiness.com","Keywords":-9223372036854775808,"EventType":"INFO","SeverityValue":2,"Severity":"INFO","EventID":12,"SourceName":"Microsoft-Windows-Sysmon","ProviderGuid":"{5770385F-C22A-43E0-BF4C-06F5698FFBD9}","Version":2,"Task":12,"OpcodeValue":0,"RecordNumber":946121,"ProcessID":1288,"ThreadID":2884,"Channel":"Microsoft-Windows-Sysmon/Operational","Domain":"NT AUTHORITY","AccountName":"SYSTEM","UserID":"S-1-5-18","AccountType":"User","Message":"Registry object added or deleted:\r\nRuleName: technique_id=T1546.001,technique_name=Change Default File Association\r\nEventType: CreateKey\r\nUtcTime: 2023-03-03 17:45:25.446\r\nProcessGuid: {BE59402F-2E41-6402-F900-000000001900}\r\nProcessId: 4368\r\nImage: C:\\Windows\\Explorer.EXE\r\nTargetObject: HKU\\S-1-5-21-3263964631-4121654051-1417071188-1116\\SOFTWARE\\Microsoft\\Windows\\CurrentVersion\\Explorer\\FileExts\r\nUser: LUNARSTIIINESS\\tim.smith_admin","Category":"Registry object added or deleted (rule: RegistryEvent)","Opcode":"Info","RuleName":"technique_id=T1546.001,technique_name=Change Default File Association","UtcTime":"2023-03-03 17:45:25.446","ProcessGuid":"{BE59402F-2E41-6402-F900-000000001900}","Image":"C:\\Windows\\Explorer.EXE","TargetObject":"HKU\\S-1-5-21-3263964631-4121654051-1417071188-1116\\SOFTWARE\\Microsoft\\Windows\\CurrentVersion\\Explorer\\FileExts","User":"LUNARSTIIINESS\\tim.smith_admin","EventReceivedTime":1677865526,"SourceModuleName":"in_sysmon","SourceModuleType":"im_msvistalog"}
<14>Mar  3 17:45:26 win-server.lunarstiiiness.com Microsoft-Windows-Sysmon[1288]: {"EventTime":1677865525,"Hostname":"win-server.lunarstiiiness.com","Keywords":-9223372036854775808,"EventType":"INFO","SeverityValue":2,"Severity":"INFO","EventID":12,"SourceName":"Microsoft-Windows-Sysmon","ProviderGuid":"{5770385F-C22A-43E0-BF4C-06F5698FFBD9}","Version":2,"Task":12,"OpcodeValue":0,"RecordNumber":946122,"ProcessID":1288,"ThreadID":2884,"Channel":"Microsoft-Windows-Sysmon/Operational","Domain":"NT AUTHORITY","AccountName":"SYSTEM","UserID":"S-1-5-18","AccountType":"User","Message":"Registry object added or deleted:\r\nRuleName: technique_id=T1546.001,technique_name=Change Default File Association\r\nEventType: CreateKey\r\nUtcTime: 2023-03-03 17:45:25.446\r\nProcessGuid: {BE59402F-2E41-6402-F900-000000001900}\r\nProcessId: 4368\r\nImage: C:\\Windows\\Explorer.EXE\r\nTargetObject: HKU\\S-1-5-21-3263964631-4121654051-1417071188-1116\\SOFTWARE\\Microsoft\\Windows\\CurrentVersion\\Explorer\\FileExts\\.crdownload\r\nUser: LUNARSTIIINESS\\tim.smith_admin","Category":"Registry object added or deleted (rule: RegistryEvent)","Opcode":"Info","RuleName":"technique_id=T1546.001,technique_name=Change Default File Association","UtcTime":"2023-03-03 17:45:25.446","ProcessGuid":"{BE59402F-2E41-6402-F900-000000001900}","Image":"C:\\Windows\\Explorer.EXE","TargetObject":"HKU\\S-1-5-21-3263964631-4121654051-1417071188-1116\\SOFTWARE\\Microsoft\\Windows\\CurrentVersion\\Explorer\\FileExts\\.crdownload","User":"LUNARSTIIINESS\\tim.smith_admin","EventReceivedTime":1677865526,"SourceModuleName":"in_sysmon","SourceModuleType":"im_msvistalog"}
<14>Mar  3 17:45:43 win-server.lunarstiiiness.com Microsoft-Windows-Sysmon[1288]: {"EventTime":1677865542,"Hostname":"win-server.lunarstiiiness.com","Keywords":-9223372036854775808,"EventType":"INFO","SeverityValue":2,"Severity":"INFO","EventID":22,"SourceName":"Microsoft-Windows-Sysmon","ProviderGuid":"{5770385F-C22A-43E0-BF4C-06F5698FFBD9}","Version":5,"Task":22,"OpcodeValue":0,"RecordNumber":946508,"ProcessID":1288,"ThreadID":2904,"Channel":"Microsoft-Windows-Sysmon/Operational","Domain":"NT AUTHORITY","AccountName":"SYSTEM","UserID":"S-1-5-18","AccountType":"User","Message":"Dns query:\r\nRuleName: -\r\nUtcTime: 2023-03-03 17:45:41.747\r\nProcessGuid: {BE59402F-260E-6402-1800-000000001900}\r\nProcessId: 1088\r\nQueryName: logging.googleapis.com\r\nQueryStatus: 0\r\nQueryResults: ::ffff:74.125.132.95;\r\nImage: C:\\Program Files\\Google\\OSConfig\\google_osconfig_agent.exe\r\nUser: NT AUTHORITY\\SYSTEM","Category":"Dns query (rule: DnsQuery)","Opcode":"Info","RuleName":"-","UtcTime":"2023-03-03 17:45:41.747","ProcessGuid":"{BE59402F-260E-6402-1800-000000001900}","QueryName":"logging.googleapis.com","QueryStatus":"0","QueryResults":"::ffff:74.125.132.95;","Image":"C:\\Program Files\\Google\\OSConfig\\google_osconfig_agent.exe","User":"NT AUTHORITY\\SYSTEM","EventReceivedTime":1677865543,"SourceModuleName":"in_sysmon","SourceModuleType":"im_msvistalog"}
<14>Mar  3 17:45:54 win-server.lunarstiiiness.com Microsoft-Windows-Sysmon[1288]: {"EventTime":1677865552,"Hostname":"win-server.lunarstiiiness.com","Keywords":-9223372036854775808,"EventType":"INFO","SeverityValue":2,"Severity":"INFO","EventID":1,"SourceName":"Microsoft-Windows-Sysmon","ProviderGuid":"{5770385F-C22A-43E0-BF4C-06F5698FFBD9}","Version":5,"Task":1,"OpcodeValue":0,"RecordNumber":946829,"ProcessID":1288,"ThreadID":2884,"Channel":"Microsoft-Windows-Sysmon/Operational","Domain":"NT AUTHORITY","AccountName":"SYSTEM","UserID":"S-1-5-18","AccountType":"User","Message":"Process Create:\r\nRuleName: technique_id=T1204,technique_name=User Execution\r\nUtcTime: 2023-03-03 17:45:52.876\r\nProcessGuid: {BE59402F-3250-6402-AA01-000000001900}\r\nProcessId: 6112\r\nImage: C:\\Program Files\\Windows NT\\Accessories\\wordpad.exe\r\nFileVersion: 10.0.14393.4169 (rs1_release.210107-1130)\r\nDescription: Windows Wordpad Application\r\nProduct: Microsoft Windows Operating System\r\nCompany: Microsoft Corporation\r\nOriginalFileName: WORDPAD.EXE\r\nCommandLine: \"C:\\Program Files\\Windows NT\\Accessories\\WORDPAD.EXE\" \"D:\\Software\\vantagefx compliance.docx\"\r\nCurrentDirectory: D:\\Software\\\r\nUser: LUNARSTIIINESS\\tim.smith_admin\r\nLogonGuid: {BE59402F-2E2D-6402-82D4-DA0000000000}\r\nLogonId: 0xDAD482\r\nTerminalSessionId: 3\r\nIntegrityLevel: Medium\r\nHashes: SHA1=75E9078860861A1B154923A8729EED829368FA07,MD5=F45E9480020BED83EDFA09F02D05A358,SHA256=0092CD4A00FB6095663DBBD50B8846CDB03F954274A7BF6A84D1FACE3DB4EAF4,IMPHASH=1587031C30A913539C4C1AF895005B82\r\nParentProcessGuid: {BE59402F-2E41-6402-F900-000000001900}\r\nParentProcessId: 4368\r\nParentImage: C:\\Windows\\explorer.exe\r\nParentCommandLine: C:\\Windows\\Explorer.EXE\r\nParentUser: LUNARSTIIINESS\\tim.smith_admin","Category":"Process Create (rule: ProcessCreate)","Opcode":"Info","RuleName":"technique_id=T1204,technique_name=User Execution","UtcTime":"2023-03-03 17:45:52.876","ProcessGuid":"{BE59402F-3250-6402-AA01-000000001900}","Image":"C:\\Program Files\\Windows NT\\Accessories\\wordpad.exe","FileVersion":"10.0.14393.4169 (rs1_release.210107-1130)","Description":"Windows Wordpad Application","Product":"Microsoft Windows Operating System","Company":"Microsoft Corporation","OriginalFileName":"WORDPAD.EXE","CommandLine":"\"C:\\Program Files\\Windows NT\\Accessories\\WORDPAD.EXE\" \"D:\\Software\\vantagefx compliance.docx\"","CurrentDirectory":"D:\\Software\\","User":"LUNARSTIIINESS\\tim.smith_admin","LogonGuid":"{BE59402F-2E2D-6402-82D4-DA0000000000}","LogonId":"0xdad482","TerminalSessionId":"3","IntegrityLevel":"Medium","Hashes":"SHA1=75E9078860861A1B154923A8729EED829368FA07,MD5=F45E9480020BED83EDFA09F02D05A358,SHA256=0092CD4A00FB6095663DBBD50B8846CDB03F954274A7BF6A84D1FACE3DB4EAF4,IMPHASH=1587031C30A913539C4C1AF895005B82","ParentProcessGuid":"{BE59402F-2E41-6402-F900-000000001900}","ParentProcessId":"4368","ParentImage":"C:\\Windows\\explorer.exe","ParentCommandLine":"C:\\Windows\\Explorer.EXE","ParentUser":"LUNARSTIIINESS\\tim.smith_admin","EventReceivedTime":1677865554,"SourceModuleName":"in_sysmon","SourceModuleType":"im_msvistalog"}
<14>Mar  3 17:45:54 win-server.lunarstiiiness.com Microsoft-Windows-Sysmon[1288]: {"EventTime":1677865552,"Hostname":"win-server.lunarstiiiness.com","Keywords":-9223372036854775808,"EventType":"INFO","SeverityValue":2,"Severity":"INFO","EventID":7,"SourceName":"Microsoft-Windows-Sysmon","ProviderGuid":"{5770385F-C22A-43E0-BF4C-06F5698FFBD9}","Version":3,"Task":7,"OpcodeValue":0,"RecordNumber":946830,"ProcessID":1288,"ThreadID":2884,"Channel":"Microsoft-Windows-Sysmon/Operational","Domain":"NT AUTHORITY","AccountName":"SYSTEM","UserID":"S-1-5-18","AccountType":"User","Message":"Image loaded:\r\nRuleName: -\r\nUtcTime: 2023-03-03 17:45:52.920\r\nProcessGuid: {BE59402F-3250-6402-AA01-000000001900}\r\nProcessId: 6112\r\nImage: C:\\Program Files\\Windows NT\\Accessories\\wordpad.exe\r\nImageLoaded: C:\\Windows\\System32\\urlmon.dll\r\nFileVersion: 11.00.14393.5582 (rs1_release.221130-1719)\r\nDescription: OLE32 Extensions for Win32\r\nProduct: Internet Explorer\r\nCompany: Microsoft Corporation\r\nOriginalFileName: UrlMon.dll\r\nHashes: SHA1=C04C26B634733A5132FEB47281829DA870E481F2,MD5=A99B52D97035B13B4C06366E1ABE05E7,SHA256=4009730BE3CE17F80A98BEB323FFF3626AF02B7EAE64601B2A0BEF8B87145E9F,IMPHASH=B5AFB93FCF976F12D390F994AD9F4967\r\nSigned: true\r\nSignature: Microsoft Windows\r\nSignatureStatus: Valid\r\nUser: LUNARSTIIINESS\\tim.smith_admin","Category":"Image loaded (rule: ImageLoad)","Opcode":"Info","RuleName":"-","UtcTime":"2023-03-03 17:45:52.920","ProcessGuid":"{BE59402F-3250-6402-AA01-000000001900}","Image":"C:\\Program Files\\Windows NT\\Accessories\\wordpad.exe","ImageLoaded":"C:\\Windows\\System32\\urlmon.dll","FileVersion":"11.00.14393.5582 (rs1_release.221130-1719)","Description":"OLE32 Extensions for Win32","Product":"Internet Explorer","Company":"Microsoft Corporation","OriginalFileName":"UrlMon.dll","Hashes":"SHA1=C04C26B634733A5132FEB47281829DA870E481F2,MD5=A99B52D97035B13B4C06366E1ABE05E7,SHA256=4009730BE3CE17F80A98BEB323FFF3626AF02B7EAE64601B2A0BEF8B87145E9F,IMPHASH=B5AFB93FCF976F12D390F994AD9F4967","Signed":"true","Signature":"Microsoft Windows","SignatureStatus":"Valid","User":"LUNARSTIIINESS\\tim.smith_admin","EventReceivedTime":1677865554,"SourceModuleName":"in_sysmon","SourceModuleType":"im_msvistalog"}
<14>Mar  3 17:45:54 win-server.lunarstiiiness.com Microsoft-Windows-Sysmon[1288]: {"EventTime":1677865553,"Hostname":"win-server.lunarstiiiness.com","Keywords":-9223372036854775808,"EventType":"INFO","SeverityValue":2,"Severity":"INFO","EventID":23,"SourceName":"Microsoft-Windows-Sysmon","ProviderGuid":"{5770385F-C22A-43E0-BF4C-06F5698FFBD9}","Version":5,"Task":23,"OpcodeValue":0,"RecordNumber":946833,"ProcessID":1288,"ThreadID":2884,"Channel":"Microsoft-Windows-Sysmon/Operational","Domain":"NT AUTHORITY","AccountName":"SYSTEM","UserID":"S-1-5-18","AccountType":"User","Message":"File Delete archived:\r\nRuleName: Scripts and payloads\r\nUtcTime: 2023-03-03 17:45:53.108\r\nProcessGuid: {BE59402F-2E41-6402-F900-000000001900}\r\nProcessId: 4368\r\nUser: LUNARSTIIINESS\\tim.smith_admin\r\nImage: C:\\Windows\\Explorer.EXE\r\nTargetFilename: C:\\Users\\tim.smith_admin\\AppData\\Roaming\\Microsoft\\Windows\\Recent\\Software.lnk\r\nHashes: SHA1=4B349F21813054243D20108C3DACE9A9845F576E,MD5=C19A2A0B02C89CFD93A513979CB53572,SHA256=049FD5D2278C68EA1FC08013E9A1D2DC8587D631D14B44D97B2FB1634B5C4E0B,IMPHASH=00000000000000000000000000000000\r\nIsExecutable: false\r\nArchived: false - insufficient disk space","Category":"File Delete archived (rule: FileDelete)","Opcode":"Info","RuleName":"Scripts and payloads","UtcTime":"2023-03-03 17:45:53.108","ProcessGuid":"{BE59402F-2E41-6402-F900-000000001900}","User":"LUNARSTIIINESS\\tim.smith_admin","Image":"C:\\Windows\\Explorer.EXE","TargetFilename":"C:\\Users\\tim.smith_admin\\AppData\\Roaming\\Microsoft\\Windows\\Recent\\Software.lnk","Hashes":"SHA1=4B349F21813054243D20108C3DACE9A9845F576E,MD5=C19A2A0B02C89CFD93A513979CB53572,SHA256=049FD5D2278C68EA1FC08013E9A1D2DC8587D631D14B44D97B2FB1634B5C4E0B,IMPHASH=00000000000000000000000000000000","IsExecutable":"false","Archived":"false - insufficient disk space","EventReceivedTime":1677865554,"SourceModuleName":"in_sysmon","SourceModuleType":"im_msvistalog"}
<14>Mar  3 17:45:54 win-server.lunarstiiiness.com Microsoft-Windows-Sysmon[1288]: {"EventTime":1677865553,"Hostname":"win-server.lunarstiiiness.com","Keywords":-9223372036854775808,"EventType":"INFO","SeverityValue":2,"Severity":"INFO","EventID":13,"SourceName":"Microsoft-Windows-Sysmon","ProviderGuid":"{5770385F-C22A-43E0-BF4C-06F5698FFBD9}","Version":2,"Task":13,"OpcodeValue":0,"RecordNumber":946831,"ProcessID":1288,"ThreadID":2884,"Channel":"Microsoft-Windows-Sysmon/Operational","Domain":"NT AUTHORITY","AccountName":"SYSTEM","UserID":"S-1-5-18","AccountType":"User","Message":"Registry value set:\r\nRuleName: -\r\nEventType: SetValue\r\nUtcTime: 2023-03-03 17:45:53.108\r\nProcessGuid: {BE59402F-2E41-6402-F900-000000001900}\r\nProcessId: 4368\r\nImage: C:\\Windows\\Explorer.EXE\r\nTargetObject: HKU\\S-1-5-21-3263964631-4121654051-1417071188-1116\\SOFTWARE\\Microsoft\\Windows\\CurrentVersion\\Explorer\\RecentDocs\\.docx\\2\r\nDetails: Binary Data\r\nUser: LUNARSTIIINESS\\tim.smith_admin","Category":"Registry value set (rule: RegistryEvent)","Opcode":"Info","RuleName":"-","UtcTime":"2023-03-03 17:45:53.108","ProcessGuid":"{BE59402F-2E41-6402-F900-000000001900}","Image":"C:\\Windows\\Explorer.EXE","TargetObject":"HKU\\S-1-5-21-3263964631-4121654051-1417071188-1116\\SOFTWARE\\Microsoft\\Windows\\CurrentVersion\\Explorer\\RecentDocs\\.docx\\2","Details":"Binary Data","User":"LUNARSTIIINESS\\tim.smith_admin","EventReceivedTime":1677865554,"SourceModuleName":"in_sysmon","SourceModuleType":"im_msvistalog"}
<14>Mar  3 17:45:54 win-server.lunarstiiiness.com Microsoft-Windows-Sysmon[1288]: {"EventTime":1677865553,"Hostname":"win-server.lunarstiiiness.com","Keywords":-9223372036854775808,"EventType":"INFO","SeverityValue":2,"Severity":"INFO","EventID":13,"SourceName":"Microsoft-Windows-Sysmon","ProviderGuid":"{5770385F-C22A-43E0-BF4C-06F5698FFBD9}","Version":2,"Task":13,"OpcodeValue":0,"RecordNumber":946832,"ProcessID":1288,"ThreadID":2884,"Channel":"Microsoft-Windows-Sysmon/Operational","Domain":"NT AUTHORITY","AccountName":"SYSTEM","UserID":"S-1-5-18","AccountType":"User","Message":"Registry value set:\r\nRuleName: -\r\nEventType: SetValue\r\nUtcTime: 2023-03-03 17:45:53.108\r\nProcessGuid: {BE59402F-2E41-6402-F900-000000001900}\r\nProcessId: 4368\r\nImage: C:\\Windows\\Explorer.EXE\r\nTargetObject: HKU\\S-1-5-21-3263964631-4121654051-1417071188-1116\\SOFTWARE\\Microsoft\\Windows\\CurrentVersion\\Explorer\\RecentDocs\\.docx\\MRUListEx\r\nDetails: Binary Data\r\nUser: LUNARSTIIINESS\\tim.smith_admin","Category":"Registry value set (rule: RegistryEvent)","Opcode":"Info","RuleName":"-","UtcTime":"2023-03-03 17:45:53.108","ProcessGuid":"{BE59402F-2E41-6402-F900-000000001900}","Image":"C:\\Windows\\Explorer.EXE","TargetObject":"HKU\\S-1-5-21-3263964631-4121654051-1417071188-1116\\SOFTWARE\\Microsoft\\Windows\\CurrentVersion\\Explorer\\RecentDocs\\.docx\\MRUListEx","Details":"Binary Data","User":"LUNARSTIIINESS\\tim.smith_admin","EventReceivedTime":1677865554,"SourceModuleName":"in_sysmon","SourceModuleType":"im_msvistalog"}
<14>Mar  3 17:45:55 win-server.lunarstiiiness.com Microsoft-Windows-Sysmon[1288]: {"EventTime":1677865554,"Hostname":"win-server.lunarstiiiness.com","Keywords":-9223372036854775808,"EventType":"INFO","SeverityValue":2,"Severity":"INFO","EventID":7,"SourceName":"Microsoft-Windows-Sysmon","ProviderGuid":"{5770385F-C22A-43E0-BF4C-06F5698FFBD9}","Version":3,"Task":7,"OpcodeValue":0,"RecordNumber":946837,"ProcessID":1288,"ThreadID":2884,"Channel":"Microsoft-Windows-Sysmon/Operational","Domain":"NT AUTHORITY","AccountName":"SYSTEM","UserID":"S-1-5-18","AccountType":"User","Message":"Image loaded:\r\nRuleName: technique_id=T1059.001,technique_name=PowerShell\r\nUtcTime: 2023-03-03 17:45:54.186\r\nProcessGuid: {BE59402F-3250-6402-AA01-000000001900}\r\nProcessId: 6112\r\nImage: C:\\Program Files\\Windows NT\\Accessories\\wordpad.exe\r\nImageLoaded: C:\\Windows\\System32\\amsi.dll\r\nFileVersion: 10.0.14393.4169 (rs1_release.210107-1130)\r\nDescription: Anti-Malware Scan Interface\r\nProduct: Microsoft Windows Operating System\r\nCompany: Microsoft Corporation\r\nOriginalFileName: amsi.dll\r\nHashes: SHA1=95D202A39D43B043C9F7FF5B8B75118950720B3A,MD5=89C79675F7FEDEB6373C9D2045F7B7C5,SHA256=5B40293CF56D44377A91BF68CF2113F523B61185F02DEEAB621BE51F0ADA6131,IMPHASH=6FEE5278940E0EA644D3641165D77874\r\nSigned: true\r\nSignature: Microsoft Windows\r\nSignatureStatus: Valid\r\nUser: LUNARSTIIINESS\\tim.smith_admin","Category":"Image loaded (rule: ImageLoad)","Opcode":"Info","RuleName":"technique_id=T1059.001,technique_name=PowerShell","UtcTime":"2023-03-03 17:45:54.186","ProcessGuid":"{BE59402F-3250-6402-AA01-000000001900}","Image":"C:\\Program Files\\Windows NT\\Accessories\\wordpad.exe","ImageLoaded":"C:\\Windows\\System32\\amsi.dll","FileVersion":"10.0.14393.4169 (rs1_release.210107-1130)","Description":"Anti-Malware Scan Interface","Product":"Microsoft Windows Operating System","Company":"Microsoft Corporation","OriginalFileName":"amsi.dll","Hashes":"SHA1=95D202A39D43B043C9F7FF5B8B75118950720B3A,MD5=89C79675F7FEDEB6373C9D2045F7B7C5,SHA256=5B40293CF56D44377A91BF68CF2113F523B61185F02DEEAB621BE51F0ADA6131,IMPHASH=6FEE5278940E0EA644D3641165D77874","Signed":"true","Signature":"Microsoft Windows","SignatureStatus":"Valid","User":"LUNARSTIIINESS\\tim.smith_admin","EventReceivedTime":1677865555,"SourceModuleName":"in_sysmon","SourceModuleType":"im_msvistalog"}
<14>Mar  3 17:45:55 win-server.lunarstiiiness.com Microsoft-Windows-Sysmon[1288]: {"EventTime":1677865554,"Hostname":"win-server.lunarstiiiness.com","Keywords":-9223372036854775808,"EventType":"INFO","SeverityValue":2,"Severity":"INFO","EventID":7,"SourceName":"Microsoft-Windows-Sysmon","ProviderGuid":"{5770385F-C22A-43E0-BF4C-06F5698FFBD9}","Version":3,"Task":7,"OpcodeValue":0,"RecordNumber":946838,"ProcessID":1288,"ThreadID":2884,"Channel":"Microsoft-Windows-Sysmon/Operational","Domain":"NT AUTHORITY","AccountName":"SYSTEM","UserID":"S-1-5-18","AccountType":"User","Message":"Image loaded:\r\nRuleName: technique_id=T1574.002,technique_name=DLL Side-Loading\r\nUtcTime: 2023-03-03 17:45:54.186\r\nProcessGuid: {BE59402F-3250-6402-AA01-000000001900}\r\nProcessId: 6112\r\nImage: C:\\Program Files\\Windows NT\\Accessories\\wordpad.exe\r\nImageLoaded: C:\\ProgramData\\Microsoft\\Windows Defender\\platform\\4.18.2301.6-0\\MpOAV.dll\r\nFileVersion: 4.18.2301.6 (WinBuild.160101.0800)\r\nDescription: IOfficeAntiVirus Module\r\nProduct: Microsoft Windows Operating System\r\nCompany: Microsoft Corporation\r\nOriginalFileName: MpOAV.dll\r\nHashes: SHA1=7732F335107D52E6B047CE73A3A1D59BBD588961,MD5=7CCA50089F2F2E7875F4C33EAF1BE04A,SHA256=7385820EE9C2102DE2DCCEEF0F9B12A984DB8258BDAB143C1B54E021859EF218,IMPHASH=BBE9A959881A86A7C90B3C47D47F83B8\r\nSigned: true\r\nSignature: Microsoft Windows\r\nSignatureStatus: Valid\r\nUser: LUNARSTIIINESS\\tim.smith_admin","Category":"Image loaded (rule: ImageLoad)","Opcode":"Info","RuleName":"technique_id=T1574.002,technique_name=DLL Side-Loading","UtcTime":"2023-03-03 17:45:54.186","ProcessGuid":"{BE59402F-3250-6402-AA01-000000001900}","Image":"C:\\Program Files\\Windows NT\\Accessories\\wordpad.exe","ImageLoaded":"C:\\ProgramData\\Microsoft\\Windows Defender\\platform\\4.18.2301.6-0\\MpOAV.dll","FileVersion":"4.18.2301.6 (WinBuild.160101.0800)","Description":"IOfficeAntiVirus Module","Product":"Microsoft Windows Operating System","Company":"Microsoft Corporation","OriginalFileName":"MpOAV.dll","Hashes":"SHA1=7732F335107D52E6B047CE73A3A1D59BBD588961,MD5=7CCA50089F2F2E7875F4C33EAF1BE04A,SHA256=7385820EE9C2102DE2DCCEEF0F9B12A984DB8258BDAB143C1B54E021859EF218,IMPHASH=BBE9A959881A86A7C90B3C47D47F83B8","Signed":"true","Signature":"Microsoft Windows","SignatureStatus":"Valid","User":"LUNARSTIIINESS\\tim.smith_admin","EventReceivedTime":1677865555,"SourceModuleName":"in_sysmon","SourceModuleType":"im_msvistalog"}
<14>Mar  3 17:46:03 win-server.lunarstiiiness.com Microsoft-Windows-Sysmon[1288]: {"EventTime":1677865562,"Hostname":"win-server.lunarstiiiness.com","Keywords":-9223372036854775808,"EventType":"INFO","SeverityValue":2,"Severity":"INFO","EventID":1,"SourceName":"Microsoft-Windows-Sysmon","ProviderGuid":"{5770385F-C22A-43E0-BF4C-06F5698FFBD9}","Version":5,"Task":1,"OpcodeValue":0,"RecordNumber":947072,"ProcessID":1288,"ThreadID":2884,"Channel":"Microsoft-Windows-Sysmon/Operational","Domain":"NT AUTHORITY","AccountName":"SYSTEM","UserID":"S-1-5-18","AccountType":"User","Message":"Process Create:\r\nRuleName: technique_id=T1204,technique_name=User Execution\r\nUtcTime: 2023-03-03 17:46:01.950\r\nProcessGuid: {BE59402F-3259-6402-AD01-000000001900}\r\nProcessId: 4144\r\nImage: C:\\Program Files\\Windows NT\\Accessories\\wordpad.exe\r\nFileVersion: 10.0.14393.4169 (rs1_release.210107-1130)\r\nDescription: Windows Wordpad Application\r\nProduct: Microsoft Windows Operating System\r\nCompany: Microsoft Corporation\r\nOriginalFileName: WORDPAD.EXE\r\nCommandLine: \"C:\\Program Files\\Windows NT\\Accessories\\WORDPAD.EXE\" \"D:\\Software\\tradersway compliance.docx\"\r\nCurrentDirectory: D:\\Software\\\r\nUser: LUNARSTIIINESS\\tim.smith_admin\r\nLogonGuid: {BE59402F-2E2D-6402-82D4-DA0000000000}\r\nLogonId: 0xDAD482\r\nTerminalSessionId: 3\r\nIntegrityLevel: Medium\r\nHashes: SHA1=75E9078860861A1B154923A8729EED829368FA07,MD5=F45E9480020BED83EDFA09F02D05A358,SHA256=0092CD4A00FB6095663DBBD50B8846CDB03F954274A7BF6A84D1FACE3DB4EAF4,IMPHASH=1587031C30A913539C4C1AF895005B82\r\nParentProcessGuid: {BE59402F-2E41-6402-F900-000000001900}\r\nParentProcessId: 4368\r\nParentImage: C:\\Windows\\explorer.exe\r\nParentCommandLine: C:\\Windows\\Explorer.EXE\r\nParentUser: LUNARSTIIINESS\\tim.smith_admin","Category":"Process Create (rule: ProcessCreate)","Opcode":"Info","RuleName":"technique_id=T1204,technique_name=User Execution","UtcTime":"2023-03-03 17:46:01.950","ProcessGuid":"{BE59402F-3259-6402-AD01-000000001900}","Image":"C:\\Program Files\\Windows NT\\Accessories\\wordpad.exe","FileVersion":"10.0.14393.4169 (rs1_release.210107-1130)","Description":"Windows Wordpad Application","Product":"Microsoft Windows Operating System","Company":"Microsoft Corporation","OriginalFileName":"WORDPAD.EXE","CommandLine":"\"C:\\Program Files\\Windows NT\\Accessories\\WORDPAD.EXE\" \"D:\\Software\\tradersway compliance.docx\"","CurrentDirectory":"D:\\Software\\","User":"LUNARSTIIINESS\\tim.smith_admin","LogonGuid":"{BE59402F-2E2D-6402-82D4-DA0000000000}","LogonId":"0xdad482","TerminalSessionId":"3","IntegrityLevel":"Medium","Hashes":"SHA1=75E9078860861A1B154923A8729EED829368FA07,MD5=F45E9480020BED83EDFA09F02D05A358,SHA256=0092CD4A00FB6095663DBBD50B8846CDB03F954274A7BF6A84D1FACE3DB4EAF4,IMPHASH=1587031C30A913539C4C1AF895005B82","ParentProcessGuid":"{BE59402F-2E41-6402-F900-000000001900}","ParentProcessId":"4368","ParentImage":"C:\\Windows\\explorer.exe","ParentCommandLine":"C:\\Windows\\Explorer.EXE","ParentUser":"LUNARSTIIINESS\\tim.smith_admin","EventReceivedTime":1677865563,"SourceModuleName":"in_sysmon","SourceModuleType":"im_msvistalog"}
<14>Mar  3 17:46:03 win-server.lunarstiiiness.com Microsoft-Windows-Sysmon[1288]: {"EventTime":1677865562,"Hostname":"win-server.lunarstiiiness.com","Keywords":-9223372036854775808,"EventType":"INFO","SeverityValue":2,"Severity":"INFO","EventID":7,"SourceName":"Microsoft-Windows-Sysmon","ProviderGuid":"{5770385F-C22A-43E0-BF4C-06F5698FFBD9}","Version":3,"Task":7,"OpcodeValue":0,"RecordNumber":947073,"ProcessID":1288,"ThreadID":2884,"Channel":"Microsoft-Windows-Sysmon/Operational","Domain":"NT AUTHORITY","AccountName":"SYSTEM","UserID":"S-1-5-18","AccountType":"User","Message":"Image loaded:\r\nRuleName: -\r\nUtcTime: 2023-03-03 17:46:02.014\r\nProcessGuid: {BE59402F-3259-6402-AD01-000000001900}\r\nProcessId: 4144\r\nImage: C:\\Program Files\\Windows NT\\Accessories\\wordpad.exe\r\nImageLoaded: C:\\Windows\\System32\\urlmon.dll\r\nFileVersion: 11.00.14393.5582 (rs1_release.221130-1719)\r\nDescription: OLE32 Extensions for Win32\r\nProduct: Internet Explorer\r\nCompany: Microsoft Corporation\r\nOriginalFileName: UrlMon.dll\r\nHashes: SHA1=C04C26B634733A5132FEB47281829DA870E481F2,MD5=A99B52D97035B13B4C06366E1ABE05E7,SHA256=4009730BE3CE17F80A98BEB323FFF3626AF02B7EAE64601B2A0BEF8B87145E9F,IMPHASH=B5AFB93FCF976F12D390F994AD9F4967\r\nSigned: true\r\nSignature: Microsoft Windows\r\nSignatureStatus: Valid\r\nUser: LUNARSTIIINESS\\tim.smith_admin","Category":"Image loaded (rule: ImageLoad)","Opcode":"Info","RuleName":"-","UtcTime":"2023-03-03 17:46:02.014","ProcessGuid":"{BE59402F-3259-6402-AD01-000000001900}","Image":"C:\\Program Files\\Windows NT\\Accessories\\wordpad.exe","ImageLoaded":"C:\\Windows\\System32\\urlmon.dll","FileVersion":"11.00.14393.5582 (rs1_release.221130-1719)","Description":"OLE32 Extensions for Win32","Product":"Internet Explorer","Company":"Microsoft Corporation","OriginalFileName":"UrlMon.dll","Hashes":"SHA1=C04C26B634733A5132FEB47281829DA870E481F2,MD5=A99B52D97035B13B4C06366E1ABE05E7,SHA256=4009730BE3CE17F80A98BEB323FFF3626AF02B7EAE64601B2A0BEF8B87145E9F,IMPHASH=B5AFB93FCF976F12D390F994AD9F4967","Signed":"true","Signature":"Microsoft Windows","SignatureStatus":"Valid","User":"LUNARSTIIINESS\\tim.smith_admin","EventReceivedTime":1677865563,"SourceModuleName":"in_sysmon","SourceModuleType":"im_msvistalog"}
<14>Mar  3 17:46:03 win-server.lunarstiiiness.com Microsoft-Windows-Sysmon[1288]: {"EventTime":1677865562,"Hostname":"win-server.lunarstiiiness.com","Keywords":-9223372036854775808,"EventType":"INFO","SeverityValue":2,"Severity":"INFO","EventID":12,"SourceName":"Microsoft-Windows-Sysmon","ProviderGuid":"{5770385F-C22A-43E0-BF4C-06F5698FFBD9}","Version":2,"Task":12,"OpcodeValue":0,"RecordNumber":947075,"ProcessID":1288,"ThreadID":2884,"Channel":"Microsoft-Windows-Sysmon/Operational","Domain":"NT AUTHORITY","AccountName":"SYSTEM","UserID":"S-1-5-18","AccountType":"User","Message":"Registry object added or deleted:\r\nRuleName: -\r\nEventType: DeleteValue\r\nUtcTime: 2023-03-03 17:46:02.108\r\nProcessGuid: {BE59402F-2E41-6402-F900-000000001900}\r\nProcessId: 4368\r\nImage: C:\\Windows\\Explorer.EXE\r\nTargetObject: HKU\\S-1-5-21-3263964631-4121654051-1417071188-1116\\SOFTWARE\\Microsoft\\Windows\\CurrentVersion\\Explorer\\RecentDocs\\.docx\\0\r\nUser: LUNARSTIIINESS\\tim.smith_admin","Category":"Registry object added or deleted (rule: RegistryEvent)","Opcode":"Info","RuleName":"-","UtcTime":"2023-03-03 17:46:02.108","ProcessGuid":"{BE59402F-2E41-6402-F900-000000001900}","Image":"C:\\Windows\\Explorer.EXE","TargetObject":"HKU\\S-1-5-21-3263964631-4121654051-1417071188-1116\\SOFTWARE\\Microsoft\\Windows\\CurrentVersion\\Explorer\\RecentDocs\\.docx\\0","User":"LUNARSTIIINESS\\tim.smith_admin","EventReceivedTime":1677865563,"SourceModuleName":"in_sysmon","SourceModuleType":"im_msvistalog"}
<14>Mar  3 17:46:03 win-server.lunarstiiiness.com Microsoft-Windows-Sysmon[1288]: {"EventTime":1677865562,"Hostname":"win-server.lunarstiiiness.com","Keywords":-9223372036854775808,"EventType":"INFO","SeverityValue":2,"Severity":"INFO","EventID":23,"SourceName":"Microsoft-Windows-Sysmon","ProviderGuid":"{5770385F-C22A-43E0-BF4C-06F5698FFBD9}","Version":5,"Task":23,"OpcodeValue":0,"RecordNumber":947074,"ProcessID":1288,"ThreadID":2884,"Channel":"Microsoft-Windows-Sysmon/Operational","Domain":"NT AUTHORITY","AccountName":"SYSTEM","UserID":"S-1-5-18","AccountType":"User","Message":"File Delete archived:\r\nRuleName: Scripts and payloads\r\nUtcTime: 2023-03-03 17:46:02.108\r\nProcessGuid: {BE59402F-2E41-6402-F900-000000001900}\r\nProcessId: 4368\r\nUser: LUNARSTIIINESS\\tim.smith_admin\r\nImage: C:\\Windows\\Explorer.EXE\r\nTargetFilename: C:\\Users\\tim.smith_admin\\AppData\\Roaming\\Microsoft\\Windows\\Recent\\tradersway compliance.lnk\r\nHashes: SHA1=55FDEEAA37EAC8325C78D094680A23658A9310B1,MD5=AE71FD21DC07F752ACAA4F3A36417257,SHA256=4F202BD0CFD570D5F7FE32EE096A415C0649C6322412838C0180D2679E45931E,IMPHASH=00000000000000000000000000000000\r\nIsExecutable: false\r\nArchived: false - insufficient disk space","Category":"File Delete archived (rule: FileDelete)","Opcode":"Info","RuleName":"Scripts and payloads","UtcTime":"2023-03-03 17:46:02.108","ProcessGuid":"{BE59402F-2E41-6402-F900-000000001900}","User":"LUNARSTIIINESS\\tim.smith_admin","Image":"C:\\Windows\\Explorer.EXE","TargetFilename":"C:\\Users\\tim.smith_admin\\AppData\\Roaming\\Microsoft\\Windows\\Recent\\tradersway compliance.lnk","Hashes":"SHA1=55FDEEAA37EAC8325C78D094680A23658A9310B1,MD5=AE71FD21DC07F752ACAA4F3A36417257,SHA256=4F202BD0CFD570D5F7FE32EE096A415C0649C6322412838C0180D2679E45931E,IMPHASH=00000000000000000000000000000000","IsExecutable":"false","Archived":"false - insufficient disk space","EventReceivedTime":1677865563,"SourceModuleName":"in_sysmon","SourceModuleType":"im_msvistalog"}
<14>Mar  3 17:46:03 win-server.lunarstiiiness.com Microsoft-Windows-Sysmon[1288]: {"EventTime":1677865562,"Hostname":"win-server.lunarstiiiness.com","Keywords":-9223372036854775808,"EventType":"INFO","SeverityValue":2,"Severity":"INFO","EventID":23,"SourceName":"Microsoft-Windows-Sysmon","ProviderGuid":"{5770385F-C22A-43E0-BF4C-06F5698FFBD9}","Version":5,"Task":23,"OpcodeValue":0,"RecordNumber":947078,"ProcessID":1288,"ThreadID":2884,"Channel":"Microsoft-Windows-Sysmon/Operational","Domain":"NT AUTHORITY","AccountName":"SYSTEM","UserID":"S-1-5-18","AccountType":"User","Message":"File Delete archived:\r\nRuleName: Scripts and payloads\r\nUtcTime: 2023-03-03 17:46:02.124\r\nProcessGuid: {BE59402F-2E41-6402-F900-000000001900}\r\nProcessId: 4368\r\nUser: LUNARSTIIINESS\\tim.smith_admin\r\nImage: C:\\Windows\\Explorer.EXE\r\nTargetFilename: C:\\Users\\tim.smith_admin\\AppData\\Roaming\\Microsoft\\Windows\\Recent\\Software.lnk\r\nHashes: SHA1=4B349F21813054243D20108C3DACE9A9845F576E,MD5=C19A2A0B02C89CFD93A513979CB53572,SHA256=049FD5D2278C68EA1FC08013E9A1D2DC8587D631D14B44D97B2FB1634B5C4E0B,IMPHASH=00000000000000000000000000000000\r\nIsExecutable: false\r\nArchived: false - insufficient disk space","Category":"File Delete archived (rule: FileDelete)","Opcode":"Info","RuleName":"Scripts and payloads","UtcTime":"2023-03-03 17:46:02.124","ProcessGuid":"{BE59402F-2E41-6402-F900-000000001900}","User":"LUNARSTIIINESS\\tim.smith_admin","Image":"C:\\Windows\\Explorer.EXE","TargetFilename":"C:\\Users\\tim.smith_admin\\AppData\\Roaming\\Microsoft\\Windows\\Recent\\Software.lnk","Hashes":"SHA1=4B349F21813054243D20108C3DACE9A9845F576E,MD5=C19A2A0B02C89CFD93A513979CB53572,SHA256=049FD5D2278C68EA1FC08013E9A1D2DC8587D631D14B44D97B2FB1634B5C4E0B,IMPHASH=00000000000000000000000000000000","IsExecutable":"false","Archived":"false - insufficient disk space","EventReceivedTime":1677865563,"SourceModuleName":"in_sysmon","SourceModuleType":"im_msvistalog"}
<14>Mar  3 17:46:03 win-server.lunarstiiiness.com Microsoft-Windows-Sysmon[1288]: {"EventTime":1677865562,"Hostname":"win-server.lunarstiiiness.com","Keywords":-9223372036854775808,"EventType":"INFO","SeverityValue":2,"Severity":"INFO","EventID":13,"SourceName":"Microsoft-Windows-Sysmon","ProviderGuid":"{5770385F-C22A-43E0-BF4C-06F5698FFBD9}","Version":2,"Task":13,"OpcodeValue":0,"RecordNumber":947076,"ProcessID":1288,"ThreadID":2884,"Channel":"Microsoft-Windows-Sysmon/Operational","Domain":"NT AUTHORITY","AccountName":"SYSTEM","UserID":"S-1-5-18","AccountType":"User","Message":"Registry value set:\r\nRuleName: -\r\nEventType: SetValue\r\nUtcTime: 2023-03-03 17:46:02.108\r\nProcessGuid: {BE59402F-2E41-6402-F900-000000001900}\r\nProcessId: 4368\r\nImage: C:\\Windows\\Explorer.EXE\r\nTargetObject: HKU\\S-1-5-21-3263964631-4121654051-1417071188-1116\\SOFTWARE\\Microsoft\\Windows\\CurrentVersion\\Explorer\\RecentDocs\\.docx\\0\r\nDetails: Binary Data\r\nUser: LUNARSTIIINESS\\tim.smith_admin","Category":"Registry value set (rule: RegistryEvent)","Opcode":"Info","RuleName":"-","UtcTime":"2023-03-03 17:46:02.108","ProcessGuid":"{BE59402F-2E41-6402-F900-000000001900}","Image":"C:\\Windows\\Explorer.EXE","TargetObject":"HKU\\S-1-5-21-3263964631-4121654051-1417071188-1116\\SOFTWARE\\Microsoft\\Windows\\CurrentVersion\\Explorer\\RecentDocs\\.docx\\0","Details":"Binary Data","User":"LUNARSTIIINESS\\tim.smith_admin","EventReceivedTime":1677865563,"SourceModuleName":"in_sysmon","SourceModuleType":"im_msvistalog"}
<14>Mar  3 17:46:03 win-server.lunarstiiiness.com Microsoft-Windows-Sysmon[1288]: {"EventTime":1677865562,"Hostname":"win-server.lunarstiiiness.com","Keywords":-9223372036854775808,"EventType":"INFO","SeverityValue":2,"Severity":"INFO","EventID":13,"SourceName":"Microsoft-Windows-Sysmon","ProviderGuid":"{5770385F-C22A-43E0-BF4C-06F5698FFBD9}","Version":2,"Task":13,"OpcodeValue":0,"RecordNumber":947077,"ProcessID":1288,"ThreadID":2884,"Channel":"Microsoft-Windows-Sysmon/Operational","Domain":"NT AUTHORITY","AccountName":"SYSTEM","UserID":"S-1-5-18","AccountType":"User","Message":"Registry value set:\r\nRuleName: -\r\nEventType: SetValue\r\nUtcTime: 2023-03-03 17:46:02.108\r\nProcessGuid: {BE59402F-2E41-6402-F900-000000001900}\r\nProcessId: 4368\r\nImage: C:\\Windows\\Explorer.EXE\r\nTargetObject: HKU\\S-1-5-21-3263964631-4121654051-1417071188-1116\\SOFTWARE\\Microsoft\\Windows\\CurrentVersion\\Explorer\\RecentDocs\\.docx\\MRUListEx\r\nDetails: Binary Data\r\nUser: LUNARSTIIINESS\\tim.smith_admin","Category":"Registry value set (rule: RegistryEvent)","Opcode":"Info","RuleName":"-","UtcTime":"2023-03-03 17:46:02.108","ProcessGuid":"{BE59402F-2E41-6402-F900-000000001900}","Image":"C:\\Windows\\Explorer.EXE","TargetObject":"HKU\\S-1-5-21-3263964631-4121654051-1417071188-1116\\SOFTWARE\\Microsoft\\Windows\\CurrentVersion\\Explorer\\RecentDocs\\.docx\\MRUListEx","Details":"Binary Data","User":"LUNARSTIIINESS\\tim.smith_admin","EventReceivedTime":1677865563,"SourceModuleName":"in_sysmon","SourceModuleType":"im_msvistalog"}
<14>Mar  3 17:46:05 win-server.lunarstiiiness.com Microsoft-Windows-Sysmon[1288]: {"EventTime":1677865563,"Hostname":"win-server.lunarstiiiness.com","Keywords":-9223372036854775808,"EventType":"INFO","SeverityValue":2,"Severity":"INFO","EventID":7,"SourceName":"Microsoft-Windows-Sysmon","ProviderGuid":"{5770385F-C22A-43E0-BF4C-06F5698FFBD9}","Version":3,"Task":7,"OpcodeValue":0,"RecordNumber":947083,"ProcessID":1288,"ThreadID":2884,"Channel":"Microsoft-Windows-Sysmon/Operational","Domain":"NT AUTHORITY","AccountName":"SYSTEM","UserID":"S-1-5-18","AccountType":"User","Message":"Image loaded:\r\nRuleName: technique_id=T1574.002,technique_name=DLL Side-Loading\r\nUtcTime: 2023-03-03 17:46:03.514\r\nProcessGuid: {BE59402F-3259-6402-AD01-000000001900}\r\nProcessId: 4144\r\nImage: C:\\Program Files\\Windows NT\\Accessories\\wordpad.exe\r\nImageLoaded: C:\\ProgramData\\Microsoft\\Windows Defender\\platform\\4.18.2301.6-0\\MpOAV.dll\r\nFileVersion: 4.18.2301.6 (WinBuild.160101.0800)\r\nDescription: IOfficeAntiVirus Module\r\nProduct: Microsoft Windows Operating System\r\nCompany: Microsoft Corporation\r\nOriginalFileName: MpOAV.dll\r\nHashes: SHA1=7732F335107D52E6B047CE73A3A1D59BBD588961,MD5=7CCA50089F2F2E7875F4C33EAF1BE04A,SHA256=7385820EE9C2102DE2DCCEEF0F9B12A984DB8258BDAB143C1B54E021859EF218,IMPHASH=BBE9A959881A86A7C90B3C47D47F83B8\r\nSigned: true\r\nSignature: Microsoft Windows\r\nSignatureStatus: Valid\r\nUser: LUNARSTIIINESS\\tim.smith_admin","Category":"Image loaded (rule: ImageLoad)","Opcode":"Info","RuleName":"technique_id=T1574.002,technique_name=DLL Side-Loading","UtcTime":"2023-03-03 17:46:03.514","ProcessGuid":"{BE59402F-3259-6402-AD01-000000001900}","Image":"C:\\Program Files\\Windows NT\\Accessories\\wordpad.exe","ImageLoaded":"C:\\ProgramData\\Microsoft\\Windows Defender\\platform\\4.18.2301.6-0\\MpOAV.dll","FileVersion":"4.18.2301.6 (WinBuild.160101.0800)","Description":"IOfficeAntiVirus Module","Product":"Microsoft Windows Operating System","Company":"Microsoft Corporation","OriginalFileName":"MpOAV.dll","Hashes":"SHA1=7732F335107D52E6B047CE73A3A1D59BBD588961,MD5=7CCA50089F2F2E7875F4C33EAF1BE04A,SHA256=7385820EE9C2102DE2DCCEEF0F9B12A984DB8258BDAB143C1B54E021859EF218,IMPHASH=BBE9A959881A86A7C90B3C47D47F83B8","Signed":"true","Signature":"Microsoft Windows","SignatureStatus":"Valid","User":"LUNARSTIIINESS\\tim.smith_admin","EventReceivedTime":1677865565,"SourceModuleName":"in_sysmon","SourceModuleType":"im_msvistalog"}
<14>Mar  3 17:46:05 win-server.lunarstiiiness.com Microsoft-Windows-Sysmon[1288]: {"EventTime":1677865563,"Hostname":"win-server.lunarstiiiness.com","Keywords":-9223372036854775808,"EventType":"INFO","SeverityValue":2,"Severity":"INFO","EventID":7,"SourceName":"Microsoft-Windows-Sysmon","ProviderGuid":"{5770385F-C22A-43E0-BF4C-06F5698FFBD9}","Version":3,"Task":7,"OpcodeValue":0,"RecordNumber":947082,"ProcessID":1288,"ThreadID":2884,"Channel":"Microsoft-Windows-Sysmon/Operational","Domain":"NT AUTHORITY","AccountName":"SYSTEM","UserID":"S-1-5-18","AccountType":"User","Message":"Image loaded:\r\nRuleName: technique_id=T1059.001,technique_name=PowerShell\r\nUtcTime: 2023-03-03 17:46:03.514\r\nProcessGuid: {BE59402F-3259-6402-AD01-000000001900}\r\nProcessId: 4144\r\nImage: C:\\Program Files\\Windows NT\\Accessories\\wordpad.exe\r\nImageLoaded: C:\\Windows\\System32\\amsi.dll\r\nFileVersion: 10.0.14393.4169 (rs1_release.210107-1130)\r\nDescription: Anti-Malware Scan Interface\r\nProduct: Microsoft Windows Operating System\r\nCompany: Microsoft Corporation\r\nOriginalFileName: amsi.dll\r\nHashes: SHA1=95D202A39D43B043C9F7FF5B8B75118950720B3A,MD5=89C79675F7FEDEB6373C9D2045F7B7C5,SHA256=5B40293CF56D44377A91BF68CF2113F523B61185F02DEEAB621BE51F0ADA6131,IMPHASH=6FEE5278940E0EA644D3641165D77874\r\nSigned: true\r\nSignature: Microsoft Windows\r\nSignatureStatus: Valid\r\nUser: LUNARSTIIINESS\\tim.smith_admin","Category":"Image loaded (rule: ImageLoad)","Opcode":"Info","RuleName":"technique_id=T1059.001,technique_name=PowerShell","UtcTime":"2023-03-03 17:46:03.514","ProcessGuid":"{BE59402F-3259-6402-AD01-000000001900}","Image":"C:\\Program Files\\Windows NT\\Accessories\\wordpad.exe","ImageLoaded":"C:\\Windows\\System32\\amsi.dll","FileVersion":"10.0.14393.4169 (rs1_release.210107-1130)","Description":"Anti-Malware Scan Interface","Product":"Microsoft Windows Operating System","Company":"Microsoft Corporation","OriginalFileName":"amsi.dll","Hashes":"SHA1=95D202A39D43B043C9F7FF5B8B75118950720B3A,MD5=89C79675F7FEDEB6373C9D2045F7B7C5,SHA256=5B40293CF56D44377A91BF68CF2113F523B61185F02DEEAB621BE51F0ADA6131,IMPHASH=6FEE5278940E0EA644D3641165D77874","Signed":"true","Signature":"Microsoft Windows","SignatureStatus":"Valid","User":"LUNARSTIIINESS\\tim.smith_admin","EventReceivedTime":1677865565,"SourceModuleName":"in_sysmon","SourceModuleType":"im_msvistalog"}
<14>Mar  3 17:46:28 win-server.lunarstiiiness.com Microsoft-Windows-Sysmon[1288]: {"EventTime":1677865586,"Hostname":"win-server.lunarstiiiness.com","Keywords":-9223372036854775808,"EventType":"INFO","SeverityValue":2,"Severity":"INFO","EventID":1,"SourceName":"Microsoft-Windows-Sysmon","ProviderGuid":"{5770385F-C22A-43E0-BF4C-06F5698FFBD9}","Version":5,"Task":1,"OpcodeValue":0,"RecordNumber":947788,"ProcessID":1288,"ThreadID":2884,"Channel":"Microsoft-Windows-Sysmon/Operational","Domain":"NT AUTHORITY","AccountName":"SYSTEM","UserID":"S-1-5-18","AccountType":"User","Message":"Process Create:\r\nRuleName: technique_id=T1059,technique_name=Command-Line Interface\r\nUtcTime: 2023-03-03 17:46:26.854\r\nProcessGuid: {BE59402F-3272-6402-B001-000000001900}\r\nProcessId: 2244\r\nImage: C:\\Windows\\System32\\PING.EXE\r\nFileVersion: 10.0.14393.0 (rs1_release.160715-1616)\r\nDescription: TCP/IP Ping Command\r\nProduct: Microsoft Windows Operating System\r\nCompany: Microsoft Corporation\r\nOriginalFileName: ping.exe\r\nCommandLine: ping  5.180.174.10\r\nCurrentDirectory: D:\\Software\\\r\nUser: LUNARSTIIINESS\\tim.smith_admin\r\nLogonGuid: {BE59402F-2E2D-6402-19D0-DA0000000000}\r\nLogonId: 0xDAD019\r\nTerminalSessionId: 3\r\nIntegrityLevel: High\r\nHashes: SHA1=57CC695F7FFA71A5970DDAB9A8656DDEC78E795A,MD5=7B647B55695ACE1E99158F79AB3AF51A,SHA256=ED7FA5B3CCBDD31A9E83F7C59F78AB5E2C83C7FEEDCC5F8B95948D11EBD7FF34,IMPHASH=5AAE2D3679223F82E19660D380B78FB5\r\nParentProcessGuid: {BE59402F-31B3-6402-8901-000000001900}\r\nParentProcessId: 6016\r\nParentImage: C:\\Windows\\System32\\cmd.exe\r\nParentCommandLine: \"C:\\Windows\\system32\\cmd.exe\" \r\nParentUser: LUNARSTIIINESS\\tim.smith_admin","Category":"Process Create (rule: ProcessCreate)","Opcode":"Info","RuleName":"technique_id=T1059,technique_name=Command-Line Interface","UtcTime":"2023-03-03 17:46:26.854","ProcessGuid":"{BE59402F-3272-6402-B001-000000001900}","Image":"C:\\Windows\\System32\\PING.EXE","FileVersion":"10.0.14393.0 (rs1_release.160715-1616)","Description":"TCP/IP Ping Command","Product":"Microsoft Windows Operating System","Company":"Microsoft Corporation","OriginalFileName":"ping.exe","CommandLine":"ping  5.180.174.10","CurrentDirectory":"D:\\Software\\","User":"LUNARSTIIINESS\\tim.smith_admin","LogonGuid":"{BE59402F-2E2D-6402-19D0-DA0000000000}","LogonId":"0xdad019","TerminalSessionId":"3","IntegrityLevel":"High","Hashes":"SHA1=57CC695F7FFA71A5970DDAB9A8656DDEC78E795A,MD5=7B647B55695ACE1E99158F79AB3AF51A,SHA256=ED7FA5B3CCBDD31A9E83F7C59F78AB5E2C83C7FEEDCC5F8B95948D11EBD7FF34,IMPHASH=5AAE2D3679223F82E19660D380B78FB5","ParentProcessGuid":"{BE59402F-31B3-6402-8901-000000001900}","ParentProcessId":"6016","ParentImage":"C:\\Windows\\System32\\cmd.exe","ParentCommandLine":"\"C:\\Windows\\system32\\cmd.exe\" ","ParentUser":"LUNARSTIIINESS\\tim.smith_admin","EventReceivedTime":1677865588,"SourceModuleName":"in_sysmon","SourceModuleType":"im_msvistalog"}
