<14>Mar  3 17:31:00 win-server.lunarstiiiness.com Microsoft-Windows-Sysmon[1288]: {"EventTime":1677864658,"Hostname":"win-server.lunarstiiiness.com","Keywords":-9223372036854775808,"EventType":"INFO","SeverityValue":2,"Severity":"INFO","EventID":13,"SourceName":"Microsoft-Windows-Sysmon","ProviderGuid":"{5770385F-C22A-43E0-BF4C-06F5698FFBD9}","Version":2,"Task":13,"OpcodeValue":0,"RecordNumber":930615,"ProcessID":1288,"ThreadID":2884,"Channel":"Microsoft-Windows-Sysmon/Operational","Domain":"NT AUTHORITY","AccountName":"SYSTEM","UserID":"S-1-5-18","AccountType":"User","Message":"Registry value set:\r\nRuleName: -\r\nEventType: SetValue\r\nUtcTime: 2023-03-03 17:30:58.748\r\nProcessGuid: {BE59402F-2EC5-6402-0A01-000000001900}\r\nProcessId: 572\r\nImage: C:\\Program Files\\Microsoft VS Code\\Code.exe\r\nTargetObject: HKU\\S-1-5-21-3263964631-4121654051-1417071188-1116_Classes\\vscode\\shell\\open\\command\\(Default)\r\nDetails: \"C:\\Program Files\\Microsoft VS Code\\Code.exe\" \"--open-url\"  \"--\" \"Incorrect function.\"\r\nUser: LUNARSTIIINESS\\tim.smith_admin","Category":"Registry value set (rule: RegistryEvent)","Opcode":"Info","RuleName":"-","UtcTime":"2023-03-03 17:30:58.748","ProcessGuid":"{BE59402F-2EC5-6402-0A01-000000001900}","Image":"C:\\Program Files\\Microsoft VS Code\\Code.exe","TargetObject":"HKU\\S-1-5-21-3263964631-4121654051-1417071188-1116_Classes\\vscode\\shell\\open\\command\\(Default)","Details":"\"C:\\Program Files\\Microsoft VS Code\\Code.exe\" \"--open-url\"  \"--\" \"%%1\"","User":"LUNARSTIIINESS\\tim.smith_admin","EventReceivedTime":1677864660,"SourceModuleName":"in_sysmon","SourceModuleType":"im_msvistalog"}
<14>Mar  3 17:31:00 win-server.lunarstiiiness.com Microsoft-Windows-Sysmon[1288]: {"EventTime":1677864658,"Hostname":"win-server.lunarstiiiness.com","Keywords":-9223372036854775808,"EventType":"INFO","SeverityValue":2,"Severity":"INFO","EventID":12,"SourceName":"Microsoft-Windows-Sysmon","ProviderGuid":"{5770385F-C22A-43E0-BF4C-06F5698FFBD9}","Version":2,"Task":12,"OpcodeValue":0,"RecordNumber":930614,"ProcessID":1288,"ThreadID":2884,"Channel":"Microsoft-Windows-Sysmon/Operational","Domain":"NT AUTHORITY","AccountName":"SYSTEM","UserID":"S-1-5-18","AccountType":"User","Message":"Registry object added or deleted:\r\nRuleName: -\r\nEventType: CreateKey\r\nUtcTime: 2023-03-03 17:30:58.748\r\nProcessGuid: {BE59402F-2EC5-6402-0A01-000000001900}\r\nProcessId: 572\r\nImage: C:\\Program Files\\Microsoft VS Code\\Code.exe\r\nTargetObject: HKU\\S-1-5-21-3263964631-4121654051-1417071188-1116_Classes\\vscode\\shell\\open\\command\r\nUser: LUNARSTIIINESS\\tim.smith_admin","Category":"Registry object added or deleted (rule: RegistryEvent)","Opcode":"Info","RuleName":"-","UtcTime":"2023-03-03 17:30:58.748","ProcessGuid":"{BE59402F-2EC5-6402-0A01-000000001900}","Image":"C:\\Program Files\\Microsoft VS Code\\Code.exe","TargetObject":"HKU\\S-1-5-21-3263964631-4121654051-1417071188-1116_Classes\\vscode\\shell\\open\\command","User":"LUNARSTIIINESS\\tim.smith_admin","EventReceivedTime":1677864660,"SourceModuleName":"in_sysmon","SourceModuleType":"im_msvistalog"}
<14>Mar  3 17:31:01 win-server.lunarstiiiness.com Microsoft-Windows-Sysmon[1288]: {"EventTime":1677864659,"Hostname":"win-server.lunarstiiiness.com","Keywords":-9223372036854775808,"EventType":"INFO","SeverityValue":2,"Severity":"INFO","EventID":7,"SourceName":"Microsoft-Windows-Sysmon","ProviderGuid":"{5770385F-C22A-43E0-BF4C-06F5698FFBD9}","Version":3,"Task":7,"OpcodeValue":0,"RecordNumber":930616,"ProcessID":1288,"ThreadID":2888,"Channel":"Microsoft-Windows-Sysmon/Operational","Domain":"NT AUTHORITY","AccountName":"SYSTEM","UserID":"S-1-5-18","AccountType":"User","Message":"Image loaded:\r\nRuleName: technique_id=T1055,technique_name=Process Injection\r\nUtcTime: 2023-03-03 17:30:58.998\r\nProcessGuid: {BE59402F-2ECF-6402-0E01-000000001900}\r\nProcessId: 3108\r\nImage: C:\\Windows\\System32\\ServerManager.exe\r\nImageLoaded: C:\\Windows\\Microsoft.NET\\Framework64\\v4.0.30319\\clrjit.dll\r\nFileVersion: 4.8.4614.0 built by: NET48REL1LAST_B\r\nDescription: Microsoft .NET Runtime Just-In-Time Compiler\r\nProduct: Microsoft .NET Framework\r\nCompany: Microsoft Corporation\r\nOriginalFileName: clrjit.dll\r\nHashes: SHA1=BA9FE222D45CC66FDA28854C5CBE0790074FCF93,MD5=A7A8B994F8443D5837A8F9FB20667491,SHA256=2ACB1B4660D1C11DD6412E8B9D6553BC5F83359EF6D92B62CBC93E89427FCC70,IMPHASH=9F2B44B648DE13A18C1ABC07250B85C2\r\nSigned: true\r\nSignature: Microsoft Corporation\r\nSignatureStatus: Valid\r\nUser: LUNARSTIIINESS\\tim.smith_admin","Category":"Image loaded (rule: ImageLoad)","Opcode":"Info","RuleName":"technique_id=T1055,technique_name=Process Injection","UtcTime":"2023-03-03 17:30:58.998","ProcessGuid":"{BE59402F-2ECF-6402-0E01-000000001900}","Image":"C:\\Windows\\System32\\ServerManager.exe","ImageLoaded":"C:\\Windows\\Microsoft.NET\\Framework64\\v4.0.30319\\clrjit.dll","FileVersion":"4.8.4614.0 built by: NET48REL1LAST_B","Description":"Microsoft .NET Runtime Just-In-Time Compiler","Product":"Microsoft .NET Framework","Company":"Microsoft Corporation","OriginalFileName":"clrjit.dll","Hashes":"SHA1=BA9FE222D45CC66FDA28854C5CBE0790074FCF93,MD5=A7A8B994F8443D5837A8F9FB20667491,SHA256=2ACB1B4660D1C11DD6412E8B9D6553BC5F83359EF6D92B62CBC93E89427FCC70,IMPHASH=9F2B44B648DE13A18C1ABC07250B85C2","Signed":"true","Signature":"Microsoft Corporation","SignatureStatus":"Valid","User":"LUNARSTIIINESS\\tim.smith_admin","EventReceivedTime":1677864661,"SourceModuleName":"in_sysmon","SourceModuleType":"im_msvistalog"}
<14>Mar  3 17:31:05 win-server.lunarstiiiness.com Microsoft-Windows-Sysmon[1288]: {"EventTime":1677864662,"Hostname":"win-server.lunarstiiiness.com","Keywords":-9223372036854775808,"EventType":"INFO","SeverityValue":2,"Severity":"INFO","EventID":7,"SourceName":"Microsoft-Windows-Sysmon","ProviderGuid":"{5770385F-C22A-43E0-BF4C-06F5698FFBD9}","Version":3,"Task":7,"OpcodeValue":0,"RecordNumber":930619,"ProcessID":1288,"ThreadID":2884,"Channel":"Microsoft-Windows-Sysmon/Operational","Domain":"NT AUTHORITY","AccountName":"SYSTEM","UserID":"S-1-5-18","AccountType":"User","Message":"Image loaded:\r\nRuleName: -\r\nUtcTime: 2023-03-03 17:31:02.264\r\nProcessGuid: {BE59402F-2ECF-6402-0E01-000000001900}\r\nProcessId: 3108\r\nImage: C:\\Windows\\System32\\ServerManager.exe\r\nImageLoaded: C:\\Windows\\System32\\urlmon.dll\r\nFileVersion: 11.00.14393.5582 (rs1_release.221130-1719)\r\nDescription: OLE32 Extensions for Win32\r\nProduct: Internet Explorer\r\nCompany: Microsoft Corporation\r\nOriginalFileName: UrlMon.dll\r\nHashes: SHA1=C04C26B634733A5132FEB47281829DA870E481F2,MD5=A99B52D97035B13B4C06366E1ABE05E7,SHA256=4009730BE3CE17F80A98BEB323FFF3626AF02B7EAE64601B2A0BEF8B87145E9F,IMPHASH=B5AFB93FCF976F12D390F994AD9F4967\r\nSigned: true\r\nSignature: Microsoft Windows\r\nSignatureStatus: Valid\r\nUser: LUNARSTIIINESS\\tim.smith_admin","Category":"Image loaded (rule: ImageLoad)","Opcode":"Info","RuleName":"-","UtcTime":"2023-03-03 17:31:02.264","ProcessGuid":"{BE59402F-2ECF-6402-0E01-000000001900}","Image":"C:\\Windows\\System32\\ServerManager.exe","ImageLoaded":"C:\\Windows\\System32\\urlmon.dll","FileVersion":"11.00.14393.5582 (rs1_release.221130-1719)","Description":"OLE32 Extensions for Win32","Product":"Internet Explorer","Company":"Microsoft Corporation","OriginalFileName":"UrlMon.dll","Hashes":"SHA1=C04C26B634733A5132FEB47281829DA870E481F2,MD5=A99B52D97035B13B4C06366E1ABE05E7,SHA256=4009730BE3CE17F80A98BEB323FFF3626AF02B7EAE64601B2A0BEF8B87145E9F,IMPHASH=B5AFB93FCF976F12D390F994AD9F4967","Signed":"true","Signature":"Microsoft Windows","SignatureStatus":"Valid","User":"LUNARSTIIINESS\\tim.smith_admin","EventReceivedTime":1677864665,"SourceModuleName":"in_sysmon","SourceModuleType":"im_msvistalog"}
<14>Mar  3 17:31:07 win-server.lunarstiiiness.com Microsoft-Windows-Sysmon[1288]: {"EventTime":1677864664,"Hostname":"win-server.lunarstiiiness.com","Keywords":-9223372036854775808,"EventType":"INFO","SeverityValue":2,"Severity":"INFO","EventID":17,"SourceName":"Microsoft-Windows-Sysmon","ProviderGuid":"{5770385F-C22A-43E0-BF4C-06F5698FFBD9}","Version":1,"Task":17,"OpcodeValue":0,"RecordNumber":930620,"ProcessID":1288,"ThreadID":2884,"Channel":"Microsoft-Windows-Sysmon/Operational","Domain":"NT AUTHORITY","AccountName":"SYSTEM","UserID":"S-1-5-18","AccountType":"User","Message":"Pipe Created:\r\nRuleName: -\r\nEventType: CreatePipe\r\nUtcTime: 2023-03-03 17:31:03.371\r\nProcessGuid: {BE59402F-2EC5-6402-0A01-000000001900}\r\nProcessId: 572\r\nPipeName: \\mojo.572.3540.6076788520334858213\r\nImage: C:\\Program Files\\Microsoft VS Code\\Code.exe\r\nUser: LUNARSTIIINESS\\tim.smith_admin","Category":"Pipe Created (rule: PipeEvent)","Opcode":"Info","RuleName":"-","UtcTime":"2023-03-03 17:31:03.371","ProcessGuid":"{BE59402F-2EC5-6402-0A01-000000001900}","PipeName":"\\mojo.572.3540.6076788520334858213","Image":"C:\\Program Files\\Microsoft VS Code\\Code.exe","User":"LUNARSTIIINESS\\tim.smith_admin","EventReceivedTime":1677864667,"SourceModuleName":"in_sysmon","SourceModuleType":"im_msvistalog"}
<14>Mar  3 17:31:08 win-server.lunarstiiiness.com Microsoft-Windows-Sysmon[1288]: {"EventTime":1677864665,"Hostname":"win-server.lunarstiiiness.com","Keywords":-9223372036854775808,"EventType":"INFO","SeverityValue":2,"Severity":"INFO","EventID":22,"SourceName":"Microsoft-Windows-Sysmon","ProviderGuid":"{5770385F-C22A-43E0-BF4C-06F5698FFBD9}","Version":5,"Task":22,"OpcodeValue":0,"RecordNumber":930621,"ProcessID":1288,"ThreadID":2904,"Channel":"Microsoft-Windows-Sysmon/Operational","Domain":"NT AUTHORITY","AccountName":"SYSTEM","UserID":"S-1-5-18","AccountType":"User","Message":"Dns query:\r\nRuleName: -\r\nUtcTime: 2023-03-03 17:31:04.655\r\nProcessGuid: {BE59402F-2ED2-6402-1001-000000001900}\r\nProcessId: 1456\r\nQueryName: dns.google\r\nQueryStatus: 0\r\nQueryResults: 8.8.8.8;8.8.4.4;\r\nImage: C:\\Program Files\\Microsoft VS Code\\Code.exe\r\nUser: LUNARSTIIINESS\\tim.smith_admin","Category":"Dns query (rule: DnsQuery)","Opcode":"Info","RuleName":"-","UtcTime":"2023-03-03 17:31:04.655","ProcessGuid":"{BE59402F-2ED2-6402-1001-000000001900}","QueryName":"dns.google","QueryStatus":"0","QueryResults":"8.8.8.8;8.8.4.4;","Image":"C:\\Program Files\\Microsoft VS Code\\Code.exe","User":"LUNARSTIIINESS\\tim.smith_admin","EventReceivedTime":1677864668,"SourceModuleName":"in_sysmon","SourceModuleType":"im_msvistalog"}
<14>Mar  3 17:31:16 win-server.lunarstiiiness.com Microsoft-Windows-Sysmon[1288]: {"EventTime":1677864674,"Hostname":"win-server.lunarstiiiness.com","Keywords":-9223372036854775808,"EventType":"INFO","SeverityValue":2,"Severity":"INFO","EventID":17,"SourceName":"Microsoft-Windows-Sysmon","ProviderGuid":"{5770385F-C22A-43E0-BF4C-06F5698FFBD9}","Version":1,"Task":17,"OpcodeValue":0,"RecordNumber":930623,"ProcessID":1288,"ThreadID":2884,"Channel":"Microsoft-Windows-Sysmon/Operational","Domain":"NT AUTHORITY","AccountName":"SYSTEM","UserID":"S-1-5-18","AccountType":"User","Message":"Pipe Created:\r\nRuleName: -\r\nEventType: CreatePipe\r\nUtcTime: 2023-03-03 17:31:13.843\r\nProcessGuid: {BE59402F-2EC5-6402-0A01-000000001900}\r\nProcessId: 572\r\nPipeName: \\mojo.572.652.8154555802902379675\r\nImage: C:\\Program Files\\Microsoft VS Code\\Code.exe\r\nUser: LUNARSTIIINESS\\tim.smith_admin","Category":"Pipe Created (rule: PipeEvent)","Opcode":"Info","RuleName":"-","UtcTime":"2023-03-03 17:31:13.843","ProcessGuid":"{BE59402F-2EC5-6402-0A01-000000001900}","PipeName":"\\mojo.572.652.8154555802902379675","Image":"C:\\Program Files\\Microsoft VS Code\\Code.exe","User":"LUNARSTIIINESS\\tim.smith_admin","EventReceivedTime":1677864676,"SourceModuleName":"in_sysmon","SourceModuleType":"im_msvistalog"}
<14>Mar  3 17:31:16 win-server.lunarstiiiness.com Microsoft-Windows-Sysmon[1288]: {"EventTime":1677864674,"Hostname":"win-server.lunarstiiiness.com","Keywords":-9223372036854775808,"EventType":"INFO","SeverityValue":2,"Severity":"INFO","EventID":17,"SourceName":"Microsoft-Windows-Sysmon","ProviderGuid":"{5770385F-C22A-43E0-BF4C-06F5698FFBD9}","Version":1,"Task":17,"OpcodeValue":0,"RecordNumber":930624,"ProcessID":1288,"ThreadID":2884,"Channel":"Microsoft-Windows-Sysmon/Operational","Domain":"NT AUTHORITY","AccountName":"SYSTEM","UserID":"S-1-5-18","AccountType":"User","Message":"Pipe Created:\r\nRuleName: -\r\nEventType: CreatePipe\r\nUtcTime: 2023-03-03 17:31:14.077\r\nProcessGuid: {BE59402F-2ED4-6402-1101-000000001900}\r\nProcessId: 1192\r\nPipeName: \\vscode-ipc-970ddbd8-31ab-4da1-9c90-5d1588bd7dfc-sock\r\nImage: C:\\Program Files\\Microsoft VS Code\\Code.exe\r\nUser: LUNARSTIIINESS\\tim.smith_admin","Category":"Pipe Created (rule: PipeEvent)","Opcode":"Info","RuleName":"-","UtcTime":"2023-03-03 17:31:14.077","ProcessGuid":"{BE59402F-2ED4-6402-1101-000000001900}","PipeName":"\\vscode-ipc-970ddbd8-31ab-4da1-9c90-5d1588bd7dfc-sock","Image":"C:\\Program Files\\Microsoft VS Code\\Code.exe","User":"LUNARSTIIINESS\\tim.smith_admin","EventReceivedTime":1677864676,"SourceModuleName":"in_sysmon","SourceModuleType":"im_msvistalog"}
<14>Mar  3 17:31:16 win-server.lunarstiiiness.com Microsoft-Windows-Sysmon[1288]: {"EventTime":1677864674,"Hostname":"win-server.lunarstiiiness.com","Keywords":-9223372036854775808,"EventType":"INFO","SeverityValue":2,"Severity":"INFO","EventID":17,"SourceName":"Microsoft-Windows-Sysmon","ProviderGuid":"{5770385F-C22A-43E0-BF4C-06F5698FFBD9}","Version":1,"Task":17,"OpcodeValue":0,"RecordNumber":930626,"ProcessID":1288,"ThreadID":2884,"Channel":"Microsoft-Windows-Sysmon/Operational","Domain":"NT AUTHORITY","AccountName":"SYSTEM","UserID":"S-1-5-18","AccountType":"User","Message":"Pipe Created:\r\nRuleName: -\r\nEventType: CreatePipe\r\nUtcTime: 2023-03-03 17:31:14.083\r\nProcessGuid: {BE59402F-2EC5-6402-0A01-000000001900}\r\nProcessId: 572\r\nPipeName: \\uv\\0000000000000000-572\r\nImage: C:\\Program Files\\Microsoft VS Code\\Code.exe\r\nUser: LUNARSTIIINESS\\tim.smith_admin","Category":"Pipe Created (rule: PipeEvent)","Opcode":"Info","RuleName":"-","UtcTime":"2023-03-03 17:31:14.083","ProcessGuid":"{BE59402F-2EC5-6402-0A01-000000001900}","PipeName":"\\uv\\0000000000000000-572","Image":"C:\\Program Files\\Microsoft VS Code\\Code.exe","User":"LUNARSTIIINESS\\tim.smith_admin","EventReceivedTime":1677864676,"SourceModuleName":"in_sysmon","SourceModuleType":"im_msvistalog"}
<14>Mar  3 17:31:16 win-server.lunarstiiiness.com Microsoft-Windows-Sysmon[1288]: {"EventTime":1677864674,"Hostname":"win-server.lunarstiiiness.com","Keywords":-9223372036854775808,"EventType":"INFO","SeverityValue":2,"Severity":"INFO","EventID":17,"SourceName":"Microsoft-Windows-Sysmon","ProviderGuid":"{5770385F-C22A-43E0-BF4C-06F5698FFBD9}","Version":1,"Task":17,"OpcodeValue":0,"RecordNumber":930627,"ProcessID":1288,"ThreadID":2884,"Channel":"Microsoft-Windows-Sysmon/Operational","Domain":"NT AUTHORITY","AccountName":"SYSTEM","UserID":"S-1-5-18","AccountType":"User","Message":"Pipe Created:\r\nRuleName: -\r\nEventType: CreatePipe\r\nUtcTime: 2023-03-03 17:31:14.083\r\nProcessGuid: {BE59402F-2EC5-6402-0A01-000000001900}\r\nProcessId: 572\r\nPipeName: \\uv\\0000000000000001-572\r\nImage: C:\\Program Files\\Microsoft VS Code\\Code.exe\r\nUser: LUNARSTIIINESS\\tim.smith_admin","Category":"Pipe Created (rule: PipeEvent)","Opcode":"Info","RuleName":"-","UtcTime":"2023-03-03 17:31:14.083","ProcessGuid":"{BE59402F-2EC5-6402-0A01-000000001900}","PipeName":"\\uv\\0000000000000001-572","Image":"C:\\Program Files\\Microsoft VS Code\\Code.exe","User":"LUNARSTIIINESS\\tim.smith_admin","EventReceivedTime":1677864676,"SourceModuleName":"in_sysmon","SourceModuleType":"im_msvistalog"}
<14>Mar  3 17:31:16 win-server.lunarstiiiness.com Microsoft-Windows-Sysmon[1288]: {"EventTime":1677864674,"Hostname":"win-server.lunarstiiiness.com","Keywords":-9223372036854775808,"EventType":"INFO","SeverityValue":2,"Severity":"INFO","EventID":17,"SourceName":"Microsoft-Windows-Sysmon","ProviderGuid":"{5770385F-C22A-43E0-BF4C-06F5698FFBD9}","Version":1,"Task":17,"OpcodeValue":0,"RecordNumber":930625,"ProcessID":1288,"ThreadID":2884,"Channel":"Microsoft-Windows-Sysmon/Operational","Domain":"NT AUTHORITY","AccountName":"SYSTEM","UserID":"S-1-5-18","AccountType":"User","Message":"Pipe Created:\r\nRuleName: -\r\nEventType: CreatePipe\r\nUtcTime: 2023-03-03 17:31:14.083\r\nProcessGuid: {BE59402F-2EC5-6402-0A01-000000001900}\r\nProcessId: 572\r\nPipeName: \\uv\\FFFFFFFFFFFFFFFF-572\r\nImage: C:\\Program Files\\Microsoft VS Code\\Code.exe\r\nUser: LUNARSTIIINESS\\tim.smith_admin","Category":"Pipe Created (rule: PipeEvent)","Opcode":"Info","RuleName":"-","UtcTime":"2023-03-03 17:31:14.083","ProcessGuid":"{BE59402F-2EC5-6402-0A01-000000001900}","PipeName":"\\uv\\FFFFFFFFFFFFFFFF-572","Image":"C:\\Program Files\\Microsoft VS Code\\Code.exe","User":"LUNARSTIIINESS\\tim.smith_admin","EventReceivedTime":1677864676,"SourceModuleName":"in_sysmon","SourceModuleType":"im_msvistalog"}
<14>Mar  3 17:31:16 win-server.lunarstiiiness.com Microsoft-Windows-Sysmon[1288]: {"EventTime":1677864674,"Hostname":"win-server.lunarstiiiness.com","Keywords":-9223372036854775808,"EventType":"INFO","SeverityValue":2,"Severity":"INFO","EventID":17,"SourceName":"Microsoft-Windows-Sysmon","ProviderGuid":"{5770385F-C22A-43E0-BF4C-06F5698FFBD9}","Version":1,"Task":17,"OpcodeValue":0,"RecordNumber":930628,"ProcessID":1288,"ThreadID":2884,"Channel":"Microsoft-Windows-Sysmon/Operational","Domain":"NT AUTHORITY","AccountName":"SYSTEM","UserID":"S-1-5-18","AccountType":"User","Message":"Pipe Created:\r\nRuleName: -\r\nEventType: CreatePipe\r\nUtcTime: 2023-03-03 17:31:14.084\r\nProcessGuid: {BE59402F-2EC5-6402-0A01-000000001900}\r\nProcessId: 572\r\nPipeName: \\uv\\0000000000000002-572\r\nImage: C:\\Program Files\\Microsoft VS Code\\Code.exe\r\nUser: LUNARSTIIINESS\\tim.smith_admin","Category":"Pipe Created (rule: PipeEvent)","Opcode":"Info","RuleName":"-","UtcTime":"2023-03-03 17:31:14.084","ProcessGuid":"{BE59402F-2EC5-6402-0A01-000000001900}","PipeName":"\\uv\\0000000000000002-572","Image":"C:\\Program Files\\Microsoft VS Code\\Code.exe","User":"LUNARSTIIINESS\\tim.smith_admin","EventReceivedTime":1677864676,"SourceModuleName":"in_sysmon","SourceModuleType":"im_msvistalog"}
<14>Mar  3 17:31:16 win-server.lunarstiiiness.com Microsoft-Windows-Sysmon[1288]: {"EventTime":1677864675,"Hostname":"win-server.lunarstiiiness.com","Keywords":-9223372036854775808,"EventType":"INFO","SeverityValue":2,"Severity":"INFO","EventID":17,"SourceName":"Microsoft-Windows-Sysmon","ProviderGuid":"{5770385F-C22A-43E0-BF4C-06F5698FFBD9}","Version":1,"Task":17,"OpcodeValue":0,"RecordNumber":930631,"ProcessID":1288,"ThreadID":2884,"Channel":"Microsoft-Windows-Sysmon/Operational","Domain":"NT AUTHORITY","AccountName":"SYSTEM","UserID":"S-1-5-18","AccountType":"User","Message":"Pipe Created:\r\nRuleName: -\r\nEventType: CreatePipe\r\nUtcTime: 2023-03-03 17:31:15.076\r\nProcessGuid: {BE59402F-2EC5-6402-0A01-000000001900}\r\nProcessId: 572\r\nPipeName: \\mojo.572.3540.12166547111399525245\r\nImage: C:\\Program Files\\Microsoft VS Code\\Code.exe\r\nUser: LUNARSTIIINESS\\tim.smith_admin","Category":"Pipe Created (rule: PipeEvent)","Opcode":"Info","RuleName":"-","UtcTime":"2023-03-03 17:31:15.076","ProcessGuid":"{BE59402F-2EC5-6402-0A01-000000001900}","PipeName":"\\mojo.572.3540.12166547111399525245","Image":"C:\\Program Files\\Microsoft VS Code\\Code.exe","User":"LUNARSTIIINESS\\tim.smith_admin","EventReceivedTime":1677864676,"SourceModuleName":"in_sysmon","SourceModuleType":"im_msvistalog"}
<14>Mar  3 17:31:16 win-server.lunarstiiiness.com Microsoft-Windows-Sysmon[1288]: {"EventTime":1677864674,"Hostname":"win-server.lunarstiiiness.com","Keywords":-9223372036854775808,"EventType":"INFO","SeverityValue":2,"Severity":"INFO","EventID":12,"SourceName":"Microsoft-Windows-Sysmon","ProviderGuid":"{5770385F-C22A-43E0-BF4C-06F5698FFBD9}","Version":2,"Task":12,"OpcodeValue":0,"RecordNumber":930629,"ProcessID":1288,"ThreadID":2884,"Channel":"Microsoft-Windows-Sysmon/Operational","Domain":"NT AUTHORITY","AccountName":"SYSTEM","UserID":"S-1-5-18","AccountType":"User","Message":"Registry object added or deleted:\r\nRuleName: technique_id=T1553.004,technique_name=Install Root Certificate\r\nEventType: CreateKey\r\nUtcTime: 2023-03-03 17:31:14.278\r\nProcessGuid: {BE59402F-2EC5-6402-0A01-000000001900}\r\nProcessId: 572\r\nImage: C:\\Program Files\\Microsoft VS Code\\Code.exe\r\nTargetObject: HKU\\S-1-5-21-3263964631-4121654051-1417071188-1116\\SOFTWARE\\Microsoft\\SystemCertificates\\CA\\Certificates\r\nUser: LUNARSTIIINESS\\tim.smith_admin","Category":"Registry object added or deleted (rule: RegistryEvent)","Opcode":"Info","RuleName":"technique_id=T1553.004,technique_name=Install Root Certificate","UtcTime":"2023-03-03 17:31:14.278","ProcessGuid":"{BE59402F-2EC5-6402-0A01-000000001900}","Image":"C:\\Program Files\\Microsoft VS Code\\Code.exe","TargetObject":"HKU\\S-1-5-21-3263964631-4121654051-1417071188-1116\\SOFTWARE\\Microsoft\\SystemCertificates\\CA\\Certificates","User":"LUNARSTIIINESS\\tim.smith_admin","EventReceivedTime":1677864676,"SourceModuleName":"in_sysmon","SourceModuleType":"im_msvistalog"}
<14>Mar  3 17:31:16 win-server.lunarstiiiness.com Microsoft-Windows-Sysmon[1288]: {"EventTime":1677864674,"Hostname":"win-server.lunarstiiiness.com","Keywords":-9223372036854775808,"EventType":"INFO","SeverityValue":2,"Severity":"INFO","EventID":12,"SourceName":"Microsoft-Windows-Sysmon","ProviderGuid":"{5770385F-C22A-43E0-BF4C-06F5698FFBD9}","Version":2,"Task":12,"OpcodeValue":0,"RecordNumber":930630,"ProcessID":1288,"ThreadID":2884,"Channel":"Microsoft-Windows-Sysmon/Operational","Domain":"NT AUTHORITY","AccountName":"SYSTEM","UserID":"S-1-5-18","AccountType":"User","Message":"Registry object added or deleted:\r\nRuleName: technique_id=T1553.004,technique_name=Install Root Certificate\r\nEventType: CreateKey\r\nUtcTime: 2023-03-03 17:31:14.284\r\nProcessGuid: {BE59402F-2EC5-6402-0A01-000000001900}\r\nProcessId: 572\r\nImage: C:\\Program Files\\Microsoft VS Code\\Code.exe\r\nTargetObject: HKU\\S-1-5-21-3263964631-4121654051-1417071188-1116\\SOFTWARE\\Microsoft\\SystemCertificates\\Root\\Certificates\r\nUser: LUNARSTIIINESS\\tim.smith_admin","Category":"Registry object added or deleted (rule: RegistryEvent)","Opcode":"Info","RuleName":"technique_id=T1553.004,technique_name=Install Root Certificate","UtcTime":"2023-03-03 17:31:14.284","ProcessGuid":"{BE59402F-2EC5-6402-0A01-000000001900}","Image":"C:\\Program Files\\Microsoft VS Code\\Code.exe","TargetObject":"HKU\\S-1-5-21-3263964631-4121654051-1417071188-1116\\SOFTWARE\\Microsoft\\SystemCertificates\\Root\\Certificates","User":"LUNARSTIIINESS\\tim.smith_admin","EventReceivedTime":1677864676,"SourceModuleName":"in_sysmon","SourceModuleType":"im_msvistalog"}
<14>Mar  3 17:31:16 win-server.lunarstiiiness.com Microsoft-Windows-Sysmon[1288]: {"EventTime":1677864675,"Hostname":"win-server.lunarstiiiness.com","Keywords":-9223372036854775808,"EventType":"INFO","SeverityValue":2,"Severity":"INFO","EventID":10,"SourceName":"Microsoft-Windows-Sysmon","ProviderGuid":"{5770385F-C22A-43E0-BF4C-06F5698FFBD9}","Version":3,"Task":10,"OpcodeValue":0,"RecordNumber":930632,"ProcessID":1288,"ThreadID":2884,"Channel":"Microsoft-Windows-Sysmon/Operational","Domain":"NT AUTHORITY","AccountName":"SYSTEM","UserID":"S-1-5-18","AccountType":"User","Message":"Process accessed:\r\nRuleName: technique_id=T1055.001,technique_name=Dynamic-link Library Injection\r\nUtcTime: 2023-03-03 17:31:15.088\r\nSourceProcessGUID: {BE59402F-2EC5-6402-0A01-000000001900}\r\nSourceProcessId: 572\r\nSourceThreadId: 652\r\nSourceImage: C:\\Program Files\\Microsoft VS Code\\Code.exe\r\nTargetProcessGUID: {BE59402F-2EE3-6402-1301-000000001900}\r\nTargetProcessId: 2580\r\nTargetImage: C:\\Program Files\\Microsoft VS Code\\Code.exe\r\nGrantedAccess: 0x1FFFFF\r\nCallTrace: C:\\Windows\\SYSTEM32\\ntdll.dll+a7424|C:\\Windows\\System32\\KERNELBASE.dll+24890|C:\\Windows\\System32\\KERNELBASE.dll+22e56|C:\\Windows\\System32\\KERNEL32.DLL+1c373|C:\\Program Files\\Microsoft VS Code\\Code.exe+1bf55ee|C:\\Program Files\\Microsoft VS Code\\Code.exe+21ed62d|C:\\Program Files\\Microsoft VS Code\\Code.exe+319cdfe|UNKNOWN(00007FF6F7ECCA3C)|UNKNOWN(00007FF6F7E4C063)|UNKNOWN(00007FF6F7E4C063)|UNKNOWN(00007FF6F7E4C063)|UNKNOWN(00007FF6F7E4C063)|UNKNOWN(00007FF6F7E4C063)|UNKNOWN(00007FF6F01269A5)|UNKNOWN(00007FF6F0121949)|UNKNOWN(00007FF6F0125FA2)|UNKNOWN(00007FF6F011D9D2)|UNKNOWN(00007FF6F0105E7F)|UNKNOWN(00007FF6F0106039)|UNKNOWN(00007FF6F01052C8)|UNKNOWN(00007FF6F011A4F9)|UNKNOWN(00007FF6F0105E7F)|UNKNOWN(00007FF6F0106039)|UNKNOWN(00007FF6F01052C8)\r\nSourceUser: LUNARSTIIINESS\\tim.smith_admin\r\nTargetUser: LUNARSTIIINESS\\tim.smith_admin","Category":"Process accessed (rule: ProcessAccess)","Opcode":"Info","RuleName":"technique_id=T1055.001,technique_name=Dynamic-link Library Injection","UtcTime":"2023-03-03 17:31:15.088","SourceProcessGUID":"{BE59402F-2EC5-6402-0A01-000000001900}","SourceProcessId":"572","SourceThreadId":"652","SourceImage":"C:\\Program Files\\Microsoft VS Code\\Code.exe","TargetProcessGUID":"{BE59402F-2EE3-6402-1301-000000001900}","TargetProcessId":"2580","TargetImage":"C:\\Program Files\\Microsoft VS Code\\Code.exe","GrantedAccess":"0x1fffff","CallTrace":"C:\\Windows\\SYSTEM32\\ntdll.dll+a7424|C:\\Windows\\System32\\KERNELBASE.dll+24890|C:\\Windows\\System32\\KERNELBASE.dll+22e56|C:\\Windows\\System32\\KERNEL32.DLL+1c373|C:\\Program Files\\Microsoft VS Code\\Code.exe+1bf55ee|C:\\Program Files\\Microsoft VS Code\\Code.exe+21ed62d|C:\\Program Files\\Microsoft VS Code\\Code.exe+319cdfe|UNKNOWN(00007FF6F7ECCA3C)|UNKNOWN(00007FF6F7E4C063)|UNKNOWN(00007FF6F7E4C063)|UNKNOWN(00007FF6F7E4C063)|UNKNOWN(00007FF6F7E4C063)|UNKNOWN(00007FF6F7E4C063)|UNKNOWN(00007FF6F01269A5)|UNKNOWN(00007FF6F0121949)|UNKNOWN(00007FF6F0125FA2)|UNKNOWN(00007FF6F011D9D2)|UNKNOWN(00007FF6F0105E7F)|UNKNOWN(00007FF6F0106039)|UNKNOWN(00007FF6F01052C8)|UNKNOWN(00007FF6F011A4F9)|UNKNOWN(00007FF6F0105E7F)|UNKNOWN(00007FF6F0106039)|UNKNOWN(00007FF6F01052C8)","SourceUser":"LUNARSTIIINESS\\tim.smith_admin","TargetUser":"LUNARSTIIINESS\\tim.smith_admin","EventReceivedTime":1677864676,"SourceModuleName":"in_sysmon","SourceModuleType":"im_msvistalog"}
<14>Mar  3 17:31:21 win-server.lunarstiiiness.com Microsoft-Windows-Sysmon[1288]: {"EventTime":1677864677,"Hostname":"win-server.lunarstiiiness.com","Keywords":-9223372036854775808,"EventType":"INFO","SeverityValue":2,"Severity":"INFO","EventID":17,"SourceName":"Microsoft-Windows-Sysmon","ProviderGuid":"{5770385F-C22A-43E0-BF4C-06F5698FFBD9}","Version":1,"Task":17,"OpcodeValue":0,"RecordNumber":930633,"ProcessID":1288,"ThreadID":2884,"Channel":"Microsoft-Windows-Sysmon/Operational","Domain":"NT AUTHORITY","AccountName":"SYSTEM","UserID":"S-1-5-18","AccountType":"User","Message":"Pipe Created:\r\nRuleName: -\r\nEventType: CreatePipe\r\nUtcTime: 2023-03-03 17:31:17.050\r\nProcessGuid: {BE59402F-2EC5-6402-0A01-000000001900}\r\nProcessId: 572\r\nPipeName: \\mojo.572.3540.6712860102771716622\r\nImage: C:\\Program Files\\Microsoft VS Code\\Code.exe\r\nUser: LUNARSTIIINESS\\tim.smith_admin","Category":"Pipe Created (rule: PipeEvent)","Opcode":"Info","RuleName":"-","UtcTime":"2023-03-03 17:31:17.050","ProcessGuid":"{BE59402F-2EC5-6402-0A01-000000001900}","PipeName":"\\mojo.572.3540.6712860102771716622","Image":"C:\\Program Files\\Microsoft VS Code\\Code.exe","User":"LUNARSTIIINESS\\tim.smith_admin","EventReceivedTime":1677864681,"SourceModuleName":"in_sysmon","SourceModuleType":"im_msvistalog"}
<14>Mar  3 17:31:23 win-server.lunarstiiiness.com Microsoft-Windows-Sysmon[1288]: {"EventTime":1677864680,"Hostname":"win-server.lunarstiiiness.com","Keywords":-9223372036854775808,"EventType":"INFO","SeverityValue":2,"Severity":"INFO","EventID":17,"SourceName":"Microsoft-Windows-Sysmon","ProviderGuid":"{5770385F-C22A-43E0-BF4C-06F5698FFBD9}","Version":1,"Task":17,"OpcodeValue":0,"RecordNumber":930634,"ProcessID":1288,"ThreadID":2884,"Channel":"Microsoft-Windows-Sysmon/Operational","Domain":"NT AUTHORITY","AccountName":"SYSTEM","UserID":"S-1-5-18","AccountType":"User","Message":"Pipe Created:\r\nRuleName: -\r\nEventType: CreatePipe\r\nUtcTime: 2023-03-03 17:31:20.328\r\nProcessGuid: {BE59402F-2EE3-6402-1201-000000001900}\r\nProcessId: 2780\r\nPipeName: \\uv\\FFFFFFFFFFFFFFFF-2780\r\nImage: C:\\Program Files\\Microsoft VS Code\\Code.exe\r\nUser: LUNARSTIIINESS\\tim.smith_admin","Category":"Pipe Created (rule: PipeEvent)","Opcode":"Info","RuleName":"-","UtcTime":"2023-03-03 17:31:20.328","ProcessGuid":"{BE59402F-2EE3-6402-1201-000000001900}","PipeName":"\\uv\\FFFFFFFFFFFFFFFF-2780","Image":"C:\\Program Files\\Microsoft VS Code\\Code.exe","User":"LUNARSTIIINESS\\tim.smith_admin","EventReceivedTime":1677864683,"SourceModuleName":"in_sysmon","SourceModuleType":"im_msvistalog"}
<14>Mar  3 17:31:23 win-server.lunarstiiiness.com Microsoft-Windows-Sysmon[1288]: {"EventTime":1677864681,"Hostname":"win-server.lunarstiiiness.com","Keywords":-9223372036854775808,"EventType":"INFO","SeverityValue":2,"Severity":"INFO","EventID":17,"SourceName":"Microsoft-Windows-Sysmon","ProviderGuid":"{5770385F-C22A-43E0-BF4C-06F5698FFBD9}","Version":1,"Task":17,"OpcodeValue":0,"RecordNumber":930636,"ProcessID":1288,"ThreadID":2884,"Channel":"Microsoft-Windows-Sysmon/Operational","Domain":"NT AUTHORITY","AccountName":"SYSTEM","UserID":"S-1-5-18","AccountType":"User","Message":"Pipe Created:\r\nRuleName: -\r\nEventType: CreatePipe\r\nUtcTime: 2023-03-03 17:31:21.349\r\nProcessGuid: {BE59402F-2EC5-6402-0A01-000000001900}\r\nProcessId: 572\r\nPipeName: \\mojo.572.3540.17741968782458088296\r\nImage: C:\\Program Files\\Microsoft VS Code\\Code.exe\r\nUser: LUNARSTIIINESS\\tim.smith_admin","Category":"Pipe Created (rule: PipeEvent)","Opcode":"Info","RuleName":"-","UtcTime":"2023-03-03 17:31:21.349","ProcessGuid":"{BE59402F-2EC5-6402-0A01-000000001900}","PipeName":"\\mojo.572.3540.17741968782458088296","Image":"C:\\Program Files\\Microsoft VS Code\\Code.exe","User":"LUNARSTIIINESS\\tim.smith_admin","EventReceivedTime":1677864683,"SourceModuleName":"in_sysmon","SourceModuleType":"im_msvistalog"}
<14>Mar  3 17:31:24 win-server.lunarstiiiness.com Microsoft-Windows-Sysmon[1288]: {"EventTime":1677864682,"Hostname":"win-server.lunarstiiiness.com","Keywords":-9223372036854775808,"EventType":"INFO","SeverityValue":2,"Severity":"INFO","EventID":17,"SourceName":"Microsoft-Windows-Sysmon","ProviderGuid":"{5770385F-C22A-43E0-BF4C-06F5698FFBD9}","Version":1,"Task":17,"OpcodeValue":0,"RecordNumber":930637,"ProcessID":1288,"ThreadID":2884,"Channel":"Microsoft-Windows-Sysmon/Operational","Domain":"NT AUTHORITY","AccountName":"SYSTEM","UserID":"S-1-5-18","AccountType":"User","Message":"Pipe Created:\r\nRuleName: -\r\nEventType: CreatePipe\r\nUtcTime: 2023-03-03 17:31:22.270\r\nProcessGuid: {BE59402F-2EC5-6402-0A01-000000001900}\r\nProcessId: 572\r\nPipeName: \\mojo.572.3540.2366163960888855946\r\nImage: C:\\Program Files\\Microsoft VS Code\\Code.exe\r\nUser: LUNARSTIIINESS\\tim.smith_admin","Category":"Pipe Created (rule: PipeEvent)","Opcode":"Info","RuleName":"-","UtcTime":"2023-03-03 17:31:22.270","ProcessGuid":"{BE59402F-2EC5-6402-0A01-000000001900}","PipeName":"\\mojo.572.3540.2366163960888855946","Image":"C:\\Program Files\\Microsoft VS Code\\Code.exe","User":"LUNARSTIIINESS\\tim.smith_admin","EventReceivedTime":1677864684,"SourceModuleName":"in_sysmon","SourceModuleType":"im_msvistalog"}
<14>Mar  3 17:31:23 win-server.lunarstiiiness.com Microsoft-Windows-Sysmon[1288]: {"EventTime":1677864681,"Hostname":"win-server.lunarstiiiness.com","Keywords":-9223372036854775808,"EventType":"INFO","SeverityValue":2,"Severity":"INFO","EventID":10,"SourceName":"Microsoft-Windows-Sysmon","ProviderGuid":"{5770385F-C22A-43E0-BF4C-06F5698FFBD9}","Version":3,"Task":10,"OpcodeValue":0,"RecordNumber":930635,"ProcessID":1288,"ThreadID":2884,"Channel":"Microsoft-Windows-Sysmon/Operational","Domain":"NT AUTHORITY","AccountName":"SYSTEM","UserID":"S-1-5-18","AccountType":"User","Message":"Process accessed:\r\nRuleName: technique_id=T1055.001,technique_name=Dynamic-link Library Injection\r\nUtcTime: 2023-03-03 17:31:21.313\r\nSourceProcessGUID: {BE59402F-2EE3-6402-1201-000000001900}\r\nSourceProcessId: 2780\r\nSourceThreadId: 4664\r\nSourceImage: C:\\Program Files\\Microsoft VS Code\\Code.exe\r\nTargetProcessGUID: {BE59402F-2EE9-6402-1401-000000001900}\r\nTargetProcessId: 4572\r\nTargetImage: C:\\Program Files\\Microsoft VS Code\\Code.exe\r\nGrantedAccess: 0x1FFFFF\r\nCallTrace: C:\\Windows\\SYSTEM32\\ntdll.dll+a7424|C:\\Windows\\System32\\KERNELBASE.dll+24890|C:\\Windows\\System32\\KERNELBASE.dll+22e56|C:\\Windows\\System32\\KERNEL32.DLL+1c373|C:\\Program Files\\Microsoft VS Code\\Code.exe+1bf55ee|C:\\Program Files\\Microsoft VS Code\\Code.exe+21ed62d|C:\\Program Files\\Microsoft VS Code\\Code.exe+319cdfe|UNKNOWN(00007FF6F7ECCA3C)|UNKNOWN(00007FF6F7E4C063)|UNKNOWN(00007FF6F7E4C063)|UNKNOWN(00007FF6F7E4C063)|UNKNOWN(00007FF6F7E4C063)|UNKNOWN(00007FF6F7E57C51)|UNKNOWN(00007FF6F7F63D36)|UNKNOWN(00007FF6F7E4C063)|UNKNOWN(00007FF6F7E4C063)|UNKNOWN(00007FF6F00BD2D5)|UNKNOWN(00007FF6F7E4C063)|UNKNOWN(00007FF6F7E4C063)|UNKNOWN(00007FF6F7E497AB)|UNKNOWN(00007FF6F7F86AF9)|UNKNOWN(00007FF6F7E4C063)|UNKNOWN(00007FF6F7E81A81)|UNKNOWN(00007FF6F7F1F171)\r\nSourceUser: LUNARSTIIINESS\\tim.smith_admin\r\nTargetUser: LUNARSTIIINESS\\tim.smith_admin","Category":"Process accessed (rule: ProcessAccess)","Opcode":"Info","RuleName":"technique_id=T1055.001,technique_name=Dynamic-link Library Injection","UtcTime":"2023-03-03 17:31:21.313","SourceProcessGUID":"{BE59402F-2EE3-6402-1201-000000001900}","SourceProcessId":"2780","SourceThreadId":"4664","SourceImage":"C:\\Program Files\\Microsoft VS Code\\Code.exe","TargetProcessGUID":"{BE59402F-2EE9-6402-1401-000000001900}","TargetProcessId":"4572","TargetImage":"C:\\Program Files\\Microsoft VS Code\\Code.exe","GrantedAccess":"0x1fffff","CallTrace":"C:\\Windows\\SYSTEM32\\ntdll.dll+a7424|C:\\Windows\\System32\\KERNELBASE.dll+24890|C:\\Windows\\System32\\KERNELBASE.dll+22e56|C:\\Windows\\System32\\KERNEL32.DLL+1c373|C:\\Program Files\\Microsoft VS Code\\Code.exe+1bf55ee|C:\\Program Files\\Microsoft VS Code\\Code.exe+21ed62d|C:\\Program Files\\Microsoft VS Code\\Code.exe+319cdfe|UNKNOWN(00007FF6F7ECCA3C)|UNKNOWN(00007FF6F7E4C063)|UNKNOWN(00007FF6F7E4C063)|UNKNOWN(00007FF6F7E4C063)|UNKNOWN(00007FF6F7E4C063)|UNKNOWN(00007FF6F7E57C51)|UNKNOWN(00007FF6F7F63D36)|UNKNOWN(00007FF6F7E4C063)|UNKNOWN(00007FF6F7E4C063)|UNKNOWN(00007FF6F00BD2D5)|UNKNOWN(00007FF6F7E4C063)|UNKNOWN(00007FF6F7E4C063)|UNKNOWN(00007FF6F7E497AB)|UNKNOWN(00007FF6F7F86AF9)|UNKNOWN(00007FF6F7E4C063)|UNKNOWN(00007FF6F7E81A81)|UNKNOWN(00007FF6F7F1F171)","SourceUser":"LUNARSTIIINESS\\tim.smith_admin","TargetUser":"LUNARSTIIINESS\\tim.smith_admin","EventReceivedTime":1677864683,"SourceModuleName":"in_sysmon","SourceModuleType":"im_msvistalog"}
<14>Mar  3 17:31:24 win-server.lunarstiiiness.com Microsoft-Windows-Sysmon[1288]: {"EventTime":1677864683,"Hostname":"win-server.lunarstiiiness.com","Keywords":-9223372036854775808,"EventType":"INFO","SeverityValue":2,"Severity":"INFO","EventID":13,"SourceName":"Microsoft-Windows-Sysmon","ProviderGuid":"{5770385F-C22A-43E0-BF4C-06F5698FFBD9}","Version":2,"Task":13,"OpcodeValue":0,"RecordNumber":930638,"ProcessID":1288,"ThreadID":2884,"Channel":"Microsoft-Windows-Sysmon/Operational","Domain":"NT AUTHORITY","AccountName":"SYSTEM","UserID":"S-1-5-18","AccountType":"User","Message":"Registry value set:\r\nRuleName: technique_id=T1543,technique_name=Service Creation\r\nEventType: SetValue\r\nUtcTime: 2023-03-03 17:31:23.001\r\nProcessGuid: {BE59402F-260D-6402-1300-000000001900}\r\nProcessId: 924\r\nImage: C:\\Windows\\system32\\svchost.exe\r\nTargetObject: HKLM\\System\\CurrentControlSet\\Services\\w32time\\Config\\LastKnownGoodTime\r\nDetails: QWORD (0x01d94df5-0xf95bf897)\r\nUser: NT AUTHORITY\\LOCAL SERVICE","Category":"Registry value set (rule: RegistryEvent)","Opcode":"Info","RuleName":"technique_id=T1543,technique_name=Service Creation","UtcTime":"2023-03-03 17:31:23.001","ProcessGuid":"{BE59402F-260D-6402-1300-000000001900}","Image":"C:\\Windows\\system32\\svchost.exe","TargetObject":"HKLM\\System\\CurrentControlSet\\Services\\w32time\\Config\\LastKnownGoodTime","Details":"QWORD (0x01d94df5-0xf95bf897)","User":"NT AUTHORITY\\LOCAL SERVICE","EventReceivedTime":1677864684,"SourceModuleName":"in_sysmon","SourceModuleType":"im_msvistalog"}
<14>Mar  3 17:31:30 win-server.lunarstiiiness.com Microsoft-Windows-Sysmon[1288]: {"EventTime":1677864686,"Hostname":"win-server.lunarstiiiness.com","Keywords":-9223372036854775808,"EventType":"INFO","SeverityValue":2,"Severity":"INFO","EventID":17,"SourceName":"Microsoft-Windows-Sysmon","ProviderGuid":"{5770385F-C22A-43E0-BF4C-06F5698FFBD9}","Version":1,"Task":17,"OpcodeValue":0,"RecordNumber":930639,"ProcessID":1288,"ThreadID":2884,"Channel":"Microsoft-Windows-Sysmon/Operational","Domain":"NT AUTHORITY","AccountName":"SYSTEM","UserID":"S-1-5-18","AccountType":"User","Message":"Pipe Created:\r\nRuleName: -\r\nEventType: CreatePipe\r\nUtcTime: 2023-03-03 17:31:25.317\r\nProcessGuid: {BE59402F-2EC5-6402-0A01-000000001900}\r\nProcessId: 572\r\nPipeName: \\mojo.572.3540.17895972716823611262\r\nImage: C:\\Program Files\\Microsoft VS Code\\Code.exe\r\nUser: LUNARSTIIINESS\\tim.smith_admin","Category":"Pipe Created (rule: PipeEvent)","Opcode":"Info","RuleName":"-","UtcTime":"2023-03-03 17:31:25.317","ProcessGuid":"{BE59402F-2EC5-6402-0A01-000000001900}","PipeName":"\\mojo.572.3540.17895972716823611262","Image":"C:\\Program Files\\Microsoft VS Code\\Code.exe","User":"LUNARSTIIINESS\\tim.smith_admin","EventReceivedTime":1677864690,"SourceModuleName":"in_sysmon","SourceModuleType":"im_msvistalog"}
<14>Mar  3 17:31:34 win-server.lunarstiiiness.com Microsoft-Windows-Sysmon[1288]: {"EventTime":1677864692,"Hostname":"win-server.lunarstiiiness.com","Keywords":-9223372036854775808,"EventType":"INFO","SeverityValue":2,"Severity":"INFO","EventID":17,"SourceName":"Microsoft-Windows-Sysmon","ProviderGuid":"{5770385F-C22A-43E0-BF4C-06F5698FFBD9}","Version":1,"Task":17,"OpcodeValue":0,"RecordNumber":930640,"ProcessID":1288,"ThreadID":2884,"Channel":"Microsoft-Windows-Sysmon/Operational","Domain":"NT AUTHORITY","AccountName":"SYSTEM","UserID":"S-1-5-18","AccountType":"User","Message":"Pipe Created:\r\nRuleName: -\r\nEventType: CreatePipe\r\nUtcTime: 2023-03-03 17:31:32.593\r\nProcessGuid: {BE59402F-2EE3-6402-1201-000000001900}\r\nProcessId: 2780\r\nPipeName: \\uv\\0000000000000000-2780\r\nImage: C:\\Program Files\\Microsoft VS Code\\Code.exe\r\nUser: LUNARSTIIINESS\\tim.smith_admin","Category":"Pipe Created (rule: PipeEvent)","Opcode":"Info","RuleName":"-","UtcTime":"2023-03-03 17:31:32.593","ProcessGuid":"{BE59402F-2EE3-6402-1201-000000001900}","PipeName":"\\uv\\0000000000000000-2780","Image":"C:\\Program Files\\Microsoft VS Code\\Code.exe","User":"LUNARSTIIINESS\\tim.smith_admin","EventReceivedTime":1677864694,"SourceModuleName":"in_sysmon","SourceModuleType":"im_msvistalog"}
<14>Mar  3 17:31:34 win-server.lunarstiiiness.com Microsoft-Windows-Sysmon[1288]: {"EventTime":1677864692,"Hostname":"win-server.lunarstiiiness.com","Keywords":-9223372036854775808,"EventType":"INFO","SeverityValue":2,"Severity":"INFO","EventID":17,"SourceName":"Microsoft-Windows-Sysmon","ProviderGuid":"{5770385F-C22A-43E0-BF4C-06F5698FFBD9}","Version":1,"Task":17,"OpcodeValue":0,"RecordNumber":930642,"ProcessID":1288,"ThreadID":2884,"Channel":"Microsoft-Windows-Sysmon/Operational","Domain":"NT AUTHORITY","AccountName":"SYSTEM","UserID":"S-1-5-18","AccountType":"User","Message":"Pipe Created:\r\nRuleName: -\r\nEventType: CreatePipe\r\nUtcTime: 2023-03-03 17:31:32.593\r\nProcessGuid: {BE59402F-2EE3-6402-1201-000000001900}\r\nProcessId: 2780\r\nPipeName: \\uv\\0000000000000002-2780\r\nImage: C:\\Program Files\\Microsoft VS Code\\Code.exe\r\nUser: LUNARSTIIINESS\\tim.smith_admin","Category":"Pipe Created (rule: PipeEvent)","Opcode":"Info","RuleName":"-","UtcTime":"2023-03-03 17:31:32.593","ProcessGuid":"{BE59402F-2EE3-6402-1201-000000001900}","PipeName":"\\uv\\0000000000000002-2780","Image":"C:\\Program Files\\Microsoft VS Code\\Code.exe","User":"LUNARSTIIINESS\\tim.smith_admin","EventReceivedTime":1677864694,"SourceModuleName":"in_sysmon","SourceModuleType":"im_msvistalog"}
<14>Mar  3 17:31:34 win-server.lunarstiiiness.com Microsoft-Windows-Sysmon[1288]: {"EventTime":1677864692,"Hostname":"win-server.lunarstiiiness.com","Keywords":-9223372036854775808,"EventType":"INFO","SeverityValue":2,"Severity":"INFO","EventID":17,"SourceName":"Microsoft-Windows-Sysmon","ProviderGuid":"{5770385F-C22A-43E0-BF4C-06F5698FFBD9}","Version":1,"Task":17,"OpcodeValue":0,"RecordNumber":930641,"ProcessID":1288,"ThreadID":2884,"Channel":"Microsoft-Windows-Sysmon/Operational","Domain":"NT AUTHORITY","AccountName":"SYSTEM","UserID":"S-1-5-18","AccountType":"User","Message":"Pipe Created:\r\nRuleName: -\r\nEventType: CreatePipe\r\nUtcTime: 2023-03-03 17:31:32.593\r\nProcessGuid: {BE59402F-2EE3-6402-1201-000000001900}\r\nProcessId: 2780\r\nPipeName: \\uv\\0000000000000001-2780\r\nImage: C:\\Program Files\\Microsoft VS Code\\Code.exe\r\nUser: LUNARSTIIINESS\\tim.smith_admin","Category":"Pipe Created (rule: PipeEvent)","Opcode":"Info","RuleName":"-","UtcTime":"2023-03-03 17:31:32.593","ProcessGuid":"{BE59402F-2EE3-6402-1201-000000001900}","PipeName":"\\uv\\0000000000000001-2780","Image":"C:\\Program Files\\Microsoft VS Code\\Code.exe","User":"LUNARSTIIINESS\\tim.smith_admin","EventReceivedTime":1677864694,"SourceModuleName":"in_sysmon","SourceModuleType":"im_msvistalog"}
<14>Mar  3 17:31:34 win-server.lunarstiiiness.com Microsoft-Windows-Sysmon[1288]: {"EventTime":1677864693,"Hostname":"win-server.lunarstiiiness.com","Keywords":-9223372036854775808,"EventType":"INFO","SeverityValue":2,"Severity":"INFO","EventID":17,"SourceName":"Microsoft-Windows-Sysmon","ProviderGuid":"{5770385F-C22A-43E0-BF4C-06F5698FFBD9}","Version":1,"Task":17,"OpcodeValue":0,"RecordNumber":930647,"ProcessID":1288,"ThreadID":2884,"Channel":"Microsoft-Windows-Sysmon/Operational","Domain":"NT AUTHORITY","AccountName":"SYSTEM","UserID":"S-1-5-18","AccountType":"User","Message":"Pipe Created:\r\nRuleName: -\r\nEventType: CreatePipe\r\nUtcTime: 2023-03-03 17:31:33.340\r\nProcessGuid: {BE59402F-2EE3-6402-1201-000000001900}\r\nProcessId: 2780\r\nPipeName: \\uv\\0000000000000005-2780\r\nImage: C:\\Program Files\\Microsoft VS Code\\Code.exe\r\nUser: LUNARSTIIINESS\\tim.smith_admin","Category":"Pipe Created (rule: PipeEvent)","Opcode":"Info","RuleName":"-","UtcTime":"2023-03-03 17:31:33.340","ProcessGuid":"{BE59402F-2EE3-6402-1201-000000001900}","PipeName":"\\uv\\0000000000000005-2780","Image":"C:\\Program Files\\Microsoft VS Code\\Code.exe","User":"LUNARSTIIINESS\\tim.smith_admin","EventReceivedTime":1677864694,"SourceModuleName":"in_sysmon","SourceModuleType":"im_msvistalog"}
<14>Mar  3 17:31:34 win-server.lunarstiiiness.com Microsoft-Windows-Sysmon[1288]: {"EventTime":1677864693,"Hostname":"win-server.lunarstiiiness.com","Keywords":-9223372036854775808,"EventType":"INFO","SeverityValue":2,"Severity":"INFO","EventID":17,"SourceName":"Microsoft-Windows-Sysmon","ProviderGuid":"{5770385F-C22A-43E0-BF4C-06F5698FFBD9}","Version":1,"Task":17,"OpcodeValue":0,"RecordNumber":930645,"ProcessID":1288,"ThreadID":2884,"Channel":"Microsoft-Windows-Sysmon/Operational","Domain":"NT AUTHORITY","AccountName":"SYSTEM","UserID":"S-1-5-18","AccountType":"User","Message":"Pipe Created:\r\nRuleName: -\r\nEventType: CreatePipe\r\nUtcTime: 2023-03-03 17:31:33.340\r\nProcessGuid: {BE59402F-2EE3-6402-1201-000000001900}\r\nProcessId: 2780\r\nPipeName: \\uv\\0000000000000003-2780\r\nImage: C:\\Program Files\\Microsoft VS Code\\Code.exe\r\nUser: LUNARSTIIINESS\\tim.smith_admin","Category":"Pipe Created (rule: PipeEvent)","Opcode":"Info","RuleName":"-","UtcTime":"2023-03-03 17:31:33.340","ProcessGuid":"{BE59402F-2EE3-6402-1201-000000001900}","PipeName":"\\uv\\0000000000000003-2780","Image":"C:\\Program Files\\Microsoft VS Code\\Code.exe","User":"LUNARSTIIINESS\\tim.smith_admin","EventReceivedTime":1677864694,"SourceModuleName":"in_sysmon","SourceModuleType":"im_msvistalog"}
<14>Mar  3 17:31:34 win-server.lunarstiiiness.com Microsoft-Windows-Sysmon[1288]: {"EventTime":1677864693,"Hostname":"win-server.lunarstiiiness.com","Keywords":-9223372036854775808,"EventType":"INFO","SeverityValue":2,"Severity":"INFO","EventID":17,"SourceName":"Microsoft-Windows-Sysmon","ProviderGuid":"{5770385F-C22A-43E0-BF4C-06F5698FFBD9}","Version":1,"Task":17,"OpcodeValue":0,"RecordNumber":930646,"ProcessID":1288,"ThreadID":2884,"Channel":"Microsoft-Windows-Sysmon/Operational","Domain":"NT AUTHORITY","AccountName":"SYSTEM","UserID":"S-1-5-18","AccountType":"User","Message":"Pipe Created:\r\nRuleName: -\r\nEventType: CreatePipe\r\nUtcTime: 2023-03-03 17:31:33.340\r\nProcessGuid: {BE59402F-2EE3-6402-1201-000000001900}\r\nProcessId: 2780\r\nPipeName: \\uv\\0000000000000004-2780\r\nImage: C:\\Program Files\\Microsoft VS Code\\Code.exe\r\nUser: LUNARSTIIINESS\\tim.smith_admin","Category":"Pipe Created (rule: PipeEvent)","Opcode":"Info","RuleName":"-","UtcTime":"2023-03-03 17:31:33.340","ProcessGuid":"{BE59402F-2EE3-6402-1201-000000001900}","PipeName":"\\uv\\0000000000000004-2780","Image":"C:\\Program Files\\Microsoft VS Code\\Code.exe","User":"LUNARSTIIINESS\\tim.smith_admin","EventReceivedTime":1677864694,"SourceModuleName":"in_sysmon","SourceModuleType":"im_msvistalog"}
