<14>Mar  3 17:32:28 win-server.lunarstiiiness.com Microsoft-Windows-Sysmon[1288]: {"EventTime":1677864747,"Hostname":"win-server.lunarstiiiness.com","Keywords":-9223372036854775808,"EventType":"INFO","SeverityValue":2,"Severity":"INFO","EventID":12,"SourceName":"Microsoft-Windows-Sysmon","ProviderGuid":"{5770385F-C22A-43E0-BF4C-06F5698FFBD9}","Version":2,"Task":12,"OpcodeValue":0,"RecordNumber":930666,"ProcessID":1288,"ThreadID":2884,"Channel":"Microsoft-Windows-Sysmon/Operational","Domain":"NT AUTHORITY","AccountName":"SYSTEM","UserID":"S-1-5-18","AccountType":"User","Message":"Registry object added or deleted:\r\nRuleName: technique_id=T1546.001,technique_name=Change Default File Association\r\nEventType: CreateKey\r\nUtcTime: 2023-03-03 17:32:27.811\r\nProcessGuid: {BE59402F-2E41-6402-F900-000000001900}\r\nProcessId: 4368\r\nImage: C:\\Windows\\Explorer.EXE\r\nTargetObject: HKU\\S-1-5-21-3263964631-4121654051-1417071188-1116\\SOFTWARE\\Microsoft\\Windows\\CurrentVersion\\Explorer\\FileExts\r\nUser: LUNARSTIIINESS\\tim.smith_admin","Category":"Registry object added or deleted (rule: RegistryEvent)","Opcode":"Info","RuleName":"technique_id=T1546.001,technique_name=Change Default File Association","UtcTime":"2023-03-03 17:32:27.811","ProcessGuid":"{BE59402F-2E41-6402-F900-000000001900}","Image":"C:\\Windows\\Explorer.EXE","TargetObject":"HKU\\S-1-5-21-3263964631-4121654051-1417071188-1116\\SOFTWARE\\Microsoft\\Windows\\CurrentVersion\\Explorer\\FileExts","User":"LUNARSTIIINESS\\tim.smith_admin","EventReceivedTime":1677864748,"SourceModuleName":"in_sysmon","SourceModuleType":"im_msvistalog"}
<14>Mar  3 17:32:28 win-server.lunarstiiiness.com Microsoft-Windows-Sysmon[1288]: {"EventTime":1677864747,"Hostname":"win-server.lunarstiiiness.com","Keywords":-9223372036854775808,"EventType":"INFO","SeverityValue":2,"Severity":"INFO","EventID":12,"SourceName":"Microsoft-Windows-Sysmon","ProviderGuid":"{5770385F-C22A-43E0-BF4C-06F5698FFBD9}","Version":2,"Task":12,"OpcodeValue":0,"RecordNumber":930668,"ProcessID":1288,"ThreadID":2884,"Channel":"Microsoft-Windows-Sysmon/Operational","Domain":"NT AUTHORITY","AccountName":"SYSTEM","UserID":"S-1-5-18","AccountType":"User","Message":"Registry object added or deleted:\r\nRuleName: technique_id=T1546.001,technique_name=Change Default File Association\r\nEventType: CreateKey\r\nUtcTime: 2023-03-03 17:32:27.843\r\nProcessGuid: {BE59402F-2E41-6402-F900-000000001900}\r\nProcessId: 4368\r\nImage: C:\\Windows\\Explorer.EXE\r\nTargetObject: HKU\\S-1-5-21-3263964631-4121654051-1417071188-1116\\SOFTWARE\\Microsoft\\Windows\\CurrentVersion\\Explorer\\FileExts\r\nUser: LUNARSTIIINESS\\tim.smith_admin","Category":"Registry object added or deleted (rule: RegistryEvent)","Opcode":"Info","RuleName":"technique_id=T1546.001,technique_name=Change Default File Association","UtcTime":"2023-03-03 17:32:27.843","ProcessGuid":"{BE59402F-2E41-6402-F900-000000001900}","Image":"C:\\Windows\\Explorer.EXE","TargetObject":"HKU\\S-1-5-21-3263964631-4121654051-1417071188-1116\\SOFTWARE\\Microsoft\\Windows\\CurrentVersion\\Explorer\\FileExts","User":"LUNARSTIIINESS\\tim.smith_admin","EventReceivedTime":1677864748,"SourceModuleName":"in_sysmon","SourceModuleType":"im_msvistalog"}
<14>Mar  3 17:32:28 win-server.lunarstiiiness.com Microsoft-Windows-Sysmon[1288]: {"EventTime":1677864748,"Hostname":"win-server.lunarstiiiness.com","Keywords":-9223372036854775808,"EventType":"INFO","SeverityValue":2,"Severity":"INFO","EventID":12,"SourceName":"Microsoft-Windows-Sysmon","ProviderGuid":"{5770385F-C22A-43E0-BF4C-06F5698FFBD9}","Version":2,"Task":12,"OpcodeValue":0,"RecordNumber":930670,"ProcessID":1288,"ThreadID":2884,"Channel":"Microsoft-Windows-Sysmon/Operational","Domain":"NT AUTHORITY","AccountName":"SYSTEM","UserID":"S-1-5-18","AccountType":"User","Message":"Registry object added or deleted:\r\nRuleName: technique_id=T1546.001,technique_name=Change Default File Association\r\nEventType: CreateKey\r\nUtcTime: 2023-03-03 17:32:28.048\r\nProcessGuid: {BE59402F-2E41-6402-F900-000000001900}\r\nProcessId: 4368\r\nImage: C:\\Windows\\Explorer.EXE\r\nTargetObject: HKU\\S-1-5-21-3263964631-4121654051-1417071188-1116\\SOFTWARE\\Microsoft\\Windows\\CurrentVersion\\Explorer\\FileExts\r\nUser: LUNARSTIIINESS\\tim.smith_admin","Category":"Registry object added or deleted (rule: RegistryEvent)","Opcode":"Info","RuleName":"technique_id=T1546.001,technique_name=Change Default File Association","UtcTime":"2023-03-03 17:32:28.048","ProcessGuid":"{BE59402F-2E41-6402-F900-000000001900}","Image":"C:\\Windows\\Explorer.EXE","TargetObject":"HKU\\S-1-5-21-3263964631-4121654051-1417071188-1116\\SOFTWARE\\Microsoft\\Windows\\CurrentVersion\\Explorer\\FileExts","User":"LUNARSTIIINESS\\tim.smith_admin","EventReceivedTime":1677864748,"SourceModuleName":"in_sysmon","SourceModuleType":"im_msvistalog"}
<14>Mar  3 17:32:30 win-server.lunarstiiiness.com Microsoft-Windows-Sysmon[1288]: {"EventTime":1677864749,"Hostname":"win-server.lunarstiiiness.com","Keywords":-9223372036854775808,"EventType":"INFO","SeverityValue":2,"Severity":"INFO","EventID":12,"SourceName":"Microsoft-Windows-Sysmon","ProviderGuid":"{5770385F-C22A-43E0-BF4C-06F5698FFBD9}","Version":2,"Task":12,"OpcodeValue":0,"RecordNumber":930673,"ProcessID":1288,"ThreadID":2884,"Channel":"Microsoft-Windows-Sysmon/Operational","Domain":"NT AUTHORITY","AccountName":"SYSTEM","UserID":"S-1-5-18","AccountType":"User","Message":"Registry object added or deleted:\r\nRuleName: technique_id=T1546.001,technique_name=Change Default File Association\r\nEventType: CreateKey\r\nUtcTime: 2023-03-03 17:32:29.374\r\nProcessGuid: {BE59402F-2E41-6402-F900-000000001900}\r\nProcessId: 4368\r\nImage: C:\\Windows\\Explorer.EXE\r\nTargetObject: HKU\\S-1-5-21-3263964631-4121654051-1417071188-1116\\SOFTWARE\\Microsoft\\Windows\\CurrentVersion\\Explorer\\FileExts\r\nUser: LUNARSTIIINESS\\tim.smith_admin","Category":"Registry object added or deleted (rule: RegistryEvent)","Opcode":"Info","RuleName":"technique_id=T1546.001,technique_name=Change Default File Association","UtcTime":"2023-03-03 17:32:29.374","ProcessGuid":"{BE59402F-2E41-6402-F900-000000001900}","Image":"C:\\Windows\\Explorer.EXE","TargetObject":"HKU\\S-1-5-21-3263964631-4121654051-1417071188-1116\\SOFTWARE\\Microsoft\\Windows\\CurrentVersion\\Explorer\\FileExts","User":"LUNARSTIIINESS\\tim.smith_admin","EventReceivedTime":1677864750,"SourceModuleName":"in_sysmon","SourceModuleType":"im_msvistalog"}
<14>Mar  3 17:32:28 win-server.lunarstiiiness.com Microsoft-Windows-Sysmon[1288]: {"EventTime":1677864747,"Hostname":"win-server.lunarstiiiness.com","Keywords":-9223372036854775808,"EventType":"INFO","SeverityValue":2,"Severity":"INFO","EventID":12,"SourceName":"Microsoft-Windows-Sysmon","ProviderGuid":"{5770385F-C22A-43E0-BF4C-06F5698FFBD9}","Version":2,"Task":12,"OpcodeValue":0,"RecordNumber":930667,"ProcessID":1288,"ThreadID":2884,"Channel":"Microsoft-Windows-Sysmon/Operational","Domain":"NT AUTHORITY","AccountName":"SYSTEM","UserID":"S-1-5-18","AccountType":"User","Message":"Registry object added or deleted:\r\nRuleName: technique_id=T1546.001,technique_name=Change Default File Association\r\nEventType: CreateKey\r\nUtcTime: 2023-03-03 17:32:27.811\r\nProcessGuid: {BE59402F-2E41-6402-F900-000000001900}\r\nProcessId: 4368\r\nImage: C:\\Windows\\Explorer.EXE\r\nTargetObject: HKU\\S-1-5-21-3263964631-4121654051-1417071188-1116\\SOFTWARE\\Microsoft\\Windows\\CurrentVersion\\Explorer\\FileExts\\.ps1\r\nUser: LUNARSTIIINESS\\tim.smith_admin","Category":"Registry object added or deleted (rule: RegistryEvent)","Opcode":"Info","RuleName":"technique_id=T1546.001,technique_name=Change Default File Association","UtcTime":"2023-03-03 17:32:27.811","ProcessGuid":"{BE59402F-2E41-6402-F900-000000001900}","Image":"C:\\Windows\\Explorer.EXE","TargetObject":"HKU\\S-1-5-21-3263964631-4121654051-1417071188-1116\\SOFTWARE\\Microsoft\\Windows\\CurrentVersion\\Explorer\\FileExts\\.ps1","User":"LUNARSTIIINESS\\tim.smith_admin","EventReceivedTime":1677864748,"SourceModuleName":"in_sysmon","SourceModuleType":"im_msvistalog"}
<14>Mar  3 17:32:28 win-server.lunarstiiiness.com Microsoft-Windows-Sysmon[1288]: {"EventTime":1677864747,"Hostname":"win-server.lunarstiiiness.com","Keywords":-9223372036854775808,"EventType":"INFO","SeverityValue":2,"Severity":"INFO","EventID":12,"SourceName":"Microsoft-Windows-Sysmon","ProviderGuid":"{5770385F-C22A-43E0-BF4C-06F5698FFBD9}","Version":2,"Task":12,"OpcodeValue":0,"RecordNumber":930669,"ProcessID":1288,"ThreadID":2884,"Channel":"Microsoft-Windows-Sysmon/Operational","Domain":"NT AUTHORITY","AccountName":"SYSTEM","UserID":"S-1-5-18","AccountType":"User","Message":"Registry object added or deleted:\r\nRuleName: technique_id=T1546.001,technique_name=Change Default File Association\r\nEventType: CreateKey\r\nUtcTime: 2023-03-03 17:32:27.843\r\nProcessGuid: {BE59402F-2E41-6402-F900-000000001900}\r\nProcessId: 4368\r\nImage: C:\\Windows\\Explorer.EXE\r\nTargetObject: HKU\\S-1-5-21-3263964631-4121654051-1417071188-1116\\SOFTWARE\\Microsoft\\Windows\\CurrentVersion\\Explorer\\FileExts\\.psm1\r\nUser: LUNARSTIIINESS\\tim.smith_admin","Category":"Registry object added or deleted (rule: RegistryEvent)","Opcode":"Info","RuleName":"technique_id=T1546.001,technique_name=Change Default File Association","UtcTime":"2023-03-03 17:32:27.843","ProcessGuid":"{BE59402F-2E41-6402-F900-000000001900}","Image":"C:\\Windows\\Explorer.EXE","TargetObject":"HKU\\S-1-5-21-3263964631-4121654051-1417071188-1116\\SOFTWARE\\Microsoft\\Windows\\CurrentVersion\\Explorer\\FileExts\\.psm1","User":"LUNARSTIIINESS\\tim.smith_admin","EventReceivedTime":1677864748,"SourceModuleName":"in_sysmon","SourceModuleType":"im_msvistalog"}
<14>Mar  3 17:32:28 win-server.lunarstiiiness.com Microsoft-Windows-Sysmon[1288]: {"EventTime":1677864748,"Hostname":"win-server.lunarstiiiness.com","Keywords":-9223372036854775808,"EventType":"INFO","SeverityValue":2,"Severity":"INFO","EventID":12,"SourceName":"Microsoft-Windows-Sysmon","ProviderGuid":"{5770385F-C22A-43E0-BF4C-06F5698FFBD9}","Version":2,"Task":12,"OpcodeValue":0,"RecordNumber":930671,"ProcessID":1288,"ThreadID":2884,"Channel":"Microsoft-Windows-Sysmon/Operational","Domain":"NT AUTHORITY","AccountName":"SYSTEM","UserID":"S-1-5-18","AccountType":"User","Message":"Registry object added or deleted:\r\nRuleName: technique_id=T1546.001,technique_name=Change Default File Association\r\nEventType: CreateKey\r\nUtcTime: 2023-03-03 17:32:28.048\r\nProcessGuid: {BE59402F-2E41-6402-F900-000000001900}\r\nProcessId: 4368\r\nImage: C:\\Windows\\Explorer.EXE\r\nTargetObject: HKU\\S-1-5-21-3263964631-4121654051-1417071188-1116\\SOFTWARE\\Microsoft\\Windows\\CurrentVersion\\Explorer\\FileExts\\.psd1\r\nUser: LUNARSTIIINESS\\tim.smith_admin","Category":"Registry object added or deleted (rule: RegistryEvent)","Opcode":"Info","RuleName":"technique_id=T1546.001,technique_name=Change Default File Association","UtcTime":"2023-03-03 17:32:28.048","ProcessGuid":"{BE59402F-2E41-6402-F900-000000001900}","Image":"C:\\Windows\\Explorer.EXE","TargetObject":"HKU\\S-1-5-21-3263964631-4121654051-1417071188-1116\\SOFTWARE\\Microsoft\\Windows\\CurrentVersion\\Explorer\\FileExts\\.psd1","User":"LUNARSTIIINESS\\tim.smith_admin","EventReceivedTime":1677864748,"SourceModuleName":"in_sysmon","SourceModuleType":"im_msvistalog"}
<14>Mar  3 17:32:28 win-server.lunarstiiiness.com Microsoft-Windows-Sysmon[1288]: {"EventTime":1677864748,"Hostname":"win-server.lunarstiiiness.com","Keywords":-9223372036854775808,"EventType":"INFO","SeverityValue":2,"Severity":"INFO","EventID":13,"SourceName":"Microsoft-Windows-Sysmon","ProviderGuid":"{5770385F-C22A-43E0-BF4C-06F5698FFBD9}","Version":2,"Task":13,"OpcodeValue":0,"RecordNumber":930672,"ProcessID":1288,"ThreadID":2884,"Channel":"Microsoft-Windows-Sysmon/Operational","Domain":"NT AUTHORITY","AccountName":"SYSTEM","UserID":"S-1-5-18","AccountType":"User","Message":"Registry value set:\r\nRuleName: technique_id=T1543,technique_name=Service Creation\r\nEventType: SetValue\r\nUtcTime: 2023-03-03 17:32:28.280\r\nProcessGuid: {BE59402F-260D-6402-1300-000000001900}\r\nProcessId: 924\r\nImage: C:\\Windows\\system32\\svchost.exe\r\nTargetObject: HKLM\\System\\CurrentControlSet\\Services\\w32time\\Config\\LastKnownGoodTime\r\nDetails: QWORD (0x01d94df6-0x2044c258)\r\nUser: NT AUTHORITY\\LOCAL SERVICE","Category":"Registry value set (rule: RegistryEvent)","Opcode":"Info","RuleName":"technique_id=T1543,technique_name=Service Creation","UtcTime":"2023-03-03 17:32:28.280","ProcessGuid":"{BE59402F-260D-6402-1300-000000001900}","Image":"C:\\Windows\\system32\\svchost.exe","TargetObject":"HKLM\\System\\CurrentControlSet\\Services\\w32time\\Config\\LastKnownGoodTime","Details":"QWORD (0x01d94df6-0x2044c258)","User":"NT AUTHORITY\\LOCAL SERVICE","EventReceivedTime":1677864748,"SourceModuleName":"in_sysmon","SourceModuleType":"im_msvistalog"}
<14>Mar  3 17:32:30 win-server.lunarstiiiness.com Microsoft-Windows-Sysmon[1288]: {"EventTime":1677864749,"Hostname":"win-server.lunarstiiiness.com","Keywords":-9223372036854775808,"EventType":"INFO","SeverityValue":2,"Severity":"INFO","EventID":12,"SourceName":"Microsoft-Windows-Sysmon","ProviderGuid":"{5770385F-C22A-43E0-BF4C-06F5698FFBD9}","Version":2,"Task":12,"OpcodeValue":0,"RecordNumber":930674,"ProcessID":1288,"ThreadID":2884,"Channel":"Microsoft-Windows-Sysmon/Operational","Domain":"NT AUTHORITY","AccountName":"SYSTEM","UserID":"S-1-5-18","AccountType":"User","Message":"Registry object added or deleted:\r\nRuleName: technique_id=T1546.001,technique_name=Change Default File Association\r\nEventType: CreateKey\r\nUtcTime: 2023-03-03 17:32:29.374\r\nProcessGuid: {BE59402F-2E41-6402-F900-000000001900}\r\nProcessId: 4368\r\nImage: C:\\Windows\\Explorer.EXE\r\nTargetObject: HKU\\S-1-5-21-3263964631-4121654051-1417071188-1116\\SOFTWARE\\Microsoft\\Windows\\CurrentVersion\\Explorer\\FileExts\\.webp\r\nUser: LUNARSTIIINESS\\tim.smith_admin","Category":"Registry object added or deleted (rule: RegistryEvent)","Opcode":"Info","RuleName":"technique_id=T1546.001,technique_name=Change Default File Association","UtcTime":"2023-03-03 17:32:29.374","ProcessGuid":"{BE59402F-2E41-6402-F900-000000001900}","Image":"C:\\Windows\\Explorer.EXE","TargetObject":"HKU\\S-1-5-21-3263964631-4121654051-1417071188-1116\\SOFTWARE\\Microsoft\\Windows\\CurrentVersion\\Explorer\\FileExts\\.webp","User":"LUNARSTIIINESS\\tim.smith_admin","EventReceivedTime":1677864750,"SourceModuleName":"in_sysmon","SourceModuleType":"im_msvistalog"}
<14>Mar  3 17:32:38 win-server.lunarstiiiness.com Microsoft-Windows-Sysmon[1288]: {"EventTime":1677864757,"Hostname":"win-server.lunarstiiiness.com","Keywords":-9223372036854775808,"EventType":"INFO","SeverityValue":2,"Severity":"INFO","EventID":12,"SourceName":"Microsoft-Windows-Sysmon","ProviderGuid":"{5770385F-C22A-43E0-BF4C-06F5698FFBD9}","Version":2,"Task":12,"OpcodeValue":0,"RecordNumber":930675,"ProcessID":1288,"ThreadID":2884,"Channel":"Microsoft-Windows-Sysmon/Operational","Domain":"NT AUTHORITY","AccountName":"SYSTEM","UserID":"S-1-5-18","AccountType":"User","Message":"Registry object added or deleted:\r\nRuleName: technique_id=T1553.004,technique_name=Install Root Certificate\r\nEventType: CreateKey\r\nUtcTime: 2023-03-03 17:32:36.843\r\nProcessGuid: {BE59402F-2E41-6402-F900-000000001900}\r\nProcessId: 4368\r\nImage: C:\\Windows\\Explorer.EXE\r\nTargetObject: HKU\\S-1-5-21-3263964631-4121654051-1417071188-1116\\SOFTWARE\\Microsoft\\SystemCertificates\\CA\\Certificates\r\nUser: LUNARSTIIINESS\\tim.smith_admin","Category":"Registry object added or deleted (rule: RegistryEvent)","Opcode":"Info","RuleName":"technique_id=T1553.004,technique_name=Install Root Certificate","UtcTime":"2023-03-03 17:32:36.843","ProcessGuid":"{BE59402F-2E41-6402-F900-000000001900}","Image":"C:\\Windows\\Explorer.EXE","TargetObject":"HKU\\S-1-5-21-3263964631-4121654051-1417071188-1116\\SOFTWARE\\Microsoft\\SystemCertificates\\CA\\Certificates","User":"LUNARSTIIINESS\\tim.smith_admin","EventReceivedTime":1677864758,"SourceModuleName":"in_sysmon","SourceModuleType":"im_msvistalog"}
<14>Mar  3 17:32:38 win-server.lunarstiiiness.com Microsoft-Windows-Sysmon[1288]: {"EventTime":1677864757,"Hostname":"win-server.lunarstiiiness.com","Keywords":-9223372036854775808,"EventType":"INFO","SeverityValue":2,"Severity":"INFO","EventID":12,"SourceName":"Microsoft-Windows-Sysmon","ProviderGuid":"{5770385F-C22A-43E0-BF4C-06F5698FFBD9}","Version":2,"Task":12,"OpcodeValue":0,"RecordNumber":930676,"ProcessID":1288,"ThreadID":2884,"Channel":"Microsoft-Windows-Sysmon/Operational","Domain":"NT AUTHORITY","AccountName":"SYSTEM","UserID":"S-1-5-18","AccountType":"User","Message":"Registry object added or deleted:\r\nRuleName: technique_id=T1553.004,technique_name=Install Root Certificate\r\nEventType: CreateKey\r\nUtcTime: 2023-03-03 17:32:37.038\r\nProcessGuid: {BE59402F-2E41-6402-F900-000000001900}\r\nProcessId: 4368\r\nImage: C:\\Windows\\Explorer.EXE\r\nTargetObject: HKU\\S-1-5-21-3263964631-4121654051-1417071188-1116\\SOFTWARE\\Microsoft\\SystemCertificates\\Root\\Certificates\r\nUser: LUNARSTIIINESS\\tim.smith_admin","Category":"Registry object added or deleted (rule: RegistryEvent)","Opcode":"Info","RuleName":"technique_id=T1553.004,technique_name=Install Root Certificate","UtcTime":"2023-03-03 17:32:37.038","ProcessGuid":"{BE59402F-2E41-6402-F900-000000001900}","Image":"C:\\Windows\\Explorer.EXE","TargetObject":"HKU\\S-1-5-21-3263964631-4121654051-1417071188-1116\\SOFTWARE\\Microsoft\\SystemCertificates\\Root\\Certificates","User":"LUNARSTIIINESS\\tim.smith_admin","EventReceivedTime":1677864758,"SourceModuleName":"in_sysmon","SourceModuleType":"im_msvistalog"}
<14>Mar  3 17:32:41 win-server.lunarstiiiness.com Microsoft-Windows-Sysmon[1288]: {"EventTime":1677864760,"Hostname":"win-server.lunarstiiiness.com","Keywords":-9223372036854775808,"EventType":"INFO","SeverityValue":2,"Severity":"INFO","EventID":12,"SourceName":"Microsoft-Windows-Sysmon","ProviderGuid":"{5770385F-C22A-43E0-BF4C-06F5698FFBD9}","Version":2,"Task":12,"OpcodeValue":0,"RecordNumber":930677,"ProcessID":1288,"ThreadID":2884,"Channel":"Microsoft-Windows-Sysmon/Operational","Domain":"NT AUTHORITY","AccountName":"SYSTEM","UserID":"S-1-5-18","AccountType":"User","Message":"Registry object added or deleted:\r\nRuleName: -\r\nEventType: CreateKey\r\nUtcTime: 2023-03-03 17:32:40.077\r\nProcessGuid: {BE59402F-2E41-6402-F900-000000001900}\r\nProcessId: 4368\r\nImage: C:\\Windows\\Explorer.EXE\r\nTargetObject: HKU\\S-1-5-21-3263964631-4121654051-1417071188-1116\\SOFTWARE\\Microsoft\\Internet Explorer\\Toolbar\r\nUser: LUNARSTIIINESS\\tim.smith_admin","Category":"Registry object added or deleted (rule: RegistryEvent)","Opcode":"Info","RuleName":"-","UtcTime":"2023-03-03 17:32:40.077","ProcessGuid":"{BE59402F-2E41-6402-F900-000000001900}","Image":"C:\\Windows\\Explorer.EXE","TargetObject":"HKU\\S-1-5-21-3263964631-4121654051-1417071188-1116\\SOFTWARE\\Microsoft\\Internet Explorer\\Toolbar","User":"LUNARSTIIINESS\\tim.smith_admin","EventReceivedTime":1677864761,"SourceModuleName":"in_sysmon","SourceModuleType":"im_msvistalog"}
<14>Mar  3 17:32:41 win-server.lunarstiiiness.com Microsoft-Windows-Sysmon[1288]: {"EventTime":1677864760,"Hostname":"win-server.lunarstiiiness.com","Keywords":-9223372036854775808,"EventType":"INFO","SeverityValue":2,"Severity":"INFO","EventID":12,"SourceName":"Microsoft-Windows-Sysmon","ProviderGuid":"{5770385F-C22A-43E0-BF4C-06F5698FFBD9}","Version":2,"Task":12,"OpcodeValue":0,"RecordNumber":930678,"ProcessID":1288,"ThreadID":2884,"Channel":"Microsoft-Windows-Sysmon/Operational","Domain":"NT AUTHORITY","AccountName":"SYSTEM","UserID":"S-1-5-18","AccountType":"User","Message":"Registry object added or deleted:\r\nRuleName: -\r\nEventType: CreateKey\r\nUtcTime: 2023-03-03 17:32:40.077\r\nProcessGuid: {BE59402F-2E41-6402-F900-000000001900}\r\nProcessId: 4368\r\nImage: C:\\Windows\\Explorer.EXE\r\nTargetObject: HKU\\S-1-5-21-3263964631-4121654051-1417071188-1116\\SOFTWARE\\Microsoft\\Internet Explorer\\Toolbar\r\nUser: LUNARSTIIINESS\\tim.smith_admin","Category":"Registry object added or deleted (rule: RegistryEvent)","Opcode":"Info","RuleName":"-","UtcTime":"2023-03-03 17:32:40.077","ProcessGuid":"{BE59402F-2E41-6402-F900-000000001900}","Image":"C:\\Windows\\Explorer.EXE","TargetObject":"HKU\\S-1-5-21-3263964631-4121654051-1417071188-1116\\SOFTWARE\\Microsoft\\Internet Explorer\\Toolbar","User":"LUNARSTIIINESS\\tim.smith_admin","EventReceivedTime":1677864761,"SourceModuleName":"in_sysmon","SourceModuleType":"im_msvistalog"}
<14>Mar  3 17:32:41 win-server.lunarstiiiness.com Microsoft-Windows-Sysmon[1288]: {"EventTime":1677864760,"Hostname":"win-server.lunarstiiiness.com","Keywords":-9223372036854775808,"EventType":"INFO","SeverityValue":2,"Severity":"INFO","EventID":12,"SourceName":"Microsoft-Windows-Sysmon","ProviderGuid":"{5770385F-C22A-43E0-BF4C-06F5698FFBD9}","Version":2,"Task":12,"OpcodeValue":0,"RecordNumber":930679,"ProcessID":1288,"ThreadID":2884,"Channel":"Microsoft-Windows-Sysmon/Operational","Domain":"NT AUTHORITY","AccountName":"SYSTEM","UserID":"S-1-5-18","AccountType":"User","Message":"Registry object added or deleted:\r\nRuleName: -\r\nEventType: CreateKey\r\nUtcTime: 2023-03-03 17:32:40.257\r\nProcessGuid: {BE59402F-2E41-6402-F900-000000001900}\r\nProcessId: 4368\r\nImage: C:\\Windows\\Explorer.EXE\r\nTargetObject: HKU\\S-1-5-21-3263964631-4121654051-1417071188-1116\\SOFTWARE\\Microsoft\\Internet Explorer\\Toolbar\r\nUser: LUNARSTIIINESS\\tim.smith_admin","Category":"Registry object added or deleted (rule: RegistryEvent)","Opcode":"Info","RuleName":"-","UtcTime":"2023-03-03 17:32:40.257","ProcessGuid":"{BE59402F-2E41-6402-F900-000000001900}","Image":"C:\\Windows\\Explorer.EXE","TargetObject":"HKU\\S-1-5-21-3263964631-4121654051-1417071188-1116\\SOFTWARE\\Microsoft\\Internet Explorer\\Toolbar","User":"LUNARSTIIINESS\\tim.smith_admin","EventReceivedTime":1677864761,"SourceModuleName":"in_sysmon","SourceModuleType":"im_msvistalog"}
<14>Mar  3 17:32:41 win-server.lunarstiiiness.com Microsoft-Windows-Sysmon[1288]: {"EventTime":1677864760,"Hostname":"win-server.lunarstiiiness.com","Keywords":-9223372036854775808,"EventType":"INFO","SeverityValue":2,"Severity":"INFO","EventID":17,"SourceName":"Microsoft-Windows-Sysmon","ProviderGuid":"{5770385F-C22A-43E0-BF4C-06F5698FFBD9}","Version":1,"Task":17,"OpcodeValue":0,"RecordNumber":930680,"ProcessID":1288,"ThreadID":2884,"Channel":"Microsoft-Windows-Sysmon/Operational","Domain":"NT AUTHORITY","AccountName":"SYSTEM","UserID":"S-1-5-18","AccountType":"User","Message":"Pipe Created:\r\nRuleName: -\r\nEventType: CreatePipe\r\nUtcTime: 2023-03-03 17:32:40.280\r\nProcessGuid: {BE59402F-2E41-6402-F900-000000001900}\r\nProcessId: 4368\r\nPipeName: \\UIA_PIPE_4368_00004331\r\nImage: C:\\Windows\\Explorer.EXE\r\nUser: LUNARSTIIINESS\\tim.smith_admin","Category":"Pipe Created (rule: PipeEvent)","Opcode":"Info","RuleName":"-","UtcTime":"2023-03-03 17:32:40.280","ProcessGuid":"{BE59402F-2E41-6402-F900-000000001900}","PipeName":"\\UIA_PIPE_4368_00004331","Image":"C:\\Windows\\Explorer.EXE","User":"LUNARSTIIINESS\\tim.smith_admin","EventReceivedTime":1677864761,"SourceModuleName":"in_sysmon","SourceModuleType":"im_msvistalog"}
<14>Mar  3 17:32:57 win-server.lunarstiiiness.com Microsoft-Windows-Sysmon[1288]: {"EventTime":1677864776,"Hostname":"win-server.lunarstiiiness.com","Keywords":-9223372036854775808,"EventType":"INFO","SeverityValue":2,"Severity":"INFO","EventID":17,"SourceName":"Microsoft-Windows-Sysmon","ProviderGuid":"{5770385F-C22A-43E0-BF4C-06F5698FFBD9}","Version":1,"Task":17,"OpcodeValue":0,"RecordNumber":930682,"ProcessID":1288,"ThreadID":2884,"Channel":"Microsoft-Windows-Sysmon/Operational","Domain":"NT AUTHORITY","AccountName":"SYSTEM","UserID":"S-1-5-18","AccountType":"User","Message":"Pipe Created:\r\nRuleName: -\r\nEventType: CreatePipe\r\nUtcTime: 2023-03-03 17:32:56.280\r\nProcessGuid: {BE59402F-2EC5-6402-0A01-000000001900}\r\nProcessId: 572\r\nPipeName: \\mojo.572.652.12881513829741287473\r\nImage: C:\\Program Files\\Microsoft VS Code\\Code.exe\r\nUser: LUNARSTIIINESS\\tim.smith_admin","Category":"Pipe Created (rule: PipeEvent)","Opcode":"Info","RuleName":"-","UtcTime":"2023-03-03 17:32:56.280","ProcessGuid":"{BE59402F-2EC5-6402-0A01-000000001900}","PipeName":"\\mojo.572.652.12881513829741287473","Image":"C:\\Program Files\\Microsoft VS Code\\Code.exe","User":"LUNARSTIIINESS\\tim.smith_admin","EventReceivedTime":1677864777,"SourceModuleName":"in_sysmon","SourceModuleType":"im_msvistalog"}
<14>Mar  3 17:32:57 win-server.lunarstiiiness.com Microsoft-Windows-Sysmon[1288]: {"EventTime":1677864776,"Hostname":"win-server.lunarstiiiness.com","Keywords":-9223372036854775808,"EventType":"INFO","SeverityValue":2,"Severity":"INFO","EventID":17,"SourceName":"Microsoft-Windows-Sysmon","ProviderGuid":"{5770385F-C22A-43E0-BF4C-06F5698FFBD9}","Version":1,"Task":17,"OpcodeValue":0,"RecordNumber":930683,"ProcessID":1288,"ThreadID":2884,"Channel":"Microsoft-Windows-Sysmon/Operational","Domain":"NT AUTHORITY","AccountName":"SYSTEM","UserID":"S-1-5-18","AccountType":"User","Message":"Pipe Created:\r\nRuleName: -\r\nEventType: CreatePipe\r\nUtcTime: 2023-03-03 17:32:56.554\r\nProcessGuid: {BE59402F-2EC5-6402-0A01-000000001900}\r\nProcessId: 572\r\nPipeName: \\mojo.572.3540.15274929714454437793\r\nImage: C:\\Program Files\\Microsoft VS Code\\Code.exe\r\nUser: LUNARSTIIINESS\\tim.smith_admin","Category":"Pipe Created (rule: PipeEvent)","Opcode":"Info","RuleName":"-","UtcTime":"2023-03-03 17:32:56.554","ProcessGuid":"{BE59402F-2EC5-6402-0A01-000000001900}","PipeName":"\\mojo.572.3540.15274929714454437793","Image":"C:\\Program Files\\Microsoft VS Code\\Code.exe","User":"LUNARSTIIINESS\\tim.smith_admin","EventReceivedTime":1677864777,"SourceModuleName":"in_sysmon","SourceModuleType":"im_msvistalog"}
<14>Mar  3 17:33:33 win-server.lunarstiiiness.com Microsoft-Windows-Sysmon[1288]: {"EventTime":1677864811,"Hostname":"win-server.lunarstiiiness.com","Keywords":-9223372036854775808,"EventType":"INFO","SeverityValue":2,"Severity":"INFO","EventID":1,"SourceName":"Microsoft-Windows-Sysmon","ProviderGuid":"{5770385F-C22A-43E0-BF4C-06F5698FFBD9}","Version":5,"Task":1,"OpcodeValue":0,"RecordNumber":930684,"ProcessID":1288,"ThreadID":2884,"Channel":"Microsoft-Windows-Sysmon/Operational","Domain":"NT AUTHORITY","AccountName":"SYSTEM","UserID":"S-1-5-18","AccountType":"User","Message":"Process Create:\r\nRuleName: technique_id=T1204,technique_name=User Execution\r\nUtcTime: 2023-03-03 17:33:31.844\r\nProcessGuid: {BE59402F-2F6B-6402-2601-000000001900}\r\nProcessId: 2220\r\nImage: C:\\Program Files (x86)\\Microsoft\\Edge\\Application\\msedge.exe\r\nFileVersion: 108.0.1462.76\r\nDescription: Microsoft Edge\r\nProduct: Microsoft Edge\r\nCompany: Microsoft Corporation\r\nOriginalFileName: msedge.exe\r\nCommandLine: \"C:\\Program Files (x86)\\Microsoft\\Edge\\Application\\msedge.exe\" \r\nCurrentDirectory: C:\\Program Files (x86)\\Microsoft\\Edge\\Application\\\r\nUser: LUNARSTIIINESS\\tim.smith_admin\r\nLogonGuid: {BE59402F-2E2D-6402-82D4-DA0000000000}\r\nLogonId: 0xDAD482\r\nTerminalSessionId: 3\r\nIntegrityLevel: Medium\r\nHashes: SHA1=57F7A64C05FBC31830754108CCB6F65BD6C0F9BC,MD5=0FD9E9BD708F1F69C9BB987CFC1F9A4C,SHA256=CD14C478BFE19030E32C3EA61B3F1F0EF79A6B7D5631B26EBD186F0DE1E44C72,IMPHASH=2DFC62D42A25A96BA2B5CDAF63EA9ECB\r\nParentProcessGuid: {BE59402F-2E41-6402-F900-000000001900}\r\nParentProcessId: 4368\r\nParentImage: C:\\Windows\\explorer.exe\r\nParentCommandLine: C:\\Windows\\Explorer.EXE\r\nParentUser: LUNARSTIIINESS\\tim.smith_admin","Category":"Process Create (rule: ProcessCreate)","Opcode":"Info","RuleName":"technique_id=T1204,technique_name=User Execution","UtcTime":"2023-03-03 17:33:31.844","ProcessGuid":"{BE59402F-2F6B-6402-2601-000000001900}","Image":"C:\\Program Files (x86)\\Microsoft\\Edge\\Application\\msedge.exe","FileVersion":"108.0.1462.76","Description":"Microsoft Edge","Product":"Microsoft Edge","Company":"Microsoft Corporation","OriginalFileName":"msedge.exe","CommandLine":"\"C:\\Program Files (x86)\\Microsoft\\Edge\\Application\\msedge.exe\" ","CurrentDirectory":"C:\\Program Files (x86)\\Microsoft\\Edge\\Application\\","User":"LUNARSTIIINESS\\tim.smith_admin","LogonGuid":"{BE59402F-2E2D-6402-82D4-DA0000000000}","LogonId":"0xdad482","TerminalSessionId":"3","IntegrityLevel":"Medium","Hashes":"SHA1=57F7A64C05FBC31830754108CCB6F65BD6C0F9BC,MD5=0FD9E9BD708F1F69C9BB987CFC1F9A4C,SHA256=CD14C478BFE19030E32C3EA61B3F1F0EF79A6B7D5631B26EBD186F0DE1E44C72,IMPHASH=2DFC62D42A25A96BA2B5CDAF63EA9ECB","ParentProcessGuid":"{BE59402F-2E41-6402-F900-000000001900}","ParentProcessId":"4368","ParentImage":"C:\\Windows\\explorer.exe","ParentCommandLine":"C:\\Windows\\Explorer.EXE","ParentUser":"LUNARSTIIINESS\\tim.smith_admin","EventReceivedTime":1677864813,"SourceModuleName":"in_sysmon","SourceModuleType":"im_msvistalog"}
<14>Mar  3 17:33:41 win-server.lunarstiiiness.com Microsoft-Windows-Sysmon[1288]: {"EventTime":1677864819,"Hostname":"win-server.lunarstiiiness.com","Keywords":-9223372036854775808,"EventType":"INFO","SeverityValue":2,"Severity":"INFO","EventID":7,"SourceName":"Microsoft-Windows-Sysmon","ProviderGuid":"{5770385F-C22A-43E0-BF4C-06F5698FFBD9}","Version":3,"Task":7,"OpcodeValue":0,"RecordNumber":930685,"ProcessID":1288,"ThreadID":2888,"Channel":"Microsoft-Windows-Sysmon/Operational","Domain":"NT AUTHORITY","AccountName":"SYSTEM","UserID":"S-1-5-18","AccountType":"User","Message":"Image loaded:\r\nRuleName: -\r\nUtcTime: 2023-03-03 17:33:38.999\r\nProcessGuid: {BE59402F-2F6B-6402-2601-000000001900}\r\nProcessId: 2220\r\nImage: C:\\Program Files (x86)\\Microsoft\\Edge\\Application\\msedge.exe\r\nImageLoaded: C:\\Windows\\System32\\urlmon.dll\r\nFileVersion: 11.00.14393.5582 (rs1_release.221130-1719)\r\nDescription: OLE32 Extensions for Win32\r\nProduct: Internet Explorer\r\nCompany: Microsoft Corporation\r\nOriginalFileName: UrlMon.dll\r\nHashes: SHA1=C04C26B634733A5132FEB47281829DA870E481F2,MD5=A99B52D97035B13B4C06366E1ABE05E7,SHA256=4009730BE3CE17F80A98BEB323FFF3626AF02B7EAE64601B2A0BEF8B87145E9F,IMPHASH=B5AFB93FCF976F12D390F994AD9F4967\r\nSigned: true\r\nSignature: Microsoft Windows\r\nSignatureStatus: Valid\r\nUser: LUNARSTIIINESS\\tim.smith_admin","Category":"Image loaded (rule: ImageLoad)","Opcode":"Info","RuleName":"-","UtcTime":"2023-03-03 17:33:38.999","ProcessGuid":"{BE59402F-2F6B-6402-2601-000000001900}","Image":"C:\\Program Files (x86)\\Microsoft\\Edge\\Application\\msedge.exe","ImageLoaded":"C:\\Windows\\System32\\urlmon.dll","FileVersion":"11.00.14393.5582 (rs1_release.221130-1719)","Description":"OLE32 Extensions for Win32","Product":"Internet Explorer","Company":"Microsoft Corporation","OriginalFileName":"UrlMon.dll","Hashes":"SHA1=C04C26B634733A5132FEB47281829DA870E481F2,MD5=A99B52D97035B13B4C06366E1ABE05E7,SHA256=4009730BE3CE17F80A98BEB323FFF3626AF02B7EAE64601B2A0BEF8B87145E9F,IMPHASH=B5AFB93FCF976F12D390F994AD9F4967","Signed":"true","Signature":"Microsoft Windows","SignatureStatus":"Valid","User":"LUNARSTIIINESS\\tim.smith_admin","EventReceivedTime":1677864821,"SourceModuleName":"in_sysmon","SourceModuleType":"im_msvistalog"}
<14>Mar  3 17:33:41 win-server.lunarstiiiness.com Microsoft-Windows-Sysmon[1288]: {"EventTime":1677864820,"Hostname":"win-server.lunarstiiiness.com","Keywords":-9223372036854775808,"EventType":"INFO","SeverityValue":2,"Severity":"INFO","EventID":12,"SourceName":"Microsoft-Windows-Sysmon","ProviderGuid":"{5770385F-C22A-43E0-BF4C-06F5698FFBD9}","Version":2,"Task":12,"OpcodeValue":0,"RecordNumber":930686,"ProcessID":1288,"ThreadID":2884,"Channel":"Microsoft-Windows-Sysmon/Operational","Domain":"NT AUTHORITY","AccountName":"SYSTEM","UserID":"S-1-5-18","AccountType":"User","Message":"Registry object added or deleted:\r\nRuleName: technique_id=T1003,technique_name=Credential Dumping\r\nEventType: CreateKey\r\nUtcTime: 2023-03-03 17:33:40.405\r\nProcessGuid: {BE59402F-2F6B-6402-2601-000000001900}\r\nProcessId: 2220\r\nImage: C:\\Program Files (x86)\\Microsoft\\Edge\\Application\\msedge.exe\r\nTargetObject: HKLM\\System\\CurrentControlSet\\Control\\SecurityProviders\\SCHANNEL\r\nUser: LUNARSTIIINESS\\tim.smith_admin","Category":"Registry object added or deleted (rule: RegistryEvent)","Opcode":"Info","RuleName":"technique_id=T1003,technique_name=Credential Dumping","UtcTime":"2023-03-03 17:33:40.405","ProcessGuid":"{BE59402F-2F6B-6402-2601-000000001900}","Image":"C:\\Program Files (x86)\\Microsoft\\Edge\\Application\\msedge.exe","TargetObject":"HKLM\\System\\CurrentControlSet\\Control\\SecurityProviders\\SCHANNEL","User":"LUNARSTIIINESS\\tim.smith_admin","EventReceivedTime":1677864821,"SourceModuleName":"in_sysmon","SourceModuleType":"im_msvistalog"}
<14>Mar  3 17:33:41 win-server.lunarstiiiness.com Microsoft-Windows-Sysmon[1288]: {"EventTime":1677864821,"Hostname":"win-server.lunarstiiiness.com","Keywords":-9223372036854775808,"EventType":"INFO","SeverityValue":2,"Severity":"INFO","EventID":22,"SourceName":"Microsoft-Windows-Sysmon","ProviderGuid":"{5770385F-C22A-43E0-BF4C-06F5698FFBD9}","Version":5,"Task":22,"OpcodeValue":0,"RecordNumber":930687,"ProcessID":1288,"ThreadID":2904,"Channel":"Microsoft-Windows-Sysmon/Operational","Domain":"NT AUTHORITY","AccountName":"SYSTEM","UserID":"S-1-5-18","AccountType":"User","Message":"Dns query:\r\nRuleName: -\r\nUtcTime: 2023-03-03 17:33:41.335\r\nProcessGuid: {BE59402F-260E-6402-1800-000000001900}\r\nProcessId: 1088\r\nQueryName: logging.googleapis.com\r\nQueryStatus: 0\r\nQueryResults: ::ffff:173.194.193.95;\r\nImage: C:\\Program Files\\Google\\OSConfig\\google_osconfig_agent.exe\r\nUser: NT AUTHORITY\\SYSTEM","Category":"Dns query (rule: DnsQuery)","Opcode":"Info","RuleName":"-","UtcTime":"2023-03-03 17:33:41.335","ProcessGuid":"{BE59402F-260E-6402-1800-000000001900}","QueryName":"logging.googleapis.com","QueryStatus":"0","QueryResults":"::ffff:173.194.193.95;","Image":"C:\\Program Files\\Google\\OSConfig\\google_osconfig_agent.exe","User":"NT AUTHORITY\\SYSTEM","EventReceivedTime":1677864821,"SourceModuleName":"in_sysmon","SourceModuleType":"im_msvistalog"}
<14>Mar  3 17:33:48 win-server.lunarstiiiness.com Microsoft-Windows-Sysmon[1288]: {"EventTime":1677864824,"Hostname":"win-server.lunarstiiiness.com","Keywords":-9223372036854775808,"EventType":"INFO","SeverityValue":2,"Severity":"INFO","EventID":12,"SourceName":"Microsoft-Windows-Sysmon","ProviderGuid":"{5770385F-C22A-43E0-BF4C-06F5698FFBD9}","Version":2,"Task":12,"OpcodeValue":0,"RecordNumber":930689,"ProcessID":1288,"ThreadID":2884,"Channel":"Microsoft-Windows-Sysmon/Operational","Domain":"NT AUTHORITY","AccountName":"SYSTEM","UserID":"S-1-5-18","AccountType":"User","Message":"Registry object added or deleted:\r\nRuleName: technique_id=T1553.004,technique_name=Install Root Certificate\r\nEventType: CreateKey\r\nUtcTime: 2023-03-03 17:33:44.260\r\nProcessGuid: {BE59402F-2F6B-6402-2601-000000001900}\r\nProcessId: 2220\r\nImage: C:\\Program Files (x86)\\Microsoft\\Edge\\Application\\msedge.exe\r\nTargetObject: HKU\\S-1-5-21-3263964631-4121654051-1417071188-1116\\SOFTWARE\\Microsoft\\SystemCertificates\\CA\\Certificates\r\nUser: LUNARSTIIINESS\\tim.smith_admin","Category":"Registry object added or deleted (rule: RegistryEvent)","Opcode":"Info","RuleName":"technique_id=T1553.004,technique_name=Install Root Certificate","UtcTime":"2023-03-03 17:33:44.260","ProcessGuid":"{BE59402F-2F6B-6402-2601-000000001900}","Image":"C:\\Program Files (x86)\\Microsoft\\Edge\\Application\\msedge.exe","TargetObject":"HKU\\S-1-5-21-3263964631-4121654051-1417071188-1116\\SOFTWARE\\Microsoft\\SystemCertificates\\CA\\Certificates","User":"LUNARSTIIINESS\\tim.smith_admin","EventReceivedTime":1677864828,"SourceModuleName":"in_sysmon","SourceModuleType":"im_msvistalog"}
<14>Mar  3 17:33:48 win-server.lunarstiiiness.com Microsoft-Windows-Sysmon[1288]: {"EventTime":1677864824,"Hostname":"win-server.lunarstiiiness.com","Keywords":-9223372036854775808,"EventType":"INFO","SeverityValue":2,"Severity":"INFO","EventID":12,"SourceName":"Microsoft-Windows-Sysmon","ProviderGuid":"{5770385F-C22A-43E0-BF4C-06F5698FFBD9}","Version":2,"Task":12,"OpcodeValue":0,"RecordNumber":930690,"ProcessID":1288,"ThreadID":2884,"Channel":"Microsoft-Windows-Sysmon/Operational","Domain":"NT AUTHORITY","AccountName":"SYSTEM","UserID":"S-1-5-18","AccountType":"User","Message":"Registry object added or deleted:\r\nRuleName: technique_id=T1553.004,technique_name=Install Root Certificate\r\nEventType: CreateKey\r\nUtcTime: 2023-03-03 17:33:44.301\r\nProcessGuid: {BE59402F-2F6B-6402-2601-000000001900}\r\nProcessId: 2220\r\nImage: C:\\Program Files (x86)\\Microsoft\\Edge\\Application\\msedge.exe\r\nTargetObject: HKU\\S-1-5-21-3263964631-4121654051-1417071188-1116\\SOFTWARE\\Microsoft\\SystemCertificates\\Root\\Certificates\r\nUser: LUNARSTIIINESS\\tim.smith_admin","Category":"Registry object added or deleted (rule: RegistryEvent)","Opcode":"Info","RuleName":"technique_id=T1553.004,technique_name=Install Root Certificate","UtcTime":"2023-03-03 17:33:44.301","ProcessGuid":"{BE59402F-2F6B-6402-2601-000000001900}","Image":"C:\\Program Files (x86)\\Microsoft\\Edge\\Application\\msedge.exe","TargetObject":"HKU\\S-1-5-21-3263964631-4121654051-1417071188-1116\\SOFTWARE\\Microsoft\\SystemCertificates\\Root\\Certificates","User":"LUNARSTIIINESS\\tim.smith_admin","EventReceivedTime":1677864828,"SourceModuleName":"in_sysmon","SourceModuleType":"im_msvistalog"}
<14>Mar  3 17:33:50 win-server.lunarstiiiness.com Microsoft-Windows-Sysmon[1288]: {"EventTime":1677864828,"Hostname":"win-server.lunarstiiiness.com","Keywords":-9223372036854775808,"EventType":"INFO","SeverityValue":2,"Severity":"INFO","EventID":22,"SourceName":"Microsoft-Windows-Sysmon","ProviderGuid":"{5770385F-C22A-43E0-BF4C-06F5698FFBD9}","Version":5,"Task":22,"OpcodeValue":0,"RecordNumber":930691,"ProcessID":1288,"ThreadID":2904,"Channel":"Microsoft-Windows-Sysmon/Operational","Domain":"NT AUTHORITY","AccountName":"SYSTEM","UserID":"S-1-5-18","AccountType":"User","Message":"Dns query:\r\nRuleName: -\r\nUtcTime: 2023-03-03 17:33:48.552\r\nProcessGuid: {BE59402F-2F6B-6402-2601-000000001900}\r\nProcessId: 2220\r\nQueryName: win-adfs.lunarstiiiness.com\r\nQueryStatus: 0\r\nQueryResults: ::ffff:10.128.0.21;\r\nImage: C:\\Program Files (x86)\\Microsoft\\Edge\\Application\\msedge.exe\r\nUser: LUNARSTIIINESS\\tim.smith_admin","Category":"Dns query (rule: DnsQuery)","Opcode":"Info","RuleName":"-","UtcTime":"2023-03-03 17:33:48.552","ProcessGuid":"{BE59402F-2F6B-6402-2601-000000001900}","QueryName":"win-adfs.lunarstiiiness.com","QueryStatus":"0","QueryResults":"::ffff:10.128.0.21;","Image":"C:\\Program Files (x86)\\Microsoft\\Edge\\Application\\msedge.exe","User":"LUNARSTIIINESS\\tim.smith_admin","EventReceivedTime":1677864830,"SourceModuleName":"in_sysmon","SourceModuleType":"im_msvistalog"}
<14>Mar  3 17:33:50 win-server.lunarstiiiness.com Microsoft-Windows-Sysmon[1288]: {"EventTime":1677864829,"Hostname":"win-server.lunarstiiiness.com","Keywords":-9223372036854775808,"EventType":"INFO","SeverityValue":2,"Severity":"INFO","EventID":3,"SourceName":"Microsoft-Windows-Sysmon","ProviderGuid":"{5770385F-C22A-43E0-BF4C-06F5698FFBD9}","Version":5,"Task":3,"OpcodeValue":0,"RecordNumber":930692,"ProcessID":1288,"ThreadID":2392,"Channel":"Microsoft-Windows-Sysmon/Operational","Domain":"NT AUTHORITY","AccountName":"SYSTEM","UserID":"S-1-5-18","AccountType":"User","Message":"Network connection detected:\r\nRuleName: technique_id=T1021,technique_name=Remote Services\r\nUtcTime: 2023-03-03 17:33:48.674\r\nProcessGuid: {BE59402F-260D-6402-1100-000000001900}\r\nProcessId: 880\r\nImage: C:\\Windows\\System32\\svchost.exe\r\nUser: NT AUTHORITY\\NETWORK SERVICE\r\nProtocol: tcp\r\nInitiated: false\r\nSourceIsIpv6: false\r\nSourceIp: 10.128.0.21\r\nSourceHostname: -\r\nSourcePort: 64219\r\nSourcePortName: -\r\nDestinationIsIpv6: false\r\nDestinationIp: 10.128.0.22\r\nDestinationHostname: -\r\nDestinationPort: 3389\r\nDestinationPortName: -","Category":"Network connection detected (rule: NetworkConnect)","Opcode":"Info","RuleName":"technique_id=T1021,technique_name=Remote Services","UtcTime":"2023-03-03 17:33:48.674","ProcessGuid":"{BE59402F-260D-6402-1100-000000001900}","Image":"C:\\Windows\\System32\\svchost.exe","User":"NT AUTHORITY\\NETWORK SERVICE","Protocol":"tcp","Initiated":"false","SourceIsIpv6":"false","SourceIp":"10.128.0.21","SourceHostname":"-","SourcePort":"64219","SourcePortName":"-","DestinationIsIpv6":"false","DestinationIp":"10.128.0.22","DestinationHostname":"-","DestinationPort":"3389","DestinationPortName":"-","EventReceivedTime":1677864830,"SourceModuleName":"in_sysmon","SourceModuleType":"im_msvistalog"}
<14>Mar  3 17:33:52 win-server.lunarstiiiness.com Microsoft-Windows-Sysmon[1288]: {"EventTime":1677864829,"Hostname":"win-server.lunarstiiiness.com","Keywords":-9223372036854775808,"EventType":"INFO","SeverityValue":2,"Severity":"INFO","EventID":22,"SourceName":"Microsoft-Windows-Sysmon","ProviderGuid":"{5770385F-C22A-43E0-BF4C-06F5698FFBD9}","Version":5,"Task":22,"OpcodeValue":0,"RecordNumber":930693,"ProcessID":1288,"ThreadID":2904,"Channel":"Microsoft-Windows-Sysmon/Operational","Domain":"NT AUTHORITY","AccountName":"SYSTEM","UserID":"S-1-5-18","AccountType":"User","Message":"Dns query:\r\nRuleName: -\r\nUtcTime: 2023-03-03 17:33:49.463\r\nProcessGuid: {BE59402F-2F72-6402-2901-000000001900}\r\nProcessId: 3556\r\nQueryName: img-s-msn-com.akamaized.net\r\nQueryStatus: 0\r\nQueryResults: type:  5 a1834.dscg2.akamai.net;23.200.156.149;23.200.156.153;\r\nImage: C:\\Program Files (x86)\\Microsoft\\Edge\\Application\\msedge.exe\r\nUser: LUNARSTIIINESS\\tim.smith_admin","Category":"Dns query (rule: DnsQuery)","Opcode":"Info","RuleName":"-","UtcTime":"2023-03-03 17:33:49.463","ProcessGuid":"{BE59402F-2F72-6402-2901-000000001900}","QueryName":"img-s-msn-com.akamaized.net","QueryStatus":"0","QueryResults":"type:  5 a1834.dscg2.akamai.net;23.200.156.149;23.200.156.153;","Image":"C:\\Program Files (x86)\\Microsoft\\Edge\\Application\\msedge.exe","User":"LUNARSTIIINESS\\tim.smith_admin","EventReceivedTime":1677864832,"SourceModuleName":"in_sysmon","SourceModuleType":"im_msvistalog"}
<14>Mar  3 17:33:58 win-server.lunarstiiiness.com Microsoft-Windows-Sysmon[1288]: {"EventTime":1677864834,"Hostname":"win-server.lunarstiiiness.com","Keywords":-9223372036854775808,"EventType":"INFO","SeverityValue":2,"Severity":"INFO","EventID":22,"SourceName":"Microsoft-Windows-Sysmon","ProviderGuid":"{5770385F-C22A-43E0-BF4C-06F5698FFBD9}","Version":5,"Task":22,"OpcodeValue":0,"RecordNumber":930694,"ProcessID":1288,"ThreadID":2904,"Channel":"Microsoft-Windows-Sysmon/Operational","Domain":"NT AUTHORITY","AccountName":"SYSTEM","UserID":"S-1-5-18","AccountType":"User","Message":"Dns query:\r\nRuleName: -\r\nUtcTime: 2023-03-03 17:33:53.628\r\nProcessGuid: {BE59402F-2F72-6402-2901-000000001900}\r\nProcessId: 3556\r\nQueryName: img-prod-cms-rt-microsoft-com.akamaized.net\r\nQueryStatus: 0\r\nQueryResults: type:  5 a1449.dscg2.akamai.net;23.200.156.141;23.200.156.133;\r\nImage: C:\\Program Files (x86)\\Microsoft\\Edge\\Application\\msedge.exe\r\nUser: LUNARSTIIINESS\\tim.smith_admin","Category":"Dns query (rule: DnsQuery)","Opcode":"Info","RuleName":"-","UtcTime":"2023-03-03 17:33:53.628","ProcessGuid":"{BE59402F-2F72-6402-2901-000000001900}","QueryName":"img-prod-cms-rt-microsoft-com.akamaized.net","QueryStatus":"0","QueryResults":"type:  5 a1449.dscg2.akamai.net;23.200.156.141;23.200.156.133;","Image":"C:\\Program Files (x86)\\Microsoft\\Edge\\Application\\msedge.exe","User":"LUNARSTIIINESS\\tim.smith_admin","EventReceivedTime":1677864838,"SourceModuleName":"in_sysmon","SourceModuleType":"im_msvistalog"}
<14>Mar  3 17:34:05 win-server.lunarstiiiness.com Microsoft-Windows-Sysmon[1288]: {"EventTime":1677864842,"Hostname":"win-server.lunarstiiiness.com","Keywords":-9223372036854775808,"EventType":"INFO","SeverityValue":2,"Severity":"INFO","EventID":22,"SourceName":"Microsoft-Windows-Sysmon","ProviderGuid":"{5770385F-C22A-43E0-BF4C-06F5698FFBD9}","Version":5,"Task":22,"OpcodeValue":0,"RecordNumber":930695,"ProcessID":1288,"ThreadID":2904,"Channel":"Microsoft-Windows-Sysmon/Operational","Domain":"NT AUTHORITY","AccountName":"SYSTEM","UserID":"S-1-5-18","AccountType":"User","Message":"Dns query:\r\nRuleName: -\r\nUtcTime: 2023-03-03 17:34:01.172\r\nProcessGuid: {BE59402F-2F72-6402-2901-000000001900}\r\nProcessId: 3556\r\nQueryName: px.ads.linkedin.com\r\nQueryStatus: 0\r\nQueryResults: type:  5 www.linkedin.com;type:  5 www-linkedin-com.l-0005.l-msedge.net;type:  5 l-0005.l-msedge.net;13.107.42.14;\r\nImage: C:\\Program Files (x86)\\Microsoft\\Edge\\Application\\msedge.exe\r\nUser: LUNARSTIIINESS\\tim.smith_admin","Category":"Dns query (rule: DnsQuery)","Opcode":"Info","RuleName":"-","UtcTime":"2023-03-03 17:34:01.172","ProcessGuid":"{BE59402F-2F72-6402-2901-000000001900}","QueryName":"px.ads.linkedin.com","QueryStatus":"0","QueryResults":"type:  5 www.linkedin.com;type:  5 www-linkedin-com.l-0005.l-msedge.net;type:  5 l-0005.l-msedge.net;13.107.42.14;","Image":"C:\\Program Files (x86)\\Microsoft\\Edge\\Application\\msedge.exe","User":"LUNARSTIIINESS\\tim.smith_admin","EventReceivedTime":1677864845,"SourceModuleName":"in_sysmon","SourceModuleType":"im_msvistalog"}
<14>Mar  3 17:34:06 win-server.lunarstiiiness.com Microsoft-Windows-Sysmon[1288]: {"EventTime":1677864844,"Hostname":"win-server.lunarstiiiness.com","Keywords":-9223372036854775808,"EventType":"INFO","SeverityValue":2,"Severity":"INFO","EventID":22,"SourceName":"Microsoft-Windows-Sysmon","ProviderGuid":"{5770385F-C22A-43E0-BF4C-06F5698FFBD9}","Version":5,"Task":22,"OpcodeValue":0,"RecordNumber":930696,"ProcessID":1288,"ThreadID":2904,"Channel":"Microsoft-Windows-Sysmon/Operational","Domain":"NT AUTHORITY","AccountName":"SYSTEM","UserID":"S-1-5-18","AccountType":"User","Message":"Dns query:\r\nRuleName: -\r\nUtcTime: 2023-03-03 17:34:02.954\r\nProcessGuid: {BE59402F-2F72-6402-2901-000000001900}\r\nProcessId: 3556\r\nQueryName: pr-bh.ybp.yahoo.com\r\nQueryStatus: 0\r\nQueryResults: type:  5 ds-pr-bh.ybp.gysm.yahoodns.net;52.201.112.254;3.223.183.93;107.20.14.198;54.92.255.10;\r\nImage: C:\\Program Files (x86)\\Microsoft\\Edge\\Application\\msedge.exe\r\nUser: LUNARSTIIINESS\\tim.smith_admin","Category":"Dns query (rule: DnsQuery)","Opcode":"Info","RuleName":"-","UtcTime":"2023-03-03 17:34:02.954","ProcessGuid":"{BE59402F-2F72-6402-2901-000000001900}","QueryName":"pr-bh.ybp.yahoo.com","QueryStatus":"0","QueryResults":"type:  5 ds-pr-bh.ybp.gysm.yahoodns.net;52.201.112.254;3.223.183.93;107.20.14.198;54.92.255.10;","Image":"C:\\Program Files (x86)\\Microsoft\\Edge\\Application\\msedge.exe","User":"LUNARSTIIINESS\\tim.smith_admin","EventReceivedTime":1677864846,"SourceModuleName":"in_sysmon","SourceModuleType":"im_msvistalog"}
<14>Mar  3 17:34:06 win-server.lunarstiiiness.com Microsoft-Windows-Sysmon[1288]: {"EventTime":1677864844,"Hostname":"win-server.lunarstiiiness.com","Keywords":-9223372036854775808,"EventType":"INFO","SeverityValue":2,"Severity":"INFO","EventID":22,"SourceName":"Microsoft-Windows-Sysmon","ProviderGuid":"{5770385F-C22A-43E0-BF4C-06F5698FFBD9}","Version":5,"Task":22,"OpcodeValue":0,"RecordNumber":930698,"ProcessID":1288,"ThreadID":2904,"Channel":"Microsoft-Windows-Sysmon/Operational","Domain":"NT AUTHORITY","AccountName":"SYSTEM","UserID":"S-1-5-18","AccountType":"User","Message":"Dns query:\r\nRuleName: -\r\nUtcTime: 2023-03-03 17:34:03.003\r\nProcessGuid: {BE59402F-2F72-6402-2901-000000001900}\r\nProcessId: 3556\r\nQueryName: eb2.3lift.com\r\nQueryStatus: 0\r\nQueryResults: type:  5 na-eb2.3lift.com;type:  5 us-east-eb2.3lift.com;52.223.22.214;35.71.139.29;\r\nImage: C:\\Program Files (x86)\\Microsoft\\Edge\\Application\\msedge.exe\r\nUser: LUNARSTIIINESS\\tim.smith_admin","Category":"Dns query (rule: DnsQuery)","Opcode":"Info","RuleName":"-","UtcTime":"2023-03-03 17:34:03.003","ProcessGuid":"{BE59402F-2F72-6402-2901-000000001900}","QueryName":"eb2.3lift.com","QueryStatus":"0","QueryResults":"type:  5 na-eb2.3lift.com;type:  5 us-east-eb2.3lift.com;52.223.22.214;35.71.139.29;","Image":"C:\\Program Files (x86)\\Microsoft\\Edge\\Application\\msedge.exe","User":"LUNARSTIIINESS\\tim.smith_admin","EventReceivedTime":1677864846,"SourceModuleName":"in_sysmon","SourceModuleType":"im_msvistalog"}
<14>Mar  3 17:34:06 win-server.lunarstiiiness.com Microsoft-Windows-Sysmon[1288]: {"EventTime":1677864844,"Hostname":"win-server.lunarstiiiness.com","Keywords":-9223372036854775808,"EventType":"INFO","SeverityValue":2,"Severity":"INFO","EventID":22,"SourceName":"Microsoft-Windows-Sysmon","ProviderGuid":"{5770385F-C22A-43E0-BF4C-06F5698FFBD9}","Version":5,"Task":22,"OpcodeValue":0,"RecordNumber":930699,"ProcessID":1288,"ThreadID":2904,"Channel":"Microsoft-Windows-Sysmon/Operational","Domain":"NT AUTHORITY","AccountName":"SYSTEM","UserID":"S-1-5-18","AccountType":"User","Message":"Dns query:\r\nRuleName: -\r\nUtcTime: 2023-03-03 17:34:03.005\r\nProcessGuid: {BE59402F-2F72-6402-2901-000000001900}\r\nProcessId: 3556\r\nQueryName: code.yengo.com\r\nQueryStatus: 0\r\nQueryResults: type:  5 code-yengo.mgid.com;172.241.51.69;172.241.51.68;\r\nImage: C:\\Program Files (x86)\\Microsoft\\Edge\\Application\\msedge.exe\r\nUser: LUNARSTIIINESS\\tim.smith_admin","Category":"Dns query (rule: DnsQuery)","Opcode":"Info","RuleName":"-","UtcTime":"2023-03-03 17:34:03.005","ProcessGuid":"{BE59402F-2F72-6402-2901-000000001900}","QueryName":"code.yengo.com","QueryStatus":"0","QueryResults":"type:  5 code-yengo.mgid.com;172.241.51.69;172.241.51.68;","Image":"C:\\Program Files (x86)\\Microsoft\\Edge\\Application\\msedge.exe","User":"LUNARSTIIINESS\\tim.smith_admin","EventReceivedTime":1677864846,"SourceModuleName":"in_sysmon","SourceModuleType":"im_msvistalog"}
