<14>Mar  3 17:40:45 win-server.lunarstiiiness.com Microsoft-Windows-Sysmon[1288]: {"EventTime":1677865244,"Hostname":"win-server.lunarstiiiness.com","Keywords":-9223372036854775808,"EventType":"INFO","SeverityValue":2,"Severity":"INFO","EventID":13,"SourceName":"Microsoft-Windows-Sysmon","ProviderGuid":"{5770385F-C22A-43E0-BF4C-06F5698FFBD9}","Version":2,"Task":13,"OpcodeValue":0,"RecordNumber":937925,"ProcessID":1288,"ThreadID":2884,"Channel":"Microsoft-Windows-Sysmon/Operational","Domain":"NT AUTHORITY","AccountName":"SYSTEM","UserID":"S-1-5-18","AccountType":"User","Message":"Registry value set:\r\nRuleName: technique_id=T1543,technique_name=Service Creation\r\nEventType: SetValue\r\nUtcTime: 2023-03-03 17:40:44.295\r\nProcessGuid: {BE59402F-260D-6402-1300-000000001900}\r\nProcessId: 924\r\nImage: C:\\Windows\\system32\\svchost.exe\r\nTargetObject: HKLM\\System\\CurrentControlSet\\Services\\w32time\\Config\\LastKnownGoodTime\r\nDetails: QWORD (0x01d94df7-0x47ea8bdc)\r\nUser: NT AUTHORITY\\LOCAL SERVICE","Category":"Registry value set (rule: RegistryEvent)","Opcode":"Info","RuleName":"technique_id=T1543,technique_name=Service Creation","UtcTime":"2023-03-03 17:40:44.295","ProcessGuid":"{BE59402F-260D-6402-1300-000000001900}","Image":"C:\\Windows\\system32\\svchost.exe","TargetObject":"HKLM\\System\\CurrentControlSet\\Services\\w32time\\Config\\LastKnownGoodTime","Details":"QWORD (0x01d94df7-0x47ea8bdc)","User":"NT AUTHORITY\\LOCAL SERVICE","EventReceivedTime":1677865245,"SourceModuleName":"in_sysmon","SourceModuleType":"im_msvistalog"}
<14>Mar  3 17:40:59 win-server.lunarstiiiness.com Microsoft-Windows-Sysmon[1288]: {"EventTime":1677865258,"Hostname":"win-server.lunarstiiiness.com","Keywords":-9223372036854775808,"EventType":"INFO","SeverityValue":2,"Severity":"INFO","EventID":7,"SourceName":"Microsoft-Windows-Sysmon","ProviderGuid":"{5770385F-C22A-43E0-BF4C-06F5698FFBD9}","Version":3,"Task":7,"OpcodeValue":0,"RecordNumber":938363,"ProcessID":1288,"ThreadID":2884,"Channel":"Microsoft-Windows-Sysmon/Operational","Domain":"NT AUTHORITY","AccountName":"SYSTEM","UserID":"S-1-5-18","AccountType":"User","Message":"Image loaded:\r\nRuleName: technique_id=T1574.002,technique_name=DLL Side-Loading\r\nUtcTime: 2023-03-03 17:40:58.117\r\nProcessGuid: {BE59402F-2E41-6402-F900-000000001900}\r\nProcessId: 4368\r\nImage: C:\\Windows\\explorer.exe\r\nImageLoaded: C:\\ProgramData\\Microsoft\\Windows Defender\\platform\\4.18.2301.6-0\\MpClient.dll\r\nFileVersion: 4.18.2301.6 (WinBuild.160101.0800)\r\nDescription: Client Interface\r\nProduct: Microsoft Windows Operating System\r\nCompany: Microsoft Corporation\r\nOriginalFileName: mpclient.dll\r\nHashes: SHA1=390069C7EF8A2BC87E6045E9DBF03C16E40D603C,MD5=21952FAB3F2CBB78D3F0722A5532EA6E,SHA256=2BBF7F267AE0E6393D4F5AD25FF4337A8CA12BAEC6C6D40B7A372F0BC462065D,IMPHASH=FA273F64BC3C7761E65A3098FA21F85A\r\nSigned: true\r\nSignature: Microsoft Windows\r\nSignatureStatus: Valid\r\nUser: LUNARSTIIINESS\\tim.smith_admin","Category":"Image loaded (rule: ImageLoad)","Opcode":"Info","RuleName":"technique_id=T1574.002,technique_name=DLL Side-Loading","UtcTime":"2023-03-03 17:40:58.117","ProcessGuid":"{BE59402F-2E41-6402-F900-000000001900}","Image":"C:\\Windows\\explorer.exe","ImageLoaded":"C:\\ProgramData\\Microsoft\\Windows Defender\\platform\\4.18.2301.6-0\\MpClient.dll","FileVersion":"4.18.2301.6 (WinBuild.160101.0800)","Description":"Client Interface","Product":"Microsoft Windows Operating System","Company":"Microsoft Corporation","OriginalFileName":"mpclient.dll","Hashes":"SHA1=390069C7EF8A2BC87E6045E9DBF03C16E40D603C,MD5=21952FAB3F2CBB78D3F0722A5532EA6E,SHA256=2BBF7F267AE0E6393D4F5AD25FF4337A8CA12BAEC6C6D40B7A372F0BC462065D,IMPHASH=FA273F64BC3C7761E65A3098FA21F85A","Signed":"true","Signature":"Microsoft Windows","SignatureStatus":"Valid","User":"LUNARSTIIINESS\\tim.smith_admin","EventReceivedTime":1677865259,"SourceModuleName":"in_sysmon","SourceModuleType":"im_msvistalog"}
<14>Mar  3 17:41:01 win-server.lunarstiiiness.com Microsoft-Windows-Sysmon[1288]: {"EventTime":1677865260,"Hostname":"win-server.lunarstiiiness.com","Keywords":-9223372036854775808,"EventType":"INFO","SeverityValue":2,"Severity":"INFO","EventID":13,"SourceName":"Microsoft-Windows-Sysmon","ProviderGuid":"{5770385F-C22A-43E0-BF4C-06F5698FFBD9}","Version":2,"Task":13,"OpcodeValue":0,"RecordNumber":938422,"ProcessID":1288,"ThreadID":2884,"Channel":"Microsoft-Windows-Sysmon/Operational","Domain":"NT AUTHORITY","AccountName":"SYSTEM","UserID":"S-1-5-18","AccountType":"User","Message":"Registry value set:\r\nRuleName: technique_id=T1543,technique_name=Service Creation\r\nEventType: SetValue\r\nUtcTime: 2023-03-03 17:41:00.295\r\nProcessGuid: {BE59402F-260D-6402-1300-000000001900}\r\nProcessId: 924\r\nImage: C:\\Windows\\system32\\svchost.exe\r\nTargetObject: HKLM\\System\\CurrentControlSet\\Services\\w32time\\Config\\LastKnownGoodTime\r\nDetails: QWORD (0x01d94df7-0x5173f951)\r\nUser: NT AUTHORITY\\LOCAL SERVICE","Category":"Registry value set (rule: RegistryEvent)","Opcode":"Info","RuleName":"technique_id=T1543,technique_name=Service Creation","UtcTime":"2023-03-03 17:41:00.295","ProcessGuid":"{BE59402F-260D-6402-1300-000000001900}","Image":"C:\\Windows\\system32\\svchost.exe","TargetObject":"HKLM\\System\\CurrentControlSet\\Services\\w32time\\Config\\LastKnownGoodTime","Details":"QWORD (0x01d94df7-0x5173f951)","User":"NT AUTHORITY\\LOCAL SERVICE","EventReceivedTime":1677865261,"SourceModuleName":"in_sysmon","SourceModuleType":"im_msvistalog"}
<14>Mar  3 17:41:29 win-server.lunarstiiiness.com Microsoft-Windows-Sysmon[1288]: {"EventTime":1677865288,"Hostname":"win-server.lunarstiiiness.com","Keywords":-9223372036854775808,"EventType":"INFO","SeverityValue":2,"Severity":"INFO","EventID":7,"SourceName":"Microsoft-Windows-Sysmon","ProviderGuid":"{5770385F-C22A-43E0-BF4C-06F5698FFBD9}","Version":3,"Task":7,"OpcodeValue":0,"RecordNumber":939677,"ProcessID":1288,"ThreadID":2884,"Channel":"Microsoft-Windows-Sysmon/Operational","Domain":"NT AUTHORITY","AccountName":"SYSTEM","UserID":"S-1-5-18","AccountType":"User","Message":"Image loaded:\r\nRuleName: technique_id=T1574.002,technique_name=DLL Side-Loading\r\nUtcTime: 2023-03-03 17:41:28.660\r\nProcessGuid: {BE59402F-2E41-6402-F900-000000001900}\r\nProcessId: 4368\r\nImage: C:\\Windows\\explorer.exe\r\nImageLoaded: C:\\ProgramData\\Microsoft\\Windows Defender\\platform\\4.18.2301.6-0\\MpClient.dll\r\nFileVersion: 4.18.2301.6 (WinBuild.160101.0800)\r\nDescription: Client Interface\r\nProduct: Microsoft Windows Operating System\r\nCompany: Microsoft Corporation\r\nOriginalFileName: mpclient.dll\r\nHashes: SHA1=390069C7EF8A2BC87E6045E9DBF03C16E40D603C,MD5=21952FAB3F2CBB78D3F0722A5532EA6E,SHA256=2BBF7F267AE0E6393D4F5AD25FF4337A8CA12BAEC6C6D40B7A372F0BC462065D,IMPHASH=FA273F64BC3C7761E65A3098FA21F85A\r\nSigned: true\r\nSignature: Microsoft Windows\r\nSignatureStatus: Valid\r\nUser: LUNARSTIIINESS\\tim.smith_admin","Category":"Image loaded (rule: ImageLoad)","Opcode":"Info","RuleName":"technique_id=T1574.002,technique_name=DLL Side-Loading","UtcTime":"2023-03-03 17:41:28.660","ProcessGuid":"{BE59402F-2E41-6402-F900-000000001900}","Image":"C:\\Windows\\explorer.exe","ImageLoaded":"C:\\ProgramData\\Microsoft\\Windows Defender\\platform\\4.18.2301.6-0\\MpClient.dll","FileVersion":"4.18.2301.6 (WinBuild.160101.0800)","Description":"Client Interface","Product":"Microsoft Windows Operating System","Company":"Microsoft Corporation","OriginalFileName":"mpclient.dll","Hashes":"SHA1=390069C7EF8A2BC87E6045E9DBF03C16E40D603C,MD5=21952FAB3F2CBB78D3F0722A5532EA6E,SHA256=2BBF7F267AE0E6393D4F5AD25FF4337A8CA12BAEC6C6D40B7A372F0BC462065D,IMPHASH=FA273F64BC3C7761E65A3098FA21F85A","Signed":"true","Signature":"Microsoft Windows","SignatureStatus":"Valid","User":"LUNARSTIIINESS\\tim.smith_admin","EventReceivedTime":1677865289,"SourceModuleName":"in_sysmon","SourceModuleType":"im_msvistalog"}
<14>Mar  3 17:42:08 win-server.lunarstiiiness.com Microsoft-Windows-Sysmon[1288]: {"EventTime":1677865327,"Hostname":"win-server.lunarstiiiness.com","Keywords":-9223372036854775808,"EventType":"INFO","SeverityValue":2,"Severity":"INFO","EventID":7,"SourceName":"Microsoft-Windows-Sysmon","ProviderGuid":"{5770385F-C22A-43E0-BF4C-06F5698FFBD9}","Version":3,"Task":7,"OpcodeValue":0,"RecordNumber":940859,"ProcessID":1288,"ThreadID":2884,"Channel":"Microsoft-Windows-Sysmon/Operational","Domain":"NT AUTHORITY","AccountName":"SYSTEM","UserID":"S-1-5-18","AccountType":"User","Message":"Image loaded:\r\nRuleName: technique_id=T1574.002,technique_name=DLL Side-Loading\r\nUtcTime: 2023-03-03 17:42:07.013\r\nProcessGuid: {BE59402F-2E41-6402-F900-000000001900}\r\nProcessId: 4368\r\nImage: C:\\Windows\\explorer.exe\r\nImageLoaded: C:\\ProgramData\\Microsoft\\Windows Defender\\platform\\4.18.2301.6-0\\MpClient.dll\r\nFileVersion: 4.18.2301.6 (WinBuild.160101.0800)\r\nDescription: Client Interface\r\nProduct: Microsoft Windows Operating System\r\nCompany: Microsoft Corporation\r\nOriginalFileName: mpclient.dll\r\nHashes: SHA1=390069C7EF8A2BC87E6045E9DBF03C16E40D603C,MD5=21952FAB3F2CBB78D3F0722A5532EA6E,SHA256=2BBF7F267AE0E6393D4F5AD25FF4337A8CA12BAEC6C6D40B7A372F0BC462065D,IMPHASH=FA273F64BC3C7761E65A3098FA21F85A\r\nSigned: true\r\nSignature: Microsoft Windows\r\nSignatureStatus: Valid\r\nUser: LUNARSTIIINESS\\tim.smith_admin","Category":"Image loaded (rule: ImageLoad)","Opcode":"Info","RuleName":"technique_id=T1574.002,technique_name=DLL Side-Loading","UtcTime":"2023-03-03 17:42:07.013","ProcessGuid":"{BE59402F-2E41-6402-F900-000000001900}","Image":"C:\\Windows\\explorer.exe","ImageLoaded":"C:\\ProgramData\\Microsoft\\Windows Defender\\platform\\4.18.2301.6-0\\MpClient.dll","FileVersion":"4.18.2301.6 (WinBuild.160101.0800)","Description":"Client Interface","Product":"Microsoft Windows Operating System","Company":"Microsoft Corporation","OriginalFileName":"mpclient.dll","Hashes":"SHA1=390069C7EF8A2BC87E6045E9DBF03C16E40D603C,MD5=21952FAB3F2CBB78D3F0722A5532EA6E,SHA256=2BBF7F267AE0E6393D4F5AD25FF4337A8CA12BAEC6C6D40B7A372F0BC462065D,IMPHASH=FA273F64BC3C7761E65A3098FA21F85A","Signed":"true","Signature":"Microsoft Windows","SignatureStatus":"Valid","User":"LUNARSTIIINESS\\tim.smith_admin","EventReceivedTime":1677865328,"SourceModuleName":"in_sysmon","SourceModuleType":"im_msvistalog"}
<14>Mar  3 17:42:38 win-server.lunarstiiiness.com Microsoft-Windows-Sysmon[1288]: {"EventTime":1677865357,"Hostname":"win-server.lunarstiiiness.com","Keywords":-9223372036854775808,"EventType":"INFO","SeverityValue":2,"Severity":"INFO","EventID":7,"SourceName":"Microsoft-Windows-Sysmon","ProviderGuid":"{5770385F-C22A-43E0-BF4C-06F5698FFBD9}","Version":3,"Task":7,"OpcodeValue":0,"RecordNumber":941797,"ProcessID":1288,"ThreadID":2884,"Channel":"Microsoft-Windows-Sysmon/Operational","Domain":"NT AUTHORITY","AccountName":"SYSTEM","UserID":"S-1-5-18","AccountType":"User","Message":"Image loaded:\r\nRuleName: technique_id=T1574.002,technique_name=DLL Side-Loading\r\nUtcTime: 2023-03-03 17:42:37.719\r\nProcessGuid: {BE59402F-2E41-6402-F900-000000001900}\r\nProcessId: 4368\r\nImage: C:\\Windows\\explorer.exe\r\nImageLoaded: C:\\ProgramData\\Microsoft\\Windows Defender\\platform\\4.18.2301.6-0\\MpClient.dll\r\nFileVersion: 4.18.2301.6 (WinBuild.160101.0800)\r\nDescription: Client Interface\r\nProduct: Microsoft Windows Operating System\r\nCompany: Microsoft Corporation\r\nOriginalFileName: mpclient.dll\r\nHashes: SHA1=390069C7EF8A2BC87E6045E9DBF03C16E40D603C,MD5=21952FAB3F2CBB78D3F0722A5532EA6E,SHA256=2BBF7F267AE0E6393D4F5AD25FF4337A8CA12BAEC6C6D40B7A372F0BC462065D,IMPHASH=FA273F64BC3C7761E65A3098FA21F85A\r\nSigned: true\r\nSignature: Microsoft Windows\r\nSignatureStatus: Valid\r\nUser: LUNARSTIIINESS\\tim.smith_admin","Category":"Image loaded (rule: ImageLoad)","Opcode":"Info","RuleName":"technique_id=T1574.002,technique_name=DLL Side-Loading","UtcTime":"2023-03-03 17:42:37.719","ProcessGuid":"{BE59402F-2E41-6402-F900-000000001900}","Image":"C:\\Windows\\explorer.exe","ImageLoaded":"C:\\ProgramData\\Microsoft\\Windows Defender\\platform\\4.18.2301.6-0\\MpClient.dll","FileVersion":"4.18.2301.6 (WinBuild.160101.0800)","Description":"Client Interface","Product":"Microsoft Windows Operating System","Company":"Microsoft Corporation","OriginalFileName":"mpclient.dll","Hashes":"SHA1=390069C7EF8A2BC87E6045E9DBF03C16E40D603C,MD5=21952FAB3F2CBB78D3F0722A5532EA6E,SHA256=2BBF7F267AE0E6393D4F5AD25FF4337A8CA12BAEC6C6D40B7A372F0BC462065D,IMPHASH=FA273F64BC3C7761E65A3098FA21F85A","Signed":"true","Signature":"Microsoft Windows","SignatureStatus":"Valid","User":"LUNARSTIIINESS\\tim.smith_admin","EventReceivedTime":1677865358,"SourceModuleName":"in_sysmon","SourceModuleType":"im_msvistalog"}
<14>Mar  3 17:43:13 win-server.lunarstiiiness.com Microsoft-Windows-Sysmon[1288]: {"EventTime":1677865392,"Hostname":"win-server.lunarstiiiness.com","Keywords":-9223372036854775808,"EventType":"INFO","SeverityValue":2,"Severity":"INFO","EventID":7,"SourceName":"Microsoft-Windows-Sysmon","ProviderGuid":"{5770385F-C22A-43E0-BF4C-06F5698FFBD9}","Version":3,"Task":7,"OpcodeValue":0,"RecordNumber":942828,"ProcessID":1288,"ThreadID":2888,"Channel":"Microsoft-Windows-Sysmon/Operational","Domain":"NT AUTHORITY","AccountName":"SYSTEM","UserID":"S-1-5-18","AccountType":"User","Message":"Image loaded:\r\nRuleName: technique_id=T1059.001,technique_name=PowerShell\r\nUtcTime: 2023-03-03 17:43:12.264\r\nProcessGuid: {BE59402F-31B0-6402-8501-000000001900}\r\nProcessId: 4516\r\nImage: C:\\Windows\\System32\\consent.exe\r\nImageLoaded: C:\\Windows\\System32\\amsi.dll\r\nFileVersion: 10.0.14393.4169 (rs1_release.210107-1130)\r\nDescription: Anti-Malware Scan Interface\r\nProduct: Microsoft Windows Operating System\r\nCompany: Microsoft Corporation\r\nOriginalFileName: amsi.dll\r\nHashes: SHA1=95D202A39D43B043C9F7FF5B8B75118950720B3A,MD5=89C79675F7FEDEB6373C9D2045F7B7C5,SHA256=5B40293CF56D44377A91BF68CF2113F523B61185F02DEEAB621BE51F0ADA6131,IMPHASH=6FEE5278940E0EA644D3641165D77874\r\nSigned: true\r\nSignature: Microsoft Windows\r\nSignatureStatus: Valid\r\nUser: NT AUTHORITY\\SYSTEM","Category":"Image loaded (rule: ImageLoad)","Opcode":"Info","RuleName":"technique_id=T1059.001,technique_name=PowerShell","UtcTime":"2023-03-03 17:43:12.264","ProcessGuid":"{BE59402F-31B0-6402-8501-000000001900}","Image":"C:\\Windows\\System32\\consent.exe","ImageLoaded":"C:\\Windows\\System32\\amsi.dll","FileVersion":"10.0.14393.4169 (rs1_release.210107-1130)","Description":"Anti-Malware Scan Interface","Product":"Microsoft Windows Operating System","Company":"Microsoft Corporation","OriginalFileName":"amsi.dll","Hashes":"SHA1=95D202A39D43B043C9F7FF5B8B75118950720B3A,MD5=89C79675F7FEDEB6373C9D2045F7B7C5,SHA256=5B40293CF56D44377A91BF68CF2113F523B61185F02DEEAB621BE51F0ADA6131,IMPHASH=6FEE5278940E0EA644D3641165D77874","Signed":"true","Signature":"Microsoft Windows","SignatureStatus":"Valid","User":"NT AUTHORITY\\SYSTEM","EventReceivedTime":1677865393,"SourceModuleName":"in_sysmon","SourceModuleType":"im_msvistalog"}
<14>Mar  3 17:43:13 win-server.lunarstiiiness.com Microsoft-Windows-Sysmon[1288]: {"EventTime":1677865392,"Hostname":"win-server.lunarstiiiness.com","Keywords":-9223372036854775808,"EventType":"INFO","SeverityValue":2,"Severity":"INFO","EventID":12,"SourceName":"Microsoft-Windows-Sysmon","ProviderGuid":"{5770385F-C22A-43E0-BF4C-06F5698FFBD9}","Version":2,"Task":12,"OpcodeValue":0,"RecordNumber":942829,"ProcessID":1288,"ThreadID":2884,"Channel":"Microsoft-Windows-Sysmon/Operational","Domain":"NT AUTHORITY","AccountName":"SYSTEM","UserID":"S-1-5-18","AccountType":"User","Message":"Registry object added or deleted:\r\nRuleName: technique_id=T1553.004,technique_name=Install Root Certificate\r\nEventType: CreateKey\r\nUtcTime: 2023-03-03 17:43:12.436\r\nProcessGuid: {BE59402F-31B0-6402-8501-000000001900}\r\nProcessId: 4516\r\nImage: C:\\Windows\\system32\\consent.exe\r\nTargetObject: HKU\\S-1-5-21-3263964631-4121654051-1417071188-1116\\SOFTWARE\\Microsoft\\SystemCertificates\\CA\\Certificates\r\nUser: NT AUTHORITY\\SYSTEM","Category":"Registry object added or deleted (rule: RegistryEvent)","Opcode":"Info","RuleName":"technique_id=T1553.004,technique_name=Install Root Certificate","UtcTime":"2023-03-03 17:43:12.436","ProcessGuid":"{BE59402F-31B0-6402-8501-000000001900}","Image":"C:\\Windows\\system32\\consent.exe","TargetObject":"HKU\\S-1-5-21-3263964631-4121654051-1417071188-1116\\SOFTWARE\\Microsoft\\SystemCertificates\\CA\\Certificates","User":"NT AUTHORITY\\SYSTEM","EventReceivedTime":1677865393,"SourceModuleName":"in_sysmon","SourceModuleType":"im_msvistalog"}
<14>Mar  3 17:43:13 win-server.lunarstiiiness.com Microsoft-Windows-Sysmon[1288]: {"EventTime":1677865392,"Hostname":"win-server.lunarstiiiness.com","Keywords":-9223372036854775808,"EventType":"INFO","SeverityValue":2,"Severity":"INFO","EventID":12,"SourceName":"Microsoft-Windows-Sysmon","ProviderGuid":"{5770385F-C22A-43E0-BF4C-06F5698FFBD9}","Version":2,"Task":12,"OpcodeValue":0,"RecordNumber":942830,"ProcessID":1288,"ThreadID":2884,"Channel":"Microsoft-Windows-Sysmon/Operational","Domain":"NT AUTHORITY","AccountName":"SYSTEM","UserID":"S-1-5-18","AccountType":"User","Message":"Registry object added or deleted:\r\nRuleName: technique_id=T1553.004,technique_name=Install Root Certificate\r\nEventType: CreateKey\r\nUtcTime: 2023-03-03 17:43:12.467\r\nProcessGuid: {BE59402F-31B0-6402-8501-000000001900}\r\nProcessId: 4516\r\nImage: C:\\Windows\\system32\\consent.exe\r\nTargetObject: HKU\\S-1-5-21-3263964631-4121654051-1417071188-1116\\SOFTWARE\\Microsoft\\SystemCertificates\\Root\\Certificates\r\nUser: NT AUTHORITY\\SYSTEM","Category":"Registry object added or deleted (rule: RegistryEvent)","Opcode":"Info","RuleName":"technique_id=T1553.004,technique_name=Install Root Certificate","UtcTime":"2023-03-03 17:43:12.467","ProcessGuid":"{BE59402F-31B0-6402-8501-000000001900}","Image":"C:\\Windows\\system32\\consent.exe","TargetObject":"HKU\\S-1-5-21-3263964631-4121654051-1417071188-1116\\SOFTWARE\\Microsoft\\SystemCertificates\\Root\\Certificates","User":"NT AUTHORITY\\SYSTEM","EventReceivedTime":1677865393,"SourceModuleName":"in_sysmon","SourceModuleType":"im_msvistalog"}
<14>Mar  3 17:43:13 win-server.lunarstiiiness.com Microsoft-Windows-Sysmon[1288]: {"EventTime":1677865392,"Hostname":"win-server.lunarstiiiness.com","Keywords":-9223372036854775808,"EventType":"INFO","SeverityValue":2,"Severity":"INFO","EventID":7,"SourceName":"Microsoft-Windows-Sysmon","ProviderGuid":"{5770385F-C22A-43E0-BF4C-06F5698FFBD9}","Version":3,"Task":7,"OpcodeValue":0,"RecordNumber":942831,"ProcessID":1288,"ThreadID":2884,"Channel":"Microsoft-Windows-Sysmon/Operational","Domain":"NT AUTHORITY","AccountName":"SYSTEM","UserID":"S-1-5-18","AccountType":"User","Message":"Image loaded:\r\nRuleName: -\r\nUtcTime: 2023-03-03 17:43:12.545\r\nProcessGuid: {BE59402F-31B0-6402-8501-000000001900}\r\nProcessId: 4516\r\nImage: C:\\Windows\\System32\\consent.exe\r\nImageLoaded: C:\\Windows\\System32\\urlmon.dll\r\nFileVersion: 11.00.14393.5582 (rs1_release.221130-1719)\r\nDescription: OLE32 Extensions for Win32\r\nProduct: Internet Explorer\r\nCompany: Microsoft Corporation\r\nOriginalFileName: UrlMon.dll\r\nHashes: SHA1=C04C26B634733A5132FEB47281829DA870E481F2,MD5=A99B52D97035B13B4C06366E1ABE05E7,SHA256=4009730BE3CE17F80A98BEB323FFF3626AF02B7EAE64601B2A0BEF8B87145E9F,IMPHASH=B5AFB93FCF976F12D390F994AD9F4967\r\nSigned: true\r\nSignature: Microsoft Windows\r\nSignatureStatus: Valid\r\nUser: NT AUTHORITY\\SYSTEM","Category":"Image loaded (rule: ImageLoad)","Opcode":"Info","RuleName":"-","UtcTime":"2023-03-03 17:43:12.545","ProcessGuid":"{BE59402F-31B0-6402-8501-000000001900}","Image":"C:\\Windows\\System32\\consent.exe","ImageLoaded":"C:\\Windows\\System32\\urlmon.dll","FileVersion":"11.00.14393.5582 (rs1_release.221130-1719)","Description":"OLE32 Extensions for Win32","Product":"Internet Explorer","Company":"Microsoft Corporation","OriginalFileName":"UrlMon.dll","Hashes":"SHA1=C04C26B634733A5132FEB47281829DA870E481F2,MD5=A99B52D97035B13B4C06366E1ABE05E7,SHA256=4009730BE3CE17F80A98BEB323FFF3626AF02B7EAE64601B2A0BEF8B87145E9F,IMPHASH=B5AFB93FCF976F12D390F994AD9F4967","Signed":"true","Signature":"Microsoft Windows","SignatureStatus":"Valid","User":"NT AUTHORITY\\SYSTEM","EventReceivedTime":1677865393,"SourceModuleName":"in_sysmon","SourceModuleType":"im_msvistalog"}
<14>Mar  3 17:43:16 win-server.lunarstiiiness.com Microsoft-Windows-Sysmon[1288]: {"EventTime":1677865395,"Hostname":"win-server.lunarstiiiness.com","Keywords":-9223372036854775808,"EventType":"INFO","SeverityValue":2,"Severity":"INFO","EventID":1,"SourceName":"Microsoft-Windows-Sysmon","ProviderGuid":"{5770385F-C22A-43E0-BF4C-06F5698FFBD9}","Version":5,"Task":1,"OpcodeValue":0,"RecordNumber":942842,"ProcessID":1288,"ThreadID":2884,"Channel":"Microsoft-Windows-Sysmon/Operational","Domain":"NT AUTHORITY","AccountName":"SYSTEM","UserID":"S-1-5-18","AccountType":"User","Message":"Process Create:\r\nRuleName: technique_id=T1059,technique_name=Command-Line Interface\r\nUtcTime: 2023-03-03 17:43:15.322\r\nProcessGuid: {BE59402F-31B3-6402-8901-000000001900}\r\nProcessId: 6016\r\nImage: C:\\Windows\\System32\\cmd.exe\r\nFileVersion: 10.0.14393.0 (rs1_release.160715-1616)\r\nDescription: Windows Command Processor\r\nProduct: Microsoft Windows Operating System\r\nCompany: Microsoft Corporation\r\nOriginalFileName: Cmd.Exe\r\nCommandLine: \"C:\\Windows\\system32\\cmd.exe\" \r\nCurrentDirectory: C:\\Windows\\system32\\\r\nUser: LUNARSTIIINESS\\tim.smith_admin\r\nLogonGuid: {BE59402F-2E2D-6402-19D0-DA0000000000}\r\nLogonId: 0xDAD019\r\nTerminalSessionId: 3\r\nIntegrityLevel: High\r\nHashes: SHA1=99AE9C73E9BEE6F9C76D6F4093A9882DF06832CF,MD5=F4F684066175B77E0C3A000549D2922C,SHA256=935C1861DF1F4018D698E8B65ABFA02D7E9037D8F68CA3C2065B6CA165D44AD2,IMPHASH=3062ED732D4B25D1C64F084DAC97D37A\r\nParentProcessGuid: {BE59402F-2EC7-6402-0B01-000000001900}\r\nParentProcessId: 4888\r\nParentImage: C:\\Windows\\System32\\RuntimeBroker.exe\r\nParentCommandLine: C:\\Windows\\System32\\RuntimeBroker.exe -Embedding\r\nParentUser: LUNARSTIIINESS\\tim.smith_admin","Category":"Process Create (rule: ProcessCreate)","Opcode":"Info","RuleName":"technique_id=T1059,technique_name=Command-Line Interface","UtcTime":"2023-03-03 17:43:15.322","ProcessGuid":"{BE59402F-31B3-6402-8901-000000001900}","Image":"C:\\Windows\\System32\\cmd.exe","FileVersion":"10.0.14393.0 (rs1_release.160715-1616)","Description":"Windows Command Processor","Product":"Microsoft Windows Operating System","Company":"Microsoft Corporation","OriginalFileName":"Cmd.Exe","CommandLine":"\"C:\\Windows\\system32\\cmd.exe\" ","CurrentDirectory":"C:\\Windows\\system32\\","User":"LUNARSTIIINESS\\tim.smith_admin","LogonGuid":"{BE59402F-2E2D-6402-19D0-DA0000000000}","LogonId":"0xdad019","TerminalSessionId":"3","IntegrityLevel":"High","Hashes":"SHA1=99AE9C73E9BEE6F9C76D6F4093A9882DF06832CF,MD5=F4F684066175B77E0C3A000549D2922C,SHA256=935C1861DF1F4018D698E8B65ABFA02D7E9037D8F68CA3C2065B6CA165D44AD2,IMPHASH=3062ED732D4B25D1C64F084DAC97D37A","ParentProcessGuid":"{BE59402F-2EC7-6402-0B01-000000001900}","ParentProcessId":"4888","ParentImage":"C:\\Windows\\System32\\RuntimeBroker.exe","ParentCommandLine":"C:\\Windows\\System32\\RuntimeBroker.exe -Embedding","ParentUser":"LUNARSTIIINESS\\tim.smith_admin","EventReceivedTime":1677865396,"SourceModuleName":"in_sysmon","SourceModuleType":"im_msvistalog"}
<14>Mar  3 17:43:31 win-server.lunarstiiiness.com Microsoft-Windows-Sysmon[1288]: {"EventTime":1677865410,"Hostname":"win-server.lunarstiiiness.com","Keywords":-9223372036854775808,"EventType":"INFO","SeverityValue":2,"Severity":"INFO","EventID":1,"SourceName":"Microsoft-Windows-Sysmon","ProviderGuid":"{5770385F-C22A-43E0-BF4C-06F5698FFBD9}","Version":5,"Task":1,"OpcodeValue":0,"RecordNumber":943296,"ProcessID":1288,"ThreadID":2884,"Channel":"Microsoft-Windows-Sysmon/Operational","Domain":"NT AUTHORITY","AccountName":"SYSTEM","UserID":"S-1-5-18","AccountType":"User","Message":"Process Create:\r\nRuleName: technique_id=T1059,technique_name=Command-Line Interface\r\nUtcTime: 2023-03-03 17:43:30.033\r\nProcessGuid: {BE59402F-31C2-6402-8D01-000000001900}\r\nProcessId: 5712\r\nImage: D:\\Software\\nbtscan.exe\r\nFileVersion: -\r\nDescription: -\r\nProduct: -\r\nCompany: -\r\nOriginalFileName: -\r\nCommandLine: nbtscan\r\nCurrentDirectory: D:\\Software\\\r\nUser: LUNARSTIIINESS\\tim.smith_admin\r\nLogonGuid: {BE59402F-2E2D-6402-19D0-DA0000000000}\r\nLogonId: 0xDAD019\r\nTerminalSessionId: 3\r\nIntegrityLevel: High\r\nHashes: SHA1=90DA10004C8F6FAFDAA2CF18922670A745564F45,MD5=F01A9A2D1E31332ED36C1A4D2839F412,SHA256=C9D5DC956841E000BFD8762E2F0B48B66C79B79500E894B4EFA7FB9BA17E4E9E,IMPHASH=2FA43C5392EC7923ABABCED078C2F98D\r\nParentProcessGuid: {BE59402F-31B3-6402-8901-000000001900}\r\nParentProcessId: 6016\r\nParentImage: C:\\Windows\\System32\\cmd.exe\r\nParentCommandLine: \"C:\\Windows\\system32\\cmd.exe\" \r\nParentUser: LUNARSTIIINESS\\tim.smith_admin","Category":"Process Create (rule: ProcessCreate)","Opcode":"Info","RuleName":"technique_id=T1059,technique_name=Command-Line Interface","UtcTime":"2023-03-03 17:43:30.033","ProcessGuid":"{BE59402F-31C2-6402-8D01-000000001900}","Image":"D:\\Software\\nbtscan.exe","FileVersion":"-","Description":"-","Product":"-","Company":"-","OriginalFileName":"-","CommandLine":"nbtscan","CurrentDirectory":"D:\\Software\\","User":"LUNARSTIIINESS\\tim.smith_admin","LogonGuid":"{BE59402F-2E2D-6402-19D0-DA0000000000}","LogonId":"0xdad019","TerminalSessionId":"3","IntegrityLevel":"High","Hashes":"SHA1=90DA10004C8F6FAFDAA2CF18922670A745564F45,MD5=F01A9A2D1E31332ED36C1A4D2839F412,SHA256=C9D5DC956841E000BFD8762E2F0B48B66C79B79500E894B4EFA7FB9BA17E4E9E,IMPHASH=2FA43C5392EC7923ABABCED078C2F98D","ParentProcessGuid":"{BE59402F-31B3-6402-8901-000000001900}","ParentProcessId":"6016","ParentImage":"C:\\Windows\\System32\\cmd.exe","ParentCommandLine":"\"C:\\Windows\\system32\\cmd.exe\" ","ParentUser":"LUNARSTIIINESS\\tim.smith_admin","EventReceivedTime":1677865411,"SourceModuleName":"in_sysmon","SourceModuleType":"im_msvistalog"}
<14>Mar  3 17:43:45 win-server.lunarstiiiness.com Microsoft-Windows-Sysmon[1288]: {"EventTime":1677865424,"Hostname":"win-server.lunarstiiiness.com","Keywords":-9223372036854775808,"EventType":"INFO","SeverityValue":2,"Severity":"INFO","EventID":1,"SourceName":"Microsoft-Windows-Sysmon","ProviderGuid":"{5770385F-C22A-43E0-BF4C-06F5698FFBD9}","Version":5,"Task":1,"OpcodeValue":0,"RecordNumber":943724,"ProcessID":1288,"ThreadID":2884,"Channel":"Microsoft-Windows-Sysmon/Operational","Domain":"NT AUTHORITY","AccountName":"SYSTEM","UserID":"S-1-5-18","AccountType":"User","Message":"Process Create:\r\nRuleName: technique_id=T1204,technique_name=User Execution\r\nUtcTime: 2023-03-03 17:43:44.068\r\nProcessGuid: {BE59402F-31D0-6402-8F01-000000001900}\r\nProcessId: 2144\r\nImage: C:\\Program Files\\Windows NT\\Accessories\\wordpad.exe\r\nFileVersion: 10.0.14393.4169 (rs1_release.210107-1130)\r\nDescription: Windows Wordpad Application\r\nProduct: Microsoft Windows Operating System\r\nCompany: Microsoft Corporation\r\nOriginalFileName: WORDPAD.EXE\r\nCommandLine: \"C:\\Program Files\\Windows NT\\Accessories\\WORDPAD.EXE\" \"D:\\Software\\tradersway compliance.docx\"\r\nCurrentDirectory: D:\\Software\\\r\nUser: LUNARSTIIINESS\\tim.smith_admin\r\nLogonGuid: {BE59402F-2E2D-6402-82D4-DA0000000000}\r\nLogonId: 0xDAD482\r\nTerminalSessionId: 3\r\nIntegrityLevel: Medium\r\nHashes: SHA1=75E9078860861A1B154923A8729EED829368FA07,MD5=F45E9480020BED83EDFA09F02D05A358,SHA256=0092CD4A00FB6095663DBBD50B8846CDB03F954274A7BF6A84D1FACE3DB4EAF4,IMPHASH=1587031C30A913539C4C1AF895005B82\r\nParentProcessGuid: {BE59402F-2E41-6402-F900-000000001900}\r\nParentProcessId: 4368\r\nParentImage: C:\\Windows\\explorer.exe\r\nParentCommandLine: C:\\Windows\\Explorer.EXE\r\nParentUser: LUNARSTIIINESS\\tim.smith_admin","Category":"Process Create (rule: ProcessCreate)","Opcode":"Info","RuleName":"technique_id=T1204,technique_name=User Execution","UtcTime":"2023-03-03 17:43:44.068","ProcessGuid":"{BE59402F-31D0-6402-8F01-000000001900}","Image":"C:\\Program Files\\Windows NT\\Accessories\\wordpad.exe","FileVersion":"10.0.14393.4169 (rs1_release.210107-1130)","Description":"Windows Wordpad Application","Product":"Microsoft Windows Operating System","Company":"Microsoft Corporation","OriginalFileName":"WORDPAD.EXE","CommandLine":"\"C:\\Program Files\\Windows NT\\Accessories\\WORDPAD.EXE\" \"D:\\Software\\tradersway compliance.docx\"","CurrentDirectory":"D:\\Software\\","User":"LUNARSTIIINESS\\tim.smith_admin","LogonGuid":"{BE59402F-2E2D-6402-82D4-DA0000000000}","LogonId":"0xdad482","TerminalSessionId":"3","IntegrityLevel":"Medium","Hashes":"SHA1=75E9078860861A1B154923A8729EED829368FA07,MD5=F45E9480020BED83EDFA09F02D05A358,SHA256=0092CD4A00FB6095663DBBD50B8846CDB03F954274A7BF6A84D1FACE3DB4EAF4,IMPHASH=1587031C30A913539C4C1AF895005B82","ParentProcessGuid":"{BE59402F-2E41-6402-F900-000000001900}","ParentProcessId":"4368","ParentImage":"C:\\Windows\\explorer.exe","ParentCommandLine":"C:\\Windows\\Explorer.EXE","ParentUser":"LUNARSTIIINESS\\tim.smith_admin","EventReceivedTime":1677865425,"SourceModuleName":"in_sysmon","SourceModuleType":"im_msvistalog"}
<14>Mar  3 17:43:46 win-server.lunarstiiiness.com Microsoft-Windows-Sysmon[1288]: {"EventTime":1677865424,"Hostname":"win-server.lunarstiiiness.com","Keywords":-9223372036854775808,"EventType":"INFO","SeverityValue":2,"Severity":"INFO","EventID":7,"SourceName":"Microsoft-Windows-Sysmon","ProviderGuid":"{5770385F-C22A-43E0-BF4C-06F5698FFBD9}","Version":3,"Task":7,"OpcodeValue":0,"RecordNumber":943725,"ProcessID":1288,"ThreadID":2884,"Channel":"Microsoft-Windows-Sysmon/Operational","Domain":"NT AUTHORITY","AccountName":"SYSTEM","UserID":"S-1-5-18","AccountType":"User","Message":"Image loaded:\r\nRuleName: -\r\nUtcTime: 2023-03-03 17:43:44.302\r\nProcessGuid: {BE59402F-31D0-6402-8F01-000000001900}\r\nProcessId: 2144\r\nImage: C:\\Program Files\\Windows NT\\Accessories\\wordpad.exe\r\nImageLoaded: C:\\Windows\\System32\\urlmon.dll\r\nFileVersion: 11.00.14393.5582 (rs1_release.221130-1719)\r\nDescription: OLE32 Extensions for Win32\r\nProduct: Internet Explorer\r\nCompany: Microsoft Corporation\r\nOriginalFileName: UrlMon.dll\r\nHashes: SHA1=C04C26B634733A5132FEB47281829DA870E481F2,MD5=A99B52D97035B13B4C06366E1ABE05E7,SHA256=4009730BE3CE17F80A98BEB323FFF3626AF02B7EAE64601B2A0BEF8B87145E9F,IMPHASH=B5AFB93FCF976F12D390F994AD9F4967\r\nSigned: true\r\nSignature: Microsoft Windows\r\nSignatureStatus: Valid\r\nUser: LUNARSTIIINESS\\tim.smith_admin","Category":"Image loaded (rule: ImageLoad)","Opcode":"Info","RuleName":"-","UtcTime":"2023-03-03 17:43:44.302","ProcessGuid":"{BE59402F-31D0-6402-8F01-000000001900}","Image":"C:\\Program Files\\Windows NT\\Accessories\\wordpad.exe","ImageLoaded":"C:\\Windows\\System32\\urlmon.dll","FileVersion":"11.00.14393.5582 (rs1_release.221130-1719)","Description":"OLE32 Extensions for Win32","Product":"Internet Explorer","Company":"Microsoft Corporation","OriginalFileName":"UrlMon.dll","Hashes":"SHA1=C04C26B634733A5132FEB47281829DA870E481F2,MD5=A99B52D97035B13B4C06366E1ABE05E7,SHA256=4009730BE3CE17F80A98BEB323FFF3626AF02B7EAE64601B2A0BEF8B87145E9F,IMPHASH=B5AFB93FCF976F12D390F994AD9F4967","Signed":"true","Signature":"Microsoft Windows","SignatureStatus":"Valid","User":"LUNARSTIIINESS\\tim.smith_admin","EventReceivedTime":1677865426,"SourceModuleName":"in_sysmon","SourceModuleType":"im_msvistalog"}
<14>Mar  3 17:43:46 win-server.lunarstiiiness.com Microsoft-Windows-Sysmon[1288]: {"EventTime":1677865424,"Hostname":"win-server.lunarstiiiness.com","Keywords":-9223372036854775808,"EventType":"INFO","SeverityValue":2,"Severity":"INFO","EventID":13,"SourceName":"Microsoft-Windows-Sysmon","ProviderGuid":"{5770385F-C22A-43E0-BF4C-06F5698FFBD9}","Version":2,"Task":13,"OpcodeValue":0,"RecordNumber":943726,"ProcessID":1288,"ThreadID":2884,"Channel":"Microsoft-Windows-Sysmon/Operational","Domain":"NT AUTHORITY","AccountName":"SYSTEM","UserID":"S-1-5-18","AccountType":"User","Message":"Registry value set:\r\nRuleName: technique_id=T1546.001,technique_name=Change Default File Association\r\nEventType: SetValue\r\nUtcTime: 2023-03-03 17:43:44.369\r\nProcessGuid: {BE59402F-2E41-6402-F900-000000001900}\r\nProcessId: 4368\r\nImage: C:\\Windows\\Explorer.EXE\r\nTargetObject: HKU\\S-1-5-21-3263964631-4121654051-1417071188-1116\\SOFTWARE\\Microsoft\\Windows\\CurrentVersion\\Explorer\\FileExts\\.docx\\OpenWithList\\a\r\nDetails: WORDPAD.EXE\r\nUser: LUNARSTIIINESS\\tim.smith_admin","Category":"Registry value set (rule: RegistryEvent)","Opcode":"Info","RuleName":"technique_id=T1546.001,technique_name=Change Default File Association","UtcTime":"2023-03-03 17:43:44.369","ProcessGuid":"{BE59402F-2E41-6402-F900-000000001900}","Image":"C:\\Windows\\Explorer.EXE","TargetObject":"HKU\\S-1-5-21-3263964631-4121654051-1417071188-1116\\SOFTWARE\\Microsoft\\Windows\\CurrentVersion\\Explorer\\FileExts\\.docx\\OpenWithList\\a","Details":"WORDPAD.EXE","User":"LUNARSTIIINESS\\tim.smith_admin","EventReceivedTime":1677865426,"SourceModuleName":"in_sysmon","SourceModuleType":"im_msvistalog"}
<14>Mar  3 17:43:46 win-server.lunarstiiiness.com Microsoft-Windows-Sysmon[1288]: {"EventTime":1677865424,"Hostname":"win-server.lunarstiiiness.com","Keywords":-9223372036854775808,"EventType":"INFO","SeverityValue":2,"Severity":"INFO","EventID":13,"SourceName":"Microsoft-Windows-Sysmon","ProviderGuid":"{5770385F-C22A-43E0-BF4C-06F5698FFBD9}","Version":2,"Task":13,"OpcodeValue":0,"RecordNumber":943727,"ProcessID":1288,"ThreadID":2884,"Channel":"Microsoft-Windows-Sysmon/Operational","Domain":"NT AUTHORITY","AccountName":"SYSTEM","UserID":"S-1-5-18","AccountType":"User","Message":"Registry value set:\r\nRuleName: -\r\nEventType: SetValue\r\nUtcTime: 2023-03-03 17:43:44.795\r\nProcessGuid: {BE59402F-2E41-6402-F900-000000001900}\r\nProcessId: 4368\r\nImage: C:\\Windows\\Explorer.EXE\r\nTargetObject: HKU\\S-1-5-21-3263964631-4121654051-1417071188-1116\\SOFTWARE\\Microsoft\\Windows\\CurrentVersion\\Explorer\\RecentDocs\\.docx\\0\r\nDetails: Binary Data\r\nUser: LUNARSTIIINESS\\tim.smith_admin","Category":"Registry value set (rule: RegistryEvent)","Opcode":"Info","RuleName":"-","UtcTime":"2023-03-03 17:43:44.795","ProcessGuid":"{BE59402F-2E41-6402-F900-000000001900}","Image":"C:\\Windows\\Explorer.EXE","TargetObject":"HKU\\S-1-5-21-3263964631-4121654051-1417071188-1116\\SOFTWARE\\Microsoft\\Windows\\CurrentVersion\\Explorer\\RecentDocs\\.docx\\0","Details":"Binary Data","User":"LUNARSTIIINESS\\tim.smith_admin","EventReceivedTime":1677865426,"SourceModuleName":"in_sysmon","SourceModuleType":"im_msvistalog"}
<14>Mar  3 17:43:46 win-server.lunarstiiiness.com Microsoft-Windows-Sysmon[1288]: {"EventTime":1677865424,"Hostname":"win-server.lunarstiiiness.com","Keywords":-9223372036854775808,"EventType":"INFO","SeverityValue":2,"Severity":"INFO","EventID":13,"SourceName":"Microsoft-Windows-Sysmon","ProviderGuid":"{5770385F-C22A-43E0-BF4C-06F5698FFBD9}","Version":2,"Task":13,"OpcodeValue":0,"RecordNumber":943728,"ProcessID":1288,"ThreadID":2884,"Channel":"Microsoft-Windows-Sysmon/Operational","Domain":"NT AUTHORITY","AccountName":"SYSTEM","UserID":"S-1-5-18","AccountType":"User","Message":"Registry value set:\r\nRuleName: -\r\nEventType: SetValue\r\nUtcTime: 2023-03-03 17:43:44.795\r\nProcessGuid: {BE59402F-2E41-6402-F900-000000001900}\r\nProcessId: 4368\r\nImage: C:\\Windows\\Explorer.EXE\r\nTargetObject: HKU\\S-1-5-21-3263964631-4121654051-1417071188-1116\\SOFTWARE\\Microsoft\\Windows\\CurrentVersion\\Explorer\\RecentDocs\\.docx\\MRUListEx\r\nDetails: Binary Data\r\nUser: LUNARSTIIINESS\\tim.smith_admin","Category":"Registry value set (rule: RegistryEvent)","Opcode":"Info","RuleName":"-","UtcTime":"2023-03-03 17:43:44.795","ProcessGuid":"{BE59402F-2E41-6402-F900-000000001900}","Image":"C:\\Windows\\Explorer.EXE","TargetObject":"HKU\\S-1-5-21-3263964631-4121654051-1417071188-1116\\SOFTWARE\\Microsoft\\Windows\\CurrentVersion\\Explorer\\RecentDocs\\.docx\\MRUListEx","Details":"Binary Data","User":"LUNARSTIIINESS\\tim.smith_admin","EventReceivedTime":1677865426,"SourceModuleName":"in_sysmon","SourceModuleType":"im_msvistalog"}
<14>Mar  3 17:43:49 win-server.lunarstiiiness.com Microsoft-Windows-Sysmon[1288]: {"EventTime":1677865426,"Hostname":"win-server.lunarstiiiness.com","Keywords":-9223372036854775808,"EventType":"INFO","SeverityValue":2,"Severity":"INFO","EventID":7,"SourceName":"Microsoft-Windows-Sysmon","ProviderGuid":"{5770385F-C22A-43E0-BF4C-06F5698FFBD9}","Version":3,"Task":7,"OpcodeValue":0,"RecordNumber":943733,"ProcessID":1288,"ThreadID":2884,"Channel":"Microsoft-Windows-Sysmon/Operational","Domain":"NT AUTHORITY","AccountName":"SYSTEM","UserID":"S-1-5-18","AccountType":"User","Message":"Image loaded:\r\nRuleName: technique_id=T1574.002,technique_name=DLL Side-Loading\r\nUtcTime: 2023-03-03 17:43:46.451\r\nProcessGuid: {BE59402F-31D0-6402-8F01-000000001900}\r\nProcessId: 2144\r\nImage: C:\\Program Files\\Windows NT\\Accessories\\wordpad.exe\r\nImageLoaded: C:\\ProgramData\\Microsoft\\Windows Defender\\platform\\4.18.2301.6-0\\MpOAV.dll\r\nFileVersion: 4.18.2301.6 (WinBuild.160101.0800)\r\nDescription: IOfficeAntiVirus Module\r\nProduct: Microsoft Windows Operating System\r\nCompany: Microsoft Corporation\r\nOriginalFileName: MpOAV.dll\r\nHashes: SHA1=7732F335107D52E6B047CE73A3A1D59BBD588961,MD5=7CCA50089F2F2E7875F4C33EAF1BE04A,SHA256=7385820EE9C2102DE2DCCEEF0F9B12A984DB8258BDAB143C1B54E021859EF218,IMPHASH=BBE9A959881A86A7C90B3C47D47F83B8\r\nSigned: true\r\nSignature: Microsoft Windows\r\nSignatureStatus: Valid\r\nUser: LUNARSTIIINESS\\tim.smith_admin","Category":"Image loaded (rule: ImageLoad)","Opcode":"Info","RuleName":"technique_id=T1574.002,technique_name=DLL Side-Loading","UtcTime":"2023-03-03 17:43:46.451","ProcessGuid":"{BE59402F-31D0-6402-8F01-000000001900}","Image":"C:\\Program Files\\Windows NT\\Accessories\\wordpad.exe","ImageLoaded":"C:\\ProgramData\\Microsoft\\Windows Defender\\platform\\4.18.2301.6-0\\MpOAV.dll","FileVersion":"4.18.2301.6 (WinBuild.160101.0800)","Description":"IOfficeAntiVirus Module","Product":"Microsoft Windows Operating System","Company":"Microsoft Corporation","OriginalFileName":"MpOAV.dll","Hashes":"SHA1=7732F335107D52E6B047CE73A3A1D59BBD588961,MD5=7CCA50089F2F2E7875F4C33EAF1BE04A,SHA256=7385820EE9C2102DE2DCCEEF0F9B12A984DB8258BDAB143C1B54E021859EF218,IMPHASH=BBE9A959881A86A7C90B3C47D47F83B8","Signed":"true","Signature":"Microsoft Windows","SignatureStatus":"Valid","User":"LUNARSTIIINESS\\tim.smith_admin","EventReceivedTime":1677865429,"SourceModuleName":"in_sysmon","SourceModuleType":"im_msvistalog"}
<14>Mar  3 17:43:49 win-server.lunarstiiiness.com Microsoft-Windows-Sysmon[1288]: {"EventTime":1677865426,"Hostname":"win-server.lunarstiiiness.com","Keywords":-9223372036854775808,"EventType":"INFO","SeverityValue":2,"Severity":"INFO","EventID":7,"SourceName":"Microsoft-Windows-Sysmon","ProviderGuid":"{5770385F-C22A-43E0-BF4C-06F5698FFBD9}","Version":3,"Task":7,"OpcodeValue":0,"RecordNumber":943732,"ProcessID":1288,"ThreadID":2884,"Channel":"Microsoft-Windows-Sysmon/Operational","Domain":"NT AUTHORITY","AccountName":"SYSTEM","UserID":"S-1-5-18","AccountType":"User","Message":"Image loaded:\r\nRuleName: technique_id=T1059.001,technique_name=PowerShell\r\nUtcTime: 2023-03-03 17:43:46.451\r\nProcessGuid: {BE59402F-31D0-6402-8F01-000000001900}\r\nProcessId: 2144\r\nImage: C:\\Program Files\\Windows NT\\Accessories\\wordpad.exe\r\nImageLoaded: C:\\Windows\\System32\\amsi.dll\r\nFileVersion: 10.0.14393.4169 (rs1_release.210107-1130)\r\nDescription: Anti-Malware Scan Interface\r\nProduct: Microsoft Windows Operating System\r\nCompany: Microsoft Corporation\r\nOriginalFileName: amsi.dll\r\nHashes: SHA1=95D202A39D43B043C9F7FF5B8B75118950720B3A,MD5=89C79675F7FEDEB6373C9D2045F7B7C5,SHA256=5B40293CF56D44377A91BF68CF2113F523B61185F02DEEAB621BE51F0ADA6131,IMPHASH=6FEE5278940E0EA644D3641165D77874\r\nSigned: true\r\nSignature: Microsoft Windows\r\nSignatureStatus: Valid\r\nUser: LUNARSTIIINESS\\tim.smith_admin","Category":"Image loaded (rule: ImageLoad)","Opcode":"Info","RuleName":"technique_id=T1059.001,technique_name=PowerShell","UtcTime":"2023-03-03 17:43:46.451","ProcessGuid":"{BE59402F-31D0-6402-8F01-000000001900}","Image":"C:\\Program Files\\Windows NT\\Accessories\\wordpad.exe","ImageLoaded":"C:\\Windows\\System32\\amsi.dll","FileVersion":"10.0.14393.4169 (rs1_release.210107-1130)","Description":"Anti-Malware Scan Interface","Product":"Microsoft Windows Operating System","Company":"Microsoft Corporation","OriginalFileName":"amsi.dll","Hashes":"SHA1=95D202A39D43B043C9F7FF5B8B75118950720B3A,MD5=89C79675F7FEDEB6373C9D2045F7B7C5,SHA256=5B40293CF56D44377A91BF68CF2113F523B61185F02DEEAB621BE51F0ADA6131,IMPHASH=6FEE5278940E0EA644D3641165D77874","Signed":"true","Signature":"Microsoft Windows","SignatureStatus":"Valid","User":"LUNARSTIIINESS\\tim.smith_admin","EventReceivedTime":1677865429,"SourceModuleName":"in_sysmon","SourceModuleType":"im_msvistalog"}
<14>Mar  3 17:43:59 win-server.lunarstiiiness.com Microsoft-Windows-Sysmon[1288]: {"EventTime":1677865438,"Hostname":"win-server.lunarstiiiness.com","Keywords":-9223372036854775808,"EventType":"INFO","SeverityValue":2,"Severity":"INFO","EventID":1,"SourceName":"Microsoft-Windows-Sysmon","ProviderGuid":"{5770385F-C22A-43E0-BF4C-06F5698FFBD9}","Version":5,"Task":1,"OpcodeValue":0,"RecordNumber":943977,"ProcessID":1288,"ThreadID":2884,"Channel":"Microsoft-Windows-Sysmon/Operational","Domain":"NT AUTHORITY","AccountName":"SYSTEM","UserID":"S-1-5-18","AccountType":"User","Message":"Process Create:\r\nRuleName: technique_id=T1204,technique_name=User Execution\r\nUtcTime: 2023-03-03 17:43:58.935\r\nProcessGuid: {BE59402F-31DE-6402-9301-000000001900}\r\nProcessId: 5472\r\nImage: C:\\Program Files\\Windows NT\\Accessories\\wordpad.exe\r\nFileVersion: 10.0.14393.4169 (rs1_release.210107-1130)\r\nDescription: Windows Wordpad Application\r\nProduct: Microsoft Windows Operating System\r\nCompany: Microsoft Corporation\r\nOriginalFileName: WORDPAD.EXE\r\nCommandLine: \"C:\\Program Files\\Windows NT\\Accessories\\WORDPAD.EXE\" \"D:\\Software\\proof of ownership.docx\"\r\nCurrentDirectory: D:\\Software\\\r\nUser: LUNARSTIIINESS\\tim.smith_admin\r\nLogonGuid: {BE59402F-2E2D-6402-82D4-DA0000000000}\r\nLogonId: 0xDAD482\r\nTerminalSessionId: 3\r\nIntegrityLevel: Medium\r\nHashes: SHA1=75E9078860861A1B154923A8729EED829368FA07,MD5=F45E9480020BED83EDFA09F02D05A358,SHA256=0092CD4A00FB6095663DBBD50B8846CDB03F954274A7BF6A84D1FACE3DB4EAF4,IMPHASH=1587031C30A913539C4C1AF895005B82\r\nParentProcessGuid: {BE59402F-2E41-6402-F900-000000001900}\r\nParentProcessId: 4368\r\nParentImage: C:\\Windows\\explorer.exe\r\nParentCommandLine: C:\\Windows\\Explorer.EXE\r\nParentUser: LUNARSTIIINESS\\tim.smith_admin","Category":"Process Create (rule: ProcessCreate)","Opcode":"Info","RuleName":"technique_id=T1204,technique_name=User Execution","UtcTime":"2023-03-03 17:43:58.935","ProcessGuid":"{BE59402F-31DE-6402-9301-000000001900}","Image":"C:\\Program Files\\Windows NT\\Accessories\\wordpad.exe","FileVersion":"10.0.14393.4169 (rs1_release.210107-1130)","Description":"Windows Wordpad Application","Product":"Microsoft Windows Operating System","Company":"Microsoft Corporation","OriginalFileName":"WORDPAD.EXE","CommandLine":"\"C:\\Program Files\\Windows NT\\Accessories\\WORDPAD.EXE\" \"D:\\Software\\proof of ownership.docx\"","CurrentDirectory":"D:\\Software\\","User":"LUNARSTIIINESS\\tim.smith_admin","LogonGuid":"{BE59402F-2E2D-6402-82D4-DA0000000000}","LogonId":"0xdad482","TerminalSessionId":"3","IntegrityLevel":"Medium","Hashes":"SHA1=75E9078860861A1B154923A8729EED829368FA07,MD5=F45E9480020BED83EDFA09F02D05A358,SHA256=0092CD4A00FB6095663DBBD50B8846CDB03F954274A7BF6A84D1FACE3DB4EAF4,IMPHASH=1587031C30A913539C4C1AF895005B82","ParentProcessGuid":"{BE59402F-2E41-6402-F900-000000001900}","ParentProcessId":"4368","ParentImage":"C:\\Windows\\explorer.exe","ParentCommandLine":"C:\\Windows\\Explorer.EXE","ParentUser":"LUNARSTIIINESS\\tim.smith_admin","EventReceivedTime":1677865439,"SourceModuleName":"in_sysmon","SourceModuleType":"im_msvistalog"}
<14>Mar  3 17:43:59 win-server.lunarstiiiness.com Microsoft-Windows-Sysmon[1288]: {"EventTime":1677865439,"Hostname":"win-server.lunarstiiiness.com","Keywords":-9223372036854775808,"EventType":"INFO","SeverityValue":2,"Severity":"INFO","EventID":7,"SourceName":"Microsoft-Windows-Sysmon","ProviderGuid":"{5770385F-C22A-43E0-BF4C-06F5698FFBD9}","Version":3,"Task":7,"OpcodeValue":0,"RecordNumber":943978,"ProcessID":1288,"ThreadID":2884,"Channel":"Microsoft-Windows-Sysmon/Operational","Domain":"NT AUTHORITY","AccountName":"SYSTEM","UserID":"S-1-5-18","AccountType":"User","Message":"Image loaded:\r\nRuleName: -\r\nUtcTime: 2023-03-03 17:43:59.006\r\nProcessGuid: {BE59402F-31DE-6402-9301-000000001900}\r\nProcessId: 5472\r\nImage: C:\\Program Files\\Windows NT\\Accessories\\wordpad.exe\r\nImageLoaded: C:\\Windows\\System32\\urlmon.dll\r\nFileVersion: 11.00.14393.5582 (rs1_release.221130-1719)\r\nDescription: OLE32 Extensions for Win32\r\nProduct: Internet Explorer\r\nCompany: Microsoft Corporation\r\nOriginalFileName: UrlMon.dll\r\nHashes: SHA1=C04C26B634733A5132FEB47281829DA870E481F2,MD5=A99B52D97035B13B4C06366E1ABE05E7,SHA256=4009730BE3CE17F80A98BEB323FFF3626AF02B7EAE64601B2A0BEF8B87145E9F,IMPHASH=B5AFB93FCF976F12D390F994AD9F4967\r\nSigned: true\r\nSignature: Microsoft Windows\r\nSignatureStatus: Valid\r\nUser: LUNARSTIIINESS\\tim.smith_admin","Category":"Image loaded (rule: ImageLoad)","Opcode":"Info","RuleName":"-","UtcTime":"2023-03-03 17:43:59.006","ProcessGuid":"{BE59402F-31DE-6402-9301-000000001900}","Image":"C:\\Program Files\\Windows NT\\Accessories\\wordpad.exe","ImageLoaded":"C:\\Windows\\System32\\urlmon.dll","FileVersion":"11.00.14393.5582 (rs1_release.221130-1719)","Description":"OLE32 Extensions for Win32","Product":"Internet Explorer","Company":"Microsoft Corporation","OriginalFileName":"UrlMon.dll","Hashes":"SHA1=C04C26B634733A5132FEB47281829DA870E481F2,MD5=A99B52D97035B13B4C06366E1ABE05E7,SHA256=4009730BE3CE17F80A98BEB323FFF3626AF02B7EAE64601B2A0BEF8B87145E9F,IMPHASH=B5AFB93FCF976F12D390F994AD9F4967","Signed":"true","Signature":"Microsoft Windows","SignatureStatus":"Valid","User":"LUNARSTIIINESS\\tim.smith_admin","EventReceivedTime":1677865439,"SourceModuleName":"in_sysmon","SourceModuleType":"im_msvistalog"}
<14>Mar  3 17:43:59 win-server.lunarstiiiness.com Microsoft-Windows-Sysmon[1288]: {"EventTime":1677865439,"Hostname":"win-server.lunarstiiiness.com","Keywords":-9223372036854775808,"EventType":"INFO","SeverityValue":2,"Severity":"INFO","EventID":13,"SourceName":"Microsoft-Windows-Sysmon","ProviderGuid":"{5770385F-C22A-43E0-BF4C-06F5698FFBD9}","Version":2,"Task":13,"OpcodeValue":0,"RecordNumber":943980,"ProcessID":1288,"ThreadID":2884,"Channel":"Microsoft-Windows-Sysmon/Operational","Domain":"NT AUTHORITY","AccountName":"SYSTEM","UserID":"S-1-5-18","AccountType":"User","Message":"Registry value set:\r\nRuleName: -\r\nEventType: SetValue\r\nUtcTime: 2023-03-03 17:43:59.124\r\nProcessGuid: {BE59402F-2E41-6402-F900-000000001900}\r\nProcessId: 4368\r\nImage: C:\\Windows\\Explorer.EXE\r\nTargetObject: HKU\\S-1-5-21-3263964631-4121654051-1417071188-1116\\SOFTWARE\\Microsoft\\Windows\\CurrentVersion\\Explorer\\RecentDocs\\.docx\\MRUListEx\r\nDetails: Binary Data\r\nUser: LUNARSTIIINESS\\tim.smith_admin","Category":"Registry value set (rule: RegistryEvent)","Opcode":"Info","RuleName":"-","UtcTime":"2023-03-03 17:43:59.124","ProcessGuid":"{BE59402F-2E41-6402-F900-000000001900}","Image":"C:\\Windows\\Explorer.EXE","TargetObject":"HKU\\S-1-5-21-3263964631-4121654051-1417071188-1116\\SOFTWARE\\Microsoft\\Windows\\CurrentVersion\\Explorer\\RecentDocs\\.docx\\MRUListEx","Details":"Binary Data","User":"LUNARSTIIINESS\\tim.smith_admin","EventReceivedTime":1677865439,"SourceModuleName":"in_sysmon","SourceModuleType":"im_msvistalog"}
<14>Mar  3 17:43:59 win-server.lunarstiiiness.com Microsoft-Windows-Sysmon[1288]: {"EventTime":1677865439,"Hostname":"win-server.lunarstiiiness.com","Keywords":-9223372036854775808,"EventType":"INFO","SeverityValue":2,"Severity":"INFO","EventID":13,"SourceName":"Microsoft-Windows-Sysmon","ProviderGuid":"{5770385F-C22A-43E0-BF4C-06F5698FFBD9}","Version":2,"Task":13,"OpcodeValue":0,"RecordNumber":943979,"ProcessID":1288,"ThreadID":2884,"Channel":"Microsoft-Windows-Sysmon/Operational","Domain":"NT AUTHORITY","AccountName":"SYSTEM","UserID":"S-1-5-18","AccountType":"User","Message":"Registry value set:\r\nRuleName: -\r\nEventType: SetValue\r\nUtcTime: 2023-03-03 17:43:59.124\r\nProcessGuid: {BE59402F-2E41-6402-F900-000000001900}\r\nProcessId: 4368\r\nImage: C:\\Windows\\Explorer.EXE\r\nTargetObject: HKU\\S-1-5-21-3263964631-4121654051-1417071188-1116\\SOFTWARE\\Microsoft\\Windows\\CurrentVersion\\Explorer\\RecentDocs\\.docx\\1\r\nDetails: Binary Data\r\nUser: LUNARSTIIINESS\\tim.smith_admin","Category":"Registry value set (rule: RegistryEvent)","Opcode":"Info","RuleName":"-","UtcTime":"2023-03-03 17:43:59.124","ProcessGuid":"{BE59402F-2E41-6402-F900-000000001900}","Image":"C:\\Windows\\Explorer.EXE","TargetObject":"HKU\\S-1-5-21-3263964631-4121654051-1417071188-1116\\SOFTWARE\\Microsoft\\Windows\\CurrentVersion\\Explorer\\RecentDocs\\.docx\\1","Details":"Binary Data","User":"LUNARSTIIINESS\\tim.smith_admin","EventReceivedTime":1677865439,"SourceModuleName":"in_sysmon","SourceModuleType":"im_msvistalog"}
