<14>Mar  3 17:34:31 win-server.lunarstiiiness.com Microsoft-Windows-Sysmon[1288]: {"EventTime":1677864870,"Hostname":"win-server.lunarstiiiness.com","Keywords":-9223372036854775808,"EventType":"INFO","SeverityValue":2,"Severity":"INFO","EventID":22,"SourceName":"Microsoft-Windows-Sysmon","ProviderGuid":"{5770385F-C22A-43E0-BF4C-06F5698FFBD9}","Version":5,"Task":22,"OpcodeValue":0,"RecordNumber":930730,"ProcessID":1288,"ThreadID":2904,"Channel":"Microsoft-Windows-Sysmon/Operational","Domain":"NT AUTHORITY","AccountName":"SYSTEM","UserID":"S-1-5-18","AccountType":"User","Message":"Dns query:\r\nRuleName: -\r\nUtcTime: 2023-03-03 17:34:30.443\r\nProcessGuid: {BE59402F-2F72-6402-2901-000000001900}\r\nProcessId: 3556\r\nQueryName: upload.wikimedia.org\r\nQueryStatus: 0\r\nQueryResults: 208.80.153.240;\r\nImage: C:\\Program Files (x86)\\Microsoft\\Edge\\Application\\msedge.exe\r\nUser: LUNARSTIIINESS\\tim.smith_admin","Category":"Dns query (rule: DnsQuery)","Opcode":"Info","RuleName":"-","UtcTime":"2023-03-03 17:34:30.443","ProcessGuid":"{BE59402F-2F72-6402-2901-000000001900}","QueryName":"upload.wikimedia.org","QueryStatus":"0","QueryResults":"208.80.153.240;","Image":"C:\\Program Files (x86)\\Microsoft\\Edge\\Application\\msedge.exe","User":"LUNARSTIIINESS\\tim.smith_admin","EventReceivedTime":1677864871,"SourceModuleName":"in_sysmon","SourceModuleType":"im_msvistalog"}
<14>Mar  3 17:34:31 win-server.lunarstiiiness.com Microsoft-Windows-Sysmon[1288]: {"EventTime":1677864870,"Hostname":"win-server.lunarstiiiness.com","Keywords":-9223372036854775808,"EventType":"INFO","SeverityValue":2,"Severity":"INFO","EventID":22,"SourceName":"Microsoft-Windows-Sysmon","ProviderGuid":"{5770385F-C22A-43E0-BF4C-06F5698FFBD9}","Version":5,"Task":22,"OpcodeValue":0,"RecordNumber":930731,"ProcessID":1288,"ThreadID":2904,"Channel":"Microsoft-Windows-Sysmon/Operational","Domain":"NT AUTHORITY","AccountName":"SYSTEM","UserID":"S-1-5-18","AccountType":"User","Message":"Dns query:\r\nRuleName: -\r\nUtcTime: 2023-03-03 17:34:30.501\r\nProcessGuid: {BE59402F-2F72-6402-2901-000000001900}\r\nProcessId: 3556\r\nQueryName: en.wikipedia.org\r\nQueryStatus: 0\r\nQueryResults: type:  5 dyna.wikimedia.org;208.80.153.224;\r\nImage: C:\\Program Files (x86)\\Microsoft\\Edge\\Application\\msedge.exe\r\nUser: LUNARSTIIINESS\\tim.smith_admin","Category":"Dns query (rule: DnsQuery)","Opcode":"Info","RuleName":"-","UtcTime":"2023-03-03 17:34:30.501","ProcessGuid":"{BE59402F-2F72-6402-2901-000000001900}","QueryName":"en.wikipedia.org","QueryStatus":"0","QueryResults":"type:  5 dyna.wikimedia.org;208.80.153.224;","Image":"C:\\Program Files (x86)\\Microsoft\\Edge\\Application\\msedge.exe","User":"LUNARSTIIINESS\\tim.smith_admin","EventReceivedTime":1677864871,"SourceModuleName":"in_sysmon","SourceModuleType":"im_msvistalog"}
<14>Mar  3 17:34:34 win-server.lunarstiiiness.com Microsoft-Windows-Sysmon[1288]: {"EventTime":1677864873,"Hostname":"win-server.lunarstiiiness.com","Keywords":-9223372036854775808,"EventType":"INFO","SeverityValue":2,"Severity":"INFO","EventID":22,"SourceName":"Microsoft-Windows-Sysmon","ProviderGuid":"{5770385F-C22A-43E0-BF4C-06F5698FFBD9}","Version":5,"Task":22,"OpcodeValue":0,"RecordNumber":930732,"ProcessID":1288,"ThreadID":2904,"Channel":"Microsoft-Windows-Sysmon/Operational","Domain":"NT AUTHORITY","AccountName":"SYSTEM","UserID":"S-1-5-18","AccountType":"User","Message":"Dns query:\r\nRuleName: -\r\nUtcTime: 2023-03-03 17:34:33.006\r\nProcessGuid: {BE59402F-2F72-6402-2901-000000001900}\r\nProcessId: 3556\r\nQueryName: res.cdn.office.net\r\nQueryStatus: 0\r\nQueryResults: type:  5 res-prod.trafficmanager.net;type:  5 res-1-tls.cdn.office.net;type:  5 owamail.public.cdn.office.net.edgekey.net;type:  5 owamail.public.cdn.office.net.edgekey.net.globalredir.akadns.net;type:  5 e40491.dscg.akamaiedge.net;23.192.220.5;23.192.220.13;\r\nImage: C:\\Program Files (x86)\\Microsoft\\Edge\\Application\\msedge.exe\r\nUser: LUNARSTIIINESS\\tim.smith_admin","Category":"Dns query (rule: DnsQuery)","Opcode":"Info","RuleName":"-","UtcTime":"2023-03-03 17:34:33.006","ProcessGuid":"{BE59402F-2F72-6402-2901-000000001900}","QueryName":"res.cdn.office.net","QueryStatus":"0","QueryResults":"type:  5 res-prod.trafficmanager.net;type:  5 res-1-tls.cdn.office.net;type:  5 owamail.public.cdn.office.net.edgekey.net;type:  5 owamail.public.cdn.office.net.edgekey.net.globalredir.akadns.net;type:  5 e40491.dscg.akamaiedge.net;23.192.220.5;23.192.220.13;","Image":"C:\\Program Files (x86)\\Microsoft\\Edge\\Application\\msedge.exe","User":"LUNARSTIIINESS\\tim.smith_admin","EventReceivedTime":1677864874,"SourceModuleName":"in_sysmon","SourceModuleType":"im_msvistalog"}
<14>Mar  3 17:34:34 win-server.lunarstiiiness.com Microsoft-Windows-Sysmon[1288]: {"EventTime":1677864873,"Hostname":"win-server.lunarstiiiness.com","Keywords":-9223372036854775808,"EventType":"INFO","SeverityValue":2,"Severity":"INFO","EventID":22,"SourceName":"Microsoft-Windows-Sysmon","ProviderGuid":"{5770385F-C22A-43E0-BF4C-06F5698FFBD9}","Version":5,"Task":22,"OpcodeValue":0,"RecordNumber":930733,"ProcessID":1288,"ThreadID":2904,"Channel":"Microsoft-Windows-Sysmon/Operational","Domain":"NT AUTHORITY","AccountName":"SYSTEM","UserID":"S-1-5-18","AccountType":"User","Message":"Dns query:\r\nRuleName: -\r\nUtcTime: 2023-03-03 17:34:33.024\r\nProcessGuid: {BE59402F-2F72-6402-2901-000000001900}\r\nProcessId: 3556\r\nQueryName: tags.tiqcdn.com\r\nQueryStatus: 0\r\nQueryResults: type:  5 dzfq4ouujrxm8.cloudfront.net;13.249.141.120;13.249.141.89;13.249.141.96;13.249.141.68;\r\nImage: C:\\Program Files (x86)\\Microsoft\\Edge\\Application\\msedge.exe\r\nUser: LUNARSTIIINESS\\tim.smith_admin","Category":"Dns query (rule: DnsQuery)","Opcode":"Info","RuleName":"-","UtcTime":"2023-03-03 17:34:33.024","ProcessGuid":"{BE59402F-2F72-6402-2901-000000001900}","QueryName":"tags.tiqcdn.com","QueryStatus":"0","QueryResults":"type:  5 dzfq4ouujrxm8.cloudfront.net;13.249.141.120;13.249.141.89;13.249.141.96;13.249.141.68;","Image":"C:\\Program Files (x86)\\Microsoft\\Edge\\Application\\msedge.exe","User":"LUNARSTIIINESS\\tim.smith_admin","EventReceivedTime":1677864874,"SourceModuleName":"in_sysmon","SourceModuleType":"im_msvistalog"}
<14>Mar  3 17:34:34 win-server.lunarstiiiness.com Microsoft-Windows-Sysmon[1288]: {"EventTime":1677864873,"Hostname":"win-server.lunarstiiiness.com","Keywords":-9223372036854775808,"EventType":"INFO","SeverityValue":2,"Severity":"INFO","EventID":22,"SourceName":"Microsoft-Windows-Sysmon","ProviderGuid":"{5770385F-C22A-43E0-BF4C-06F5698FFBD9}","Version":5,"Task":22,"OpcodeValue":0,"RecordNumber":930734,"ProcessID":1288,"ThreadID":2904,"Channel":"Microsoft-Windows-Sysmon/Operational","Domain":"NT AUTHORITY","AccountName":"SYSTEM","UserID":"S-1-5-18","AccountType":"User","Message":"Dns query:\r\nRuleName: -\r\nUtcTime: 2023-03-03 17:34:33.026\r\nProcessGuid: {BE59402F-2F72-6402-2901-000000001900}\r\nProcessId: 3556\r\nQueryName: ups.inq.com\r\nQueryStatus: 0\r\nQueryResults: type:  5 ts-us1.inq.com;type:  5 ts-inq-us1.trafficmanager.net;type:  5 ts-inq-us1.eastus2.cloudapp.azure.com;52.177.241.160;\r\nImage: C:\\Program Files (x86)\\Microsoft\\Edge\\Application\\msedge.exe\r\nUser: LUNARSTIIINESS\\tim.smith_admin","Category":"Dns query (rule: DnsQuery)","Opcode":"Info","RuleName":"-","UtcTime":"2023-03-03 17:34:33.026","ProcessGuid":"{BE59402F-2F72-6402-2901-000000001900}","QueryName":"ups.inq.com","QueryStatus":"0","QueryResults":"type:  5 ts-us1.inq.com;type:  5 ts-inq-us1.trafficmanager.net;type:  5 ts-inq-us1.eastus2.cloudapp.azure.com;52.177.241.160;","Image":"C:\\Program Files (x86)\\Microsoft\\Edge\\Application\\msedge.exe","User":"LUNARSTIIINESS\\tim.smith_admin","EventReceivedTime":1677864874,"SourceModuleName":"in_sysmon","SourceModuleType":"im_msvistalog"}
<14>Mar  3 17:34:34 win-server.lunarstiiiness.com Microsoft-Windows-Sysmon[1288]: {"EventTime":1677864873,"Hostname":"win-server.lunarstiiiness.com","Keywords":-9223372036854775808,"EventType":"INFO","SeverityValue":2,"Severity":"INFO","EventID":22,"SourceName":"Microsoft-Windows-Sysmon","ProviderGuid":"{5770385F-C22A-43E0-BF4C-06F5698FFBD9}","Version":5,"Task":22,"OpcodeValue":0,"RecordNumber":930735,"ProcessID":1288,"ThreadID":2904,"Channel":"Microsoft-Windows-Sysmon/Operational","Domain":"NT AUTHORITY","AccountName":"SYSTEM","UserID":"S-1-5-18","AccountType":"User","Message":"Dns query:\r\nRuleName: -\r\nUtcTime: 2023-03-03 17:34:33.035\r\nProcessGuid: {BE59402F-2F72-6402-2901-000000001900}\r\nProcessId: 3556\r\nQueryName: akamai.tiqcdn.com\r\nQueryStatus: 0\r\nQueryResults: type:  5 tags.tiqcdn.com.edgekey.net;type:  5 e8091.a.akamaiedge.net;23.200.44.230;\r\nImage: C:\\Program Files (x86)\\Microsoft\\Edge\\Application\\msedge.exe\r\nUser: LUNARSTIIINESS\\tim.smith_admin","Category":"Dns query (rule: DnsQuery)","Opcode":"Info","RuleName":"-","UtcTime":"2023-03-03 17:34:33.035","ProcessGuid":"{BE59402F-2F72-6402-2901-000000001900}","QueryName":"akamai.tiqcdn.com","QueryStatus":"0","QueryResults":"type:  5 tags.tiqcdn.com.edgekey.net;type:  5 e8091.a.akamaiedge.net;23.200.44.230;","Image":"C:\\Program Files (x86)\\Microsoft\\Edge\\Application\\msedge.exe","User":"LUNARSTIIINESS\\tim.smith_admin","EventReceivedTime":1677864874,"SourceModuleName":"in_sysmon","SourceModuleType":"im_msvistalog"}
<14>Mar  3 17:34:34 win-server.lunarstiiiness.com Microsoft-Windows-Sysmon[1288]: {"EventTime":1677864873,"Hostname":"win-server.lunarstiiiness.com","Keywords":-9223372036854775808,"EventType":"INFO","SeverityValue":2,"Severity":"INFO","EventID":22,"SourceName":"Microsoft-Windows-Sysmon","ProviderGuid":"{5770385F-C22A-43E0-BF4C-06F5698FFBD9}","Version":5,"Task":22,"OpcodeValue":0,"RecordNumber":930736,"ProcessID":1288,"ThreadID":2904,"Channel":"Microsoft-Windows-Sysmon/Operational","Domain":"NT AUTHORITY","AccountName":"SYSTEM","UserID":"S-1-5-18","AccountType":"User","Message":"Dns query:\r\nRuleName: -\r\nUtcTime: 2023-03-03 17:34:33.044\r\nProcessGuid: {BE59402F-2F72-6402-2901-000000001900}\r\nProcessId: 3556\r\nQueryName: collect.tealiumiq.com\r\nQueryStatus: 0\r\nQueryResults: 52.202.102.187;34.234.122.227;44.210.227.29;3.92.9.131;52.4.134.50;52.71.115.122;34.206.171.66;44.205.83.8;\r\nImage: C:\\Program Files (x86)\\Microsoft\\Edge\\Application\\msedge.exe\r\nUser: LUNARSTIIINESS\\tim.smith_admin","Category":"Dns query (rule: DnsQuery)","Opcode":"Info","RuleName":"-","UtcTime":"2023-03-03 17:34:33.044","ProcessGuid":"{BE59402F-2F72-6402-2901-000000001900}","QueryName":"collect.tealiumiq.com","QueryStatus":"0","QueryResults":"52.202.102.187;34.234.122.227;44.210.227.29;3.92.9.131;52.4.134.50;52.71.115.122;34.206.171.66;44.205.83.8;","Image":"C:\\Program Files (x86)\\Microsoft\\Edge\\Application\\msedge.exe","User":"LUNARSTIIINESS\\tim.smith_admin","EventReceivedTime":1677864874,"SourceModuleName":"in_sysmon","SourceModuleType":"im_msvistalog"}
<14>Mar  3 17:34:34 win-server.lunarstiiiness.com Microsoft-Windows-Sysmon[1288]: {"EventTime":1677864873,"Hostname":"win-server.lunarstiiiness.com","Keywords":-9223372036854775808,"EventType":"INFO","SeverityValue":2,"Severity":"INFO","EventID":22,"SourceName":"Microsoft-Windows-Sysmon","ProviderGuid":"{5770385F-C22A-43E0-BF4C-06F5698FFBD9}","Version":5,"Task":22,"OpcodeValue":0,"RecordNumber":930737,"ProcessID":1288,"ThreadID":2904,"Channel":"Microsoft-Windows-Sysmon/Operational","Domain":"NT AUTHORITY","AccountName":"SYSTEM","UserID":"S-1-5-18","AccountType":"User","Message":"Dns query:\r\nRuleName: -\r\nUtcTime: 2023-03-03 17:34:33.048\r\nProcessGuid: {BE59402F-2F72-6402-2901-000000001900}\r\nProcessId: 3556\r\nQueryName: scripts.demandbase.com\r\nQueryStatus: 0\r\nQueryResults: 65.8.49.21;65.8.49.119;65.8.49.100;65.8.49.58;\r\nImage: C:\\Program Files (x86)\\Microsoft\\Edge\\Application\\msedge.exe\r\nUser: LUNARSTIIINESS\\tim.smith_admin","Category":"Dns query (rule: DnsQuery)","Opcode":"Info","RuleName":"-","UtcTime":"2023-03-03 17:34:33.048","ProcessGuid":"{BE59402F-2F72-6402-2901-000000001900}","QueryName":"scripts.demandbase.com","QueryStatus":"0","QueryResults":"65.8.49.21;65.8.49.119;65.8.49.100;65.8.49.58;","Image":"C:\\Program Files (x86)\\Microsoft\\Edge\\Application\\msedge.exe","User":"LUNARSTIIINESS\\tim.smith_admin","EventReceivedTime":1677864874,"SourceModuleName":"in_sysmon","SourceModuleType":"im_msvistalog"}
<14>Mar  3 17:34:34 win-server.lunarstiiiness.com Microsoft-Windows-Sysmon[1288]: {"EventTime":1677864873,"Hostname":"win-server.lunarstiiiness.com","Keywords":-9223372036854775808,"EventType":"INFO","SeverityValue":2,"Severity":"INFO","EventID":22,"SourceName":"Microsoft-Windows-Sysmon","ProviderGuid":"{5770385F-C22A-43E0-BF4C-06F5698FFBD9}","Version":5,"Task":22,"OpcodeValue":0,"RecordNumber":930738,"ProcessID":1288,"ThreadID":2904,"Channel":"Microsoft-Windows-Sysmon/Operational","Domain":"NT AUTHORITY","AccountName":"SYSTEM","UserID":"S-1-5-18","AccountType":"User","Message":"Dns query:\r\nRuleName: -\r\nUtcTime: 2023-03-03 17:34:33.195\r\nProcessGuid: {BE59402F-2F72-6402-2901-000000001900}\r\nProcessId: 3556\r\nQueryName: media-us1.digital.nuance.com\r\nQueryStatus: 0\r\nQueryResults: type:  5 media-dnc-us1.azureedge.net;type:  5 media-dnc-us1.afd.azureedge.net;type:  5 region-azurefd-prod-ts1.trafficmanager.net;type:  5 dual.part-0010.t-0009.t-s1-msedge.net;type:  5 part-0010.t-0009.t-s1-msedge.net;13.107.228.21;13.107.229.21;\r\nImage: C:\\Program Files (x86)\\Microsoft\\Edge\\Application\\msedge.exe\r\nUser: LUNARSTIIINESS\\tim.smith_admin","Category":"Dns query (rule: DnsQuery)","Opcode":"Info","RuleName":"-","UtcTime":"2023-03-03 17:34:33.195","ProcessGuid":"{BE59402F-2F72-6402-2901-000000001900}","QueryName":"media-us1.digital.nuance.com","QueryStatus":"0","QueryResults":"type:  5 media-dnc-us1.azureedge.net;type:  5 media-dnc-us1.afd.azureedge.net;type:  5 region-azurefd-prod-ts1.trafficmanager.net;type:  5 dual.part-0010.t-0009.t-s1-msedge.net;type:  5 part-0010.t-0009.t-s1-msedge.net;13.107.228.21;13.107.229.21;","Image":"C:\\Program Files (x86)\\Microsoft\\Edge\\Application\\msedge.exe","User":"LUNARSTIIINESS\\tim.smith_admin","EventReceivedTime":1677864874,"SourceModuleName":"in_sysmon","SourceModuleType":"im_msvistalog"}
<14>Mar  3 17:34:34 win-server.lunarstiiiness.com Microsoft-Windows-Sysmon[1288]: {"EventTime":1677864873,"Hostname":"win-server.lunarstiiiness.com","Keywords":-9223372036854775808,"EventType":"INFO","SeverityValue":2,"Severity":"INFO","EventID":22,"SourceName":"Microsoft-Windows-Sysmon","ProviderGuid":"{5770385F-C22A-43E0-BF4C-06F5698FFBD9}","Version":5,"Task":22,"OpcodeValue":0,"RecordNumber":930739,"ProcessID":1288,"ThreadID":2904,"Channel":"Microsoft-Windows-Sysmon/Operational","Domain":"NT AUTHORITY","AccountName":"SYSTEM","UserID":"S-1-5-18","AccountType":"User","Message":"Dns query:\r\nRuleName: -\r\nUtcTime: 2023-03-03 17:34:33.216\r\nProcessGuid: {BE59402F-2F72-6402-2901-000000001900}\r\nProcessId: 3556\r\nQueryName: connect.facebook.net\r\nQueryStatus: 0\r\nQueryResults: type:  5 scontent.xx.fbcdn.net;157.240.254.7;\r\nImage: C:\\Program Files (x86)\\Microsoft\\Edge\\Application\\msedge.exe\r\nUser: LUNARSTIIINESS\\tim.smith_admin","Category":"Dns query (rule: DnsQuery)","Opcode":"Info","RuleName":"-","UtcTime":"2023-03-03 17:34:33.216","ProcessGuid":"{BE59402F-2F72-6402-2901-000000001900}","QueryName":"connect.facebook.net","QueryStatus":"0","QueryResults":"type:  5 scontent.xx.fbcdn.net;157.240.254.7;","Image":"C:\\Program Files (x86)\\Microsoft\\Edge\\Application\\msedge.exe","User":"LUNARSTIIINESS\\tim.smith_admin","EventReceivedTime":1677864874,"SourceModuleName":"in_sysmon","SourceModuleType":"im_msvistalog"}
<14>Mar  3 17:34:36 win-server.lunarstiiiness.com Microsoft-Windows-Sysmon[1288]: {"EventTime":1677864874,"Hostname":"win-server.lunarstiiiness.com","Keywords":-9223372036854775808,"EventType":"INFO","SeverityValue":2,"Severity":"INFO","EventID":22,"SourceName":"Microsoft-Windows-Sysmon","ProviderGuid":"{5770385F-C22A-43E0-BF4C-06F5698FFBD9}","Version":5,"Task":22,"OpcodeValue":0,"RecordNumber":930740,"ProcessID":1288,"ThreadID":2904,"Channel":"Microsoft-Windows-Sysmon/Operational","Domain":"NT AUTHORITY","AccountName":"SYSTEM","UserID":"S-1-5-18","AccountType":"User","Message":"Dns query:\r\nRuleName: -\r\nUtcTime: 2023-03-03 17:34:33.763\r\nProcessGuid: {BE59402F-2F72-6402-2901-000000001900}\r\nProcessId: 3556\r\nQueryName: mboxedge.tt.omtrdc.net\r\nQueryStatus: 0\r\nQueryResults: type:  5 mboxedge35.tt.omtrdc.net;type:  5 mboxedge35-alb.tt.omtrdc.net;34.211.73.73;52.40.11.173;44.238.29.100;44.241.57.139;52.32.91.22;34.208.174.31;44.230.207.13;52.38.5.182;\r\nImage: C:\\Program Files (x86)\\Microsoft\\Edge\\Application\\msedge.exe\r\nUser: LUNARSTIIINESS\\tim.smith_admin","Category":"Dns query (rule: DnsQuery)","Opcode":"Info","RuleName":"-","UtcTime":"2023-03-03 17:34:33.763","ProcessGuid":"{BE59402F-2F72-6402-2901-000000001900}","QueryName":"mboxedge.tt.omtrdc.net","QueryStatus":"0","QueryResults":"type:  5 mboxedge35.tt.omtrdc.net;type:  5 mboxedge35-alb.tt.omtrdc.net;34.211.73.73;52.40.11.173;44.238.29.100;44.241.57.139;52.32.91.22;34.208.174.31;44.230.207.13;52.38.5.182;","Image":"C:\\Program Files (x86)\\Microsoft\\Edge\\Application\\msedge.exe","User":"LUNARSTIIINESS\\tim.smith_admin","EventReceivedTime":1677864876,"SourceModuleName":"in_sysmon","SourceModuleType":"im_msvistalog"}
<14>Mar  3 17:34:36 win-server.lunarstiiiness.com Microsoft-Windows-Sysmon[1288]: {"EventTime":1677864874,"Hostname":"win-server.lunarstiiiness.com","Keywords":-9223372036854775808,"EventType":"INFO","SeverityValue":2,"Severity":"INFO","EventID":22,"SourceName":"Microsoft-Windows-Sysmon","ProviderGuid":"{5770385F-C22A-43E0-BF4C-06F5698FFBD9}","Version":5,"Task":22,"OpcodeValue":0,"RecordNumber":930741,"ProcessID":1288,"ThreadID":2904,"Channel":"Microsoft-Windows-Sysmon/Operational","Domain":"NT AUTHORITY","AccountName":"SYSTEM","UserID":"S-1-5-18","AccountType":"User","Message":"Dns query:\r\nRuleName: -\r\nUtcTime: 2023-03-03 17:34:33.777\r\nProcessGuid: {BE59402F-2F72-6402-2901-000000001900}\r\nProcessId: 3556\r\nQueryName: www.bac-assets.com\r\nQueryStatus: 0\r\nQueryResults: type:  5 cs710.wac.chicdn.net;192.229.173.41;\r\nImage: C:\\Program Files (x86)\\Microsoft\\Edge\\Application\\msedge.exe\r\nUser: LUNARSTIIINESS\\tim.smith_admin","Category":"Dns query (rule: DnsQuery)","Opcode":"Info","RuleName":"-","UtcTime":"2023-03-03 17:34:33.777","ProcessGuid":"{BE59402F-2F72-6402-2901-000000001900}","QueryName":"www.bac-assets.com","QueryStatus":"0","QueryResults":"type:  5 cs710.wac.chicdn.net;192.229.173.41;","Image":"C:\\Program Files (x86)\\Microsoft\\Edge\\Application\\msedge.exe","User":"LUNARSTIIINESS\\tim.smith_admin","EventReceivedTime":1677864876,"SourceModuleName":"in_sysmon","SourceModuleType":"im_msvistalog"}
<14>Mar  3 17:34:36 win-server.lunarstiiiness.com Microsoft-Windows-Sysmon[1288]: {"EventTime":1677864874,"Hostname":"win-server.lunarstiiiness.com","Keywords":-9223372036854775808,"EventType":"INFO","SeverityValue":2,"Severity":"INFO","EventID":22,"SourceName":"Microsoft-Windows-Sysmon","ProviderGuid":"{5770385F-C22A-43E0-BF4C-06F5698FFBD9}","Version":5,"Task":22,"OpcodeValue":0,"RecordNumber":930743,"ProcessID":1288,"ThreadID":2904,"Channel":"Microsoft-Windows-Sysmon/Operational","Domain":"NT AUTHORITY","AccountName":"SYSTEM","UserID":"S-1-5-18","AccountType":"User","Message":"Dns query:\r\nRuleName: -\r\nUtcTime: 2023-03-03 17:34:33.788\r\nProcessGuid: {BE59402F-2F72-6402-2901-000000001900}\r\nProcessId: 3556\r\nQueryName: www1.bac-assets.com\r\nQueryStatus: 0\r\nQueryResults: type:  5 cs676.wac.chicdn.net;192.229.163.230;\r\nImage: C:\\Program Files (x86)\\Microsoft\\Edge\\Application\\msedge.exe\r\nUser: LUNARSTIIINESS\\tim.smith_admin","Category":"Dns query (rule: DnsQuery)","Opcode":"Info","RuleName":"-","UtcTime":"2023-03-03 17:34:33.788","ProcessGuid":"{BE59402F-2F72-6402-2901-000000001900}","QueryName":"www1.bac-assets.com","QueryStatus":"0","QueryResults":"type:  5 cs676.wac.chicdn.net;192.229.163.230;","Image":"C:\\Program Files (x86)\\Microsoft\\Edge\\Application\\msedge.exe","User":"LUNARSTIIINESS\\tim.smith_admin","EventReceivedTime":1677864876,"SourceModuleName":"in_sysmon","SourceModuleType":"im_msvistalog"}
<14>Mar  3 17:34:36 win-server.lunarstiiiness.com Microsoft-Windows-Sysmon[1288]: {"EventTime":1677864874,"Hostname":"win-server.lunarstiiiness.com","Keywords":-9223372036854775808,"EventType":"INFO","SeverityValue":2,"Severity":"INFO","EventID":22,"SourceName":"Microsoft-Windows-Sysmon","ProviderGuid":"{5770385F-C22A-43E0-BF4C-06F5698FFBD9}","Version":5,"Task":22,"OpcodeValue":0,"RecordNumber":930742,"ProcessID":1288,"ThreadID":2904,"Channel":"Microsoft-Windows-Sysmon/Operational","Domain":"NT AUTHORITY","AccountName":"SYSTEM","UserID":"S-1-5-18","AccountType":"User","Message":"Dns query:\r\nRuleName: -\r\nUtcTime: 2023-03-03 17:34:33.788\r\nProcessGuid: {BE59402F-2F72-6402-2901-000000001900}\r\nProcessId: 3556\r\nQueryName: www2.bac-assets.com\r\nQueryStatus: 0\r\nQueryResults: type:  5 cs677.wac.chicdn.net;192.229.163.231;\r\nImage: C:\\Program Files (x86)\\Microsoft\\Edge\\Application\\msedge.exe\r\nUser: LUNARSTIIINESS\\tim.smith_admin","Category":"Dns query (rule: DnsQuery)","Opcode":"Info","RuleName":"-","UtcTime":"2023-03-03 17:34:33.788","ProcessGuid":"{BE59402F-2F72-6402-2901-000000001900}","QueryName":"www2.bac-assets.com","QueryStatus":"0","QueryResults":"type:  5 cs677.wac.chicdn.net;192.229.163.231;","Image":"C:\\Program Files (x86)\\Microsoft\\Edge\\Application\\msedge.exe","User":"LUNARSTIIINESS\\tim.smith_admin","EventReceivedTime":1677864876,"SourceModuleName":"in_sysmon","SourceModuleType":"im_msvistalog"}
<14>Mar  3 17:34:36 win-server.lunarstiiiness.com Microsoft-Windows-Sysmon[1288]: {"EventTime":1677864874,"Hostname":"win-server.lunarstiiiness.com","Keywords":-9223372036854775808,"EventType":"INFO","SeverityValue":2,"Severity":"INFO","EventID":22,"SourceName":"Microsoft-Windows-Sysmon","ProviderGuid":"{5770385F-C22A-43E0-BF4C-06F5698FFBD9}","Version":5,"Task":22,"OpcodeValue":0,"RecordNumber":930744,"ProcessID":1288,"ThreadID":2904,"Channel":"Microsoft-Windows-Sysmon/Operational","Domain":"NT AUTHORITY","AccountName":"SYSTEM","UserID":"S-1-5-18","AccountType":"User","Message":"Dns query:\r\nRuleName: -\r\nUtcTime: 2023-03-03 17:34:33.793\r\nProcessGuid: {BE59402F-2F72-6402-2901-000000001900}\r\nProcessId: 3556\r\nQueryName: sofa.bankofamerica.com\r\nQueryStatus: 0\r\nQueryResults: 54.224.36.233;54.144.151.173;3.86.136.12;\r\nImage: C:\\Program Files (x86)\\Microsoft\\Edge\\Application\\msedge.exe\r\nUser: LUNARSTIIINESS\\tim.smith_admin","Category":"Dns query (rule: DnsQuery)","Opcode":"Info","RuleName":"-","UtcTime":"2023-03-03 17:34:33.793","ProcessGuid":"{BE59402F-2F72-6402-2901-000000001900}","QueryName":"sofa.bankofamerica.com","QueryStatus":"0","QueryResults":"54.224.36.233;54.144.151.173;3.86.136.12;","Image":"C:\\Program Files (x86)\\Microsoft\\Edge\\Application\\msedge.exe","User":"LUNARSTIIINESS\\tim.smith_admin","EventReceivedTime":1677864876,"SourceModuleName":"in_sysmon","SourceModuleType":"im_msvistalog"}
<14>Mar  3 17:34:36 win-server.lunarstiiiness.com Microsoft-Windows-Sysmon[1288]: {"EventTime":1677864874,"Hostname":"win-server.lunarstiiiness.com","Keywords":-9223372036854775808,"EventType":"INFO","SeverityValue":2,"Severity":"INFO","EventID":22,"SourceName":"Microsoft-Windows-Sysmon","ProviderGuid":"{5770385F-C22A-43E0-BF4C-06F5698FFBD9}","Version":5,"Task":22,"OpcodeValue":0,"RecordNumber":930745,"ProcessID":1288,"ThreadID":2904,"Channel":"Microsoft-Windows-Sysmon/Operational","Domain":"NT AUTHORITY","AccountName":"SYSTEM","UserID":"S-1-5-18","AccountType":"User","Message":"Dns query:\r\nRuleName: -\r\nUtcTime: 2023-03-03 17:34:33.957\r\nProcessGuid: {BE59402F-2F72-6402-2901-000000001900}\r\nProcessId: 3556\r\nQueryName: dull.bankofamerica.com\r\nQueryStatus: 0\r\nQueryResults: type:  5 prod-lb-10-490190718.us-east-1.elb.amazonaws.com;34.207.40.178;34.225.200.158;3.208.224.251;54.144.42.218;54.224.230.126;34.237.77.247;\r\nImage: C:\\Program Files (x86)\\Microsoft\\Edge\\Application\\msedge.exe\r\nUser: LUNARSTIIINESS\\tim.smith_admin","Category":"Dns query (rule: DnsQuery)","Opcode":"Info","RuleName":"-","UtcTime":"2023-03-03 17:34:33.957","ProcessGuid":"{BE59402F-2F72-6402-2901-000000001900}","QueryName":"dull.bankofamerica.com","QueryStatus":"0","QueryResults":"type:  5 prod-lb-10-490190718.us-east-1.elb.amazonaws.com;34.207.40.178;34.225.200.158;3.208.224.251;54.144.42.218;54.224.230.126;34.237.77.247;","Image":"C:\\Program Files (x86)\\Microsoft\\Edge\\Application\\msedge.exe","User":"LUNARSTIIINESS\\tim.smith_admin","EventReceivedTime":1677864876,"SourceModuleName":"in_sysmon","SourceModuleType":"im_msvistalog"}
<14>Mar  3 17:34:36 win-server.lunarstiiiness.com Microsoft-Windows-Sysmon[1288]: {"EventTime":1677864874,"Hostname":"win-server.lunarstiiiness.com","Keywords":-9223372036854775808,"EventType":"INFO","SeverityValue":2,"Severity":"INFO","EventID":22,"SourceName":"Microsoft-Windows-Sysmon","ProviderGuid":"{5770385F-C22A-43E0-BF4C-06F5698FFBD9}","Version":5,"Task":22,"OpcodeValue":0,"RecordNumber":930746,"ProcessID":1288,"ThreadID":2904,"Channel":"Microsoft-Windows-Sysmon/Operational","Domain":"NT AUTHORITY","AccountName":"SYSTEM","UserID":"S-1-5-18","AccountType":"User","Message":"Dns query:\r\nRuleName: -\r\nUtcTime: 2023-03-03 17:34:33.991\r\nProcessGuid: {BE59402F-2F72-6402-2901-000000001900}\r\nProcessId: 3556\r\nQueryName: dune.bankofamerica.com\r\nQueryStatus: 0\r\nQueryResults: type:  5 prod-lb-8-1772099769.us-east-1.elb.amazonaws.com;18.204.162.154;52.3.189.125;54.242.18.95;34.231.206.37;3.209.95.48;184.73.82.11;\r\nImage: C:\\Program Files (x86)\\Microsoft\\Edge\\Application\\msedge.exe\r\nUser: LUNARSTIIINESS\\tim.smith_admin","Category":"Dns query (rule: DnsQuery)","Opcode":"Info","RuleName":"-","UtcTime":"2023-03-03 17:34:33.991","ProcessGuid":"{BE59402F-2F72-6402-2901-000000001900}","QueryName":"dune.bankofamerica.com","QueryStatus":"0","QueryResults":"type:  5 prod-lb-8-1772099769.us-east-1.elb.amazonaws.com;18.204.162.154;52.3.189.125;54.242.18.95;34.231.206.37;3.209.95.48;184.73.82.11;","Image":"C:\\Program Files (x86)\\Microsoft\\Edge\\Application\\msedge.exe","User":"LUNARSTIIINESS\\tim.smith_admin","EventReceivedTime":1677864876,"SourceModuleName":"in_sysmon","SourceModuleType":"im_msvistalog"}
<14>Mar  3 17:34:36 win-server.lunarstiiiness.com Microsoft-Windows-Sysmon[1288]: {"EventTime":1677864874,"Hostname":"win-server.lunarstiiiness.com","Keywords":-9223372036854775808,"EventType":"INFO","SeverityValue":2,"Severity":"INFO","EventID":22,"SourceName":"Microsoft-Windows-Sysmon","ProviderGuid":"{5770385F-C22A-43E0-BF4C-06F5698FFBD9}","Version":5,"Task":22,"OpcodeValue":0,"RecordNumber":930747,"ProcessID":1288,"ThreadID":2904,"Channel":"Microsoft-Windows-Sysmon/Operational","Domain":"NT AUTHORITY","AccountName":"SYSTEM","UserID":"S-1-5-18","AccountType":"User","Message":"Dns query:\r\nRuleName: -\r\nUtcTime: 2023-03-03 17:34:33.994\r\nProcessGuid: {BE59402F-2F72-6402-2901-000000001900}\r\nProcessId: 3556\r\nQueryName: boss.bankofamerica.com\r\nQueryStatus: 0\r\nQueryResults: type:  5 prod-lb-9-1476932994.us-east-1.elb.amazonaws.com;107.21.99.51;23.21.87.2;3.89.0.212;44.194.92.208;54.145.28.35;34.237.147.82;\r\nImage: C:\\Program Files (x86)\\Microsoft\\Edge\\Application\\msedge.exe\r\nUser: LUNARSTIIINESS\\tim.smith_admin","Category":"Dns query (rule: DnsQuery)","Opcode":"Info","RuleName":"-","UtcTime":"2023-03-03 17:34:33.994","ProcessGuid":"{BE59402F-2F72-6402-2901-000000001900}","QueryName":"boss.bankofamerica.com","QueryStatus":"0","QueryResults":"type:  5 prod-lb-9-1476932994.us-east-1.elb.amazonaws.com;107.21.99.51;23.21.87.2;3.89.0.212;44.194.92.208;54.145.28.35;34.237.147.82;","Image":"C:\\Program Files (x86)\\Microsoft\\Edge\\Application\\msedge.exe","User":"LUNARSTIIINESS\\tim.smith_admin","EventReceivedTime":1677864876,"SourceModuleName":"in_sysmon","SourceModuleType":"im_msvistalog"}
<14>Mar  3 17:34:36 win-server.lunarstiiiness.com Microsoft-Windows-Sysmon[1288]: {"EventTime":1677864874,"Hostname":"win-server.lunarstiiiness.com","Keywords":-9223372036854775808,"EventType":"INFO","SeverityValue":2,"Severity":"INFO","EventID":22,"SourceName":"Microsoft-Windows-Sysmon","ProviderGuid":"{5770385F-C22A-43E0-BF4C-06F5698FFBD9}","Version":5,"Task":22,"OpcodeValue":0,"RecordNumber":930748,"ProcessID":1288,"ThreadID":2904,"Channel":"Microsoft-Windows-Sysmon/Operational","Domain":"NT AUTHORITY","AccountName":"SYSTEM","UserID":"S-1-5-18","AccountType":"User","Message":"Dns query:\r\nRuleName: -\r\nUtcTime: 2023-03-03 17:34:33.998\r\nProcessGuid: {BE59402F-2F72-6402-2901-000000001900}\r\nProcessId: 3556\r\nQueryName: loop.bankofamerica.com\r\nQueryStatus: 0\r\nQueryResults: type:  5 prod-lb-9-1476932994.us-east-1.elb.amazonaws.com;3.89.0.212;34.237.147.82;107.21.99.51;23.21.87.2;54.145.28.35;44.194.92.208;\r\nImage: C:\\Program Files (x86)\\Microsoft\\Edge\\Application\\msedge.exe\r\nUser: LUNARSTIIINESS\\tim.smith_admin","Category":"Dns query (rule: DnsQuery)","Opcode":"Info","RuleName":"-","UtcTime":"2023-03-03 17:34:33.998","ProcessGuid":"{BE59402F-2F72-6402-2901-000000001900}","QueryName":"loop.bankofamerica.com","QueryStatus":"0","QueryResults":"type:  5 prod-lb-9-1476932994.us-east-1.elb.amazonaws.com;3.89.0.212;34.237.147.82;107.21.99.51;23.21.87.2;54.145.28.35;44.194.92.208;","Image":"C:\\Program Files (x86)\\Microsoft\\Edge\\Application\\msedge.exe","User":"LUNARSTIIINESS\\tim.smith_admin","EventReceivedTime":1677864876,"SourceModuleName":"in_sysmon","SourceModuleType":"im_msvistalog"}
<14>Mar  3 17:34:36 win-server.lunarstiiiness.com Microsoft-Windows-Sysmon[1288]: {"EventTime":1677864874,"Hostname":"win-server.lunarstiiiness.com","Keywords":-9223372036854775808,"EventType":"INFO","SeverityValue":2,"Severity":"INFO","EventID":22,"SourceName":"Microsoft-Windows-Sysmon","ProviderGuid":"{5770385F-C22A-43E0-BF4C-06F5698FFBD9}","Version":5,"Task":22,"OpcodeValue":0,"RecordNumber":930749,"ProcessID":1288,"ThreadID":2904,"Channel":"Microsoft-Windows-Sysmon/Operational","Domain":"NT AUTHORITY","AccountName":"SYSTEM","UserID":"S-1-5-18","AccountType":"User","Message":"Dns query:\r\nRuleName: -\r\nUtcTime: 2023-03-03 17:34:34.037\r\nProcessGuid: {BE59402F-2F72-6402-2901-000000001900}\r\nProcessId: 3556\r\nQueryName: secure.bankofamerica.com\r\nQueryStatus: 0\r\nQueryResults: type:  5 secure.ecglb.bac.com;171.159.118.200;\r\nImage: C:\\Program Files (x86)\\Microsoft\\Edge\\Application\\msedge.exe\r\nUser: LUNARSTIIINESS\\tim.smith_admin","Category":"Dns query (rule: DnsQuery)","Opcode":"Info","RuleName":"-","UtcTime":"2023-03-03 17:34:34.037","ProcessGuid":"{BE59402F-2F72-6402-2901-000000001900}","QueryName":"secure.bankofamerica.com","QueryStatus":"0","QueryResults":"type:  5 secure.ecglb.bac.com;171.159.118.200;","Image":"C:\\Program Files (x86)\\Microsoft\\Edge\\Application\\msedge.exe","User":"LUNARSTIIINESS\\tim.smith_admin","EventReceivedTime":1677864876,"SourceModuleName":"in_sysmon","SourceModuleType":"im_msvistalog"}
<14>Mar  3 17:34:36 win-server.lunarstiiiness.com Microsoft-Windows-Sysmon[1288]: {"EventTime":1677864874,"Hostname":"win-server.lunarstiiiness.com","Keywords":-9223372036854775808,"EventType":"INFO","SeverityValue":2,"Severity":"INFO","EventID":22,"SourceName":"Microsoft-Windows-Sysmon","ProviderGuid":"{5770385F-C22A-43E0-BF4C-06F5698FFBD9}","Version":5,"Task":22,"OpcodeValue":0,"RecordNumber":930750,"ProcessID":1288,"ThreadID":2904,"Channel":"Microsoft-Windows-Sysmon/Operational","Domain":"NT AUTHORITY","AccountName":"SYSTEM","UserID":"S-1-5-18","AccountType":"User","Message":"Dns query:\r\nRuleName: -\r\nUtcTime: 2023-03-03 17:34:34.040\r\nProcessGuid: {BE59402F-2F72-6402-2901-000000001900}\r\nProcessId: 3556\r\nQueryName: rail.bankofamerica.com\r\nQueryStatus: 0\r\nQueryResults: type:  5 prod-lb-10-490190718.us-east-1.elb.amazonaws.com;54.144.42.218;34.225.200.158;34.207.40.178;34.237.77.247;54.224.230.126;3.208.224.251;\r\nImage: C:\\Program Files (x86)\\Microsoft\\Edge\\Application\\msedge.exe\r\nUser: LUNARSTIIINESS\\tim.smith_admin","Category":"Dns query (rule: DnsQuery)","Opcode":"Info","RuleName":"-","UtcTime":"2023-03-03 17:34:34.040","ProcessGuid":"{BE59402F-2F72-6402-2901-000000001900}","QueryName":"rail.bankofamerica.com","QueryStatus":"0","QueryResults":"type:  5 prod-lb-10-490190718.us-east-1.elb.amazonaws.com;54.144.42.218;34.225.200.158;34.207.40.178;34.237.77.247;54.224.230.126;3.208.224.251;","Image":"C:\\Program Files (x86)\\Microsoft\\Edge\\Application\\msedge.exe","User":"LUNARSTIIINESS\\tim.smith_admin","EventReceivedTime":1677864876,"SourceModuleName":"in_sysmon","SourceModuleType":"im_msvistalog"}
<14>Mar  3 17:34:36 win-server.lunarstiiiness.com Microsoft-Windows-Sysmon[1288]: {"EventTime":1677864874,"Hostname":"win-server.lunarstiiiness.com","Keywords":-9223372036854775808,"EventType":"INFO","SeverityValue":2,"Severity":"INFO","EventID":22,"SourceName":"Microsoft-Windows-Sysmon","ProviderGuid":"{5770385F-C22A-43E0-BF4C-06F5698FFBD9}","Version":5,"Task":22,"OpcodeValue":0,"RecordNumber":930751,"ProcessID":1288,"ThreadID":2904,"Channel":"Microsoft-Windows-Sysmon/Operational","Domain":"NT AUTHORITY","AccountName":"SYSTEM","UserID":"S-1-5-18","AccountType":"User","Message":"Dns query:\r\nRuleName: -\r\nUtcTime: 2023-03-03 17:34:34.062\r\nProcessGuid: {BE59402F-2F72-6402-2901-000000001900}\r\nProcessId: 3556\r\nQueryName: tilt.bankofamerica.com\r\nQueryStatus: 0\r\nQueryResults: type:  5 tilt.ecglb.bac.com;171.161.118.28;\r\nImage: C:\\Program Files (x86)\\Microsoft\\Edge\\Application\\msedge.exe\r\nUser: LUNARSTIIINESS\\tim.smith_admin","Category":"Dns query (rule: DnsQuery)","Opcode":"Info","RuleName":"-","UtcTime":"2023-03-03 17:34:34.062","ProcessGuid":"{BE59402F-2F72-6402-2901-000000001900}","QueryName":"tilt.bankofamerica.com","QueryStatus":"0","QueryResults":"type:  5 tilt.ecglb.bac.com;171.161.118.28;","Image":"C:\\Program Files (x86)\\Microsoft\\Edge\\Application\\msedge.exe","User":"LUNARSTIIINESS\\tim.smith_admin","EventReceivedTime":1677864876,"SourceModuleName":"in_sysmon","SourceModuleType":"im_msvistalog"}
<14>Mar  3 17:34:37 win-server.lunarstiiiness.com Microsoft-Windows-Sysmon[1288]: {"EventTime":1677864875,"Hostname":"win-server.lunarstiiiness.com","Keywords":-9223372036854775808,"EventType":"INFO","SeverityValue":2,"Severity":"INFO","EventID":22,"SourceName":"Microsoft-Windows-Sysmon","ProviderGuid":"{5770385F-C22A-43E0-BF4C-06F5698FFBD9}","Version":5,"Task":22,"OpcodeValue":0,"RecordNumber":930752,"ProcessID":1288,"ThreadID":2904,"Channel":"Microsoft-Windows-Sysmon/Operational","Domain":"NT AUTHORITY","AccountName":"SYSTEM","UserID":"S-1-5-18","AccountType":"User","Message":"Dns query:\r\nRuleName: -\r\nUtcTime: 2023-03-03 17:34:34.751\r\nProcessGuid: {BE59402F-2F72-6402-2901-000000001900}\r\nProcessId: 3556\r\nQueryName: statics-marketingsites-eus-ms-com.akamaized.net\r\nQueryStatus: 0\r\nQueryResults: type:  5 a1945.g2.akamai.net;23.195.81.27;23.195.81.19;\r\nImage: C:\\Program Files (x86)\\Microsoft\\Edge\\Application\\msedge.exe\r\nUser: LUNARSTIIINESS\\tim.smith_admin","Category":"Dns query (rule: DnsQuery)","Opcode":"Info","RuleName":"-","UtcTime":"2023-03-03 17:34:34.751","ProcessGuid":"{BE59402F-2F72-6402-2901-000000001900}","QueryName":"statics-marketingsites-eus-ms-com.akamaized.net","QueryStatus":"0","QueryResults":"type:  5 a1945.g2.akamai.net;23.195.81.27;23.195.81.19;","Image":"C:\\Program Files (x86)\\Microsoft\\Edge\\Application\\msedge.exe","User":"LUNARSTIIINESS\\tim.smith_admin","EventReceivedTime":1677864877,"SourceModuleName":"in_sysmon","SourceModuleType":"im_msvistalog"}
<14>Mar  3 17:34:37 win-server.lunarstiiiness.com Microsoft-Windows-Sysmon[1288]: {"EventTime":1677864875,"Hostname":"win-server.lunarstiiiness.com","Keywords":-9223372036854775808,"EventType":"INFO","SeverityValue":2,"Severity":"INFO","EventID":22,"SourceName":"Microsoft-Windows-Sysmon","ProviderGuid":"{5770385F-C22A-43E0-BF4C-06F5698FFBD9}","Version":5,"Task":22,"OpcodeValue":0,"RecordNumber":930753,"ProcessID":1288,"ThreadID":2904,"Channel":"Microsoft-Windows-Sysmon/Operational","Domain":"NT AUTHORITY","AccountName":"SYSTEM","UserID":"S-1-5-18","AccountType":"User","Message":"Dns query:\r\nRuleName: -\r\nUtcTime: 2023-03-03 17:34:34.780\r\nProcessGuid: {BE59402F-2F72-6402-2901-000000001900}\r\nProcessId: 3556\r\nQueryName: portal.office.com\r\nQueryStatus: 0\r\nQueryResults: type:  5 admin-portal.office.com;type:  5 portal-office365-com.b-0004.b-msedge.net;type:  5 b-0004.b-msedge.net;13.107.6.156;\r\nImage: C:\\Program Files (x86)\\Microsoft\\Edge\\Application\\msedge.exe\r\nUser: LUNARSTIIINESS\\tim.smith_admin","Category":"Dns query (rule: DnsQuery)","Opcode":"Info","RuleName":"-","UtcTime":"2023-03-03 17:34:34.780","ProcessGuid":"{BE59402F-2F72-6402-2901-000000001900}","QueryName":"portal.office.com","QueryStatus":"0","QueryResults":"type:  5 admin-portal.office.com;type:  5 portal-office365-com.b-0004.b-msedge.net;type:  5 b-0004.b-msedge.net;13.107.6.156;","Image":"C:\\Program Files (x86)\\Microsoft\\Edge\\Application\\msedge.exe","User":"LUNARSTIIINESS\\tim.smith_admin","EventReceivedTime":1677864877,"SourceModuleName":"in_sysmon","SourceModuleType":"im_msvistalog"}
<14>Mar  3 17:34:37 win-server.lunarstiiiness.com Microsoft-Windows-Sysmon[1288]: {"EventTime":1677864875,"Hostname":"win-server.lunarstiiiness.com","Keywords":-9223372036854775808,"EventType":"INFO","SeverityValue":2,"Severity":"INFO","EventID":22,"SourceName":"Microsoft-Windows-Sysmon","ProviderGuid":"{5770385F-C22A-43E0-BF4C-06F5698FFBD9}","Version":5,"Task":22,"OpcodeValue":0,"RecordNumber":930754,"ProcessID":1288,"ThreadID":2904,"Channel":"Microsoft-Windows-Sysmon/Operational","Domain":"NT AUTHORITY","AccountName":"SYSTEM","UserID":"S-1-5-18","AccountType":"User","Message":"Dns query:\r\nRuleName: -\r\nUtcTime: 2023-03-03 17:34:34.813\r\nProcessGuid: {BE59402F-2F72-6402-2901-000000001900}\r\nProcessId: 3556\r\nQueryName: shell.cdn.office.net\r\nQueryStatus: 0\r\nQueryResults: type:  5 shell.cdn.office.net-c.edgekey.net;type:  5 shell.cdn.office.net-c.edgekey.net.globalredir.akadns.net;type:  5 e19254.dscg.akamaiedge.net;23.11.209.205;\r\nImage: C:\\Program Files (x86)\\Microsoft\\Edge\\Application\\msedge.exe\r\nUser: LUNARSTIIINESS\\tim.smith_admin","Category":"Dns query (rule: DnsQuery)","Opcode":"Info","RuleName":"-","UtcTime":"2023-03-03 17:34:34.813","ProcessGuid":"{BE59402F-2F72-6402-2901-000000001900}","QueryName":"shell.cdn.office.net","QueryStatus":"0","QueryResults":"type:  5 shell.cdn.office.net-c.edgekey.net;type:  5 shell.cdn.office.net-c.edgekey.net.globalredir.akadns.net;type:  5 e19254.dscg.akamaiedge.net;23.11.209.205;","Image":"C:\\Program Files (x86)\\Microsoft\\Edge\\Application\\msedge.exe","User":"LUNARSTIIINESS\\tim.smith_admin","EventReceivedTime":1677864877,"SourceModuleName":"in_sysmon","SourceModuleType":"im_msvistalog"}
<14>Mar  3 17:34:37 win-server.lunarstiiiness.com Microsoft-Windows-Sysmon[1288]: {"EventTime":1677864875,"Hostname":"win-server.lunarstiiiness.com","Keywords":-9223372036854775808,"EventType":"INFO","SeverityValue":2,"Severity":"INFO","EventID":22,"SourceName":"Microsoft-Windows-Sysmon","ProviderGuid":"{5770385F-C22A-43E0-BF4C-06F5698FFBD9}","Version":5,"Task":22,"OpcodeValue":0,"RecordNumber":930755,"ProcessID":1288,"ThreadID":2904,"Channel":"Microsoft-Windows-Sysmon/Operational","Domain":"NT AUTHORITY","AccountName":"SYSTEM","UserID":"S-1-5-18","AccountType":"User","Message":"Dns query:\r\nRuleName: -\r\nUtcTime: 2023-03-03 17:34:35.063\r\nProcessGuid: {BE59402F-2F72-6402-2901-000000001900}\r\nProcessId: 3556\r\nQueryName: srv.main.ebayrtm.com\r\nQueryStatus: 0\r\nQueryResults: type:  5 srv.ebayrtm.com;type:  5 madronaext.g.ebay.com;209.140.129.54;209.140.129.85;209.140.129.69;\r\nImage: C:\\Program Files (x86)\\Microsoft\\Edge\\Application\\msedge.exe\r\nUser: LUNARSTIIINESS\\tim.smith_admin","Category":"Dns query (rule: DnsQuery)","Opcode":"Info","RuleName":"-","UtcTime":"2023-03-03 17:34:35.063","ProcessGuid":"{BE59402F-2F72-6402-2901-000000001900}","QueryName":"srv.main.ebayrtm.com","QueryStatus":"0","QueryResults":"type:  5 srv.ebayrtm.com;type:  5 madronaext.g.ebay.com;209.140.129.54;209.140.129.85;209.140.129.69;","Image":"C:\\Program Files (x86)\\Microsoft\\Edge\\Application\\msedge.exe","User":"LUNARSTIIINESS\\tim.smith_admin","EventReceivedTime":1677864877,"SourceModuleName":"in_sysmon","SourceModuleType":"im_msvistalog"}
<14>Mar  3 17:34:37 win-server.lunarstiiiness.com Microsoft-Windows-Sysmon[1288]: {"EventTime":1677864875,"Hostname":"win-server.lunarstiiiness.com","Keywords":-9223372036854775808,"EventType":"INFO","SeverityValue":2,"Severity":"INFO","EventID":22,"SourceName":"Microsoft-Windows-Sysmon","ProviderGuid":"{5770385F-C22A-43E0-BF4C-06F5698FFBD9}","Version":5,"Task":22,"OpcodeValue":0,"RecordNumber":930756,"ProcessID":1288,"ThreadID":2904,"Channel":"Microsoft-Windows-Sysmon/Operational","Domain":"NT AUTHORITY","AccountName":"SYSTEM","UserID":"S-1-5-18","AccountType":"User","Message":"Dns query:\r\nRuleName: -\r\nUtcTime: 2023-03-03 17:34:35.192\r\nProcessGuid: {BE59402F-2F72-6402-2901-000000001900}\r\nProcessId: 3556\r\nQueryName: i.ebayimg.com\r\nQueryStatus: 0\r\nQueryResults: type:  5 images.ebaycdn.net;type:  5 ipv6.slot9428.ebay.com.edgekey.net;type:  5 e9428.dsca.akamaiedge.net;23.11.225.24;\r\nImage: C:\\Program Files (x86)\\Microsoft\\Edge\\Application\\msedge.exe\r\nUser: LUNARSTIIINESS\\tim.smith_admin","Category":"Dns query (rule: DnsQuery)","Opcode":"Info","RuleName":"-","UtcTime":"2023-03-03 17:34:35.192","ProcessGuid":"{BE59402F-2F72-6402-2901-000000001900}","QueryName":"i.ebayimg.com","QueryStatus":"0","QueryResults":"type:  5 images.ebaycdn.net;type:  5 ipv6.slot9428.ebay.com.edgekey.net;type:  5 e9428.dsca.akamaiedge.net;23.11.225.24;","Image":"C:\\Program Files (x86)\\Microsoft\\Edge\\Application\\msedge.exe","User":"LUNARSTIIINESS\\tim.smith_admin","EventReceivedTime":1677864877,"SourceModuleName":"in_sysmon","SourceModuleType":"im_msvistalog"}
<14>Mar  3 17:34:37 win-server.lunarstiiiness.com Microsoft-Windows-Sysmon[1288]: {"EventTime":1677864875,"Hostname":"win-server.lunarstiiiness.com","Keywords":-9223372036854775808,"EventType":"INFO","SeverityValue":2,"Severity":"INFO","EventID":22,"SourceName":"Microsoft-Windows-Sysmon","ProviderGuid":"{5770385F-C22A-43E0-BF4C-06F5698FFBD9}","Version":5,"Task":22,"OpcodeValue":0,"RecordNumber":930757,"ProcessID":1288,"ThreadID":2904,"Channel":"Microsoft-Windows-Sysmon/Operational","Domain":"NT AUTHORITY","AccountName":"SYSTEM","UserID":"S-1-5-18","AccountType":"User","Message":"Dns query:\r\nRuleName: -\r\nUtcTime: 2023-03-03 17:34:35.193\r\nProcessGuid: {BE59402F-2F72-6402-2901-000000001900}\r\nProcessId: 3556\r\nQueryName: ir.ebaystatic.com\r\nQueryStatus: 0\r\nQueryResults: type:  5 ir.ebaycdn.net;type:  5 ebaystatic.ebay.map.fastly.net;151.101.2.206;151.101.66.206;151.101.130.206;151.101.194.206;\r\nImage: C:\\Program Files (x86)\\Microsoft\\Edge\\Application\\msedge.exe\r\nUser: LUNARSTIIINESS\\tim.smith_admin","Category":"Dns query (rule: DnsQuery)","Opcode":"Info","RuleName":"-","UtcTime":"2023-03-03 17:34:35.193","ProcessGuid":"{BE59402F-2F72-6402-2901-000000001900}","QueryName":"ir.ebaystatic.com","QueryStatus":"0","QueryResults":"type:  5 ir.ebaycdn.net;type:  5 ebaystatic.ebay.map.fastly.net;151.101.2.206;151.101.66.206;151.101.130.206;151.101.194.206;","Image":"C:\\Program Files (x86)\\Microsoft\\Edge\\Application\\msedge.exe","User":"LUNARSTIIINESS\\tim.smith_admin","EventReceivedTime":1677864877,"SourceModuleName":"in_sysmon","SourceModuleType":"im_msvistalog"}
<14>Mar  3 17:34:37 win-server.lunarstiiiness.com Microsoft-Windows-Sysmon[1288]: {"EventTime":1677864875,"Hostname":"win-server.lunarstiiiness.com","Keywords":-9223372036854775808,"EventType":"INFO","SeverityValue":2,"Severity":"INFO","EventID":22,"SourceName":"Microsoft-Windows-Sysmon","ProviderGuid":"{5770385F-C22A-43E0-BF4C-06F5698FFBD9}","Version":5,"Task":22,"OpcodeValue":0,"RecordNumber":930758,"ProcessID":1288,"ThreadID":2904,"Channel":"Microsoft-Windows-Sysmon/Operational","Domain":"NT AUTHORITY","AccountName":"SYSTEM","UserID":"S-1-5-18","AccountType":"User","Message":"Dns query:\r\nRuleName: -\r\nUtcTime: 2023-03-03 17:34:35.243\r\nProcessGuid: {BE59402F-2F72-6402-2901-000000001900}\r\nProcessId: 3556\r\nQueryName: secureir.ebaystatic.com\r\nQueryStatus: 0\r\nQueryResults: type:  5 slot9428.ebay.com.edgekey.net;type:  5 e9428.a.akamaiedge.net;23.11.225.24;\r\nImage: C:\\Program Files (x86)\\Microsoft\\Edge\\Application\\msedge.exe\r\nUser: LUNARSTIIINESS\\tim.smith_admin","Category":"Dns query (rule: DnsQuery)","Opcode":"Info","RuleName":"-","UtcTime":"2023-03-03 17:34:35.243","ProcessGuid":"{BE59402F-2F72-6402-2901-000000001900}","QueryName":"secureir.ebaystatic.com","QueryStatus":"0","QueryResults":"type:  5 slot9428.ebay.com.edgekey.net;type:  5 e9428.a.akamaiedge.net;23.11.225.24;","Image":"C:\\Program Files (x86)\\Microsoft\\Edge\\Application\\msedge.exe","User":"LUNARSTIIINESS\\tim.smith_admin","EventReceivedTime":1677864877,"SourceModuleName":"in_sysmon","SourceModuleType":"im_msvistalog"}
<14>Mar  3 17:34:37 win-server.lunarstiiiness.com Microsoft-Windows-Sysmon[1288]: {"EventTime":1677864875,"Hostname":"win-server.lunarstiiiness.com","Keywords":-9223372036854775808,"EventType":"INFO","SeverityValue":2,"Severity":"INFO","EventID":22,"SourceName":"Microsoft-Windows-Sysmon","ProviderGuid":"{5770385F-C22A-43E0-BF4C-06F5698FFBD9}","Version":5,"Task":22,"OpcodeValue":0,"RecordNumber":930759,"ProcessID":1288,"ThreadID":2904,"Channel":"Microsoft-Windows-Sysmon/Operational","Domain":"NT AUTHORITY","AccountName":"SYSTEM","UserID":"S-1-5-18","AccountType":"User","Message":"Dns query:\r\nRuleName: -\r\nUtcTime: 2023-03-03 17:34:35.245\r\nProcessGuid: {BE59402F-2F72-6402-2901-000000001900}\r\nProcessId: 3556\r\nQueryName: rover.ebay.com\r\nQueryStatus: 0\r\nQueryResults: type:  5 rover.ebaycdn.net;type:  5 andes.g.ebay.com;209.140.136.209;209.140.141.61;\r\nImage: C:\\Program Files (x86)\\Microsoft\\Edge\\Application\\msedge.exe\r\nUser: LUNARSTIIINESS\\tim.smith_admin","Category":"Dns query (rule: DnsQuery)","Opcode":"Info","RuleName":"-","UtcTime":"2023-03-03 17:34:35.245","ProcessGuid":"{BE59402F-2F72-6402-2901-000000001900}","QueryName":"rover.ebay.com","QueryStatus":"0","QueryResults":"type:  5 rover.ebaycdn.net;type:  5 andes.g.ebay.com;209.140.136.209;209.140.141.61;","Image":"C:\\Program Files (x86)\\Microsoft\\Edge\\Application\\msedge.exe","User":"LUNARSTIIINESS\\tim.smith_admin","EventReceivedTime":1677864877,"SourceModuleName":"in_sysmon","SourceModuleType":"im_msvistalog"}
<14>Mar  3 17:34:39 win-server.lunarstiiiness.com Microsoft-Windows-Sysmon[1288]: {"EventTime":1677864877,"Hostname":"win-server.lunarstiiiness.com","Keywords":-9223372036854775808,"EventType":"INFO","SeverityValue":2,"Severity":"INFO","EventID":22,"SourceName":"Microsoft-Windows-Sysmon","ProviderGuid":"{5770385F-C22A-43E0-BF4C-06F5698FFBD9}","Version":5,"Task":22,"OpcodeValue":0,"RecordNumber":930760,"ProcessID":1288,"ThreadID":2904,"Channel":"Microsoft-Windows-Sysmon/Operational","Domain":"NT AUTHORITY","AccountName":"SYSTEM","UserID":"S-1-5-18","AccountType":"User","Message":"Dns query:\r\nRuleName: -\r\nUtcTime: 2023-03-03 17:34:37.232\r\nProcessGuid: {BE59402F-2F72-6402-2901-000000001900}\r\nProcessId: 3556\r\nQueryName: az725175.vo.msecnd.net\r\nQueryStatus: 0\r\nQueryResults: type:  5 cs22.wpc.v0cdn.net;152.199.4.33;\r\nImage: C:\\Program Files (x86)\\Microsoft\\Edge\\Application\\msedge.exe\r\nUser: LUNARSTIIINESS\\tim.smith_admin","Category":"Dns query (rule: DnsQuery)","Opcode":"Info","RuleName":"-","UtcTime":"2023-03-03 17:34:37.232","ProcessGuid":"{BE59402F-2F72-6402-2901-000000001900}","QueryName":"az725175.vo.msecnd.net","QueryStatus":"0","QueryResults":"type:  5 cs22.wpc.v0cdn.net;152.199.4.33;","Image":"C:\\Program Files (x86)\\Microsoft\\Edge\\Application\\msedge.exe","User":"LUNARSTIIINESS\\tim.smith_admin","EventReceivedTime":1677864879,"SourceModuleName":"in_sysmon","SourceModuleType":"im_msvistalog"}
<14>Mar  3 17:34:39 win-server.lunarstiiiness.com Microsoft-Windows-Sysmon[1288]: {"EventTime":1677864877,"Hostname":"win-server.lunarstiiiness.com","Keywords":-9223372036854775808,"EventType":"INFO","SeverityValue":2,"Severity":"INFO","EventID":22,"SourceName":"Microsoft-Windows-Sysmon","ProviderGuid":"{5770385F-C22A-43E0-BF4C-06F5698FFBD9}","Version":5,"Task":22,"OpcodeValue":0,"RecordNumber":930761,"ProcessID":1288,"ThreadID":2904,"Channel":"Microsoft-Windows-Sysmon/Operational","Domain":"NT AUTHORITY","AccountName":"SYSTEM","UserID":"S-1-5-18","AccountType":"User","Message":"Dns query:\r\nRuleName: -\r\nUtcTime: 2023-03-03 17:34:38.010\r\nProcessGuid: {BE59402F-2F72-6402-2901-000000001900}\r\nProcessId: 3556\r\nQueryName: accounts.google.com\r\nQueryStatus: 0\r\nQueryResults: 64.233.191.84;\r\nImage: C:\\Program Files (x86)\\Microsoft\\Edge\\Application\\msedge.exe\r\nUser: LUNARSTIIINESS\\tim.smith_admin","Category":"Dns query (rule: DnsQuery)","Opcode":"Info","RuleName":"-","UtcTime":"2023-03-03 17:34:38.010","ProcessGuid":"{BE59402F-2F72-6402-2901-000000001900}","QueryName":"accounts.google.com","QueryStatus":"0","QueryResults":"64.233.191.84;","Image":"C:\\Program Files (x86)\\Microsoft\\Edge\\Application\\msedge.exe","User":"LUNARSTIIINESS\\tim.smith_admin","EventReceivedTime":1677864879,"SourceModuleName":"in_sysmon","SourceModuleType":"im_msvistalog"}
