<14>Mar  3 17:31:34 win-server.lunarstiiiness.com Microsoft-Windows-Sysmon[1288]: {"EventTime":1677864692,"Hostname":"win-server.lunarstiiiness.com","Keywords":-9223372036854775808,"EventType":"INFO","SeverityValue":2,"Severity":"INFO","EventID":1,"SourceName":"Microsoft-Windows-Sysmon","ProviderGuid":"{5770385F-C22A-43E0-BF4C-06F5698FFBD9}","Version":5,"Task":1,"OpcodeValue":0,"RecordNumber":930643,"ProcessID":1288,"ThreadID":2884,"Channel":"Microsoft-Windows-Sysmon/Operational","Domain":"NT AUTHORITY","AccountName":"SYSTEM","UserID":"S-1-5-18","AccountType":"User","Message":"Process Create:\r\nRuleName: technique_id=T1059,technique_name=Command-Line Interface\r\nUtcTime: 2023-03-03 17:31:32.598\r\nProcessGuid: {BE59402F-2EF4-6402-1501-000000001900}\r\nProcessId: 5100\r\nImage: C:\\Windows\\System32\\cmd.exe\r\nFileVersion: 10.0.14393.0 (rs1_release.160715-1616)\r\nDescription: Windows Command Processor\r\nProduct: Microsoft Windows Operating System\r\nCompany: Microsoft Corporation\r\nOriginalFileName: Cmd.Exe\r\nCommandLine: C:\\Windows\\system32\\cmd.exe /d /s /c \"wsl.exe -l -q\"\r\nCurrentDirectory: C:\\Program Files\\Microsoft VS Code\\\r\nUser: LUNARSTIIINESS\\tim.smith_admin\r\nLogonGuid: {BE59402F-2E2D-6402-82D4-DA0000000000}\r\nLogonId: 0xDAD482\r\nTerminalSessionId: 3\r\nIntegrityLevel: Medium\r\nHashes: SHA1=99AE9C73E9BEE6F9C76D6F4093A9882DF06832CF,MD5=F4F684066175B77E0C3A000549D2922C,SHA256=935C1861DF1F4018D698E8B65ABFA02D7E9037D8F68CA3C2065B6CA165D44AD2,IMPHASH=3062ED732D4B25D1C64F084DAC97D37A\r\nParentProcessGuid: {BE59402F-2EE3-6402-1201-000000001900}\r\nParentProcessId: 2780\r\nParentImage: C:\\Program Files\\Microsoft VS Code\\Code.exe\r\nParentCommandLine: \"C:\\Program Files\\Microsoft VS Code\\Code.exe\" --type=renderer --user-data-dir=\"C:\\Users\\tim.smith_admin\\AppData\\Roaming\\Code\" --standard-schemes=vscode-webview,vscode-file --secure-schemes=vscode-webview,vscode-file --bypasscsp-schemes --cors-schemes=vscode-webview,vscode-file --fetch-schemes=vscode-webview,vscode-file --service-worker-schemes=vscode-webview --streaming-schemes --app-user-model-id=Microsoft.VisualStudioCode --app-path=\"C:\\Program Files\\Microsoft VS Code\\resources\\app\" --no-sandbox --no-zygote --node-integration-in-worker --disable-gpu-compositing --lang=en-US --device-scale-factor=1 --num-raster-threads=1 --renderer-client-id=5 --launch-time-ticks=2267142409 --mojo-platform-channel-handle=2508 --field-trial-handle=1488,i,8616818525530101286,9589131778807600209,131072 --disable-features=CalculateNativeWinOcclusion,SpareRendererForSitePerProcess,WinRetrieveSuggestionsOnlyOnDemand --vscode-window-config=vscode:7eb8f322-f1c2-46aa-b579-accfe284e1fa --vscode-window-kind=shared-process /prefetch:1\r\nParentUser: LUNARSTIIINESS\\tim.smith_admin","Category":"Process Create (rule: ProcessCreate)","Opcode":"Info","RuleName":"technique_id=T1059,technique_name=Command-Line Interface","UtcTime":"2023-03-03 17:31:32.598","ProcessGuid":"{BE59402F-2EF4-6402-1501-000000001900}","Image":"C:\\Windows\\System32\\cmd.exe","FileVersion":"10.0.14393.0 (rs1_release.160715-1616)","Description":"Windows Command Processor","Product":"Microsoft Windows Operating System","Company":"Microsoft Corporation","OriginalFileName":"Cmd.Exe","CommandLine":"C:\\Windows\\system32\\cmd.exe /d /s /c \"wsl.exe -l -q\"","CurrentDirectory":"C:\\Program Files\\Microsoft VS Code\\","User":"LUNARSTIIINESS\\tim.smith_admin","LogonGuid":"{BE59402F-2E2D-6402-82D4-DA0000000000}","LogonId":"0xdad482","TerminalSessionId":"3","IntegrityLevel":"Medium","Hashes":"SHA1=99AE9C73E9BEE6F9C76D6F4093A9882DF06832CF,MD5=F4F684066175B77E0C3A000549D2922C,SHA256=935C1861DF1F4018D698E8B65ABFA02D7E9037D8F68CA3C2065B6CA165D44AD2,IMPHASH=3062ED732D4B25D1C64F084DAC97D37A","ParentProcessGuid":"{BE59402F-2EE3-6402-1201-000000001900}","ParentProcessId":"2780","ParentImage":"C:\\Program Files\\Microsoft VS Code\\Code.exe","ParentCommandLine":"\"C:\\Program Files\\Microsoft VS Code\\Code.exe\" --type=renderer --user-data-dir=\"C:\\Users\\tim.smith_admin\\AppData\\Roaming\\Code\" --standard-schemes=vscode-webview,vscode-file --secure-schemes=vscode-webview,vscode-file --bypasscsp-schemes --cors-schemes=vscode-webview,vscode-file --fetch-schemes=vscode-webview,vscode-file --service-worker-schemes=vscode-webview --streaming-schemes --app-user-model-id=Microsoft.VisualStudioCode --app-path=\"C:\\Program Files\\Microsoft VS Code\\resources\\app\" --no-sandbox --no-zygote --node-integration-in-worker --disable-gpu-compositing --lang=en-US --device-scale-factor=1 --num-raster-threads=1 --renderer-client-id=5 --launch-time-ticks=2267142409 --mojo-platform-channel-handle=2508 --field-trial-handle=1488,i,8616818525530101286,9589131778807600209,131072 --disable-features=CalculateNativeWinOcclusion,SpareRendererForSitePerProcess,WinRetrieveSuggestionsOnlyOnDemand --vscode-window-config=vscode:7eb8f322-f1c2-46aa-b579-accfe284e1fa --vscode-window-kind=shared-process /prefetch:1","ParentUser":"LUNARSTIIINESS\\tim.smith_admin","EventReceivedTime":1677864694,"SourceModuleName":"in_sysmon","SourceModuleType":"im_msvistalog"}
<14>Mar  3 17:31:34 win-server.lunarstiiiness.com Microsoft-Windows-Sysmon[1288]: {"EventTime":1677864693,"Hostname":"win-server.lunarstiiiness.com","Keywords":-9223372036854775808,"EventType":"INFO","SeverityValue":2,"Severity":"INFO","EventID":1,"SourceName":"Microsoft-Windows-Sysmon","ProviderGuid":"{5770385F-C22A-43E0-BF4C-06F5698FFBD9}","Version":5,"Task":1,"OpcodeValue":0,"RecordNumber":930648,"ProcessID":1288,"ThreadID":2884,"Channel":"Microsoft-Windows-Sysmon/Operational","Domain":"NT AUTHORITY","AccountName":"SYSTEM","UserID":"S-1-5-18","AccountType":"User","Message":"Process Create:\r\nRuleName: technique_id=T1059,technique_name=Command-Line Interface\r\nUtcTime: 2023-03-03 17:31:33.341\r\nProcessGuid: {BE59402F-2EF5-6402-1701-000000001900}\r\nProcessId: 3188\r\nImage: C:\\Windows\\System32\\cmd.exe\r\nFileVersion: 10.0.14393.0 (rs1_release.160715-1616)\r\nDescription: Windows Command Processor\r\nProduct: Microsoft Windows Operating System\r\nCompany: Microsoft Corporation\r\nOriginalFileName: Cmd.Exe\r\nCommandLine: C:\\Windows\\system32\\cmd.exe /d /s /c \"wsl.exe -l -q\"\r\nCurrentDirectory: C:\\Program Files\\Microsoft VS Code\\\r\nUser: LUNARSTIIINESS\\tim.smith_admin\r\nLogonGuid: {BE59402F-2E2D-6402-82D4-DA0000000000}\r\nLogonId: 0xDAD482\r\nTerminalSessionId: 3\r\nIntegrityLevel: Medium\r\nHashes: SHA1=99AE9C73E9BEE6F9C76D6F4093A9882DF06832CF,MD5=F4F684066175B77E0C3A000549D2922C,SHA256=935C1861DF1F4018D698E8B65ABFA02D7E9037D8F68CA3C2065B6CA165D44AD2,IMPHASH=3062ED732D4B25D1C64F084DAC97D37A\r\nParentProcessGuid: {BE59402F-2EE3-6402-1201-000000001900}\r\nParentProcessId: 2780\r\nParentImage: C:\\Program Files\\Microsoft VS Code\\Code.exe\r\nParentCommandLine: \"C:\\Program Files\\Microsoft VS Code\\Code.exe\" --type=renderer --user-data-dir=\"C:\\Users\\tim.smith_admin\\AppData\\Roaming\\Code\" --standard-schemes=vscode-webview,vscode-file --secure-schemes=vscode-webview,vscode-file --bypasscsp-schemes --cors-schemes=vscode-webview,vscode-file --fetch-schemes=vscode-webview,vscode-file --service-worker-schemes=vscode-webview --streaming-schemes --app-user-model-id=Microsoft.VisualStudioCode --app-path=\"C:\\Program Files\\Microsoft VS Code\\resources\\app\" --no-sandbox --no-zygote --node-integration-in-worker --disable-gpu-compositing --lang=en-US --device-scale-factor=1 --num-raster-threads=1 --renderer-client-id=5 --launch-time-ticks=2267142409 --mojo-platform-channel-handle=2508 --field-trial-handle=1488,i,8616818525530101286,9589131778807600209,131072 --disable-features=CalculateNativeWinOcclusion,SpareRendererForSitePerProcess,WinRetrieveSuggestionsOnlyOnDemand --vscode-window-config=vscode:7eb8f322-f1c2-46aa-b579-accfe284e1fa --vscode-window-kind=shared-process /prefetch:1\r\nParentUser: LUNARSTIIINESS\\tim.smith_admin","Category":"Process Create (rule: ProcessCreate)","Opcode":"Info","RuleName":"technique_id=T1059,technique_name=Command-Line Interface","UtcTime":"2023-03-03 17:31:33.341","ProcessGuid":"{BE59402F-2EF5-6402-1701-000000001900}","Image":"C:\\Windows\\System32\\cmd.exe","FileVersion":"10.0.14393.0 (rs1_release.160715-1616)","Description":"Windows Command Processor","Product":"Microsoft Windows Operating System","Company":"Microsoft Corporation","OriginalFileName":"Cmd.Exe","CommandLine":"C:\\Windows\\system32\\cmd.exe /d /s /c \"wsl.exe -l -q\"","CurrentDirectory":"C:\\Program Files\\Microsoft VS Code\\","User":"LUNARSTIIINESS\\tim.smith_admin","LogonGuid":"{BE59402F-2E2D-6402-82D4-DA0000000000}","LogonId":"0xdad482","TerminalSessionId":"3","IntegrityLevel":"Medium","Hashes":"SHA1=99AE9C73E9BEE6F9C76D6F4093A9882DF06832CF,MD5=F4F684066175B77E0C3A000549D2922C,SHA256=935C1861DF1F4018D698E8B65ABFA02D7E9037D8F68CA3C2065B6CA165D44AD2,IMPHASH=3062ED732D4B25D1C64F084DAC97D37A","ParentProcessGuid":"{BE59402F-2EE3-6402-1201-000000001900}","ParentProcessId":"2780","ParentImage":"C:\\Program Files\\Microsoft VS Code\\Code.exe","ParentCommandLine":"\"C:\\Program Files\\Microsoft VS Code\\Code.exe\" --type=renderer --user-data-dir=\"C:\\Users\\tim.smith_admin\\AppData\\Roaming\\Code\" --standard-schemes=vscode-webview,vscode-file --secure-schemes=vscode-webview,vscode-file --bypasscsp-schemes --cors-schemes=vscode-webview,vscode-file --fetch-schemes=vscode-webview,vscode-file --service-worker-schemes=vscode-webview --streaming-schemes --app-user-model-id=Microsoft.VisualStudioCode --app-path=\"C:\\Program Files\\Microsoft VS Code\\resources\\app\" --no-sandbox --no-zygote --node-integration-in-worker --disable-gpu-compositing --lang=en-US --device-scale-factor=1 --num-raster-threads=1 --renderer-client-id=5 --launch-time-ticks=2267142409 --mojo-platform-channel-handle=2508 --field-trial-handle=1488,i,8616818525530101286,9589131778807600209,131072 --disable-features=CalculateNativeWinOcclusion,SpareRendererForSitePerProcess,WinRetrieveSuggestionsOnlyOnDemand --vscode-window-config=vscode:7eb8f322-f1c2-46aa-b579-accfe284e1fa --vscode-window-kind=shared-process /prefetch:1","ParentUser":"LUNARSTIIINESS\\tim.smith_admin","EventReceivedTime":1677864694,"SourceModuleName":"in_sysmon","SourceModuleType":"im_msvistalog"}
<14>Mar  3 17:31:34 win-server.lunarstiiiness.com Microsoft-Windows-Sysmon[1288]: {"EventTime":1677864692,"Hostname":"win-server.lunarstiiiness.com","Keywords":-9223372036854775808,"EventType":"INFO","SeverityValue":2,"Severity":"INFO","EventID":10,"SourceName":"Microsoft-Windows-Sysmon","ProviderGuid":"{5770385F-C22A-43E0-BF4C-06F5698FFBD9}","Version":3,"Task":10,"OpcodeValue":0,"RecordNumber":930644,"ProcessID":1288,"ThreadID":2884,"Channel":"Microsoft-Windows-Sysmon/Operational","Domain":"NT AUTHORITY","AccountName":"SYSTEM","UserID":"S-1-5-18","AccountType":"User","Message":"Process accessed:\r\nRuleName: technique_id=T1055.001,technique_name=Dynamic-link Library Injection\r\nUtcTime: 2023-03-03 17:31:32.605\r\nSourceProcessGUID: {BE59402F-2EE3-6402-1201-000000001900}\r\nSourceProcessId: 2780\r\nSourceThreadId: 4664\r\nSourceImage: C:\\Program Files\\Microsoft VS Code\\Code.exe\r\nTargetProcessGUID: {BE59402F-2EF4-6402-1501-000000001900}\r\nTargetProcessId: 5100\r\nTargetImage: C:\\Windows\\system32\\cmd.exe\r\nGrantedAccess: 0x1FFFFF\r\nCallTrace: C:\\Windows\\SYSTEM32\\ntdll.dll+a7424|C:\\Windows\\System32\\KERNELBASE.dll+24890|C:\\Windows\\System32\\KERNELBASE.dll+22e56|C:\\Windows\\System32\\KERNEL32.DLL+1c373|C:\\Program Files\\Microsoft VS Code\\Code.exe+1bf55ee|C:\\Program Files\\Microsoft VS Code\\Code.exe+21ed62d|C:\\Program Files\\Microsoft VS Code\\Code.exe+319cdfe|UNKNOWN(00007FF6F7ECCA3C)|UNKNOWN(00007FF6F7E4C063)|UNKNOWN(00007FF6F7E4C063)|UNKNOWN(00007FF6F7E4C063)|UNKNOWN(00007FF6F7E4C063)|UNKNOWN(00007FF6F7E4C063)|UNKNOWN(00007FF6F7E4C063)|UNKNOWN(00007FF6F7E4C063)|UNKNOWN(00007FF6F7F1D616)|UNKNOWN(00007FF6F7E49972)|UNKNOWN(00007FF6F7F6E5B6)|UNKNOWN(00007FF6F7E4C063)|UNKNOWN(00007FF6F7E4C063)|UNKNOWN(00007FF6F7E81A81)|UNKNOWN(00007FF6F7F1F171)|UNKNOWN(00007FF6F7E72A18)|UNKNOWN(00007FF6F7E4A4DB)\r\nSourceUser: LUNARSTIIINESS\\tim.smith_admin\r\nTargetUser: LUNARSTIIINESS\\tim.smith_admin","Category":"Process accessed (rule: ProcessAccess)","Opcode":"Info","RuleName":"technique_id=T1055.001,technique_name=Dynamic-link Library Injection","UtcTime":"2023-03-03 17:31:32.605","SourceProcessGUID":"{BE59402F-2EE3-6402-1201-000000001900}","SourceProcessId":"2780","SourceThreadId":"4664","SourceImage":"C:\\Program Files\\Microsoft VS Code\\Code.exe","TargetProcessGUID":"{BE59402F-2EF4-6402-1501-000000001900}","TargetProcessId":"5100","TargetImage":"C:\\Windows\\system32\\cmd.exe","GrantedAccess":"0x1fffff","CallTrace":"C:\\Windows\\SYSTEM32\\ntdll.dll+a7424|C:\\Windows\\System32\\KERNELBASE.dll+24890|C:\\Windows\\System32\\KERNELBASE.dll+22e56|C:\\Windows\\System32\\KERNEL32.DLL+1c373|C:\\Program Files\\Microsoft VS Code\\Code.exe+1bf55ee|C:\\Program Files\\Microsoft VS Code\\Code.exe+21ed62d|C:\\Program Files\\Microsoft VS Code\\Code.exe+319cdfe|UNKNOWN(00007FF6F7ECCA3C)|UNKNOWN(00007FF6F7E4C063)|UNKNOWN(00007FF6F7E4C063)|UNKNOWN(00007FF6F7E4C063)|UNKNOWN(00007FF6F7E4C063)|UNKNOWN(00007FF6F7E4C063)|UNKNOWN(00007FF6F7E4C063)|UNKNOWN(00007FF6F7E4C063)|UNKNOWN(00007FF6F7F1D616)|UNKNOWN(00007FF6F7E49972)|UNKNOWN(00007FF6F7F6E5B6)|UNKNOWN(00007FF6F7E4C063)|UNKNOWN(00007FF6F7E4C063)|UNKNOWN(00007FF6F7E81A81)|UNKNOWN(00007FF6F7F1F171)|UNKNOWN(00007FF6F7E72A18)|UNKNOWN(00007FF6F7E4A4DB)","SourceUser":"LUNARSTIIINESS\\tim.smith_admin","TargetUser":"LUNARSTIIINESS\\tim.smith_admin","EventReceivedTime":1677864694,"SourceModuleName":"in_sysmon","SourceModuleType":"im_msvistalog"}
<14>Mar  3 17:31:35 win-server.lunarstiiiness.com Microsoft-Windows-Sysmon[1288]: {"EventTime":1677864693,"Hostname":"win-server.lunarstiiiness.com","Keywords":-9223372036854775808,"EventType":"INFO","SeverityValue":2,"Severity":"INFO","EventID":10,"SourceName":"Microsoft-Windows-Sysmon","ProviderGuid":"{5770385F-C22A-43E0-BF4C-06F5698FFBD9}","Version":3,"Task":10,"OpcodeValue":0,"RecordNumber":930649,"ProcessID":1288,"ThreadID":2884,"Channel":"Microsoft-Windows-Sysmon/Operational","Domain":"NT AUTHORITY","AccountName":"SYSTEM","UserID":"S-1-5-18","AccountType":"User","Message":"Process accessed:\r\nRuleName: technique_id=T1055.001,technique_name=Dynamic-link Library Injection\r\nUtcTime: 2023-03-03 17:31:33.341\r\nSourceProcessGUID: {BE59402F-2EE3-6402-1201-000000001900}\r\nSourceProcessId: 2780\r\nSourceThreadId: 4664\r\nSourceImage: C:\\Program Files\\Microsoft VS Code\\Code.exe\r\nTargetProcessGUID: {BE59402F-2EF5-6402-1701-000000001900}\r\nTargetProcessId: 3188\r\nTargetImage: C:\\Windows\\system32\\cmd.exe\r\nGrantedAccess: 0x1FFFFF\r\nCallTrace: C:\\Windows\\SYSTEM32\\ntdll.dll+a7424|C:\\Windows\\System32\\KERNELBASE.dll+24890|C:\\Windows\\System32\\KERNELBASE.dll+22e56|C:\\Windows\\System32\\KERNEL32.DLL+1c373|C:\\Program Files\\Microsoft VS Code\\Code.exe+1bf55ee|C:\\Program Files\\Microsoft VS Code\\Code.exe+21ed62d|C:\\Program Files\\Microsoft VS Code\\Code.exe+319cdfe|UNKNOWN(00007FF6F7ECCA3C)|UNKNOWN(00007FF6F7E4C063)|UNKNOWN(00007FF6F7E4C063)|UNKNOWN(00007FF6F7E4C063)|UNKNOWN(00007FF6F7E4C063)|UNKNOWN(00007FF6F7E4C063)|UNKNOWN(00007FF6F7E4C063)|UNKNOWN(00007FF6F7E4C063)|UNKNOWN(00007FF6F7F1D616)|UNKNOWN(00007FF6F7E49972)|UNKNOWN(00007FF6F7F6E5B6)|UNKNOWN(00007FF6F7E4C063)|UNKNOWN(00007FF6F7E4C063)|UNKNOWN(00007FF6F7E81A81)|UNKNOWN(00007FF6F7F1F171)|UNKNOWN(00007FF6F7E72A18)|UNKNOWN(00007FF6F7E4A4DB)\r\nSourceUser: LUNARSTIIINESS\\tim.smith_admin\r\nTargetUser: LUNARSTIIINESS\\tim.smith_admin","Category":"Process accessed (rule: ProcessAccess)","Opcode":"Info","RuleName":"technique_id=T1055.001,technique_name=Dynamic-link Library Injection","UtcTime":"2023-03-03 17:31:33.341","SourceProcessGUID":"{BE59402F-2EE3-6402-1201-000000001900}","SourceProcessId":"2780","SourceThreadId":"4664","SourceImage":"C:\\Program Files\\Microsoft VS Code\\Code.exe","TargetProcessGUID":"{BE59402F-2EF5-6402-1701-000000001900}","TargetProcessId":"3188","TargetImage":"C:\\Windows\\system32\\cmd.exe","GrantedAccess":"0x1fffff","CallTrace":"C:\\Windows\\SYSTEM32\\ntdll.dll+a7424|C:\\Windows\\System32\\KERNELBASE.dll+24890|C:\\Windows\\System32\\KERNELBASE.dll+22e56|C:\\Windows\\System32\\KERNEL32.DLL+1c373|C:\\Program Files\\Microsoft VS Code\\Code.exe+1bf55ee|C:\\Program Files\\Microsoft VS Code\\Code.exe+21ed62d|C:\\Program Files\\Microsoft VS Code\\Code.exe+319cdfe|UNKNOWN(00007FF6F7ECCA3C)|UNKNOWN(00007FF6F7E4C063)|UNKNOWN(00007FF6F7E4C063)|UNKNOWN(00007FF6F7E4C063)|UNKNOWN(00007FF6F7E4C063)|UNKNOWN(00007FF6F7E4C063)|UNKNOWN(00007FF6F7E4C063)|UNKNOWN(00007FF6F7E4C063)|UNKNOWN(00007FF6F7F1D616)|UNKNOWN(00007FF6F7E49972)|UNKNOWN(00007FF6F7F6E5B6)|UNKNOWN(00007FF6F7E4C063)|UNKNOWN(00007FF6F7E4C063)|UNKNOWN(00007FF6F7E81A81)|UNKNOWN(00007FF6F7F1F171)|UNKNOWN(00007FF6F7E72A18)|UNKNOWN(00007FF6F7E4A4DB)","SourceUser":"LUNARSTIIINESS\\tim.smith_admin","TargetUser":"LUNARSTIIINESS\\tim.smith_admin","EventReceivedTime":1677864695,"SourceModuleName":"in_sysmon","SourceModuleType":"im_msvistalog"}
<14>Mar  3 17:31:35 win-server.lunarstiiiness.com Microsoft-Windows-Sysmon[1288]: {"EventTime":1677864693,"Hostname":"win-server.lunarstiiiness.com","Keywords":-9223372036854775808,"EventType":"INFO","SeverityValue":2,"Severity":"INFO","EventID":12,"SourceName":"Microsoft-Windows-Sysmon","ProviderGuid":"{5770385F-C22A-43E0-BF4C-06F5698FFBD9}","Version":2,"Task":12,"OpcodeValue":0,"RecordNumber":930650,"ProcessID":1288,"ThreadID":2884,"Channel":"Microsoft-Windows-Sysmon/Operational","Domain":"NT AUTHORITY","AccountName":"SYSTEM","UserID":"S-1-5-18","AccountType":"User","Message":"Registry object added or deleted:\r\nRuleName: -\r\nEventType: CreateKey\r\nUtcTime: 2023-03-03 17:31:33.555\r\nProcessGuid: {BE59402F-2E41-6402-F900-000000001900}\r\nProcessId: 4368\r\nImage: C:\\Windows\\Explorer.EXE\r\nTargetObject: HKU\\S-1-5-21-3263964631-4121654051-1417071188-1116\\SOFTWARE\\Microsoft\\Internet Explorer\\Toolbar\r\nUser: LUNARSTIIINESS\\tim.smith_admin","Category":"Registry object added or deleted (rule: RegistryEvent)","Opcode":"Info","RuleName":"-","UtcTime":"2023-03-03 17:31:33.555","ProcessGuid":"{BE59402F-2E41-6402-F900-000000001900}","Image":"C:\\Windows\\Explorer.EXE","TargetObject":"HKU\\S-1-5-21-3263964631-4121654051-1417071188-1116\\SOFTWARE\\Microsoft\\Internet Explorer\\Toolbar","User":"LUNARSTIIINESS\\tim.smith_admin","EventReceivedTime":1677864695,"SourceModuleName":"in_sysmon","SourceModuleType":"im_msvistalog"}
<14>Mar  3 17:31:35 win-server.lunarstiiiness.com Microsoft-Windows-Sysmon[1288]: {"EventTime":1677864693,"Hostname":"win-server.lunarstiiiness.com","Keywords":-9223372036854775808,"EventType":"INFO","SeverityValue":2,"Severity":"INFO","EventID":12,"SourceName":"Microsoft-Windows-Sysmon","ProviderGuid":"{5770385F-C22A-43E0-BF4C-06F5698FFBD9}","Version":2,"Task":12,"OpcodeValue":0,"RecordNumber":930651,"ProcessID":1288,"ThreadID":2884,"Channel":"Microsoft-Windows-Sysmon/Operational","Domain":"NT AUTHORITY","AccountName":"SYSTEM","UserID":"S-1-5-18","AccountType":"User","Message":"Registry object added or deleted:\r\nRuleName: -\r\nEventType: CreateKey\r\nUtcTime: 2023-03-03 17:31:33.555\r\nProcessGuid: {BE59402F-2E41-6402-F900-000000001900}\r\nProcessId: 4368\r\nImage: C:\\Windows\\Explorer.EXE\r\nTargetObject: HKU\\S-1-5-21-3263964631-4121654051-1417071188-1116\\SOFTWARE\\Microsoft\\Internet Explorer\\Toolbar\r\nUser: LUNARSTIIINESS\\tim.smith_admin","Category":"Registry object added or deleted (rule: RegistryEvent)","Opcode":"Info","RuleName":"-","UtcTime":"2023-03-03 17:31:33.555","ProcessGuid":"{BE59402F-2E41-6402-F900-000000001900}","Image":"C:\\Windows\\Explorer.EXE","TargetObject":"HKU\\S-1-5-21-3263964631-4121654051-1417071188-1116\\SOFTWARE\\Microsoft\\Internet Explorer\\Toolbar","User":"LUNARSTIIINESS\\tim.smith_admin","EventReceivedTime":1677864695,"SourceModuleName":"in_sysmon","SourceModuleType":"im_msvistalog"}
<14>Mar  3 17:31:37 win-server.lunarstiiiness.com Microsoft-Windows-Sysmon[1288]: {"EventTime":1677864695,"Hostname":"win-server.lunarstiiiness.com","Keywords":-9223372036854775808,"EventType":"INFO","SeverityValue":2,"Severity":"INFO","EventID":17,"SourceName":"Microsoft-Windows-Sysmon","ProviderGuid":"{5770385F-C22A-43E0-BF4C-06F5698FFBD9}","Version":1,"Task":17,"OpcodeValue":0,"RecordNumber":930652,"ProcessID":1288,"ThreadID":2884,"Channel":"Microsoft-Windows-Sysmon/Operational","Domain":"NT AUTHORITY","AccountName":"SYSTEM","UserID":"S-1-5-18","AccountType":"User","Message":"Pipe Created:\r\nRuleName: -\r\nEventType: CreatePipe\r\nUtcTime: 2023-03-03 17:31:35.316\r\nProcessGuid: {BE59402F-2EE3-6402-1201-000000001900}\r\nProcessId: 2780\r\nPipeName: \\uv\\0000000000000000-2780\r\nImage: C:\\Program Files\\Microsoft VS Code\\Code.exe\r\nUser: LUNARSTIIINESS\\tim.smith_admin","Category":"Pipe Created (rule: PipeEvent)","Opcode":"Info","RuleName":"-","UtcTime":"2023-03-03 17:31:35.316","ProcessGuid":"{BE59402F-2EE3-6402-1201-000000001900}","PipeName":"\\uv\\0000000000000000-2780","Image":"C:\\Program Files\\Microsoft VS Code\\Code.exe","User":"LUNARSTIIINESS\\tim.smith_admin","EventReceivedTime":1677864697,"SourceModuleName":"in_sysmon","SourceModuleType":"im_msvistalog"}
<14>Mar  3 17:31:37 win-server.lunarstiiiness.com Microsoft-Windows-Sysmon[1288]: {"EventTime":1677864696,"Hostname":"win-server.lunarstiiiness.com","Keywords":-9223372036854775808,"EventType":"INFO","SeverityValue":2,"Severity":"INFO","EventID":17,"SourceName":"Microsoft-Windows-Sysmon","ProviderGuid":"{5770385F-C22A-43E0-BF4C-06F5698FFBD9}","Version":1,"Task":17,"OpcodeValue":0,"RecordNumber":930655,"ProcessID":1288,"ThreadID":2884,"Channel":"Microsoft-Windows-Sysmon/Operational","Domain":"NT AUTHORITY","AccountName":"SYSTEM","UserID":"S-1-5-18","AccountType":"User","Message":"Pipe Created:\r\nRuleName: -\r\nEventType: CreatePipe\r\nUtcTime: 2023-03-03 17:31:36.095\r\nProcessGuid: {BE59402F-2EE3-6402-1201-000000001900}\r\nProcessId: 2780\r\nPipeName: \\uv\\0000000000000003-2780\r\nImage: C:\\Program Files\\Microsoft VS Code\\Code.exe\r\nUser: LUNARSTIIINESS\\tim.smith_admin","Category":"Pipe Created (rule: PipeEvent)","Opcode":"Info","RuleName":"-","UtcTime":"2023-03-03 17:31:36.095","ProcessGuid":"{BE59402F-2EE3-6402-1201-000000001900}","PipeName":"\\uv\\0000000000000003-2780","Image":"C:\\Program Files\\Microsoft VS Code\\Code.exe","User":"LUNARSTIIINESS\\tim.smith_admin","EventReceivedTime":1677864697,"SourceModuleName":"in_sysmon","SourceModuleType":"im_msvistalog"}
<14>Mar  3 17:31:37 win-server.lunarstiiiness.com Microsoft-Windows-Sysmon[1288]: {"EventTime":1677864696,"Hostname":"win-server.lunarstiiiness.com","Keywords":-9223372036854775808,"EventType":"INFO","SeverityValue":2,"Severity":"INFO","EventID":17,"SourceName":"Microsoft-Windows-Sysmon","ProviderGuid":"{5770385F-C22A-43E0-BF4C-06F5698FFBD9}","Version":1,"Task":17,"OpcodeValue":0,"RecordNumber":930654,"ProcessID":1288,"ThreadID":2884,"Channel":"Microsoft-Windows-Sysmon/Operational","Domain":"NT AUTHORITY","AccountName":"SYSTEM","UserID":"S-1-5-18","AccountType":"User","Message":"Pipe Created:\r\nRuleName: -\r\nEventType: CreatePipe\r\nUtcTime: 2023-03-03 17:31:36.095\r\nProcessGuid: {BE59402F-2EE3-6402-1201-000000001900}\r\nProcessId: 2780\r\nPipeName: \\uv\\0000000000000002-2780\r\nImage: C:\\Program Files\\Microsoft VS Code\\Code.exe\r\nUser: LUNARSTIIINESS\\tim.smith_admin","Category":"Pipe Created (rule: PipeEvent)","Opcode":"Info","RuleName":"-","UtcTime":"2023-03-03 17:31:36.095","ProcessGuid":"{BE59402F-2EE3-6402-1201-000000001900}","PipeName":"\\uv\\0000000000000002-2780","Image":"C:\\Program Files\\Microsoft VS Code\\Code.exe","User":"LUNARSTIIINESS\\tim.smith_admin","EventReceivedTime":1677864697,"SourceModuleName":"in_sysmon","SourceModuleType":"im_msvistalog"}
<14>Mar  3 17:31:37 win-server.lunarstiiiness.com Microsoft-Windows-Sysmon[1288]: {"EventTime":1677864696,"Hostname":"win-server.lunarstiiiness.com","Keywords":-9223372036854775808,"EventType":"INFO","SeverityValue":2,"Severity":"INFO","EventID":17,"SourceName":"Microsoft-Windows-Sysmon","ProviderGuid":"{5770385F-C22A-43E0-BF4C-06F5698FFBD9}","Version":1,"Task":17,"OpcodeValue":0,"RecordNumber":930653,"ProcessID":1288,"ThreadID":2884,"Channel":"Microsoft-Windows-Sysmon/Operational","Domain":"NT AUTHORITY","AccountName":"SYSTEM","UserID":"S-1-5-18","AccountType":"User","Message":"Pipe Created:\r\nRuleName: -\r\nEventType: CreatePipe\r\nUtcTime: 2023-03-03 17:31:36.095\r\nProcessGuid: {BE59402F-2EE3-6402-1201-000000001900}\r\nProcessId: 2780\r\nPipeName: \\uv\\0000000000000001-2780\r\nImage: C:\\Program Files\\Microsoft VS Code\\Code.exe\r\nUser: LUNARSTIIINESS\\tim.smith_admin","Category":"Pipe Created (rule: PipeEvent)","Opcode":"Info","RuleName":"-","UtcTime":"2023-03-03 17:31:36.095","ProcessGuid":"{BE59402F-2EE3-6402-1201-000000001900}","PipeName":"\\uv\\0000000000000001-2780","Image":"C:\\Program Files\\Microsoft VS Code\\Code.exe","User":"LUNARSTIIINESS\\tim.smith_admin","EventReceivedTime":1677864697,"SourceModuleName":"in_sysmon","SourceModuleType":"im_msvistalog"}
<14>Mar  3 17:31:37 win-server.lunarstiiiness.com Microsoft-Windows-Sysmon[1288]: {"EventTime":1677864696,"Hostname":"win-server.lunarstiiiness.com","Keywords":-9223372036854775808,"EventType":"INFO","SeverityValue":2,"Severity":"INFO","EventID":10,"SourceName":"Microsoft-Windows-Sysmon","ProviderGuid":"{5770385F-C22A-43E0-BF4C-06F5698FFBD9}","Version":3,"Task":10,"OpcodeValue":0,"RecordNumber":930657,"ProcessID":1288,"ThreadID":2884,"Channel":"Microsoft-Windows-Sysmon/Operational","Domain":"NT AUTHORITY","AccountName":"SYSTEM","UserID":"S-1-5-18","AccountType":"User","Message":"Process accessed:\r\nRuleName: technique_id=T1055.001,technique_name=Dynamic-link Library Injection\r\nUtcTime: 2023-03-03 17:31:36.096\r\nSourceProcessGUID: {BE59402F-2EE3-6402-1201-000000001900}\r\nSourceProcessId: 2780\r\nSourceThreadId: 4664\r\nSourceImage: C:\\Program Files\\Microsoft VS Code\\Code.exe\r\nTargetProcessGUID: {BE59402F-2EF8-6402-1901-000000001900}\r\nTargetProcessId: 2596\r\nTargetImage: C:\\Windows\\system32\\cmd.exe\r\nGrantedAccess: 0x1FFFFF\r\nCallTrace: C:\\Windows\\SYSTEM32\\ntdll.dll+a7424|C:\\Windows\\System32\\KERNELBASE.dll+24890|C:\\Windows\\System32\\KERNELBASE.dll+22e56|C:\\Windows\\System32\\KERNEL32.DLL+1c373|C:\\Program Files\\Microsoft VS Code\\Code.exe+1bf55ee|C:\\Program Files\\Microsoft VS Code\\Code.exe+21ed62d|C:\\Program Files\\Microsoft VS Code\\Code.exe+319cdfe|UNKNOWN(00007FF6F7ECCA3C)|UNKNOWN(00007FF6F7E4C063)|UNKNOWN(00007FF6F7E4C063)|UNKNOWN(00007FF6F7E4C063)|UNKNOWN(00007FF6F7E4C063)|UNKNOWN(00007FF6F7E4C063)|UNKNOWN(00007FF6F7E4C063)|UNKNOWN(00007FF6F7E4C063)|UNKNOWN(00007FF6F7F1D616)|UNKNOWN(00007FF6F7E49972)|UNKNOWN(00007FF6F7F6E5B6)|UNKNOWN(00007FF6F7E4C063)|UNKNOWN(00007FF6F7E4C063)|UNKNOWN(00007FF6F7E81A81)|UNKNOWN(00007FF6F7F1F171)|UNKNOWN(00007FF6F7E72A18)|UNKNOWN(00007FF6F7E4A4DB)\r\nSourceUser: LUNARSTIIINESS\\tim.smith_admin\r\nTargetUser: LUNARSTIIINESS\\tim.smith_admin","Category":"Process accessed (rule: ProcessAccess)","Opcode":"Info","RuleName":"technique_id=T1055.001,technique_name=Dynamic-link Library Injection","UtcTime":"2023-03-03 17:31:36.096","SourceProcessGUID":"{BE59402F-2EE3-6402-1201-000000001900}","SourceProcessId":"2780","SourceThreadId":"4664","SourceImage":"C:\\Program Files\\Microsoft VS Code\\Code.exe","TargetProcessGUID":"{BE59402F-2EF8-6402-1901-000000001900}","TargetProcessId":"2596","TargetImage":"C:\\Windows\\system32\\cmd.exe","GrantedAccess":"0x1fffff","CallTrace":"C:\\Windows\\SYSTEM32\\ntdll.dll+a7424|C:\\Windows\\System32\\KERNELBASE.dll+24890|C:\\Windows\\System32\\KERNELBASE.dll+22e56|C:\\Windows\\System32\\KERNEL32.DLL+1c373|C:\\Program Files\\Microsoft VS Code\\Code.exe+1bf55ee|C:\\Program Files\\Microsoft VS Code\\Code.exe+21ed62d|C:\\Program Files\\Microsoft VS Code\\Code.exe+319cdfe|UNKNOWN(00007FF6F7ECCA3C)|UNKNOWN(00007FF6F7E4C063)|UNKNOWN(00007FF6F7E4C063)|UNKNOWN(00007FF6F7E4C063)|UNKNOWN(00007FF6F7E4C063)|UNKNOWN(00007FF6F7E4C063)|UNKNOWN(00007FF6F7E4C063)|UNKNOWN(00007FF6F7E4C063)|UNKNOWN(00007FF6F7F1D616)|UNKNOWN(00007FF6F7E49972)|UNKNOWN(00007FF6F7F6E5B6)|UNKNOWN(00007FF6F7E4C063)|UNKNOWN(00007FF6F7E4C063)|UNKNOWN(00007FF6F7E81A81)|UNKNOWN(00007FF6F7F1F171)|UNKNOWN(00007FF6F7E72A18)|UNKNOWN(00007FF6F7E4A4DB)","SourceUser":"LUNARSTIIINESS\\tim.smith_admin","TargetUser":"LUNARSTIIINESS\\tim.smith_admin","EventReceivedTime":1677864697,"SourceModuleName":"in_sysmon","SourceModuleType":"im_msvistalog"}
<14>Mar  3 17:31:37 win-server.lunarstiiiness.com Microsoft-Windows-Sysmon[1288]: {"EventTime":1677864696,"Hostname":"win-server.lunarstiiiness.com","Keywords":-9223372036854775808,"EventType":"INFO","SeverityValue":2,"Severity":"INFO","EventID":10,"SourceName":"Microsoft-Windows-Sysmon","ProviderGuid":"{5770385F-C22A-43E0-BF4C-06F5698FFBD9}","Version":3,"Task":10,"OpcodeValue":0,"RecordNumber":930658,"ProcessID":1288,"ThreadID":2884,"Channel":"Microsoft-Windows-Sysmon/Operational","Domain":"NT AUTHORITY","AccountName":"SYSTEM","UserID":"S-1-5-18","AccountType":"User","Message":"Process accessed:\r\nRuleName: technique_id=T1055.001,technique_name=Dynamic-link Library Injection\r\nUtcTime: 2023-03-03 17:31:36.103\r\nSourceProcessGUID: {BE59402F-2EE3-6402-1201-000000001900}\r\nSourceProcessId: 2780\r\nSourceThreadId: 2756\r\nSourceImage: C:\\Program Files\\Microsoft VS Code\\Code.exe\r\nTargetProcessGUID: {BE59402F-2EF8-6402-1A01-000000001900}\r\nTargetProcessId: 2040\r\nTargetImage: C:\\Program Files\\Microsoft VS Code\\Code.exe\r\nGrantedAccess: 0x1FFFFF\r\nCallTrace: C:\\Windows\\SYSTEM32\\ntdll.dll+a7424|C:\\Windows\\System32\\KERNELBASE.dll+24890|C:\\Windows\\System32\\KERNELBASE.dll+22e56|C:\\Windows\\System32\\KERNEL32.DLL+1c373|C:\\Program Files\\Microsoft VS Code\\Code.exe+1bf55ee|C:\\Program Files\\Microsoft VS Code\\Code.exe+21ed62d|C:\\Program Files\\Microsoft VS Code\\Code.exe+319cdfe|UNKNOWN(00007FF6F7ECCA3C)|UNKNOWN(00007FF6F7E4C063)|UNKNOWN(00007FF6F7E4C063)|UNKNOWN(00007FF6F7E4C063)|UNKNOWN(00007FF6F7E4C063)|UNKNOWN(00007FF6F7E4C063)|UNKNOWN(00007FF6F7E4C063)|UNKNOWN(00007FF6F7E4C063)|UNKNOWN(00007FF6F7E4C063)|UNKNOWN(00007FF6F7E4A5DC)|UNKNOWN(00007FF6F7E4A1DB)|C:\\Program Files\\Microsoft VS Code\\Code.exe+31bdc69|C:\\Program Files\\Microsoft VS Code\\Code.exe+3180f74|C:\\Program Files\\Microsoft VS Code\\Code.exe+3921e5a|C:\\Program Files\\Microsoft VS Code\\Code.exe+30bedfd|C:\\Program Files\\Microsoft VS Code\\Code.exe+3b77186|C:\\Program Files\\Microsoft VS Code\\Code.exe+3a95de7\r\nSourceUser: LUNARSTIIINESS\\tim.smith_admin\r\nTargetUser: LUNARSTIIINESS\\tim.smith_admin","Category":"Process accessed (rule: ProcessAccess)","Opcode":"Info","RuleName":"technique_id=T1055.001,technique_name=Dynamic-link Library Injection","UtcTime":"2023-03-03 17:31:36.103","SourceProcessGUID":"{BE59402F-2EE3-6402-1201-000000001900}","SourceProcessId":"2780","SourceThreadId":"2756","SourceImage":"C:\\Program Files\\Microsoft VS Code\\Code.exe","TargetProcessGUID":"{BE59402F-2EF8-6402-1A01-000000001900}","TargetProcessId":"2040","TargetImage":"C:\\Program Files\\Microsoft VS Code\\Code.exe","GrantedAccess":"0x1fffff","CallTrace":"C:\\Windows\\SYSTEM32\\ntdll.dll+a7424|C:\\Windows\\System32\\KERNELBASE.dll+24890|C:\\Windows\\System32\\KERNELBASE.dll+22e56|C:\\Windows\\System32\\KERNEL32.DLL+1c373|C:\\Program Files\\Microsoft VS Code\\Code.exe+1bf55ee|C:\\Program Files\\Microsoft VS Code\\Code.exe+21ed62d|C:\\Program Files\\Microsoft VS Code\\Code.exe+319cdfe|UNKNOWN(00007FF6F7ECCA3C)|UNKNOWN(00007FF6F7E4C063)|UNKNOWN(00007FF6F7E4C063)|UNKNOWN(00007FF6F7E4C063)|UNKNOWN(00007FF6F7E4C063)|UNKNOWN(00007FF6F7E4C063)|UNKNOWN(00007FF6F7E4C063)|UNKNOWN(00007FF6F7E4C063)|UNKNOWN(00007FF6F7E4C063)|UNKNOWN(00007FF6F7E4A5DC)|UNKNOWN(00007FF6F7E4A1DB)|C:\\Program Files\\Microsoft VS Code\\Code.exe+31bdc69|C:\\Program Files\\Microsoft VS Code\\Code.exe+3180f74|C:\\Program Files\\Microsoft VS Code\\Code.exe+3921e5a|C:\\Program Files\\Microsoft VS Code\\Code.exe+30bedfd|C:\\Program Files\\Microsoft VS Code\\Code.exe+3b77186|C:\\Program Files\\Microsoft VS Code\\Code.exe+3a95de7","SourceUser":"LUNARSTIIINESS\\tim.smith_admin","TargetUser":"LUNARSTIIINESS\\tim.smith_admin","EventReceivedTime":1677864697,"SourceModuleName":"in_sysmon","SourceModuleType":"im_msvistalog"}
<14>Mar  3 17:31:37 win-server.lunarstiiiness.com Microsoft-Windows-Sysmon[1288]: {"EventTime":1677864696,"Hostname":"win-server.lunarstiiiness.com","Keywords":-9223372036854775808,"EventType":"INFO","SeverityValue":2,"Severity":"INFO","EventID":1,"SourceName":"Microsoft-Windows-Sysmon","ProviderGuid":"{5770385F-C22A-43E0-BF4C-06F5698FFBD9}","Version":5,"Task":1,"OpcodeValue":0,"RecordNumber":930656,"ProcessID":1288,"ThreadID":2884,"Channel":"Microsoft-Windows-Sysmon/Operational","Domain":"NT AUTHORITY","AccountName":"SYSTEM","UserID":"S-1-5-18","AccountType":"User","Message":"Process Create:\r\nRuleName: technique_id=T1059,technique_name=Command-Line Interface\r\nUtcTime: 2023-03-03 17:31:36.096\r\nProcessGuid: {BE59402F-2EF8-6402-1901-000000001900}\r\nProcessId: 2596\r\nImage: C:\\Windows\\System32\\cmd.exe\r\nFileVersion: 10.0.14393.0 (rs1_release.160715-1616)\r\nDescription: Windows Command Processor\r\nProduct: Microsoft Windows Operating System\r\nCompany: Microsoft Corporation\r\nOriginalFileName: Cmd.Exe\r\nCommandLine: C:\\Windows\\system32\\cmd.exe /d /s /c \"wsl.exe -l -q\"\r\nCurrentDirectory: C:\\Program Files\\Microsoft VS Code\\\r\nUser: LUNARSTIIINESS\\tim.smith_admin\r\nLogonGuid: {BE59402F-2E2D-6402-82D4-DA0000000000}\r\nLogonId: 0xDAD482\r\nTerminalSessionId: 3\r\nIntegrityLevel: Medium\r\nHashes: SHA1=99AE9C73E9BEE6F9C76D6F4093A9882DF06832CF,MD5=F4F684066175B77E0C3A000549D2922C,SHA256=935C1861DF1F4018D698E8B65ABFA02D7E9037D8F68CA3C2065B6CA165D44AD2,IMPHASH=3062ED732D4B25D1C64F084DAC97D37A\r\nParentProcessGuid: {BE59402F-2EE3-6402-1201-000000001900}\r\nParentProcessId: 2780\r\nParentImage: C:\\Program Files\\Microsoft VS Code\\Code.exe\r\nParentCommandLine: \"C:\\Program Files\\Microsoft VS Code\\Code.exe\" --type=renderer --user-data-dir=\"C:\\Users\\tim.smith_admin\\AppData\\Roaming\\Code\" --standard-schemes=vscode-webview,vscode-file --secure-schemes=vscode-webview,vscode-file --bypasscsp-schemes --cors-schemes=vscode-webview,vscode-file --fetch-schemes=vscode-webview,vscode-file --service-worker-schemes=vscode-webview --streaming-schemes --app-user-model-id=Microsoft.VisualStudioCode --app-path=\"C:\\Program Files\\Microsoft VS Code\\resources\\app\" --no-sandbox --no-zygote --node-integration-in-worker --disable-gpu-compositing --lang=en-US --device-scale-factor=1 --num-raster-threads=1 --renderer-client-id=5 --launch-time-ticks=2267142409 --mojo-platform-channel-handle=2508 --field-trial-handle=1488,i,8616818525530101286,9589131778807600209,131072 --disable-features=CalculateNativeWinOcclusion,SpareRendererForSitePerProcess,WinRetrieveSuggestionsOnlyOnDemand --vscode-window-config=vscode:7eb8f322-f1c2-46aa-b579-accfe284e1fa --vscode-window-kind=shared-process /prefetch:1\r\nParentUser: LUNARSTIIINESS\\tim.smith_admin","Category":"Process Create (rule: ProcessCreate)","Opcode":"Info","RuleName":"technique_id=T1059,technique_name=Command-Line Interface","UtcTime":"2023-03-03 17:31:36.096","ProcessGuid":"{BE59402F-2EF8-6402-1901-000000001900}","Image":"C:\\Windows\\System32\\cmd.exe","FileVersion":"10.0.14393.0 (rs1_release.160715-1616)","Description":"Windows Command Processor","Product":"Microsoft Windows Operating System","Company":"Microsoft Corporation","OriginalFileName":"Cmd.Exe","CommandLine":"C:\\Windows\\system32\\cmd.exe /d /s /c \"wsl.exe -l -q\"","CurrentDirectory":"C:\\Program Files\\Microsoft VS Code\\","User":"LUNARSTIIINESS\\tim.smith_admin","LogonGuid":"{BE59402F-2E2D-6402-82D4-DA0000000000}","LogonId":"0xdad482","TerminalSessionId":"3","IntegrityLevel":"Medium","Hashes":"SHA1=99AE9C73E9BEE6F9C76D6F4093A9882DF06832CF,MD5=F4F684066175B77E0C3A000549D2922C,SHA256=935C1861DF1F4018D698E8B65ABFA02D7E9037D8F68CA3C2065B6CA165D44AD2,IMPHASH=3062ED732D4B25D1C64F084DAC97D37A","ParentProcessGuid":"{BE59402F-2EE3-6402-1201-000000001900}","ParentProcessId":"2780","ParentImage":"C:\\Program Files\\Microsoft VS Code\\Code.exe","ParentCommandLine":"\"C:\\Program Files\\Microsoft VS Code\\Code.exe\" --type=renderer --user-data-dir=\"C:\\Users\\tim.smith_admin\\AppData\\Roaming\\Code\" --standard-schemes=vscode-webview,vscode-file --secure-schemes=vscode-webview,vscode-file --bypasscsp-schemes --cors-schemes=vscode-webview,vscode-file --fetch-schemes=vscode-webview,vscode-file --service-worker-schemes=vscode-webview --streaming-schemes --app-user-model-id=Microsoft.VisualStudioCode --app-path=\"C:\\Program Files\\Microsoft VS Code\\resources\\app\" --no-sandbox --no-zygote --node-integration-in-worker --disable-gpu-compositing --lang=en-US --device-scale-factor=1 --num-raster-threads=1 --renderer-client-id=5 --launch-time-ticks=2267142409 --mojo-platform-channel-handle=2508 --field-trial-handle=1488,i,8616818525530101286,9589131778807600209,131072 --disable-features=CalculateNativeWinOcclusion,SpareRendererForSitePerProcess,WinRetrieveSuggestionsOnlyOnDemand --vscode-window-config=vscode:7eb8f322-f1c2-46aa-b579-accfe284e1fa --vscode-window-kind=shared-process /prefetch:1","ParentUser":"LUNARSTIIINESS\\tim.smith_admin","EventReceivedTime":1677864697,"SourceModuleName":"in_sysmon","SourceModuleType":"im_msvistalog"}
<14>Mar  3 17:31:43 win-server.lunarstiiiness.com Microsoft-Windows-Sysmon[1288]: {"EventTime":1677864702,"Hostname":"win-server.lunarstiiiness.com","Keywords":-9223372036854775808,"EventType":"INFO","SeverityValue":2,"Severity":"INFO","EventID":12,"SourceName":"Microsoft-Windows-Sysmon","ProviderGuid":"{5770385F-C22A-43E0-BF4C-06F5698FFBD9}","Version":2,"Task":12,"OpcodeValue":0,"RecordNumber":930659,"ProcessID":1288,"ThreadID":2884,"Channel":"Microsoft-Windows-Sysmon/Operational","Domain":"NT AUTHORITY","AccountName":"SYSTEM","UserID":"S-1-5-18","AccountType":"User","Message":"Registry object added or deleted:\r\nRuleName: -\r\nEventType: CreateKey\r\nUtcTime: 2023-03-03 17:31:41.819\r\nProcessGuid: {BE59402F-2E41-6402-F900-000000001900}\r\nProcessId: 4368\r\nImage: C:\\Windows\\Explorer.EXE\r\nTargetObject: HKU\\S-1-5-21-3263964631-4121654051-1417071188-1116\\SOFTWARE\\Microsoft\\Internet Explorer\\Toolbar\r\nUser: LUNARSTIIINESS\\tim.smith_admin","Category":"Registry object added or deleted (rule: RegistryEvent)","Opcode":"Info","RuleName":"-","UtcTime":"2023-03-03 17:31:41.819","ProcessGuid":"{BE59402F-2E41-6402-F900-000000001900}","Image":"C:\\Windows\\Explorer.EXE","TargetObject":"HKU\\S-1-5-21-3263964631-4121654051-1417071188-1116\\SOFTWARE\\Microsoft\\Internet Explorer\\Toolbar","User":"LUNARSTIIINESS\\tim.smith_admin","EventReceivedTime":1677864703,"SourceModuleName":"in_sysmon","SourceModuleType":"im_msvistalog"}
<14>Mar  3 17:31:58 win-server.lunarstiiiness.com Microsoft-Windows-Sysmon[1288]: {"EventTime":1677864716,"Hostname":"win-server.lunarstiiiness.com","Keywords":-9223372036854775808,"EventType":"INFO","SeverityValue":2,"Severity":"INFO","EventID":23,"SourceName":"Microsoft-Windows-Sysmon","ProviderGuid":"{5770385F-C22A-43E0-BF4C-06F5698FFBD9}","Version":5,"Task":23,"OpcodeValue":0,"RecordNumber":930661,"ProcessID":1288,"ThreadID":2884,"Channel":"Microsoft-Windows-Sysmon/Operational","Domain":"NT AUTHORITY","AccountName":"SYSTEM","UserID":"S-1-5-18","AccountType":"User","Message":"File Delete archived:\r\nRuleName: Executables\r\nUtcTime: 2023-03-03 17:31:56.046\r\nProcessGuid: {BE59402F-2ED2-6402-1001-000000001900}\r\nProcessId: 1456\r\nUser: LUNARSTIIINESS\\tim.smith_admin\r\nImage: C:\\Program Files\\Microsoft VS Code\\Code.exe\r\nTargetFilename: C:\\Users\\tim.smith_admin\\AppData\\Roaming\\Code\\Cache\\Cache_Data\\f_000002\r\nHashes: SHA1=3782205EABDF44B0B7BE11F83066E9DC9A7CF19B,MD5=D42DC5952998AB95238D28FAAA5E448A,SHA256=E8F4F00982D4F490803E5A626D7AA633BAB57C92041B774927BF290841D9760F,IMPHASH=5A594319A0D69DBC452E748BCF05892E\r\nIsExecutable: true\r\nArchived: false - insufficient disk space","Category":"File Delete archived (rule: FileDelete)","Opcode":"Info","RuleName":"Executables","UtcTime":"2023-03-03 17:31:56.046","ProcessGuid":"{BE59402F-2ED2-6402-1001-000000001900}","User":"LUNARSTIIINESS\\tim.smith_admin","Image":"C:\\Program Files\\Microsoft VS Code\\Code.exe","TargetFilename":"C:\\Users\\tim.smith_admin\\AppData\\Roaming\\Code\\Cache\\Cache_Data\\f_000002","Hashes":"SHA1=3782205EABDF44B0B7BE11F83066E9DC9A7CF19B,MD5=D42DC5952998AB95238D28FAAA5E448A,SHA256=E8F4F00982D4F490803E5A626D7AA633BAB57C92041B774927BF290841D9760F,IMPHASH=5A594319A0D69DBC452E748BCF05892E","IsExecutable":"true","Archived":"false - insufficient disk space","EventReceivedTime":1677864718,"SourceModuleName":"in_sysmon","SourceModuleType":"im_msvistalog"}
<14>Mar  3 17:32:00 win-server.lunarstiiiness.com Microsoft-Windows-Sysmon[1288]: {"EventTime":1677864718,"Hostname":"win-server.lunarstiiiness.com","Keywords":-9223372036854775808,"EventType":"INFO","SeverityValue":2,"Severity":"INFO","EventID":12,"SourceName":"Microsoft-Windows-Sysmon","ProviderGuid":"{5770385F-C22A-43E0-BF4C-06F5698FFBD9}","Version":2,"Task":12,"OpcodeValue":0,"RecordNumber":930662,"ProcessID":1288,"ThreadID":2884,"Channel":"Microsoft-Windows-Sysmon/Operational","Domain":"NT AUTHORITY","AccountName":"SYSTEM","UserID":"S-1-5-18","AccountType":"User","Message":"Registry object added or deleted:\r\nRuleName: technique_id=T1003,technique_name=Credential Dumping\r\nEventType: CreateKey\r\nUtcTime: 2023-03-03 17:31:57.765\r\nProcessGuid: {BE59402F-2E41-6402-F900-000000001900}\r\nProcessId: 4368\r\nImage: C:\\Windows\\Explorer.EXE\r\nTargetObject: HKLM\\System\\CurrentControlSet\\Control\\SecurityProviders\\SCHANNEL\r\nUser: LUNARSTIIINESS\\tim.smith_admin","Category":"Registry object added or deleted (rule: RegistryEvent)","Opcode":"Info","RuleName":"technique_id=T1003,technique_name=Credential Dumping","UtcTime":"2023-03-03 17:31:57.765","ProcessGuid":"{BE59402F-2E41-6402-F900-000000001900}","Image":"C:\\Windows\\Explorer.EXE","TargetObject":"HKLM\\System\\CurrentControlSet\\Control\\SecurityProviders\\SCHANNEL","User":"LUNARSTIIINESS\\tim.smith_admin","EventReceivedTime":1677864720,"SourceModuleName":"in_sysmon","SourceModuleType":"im_msvistalog"}
<14>Mar  3 17:32:07 win-server.lunarstiiiness.com Microsoft-Windows-Sysmon[1288]: {"EventTime":1677864725,"Hostname":"win-server.lunarstiiiness.com","Keywords":-9223372036854775808,"EventType":"INFO","SeverityValue":2,"Severity":"INFO","EventID":7,"SourceName":"Microsoft-Windows-Sysmon","ProviderGuid":"{5770385F-C22A-43E0-BF4C-06F5698FFBD9}","Version":3,"Task":7,"OpcodeValue":0,"RecordNumber":930663,"ProcessID":1288,"ThreadID":2884,"Channel":"Microsoft-Windows-Sysmon/Operational","Domain":"NT AUTHORITY","AccountName":"SYSTEM","UserID":"S-1-5-18","AccountType":"User","Message":"Image loaded:\r\nRuleName: -\r\nUtcTime: 2023-03-03 17:32:05.319\r\nProcessGuid: {BE59402F-2EC7-6402-0B01-000000001900}\r\nProcessId: 4888\r\nImage: C:\\Windows\\System32\\RuntimeBroker.exe\r\nImageLoaded: C:\\Windows\\System32\\urlmon.dll\r\nFileVersion: 11.00.14393.5582 (rs1_release.221130-1719)\r\nDescription: OLE32 Extensions for Win32\r\nProduct: Internet Explorer\r\nCompany: Microsoft Corporation\r\nOriginalFileName: UrlMon.dll\r\nHashes: SHA1=C04C26B634733A5132FEB47281829DA870E481F2,MD5=A99B52D97035B13B4C06366E1ABE05E7,SHA256=4009730BE3CE17F80A98BEB323FFF3626AF02B7EAE64601B2A0BEF8B87145E9F,IMPHASH=B5AFB93FCF976F12D390F994AD9F4967\r\nSigned: true\r\nSignature: Microsoft Windows\r\nSignatureStatus: Valid\r\nUser: LUNARSTIIINESS\\tim.smith_admin","Category":"Image loaded (rule: ImageLoad)","Opcode":"Info","RuleName":"-","UtcTime":"2023-03-03 17:32:05.319","ProcessGuid":"{BE59402F-2EC7-6402-0B01-000000001900}","Image":"C:\\Windows\\System32\\RuntimeBroker.exe","ImageLoaded":"C:\\Windows\\System32\\urlmon.dll","FileVersion":"11.00.14393.5582 (rs1_release.221130-1719)","Description":"OLE32 Extensions for Win32","Product":"Internet Explorer","Company":"Microsoft Corporation","OriginalFileName":"UrlMon.dll","Hashes":"SHA1=C04C26B634733A5132FEB47281829DA870E481F2,MD5=A99B52D97035B13B4C06366E1ABE05E7,SHA256=4009730BE3CE17F80A98BEB323FFF3626AF02B7EAE64601B2A0BEF8B87145E9F,IMPHASH=B5AFB93FCF976F12D390F994AD9F4967","Signed":"true","Signature":"Microsoft Windows","SignatureStatus":"Valid","User":"LUNARSTIIINESS\\tim.smith_admin","EventReceivedTime":1677864727,"SourceModuleName":"in_sysmon","SourceModuleType":"im_msvistalog"}
<14>Mar  3 17:32:13 win-server.lunarstiiiness.com Microsoft-Windows-Sysmon[1288]: {"EventTime":1677864732,"Hostname":"win-server.lunarstiiiness.com","Keywords":-9223372036854775808,"EventType":"INFO","SeverityValue":2,"Severity":"INFO","EventID":13,"SourceName":"Microsoft-Windows-Sysmon","ProviderGuid":"{5770385F-C22A-43E0-BF4C-06F5698FFBD9}","Version":2,"Task":13,"OpcodeValue":0,"RecordNumber":930664,"ProcessID":1288,"ThreadID":2884,"Channel":"Microsoft-Windows-Sysmon/Operational","Domain":"NT AUTHORITY","AccountName":"SYSTEM","UserID":"S-1-5-18","AccountType":"User","Message":"Registry value set:\r\nRuleName: technique_id=T1543,technique_name=Service Creation\r\nEventType: SetValue\r\nUtcTime: 2023-03-03 17:32:12.280\r\nProcessGuid: {BE59402F-260D-6402-1300-000000001900}\r\nProcessId: 924\r\nImage: C:\\Windows\\system32\\svchost.exe\r\nTargetObject: HKLM\\System\\CurrentControlSet\\Services\\w32time\\Config\\LastKnownGoodTime\r\nDetails: QWORD (0x01d94df6-0x16bb58e7)\r\nUser: NT AUTHORITY\\LOCAL SERVICE","Category":"Registry value set (rule: RegistryEvent)","Opcode":"Info","RuleName":"technique_id=T1543,technique_name=Service Creation","UtcTime":"2023-03-03 17:32:12.280","ProcessGuid":"{BE59402F-260D-6402-1300-000000001900}","Image":"C:\\Windows\\system32\\svchost.exe","TargetObject":"HKLM\\System\\CurrentControlSet\\Services\\w32time\\Config\\LastKnownGoodTime","Details":"QWORD (0x01d94df6-0x16bb58e7)","User":"NT AUTHORITY\\LOCAL SERVICE","EventReceivedTime":1677864733,"SourceModuleName":"in_sysmon","SourceModuleType":"im_msvistalog"}
<14>Mar  3 17:32:20 win-server.lunarstiiiness.com Microsoft-Windows-Sysmon[1288]: {"EventTime":1677864738,"Hostname":"win-server.lunarstiiiness.com","Keywords":-9223372036854775808,"EventType":"INFO","SeverityValue":2,"Severity":"INFO","EventID":1,"SourceName":"Microsoft-Windows-Sysmon","ProviderGuid":"{5770385F-C22A-43E0-BF4C-06F5698FFBD9}","Version":5,"Task":1,"OpcodeValue":0,"RecordNumber":930665,"ProcessID":1288,"ThreadID":2884,"Channel":"Microsoft-Windows-Sysmon/Operational","Domain":"NT AUTHORITY","AccountName":"SYSTEM","UserID":"S-1-5-18","AccountType":"User","Message":"Process Create:\r\nRuleName: technique_id=T1218.002,technique_name=rundll32.exe\r\nUtcTime: 2023-03-03 17:32:18.760\r\nProcessGuid: {BE59402F-2F22-6402-1E01-000000001900}\r\nProcessId: 5100\r\nImage: C:\\Windows\\System32\\rundll32.exe\r\nFileVersion: 10.0.14393.4169 (rs1_release.210107-1130)\r\nDescription: Windows host process (Rundll32)\r\nProduct: Microsoft Windows Operating System\r\nCompany: Microsoft Corporation\r\nOriginalFileName: RUNDLL32.EXE\r\nCommandLine: C:\\Windows\\System32\\rundll32.exe C:\\Windows\\System32\\shell32.dll,SHCreateLocalServerRunDll {9aa46009-3ce0-458a-a354-715610a075e6} -Embedding\r\nCurrentDirectory: C:\\Windows\\system32\\\r\nUser: LUNARSTIIINESS\\tim.smith_admin\r\nLogonGuid: {BE59402F-2E2D-6402-82D4-DA0000000000}\r\nLogonId: 0xDAD482\r\nTerminalSessionId: 3\r\nIntegrityLevel: Medium\r\nHashes: SHA1=5ECBE863F4BE35DE1C3DEFF2C24045AA7769EBA7,MD5=23DB802097F7B7E520E40068A7E68B14,SHA256=28DE7D3E8BF4B19E44063A4BFC2E7C30AE488CD9A1F63320ED374E14AAECA667,IMPHASH=7D1CE1BAFE48B63D9D19E8E0E5DF3E6C\r\nParentProcessGuid: {BE59402F-260C-6402-0C00-000000001900}\r\nParentProcessId: 608\r\nParentImage: C:\\Windows\\System32\\svchost.exe\r\nParentCommandLine: C:\\Windows\\system32\\svchost.exe -k DcomLaunch\r\nParentUser: NT AUTHORITY\\SYSTEM","Category":"Process Create (rule: ProcessCreate)","Opcode":"Info","RuleName":"technique_id=T1218.002,technique_name=rundll32.exe","UtcTime":"2023-03-03 17:32:18.760","ProcessGuid":"{BE59402F-2F22-6402-1E01-000000001900}","Image":"C:\\Windows\\System32\\rundll32.exe","FileVersion":"10.0.14393.4169 (rs1_release.210107-1130)","Description":"Windows host process (Rundll32)","Product":"Microsoft Windows Operating System","Company":"Microsoft Corporation","OriginalFileName":"RUNDLL32.EXE","CommandLine":"C:\\Windows\\System32\\rundll32.exe C:\\Windows\\System32\\shell32.dll,SHCreateLocalServerRunDll {9aa46009-3ce0-458a-a354-715610a075e6} -Embedding","CurrentDirectory":"C:\\Windows\\system32\\","User":"LUNARSTIIINESS\\tim.smith_admin","LogonGuid":"{BE59402F-2E2D-6402-82D4-DA0000000000}","LogonId":"0xdad482","TerminalSessionId":"3","IntegrityLevel":"Medium","Hashes":"SHA1=5ECBE863F4BE35DE1C3DEFF2C24045AA7769EBA7,MD5=23DB802097F7B7E520E40068A7E68B14,SHA256=28DE7D3E8BF4B19E44063A4BFC2E7C30AE488CD9A1F63320ED374E14AAECA667,IMPHASH=7D1CE1BAFE48B63D9D19E8E0E5DF3E6C","ParentProcessGuid":"{BE59402F-260C-6402-0C00-000000001900}","ParentProcessId":"608","ParentImage":"C:\\Windows\\System32\\svchost.exe","ParentCommandLine":"C:\\Windows\\system32\\svchost.exe -k DcomLaunch","ParentUser":"NT AUTHORITY\\SYSTEM","EventReceivedTime":1677864740,"SourceModuleName":"in_sysmon","SourceModuleType":"im_msvistalog"}
