<14>Jan  2 13:45:33 stevemorris-pc Microsoft-Windows-Sysmon[3224]: {"EventTime":1672667133,"Hostname":"stevemorris-pc","Keywords":-9223372036854775808,"EventType":"INFO","SeverityValue":2,"Severity":"INFO","EventID":15,"SourceName":"Microsoft-Windows-Sysmon","ProviderGuid":"{5770385F-C22A-43E0-BF4C-06F5698FFBD9}","Version":2,"Task":15,"OpcodeValue":0,"RecordNumber":279260,"ProcessID":3224,"ThreadID":4128,"Channel":"Microsoft-Windows-Sysmon/Operational","Domain":"NT AUTHORITY","AccountName":"SYSTEM","UserID":"S-1-5-12-783622181-14434791-6080415151-691320","AccountType":"User","Message":"File stream created:\r\nRuleName: -\r\nUtcTime: 2023-01-02 13:45:33.000000\r\nProcessGuid: {3be6fa21-3ba1-62c8-3e01-000000001100}\r\nProcessId: 4656\r\nImage: C:\\Windows\\Explorer.EXE\r\nTargetFilename: C:\\Users\\stevemorris\\Downloads\\mimikatz_trunk\\x64\\mimilib.dll\r\nCreationUtcTime: 2023-01-02 13:45:33.000000\r\nHash: SHA1=B82787DC098EEFA8BF917F76CFB294AC3F8349F0,MD5=DDFAD0D55BE70ACDFEA36ACF28D418B3,SHA256=D9770865EA739A8F1702A2651538F4F4DE2D92888D188D8ACE2C79936F9C2688,IMPHASH=EAA79F1D9E8A00542B09CB462D0658EF\r\nContents: -\r\nUser: STACKEDPADS\\stevemorris","Category":"File stream created (rule: FileCreateStreamHash)","Opcode":"Info","RuleName":"-","UtcTime":"2023-01-02 13:45:33.000000","ProcessGuid":"{3be6fa21-3ba1-62c8-3e01-000000001100}","Image":"C:\\Windows\\Explorer.EXE","TargetFilename":"C:\\Users\\stevemorris\\Downloads\\mimikatz_trunk\\x64\\mimilib.dll","CreationUtcTime":"2023-01-02 13:45:33.000000","Hash":"SHA1=B82787DC098EEFA8BF917F76CFB294AC3F8349F0,MD5=DDFAD0D55BE70ACDFEA36ACF28D418B3,SHA256=D9770865EA739A8F1702A2651538F4F4DE2D92888D188D8ACE2C79936F9C2688,IMPHASH=EAA79F1D9E8A00542B09CB462D0658EF","Contents":"-","User":"STACKEDPADS\\stevemorris","EventReceivedTime":1672667133,"SourceModuleName":"in_sysmon","SourceModuleType":"im_msvistalog"}
<14>Jan  2 13:45:43 stevemorris-pc Microsoft-Windows-Sysmon[3224]: {"EventTime":1672667143,"Hostname":"stevemorris-pc","Keywords":-9223372036854775808,"EventType":"INFO","SeverityValue":2,"Severity":"INFO","EventID":15,"SourceName":"Microsoft-Windows-Sysmon","ProviderGuid":"{5770385F-C22A-43E0-BF4C-06F5698FFBD9}","Version":2,"Task":15,"OpcodeValue":0,"RecordNumber":279261,"ProcessID":3221,"ThreadID":4121,"Channel":"Microsoft-Windows-Sysmon/Operational","Domain":"NT AUTHORITY","AccountName":"SYSTEM","UserID":"S-1-5-12-783622181-14434791-6080415151-691320","AccountType":"User","Message":"File stream created:\r\nRuleName: -\r\nUtcTime: 2023-01-02 13:45:43.000000\r\nProcessGuid: {3be6fa21-3ba1-62c8-3e01-000000001100}\r\nProcessId: 4656\r\nImage: C:\\Windows\\Explorer.EXE\r\nTargetFilename: C:\\Users\\stevemorris\\tmp\\system_update.exe\r\nCreationUtcTime: 2023-01-02 13:45:43.000000\r\nHash: SHA1=FFB55814B6DDAC1A9DB66F818DC290997A0E2D72,MD5=77BD3B7AC9B58BDE238654CDCE862DF8,SHA256=0B1C7CF8E467F63714F15686070D4EBF755B0DEA87300D4B917CFA2F03E95BCC,IMPHASH=FFB55814B6DDAC1A9DB66F818DC29099\r\nContents: -\r\nUser: STACKEDPADS\\stevemorris","Category":"File stream created (rule: FileCreateStreamHash)","Opcode":"Info","RuleName":"-","UtcTime":"2023-01-02 13:45:43.000000","ProcessGuid":"{3be6fa21-3ba1-62c8-3e01-000000001100}","Image":"C:\\Windows\\Explorer.EXE","TargetFilename":"C:\\Users\\stevemorris\\tmp\\system_update.exe","CreationUtcTime":"2023-01-02 13:45:43.000000","Hash":"SHA1=FFB55814B6DDAC1A9DB66F818DC290997A0E2D72,MD5=77BD3B7AC9B58BDE238654CDCE862DF8,SHA256=0B1C7CF8E467F63714F15686070D4EBF755B0DEA87300D4B917CFA2F03E95BCC,IMPHASH=FFB55814B6DDAC1A9DB66F818DC29099","Contents":"-","User":"STACKEDPADS\\stevemorris","EventReceivedTime":1672667143,"SourceModuleName":"in_sysmon","SourceModuleType":"im_msvistalog"}
{"Channel":"Microsoft-Windows-Sysmon/Operational","CommandLine":"\"C:\\Users\\stevemorris\\Desktop\\executable.exe\" ","Company":"-","Computer":"DESKTOP-SM","CurrentDirectory":"C:\\Users\\stevemorris\\Desktop\\","Description":"-","EventID":1,"FileVersion":"-","Hashes":"MD5=71826BA081E303866CE2A2534491A2F7,SHA256=62099532750DAD1054B127689680C38590033FA0BDFA4FB40C7B4DCB2607FB11,IMPHASH=AFCDF79BE1557326C854B6E20CB900A7","Hostname":"stevemorris-pc","Image":"C:\\Users\\stevemorris\\Desktop\\executable.exe","IntegrityLevel":"High","Level":4,"LogonGuid":"{C784477D-A5DD-61A4-355F-030000000000}","LogonId":"0x35f35","Message":"","OpcodeValue":0,"OriginalFileName":"-","ParentCommandLine":"\"sandbox-control.exe\"","ParentImage":"sandbox-control.exe","ParentProcessGuid":"{C784477D-A6BC-61A4-F705-000000003C00}","ParentProcessId":"6400","ProcessGuid":"{C784477D-F8D0-6221-2706-000000003C00}","ProcessID":2200,"ProcessId":"3848","Product":"-","ProviderGuid":"{5770385F-C22A-43E0-BF4C-06F5698FFBD9}","RecordNumber":84589,"RuleName":"-","SourceName":"Microsoft-Windows-Sysmon","TerminalSessionId":"1","ThreadID":3056,"User":"DESKTOP-SM\\stevemorris","UserID":"S-1-5-12-783622181-14434791-6080415151-691320","UtcTime":"2023-01-02 13:45:54.000000","Version":5}
{"Channel":"Microsoft-Windows-Sysmon/Operational","CommandLine":"\"C:\\Users\\stevemorris\\AppData\\Roaming\\Microsoft\\Windows\\Start Menu\\Programs\\Startup\\WindPlugin.exe\" ","Company":"Softdiv Software Sdn Bhd","Computer":"DESKTOP-SM","CurrentDirectory":"C:\\Users\\stevemorris\\AppData\\Roaming\\Microsoft\\Windows\\Start Menu\\Programs\\Startup\\","Description":"Softdiv MP3 to WAV Converter.exe","EventID":1,"FileVersion":"0.3.2.0","Hashes":"MD5=4265F75CBB4BA1BC23B07890ED42872B,SHA256=5A29583A80B7DC2CBCE4B8712024DCDFF9F777D908B6F16DFB3D59FAD991083E,IMPHASH=F34D5F2D4577ED6D9CEEC516C1F5A744","Hostname":"stevemorris-pc","Image":"C:\\Users\\stevemorris\\AppData\\Roaming\\Microsoft\\Windows\\Start Menu\\Programs\\Startup\\WindPlugin.exe","IntegrityLevel":"Medium","Level":4,"LogonGuid":"{C784477D-AA65-6384-F2E8-030000000000}","LogonId":"0x3e8f2","Message":"","OpcodeValue":0,"OriginalFileName":"fbab6880a695.exe","ParentCommandLine":"C:\\Windows\\Explorer.EXE","ParentImage":"C:\\Windows\\explorer.exe","ParentProcessGuid":"{C784477D-AA65-6384-6B00-000000004300}","ParentProcessId":"4920","ProcessGuid":"{C784477D-2B5F-638F-0806-000000004300}","ProcessID":2288,"ProcessId":"468","Product":"Softdiv MP3 to WAV Converter 3.2","ProviderGuid":"{5770385F-C22A-43E0-BF4C-06F5698FFBD9}","RecordNumber":92342,"RuleName":"-","SourceName":"Microsoft-Windows-Sysmon","TerminalSessionId":"1","ThreadID":688,"User":"DESKTOP-SM\\stevemorris","UserID":"S-1-5-12-783622181-14434791-6080415151-691320","UtcTime":"2023-01-02 13:46:04.000000","Version":5}
{"Channel":"Microsoft-Windows-Sysmon/Operational","CommandLine":"\"C:\\ProgramData\\Google Updater 2.0\\w7k5wgm3y.exe\" ","Company":"Softdiv Software Sdn Bhd","Computer":"DESKTOP-SM","CurrentDirectory":"C:\\ProgramData\\Google Updater 2.0\\","Description":"Softdiv MP3 to WAV Converter.exe","EventID":1,"FileVersion":"0.3.2.0","Hashes":"MD5=4265F75CBB4BA1BC23B07890ED42872B,SHA256=5A29583A80B7DC2CBCE4B8712024DCDFF9F777D908B6F16DFB3D59FAD991083E,IMPHASH=F34D5F2D4577ED6D9CEEC516C1F5A744","Hostname":"stevemorris-pc","Image":"C:\\ProgramData\\Google Updater 2.0\\w7k5wgm3y.exe","IntegrityLevel":"Medium","Level":4,"LogonGuid":"{C784477D-AA65-6384-F2E8-030000000000}","LogonId":"0x3e8f2","Message":"","OpcodeValue":0,"OriginalFileName":"fbab6880a695.exe","ParentCommandLine":"C:\\Windows\\Explorer.EXE","ParentImage":"C:\\Windows\\explorer.exe","ParentProcessGuid":"{C784477D-AA65-6384-6B00-000000004300}","ParentProcessId":"4920","ProcessGuid":"{C784477D-2B80-638F-1006-000000004300}","ProcessID":2288,"ProcessId":"3088","Product":"Softdiv MP3 to WAV Converter 3.2","ProviderGuid":"{5770385F-C22A-43E0-BF4C-06F5698FFBD9}","RecordNumber":92362,"RuleName":"-","SourceName":"Microsoft-Windows-Sysmon","TerminalSessionId":"1","ThreadID":688,"User":"DESKTOP-SM\\stevemorris","UserID":"S-1-5-12-783622181-14434791-6080415151-691320","UtcTime":"2023-01-02 13:46:14.000000","Version":5}
{"Channel":"Microsoft-Windows-Sysmon/Operational","CommandLine":"\"C:\\Users\\stevemorris\\Desktop\\program.exe\"","Company":"Softdiv Software Sdn Bhd","Computer":"DESKTOP-SM","CurrentDirectory":"C:\\Users\\stevemorris\\Desktop\\","Description":"Softdiv MP3 to WAV Converter.exe","EventID":1,"FileVersion":"0.3.2.0","Hashes":"MD5=4265F75CBB4BA1BC23B07890ED42872B,SHA256=5A29583A80B7DC2CBCE4B8712024DCDFF9F777D908B6F16DFB3D59FAD991083E,IMPHASH=F34D5F2D4577ED6D9CEEC516C1F5A744","Hostname":"stevemorris-pc","Image":"C:\\Users\\stevemorris\\Desktop\\program.exe","IntegrityLevel":"High","Level":4,"LogonGuid":"{C784477D-AA65-6384-87E8-030000000000}","LogonId":"0x3e887","Message":"","OpcodeValue":0,"OriginalFileName":"fbab6880a695.exe","ParentCommandLine":"C:\\Windows\\Explorer.EXE","ParentImage":"C:\\Windows\\explorer.exe","ParentProcessGuid":"{C784477D-AA65-6384-6B00-000000004300}","ParentProcessId":"4920","ProcessGuid":"{C784477D-3B4B-638F-0206-000000004300}","ProcessID":2288,"ProcessId":"6288","Product":"Softdiv MP3 to WAV Converter 3.2","ProviderGuid":"{5770385F-C22A-43E0-BF4C-06F5698FFBD9}","RecordNumber":92332,"RuleName":"-","SourceName":"Microsoft-Windows-Sysmon","TerminalSessionId":"1","ThreadID":688,"User":"DESKTOP-SM\\stevemorris","UserID":"S-1-5-12-783622181-14434791-6080415151-691320","UtcTime":"2023-01-02 13:46:24.000000","Version":5}