<14>Mar  3 17:52:39 win-server.lunarstiiiness.com PowerShell[0]: {"EventTime":1677865959,"Hostname":"win-server.lunarstiiiness.com","Keywords":36028797018963968,"EventType":"INFO","SeverityValue":2,"Severity":"INFO","EventID":501,"SourceName":"PowerShell","Task":5,"RecordNumber":2602,"ProcessID":0,"ThreadID":0,"Channel":"Windows PowerShell","Message":"Command \"\" is Stopped. \r\n\r\nDetails: \r\n\tNewCommandState=Stopped\r\n\r\n\tSequenceNumber=349\r\n\r\n\tHostName=Windows PowerShell ISE Host\r\n\tHostVersion=5.1.14393.5582\r\n\tHostId=78b0ce87-a0f4-49b9-aee8-08d6d3937dd0\r\n\tHostApplication=C:\\Windows\\system32\\WindowsPowerShell\\v1.0\\PowerShell_ISE.exe\r\n\tEngineVersion=5.1.14393.5582\r\n\tRunspaceId=742848cb-1ed3-4bc7-95d6-a562da6a8d2d\r\n\tPipelineId=57\r\n\tCommandName=\r\n\tCommandType=Script\r\n\tScriptName=\r\n\tCommandPath=\r\n\tCommandLine=                                        $errorCategoryMsg = & { Set-StrictMode -Version 1; $_.ErrorCategory_Message }\r\n","Category":"Command Lifecycle","Opcode":"Info","EventReceivedTime":1677865959,"SourceModuleName":"in_powershell","SourceModuleType":"im_msvistalog"}
<14>Mar  3 17:52:39 win-server.lunarstiiiness.com PowerShell[0]: {"EventTime":1677865959,"Hostname":"win-server.lunarstiiiness.com","Keywords":36028797018963968,"EventType":"INFO","SeverityValue":2,"Severity":"INFO","EventID":501,"SourceName":"PowerShell","Task":5,"RecordNumber":2616,"ProcessID":0,"ThreadID":0,"Channel":"Windows PowerShell","Message":"Command \"prompt\" is Stopped. \r\n\r\nDetails: \r\n\tNewCommandState=Stopped\r\n\r\n\tSequenceNumber=363\r\n\r\n\tHostName=Windows PowerShell ISE Host\r\n\tHostVersion=5.1.14393.5582\r\n\tHostId=78b0ce87-a0f4-49b9-aee8-08d6d3937dd0\r\n\tHostApplication=C:\\Windows\\system32\\WindowsPowerShell\\v1.0\\PowerShell_ISE.exe\r\n\tEngineVersion=5.1.14393.5582\r\n\tRunspaceId=742848cb-1ed3-4bc7-95d6-a562da6a8d2d\r\n\tPipelineId=58\r\n\tCommandName=prompt\r\n\tCommandType=Function\r\n\tScriptName=\r\n\tCommandPath=\r\n\tCommandLine=prompt","Category":"Command Lifecycle","Opcode":"Info","EventReceivedTime":1677865959,"SourceModuleName":"in_powershell","SourceModuleType":"im_msvistalog"}
<14>Mar  3 17:52:39 win-server.lunarstiiiness.com PowerShell[0]: {"EventTime":1677865959,"Hostname":"win-server.lunarstiiiness.com","Keywords":36028797018963968,"EventType":"INFO","SeverityValue":2,"Severity":"INFO","EventID":501,"SourceName":"PowerShell","Task":5,"RecordNumber":2618,"ProcessID":0,"ThreadID":0,"Channel":"Windows PowerShell","Message":"Command \"format-default\" is Stopped. \r\n\r\nDetails: \r\n\tNewCommandState=Stopped\r\n\r\n\tSequenceNumber=365\r\n\r\n\tHostName=Windows PowerShell ISE Host\r\n\tHostVersion=5.1.14393.5582\r\n\tHostId=78b0ce87-a0f4-49b9-aee8-08d6d3937dd0\r\n\tHostApplication=C:\\Windows\\system32\\WindowsPowerShell\\v1.0\\PowerShell_ISE.exe\r\n\tEngineVersion=5.1.14393.5582\r\n\tRunspaceId=742848cb-1ed3-4bc7-95d6-a562da6a8d2d\r\n\tPipelineId=58\r\n\tCommandName=format-default\r\n\tCommandType=Cmdlet\r\n\tScriptName=\r\n\tCommandPath=\r\n\tCommandLine=","Category":"Command Lifecycle","Opcode":"Info","EventReceivedTime":1677865959,"SourceModuleName":"in_powershell","SourceModuleType":"im_msvistalog"}
<14>Mar  3 17:52:39 win-server.lunarstiiiness.com PowerShell[0]: {"EventTime":1677865959,"Hostname":"win-server.lunarstiiiness.com","Keywords":36028797018963968,"EventType":"INFO","SeverityValue":2,"Severity":"INFO","EventID":501,"SourceName":"PowerShell","Task":5,"RecordNumber":2598,"ProcessID":0,"ThreadID":0,"Channel":"Windows PowerShell","Message":"Command \"\" is Stopped. \r\n\r\nDetails: \r\n\tNewCommandState=Stopped\r\n\r\n\tSequenceNumber=345\r\n\r\n\tHostName=Windows PowerShell ISE Host\r\n\tHostVersion=5.1.14393.5582\r\n\tHostId=78b0ce87-a0f4-49b9-aee8-08d6d3937dd0\r\n\tHostApplication=C:\\Windows\\system32\\WindowsPowerShell\\v1.0\\PowerShell_ISE.exe\r\n\tEngineVersion=5.1.14393.5582\r\n\tRunspaceId=742848cb-1ed3-4bc7-95d6-a562da6a8d2d\r\n\tPipelineId=57\r\n\tCommandName=\r\n\tCommandType=Script\r\n\tScriptName=\r\n\tCommandPath=\r\n\tCommandLine=                                        if ( & { Set-StrictMode -Version 1; $_.PSMessageDetails } ) {\r\n","Category":"Command Lifecycle","Opcode":"Info","EventReceivedTime":1677865959,"SourceModuleName":"in_powershell","SourceModuleType":"im_msvistalog"}
<14>Mar  3 17:52:39 win-server.lunarstiiiness.com PowerShell[0]: {"EventTime":1677865959,"Hostname":"win-server.lunarstiiiness.com","Keywords":36028797018963968,"EventType":"INFO","SeverityValue":2,"Severity":"INFO","EventID":501,"SourceName":"PowerShell","Task":5,"RecordNumber":2608,"ProcessID":0,"ThreadID":0,"Channel":"Windows PowerShell","Message":"Command \"format-default\" is Stopped. \r\n\r\nDetails: \r\n\tNewCommandState=Stopped\r\n\r\n\tSequenceNumber=355\r\n\r\n\tHostName=Windows PowerShell ISE Host\r\n\tHostVersion=5.1.14393.5582\r\n\tHostId=78b0ce87-a0f4-49b9-aee8-08d6d3937dd0\r\n\tHostApplication=C:\\Windows\\system32\\WindowsPowerShell\\v1.0\\PowerShell_ISE.exe\r\n\tEngineVersion=5.1.14393.5582\r\n\tRunspaceId=742848cb-1ed3-4bc7-95d6-a562da6a8d2d\r\n\tPipelineId=57\r\n\tCommandName=format-default\r\n\tCommandType=Cmdlet\r\n\tScriptName=\r\n\tCommandPath=\r\n\tCommandLine=","Category":"Command Lifecycle","Opcode":"Info","EventReceivedTime":1677865959,"SourceModuleName":"in_powershell","SourceModuleType":"im_msvistalog"}
<14>Mar  3 17:52:39 win-server.lunarstiiiness.com PowerShell[0]: {"EventTime":1677865959,"Hostname":"win-server.lunarstiiiness.com","Keywords":36028797018963968,"EventType":"INFO","SeverityValue":2,"Severity":"INFO","EventID":501,"SourceName":"PowerShell","Task":5,"RecordNumber":2601,"ProcessID":0,"ThreadID":0,"Channel":"Windows PowerShell","Message":"Command \"Set-StrictMode\" is Stopped. \r\n\r\nDetails: \r\n\tNewCommandState=Stopped\r\n\r\n\tSequenceNumber=348\r\n\r\n\tHostName=Windows PowerShell ISE Host\r\n\tHostVersion=5.1.14393.5582\r\n\tHostId=78b0ce87-a0f4-49b9-aee8-08d6d3937dd0\r\n\tHostApplication=C:\\Windows\\system32\\WindowsPowerShell\\v1.0\\PowerShell_ISE.exe\r\n\tEngineVersion=5.1.14393.5582\r\n\tRunspaceId=742848cb-1ed3-4bc7-95d6-a562da6a8d2d\r\n\tPipelineId=57\r\n\tCommandName=Set-StrictMode\r\n\tCommandType=Cmdlet\r\n\tScriptName=\r\n\tCommandPath=\r\n\tCommandLine=                                        $errorCategoryMsg = & { Set-StrictMode -Version 1; $_.ErrorCategory_Message }\r\n","Category":"Command Lifecycle","Opcode":"Info","EventReceivedTime":1677865959,"SourceModuleName":"in_powershell","SourceModuleType":"im_msvistalog"}
<14>Mar  3 17:52:39 win-server.lunarstiiiness.com PowerShell[0]: {"EventTime":1677865959,"Hostname":"win-server.lunarstiiiness.com","Keywords":36028797018963968,"EventType":"INFO","SeverityValue":2,"Severity":"INFO","EventID":501,"SourceName":"PowerShell","Task":5,"RecordNumber":2596,"ProcessID":0,"ThreadID":0,"Channel":"Windows PowerShell","Message":"Command \"Set-StrictMode\" is Stopped. \r\n\r\nDetails: \r\n\tNewCommandState=Stopped\r\n\r\n\tSequenceNumber=343\r\n\r\n\tHostName=Windows PowerShell ISE Host\r\n\tHostVersion=5.1.14393.5582\r\n\tHostId=78b0ce87-a0f4-49b9-aee8-08d6d3937dd0\r\n\tHostApplication=C:\\Windows\\system32\\WindowsPowerShell\\v1.0\\PowerShell_ISE.exe\r\n\tEngineVersion=5.1.14393.5582\r\n\tRunspaceId=742848cb-1ed3-4bc7-95d6-a562da6a8d2d\r\n\tPipelineId=57\r\n\tCommandName=Set-StrictMode\r\n\tCommandType=Cmdlet\r\n\tScriptName=\r\n\tCommandPath=\r\n\tCommandLine=& { Set-StrictMode -Version 1; $this.Exception.InnerException.PSMessageDetails }","Category":"Command Lifecycle","Opcode":"Info","EventReceivedTime":1677865959,"SourceModuleName":"in_powershell","SourceModuleType":"im_msvistalog"}
<14>Mar  3 17:52:39 win-server.lunarstiiiness.com PowerShell[0]: {"EventTime":1677865959,"Hostname":"win-server.lunarstiiiness.com","Keywords":36028797018963968,"EventType":"INFO","SeverityValue":2,"Severity":"INFO","EventID":501,"SourceName":"PowerShell","Task":5,"RecordNumber":2605,"ProcessID":0,"ThreadID":0,"Channel":"Windows PowerShell","Message":"Command \"Set-StrictMode\" is Stopped. \r\n\r\nDetails: \r\n\tNewCommandState=Stopped\r\n\r\n\tSequenceNumber=352\r\n\r\n\tHostName=Windows PowerShell ISE Host\r\n\tHostVersion=5.1.14393.5582\r\n\tHostId=78b0ce87-a0f4-49b9-aee8-08d6d3937dd0\r\n\tHostApplication=C:\\Windows\\system32\\WindowsPowerShell\\v1.0\\PowerShell_ISE.exe\r\n\tEngineVersion=5.1.14393.5582\r\n\tRunspaceId=742848cb-1ed3-4bc7-95d6-a562da6a8d2d\r\n\tPipelineId=57\r\n\tCommandName=Set-StrictMode\r\n\tCommandType=Cmdlet\r\n\tScriptName=\r\n\tCommandPath=\r\n\tCommandLine=                                        $originInfo = & { Set-StrictMode -Version 1; $_.OriginInfo }\r\n","Category":"Command Lifecycle","Opcode":"Info","EventReceivedTime":1677865959,"SourceModuleName":"in_powershell","SourceModuleType":"im_msvistalog"}
<14>Mar  3 17:52:39 win-server.lunarstiiiness.com PowerShell[0]: {"EventTime":1677865959,"Hostname":"win-server.lunarstiiiness.com","Keywords":36028797018963968,"EventType":"INFO","SeverityValue":2,"Severity":"INFO","EventID":501,"SourceName":"PowerShell","Task":5,"RecordNumber":2606,"ProcessID":0,"ThreadID":0,"Channel":"Windows PowerShell","Message":"Command \"\" is Stopped. \r\n\r\nDetails: \r\n\tNewCommandState=Stopped\r\n\r\n\tSequenceNumber=353\r\n\r\n\tHostName=Windows PowerShell ISE Host\r\n\tHostVersion=5.1.14393.5582\r\n\tHostId=78b0ce87-a0f4-49b9-aee8-08d6d3937dd0\r\n\tHostApplication=C:\\Windows\\system32\\WindowsPowerShell\\v1.0\\PowerShell_ISE.exe\r\n\tEngineVersion=5.1.14393.5582\r\n\tRunspaceId=742848cb-1ed3-4bc7-95d6-a562da6a8d2d\r\n\tPipelineId=57\r\n\tCommandName=\r\n\tCommandType=Script\r\n\tScriptName=\r\n\tCommandPath=\r\n\tCommandLine=                                        $originInfo = & { Set-StrictMode -Version 1; $_.OriginInfo }\r\n","Category":"Command Lifecycle","Opcode":"Info","EventReceivedTime":1677865959,"SourceModuleName":"in_powershell","SourceModuleType":"im_msvistalog"}
<14>Mar  3 17:52:39 win-server.lunarstiiiness.com PowerShell[0]: {"EventTime":1677865959,"Hostname":"win-server.lunarstiiiness.com","Keywords":36028797018963968,"EventType":"INFO","SeverityValue":2,"Severity":"INFO","EventID":501,"SourceName":"PowerShell","Task":5,"RecordNumber":2607,"ProcessID":0,"ThreadID":0,"Channel":"Windows PowerShell","Message":"Command \"\" is Stopped. \r\n\r\nDetails: \r\n\tNewCommandState=Stopped\r\n\r\n\tSequenceNumber=354\r\n\r\n\tHostName=Windows PowerShell ISE Host\r\n\tHostVersion=5.1.14393.5582\r\n\tHostId=78b0ce87-a0f4-49b9-aee8-08d6d3937dd0\r\n\tHostApplication=C:\\Windows\\system32\\WindowsPowerShell\\v1.0\\PowerShell_ISE.exe\r\n\tEngineVersion=5.1.14393.5582\r\n\tRunspaceId=742848cb-1ed3-4bc7-95d6-a562da6a8d2d\r\n\tPipelineId=57\r\n\tCommandName=\r\n\tCommandType=Script\r\n\tScriptName=\r\n\tCommandPath=\r\n\tCommandLine=","Category":"Command Lifecycle","Opcode":"Info","EventReceivedTime":1677865959,"SourceModuleName":"in_powershell","SourceModuleType":"im_msvistalog"}
<14>Mar  3 17:52:39 win-server.lunarstiiiness.com PowerShell[0]: {"EventTime":1677865959,"Hostname":"win-server.lunarstiiiness.com","Keywords":36028797018963968,"EventType":"INFO","SeverityValue":2,"Severity":"INFO","EventID":501,"SourceName":"PowerShell","Task":5,"RecordNumber":2597,"ProcessID":0,"ThreadID":0,"Channel":"Windows PowerShell","Message":"Command \"\" is Stopped. \r\n\r\nDetails: \r\n\tNewCommandState=Stopped\r\n\r\n\tSequenceNumber=344\r\n\r\n\tHostName=Windows PowerShell ISE Host\r\n\tHostVersion=5.1.14393.5582\r\n\tHostId=78b0ce87-a0f4-49b9-aee8-08d6d3937dd0\r\n\tHostApplication=C:\\Windows\\system32\\WindowsPowerShell\\v1.0\\PowerShell_ISE.exe\r\n\tEngineVersion=5.1.14393.5582\r\n\tRunspaceId=742848cb-1ed3-4bc7-95d6-a562da6a8d2d\r\n\tPipelineId=57\r\n\tCommandName=\r\n\tCommandType=Script\r\n\tScriptName=\r\n\tCommandPath=\r\n\tCommandLine=& { Set-StrictMode -Version 1; $this.Exception.InnerException.PSMessageDetails }","Category":"Command Lifecycle","Opcode":"Info","EventReceivedTime":1677865959,"SourceModuleName":"in_powershell","SourceModuleType":"im_msvistalog"}
<14>Mar  3 17:52:39 win-server.lunarstiiiness.com PowerShell[0]: {"EventTime":1677865959,"Hostname":"win-server.lunarstiiiness.com","Keywords":36028797018963968,"EventType":"INFO","SeverityValue":2,"Severity":"INFO","EventID":501,"SourceName":"PowerShell","Task":5,"RecordNumber":2609,"ProcessID":0,"ThreadID":0,"Channel":"Windows PowerShell","Message":"Command \"out-lineoutput\" is Stopped. \r\n\r\nDetails: \r\n\tNewCommandState=Stopped\r\n\r\n\tSequenceNumber=356\r\n\r\n\tHostName=Windows PowerShell ISE Host\r\n\tHostVersion=5.1.14393.5582\r\n\tHostId=78b0ce87-a0f4-49b9-aee8-08d6d3937dd0\r\n\tHostApplication=C:\\Windows\\system32\\WindowsPowerShell\\v1.0\\PowerShell_ISE.exe\r\n\tEngineVersion=5.1.14393.5582\r\n\tRunspaceId=742848cb-1ed3-4bc7-95d6-a562da6a8d2d\r\n\tPipelineId=57\r\n\tCommandName=out-lineoutput\r\n\tCommandType=Cmdlet\r\n\tScriptName=\r\n\tCommandPath=\r\n\tCommandLine=","Category":"Command Lifecycle","Opcode":"Info","EventReceivedTime":1677865959,"SourceModuleName":"in_powershell","SourceModuleType":"im_msvistalog"}
<14>Mar  3 17:52:39 win-server.lunarstiiiness.com PowerShell[0]: {"EventTime":1677865959,"Hostname":"win-server.lunarstiiiness.com","Keywords":36028797018963968,"EventType":"INFO","SeverityValue":2,"Severity":"INFO","EventID":501,"SourceName":"PowerShell","Task":5,"RecordNumber":2610,"ProcessID":0,"ThreadID":0,"Channel":"Windows PowerShell","Message":"Command \"Out-Default\" is Stopped. \r\n\r\nDetails: \r\n\tNewCommandState=Stopped\r\n\r\n\tSequenceNumber=357\r\n\r\n\tHostName=Windows PowerShell ISE Host\r\n\tHostVersion=5.1.14393.5582\r\n\tHostId=78b0ce87-a0f4-49b9-aee8-08d6d3937dd0\r\n\tHostApplication=C:\\Windows\\system32\\WindowsPowerShell\\v1.0\\PowerShell_ISE.exe\r\n\tEngineVersion=5.1.14393.5582\r\n\tRunspaceId=742848cb-1ed3-4bc7-95d6-a562da6a8d2d\r\n\tPipelineId=57\r\n\tCommandName=Out-Default\r\n\tCommandType=Cmdlet\r\n\tScriptName=\r\n\tCommandPath=\r\n\tCommandLine=","Category":"Command Lifecycle","Opcode":"Info","EventReceivedTime":1677865959,"SourceModuleName":"in_powershell","SourceModuleType":"im_msvistalog"}
<14>Mar  3 17:52:39 win-server.lunarstiiiness.com PowerShell[0]: {"EventTime":1677865959,"Hostname":"win-server.lunarstiiiness.com","Keywords":36028797018963968,"EventType":"INFO","SeverityValue":2,"Severity":"INFO","EventID":501,"SourceName":"PowerShell","Task":5,"RecordNumber":2620,"ProcessID":0,"ThreadID":0,"Channel":"Windows PowerShell","Message":"Command \"Out-Default\" is Stopped. \r\n\r\nDetails: \r\n\tNewCommandState=Stopped\r\n\r\n\tSequenceNumber=367\r\n\r\n\tHostName=Windows PowerShell ISE Host\r\n\tHostVersion=5.1.14393.5582\r\n\tHostId=78b0ce87-a0f4-49b9-aee8-08d6d3937dd0\r\n\tHostApplication=C:\\Windows\\system32\\WindowsPowerShell\\v1.0\\PowerShell_ISE.exe\r\n\tEngineVersion=5.1.14393.5582\r\n\tRunspaceId=742848cb-1ed3-4bc7-95d6-a562da6a8d2d\r\n\tPipelineId=58\r\n\tCommandName=Out-Default\r\n\tCommandType=Cmdlet\r\n\tScriptName=\r\n\tCommandPath=\r\n\tCommandLine=","Category":"Command Lifecycle","Opcode":"Info","EventReceivedTime":1677865959,"SourceModuleName":"in_powershell","SourceModuleType":"im_msvistalog"}
<14>Mar  3 17:52:39 win-server.lunarstiiiness.com PowerShell[0]: {"EventTime":1677865959,"Hostname":"win-server.lunarstiiiness.com","Keywords":36028797018963968,"EventType":"INFO","SeverityValue":2,"Severity":"INFO","EventID":501,"SourceName":"PowerShell","Task":5,"RecordNumber":2593,"ProcessID":0,"ThreadID":0,"Channel":"Windows PowerShell","Message":"Command \"Set-StrictMode\" is Stopped. \r\n\r\nDetails: \r\n\tNewCommandState=Stopped\r\n\r\n\tSequenceNumber=340\r\n\r\n\tHostName=Windows PowerShell ISE Host\r\n\tHostVersion=5.1.14393.5582\r\n\tHostId=78b0ce87-a0f4-49b9-aee8-08d6d3937dd0\r\n\tHostApplication=C:\\Windows\\system32\\WindowsPowerShell\\v1.0\\PowerShell_ISE.exe\r\n\tEngineVersion=5.1.14393.5582\r\n\tRunspaceId=742848cb-1ed3-4bc7-95d6-a562da6a8d2d\r\n\tPipelineId=57\r\n\tCommandName=Set-StrictMode\r\n\tCommandType=Cmdlet\r\n\tScriptName=\r\n\tCommandPath=\r\n\tCommandLine=                                        if ( & { Set-StrictMode -Version 1; $_.PSMessageDetails } ) {\r\n","Category":"Command Lifecycle","Opcode":"Info","EventReceivedTime":1677865959,"SourceModuleName":"in_powershell","SourceModuleType":"im_msvistalog"}
<14>Mar  3 17:52:39 win-server.lunarstiiiness.com PowerShell[0]: {"EventTime":1677865959,"Hostname":"win-server.lunarstiiiness.com","Keywords":36028797018963968,"EventType":"INFO","SeverityValue":2,"Severity":"INFO","EventID":501,"SourceName":"PowerShell","Task":5,"RecordNumber":2619,"ProcessID":0,"ThreadID":0,"Channel":"Windows PowerShell","Message":"Command \"out-lineoutput\" is Stopped. \r\n\r\nDetails: \r\n\tNewCommandState=Stopped\r\n\r\n\tSequenceNumber=366\r\n\r\n\tHostName=Windows PowerShell ISE Host\r\n\tHostVersion=5.1.14393.5582\r\n\tHostId=78b0ce87-a0f4-49b9-aee8-08d6d3937dd0\r\n\tHostApplication=C:\\Windows\\system32\\WindowsPowerShell\\v1.0\\PowerShell_ISE.exe\r\n\tEngineVersion=5.1.14393.5582\r\n\tRunspaceId=742848cb-1ed3-4bc7-95d6-a562da6a8d2d\r\n\tPipelineId=58\r\n\tCommandName=out-lineoutput\r\n\tCommandType=Cmdlet\r\n\tScriptName=\r\n\tCommandPath=\r\n\tCommandLine=","Category":"Command Lifecycle","Opcode":"Info","EventReceivedTime":1677865959,"SourceModuleName":"in_powershell","SourceModuleType":"im_msvistalog"}
<14>Mar  3 17:52:39 win-server.lunarstiiiness.com PowerShell[0]: {"EventTime":1677865959,"Hostname":"win-server.lunarstiiiness.com","Keywords":36028797018963968,"EventType":"INFO","SeverityValue":2,"Severity":"INFO","EventID":501,"SourceName":"PowerShell","Task":5,"RecordNumber":2617,"ProcessID":0,"ThreadID":0,"Channel":"Windows PowerShell","Message":"Command \"\" is Stopped. \r\n\r\nDetails: \r\n\tNewCommandState=Stopped\r\n\r\n\tSequenceNumber=364\r\n\r\n\tHostName=Windows PowerShell ISE Host\r\n\tHostVersion=5.1.14393.5582\r\n\tHostId=78b0ce87-a0f4-49b9-aee8-08d6d3937dd0\r\n\tHostApplication=C:\\Windows\\system32\\WindowsPowerShell\\v1.0\\PowerShell_ISE.exe\r\n\tEngineVersion=5.1.14393.5582\r\n\tRunspaceId=742848cb-1ed3-4bc7-95d6-a562da6a8d2d\r\n\tPipelineId=58\r\n\tCommandName=\r\n\tCommandType=Script\r\n\tScriptName=\r\n\tCommandPath=\r\n\tCommandLine=","Category":"Command Lifecycle","Opcode":"Info","EventReceivedTime":1677865959,"SourceModuleName":"in_powershell","SourceModuleType":"im_msvistalog"}
<14>Mar  3 17:52:39 win-server.lunarstiiiness.com PowerShell[0]: {"EventTime":1677865959,"Hostname":"win-server.lunarstiiiness.com","Keywords":36028797018963968,"EventType":"INFO","SeverityValue":2,"Severity":"INFO","EventID":500,"SourceName":"PowerShell","Task":5,"RecordNumber":2615,"ProcessID":0,"ThreadID":0,"Channel":"Windows PowerShell","Message":"Command \"format-default\" is Started. \r\n\r\nDetails: \r\n\tNewCommandState=Started\r\n\r\n\tSequenceNumber=362\r\n\r\n\tHostName=Windows PowerShell ISE Host\r\n\tHostVersion=5.1.14393.5582\r\n\tHostId=78b0ce87-a0f4-49b9-aee8-08d6d3937dd0\r\n\tHostApplication=C:\\Windows\\system32\\WindowsPowerShell\\v1.0\\PowerShell_ISE.exe\r\n\tEngineVersion=5.1.14393.5582\r\n\tRunspaceId=742848cb-1ed3-4bc7-95d6-a562da6a8d2d\r\n\tPipelineId=58\r\n\tCommandName=format-default\r\n\tCommandType=Cmdlet\r\n\tScriptName=\r\n\tCommandPath=\r\n\tCommandLine=","Category":"Command Lifecycle","Opcode":"Info","EventReceivedTime":1677865959,"SourceModuleName":"in_powershell","SourceModuleType":"im_msvistalog"}
<14>Mar  3 17:52:39 win-server.lunarstiiiness.com PowerShell[0]: {"EventTime":1677865959,"Hostname":"win-server.lunarstiiiness.com","Keywords":36028797018963968,"EventType":"INFO","SeverityValue":2,"Severity":"INFO","EventID":500,"SourceName":"PowerShell","Task":5,"RecordNumber":2612,"ProcessID":0,"ThreadID":0,"Channel":"Windows PowerShell","Message":"Command \"Out-Default\" is Started. \r\n\r\nDetails: \r\n\tNewCommandState=Started\r\n\r\n\tSequenceNumber=359\r\n\r\n\tHostName=Windows PowerShell ISE Host\r\n\tHostVersion=5.1.14393.5582\r\n\tHostId=78b0ce87-a0f4-49b9-aee8-08d6d3937dd0\r\n\tHostApplication=C:\\Windows\\system32\\WindowsPowerShell\\v1.0\\PowerShell_ISE.exe\r\n\tEngineVersion=5.1.14393.5582\r\n\tRunspaceId=742848cb-1ed3-4bc7-95d6-a562da6a8d2d\r\n\tPipelineId=58\r\n\tCommandName=Out-Default\r\n\tCommandType=Cmdlet\r\n\tScriptName=\r\n\tCommandPath=\r\n\tCommandLine=","Category":"Command Lifecycle","Opcode":"Info","EventReceivedTime":1677865959,"SourceModuleName":"in_powershell","SourceModuleType":"im_msvistalog"}
<14>Mar  3 17:52:39 win-server.lunarstiiiness.com PowerShell[0]: {"EventTime":1677865959,"Hostname":"win-server.lunarstiiiness.com","Keywords":36028797018963968,"EventType":"INFO","SeverityValue":2,"Severity":"INFO","EventID":500,"SourceName":"PowerShell","Task":5,"RecordNumber":2579,"ProcessID":0,"ThreadID":0,"Channel":"Windows PowerShell","Message":"Command \"Out-Default\" is Started. \r\n\r\nDetails: \r\n\tNewCommandState=Started\r\n\r\n\tSequenceNumber=318\r\n\r\n\tHostName=Windows PowerShell ISE Host\r\n\tHostVersion=5.1.14393.5582\r\n\tHostId=78b0ce87-a0f4-49b9-aee8-08d6d3937dd0\r\n\tHostApplication=C:\\Windows\\system32\\WindowsPowerShell\\v1.0\\PowerShell_ISE.exe\r\n\tEngineVersion=5.1.14393.5582\r\n\tRunspaceId=742848cb-1ed3-4bc7-95d6-a562da6a8d2d\r\n\tPipelineId=57\r\n\tCommandName=Out-Default\r\n\tCommandType=Cmdlet\r\n\tScriptName=\r\n\tCommandPath=\r\n\tCommandLine=","Category":"Command Lifecycle","Opcode":"Info","EventReceivedTime":1677865959,"SourceModuleName":"in_powershell","SourceModuleType":"im_msvistalog"}
<14>Mar  3 17:52:39 win-server.lunarstiiiness.com PowerShell[0]: {"EventTime":1677865959,"Hostname":"win-server.lunarstiiiness.com","Keywords":36028797018963968,"EventType":"INFO","SeverityValue":2,"Severity":"INFO","EventID":500,"SourceName":"PowerShell","Task":5,"RecordNumber":2580,"ProcessID":0,"ThreadID":0,"Channel":"Windows PowerShell","Message":"Command \"Invoke-WebRequest\" is Started. \r\n\r\nDetails: \r\n\tNewCommandState=Started\r\n\r\n\tSequenceNumber=319\r\n\r\n\tHostName=Windows PowerShell ISE Host\r\n\tHostVersion=5.1.14393.5582\r\n\tHostId=78b0ce87-a0f4-49b9-aee8-08d6d3937dd0\r\n\tHostApplication=C:\\Windows\\system32\\WindowsPowerShell\\v1.0\\PowerShell_ISE.exe\r\n\tEngineVersion=5.1.14393.5582\r\n\tRunspaceId=742848cb-1ed3-4bc7-95d6-a562da6a8d2d\r\n\tPipelineId=57\r\n\tCommandName=Invoke-WebRequest\r\n\tCommandType=Cmdlet\r\n\tScriptName=\r\n\tCommandPath=\r\n\tCommandLine=Invoke-WebRequest -uri \"http://54.36.189.105\"\r\n","Category":"Command Lifecycle","Opcode":"Info","EventReceivedTime":1677865959,"SourceModuleName":"in_powershell","SourceModuleType":"im_msvistalog"}
<14>Mar  3 17:52:39 win-server.lunarstiiiness.com PowerShell[0]: {"EventTime":1677865959,"Hostname":"win-server.lunarstiiiness.com","Keywords":36028797018963968,"EventType":"INFO","SeverityValue":2,"Severity":"INFO","EventID":500,"SourceName":"PowerShell","Task":5,"RecordNumber":2592,"ProcessID":0,"ThreadID":0,"Channel":"Windows PowerShell","Message":"Command \"Set-StrictMode\" is Started. \r\n\r\nDetails: \r\n\tNewCommandState=Started\r\n\r\n\tSequenceNumber=339\r\n\r\n\tHostName=Windows PowerShell ISE Host\r\n\tHostVersion=5.1.14393.5582\r\n\tHostId=78b0ce87-a0f4-49b9-aee8-08d6d3937dd0\r\n\tHostApplication=C:\\Windows\\system32\\WindowsPowerShell\\v1.0\\PowerShell_ISE.exe\r\n\tEngineVersion=5.1.14393.5582\r\n\tRunspaceId=742848cb-1ed3-4bc7-95d6-a562da6a8d2d\r\n\tPipelineId=57\r\n\tCommandName=Set-StrictMode\r\n\tCommandType=Cmdlet\r\n\tScriptName=\r\n\tCommandPath=\r\n\tCommandLine=                                        if ( & { Set-StrictMode -Version 1; $_.PSMessageDetails } ) {\r\n","Category":"Command Lifecycle","Opcode":"Info","EventReceivedTime":1677865959,"SourceModuleName":"in_powershell","SourceModuleType":"im_msvistalog"}
<14>Mar  3 17:52:39 win-server.lunarstiiiness.com PowerShell[0]: {"EventTime":1677865959,"Hostname":"win-server.lunarstiiiness.com","Keywords":36028797018963968,"EventType":"INFO","SeverityValue":2,"Severity":"INFO","EventID":500,"SourceName":"PowerShell","Task":5,"RecordNumber":2611,"ProcessID":0,"ThreadID":0,"Channel":"Windows PowerShell","Message":"Command \"\" is Started. \r\n\r\nDetails: \r\n\tNewCommandState=Started\r\n\r\n\tSequenceNumber=358\r\n\r\n\tHostName=Windows PowerShell ISE Host\r\n\tHostVersion=5.1.14393.5582\r\n\tHostId=78b0ce87-a0f4-49b9-aee8-08d6d3937dd0\r\n\tHostApplication=C:\\Windows\\system32\\WindowsPowerShell\\v1.0\\PowerShell_ISE.exe\r\n\tEngineVersion=5.1.14393.5582\r\n\tRunspaceId=742848cb-1ed3-4bc7-95d6-a562da6a8d2d\r\n\tPipelineId=58\r\n\tCommandName=\r\n\tCommandType=Script\r\n\tScriptName=\r\n\tCommandPath=\r\n\tCommandLine=","Category":"Command Lifecycle","Opcode":"Info","EventReceivedTime":1677865959,"SourceModuleName":"in_powershell","SourceModuleType":"im_msvistalog"}
<14>Mar  3 17:52:39 win-server.lunarstiiiness.com PowerShell[0]: {"EventTime":1677865959,"Hostname":"win-server.lunarstiiiness.com","Keywords":36028797018963968,"EventType":"INFO","SeverityValue":2,"Severity":"INFO","EventID":500,"SourceName":"PowerShell","Task":5,"RecordNumber":2591,"ProcessID":0,"ThreadID":0,"Channel":"Windows PowerShell","Message":"Command \"\" is Started. \r\n\r\nDetails: \r\n\tNewCommandState=Started\r\n\r\n\tSequenceNumber=338\r\n\r\n\tHostName=Windows PowerShell ISE Host\r\n\tHostVersion=5.1.14393.5582\r\n\tHostId=78b0ce87-a0f4-49b9-aee8-08d6d3937dd0\r\n\tHostApplication=C:\\Windows\\system32\\WindowsPowerShell\\v1.0\\PowerShell_ISE.exe\r\n\tEngineVersion=5.1.14393.5582\r\n\tRunspaceId=742848cb-1ed3-4bc7-95d6-a562da6a8d2d\r\n\tPipelineId=57\r\n\tCommandName=\r\n\tCommandType=Script\r\n\tScriptName=\r\n\tCommandPath=\r\n\tCommandLine=                                        if ( & { Set-StrictMode -Version 1; $_.PSMessageDetails } ) {\r\n","Category":"Command Lifecycle","Opcode":"Info","EventReceivedTime":1677865959,"SourceModuleName":"in_powershell","SourceModuleType":"im_msvistalog"}
<14>Mar  3 17:52:39 win-server.lunarstiiiness.com PowerShell[0]: {"EventTime":1677865959,"Hostname":"win-server.lunarstiiiness.com","Keywords":36028797018963968,"EventType":"INFO","SeverityValue":2,"Severity":"INFO","EventID":500,"SourceName":"PowerShell","Task":5,"RecordNumber":2595,"ProcessID":0,"ThreadID":0,"Channel":"Windows PowerShell","Message":"Command \"Set-StrictMode\" is Started. \r\n\r\nDetails: \r\n\tNewCommandState=Started\r\n\r\n\tSequenceNumber=342\r\n\r\n\tHostName=Windows PowerShell ISE Host\r\n\tHostVersion=5.1.14393.5582\r\n\tHostId=78b0ce87-a0f4-49b9-aee8-08d6d3937dd0\r\n\tHostApplication=C:\\Windows\\system32\\WindowsPowerShell\\v1.0\\PowerShell_ISE.exe\r\n\tEngineVersion=5.1.14393.5582\r\n\tRunspaceId=742848cb-1ed3-4bc7-95d6-a562da6a8d2d\r\n\tPipelineId=57\r\n\tCommandName=Set-StrictMode\r\n\tCommandType=Cmdlet\r\n\tScriptName=\r\n\tCommandPath=\r\n\tCommandLine=& { Set-StrictMode -Version 1; $this.Exception.InnerException.PSMessageDetails }","Category":"Command Lifecycle","Opcode":"Info","EventReceivedTime":1677865959,"SourceModuleName":"in_powershell","SourceModuleType":"im_msvistalog"}
<14>Mar  3 17:52:39 win-server.lunarstiiiness.com PowerShell[0]: {"EventTime":1677865959,"Hostname":"win-server.lunarstiiiness.com","Keywords":36028797018963968,"EventType":"INFO","SeverityValue":2,"Severity":"INFO","EventID":500,"SourceName":"PowerShell","Task":5,"RecordNumber":2594,"ProcessID":0,"ThreadID":0,"Channel":"Windows PowerShell","Message":"Command \"\" is Started. \r\n\r\nDetails: \r\n\tNewCommandState=Started\r\n\r\n\tSequenceNumber=341\r\n\r\n\tHostName=Windows PowerShell ISE Host\r\n\tHostVersion=5.1.14393.5582\r\n\tHostId=78b0ce87-a0f4-49b9-aee8-08d6d3937dd0\r\n\tHostApplication=C:\\Windows\\system32\\WindowsPowerShell\\v1.0\\PowerShell_ISE.exe\r\n\tEngineVersion=5.1.14393.5582\r\n\tRunspaceId=742848cb-1ed3-4bc7-95d6-a562da6a8d2d\r\n\tPipelineId=57\r\n\tCommandName=\r\n\tCommandType=Script\r\n\tScriptName=\r\n\tCommandPath=\r\n\tCommandLine=& { Set-StrictMode -Version 1; $this.Exception.InnerException.PSMessageDetails }","Category":"Command Lifecycle","Opcode":"Info","EventReceivedTime":1677865959,"SourceModuleName":"in_powershell","SourceModuleType":"im_msvistalog"}
<14>Mar  3 17:52:39 win-server.lunarstiiiness.com PowerShell[0]: {"EventTime":1677865959,"Hostname":"win-server.lunarstiiiness.com","Keywords":36028797018963968,"EventType":"INFO","SeverityValue":2,"Severity":"INFO","EventID":500,"SourceName":"PowerShell","Task":5,"RecordNumber":2589,"ProcessID":0,"ThreadID":0,"Channel":"Windows PowerShell","Message":"Command \"out-lineoutput\" is Started. \r\n\r\nDetails: \r\n\tNewCommandState=Started\r\n\r\n\tSequenceNumber=336\r\n\r\n\tHostName=Windows PowerShell ISE Host\r\n\tHostVersion=5.1.14393.5582\r\n\tHostId=78b0ce87-a0f4-49b9-aee8-08d6d3937dd0\r\n\tHostApplication=C:\\Windows\\system32\\WindowsPowerShell\\v1.0\\PowerShell_ISE.exe\r\n\tEngineVersion=5.1.14393.5582\r\n\tRunspaceId=742848cb-1ed3-4bc7-95d6-a562da6a8d2d\r\n\tPipelineId=57\r\n\tCommandName=out-lineoutput\r\n\tCommandType=Cmdlet\r\n\tScriptName=\r\n\tCommandPath=\r\n\tCommandLine=","Category":"Command Lifecycle","Opcode":"Info","EventReceivedTime":1677865959,"SourceModuleName":"in_powershell","SourceModuleType":"im_msvistalog"}
<14>Mar  3 17:52:39 win-server.lunarstiiiness.com PowerShell[0]: {"EventTime":1677865959,"Hostname":"win-server.lunarstiiiness.com","Keywords":36028797018963968,"EventType":"INFO","SeverityValue":2,"Severity":"INFO","EventID":500,"SourceName":"PowerShell","Task":5,"RecordNumber":2590,"ProcessID":0,"ThreadID":0,"Channel":"Windows PowerShell","Message":"Command \"format-default\" is Started. \r\n\r\nDetails: \r\n\tNewCommandState=Started\r\n\r\n\tSequenceNumber=337\r\n\r\n\tHostName=Windows PowerShell ISE Host\r\n\tHostVersion=5.1.14393.5582\r\n\tHostId=78b0ce87-a0f4-49b9-aee8-08d6d3937dd0\r\n\tHostApplication=C:\\Windows\\system32\\WindowsPowerShell\\v1.0\\PowerShell_ISE.exe\r\n\tEngineVersion=5.1.14393.5582\r\n\tRunspaceId=742848cb-1ed3-4bc7-95d6-a562da6a8d2d\r\n\tPipelineId=57\r\n\tCommandName=format-default\r\n\tCommandType=Cmdlet\r\n\tScriptName=\r\n\tCommandPath=\r\n\tCommandLine=","Category":"Command Lifecycle","Opcode":"Info","EventReceivedTime":1677865959,"SourceModuleName":"in_powershell","SourceModuleType":"im_msvistalog"}
<14>Mar  3 17:52:39 win-server.lunarstiiiness.com PowerShell[0]: {"EventTime":1677865959,"Hostname":"win-server.lunarstiiiness.com","Keywords":36028797018963968,"EventType":"INFO","SeverityValue":2,"Severity":"INFO","EventID":500,"SourceName":"PowerShell","Task":5,"RecordNumber":2604,"ProcessID":0,"ThreadID":0,"Channel":"Windows PowerShell","Message":"Command \"Set-StrictMode\" is Started. \r\n\r\nDetails: \r\n\tNewCommandState=Started\r\n\r\n\tSequenceNumber=351\r\n\r\n\tHostName=Windows PowerShell ISE Host\r\n\tHostVersion=5.1.14393.5582\r\n\tHostId=78b0ce87-a0f4-49b9-aee8-08d6d3937dd0\r\n\tHostApplication=C:\\Windows\\system32\\WindowsPowerShell\\v1.0\\PowerShell_ISE.exe\r\n\tEngineVersion=5.1.14393.5582\r\n\tRunspaceId=742848cb-1ed3-4bc7-95d6-a562da6a8d2d\r\n\tPipelineId=57\r\n\tCommandName=Set-StrictMode\r\n\tCommandType=Cmdlet\r\n\tScriptName=\r\n\tCommandPath=\r\n\tCommandLine=                                        $originInfo = & { Set-StrictMode -Version 1; $_.OriginInfo }\r\n","Category":"Command Lifecycle","Opcode":"Info","EventReceivedTime":1677865959,"SourceModuleName":"in_powershell","SourceModuleType":"im_msvistalog"}
<14>Mar  3 17:52:39 win-server.lunarstiiiness.com PowerShell[0]: {"EventTime":1677865959,"Hostname":"win-server.lunarstiiiness.com","Keywords":36028797018963968,"EventType":"INFO","SeverityValue":2,"Severity":"INFO","EventID":500,"SourceName":"PowerShell","Task":5,"RecordNumber":2600,"ProcessID":0,"ThreadID":0,"Channel":"Windows PowerShell","Message":"Command \"Set-StrictMode\" is Started. \r\n\r\nDetails: \r\n\tNewCommandState=Started\r\n\r\n\tSequenceNumber=347\r\n\r\n\tHostName=Windows PowerShell ISE Host\r\n\tHostVersion=5.1.14393.5582\r\n\tHostId=78b0ce87-a0f4-49b9-aee8-08d6d3937dd0\r\n\tHostApplication=C:\\Windows\\system32\\WindowsPowerShell\\v1.0\\PowerShell_ISE.exe\r\n\tEngineVersion=5.1.14393.5582\r\n\tRunspaceId=742848cb-1ed3-4bc7-95d6-a562da6a8d2d\r\n\tPipelineId=57\r\n\tCommandName=Set-StrictMode\r\n\tCommandType=Cmdlet\r\n\tScriptName=\r\n\tCommandPath=\r\n\tCommandLine=                                        $errorCategoryMsg = & { Set-StrictMode -Version 1; $_.ErrorCategory_Message }\r\n","Category":"Command Lifecycle","Opcode":"Info","EventReceivedTime":1677865959,"SourceModuleName":"in_powershell","SourceModuleType":"im_msvistalog"}
<14>Mar  3 17:52:39 win-server.lunarstiiiness.com PowerShell[0]: {"EventTime":1677865959,"Hostname":"win-server.lunarstiiiness.com","Keywords":36028797018963968,"EventType":"INFO","SeverityValue":2,"Severity":"INFO","EventID":500,"SourceName":"PowerShell","Task":5,"RecordNumber":2599,"ProcessID":0,"ThreadID":0,"Channel":"Windows PowerShell","Message":"Command \"\" is Started. \r\n\r\nDetails: \r\n\tNewCommandState=Started\r\n\r\n\tSequenceNumber=346\r\n\r\n\tHostName=Windows PowerShell ISE Host\r\n\tHostVersion=5.1.14393.5582\r\n\tHostId=78b0ce87-a0f4-49b9-aee8-08d6d3937dd0\r\n\tHostApplication=C:\\Windows\\system32\\WindowsPowerShell\\v1.0\\PowerShell_ISE.exe\r\n\tEngineVersion=5.1.14393.5582\r\n\tRunspaceId=742848cb-1ed3-4bc7-95d6-a562da6a8d2d\r\n\tPipelineId=57\r\n\tCommandName=\r\n\tCommandType=Script\r\n\tScriptName=\r\n\tCommandPath=\r\n\tCommandLine=                                        $errorCategoryMsg = & { Set-StrictMode -Version 1; $_.ErrorCategory_Message }\r\n","Category":"Command Lifecycle","Opcode":"Info","EventReceivedTime":1677865959,"SourceModuleName":"in_powershell","SourceModuleType":"im_msvistalog"}
<14>Mar  3 17:52:39 win-server.lunarstiiiness.com PowerShell[0]: {"EventTime":1677865959,"Hostname":"win-server.lunarstiiiness.com","Keywords":36028797018963968,"EventType":"INFO","SeverityValue":2,"Severity":"INFO","EventID":500,"SourceName":"PowerShell","Task":5,"RecordNumber":2578,"ProcessID":0,"ThreadID":0,"Channel":"Windows PowerShell","Message":"Command \"\" is Started. \r\n\r\nDetails: \r\n\tNewCommandState=Started\r\n\r\n\tSequenceNumber=317\r\n\r\n\tHostName=Windows PowerShell ISE Host\r\n\tHostVersion=5.1.14393.5582\r\n\tHostId=78b0ce87-a0f4-49b9-aee8-08d6d3937dd0\r\n\tHostApplication=C:\\Windows\\system32\\WindowsPowerShell\\v1.0\\PowerShell_ISE.exe\r\n\tEngineVersion=5.1.14393.5582\r\n\tRunspaceId=742848cb-1ed3-4bc7-95d6-a562da6a8d2d\r\n\tPipelineId=57\r\n\tCommandName=\r\n\tCommandType=Script\r\n\tScriptName=\r\n\tCommandPath=\r\n\tCommandLine=","Category":"Command Lifecycle","Opcode":"Info","EventReceivedTime":1677865959,"SourceModuleName":"in_powershell","SourceModuleType":"im_msvistalog"}
<14>Mar  3 17:52:39 win-server.lunarstiiiness.com PowerShell[0]: {"EventTime":1677865959,"Hostname":"win-server.lunarstiiiness.com","Keywords":36028797018963968,"EventType":"INFO","SeverityValue":2,"Severity":"INFO","EventID":500,"SourceName":"PowerShell","Task":5,"RecordNumber":2613,"ProcessID":0,"ThreadID":0,"Channel":"Windows PowerShell","Message":"Command \"prompt\" is Started. \r\n\r\nDetails: \r\n\tNewCommandState=Started\r\n\r\n\tSequenceNumber=360\r\n\r\n\tHostName=Windows PowerShell ISE Host\r\n\tHostVersion=5.1.14393.5582\r\n\tHostId=78b0ce87-a0f4-49b9-aee8-08d6d3937dd0\r\n\tHostApplication=C:\\Windows\\system32\\WindowsPowerShell\\v1.0\\PowerShell_ISE.exe\r\n\tEngineVersion=5.1.14393.5582\r\n\tRunspaceId=742848cb-1ed3-4bc7-95d6-a562da6a8d2d\r\n\tPipelineId=58\r\n\tCommandName=prompt\r\n\tCommandType=Function\r\n\tScriptName=\r\n\tCommandPath=\r\n\tCommandLine=prompt","Category":"Command Lifecycle","Opcode":"Info","EventReceivedTime":1677865959,"SourceModuleName":"in_powershell","SourceModuleType":"im_msvistalog"}
<14>Mar  3 17:52:39 win-server.lunarstiiiness.com PowerShell[0]: {"EventTime":1677865959,"Hostname":"win-server.lunarstiiiness.com","Keywords":36028797018963968,"EventType":"INFO","SeverityValue":2,"Severity":"INFO","EventID":500,"SourceName":"PowerShell","Task":5,"RecordNumber":2614,"ProcessID":0,"ThreadID":0,"Channel":"Windows PowerShell","Message":"Command \"out-lineoutput\" is Started. \r\n\r\nDetails: \r\n\tNewCommandState=Started\r\n\r\n\tSequenceNumber=361\r\n\r\n\tHostName=Windows PowerShell ISE Host\r\n\tHostVersion=5.1.14393.5582\r\n\tHostId=78b0ce87-a0f4-49b9-aee8-08d6d3937dd0\r\n\tHostApplication=C:\\Windows\\system32\\WindowsPowerShell\\v1.0\\PowerShell_ISE.exe\r\n\tEngineVersion=5.1.14393.5582\r\n\tRunspaceId=742848cb-1ed3-4bc7-95d6-a562da6a8d2d\r\n\tPipelineId=58\r\n\tCommandName=out-lineoutput\r\n\tCommandType=Cmdlet\r\n\tScriptName=\r\n\tCommandPath=\r\n\tCommandLine=","Category":"Command Lifecycle","Opcode":"Info","EventReceivedTime":1677865959,"SourceModuleName":"in_powershell","SourceModuleType":"im_msvistalog"}
<14>Mar  3 17:52:39 win-server.lunarstiiiness.com PowerShell[0]: {"EventTime":1677865959,"Hostname":"win-server.lunarstiiiness.com","Keywords":36028797018963968,"EventType":"INFO","SeverityValue":2,"Severity":"INFO","EventID":500,"SourceName":"PowerShell","Task":5,"RecordNumber":2603,"ProcessID":0,"ThreadID":0,"Channel":"Windows PowerShell","Message":"Command \"\" is Started. \r\n\r\nDetails: \r\n\tNewCommandState=Started\r\n\r\n\tSequenceNumber=350\r\n\r\n\tHostName=Windows PowerShell ISE Host\r\n\tHostVersion=5.1.14393.5582\r\n\tHostId=78b0ce87-a0f4-49b9-aee8-08d6d3937dd0\r\n\tHostApplication=C:\\Windows\\system32\\WindowsPowerShell\\v1.0\\PowerShell_ISE.exe\r\n\tEngineVersion=5.1.14393.5582\r\n\tRunspaceId=742848cb-1ed3-4bc7-95d6-a562da6a8d2d\r\n\tPipelineId=57\r\n\tCommandName=\r\n\tCommandType=Script\r\n\tScriptName=\r\n\tCommandPath=\r\n\tCommandLine=                                        $originInfo = & { Set-StrictMode -Version 1; $_.OriginInfo }\r\n","Category":"Command Lifecycle","Opcode":"Info","EventReceivedTime":1677865959,"SourceModuleName":"in_powershell","SourceModuleType":"im_msvistalog"}
<14>Mar  3 17:52:39 win-server.lunarstiiiness.com PowerShell[0]: {"EventTime":1677865959,"Hostname":"win-server.lunarstiiiness.com","Keywords":36028797018963968,"EventType":"INFO","SeverityValue":2,"Severity":"INFO","EventID":600,"SourceName":"PowerShell","Task":6,"RecordNumber":2585,"ProcessID":0,"ThreadID":0,"Channel":"Windows PowerShell","Message":"Provider \"FileSystem\" is Started. \r\n\r\nDetails: \r\n\tProviderName=FileSystem\r\n\tNewProviderState=Started\r\n\r\n\tSequenceNumber=328\r\n\r\n\tHostName=Default Host\r\n\tHostVersion=5.1.14393.5582\r\n\tHostId=b3f8b89f-c7ad-4a4d-a770-c5d6dbec5ac9\r\n\tHostApplication=C:\\Windows\\system32\\WindowsPowerShell\\v1.0\\PowerShell_ISE.exe\r\n\tEngineVersion=\r\n\tRunspaceId=\r\n\tPipelineId=\r\n\tCommandName=\r\n\tCommandType=\r\n\tScriptName=\r\n\tCommandPath=\r\n\tCommandLine=","Category":"Provider Lifecycle","Opcode":"Info","EventReceivedTime":1677865959,"SourceModuleName":"in_powershell","SourceModuleType":"im_msvistalog"}
<14>Mar  3 17:52:39 win-server.lunarstiiiness.com PowerShell[0]: {"EventTime":1677865959,"Hostname":"win-server.lunarstiiiness.com","Keywords":36028797018963968,"EventType":"INFO","SeverityValue":2,"Severity":"INFO","EventID":600,"SourceName":"PowerShell","Task":6,"RecordNumber":2586,"ProcessID":0,"ThreadID":0,"Channel":"Windows PowerShell","Message":"Provider \"Function\" is Started. \r\n\r\nDetails: \r\n\tProviderName=Function\r\n\tNewProviderState=Started\r\n\r\n\tSequenceNumber=330\r\n\r\n\tHostName=Default Host\r\n\tHostVersion=5.1.14393.5582\r\n\tHostId=b3f8b89f-c7ad-4a4d-a770-c5d6dbec5ac9\r\n\tHostApplication=C:\\Windows\\system32\\WindowsPowerShell\\v1.0\\PowerShell_ISE.exe\r\n\tEngineVersion=\r\n\tRunspaceId=\r\n\tPipelineId=\r\n\tCommandName=\r\n\tCommandType=\r\n\tScriptName=\r\n\tCommandPath=\r\n\tCommandLine=","Category":"Provider Lifecycle","Opcode":"Info","EventReceivedTime":1677865959,"SourceModuleName":"in_powershell","SourceModuleType":"im_msvistalog"}
<14>Mar  3 17:52:39 win-server.lunarstiiiness.com PowerShell[0]: {"EventTime":1677865959,"Hostname":"win-server.lunarstiiiness.com","Keywords":36028797018963968,"EventType":"INFO","SeverityValue":2,"Severity":"INFO","EventID":600,"SourceName":"PowerShell","Task":6,"RecordNumber":2583,"ProcessID":0,"ThreadID":0,"Channel":"Windows PowerShell","Message":"Provider \"Alias\" is Started. \r\n\r\nDetails: \r\n\tProviderName=Alias\r\n\tNewProviderState=Started\r\n\r\n\tSequenceNumber=324\r\n\r\n\tHostName=Default Host\r\n\tHostVersion=5.1.14393.5582\r\n\tHostId=b3f8b89f-c7ad-4a4d-a770-c5d6dbec5ac9\r\n\tHostApplication=C:\\Windows\\system32\\WindowsPowerShell\\v1.0\\PowerShell_ISE.exe\r\n\tEngineVersion=\r\n\tRunspaceId=\r\n\tPipelineId=\r\n\tCommandName=\r\n\tCommandType=\r\n\tScriptName=\r\n\tCommandPath=\r\n\tCommandLine=","Category":"Provider Lifecycle","Opcode":"Info","EventReceivedTime":1677865959,"SourceModuleName":"in_powershell","SourceModuleType":"im_msvistalog"}
<14>Mar  3 17:52:39 win-server.lunarstiiiness.com PowerShell[0]: {"EventTime":1677865959,"Hostname":"win-server.lunarstiiiness.com","Keywords":36028797018963968,"EventType":"INFO","SeverityValue":2,"Severity":"INFO","EventID":600,"SourceName":"PowerShell","Task":6,"RecordNumber":2582,"ProcessID":0,"ThreadID":0,"Channel":"Windows PowerShell","Message":"Provider \"Registry\" is Started. \r\n\r\nDetails: \r\n\tProviderName=Registry\r\n\tNewProviderState=Started\r\n\r\n\tSequenceNumber=322\r\n\r\n\tHostName=Default Host\r\n\tHostVersion=5.1.14393.5582\r\n\tHostId=b3f8b89f-c7ad-4a4d-a770-c5d6dbec5ac9\r\n\tHostApplication=C:\\Windows\\system32\\WindowsPowerShell\\v1.0\\PowerShell_ISE.exe\r\n\tEngineVersion=\r\n\tRunspaceId=\r\n\tPipelineId=\r\n\tCommandName=\r\n\tCommandType=\r\n\tScriptName=\r\n\tCommandPath=\r\n\tCommandLine=","Category":"Provider Lifecycle","Opcode":"Info","EventReceivedTime":1677865959,"SourceModuleName":"in_powershell","SourceModuleType":"im_msvistalog"}
<14>Mar  3 17:52:39 win-server.lunarstiiiness.com PowerShell[0]: {"EventTime":1677865959,"Hostname":"win-server.lunarstiiiness.com","Keywords":36028797018963968,"EventType":"INFO","SeverityValue":2,"Severity":"INFO","EventID":600,"SourceName":"PowerShell","Task":6,"RecordNumber":2587,"ProcessID":0,"ThreadID":0,"Channel":"Windows PowerShell","Message":"Provider \"Variable\" is Started. \r\n\r\nDetails: \r\n\tProviderName=Variable\r\n\tNewProviderState=Started\r\n\r\n\tSequenceNumber=332\r\n\r\n\tHostName=Default Host\r\n\tHostVersion=5.1.14393.5582\r\n\tHostId=b3f8b89f-c7ad-4a4d-a770-c5d6dbec5ac9\r\n\tHostApplication=C:\\Windows\\system32\\WindowsPowerShell\\v1.0\\PowerShell_ISE.exe\r\n\tEngineVersion=\r\n\tRunspaceId=\r\n\tPipelineId=\r\n\tCommandName=\r\n\tCommandType=\r\n\tScriptName=\r\n\tCommandPath=\r\n\tCommandLine=","Category":"Provider Lifecycle","Opcode":"Info","EventReceivedTime":1677865959,"SourceModuleName":"in_powershell","SourceModuleType":"im_msvistalog"}
<14>Mar  3 17:52:39 win-server.lunarstiiiness.com PowerShell[0]: {"EventTime":1677865959,"Hostname":"win-server.lunarstiiiness.com","Keywords":36028797018963968,"EventType":"INFO","SeverityValue":2,"Severity":"INFO","EventID":600,"SourceName":"PowerShell","Task":6,"RecordNumber":2584,"ProcessID":0,"ThreadID":0,"Channel":"Windows PowerShell","Message":"Provider \"Environment\" is Started. \r\n\r\nDetails: \r\n\tProviderName=Environment\r\n\tNewProviderState=Started\r\n\r\n\tSequenceNumber=326\r\n\r\n\tHostName=Default Host\r\n\tHostVersion=5.1.14393.5582\r\n\tHostId=b3f8b89f-c7ad-4a4d-a770-c5d6dbec5ac9\r\n\tHostApplication=C:\\Windows\\system32\\WindowsPowerShell\\v1.0\\PowerShell_ISE.exe\r\n\tEngineVersion=\r\n\tRunspaceId=\r\n\tPipelineId=\r\n\tCommandName=\r\n\tCommandType=\r\n\tScriptName=\r\n\tCommandPath=\r\n\tCommandLine=","Category":"Provider Lifecycle","Opcode":"Info","EventReceivedTime":1677865959,"SourceModuleName":"in_powershell","SourceModuleType":"im_msvistalog"}
<14>Mar  3 17:52:39 win-server.lunarstiiiness.com PowerShell[0]: {"EventTime":1677865959,"Hostname":"win-server.lunarstiiiness.com","Keywords":36028797018963968,"EventType":"INFO","SeverityValue":2,"Severity":"INFO","EventID":400,"SourceName":"PowerShell","Task":4,"RecordNumber":2588,"ProcessID":0,"ThreadID":0,"Channel":"Windows PowerShell","Message":"Engine state is changed from None to Available. \r\n\r\nDetails: \r\n\tNewEngineState=Available\r\n\tPreviousEngineState=None\r\n\r\n\tSequenceNumber=334\r\n\r\n\tHostName=Default Host\r\n\tHostVersion=5.1.14393.5582\r\n\tHostId=b3f8b89f-c7ad-4a4d-a770-c5d6dbec5ac9\r\n\tHostApplication=C:\\Windows\\system32\\WindowsPowerShell\\v1.0\\PowerShell_ISE.exe\r\n\tEngineVersion=5.1.14393.5582\r\n\tRunspaceId=bbe0547b-fa33-4c53-8859-3f49a4773e0f\r\n\tPipelineId=\r\n\tCommandName=\r\n\tCommandType=\r\n\tScriptName=\r\n\tCommandPath=\r\n\tCommandLine=","Category":"Engine Lifecycle","Opcode":"Info","EventReceivedTime":1677865959,"SourceModuleName":"in_powershell","SourceModuleType":"im_msvistalog"}
<12>Mar  3 17:52:39 win-server.lunarstiiiness.com PowerShell[0]: {"EventTime":1677865959,"Hostname":"win-server.lunarstiiiness.com","Keywords":36028797018963968,"EventType":"WARNING","SeverityValue":3,"Severity":"WARNING","EventID":200,"SourceName":"PowerShell","Task":2,"RecordNumber":2581,"ProcessID":0,"ThreadID":0,"Channel":"Windows PowerShell","Message":"Command Health: 401 Authorization Required\r\n\r\n\r\n\r\nnginx. \r\n\r\nDetails: \r\n\tExceptionClass=CmdletInvocationException\r\n\tErrorCategory=InvalidOperation\r\n\tErrorId=WebCmdletWebResponseException,Microsoft.PowerShell.Commands.InvokeWebRequestCommand\r\n\tErrorMessage=401 Authorization Required\r\n\r\n\r\n\r\nnginx\r\n\r\n\tSeverity=Warning\r\n\r\n\tSequenceNumber=320\r\n\r\n\tHostName=Windows PowerShell ISE Host\r\n\tHostVersion=5.1.14393.5582\r\n\tHostId=78b0ce87-a0f4-49b9-aee8-08d6d3937dd0\r\n\tHostApplication=C:\\Windows\\system32\\WindowsPowerShell\\v1.0\\PowerShell_ISE.exe\r\n\tEngineVersion=5.1.14393.5582\r\n\tRunspaceId=742848cb-1ed3-4bc7-95d6-a562da6a8d2d\r\n\tPipelineId=57\r\n\tCommandName=Invoke-WebRequest\r\n\tCommandType=Cmdlet\r\n\tScriptName=\r\n\tCommandPath=\r\n\tCommandLine=Invoke-WebRequest -uri \"http://54.36.189.105\"\r\n","Category":"Command Health","Opcode":"Info","EventReceivedTime":1677865959,"SourceModuleName":"in_powershell","SourceModuleType":"im_msvistalog"}
<14>Mar  3 17:53:18 win-server.lunarstiiiness.com PowerShell[0]: {"EventTime":1677865997,"Hostname":"win-server.lunarstiiiness.com","Keywords":36028797018963968,"EventType":"INFO","SeverityValue":2,"Severity":"INFO","EventID":501,"SourceName":"PowerShell","Task":5,"RecordNumber":2623,"ProcessID":0,"ThreadID":0,"Channel":"Windows PowerShell","Message":"Command \"Resolve-Path\" is Stopped. \r\n\r\nDetails: \r\n\tNewCommandState=Stopped\r\n\r\n\tSequenceNumber=370\r\n\r\n\tHostName=Windows PowerShell ISE Host\r\n\tHostVersion=5.1.14393.5582\r\n\tHostId=78b0ce87-a0f4-49b9-aee8-08d6d3937dd0\r\n\tHostApplication=C:\\Windows\\system32\\WindowsPowerShell\\v1.0\\PowerShell_ISE.exe\r\n\tEngineVersion=5.1.14393.5582\r\n\tRunspaceId=742848cb-1ed3-4bc7-95d6-a562da6a8d2d\r\n\tPipelineId=60\r\n\tCommandName=Resolve-Path\r\n\tCommandType=Cmdlet\r\n\tScriptName=\r\n\tCommandPath=\r\n\tCommandLine=","Category":"Command Lifecycle","Opcode":"Info","EventReceivedTime":1677865998,"SourceModuleName":"in_powershell","SourceModuleType":"im_msvistalog"}
<14>Mar  3 17:53:18 win-server.lunarstiiiness.com PowerShell[0]: {"EventTime":1677865997,"Hostname":"win-server.lunarstiiiness.com","Keywords":36028797018963968,"EventType":"INFO","SeverityValue":2,"Severity":"INFO","EventID":501,"SourceName":"PowerShell","Task":5,"RecordNumber":2625,"ProcessID":0,"ThreadID":0,"Channel":"Windows PowerShell","Message":"Command \"Get-ChildItem\" is Stopped. \r\n\r\nDetails: \r\n\tNewCommandState=Stopped\r\n\r\n\tSequenceNumber=372\r\n\r\n\tHostName=Windows PowerShell ISE Host\r\n\tHostVersion=5.1.14393.5582\r\n\tHostId=78b0ce87-a0f4-49b9-aee8-08d6d3937dd0\r\n\tHostApplication=C:\\Windows\\system32\\WindowsPowerShell\\v1.0\\PowerShell_ISE.exe\r\n\tEngineVersion=5.1.14393.5582\r\n\tRunspaceId=742848cb-1ed3-4bc7-95d6-a562da6a8d2d\r\n\tPipelineId=61\r\n\tCommandName=Get-ChildItem\r\n\tCommandType=Cmdlet\r\n\tScriptName=\r\n\tCommandPath=\r\n\tCommandLine=","Category":"Command Lifecycle","Opcode":"Info","EventReceivedTime":1677865998,"SourceModuleName":"in_powershell","SourceModuleType":"im_msvistalog"}
<14>Mar  3 17:53:18 win-server.lunarstiiiness.com PowerShell[0]: {"EventTime":1677865997,"Hostname":"win-server.lunarstiiiness.com","Keywords":36028797018963968,"EventType":"INFO","SeverityValue":2,"Severity":"INFO","EventID":501,"SourceName":"PowerShell","Task":5,"RecordNumber":2626,"ProcessID":0,"ThreadID":0,"Channel":"Windows PowerShell","Message":"Command \"TabExpansion2\" is Stopped. \r\n\r\nDetails: \r\n\tNewCommandState=Stopped\r\n\r\n\tSequenceNumber=373\r\n\r\n\tHostName=Windows PowerShell ISE Host\r\n\tHostVersion=5.1.14393.5582\r\n\tHostId=78b0ce87-a0f4-49b9-aee8-08d6d3937dd0\r\n\tHostApplication=C:\\Windows\\system32\\WindowsPowerShell\\v1.0\\PowerShell_ISE.exe\r\n\tEngineVersion=5.1.14393.5582\r\n\tRunspaceId=742848cb-1ed3-4bc7-95d6-a562da6a8d2d\r\n\tPipelineId=59\r\n\tCommandName=TabExpansion2\r\n\tCommandType=Function\r\n\tScriptName=\r\n\tCommandPath=\r\n\tCommandLine=","Category":"Command Lifecycle","Opcode":"Info","EventReceivedTime":1677865998,"SourceModuleName":"in_powershell","SourceModuleType":"im_msvistalog"}
