<14>Mar  3 17:49:50 win-server.lunarstiiiness.com PowerShell[0]: {"EventTime":1677865790,"Hostname":"win-server.lunarstiiiness.com","Keywords":36028797018963968,"EventType":"INFO","SeverityValue":2,"Severity":"INFO","EventID":500,"SourceName":"PowerShell","Task":5,"RecordNumber":2388,"ProcessID":0,"ThreadID":0,"Channel":"Windows PowerShell","Message":"Command \"Set-StrictMode\" is Started. \r\n\r\nDetails: \r\n\tNewCommandState=Started\r\n\r\n\tSequenceNumber=103\r\n\r\n\tHostName=Windows PowerShell ISE Host\r\n\tHostVersion=5.1.14393.5582\r\n\tHostId=78b0ce87-a0f4-49b9-aee8-08d6d3937dd0\r\n\tHostApplication=C:\\Windows\\system32\\WindowsPowerShell\\v1.0\\PowerShell_ISE.exe\r\n\tEngineVersion=5.1.14393.5582\r\n\tRunspaceId=742848cb-1ed3-4bc7-95d6-a562da6a8d2d\r\n\tPipelineId=27\r\n\tCommandName=Set-StrictMode\r\n\tCommandType=Cmdlet\r\n\tScriptName=\r\n\tCommandPath=\r\n\tCommandLine=                                        $originInfo = & { Set-StrictMode -Version 1; $_.OriginInfo }\r\n","Category":"Command Lifecycle","Opcode":"Info","EventReceivedTime":1677865790,"SourceModuleName":"in_powershell","SourceModuleType":"im_msvistalog"}
<14>Mar  3 17:49:51 win-server.lunarstiiiness.com PowerShell[0]: {"EventTime":1677865790,"Hostname":"win-server.lunarstiiiness.com","Keywords":36028797018963968,"EventType":"INFO","SeverityValue":2,"Severity":"INFO","EventID":500,"SourceName":"PowerShell","Task":5,"RecordNumber":2397,"ProcessID":0,"ThreadID":0,"Channel":"Windows PowerShell","Message":"Command \"prompt\" is Started. \r\n\r\nDetails: \r\n\tNewCommandState=Started\r\n\r\n\tSequenceNumber=112\r\n\r\n\tHostName=Windows PowerShell ISE Host\r\n\tHostVersion=5.1.14393.5582\r\n\tHostId=78b0ce87-a0f4-49b9-aee8-08d6d3937dd0\r\n\tHostApplication=C:\\Windows\\system32\\WindowsPowerShell\\v1.0\\PowerShell_ISE.exe\r\n\tEngineVersion=5.1.14393.5582\r\n\tRunspaceId=742848cb-1ed3-4bc7-95d6-a562da6a8d2d\r\n\tPipelineId=28\r\n\tCommandName=prompt\r\n\tCommandType=Function\r\n\tScriptName=\r\n\tCommandPath=\r\n\tCommandLine=prompt","Category":"Command Lifecycle","Opcode":"Info","EventReceivedTime":1677865791,"SourceModuleName":"in_powershell","SourceModuleType":"im_msvistalog"}
<14>Mar  3 17:49:50 win-server.lunarstiiiness.com PowerShell[0]: {"EventTime":1677865790,"Hostname":"win-server.lunarstiiiness.com","Keywords":36028797018963968,"EventType":"INFO","SeverityValue":2,"Severity":"INFO","EventID":500,"SourceName":"PowerShell","Task":5,"RecordNumber":2373,"ProcessID":0,"ThreadID":0,"Channel":"Windows PowerShell","Message":"Command \"out-lineoutput\" is Started. \r\n\r\nDetails: \r\n\tNewCommandState=Started\r\n\r\n\tSequenceNumber=88\r\n\r\n\tHostName=Windows PowerShell ISE Host\r\n\tHostVersion=5.1.14393.5582\r\n\tHostId=78b0ce87-a0f4-49b9-aee8-08d6d3937dd0\r\n\tHostApplication=C:\\Windows\\system32\\WindowsPowerShell\\v1.0\\PowerShell_ISE.exe\r\n\tEngineVersion=5.1.14393.5582\r\n\tRunspaceId=742848cb-1ed3-4bc7-95d6-a562da6a8d2d\r\n\tPipelineId=27\r\n\tCommandName=out-lineoutput\r\n\tCommandType=Cmdlet\r\n\tScriptName=\r\n\tCommandPath=\r\n\tCommandLine=","Category":"Command Lifecycle","Opcode":"Info","EventReceivedTime":1677865790,"SourceModuleName":"in_powershell","SourceModuleType":"im_msvistalog"}
<14>Mar  3 17:49:50 win-server.lunarstiiiness.com PowerShell[0]: {"EventTime":1677865790,"Hostname":"win-server.lunarstiiiness.com","Keywords":36028797018963968,"EventType":"INFO","SeverityValue":2,"Severity":"INFO","EventID":500,"SourceName":"PowerShell","Task":5,"RecordNumber":2384,"ProcessID":0,"ThreadID":0,"Channel":"Windows PowerShell","Message":"Command \"Set-StrictMode\" is Started. \r\n\r\nDetails: \r\n\tNewCommandState=Started\r\n\r\n\tSequenceNumber=99\r\n\r\n\tHostName=Windows PowerShell ISE Host\r\n\tHostVersion=5.1.14393.5582\r\n\tHostId=78b0ce87-a0f4-49b9-aee8-08d6d3937dd0\r\n\tHostApplication=C:\\Windows\\system32\\WindowsPowerShell\\v1.0\\PowerShell_ISE.exe\r\n\tEngineVersion=5.1.14393.5582\r\n\tRunspaceId=742848cb-1ed3-4bc7-95d6-a562da6a8d2d\r\n\tPipelineId=27\r\n\tCommandName=Set-StrictMode\r\n\tCommandType=Cmdlet\r\n\tScriptName=\r\n\tCommandPath=\r\n\tCommandLine=                                        $errorCategoryMsg = & { Set-StrictMode -Version 1; $_.ErrorCategory_Message }\r\n","Category":"Command Lifecycle","Opcode":"Info","EventReceivedTime":1677865790,"SourceModuleName":"in_powershell","SourceModuleType":"im_msvistalog"}
<14>Mar  3 17:49:50 win-server.lunarstiiiness.com PowerShell[0]: {"EventTime":1677865790,"Hostname":"win-server.lunarstiiiness.com","Keywords":36028797018963968,"EventType":"INFO","SeverityValue":2,"Severity":"INFO","EventID":500,"SourceName":"PowerShell","Task":5,"RecordNumber":2383,"ProcessID":0,"ThreadID":0,"Channel":"Windows PowerShell","Message":"Command \"\" is Started. \r\n\r\nDetails: \r\n\tNewCommandState=Started\r\n\r\n\tSequenceNumber=98\r\n\r\n\tHostName=Windows PowerShell ISE Host\r\n\tHostVersion=5.1.14393.5582\r\n\tHostId=78b0ce87-a0f4-49b9-aee8-08d6d3937dd0\r\n\tHostApplication=C:\\Windows\\system32\\WindowsPowerShell\\v1.0\\PowerShell_ISE.exe\r\n\tEngineVersion=5.1.14393.5582\r\n\tRunspaceId=742848cb-1ed3-4bc7-95d6-a562da6a8d2d\r\n\tPipelineId=27\r\n\tCommandName=\r\n\tCommandType=Script\r\n\tScriptName=\r\n\tCommandPath=\r\n\tCommandLine=                                        $errorCategoryMsg = & { Set-StrictMode -Version 1; $_.ErrorCategory_Message }\r\n","Category":"Command Lifecycle","Opcode":"Info","EventReceivedTime":1677865790,"SourceModuleName":"in_powershell","SourceModuleType":"im_msvistalog"}
<14>Mar  3 17:49:50 win-server.lunarstiiiness.com PowerShell[0]: {"EventTime":1677865790,"Hostname":"win-server.lunarstiiiness.com","Keywords":36028797018963968,"EventType":"INFO","SeverityValue":2,"Severity":"INFO","EventID":500,"SourceName":"PowerShell","Task":5,"RecordNumber":2374,"ProcessID":0,"ThreadID":0,"Channel":"Windows PowerShell","Message":"Command \"format-default\" is Started. \r\n\r\nDetails: \r\n\tNewCommandState=Started\r\n\r\n\tSequenceNumber=89\r\n\r\n\tHostName=Windows PowerShell ISE Host\r\n\tHostVersion=5.1.14393.5582\r\n\tHostId=78b0ce87-a0f4-49b9-aee8-08d6d3937dd0\r\n\tHostApplication=C:\\Windows\\system32\\WindowsPowerShell\\v1.0\\PowerShell_ISE.exe\r\n\tEngineVersion=5.1.14393.5582\r\n\tRunspaceId=742848cb-1ed3-4bc7-95d6-a562da6a8d2d\r\n\tPipelineId=27\r\n\tCommandName=format-default\r\n\tCommandType=Cmdlet\r\n\tScriptName=\r\n\tCommandPath=\r\n\tCommandLine=","Category":"Command Lifecycle","Opcode":"Info","EventReceivedTime":1677865790,"SourceModuleName":"in_powershell","SourceModuleType":"im_msvistalog"}
<14>Mar  3 17:49:51 win-server.lunarstiiiness.com PowerShell[0]: {"EventTime":1677865790,"Hostname":"win-server.lunarstiiiness.com","Keywords":36028797018963968,"EventType":"INFO","SeverityValue":2,"Severity":"INFO","EventID":500,"SourceName":"PowerShell","Task":5,"RecordNumber":2396,"ProcessID":0,"ThreadID":0,"Channel":"Windows PowerShell","Message":"Command \"Out-Default\" is Started. \r\n\r\nDetails: \r\n\tNewCommandState=Started\r\n\r\n\tSequenceNumber=111\r\n\r\n\tHostName=Windows PowerShell ISE Host\r\n\tHostVersion=5.1.14393.5582\r\n\tHostId=78b0ce87-a0f4-49b9-aee8-08d6d3937dd0\r\n\tHostApplication=C:\\Windows\\system32\\WindowsPowerShell\\v1.0\\PowerShell_ISE.exe\r\n\tEngineVersion=5.1.14393.5582\r\n\tRunspaceId=742848cb-1ed3-4bc7-95d6-a562da6a8d2d\r\n\tPipelineId=28\r\n\tCommandName=Out-Default\r\n\tCommandType=Cmdlet\r\n\tScriptName=\r\n\tCommandPath=\r\n\tCommandLine=","Category":"Command Lifecycle","Opcode":"Info","EventReceivedTime":1677865791,"SourceModuleName":"in_powershell","SourceModuleType":"im_msvistalog"}
<14>Mar  3 17:49:50 win-server.lunarstiiiness.com PowerShell[0]: {"EventTime":1677865790,"Hostname":"win-server.lunarstiiiness.com","Keywords":36028797018963968,"EventType":"INFO","SeverityValue":2,"Severity":"INFO","EventID":500,"SourceName":"PowerShell","Task":5,"RecordNumber":2387,"ProcessID":0,"ThreadID":0,"Channel":"Windows PowerShell","Message":"Command \"\" is Started. \r\n\r\nDetails: \r\n\tNewCommandState=Started\r\n\r\n\tSequenceNumber=102\r\n\r\n\tHostName=Windows PowerShell ISE Host\r\n\tHostVersion=5.1.14393.5582\r\n\tHostId=78b0ce87-a0f4-49b9-aee8-08d6d3937dd0\r\n\tHostApplication=C:\\Windows\\system32\\WindowsPowerShell\\v1.0\\PowerShell_ISE.exe\r\n\tEngineVersion=5.1.14393.5582\r\n\tRunspaceId=742848cb-1ed3-4bc7-95d6-a562da6a8d2d\r\n\tPipelineId=27\r\n\tCommandName=\r\n\tCommandType=Script\r\n\tScriptName=\r\n\tCommandPath=\r\n\tCommandLine=                                        $originInfo = & { Set-StrictMode -Version 1; $_.OriginInfo }\r\n","Category":"Command Lifecycle","Opcode":"Info","EventReceivedTime":1677865790,"SourceModuleName":"in_powershell","SourceModuleType":"im_msvistalog"}
<14>Mar  3 17:49:51 win-server.lunarstiiiness.com PowerShell[0]: {"EventTime":1677865790,"Hostname":"win-server.lunarstiiiness.com","Keywords":36028797018963968,"EventType":"INFO","SeverityValue":2,"Severity":"INFO","EventID":500,"SourceName":"PowerShell","Task":5,"RecordNumber":2398,"ProcessID":0,"ThreadID":0,"Channel":"Windows PowerShell","Message":"Command \"out-lineoutput\" is Started. \r\n\r\nDetails: \r\n\tNewCommandState=Started\r\n\r\n\tSequenceNumber=113\r\n\r\n\tHostName=Windows PowerShell ISE Host\r\n\tHostVersion=5.1.14393.5582\r\n\tHostId=78b0ce87-a0f4-49b9-aee8-08d6d3937dd0\r\n\tHostApplication=C:\\Windows\\system32\\WindowsPowerShell\\v1.0\\PowerShell_ISE.exe\r\n\tEngineVersion=5.1.14393.5582\r\n\tRunspaceId=742848cb-1ed3-4bc7-95d6-a562da6a8d2d\r\n\tPipelineId=28\r\n\tCommandName=out-lineoutput\r\n\tCommandType=Cmdlet\r\n\tScriptName=\r\n\tCommandPath=\r\n\tCommandLine=","Category":"Command Lifecycle","Opcode":"Info","EventReceivedTime":1677865791,"SourceModuleName":"in_powershell","SourceModuleType":"im_msvistalog"}
<14>Mar  3 17:49:50 win-server.lunarstiiiness.com PowerShell[0]: {"EventTime":1677865790,"Hostname":"win-server.lunarstiiiness.com","Keywords":36028797018963968,"EventType":"INFO","SeverityValue":2,"Severity":"INFO","EventID":500,"SourceName":"PowerShell","Task":5,"RecordNumber":2376,"ProcessID":0,"ThreadID":0,"Channel":"Windows PowerShell","Message":"Command \"Set-StrictMode\" is Started. \r\n\r\nDetails: \r\n\tNewCommandState=Started\r\n\r\n\tSequenceNumber=91\r\n\r\n\tHostName=Windows PowerShell ISE Host\r\n\tHostVersion=5.1.14393.5582\r\n\tHostId=78b0ce87-a0f4-49b9-aee8-08d6d3937dd0\r\n\tHostApplication=C:\\Windows\\system32\\WindowsPowerShell\\v1.0\\PowerShell_ISE.exe\r\n\tEngineVersion=5.1.14393.5582\r\n\tRunspaceId=742848cb-1ed3-4bc7-95d6-a562da6a8d2d\r\n\tPipelineId=27\r\n\tCommandName=Set-StrictMode\r\n\tCommandType=Cmdlet\r\n\tScriptName=\r\n\tCommandPath=\r\n\tCommandLine=                                        if ( & { Set-StrictMode -Version 1; $_.PSMessageDetails } ) {\r\n","Category":"Command Lifecycle","Opcode":"Info","EventReceivedTime":1677865790,"SourceModuleName":"in_powershell","SourceModuleType":"im_msvistalog"}
<12>Mar  3 17:49:50 win-server.lunarstiiiness.com PowerShell[0]: {"EventTime":1677865790,"Hostname":"win-server.lunarstiiiness.com","Keywords":36028797018963968,"EventType":"WARNING","SeverityValue":3,"Severity":"WARNING","EventID":200,"SourceName":"PowerShell","Task":2,"RecordNumber":2365,"ProcessID":0,"ThreadID":0,"Channel":"Windows PowerShell","Message":"Command Health: Unable to connect to the remote server. \r\n\r\nDetails: \r\n\tExceptionClass=CmdletInvocationException\r\n\tErrorCategory=InvalidOperation\r\n\tErrorId=WebCmdletWebResponseException,Microsoft.PowerShell.Commands.InvokeWebRequestCommand\r\n\tErrorMessage=Unable to connect to the remote server\r\n\r\n\tSeverity=Warning\r\n\r\n\tSequenceNumber=72\r\n\r\n\tHostName=Windows PowerShell ISE Host\r\n\tHostVersion=5.1.14393.5582\r\n\tHostId=78b0ce87-a0f4-49b9-aee8-08d6d3937dd0\r\n\tHostApplication=C:\\Windows\\system32\\WindowsPowerShell\\v1.0\\PowerShell_ISE.exe\r\n\tEngineVersion=5.1.14393.5582\r\n\tRunspaceId=742848cb-1ed3-4bc7-95d6-a562da6a8d2d\r\n\tPipelineId=27\r\n\tCommandName=Invoke-WebRequest\r\n\tCommandType=Cmdlet\r\n\tScriptName=\r\n\tCommandPath=\r\n\tCommandLine=Invoke-WebRequest -uri \"http://160.202.162.122\"\r\n","Category":"Command Health","Opcode":"Info","EventReceivedTime":1677865790,"SourceModuleName":"in_powershell","SourceModuleType":"im_msvistalog"}
<14>Mar  3 17:50:31 win-server.lunarstiiiness.com PowerShell[0]: {"EventTime":1677865831,"Hostname":"win-server.lunarstiiiness.com","Keywords":36028797018963968,"EventType":"INFO","SeverityValue":2,"Severity":"INFO","EventID":500,"SourceName":"PowerShell","Task":5,"RecordNumber":2405,"ProcessID":0,"ThreadID":0,"Channel":"Windows PowerShell","Message":"Command \"\" is Started. \r\n\r\nDetails: \r\n\tNewCommandState=Started\r\n\r\n\tSequenceNumber=120\r\n\r\n\tHostName=Windows PowerShell ISE Host\r\n\tHostVersion=5.1.14393.5582\r\n\tHostId=78b0ce87-a0f4-49b9-aee8-08d6d3937dd0\r\n\tHostApplication=C:\\Windows\\system32\\WindowsPowerShell\\v1.0\\PowerShell_ISE.exe\r\n\tEngineVersion=5.1.14393.5582\r\n\tRunspaceId=742848cb-1ed3-4bc7-95d6-a562da6a8d2d\r\n\tPipelineId=29\r\n\tCommandName=\r\n\tCommandType=Script\r\n\tScriptName=\r\n\tCommandPath=\r\n\tCommandLine=","Category":"Command Lifecycle","Opcode":"Info","EventReceivedTime":1677865831,"SourceModuleName":"in_powershell","SourceModuleType":"im_msvistalog"}
<14>Mar  3 17:50:31 win-server.lunarstiiiness.com PowerShell[0]: {"EventTime":1677865831,"Hostname":"win-server.lunarstiiiness.com","Keywords":36028797018963968,"EventType":"INFO","SeverityValue":2,"Severity":"INFO","EventID":500,"SourceName":"PowerShell","Task":5,"RecordNumber":2407,"ProcessID":0,"ThreadID":0,"Channel":"Windows PowerShell","Message":"Command \"Invoke-WebRequest\" is Started. \r\n\r\nDetails: \r\n\tNewCommandState=Started\r\n\r\n\tSequenceNumber=122\r\n\r\n\tHostName=Windows PowerShell ISE Host\r\n\tHostVersion=5.1.14393.5582\r\n\tHostId=78b0ce87-a0f4-49b9-aee8-08d6d3937dd0\r\n\tHostApplication=C:\\Windows\\system32\\WindowsPowerShell\\v1.0\\PowerShell_ISE.exe\r\n\tEngineVersion=5.1.14393.5582\r\n\tRunspaceId=742848cb-1ed3-4bc7-95d6-a562da6a8d2d\r\n\tPipelineId=29\r\n\tCommandName=Invoke-WebRequest\r\n\tCommandType=Cmdlet\r\n\tScriptName=\r\n\tCommandPath=\r\n\tCommandLine=Invoke-WebRequest -uri \"https://160.202.162.122\"","Category":"Command Lifecycle","Opcode":"Info","EventReceivedTime":1677865831,"SourceModuleName":"in_powershell","SourceModuleType":"im_msvistalog"}
<14>Mar  3 17:50:31 win-server.lunarstiiiness.com PowerShell[0]: {"EventTime":1677865831,"Hostname":"win-server.lunarstiiiness.com","Keywords":36028797018963968,"EventType":"INFO","SeverityValue":2,"Severity":"INFO","EventID":500,"SourceName":"PowerShell","Task":5,"RecordNumber":2406,"ProcessID":0,"ThreadID":0,"Channel":"Windows PowerShell","Message":"Command \"Out-Default\" is Started. \r\n\r\nDetails: \r\n\tNewCommandState=Started\r\n\r\n\tSequenceNumber=121\r\n\r\n\tHostName=Windows PowerShell ISE Host\r\n\tHostVersion=5.1.14393.5582\r\n\tHostId=78b0ce87-a0f4-49b9-aee8-08d6d3937dd0\r\n\tHostApplication=C:\\Windows\\system32\\WindowsPowerShell\\v1.0\\PowerShell_ISE.exe\r\n\tEngineVersion=5.1.14393.5582\r\n\tRunspaceId=742848cb-1ed3-4bc7-95d6-a562da6a8d2d\r\n\tPipelineId=29\r\n\tCommandName=Out-Default\r\n\tCommandType=Cmdlet\r\n\tScriptName=\r\n\tCommandPath=\r\n\tCommandLine=","Category":"Command Lifecycle","Opcode":"Info","EventReceivedTime":1677865831,"SourceModuleName":"in_powershell","SourceModuleType":"im_msvistalog"}
<14>Mar  3 17:50:53 win-server.lunarstiiiness.com PowerShell[0]: {"EventTime":1677865852,"Hostname":"win-server.lunarstiiiness.com","Keywords":36028797018963968,"EventType":"INFO","SeverityValue":2,"Severity":"INFO","EventID":501,"SourceName":"PowerShell","Task":5,"RecordNumber":2435,"ProcessID":0,"ThreadID":0,"Channel":"Windows PowerShell","Message":"Command \"format-default\" is Stopped. \r\n\r\nDetails: \r\n\tNewCommandState=Stopped\r\n\r\n\tSequenceNumber=158\r\n\r\n\tHostName=Windows PowerShell ISE Host\r\n\tHostVersion=5.1.14393.5582\r\n\tHostId=78b0ce87-a0f4-49b9-aee8-08d6d3937dd0\r\n\tHostApplication=C:\\Windows\\system32\\WindowsPowerShell\\v1.0\\PowerShell_ISE.exe\r\n\tEngineVersion=5.1.14393.5582\r\n\tRunspaceId=742848cb-1ed3-4bc7-95d6-a562da6a8d2d\r\n\tPipelineId=29\r\n\tCommandName=format-default\r\n\tCommandType=Cmdlet\r\n\tScriptName=\r\n\tCommandPath=\r\n\tCommandLine=","Category":"Command Lifecycle","Opcode":"Info","EventReceivedTime":1677865853,"SourceModuleName":"in_powershell","SourceModuleType":"im_msvistalog"}
<14>Mar  3 17:50:53 win-server.lunarstiiiness.com PowerShell[0]: {"EventTime":1677865852,"Hostname":"win-server.lunarstiiiness.com","Keywords":36028797018963968,"EventType":"INFO","SeverityValue":2,"Severity":"INFO","EventID":501,"SourceName":"PowerShell","Task":5,"RecordNumber":2420,"ProcessID":0,"ThreadID":0,"Channel":"Windows PowerShell","Message":"Command \"Set-StrictMode\" is Stopped. \r\n\r\nDetails: \r\n\tNewCommandState=Stopped\r\n\r\n\tSequenceNumber=143\r\n\r\n\tHostName=Windows PowerShell ISE Host\r\n\tHostVersion=5.1.14393.5582\r\n\tHostId=78b0ce87-a0f4-49b9-aee8-08d6d3937dd0\r\n\tHostApplication=C:\\Windows\\system32\\WindowsPowerShell\\v1.0\\PowerShell_ISE.exe\r\n\tEngineVersion=5.1.14393.5582\r\n\tRunspaceId=742848cb-1ed3-4bc7-95d6-a562da6a8d2d\r\n\tPipelineId=29\r\n\tCommandName=Set-StrictMode\r\n\tCommandType=Cmdlet\r\n\tScriptName=\r\n\tCommandPath=\r\n\tCommandLine=                                        if ( & { Set-StrictMode -Version 1; $_.PSMessageDetails } ) {\r\n","Category":"Command Lifecycle","Opcode":"Info","EventReceivedTime":1677865853,"SourceModuleName":"in_powershell","SourceModuleType":"im_msvistalog"}
<14>Mar  3 17:50:53 win-server.lunarstiiiness.com PowerShell[0]: {"EventTime":1677865852,"Hostname":"win-server.lunarstiiiness.com","Keywords":36028797018963968,"EventType":"INFO","SeverityValue":2,"Severity":"INFO","EventID":501,"SourceName":"PowerShell","Task":5,"RecordNumber":2432,"ProcessID":0,"ThreadID":0,"Channel":"Windows PowerShell","Message":"Command \"Set-StrictMode\" is Stopped. \r\n\r\nDetails: \r\n\tNewCommandState=Stopped\r\n\r\n\tSequenceNumber=155\r\n\r\n\tHostName=Windows PowerShell ISE Host\r\n\tHostVersion=5.1.14393.5582\r\n\tHostId=78b0ce87-a0f4-49b9-aee8-08d6d3937dd0\r\n\tHostApplication=C:\\Windows\\system32\\WindowsPowerShell\\v1.0\\PowerShell_ISE.exe\r\n\tEngineVersion=5.1.14393.5582\r\n\tRunspaceId=742848cb-1ed3-4bc7-95d6-a562da6a8d2d\r\n\tPipelineId=29\r\n\tCommandName=Set-StrictMode\r\n\tCommandType=Cmdlet\r\n\tScriptName=\r\n\tCommandPath=\r\n\tCommandLine=                                        $originInfo = & { Set-StrictMode -Version 1; $_.OriginInfo }\r\n","Category":"Command Lifecycle","Opcode":"Info","EventReceivedTime":1677865853,"SourceModuleName":"in_powershell","SourceModuleType":"im_msvistalog"}
<14>Mar  3 17:50:53 win-server.lunarstiiiness.com PowerShell[0]: {"EventTime":1677865852,"Hostname":"win-server.lunarstiiiness.com","Keywords":36028797018963968,"EventType":"INFO","SeverityValue":2,"Severity":"INFO","EventID":501,"SourceName":"PowerShell","Task":5,"RecordNumber":2445,"ProcessID":0,"ThreadID":0,"Channel":"Windows PowerShell","Message":"Command \"format-default\" is Stopped. \r\n\r\nDetails: \r\n\tNewCommandState=Stopped\r\n\r\n\tSequenceNumber=168\r\n\r\n\tHostName=Windows PowerShell ISE Host\r\n\tHostVersion=5.1.14393.5582\r\n\tHostId=78b0ce87-a0f4-49b9-aee8-08d6d3937dd0\r\n\tHostApplication=C:\\Windows\\system32\\WindowsPowerShell\\v1.0\\PowerShell_ISE.exe\r\n\tEngineVersion=5.1.14393.5582\r\n\tRunspaceId=742848cb-1ed3-4bc7-95d6-a562da6a8d2d\r\n\tPipelineId=30\r\n\tCommandName=format-default\r\n\tCommandType=Cmdlet\r\n\tScriptName=\r\n\tCommandPath=\r\n\tCommandLine=","Category":"Command Lifecycle","Opcode":"Info","EventReceivedTime":1677865853,"SourceModuleName":"in_powershell","SourceModuleType":"im_msvistalog"}
<14>Mar  3 17:50:53 win-server.lunarstiiiness.com PowerShell[0]: {"EventTime":1677865852,"Hostname":"win-server.lunarstiiiness.com","Keywords":36028797018963968,"EventType":"INFO","SeverityValue":2,"Severity":"INFO","EventID":501,"SourceName":"PowerShell","Task":5,"RecordNumber":2429,"ProcessID":0,"ThreadID":0,"Channel":"Windows PowerShell","Message":"Command \"\" is Stopped. \r\n\r\nDetails: \r\n\tNewCommandState=Stopped\r\n\r\n\tSequenceNumber=152\r\n\r\n\tHostName=Windows PowerShell ISE Host\r\n\tHostVersion=5.1.14393.5582\r\n\tHostId=78b0ce87-a0f4-49b9-aee8-08d6d3937dd0\r\n\tHostApplication=C:\\Windows\\system32\\WindowsPowerShell\\v1.0\\PowerShell_ISE.exe\r\n\tEngineVersion=5.1.14393.5582\r\n\tRunspaceId=742848cb-1ed3-4bc7-95d6-a562da6a8d2d\r\n\tPipelineId=29\r\n\tCommandName=\r\n\tCommandType=Script\r\n\tScriptName=\r\n\tCommandPath=\r\n\tCommandLine=                                        $errorCategoryMsg = & { Set-StrictMode -Version 1; $_.ErrorCategory_Message }\r\n","Category":"Command Lifecycle","Opcode":"Info","EventReceivedTime":1677865853,"SourceModuleName":"in_powershell","SourceModuleType":"im_msvistalog"}
<14>Mar  3 17:50:53 win-server.lunarstiiiness.com PowerShell[0]: {"EventTime":1677865852,"Hostname":"win-server.lunarstiiiness.com","Keywords":36028797018963968,"EventType":"INFO","SeverityValue":2,"Severity":"INFO","EventID":501,"SourceName":"PowerShell","Task":5,"RecordNumber":2425,"ProcessID":0,"ThreadID":0,"Channel":"Windows PowerShell","Message":"Command \"\" is Stopped. \r\n\r\nDetails: \r\n\tNewCommandState=Stopped\r\n\r\n\tSequenceNumber=148\r\n\r\n\tHostName=Windows PowerShell ISE Host\r\n\tHostVersion=5.1.14393.5582\r\n\tHostId=78b0ce87-a0f4-49b9-aee8-08d6d3937dd0\r\n\tHostApplication=C:\\Windows\\system32\\WindowsPowerShell\\v1.0\\PowerShell_ISE.exe\r\n\tEngineVersion=5.1.14393.5582\r\n\tRunspaceId=742848cb-1ed3-4bc7-95d6-a562da6a8d2d\r\n\tPipelineId=29\r\n\tCommandName=\r\n\tCommandType=Script\r\n\tScriptName=\r\n\tCommandPath=\r\n\tCommandLine=                                        if ( & { Set-StrictMode -Version 1; $_.PSMessageDetails } ) {\r\n","Category":"Command Lifecycle","Opcode":"Info","EventReceivedTime":1677865853,"SourceModuleName":"in_powershell","SourceModuleType":"im_msvistalog"}
<14>Mar  3 17:50:53 win-server.lunarstiiiness.com PowerShell[0]: {"EventTime":1677865852,"Hostname":"win-server.lunarstiiiness.com","Keywords":36028797018963968,"EventType":"INFO","SeverityValue":2,"Severity":"INFO","EventID":501,"SourceName":"PowerShell","Task":5,"RecordNumber":2446,"ProcessID":0,"ThreadID":0,"Channel":"Windows PowerShell","Message":"Command \"out-lineoutput\" is Stopped. \r\n\r\nDetails: \r\n\tNewCommandState=Stopped\r\n\r\n\tSequenceNumber=169\r\n\r\n\tHostName=Windows PowerShell ISE Host\r\n\tHostVersion=5.1.14393.5582\r\n\tHostId=78b0ce87-a0f4-49b9-aee8-08d6d3937dd0\r\n\tHostApplication=C:\\Windows\\system32\\WindowsPowerShell\\v1.0\\PowerShell_ISE.exe\r\n\tEngineVersion=5.1.14393.5582\r\n\tRunspaceId=742848cb-1ed3-4bc7-95d6-a562da6a8d2d\r\n\tPipelineId=30\r\n\tCommandName=out-lineoutput\r\n\tCommandType=Cmdlet\r\n\tScriptName=\r\n\tCommandPath=\r\n\tCommandLine=","Category":"Command Lifecycle","Opcode":"Info","EventReceivedTime":1677865853,"SourceModuleName":"in_powershell","SourceModuleType":"im_msvistalog"}
<14>Mar  3 17:50:53 win-server.lunarstiiiness.com PowerShell[0]: {"EventTime":1677865852,"Hostname":"win-server.lunarstiiiness.com","Keywords":36028797018963968,"EventType":"INFO","SeverityValue":2,"Severity":"INFO","EventID":501,"SourceName":"PowerShell","Task":5,"RecordNumber":2436,"ProcessID":0,"ThreadID":0,"Channel":"Windows PowerShell","Message":"Command \"out-lineoutput\" is Stopped. \r\n\r\nDetails: \r\n\tNewCommandState=Stopped\r\n\r\n\tSequenceNumber=159\r\n\r\n\tHostName=Windows PowerShell ISE Host\r\n\tHostVersion=5.1.14393.5582\r\n\tHostId=78b0ce87-a0f4-49b9-aee8-08d6d3937dd0\r\n\tHostApplication=C:\\Windows\\system32\\WindowsPowerShell\\v1.0\\PowerShell_ISE.exe\r\n\tEngineVersion=5.1.14393.5582\r\n\tRunspaceId=742848cb-1ed3-4bc7-95d6-a562da6a8d2d\r\n\tPipelineId=29\r\n\tCommandName=out-lineoutput\r\n\tCommandType=Cmdlet\r\n\tScriptName=\r\n\tCommandPath=\r\n\tCommandLine=","Category":"Command Lifecycle","Opcode":"Info","EventReceivedTime":1677865853,"SourceModuleName":"in_powershell","SourceModuleType":"im_msvistalog"}
<14>Mar  3 17:50:53 win-server.lunarstiiiness.com PowerShell[0]: {"EventTime":1677865852,"Hostname":"win-server.lunarstiiiness.com","Keywords":36028797018963968,"EventType":"INFO","SeverityValue":2,"Severity":"INFO","EventID":501,"SourceName":"PowerShell","Task":5,"RecordNumber":2437,"ProcessID":0,"ThreadID":0,"Channel":"Windows PowerShell","Message":"Command \"Out-Default\" is Stopped. \r\n\r\nDetails: \r\n\tNewCommandState=Stopped\r\n\r\n\tSequenceNumber=160\r\n\r\n\tHostName=Windows PowerShell ISE Host\r\n\tHostVersion=5.1.14393.5582\r\n\tHostId=78b0ce87-a0f4-49b9-aee8-08d6d3937dd0\r\n\tHostApplication=C:\\Windows\\system32\\WindowsPowerShell\\v1.0\\PowerShell_ISE.exe\r\n\tEngineVersion=5.1.14393.5582\r\n\tRunspaceId=742848cb-1ed3-4bc7-95d6-a562da6a8d2d\r\n\tPipelineId=29\r\n\tCommandName=Out-Default\r\n\tCommandType=Cmdlet\r\n\tScriptName=\r\n\tCommandPath=\r\n\tCommandLine=","Category":"Command Lifecycle","Opcode":"Info","EventReceivedTime":1677865853,"SourceModuleName":"in_powershell","SourceModuleType":"im_msvistalog"}
<14>Mar  3 17:50:53 win-server.lunarstiiiness.com PowerShell[0]: {"EventTime":1677865852,"Hostname":"win-server.lunarstiiiness.com","Keywords":36028797018963968,"EventType":"INFO","SeverityValue":2,"Severity":"INFO","EventID":501,"SourceName":"PowerShell","Task":5,"RecordNumber":2447,"ProcessID":0,"ThreadID":0,"Channel":"Windows PowerShell","Message":"Command \"Out-Default\" is Stopped. \r\n\r\nDetails: \r\n\tNewCommandState=Stopped\r\n\r\n\tSequenceNumber=170\r\n\r\n\tHostName=Windows PowerShell ISE Host\r\n\tHostVersion=5.1.14393.5582\r\n\tHostId=78b0ce87-a0f4-49b9-aee8-08d6d3937dd0\r\n\tHostApplication=C:\\Windows\\system32\\WindowsPowerShell\\v1.0\\PowerShell_ISE.exe\r\n\tEngineVersion=5.1.14393.5582\r\n\tRunspaceId=742848cb-1ed3-4bc7-95d6-a562da6a8d2d\r\n\tPipelineId=30\r\n\tCommandName=Out-Default\r\n\tCommandType=Cmdlet\r\n\tScriptName=\r\n\tCommandPath=\r\n\tCommandLine=","Category":"Command Lifecycle","Opcode":"Info","EventReceivedTime":1677865853,"SourceModuleName":"in_powershell","SourceModuleType":"im_msvistalog"}
<14>Mar  3 17:50:53 win-server.lunarstiiiness.com PowerShell[0]: {"EventTime":1677865852,"Hostname":"win-server.lunarstiiiness.com","Keywords":36028797018963968,"EventType":"INFO","SeverityValue":2,"Severity":"INFO","EventID":501,"SourceName":"PowerShell","Task":5,"RecordNumber":2424,"ProcessID":0,"ThreadID":0,"Channel":"Windows PowerShell","Message":"Command \"\" is Stopped. \r\n\r\nDetails: \r\n\tNewCommandState=Stopped\r\n\r\n\tSequenceNumber=147\r\n\r\n\tHostName=Windows PowerShell ISE Host\r\n\tHostVersion=5.1.14393.5582\r\n\tHostId=78b0ce87-a0f4-49b9-aee8-08d6d3937dd0\r\n\tHostApplication=C:\\Windows\\system32\\WindowsPowerShell\\v1.0\\PowerShell_ISE.exe\r\n\tEngineVersion=5.1.14393.5582\r\n\tRunspaceId=742848cb-1ed3-4bc7-95d6-a562da6a8d2d\r\n\tPipelineId=29\r\n\tCommandName=\r\n\tCommandType=Script\r\n\tScriptName=\r\n\tCommandPath=\r\n\tCommandLine=& { Set-StrictMode -Version 1; $this.Exception.InnerException.PSMessageDetails }","Category":"Command Lifecycle","Opcode":"Info","EventReceivedTime":1677865853,"SourceModuleName":"in_powershell","SourceModuleType":"im_msvistalog"}
<14>Mar  3 17:50:53 win-server.lunarstiiiness.com PowerShell[0]: {"EventTime":1677865852,"Hostname":"win-server.lunarstiiiness.com","Keywords":36028797018963968,"EventType":"INFO","SeverityValue":2,"Severity":"INFO","EventID":501,"SourceName":"PowerShell","Task":5,"RecordNumber":2428,"ProcessID":0,"ThreadID":0,"Channel":"Windows PowerShell","Message":"Command \"Set-StrictMode\" is Stopped. \r\n\r\nDetails: \r\n\tNewCommandState=Stopped\r\n\r\n\tSequenceNumber=151\r\n\r\n\tHostName=Windows PowerShell ISE Host\r\n\tHostVersion=5.1.14393.5582\r\n\tHostId=78b0ce87-a0f4-49b9-aee8-08d6d3937dd0\r\n\tHostApplication=C:\\Windows\\system32\\WindowsPowerShell\\v1.0\\PowerShell_ISE.exe\r\n\tEngineVersion=5.1.14393.5582\r\n\tRunspaceId=742848cb-1ed3-4bc7-95d6-a562da6a8d2d\r\n\tPipelineId=29\r\n\tCommandName=Set-StrictMode\r\n\tCommandType=Cmdlet\r\n\tScriptName=\r\n\tCommandPath=\r\n\tCommandLine=                                        $errorCategoryMsg = & { Set-StrictMode -Version 1; $_.ErrorCategory_Message }\r\n","Category":"Command Lifecycle","Opcode":"Info","EventReceivedTime":1677865853,"SourceModuleName":"in_powershell","SourceModuleType":"im_msvistalog"}
<14>Mar  3 17:50:53 win-server.lunarstiiiness.com PowerShell[0]: {"EventTime":1677865852,"Hostname":"win-server.lunarstiiiness.com","Keywords":36028797018963968,"EventType":"INFO","SeverityValue":2,"Severity":"INFO","EventID":501,"SourceName":"PowerShell","Task":5,"RecordNumber":2423,"ProcessID":0,"ThreadID":0,"Channel":"Windows PowerShell","Message":"Command \"Set-StrictMode\" is Stopped. \r\n\r\nDetails: \r\n\tNewCommandState=Stopped\r\n\r\n\tSequenceNumber=146\r\n\r\n\tHostName=Windows PowerShell ISE Host\r\n\tHostVersion=5.1.14393.5582\r\n\tHostId=78b0ce87-a0f4-49b9-aee8-08d6d3937dd0\r\n\tHostApplication=C:\\Windows\\system32\\WindowsPowerShell\\v1.0\\PowerShell_ISE.exe\r\n\tEngineVersion=5.1.14393.5582\r\n\tRunspaceId=742848cb-1ed3-4bc7-95d6-a562da6a8d2d\r\n\tPipelineId=29\r\n\tCommandName=Set-StrictMode\r\n\tCommandType=Cmdlet\r\n\tScriptName=\r\n\tCommandPath=\r\n\tCommandLine=& { Set-StrictMode -Version 1; $this.Exception.InnerException.PSMessageDetails }","Category":"Command Lifecycle","Opcode":"Info","EventReceivedTime":1677865853,"SourceModuleName":"in_powershell","SourceModuleType":"im_msvistalog"}
<14>Mar  3 17:50:53 win-server.lunarstiiiness.com PowerShell[0]: {"EventTime":1677865852,"Hostname":"win-server.lunarstiiiness.com","Keywords":36028797018963968,"EventType":"INFO","SeverityValue":2,"Severity":"INFO","EventID":501,"SourceName":"PowerShell","Task":5,"RecordNumber":2433,"ProcessID":0,"ThreadID":0,"Channel":"Windows PowerShell","Message":"Command \"\" is Stopped. \r\n\r\nDetails: \r\n\tNewCommandState=Stopped\r\n\r\n\tSequenceNumber=156\r\n\r\n\tHostName=Windows PowerShell ISE Host\r\n\tHostVersion=5.1.14393.5582\r\n\tHostId=78b0ce87-a0f4-49b9-aee8-08d6d3937dd0\r\n\tHostApplication=C:\\Windows\\system32\\WindowsPowerShell\\v1.0\\PowerShell_ISE.exe\r\n\tEngineVersion=5.1.14393.5582\r\n\tRunspaceId=742848cb-1ed3-4bc7-95d6-a562da6a8d2d\r\n\tPipelineId=29\r\n\tCommandName=\r\n\tCommandType=Script\r\n\tScriptName=\r\n\tCommandPath=\r\n\tCommandLine=                                        $originInfo = & { Set-StrictMode -Version 1; $_.OriginInfo }\r\n","Category":"Command Lifecycle","Opcode":"Info","EventReceivedTime":1677865853,"SourceModuleName":"in_powershell","SourceModuleType":"im_msvistalog"}
<14>Mar  3 17:50:53 win-server.lunarstiiiness.com PowerShell[0]: {"EventTime":1677865852,"Hostname":"win-server.lunarstiiiness.com","Keywords":36028797018963968,"EventType":"INFO","SeverityValue":2,"Severity":"INFO","EventID":501,"SourceName":"PowerShell","Task":5,"RecordNumber":2444,"ProcessID":0,"ThreadID":0,"Channel":"Windows PowerShell","Message":"Command \"\" is Stopped. \r\n\r\nDetails: \r\n\tNewCommandState=Stopped\r\n\r\n\tSequenceNumber=167\r\n\r\n\tHostName=Windows PowerShell ISE Host\r\n\tHostVersion=5.1.14393.5582\r\n\tHostId=78b0ce87-a0f4-49b9-aee8-08d6d3937dd0\r\n\tHostApplication=C:\\Windows\\system32\\WindowsPowerShell\\v1.0\\PowerShell_ISE.exe\r\n\tEngineVersion=5.1.14393.5582\r\n\tRunspaceId=742848cb-1ed3-4bc7-95d6-a562da6a8d2d\r\n\tPipelineId=30\r\n\tCommandName=\r\n\tCommandType=Script\r\n\tScriptName=\r\n\tCommandPath=\r\n\tCommandLine=","Category":"Command Lifecycle","Opcode":"Info","EventReceivedTime":1677865853,"SourceModuleName":"in_powershell","SourceModuleType":"im_msvistalog"}
<14>Mar  3 17:50:53 win-server.lunarstiiiness.com PowerShell[0]: {"EventTime":1677865852,"Hostname":"win-server.lunarstiiiness.com","Keywords":36028797018963968,"EventType":"INFO","SeverityValue":2,"Severity":"INFO","EventID":501,"SourceName":"PowerShell","Task":5,"RecordNumber":2434,"ProcessID":0,"ThreadID":0,"Channel":"Windows PowerShell","Message":"Command \"\" is Stopped. \r\n\r\nDetails: \r\n\tNewCommandState=Stopped\r\n\r\n\tSequenceNumber=157\r\n\r\n\tHostName=Windows PowerShell ISE Host\r\n\tHostVersion=5.1.14393.5582\r\n\tHostId=78b0ce87-a0f4-49b9-aee8-08d6d3937dd0\r\n\tHostApplication=C:\\Windows\\system32\\WindowsPowerShell\\v1.0\\PowerShell_ISE.exe\r\n\tEngineVersion=5.1.14393.5582\r\n\tRunspaceId=742848cb-1ed3-4bc7-95d6-a562da6a8d2d\r\n\tPipelineId=29\r\n\tCommandName=\r\n\tCommandType=Script\r\n\tScriptName=\r\n\tCommandPath=\r\n\tCommandLine=","Category":"Command Lifecycle","Opcode":"Info","EventReceivedTime":1677865853,"SourceModuleName":"in_powershell","SourceModuleType":"im_msvistalog"}
<14>Mar  3 17:50:53 win-server.lunarstiiiness.com PowerShell[0]: {"EventTime":1677865852,"Hostname":"win-server.lunarstiiiness.com","Keywords":36028797018963968,"EventType":"INFO","SeverityValue":2,"Severity":"INFO","EventID":501,"SourceName":"PowerShell","Task":5,"RecordNumber":2443,"ProcessID":0,"ThreadID":0,"Channel":"Windows PowerShell","Message":"Command \"prompt\" is Stopped. \r\n\r\nDetails: \r\n\tNewCommandState=Stopped\r\n\r\n\tSequenceNumber=166\r\n\r\n\tHostName=Windows PowerShell ISE Host\r\n\tHostVersion=5.1.14393.5582\r\n\tHostId=78b0ce87-a0f4-49b9-aee8-08d6d3937dd0\r\n\tHostApplication=C:\\Windows\\system32\\WindowsPowerShell\\v1.0\\PowerShell_ISE.exe\r\n\tEngineVersion=5.1.14393.5582\r\n\tRunspaceId=742848cb-1ed3-4bc7-95d6-a562da6a8d2d\r\n\tPipelineId=30\r\n\tCommandName=prompt\r\n\tCommandType=Function\r\n\tScriptName=\r\n\tCommandPath=\r\n\tCommandLine=prompt","Category":"Command Lifecycle","Opcode":"Info","EventReceivedTime":1677865853,"SourceModuleName":"in_powershell","SourceModuleType":"im_msvistalog"}
<14>Mar  3 17:50:53 win-server.lunarstiiiness.com PowerShell[0]: {"EventTime":1677865852,"Hostname":"win-server.lunarstiiiness.com","Keywords":36028797018963968,"EventType":"INFO","SeverityValue":2,"Severity":"INFO","EventID":500,"SourceName":"PowerShell","Task":5,"RecordNumber":2442,"ProcessID":0,"ThreadID":0,"Channel":"Windows PowerShell","Message":"Command \"format-default\" is Started. \r\n\r\nDetails: \r\n\tNewCommandState=Started\r\n\r\n\tSequenceNumber=165\r\n\r\n\tHostName=Windows PowerShell ISE Host\r\n\tHostVersion=5.1.14393.5582\r\n\tHostId=78b0ce87-a0f4-49b9-aee8-08d6d3937dd0\r\n\tHostApplication=C:\\Windows\\system32\\WindowsPowerShell\\v1.0\\PowerShell_ISE.exe\r\n\tEngineVersion=5.1.14393.5582\r\n\tRunspaceId=742848cb-1ed3-4bc7-95d6-a562da6a8d2d\r\n\tPipelineId=30\r\n\tCommandName=format-default\r\n\tCommandType=Cmdlet\r\n\tScriptName=\r\n\tCommandPath=\r\n\tCommandLine=","Category":"Command Lifecycle","Opcode":"Info","EventReceivedTime":1677865853,"SourceModuleName":"in_powershell","SourceModuleType":"im_msvistalog"}
<14>Mar  3 17:50:53 win-server.lunarstiiiness.com PowerShell[0]: {"EventTime":1677865852,"Hostname":"win-server.lunarstiiiness.com","Keywords":36028797018963968,"EventType":"INFO","SeverityValue":2,"Severity":"INFO","EventID":500,"SourceName":"PowerShell","Task":5,"RecordNumber":2416,"ProcessID":0,"ThreadID":0,"Channel":"Windows PowerShell","Message":"Command \"out-lineoutput\" is Started. \r\n\r\nDetails: \r\n\tNewCommandState=Started\r\n\r\n\tSequenceNumber=139\r\n\r\n\tHostName=Windows PowerShell ISE Host\r\n\tHostVersion=5.1.14393.5582\r\n\tHostId=78b0ce87-a0f4-49b9-aee8-08d6d3937dd0\r\n\tHostApplication=C:\\Windows\\system32\\WindowsPowerShell\\v1.0\\PowerShell_ISE.exe\r\n\tEngineVersion=5.1.14393.5582\r\n\tRunspaceId=742848cb-1ed3-4bc7-95d6-a562da6a8d2d\r\n\tPipelineId=29\r\n\tCommandName=out-lineoutput\r\n\tCommandType=Cmdlet\r\n\tScriptName=\r\n\tCommandPath=\r\n\tCommandLine=","Category":"Command Lifecycle","Opcode":"Info","EventReceivedTime":1677865853,"SourceModuleName":"in_powershell","SourceModuleType":"im_msvistalog"}
<14>Mar  3 17:50:53 win-server.lunarstiiiness.com PowerShell[0]: {"EventTime":1677865852,"Hostname":"win-server.lunarstiiiness.com","Keywords":36028797018963968,"EventType":"INFO","SeverityValue":2,"Severity":"INFO","EventID":500,"SourceName":"PowerShell","Task":5,"RecordNumber":2419,"ProcessID":0,"ThreadID":0,"Channel":"Windows PowerShell","Message":"Command \"Set-StrictMode\" is Started. \r\n\r\nDetails: \r\n\tNewCommandState=Started\r\n\r\n\tSequenceNumber=142\r\n\r\n\tHostName=Windows PowerShell ISE Host\r\n\tHostVersion=5.1.14393.5582\r\n\tHostId=78b0ce87-a0f4-49b9-aee8-08d6d3937dd0\r\n\tHostApplication=C:\\Windows\\system32\\WindowsPowerShell\\v1.0\\PowerShell_ISE.exe\r\n\tEngineVersion=5.1.14393.5582\r\n\tRunspaceId=742848cb-1ed3-4bc7-95d6-a562da6a8d2d\r\n\tPipelineId=29\r\n\tCommandName=Set-StrictMode\r\n\tCommandType=Cmdlet\r\n\tScriptName=\r\n\tCommandPath=\r\n\tCommandLine=                                        if ( & { Set-StrictMode -Version 1; $_.PSMessageDetails } ) {\r\n","Category":"Command Lifecycle","Opcode":"Info","EventReceivedTime":1677865853,"SourceModuleName":"in_powershell","SourceModuleType":"im_msvistalog"}
<14>Mar  3 17:50:53 win-server.lunarstiiiness.com PowerShell[0]: {"EventTime":1677865852,"Hostname":"win-server.lunarstiiiness.com","Keywords":36028797018963968,"EventType":"INFO","SeverityValue":2,"Severity":"INFO","EventID":500,"SourceName":"PowerShell","Task":5,"RecordNumber":2440,"ProcessID":0,"ThreadID":0,"Channel":"Windows PowerShell","Message":"Command \"prompt\" is Started. \r\n\r\nDetails: \r\n\tNewCommandState=Started\r\n\r\n\tSequenceNumber=163\r\n\r\n\tHostName=Windows PowerShell ISE Host\r\n\tHostVersion=5.1.14393.5582\r\n\tHostId=78b0ce87-a0f4-49b9-aee8-08d6d3937dd0\r\n\tHostApplication=C:\\Windows\\system32\\WindowsPowerShell\\v1.0\\PowerShell_ISE.exe\r\n\tEngineVersion=5.1.14393.5582\r\n\tRunspaceId=742848cb-1ed3-4bc7-95d6-a562da6a8d2d\r\n\tPipelineId=30\r\n\tCommandName=prompt\r\n\tCommandType=Function\r\n\tScriptName=\r\n\tCommandPath=\r\n\tCommandLine=prompt","Category":"Command Lifecycle","Opcode":"Info","EventReceivedTime":1677865853,"SourceModuleName":"in_powershell","SourceModuleType":"im_msvistalog"}
<14>Mar  3 17:50:53 win-server.lunarstiiiness.com PowerShell[0]: {"EventTime":1677865852,"Hostname":"win-server.lunarstiiiness.com","Keywords":36028797018963968,"EventType":"INFO","SeverityValue":2,"Severity":"INFO","EventID":500,"SourceName":"PowerShell","Task":5,"RecordNumber":2422,"ProcessID":0,"ThreadID":0,"Channel":"Windows PowerShell","Message":"Command \"Set-StrictMode\" is Started. \r\n\r\nDetails: \r\n\tNewCommandState=Started\r\n\r\n\tSequenceNumber=145\r\n\r\n\tHostName=Windows PowerShell ISE Host\r\n\tHostVersion=5.1.14393.5582\r\n\tHostId=78b0ce87-a0f4-49b9-aee8-08d6d3937dd0\r\n\tHostApplication=C:\\Windows\\system32\\WindowsPowerShell\\v1.0\\PowerShell_ISE.exe\r\n\tEngineVersion=5.1.14393.5582\r\n\tRunspaceId=742848cb-1ed3-4bc7-95d6-a562da6a8d2d\r\n\tPipelineId=29\r\n\tCommandName=Set-StrictMode\r\n\tCommandType=Cmdlet\r\n\tScriptName=\r\n\tCommandPath=\r\n\tCommandLine=& { Set-StrictMode -Version 1; $this.Exception.InnerException.PSMessageDetails }","Category":"Command Lifecycle","Opcode":"Info","EventReceivedTime":1677865853,"SourceModuleName":"in_powershell","SourceModuleType":"im_msvistalog"}
<14>Mar  3 17:50:53 win-server.lunarstiiiness.com PowerShell[0]: {"EventTime":1677865852,"Hostname":"win-server.lunarstiiiness.com","Keywords":36028797018963968,"EventType":"INFO","SeverityValue":2,"Severity":"INFO","EventID":500,"SourceName":"PowerShell","Task":5,"RecordNumber":2439,"ProcessID":0,"ThreadID":0,"Channel":"Windows PowerShell","Message":"Command \"Out-Default\" is Started. \r\n\r\nDetails: \r\n\tNewCommandState=Started\r\n\r\n\tSequenceNumber=162\r\n\r\n\tHostName=Windows PowerShell ISE Host\r\n\tHostVersion=5.1.14393.5582\r\n\tHostId=78b0ce87-a0f4-49b9-aee8-08d6d3937dd0\r\n\tHostApplication=C:\\Windows\\system32\\WindowsPowerShell\\v1.0\\PowerShell_ISE.exe\r\n\tEngineVersion=5.1.14393.5582\r\n\tRunspaceId=742848cb-1ed3-4bc7-95d6-a562da6a8d2d\r\n\tPipelineId=30\r\n\tCommandName=Out-Default\r\n\tCommandType=Cmdlet\r\n\tScriptName=\r\n\tCommandPath=\r\n\tCommandLine=","Category":"Command Lifecycle","Opcode":"Info","EventReceivedTime":1677865853,"SourceModuleName":"in_powershell","SourceModuleType":"im_msvistalog"}
<14>Mar  3 17:50:53 win-server.lunarstiiiness.com PowerShell[0]: {"EventTime":1677865852,"Hostname":"win-server.lunarstiiiness.com","Keywords":36028797018963968,"EventType":"INFO","SeverityValue":2,"Severity":"INFO","EventID":500,"SourceName":"PowerShell","Task":5,"RecordNumber":2430,"ProcessID":0,"ThreadID":0,"Channel":"Windows PowerShell","Message":"Command \"\" is Started. \r\n\r\nDetails: \r\n\tNewCommandState=Started\r\n\r\n\tSequenceNumber=153\r\n\r\n\tHostName=Windows PowerShell ISE Host\r\n\tHostVersion=5.1.14393.5582\r\n\tHostId=78b0ce87-a0f4-49b9-aee8-08d6d3937dd0\r\n\tHostApplication=C:\\Windows\\system32\\WindowsPowerShell\\v1.0\\PowerShell_ISE.exe\r\n\tEngineVersion=5.1.14393.5582\r\n\tRunspaceId=742848cb-1ed3-4bc7-95d6-a562da6a8d2d\r\n\tPipelineId=29\r\n\tCommandName=\r\n\tCommandType=Script\r\n\tScriptName=\r\n\tCommandPath=\r\n\tCommandLine=                                        $originInfo = & { Set-StrictMode -Version 1; $_.OriginInfo }\r\n","Category":"Command Lifecycle","Opcode":"Info","EventReceivedTime":1677865853,"SourceModuleName":"in_powershell","SourceModuleType":"im_msvistalog"}
<14>Mar  3 17:50:53 win-server.lunarstiiiness.com PowerShell[0]: {"EventTime":1677865852,"Hostname":"win-server.lunarstiiiness.com","Keywords":36028797018963968,"EventType":"INFO","SeverityValue":2,"Severity":"INFO","EventID":500,"SourceName":"PowerShell","Task":5,"RecordNumber":2426,"ProcessID":0,"ThreadID":0,"Channel":"Windows PowerShell","Message":"Command \"\" is Started. \r\n\r\nDetails: \r\n\tNewCommandState=Started\r\n\r\n\tSequenceNumber=149\r\n\r\n\tHostName=Windows PowerShell ISE Host\r\n\tHostVersion=5.1.14393.5582\r\n\tHostId=78b0ce87-a0f4-49b9-aee8-08d6d3937dd0\r\n\tHostApplication=C:\\Windows\\system32\\WindowsPowerShell\\v1.0\\PowerShell_ISE.exe\r\n\tEngineVersion=5.1.14393.5582\r\n\tRunspaceId=742848cb-1ed3-4bc7-95d6-a562da6a8d2d\r\n\tPipelineId=29\r\n\tCommandName=\r\n\tCommandType=Script\r\n\tScriptName=\r\n\tCommandPath=\r\n\tCommandLine=                                        $errorCategoryMsg = & { Set-StrictMode -Version 1; $_.ErrorCategory_Message }\r\n","Category":"Command Lifecycle","Opcode":"Info","EventReceivedTime":1677865853,"SourceModuleName":"in_powershell","SourceModuleType":"im_msvistalog"}
<14>Mar  3 17:50:53 win-server.lunarstiiiness.com PowerShell[0]: {"EventTime":1677865852,"Hostname":"win-server.lunarstiiiness.com","Keywords":36028797018963968,"EventType":"INFO","SeverityValue":2,"Severity":"INFO","EventID":500,"SourceName":"PowerShell","Task":5,"RecordNumber":2427,"ProcessID":0,"ThreadID":0,"Channel":"Windows PowerShell","Message":"Command \"Set-StrictMode\" is Started. \r\n\r\nDetails: \r\n\tNewCommandState=Started\r\n\r\n\tSequenceNumber=150\r\n\r\n\tHostName=Windows PowerShell ISE Host\r\n\tHostVersion=5.1.14393.5582\r\n\tHostId=78b0ce87-a0f4-49b9-aee8-08d6d3937dd0\r\n\tHostApplication=C:\\Windows\\system32\\WindowsPowerShell\\v1.0\\PowerShell_ISE.exe\r\n\tEngineVersion=5.1.14393.5582\r\n\tRunspaceId=742848cb-1ed3-4bc7-95d6-a562da6a8d2d\r\n\tPipelineId=29\r\n\tCommandName=Set-StrictMode\r\n\tCommandType=Cmdlet\r\n\tScriptName=\r\n\tCommandPath=\r\n\tCommandLine=                                        $errorCategoryMsg = & { Set-StrictMode -Version 1; $_.ErrorCategory_Message }\r\n","Category":"Command Lifecycle","Opcode":"Info","EventReceivedTime":1677865853,"SourceModuleName":"in_powershell","SourceModuleType":"im_msvistalog"}
<14>Mar  3 17:50:53 win-server.lunarstiiiness.com PowerShell[0]: {"EventTime":1677865852,"Hostname":"win-server.lunarstiiiness.com","Keywords":36028797018963968,"EventType":"INFO","SeverityValue":2,"Severity":"INFO","EventID":500,"SourceName":"PowerShell","Task":5,"RecordNumber":2438,"ProcessID":0,"ThreadID":0,"Channel":"Windows PowerShell","Message":"Command \"\" is Started. \r\n\r\nDetails: \r\n\tNewCommandState=Started\r\n\r\n\tSequenceNumber=161\r\n\r\n\tHostName=Windows PowerShell ISE Host\r\n\tHostVersion=5.1.14393.5582\r\n\tHostId=78b0ce87-a0f4-49b9-aee8-08d6d3937dd0\r\n\tHostApplication=C:\\Windows\\system32\\WindowsPowerShell\\v1.0\\PowerShell_ISE.exe\r\n\tEngineVersion=5.1.14393.5582\r\n\tRunspaceId=742848cb-1ed3-4bc7-95d6-a562da6a8d2d\r\n\tPipelineId=30\r\n\tCommandName=\r\n\tCommandType=Script\r\n\tScriptName=\r\n\tCommandPath=\r\n\tCommandLine=","Category":"Command Lifecycle","Opcode":"Info","EventReceivedTime":1677865853,"SourceModuleName":"in_powershell","SourceModuleType":"im_msvistalog"}
<14>Mar  3 17:50:53 win-server.lunarstiiiness.com PowerShell[0]: {"EventTime":1677865852,"Hostname":"win-server.lunarstiiiness.com","Keywords":36028797018963968,"EventType":"INFO","SeverityValue":2,"Severity":"INFO","EventID":500,"SourceName":"PowerShell","Task":5,"RecordNumber":2431,"ProcessID":0,"ThreadID":0,"Channel":"Windows PowerShell","Message":"Command \"Set-StrictMode\" is Started. \r\n\r\nDetails: \r\n\tNewCommandState=Started\r\n\r\n\tSequenceNumber=154\r\n\r\n\tHostName=Windows PowerShell ISE Host\r\n\tHostVersion=5.1.14393.5582\r\n\tHostId=78b0ce87-a0f4-49b9-aee8-08d6d3937dd0\r\n\tHostApplication=C:\\Windows\\system32\\WindowsPowerShell\\v1.0\\PowerShell_ISE.exe\r\n\tEngineVersion=5.1.14393.5582\r\n\tRunspaceId=742848cb-1ed3-4bc7-95d6-a562da6a8d2d\r\n\tPipelineId=29\r\n\tCommandName=Set-StrictMode\r\n\tCommandType=Cmdlet\r\n\tScriptName=\r\n\tCommandPath=\r\n\tCommandLine=                                        $originInfo = & { Set-StrictMode -Version 1; $_.OriginInfo }\r\n","Category":"Command Lifecycle","Opcode":"Info","EventReceivedTime":1677865853,"SourceModuleName":"in_powershell","SourceModuleType":"im_msvistalog"}
<14>Mar  3 17:50:53 win-server.lunarstiiiness.com PowerShell[0]: {"EventTime":1677865852,"Hostname":"win-server.lunarstiiiness.com","Keywords":36028797018963968,"EventType":"INFO","SeverityValue":2,"Severity":"INFO","EventID":500,"SourceName":"PowerShell","Task":5,"RecordNumber":2441,"ProcessID":0,"ThreadID":0,"Channel":"Windows PowerShell","Message":"Command \"out-lineoutput\" is Started. \r\n\r\nDetails: \r\n\tNewCommandState=Started\r\n\r\n\tSequenceNumber=164\r\n\r\n\tHostName=Windows PowerShell ISE Host\r\n\tHostVersion=5.1.14393.5582\r\n\tHostId=78b0ce87-a0f4-49b9-aee8-08d6d3937dd0\r\n\tHostApplication=C:\\Windows\\system32\\WindowsPowerShell\\v1.0\\PowerShell_ISE.exe\r\n\tEngineVersion=5.1.14393.5582\r\n\tRunspaceId=742848cb-1ed3-4bc7-95d6-a562da6a8d2d\r\n\tPipelineId=30\r\n\tCommandName=out-lineoutput\r\n\tCommandType=Cmdlet\r\n\tScriptName=\r\n\tCommandPath=\r\n\tCommandLine=","Category":"Command Lifecycle","Opcode":"Info","EventReceivedTime":1677865853,"SourceModuleName":"in_powershell","SourceModuleType":"im_msvistalog"}
<14>Mar  3 17:50:53 win-server.lunarstiiiness.com PowerShell[0]: {"EventTime":1677865852,"Hostname":"win-server.lunarstiiiness.com","Keywords":36028797018963968,"EventType":"INFO","SeverityValue":2,"Severity":"INFO","EventID":500,"SourceName":"PowerShell","Task":5,"RecordNumber":2417,"ProcessID":0,"ThreadID":0,"Channel":"Windows PowerShell","Message":"Command \"format-default\" is Started. \r\n\r\nDetails: \r\n\tNewCommandState=Started\r\n\r\n\tSequenceNumber=140\r\n\r\n\tHostName=Windows PowerShell ISE Host\r\n\tHostVersion=5.1.14393.5582\r\n\tHostId=78b0ce87-a0f4-49b9-aee8-08d6d3937dd0\r\n\tHostApplication=C:\\Windows\\system32\\WindowsPowerShell\\v1.0\\PowerShell_ISE.exe\r\n\tEngineVersion=5.1.14393.5582\r\n\tRunspaceId=742848cb-1ed3-4bc7-95d6-a562da6a8d2d\r\n\tPipelineId=29\r\n\tCommandName=format-default\r\n\tCommandType=Cmdlet\r\n\tScriptName=\r\n\tCommandPath=\r\n\tCommandLine=","Category":"Command Lifecycle","Opcode":"Info","EventReceivedTime":1677865853,"SourceModuleName":"in_powershell","SourceModuleType":"im_msvistalog"}
<14>Mar  3 17:50:53 win-server.lunarstiiiness.com PowerShell[0]: {"EventTime":1677865852,"Hostname":"win-server.lunarstiiiness.com","Keywords":36028797018963968,"EventType":"INFO","SeverityValue":2,"Severity":"INFO","EventID":500,"SourceName":"PowerShell","Task":5,"RecordNumber":2418,"ProcessID":0,"ThreadID":0,"Channel":"Windows PowerShell","Message":"Command \"\" is Started. \r\n\r\nDetails: \r\n\tNewCommandState=Started\r\n\r\n\tSequenceNumber=141\r\n\r\n\tHostName=Windows PowerShell ISE Host\r\n\tHostVersion=5.1.14393.5582\r\n\tHostId=78b0ce87-a0f4-49b9-aee8-08d6d3937dd0\r\n\tHostApplication=C:\\Windows\\system32\\WindowsPowerShell\\v1.0\\PowerShell_ISE.exe\r\n\tEngineVersion=5.1.14393.5582\r\n\tRunspaceId=742848cb-1ed3-4bc7-95d6-a562da6a8d2d\r\n\tPipelineId=29\r\n\tCommandName=\r\n\tCommandType=Script\r\n\tScriptName=\r\n\tCommandPath=\r\n\tCommandLine=                                        if ( & { Set-StrictMode -Version 1; $_.PSMessageDetails } ) {\r\n","Category":"Command Lifecycle","Opcode":"Info","EventReceivedTime":1677865853,"SourceModuleName":"in_powershell","SourceModuleType":"im_msvistalog"}
