<14>Mar  3 17:53:46 win-server.lunarstiiiness.com PowerShell[0]: {"EventTime":1677866025,"Hostname":"win-server.lunarstiiiness.com","Keywords":36028797018963968,"EventType":"INFO","SeverityValue":2,"Severity":"INFO","EventID":501,"SourceName":"PowerShell","Task":5,"RecordNumber":2671,"ProcessID":0,"ThreadID":0,"Channel":"Windows PowerShell","Message":"Command \"Out-Default\" is Stopped. \r\n\r\nDetails: \r\n\tNewCommandState=Stopped\r\n\r\n\tSequenceNumber=426\r\n\r\n\tHostName=Windows PowerShell ISE Host\r\n\tHostVersion=5.1.14393.5582\r\n\tHostId=78b0ce87-a0f4-49b9-aee8-08d6d3937dd0\r\n\tHostApplication=C:\\Windows\\system32\\WindowsPowerShell\\v1.0\\PowerShell_ISE.exe\r\n\tEngineVersion=5.1.14393.5582\r\n\tRunspaceId=742848cb-1ed3-4bc7-95d6-a562da6a8d2d\r\n\tPipelineId=68\r\n\tCommandName=Out-Default\r\n\tCommandType=Cmdlet\r\n\tScriptName=\r\n\tCommandPath=\r\n\tCommandLine=","Category":"Command Lifecycle","Opcode":"Info","EventReceivedTime":1677866026,"SourceModuleName":"in_powershell","SourceModuleType":"im_msvistalog"}
<14>Mar  3 17:53:46 win-server.lunarstiiiness.com PowerShell[0]: {"EventTime":1677866025,"Hostname":"win-server.lunarstiiiness.com","Keywords":36028797018963968,"EventType":"INFO","SeverityValue":2,"Severity":"INFO","EventID":501,"SourceName":"PowerShell","Task":5,"RecordNumber":2670,"ProcessID":0,"ThreadID":0,"Channel":"Windows PowerShell","Message":"Command \"out-lineoutput\" is Stopped. \r\n\r\nDetails: \r\n\tNewCommandState=Stopped\r\n\r\n\tSequenceNumber=425\r\n\r\n\tHostName=Windows PowerShell ISE Host\r\n\tHostVersion=5.1.14393.5582\r\n\tHostId=78b0ce87-a0f4-49b9-aee8-08d6d3937dd0\r\n\tHostApplication=C:\\Windows\\system32\\WindowsPowerShell\\v1.0\\PowerShell_ISE.exe\r\n\tEngineVersion=5.1.14393.5582\r\n\tRunspaceId=742848cb-1ed3-4bc7-95d6-a562da6a8d2d\r\n\tPipelineId=68\r\n\tCommandName=out-lineoutput\r\n\tCommandType=Cmdlet\r\n\tScriptName=\r\n\tCommandPath=\r\n\tCommandLine=","Category":"Command Lifecycle","Opcode":"Info","EventReceivedTime":1677866026,"SourceModuleName":"in_powershell","SourceModuleType":"im_msvistalog"}
<14>Mar  3 17:53:46 win-server.lunarstiiiness.com PowerShell[0]: {"EventTime":1677866025,"Hostname":"win-server.lunarstiiiness.com","Keywords":36028797018963968,"EventType":"INFO","SeverityValue":2,"Severity":"INFO","EventID":501,"SourceName":"PowerShell","Task":5,"RecordNumber":2663,"ProcessID":0,"ThreadID":0,"Channel":"Windows PowerShell","Message":"Command \"\" is Stopped. \r\n\r\nDetails: \r\n\tNewCommandState=Stopped\r\n\r\n\tSequenceNumber=418\r\n\r\n\tHostName=Windows PowerShell ISE Host\r\n\tHostVersion=5.1.14393.5582\r\n\tHostId=78b0ce87-a0f4-49b9-aee8-08d6d3937dd0\r\n\tHostApplication=C:\\Windows\\system32\\WindowsPowerShell\\v1.0\\PowerShell_ISE.exe\r\n\tEngineVersion=5.1.14393.5582\r\n\tRunspaceId=742848cb-1ed3-4bc7-95d6-a562da6a8d2d\r\n\tPipelineId=68\r\n\tCommandName=\r\n\tCommandType=Script\r\n\tScriptName=\r\n\tCommandPath=\r\n\tCommandLine=                                        $errorCategoryMsg = & { Set-StrictMode -Version 1; $_.ErrorCategory_Message }\r\n","Category":"Command Lifecycle","Opcode":"Info","EventReceivedTime":1677866026,"SourceModuleName":"in_powershell","SourceModuleType":"im_msvistalog"}
<14>Mar  3 17:53:46 win-server.lunarstiiiness.com PowerShell[0]: {"EventTime":1677866025,"Hostname":"win-server.lunarstiiiness.com","Keywords":36028797018963968,"EventType":"INFO","SeverityValue":2,"Severity":"INFO","EventID":501,"SourceName":"PowerShell","Task":5,"RecordNumber":2654,"ProcessID":0,"ThreadID":0,"Channel":"Windows PowerShell","Message":"Command \"Set-StrictMode\" is Stopped. \r\n\r\nDetails: \r\n\tNewCommandState=Stopped\r\n\r\n\tSequenceNumber=409\r\n\r\n\tHostName=Windows PowerShell ISE Host\r\n\tHostVersion=5.1.14393.5582\r\n\tHostId=78b0ce87-a0f4-49b9-aee8-08d6d3937dd0\r\n\tHostApplication=C:\\Windows\\system32\\WindowsPowerShell\\v1.0\\PowerShell_ISE.exe\r\n\tEngineVersion=5.1.14393.5582\r\n\tRunspaceId=742848cb-1ed3-4bc7-95d6-a562da6a8d2d\r\n\tPipelineId=68\r\n\tCommandName=Set-StrictMode\r\n\tCommandType=Cmdlet\r\n\tScriptName=\r\n\tCommandPath=\r\n\tCommandLine=                                        if ( & { Set-StrictMode -Version 1; $_.PSMessageDetails } ) {\r\n","Category":"Command Lifecycle","Opcode":"Info","EventReceivedTime":1677866026,"SourceModuleName":"in_powershell","SourceModuleType":"im_msvistalog"}
<14>Mar  3 17:53:46 win-server.lunarstiiiness.com PowerShell[0]: {"EventTime":1677866025,"Hostname":"win-server.lunarstiiiness.com","Keywords":36028797018963968,"EventType":"INFO","SeverityValue":2,"Severity":"INFO","EventID":600,"SourceName":"PowerShell","Task":6,"RecordNumber":2644,"ProcessID":0,"ThreadID":0,"Channel":"Windows PowerShell","Message":"Provider \"Alias\" is Started. \r\n\r\nDetails: \r\n\tProviderName=Alias\r\n\tNewProviderState=Started\r\n\r\n\tSequenceNumber=393\r\n\r\n\tHostName=Default Host\r\n\tHostVersion=5.1.14393.5582\r\n\tHostId=dfe9fa69-91ab-4a42-a633-6ad7f6ac7157\r\n\tHostApplication=C:\\Windows\\system32\\WindowsPowerShell\\v1.0\\PowerShell_ISE.exe\r\n\tEngineVersion=\r\n\tRunspaceId=\r\n\tPipelineId=\r\n\tCommandName=\r\n\tCommandType=\r\n\tScriptName=\r\n\tCommandPath=\r\n\tCommandLine=","Category":"Provider Lifecycle","Opcode":"Info","EventReceivedTime":1677866026,"SourceModuleName":"in_powershell","SourceModuleType":"im_msvistalog"}
<14>Mar  3 17:53:46 win-server.lunarstiiiness.com PowerShell[0]: {"EventTime":1677866025,"Hostname":"win-server.lunarstiiiness.com","Keywords":36028797018963968,"EventType":"INFO","SeverityValue":2,"Severity":"INFO","EventID":600,"SourceName":"PowerShell","Task":6,"RecordNumber":2647,"ProcessID":0,"ThreadID":0,"Channel":"Windows PowerShell","Message":"Provider \"Function\" is Started. \r\n\r\nDetails: \r\n\tProviderName=Function\r\n\tNewProviderState=Started\r\n\r\n\tSequenceNumber=399\r\n\r\n\tHostName=Default Host\r\n\tHostVersion=5.1.14393.5582\r\n\tHostId=dfe9fa69-91ab-4a42-a633-6ad7f6ac7157\r\n\tHostApplication=C:\\Windows\\system32\\WindowsPowerShell\\v1.0\\PowerShell_ISE.exe\r\n\tEngineVersion=\r\n\tRunspaceId=\r\n\tPipelineId=\r\n\tCommandName=\r\n\tCommandType=\r\n\tScriptName=\r\n\tCommandPath=\r\n\tCommandLine=","Category":"Provider Lifecycle","Opcode":"Info","EventReceivedTime":1677866026,"SourceModuleName":"in_powershell","SourceModuleType":"im_msvistalog"}
<14>Mar  3 17:53:46 win-server.lunarstiiiness.com PowerShell[0]: {"EventTime":1677866025,"Hostname":"win-server.lunarstiiiness.com","Keywords":36028797018963968,"EventType":"INFO","SeverityValue":2,"Severity":"INFO","EventID":600,"SourceName":"PowerShell","Task":6,"RecordNumber":2648,"ProcessID":0,"ThreadID":0,"Channel":"Windows PowerShell","Message":"Provider \"Variable\" is Started. \r\n\r\nDetails: \r\n\tProviderName=Variable\r\n\tNewProviderState=Started\r\n\r\n\tSequenceNumber=401\r\n\r\n\tHostName=Default Host\r\n\tHostVersion=5.1.14393.5582\r\n\tHostId=dfe9fa69-91ab-4a42-a633-6ad7f6ac7157\r\n\tHostApplication=C:\\Windows\\system32\\WindowsPowerShell\\v1.0\\PowerShell_ISE.exe\r\n\tEngineVersion=\r\n\tRunspaceId=\r\n\tPipelineId=\r\n\tCommandName=\r\n\tCommandType=\r\n\tScriptName=\r\n\tCommandPath=\r\n\tCommandLine=","Category":"Provider Lifecycle","Opcode":"Info","EventReceivedTime":1677866026,"SourceModuleName":"in_powershell","SourceModuleType":"im_msvistalog"}
<14>Mar  3 17:53:46 win-server.lunarstiiiness.com PowerShell[0]: {"EventTime":1677866025,"Hostname":"win-server.lunarstiiiness.com","Keywords":36028797018963968,"EventType":"INFO","SeverityValue":2,"Severity":"INFO","EventID":600,"SourceName":"PowerShell","Task":6,"RecordNumber":2643,"ProcessID":0,"ThreadID":0,"Channel":"Windows PowerShell","Message":"Provider \"Registry\" is Started. \r\n\r\nDetails: \r\n\tProviderName=Registry\r\n\tNewProviderState=Started\r\n\r\n\tSequenceNumber=391\r\n\r\n\tHostName=Default Host\r\n\tHostVersion=5.1.14393.5582\r\n\tHostId=dfe9fa69-91ab-4a42-a633-6ad7f6ac7157\r\n\tHostApplication=C:\\Windows\\system32\\WindowsPowerShell\\v1.0\\PowerShell_ISE.exe\r\n\tEngineVersion=\r\n\tRunspaceId=\r\n\tPipelineId=\r\n\tCommandName=\r\n\tCommandType=\r\n\tScriptName=\r\n\tCommandPath=\r\n\tCommandLine=","Category":"Provider Lifecycle","Opcode":"Info","EventReceivedTime":1677866026,"SourceModuleName":"in_powershell","SourceModuleType":"im_msvistalog"}
<14>Mar  3 17:53:46 win-server.lunarstiiiness.com PowerShell[0]: {"EventTime":1677866025,"Hostname":"win-server.lunarstiiiness.com","Keywords":36028797018963968,"EventType":"INFO","SeverityValue":2,"Severity":"INFO","EventID":600,"SourceName":"PowerShell","Task":6,"RecordNumber":2646,"ProcessID":0,"ThreadID":0,"Channel":"Windows PowerShell","Message":"Provider \"FileSystem\" is Started. \r\n\r\nDetails: \r\n\tProviderName=FileSystem\r\n\tNewProviderState=Started\r\n\r\n\tSequenceNumber=397\r\n\r\n\tHostName=Default Host\r\n\tHostVersion=5.1.14393.5582\r\n\tHostId=dfe9fa69-91ab-4a42-a633-6ad7f6ac7157\r\n\tHostApplication=C:\\Windows\\system32\\WindowsPowerShell\\v1.0\\PowerShell_ISE.exe\r\n\tEngineVersion=\r\n\tRunspaceId=\r\n\tPipelineId=\r\n\tCommandName=\r\n\tCommandType=\r\n\tScriptName=\r\n\tCommandPath=\r\n\tCommandLine=","Category":"Provider Lifecycle","Opcode":"Info","EventReceivedTime":1677866026,"SourceModuleName":"in_powershell","SourceModuleType":"im_msvistalog"}
<14>Mar  3 17:53:46 win-server.lunarstiiiness.com PowerShell[0]: {"EventTime":1677866025,"Hostname":"win-server.lunarstiiiness.com","Keywords":36028797018963968,"EventType":"INFO","SeverityValue":2,"Severity":"INFO","EventID":600,"SourceName":"PowerShell","Task":6,"RecordNumber":2645,"ProcessID":0,"ThreadID":0,"Channel":"Windows PowerShell","Message":"Provider \"Environment\" is Started. \r\n\r\nDetails: \r\n\tProviderName=Environment\r\n\tNewProviderState=Started\r\n\r\n\tSequenceNumber=395\r\n\r\n\tHostName=Default Host\r\n\tHostVersion=5.1.14393.5582\r\n\tHostId=dfe9fa69-91ab-4a42-a633-6ad7f6ac7157\r\n\tHostApplication=C:\\Windows\\system32\\WindowsPowerShell\\v1.0\\PowerShell_ISE.exe\r\n\tEngineVersion=\r\n\tRunspaceId=\r\n\tPipelineId=\r\n\tCommandName=\r\n\tCommandType=\r\n\tScriptName=\r\n\tCommandPath=\r\n\tCommandLine=","Category":"Provider Lifecycle","Opcode":"Info","EventReceivedTime":1677866026,"SourceModuleName":"in_powershell","SourceModuleType":"im_msvistalog"}
<14>Mar  3 17:53:46 win-server.lunarstiiiness.com PowerShell[0]: {"EventTime":1677866025,"Hostname":"win-server.lunarstiiiness.com","Keywords":36028797018963968,"EventType":"INFO","SeverityValue":2,"Severity":"INFO","EventID":400,"SourceName":"PowerShell","Task":4,"RecordNumber":2649,"ProcessID":0,"ThreadID":0,"Channel":"Windows PowerShell","Message":"Engine state is changed from None to Available. \r\n\r\nDetails: \r\n\tNewEngineState=Available\r\n\tPreviousEngineState=None\r\n\r\n\tSequenceNumber=403\r\n\r\n\tHostName=Default Host\r\n\tHostVersion=5.1.14393.5582\r\n\tHostId=dfe9fa69-91ab-4a42-a633-6ad7f6ac7157\r\n\tHostApplication=C:\\Windows\\system32\\WindowsPowerShell\\v1.0\\PowerShell_ISE.exe\r\n\tEngineVersion=5.1.14393.5582\r\n\tRunspaceId=e7695ce3-dd46-4b27-8a35-d77cad372154\r\n\tPipelineId=\r\n\tCommandName=\r\n\tCommandType=\r\n\tScriptName=\r\n\tCommandPath=\r\n\tCommandLine=","Category":"Engine Lifecycle","Opcode":"Info","EventReceivedTime":1677866026,"SourceModuleName":"in_powershell","SourceModuleType":"im_msvistalog"}
<12>Mar  3 17:53:46 win-server.lunarstiiiness.com PowerShell[0]: {"EventTime":1677866025,"Hostname":"win-server.lunarstiiiness.com","Keywords":36028797018963968,"EventType":"WARNING","SeverityValue":3,"Severity":"WARNING","EventID":200,"SourceName":"PowerShell","Task":2,"RecordNumber":2642,"ProcessID":0,"ThreadID":0,"Channel":"Windows PowerShell","Message":"Command Health: Unable to connect to the remote server. \r\n\r\nDetails: \r\n\tExceptionClass=CmdletInvocationException\r\n\tErrorCategory=InvalidOperation\r\n\tErrorId=WebCmdletWebResponseException,Microsoft.PowerShell.Commands.InvokeWebRequestCommand\r\n\tErrorMessage=Unable to connect to the remote server\r\n\r\n\tSeverity=Warning\r\n\r\n\tSequenceNumber=389\r\n\r\n\tHostName=Windows PowerShell ISE Host\r\n\tHostVersion=5.1.14393.5582\r\n\tHostId=78b0ce87-a0f4-49b9-aee8-08d6d3937dd0\r\n\tHostApplication=C:\\Windows\\system32\\WindowsPowerShell\\v1.0\\PowerShell_ISE.exe\r\n\tEngineVersion=5.1.14393.5582\r\n\tRunspaceId=742848cb-1ed3-4bc7-95d6-a562da6a8d2d\r\n\tPipelineId=68\r\n\tCommandName=Invoke-WebRequest\r\n\tCommandType=Cmdlet\r\n\tScriptName=\r\n\tCommandPath=\r\n\tCommandLine=curl 62.87.248.60","Category":"Command Health","Opcode":"Info","EventReceivedTime":1677866026,"SourceModuleName":"in_powershell","SourceModuleType":"im_msvistalog"}
<14>Mar  3 17:53:51 win-server.lunarstiiiness.com PowerShell[0]: {"EventTime":1677866031,"Hostname":"win-server.lunarstiiiness.com","Keywords":36028797018963968,"EventType":"INFO","SeverityValue":2,"Severity":"INFO","EventID":501,"SourceName":"PowerShell","Task":5,"RecordNumber":2684,"ProcessID":0,"ThreadID":0,"Channel":"Windows PowerShell","Message":"Command \"Resolve-Path\" is Stopped. \r\n\r\nDetails: \r\n\tNewCommandState=Stopped\r\n\r\n\tSequenceNumber=439\r\n\r\n\tHostName=Windows PowerShell ISE Host\r\n\tHostVersion=5.1.14393.5582\r\n\tHostId=78b0ce87-a0f4-49b9-aee8-08d6d3937dd0\r\n\tHostApplication=C:\\Windows\\system32\\WindowsPowerShell\\v1.0\\PowerShell_ISE.exe\r\n\tEngineVersion=5.1.14393.5582\r\n\tRunspaceId=742848cb-1ed3-4bc7-95d6-a562da6a8d2d\r\n\tPipelineId=71\r\n\tCommandName=Resolve-Path\r\n\tCommandType=Cmdlet\r\n\tScriptName=\r\n\tCommandPath=\r\n\tCommandLine=","Category":"Command Lifecycle","Opcode":"Info","EventReceivedTime":1677866031,"SourceModuleName":"in_powershell","SourceModuleType":"im_msvistalog"}
<14>Mar  3 17:53:51 win-server.lunarstiiiness.com PowerShell[0]: {"EventTime":1677866031,"Hostname":"win-server.lunarstiiiness.com","Keywords":36028797018963968,"EventType":"INFO","SeverityValue":2,"Severity":"INFO","EventID":501,"SourceName":"PowerShell","Task":5,"RecordNumber":2685,"ProcessID":0,"ThreadID":0,"Channel":"Windows PowerShell","Message":"Command \"TabExpansion2\" is Stopped. \r\n\r\nDetails: \r\n\tNewCommandState=Stopped\r\n\r\n\tSequenceNumber=440\r\n\r\n\tHostName=Windows PowerShell ISE Host\r\n\tHostVersion=5.1.14393.5582\r\n\tHostId=78b0ce87-a0f4-49b9-aee8-08d6d3937dd0\r\n\tHostApplication=C:\\Windows\\system32\\WindowsPowerShell\\v1.0\\PowerShell_ISE.exe\r\n\tEngineVersion=5.1.14393.5582\r\n\tRunspaceId=742848cb-1ed3-4bc7-95d6-a562da6a8d2d\r\n\tPipelineId=70\r\n\tCommandName=TabExpansion2\r\n\tCommandType=Function\r\n\tScriptName=\r\n\tCommandPath=\r\n\tCommandLine=","Category":"Command Lifecycle","Opcode":"Info","EventReceivedTime":1677866031,"SourceModuleName":"in_powershell","SourceModuleType":"im_msvistalog"}
<14>Mar  3 17:53:51 win-server.lunarstiiiness.com PowerShell[0]: {"EventTime":1677866031,"Hostname":"win-server.lunarstiiiness.com","Keywords":36028797018963968,"EventType":"INFO","SeverityValue":2,"Severity":"INFO","EventID":500,"SourceName":"PowerShell","Task":5,"RecordNumber":2683,"ProcessID":0,"ThreadID":0,"Channel":"Windows PowerShell","Message":"Command \"Resolve-Path\" is Started. \r\n\r\nDetails: \r\n\tNewCommandState=Started\r\n\r\n\tSequenceNumber=438\r\n\r\n\tHostName=Windows PowerShell ISE Host\r\n\tHostVersion=5.1.14393.5582\r\n\tHostId=78b0ce87-a0f4-49b9-aee8-08d6d3937dd0\r\n\tHostApplication=C:\\Windows\\system32\\WindowsPowerShell\\v1.0\\PowerShell_ISE.exe\r\n\tEngineVersion=5.1.14393.5582\r\n\tRunspaceId=742848cb-1ed3-4bc7-95d6-a562da6a8d2d\r\n\tPipelineId=71\r\n\tCommandName=Resolve-Path\r\n\tCommandType=Cmdlet\r\n\tScriptName=\r\n\tCommandPath=\r\n\tCommandLine=","Category":"Command Lifecycle","Opcode":"Info","EventReceivedTime":1677866031,"SourceModuleName":"in_powershell","SourceModuleType":"im_msvistalog"}
<14>Mar  3 17:53:51 win-server.lunarstiiiness.com PowerShell[0]: {"EventTime":1677866031,"Hostname":"win-server.lunarstiiiness.com","Keywords":36028797018963968,"EventType":"INFO","SeverityValue":2,"Severity":"INFO","EventID":500,"SourceName":"PowerShell","Task":5,"RecordNumber":2682,"ProcessID":0,"ThreadID":0,"Channel":"Windows PowerShell","Message":"Command \"TabExpansion2\" is Started. \r\n\r\nDetails: \r\n\tNewCommandState=Started\r\n\r\n\tSequenceNumber=437\r\n\r\n\tHostName=Windows PowerShell ISE Host\r\n\tHostVersion=5.1.14393.5582\r\n\tHostId=78b0ce87-a0f4-49b9-aee8-08d6d3937dd0\r\n\tHostApplication=C:\\Windows\\system32\\WindowsPowerShell\\v1.0\\PowerShell_ISE.exe\r\n\tEngineVersion=5.1.14393.5582\r\n\tRunspaceId=742848cb-1ed3-4bc7-95d6-a562da6a8d2d\r\n\tPipelineId=70\r\n\tCommandName=TabExpansion2\r\n\tCommandType=Function\r\n\tScriptName=\r\n\tCommandPath=\r\n\tCommandLine=","Category":"Command Lifecycle","Opcode":"Info","EventReceivedTime":1677866031,"SourceModuleName":"in_powershell","SourceModuleType":"im_msvistalog"}
<14>Mar  3 17:53:53 win-server.lunarstiiiness.com PowerShell[0]: {"EventTime":1677866032,"Hostname":"win-server.lunarstiiiness.com","Keywords":36028797018963968,"EventType":"INFO","SeverityValue":2,"Severity":"INFO","EventID":500,"SourceName":"PowerShell","Task":5,"RecordNumber":2687,"ProcessID":0,"ThreadID":0,"Channel":"Windows PowerShell","Message":"Command \"Out-Default\" is Started. \r\n\r\nDetails: \r\n\tNewCommandState=Started\r\n\r\n\tSequenceNumber=442\r\n\r\n\tHostName=Windows PowerShell ISE Host\r\n\tHostVersion=5.1.14393.5582\r\n\tHostId=78b0ce87-a0f4-49b9-aee8-08d6d3937dd0\r\n\tHostApplication=C:\\Windows\\system32\\WindowsPowerShell\\v1.0\\PowerShell_ISE.exe\r\n\tEngineVersion=5.1.14393.5582\r\n\tRunspaceId=742848cb-1ed3-4bc7-95d6-a562da6a8d2d\r\n\tPipelineId=72\r\n\tCommandName=Out-Default\r\n\tCommandType=Cmdlet\r\n\tScriptName=\r\n\tCommandPath=\r\n\tCommandLine=","Category":"Command Lifecycle","Opcode":"Info","EventReceivedTime":1677866033,"SourceModuleName":"in_powershell","SourceModuleType":"im_msvistalog"}
<14>Mar  3 17:53:53 win-server.lunarstiiiness.com PowerShell[0]: {"EventTime":1677866032,"Hostname":"win-server.lunarstiiiness.com","Keywords":36028797018963968,"EventType":"INFO","SeverityValue":2,"Severity":"INFO","EventID":500,"SourceName":"PowerShell","Task":5,"RecordNumber":2686,"ProcessID":0,"ThreadID":0,"Channel":"Windows PowerShell","Message":"Command \"\" is Started. \r\n\r\nDetails: \r\n\tNewCommandState=Started\r\n\r\n\tSequenceNumber=441\r\n\r\n\tHostName=Windows PowerShell ISE Host\r\n\tHostVersion=5.1.14393.5582\r\n\tHostId=78b0ce87-a0f4-49b9-aee8-08d6d3937dd0\r\n\tHostApplication=C:\\Windows\\system32\\WindowsPowerShell\\v1.0\\PowerShell_ISE.exe\r\n\tEngineVersion=5.1.14393.5582\r\n\tRunspaceId=742848cb-1ed3-4bc7-95d6-a562da6a8d2d\r\n\tPipelineId=72\r\n\tCommandName=\r\n\tCommandType=Script\r\n\tScriptName=\r\n\tCommandPath=\r\n\tCommandLine=","Category":"Command Lifecycle","Opcode":"Info","EventReceivedTime":1677866033,"SourceModuleName":"in_powershell","SourceModuleType":"im_msvistalog"}
<14>Mar  3 17:53:53 win-server.lunarstiiiness.com PowerShell[0]: {"EventTime":1677866032,"Hostname":"win-server.lunarstiiiness.com","Keywords":36028797018963968,"EventType":"INFO","SeverityValue":2,"Severity":"INFO","EventID":500,"SourceName":"PowerShell","Task":5,"RecordNumber":2688,"ProcessID":0,"ThreadID":0,"Channel":"Windows PowerShell","Message":"Command \"Invoke-WebRequest\" is Started. \r\n\r\nDetails: \r\n\tNewCommandState=Started\r\n\r\n\tSequenceNumber=443\r\n\r\n\tHostName=Windows PowerShell ISE Host\r\n\tHostVersion=5.1.14393.5582\r\n\tHostId=78b0ce87-a0f4-49b9-aee8-08d6d3937dd0\r\n\tHostApplication=C:\\Windows\\system32\\WindowsPowerShell\\v1.0\\PowerShell_ISE.exe\r\n\tEngineVersion=5.1.14393.5582\r\n\tRunspaceId=742848cb-1ed3-4bc7-95d6-a562da6a8d2d\r\n\tPipelineId=72\r\n\tCommandName=Invoke-WebRequest\r\n\tCommandType=Cmdlet\r\n\tScriptName=\r\n\tCommandPath=\r\n\tCommandLine=Invoke-WebRequest -uri \"http://62.87.248.60\"\r\n","Category":"Command Lifecycle","Opcode":"Info","EventReceivedTime":1677866033,"SourceModuleName":"in_powershell","SourceModuleType":"im_msvistalog"}
<14>Mar  3 17:54:14 win-server.lunarstiiiness.com PowerShell[0]: {"EventTime":1677866053,"Hostname":"win-server.lunarstiiiness.com","Keywords":36028797018963968,"EventType":"INFO","SeverityValue":2,"Severity":"INFO","EventID":600,"SourceName":"PowerShell","Task":6,"RecordNumber":2692,"ProcessID":0,"ThreadID":0,"Channel":"Windows PowerShell","Message":"Provider \"Environment\" is Started. \r\n\r\nDetails: \r\n\tProviderName=Environment\r\n\tNewProviderState=Started\r\n\r\n\tSequenceNumber=450\r\n\r\n\tHostName=Default Host\r\n\tHostVersion=5.1.14393.5582\r\n\tHostId=e70bf165-fda1-4244-98c9-a6e093a0fffd\r\n\tHostApplication=C:\\Windows\\system32\\WindowsPowerShell\\v1.0\\PowerShell_ISE.exe\r\n\tEngineVersion=\r\n\tRunspaceId=\r\n\tPipelineId=\r\n\tCommandName=\r\n\tCommandType=\r\n\tScriptName=\r\n\tCommandPath=\r\n\tCommandLine=","Category":"Provider Lifecycle","Opcode":"Info","EventReceivedTime":1677866054,"SourceModuleName":"in_powershell","SourceModuleType":"im_msvistalog"}
<14>Mar  3 17:54:14 win-server.lunarstiiiness.com PowerShell[0]: {"EventTime":1677866053,"Hostname":"win-server.lunarstiiiness.com","Keywords":36028797018963968,"EventType":"INFO","SeverityValue":2,"Severity":"INFO","EventID":600,"SourceName":"PowerShell","Task":6,"RecordNumber":2694,"ProcessID":0,"ThreadID":0,"Channel":"Windows PowerShell","Message":"Provider \"Function\" is Started. \r\n\r\nDetails: \r\n\tProviderName=Function\r\n\tNewProviderState=Started\r\n\r\n\tSequenceNumber=454\r\n\r\n\tHostName=Default Host\r\n\tHostVersion=5.1.14393.5582\r\n\tHostId=e70bf165-fda1-4244-98c9-a6e093a0fffd\r\n\tHostApplication=C:\\Windows\\system32\\WindowsPowerShell\\v1.0\\PowerShell_ISE.exe\r\n\tEngineVersion=\r\n\tRunspaceId=\r\n\tPipelineId=\r\n\tCommandName=\r\n\tCommandType=\r\n\tScriptName=\r\n\tCommandPath=\r\n\tCommandLine=","Category":"Provider Lifecycle","Opcode":"Info","EventReceivedTime":1677866054,"SourceModuleName":"in_powershell","SourceModuleType":"im_msvistalog"}
<14>Mar  3 17:54:14 win-server.lunarstiiiness.com PowerShell[0]: {"EventTime":1677866053,"Hostname":"win-server.lunarstiiiness.com","Keywords":36028797018963968,"EventType":"INFO","SeverityValue":2,"Severity":"INFO","EventID":600,"SourceName":"PowerShell","Task":6,"RecordNumber":2695,"ProcessID":0,"ThreadID":0,"Channel":"Windows PowerShell","Message":"Provider \"Variable\" is Started. \r\n\r\nDetails: \r\n\tProviderName=Variable\r\n\tNewProviderState=Started\r\n\r\n\tSequenceNumber=456\r\n\r\n\tHostName=Default Host\r\n\tHostVersion=5.1.14393.5582\r\n\tHostId=e70bf165-fda1-4244-98c9-a6e093a0fffd\r\n\tHostApplication=C:\\Windows\\system32\\WindowsPowerShell\\v1.0\\PowerShell_ISE.exe\r\n\tEngineVersion=\r\n\tRunspaceId=\r\n\tPipelineId=\r\n\tCommandName=\r\n\tCommandType=\r\n\tScriptName=\r\n\tCommandPath=\r\n\tCommandLine=","Category":"Provider Lifecycle","Opcode":"Info","EventReceivedTime":1677866054,"SourceModuleName":"in_powershell","SourceModuleType":"im_msvistalog"}
<14>Mar  3 17:54:14 win-server.lunarstiiiness.com PowerShell[0]: {"EventTime":1677866053,"Hostname":"win-server.lunarstiiiness.com","Keywords":36028797018963968,"EventType":"INFO","SeverityValue":2,"Severity":"INFO","EventID":600,"SourceName":"PowerShell","Task":6,"RecordNumber":2693,"ProcessID":0,"ThreadID":0,"Channel":"Windows PowerShell","Message":"Provider \"FileSystem\" is Started. \r\n\r\nDetails: \r\n\tProviderName=FileSystem\r\n\tNewProviderState=Started\r\n\r\n\tSequenceNumber=452\r\n\r\n\tHostName=Default Host\r\n\tHostVersion=5.1.14393.5582\r\n\tHostId=e70bf165-fda1-4244-98c9-a6e093a0fffd\r\n\tHostApplication=C:\\Windows\\system32\\WindowsPowerShell\\v1.0\\PowerShell_ISE.exe\r\n\tEngineVersion=\r\n\tRunspaceId=\r\n\tPipelineId=\r\n\tCommandName=\r\n\tCommandType=\r\n\tScriptName=\r\n\tCommandPath=\r\n\tCommandLine=","Category":"Provider Lifecycle","Opcode":"Info","EventReceivedTime":1677866054,"SourceModuleName":"in_powershell","SourceModuleType":"im_msvistalog"}
<14>Mar  3 17:54:14 win-server.lunarstiiiness.com PowerShell[0]: {"EventTime":1677866053,"Hostname":"win-server.lunarstiiiness.com","Keywords":36028797018963968,"EventType":"INFO","SeverityValue":2,"Severity":"INFO","EventID":600,"SourceName":"PowerShell","Task":6,"RecordNumber":2690,"ProcessID":0,"ThreadID":0,"Channel":"Windows PowerShell","Message":"Provider \"Registry\" is Started. \r\n\r\nDetails: \r\n\tProviderName=Registry\r\n\tNewProviderState=Started\r\n\r\n\tSequenceNumber=446\r\n\r\n\tHostName=Default Host\r\n\tHostVersion=5.1.14393.5582\r\n\tHostId=e70bf165-fda1-4244-98c9-a6e093a0fffd\r\n\tHostApplication=C:\\Windows\\system32\\WindowsPowerShell\\v1.0\\PowerShell_ISE.exe\r\n\tEngineVersion=\r\n\tRunspaceId=\r\n\tPipelineId=\r\n\tCommandName=\r\n\tCommandType=\r\n\tScriptName=\r\n\tCommandPath=\r\n\tCommandLine=","Category":"Provider Lifecycle","Opcode":"Info","EventReceivedTime":1677866054,"SourceModuleName":"in_powershell","SourceModuleType":"im_msvistalog"}
<14>Mar  3 17:54:14 win-server.lunarstiiiness.com PowerShell[0]: {"EventTime":1677866053,"Hostname":"win-server.lunarstiiiness.com","Keywords":36028797018963968,"EventType":"INFO","SeverityValue":2,"Severity":"INFO","EventID":600,"SourceName":"PowerShell","Task":6,"RecordNumber":2691,"ProcessID":0,"ThreadID":0,"Channel":"Windows PowerShell","Message":"Provider \"Alias\" is Started. \r\n\r\nDetails: \r\n\tProviderName=Alias\r\n\tNewProviderState=Started\r\n\r\n\tSequenceNumber=448\r\n\r\n\tHostName=Default Host\r\n\tHostVersion=5.1.14393.5582\r\n\tHostId=e70bf165-fda1-4244-98c9-a6e093a0fffd\r\n\tHostApplication=C:\\Windows\\system32\\WindowsPowerShell\\v1.0\\PowerShell_ISE.exe\r\n\tEngineVersion=\r\n\tRunspaceId=\r\n\tPipelineId=\r\n\tCommandName=\r\n\tCommandType=\r\n\tScriptName=\r\n\tCommandPath=\r\n\tCommandLine=","Category":"Provider Lifecycle","Opcode":"Info","EventReceivedTime":1677866054,"SourceModuleName":"in_powershell","SourceModuleType":"im_msvistalog"}
<14>Mar  3 17:54:14 win-server.lunarstiiiness.com PowerShell[0]: {"EventTime":1677866053,"Hostname":"win-server.lunarstiiiness.com","Keywords":36028797018963968,"EventType":"INFO","SeverityValue":2,"Severity":"INFO","EventID":500,"SourceName":"PowerShell","Task":5,"RecordNumber":2708,"ProcessID":0,"ThreadID":0,"Channel":"Windows PowerShell","Message":"Command \"Set-StrictMode\" is Started. \r\n\r\nDetails: \r\n\tNewCommandState=Started\r\n\r\n\tSequenceNumber=471\r\n\r\n\tHostName=Windows PowerShell ISE Host\r\n\tHostVersion=5.1.14393.5582\r\n\tHostId=78b0ce87-a0f4-49b9-aee8-08d6d3937dd0\r\n\tHostApplication=C:\\Windows\\system32\\WindowsPowerShell\\v1.0\\PowerShell_ISE.exe\r\n\tEngineVersion=5.1.14393.5582\r\n\tRunspaceId=742848cb-1ed3-4bc7-95d6-a562da6a8d2d\r\n\tPipelineId=72\r\n\tCommandName=Set-StrictMode\r\n\tCommandType=Cmdlet\r\n\tScriptName=\r\n\tCommandPath=\r\n\tCommandLine=                                        $errorCategoryMsg = & { Set-StrictMode -Version 1; $_.ErrorCategory_Message }\r\n","Category":"Command Lifecycle","Opcode":"Info","EventReceivedTime":1677866054,"SourceModuleName":"in_powershell","SourceModuleType":"im_msvistalog"}
<14>Mar  3 17:54:14 win-server.lunarstiiiness.com PowerShell[0]: {"EventTime":1677866053,"Hostname":"win-server.lunarstiiiness.com","Keywords":36028797018963968,"EventType":"INFO","SeverityValue":2,"Severity":"INFO","EventID":500,"SourceName":"PowerShell","Task":5,"RecordNumber":2719,"ProcessID":0,"ThreadID":0,"Channel":"Windows PowerShell","Message":"Command \"\" is Started. \r\n\r\nDetails: \r\n\tNewCommandState=Started\r\n\r\n\tSequenceNumber=482\r\n\r\n\tHostName=Windows PowerShell ISE Host\r\n\tHostVersion=5.1.14393.5582\r\n\tHostId=78b0ce87-a0f4-49b9-aee8-08d6d3937dd0\r\n\tHostApplication=C:\\Windows\\system32\\WindowsPowerShell\\v1.0\\PowerShell_ISE.exe\r\n\tEngineVersion=5.1.14393.5582\r\n\tRunspaceId=742848cb-1ed3-4bc7-95d6-a562da6a8d2d\r\n\tPipelineId=73\r\n\tCommandName=\r\n\tCommandType=Script\r\n\tScriptName=\r\n\tCommandPath=\r\n\tCommandLine=","Category":"Command Lifecycle","Opcode":"Info","EventReceivedTime":1677866054,"SourceModuleName":"in_powershell","SourceModuleType":"im_msvistalog"}
<14>Mar  3 17:54:14 win-server.lunarstiiiness.com PowerShell[0]: {"EventTime":1677866053,"Hostname":"win-server.lunarstiiiness.com","Keywords":36028797018963968,"EventType":"INFO","SeverityValue":2,"Severity":"INFO","EventID":500,"SourceName":"PowerShell","Task":5,"RecordNumber":2712,"ProcessID":0,"ThreadID":0,"Channel":"Windows PowerShell","Message":"Command \"Set-StrictMode\" is Started. \r\n\r\nDetails: \r\n\tNewCommandState=Started\r\n\r\n\tSequenceNumber=475\r\n\r\n\tHostName=Windows PowerShell ISE Host\r\n\tHostVersion=5.1.14393.5582\r\n\tHostId=78b0ce87-a0f4-49b9-aee8-08d6d3937dd0\r\n\tHostApplication=C:\\Windows\\system32\\WindowsPowerShell\\v1.0\\PowerShell_ISE.exe\r\n\tEngineVersion=5.1.14393.5582\r\n\tRunspaceId=742848cb-1ed3-4bc7-95d6-a562da6a8d2d\r\n\tPipelineId=72\r\n\tCommandName=Set-StrictMode\r\n\tCommandType=Cmdlet\r\n\tScriptName=\r\n\tCommandPath=\r\n\tCommandLine=                                        $originInfo = & { Set-StrictMode -Version 1; $_.OriginInfo }\r\n","Category":"Command Lifecycle","Opcode":"Info","EventReceivedTime":1677866054,"SourceModuleName":"in_powershell","SourceModuleType":"im_msvistalog"}
<14>Mar  3 17:54:14 win-server.lunarstiiiness.com PowerShell[0]: {"EventTime":1677866053,"Hostname":"win-server.lunarstiiiness.com","Keywords":36028797018963968,"EventType":"INFO","SeverityValue":2,"Severity":"INFO","EventID":500,"SourceName":"PowerShell","Task":5,"RecordNumber":2722,"ProcessID":0,"ThreadID":0,"Channel":"Windows PowerShell","Message":"Command \"out-lineoutput\" is Started. \r\n\r\nDetails: \r\n\tNewCommandState=Started\r\n\r\n\tSequenceNumber=485\r\n\r\n\tHostName=Windows PowerShell ISE Host\r\n\tHostVersion=5.1.14393.5582\r\n\tHostId=78b0ce87-a0f4-49b9-aee8-08d6d3937dd0\r\n\tHostApplication=C:\\Windows\\system32\\WindowsPowerShell\\v1.0\\PowerShell_ISE.exe\r\n\tEngineVersion=5.1.14393.5582\r\n\tRunspaceId=742848cb-1ed3-4bc7-95d6-a562da6a8d2d\r\n\tPipelineId=73\r\n\tCommandName=out-lineoutput\r\n\tCommandType=Cmdlet\r\n\tScriptName=\r\n\tCommandPath=\r\n\tCommandLine=","Category":"Command Lifecycle","Opcode":"Info","EventReceivedTime":1677866054,"SourceModuleName":"in_powershell","SourceModuleType":"im_msvistalog"}
<14>Mar  3 17:54:14 win-server.lunarstiiiness.com PowerShell[0]: {"EventTime":1677866053,"Hostname":"win-server.lunarstiiiness.com","Keywords":36028797018963968,"EventType":"INFO","SeverityValue":2,"Severity":"INFO","EventID":500,"SourceName":"PowerShell","Task":5,"RecordNumber":2698,"ProcessID":0,"ThreadID":0,"Channel":"Windows PowerShell","Message":"Command \"format-default\" is Started. \r\n\r\nDetails: \r\n\tNewCommandState=Started\r\n\r\n\tSequenceNumber=461\r\n\r\n\tHostName=Windows PowerShell ISE Host\r\n\tHostVersion=5.1.14393.5582\r\n\tHostId=78b0ce87-a0f4-49b9-aee8-08d6d3937dd0\r\n\tHostApplication=C:\\Windows\\system32\\WindowsPowerShell\\v1.0\\PowerShell_ISE.exe\r\n\tEngineVersion=5.1.14393.5582\r\n\tRunspaceId=742848cb-1ed3-4bc7-95d6-a562da6a8d2d\r\n\tPipelineId=72\r\n\tCommandName=format-default\r\n\tCommandType=Cmdlet\r\n\tScriptName=\r\n\tCommandPath=\r\n\tCommandLine=","Category":"Command Lifecycle","Opcode":"Info","EventReceivedTime":1677866054,"SourceModuleName":"in_powershell","SourceModuleType":"im_msvistalog"}
<14>Mar  3 17:54:14 win-server.lunarstiiiness.com PowerShell[0]: {"EventTime":1677866053,"Hostname":"win-server.lunarstiiiness.com","Keywords":36028797018963968,"EventType":"INFO","SeverityValue":2,"Severity":"INFO","EventID":500,"SourceName":"PowerShell","Task":5,"RecordNumber":2699,"ProcessID":0,"ThreadID":0,"Channel":"Windows PowerShell","Message":"Command \"\" is Started. \r\n\r\nDetails: \r\n\tNewCommandState=Started\r\n\r\n\tSequenceNumber=462\r\n\r\n\tHostName=Windows PowerShell ISE Host\r\n\tHostVersion=5.1.14393.5582\r\n\tHostId=78b0ce87-a0f4-49b9-aee8-08d6d3937dd0\r\n\tHostApplication=C:\\Windows\\system32\\WindowsPowerShell\\v1.0\\PowerShell_ISE.exe\r\n\tEngineVersion=5.1.14393.5582\r\n\tRunspaceId=742848cb-1ed3-4bc7-95d6-a562da6a8d2d\r\n\tPipelineId=72\r\n\tCommandName=\r\n\tCommandType=Script\r\n\tScriptName=\r\n\tCommandPath=\r\n\tCommandLine=                                        if ( & { Set-StrictMode -Version 1; $_.PSMessageDetails } ) {\r\n","Category":"Command Lifecycle","Opcode":"Info","EventReceivedTime":1677866054,"SourceModuleName":"in_powershell","SourceModuleType":"im_msvistalog"}
<14>Mar  3 17:54:14 win-server.lunarstiiiness.com PowerShell[0]: {"EventTime":1677866053,"Hostname":"win-server.lunarstiiiness.com","Keywords":36028797018963968,"EventType":"INFO","SeverityValue":2,"Severity":"INFO","EventID":500,"SourceName":"PowerShell","Task":5,"RecordNumber":2702,"ProcessID":0,"ThreadID":0,"Channel":"Windows PowerShell","Message":"Command \"\" is Started. \r\n\r\nDetails: \r\n\tNewCommandState=Started\r\n\r\n\tSequenceNumber=465\r\n\r\n\tHostName=Windows PowerShell ISE Host\r\n\tHostVersion=5.1.14393.5582\r\n\tHostId=78b0ce87-a0f4-49b9-aee8-08d6d3937dd0\r\n\tHostApplication=C:\\Windows\\system32\\WindowsPowerShell\\v1.0\\PowerShell_ISE.exe\r\n\tEngineVersion=5.1.14393.5582\r\n\tRunspaceId=742848cb-1ed3-4bc7-95d6-a562da6a8d2d\r\n\tPipelineId=72\r\n\tCommandName=\r\n\tCommandType=Script\r\n\tScriptName=\r\n\tCommandPath=\r\n\tCommandLine=& { Set-StrictMode -Version 1; $this.Exception.InnerException.PSMessageDetails }","Category":"Command Lifecycle","Opcode":"Info","EventReceivedTime":1677866054,"SourceModuleName":"in_powershell","SourceModuleType":"im_msvistalog"}
<14>Mar  3 17:54:14 win-server.lunarstiiiness.com PowerShell[0]: {"EventTime":1677866053,"Hostname":"win-server.lunarstiiiness.com","Keywords":36028797018963968,"EventType":"INFO","SeverityValue":2,"Severity":"INFO","EventID":500,"SourceName":"PowerShell","Task":5,"RecordNumber":2723,"ProcessID":0,"ThreadID":0,"Channel":"Windows PowerShell","Message":"Command \"format-default\" is Started. \r\n\r\nDetails: \r\n\tNewCommandState=Started\r\n\r\n\tSequenceNumber=486\r\n\r\n\tHostName=Windows PowerShell ISE Host\r\n\tHostVersion=5.1.14393.5582\r\n\tHostId=78b0ce87-a0f4-49b9-aee8-08d6d3937dd0\r\n\tHostApplication=C:\\Windows\\system32\\WindowsPowerShell\\v1.0\\PowerShell_ISE.exe\r\n\tEngineVersion=5.1.14393.5582\r\n\tRunspaceId=742848cb-1ed3-4bc7-95d6-a562da6a8d2d\r\n\tPipelineId=73\r\n\tCommandName=format-default\r\n\tCommandType=Cmdlet\r\n\tScriptName=\r\n\tCommandPath=\r\n\tCommandLine=","Category":"Command Lifecycle","Opcode":"Info","EventReceivedTime":1677866054,"SourceModuleName":"in_powershell","SourceModuleType":"im_msvistalog"}
<14>Mar  3 17:54:14 win-server.lunarstiiiness.com PowerShell[0]: {"EventTime":1677866053,"Hostname":"win-server.lunarstiiiness.com","Keywords":36028797018963968,"EventType":"INFO","SeverityValue":2,"Severity":"INFO","EventID":500,"SourceName":"PowerShell","Task":5,"RecordNumber":2697,"ProcessID":0,"ThreadID":0,"Channel":"Windows PowerShell","Message":"Command \"out-lineoutput\" is Started. \r\n\r\nDetails: \r\n\tNewCommandState=Started\r\n\r\n\tSequenceNumber=460\r\n\r\n\tHostName=Windows PowerShell ISE Host\r\n\tHostVersion=5.1.14393.5582\r\n\tHostId=78b0ce87-a0f4-49b9-aee8-08d6d3937dd0\r\n\tHostApplication=C:\\Windows\\system32\\WindowsPowerShell\\v1.0\\PowerShell_ISE.exe\r\n\tEngineVersion=5.1.14393.5582\r\n\tRunspaceId=742848cb-1ed3-4bc7-95d6-a562da6a8d2d\r\n\tPipelineId=72\r\n\tCommandName=out-lineoutput\r\n\tCommandType=Cmdlet\r\n\tScriptName=\r\n\tCommandPath=\r\n\tCommandLine=","Category":"Command Lifecycle","Opcode":"Info","EventReceivedTime":1677866054,"SourceModuleName":"in_powershell","SourceModuleType":"im_msvistalog"}
<14>Mar  3 17:54:14 win-server.lunarstiiiness.com PowerShell[0]: {"EventTime":1677866053,"Hostname":"win-server.lunarstiiiness.com","Keywords":36028797018963968,"EventType":"INFO","SeverityValue":2,"Severity":"INFO","EventID":500,"SourceName":"PowerShell","Task":5,"RecordNumber":2700,"ProcessID":0,"ThreadID":0,"Channel":"Windows PowerShell","Message":"Command \"Set-StrictMode\" is Started. \r\n\r\nDetails: \r\n\tNewCommandState=Started\r\n\r\n\tSequenceNumber=463\r\n\r\n\tHostName=Windows PowerShell ISE Host\r\n\tHostVersion=5.1.14393.5582\r\n\tHostId=78b0ce87-a0f4-49b9-aee8-08d6d3937dd0\r\n\tHostApplication=C:\\Windows\\system32\\WindowsPowerShell\\v1.0\\PowerShell_ISE.exe\r\n\tEngineVersion=5.1.14393.5582\r\n\tRunspaceId=742848cb-1ed3-4bc7-95d6-a562da6a8d2d\r\n\tPipelineId=72\r\n\tCommandName=Set-StrictMode\r\n\tCommandType=Cmdlet\r\n\tScriptName=\r\n\tCommandPath=\r\n\tCommandLine=                                        if ( & { Set-StrictMode -Version 1; $_.PSMessageDetails } ) {\r\n","Category":"Command Lifecycle","Opcode":"Info","EventReceivedTime":1677866054,"SourceModuleName":"in_powershell","SourceModuleType":"im_msvistalog"}
<14>Mar  3 17:54:14 win-server.lunarstiiiness.com PowerShell[0]: {"EventTime":1677866053,"Hostname":"win-server.lunarstiiiness.com","Keywords":36028797018963968,"EventType":"INFO","SeverityValue":2,"Severity":"INFO","EventID":500,"SourceName":"PowerShell","Task":5,"RecordNumber":2721,"ProcessID":0,"ThreadID":0,"Channel":"Windows PowerShell","Message":"Command \"prompt\" is Started. \r\n\r\nDetails: \r\n\tNewCommandState=Started\r\n\r\n\tSequenceNumber=484\r\n\r\n\tHostName=Windows PowerShell ISE Host\r\n\tHostVersion=5.1.14393.5582\r\n\tHostId=78b0ce87-a0f4-49b9-aee8-08d6d3937dd0\r\n\tHostApplication=C:\\Windows\\system32\\WindowsPowerShell\\v1.0\\PowerShell_ISE.exe\r\n\tEngineVersion=5.1.14393.5582\r\n\tRunspaceId=742848cb-1ed3-4bc7-95d6-a562da6a8d2d\r\n\tPipelineId=73\r\n\tCommandName=prompt\r\n\tCommandType=Function\r\n\tScriptName=\r\n\tCommandPath=\r\n\tCommandLine=prompt","Category":"Command Lifecycle","Opcode":"Info","EventReceivedTime":1677866054,"SourceModuleName":"in_powershell","SourceModuleType":"im_msvistalog"}
<14>Mar  3 17:54:14 win-server.lunarstiiiness.com PowerShell[0]: {"EventTime":1677866053,"Hostname":"win-server.lunarstiiiness.com","Keywords":36028797018963968,"EventType":"INFO","SeverityValue":2,"Severity":"INFO","EventID":500,"SourceName":"PowerShell","Task":5,"RecordNumber":2703,"ProcessID":0,"ThreadID":0,"Channel":"Windows PowerShell","Message":"Command \"Set-StrictMode\" is Started. \r\n\r\nDetails: \r\n\tNewCommandState=Started\r\n\r\n\tSequenceNumber=466\r\n\r\n\tHostName=Windows PowerShell ISE Host\r\n\tHostVersion=5.1.14393.5582\r\n\tHostId=78b0ce87-a0f4-49b9-aee8-08d6d3937dd0\r\n\tHostApplication=C:\\Windows\\system32\\WindowsPowerShell\\v1.0\\PowerShell_ISE.exe\r\n\tEngineVersion=5.1.14393.5582\r\n\tRunspaceId=742848cb-1ed3-4bc7-95d6-a562da6a8d2d\r\n\tPipelineId=72\r\n\tCommandName=Set-StrictMode\r\n\tCommandType=Cmdlet\r\n\tScriptName=\r\n\tCommandPath=\r\n\tCommandLine=& { Set-StrictMode -Version 1; $this.Exception.InnerException.PSMessageDetails }","Category":"Command Lifecycle","Opcode":"Info","EventReceivedTime":1677866054,"SourceModuleName":"in_powershell","SourceModuleType":"im_msvistalog"}
<14>Mar  3 17:54:14 win-server.lunarstiiiness.com PowerShell[0]: {"EventTime":1677866053,"Hostname":"win-server.lunarstiiiness.com","Keywords":36028797018963968,"EventType":"INFO","SeverityValue":2,"Severity":"INFO","EventID":500,"SourceName":"PowerShell","Task":5,"RecordNumber":2720,"ProcessID":0,"ThreadID":0,"Channel":"Windows PowerShell","Message":"Command \"Out-Default\" is Started. \r\n\r\nDetails: \r\n\tNewCommandState=Started\r\n\r\n\tSequenceNumber=483\r\n\r\n\tHostName=Windows PowerShell ISE Host\r\n\tHostVersion=5.1.14393.5582\r\n\tHostId=78b0ce87-a0f4-49b9-aee8-08d6d3937dd0\r\n\tHostApplication=C:\\Windows\\system32\\WindowsPowerShell\\v1.0\\PowerShell_ISE.exe\r\n\tEngineVersion=5.1.14393.5582\r\n\tRunspaceId=742848cb-1ed3-4bc7-95d6-a562da6a8d2d\r\n\tPipelineId=73\r\n\tCommandName=Out-Default\r\n\tCommandType=Cmdlet\r\n\tScriptName=\r\n\tCommandPath=\r\n\tCommandLine=","Category":"Command Lifecycle","Opcode":"Info","EventReceivedTime":1677866054,"SourceModuleName":"in_powershell","SourceModuleType":"im_msvistalog"}
<14>Mar  3 17:54:14 win-server.lunarstiiiness.com PowerShell[0]: {"EventTime":1677866053,"Hostname":"win-server.lunarstiiiness.com","Keywords":36028797018963968,"EventType":"INFO","SeverityValue":2,"Severity":"INFO","EventID":500,"SourceName":"PowerShell","Task":5,"RecordNumber":2711,"ProcessID":0,"ThreadID":0,"Channel":"Windows PowerShell","Message":"Command \"\" is Started. \r\n\r\nDetails: \r\n\tNewCommandState=Started\r\n\r\n\tSequenceNumber=474\r\n\r\n\tHostName=Windows PowerShell ISE Host\r\n\tHostVersion=5.1.14393.5582\r\n\tHostId=78b0ce87-a0f4-49b9-aee8-08d6d3937dd0\r\n\tHostApplication=C:\\Windows\\system32\\WindowsPowerShell\\v1.0\\PowerShell_ISE.exe\r\n\tEngineVersion=5.1.14393.5582\r\n\tRunspaceId=742848cb-1ed3-4bc7-95d6-a562da6a8d2d\r\n\tPipelineId=72\r\n\tCommandName=\r\n\tCommandType=Script\r\n\tScriptName=\r\n\tCommandPath=\r\n\tCommandLine=                                        $originInfo = & { Set-StrictMode -Version 1; $_.OriginInfo }\r\n","Category":"Command Lifecycle","Opcode":"Info","EventReceivedTime":1677866054,"SourceModuleName":"in_powershell","SourceModuleType":"im_msvistalog"}
<14>Mar  3 17:54:14 win-server.lunarstiiiness.com PowerShell[0]: {"EventTime":1677866053,"Hostname":"win-server.lunarstiiiness.com","Keywords":36028797018963968,"EventType":"INFO","SeverityValue":2,"Severity":"INFO","EventID":500,"SourceName":"PowerShell","Task":5,"RecordNumber":2707,"ProcessID":0,"ThreadID":0,"Channel":"Windows PowerShell","Message":"Command \"\" is Started. \r\n\r\nDetails: \r\n\tNewCommandState=Started\r\n\r\n\tSequenceNumber=470\r\n\r\n\tHostName=Windows PowerShell ISE Host\r\n\tHostVersion=5.1.14393.5582\r\n\tHostId=78b0ce87-a0f4-49b9-aee8-08d6d3937dd0\r\n\tHostApplication=C:\\Windows\\system32\\WindowsPowerShell\\v1.0\\PowerShell_ISE.exe\r\n\tEngineVersion=5.1.14393.5582\r\n\tRunspaceId=742848cb-1ed3-4bc7-95d6-a562da6a8d2d\r\n\tPipelineId=72\r\n\tCommandName=\r\n\tCommandType=Script\r\n\tScriptName=\r\n\tCommandPath=\r\n\tCommandLine=                                        $errorCategoryMsg = & { Set-StrictMode -Version 1; $_.ErrorCategory_Message }\r\n","Category":"Command Lifecycle","Opcode":"Info","EventReceivedTime":1677866054,"SourceModuleName":"in_powershell","SourceModuleType":"im_msvistalog"}
<12>Mar  3 17:54:14 win-server.lunarstiiiness.com PowerShell[0]: {"EventTime":1677866053,"Hostname":"win-server.lunarstiiiness.com","Keywords":36028797018963968,"EventType":"WARNING","SeverityValue":3,"Severity":"WARNING","EventID":200,"SourceName":"PowerShell","Task":2,"RecordNumber":2689,"ProcessID":0,"ThreadID":0,"Channel":"Windows PowerShell","Message":"Command Health: Unable to connect to the remote server. \r\n\r\nDetails: \r\n\tExceptionClass=CmdletInvocationException\r\n\tErrorCategory=InvalidOperation\r\n\tErrorId=WebCmdletWebResponseException,Microsoft.PowerShell.Commands.InvokeWebRequestCommand\r\n\tErrorMessage=Unable to connect to the remote server\r\n\r\n\tSeverity=Warning\r\n\r\n\tSequenceNumber=444\r\n\r\n\tHostName=Windows PowerShell ISE Host\r\n\tHostVersion=5.1.14393.5582\r\n\tHostId=78b0ce87-a0f4-49b9-aee8-08d6d3937dd0\r\n\tHostApplication=C:\\Windows\\system32\\WindowsPowerShell\\v1.0\\PowerShell_ISE.exe\r\n\tEngineVersion=5.1.14393.5582\r\n\tRunspaceId=742848cb-1ed3-4bc7-95d6-a562da6a8d2d\r\n\tPipelineId=72\r\n\tCommandName=Invoke-WebRequest\r\n\tCommandType=Cmdlet\r\n\tScriptName=\r\n\tCommandPath=\r\n\tCommandLine=Invoke-WebRequest -uri \"http://62.87.248.60\"\r\n","Category":"Command Health","Opcode":"Info","EventReceivedTime":1677866054,"SourceModuleName":"in_powershell","SourceModuleType":"im_msvistalog"}
<14>Mar  3 17:54:14 win-server.lunarstiiiness.com PowerShell[0]: {"EventTime":1677866053,"Hostname":"win-server.lunarstiiiness.com","Keywords":36028797018963968,"EventType":"INFO","SeverityValue":2,"Severity":"INFO","EventID":501,"SourceName":"PowerShell","Task":5,"RecordNumber":2718,"ProcessID":0,"ThreadID":0,"Channel":"Windows PowerShell","Message":"Command \"Out-Default\" is Stopped. \r\n\r\nDetails: \r\n\tNewCommandState=Stopped\r\n\r\n\tSequenceNumber=481\r\n\r\n\tHostName=Windows PowerShell ISE Host\r\n\tHostVersion=5.1.14393.5582\r\n\tHostId=78b0ce87-a0f4-49b9-aee8-08d6d3937dd0\r\n\tHostApplication=C:\\Windows\\system32\\WindowsPowerShell\\v1.0\\PowerShell_ISE.exe\r\n\tEngineVersion=5.1.14393.5582\r\n\tRunspaceId=742848cb-1ed3-4bc7-95d6-a562da6a8d2d\r\n\tPipelineId=72\r\n\tCommandName=Out-Default\r\n\tCommandType=Cmdlet\r\n\tScriptName=\r\n\tCommandPath=\r\n\tCommandLine=","Category":"Command Lifecycle","Opcode":"Info","EventReceivedTime":1677866054,"SourceModuleName":"in_powershell","SourceModuleType":"im_msvistalog"}
<14>Mar  3 17:54:14 win-server.lunarstiiiness.com PowerShell[0]: {"EventTime":1677866053,"Hostname":"win-server.lunarstiiiness.com","Keywords":36028797018963968,"EventType":"INFO","SeverityValue":2,"Severity":"INFO","EventID":501,"SourceName":"PowerShell","Task":5,"RecordNumber":2728,"ProcessID":0,"ThreadID":0,"Channel":"Windows PowerShell","Message":"Command \"Out-Default\" is Stopped. \r\n\r\nDetails: \r\n\tNewCommandState=Stopped\r\n\r\n\tSequenceNumber=491\r\n\r\n\tHostName=Windows PowerShell ISE Host\r\n\tHostVersion=5.1.14393.5582\r\n\tHostId=78b0ce87-a0f4-49b9-aee8-08d6d3937dd0\r\n\tHostApplication=C:\\Windows\\system32\\WindowsPowerShell\\v1.0\\PowerShell_ISE.exe\r\n\tEngineVersion=5.1.14393.5582\r\n\tRunspaceId=742848cb-1ed3-4bc7-95d6-a562da6a8d2d\r\n\tPipelineId=73\r\n\tCommandName=Out-Default\r\n\tCommandType=Cmdlet\r\n\tScriptName=\r\n\tCommandPath=\r\n\tCommandLine=","Category":"Command Lifecycle","Opcode":"Info","EventReceivedTime":1677866054,"SourceModuleName":"in_powershell","SourceModuleType":"im_msvistalog"}
<14>Mar  3 17:54:14 win-server.lunarstiiiness.com PowerShell[0]: {"EventTime":1677866053,"Hostname":"win-server.lunarstiiiness.com","Keywords":36028797018963968,"EventType":"INFO","SeverityValue":2,"Severity":"INFO","EventID":501,"SourceName":"PowerShell","Task":5,"RecordNumber":2705,"ProcessID":0,"ThreadID":0,"Channel":"Windows PowerShell","Message":"Command \"\" is Stopped. \r\n\r\nDetails: \r\n\tNewCommandState=Stopped\r\n\r\n\tSequenceNumber=468\r\n\r\n\tHostName=Windows PowerShell ISE Host\r\n\tHostVersion=5.1.14393.5582\r\n\tHostId=78b0ce87-a0f4-49b9-aee8-08d6d3937dd0\r\n\tHostApplication=C:\\Windows\\system32\\WindowsPowerShell\\v1.0\\PowerShell_ISE.exe\r\n\tEngineVersion=5.1.14393.5582\r\n\tRunspaceId=742848cb-1ed3-4bc7-95d6-a562da6a8d2d\r\n\tPipelineId=72\r\n\tCommandName=\r\n\tCommandType=Script\r\n\tScriptName=\r\n\tCommandPath=\r\n\tCommandLine=& { Set-StrictMode -Version 1; $this.Exception.InnerException.PSMessageDetails }","Category":"Command Lifecycle","Opcode":"Info","EventReceivedTime":1677866054,"SourceModuleName":"in_powershell","SourceModuleType":"im_msvistalog"}
<14>Mar  3 17:54:14 win-server.lunarstiiiness.com PowerShell[0]: {"EventTime":1677866053,"Hostname":"win-server.lunarstiiiness.com","Keywords":36028797018963968,"EventType":"INFO","SeverityValue":2,"Severity":"INFO","EventID":501,"SourceName":"PowerShell","Task":5,"RecordNumber":2709,"ProcessID":0,"ThreadID":0,"Channel":"Windows PowerShell","Message":"Command \"Set-StrictMode\" is Stopped. \r\n\r\nDetails: \r\n\tNewCommandState=Stopped\r\n\r\n\tSequenceNumber=472\r\n\r\n\tHostName=Windows PowerShell ISE Host\r\n\tHostVersion=5.1.14393.5582\r\n\tHostId=78b0ce87-a0f4-49b9-aee8-08d6d3937dd0\r\n\tHostApplication=C:\\Windows\\system32\\WindowsPowerShell\\v1.0\\PowerShell_ISE.exe\r\n\tEngineVersion=5.1.14393.5582\r\n\tRunspaceId=742848cb-1ed3-4bc7-95d6-a562da6a8d2d\r\n\tPipelineId=72\r\n\tCommandName=Set-StrictMode\r\n\tCommandType=Cmdlet\r\n\tScriptName=\r\n\tCommandPath=\r\n\tCommandLine=                                        $errorCategoryMsg = & { Set-StrictMode -Version 1; $_.ErrorCategory_Message }\r\n","Category":"Command Lifecycle","Opcode":"Info","EventReceivedTime":1677866054,"SourceModuleName":"in_powershell","SourceModuleType":"im_msvistalog"}
<14>Mar  3 17:54:14 win-server.lunarstiiiness.com PowerShell[0]: {"EventTime":1677866053,"Hostname":"win-server.lunarstiiiness.com","Keywords":36028797018963968,"EventType":"INFO","SeverityValue":2,"Severity":"INFO","EventID":501,"SourceName":"PowerShell","Task":5,"RecordNumber":2704,"ProcessID":0,"ThreadID":0,"Channel":"Windows PowerShell","Message":"Command \"Set-StrictMode\" is Stopped. \r\n\r\nDetails: \r\n\tNewCommandState=Stopped\r\n\r\n\tSequenceNumber=467\r\n\r\n\tHostName=Windows PowerShell ISE Host\r\n\tHostVersion=5.1.14393.5582\r\n\tHostId=78b0ce87-a0f4-49b9-aee8-08d6d3937dd0\r\n\tHostApplication=C:\\Windows\\system32\\WindowsPowerShell\\v1.0\\PowerShell_ISE.exe\r\n\tEngineVersion=5.1.14393.5582\r\n\tRunspaceId=742848cb-1ed3-4bc7-95d6-a562da6a8d2d\r\n\tPipelineId=72\r\n\tCommandName=Set-StrictMode\r\n\tCommandType=Cmdlet\r\n\tScriptName=\r\n\tCommandPath=\r\n\tCommandLine=& { Set-StrictMode -Version 1; $this.Exception.InnerException.PSMessageDetails }","Category":"Command Lifecycle","Opcode":"Info","EventReceivedTime":1677866054,"SourceModuleName":"in_powershell","SourceModuleType":"im_msvistalog"}
