<14>Mar  3 17:54:14 win-server.lunarstiiiness.com PowerShell[0]: {"EventTime":1677866053,"Hostname":"win-server.lunarstiiiness.com","Keywords":36028797018963968,"EventType":"INFO","SeverityValue":2,"Severity":"INFO","EventID":501,"SourceName":"PowerShell","Task":5,"RecordNumber":2714,"ProcessID":0,"ThreadID":0,"Channel":"Windows PowerShell","Message":"Command \"\" is Stopped. \r\n\r\nDetails: \r\n\tNewCommandState=Stopped\r\n\r\n\tSequenceNumber=477\r\n\r\n\tHostName=Windows PowerShell ISE Host\r\n\tHostVersion=5.1.14393.5582\r\n\tHostId=78b0ce87-a0f4-49b9-aee8-08d6d3937dd0\r\n\tHostApplication=C:\\Windows\\system32\\WindowsPowerShell\\v1.0\\PowerShell_ISE.exe\r\n\tEngineVersion=5.1.14393.5582\r\n\tRunspaceId=742848cb-1ed3-4bc7-95d6-a562da6a8d2d\r\n\tPipelineId=72\r\n\tCommandName=\r\n\tCommandType=Script\r\n\tScriptName=\r\n\tCommandPath=\r\n\tCommandLine=                                        $originInfo = & { Set-StrictMode -Version 1; $_.OriginInfo }\r\n","Category":"Command Lifecycle","Opcode":"Info","EventReceivedTime":1677866054,"SourceModuleName":"in_powershell","SourceModuleType":"im_msvistalog"}
<14>Mar  3 17:54:14 win-server.lunarstiiiness.com PowerShell[0]: {"EventTime":1677866053,"Hostname":"win-server.lunarstiiiness.com","Keywords":36028797018963968,"EventType":"INFO","SeverityValue":2,"Severity":"INFO","EventID":501,"SourceName":"PowerShell","Task":5,"RecordNumber":2725,"ProcessID":0,"ThreadID":0,"Channel":"Windows PowerShell","Message":"Command \"\" is Stopped. \r\n\r\nDetails: \r\n\tNewCommandState=Stopped\r\n\r\n\tSequenceNumber=488\r\n\r\n\tHostName=Windows PowerShell ISE Host\r\n\tHostVersion=5.1.14393.5582\r\n\tHostId=78b0ce87-a0f4-49b9-aee8-08d6d3937dd0\r\n\tHostApplication=C:\\Windows\\system32\\WindowsPowerShell\\v1.0\\PowerShell_ISE.exe\r\n\tEngineVersion=5.1.14393.5582\r\n\tRunspaceId=742848cb-1ed3-4bc7-95d6-a562da6a8d2d\r\n\tPipelineId=73\r\n\tCommandName=\r\n\tCommandType=Script\r\n\tScriptName=\r\n\tCommandPath=\r\n\tCommandLine=","Category":"Command Lifecycle","Opcode":"Info","EventReceivedTime":1677866054,"SourceModuleName":"in_powershell","SourceModuleType":"im_msvistalog"}
<14>Mar  3 17:54:14 win-server.lunarstiiiness.com PowerShell[0]: {"EventTime":1677866053,"Hostname":"win-server.lunarstiiiness.com","Keywords":36028797018963968,"EventType":"INFO","SeverityValue":2,"Severity":"INFO","EventID":501,"SourceName":"PowerShell","Task":5,"RecordNumber":2715,"ProcessID":0,"ThreadID":0,"Channel":"Windows PowerShell","Message":"Command \"\" is Stopped. \r\n\r\nDetails: \r\n\tNewCommandState=Stopped\r\n\r\n\tSequenceNumber=478\r\n\r\n\tHostName=Windows PowerShell ISE Host\r\n\tHostVersion=5.1.14393.5582\r\n\tHostId=78b0ce87-a0f4-49b9-aee8-08d6d3937dd0\r\n\tHostApplication=C:\\Windows\\system32\\WindowsPowerShell\\v1.0\\PowerShell_ISE.exe\r\n\tEngineVersion=5.1.14393.5582\r\n\tRunspaceId=742848cb-1ed3-4bc7-95d6-a562da6a8d2d\r\n\tPipelineId=72\r\n\tCommandName=\r\n\tCommandType=Script\r\n\tScriptName=\r\n\tCommandPath=\r\n\tCommandLine=","Category":"Command Lifecycle","Opcode":"Info","EventReceivedTime":1677866054,"SourceModuleName":"in_powershell","SourceModuleType":"im_msvistalog"}
<14>Mar  3 17:54:14 win-server.lunarstiiiness.com PowerShell[0]: {"EventTime":1677866053,"Hostname":"win-server.lunarstiiiness.com","Keywords":36028797018963968,"EventType":"INFO","SeverityValue":2,"Severity":"INFO","EventID":501,"SourceName":"PowerShell","Task":5,"RecordNumber":2724,"ProcessID":0,"ThreadID":0,"Channel":"Windows PowerShell","Message":"Command \"prompt\" is Stopped. \r\n\r\nDetails: \r\n\tNewCommandState=Stopped\r\n\r\n\tSequenceNumber=487\r\n\r\n\tHostName=Windows PowerShell ISE Host\r\n\tHostVersion=5.1.14393.5582\r\n\tHostId=78b0ce87-a0f4-49b9-aee8-08d6d3937dd0\r\n\tHostApplication=C:\\Windows\\system32\\WindowsPowerShell\\v1.0\\PowerShell_ISE.exe\r\n\tEngineVersion=5.1.14393.5582\r\n\tRunspaceId=742848cb-1ed3-4bc7-95d6-a562da6a8d2d\r\n\tPipelineId=73\r\n\tCommandName=prompt\r\n\tCommandType=Function\r\n\tScriptName=\r\n\tCommandPath=\r\n\tCommandLine=prompt","Category":"Command Lifecycle","Opcode":"Info","EventReceivedTime":1677866054,"SourceModuleName":"in_powershell","SourceModuleType":"im_msvistalog"}
<14>Mar  3 17:54:14 win-server.lunarstiiiness.com PowerShell[0]: {"EventTime":1677866053,"Hostname":"win-server.lunarstiiiness.com","Keywords":36028797018963968,"EventType":"INFO","SeverityValue":2,"Severity":"INFO","EventID":501,"SourceName":"PowerShell","Task":5,"RecordNumber":2716,"ProcessID":0,"ThreadID":0,"Channel":"Windows PowerShell","Message":"Command \"format-default\" is Stopped. \r\n\r\nDetails: \r\n\tNewCommandState=Stopped\r\n\r\n\tSequenceNumber=479\r\n\r\n\tHostName=Windows PowerShell ISE Host\r\n\tHostVersion=5.1.14393.5582\r\n\tHostId=78b0ce87-a0f4-49b9-aee8-08d6d3937dd0\r\n\tHostApplication=C:\\Windows\\system32\\WindowsPowerShell\\v1.0\\PowerShell_ISE.exe\r\n\tEngineVersion=5.1.14393.5582\r\n\tRunspaceId=742848cb-1ed3-4bc7-95d6-a562da6a8d2d\r\n\tPipelineId=72\r\n\tCommandName=format-default\r\n\tCommandType=Cmdlet\r\n\tScriptName=\r\n\tCommandPath=\r\n\tCommandLine=","Category":"Command Lifecycle","Opcode":"Info","EventReceivedTime":1677866054,"SourceModuleName":"in_powershell","SourceModuleType":"im_msvistalog"}
<14>Mar  3 17:54:14 win-server.lunarstiiiness.com PowerShell[0]: {"EventTime":1677866053,"Hostname":"win-server.lunarstiiiness.com","Keywords":36028797018963968,"EventType":"INFO","SeverityValue":2,"Severity":"INFO","EventID":501,"SourceName":"PowerShell","Task":5,"RecordNumber":2701,"ProcessID":0,"ThreadID":0,"Channel":"Windows PowerShell","Message":"Command \"Set-StrictMode\" is Stopped. \r\n\r\nDetails: \r\n\tNewCommandState=Stopped\r\n\r\n\tSequenceNumber=464\r\n\r\n\tHostName=Windows PowerShell ISE Host\r\n\tHostVersion=5.1.14393.5582\r\n\tHostId=78b0ce87-a0f4-49b9-aee8-08d6d3937dd0\r\n\tHostApplication=C:\\Windows\\system32\\WindowsPowerShell\\v1.0\\PowerShell_ISE.exe\r\n\tEngineVersion=5.1.14393.5582\r\n\tRunspaceId=742848cb-1ed3-4bc7-95d6-a562da6a8d2d\r\n\tPipelineId=72\r\n\tCommandName=Set-StrictMode\r\n\tCommandType=Cmdlet\r\n\tScriptName=\r\n\tCommandPath=\r\n\tCommandLine=                                        if ( & { Set-StrictMode -Version 1; $_.PSMessageDetails } ) {\r\n","Category":"Command Lifecycle","Opcode":"Info","EventReceivedTime":1677866054,"SourceModuleName":"in_powershell","SourceModuleType":"im_msvistalog"}
<14>Mar  3 17:54:14 win-server.lunarstiiiness.com PowerShell[0]: {"EventTime":1677866053,"Hostname":"win-server.lunarstiiiness.com","Keywords":36028797018963968,"EventType":"INFO","SeverityValue":2,"Severity":"INFO","EventID":501,"SourceName":"PowerShell","Task":5,"RecordNumber":2713,"ProcessID":0,"ThreadID":0,"Channel":"Windows PowerShell","Message":"Command \"Set-StrictMode\" is Stopped. \r\n\r\nDetails: \r\n\tNewCommandState=Stopped\r\n\r\n\tSequenceNumber=476\r\n\r\n\tHostName=Windows PowerShell ISE Host\r\n\tHostVersion=5.1.14393.5582\r\n\tHostId=78b0ce87-a0f4-49b9-aee8-08d6d3937dd0\r\n\tHostApplication=C:\\Windows\\system32\\WindowsPowerShell\\v1.0\\PowerShell_ISE.exe\r\n\tEngineVersion=5.1.14393.5582\r\n\tRunspaceId=742848cb-1ed3-4bc7-95d6-a562da6a8d2d\r\n\tPipelineId=72\r\n\tCommandName=Set-StrictMode\r\n\tCommandType=Cmdlet\r\n\tScriptName=\r\n\tCommandPath=\r\n\tCommandLine=                                        $originInfo = & { Set-StrictMode -Version 1; $_.OriginInfo }\r\n","Category":"Command Lifecycle","Opcode":"Info","EventReceivedTime":1677866054,"SourceModuleName":"in_powershell","SourceModuleType":"im_msvistalog"}
<14>Mar  3 17:54:14 win-server.lunarstiiiness.com PowerShell[0]: {"EventTime":1677866053,"Hostname":"win-server.lunarstiiiness.com","Keywords":36028797018963968,"EventType":"INFO","SeverityValue":2,"Severity":"INFO","EventID":501,"SourceName":"PowerShell","Task":5,"RecordNumber":2726,"ProcessID":0,"ThreadID":0,"Channel":"Windows PowerShell","Message":"Command \"format-default\" is Stopped. \r\n\r\nDetails: \r\n\tNewCommandState=Stopped\r\n\r\n\tSequenceNumber=489\r\n\r\n\tHostName=Windows PowerShell ISE Host\r\n\tHostVersion=5.1.14393.5582\r\n\tHostId=78b0ce87-a0f4-49b9-aee8-08d6d3937dd0\r\n\tHostApplication=C:\\Windows\\system32\\WindowsPowerShell\\v1.0\\PowerShell_ISE.exe\r\n\tEngineVersion=5.1.14393.5582\r\n\tRunspaceId=742848cb-1ed3-4bc7-95d6-a562da6a8d2d\r\n\tPipelineId=73\r\n\tCommandName=format-default\r\n\tCommandType=Cmdlet\r\n\tScriptName=\r\n\tCommandPath=\r\n\tCommandLine=","Category":"Command Lifecycle","Opcode":"Info","EventReceivedTime":1677866054,"SourceModuleName":"in_powershell","SourceModuleType":"im_msvistalog"}
<14>Mar  3 17:54:14 win-server.lunarstiiiness.com PowerShell[0]: {"EventTime":1677866053,"Hostname":"win-server.lunarstiiiness.com","Keywords":36028797018963968,"EventType":"INFO","SeverityValue":2,"Severity":"INFO","EventID":501,"SourceName":"PowerShell","Task":5,"RecordNumber":2710,"ProcessID":0,"ThreadID":0,"Channel":"Windows PowerShell","Message":"Command \"\" is Stopped. \r\n\r\nDetails: \r\n\tNewCommandState=Stopped\r\n\r\n\tSequenceNumber=473\r\n\r\n\tHostName=Windows PowerShell ISE Host\r\n\tHostVersion=5.1.14393.5582\r\n\tHostId=78b0ce87-a0f4-49b9-aee8-08d6d3937dd0\r\n\tHostApplication=C:\\Windows\\system32\\WindowsPowerShell\\v1.0\\PowerShell_ISE.exe\r\n\tEngineVersion=5.1.14393.5582\r\n\tRunspaceId=742848cb-1ed3-4bc7-95d6-a562da6a8d2d\r\n\tPipelineId=72\r\n\tCommandName=\r\n\tCommandType=Script\r\n\tScriptName=\r\n\tCommandPath=\r\n\tCommandLine=                                        $errorCategoryMsg = & { Set-StrictMode -Version 1; $_.ErrorCategory_Message }\r\n","Category":"Command Lifecycle","Opcode":"Info","EventReceivedTime":1677866054,"SourceModuleName":"in_powershell","SourceModuleType":"im_msvistalog"}
<14>Mar  3 17:54:14 win-server.lunarstiiiness.com PowerShell[0]: {"EventTime":1677866053,"Hostname":"win-server.lunarstiiiness.com","Keywords":36028797018963968,"EventType":"INFO","SeverityValue":2,"Severity":"INFO","EventID":501,"SourceName":"PowerShell","Task":5,"RecordNumber":2706,"ProcessID":0,"ThreadID":0,"Channel":"Windows PowerShell","Message":"Command \"\" is Stopped. \r\n\r\nDetails: \r\n\tNewCommandState=Stopped\r\n\r\n\tSequenceNumber=469\r\n\r\n\tHostName=Windows PowerShell ISE Host\r\n\tHostVersion=5.1.14393.5582\r\n\tHostId=78b0ce87-a0f4-49b9-aee8-08d6d3937dd0\r\n\tHostApplication=C:\\Windows\\system32\\WindowsPowerShell\\v1.0\\PowerShell_ISE.exe\r\n\tEngineVersion=5.1.14393.5582\r\n\tRunspaceId=742848cb-1ed3-4bc7-95d6-a562da6a8d2d\r\n\tPipelineId=72\r\n\tCommandName=\r\n\tCommandType=Script\r\n\tScriptName=\r\n\tCommandPath=\r\n\tCommandLine=                                        if ( & { Set-StrictMode -Version 1; $_.PSMessageDetails } ) {\r\n","Category":"Command Lifecycle","Opcode":"Info","EventReceivedTime":1677866054,"SourceModuleName":"in_powershell","SourceModuleType":"im_msvistalog"}
<14>Mar  3 17:54:14 win-server.lunarstiiiness.com PowerShell[0]: {"EventTime":1677866053,"Hostname":"win-server.lunarstiiiness.com","Keywords":36028797018963968,"EventType":"INFO","SeverityValue":2,"Severity":"INFO","EventID":501,"SourceName":"PowerShell","Task":5,"RecordNumber":2727,"ProcessID":0,"ThreadID":0,"Channel":"Windows PowerShell","Message":"Command \"out-lineoutput\" is Stopped. \r\n\r\nDetails: \r\n\tNewCommandState=Stopped\r\n\r\n\tSequenceNumber=490\r\n\r\n\tHostName=Windows PowerShell ISE Host\r\n\tHostVersion=5.1.14393.5582\r\n\tHostId=78b0ce87-a0f4-49b9-aee8-08d6d3937dd0\r\n\tHostApplication=C:\\Windows\\system32\\WindowsPowerShell\\v1.0\\PowerShell_ISE.exe\r\n\tEngineVersion=5.1.14393.5582\r\n\tRunspaceId=742848cb-1ed3-4bc7-95d6-a562da6a8d2d\r\n\tPipelineId=73\r\n\tCommandName=out-lineoutput\r\n\tCommandType=Cmdlet\r\n\tScriptName=\r\n\tCommandPath=\r\n\tCommandLine=","Category":"Command Lifecycle","Opcode":"Info","EventReceivedTime":1677866054,"SourceModuleName":"in_powershell","SourceModuleType":"im_msvistalog"}
<14>Mar  3 17:54:14 win-server.lunarstiiiness.com PowerShell[0]: {"EventTime":1677866053,"Hostname":"win-server.lunarstiiiness.com","Keywords":36028797018963968,"EventType":"INFO","SeverityValue":2,"Severity":"INFO","EventID":501,"SourceName":"PowerShell","Task":5,"RecordNumber":2717,"ProcessID":0,"ThreadID":0,"Channel":"Windows PowerShell","Message":"Command \"out-lineoutput\" is Stopped. \r\n\r\nDetails: \r\n\tNewCommandState=Stopped\r\n\r\n\tSequenceNumber=480\r\n\r\n\tHostName=Windows PowerShell ISE Host\r\n\tHostVersion=5.1.14393.5582\r\n\tHostId=78b0ce87-a0f4-49b9-aee8-08d6d3937dd0\r\n\tHostApplication=C:\\Windows\\system32\\WindowsPowerShell\\v1.0\\PowerShell_ISE.exe\r\n\tEngineVersion=5.1.14393.5582\r\n\tRunspaceId=742848cb-1ed3-4bc7-95d6-a562da6a8d2d\r\n\tPipelineId=72\r\n\tCommandName=out-lineoutput\r\n\tCommandType=Cmdlet\r\n\tScriptName=\r\n\tCommandPath=\r\n\tCommandLine=","Category":"Command Lifecycle","Opcode":"Info","EventReceivedTime":1677866054,"SourceModuleName":"in_powershell","SourceModuleType":"im_msvistalog"}
<14>Mar  3 17:54:14 win-server.lunarstiiiness.com PowerShell[0]: {"EventTime":1677866053,"Hostname":"win-server.lunarstiiiness.com","Keywords":36028797018963968,"EventType":"INFO","SeverityValue":2,"Severity":"INFO","EventID":400,"SourceName":"PowerShell","Task":4,"RecordNumber":2696,"ProcessID":0,"ThreadID":0,"Channel":"Windows PowerShell","Message":"Engine state is changed from None to Available. \r\n\r\nDetails: \r\n\tNewEngineState=Available\r\n\tPreviousEngineState=None\r\n\r\n\tSequenceNumber=458\r\n\r\n\tHostName=Default Host\r\n\tHostVersion=5.1.14393.5582\r\n\tHostId=e70bf165-fda1-4244-98c9-a6e093a0fffd\r\n\tHostApplication=C:\\Windows\\system32\\WindowsPowerShell\\v1.0\\PowerShell_ISE.exe\r\n\tEngineVersion=5.1.14393.5582\r\n\tRunspaceId=ddcbb0e8-6468-47cc-a9f6-5055a3d192a2\r\n\tPipelineId=\r\n\tCommandName=\r\n\tCommandType=\r\n\tScriptName=\r\n\tCommandPath=\r\n\tCommandLine=","Category":"Engine Lifecycle","Opcode":"Info","EventReceivedTime":1677866054,"SourceModuleName":"in_powershell","SourceModuleType":"im_msvistalog"}
<14>Mar  3 17:54:18 win-server.lunarstiiiness.com PowerShell[0]: {"EventTime":1677866057,"Hostname":"win-server.lunarstiiiness.com","Keywords":36028797018963968,"EventType":"INFO","SeverityValue":2,"Severity":"INFO","EventID":500,"SourceName":"PowerShell","Task":5,"RecordNumber":2729,"ProcessID":0,"ThreadID":0,"Channel":"Windows PowerShell","Message":"Command \"\" is Started. \r\n\r\nDetails: \r\n\tNewCommandState=Started\r\n\r\n\tSequenceNumber=492\r\n\r\n\tHostName=Windows PowerShell ISE Host\r\n\tHostVersion=5.1.14393.5582\r\n\tHostId=78b0ce87-a0f4-49b9-aee8-08d6d3937dd0\r\n\tHostApplication=C:\\Windows\\system32\\WindowsPowerShell\\v1.0\\PowerShell_ISE.exe\r\n\tEngineVersion=5.1.14393.5582\r\n\tRunspaceId=742848cb-1ed3-4bc7-95d6-a562da6a8d2d\r\n\tPipelineId=74\r\n\tCommandName=\r\n\tCommandType=Script\r\n\tScriptName=\r\n\tCommandPath=\r\n\tCommandLine=","Category":"Command Lifecycle","Opcode":"Info","EventReceivedTime":1677866058,"SourceModuleName":"in_powershell","SourceModuleType":"im_msvistalog"}
<14>Mar  3 17:54:18 win-server.lunarstiiiness.com PowerShell[0]: {"EventTime":1677866057,"Hostname":"win-server.lunarstiiiness.com","Keywords":36028797018963968,"EventType":"INFO","SeverityValue":2,"Severity":"INFO","EventID":500,"SourceName":"PowerShell","Task":5,"RecordNumber":2730,"ProcessID":0,"ThreadID":0,"Channel":"Windows PowerShell","Message":"Command \"Out-Default\" is Started. \r\n\r\nDetails: \r\n\tNewCommandState=Started\r\n\r\n\tSequenceNumber=493\r\n\r\n\tHostName=Windows PowerShell ISE Host\r\n\tHostVersion=5.1.14393.5582\r\n\tHostId=78b0ce87-a0f4-49b9-aee8-08d6d3937dd0\r\n\tHostApplication=C:\\Windows\\system32\\WindowsPowerShell\\v1.0\\PowerShell_ISE.exe\r\n\tEngineVersion=5.1.14393.5582\r\n\tRunspaceId=742848cb-1ed3-4bc7-95d6-a562da6a8d2d\r\n\tPipelineId=74\r\n\tCommandName=Out-Default\r\n\tCommandType=Cmdlet\r\n\tScriptName=\r\n\tCommandPath=\r\n\tCommandLine=","Category":"Command Lifecycle","Opcode":"Info","EventReceivedTime":1677866058,"SourceModuleName":"in_powershell","SourceModuleType":"im_msvistalog"}
<14>Mar  3 17:54:18 win-server.lunarstiiiness.com PowerShell[0]: {"EventTime":1677866057,"Hostname":"win-server.lunarstiiiness.com","Keywords":36028797018963968,"EventType":"INFO","SeverityValue":2,"Severity":"INFO","EventID":500,"SourceName":"PowerShell","Task":5,"RecordNumber":2731,"ProcessID":0,"ThreadID":0,"Channel":"Windows PowerShell","Message":"Command \"Invoke-WebRequest\" is Started. \r\n\r\nDetails: \r\n\tNewCommandState=Started\r\n\r\n\tSequenceNumber=494\r\n\r\n\tHostName=Windows PowerShell ISE Host\r\n\tHostVersion=5.1.14393.5582\r\n\tHostId=78b0ce87-a0f4-49b9-aee8-08d6d3937dd0\r\n\tHostApplication=C:\\Windows\\system32\\WindowsPowerShell\\v1.0\\PowerShell_ISE.exe\r\n\tEngineVersion=5.1.14393.5582\r\n\tRunspaceId=742848cb-1ed3-4bc7-95d6-a562da6a8d2d\r\n\tPipelineId=74\r\n\tCommandName=Invoke-WebRequest\r\n\tCommandType=Cmdlet\r\n\tScriptName=\r\n\tCommandPath=\r\n\tCommandLine=Invoke-WebRequest -uri \"http://103.56.61.147\"\r\n","Category":"Command Lifecycle","Opcode":"Info","EventReceivedTime":1677866058,"SourceModuleName":"in_powershell","SourceModuleType":"im_msvistalog"}
<14>Mar  3 17:54:19 win-server.lunarstiiiness.com PowerShell[0]: {"EventTime":1677866059,"Hostname":"win-server.lunarstiiiness.com","Keywords":36028797018963968,"EventType":"INFO","SeverityValue":2,"Severity":"INFO","EventID":600,"SourceName":"PowerShell","Task":6,"RecordNumber":2738,"ProcessID":0,"ThreadID":0,"Channel":"Windows PowerShell","Message":"Provider \"Variable\" is Started. \r\n\r\nDetails: \r\n\tProviderName=Variable\r\n\tNewProviderState=Started\r\n\r\n\tSequenceNumber=507\r\n\r\n\tHostName=Default Host\r\n\tHostVersion=5.1.14393.5582\r\n\tHostId=d02a971c-9d51-44cc-a3e9-3dda63f2190e\r\n\tHostApplication=C:\\Windows\\system32\\WindowsPowerShell\\v1.0\\PowerShell_ISE.exe\r\n\tEngineVersion=\r\n\tRunspaceId=\r\n\tPipelineId=\r\n\tCommandName=\r\n\tCommandType=\r\n\tScriptName=\r\n\tCommandPath=\r\n\tCommandLine=","Category":"Provider Lifecycle","Opcode":"Info","EventReceivedTime":1677866059,"SourceModuleName":"in_powershell","SourceModuleType":"im_msvistalog"}
<14>Mar  3 17:54:19 win-server.lunarstiiiness.com PowerShell[0]: {"EventTime":1677866059,"Hostname":"win-server.lunarstiiiness.com","Keywords":36028797018963968,"EventType":"INFO","SeverityValue":2,"Severity":"INFO","EventID":600,"SourceName":"PowerShell","Task":6,"RecordNumber":2733,"ProcessID":0,"ThreadID":0,"Channel":"Windows PowerShell","Message":"Provider \"Registry\" is Started. \r\n\r\nDetails: \r\n\tProviderName=Registry\r\n\tNewProviderState=Started\r\n\r\n\tSequenceNumber=497\r\n\r\n\tHostName=Default Host\r\n\tHostVersion=5.1.14393.5582\r\n\tHostId=d02a971c-9d51-44cc-a3e9-3dda63f2190e\r\n\tHostApplication=C:\\Windows\\system32\\WindowsPowerShell\\v1.0\\PowerShell_ISE.exe\r\n\tEngineVersion=\r\n\tRunspaceId=\r\n\tPipelineId=\r\n\tCommandName=\r\n\tCommandType=\r\n\tScriptName=\r\n\tCommandPath=\r\n\tCommandLine=","Category":"Provider Lifecycle","Opcode":"Info","EventReceivedTime":1677866059,"SourceModuleName":"in_powershell","SourceModuleType":"im_msvistalog"}
<14>Mar  3 17:54:19 win-server.lunarstiiiness.com PowerShell[0]: {"EventTime":1677866059,"Hostname":"win-server.lunarstiiiness.com","Keywords":36028797018963968,"EventType":"INFO","SeverityValue":2,"Severity":"INFO","EventID":600,"SourceName":"PowerShell","Task":6,"RecordNumber":2734,"ProcessID":0,"ThreadID":0,"Channel":"Windows PowerShell","Message":"Provider \"Alias\" is Started. \r\n\r\nDetails: \r\n\tProviderName=Alias\r\n\tNewProviderState=Started\r\n\r\n\tSequenceNumber=499\r\n\r\n\tHostName=Default Host\r\n\tHostVersion=5.1.14393.5582\r\n\tHostId=d02a971c-9d51-44cc-a3e9-3dda63f2190e\r\n\tHostApplication=C:\\Windows\\system32\\WindowsPowerShell\\v1.0\\PowerShell_ISE.exe\r\n\tEngineVersion=\r\n\tRunspaceId=\r\n\tPipelineId=\r\n\tCommandName=\r\n\tCommandType=\r\n\tScriptName=\r\n\tCommandPath=\r\n\tCommandLine=","Category":"Provider Lifecycle","Opcode":"Info","EventReceivedTime":1677866059,"SourceModuleName":"in_powershell","SourceModuleType":"im_msvistalog"}
<14>Mar  3 17:54:19 win-server.lunarstiiiness.com PowerShell[0]: {"EventTime":1677866059,"Hostname":"win-server.lunarstiiiness.com","Keywords":36028797018963968,"EventType":"INFO","SeverityValue":2,"Severity":"INFO","EventID":600,"SourceName":"PowerShell","Task":6,"RecordNumber":2737,"ProcessID":0,"ThreadID":0,"Channel":"Windows PowerShell","Message":"Provider \"Function\" is Started. \r\n\r\nDetails: \r\n\tProviderName=Function\r\n\tNewProviderState=Started\r\n\r\n\tSequenceNumber=505\r\n\r\n\tHostName=Default Host\r\n\tHostVersion=5.1.14393.5582\r\n\tHostId=d02a971c-9d51-44cc-a3e9-3dda63f2190e\r\n\tHostApplication=C:\\Windows\\system32\\WindowsPowerShell\\v1.0\\PowerShell_ISE.exe\r\n\tEngineVersion=\r\n\tRunspaceId=\r\n\tPipelineId=\r\n\tCommandName=\r\n\tCommandType=\r\n\tScriptName=\r\n\tCommandPath=\r\n\tCommandLine=","Category":"Provider Lifecycle","Opcode":"Info","EventReceivedTime":1677866059,"SourceModuleName":"in_powershell","SourceModuleType":"im_msvistalog"}
<14>Mar  3 17:54:19 win-server.lunarstiiiness.com PowerShell[0]: {"EventTime":1677866059,"Hostname":"win-server.lunarstiiiness.com","Keywords":36028797018963968,"EventType":"INFO","SeverityValue":2,"Severity":"INFO","EventID":600,"SourceName":"PowerShell","Task":6,"RecordNumber":2736,"ProcessID":0,"ThreadID":0,"Channel":"Windows PowerShell","Message":"Provider \"FileSystem\" is Started. \r\n\r\nDetails: \r\n\tProviderName=FileSystem\r\n\tNewProviderState=Started\r\n\r\n\tSequenceNumber=503\r\n\r\n\tHostName=Default Host\r\n\tHostVersion=5.1.14393.5582\r\n\tHostId=d02a971c-9d51-44cc-a3e9-3dda63f2190e\r\n\tHostApplication=C:\\Windows\\system32\\WindowsPowerShell\\v1.0\\PowerShell_ISE.exe\r\n\tEngineVersion=\r\n\tRunspaceId=\r\n\tPipelineId=\r\n\tCommandName=\r\n\tCommandType=\r\n\tScriptName=\r\n\tCommandPath=\r\n\tCommandLine=","Category":"Provider Lifecycle","Opcode":"Info","EventReceivedTime":1677866059,"SourceModuleName":"in_powershell","SourceModuleType":"im_msvistalog"}
<14>Mar  3 17:54:19 win-server.lunarstiiiness.com PowerShell[0]: {"EventTime":1677866059,"Hostname":"win-server.lunarstiiiness.com","Keywords":36028797018963968,"EventType":"INFO","SeverityValue":2,"Severity":"INFO","EventID":600,"SourceName":"PowerShell","Task":6,"RecordNumber":2735,"ProcessID":0,"ThreadID":0,"Channel":"Windows PowerShell","Message":"Provider \"Environment\" is Started. \r\n\r\nDetails: \r\n\tProviderName=Environment\r\n\tNewProviderState=Started\r\n\r\n\tSequenceNumber=501\r\n\r\n\tHostName=Default Host\r\n\tHostVersion=5.1.14393.5582\r\n\tHostId=d02a971c-9d51-44cc-a3e9-3dda63f2190e\r\n\tHostApplication=C:\\Windows\\system32\\WindowsPowerShell\\v1.0\\PowerShell_ISE.exe\r\n\tEngineVersion=\r\n\tRunspaceId=\r\n\tPipelineId=\r\n\tCommandName=\r\n\tCommandType=\r\n\tScriptName=\r\n\tCommandPath=\r\n\tCommandLine=","Category":"Provider Lifecycle","Opcode":"Info","EventReceivedTime":1677866059,"SourceModuleName":"in_powershell","SourceModuleType":"im_msvistalog"}
<14>Mar  3 17:54:19 win-server.lunarstiiiness.com PowerShell[0]: {"EventTime":1677866059,"Hostname":"win-server.lunarstiiiness.com","Keywords":36028797018963968,"EventType":"INFO","SeverityValue":2,"Severity":"INFO","EventID":500,"SourceName":"PowerShell","Task":5,"RecordNumber":2764,"ProcessID":0,"ThreadID":0,"Channel":"Windows PowerShell","Message":"Command \"prompt\" is Started. \r\n\r\nDetails: \r\n\tNewCommandState=Started\r\n\r\n\tSequenceNumber=535\r\n\r\n\tHostName=Windows PowerShell ISE Host\r\n\tHostVersion=5.1.14393.5582\r\n\tHostId=78b0ce87-a0f4-49b9-aee8-08d6d3937dd0\r\n\tHostApplication=C:\\Windows\\system32\\WindowsPowerShell\\v1.0\\PowerShell_ISE.exe\r\n\tEngineVersion=5.1.14393.5582\r\n\tRunspaceId=742848cb-1ed3-4bc7-95d6-a562da6a8d2d\r\n\tPipelineId=75\r\n\tCommandName=prompt\r\n\tCommandType=Function\r\n\tScriptName=\r\n\tCommandPath=\r\n\tCommandLine=prompt","Category":"Command Lifecycle","Opcode":"Info","EventReceivedTime":1677866059,"SourceModuleName":"in_powershell","SourceModuleType":"im_msvistalog"}
<14>Mar  3 17:54:19 win-server.lunarstiiiness.com PowerShell[0]: {"EventTime":1677866059,"Hostname":"win-server.lunarstiiiness.com","Keywords":36028797018963968,"EventType":"INFO","SeverityValue":2,"Severity":"INFO","EventID":500,"SourceName":"PowerShell","Task":5,"RecordNumber":2763,"ProcessID":0,"ThreadID":0,"Channel":"Windows PowerShell","Message":"Command \"Out-Default\" is Started. \r\n\r\nDetails: \r\n\tNewCommandState=Started\r\n\r\n\tSequenceNumber=534\r\n\r\n\tHostName=Windows PowerShell ISE Host\r\n\tHostVersion=5.1.14393.5582\r\n\tHostId=78b0ce87-a0f4-49b9-aee8-08d6d3937dd0\r\n\tHostApplication=C:\\Windows\\system32\\WindowsPowerShell\\v1.0\\PowerShell_ISE.exe\r\n\tEngineVersion=5.1.14393.5582\r\n\tRunspaceId=742848cb-1ed3-4bc7-95d6-a562da6a8d2d\r\n\tPipelineId=75\r\n\tCommandName=Out-Default\r\n\tCommandType=Cmdlet\r\n\tScriptName=\r\n\tCommandPath=\r\n\tCommandLine=","Category":"Command Lifecycle","Opcode":"Info","EventReceivedTime":1677866059,"SourceModuleName":"in_powershell","SourceModuleType":"im_msvistalog"}
<14>Mar  3 17:54:19 win-server.lunarstiiiness.com PowerShell[0]: {"EventTime":1677866059,"Hostname":"win-server.lunarstiiiness.com","Keywords":36028797018963968,"EventType":"INFO","SeverityValue":2,"Severity":"INFO","EventID":500,"SourceName":"PowerShell","Task":5,"RecordNumber":2754,"ProcessID":0,"ThreadID":0,"Channel":"Windows PowerShell","Message":"Command \"\" is Started. \r\n\r\nDetails: \r\n\tNewCommandState=Started\r\n\r\n\tSequenceNumber=525\r\n\r\n\tHostName=Windows PowerShell ISE Host\r\n\tHostVersion=5.1.14393.5582\r\n\tHostId=78b0ce87-a0f4-49b9-aee8-08d6d3937dd0\r\n\tHostApplication=C:\\Windows\\system32\\WindowsPowerShell\\v1.0\\PowerShell_ISE.exe\r\n\tEngineVersion=5.1.14393.5582\r\n\tRunspaceId=742848cb-1ed3-4bc7-95d6-a562da6a8d2d\r\n\tPipelineId=74\r\n\tCommandName=\r\n\tCommandType=Script\r\n\tScriptName=\r\n\tCommandPath=\r\n\tCommandLine=                                        $originInfo = & { Set-StrictMode -Version 1; $_.OriginInfo }\r\n","Category":"Command Lifecycle","Opcode":"Info","EventReceivedTime":1677866059,"SourceModuleName":"in_powershell","SourceModuleType":"im_msvistalog"}
<14>Mar  3 17:54:19 win-server.lunarstiiiness.com PowerShell[0]: {"EventTime":1677866059,"Hostname":"win-server.lunarstiiiness.com","Keywords":36028797018963968,"EventType":"INFO","SeverityValue":2,"Severity":"INFO","EventID":500,"SourceName":"PowerShell","Task":5,"RecordNumber":2741,"ProcessID":0,"ThreadID":0,"Channel":"Windows PowerShell","Message":"Command \"format-default\" is Started. \r\n\r\nDetails: \r\n\tNewCommandState=Started\r\n\r\n\tSequenceNumber=512\r\n\r\n\tHostName=Windows PowerShell ISE Host\r\n\tHostVersion=5.1.14393.5582\r\n\tHostId=78b0ce87-a0f4-49b9-aee8-08d6d3937dd0\r\n\tHostApplication=C:\\Windows\\system32\\WindowsPowerShell\\v1.0\\PowerShell_ISE.exe\r\n\tEngineVersion=5.1.14393.5582\r\n\tRunspaceId=742848cb-1ed3-4bc7-95d6-a562da6a8d2d\r\n\tPipelineId=74\r\n\tCommandName=format-default\r\n\tCommandType=Cmdlet\r\n\tScriptName=\r\n\tCommandPath=\r\n\tCommandLine=","Category":"Command Lifecycle","Opcode":"Info","EventReceivedTime":1677866059,"SourceModuleName":"in_powershell","SourceModuleType":"im_msvistalog"}
<14>Mar  3 17:54:19 win-server.lunarstiiiness.com PowerShell[0]: {"EventTime":1677866059,"Hostname":"win-server.lunarstiiiness.com","Keywords":36028797018963968,"EventType":"INFO","SeverityValue":2,"Severity":"INFO","EventID":500,"SourceName":"PowerShell","Task":5,"RecordNumber":2751,"ProcessID":0,"ThreadID":0,"Channel":"Windows PowerShell","Message":"Command \"Set-StrictMode\" is Started. \r\n\r\nDetails: \r\n\tNewCommandState=Started\r\n\r\n\tSequenceNumber=522\r\n\r\n\tHostName=Windows PowerShell ISE Host\r\n\tHostVersion=5.1.14393.5582\r\n\tHostId=78b0ce87-a0f4-49b9-aee8-08d6d3937dd0\r\n\tHostApplication=C:\\Windows\\system32\\WindowsPowerShell\\v1.0\\PowerShell_ISE.exe\r\n\tEngineVersion=5.1.14393.5582\r\n\tRunspaceId=742848cb-1ed3-4bc7-95d6-a562da6a8d2d\r\n\tPipelineId=74\r\n\tCommandName=Set-StrictMode\r\n\tCommandType=Cmdlet\r\n\tScriptName=\r\n\tCommandPath=\r\n\tCommandLine=                                        $errorCategoryMsg = & { Set-StrictMode -Version 1; $_.ErrorCategory_Message }\r\n","Category":"Command Lifecycle","Opcode":"Info","EventReceivedTime":1677866059,"SourceModuleName":"in_powershell","SourceModuleType":"im_msvistalog"}
<14>Mar  3 17:54:19 win-server.lunarstiiiness.com PowerShell[0]: {"EventTime":1677866059,"Hostname":"win-server.lunarstiiiness.com","Keywords":36028797018963968,"EventType":"INFO","SeverityValue":2,"Severity":"INFO","EventID":500,"SourceName":"PowerShell","Task":5,"RecordNumber":2743,"ProcessID":0,"ThreadID":0,"Channel":"Windows PowerShell","Message":"Command \"Set-StrictMode\" is Started. \r\n\r\nDetails: \r\n\tNewCommandState=Started\r\n\r\n\tSequenceNumber=514\r\n\r\n\tHostName=Windows PowerShell ISE Host\r\n\tHostVersion=5.1.14393.5582\r\n\tHostId=78b0ce87-a0f4-49b9-aee8-08d6d3937dd0\r\n\tHostApplication=C:\\Windows\\system32\\WindowsPowerShell\\v1.0\\PowerShell_ISE.exe\r\n\tEngineVersion=5.1.14393.5582\r\n\tRunspaceId=742848cb-1ed3-4bc7-95d6-a562da6a8d2d\r\n\tPipelineId=74\r\n\tCommandName=Set-StrictMode\r\n\tCommandType=Cmdlet\r\n\tScriptName=\r\n\tCommandPath=\r\n\tCommandLine=                                        if ( & { Set-StrictMode -Version 1; $_.PSMessageDetails } ) {\r\n","Category":"Command Lifecycle","Opcode":"Info","EventReceivedTime":1677866059,"SourceModuleName":"in_powershell","SourceModuleType":"im_msvistalog"}
<14>Mar  3 17:54:19 win-server.lunarstiiiness.com PowerShell[0]: {"EventTime":1677866059,"Hostname":"win-server.lunarstiiiness.com","Keywords":36028797018963968,"EventType":"INFO","SeverityValue":2,"Severity":"INFO","EventID":500,"SourceName":"PowerShell","Task":5,"RecordNumber":2746,"ProcessID":0,"ThreadID":0,"Channel":"Windows PowerShell","Message":"Command \"Set-StrictMode\" is Started. \r\n\r\nDetails: \r\n\tNewCommandState=Started\r\n\r\n\tSequenceNumber=517\r\n\r\n\tHostName=Windows PowerShell ISE Host\r\n\tHostVersion=5.1.14393.5582\r\n\tHostId=78b0ce87-a0f4-49b9-aee8-08d6d3937dd0\r\n\tHostApplication=C:\\Windows\\system32\\WindowsPowerShell\\v1.0\\PowerShell_ISE.exe\r\n\tEngineVersion=5.1.14393.5582\r\n\tRunspaceId=742848cb-1ed3-4bc7-95d6-a562da6a8d2d\r\n\tPipelineId=74\r\n\tCommandName=Set-StrictMode\r\n\tCommandType=Cmdlet\r\n\tScriptName=\r\n\tCommandPath=\r\n\tCommandLine=& { Set-StrictMode -Version 1; $this.Exception.InnerException.PSMessageDetails }","Category":"Command Lifecycle","Opcode":"Info","EventReceivedTime":1677866059,"SourceModuleName":"in_powershell","SourceModuleType":"im_msvistalog"}
<14>Mar  3 17:54:19 win-server.lunarstiiiness.com PowerShell[0]: {"EventTime":1677866059,"Hostname":"win-server.lunarstiiiness.com","Keywords":36028797018963968,"EventType":"INFO","SeverityValue":2,"Severity":"INFO","EventID":500,"SourceName":"PowerShell","Task":5,"RecordNumber":2766,"ProcessID":0,"ThreadID":0,"Channel":"Windows PowerShell","Message":"Command \"format-default\" is Started. \r\n\r\nDetails: \r\n\tNewCommandState=Started\r\n\r\n\tSequenceNumber=537\r\n\r\n\tHostName=Windows PowerShell ISE Host\r\n\tHostVersion=5.1.14393.5582\r\n\tHostId=78b0ce87-a0f4-49b9-aee8-08d6d3937dd0\r\n\tHostApplication=C:\\Windows\\system32\\WindowsPowerShell\\v1.0\\PowerShell_ISE.exe\r\n\tEngineVersion=5.1.14393.5582\r\n\tRunspaceId=742848cb-1ed3-4bc7-95d6-a562da6a8d2d\r\n\tPipelineId=75\r\n\tCommandName=format-default\r\n\tCommandType=Cmdlet\r\n\tScriptName=\r\n\tCommandPath=\r\n\tCommandLine=","Category":"Command Lifecycle","Opcode":"Info","EventReceivedTime":1677866059,"SourceModuleName":"in_powershell","SourceModuleType":"im_msvistalog"}
<14>Mar  3 17:54:19 win-server.lunarstiiiness.com PowerShell[0]: {"EventTime":1677866059,"Hostname":"win-server.lunarstiiiness.com","Keywords":36028797018963968,"EventType":"INFO","SeverityValue":2,"Severity":"INFO","EventID":500,"SourceName":"PowerShell","Task":5,"RecordNumber":2742,"ProcessID":0,"ThreadID":0,"Channel":"Windows PowerShell","Message":"Command \"\" is Started. \r\n\r\nDetails: \r\n\tNewCommandState=Started\r\n\r\n\tSequenceNumber=513\r\n\r\n\tHostName=Windows PowerShell ISE Host\r\n\tHostVersion=5.1.14393.5582\r\n\tHostId=78b0ce87-a0f4-49b9-aee8-08d6d3937dd0\r\n\tHostApplication=C:\\Windows\\system32\\WindowsPowerShell\\v1.0\\PowerShell_ISE.exe\r\n\tEngineVersion=5.1.14393.5582\r\n\tRunspaceId=742848cb-1ed3-4bc7-95d6-a562da6a8d2d\r\n\tPipelineId=74\r\n\tCommandName=\r\n\tCommandType=Script\r\n\tScriptName=\r\n\tCommandPath=\r\n\tCommandLine=                                        if ( & { Set-StrictMode -Version 1; $_.PSMessageDetails } ) {\r\n","Category":"Command Lifecycle","Opcode":"Info","EventReceivedTime":1677866059,"SourceModuleName":"in_powershell","SourceModuleType":"im_msvistalog"}
<14>Mar  3 17:54:19 win-server.lunarstiiiness.com PowerShell[0]: {"EventTime":1677866059,"Hostname":"win-server.lunarstiiiness.com","Keywords":36028797018963968,"EventType":"INFO","SeverityValue":2,"Severity":"INFO","EventID":500,"SourceName":"PowerShell","Task":5,"RecordNumber":2745,"ProcessID":0,"ThreadID":0,"Channel":"Windows PowerShell","Message":"Command \"\" is Started. \r\n\r\nDetails: \r\n\tNewCommandState=Started\r\n\r\n\tSequenceNumber=516\r\n\r\n\tHostName=Windows PowerShell ISE Host\r\n\tHostVersion=5.1.14393.5582\r\n\tHostId=78b0ce87-a0f4-49b9-aee8-08d6d3937dd0\r\n\tHostApplication=C:\\Windows\\system32\\WindowsPowerShell\\v1.0\\PowerShell_ISE.exe\r\n\tEngineVersion=5.1.14393.5582\r\n\tRunspaceId=742848cb-1ed3-4bc7-95d6-a562da6a8d2d\r\n\tPipelineId=74\r\n\tCommandName=\r\n\tCommandType=Script\r\n\tScriptName=\r\n\tCommandPath=\r\n\tCommandLine=& { Set-StrictMode -Version 1; $this.Exception.InnerException.PSMessageDetails }","Category":"Command Lifecycle","Opcode":"Info","EventReceivedTime":1677866059,"SourceModuleName":"in_powershell","SourceModuleType":"im_msvistalog"}
<14>Mar  3 17:54:19 win-server.lunarstiiiness.com PowerShell[0]: {"EventTime":1677866059,"Hostname":"win-server.lunarstiiiness.com","Keywords":36028797018963968,"EventType":"INFO","SeverityValue":2,"Severity":"INFO","EventID":500,"SourceName":"PowerShell","Task":5,"RecordNumber":2750,"ProcessID":0,"ThreadID":0,"Channel":"Windows PowerShell","Message":"Command \"\" is Started. \r\n\r\nDetails: \r\n\tNewCommandState=Started\r\n\r\n\tSequenceNumber=521\r\n\r\n\tHostName=Windows PowerShell ISE Host\r\n\tHostVersion=5.1.14393.5582\r\n\tHostId=78b0ce87-a0f4-49b9-aee8-08d6d3937dd0\r\n\tHostApplication=C:\\Windows\\system32\\WindowsPowerShell\\v1.0\\PowerShell_ISE.exe\r\n\tEngineVersion=5.1.14393.5582\r\n\tRunspaceId=742848cb-1ed3-4bc7-95d6-a562da6a8d2d\r\n\tPipelineId=74\r\n\tCommandName=\r\n\tCommandType=Script\r\n\tScriptName=\r\n\tCommandPath=\r\n\tCommandLine=                                        $errorCategoryMsg = & { Set-StrictMode -Version 1; $_.ErrorCategory_Message }\r\n","Category":"Command Lifecycle","Opcode":"Info","EventReceivedTime":1677866059,"SourceModuleName":"in_powershell","SourceModuleType":"im_msvistalog"}
<14>Mar  3 17:54:19 win-server.lunarstiiiness.com PowerShell[0]: {"EventTime":1677866059,"Hostname":"win-server.lunarstiiiness.com","Keywords":36028797018963968,"EventType":"INFO","SeverityValue":2,"Severity":"INFO","EventID":500,"SourceName":"PowerShell","Task":5,"RecordNumber":2762,"ProcessID":0,"ThreadID":0,"Channel":"Windows PowerShell","Message":"Command \"\" is Started. \r\n\r\nDetails: \r\n\tNewCommandState=Started\r\n\r\n\tSequenceNumber=533\r\n\r\n\tHostName=Windows PowerShell ISE Host\r\n\tHostVersion=5.1.14393.5582\r\n\tHostId=78b0ce87-a0f4-49b9-aee8-08d6d3937dd0\r\n\tHostApplication=C:\\Windows\\system32\\WindowsPowerShell\\v1.0\\PowerShell_ISE.exe\r\n\tEngineVersion=5.1.14393.5582\r\n\tRunspaceId=742848cb-1ed3-4bc7-95d6-a562da6a8d2d\r\n\tPipelineId=75\r\n\tCommandName=\r\n\tCommandType=Script\r\n\tScriptName=\r\n\tCommandPath=\r\n\tCommandLine=","Category":"Command Lifecycle","Opcode":"Info","EventReceivedTime":1677866059,"SourceModuleName":"in_powershell","SourceModuleType":"im_msvistalog"}
<14>Mar  3 17:54:19 win-server.lunarstiiiness.com PowerShell[0]: {"EventTime":1677866059,"Hostname":"win-server.lunarstiiiness.com","Keywords":36028797018963968,"EventType":"INFO","SeverityValue":2,"Severity":"INFO","EventID":500,"SourceName":"PowerShell","Task":5,"RecordNumber":2755,"ProcessID":0,"ThreadID":0,"Channel":"Windows PowerShell","Message":"Command \"Set-StrictMode\" is Started. \r\n\r\nDetails: \r\n\tNewCommandState=Started\r\n\r\n\tSequenceNumber=526\r\n\r\n\tHostName=Windows PowerShell ISE Host\r\n\tHostVersion=5.1.14393.5582\r\n\tHostId=78b0ce87-a0f4-49b9-aee8-08d6d3937dd0\r\n\tHostApplication=C:\\Windows\\system32\\WindowsPowerShell\\v1.0\\PowerShell_ISE.exe\r\n\tEngineVersion=5.1.14393.5582\r\n\tRunspaceId=742848cb-1ed3-4bc7-95d6-a562da6a8d2d\r\n\tPipelineId=74\r\n\tCommandName=Set-StrictMode\r\n\tCommandType=Cmdlet\r\n\tScriptName=\r\n\tCommandPath=\r\n\tCommandLine=                                        $originInfo = & { Set-StrictMode -Version 1; $_.OriginInfo }\r\n","Category":"Command Lifecycle","Opcode":"Info","EventReceivedTime":1677866059,"SourceModuleName":"in_powershell","SourceModuleType":"im_msvistalog"}
<14>Mar  3 17:54:19 win-server.lunarstiiiness.com PowerShell[0]: {"EventTime":1677866059,"Hostname":"win-server.lunarstiiiness.com","Keywords":36028797018963968,"EventType":"INFO","SeverityValue":2,"Severity":"INFO","EventID":500,"SourceName":"PowerShell","Task":5,"RecordNumber":2740,"ProcessID":0,"ThreadID":0,"Channel":"Windows PowerShell","Message":"Command \"out-lineoutput\" is Started. \r\n\r\nDetails: \r\n\tNewCommandState=Started\r\n\r\n\tSequenceNumber=511\r\n\r\n\tHostName=Windows PowerShell ISE Host\r\n\tHostVersion=5.1.14393.5582\r\n\tHostId=78b0ce87-a0f4-49b9-aee8-08d6d3937dd0\r\n\tHostApplication=C:\\Windows\\system32\\WindowsPowerShell\\v1.0\\PowerShell_ISE.exe\r\n\tEngineVersion=5.1.14393.5582\r\n\tRunspaceId=742848cb-1ed3-4bc7-95d6-a562da6a8d2d\r\n\tPipelineId=74\r\n\tCommandName=out-lineoutput\r\n\tCommandType=Cmdlet\r\n\tScriptName=\r\n\tCommandPath=\r\n\tCommandLine=","Category":"Command Lifecycle","Opcode":"Info","EventReceivedTime":1677866059,"SourceModuleName":"in_powershell","SourceModuleType":"im_msvistalog"}
<14>Mar  3 17:54:19 win-server.lunarstiiiness.com PowerShell[0]: {"EventTime":1677866059,"Hostname":"win-server.lunarstiiiness.com","Keywords":36028797018963968,"EventType":"INFO","SeverityValue":2,"Severity":"INFO","EventID":500,"SourceName":"PowerShell","Task":5,"RecordNumber":2765,"ProcessID":0,"ThreadID":0,"Channel":"Windows PowerShell","Message":"Command \"out-lineoutput\" is Started. \r\n\r\nDetails: \r\n\tNewCommandState=Started\r\n\r\n\tSequenceNumber=536\r\n\r\n\tHostName=Windows PowerShell ISE Host\r\n\tHostVersion=5.1.14393.5582\r\n\tHostId=78b0ce87-a0f4-49b9-aee8-08d6d3937dd0\r\n\tHostApplication=C:\\Windows\\system32\\WindowsPowerShell\\v1.0\\PowerShell_ISE.exe\r\n\tEngineVersion=5.1.14393.5582\r\n\tRunspaceId=742848cb-1ed3-4bc7-95d6-a562da6a8d2d\r\n\tPipelineId=75\r\n\tCommandName=out-lineoutput\r\n\tCommandType=Cmdlet\r\n\tScriptName=\r\n\tCommandPath=\r\n\tCommandLine=","Category":"Command Lifecycle","Opcode":"Info","EventReceivedTime":1677866059,"SourceModuleName":"in_powershell","SourceModuleType":"im_msvistalog"}
<14>Mar  3 17:54:19 win-server.lunarstiiiness.com PowerShell[0]: {"EventTime":1677866059,"Hostname":"win-server.lunarstiiiness.com","Keywords":36028797018963968,"EventType":"INFO","SeverityValue":2,"Severity":"INFO","EventID":501,"SourceName":"PowerShell","Task":5,"RecordNumber":2753,"ProcessID":0,"ThreadID":0,"Channel":"Windows PowerShell","Message":"Command \"\" is Stopped. \r\n\r\nDetails: \r\n\tNewCommandState=Stopped\r\n\r\n\tSequenceNumber=524\r\n\r\n\tHostName=Windows PowerShell ISE Host\r\n\tHostVersion=5.1.14393.5582\r\n\tHostId=78b0ce87-a0f4-49b9-aee8-08d6d3937dd0\r\n\tHostApplication=C:\\Windows\\system32\\WindowsPowerShell\\v1.0\\PowerShell_ISE.exe\r\n\tEngineVersion=5.1.14393.5582\r\n\tRunspaceId=742848cb-1ed3-4bc7-95d6-a562da6a8d2d\r\n\tPipelineId=74\r\n\tCommandName=\r\n\tCommandType=Script\r\n\tScriptName=\r\n\tCommandPath=\r\n\tCommandLine=                                        $errorCategoryMsg = & { Set-StrictMode -Version 1; $_.ErrorCategory_Message }\r\n","Category":"Command Lifecycle","Opcode":"Info","EventReceivedTime":1677866059,"SourceModuleName":"in_powershell","SourceModuleType":"im_msvistalog"}
<14>Mar  3 17:54:19 win-server.lunarstiiiness.com PowerShell[0]: {"EventTime":1677866059,"Hostname":"win-server.lunarstiiiness.com","Keywords":36028797018963968,"EventType":"INFO","SeverityValue":2,"Severity":"INFO","EventID":501,"SourceName":"PowerShell","Task":5,"RecordNumber":2744,"ProcessID":0,"ThreadID":0,"Channel":"Windows PowerShell","Message":"Command \"Set-StrictMode\" is Stopped. \r\n\r\nDetails: \r\n\tNewCommandState=Stopped\r\n\r\n\tSequenceNumber=515\r\n\r\n\tHostName=Windows PowerShell ISE Host\r\n\tHostVersion=5.1.14393.5582\r\n\tHostId=78b0ce87-a0f4-49b9-aee8-08d6d3937dd0\r\n\tHostApplication=C:\\Windows\\system32\\WindowsPowerShell\\v1.0\\PowerShell_ISE.exe\r\n\tEngineVersion=5.1.14393.5582\r\n\tRunspaceId=742848cb-1ed3-4bc7-95d6-a562da6a8d2d\r\n\tPipelineId=74\r\n\tCommandName=Set-StrictMode\r\n\tCommandType=Cmdlet\r\n\tScriptName=\r\n\tCommandPath=\r\n\tCommandLine=                                        if ( & { Set-StrictMode -Version 1; $_.PSMessageDetails } ) {\r\n","Category":"Command Lifecycle","Opcode":"Info","EventReceivedTime":1677866059,"SourceModuleName":"in_powershell","SourceModuleType":"im_msvistalog"}
<14>Mar  3 17:54:19 win-server.lunarstiiiness.com PowerShell[0]: {"EventTime":1677866059,"Hostname":"win-server.lunarstiiiness.com","Keywords":36028797018963968,"EventType":"INFO","SeverityValue":2,"Severity":"INFO","EventID":501,"SourceName":"PowerShell","Task":5,"RecordNumber":2758,"ProcessID":0,"ThreadID":0,"Channel":"Windows PowerShell","Message":"Command \"\" is Stopped. \r\n\r\nDetails: \r\n\tNewCommandState=Stopped\r\n\r\n\tSequenceNumber=529\r\n\r\n\tHostName=Windows PowerShell ISE Host\r\n\tHostVersion=5.1.14393.5582\r\n\tHostId=78b0ce87-a0f4-49b9-aee8-08d6d3937dd0\r\n\tHostApplication=C:\\Windows\\system32\\WindowsPowerShell\\v1.0\\PowerShell_ISE.exe\r\n\tEngineVersion=5.1.14393.5582\r\n\tRunspaceId=742848cb-1ed3-4bc7-95d6-a562da6a8d2d\r\n\tPipelineId=74\r\n\tCommandName=\r\n\tCommandType=Script\r\n\tScriptName=\r\n\tCommandPath=\r\n\tCommandLine=","Category":"Command Lifecycle","Opcode":"Info","EventReceivedTime":1677866059,"SourceModuleName":"in_powershell","SourceModuleType":"im_msvistalog"}
<14>Mar  3 17:54:19 win-server.lunarstiiiness.com PowerShell[0]: {"EventTime":1677866059,"Hostname":"win-server.lunarstiiiness.com","Keywords":36028797018963968,"EventType":"INFO","SeverityValue":2,"Severity":"INFO","EventID":501,"SourceName":"PowerShell","Task":5,"RecordNumber":2748,"ProcessID":0,"ThreadID":0,"Channel":"Windows PowerShell","Message":"Command \"\" is Stopped. \r\n\r\nDetails: \r\n\tNewCommandState=Stopped\r\n\r\n\tSequenceNumber=519\r\n\r\n\tHostName=Windows PowerShell ISE Host\r\n\tHostVersion=5.1.14393.5582\r\n\tHostId=78b0ce87-a0f4-49b9-aee8-08d6d3937dd0\r\n\tHostApplication=C:\\Windows\\system32\\WindowsPowerShell\\v1.0\\PowerShell_ISE.exe\r\n\tEngineVersion=5.1.14393.5582\r\n\tRunspaceId=742848cb-1ed3-4bc7-95d6-a562da6a8d2d\r\n\tPipelineId=74\r\n\tCommandName=\r\n\tCommandType=Script\r\n\tScriptName=\r\n\tCommandPath=\r\n\tCommandLine=& { Set-StrictMode -Version 1; $this.Exception.InnerException.PSMessageDetails }","Category":"Command Lifecycle","Opcode":"Info","EventReceivedTime":1677866059,"SourceModuleName":"in_powershell","SourceModuleType":"im_msvistalog"}
<14>Mar  3 17:54:19 win-server.lunarstiiiness.com PowerShell[0]: {"EventTime":1677866059,"Hostname":"win-server.lunarstiiiness.com","Keywords":36028797018963968,"EventType":"INFO","SeverityValue":2,"Severity":"INFO","EventID":501,"SourceName":"PowerShell","Task":5,"RecordNumber":2761,"ProcessID":0,"ThreadID":0,"Channel":"Windows PowerShell","Message":"Command \"Out-Default\" is Stopped. \r\n\r\nDetails: \r\n\tNewCommandState=Stopped\r\n\r\n\tSequenceNumber=532\r\n\r\n\tHostName=Windows PowerShell ISE Host\r\n\tHostVersion=5.1.14393.5582\r\n\tHostId=78b0ce87-a0f4-49b9-aee8-08d6d3937dd0\r\n\tHostApplication=C:\\Windows\\system32\\WindowsPowerShell\\v1.0\\PowerShell_ISE.exe\r\n\tEngineVersion=5.1.14393.5582\r\n\tRunspaceId=742848cb-1ed3-4bc7-95d6-a562da6a8d2d\r\n\tPipelineId=74\r\n\tCommandName=Out-Default\r\n\tCommandType=Cmdlet\r\n\tScriptName=\r\n\tCommandPath=\r\n\tCommandLine=","Category":"Command Lifecycle","Opcode":"Info","EventReceivedTime":1677866059,"SourceModuleName":"in_powershell","SourceModuleType":"im_msvistalog"}
<14>Mar  3 17:54:19 win-server.lunarstiiiness.com PowerShell[0]: {"EventTime":1677866059,"Hostname":"win-server.lunarstiiiness.com","Keywords":36028797018963968,"EventType":"INFO","SeverityValue":2,"Severity":"INFO","EventID":501,"SourceName":"PowerShell","Task":5,"RecordNumber":2771,"ProcessID":0,"ThreadID":0,"Channel":"Windows PowerShell","Message":"Command \"Out-Default\" is Stopped. \r\n\r\nDetails: \r\n\tNewCommandState=Stopped\r\n\r\n\tSequenceNumber=542\r\n\r\n\tHostName=Windows PowerShell ISE Host\r\n\tHostVersion=5.1.14393.5582\r\n\tHostId=78b0ce87-a0f4-49b9-aee8-08d6d3937dd0\r\n\tHostApplication=C:\\Windows\\system32\\WindowsPowerShell\\v1.0\\PowerShell_ISE.exe\r\n\tEngineVersion=5.1.14393.5582\r\n\tRunspaceId=742848cb-1ed3-4bc7-95d6-a562da6a8d2d\r\n\tPipelineId=75\r\n\tCommandName=Out-Default\r\n\tCommandType=Cmdlet\r\n\tScriptName=\r\n\tCommandPath=\r\n\tCommandLine=","Category":"Command Lifecycle","Opcode":"Info","EventReceivedTime":1677866059,"SourceModuleName":"in_powershell","SourceModuleType":"im_msvistalog"}
<14>Mar  3 17:54:19 win-server.lunarstiiiness.com PowerShell[0]: {"EventTime":1677866059,"Hostname":"win-server.lunarstiiiness.com","Keywords":36028797018963968,"EventType":"INFO","SeverityValue":2,"Severity":"INFO","EventID":501,"SourceName":"PowerShell","Task":5,"RecordNumber":2757,"ProcessID":0,"ThreadID":0,"Channel":"Windows PowerShell","Message":"Command \"\" is Stopped. \r\n\r\nDetails: \r\n\tNewCommandState=Stopped\r\n\r\n\tSequenceNumber=528\r\n\r\n\tHostName=Windows PowerShell ISE Host\r\n\tHostVersion=5.1.14393.5582\r\n\tHostId=78b0ce87-a0f4-49b9-aee8-08d6d3937dd0\r\n\tHostApplication=C:\\Windows\\system32\\WindowsPowerShell\\v1.0\\PowerShell_ISE.exe\r\n\tEngineVersion=5.1.14393.5582\r\n\tRunspaceId=742848cb-1ed3-4bc7-95d6-a562da6a8d2d\r\n\tPipelineId=74\r\n\tCommandName=\r\n\tCommandType=Script\r\n\tScriptName=\r\n\tCommandPath=\r\n\tCommandLine=                                        $originInfo = & { Set-StrictMode -Version 1; $_.OriginInfo }\r\n","Category":"Command Lifecycle","Opcode":"Info","EventReceivedTime":1677866059,"SourceModuleName":"in_powershell","SourceModuleType":"im_msvistalog"}
<14>Mar  3 17:54:19 win-server.lunarstiiiness.com PowerShell[0]: {"EventTime":1677866059,"Hostname":"win-server.lunarstiiiness.com","Keywords":36028797018963968,"EventType":"INFO","SeverityValue":2,"Severity":"INFO","EventID":501,"SourceName":"PowerShell","Task":5,"RecordNumber":2767,"ProcessID":0,"ThreadID":0,"Channel":"Windows PowerShell","Message":"Command \"prompt\" is Stopped. \r\n\r\nDetails: \r\n\tNewCommandState=Stopped\r\n\r\n\tSequenceNumber=538\r\n\r\n\tHostName=Windows PowerShell ISE Host\r\n\tHostVersion=5.1.14393.5582\r\n\tHostId=78b0ce87-a0f4-49b9-aee8-08d6d3937dd0\r\n\tHostApplication=C:\\Windows\\system32\\WindowsPowerShell\\v1.0\\PowerShell_ISE.exe\r\n\tEngineVersion=5.1.14393.5582\r\n\tRunspaceId=742848cb-1ed3-4bc7-95d6-a562da6a8d2d\r\n\tPipelineId=75\r\n\tCommandName=prompt\r\n\tCommandType=Function\r\n\tScriptName=\r\n\tCommandPath=\r\n\tCommandLine=prompt","Category":"Command Lifecycle","Opcode":"Info","EventReceivedTime":1677866059,"SourceModuleName":"in_powershell","SourceModuleType":"im_msvistalog"}
<14>Mar  3 17:54:19 win-server.lunarstiiiness.com PowerShell[0]: {"EventTime":1677866059,"Hostname":"win-server.lunarstiiiness.com","Keywords":36028797018963968,"EventType":"INFO","SeverityValue":2,"Severity":"INFO","EventID":501,"SourceName":"PowerShell","Task":5,"RecordNumber":2768,"ProcessID":0,"ThreadID":0,"Channel":"Windows PowerShell","Message":"Command \"\" is Stopped. \r\n\r\nDetails: \r\n\tNewCommandState=Stopped\r\n\r\n\tSequenceNumber=539\r\n\r\n\tHostName=Windows PowerShell ISE Host\r\n\tHostVersion=5.1.14393.5582\r\n\tHostId=78b0ce87-a0f4-49b9-aee8-08d6d3937dd0\r\n\tHostApplication=C:\\Windows\\system32\\WindowsPowerShell\\v1.0\\PowerShell_ISE.exe\r\n\tEngineVersion=5.1.14393.5582\r\n\tRunspaceId=742848cb-1ed3-4bc7-95d6-a562da6a8d2d\r\n\tPipelineId=75\r\n\tCommandName=\r\n\tCommandType=Script\r\n\tScriptName=\r\n\tCommandPath=\r\n\tCommandLine=","Category":"Command Lifecycle","Opcode":"Info","EventReceivedTime":1677866059,"SourceModuleName":"in_powershell","SourceModuleType":"im_msvistalog"}
