<14>Mar  3 17:55:49 win-server.lunarstiiiness.com PowerShell[0]: {"EventTime":1677866148,"Hostname":"win-server.lunarstiiiness.com","Keywords":36028797018963968,"EventType":"INFO","SeverityValue":2,"Severity":"INFO","EventID":403,"SourceName":"PowerShell","Task":4,"RecordNumber":2772,"ProcessID":0,"ThreadID":0,"Channel":"Windows PowerShell","Message":"Engine state is changed from Available to Stopped. \r\n\r\nDetails: \r\n\tNewEngineState=Stopped\r\n\tPreviousEngineState=Available\r\n\r\n\tSequenceNumber=543\r\n\r\n\tHostName=Windows PowerShell ISE Host\r\n\tHostVersion=5.1.14393.5582\r\n\tHostId=78b0ce87-a0f4-49b9-aee8-08d6d3937dd0\r\n\tHostApplication=C:\\Windows\\system32\\WindowsPowerShell\\v1.0\\PowerShell_ISE.exe\r\n\tEngineVersion=5.1.14393.5582\r\n\tRunspaceId=742848cb-1ed3-4bc7-95d6-a562da6a8d2d\r\n\tPipelineId=\r\n\tCommandName=\r\n\tCommandType=\r\n\tScriptName=\r\n\tCommandPath=\r\n\tCommandLine=","Category":"Engine Lifecycle","Opcode":"Info","EventReceivedTime":1677866149,"SourceModuleName":"in_powershell","SourceModuleType":"im_msvistalog"}
<14>Mar  3 17:47:51 win-server.lunarstiiiness.com PowerShell[0]: {"EventTime":1677865671,"Hostname":"win-server.lunarstiiiness.com","Keywords":36028797018963968,"EventType":"INFO","SeverityValue":2,"Severity":"INFO","EventID":600,"SourceName":"PowerShell","Task":6,"RecordNumber":2302,"ProcessID":0,"ThreadID":0,"Channel":"Windows PowerShell","Message":"Provider \"Alias\" is Started. \r\n\r\nDetails: \r\n\tProviderName=Alias\r\n\tNewProviderState=Started\r\n\r\n\tSequenceNumber=3\r\n\r\n\tHostName=Windows PowerShell ISE Host\r\n\tHostVersion=5.1.14393.5582\r\n\tHostId=78b0ce87-a0f4-49b9-aee8-08d6d3937dd0\r\n\tHostApplication=C:\\Windows\\system32\\WindowsPowerShell\\v1.0\\PowerShell_ISE.exe\r\n\tEngineVersion=\r\n\tRunspaceId=\r\n\tPipelineId=\r\n\tCommandName=\r\n\tCommandType=\r\n\tScriptName=\r\n\tCommandPath=\r\n\tCommandLine=","Category":"Provider Lifecycle","Opcode":"Info","EventReceivedTime":1677865671,"SourceModuleName":"in_powershell","SourceModuleType":"im_msvistalog"}
<14>Mar  3 17:47:51 win-server.lunarstiiiness.com PowerShell[0]: {"EventTime":1677865671,"Hostname":"win-server.lunarstiiiness.com","Keywords":36028797018963968,"EventType":"INFO","SeverityValue":2,"Severity":"INFO","EventID":600,"SourceName":"PowerShell","Task":6,"RecordNumber":2306,"ProcessID":0,"ThreadID":0,"Channel":"Windows PowerShell","Message":"Provider \"Variable\" is Started. \r\n\r\nDetails: \r\n\tProviderName=Variable\r\n\tNewProviderState=Started\r\n\r\n\tSequenceNumber=11\r\n\r\n\tHostName=Windows PowerShell ISE Host\r\n\tHostVersion=5.1.14393.5582\r\n\tHostId=78b0ce87-a0f4-49b9-aee8-08d6d3937dd0\r\n\tHostApplication=C:\\Windows\\system32\\WindowsPowerShell\\v1.0\\PowerShell_ISE.exe\r\n\tEngineVersion=\r\n\tRunspaceId=\r\n\tPipelineId=\r\n\tCommandName=\r\n\tCommandType=\r\n\tScriptName=\r\n\tCommandPath=\r\n\tCommandLine=","Category":"Provider Lifecycle","Opcode":"Info","EventReceivedTime":1677865671,"SourceModuleName":"in_powershell","SourceModuleType":"im_msvistalog"}
<14>Mar  3 17:47:51 win-server.lunarstiiiness.com PowerShell[0]: {"EventTime":1677865671,"Hostname":"win-server.lunarstiiiness.com","Keywords":36028797018963968,"EventType":"INFO","SeverityValue":2,"Severity":"INFO","EventID":600,"SourceName":"PowerShell","Task":6,"RecordNumber":2303,"ProcessID":0,"ThreadID":0,"Channel":"Windows PowerShell","Message":"Provider \"Environment\" is Started. \r\n\r\nDetails: \r\n\tProviderName=Environment\r\n\tNewProviderState=Started\r\n\r\n\tSequenceNumber=5\r\n\r\n\tHostName=Windows PowerShell ISE Host\r\n\tHostVersion=5.1.14393.5582\r\n\tHostId=78b0ce87-a0f4-49b9-aee8-08d6d3937dd0\r\n\tHostApplication=C:\\Windows\\system32\\WindowsPowerShell\\v1.0\\PowerShell_ISE.exe\r\n\tEngineVersion=\r\n\tRunspaceId=\r\n\tPipelineId=\r\n\tCommandName=\r\n\tCommandType=\r\n\tScriptName=\r\n\tCommandPath=\r\n\tCommandLine=","Category":"Provider Lifecycle","Opcode":"Info","EventReceivedTime":1677865671,"SourceModuleName":"in_powershell","SourceModuleType":"im_msvistalog"}
<14>Mar  3 17:47:51 win-server.lunarstiiiness.com PowerShell[0]: {"EventTime":1677865671,"Hostname":"win-server.lunarstiiiness.com","Keywords":36028797018963968,"EventType":"INFO","SeverityValue":2,"Severity":"INFO","EventID":600,"SourceName":"PowerShell","Task":6,"RecordNumber":2301,"ProcessID":0,"ThreadID":0,"Channel":"Windows PowerShell","Message":"Provider \"Registry\" is Started. \r\n\r\nDetails: \r\n\tProviderName=Registry\r\n\tNewProviderState=Started\r\n\r\n\tSequenceNumber=1\r\n\r\n\tHostName=Windows PowerShell ISE Host\r\n\tHostVersion=5.1.14393.5582\r\n\tHostId=78b0ce87-a0f4-49b9-aee8-08d6d3937dd0\r\n\tHostApplication=C:\\Windows\\system32\\WindowsPowerShell\\v1.0\\PowerShell_ISE.exe\r\n\tEngineVersion=\r\n\tRunspaceId=\r\n\tPipelineId=\r\n\tCommandName=\r\n\tCommandType=\r\n\tScriptName=\r\n\tCommandPath=\r\n\tCommandLine=","Category":"Provider Lifecycle","Opcode":"Info","EventReceivedTime":1677865671,"SourceModuleName":"in_powershell","SourceModuleType":"im_msvistalog"}
<14>Mar  3 17:47:51 win-server.lunarstiiiness.com PowerShell[0]: {"EventTime":1677865671,"Hostname":"win-server.lunarstiiiness.com","Keywords":36028797018963968,"EventType":"INFO","SeverityValue":2,"Severity":"INFO","EventID":600,"SourceName":"PowerShell","Task":6,"RecordNumber":2304,"ProcessID":0,"ThreadID":0,"Channel":"Windows PowerShell","Message":"Provider \"FileSystem\" is Started. \r\n\r\nDetails: \r\n\tProviderName=FileSystem\r\n\tNewProviderState=Started\r\n\r\n\tSequenceNumber=7\r\n\r\n\tHostName=Windows PowerShell ISE Host\r\n\tHostVersion=5.1.14393.5582\r\n\tHostId=78b0ce87-a0f4-49b9-aee8-08d6d3937dd0\r\n\tHostApplication=C:\\Windows\\system32\\WindowsPowerShell\\v1.0\\PowerShell_ISE.exe\r\n\tEngineVersion=\r\n\tRunspaceId=\r\n\tPipelineId=\r\n\tCommandName=\r\n\tCommandType=\r\n\tScriptName=\r\n\tCommandPath=\r\n\tCommandLine=","Category":"Provider Lifecycle","Opcode":"Info","EventReceivedTime":1677865671,"SourceModuleName":"in_powershell","SourceModuleType":"im_msvistalog"}
<14>Mar  3 17:47:51 win-server.lunarstiiiness.com PowerShell[0]: {"EventTime":1677865671,"Hostname":"win-server.lunarstiiiness.com","Keywords":36028797018963968,"EventType":"INFO","SeverityValue":2,"Severity":"INFO","EventID":600,"SourceName":"PowerShell","Task":6,"RecordNumber":2305,"ProcessID":0,"ThreadID":0,"Channel":"Windows PowerShell","Message":"Provider \"Function\" is Started. \r\n\r\nDetails: \r\n\tProviderName=Function\r\n\tNewProviderState=Started\r\n\r\n\tSequenceNumber=9\r\n\r\n\tHostName=Windows PowerShell ISE Host\r\n\tHostVersion=5.1.14393.5582\r\n\tHostId=78b0ce87-a0f4-49b9-aee8-08d6d3937dd0\r\n\tHostApplication=C:\\Windows\\system32\\WindowsPowerShell\\v1.0\\PowerShell_ISE.exe\r\n\tEngineVersion=\r\n\tRunspaceId=\r\n\tPipelineId=\r\n\tCommandName=\r\n\tCommandType=\r\n\tScriptName=\r\n\tCommandPath=\r\n\tCommandLine=","Category":"Provider Lifecycle","Opcode":"Info","EventReceivedTime":1677865671,"SourceModuleName":"in_powershell","SourceModuleType":"im_msvistalog"}
<14>Mar  3 17:47:51 win-server.lunarstiiiness.com PowerShell[0]: {"EventTime":1677865671,"Hostname":"win-server.lunarstiiiness.com","Keywords":36028797018963968,"EventType":"INFO","SeverityValue":2,"Severity":"INFO","EventID":400,"SourceName":"PowerShell","Task":4,"RecordNumber":2307,"ProcessID":0,"ThreadID":0,"Channel":"Windows PowerShell","Message":"Engine state is changed from None to Available. \r\n\r\nDetails: \r\n\tNewEngineState=Available\r\n\tPreviousEngineState=None\r\n\r\n\tSequenceNumber=13\r\n\r\n\tHostName=Windows PowerShell ISE Host\r\n\tHostVersion=5.1.14393.5582\r\n\tHostId=78b0ce87-a0f4-49b9-aee8-08d6d3937dd0\r\n\tHostApplication=C:\\Windows\\system32\\WindowsPowerShell\\v1.0\\PowerShell_ISE.exe\r\n\tEngineVersion=5.1.14393.5582\r\n\tRunspaceId=742848cb-1ed3-4bc7-95d6-a562da6a8d2d\r\n\tPipelineId=\r\n\tCommandName=\r\n\tCommandType=\r\n\tScriptName=\r\n\tCommandPath=\r\n\tCommandLine=","Category":"Engine Lifecycle","Opcode":"Info","EventReceivedTime":1677865671,"SourceModuleName":"in_powershell","SourceModuleType":"im_msvistalog"}
<14>Mar  3 17:48:00 win-server.lunarstiiiness.com PowerShell[0]: {"EventTime":1677865679,"Hostname":"win-server.lunarstiiiness.com","Keywords":36028797018963968,"EventType":"INFO","SeverityValue":2,"Severity":"INFO","EventID":501,"SourceName":"PowerShell","Task":5,"RecordNumber":2309,"ProcessID":0,"ThreadID":0,"Channel":"Windows PowerShell","Message":"Command \"format-default\" is Stopped. \r\n\r\nDetails: \r\n\tNewCommandState=Stopped\r\n\r\n\tSequenceNumber=16\r\n\r\n\tHostName=Windows PowerShell ISE Host\r\n\tHostVersion=5.1.14393.5582\r\n\tHostId=78b0ce87-a0f4-49b9-aee8-08d6d3937dd0\r\n\tHostApplication=C:\\Windows\\system32\\WindowsPowerShell\\v1.0\\PowerShell_ISE.exe\r\n\tEngineVersion=5.1.14393.5582\r\n\tRunspaceId=742848cb-1ed3-4bc7-95d6-a562da6a8d2d\r\n\tPipelineId=9\r\n\tCommandName=format-default\r\n\tCommandType=Cmdlet\r\n\tScriptName=\r\n\tCommandPath=\r\n\tCommandLine=","Category":"Command Lifecycle","Opcode":"Info","EventReceivedTime":1677865680,"SourceModuleName":"in_powershell","SourceModuleType":"im_msvistalog"}
<14>Mar  3 17:48:00 win-server.lunarstiiiness.com PowerShell[0]: {"EventTime":1677865679,"Hostname":"win-server.lunarstiiiness.com","Keywords":36028797018963968,"EventType":"INFO","SeverityValue":2,"Severity":"INFO","EventID":501,"SourceName":"PowerShell","Task":5,"RecordNumber":2310,"ProcessID":0,"ThreadID":0,"Channel":"Windows PowerShell","Message":"Command \"out-lineoutput\" is Stopped. \r\n\r\nDetails: \r\n\tNewCommandState=Stopped\r\n\r\n\tSequenceNumber=17\r\n\r\n\tHostName=Windows PowerShell ISE Host\r\n\tHostVersion=5.1.14393.5582\r\n\tHostId=78b0ce87-a0f4-49b9-aee8-08d6d3937dd0\r\n\tHostApplication=C:\\Windows\\system32\\WindowsPowerShell\\v1.0\\PowerShell_ISE.exe\r\n\tEngineVersion=5.1.14393.5582\r\n\tRunspaceId=742848cb-1ed3-4bc7-95d6-a562da6a8d2d\r\n\tPipelineId=9\r\n\tCommandName=out-lineoutput\r\n\tCommandType=Cmdlet\r\n\tScriptName=\r\n\tCommandPath=\r\n\tCommandLine=","Category":"Command Lifecycle","Opcode":"Info","EventReceivedTime":1677865680,"SourceModuleName":"in_powershell","SourceModuleType":"im_msvistalog"}
<14>Mar  3 17:48:00 win-server.lunarstiiiness.com PowerShell[0]: {"EventTime":1677865679,"Hostname":"win-server.lunarstiiiness.com","Keywords":36028797018963968,"EventType":"INFO","SeverityValue":2,"Severity":"INFO","EventID":501,"SourceName":"PowerShell","Task":5,"RecordNumber":2311,"ProcessID":0,"ThreadID":0,"Channel":"Windows PowerShell","Message":"Command \"Out-Default\" is Stopped. \r\n\r\nDetails: \r\n\tNewCommandState=Stopped\r\n\r\n\tSequenceNumber=18\r\n\r\n\tHostName=Windows PowerShell ISE Host\r\n\tHostVersion=5.1.14393.5582\r\n\tHostId=78b0ce87-a0f4-49b9-aee8-08d6d3937dd0\r\n\tHostApplication=C:\\Windows\\system32\\WindowsPowerShell\\v1.0\\PowerShell_ISE.exe\r\n\tEngineVersion=5.1.14393.5582\r\n\tRunspaceId=742848cb-1ed3-4bc7-95d6-a562da6a8d2d\r\n\tPipelineId=9\r\n\tCommandName=Out-Default\r\n\tCommandType=Cmdlet\r\n\tScriptName=\r\n\tCommandPath=\r\n\tCommandLine=","Category":"Command Lifecycle","Opcode":"Info","EventReceivedTime":1677865680,"SourceModuleName":"in_powershell","SourceModuleType":"im_msvistalog"}
<14>Mar  3 17:47:59 win-server.lunarstiiiness.com PowerShell[0]: {"EventTime":1677865679,"Hostname":"win-server.lunarstiiiness.com","Keywords":36028797018963968,"EventType":"INFO","SeverityValue":2,"Severity":"INFO","EventID":501,"SourceName":"PowerShell","Task":5,"RecordNumber":2308,"ProcessID":0,"ThreadID":0,"Channel":"Windows PowerShell","Message":"Command \"profile.ps1\" is Stopped. \r\n\r\nDetails: \r\n\tNewCommandState=Stopped\r\n\r\n\tSequenceNumber=15\r\n\r\n\tHostName=Windows PowerShell ISE Host\r\n\tHostVersion=5.1.14393.5582\r\n\tHostId=78b0ce87-a0f4-49b9-aee8-08d6d3937dd0\r\n\tHostApplication=C:\\Windows\\system32\\WindowsPowerShell\\v1.0\\PowerShell_ISE.exe\r\n\tEngineVersion=5.1.14393.5582\r\n\tRunspaceId=742848cb-1ed3-4bc7-95d6-a562da6a8d2d\r\n\tPipelineId=9\r\n\tCommandName=profile.ps1\r\n\tCommandType=ExternalScript\r\n\tScriptName=\r\n\tCommandPath=C:\\Windows\\System32\\WindowsPowerShell\\v1.0\\profile.ps1\r\n\tCommandLine=","Category":"Command Lifecycle","Opcode":"Info","EventReceivedTime":1677865679,"SourceModuleName":"in_powershell","SourceModuleType":"im_msvistalog"}
<14>Mar  3 17:48:01 win-server.lunarstiiiness.com PowerShell[0]: {"EventTime":1677865680,"Hostname":"win-server.lunarstiiiness.com","Keywords":36028797018963968,"EventType":"INFO","SeverityValue":2,"Severity":"INFO","EventID":501,"SourceName":"PowerShell","Task":5,"RecordNumber":2321,"ProcessID":0,"ThreadID":0,"Channel":"Windows PowerShell","Message":"Command \"Out-Default\" is Stopped. \r\n\r\nDetails: \r\n\tNewCommandState=Stopped\r\n\r\n\tSequenceNumber=28\r\n\r\n\tHostName=Windows PowerShell ISE Host\r\n\tHostVersion=5.1.14393.5582\r\n\tHostId=78b0ce87-a0f4-49b9-aee8-08d6d3937dd0\r\n\tHostApplication=C:\\Windows\\system32\\WindowsPowerShell\\v1.0\\PowerShell_ISE.exe\r\n\tEngineVersion=5.1.14393.5582\r\n\tRunspaceId=742848cb-1ed3-4bc7-95d6-a562da6a8d2d\r\n\tPipelineId=11\r\n\tCommandName=Out-Default\r\n\tCommandType=Cmdlet\r\n\tScriptName=\r\n\tCommandPath=\r\n\tCommandLine=","Category":"Command Lifecycle","Opcode":"Info","EventReceivedTime":1677865681,"SourceModuleName":"in_powershell","SourceModuleType":"im_msvistalog"}
<14>Mar  3 17:48:01 win-server.lunarstiiiness.com PowerShell[0]: {"EventTime":1677865680,"Hostname":"win-server.lunarstiiiness.com","Keywords":36028797018963968,"EventType":"INFO","SeverityValue":2,"Severity":"INFO","EventID":501,"SourceName":"PowerShell","Task":5,"RecordNumber":2318,"ProcessID":0,"ThreadID":0,"Channel":"Windows PowerShell","Message":"Command \"\" is Stopped. \r\n\r\nDetails: \r\n\tNewCommandState=Stopped\r\n\r\n\tSequenceNumber=25\r\n\r\n\tHostName=Windows PowerShell ISE Host\r\n\tHostVersion=5.1.14393.5582\r\n\tHostId=78b0ce87-a0f4-49b9-aee8-08d6d3937dd0\r\n\tHostApplication=C:\\Windows\\system32\\WindowsPowerShell\\v1.0\\PowerShell_ISE.exe\r\n\tEngineVersion=5.1.14393.5582\r\n\tRunspaceId=742848cb-1ed3-4bc7-95d6-a562da6a8d2d\r\n\tPipelineId=11\r\n\tCommandName=\r\n\tCommandType=Script\r\n\tScriptName=\r\n\tCommandPath=\r\n\tCommandLine=","Category":"Command Lifecycle","Opcode":"Info","EventReceivedTime":1677865681,"SourceModuleName":"in_powershell","SourceModuleType":"im_msvistalog"}
<14>Mar  3 17:48:01 win-server.lunarstiiiness.com PowerShell[0]: {"EventTime":1677865680,"Hostname":"win-server.lunarstiiiness.com","Keywords":36028797018963968,"EventType":"INFO","SeverityValue":2,"Severity":"INFO","EventID":501,"SourceName":"PowerShell","Task":5,"RecordNumber":2319,"ProcessID":0,"ThreadID":0,"Channel":"Windows PowerShell","Message":"Command \"format-default\" is Stopped. \r\n\r\nDetails: \r\n\tNewCommandState=Stopped\r\n\r\n\tSequenceNumber=26\r\n\r\n\tHostName=Windows PowerShell ISE Host\r\n\tHostVersion=5.1.14393.5582\r\n\tHostId=78b0ce87-a0f4-49b9-aee8-08d6d3937dd0\r\n\tHostApplication=C:\\Windows\\system32\\WindowsPowerShell\\v1.0\\PowerShell_ISE.exe\r\n\tEngineVersion=5.1.14393.5582\r\n\tRunspaceId=742848cb-1ed3-4bc7-95d6-a562da6a8d2d\r\n\tPipelineId=11\r\n\tCommandName=format-default\r\n\tCommandType=Cmdlet\r\n\tScriptName=\r\n\tCommandPath=\r\n\tCommandLine=","Category":"Command Lifecycle","Opcode":"Info","EventReceivedTime":1677865681,"SourceModuleName":"in_powershell","SourceModuleType":"im_msvistalog"}
<14>Mar  3 17:48:01 win-server.lunarstiiiness.com PowerShell[0]: {"EventTime":1677865680,"Hostname":"win-server.lunarstiiiness.com","Keywords":36028797018963968,"EventType":"INFO","SeverityValue":2,"Severity":"INFO","EventID":501,"SourceName":"PowerShell","Task":5,"RecordNumber":2320,"ProcessID":0,"ThreadID":0,"Channel":"Windows PowerShell","Message":"Command \"out-lineoutput\" is Stopped. \r\n\r\nDetails: \r\n\tNewCommandState=Stopped\r\n\r\n\tSequenceNumber=27\r\n\r\n\tHostName=Windows PowerShell ISE Host\r\n\tHostVersion=5.1.14393.5582\r\n\tHostId=78b0ce87-a0f4-49b9-aee8-08d6d3937dd0\r\n\tHostApplication=C:\\Windows\\system32\\WindowsPowerShell\\v1.0\\PowerShell_ISE.exe\r\n\tEngineVersion=5.1.14393.5582\r\n\tRunspaceId=742848cb-1ed3-4bc7-95d6-a562da6a8d2d\r\n\tPipelineId=11\r\n\tCommandName=out-lineoutput\r\n\tCommandType=Cmdlet\r\n\tScriptName=\r\n\tCommandPath=\r\n\tCommandLine=","Category":"Command Lifecycle","Opcode":"Info","EventReceivedTime":1677865681,"SourceModuleName":"in_powershell","SourceModuleType":"im_msvistalog"}
<14>Mar  3 17:48:01 win-server.lunarstiiiness.com PowerShell[0]: {"EventTime":1677865680,"Hostname":"win-server.lunarstiiiness.com","Keywords":36028797018963968,"EventType":"INFO","SeverityValue":2,"Severity":"INFO","EventID":501,"SourceName":"PowerShell","Task":5,"RecordNumber":2317,"ProcessID":0,"ThreadID":0,"Channel":"Windows PowerShell","Message":"Command \"prompt\" is Stopped. \r\n\r\nDetails: \r\n\tNewCommandState=Stopped\r\n\r\n\tSequenceNumber=24\r\n\r\n\tHostName=Windows PowerShell ISE Host\r\n\tHostVersion=5.1.14393.5582\r\n\tHostId=78b0ce87-a0f4-49b9-aee8-08d6d3937dd0\r\n\tHostApplication=C:\\Windows\\system32\\WindowsPowerShell\\v1.0\\PowerShell_ISE.exe\r\n\tEngineVersion=5.1.14393.5582\r\n\tRunspaceId=742848cb-1ed3-4bc7-95d6-a562da6a8d2d\r\n\tPipelineId=11\r\n\tCommandName=prompt\r\n\tCommandType=Function\r\n\tScriptName=\r\n\tCommandPath=\r\n\tCommandLine=prompt","Category":"Command Lifecycle","Opcode":"Info","EventReceivedTime":1677865681,"SourceModuleName":"in_powershell","SourceModuleType":"im_msvistalog"}
<14>Mar  3 17:48:00 win-server.lunarstiiiness.com PowerShell[0]: {"EventTime":1677865679,"Hostname":"win-server.lunarstiiiness.com","Keywords":36028797018963968,"EventType":"INFO","SeverityValue":2,"Severity":"INFO","EventID":500,"SourceName":"PowerShell","Task":5,"RecordNumber":2312,"ProcessID":0,"ThreadID":0,"Channel":"Windows PowerShell","Message":"Command \"\" is Started. \r\n\r\nDetails: \r\n\tNewCommandState=Started\r\n\r\n\tSequenceNumber=19\r\n\r\n\tHostName=Windows PowerShell ISE Host\r\n\tHostVersion=5.1.14393.5582\r\n\tHostId=78b0ce87-a0f4-49b9-aee8-08d6d3937dd0\r\n\tHostApplication=C:\\Windows\\system32\\WindowsPowerShell\\v1.0\\PowerShell_ISE.exe\r\n\tEngineVersion=5.1.14393.5582\r\n\tRunspaceId=742848cb-1ed3-4bc7-95d6-a562da6a8d2d\r\n\tPipelineId=11\r\n\tCommandName=\r\n\tCommandType=Script\r\n\tScriptName=\r\n\tCommandPath=\r\n\tCommandLine=","Category":"Command Lifecycle","Opcode":"Info","EventReceivedTime":1677865680,"SourceModuleName":"in_powershell","SourceModuleType":"im_msvistalog"}
<14>Mar  3 17:48:00 win-server.lunarstiiiness.com PowerShell[0]: {"EventTime":1677865679,"Hostname":"win-server.lunarstiiiness.com","Keywords":36028797018963968,"EventType":"INFO","SeverityValue":2,"Severity":"INFO","EventID":500,"SourceName":"PowerShell","Task":5,"RecordNumber":2313,"ProcessID":0,"ThreadID":0,"Channel":"Windows PowerShell","Message":"Command \"Out-Default\" is Started. \r\n\r\nDetails: \r\n\tNewCommandState=Started\r\n\r\n\tSequenceNumber=20\r\n\r\n\tHostName=Windows PowerShell ISE Host\r\n\tHostVersion=5.1.14393.5582\r\n\tHostId=78b0ce87-a0f4-49b9-aee8-08d6d3937dd0\r\n\tHostApplication=C:\\Windows\\system32\\WindowsPowerShell\\v1.0\\PowerShell_ISE.exe\r\n\tEngineVersion=5.1.14393.5582\r\n\tRunspaceId=742848cb-1ed3-4bc7-95d6-a562da6a8d2d\r\n\tPipelineId=11\r\n\tCommandName=Out-Default\r\n\tCommandType=Cmdlet\r\n\tScriptName=\r\n\tCommandPath=\r\n\tCommandLine=","Category":"Command Lifecycle","Opcode":"Info","EventReceivedTime":1677865680,"SourceModuleName":"in_powershell","SourceModuleType":"im_msvistalog"}
<14>Mar  3 17:48:01 win-server.lunarstiiiness.com PowerShell[0]: {"EventTime":1677865679,"Hostname":"win-server.lunarstiiiness.com","Keywords":36028797018963968,"EventType":"INFO","SeverityValue":2,"Severity":"INFO","EventID":500,"SourceName":"PowerShell","Task":5,"RecordNumber":2314,"ProcessID":0,"ThreadID":0,"Channel":"Windows PowerShell","Message":"Command \"prompt\" is Started. \r\n\r\nDetails: \r\n\tNewCommandState=Started\r\n\r\n\tSequenceNumber=21\r\n\r\n\tHostName=Windows PowerShell ISE Host\r\n\tHostVersion=5.1.14393.5582\r\n\tHostId=78b0ce87-a0f4-49b9-aee8-08d6d3937dd0\r\n\tHostApplication=C:\\Windows\\system32\\WindowsPowerShell\\v1.0\\PowerShell_ISE.exe\r\n\tEngineVersion=5.1.14393.5582\r\n\tRunspaceId=742848cb-1ed3-4bc7-95d6-a562da6a8d2d\r\n\tPipelineId=11\r\n\tCommandName=prompt\r\n\tCommandType=Function\r\n\tScriptName=\r\n\tCommandPath=\r\n\tCommandLine=prompt","Category":"Command Lifecycle","Opcode":"Info","EventReceivedTime":1677865681,"SourceModuleName":"in_powershell","SourceModuleType":"im_msvistalog"}
<14>Mar  3 17:48:01 win-server.lunarstiiiness.com PowerShell[0]: {"EventTime":1677865680,"Hostname":"win-server.lunarstiiiness.com","Keywords":36028797018963968,"EventType":"INFO","SeverityValue":2,"Severity":"INFO","EventID":500,"SourceName":"PowerShell","Task":5,"RecordNumber":2316,"ProcessID":0,"ThreadID":0,"Channel":"Windows PowerShell","Message":"Command \"format-default\" is Started. \r\n\r\nDetails: \r\n\tNewCommandState=Started\r\n\r\n\tSequenceNumber=23\r\n\r\n\tHostName=Windows PowerShell ISE Host\r\n\tHostVersion=5.1.14393.5582\r\n\tHostId=78b0ce87-a0f4-49b9-aee8-08d6d3937dd0\r\n\tHostApplication=C:\\Windows\\system32\\WindowsPowerShell\\v1.0\\PowerShell_ISE.exe\r\n\tEngineVersion=5.1.14393.5582\r\n\tRunspaceId=742848cb-1ed3-4bc7-95d6-a562da6a8d2d\r\n\tPipelineId=11\r\n\tCommandName=format-default\r\n\tCommandType=Cmdlet\r\n\tScriptName=\r\n\tCommandPath=\r\n\tCommandLine=","Category":"Command Lifecycle","Opcode":"Info","EventReceivedTime":1677865681,"SourceModuleName":"in_powershell","SourceModuleType":"im_msvistalog"}
<14>Mar  3 17:48:01 win-server.lunarstiiiness.com PowerShell[0]: {"EventTime":1677865680,"Hostname":"win-server.lunarstiiiness.com","Keywords":36028797018963968,"EventType":"INFO","SeverityValue":2,"Severity":"INFO","EventID":500,"SourceName":"PowerShell","Task":5,"RecordNumber":2323,"ProcessID":0,"ThreadID":0,"Channel":"Windows PowerShell","Message":"Command \"Out-Default\" is Started. \r\n\r\nDetails: \r\n\tNewCommandState=Started\r\n\r\n\tSequenceNumber=30\r\n\r\n\tHostName=Windows PowerShell ISE Host\r\n\tHostVersion=5.1.14393.5582\r\n\tHostId=78b0ce87-a0f4-49b9-aee8-08d6d3937dd0\r\n\tHostApplication=C:\\Windows\\system32\\WindowsPowerShell\\v1.0\\PowerShell_ISE.exe\r\n\tEngineVersion=5.1.14393.5582\r\n\tRunspaceId=742848cb-1ed3-4bc7-95d6-a562da6a8d2d\r\n\tPipelineId=12\r\n\tCommandName=Out-Default\r\n\tCommandType=Cmdlet\r\n\tScriptName=\r\n\tCommandPath=\r\n\tCommandLine=","Category":"Command Lifecycle","Opcode":"Info","EventReceivedTime":1677865681,"SourceModuleName":"in_powershell","SourceModuleType":"im_msvistalog"}
<14>Mar  3 17:48:01 win-server.lunarstiiiness.com PowerShell[0]: {"EventTime":1677865680,"Hostname":"win-server.lunarstiiiness.com","Keywords":36028797018963968,"EventType":"INFO","SeverityValue":2,"Severity":"INFO","EventID":500,"SourceName":"PowerShell","Task":5,"RecordNumber":2315,"ProcessID":0,"ThreadID":0,"Channel":"Windows PowerShell","Message":"Command \"out-lineoutput\" is Started. \r\n\r\nDetails: \r\n\tNewCommandState=Started\r\n\r\n\tSequenceNumber=22\r\n\r\n\tHostName=Windows PowerShell ISE Host\r\n\tHostVersion=5.1.14393.5582\r\n\tHostId=78b0ce87-a0f4-49b9-aee8-08d6d3937dd0\r\n\tHostApplication=C:\\Windows\\system32\\WindowsPowerShell\\v1.0\\PowerShell_ISE.exe\r\n\tEngineVersion=5.1.14393.5582\r\n\tRunspaceId=742848cb-1ed3-4bc7-95d6-a562da6a8d2d\r\n\tPipelineId=11\r\n\tCommandName=out-lineoutput\r\n\tCommandType=Cmdlet\r\n\tScriptName=\r\n\tCommandPath=\r\n\tCommandLine=","Category":"Command Lifecycle","Opcode":"Info","EventReceivedTime":1677865681,"SourceModuleName":"in_powershell","SourceModuleType":"im_msvistalog"}
<14>Mar  3 17:48:01 win-server.lunarstiiiness.com PowerShell[0]: {"EventTime":1677865680,"Hostname":"win-server.lunarstiiiness.com","Keywords":36028797018963968,"EventType":"INFO","SeverityValue":2,"Severity":"INFO","EventID":500,"SourceName":"PowerShell","Task":5,"RecordNumber":2324,"ProcessID":0,"ThreadID":0,"Channel":"Windows PowerShell","Message":"Command \"Get-Command\" is Started. \r\n\r\nDetails: \r\n\tNewCommandState=Started\r\n\r\n\tSequenceNumber=31\r\n\r\n\tHostName=Windows PowerShell ISE Host\r\n\tHostVersion=5.1.14393.5582\r\n\tHostId=78b0ce87-a0f4-49b9-aee8-08d6d3937dd0\r\n\tHostApplication=C:\\Windows\\system32\\WindowsPowerShell\\v1.0\\PowerShell_ISE.exe\r\n\tEngineVersion=5.1.14393.5582\r\n\tRunspaceId=742848cb-1ed3-4bc7-95d6-a562da6a8d2d\r\n\tPipelineId=12\r\n\tCommandName=Get-Command\r\n\tCommandType=Cmdlet\r\n\tScriptName=\r\n\tCommandPath=\r\n\tCommandLine=@(Get-Command  -CommandType Cmdlet, Function, Script, ExternalScript, Workflow),@(get-module)","Category":"Command Lifecycle","Opcode":"Info","EventReceivedTime":1677865681,"SourceModuleName":"in_powershell","SourceModuleType":"im_msvistalog"}
<14>Mar  3 17:48:01 win-server.lunarstiiiness.com PowerShell[0]: {"EventTime":1677865680,"Hostname":"win-server.lunarstiiiness.com","Keywords":36028797018963968,"EventType":"INFO","SeverityValue":2,"Severity":"INFO","EventID":500,"SourceName":"PowerShell","Task":5,"RecordNumber":2322,"ProcessID":0,"ThreadID":0,"Channel":"Windows PowerShell","Message":"Command \"\" is Started. \r\n\r\nDetails: \r\n\tNewCommandState=Started\r\n\r\n\tSequenceNumber=29\r\n\r\n\tHostName=Windows PowerShell ISE Host\r\n\tHostVersion=5.1.14393.5582\r\n\tHostId=78b0ce87-a0f4-49b9-aee8-08d6d3937dd0\r\n\tHostApplication=C:\\Windows\\system32\\WindowsPowerShell\\v1.0\\PowerShell_ISE.exe\r\n\tEngineVersion=5.1.14393.5582\r\n\tRunspaceId=742848cb-1ed3-4bc7-95d6-a562da6a8d2d\r\n\tPipelineId=12\r\n\tCommandName=\r\n\tCommandType=Script\r\n\tScriptName=\r\n\tCommandPath=\r\n\tCommandLine=","Category":"Command Lifecycle","Opcode":"Info","EventReceivedTime":1677865681,"SourceModuleName":"in_powershell","SourceModuleType":"im_msvistalog"}
<14>Mar  3 17:48:02 win-server.lunarstiiiness.com PowerShell[0]: {"EventTime":1677865681,"Hostname":"win-server.lunarstiiiness.com","Keywords":36028797018963968,"EventType":"INFO","SeverityValue":2,"Severity":"INFO","EventID":500,"SourceName":"PowerShell","Task":5,"RecordNumber":2325,"ProcessID":0,"ThreadID":0,"Channel":"Windows PowerShell","Message":"Command \"Get-Module\" is Started. \r\n\r\nDetails: \r\n\tNewCommandState=Started\r\n\r\n\tSequenceNumber=32\r\n\r\n\tHostName=Windows PowerShell ISE Host\r\n\tHostVersion=5.1.14393.5582\r\n\tHostId=78b0ce87-a0f4-49b9-aee8-08d6d3937dd0\r\n\tHostApplication=C:\\Windows\\system32\\WindowsPowerShell\\v1.0\\PowerShell_ISE.exe\r\n\tEngineVersion=5.1.14393.5582\r\n\tRunspaceId=742848cb-1ed3-4bc7-95d6-a562da6a8d2d\r\n\tPipelineId=13\r\n\tCommandName=Get-Module\r\n\tCommandType=Cmdlet\r\n\tScriptName=\r\n\tCommandPath=\r\n\tCommandLine=","Category":"Command Lifecycle","Opcode":"Info","EventReceivedTime":1677865682,"SourceModuleName":"in_powershell","SourceModuleType":"im_msvistalog"}
<14>Mar  3 17:48:02 win-server.lunarstiiiness.com PowerShell[0]: {"EventTime":1677865682,"Hostname":"win-server.lunarstiiiness.com","Keywords":36028797018963968,"EventType":"INFO","SeverityValue":2,"Severity":"INFO","EventID":500,"SourceName":"PowerShell","Task":5,"RecordNumber":2327,"ProcessID":0,"ThreadID":0,"Channel":"Windows PowerShell","Message":"Command \"Get-Module\" is Started. \r\n\r\nDetails: \r\n\tNewCommandState=Started\r\n\r\n\tSequenceNumber=34\r\n\r\n\tHostName=Windows PowerShell ISE Host\r\n\tHostVersion=5.1.14393.5582\r\n\tHostId=78b0ce87-a0f4-49b9-aee8-08d6d3937dd0\r\n\tHostApplication=C:\\Windows\\system32\\WindowsPowerShell\\v1.0\\PowerShell_ISE.exe\r\n\tEngineVersion=5.1.14393.5582\r\n\tRunspaceId=742848cb-1ed3-4bc7-95d6-a562da6a8d2d\r\n\tPipelineId=14\r\n\tCommandName=Get-Module\r\n\tCommandType=Cmdlet\r\n\tScriptName=\r\n\tCommandPath=\r\n\tCommandLine=","Category":"Command Lifecycle","Opcode":"Info","EventReceivedTime":1677865682,"SourceModuleName":"in_powershell","SourceModuleType":"im_msvistalog"}
<14>Mar  3 17:48:03 win-server.lunarstiiiness.com PowerShell[0]: {"EventTime":1677865682,"Hostname":"win-server.lunarstiiiness.com","Keywords":36028797018963968,"EventType":"INFO","SeverityValue":2,"Severity":"INFO","EventID":500,"SourceName":"PowerShell","Task":5,"RecordNumber":2332,"ProcessID":0,"ThreadID":0,"Channel":"Windows PowerShell","Message":"Command \"out-lineoutput\" is Started. \r\n\r\nDetails: \r\n\tNewCommandState=Started\r\n\r\n\tSequenceNumber=39\r\n\r\n\tHostName=Windows PowerShell ISE Host\r\n\tHostVersion=5.1.14393.5582\r\n\tHostId=78b0ce87-a0f4-49b9-aee8-08d6d3937dd0\r\n\tHostApplication=C:\\Windows\\system32\\WindowsPowerShell\\v1.0\\PowerShell_ISE.exe\r\n\tEngineVersion=5.1.14393.5582\r\n\tRunspaceId=742848cb-1ed3-4bc7-95d6-a562da6a8d2d\r\n\tPipelineId=12\r\n\tCommandName=out-lineoutput\r\n\tCommandType=Cmdlet\r\n\tScriptName=\r\n\tCommandPath=\r\n\tCommandLine=","Category":"Command Lifecycle","Opcode":"Info","EventReceivedTime":1677865683,"SourceModuleName":"in_powershell","SourceModuleType":"im_msvistalog"}
<14>Mar  3 17:48:03 win-server.lunarstiiiness.com PowerShell[0]: {"EventTime":1677865682,"Hostname":"win-server.lunarstiiiness.com","Keywords":36028797018963968,"EventType":"INFO","SeverityValue":2,"Severity":"INFO","EventID":500,"SourceName":"PowerShell","Task":5,"RecordNumber":2330,"ProcessID":0,"ThreadID":0,"Channel":"Windows PowerShell","Message":"Command \"Get-Module\" is Started. \r\n\r\nDetails: \r\n\tNewCommandState=Started\r\n\r\n\tSequenceNumber=37\r\n\r\n\tHostName=Windows PowerShell ISE Host\r\n\tHostVersion=5.1.14393.5582\r\n\tHostId=78b0ce87-a0f4-49b9-aee8-08d6d3937dd0\r\n\tHostApplication=C:\\Windows\\system32\\WindowsPowerShell\\v1.0\\PowerShell_ISE.exe\r\n\tEngineVersion=5.1.14393.5582\r\n\tRunspaceId=742848cb-1ed3-4bc7-95d6-a562da6a8d2d\r\n\tPipelineId=12\r\n\tCommandName=Get-Module\r\n\tCommandType=Cmdlet\r\n\tScriptName=\r\n\tCommandPath=\r\n\tCommandLine=@(Get-Command  -CommandType Cmdlet, Function, Script, ExternalScript, Workflow),@(get-module)","Category":"Command Lifecycle","Opcode":"Info","EventReceivedTime":1677865683,"SourceModuleName":"in_powershell","SourceModuleType":"im_msvistalog"}
<14>Mar  3 17:48:03 win-server.lunarstiiiness.com PowerShell[0]: {"EventTime":1677865682,"Hostname":"win-server.lunarstiiiness.com","Keywords":36028797018963968,"EventType":"INFO","SeverityValue":2,"Severity":"INFO","EventID":500,"SourceName":"PowerShell","Task":5,"RecordNumber":2333,"ProcessID":0,"ThreadID":0,"Channel":"Windows PowerShell","Message":"Command \"format-default\" is Started. \r\n\r\nDetails: \r\n\tNewCommandState=Started\r\n\r\n\tSequenceNumber=40\r\n\r\n\tHostName=Windows PowerShell ISE Host\r\n\tHostVersion=5.1.14393.5582\r\n\tHostId=78b0ce87-a0f4-49b9-aee8-08d6d3937dd0\r\n\tHostApplication=C:\\Windows\\system32\\WindowsPowerShell\\v1.0\\PowerShell_ISE.exe\r\n\tEngineVersion=5.1.14393.5582\r\n\tRunspaceId=742848cb-1ed3-4bc7-95d6-a562da6a8d2d\r\n\tPipelineId=12\r\n\tCommandName=format-default\r\n\tCommandType=Cmdlet\r\n\tScriptName=\r\n\tCommandPath=\r\n\tCommandLine=","Category":"Command Lifecycle","Opcode":"Info","EventReceivedTime":1677865683,"SourceModuleName":"in_powershell","SourceModuleType":"im_msvistalog"}
<14>Mar  3 17:48:02 win-server.lunarstiiiness.com PowerShell[0]: {"EventTime":1677865682,"Hostname":"win-server.lunarstiiiness.com","Keywords":36028797018963968,"EventType":"INFO","SeverityValue":2,"Severity":"INFO","EventID":501,"SourceName":"PowerShell","Task":5,"RecordNumber":2328,"ProcessID":0,"ThreadID":0,"Channel":"Windows PowerShell","Message":"Command \"Get-Module\" is Stopped. \r\n\r\nDetails: \r\n\tNewCommandState=Stopped\r\n\r\n\tSequenceNumber=35\r\n\r\n\tHostName=Windows PowerShell ISE Host\r\n\tHostVersion=5.1.14393.5582\r\n\tHostId=78b0ce87-a0f4-49b9-aee8-08d6d3937dd0\r\n\tHostApplication=C:\\Windows\\system32\\WindowsPowerShell\\v1.0\\PowerShell_ISE.exe\r\n\tEngineVersion=5.1.14393.5582\r\n\tRunspaceId=742848cb-1ed3-4bc7-95d6-a562da6a8d2d\r\n\tPipelineId=14\r\n\tCommandName=Get-Module\r\n\tCommandType=Cmdlet\r\n\tScriptName=\r\n\tCommandPath=\r\n\tCommandLine=","Category":"Command Lifecycle","Opcode":"Info","EventReceivedTime":1677865682,"SourceModuleName":"in_powershell","SourceModuleType":"im_msvistalog"}
<14>Mar  3 17:48:03 win-server.lunarstiiiness.com PowerShell[0]: {"EventTime":1677865682,"Hostname":"win-server.lunarstiiiness.com","Keywords":36028797018963968,"EventType":"INFO","SeverityValue":2,"Severity":"INFO","EventID":501,"SourceName":"PowerShell","Task":5,"RecordNumber":2329,"ProcessID":0,"ThreadID":0,"Channel":"Windows PowerShell","Message":"Command \"Get-Command\" is Stopped. \r\n\r\nDetails: \r\n\tNewCommandState=Stopped\r\n\r\n\tSequenceNumber=36\r\n\r\n\tHostName=Windows PowerShell ISE Host\r\n\tHostVersion=5.1.14393.5582\r\n\tHostId=78b0ce87-a0f4-49b9-aee8-08d6d3937dd0\r\n\tHostApplication=C:\\Windows\\system32\\WindowsPowerShell\\v1.0\\PowerShell_ISE.exe\r\n\tEngineVersion=5.1.14393.5582\r\n\tRunspaceId=742848cb-1ed3-4bc7-95d6-a562da6a8d2d\r\n\tPipelineId=12\r\n\tCommandName=Get-Command\r\n\tCommandType=Cmdlet\r\n\tScriptName=\r\n\tCommandPath=\r\n\tCommandLine=@(Get-Command  -CommandType Cmdlet, Function, Script, ExternalScript, Workflow),@(get-module)","Category":"Command Lifecycle","Opcode":"Info","EventReceivedTime":1677865683,"SourceModuleName":"in_powershell","SourceModuleType":"im_msvistalog"}
<14>Mar  3 17:48:03 win-server.lunarstiiiness.com PowerShell[0]: {"EventTime":1677865682,"Hostname":"win-server.lunarstiiiness.com","Keywords":36028797018963968,"EventType":"INFO","SeverityValue":2,"Severity":"INFO","EventID":501,"SourceName":"PowerShell","Task":5,"RecordNumber":2331,"ProcessID":0,"ThreadID":0,"Channel":"Windows PowerShell","Message":"Command \"Get-Module\" is Stopped. \r\n\r\nDetails: \r\n\tNewCommandState=Stopped\r\n\r\n\tSequenceNumber=38\r\n\r\n\tHostName=Windows PowerShell ISE Host\r\n\tHostVersion=5.1.14393.5582\r\n\tHostId=78b0ce87-a0f4-49b9-aee8-08d6d3937dd0\r\n\tHostApplication=C:\\Windows\\system32\\WindowsPowerShell\\v1.0\\PowerShell_ISE.exe\r\n\tEngineVersion=5.1.14393.5582\r\n\tRunspaceId=742848cb-1ed3-4bc7-95d6-a562da6a8d2d\r\n\tPipelineId=12\r\n\tCommandName=Get-Module\r\n\tCommandType=Cmdlet\r\n\tScriptName=\r\n\tCommandPath=\r\n\tCommandLine=@(Get-Command  -CommandType Cmdlet, Function, Script, ExternalScript, Workflow),@(get-module)","Category":"Command Lifecycle","Opcode":"Info","EventReceivedTime":1677865683,"SourceModuleName":"in_powershell","SourceModuleType":"im_msvistalog"}
<14>Mar  3 17:48:02 win-server.lunarstiiiness.com PowerShell[0]: {"EventTime":1677865682,"Hostname":"win-server.lunarstiiiness.com","Keywords":36028797018963968,"EventType":"INFO","SeverityValue":2,"Severity":"INFO","EventID":501,"SourceName":"PowerShell","Task":5,"RecordNumber":2326,"ProcessID":0,"ThreadID":0,"Channel":"Windows PowerShell","Message":"Command \"Get-Module\" is Stopped. \r\n\r\nDetails: \r\n\tNewCommandState=Stopped\r\n\r\n\tSequenceNumber=33\r\n\r\n\tHostName=Windows PowerShell ISE Host\r\n\tHostVersion=5.1.14393.5582\r\n\tHostId=78b0ce87-a0f4-49b9-aee8-08d6d3937dd0\r\n\tHostApplication=C:\\Windows\\system32\\WindowsPowerShell\\v1.0\\PowerShell_ISE.exe\r\n\tEngineVersion=5.1.14393.5582\r\n\tRunspaceId=742848cb-1ed3-4bc7-95d6-a562da6a8d2d\r\n\tPipelineId=13\r\n\tCommandName=Get-Module\r\n\tCommandType=Cmdlet\r\n\tScriptName=\r\n\tCommandPath=\r\n\tCommandLine=","Category":"Command Lifecycle","Opcode":"Info","EventReceivedTime":1677865682,"SourceModuleName":"in_powershell","SourceModuleType":"im_msvistalog"}
<14>Mar  3 17:48:04 win-server.lunarstiiiness.com PowerShell[0]: {"EventTime":1677865684,"Hostname":"win-server.lunarstiiiness.com","Keywords":36028797018963968,"EventType":"INFO","SeverityValue":2,"Severity":"INFO","EventID":501,"SourceName":"PowerShell","Task":5,"RecordNumber":2335,"ProcessID":0,"ThreadID":0,"Channel":"Windows PowerShell","Message":"Command \"format-default\" is Stopped. \r\n\r\nDetails: \r\n\tNewCommandState=Stopped\r\n\r\n\tSequenceNumber=42\r\n\r\n\tHostName=Windows PowerShell ISE Host\r\n\tHostVersion=5.1.14393.5582\r\n\tHostId=78b0ce87-a0f4-49b9-aee8-08d6d3937dd0\r\n\tHostApplication=C:\\Windows\\system32\\WindowsPowerShell\\v1.0\\PowerShell_ISE.exe\r\n\tEngineVersion=5.1.14393.5582\r\n\tRunspaceId=742848cb-1ed3-4bc7-95d6-a562da6a8d2d\r\n\tPipelineId=12\r\n\tCommandName=format-default\r\n\tCommandType=Cmdlet\r\n\tScriptName=\r\n\tCommandPath=\r\n\tCommandLine=","Category":"Command Lifecycle","Opcode":"Info","EventReceivedTime":1677865684,"SourceModuleName":"in_powershell","SourceModuleType":"im_msvistalog"}
<14>Mar  3 17:48:04 win-server.lunarstiiiness.com PowerShell[0]: {"EventTime":1677865684,"Hostname":"win-server.lunarstiiiness.com","Keywords":36028797018963968,"EventType":"INFO","SeverityValue":2,"Severity":"INFO","EventID":501,"SourceName":"PowerShell","Task":5,"RecordNumber":2334,"ProcessID":0,"ThreadID":0,"Channel":"Windows PowerShell","Message":"Command \"\" is Stopped. \r\n\r\nDetails: \r\n\tNewCommandState=Stopped\r\n\r\n\tSequenceNumber=41\r\n\r\n\tHostName=Windows PowerShell ISE Host\r\n\tHostVersion=5.1.14393.5582\r\n\tHostId=78b0ce87-a0f4-49b9-aee8-08d6d3937dd0\r\n\tHostApplication=C:\\Windows\\system32\\WindowsPowerShell\\v1.0\\PowerShell_ISE.exe\r\n\tEngineVersion=5.1.14393.5582\r\n\tRunspaceId=742848cb-1ed3-4bc7-95d6-a562da6a8d2d\r\n\tPipelineId=12\r\n\tCommandName=\r\n\tCommandType=Script\r\n\tScriptName=\r\n\tCommandPath=\r\n\tCommandLine=","Category":"Command Lifecycle","Opcode":"Info","EventReceivedTime":1677865684,"SourceModuleName":"in_powershell","SourceModuleType":"im_msvistalog"}
<14>Mar  3 17:48:04 win-server.lunarstiiiness.com PowerShell[0]: {"EventTime":1677865684,"Hostname":"win-server.lunarstiiiness.com","Keywords":36028797018963968,"EventType":"INFO","SeverityValue":2,"Severity":"INFO","EventID":501,"SourceName":"PowerShell","Task":5,"RecordNumber":2336,"ProcessID":0,"ThreadID":0,"Channel":"Windows PowerShell","Message":"Command \"out-lineoutput\" is Stopped. \r\n\r\nDetails: \r\n\tNewCommandState=Stopped\r\n\r\n\tSequenceNumber=43\r\n\r\n\tHostName=Windows PowerShell ISE Host\r\n\tHostVersion=5.1.14393.5582\r\n\tHostId=78b0ce87-a0f4-49b9-aee8-08d6d3937dd0\r\n\tHostApplication=C:\\Windows\\system32\\WindowsPowerShell\\v1.0\\PowerShell_ISE.exe\r\n\tEngineVersion=5.1.14393.5582\r\n\tRunspaceId=742848cb-1ed3-4bc7-95d6-a562da6a8d2d\r\n\tPipelineId=12\r\n\tCommandName=out-lineoutput\r\n\tCommandType=Cmdlet\r\n\tScriptName=\r\n\tCommandPath=\r\n\tCommandLine=","Category":"Command Lifecycle","Opcode":"Info","EventReceivedTime":1677865684,"SourceModuleName":"in_powershell","SourceModuleType":"im_msvistalog"}
<14>Mar  3 17:48:04 win-server.lunarstiiiness.com PowerShell[0]: {"EventTime":1677865684,"Hostname":"win-server.lunarstiiiness.com","Keywords":36028797018963968,"EventType":"INFO","SeverityValue":2,"Severity":"INFO","EventID":501,"SourceName":"PowerShell","Task":5,"RecordNumber":2337,"ProcessID":0,"ThreadID":0,"Channel":"Windows PowerShell","Message":"Command \"Out-Default\" is Stopped. \r\n\r\nDetails: \r\n\tNewCommandState=Stopped\r\n\r\n\tSequenceNumber=44\r\n\r\n\tHostName=Windows PowerShell ISE Host\r\n\tHostVersion=5.1.14393.5582\r\n\tHostId=78b0ce87-a0f4-49b9-aee8-08d6d3937dd0\r\n\tHostApplication=C:\\Windows\\system32\\WindowsPowerShell\\v1.0\\PowerShell_ISE.exe\r\n\tEngineVersion=5.1.14393.5582\r\n\tRunspaceId=742848cb-1ed3-4bc7-95d6-a562da6a8d2d\r\n\tPipelineId=12\r\n\tCommandName=Out-Default\r\n\tCommandType=Cmdlet\r\n\tScriptName=\r\n\tCommandPath=\r\n\tCommandLine=","Category":"Command Lifecycle","Opcode":"Info","EventReceivedTime":1677865684,"SourceModuleName":"in_powershell","SourceModuleType":"im_msvistalog"}
<14>Mar  3 17:49:13 win-server.lunarstiiiness.com PowerShell[0]: {"EventTime":1677865752,"Hostname":"win-server.lunarstiiiness.com","Keywords":36028797018963968,"EventType":"INFO","SeverityValue":2,"Severity":"INFO","EventID":500,"SourceName":"PowerShell","Task":5,"RecordNumber":2338,"ProcessID":0,"ThreadID":0,"Channel":"Windows PowerShell","Message":"Command \"TabExpansion2\" is Started. \r\n\r\nDetails: \r\n\tNewCommandState=Started\r\n\r\n\tSequenceNumber=45\r\n\r\n\tHostName=Windows PowerShell ISE Host\r\n\tHostVersion=5.1.14393.5582\r\n\tHostId=78b0ce87-a0f4-49b9-aee8-08d6d3937dd0\r\n\tHostApplication=C:\\Windows\\system32\\WindowsPowerShell\\v1.0\\PowerShell_ISE.exe\r\n\tEngineVersion=5.1.14393.5582\r\n\tRunspaceId=742848cb-1ed3-4bc7-95d6-a562da6a8d2d\r\n\tPipelineId=15\r\n\tCommandName=TabExpansion2\r\n\tCommandType=Function\r\n\tScriptName=\r\n\tCommandPath=\r\n\tCommandLine=","Category":"Command Lifecycle","Opcode":"Info","EventReceivedTime":1677865753,"SourceModuleName":"in_powershell","SourceModuleType":"im_msvistalog"}
<14>Mar  3 17:49:13 win-server.lunarstiiiness.com PowerShell[0]: {"EventTime":1677865752,"Hostname":"win-server.lunarstiiiness.com","Keywords":36028797018963968,"EventType":"INFO","SeverityValue":2,"Severity":"INFO","EventID":500,"SourceName":"PowerShell","Task":5,"RecordNumber":2339,"ProcessID":0,"ThreadID":0,"Channel":"Windows PowerShell","Message":"Command \"Resolve-Path\" is Started. \r\n\r\nDetails: \r\n\tNewCommandState=Started\r\n\r\n\tSequenceNumber=46\r\n\r\n\tHostName=Windows PowerShell ISE Host\r\n\tHostVersion=5.1.14393.5582\r\n\tHostId=78b0ce87-a0f4-49b9-aee8-08d6d3937dd0\r\n\tHostApplication=C:\\Windows\\system32\\WindowsPowerShell\\v1.0\\PowerShell_ISE.exe\r\n\tEngineVersion=5.1.14393.5582\r\n\tRunspaceId=742848cb-1ed3-4bc7-95d6-a562da6a8d2d\r\n\tPipelineId=16\r\n\tCommandName=Resolve-Path\r\n\tCommandType=Cmdlet\r\n\tScriptName=\r\n\tCommandPath=\r\n\tCommandLine=","Category":"Command Lifecycle","Opcode":"Info","EventReceivedTime":1677865753,"SourceModuleName":"in_powershell","SourceModuleType":"im_msvistalog"}
<14>Mar  3 17:49:13 win-server.lunarstiiiness.com PowerShell[0]: {"EventTime":1677865752,"Hostname":"win-server.lunarstiiiness.com","Keywords":36028797018963968,"EventType":"INFO","SeverityValue":2,"Severity":"INFO","EventID":501,"SourceName":"PowerShell","Task":5,"RecordNumber":2340,"ProcessID":0,"ThreadID":0,"Channel":"Windows PowerShell","Message":"Command \"Resolve-Path\" is Stopped. \r\n\r\nDetails: \r\n\tNewCommandState=Stopped\r\n\r\n\tSequenceNumber=47\r\n\r\n\tHostName=Windows PowerShell ISE Host\r\n\tHostVersion=5.1.14393.5582\r\n\tHostId=78b0ce87-a0f4-49b9-aee8-08d6d3937dd0\r\n\tHostApplication=C:\\Windows\\system32\\WindowsPowerShell\\v1.0\\PowerShell_ISE.exe\r\n\tEngineVersion=5.1.14393.5582\r\n\tRunspaceId=742848cb-1ed3-4bc7-95d6-a562da6a8d2d\r\n\tPipelineId=16\r\n\tCommandName=Resolve-Path\r\n\tCommandType=Cmdlet\r\n\tScriptName=\r\n\tCommandPath=\r\n\tCommandLine=","Category":"Command Lifecycle","Opcode":"Info","EventReceivedTime":1677865753,"SourceModuleName":"in_powershell","SourceModuleType":"im_msvistalog"}
<14>Mar  3 17:49:15 win-server.lunarstiiiness.com PowerShell[0]: {"EventTime":1677865754,"Hostname":"win-server.lunarstiiiness.com","Keywords":36028797018963968,"EventType":"INFO","SeverityValue":2,"Severity":"INFO","EventID":500,"SourceName":"PowerShell","Task":5,"RecordNumber":2346,"ProcessID":0,"ThreadID":0,"Channel":"Windows PowerShell","Message":"Command \"TabExpansion2\" is Started. \r\n\r\nDetails: \r\n\tNewCommandState=Started\r\n\r\n\tSequenceNumber=53\r\n\r\n\tHostName=Windows PowerShell ISE Host\r\n\tHostVersion=5.1.14393.5582\r\n\tHostId=78b0ce87-a0f4-49b9-aee8-08d6d3937dd0\r\n\tHostApplication=C:\\Windows\\system32\\WindowsPowerShell\\v1.0\\PowerShell_ISE.exe\r\n\tEngineVersion=5.1.14393.5582\r\n\tRunspaceId=742848cb-1ed3-4bc7-95d6-a562da6a8d2d\r\n\tPipelineId=19\r\n\tCommandName=TabExpansion2\r\n\tCommandType=Function\r\n\tScriptName=\r\n\tCommandPath=\r\n\tCommandLine=","Category":"Command Lifecycle","Opcode":"Info","EventReceivedTime":1677865755,"SourceModuleName":"in_powershell","SourceModuleType":"im_msvistalog"}
<14>Mar  3 17:49:15 win-server.lunarstiiiness.com PowerShell[0]: {"EventTime":1677865754,"Hostname":"win-server.lunarstiiiness.com","Keywords":36028797018963968,"EventType":"INFO","SeverityValue":2,"Severity":"INFO","EventID":500,"SourceName":"PowerShell","Task":5,"RecordNumber":2347,"ProcessID":0,"ThreadID":0,"Channel":"Windows PowerShell","Message":"Command \"Resolve-Path\" is Started. \r\n\r\nDetails: \r\n\tNewCommandState=Started\r\n\r\n\tSequenceNumber=54\r\n\r\n\tHostName=Windows PowerShell ISE Host\r\n\tHostVersion=5.1.14393.5582\r\n\tHostId=78b0ce87-a0f4-49b9-aee8-08d6d3937dd0\r\n\tHostApplication=C:\\Windows\\system32\\WindowsPowerShell\\v1.0\\PowerShell_ISE.exe\r\n\tEngineVersion=5.1.14393.5582\r\n\tRunspaceId=742848cb-1ed3-4bc7-95d6-a562da6a8d2d\r\n\tPipelineId=20\r\n\tCommandName=Resolve-Path\r\n\tCommandType=Cmdlet\r\n\tScriptName=\r\n\tCommandPath=\r\n\tCommandLine=","Category":"Command Lifecycle","Opcode":"Info","EventReceivedTime":1677865755,"SourceModuleName":"in_powershell","SourceModuleType":"im_msvistalog"}
<14>Mar  3 17:49:15 win-server.lunarstiiiness.com PowerShell[0]: {"EventTime":1677865754,"Hostname":"win-server.lunarstiiiness.com","Keywords":36028797018963968,"EventType":"INFO","SeverityValue":2,"Severity":"INFO","EventID":500,"SourceName":"PowerShell","Task":5,"RecordNumber":2342,"ProcessID":0,"ThreadID":0,"Channel":"Windows PowerShell","Message":"Command \"TabExpansion2\" is Started. \r\n\r\nDetails: \r\n\tNewCommandState=Started\r\n\r\n\tSequenceNumber=49\r\n\r\n\tHostName=Windows PowerShell ISE Host\r\n\tHostVersion=5.1.14393.5582\r\n\tHostId=78b0ce87-a0f4-49b9-aee8-08d6d3937dd0\r\n\tHostApplication=C:\\Windows\\system32\\WindowsPowerShell\\v1.0\\PowerShell_ISE.exe\r\n\tEngineVersion=5.1.14393.5582\r\n\tRunspaceId=742848cb-1ed3-4bc7-95d6-a562da6a8d2d\r\n\tPipelineId=17\r\n\tCommandName=TabExpansion2\r\n\tCommandType=Function\r\n\tScriptName=\r\n\tCommandPath=\r\n\tCommandLine=","Category":"Command Lifecycle","Opcode":"Info","EventReceivedTime":1677865755,"SourceModuleName":"in_powershell","SourceModuleType":"im_msvistalog"}
<14>Mar  3 17:49:15 win-server.lunarstiiiness.com PowerShell[0]: {"EventTime":1677865754,"Hostname":"win-server.lunarstiiiness.com","Keywords":36028797018963968,"EventType":"INFO","SeverityValue":2,"Severity":"INFO","EventID":500,"SourceName":"PowerShell","Task":5,"RecordNumber":2343,"ProcessID":0,"ThreadID":0,"Channel":"Windows PowerShell","Message":"Command \"Resolve-Path\" is Started. \r\n\r\nDetails: \r\n\tNewCommandState=Started\r\n\r\n\tSequenceNumber=50\r\n\r\n\tHostName=Windows PowerShell ISE Host\r\n\tHostVersion=5.1.14393.5582\r\n\tHostId=78b0ce87-a0f4-49b9-aee8-08d6d3937dd0\r\n\tHostApplication=C:\\Windows\\system32\\WindowsPowerShell\\v1.0\\PowerShell_ISE.exe\r\n\tEngineVersion=5.1.14393.5582\r\n\tRunspaceId=742848cb-1ed3-4bc7-95d6-a562da6a8d2d\r\n\tPipelineId=18\r\n\tCommandName=Resolve-Path\r\n\tCommandType=Cmdlet\r\n\tScriptName=\r\n\tCommandPath=\r\n\tCommandLine=","Category":"Command Lifecycle","Opcode":"Info","EventReceivedTime":1677865755,"SourceModuleName":"in_powershell","SourceModuleType":"im_msvistalog"}
<14>Mar  3 17:49:15 win-server.lunarstiiiness.com PowerShell[0]: {"EventTime":1677865754,"Hostname":"win-server.lunarstiiiness.com","Keywords":36028797018963968,"EventType":"INFO","SeverityValue":2,"Severity":"INFO","EventID":501,"SourceName":"PowerShell","Task":5,"RecordNumber":2344,"ProcessID":0,"ThreadID":0,"Channel":"Windows PowerShell","Message":"Command \"Resolve-Path\" is Stopped. \r\n\r\nDetails: \r\n\tNewCommandState=Stopped\r\n\r\n\tSequenceNumber=51\r\n\r\n\tHostName=Windows PowerShell ISE Host\r\n\tHostVersion=5.1.14393.5582\r\n\tHostId=78b0ce87-a0f4-49b9-aee8-08d6d3937dd0\r\n\tHostApplication=C:\\Windows\\system32\\WindowsPowerShell\\v1.0\\PowerShell_ISE.exe\r\n\tEngineVersion=5.1.14393.5582\r\n\tRunspaceId=742848cb-1ed3-4bc7-95d6-a562da6a8d2d\r\n\tPipelineId=18\r\n\tCommandName=Resolve-Path\r\n\tCommandType=Cmdlet\r\n\tScriptName=\r\n\tCommandPath=\r\n\tCommandLine=","Category":"Command Lifecycle","Opcode":"Info","EventReceivedTime":1677865755,"SourceModuleName":"in_powershell","SourceModuleType":"im_msvistalog"}
<14>Mar  3 17:49:15 win-server.lunarstiiiness.com PowerShell[0]: {"EventTime":1677865754,"Hostname":"win-server.lunarstiiiness.com","Keywords":36028797018963968,"EventType":"INFO","SeverityValue":2,"Severity":"INFO","EventID":501,"SourceName":"PowerShell","Task":5,"RecordNumber":2341,"ProcessID":0,"ThreadID":0,"Channel":"Windows PowerShell","Message":"Command \"TabExpansion2\" is Stopped. \r\n\r\nDetails: \r\n\tNewCommandState=Stopped\r\n\r\n\tSequenceNumber=48\r\n\r\n\tHostName=Windows PowerShell ISE Host\r\n\tHostVersion=5.1.14393.5582\r\n\tHostId=78b0ce87-a0f4-49b9-aee8-08d6d3937dd0\r\n\tHostApplication=C:\\Windows\\system32\\WindowsPowerShell\\v1.0\\PowerShell_ISE.exe\r\n\tEngineVersion=5.1.14393.5582\r\n\tRunspaceId=742848cb-1ed3-4bc7-95d6-a562da6a8d2d\r\n\tPipelineId=15\r\n\tCommandName=TabExpansion2\r\n\tCommandType=Function\r\n\tScriptName=\r\n\tCommandPath=\r\n\tCommandLine=","Category":"Command Lifecycle","Opcode":"Info","EventReceivedTime":1677865755,"SourceModuleName":"in_powershell","SourceModuleType":"im_msvistalog"}
