<14>Jun 23 13:50:03 win-adfs.lunarstiiiness.com PowerShell[0]: {"EventTime":1687528203,"Hostname":"win-adfs.lunarstiiiness.com","Keywords":36028797018963968,"EventType":"INFO","SeverityValue":2,"Severity":"INFO","EventID":600,"SourceName":"PowerShell","Version":0,"Task":6,"OpcodeValue":0,"RecordNumber":6160241,"ProcessID":0,"ThreadID":0,"Channel":"Windows PowerShell","Message":"Provider \"Certificate\" is Started. \r\n\r\nDetails: \r\n\tProviderName=Certificate\r\n\tNewProviderState=Started\r\n\r\n\tSequenceNumber=362481\r\n\r\n\tHostName=Default Host\r\n\tHostVersion=5.1.20348.1366\r\n\tHostId=5ff37690-8909-415d-98b8-53ca5f807f13\r\n\tHostApplication=C:\\Program Files\\Microsoft Azure AD Sync\\Bin\\miiserver.exe\r\n\tEngineVersion=\r\n\tRunspaceId=\r\n\tPipelineId=\r\n\tCommandName=\r\n\tCommandType=\r\n\tScriptName=\r\n\tCommandPath=\r\n\tCommandLine=","Category":"Provider Lifecycle","Opcode":"Info","EventReceivedTime":1687528203,"SourceModuleName":"in_powershell","SourceModuleType":"im_msvistalog"}
<14>Jun 23 13:50:03 win-adfs.lunarstiiiness.com PowerShell[0]: {"EventTime":1687528203,"Hostname":"win-adfs.lunarstiiiness.com","Keywords":36028797018963968,"EventType":"INFO","SeverityValue":2,"Severity":"INFO","EventID":600,"SourceName":"PowerShell","Version":0,"Task":6,"OpcodeValue":0,"RecordNumber":6160288,"ProcessID":0,"ThreadID":0,"Channel":"Windows PowerShell","Message":"Provider \"Variable\" is Started. \r\n\r\nDetails: \r\n\tProviderName=Variable\r\n\tNewProviderState=Started\r\n\r\n\tSequenceNumber=362575\r\n\r\n\tHostName=Default Host\r\n\tHostVersion=5.1.20348.1366\r\n\tHostId=169640dd-195e-4985-8478-f8c0300cff82\r\n\tHostApplication=C:\\Program Files\\Microsoft Azure AD Sync\\Bin\\miiserver.exe\r\n\tEngineVersion=\r\n\tRunspaceId=\r\n\tPipelineId=\r\n\tCommandName=\r\n\tCommandType=\r\n\tScriptName=\r\n\tCommandPath=\r\n\tCommandLine=","Category":"Provider Lifecycle","Opcode":"Info","EventReceivedTime":1687528203,"SourceModuleName":"in_powershell","SourceModuleType":"im_msvistalog"}
<14>Jun 23 13:50:03 win-adfs.lunarstiiiness.com PowerShell[0]: {"EventTime":1687528203,"Hostname":"win-adfs.lunarstiiiness.com","Keywords":36028797018963968,"EventType":"INFO","SeverityValue":2,"Severity":"INFO","EventID":600,"SourceName":"PowerShell","Version":0,"Task":6,"OpcodeValue":0,"RecordNumber":6160289,"ProcessID":0,"ThreadID":0,"Channel":"Windows PowerShell","Message":"Provider \"Certificate\" is Started. \r\n\r\nDetails: \r\n\tProviderName=Certificate\r\n\tNewProviderState=Started\r\n\r\n\tSequenceNumber=362577\r\n\r\n\tHostName=Default Host\r\n\tHostVersion=5.1.20348.1366\r\n\tHostId=169640dd-195e-4985-8478-f8c0300cff82\r\n\tHostApplication=C:\\Program Files\\Microsoft Azure AD Sync\\Bin\\miiserver.exe\r\n\tEngineVersion=\r\n\tRunspaceId=\r\n\tPipelineId=\r\n\tCommandName=\r\n\tCommandType=\r\n\tScriptName=\r\n\tCommandPath=\r\n\tCommandLine=","Category":"Provider Lifecycle","Opcode":"Info","EventReceivedTime":1687528203,"SourceModuleName":"in_powershell","SourceModuleType":"im_msvistalog"}
<14>Jun 23 13:50:03 win-adfs.lunarstiiiness.com PowerShell[0]: {"EventTime":1687528203,"Hostname":"win-adfs.lunarstiiiness.com","Keywords":36028797018963968,"EventType":"INFO","SeverityValue":2,"Severity":"INFO","EventID":600,"SourceName":"PowerShell","Version":0,"Task":6,"OpcodeValue":0,"RecordNumber":6160242,"ProcessID":0,"ThreadID":0,"Channel":"Windows PowerShell","Message":"Provider \"WSMan\" is Started. \r\n\r\nDetails: \r\n\tProviderName=WSMan\r\n\tNewProviderState=Started\r\n\r\n\tSequenceNumber=362483\r\n\r\n\tHostName=Default Host\r\n\tHostVersion=5.1.20348.1366\r\n\tHostId=5ff37690-8909-415d-98b8-53ca5f807f13\r\n\tHostApplication=C:\\Program Files\\Microsoft Azure AD Sync\\Bin\\miiserver.exe\r\n\tEngineVersion=\r\n\tRunspaceId=\r\n\tPipelineId=\r\n\tCommandName=\r\n\tCommandType=\r\n\tScriptName=\r\n\tCommandPath=\r\n\tCommandLine=","Category":"Provider Lifecycle","Opcode":"Info","EventReceivedTime":1687528203,"SourceModuleName":"in_powershell","SourceModuleType":"im_msvistalog"}
<14>Jun 23 13:50:03 win-adfs.lunarstiiiness.com PowerShell[0]: {"EventTime":1687528203,"Hostname":"win-adfs.lunarstiiiness.com","Keywords":36028797018963968,"EventType":"INFO","SeverityValue":2,"Severity":"INFO","EventID":600,"SourceName":"PowerShell","Version":0,"Task":6,"OpcodeValue":0,"RecordNumber":6160252,"ProcessID":0,"ThreadID":0,"Channel":"Windows PowerShell","Message":"Provider \"Variable\" is Started. \r\n\r\nDetails: \r\n\tProviderName=Variable\r\n\tNewProviderState=Started\r\n\r\n\tSequenceNumber=362503\r\n\r\n\tHostName=Default Host\r\n\tHostVersion=5.1.20348.1366\r\n\tHostId=9d803bda-fd19-486f-b244-9847e699b892\r\n\tHostApplication=C:\\Program Files\\Microsoft Azure AD Sync\\Bin\\miiserver.exe\r\n\tEngineVersion=\r\n\tRunspaceId=\r\n\tPipelineId=\r\n\tCommandName=\r\n\tCommandType=\r\n\tScriptName=\r\n\tCommandPath=\r\n\tCommandLine=","Category":"Provider Lifecycle","Opcode":"Info","EventReceivedTime":1687528203,"SourceModuleName":"in_powershell","SourceModuleType":"im_msvistalog"}
<14>Jun 23 13:50:03 win-adfs.lunarstiiiness.com PowerShell[0]: {"EventTime":1687528203,"Hostname":"win-adfs.lunarstiiiness.com","Keywords":36028797018963968,"EventType":"INFO","SeverityValue":2,"Severity":"INFO","EventID":600,"SourceName":"PowerShell","Version":0,"Task":6,"OpcodeValue":0,"RecordNumber":6160285,"ProcessID":0,"ThreadID":0,"Channel":"Windows PowerShell","Message":"Provider \"Environment\" is Started. \r\n\r\nDetails: \r\n\tProviderName=Environment\r\n\tNewProviderState=Started\r\n\r\n\tSequenceNumber=362569\r\n\r\n\tHostName=Default Host\r\n\tHostVersion=5.1.20348.1366\r\n\tHostId=169640dd-195e-4985-8478-f8c0300cff82\r\n\tHostApplication=C:\\Program Files\\Microsoft Azure AD Sync\\Bin\\miiserver.exe\r\n\tEngineVersion=\r\n\tRunspaceId=\r\n\tPipelineId=\r\n\tCommandName=\r\n\tCommandType=\r\n\tScriptName=\r\n\tCommandPath=\r\n\tCommandLine=","Category":"Provider Lifecycle","Opcode":"Info","EventReceivedTime":1687528203,"SourceModuleName":"in_powershell","SourceModuleType":"im_msvistalog"}
<14>Jun 23 13:50:04 win-adfs.lunarstiiiness.com PowerShell[0]: {"EventTime":1687528203,"Hostname":"win-adfs.lunarstiiiness.com","Keywords":36028797018963968,"EventType":"INFO","SeverityValue":2,"Severity":"INFO","EventID":600,"SourceName":"PowerShell","Version":0,"Task":6,"OpcodeValue":0,"RecordNumber":6160310,"ProcessID":0,"ThreadID":0,"Channel":"Windows PowerShell","Message":"Provider \"FileSystem\" is Started. \r\n\r\nDetails: \r\n\tProviderName=FileSystem\r\n\tNewProviderState=Started\r\n\r\n\tSequenceNumber=362619\r\n\r\n\tHostName=Default Host\r\n\tHostVersion=5.1.20348.1366\r\n\tHostId=eea779bf-4902-4620-b70b-4742c3bb94d1\r\n\tHostApplication=C:\\Program Files\\Microsoft Azure AD Sync\\Bin\\miiserver.exe\r\n\tEngineVersion=\r\n\tRunspaceId=\r\n\tPipelineId=\r\n\tCommandName=\r\n\tCommandType=\r\n\tScriptName=\r\n\tCommandPath=\r\n\tCommandLine=","Category":"Provider Lifecycle","Opcode":"Info","EventReceivedTime":1687528204,"SourceModuleName":"in_powershell","SourceModuleType":"im_msvistalog"}
<14>Jun 23 13:50:03 win-adfs.lunarstiiiness.com PowerShell[0]: {"EventTime":1687528203,"Hostname":"win-adfs.lunarstiiiness.com","Keywords":36028797018963968,"EventType":"INFO","SeverityValue":2,"Severity":"INFO","EventID":600,"SourceName":"PowerShell","Version":0,"Task":6,"OpcodeValue":0,"RecordNumber":6160238,"ProcessID":0,"ThreadID":0,"Channel":"Windows PowerShell","Message":"Provider \"FileSystem\" is Started. \r\n\r\nDetails: \r\n\tProviderName=FileSystem\r\n\tNewProviderState=Started\r\n\r\n\tSequenceNumber=362475\r\n\r\n\tHostName=Default Host\r\n\tHostVersion=5.1.20348.1366\r\n\tHostId=5ff37690-8909-415d-98b8-53ca5f807f13\r\n\tHostApplication=C:\\Program Files\\Microsoft Azure AD Sync\\Bin\\miiserver.exe\r\n\tEngineVersion=\r\n\tRunspaceId=\r\n\tPipelineId=\r\n\tCommandName=\r\n\tCommandType=\r\n\tScriptName=\r\n\tCommandPath=\r\n\tCommandLine=","Category":"Provider Lifecycle","Opcode":"Info","EventReceivedTime":1687528203,"SourceModuleName":"in_powershell","SourceModuleType":"im_msvistalog"}
<14>Jun 23 13:50:03 win-adfs.lunarstiiiness.com PowerShell[0]: {"EventTime":1687528203,"Hostname":"win-adfs.lunarstiiiness.com","Keywords":36028797018963968,"EventType":"INFO","SeverityValue":2,"Severity":"INFO","EventID":600,"SourceName":"PowerShell","Version":0,"Task":6,"OpcodeValue":0,"RecordNumber":6160275,"ProcessID":0,"ThreadID":0,"Channel":"Windows PowerShell","Message":"Provider \"Function\" is Started. \r\n\r\nDetails: \r\n\tProviderName=Function\r\n\tNewProviderState=Started\r\n\r\n\tSequenceNumber=362549\r\n\r\n\tHostName=Default Host\r\n\tHostVersion=5.1.20348.1366\r\n\tHostId=467ad29e-8afb-4ade-8aeb-fc62d8ecea83\r\n\tHostApplication=C:\\Program Files\\Microsoft Azure AD Sync\\Bin\\miiserver.exe\r\n\tEngineVersion=\r\n\tRunspaceId=\r\n\tPipelineId=\r\n\tCommandName=\r\n\tCommandType=\r\n\tScriptName=\r\n\tCommandPath=\r\n\tCommandLine=","Category":"Provider Lifecycle","Opcode":"Info","EventReceivedTime":1687528203,"SourceModuleName":"in_powershell","SourceModuleType":"im_msvistalog"}
<14>Jun 23 13:50:03 win-adfs.lunarstiiiness.com PowerShell[0]: {"EventTime":1687528203,"Hostname":"win-adfs.lunarstiiiness.com","Keywords":36028797018963968,"EventType":"INFO","SeverityValue":2,"Severity":"INFO","EventID":600,"SourceName":"PowerShell","Version":0,"Task":6,"OpcodeValue":0,"RecordNumber":6160264,"ProcessID":0,"ThreadID":0,"Channel":"Windows PowerShell","Message":"Provider \"Variable\" is Started. \r\n\r\nDetails: \r\n\tProviderName=Variable\r\n\tNewProviderState=Started\r\n\r\n\tSequenceNumber=362527\r\n\r\n\tHostName=Default Host\r\n\tHostVersion=5.1.20348.1366\r\n\tHostId=fd2087ff-ab35-4b16-b7f9-20f7630be242\r\n\tHostApplication=C:\\Program Files\\Microsoft Azure AD Sync\\Bin\\miiserver.exe\r\n\tEngineVersion=\r\n\tRunspaceId=\r\n\tPipelineId=\r\n\tCommandName=\r\n\tCommandType=\r\n\tScriptName=\r\n\tCommandPath=\r\n\tCommandLine=","Category":"Provider Lifecycle","Opcode":"Info","EventReceivedTime":1687528203,"SourceModuleName":"in_powershell","SourceModuleType":"im_msvistalog"}
<14>Jun 23 13:50:04 win-adfs.lunarstiiiness.com PowerShell[0]: {"EventTime":1687528203,"Hostname":"win-adfs.lunarstiiiness.com","Keywords":36028797018963968,"EventType":"INFO","SeverityValue":2,"Severity":"INFO","EventID":600,"SourceName":"PowerShell","Version":0,"Task":6,"OpcodeValue":0,"RecordNumber":6160308,"ProcessID":0,"ThreadID":0,"Channel":"Windows PowerShell","Message":"Provider \"Alias\" is Started. \r\n\r\nDetails: \r\n\tProviderName=Alias\r\n\tNewProviderState=Started\r\n\r\n\tSequenceNumber=362615\r\n\r\n\tHostName=Default Host\r\n\tHostVersion=5.1.20348.1366\r\n\tHostId=eea779bf-4902-4620-b70b-4742c3bb94d1\r\n\tHostApplication=C:\\Program Files\\Microsoft Azure AD Sync\\Bin\\miiserver.exe\r\n\tEngineVersion=\r\n\tRunspaceId=\r\n\tPipelineId=\r\n\tCommandName=\r\n\tCommandType=\r\n\tScriptName=\r\n\tCommandPath=\r\n\tCommandLine=","Category":"Provider Lifecycle","Opcode":"Info","EventReceivedTime":1687528204,"SourceModuleName":"in_powershell","SourceModuleType":"im_msvistalog"}
<14>Jun 23 13:50:03 win-adfs.lunarstiiiness.com PowerShell[0]: {"EventTime":1687528203,"Hostname":"win-adfs.lunarstiiiness.com","Keywords":36028797018963968,"EventType":"INFO","SeverityValue":2,"Severity":"INFO","EventID":600,"SourceName":"PowerShell","Version":0,"Task":6,"OpcodeValue":0,"RecordNumber":6160259,"ProcessID":0,"ThreadID":0,"Channel":"Windows PowerShell","Message":"Provider \"Registry\" is Started. \r\n\r\nDetails: \r\n\tProviderName=Registry\r\n\tNewProviderState=Started\r\n\r\n\tSequenceNumber=362517\r\n\r\n\tHostName=Default Host\r\n\tHostVersion=5.1.20348.1366\r\n\tHostId=fd2087ff-ab35-4b16-b7f9-20f7630be242\r\n\tHostApplication=C:\\Program Files\\Microsoft Azure AD Sync\\Bin\\miiserver.exe\r\n\tEngineVersion=\r\n\tRunspaceId=\r\n\tPipelineId=\r\n\tCommandName=\r\n\tCommandType=\r\n\tScriptName=\r\n\tCommandPath=\r\n\tCommandLine=","Category":"Provider Lifecycle","Opcode":"Info","EventReceivedTime":1687528203,"SourceModuleName":"in_powershell","SourceModuleType":"im_msvistalog"}
<14>Jun 23 13:50:03 win-adfs.lunarstiiiness.com PowerShell[0]: {"EventTime":1687528203,"Hostname":"win-adfs.lunarstiiiness.com","Keywords":36028797018963968,"EventType":"INFO","SeverityValue":2,"Severity":"INFO","EventID":600,"SourceName":"PowerShell","Version":0,"Task":6,"OpcodeValue":0,"RecordNumber":6160226,"ProcessID":0,"ThreadID":0,"Channel":"Windows PowerShell","Message":"Provider \"FileSystem\" is Started. \r\n\r\nDetails: \r\n\tProviderName=FileSystem\r\n\tNewProviderState=Started\r\n\r\n\tSequenceNumber=362451\r\n\r\n\tHostName=Default Host\r\n\tHostVersion=5.1.20348.1366\r\n\tHostId=4f370ab5-7127-428e-89f7-c2745e861bf0\r\n\tHostApplication=C:\\Program Files\\Microsoft Azure AD Sync\\Bin\\miiserver.exe\r\n\tEngineVersion=\r\n\tRunspaceId=\r\n\tPipelineId=\r\n\tCommandName=\r\n\tCommandType=\r\n\tScriptName=\r\n\tCommandPath=\r\n\tCommandLine=","Category":"Provider Lifecycle","Opcode":"Info","EventReceivedTime":1687528203,"SourceModuleName":"in_powershell","SourceModuleType":"im_msvistalog"}
<14>Jun 23 13:50:04 win-adfs.lunarstiiiness.com PowerShell[0]: {"EventTime":1687528203,"Hostname":"win-adfs.lunarstiiiness.com","Keywords":36028797018963968,"EventType":"INFO","SeverityValue":2,"Severity":"INFO","EventID":600,"SourceName":"PowerShell","Version":0,"Task":6,"OpcodeValue":0,"RecordNumber":6160301,"ProcessID":0,"ThreadID":0,"Channel":"Windows PowerShell","Message":"Provider \"Certificate\" is Started. \r\n\r\nDetails: \r\n\tProviderName=Certificate\r\n\tNewProviderState=Started\r\n\r\n\tSequenceNumber=362601\r\n\r\n\tHostName=Default Host\r\n\tHostVersion=5.1.20348.1366\r\n\tHostId=cda1cf10-17dd-4dc9-9d1a-97c3261fa8a8\r\n\tHostApplication=C:\\Program Files\\Microsoft Azure AD Sync\\Bin\\miiserver.exe\r\n\tEngineVersion=\r\n\tRunspaceId=\r\n\tPipelineId=\r\n\tCommandName=\r\n\tCommandType=\r\n\tScriptName=\r\n\tCommandPath=\r\n\tCommandLine=","Category":"Provider Lifecycle","Opcode":"Info","EventReceivedTime":1687528204,"SourceModuleName":"in_powershell","SourceModuleType":"im_msvistalog"}
<14>Jun 23 13:50:03 win-adfs.lunarstiiiness.com PowerShell[0]: {"EventTime":1687528203,"Hostname":"win-adfs.lunarstiiiness.com","Keywords":36028797018963968,"EventType":"INFO","SeverityValue":2,"Severity":"INFO","EventID":600,"SourceName":"PowerShell","Version":0,"Task":6,"OpcodeValue":0,"RecordNumber":6160277,"ProcessID":0,"ThreadID":0,"Channel":"Windows PowerShell","Message":"Provider \"Certificate\" is Started. \r\n\r\nDetails: \r\n\tProviderName=Certificate\r\n\tNewProviderState=Started\r\n\r\n\tSequenceNumber=362553\r\n\r\n\tHostName=Default Host\r\n\tHostVersion=5.1.20348.1366\r\n\tHostId=467ad29e-8afb-4ade-8aeb-fc62d8ecea83\r\n\tHostApplication=C:\\Program Files\\Microsoft Azure AD Sync\\Bin\\miiserver.exe\r\n\tEngineVersion=\r\n\tRunspaceId=\r\n\tPipelineId=\r\n\tCommandName=\r\n\tCommandType=\r\n\tScriptName=\r\n\tCommandPath=\r\n\tCommandLine=","Category":"Provider Lifecycle","Opcode":"Info","EventReceivedTime":1687528203,"SourceModuleName":"in_powershell","SourceModuleType":"im_msvistalog"}
<14>Jun 23 13:50:03 win-adfs.lunarstiiiness.com PowerShell[0]: {"EventTime":1687528203,"Hostname":"win-adfs.lunarstiiiness.com","Keywords":36028797018963968,"EventType":"INFO","SeverityValue":2,"Severity":"INFO","EventID":600,"SourceName":"PowerShell","Version":0,"Task":6,"OpcodeValue":0,"RecordNumber":6160236,"ProcessID":0,"ThreadID":0,"Channel":"Windows PowerShell","Message":"Provider \"Alias\" is Started. \r\n\r\nDetails: \r\n\tProviderName=Alias\r\n\tNewProviderState=Started\r\n\r\n\tSequenceNumber=362471\r\n\r\n\tHostName=Default Host\r\n\tHostVersion=5.1.20348.1366\r\n\tHostId=5ff37690-8909-415d-98b8-53ca5f807f13\r\n\tHostApplication=C:\\Program Files\\Microsoft Azure AD Sync\\Bin\\miiserver.exe\r\n\tEngineVersion=\r\n\tRunspaceId=\r\n\tPipelineId=\r\n\tCommandName=\r\n\tCommandType=\r\n\tScriptName=\r\n\tCommandPath=\r\n\tCommandLine=","Category":"Provider Lifecycle","Opcode":"Info","EventReceivedTime":1687528203,"SourceModuleName":"in_powershell","SourceModuleType":"im_msvistalog"}
<14>Jun 23 13:50:03 win-adfs.lunarstiiiness.com PowerShell[0]: {"EventTime":1687528203,"Hostname":"win-adfs.lunarstiiiness.com","Keywords":36028797018963968,"EventType":"INFO","SeverityValue":2,"Severity":"INFO","EventID":600,"SourceName":"PowerShell","Version":0,"Task":6,"OpcodeValue":0,"RecordNumber":6160249,"ProcessID":0,"ThreadID":0,"Channel":"Windows PowerShell","Message":"Provider \"Environment\" is Started. \r\n\r\nDetails: \r\n\tProviderName=Environment\r\n\tNewProviderState=Started\r\n\r\n\tSequenceNumber=362497\r\n\r\n\tHostName=Default Host\r\n\tHostVersion=5.1.20348.1366\r\n\tHostId=9d803bda-fd19-486f-b244-9847e699b892\r\n\tHostApplication=C:\\Program Files\\Microsoft Azure AD Sync\\Bin\\miiserver.exe\r\n\tEngineVersion=\r\n\tRunspaceId=\r\n\tPipelineId=\r\n\tCommandName=\r\n\tCommandType=\r\n\tScriptName=\r\n\tCommandPath=\r\n\tCommandLine=","Category":"Provider Lifecycle","Opcode":"Info","EventReceivedTime":1687528203,"SourceModuleName":"in_powershell","SourceModuleType":"im_msvistalog"}
<14>Jun 23 13:50:04 win-adfs.lunarstiiiness.com PowerShell[0]: {"EventTime":1687528203,"Hostname":"win-adfs.lunarstiiiness.com","Keywords":36028797018963968,"EventType":"INFO","SeverityValue":2,"Severity":"INFO","EventID":600,"SourceName":"PowerShell","Version":0,"Task":6,"OpcodeValue":0,"RecordNumber":6160302,"ProcessID":0,"ThreadID":0,"Channel":"Windows PowerShell","Message":"Provider \"WSMan\" is Started. \r\n\r\nDetails: \r\n\tProviderName=WSMan\r\n\tNewProviderState=Started\r\n\r\n\tSequenceNumber=362603\r\n\r\n\tHostName=Default Host\r\n\tHostVersion=5.1.20348.1366\r\n\tHostId=cda1cf10-17dd-4dc9-9d1a-97c3261fa8a8\r\n\tHostApplication=C:\\Program Files\\Microsoft Azure AD Sync\\Bin\\miiserver.exe\r\n\tEngineVersion=\r\n\tRunspaceId=\r\n\tPipelineId=\r\n\tCommandName=\r\n\tCommandType=\r\n\tScriptName=\r\n\tCommandPath=\r\n\tCommandLine=","Category":"Provider Lifecycle","Opcode":"Info","EventReceivedTime":1687528204,"SourceModuleName":"in_powershell","SourceModuleType":"im_msvistalog"}
<14>Jun 23 13:50:03 win-adfs.lunarstiiiness.com PowerShell[0]: {"EventTime":1687528203,"Hostname":"win-adfs.lunarstiiiness.com","Keywords":36028797018963968,"EventType":"INFO","SeverityValue":2,"Severity":"INFO","EventID":600,"SourceName":"PowerShell","Version":0,"Task":6,"OpcodeValue":0,"RecordNumber":6160278,"ProcessID":0,"ThreadID":0,"Channel":"Windows PowerShell","Message":"Provider \"WSMan\" is Started. \r\n\r\nDetails: \r\n\tProviderName=WSMan\r\n\tNewProviderState=Started\r\n\r\n\tSequenceNumber=362555\r\n\r\n\tHostName=Default Host\r\n\tHostVersion=5.1.20348.1366\r\n\tHostId=467ad29e-8afb-4ade-8aeb-fc62d8ecea83\r\n\tHostApplication=C:\\Program Files\\Microsoft Azure AD Sync\\Bin\\miiserver.exe\r\n\tEngineVersion=\r\n\tRunspaceId=\r\n\tPipelineId=\r\n\tCommandName=\r\n\tCommandType=\r\n\tScriptName=\r\n\tCommandPath=\r\n\tCommandLine=","Category":"Provider Lifecycle","Opcode":"Info","EventReceivedTime":1687528203,"SourceModuleName":"in_powershell","SourceModuleType":"im_msvistalog"}
<14>Jun 23 13:50:04 win-adfs.lunarstiiiness.com PowerShell[0]: {"EventTime":1687528203,"Hostname":"win-adfs.lunarstiiiness.com","Keywords":36028797018963968,"EventType":"INFO","SeverityValue":2,"Severity":"INFO","EventID":600,"SourceName":"PowerShell","Version":0,"Task":6,"OpcodeValue":0,"RecordNumber":6160313,"ProcessID":0,"ThreadID":0,"Channel":"Windows PowerShell","Message":"Provider \"Certificate\" is Started. \r\n\r\nDetails: \r\n\tProviderName=Certificate\r\n\tNewProviderState=Started\r\n\r\n\tSequenceNumber=362625\r\n\r\n\tHostName=Default Host\r\n\tHostVersion=5.1.20348.1366\r\n\tHostId=eea779bf-4902-4620-b70b-4742c3bb94d1\r\n\tHostApplication=C:\\Program Files\\Microsoft Azure AD Sync\\Bin\\miiserver.exe\r\n\tEngineVersion=\r\n\tRunspaceId=\r\n\tPipelineId=\r\n\tCommandName=\r\n\tCommandType=\r\n\tScriptName=\r\n\tCommandPath=\r\n\tCommandLine=","Category":"Provider Lifecycle","Opcode":"Info","EventReceivedTime":1687528204,"SourceModuleName":"in_powershell","SourceModuleType":"im_msvistalog"}
<14>Jun 23 13:50:03 win-adfs.lunarstiiiness.com PowerShell[0]: {"EventTime":1687528203,"Hostname":"win-adfs.lunarstiiiness.com","Keywords":36028797018963968,"EventType":"INFO","SeverityValue":2,"Severity":"INFO","EventID":600,"SourceName":"PowerShell","Version":0,"Task":6,"OpcodeValue":0,"RecordNumber":6160250,"ProcessID":0,"ThreadID":0,"Channel":"Windows PowerShell","Message":"Provider \"FileSystem\" is Started. \r\n\r\nDetails: \r\n\tProviderName=FileSystem\r\n\tNewProviderState=Started\r\n\r\n\tSequenceNumber=362499\r\n\r\n\tHostName=Default Host\r\n\tHostVersion=5.1.20348.1366\r\n\tHostId=9d803bda-fd19-486f-b244-9847e699b892\r\n\tHostApplication=C:\\Program Files\\Microsoft Azure AD Sync\\Bin\\miiserver.exe\r\n\tEngineVersion=\r\n\tRunspaceId=\r\n\tPipelineId=\r\n\tCommandName=\r\n\tCommandType=\r\n\tScriptName=\r\n\tCommandPath=\r\n\tCommandLine=","Category":"Provider Lifecycle","Opcode":"Info","EventReceivedTime":1687528203,"SourceModuleName":"in_powershell","SourceModuleType":"im_msvistalog"}
<14>Jun 23 13:50:04 win-adfs.lunarstiiiness.com PowerShell[0]: {"EventTime":1687528203,"Hostname":"win-adfs.lunarstiiiness.com","Keywords":36028797018963968,"EventType":"INFO","SeverityValue":2,"Severity":"INFO","EventID":600,"SourceName":"PowerShell","Version":0,"Task":6,"OpcodeValue":0,"RecordNumber":6160298,"ProcessID":0,"ThreadID":0,"Channel":"Windows PowerShell","Message":"Provider \"FileSystem\" is Started. \r\n\r\nDetails: \r\n\tProviderName=FileSystem\r\n\tNewProviderState=Started\r\n\r\n\tSequenceNumber=362595\r\n\r\n\tHostName=Default Host\r\n\tHostVersion=5.1.20348.1366\r\n\tHostId=cda1cf10-17dd-4dc9-9d1a-97c3261fa8a8\r\n\tHostApplication=C:\\Program Files\\Microsoft Azure AD Sync\\Bin\\miiserver.exe\r\n\tEngineVersion=\r\n\tRunspaceId=\r\n\tPipelineId=\r\n\tCommandName=\r\n\tCommandType=\r\n\tScriptName=\r\n\tCommandPath=\r\n\tCommandLine=","Category":"Provider Lifecycle","Opcode":"Info","EventReceivedTime":1687528204,"SourceModuleName":"in_powershell","SourceModuleType":"im_msvistalog"}
<14>Jun 23 13:50:04 win-adfs.lunarstiiiness.com PowerShell[0]: {"EventTime":1687528203,"Hostname":"win-adfs.lunarstiiiness.com","Keywords":36028797018963968,"EventType":"INFO","SeverityValue":2,"Severity":"INFO","EventID":600,"SourceName":"PowerShell","Version":0,"Task":6,"OpcodeValue":0,"RecordNumber":6160299,"ProcessID":0,"ThreadID":0,"Channel":"Windows PowerShell","Message":"Provider \"Function\" is Started. \r\n\r\nDetails: \r\n\tProviderName=Function\r\n\tNewProviderState=Started\r\n\r\n\tSequenceNumber=362597\r\n\r\n\tHostName=Default Host\r\n\tHostVersion=5.1.20348.1366\r\n\tHostId=cda1cf10-17dd-4dc9-9d1a-97c3261fa8a8\r\n\tHostApplication=C:\\Program Files\\Microsoft Azure AD Sync\\Bin\\miiserver.exe\r\n\tEngineVersion=\r\n\tRunspaceId=\r\n\tPipelineId=\r\n\tCommandName=\r\n\tCommandType=\r\n\tScriptName=\r\n\tCommandPath=\r\n\tCommandLine=","Category":"Provider Lifecycle","Opcode":"Info","EventReceivedTime":1687528204,"SourceModuleName":"in_powershell","SourceModuleType":"im_msvistalog"}
<14>Jun 23 13:50:03 win-adfs.lunarstiiiness.com PowerShell[0]: {"EventTime":1687528203,"Hostname":"win-adfs.lunarstiiiness.com","Keywords":36028797018963968,"EventType":"INFO","SeverityValue":2,"Severity":"INFO","EventID":600,"SourceName":"PowerShell","Version":0,"Task":6,"OpcodeValue":0,"RecordNumber":6160247,"ProcessID":0,"ThreadID":0,"Channel":"Windows PowerShell","Message":"Provider \"Registry\" is Started. \r\n\r\nDetails: \r\n\tProviderName=Registry\r\n\tNewProviderState=Started\r\n\r\n\tSequenceNumber=362493\r\n\r\n\tHostName=Default Host\r\n\tHostVersion=5.1.20348.1366\r\n\tHostId=9d803bda-fd19-486f-b244-9847e699b892\r\n\tHostApplication=C:\\Program Files\\Microsoft Azure AD Sync\\Bin\\miiserver.exe\r\n\tEngineVersion=\r\n\tRunspaceId=\r\n\tPipelineId=\r\n\tCommandName=\r\n\tCommandType=\r\n\tScriptName=\r\n\tCommandPath=\r\n\tCommandLine=","Category":"Provider Lifecycle","Opcode":"Info","EventReceivedTime":1687528203,"SourceModuleName":"in_powershell","SourceModuleType":"im_msvistalog"}
<14>Jun 23 13:50:04 win-adfs.lunarstiiiness.com PowerShell[0]: {"EventTime":1687528203,"Hostname":"win-adfs.lunarstiiiness.com","Keywords":36028797018963968,"EventType":"INFO","SeverityValue":2,"Severity":"INFO","EventID":600,"SourceName":"PowerShell","Version":0,"Task":6,"OpcodeValue":0,"RecordNumber":6160312,"ProcessID":0,"ThreadID":0,"Channel":"Windows PowerShell","Message":"Provider \"Variable\" is Started. \r\n\r\nDetails: \r\n\tProviderName=Variable\r\n\tNewProviderState=Started\r\n\r\n\tSequenceNumber=362623\r\n\r\n\tHostName=Default Host\r\n\tHostVersion=5.1.20348.1366\r\n\tHostId=eea779bf-4902-4620-b70b-4742c3bb94d1\r\n\tHostApplication=C:\\Program Files\\Microsoft Azure AD Sync\\Bin\\miiserver.exe\r\n\tEngineVersion=\r\n\tRunspaceId=\r\n\tPipelineId=\r\n\tCommandName=\r\n\tCommandType=\r\n\tScriptName=\r\n\tCommandPath=\r\n\tCommandLine=","Category":"Provider Lifecycle","Opcode":"Info","EventReceivedTime":1687528204,"SourceModuleName":"in_powershell","SourceModuleType":"im_msvistalog"}
<14>Jun 23 13:50:03 win-adfs.lunarstiiiness.com PowerShell[0]: {"EventTime":1687528203,"Hostname":"win-adfs.lunarstiiiness.com","Keywords":36028797018963968,"EventType":"INFO","SeverityValue":2,"Severity":"INFO","EventID":600,"SourceName":"PowerShell","Version":0,"Task":6,"OpcodeValue":0,"RecordNumber":6160237,"ProcessID":0,"ThreadID":0,"Channel":"Windows PowerShell","Message":"Provider \"Environment\" is Started. \r\n\r\nDetails: \r\n\tProviderName=Environment\r\n\tNewProviderState=Started\r\n\r\n\tSequenceNumber=362473\r\n\r\n\tHostName=Default Host\r\n\tHostVersion=5.1.20348.1366\r\n\tHostId=5ff37690-8909-415d-98b8-53ca5f807f13\r\n\tHostApplication=C:\\Program Files\\Microsoft Azure AD Sync\\Bin\\miiserver.exe\r\n\tEngineVersion=\r\n\tRunspaceId=\r\n\tPipelineId=\r\n\tCommandName=\r\n\tCommandType=\r\n\tScriptName=\r\n\tCommandPath=\r\n\tCommandLine=","Category":"Provider Lifecycle","Opcode":"Info","EventReceivedTime":1687528203,"SourceModuleName":"in_powershell","SourceModuleType":"im_msvistalog"}
<14>Jun 23 13:50:03 win-adfs.lunarstiiiness.com PowerShell[0]: {"EventTime":1687528203,"Hostname":"win-adfs.lunarstiiiness.com","Keywords":36028797018963968,"EventType":"INFO","SeverityValue":2,"Severity":"INFO","EventID":600,"SourceName":"PowerShell","Version":0,"Task":6,"OpcodeValue":0,"RecordNumber":6160276,"ProcessID":0,"ThreadID":0,"Channel":"Windows PowerShell","Message":"Provider \"Variable\" is Started. \r\n\r\nDetails: \r\n\tProviderName=Variable\r\n\tNewProviderState=Started\r\n\r\n\tSequenceNumber=362551\r\n\r\n\tHostName=Default Host\r\n\tHostVersion=5.1.20348.1366\r\n\tHostId=467ad29e-8afb-4ade-8aeb-fc62d8ecea83\r\n\tHostApplication=C:\\Program Files\\Microsoft Azure AD Sync\\Bin\\miiserver.exe\r\n\tEngineVersion=\r\n\tRunspaceId=\r\n\tPipelineId=\r\n\tCommandName=\r\n\tCommandType=\r\n\tScriptName=\r\n\tCommandPath=\r\n\tCommandLine=","Category":"Provider Lifecycle","Opcode":"Info","EventReceivedTime":1687528203,"SourceModuleName":"in_powershell","SourceModuleType":"im_msvistalog"}
<14>Jun 23 13:50:03 win-adfs.lunarstiiiness.com PowerShell[0]: {"EventTime":1687528203,"Hostname":"win-adfs.lunarstiiiness.com","Keywords":36028797018963968,"EventType":"INFO","SeverityValue":2,"Severity":"INFO","EventID":600,"SourceName":"PowerShell","Version":0,"Task":6,"OpcodeValue":0,"RecordNumber":6160263,"ProcessID":0,"ThreadID":0,"Channel":"Windows PowerShell","Message":"Provider \"Function\" is Started. \r\n\r\nDetails: \r\n\tProviderName=Function\r\n\tNewProviderState=Started\r\n\r\n\tSequenceNumber=362525\r\n\r\n\tHostName=Default Host\r\n\tHostVersion=5.1.20348.1366\r\n\tHostId=fd2087ff-ab35-4b16-b7f9-20f7630be242\r\n\tHostApplication=C:\\Program Files\\Microsoft Azure AD Sync\\Bin\\miiserver.exe\r\n\tEngineVersion=\r\n\tRunspaceId=\r\n\tPipelineId=\r\n\tCommandName=\r\n\tCommandType=\r\n\tScriptName=\r\n\tCommandPath=\r\n\tCommandLine=","Category":"Provider Lifecycle","Opcode":"Info","EventReceivedTime":1687528203,"SourceModuleName":"in_powershell","SourceModuleType":"im_msvistalog"}
<14>Jun 23 13:50:04 win-adfs.lunarstiiiness.com PowerShell[0]: {"EventTime":1687528203,"Hostname":"win-adfs.lunarstiiiness.com","Keywords":36028797018963968,"EventType":"INFO","SeverityValue":2,"Severity":"INFO","EventID":600,"SourceName":"PowerShell","Version":0,"Task":6,"OpcodeValue":0,"RecordNumber":6160300,"ProcessID":0,"ThreadID":0,"Channel":"Windows PowerShell","Message":"Provider \"Variable\" is Started. \r\n\r\nDetails: \r\n\tProviderName=Variable\r\n\tNewProviderState=Started\r\n\r\n\tSequenceNumber=362599\r\n\r\n\tHostName=Default Host\r\n\tHostVersion=5.1.20348.1366\r\n\tHostId=cda1cf10-17dd-4dc9-9d1a-97c3261fa8a8\r\n\tHostApplication=C:\\Program Files\\Microsoft Azure AD Sync\\Bin\\miiserver.exe\r\n\tEngineVersion=\r\n\tRunspaceId=\r\n\tPipelineId=\r\n\tCommandName=\r\n\tCommandType=\r\n\tScriptName=\r\n\tCommandPath=\r\n\tCommandLine=","Category":"Provider Lifecycle","Opcode":"Info","EventReceivedTime":1687528204,"SourceModuleName":"in_powershell","SourceModuleType":"im_msvistalog"}
<14>Jun 23 13:50:03 win-adfs.lunarstiiiness.com PowerShell[0]: {"EventTime":1687528203,"Hostname":"win-adfs.lunarstiiiness.com","Keywords":36028797018963968,"EventType":"INFO","SeverityValue":2,"Severity":"INFO","EventID":600,"SourceName":"PowerShell","Version":0,"Task":6,"OpcodeValue":0,"RecordNumber":6160283,"ProcessID":0,"ThreadID":0,"Channel":"Windows PowerShell","Message":"Provider \"Registry\" is Started. \r\n\r\nDetails: \r\n\tProviderName=Registry\r\n\tNewProviderState=Started\r\n\r\n\tSequenceNumber=362565\r\n\r\n\tHostName=Default Host\r\n\tHostVersion=5.1.20348.1366\r\n\tHostId=169640dd-195e-4985-8478-f8c0300cff82\r\n\tHostApplication=C:\\Program Files\\Microsoft Azure AD Sync\\Bin\\miiserver.exe\r\n\tEngineVersion=\r\n\tRunspaceId=\r\n\tPipelineId=\r\n\tCommandName=\r\n\tCommandType=\r\n\tScriptName=\r\n\tCommandPath=\r\n\tCommandLine=","Category":"Provider Lifecycle","Opcode":"Info","EventReceivedTime":1687528203,"SourceModuleName":"in_powershell","SourceModuleType":"im_msvistalog"}
<14>Jun 23 13:50:03 win-adfs.lunarstiiiness.com PowerShell[0]: {"EventTime":1687528203,"Hostname":"win-adfs.lunarstiiiness.com","Keywords":36028797018963968,"EventType":"INFO","SeverityValue":2,"Severity":"INFO","EventID":600,"SourceName":"PowerShell","Version":0,"Task":6,"OpcodeValue":0,"RecordNumber":6160266,"ProcessID":0,"ThreadID":0,"Channel":"Windows PowerShell","Message":"Provider \"WSMan\" is Started. \r\n\r\nDetails: \r\n\tProviderName=WSMan\r\n\tNewProviderState=Started\r\n\r\n\tSequenceNumber=362531\r\n\r\n\tHostName=Default Host\r\n\tHostVersion=5.1.20348.1366\r\n\tHostId=fd2087ff-ab35-4b16-b7f9-20f7630be242\r\n\tHostApplication=C:\\Program Files\\Microsoft Azure AD Sync\\Bin\\miiserver.exe\r\n\tEngineVersion=\r\n\tRunspaceId=\r\n\tPipelineId=\r\n\tCommandName=\r\n\tCommandType=\r\n\tScriptName=\r\n\tCommandPath=\r\n\tCommandLine=","Category":"Provider Lifecycle","Opcode":"Info","EventReceivedTime":1687528203,"SourceModuleName":"in_powershell","SourceModuleType":"im_msvistalog"}
<14>Jun 23 13:50:03 win-adfs.lunarstiiiness.com PowerShell[0]: {"EventTime":1687528202,"Hostname":"win-adfs.lunarstiiiness.com","Keywords":36028797018963968,"EventType":"INFO","SeverityValue":2,"Severity":"INFO","EventID":400,"SourceName":"PowerShell","Version":0,"Task":4,"OpcodeValue":0,"RecordNumber":6160207,"ProcessID":0,"ThreadID":0,"Channel":"Windows PowerShell","Message":"Engine state is changed from None to Available. \r\n\r\nDetails: \r\n\tNewEngineState=Available\r\n\tPreviousEngineState=None\r\n\r\n\tSequenceNumber=362413\r\n\r\n\tHostName=Default Host\r\n\tHostVersion=5.1.20348.1366\r\n\tHostId=1a16b0a4-d39c-495d-807a-631b7132d549\r\n\tHostApplication=C:\\Program Files\\Microsoft Azure AD Sync\\Bin\\miiserver.exe\r\n\tEngineVersion=5.1.20348.1366\r\n\tRunspaceId=7acbaf9f-5e49-45ca-8698-0601c86a86f8\r\n\tPipelineId=\r\n\tCommandName=\r\n\tCommandType=\r\n\tScriptName=\r\n\tCommandPath=\r\n\tCommandLine=","Category":"Engine Lifecycle","Opcode":"Info","EventReceivedTime":1687528203,"SourceModuleName":"in_powershell","SourceModuleType":"im_msvistalog"}
<14>Jun 23 13:50:03 win-adfs.lunarstiiiness.com PowerShell[0]: {"EventTime":1687528202,"Hostname":"win-adfs.lunarstiiiness.com","Keywords":36028797018963968,"EventType":"INFO","SeverityValue":2,"Severity":"INFO","EventID":400,"SourceName":"PowerShell","Version":0,"Task":4,"OpcodeValue":0,"RecordNumber":6160195,"ProcessID":0,"ThreadID":0,"Channel":"Windows PowerShell","Message":"Engine state is changed from None to Available. \r\n\r\nDetails: \r\n\tNewEngineState=Available\r\n\tPreviousEngineState=None\r\n\r\n\tSequenceNumber=362389\r\n\r\n\tHostName=Default Host\r\n\tHostVersion=5.1.20348.1366\r\n\tHostId=f8aeb1cc-87ea-444a-a9da-316fa0813844\r\n\tHostApplication=C:\\Program Files\\Microsoft Azure AD Sync\\Bin\\miiserver.exe\r\n\tEngineVersion=5.1.20348.1366\r\n\tRunspaceId=653cea20-a2d1-4108-8c59-895a7c1b5cf7\r\n\tPipelineId=\r\n\tCommandName=\r\n\tCommandType=\r\n\tScriptName=\r\n\tCommandPath=\r\n\tCommandLine=","Category":"Engine Lifecycle","Opcode":"Info","EventReceivedTime":1687528203,"SourceModuleName":"in_powershell","SourceModuleType":"im_msvistalog"}
<14>Jun 23 13:50:03 win-adfs.lunarstiiiness.com PowerShell[0]: {"EventTime":1687528202,"Hostname":"win-adfs.lunarstiiiness.com","Keywords":36028797018963968,"EventType":"INFO","SeverityValue":2,"Severity":"INFO","EventID":400,"SourceName":"PowerShell","Version":0,"Task":4,"OpcodeValue":0,"RecordNumber":6160219,"ProcessID":0,"ThreadID":0,"Channel":"Windows PowerShell","Message":"Engine state is changed from None to Available. \r\n\r\nDetails: \r\n\tNewEngineState=Available\r\n\tPreviousEngineState=None\r\n\r\n\tSequenceNumber=362437\r\n\r\n\tHostName=Default Host\r\n\tHostVersion=5.1.20348.1366\r\n\tHostId=dc2287d1-b39f-4f4b-aefa-650e3b838db3\r\n\tHostApplication=C:\\Program Files\\Microsoft Azure AD Sync\\Bin\\miiserver.exe\r\n\tEngineVersion=5.1.20348.1366\r\n\tRunspaceId=6da253b5-9ab3-460d-8454-21be39476576\r\n\tPipelineId=\r\n\tCommandName=\r\n\tCommandType=\r\n\tScriptName=\r\n\tCommandPath=\r\n\tCommandLine=","Category":"Engine Lifecycle","Opcode":"Info","EventReceivedTime":1687528203,"SourceModuleName":"in_powershell","SourceModuleType":"im_msvistalog"}
<14>Jun 23 13:50:03 win-adfs.lunarstiiiness.com PowerShell[0]: {"EventTime":1687528203,"Hostname":"win-adfs.lunarstiiiness.com","Keywords":36028797018963968,"EventType":"INFO","SeverityValue":2,"Severity":"INFO","EventID":400,"SourceName":"PowerShell","Version":0,"Task":4,"OpcodeValue":0,"RecordNumber":6160243,"ProcessID":0,"ThreadID":0,"Channel":"Windows PowerShell","Message":"Engine state is changed from None to Available. \r\n\r\nDetails: \r\n\tNewEngineState=Available\r\n\tPreviousEngineState=None\r\n\r\n\tSequenceNumber=362485\r\n\r\n\tHostName=Default Host\r\n\tHostVersion=5.1.20348.1366\r\n\tHostId=5ff37690-8909-415d-98b8-53ca5f807f13\r\n\tHostApplication=C:\\Program Files\\Microsoft Azure AD Sync\\Bin\\miiserver.exe\r\n\tEngineVersion=5.1.20348.1366\r\n\tRunspaceId=027005ad-7636-4b9b-af2a-78567fa91f89\r\n\tPipelineId=\r\n\tCommandName=\r\n\tCommandType=\r\n\tScriptName=\r\n\tCommandPath=\r\n\tCommandLine=","Category":"Engine Lifecycle","Opcode":"Info","EventReceivedTime":1687528203,"SourceModuleName":"in_powershell","SourceModuleType":"im_msvistalog"}
<14>Jun 23 13:50:03 win-adfs.lunarstiiiness.com PowerShell[0]: {"EventTime":1687528203,"Hostname":"win-adfs.lunarstiiiness.com","Keywords":36028797018963968,"EventType":"INFO","SeverityValue":2,"Severity":"INFO","EventID":400,"SourceName":"PowerShell","Version":0,"Task":4,"OpcodeValue":0,"RecordNumber":6160279,"ProcessID":0,"ThreadID":0,"Channel":"Windows PowerShell","Message":"Engine state is changed from None to Available. \r\n\r\nDetails: \r\n\tNewEngineState=Available\r\n\tPreviousEngineState=None\r\n\r\n\tSequenceNumber=362557\r\n\r\n\tHostName=Default Host\r\n\tHostVersion=5.1.20348.1366\r\n\tHostId=467ad29e-8afb-4ade-8aeb-fc62d8ecea83\r\n\tHostApplication=C:\\Program Files\\Microsoft Azure AD Sync\\Bin\\miiserver.exe\r\n\tEngineVersion=5.1.20348.1366\r\n\tRunspaceId=e8db983f-9749-4504-99e8-3e76a65edcf2\r\n\tPipelineId=\r\n\tCommandName=\r\n\tCommandType=\r\n\tScriptName=\r\n\tCommandPath=\r\n\tCommandLine=","Category":"Engine Lifecycle","Opcode":"Info","EventReceivedTime":1687528203,"SourceModuleName":"in_powershell","SourceModuleType":"im_msvistalog"}
<14>Jun 23 13:50:03 win-adfs.lunarstiiiness.com PowerShell[0]: {"EventTime":1687528203,"Hostname":"win-adfs.lunarstiiiness.com","Keywords":36028797018963968,"EventType":"INFO","SeverityValue":2,"Severity":"INFO","EventID":400,"SourceName":"PowerShell","Version":0,"Task":4,"OpcodeValue":0,"RecordNumber":6160291,"ProcessID":0,"ThreadID":0,"Channel":"Windows PowerShell","Message":"Engine state is changed from None to Available. \r\n\r\nDetails: \r\n\tNewEngineState=Available\r\n\tPreviousEngineState=None\r\n\r\n\tSequenceNumber=362581\r\n\r\n\tHostName=Default Host\r\n\tHostVersion=5.1.20348.1366\r\n\tHostId=169640dd-195e-4985-8478-f8c0300cff82\r\n\tHostApplication=C:\\Program Files\\Microsoft Azure AD Sync\\Bin\\miiserver.exe\r\n\tEngineVersion=5.1.20348.1366\r\n\tRunspaceId=bf30d6e0-64ac-4c67-81f1-3153a4b3d560\r\n\tPipelineId=\r\n\tCommandName=\r\n\tCommandType=\r\n\tScriptName=\r\n\tCommandPath=\r\n\tCommandLine=","Category":"Engine Lifecycle","Opcode":"Info","EventReceivedTime":1687528203,"SourceModuleName":"in_powershell","SourceModuleType":"im_msvistalog"}
<14>Jun 23 13:50:03 win-adfs.lunarstiiiness.com PowerShell[0]: {"EventTime":1687528203,"Hostname":"win-adfs.lunarstiiiness.com","Keywords":36028797018963968,"EventType":"INFO","SeverityValue":2,"Severity":"INFO","EventID":400,"SourceName":"PowerShell","Version":0,"Task":4,"OpcodeValue":0,"RecordNumber":6160255,"ProcessID":0,"ThreadID":0,"Channel":"Windows PowerShell","Message":"Engine state is changed from None to Available. \r\n\r\nDetails: \r\n\tNewEngineState=Available\r\n\tPreviousEngineState=None\r\n\r\n\tSequenceNumber=362509\r\n\r\n\tHostName=Default Host\r\n\tHostVersion=5.1.20348.1366\r\n\tHostId=9d803bda-fd19-486f-b244-9847e699b892\r\n\tHostApplication=C:\\Program Files\\Microsoft Azure AD Sync\\Bin\\miiserver.exe\r\n\tEngineVersion=5.1.20348.1366\r\n\tRunspaceId=e48fc851-6b76-4f0f-ab93-5545e46d6482\r\n\tPipelineId=\r\n\tCommandName=\r\n\tCommandType=\r\n\tScriptName=\r\n\tCommandPath=\r\n\tCommandLine=","Category":"Engine Lifecycle","Opcode":"Info","EventReceivedTime":1687528203,"SourceModuleName":"in_powershell","SourceModuleType":"im_msvistalog"}
<14>Jun 23 13:50:03 win-adfs.lunarstiiiness.com PowerShell[0]: {"EventTime":1687528203,"Hostname":"win-adfs.lunarstiiiness.com","Keywords":36028797018963968,"EventType":"INFO","SeverityValue":2,"Severity":"INFO","EventID":400,"SourceName":"PowerShell","Version":0,"Task":4,"OpcodeValue":0,"RecordNumber":6160231,"ProcessID":0,"ThreadID":0,"Channel":"Windows PowerShell","Message":"Engine state is changed from None to Available. \r\n\r\nDetails: \r\n\tNewEngineState=Available\r\n\tPreviousEngineState=None\r\n\r\n\tSequenceNumber=362461\r\n\r\n\tHostName=Default Host\r\n\tHostVersion=5.1.20348.1366\r\n\tHostId=4f370ab5-7127-428e-89f7-c2745e861bf0\r\n\tHostApplication=C:\\Program Files\\Microsoft Azure AD Sync\\Bin\\miiserver.exe\r\n\tEngineVersion=5.1.20348.1366\r\n\tRunspaceId=2d7cdea0-39c2-4eba-85b8-0aeb644102e2\r\n\tPipelineId=\r\n\tCommandName=\r\n\tCommandType=\r\n\tScriptName=\r\n\tCommandPath=\r\n\tCommandLine=","Category":"Engine Lifecycle","Opcode":"Info","EventReceivedTime":1687528203,"SourceModuleName":"in_powershell","SourceModuleType":"im_msvistalog"}
<14>Jun 23 13:50:04 win-adfs.lunarstiiiness.com PowerShell[0]: {"EventTime":1687528203,"Hostname":"win-adfs.lunarstiiiness.com","Keywords":36028797018963968,"EventType":"INFO","SeverityValue":2,"Severity":"INFO","EventID":400,"SourceName":"PowerShell","Version":0,"Task":4,"OpcodeValue":0,"RecordNumber":6160315,"ProcessID":0,"ThreadID":0,"Channel":"Windows PowerShell","Message":"Engine state is changed from None to Available. \r\n\r\nDetails: \r\n\tNewEngineState=Available\r\n\tPreviousEngineState=None\r\n\r\n\tSequenceNumber=362629\r\n\r\n\tHostName=Default Host\r\n\tHostVersion=5.1.20348.1366\r\n\tHostId=eea779bf-4902-4620-b70b-4742c3bb94d1\r\n\tHostApplication=C:\\Program Files\\Microsoft Azure AD Sync\\Bin\\miiserver.exe\r\n\tEngineVersion=5.1.20348.1366\r\n\tRunspaceId=6800bba8-8ca2-42f2-b6bb-5a9fe5b75f8f\r\n\tPipelineId=\r\n\tCommandName=\r\n\tCommandType=\r\n\tScriptName=\r\n\tCommandPath=\r\n\tCommandLine=","Category":"Engine Lifecycle","Opcode":"Info","EventReceivedTime":1687528204,"SourceModuleName":"in_powershell","SourceModuleType":"im_msvistalog"}
<14>Jun 23 13:50:04 win-adfs.lunarstiiiness.com PowerShell[0]: {"EventTime":1687528203,"Hostname":"win-adfs.lunarstiiiness.com","Keywords":36028797018963968,"EventType":"INFO","SeverityValue":2,"Severity":"INFO","EventID":400,"SourceName":"PowerShell","Version":0,"Task":4,"OpcodeValue":0,"RecordNumber":6160303,"ProcessID":0,"ThreadID":0,"Channel":"Windows PowerShell","Message":"Engine state is changed from None to Available. \r\n\r\nDetails: \r\n\tNewEngineState=Available\r\n\tPreviousEngineState=None\r\n\r\n\tSequenceNumber=362605\r\n\r\n\tHostName=Default Host\r\n\tHostVersion=5.1.20348.1366\r\n\tHostId=cda1cf10-17dd-4dc9-9d1a-97c3261fa8a8\r\n\tHostApplication=C:\\Program Files\\Microsoft Azure AD Sync\\Bin\\miiserver.exe\r\n\tEngineVersion=5.1.20348.1366\r\n\tRunspaceId=0832aaa0-7015-4952-a542-8c69a1346d9e\r\n\tPipelineId=\r\n\tCommandName=\r\n\tCommandType=\r\n\tScriptName=\r\n\tCommandPath=\r\n\tCommandLine=","Category":"Engine Lifecycle","Opcode":"Info","EventReceivedTime":1687528204,"SourceModuleName":"in_powershell","SourceModuleType":"im_msvistalog"}
<14>Jun 23 13:50:03 win-adfs.lunarstiiiness.com PowerShell[0]: {"EventTime":1687528203,"Hostname":"win-adfs.lunarstiiiness.com","Keywords":36028797018963968,"EventType":"INFO","SeverityValue":2,"Severity":"INFO","EventID":400,"SourceName":"PowerShell","Version":0,"Task":4,"OpcodeValue":0,"RecordNumber":6160267,"ProcessID":0,"ThreadID":0,"Channel":"Windows PowerShell","Message":"Engine state is changed from None to Available. \r\n\r\nDetails: \r\n\tNewEngineState=Available\r\n\tPreviousEngineState=None\r\n\r\n\tSequenceNumber=362533\r\n\r\n\tHostName=Default Host\r\n\tHostVersion=5.1.20348.1366\r\n\tHostId=fd2087ff-ab35-4b16-b7f9-20f7630be242\r\n\tHostApplication=C:\\Program Files\\Microsoft Azure AD Sync\\Bin\\miiserver.exe\r\n\tEngineVersion=5.1.20348.1366\r\n\tRunspaceId=706af5d1-5b6b-41db-bdf9-da30156fe772\r\n\tPipelineId=\r\n\tCommandName=\r\n\tCommandType=\r\n\tScriptName=\r\n\tCommandPath=\r\n\tCommandLine=","Category":"Engine Lifecycle","Opcode":"Info","EventReceivedTime":1687528203,"SourceModuleName":"in_powershell","SourceModuleType":"im_msvistalog"}
<14>Jun 23 13:50:04 win-adfs.lunarstiiiness.com Microsoft-Windows-PowerShell[4764]: {"EventTime":1687528203,"Hostname":"win-adfs.lunarstiiiness.com","Keywords":0,"EventType":"INFO","SeverityValue":2,"Severity":"INFO","EventID":4103,"SourceName":"Microsoft-Windows-PowerShell","ProviderGuid":"{A0C1853B-5C40-4B15-8766-3CF1C58F985A}","Version":1,"Task":106,"OpcodeValue":20,"RecordNumber":1319840,"ActivityID":"{8F8F53C1-AEDC-0000-AAB1-23AE6E9ED901}","ProcessID":4764,"ThreadID":4152,"Channel":"Microsoft-Windows-PowerShell/Operational","Domain":"LUNARSTIIINESS","AccountName":"ADSyncMSAfb0e5$","UserID":"S-1-5-21-3263964631-4121654051-1417071188-1115","AccountType":"User","Message":"CommandInvocation(Add-Type): \"Add-Type\"\r\nParameterBinding(Add-Type): name=\"Path\"; value=\"C:\\Program Files\\Microsoft Azure AD Sync\\\\Bin\\Microsoft.MetadirectoryServices.PasswordHashSynchronization.Types.dll\"\r\n\r\n\r\nContext:\r\n        Severity = Informational\r\n        Host Name = Default Host\r\n        Host Version = 5.1.20348.1366\r\n        Host ID = eea779bf-4902-4620-b70b-4742c3bb94d1\r\n        Host Application = C:\\Program Files\\Microsoft Azure AD Sync\\Bin\\miiserver.exe\r\n        Engine Version = 5.1.20348.1366\r\n        Runspace ID = 6800bba8-8ca2-42f2-b6bb-5a9fe5b75f8f\r\n        Pipeline ID = 2\r\n        Command Name = Add-Type\r\n        Command Type = Cmdlet\r\n        Script Name = C:\\Program Files\\Microsoft Azure AD Sync\\Extensions\\AADConnector.psm1\r\n        Command Path = \r\n        Sequence Number = 362634\r\n        User = LUNARSTIIINESS\\ADSyncMSAfb0e5$\r\n        Connected User = \r\n        Shell ID = Microsoft.PowerShell\r\n\r\n\r\nUser Data:\r\n\r\n","Category":"Executing Pipeline","Opcode":"To be used when operation is just executing a method","ContextInfo":"        Severity = Informational\r\n        Host Name = Default Host\r\n        Host Version = 5.1.20348.1366\r\n        Host ID = eea779bf-4902-4620-b70b-4742c3bb94d1\r\n        Host Application = C:\\Program Files\\Microsoft Azure AD Sync\\Bin\\miiserver.exe\r\n        Engine Version = 5.1.20348.1366\r\n        Runspace ID = 6800bba8-8ca2-42f2-b6bb-5a9fe5b75f8f\r\n        Pipeline ID = 2\r\n        Command Name = Add-Type\r\n        Command Type = Cmdlet\r\n        Script Name = C:\\Program Files\\Microsoft Azure AD Sync\\Extensions\\AADConnector.psm1\r\n        Command Path = \r\n        Sequence Number = 362634\r\n        User = LUNARSTIIINESS\\ADSyncMSAfb0e5$\r\n        Connected User = \r\n        Shell ID = Microsoft.PowerShell\r\n","Payload":"CommandInvocation(Add-Type): \"Add-Type\"\r\nParameterBinding(Add-Type): name=\"Path\"; value=\"C:\\Program Files\\Microsoft Azure AD Sync\\\\Bin\\Microsoft.MetadirectoryServices.PasswordHashSynchronization.Types.dll\"\r\n","EventReceivedTime":1687528204,"SourceModuleName":"in_powershell","SourceModuleType":"im_msvistalog"}
<14>Jun 23 13:50:04 win-adfs.lunarstiiiness.com Microsoft-Windows-PowerShell[4764]: {"EventTime":1687528203,"Hostname":"win-adfs.lunarstiiiness.com","Keywords":0,"EventType":"INFO","SeverityValue":2,"Severity":"INFO","EventID":4103,"SourceName":"Microsoft-Windows-PowerShell","ProviderGuid":"{A0C1853B-5C40-4B15-8766-3CF1C58F985A}","Version":1,"Task":106,"OpcodeValue":20,"RecordNumber":1319816,"ActivityID":"{8F8F53C1-AEDC-0000-20B1-23AE6E9ED901}","ProcessID":4764,"ThreadID":10560,"Channel":"Microsoft-Windows-PowerShell/Operational","Domain":"LUNARSTIIINESS","AccountName":"ADSyncMSAfb0e5$","UserID":"S-1-5-21-3263964631-4121654051-1417071188-1115","AccountType":"User","Message":"CommandInvocation(Add-Type): \"Add-Type\"\r\nParameterBinding(Add-Type): name=\"Path\"; value=\"C:\\Program Files\\Microsoft Azure AD Sync\\\\Bin\\Microsoft.MetadirectoryServices.PasswordHashSynchronization.Types.dll\"\r\n\r\n\r\nContext:\r\n        Severity = Informational\r\n        Host Name = Default Host\r\n        Host Version = 5.1.20348.1366\r\n        Host ID = dc2287d1-b39f-4f4b-aefa-650e3b838db3\r\n        Host Application = C:\\Program Files\\Microsoft Azure AD Sync\\Bin\\miiserver.exe\r\n        Engine Version = 5.1.20348.1366\r\n        Runspace ID = 6da253b5-9ab3-460d-8454-21be39476576\r\n        Pipeline ID = 2\r\n        Command Name = Add-Type\r\n        Command Type = Cmdlet\r\n        Script Name = C:\\Program Files\\Microsoft Azure AD Sync\\Extensions\\AADConnector.psm1\r\n        Command Path = \r\n        Sequence Number = 362442\r\n        User = LUNARSTIIINESS\\ADSyncMSAfb0e5$\r\n        Connected User = \r\n        Shell ID = Microsoft.PowerShell\r\n\r\n\r\nUser Data:\r\n\r\n","Category":"Executing Pipeline","Opcode":"To be used when operation is just executing a method","ContextInfo":"        Severity = Informational\r\n        Host Name = Default Host\r\n        Host Version = 5.1.20348.1366\r\n        Host ID = dc2287d1-b39f-4f4b-aefa-650e3b838db3\r\n        Host Application = C:\\Program Files\\Microsoft Azure AD Sync\\Bin\\miiserver.exe\r\n        Engine Version = 5.1.20348.1366\r\n        Runspace ID = 6da253b5-9ab3-460d-8454-21be39476576\r\n        Pipeline ID = 2\r\n        Command Name = Add-Type\r\n        Command Type = Cmdlet\r\n        Script Name = C:\\Program Files\\Microsoft Azure AD Sync\\Extensions\\AADConnector.psm1\r\n        Command Path = \r\n        Sequence Number = 362442\r\n        User = LUNARSTIIINESS\\ADSyncMSAfb0e5$\r\n        Connected User = \r\n        Shell ID = Microsoft.PowerShell\r\n","Payload":"CommandInvocation(Add-Type): \"Add-Type\"\r\nParameterBinding(Add-Type): name=\"Path\"; value=\"C:\\Program Files\\Microsoft Azure AD Sync\\\\Bin\\Microsoft.MetadirectoryServices.PasswordHashSynchronization.Types.dll\"\r\n","EventReceivedTime":1687528204,"SourceModuleName":"in_powershell","SourceModuleType":"im_msvistalog"}
