<14>Jun 23 13:50:04 win-adfs.lunarstiiiness.com Microsoft-Windows-PowerShell[4764]: {"EventTime":1687528203,"Hostname":"win-adfs.lunarstiiiness.com","Keywords":0,"EventType":"INFO","SeverityValue":2,"Severity":"INFO","EventID":4103,"SourceName":"Microsoft-Windows-PowerShell","ProviderGuid":"{A0C1853B-5C40-4B15-8766-3CF1C58F985A}","Version":1,"Task":106,"OpcodeValue":20,"RecordNumber":1319820,"ActivityID":"{8F8F53C1-AEDC-0000-32B1-23AE6E9ED901}","ProcessID":4764,"ThreadID":8388,"Channel":"Microsoft-Windows-PowerShell/Operational","Domain":"LUNARSTIIINESS","AccountName":"ADSyncMSAfb0e5$","UserID":"S-1-5-21-3263964631-4121654051-1417071188-1115","AccountType":"User","Message":"CommandInvocation(Add-Type): \"Add-Type\"\r\nParameterBinding(Add-Type): name=\"Path\"; value=\"C:\\Program Files\\Microsoft Azure AD Sync\\\\Extensions\\Microsoft.Azure.ActiveDirectory.Connector.dll\"\r\n\r\n\r\nContext:\r\n        Severity = Informational\r\n        Host Name = Default Host\r\n        Host Version = 5.1.20348.1366\r\n        Host ID = 4f370ab5-7127-428e-89f7-c2745e861bf0\r\n        Host Application = C:\\Program Files\\Microsoft Azure AD Sync\\Bin\\miiserver.exe\r\n        Engine Version = 5.1.20348.1366\r\n        Runspace ID = 2d7cdea0-39c2-4eba-85b8-0aeb644102e2\r\n        Pipeline ID = 2\r\n        Command Name = Add-Type\r\n        Command Type = Cmdlet\r\n        Script Name = C:\\Program Files\\Microsoft Azure AD Sync\\Extensions\\AADConnector.psm1\r\n        Command Path = \r\n        Sequence Number = 362468\r\n        User = LUNARSTIIINESS\\ADSyncMSAfb0e5$\r\n        Connected User = \r\n        Shell ID = Microsoft.PowerShell\r\n\r\n\r\nUser Data:\r\n\r\n","Category":"Executing Pipeline","Opcode":"To be used when operation is just executing a method","ContextInfo":"        Severity = Informational\r\n        Host Name = Default Host\r\n        Host Version = 5.1.20348.1366\r\n        Host ID = 4f370ab5-7127-428e-89f7-c2745e861bf0\r\n        Host Application = C:\\Program Files\\Microsoft Azure AD Sync\\Bin\\miiserver.exe\r\n        Engine Version = 5.1.20348.1366\r\n        Runspace ID = 2d7cdea0-39c2-4eba-85b8-0aeb644102e2\r\n        Pipeline ID = 2\r\n        Command Name = Add-Type\r\n        Command Type = Cmdlet\r\n        Script Name = C:\\Program Files\\Microsoft Azure AD Sync\\Extensions\\AADConnector.psm1\r\n        Command Path = \r\n        Sequence Number = 362468\r\n        User = LUNARSTIIINESS\\ADSyncMSAfb0e5$\r\n        Connected User = \r\n        Shell ID = Microsoft.PowerShell\r\n","Payload":"CommandInvocation(Add-Type): \"Add-Type\"\r\nParameterBinding(Add-Type): name=\"Path\"; value=\"C:\\Program Files\\Microsoft Azure AD Sync\\\\Extensions\\Microsoft.Azure.ActiveDirectory.Connector.dll\"\r\n","EventReceivedTime":1687528204,"SourceModuleName":"in_powershell","SourceModuleType":"im_msvistalog"}
<14>Jun 23 13:50:04 win-adfs.lunarstiiiness.com Microsoft-Windows-PowerShell[4764]: {"EventTime":1687528203,"Hostname":"win-adfs.lunarstiiiness.com","Keywords":0,"EventType":"INFO","SeverityValue":2,"Severity":"INFO","EventID":4103,"SourceName":"Microsoft-Windows-PowerShell","ProviderGuid":"{A0C1853B-5C40-4B15-8766-3CF1C58F985A}","Version":1,"Task":106,"OpcodeValue":20,"RecordNumber":1319841,"ActivityID":"{8F8F53C1-AEDC-0000-ABB1-23AE6E9ED901}","ProcessID":4764,"ThreadID":4152,"Channel":"Microsoft-Windows-PowerShell/Operational","Domain":"LUNARSTIIINESS","AccountName":"ADSyncMSAfb0e5$","UserID":"S-1-5-21-3263964631-4121654051-1417071188-1115","AccountType":"User","Message":"CommandInvocation(Add-Type): \"Add-Type\"\r\nParameterBinding(Add-Type): name=\"Path\"; value=\"C:\\Program Files\\Microsoft Azure AD Sync\\\\Extensions\\Microsoft.Azure.ActiveDirectory.Connector.dll\"\r\n\r\n\r\nContext:\r\n        Severity = Informational\r\n        Host Name = Default Host\r\n        Host Version = 5.1.20348.1366\r\n        Host ID = eea779bf-4902-4620-b70b-4742c3bb94d1\r\n        Host Application = C:\\Program Files\\Microsoft Azure AD Sync\\Bin\\miiserver.exe\r\n        Engine Version = 5.1.20348.1366\r\n        Runspace ID = 6800bba8-8ca2-42f2-b6bb-5a9fe5b75f8f\r\n        Pipeline ID = 2\r\n        Command Name = Add-Type\r\n        Command Type = Cmdlet\r\n        Script Name = C:\\Program Files\\Microsoft Azure AD Sync\\Extensions\\AADConnector.psm1\r\n        Command Path = \r\n        Sequence Number = 362636\r\n        User = LUNARSTIIINESS\\ADSyncMSAfb0e5$\r\n        Connected User = \r\n        Shell ID = Microsoft.PowerShell\r\n\r\n\r\nUser Data:\r\n\r\n","Category":"Executing Pipeline","Opcode":"To be used when operation is just executing a method","ContextInfo":"        Severity = Informational\r\n        Host Name = Default Host\r\n        Host Version = 5.1.20348.1366\r\n        Host ID = eea779bf-4902-4620-b70b-4742c3bb94d1\r\n        Host Application = C:\\Program Files\\Microsoft Azure AD Sync\\Bin\\miiserver.exe\r\n        Engine Version = 5.1.20348.1366\r\n        Runspace ID = 6800bba8-8ca2-42f2-b6bb-5a9fe5b75f8f\r\n        Pipeline ID = 2\r\n        Command Name = Add-Type\r\n        Command Type = Cmdlet\r\n        Script Name = C:\\Program Files\\Microsoft Azure AD Sync\\Extensions\\AADConnector.psm1\r\n        Command Path = \r\n        Sequence Number = 362636\r\n        User = LUNARSTIIINESS\\ADSyncMSAfb0e5$\r\n        Connected User = \r\n        Shell ID = Microsoft.PowerShell\r\n","Payload":"CommandInvocation(Add-Type): \"Add-Type\"\r\nParameterBinding(Add-Type): name=\"Path\"; value=\"C:\\Program Files\\Microsoft Azure AD Sync\\\\Extensions\\Microsoft.Azure.ActiveDirectory.Connector.dll\"\r\n","EventReceivedTime":1687528204,"SourceModuleName":"in_powershell","SourceModuleType":"im_msvistalog"}
<14>Jun 23 13:50:04 win-adfs.lunarstiiiness.com Microsoft-Windows-PowerShell[4764]: {"EventTime":1687528203,"Hostname":"win-adfs.lunarstiiiness.com","Keywords":0,"EventType":"INFO","SeverityValue":2,"Severity":"INFO","EventID":4103,"SourceName":"Microsoft-Windows-PowerShell","ProviderGuid":"{A0C1853B-5C40-4B15-8766-3CF1C58F985A}","Version":1,"Task":106,"OpcodeValue":20,"RecordNumber":1319838,"ActivityID":"{8F8F53C1-AEDC-0000-9AB1-23AE6E9ED901}","ProcessID":4764,"ThreadID":2464,"Channel":"Microsoft-Windows-PowerShell/Operational","Domain":"LUNARSTIIINESS","AccountName":"ADSyncMSAfb0e5$","UserID":"S-1-5-21-3263964631-4121654051-1417071188-1115","AccountType":"User","Message":"CommandInvocation(Add-Type): \"Add-Type\"\r\nParameterBinding(Add-Type): name=\"Path\"; value=\"C:\\Program Files\\Microsoft Azure AD Sync\\\\Extensions\\Microsoft.Azure.ActiveDirectory.Connector.dll\"\r\n\r\n\r\nContext:\r\n        Severity = Informational\r\n        Host Name = Default Host\r\n        Host Version = 5.1.20348.1366\r\n        Host ID = cda1cf10-17dd-4dc9-9d1a-97c3261fa8a8\r\n        Host Application = C:\\Program Files\\Microsoft Azure AD Sync\\Bin\\miiserver.exe\r\n        Engine Version = 5.1.20348.1366\r\n        Runspace ID = 0832aaa0-7015-4952-a542-8c69a1346d9e\r\n        Pipeline ID = 2\r\n        Command Name = Add-Type\r\n        Command Type = Cmdlet\r\n        Script Name = C:\\Program Files\\Microsoft Azure AD Sync\\Extensions\\AADConnector.psm1\r\n        Command Path = \r\n        Sequence Number = 362612\r\n        User = LUNARSTIIINESS\\ADSyncMSAfb0e5$\r\n        Connected User = \r\n        Shell ID = Microsoft.PowerShell\r\n\r\n\r\nUser Data:\r\n\r\n","Category":"Executing Pipeline","Opcode":"To be used when operation is just executing a method","ContextInfo":"        Severity = Informational\r\n        Host Name = Default Host\r\n        Host Version = 5.1.20348.1366\r\n        Host ID = cda1cf10-17dd-4dc9-9d1a-97c3261fa8a8\r\n        Host Application = C:\\Program Files\\Microsoft Azure AD Sync\\Bin\\miiserver.exe\r\n        Engine Version = 5.1.20348.1366\r\n        Runspace ID = 0832aaa0-7015-4952-a542-8c69a1346d9e\r\n        Pipeline ID = 2\r\n        Command Name = Add-Type\r\n        Command Type = Cmdlet\r\n        Script Name = C:\\Program Files\\Microsoft Azure AD Sync\\Extensions\\AADConnector.psm1\r\n        Command Path = \r\n        Sequence Number = 362612\r\n        User = LUNARSTIIINESS\\ADSyncMSAfb0e5$\r\n        Connected User = \r\n        Shell ID = Microsoft.PowerShell\r\n","Payload":"CommandInvocation(Add-Type): \"Add-Type\"\r\nParameterBinding(Add-Type): name=\"Path\"; value=\"C:\\Program Files\\Microsoft Azure AD Sync\\\\Extensions\\Microsoft.Azure.ActiveDirectory.Connector.dll\"\r\n","EventReceivedTime":1687528204,"SourceModuleName":"in_powershell","SourceModuleType":"im_msvistalog"}
<14>Jun 23 13:50:04 win-adfs.lunarstiiiness.com Microsoft-Windows-PowerShell[4764]: {"EventTime":1687528203,"Hostname":"win-adfs.lunarstiiiness.com","Keywords":0,"EventType":"INFO","SeverityValue":2,"Severity":"INFO","EventID":4103,"SourceName":"Microsoft-Windows-PowerShell","ProviderGuid":"{A0C1853B-5C40-4B15-8766-3CF1C58F985A}","Version":1,"Task":106,"OpcodeValue":20,"RecordNumber":1319831,"ActivityID":"{8F8F53C1-AEDC-0000-76B1-23AE6E9ED901}","ProcessID":4764,"ThreadID":6628,"Channel":"Microsoft-Windows-PowerShell/Operational","Domain":"LUNARSTIIINESS","AccountName":"ADSyncMSAfb0e5$","UserID":"S-1-5-21-3263964631-4121654051-1417071188-1115","AccountType":"User","Message":"CommandInvocation(Add-Type): \"Add-Type\"\r\nParameterBinding(Add-Type): name=\"Path\"; value=\"C:\\Program Files\\Microsoft Azure AD Sync\\\\Bin\\Microsoft.MetadirectoryServices.PasswordHashSynchronization.Types.dll\"\r\n\r\n\r\nContext:\r\n        Severity = Informational\r\n        Host Name = Default Host\r\n        Host Version = 5.1.20348.1366\r\n        Host ID = 467ad29e-8afb-4ade-8aeb-fc62d8ecea83\r\n        Host Application = C:\\Program Files\\Microsoft Azure AD Sync\\Bin\\miiserver.exe\r\n        Engine Version = 5.1.20348.1366\r\n        Runspace ID = e8db983f-9749-4504-99e8-3e76a65edcf2\r\n        Pipeline ID = 2\r\n        Command Name = Add-Type\r\n        Command Type = Cmdlet\r\n        Script Name = C:\\Program Files\\Microsoft Azure AD Sync\\Extensions\\AADConnector.psm1\r\n        Command Path = \r\n        Sequence Number = 362562\r\n        User = LUNARSTIIINESS\\ADSyncMSAfb0e5$\r\n        Connected User = \r\n        Shell ID = Microsoft.PowerShell\r\n\r\n\r\nUser Data:\r\n\r\n","Category":"Executing Pipeline","Opcode":"To be used when operation is just executing a method","ContextInfo":"        Severity = Informational\r\n        Host Name = Default Host\r\n        Host Version = 5.1.20348.1366\r\n        Host ID = 467ad29e-8afb-4ade-8aeb-fc62d8ecea83\r\n        Host Application = C:\\Program Files\\Microsoft Azure AD Sync\\Bin\\miiserver.exe\r\n        Engine Version = 5.1.20348.1366\r\n        Runspace ID = e8db983f-9749-4504-99e8-3e76a65edcf2\r\n        Pipeline ID = 2\r\n        Command Name = Add-Type\r\n        Command Type = Cmdlet\r\n        Script Name = C:\\Program Files\\Microsoft Azure AD Sync\\Extensions\\AADConnector.psm1\r\n        Command Path = \r\n        Sequence Number = 362562\r\n        User = LUNARSTIIINESS\\ADSyncMSAfb0e5$\r\n        Connected User = \r\n        Shell ID = Microsoft.PowerShell\r\n","Payload":"CommandInvocation(Add-Type): \"Add-Type\"\r\nParameterBinding(Add-Type): name=\"Path\"; value=\"C:\\Program Files\\Microsoft Azure AD Sync\\\\Bin\\Microsoft.MetadirectoryServices.PasswordHashSynchronization.Types.dll\"\r\n","EventReceivedTime":1687528204,"SourceModuleName":"in_powershell","SourceModuleType":"im_msvistalog"}
<14>Jun 23 13:50:04 win-adfs.lunarstiiiness.com Microsoft-Windows-PowerShell[4764]: {"EventTime":1687528203,"Hostname":"win-adfs.lunarstiiiness.com","Keywords":0,"EventType":"INFO","SeverityValue":2,"Severity":"INFO","EventID":4103,"SourceName":"Microsoft-Windows-PowerShell","ProviderGuid":"{A0C1853B-5C40-4B15-8766-3CF1C58F985A}","Version":1,"Task":106,"OpcodeValue":20,"RecordNumber":1319839,"ActivityID":"{8F8F53C1-AEDC-0000-A9B1-23AE6E9ED901}","ProcessID":4764,"ThreadID":4152,"Channel":"Microsoft-Windows-PowerShell/Operational","Domain":"LUNARSTIIINESS","AccountName":"ADSyncMSAfb0e5$","UserID":"S-1-5-21-3263964631-4121654051-1417071188-1115","AccountType":"User","Message":"CommandInvocation(Add-Type): \"Add-Type\"\r\nParameterBinding(Add-Type): name=\"Path\"; value=\"C:\\Program Files\\Microsoft Azure AD Sync\\\\Bin\\Assemblies\\Microsoft.MetadirectoryServicesEx.dll\"\r\n\r\n\r\nContext:\r\n        Severity = Informational\r\n        Host Name = Default Host\r\n        Host Version = 5.1.20348.1366\r\n        Host ID = eea779bf-4902-4620-b70b-4742c3bb94d1\r\n        Host Application = C:\\Program Files\\Microsoft Azure AD Sync\\Bin\\miiserver.exe\r\n        Engine Version = 5.1.20348.1366\r\n        Runspace ID = 6800bba8-8ca2-42f2-b6bb-5a9fe5b75f8f\r\n        Pipeline ID = 2\r\n        Command Name = Add-Type\r\n        Command Type = Cmdlet\r\n        Script Name = C:\\Program Files\\Microsoft Azure AD Sync\\Extensions\\AADConnector.psm1\r\n        Command Path = \r\n        Sequence Number = 362632\r\n        User = LUNARSTIIINESS\\ADSyncMSAfb0e5$\r\n        Connected User = \r\n        Shell ID = Microsoft.PowerShell\r\n\r\n\r\nUser Data:\r\n\r\n","Category":"Executing Pipeline","Opcode":"To be used when operation is just executing a method","ContextInfo":"        Severity = Informational\r\n        Host Name = Default Host\r\n        Host Version = 5.1.20348.1366\r\n        Host ID = eea779bf-4902-4620-b70b-4742c3bb94d1\r\n        Host Application = C:\\Program Files\\Microsoft Azure AD Sync\\Bin\\miiserver.exe\r\n        Engine Version = 5.1.20348.1366\r\n        Runspace ID = 6800bba8-8ca2-42f2-b6bb-5a9fe5b75f8f\r\n        Pipeline ID = 2\r\n        Command Name = Add-Type\r\n        Command Type = Cmdlet\r\n        Script Name = C:\\Program Files\\Microsoft Azure AD Sync\\Extensions\\AADConnector.psm1\r\n        Command Path = \r\n        Sequence Number = 362632\r\n        User = LUNARSTIIINESS\\ADSyncMSAfb0e5$\r\n        Connected User = \r\n        Shell ID = Microsoft.PowerShell\r\n","Payload":"CommandInvocation(Add-Type): \"Add-Type\"\r\nParameterBinding(Add-Type): name=\"Path\"; value=\"C:\\Program Files\\Microsoft Azure AD Sync\\\\Bin\\Assemblies\\Microsoft.MetadirectoryServicesEx.dll\"\r\n","EventReceivedTime":1687528204,"SourceModuleName":"in_powershell","SourceModuleType":"im_msvistalog"}
<14>Jun 23 13:50:04 win-adfs.lunarstiiiness.com Microsoft-Windows-PowerShell[4764]: {"EventTime":1687528203,"Hostname":"win-adfs.lunarstiiiness.com","Keywords":0,"EventType":"INFO","SeverityValue":2,"Severity":"INFO","EventID":4103,"SourceName":"Microsoft-Windows-PowerShell","ProviderGuid":"{A0C1853B-5C40-4B15-8766-3CF1C58F985A}","Version":1,"Task":106,"OpcodeValue":20,"RecordNumber":1319828,"ActivityID":"{8F8F53C1-AEDC-0000-65B1-23AE6E9ED901}","ProcessID":4764,"ThreadID":3516,"Channel":"Microsoft-Windows-PowerShell/Operational","Domain":"LUNARSTIIINESS","AccountName":"ADSyncMSAfb0e5$","UserID":"S-1-5-21-3263964631-4121654051-1417071188-1115","AccountType":"User","Message":"CommandInvocation(Add-Type): \"Add-Type\"\r\nParameterBinding(Add-Type): name=\"Path\"; value=\"C:\\Program Files\\Microsoft Azure AD Sync\\\\Bin\\Microsoft.MetadirectoryServices.PasswordHashSynchronization.Types.dll\"\r\n\r\n\r\nContext:\r\n        Severity = Informational\r\n        Host Name = Default Host\r\n        Host Version = 5.1.20348.1366\r\n        Host ID = fd2087ff-ab35-4b16-b7f9-20f7630be242\r\n        Host Application = C:\\Program Files\\Microsoft Azure AD Sync\\Bin\\miiserver.exe\r\n        Engine Version = 5.1.20348.1366\r\n        Runspace ID = 706af5d1-5b6b-41db-bdf9-da30156fe772\r\n        Pipeline ID = 2\r\n        Command Name = Add-Type\r\n        Command Type = Cmdlet\r\n        Script Name = C:\\Program Files\\Microsoft Azure AD Sync\\Extensions\\AADConnector.psm1\r\n        Command Path = \r\n        Sequence Number = 362538\r\n        User = LUNARSTIIINESS\\ADSyncMSAfb0e5$\r\n        Connected User = \r\n        Shell ID = Microsoft.PowerShell\r\n\r\n\r\nUser Data:\r\n\r\n","Category":"Executing Pipeline","Opcode":"To be used when operation is just executing a method","ContextInfo":"        Severity = Informational\r\n        Host Name = Default Host\r\n        Host Version = 5.1.20348.1366\r\n        Host ID = fd2087ff-ab35-4b16-b7f9-20f7630be242\r\n        Host Application = C:\\Program Files\\Microsoft Azure AD Sync\\Bin\\miiserver.exe\r\n        Engine Version = 5.1.20348.1366\r\n        Runspace ID = 706af5d1-5b6b-41db-bdf9-da30156fe772\r\n        Pipeline ID = 2\r\n        Command Name = Add-Type\r\n        Command Type = Cmdlet\r\n        Script Name = C:\\Program Files\\Microsoft Azure AD Sync\\Extensions\\AADConnector.psm1\r\n        Command Path = \r\n        Sequence Number = 362538\r\n        User = LUNARSTIIINESS\\ADSyncMSAfb0e5$\r\n        Connected User = \r\n        Shell ID = Microsoft.PowerShell\r\n","Payload":"CommandInvocation(Add-Type): \"Add-Type\"\r\nParameterBinding(Add-Type): name=\"Path\"; value=\"C:\\Program Files\\Microsoft Azure AD Sync\\\\Bin\\Microsoft.MetadirectoryServices.PasswordHashSynchronization.Types.dll\"\r\n","EventReceivedTime":1687528204,"SourceModuleName":"in_powershell","SourceModuleType":"im_msvistalog"}
<14>Jun 23 13:50:04 win-adfs.lunarstiiiness.com Microsoft-Windows-PowerShell[4764]: {"EventTime":1687528203,"Hostname":"win-adfs.lunarstiiiness.com","Keywords":0,"EventType":"INFO","SeverityValue":2,"Severity":"INFO","EventID":4103,"SourceName":"Microsoft-Windows-PowerShell","ProviderGuid":"{A0C1853B-5C40-4B15-8766-3CF1C58F985A}","Version":1,"Task":106,"OpcodeValue":20,"RecordNumber":1319825,"ActivityID":"{8F8F53C1-AEDC-0000-54B1-23AE6E9ED901}","ProcessID":4764,"ThreadID":8204,"Channel":"Microsoft-Windows-PowerShell/Operational","Domain":"LUNARSTIIINESS","AccountName":"ADSyncMSAfb0e5$","UserID":"S-1-5-21-3263964631-4121654051-1417071188-1115","AccountType":"User","Message":"CommandInvocation(Add-Type): \"Add-Type\"\r\nParameterBinding(Add-Type): name=\"Path\"; value=\"C:\\Program Files\\Microsoft Azure AD Sync\\\\Bin\\Microsoft.MetadirectoryServices.PasswordHashSynchronization.Types.dll\"\r\n\r\n\r\nContext:\r\n        Severity = Informational\r\n        Host Name = Default Host\r\n        Host Version = 5.1.20348.1366\r\n        Host ID = 9d803bda-fd19-486f-b244-9847e699b892\r\n        Host Application = C:\\Program Files\\Microsoft Azure AD Sync\\Bin\\miiserver.exe\r\n        Engine Version = 5.1.20348.1366\r\n        Runspace ID = e48fc851-6b76-4f0f-ab93-5545e46d6482\r\n        Pipeline ID = 2\r\n        Command Name = Add-Type\r\n        Command Type = Cmdlet\r\n        Script Name = C:\\Program Files\\Microsoft Azure AD Sync\\Extensions\\AADConnector.psm1\r\n        Command Path = \r\n        Sequence Number = 362514\r\n        User = LUNARSTIIINESS\\ADSyncMSAfb0e5$\r\n        Connected User = \r\n        Shell ID = Microsoft.PowerShell\r\n\r\n\r\nUser Data:\r\n\r\n","Category":"Executing Pipeline","Opcode":"To be used when operation is just executing a method","ContextInfo":"        Severity = Informational\r\n        Host Name = Default Host\r\n        Host Version = 5.1.20348.1366\r\n        Host ID = 9d803bda-fd19-486f-b244-9847e699b892\r\n        Host Application = C:\\Program Files\\Microsoft Azure AD Sync\\Bin\\miiserver.exe\r\n        Engine Version = 5.1.20348.1366\r\n        Runspace ID = e48fc851-6b76-4f0f-ab93-5545e46d6482\r\n        Pipeline ID = 2\r\n        Command Name = Add-Type\r\n        Command Type = Cmdlet\r\n        Script Name = C:\\Program Files\\Microsoft Azure AD Sync\\Extensions\\AADConnector.psm1\r\n        Command Path = \r\n        Sequence Number = 362514\r\n        User = LUNARSTIIINESS\\ADSyncMSAfb0e5$\r\n        Connected User = \r\n        Shell ID = Microsoft.PowerShell\r\n","Payload":"CommandInvocation(Add-Type): \"Add-Type\"\r\nParameterBinding(Add-Type): name=\"Path\"; value=\"C:\\Program Files\\Microsoft Azure AD Sync\\\\Bin\\Microsoft.MetadirectoryServices.PasswordHashSynchronization.Types.dll\"\r\n","EventReceivedTime":1687528204,"SourceModuleName":"in_powershell","SourceModuleType":"im_msvistalog"}
<14>Jun 23 13:50:04 win-adfs.lunarstiiiness.com Microsoft-Windows-PowerShell[4764]: {"EventTime":1687528203,"Hostname":"win-adfs.lunarstiiiness.com","Keywords":0,"EventType":"INFO","SeverityValue":2,"Severity":"INFO","EventID":4103,"SourceName":"Microsoft-Windows-PowerShell","ProviderGuid":"{A0C1853B-5C40-4B15-8766-3CF1C58F985A}","Version":1,"Task":106,"OpcodeValue":20,"RecordNumber":1319817,"ActivityID":"{8F8F53C1-AEDC-0000-21B1-23AE6E9ED901}","ProcessID":4764,"ThreadID":10560,"Channel":"Microsoft-Windows-PowerShell/Operational","Domain":"LUNARSTIIINESS","AccountName":"ADSyncMSAfb0e5$","UserID":"S-1-5-21-3263964631-4121654051-1417071188-1115","AccountType":"User","Message":"CommandInvocation(Add-Type): \"Add-Type\"\r\nParameterBinding(Add-Type): name=\"Path\"; value=\"C:\\Program Files\\Microsoft Azure AD Sync\\\\Extensions\\Microsoft.Azure.ActiveDirectory.Connector.dll\"\r\n\r\n\r\nContext:\r\n        Severity = Informational\r\n        Host Name = Default Host\r\n        Host Version = 5.1.20348.1366\r\n        Host ID = dc2287d1-b39f-4f4b-aefa-650e3b838db3\r\n        Host Application = C:\\Program Files\\Microsoft Azure AD Sync\\Bin\\miiserver.exe\r\n        Engine Version = 5.1.20348.1366\r\n        Runspace ID = 6da253b5-9ab3-460d-8454-21be39476576\r\n        Pipeline ID = 2\r\n        Command Name = Add-Type\r\n        Command Type = Cmdlet\r\n        Script Name = C:\\Program Files\\Microsoft Azure AD Sync\\Extensions\\AADConnector.psm1\r\n        Command Path = \r\n        Sequence Number = 362444\r\n        User = LUNARSTIIINESS\\ADSyncMSAfb0e5$\r\n        Connected User = \r\n        Shell ID = Microsoft.PowerShell\r\n\r\n\r\nUser Data:\r\n\r\n","Category":"Executing Pipeline","Opcode":"To be used when operation is just executing a method","ContextInfo":"        Severity = Informational\r\n        Host Name = Default Host\r\n        Host Version = 5.1.20348.1366\r\n        Host ID = dc2287d1-b39f-4f4b-aefa-650e3b838db3\r\n        Host Application = C:\\Program Files\\Microsoft Azure AD Sync\\Bin\\miiserver.exe\r\n        Engine Version = 5.1.20348.1366\r\n        Runspace ID = 6da253b5-9ab3-460d-8454-21be39476576\r\n        Pipeline ID = 2\r\n        Command Name = Add-Type\r\n        Command Type = Cmdlet\r\n        Script Name = C:\\Program Files\\Microsoft Azure AD Sync\\Extensions\\AADConnector.psm1\r\n        Command Path = \r\n        Sequence Number = 362444\r\n        User = LUNARSTIIINESS\\ADSyncMSAfb0e5$\r\n        Connected User = \r\n        Shell ID = Microsoft.PowerShell\r\n","Payload":"CommandInvocation(Add-Type): \"Add-Type\"\r\nParameterBinding(Add-Type): name=\"Path\"; value=\"C:\\Program Files\\Microsoft Azure AD Sync\\\\Extensions\\Microsoft.Azure.ActiveDirectory.Connector.dll\"\r\n","EventReceivedTime":1687528204,"SourceModuleName":"in_powershell","SourceModuleType":"im_msvistalog"}
<14>Jun 23 13:50:04 win-adfs.lunarstiiiness.com Microsoft-Windows-PowerShell[4764]: {"EventTime":1687528203,"Hostname":"win-adfs.lunarstiiiness.com","Keywords":0,"EventType":"INFO","SeverityValue":2,"Severity":"INFO","EventID":4103,"SourceName":"Microsoft-Windows-PowerShell","ProviderGuid":"{A0C1853B-5C40-4B15-8766-3CF1C58F985A}","Version":1,"Task":106,"OpcodeValue":20,"RecordNumber":1319822,"ActivityID":"{8F8F53C1-AEDC-0000-43B1-23AE6E9ED901}","ProcessID":4764,"ThreadID":1720,"Channel":"Microsoft-Windows-PowerShell/Operational","Domain":"LUNARSTIIINESS","AccountName":"ADSyncMSAfb0e5$","UserID":"S-1-5-21-3263964631-4121654051-1417071188-1115","AccountType":"User","Message":"CommandInvocation(Add-Type): \"Add-Type\"\r\nParameterBinding(Add-Type): name=\"Path\"; value=\"C:\\Program Files\\Microsoft Azure AD Sync\\\\Bin\\Microsoft.MetadirectoryServices.PasswordHashSynchronization.Types.dll\"\r\n\r\n\r\nContext:\r\n        Severity = Informational\r\n        Host Name = Default Host\r\n        Host Version = 5.1.20348.1366\r\n        Host ID = 5ff37690-8909-415d-98b8-53ca5f807f13\r\n        Host Application = C:\\Program Files\\Microsoft Azure AD Sync\\Bin\\miiserver.exe\r\n        Engine Version = 5.1.20348.1366\r\n        Runspace ID = 027005ad-7636-4b9b-af2a-78567fa91f89\r\n        Pipeline ID = 2\r\n        Command Name = Add-Type\r\n        Command Type = Cmdlet\r\n        Script Name = C:\\Program Files\\Microsoft Azure AD Sync\\Extensions\\AADConnector.psm1\r\n        Command Path = \r\n        Sequence Number = 362490\r\n        User = LUNARSTIIINESS\\ADSyncMSAfb0e5$\r\n        Connected User = \r\n        Shell ID = Microsoft.PowerShell\r\n\r\n\r\nUser Data:\r\n\r\n","Category":"Executing Pipeline","Opcode":"To be used when operation is just executing a method","ContextInfo":"        Severity = Informational\r\n        Host Name = Default Host\r\n        Host Version = 5.1.20348.1366\r\n        Host ID = 5ff37690-8909-415d-98b8-53ca5f807f13\r\n        Host Application = C:\\Program Files\\Microsoft Azure AD Sync\\Bin\\miiserver.exe\r\n        Engine Version = 5.1.20348.1366\r\n        Runspace ID = 027005ad-7636-4b9b-af2a-78567fa91f89\r\n        Pipeline ID = 2\r\n        Command Name = Add-Type\r\n        Command Type = Cmdlet\r\n        Script Name = C:\\Program Files\\Microsoft Azure AD Sync\\Extensions\\AADConnector.psm1\r\n        Command Path = \r\n        Sequence Number = 362490\r\n        User = LUNARSTIIINESS\\ADSyncMSAfb0e5$\r\n        Connected User = \r\n        Shell ID = Microsoft.PowerShell\r\n","Payload":"CommandInvocation(Add-Type): \"Add-Type\"\r\nParameterBinding(Add-Type): name=\"Path\"; value=\"C:\\Program Files\\Microsoft Azure AD Sync\\\\Bin\\Microsoft.MetadirectoryServices.PasswordHashSynchronization.Types.dll\"\r\n","EventReceivedTime":1687528204,"SourceModuleName":"in_powershell","SourceModuleType":"im_msvistalog"}
<14>Jun 23 13:50:04 win-adfs.lunarstiiiness.com Microsoft-Windows-PowerShell[4764]: {"EventTime":1687528203,"Hostname":"win-adfs.lunarstiiiness.com","Keywords":0,"EventType":"INFO","SeverityValue":2,"Severity":"INFO","EventID":4103,"SourceName":"Microsoft-Windows-PowerShell","ProviderGuid":"{A0C1853B-5C40-4B15-8766-3CF1C58F985A}","Version":1,"Task":106,"OpcodeValue":20,"RecordNumber":1319833,"ActivityID":"{8F8F53C1-AEDC-0000-87B1-23AE6E9ED901}","ProcessID":4764,"ThreadID":4944,"Channel":"Microsoft-Windows-PowerShell/Operational","Domain":"LUNARSTIIINESS","AccountName":"ADSyncMSAfb0e5$","UserID":"S-1-5-21-3263964631-4121654051-1417071188-1115","AccountType":"User","Message":"CommandInvocation(Add-Type): \"Add-Type\"\r\nParameterBinding(Add-Type): name=\"Path\"; value=\"C:\\Program Files\\Microsoft Azure AD Sync\\\\Bin\\Assemblies\\Microsoft.MetadirectoryServicesEx.dll\"\r\n\r\n\r\nContext:\r\n        Severity = Informational\r\n        Host Name = Default Host\r\n        Host Version = 5.1.20348.1366\r\n        Host ID = 169640dd-195e-4985-8478-f8c0300cff82\r\n        Host Application = C:\\Program Files\\Microsoft Azure AD Sync\\Bin\\miiserver.exe\r\n        Engine Version = 5.1.20348.1366\r\n        Runspace ID = bf30d6e0-64ac-4c67-81f1-3153a4b3d560\r\n        Pipeline ID = 2\r\n        Command Name = Add-Type\r\n        Command Type = Cmdlet\r\n        Script Name = C:\\Program Files\\Microsoft Azure AD Sync\\Extensions\\AADConnector.psm1\r\n        Command Path = \r\n        Sequence Number = 362584\r\n        User = LUNARSTIIINESS\\ADSyncMSAfb0e5$\r\n        Connected User = \r\n        Shell ID = Microsoft.PowerShell\r\n\r\n\r\nUser Data:\r\n\r\n","Category":"Executing Pipeline","Opcode":"To be used when operation is just executing a method","ContextInfo":"        Severity = Informational\r\n        Host Name = Default Host\r\n        Host Version = 5.1.20348.1366\r\n        Host ID = 169640dd-195e-4985-8478-f8c0300cff82\r\n        Host Application = C:\\Program Files\\Microsoft Azure AD Sync\\Bin\\miiserver.exe\r\n        Engine Version = 5.1.20348.1366\r\n        Runspace ID = bf30d6e0-64ac-4c67-81f1-3153a4b3d560\r\n        Pipeline ID = 2\r\n        Command Name = Add-Type\r\n        Command Type = Cmdlet\r\n        Script Name = C:\\Program Files\\Microsoft Azure AD Sync\\Extensions\\AADConnector.psm1\r\n        Command Path = \r\n        Sequence Number = 362584\r\n        User = LUNARSTIIINESS\\ADSyncMSAfb0e5$\r\n        Connected User = \r\n        Shell ID = Microsoft.PowerShell\r\n","Payload":"CommandInvocation(Add-Type): \"Add-Type\"\r\nParameterBinding(Add-Type): name=\"Path\"; value=\"C:\\Program Files\\Microsoft Azure AD Sync\\\\Bin\\Assemblies\\Microsoft.MetadirectoryServicesEx.dll\"\r\n","EventReceivedTime":1687528204,"SourceModuleName":"in_powershell","SourceModuleType":"im_msvistalog"}
<14>Jun 23 13:50:04 win-adfs.lunarstiiiness.com Microsoft-Windows-PowerShell[4764]: {"EventTime":1687528203,"Hostname":"win-adfs.lunarstiiiness.com","Keywords":0,"EventType":"INFO","SeverityValue":2,"Severity":"INFO","EventID":4103,"SourceName":"Microsoft-Windows-PowerShell","ProviderGuid":"{A0C1853B-5C40-4B15-8766-3CF1C58F985A}","Version":1,"Task":106,"OpcodeValue":20,"RecordNumber":1319837,"ActivityID":"{8F8F53C1-AEDC-0000-99B1-23AE6E9ED901}","ProcessID":4764,"ThreadID":2464,"Channel":"Microsoft-Windows-PowerShell/Operational","Domain":"LUNARSTIIINESS","AccountName":"ADSyncMSAfb0e5$","UserID":"S-1-5-21-3263964631-4121654051-1417071188-1115","AccountType":"User","Message":"CommandInvocation(Add-Type): \"Add-Type\"\r\nParameterBinding(Add-Type): name=\"Path\"; value=\"C:\\Program Files\\Microsoft Azure AD Sync\\\\Bin\\Microsoft.MetadirectoryServices.PasswordHashSynchronization.Types.dll\"\r\n\r\n\r\nContext:\r\n        Severity = Informational\r\n        Host Name = Default Host\r\n        Host Version = 5.1.20348.1366\r\n        Host ID = cda1cf10-17dd-4dc9-9d1a-97c3261fa8a8\r\n        Host Application = C:\\Program Files\\Microsoft Azure AD Sync\\Bin\\miiserver.exe\r\n        Engine Version = 5.1.20348.1366\r\n        Runspace ID = 0832aaa0-7015-4952-a542-8c69a1346d9e\r\n        Pipeline ID = 2\r\n        Command Name = Add-Type\r\n        Command Type = Cmdlet\r\n        Script Name = C:\\Program Files\\Microsoft Azure AD Sync\\Extensions\\AADConnector.psm1\r\n        Command Path = \r\n        Sequence Number = 362610\r\n        User = LUNARSTIIINESS\\ADSyncMSAfb0e5$\r\n        Connected User = \r\n        Shell ID = Microsoft.PowerShell\r\n\r\n\r\nUser Data:\r\n\r\n","Category":"Executing Pipeline","Opcode":"To be used when operation is just executing a method","ContextInfo":"        Severity = Informational\r\n        Host Name = Default Host\r\n        Host Version = 5.1.20348.1366\r\n        Host ID = cda1cf10-17dd-4dc9-9d1a-97c3261fa8a8\r\n        Host Application = C:\\Program Files\\Microsoft Azure AD Sync\\Bin\\miiserver.exe\r\n        Engine Version = 5.1.20348.1366\r\n        Runspace ID = 0832aaa0-7015-4952-a542-8c69a1346d9e\r\n        Pipeline ID = 2\r\n        Command Name = Add-Type\r\n        Command Type = Cmdlet\r\n        Script Name = C:\\Program Files\\Microsoft Azure AD Sync\\Extensions\\AADConnector.psm1\r\n        Command Path = \r\n        Sequence Number = 362610\r\n        User = LUNARSTIIINESS\\ADSyncMSAfb0e5$\r\n        Connected User = \r\n        Shell ID = Microsoft.PowerShell\r\n","Payload":"CommandInvocation(Add-Type): \"Add-Type\"\r\nParameterBinding(Add-Type): name=\"Path\"; value=\"C:\\Program Files\\Microsoft Azure AD Sync\\\\Bin\\Microsoft.MetadirectoryServices.PasswordHashSynchronization.Types.dll\"\r\n","EventReceivedTime":1687528204,"SourceModuleName":"in_powershell","SourceModuleType":"im_msvistalog"}
<14>Jun 23 13:50:04 win-adfs.lunarstiiiness.com Microsoft-Windows-PowerShell[4764]: {"EventTime":1687528203,"Hostname":"win-adfs.lunarstiiiness.com","Keywords":0,"EventType":"INFO","SeverityValue":2,"Severity":"INFO","EventID":4103,"SourceName":"Microsoft-Windows-PowerShell","ProviderGuid":"{A0C1853B-5C40-4B15-8766-3CF1C58F985A}","Version":1,"Task":106,"OpcodeValue":20,"RecordNumber":1319818,"ActivityID":"{8F8F53C1-AEDC-0000-30B1-23AE6E9ED901}","ProcessID":4764,"ThreadID":8388,"Channel":"Microsoft-Windows-PowerShell/Operational","Domain":"LUNARSTIIINESS","AccountName":"ADSyncMSAfb0e5$","UserID":"S-1-5-21-3263964631-4121654051-1417071188-1115","AccountType":"User","Message":"CommandInvocation(Add-Type): \"Add-Type\"\r\nParameterBinding(Add-Type): name=\"Path\"; value=\"C:\\Program Files\\Microsoft Azure AD Sync\\\\Bin\\Assemblies\\Microsoft.MetadirectoryServicesEx.dll\"\r\n\r\n\r\nContext:\r\n        Severity = Informational\r\n        Host Name = Default Host\r\n        Host Version = 5.1.20348.1366\r\n        Host ID = 4f370ab5-7127-428e-89f7-c2745e861bf0\r\n        Host Application = C:\\Program Files\\Microsoft Azure AD Sync\\Bin\\miiserver.exe\r\n        Engine Version = 5.1.20348.1366\r\n        Runspace ID = 2d7cdea0-39c2-4eba-85b8-0aeb644102e2\r\n        Pipeline ID = 2\r\n        Command Name = Add-Type\r\n        Command Type = Cmdlet\r\n        Script Name = C:\\Program Files\\Microsoft Azure AD Sync\\Extensions\\AADConnector.psm1\r\n        Command Path = \r\n        Sequence Number = 362464\r\n        User = LUNARSTIIINESS\\ADSyncMSAfb0e5$\r\n        Connected User = \r\n        Shell ID = Microsoft.PowerShell\r\n\r\n\r\nUser Data:\r\n\r\n","Category":"Executing Pipeline","Opcode":"To be used when operation is just executing a method","ContextInfo":"        Severity = Informational\r\n        Host Name = Default Host\r\n        Host Version = 5.1.20348.1366\r\n        Host ID = 4f370ab5-7127-428e-89f7-c2745e861bf0\r\n        Host Application = C:\\Program Files\\Microsoft Azure AD Sync\\Bin\\miiserver.exe\r\n        Engine Version = 5.1.20348.1366\r\n        Runspace ID = 2d7cdea0-39c2-4eba-85b8-0aeb644102e2\r\n        Pipeline ID = 2\r\n        Command Name = Add-Type\r\n        Command Type = Cmdlet\r\n        Script Name = C:\\Program Files\\Microsoft Azure AD Sync\\Extensions\\AADConnector.psm1\r\n        Command Path = \r\n        Sequence Number = 362464\r\n        User = LUNARSTIIINESS\\ADSyncMSAfb0e5$\r\n        Connected User = \r\n        Shell ID = Microsoft.PowerShell\r\n","Payload":"CommandInvocation(Add-Type): \"Add-Type\"\r\nParameterBinding(Add-Type): name=\"Path\"; value=\"C:\\Program Files\\Microsoft Azure AD Sync\\\\Bin\\Assemblies\\Microsoft.MetadirectoryServicesEx.dll\"\r\n","EventReceivedTime":1687528204,"SourceModuleName":"in_powershell","SourceModuleType":"im_msvistalog"}
<14>Jun 23 13:50:04 win-adfs.lunarstiiiness.com Microsoft-Windows-PowerShell[4764]: {"EventTime":1687528203,"Hostname":"win-adfs.lunarstiiiness.com","Keywords":0,"EventType":"INFO","SeverityValue":2,"Severity":"INFO","EventID":4103,"SourceName":"Microsoft-Windows-PowerShell","ProviderGuid":"{A0C1853B-5C40-4B15-8766-3CF1C58F985A}","Version":1,"Task":106,"OpcodeValue":20,"RecordNumber":1319832,"ActivityID":"{8F8F53C1-AEDC-0000-77B1-23AE6E9ED901}","ProcessID":4764,"ThreadID":6628,"Channel":"Microsoft-Windows-PowerShell/Operational","Domain":"LUNARSTIIINESS","AccountName":"ADSyncMSAfb0e5$","UserID":"S-1-5-21-3263964631-4121654051-1417071188-1115","AccountType":"User","Message":"CommandInvocation(Add-Type): \"Add-Type\"\r\nParameterBinding(Add-Type): name=\"Path\"; value=\"C:\\Program Files\\Microsoft Azure AD Sync\\\\Extensions\\Microsoft.Azure.ActiveDirectory.Connector.dll\"\r\n\r\n\r\nContext:\r\n        Severity = Informational\r\n        Host Name = Default Host\r\n        Host Version = 5.1.20348.1366\r\n        Host ID = 467ad29e-8afb-4ade-8aeb-fc62d8ecea83\r\n        Host Application = C:\\Program Files\\Microsoft Azure AD Sync\\Bin\\miiserver.exe\r\n        Engine Version = 5.1.20348.1366\r\n        Runspace ID = e8db983f-9749-4504-99e8-3e76a65edcf2\r\n        Pipeline ID = 2\r\n        Command Name = Add-Type\r\n        Command Type = Cmdlet\r\n        Script Name = C:\\Program Files\\Microsoft Azure AD Sync\\Extensions\\AADConnector.psm1\r\n        Command Path = \r\n        Sequence Number = 362564\r\n        User = LUNARSTIIINESS\\ADSyncMSAfb0e5$\r\n        Connected User = \r\n        Shell ID = Microsoft.PowerShell\r\n\r\n\r\nUser Data:\r\n\r\n","Category":"Executing Pipeline","Opcode":"To be used when operation is just executing a method","ContextInfo":"        Severity = Informational\r\n        Host Name = Default Host\r\n        Host Version = 5.1.20348.1366\r\n        Host ID = 467ad29e-8afb-4ade-8aeb-fc62d8ecea83\r\n        Host Application = C:\\Program Files\\Microsoft Azure AD Sync\\Bin\\miiserver.exe\r\n        Engine Version = 5.1.20348.1366\r\n        Runspace ID = e8db983f-9749-4504-99e8-3e76a65edcf2\r\n        Pipeline ID = 2\r\n        Command Name = Add-Type\r\n        Command Type = Cmdlet\r\n        Script Name = C:\\Program Files\\Microsoft Azure AD Sync\\Extensions\\AADConnector.psm1\r\n        Command Path = \r\n        Sequence Number = 362564\r\n        User = LUNARSTIIINESS\\ADSyncMSAfb0e5$\r\n        Connected User = \r\n        Shell ID = Microsoft.PowerShell\r\n","Payload":"CommandInvocation(Add-Type): \"Add-Type\"\r\nParameterBinding(Add-Type): name=\"Path\"; value=\"C:\\Program Files\\Microsoft Azure AD Sync\\\\Extensions\\Microsoft.Azure.ActiveDirectory.Connector.dll\"\r\n","EventReceivedTime":1687528204,"SourceModuleName":"in_powershell","SourceModuleType":"im_msvistalog"}
<14>Jun 23 13:50:04 win-adfs.lunarstiiiness.com Microsoft-Windows-PowerShell[4764]: {"EventTime":1687528203,"Hostname":"win-adfs.lunarstiiiness.com","Keywords":0,"EventType":"INFO","SeverityValue":2,"Severity":"INFO","EventID":4103,"SourceName":"Microsoft-Windows-PowerShell","ProviderGuid":"{A0C1853B-5C40-4B15-8766-3CF1C58F985A}","Version":1,"Task":106,"OpcodeValue":20,"RecordNumber":1319835,"ActivityID":"{8F8F53C1-AEDC-0000-89B1-23AE6E9ED901}","ProcessID":4764,"ThreadID":4944,"Channel":"Microsoft-Windows-PowerShell/Operational","Domain":"LUNARSTIIINESS","AccountName":"ADSyncMSAfb0e5$","UserID":"S-1-5-21-3263964631-4121654051-1417071188-1115","AccountType":"User","Message":"CommandInvocation(Add-Type): \"Add-Type\"\r\nParameterBinding(Add-Type): name=\"Path\"; value=\"C:\\Program Files\\Microsoft Azure AD Sync\\\\Extensions\\Microsoft.Azure.ActiveDirectory.Connector.dll\"\r\n\r\n\r\nContext:\r\n        Severity = Informational\r\n        Host Name = Default Host\r\n        Host Version = 5.1.20348.1366\r\n        Host ID = 169640dd-195e-4985-8478-f8c0300cff82\r\n        Host Application = C:\\Program Files\\Microsoft Azure AD Sync\\Bin\\miiserver.exe\r\n        Engine Version = 5.1.20348.1366\r\n        Runspace ID = bf30d6e0-64ac-4c67-81f1-3153a4b3d560\r\n        Pipeline ID = 2\r\n        Command Name = Add-Type\r\n        Command Type = Cmdlet\r\n        Script Name = C:\\Program Files\\Microsoft Azure AD Sync\\Extensions\\AADConnector.psm1\r\n        Command Path = \r\n        Sequence Number = 362588\r\n        User = LUNARSTIIINESS\\ADSyncMSAfb0e5$\r\n        Connected User = \r\n        Shell ID = Microsoft.PowerShell\r\n\r\n\r\nUser Data:\r\n\r\n","Category":"Executing Pipeline","Opcode":"To be used when operation is just executing a method","ContextInfo":"        Severity = Informational\r\n        Host Name = Default Host\r\n        Host Version = 5.1.20348.1366\r\n        Host ID = 169640dd-195e-4985-8478-f8c0300cff82\r\n        Host Application = C:\\Program Files\\Microsoft Azure AD Sync\\Bin\\miiserver.exe\r\n        Engine Version = 5.1.20348.1366\r\n        Runspace ID = bf30d6e0-64ac-4c67-81f1-3153a4b3d560\r\n        Pipeline ID = 2\r\n        Command Name = Add-Type\r\n        Command Type = Cmdlet\r\n        Script Name = C:\\Program Files\\Microsoft Azure AD Sync\\Extensions\\AADConnector.psm1\r\n        Command Path = \r\n        Sequence Number = 362588\r\n        User = LUNARSTIIINESS\\ADSyncMSAfb0e5$\r\n        Connected User = \r\n        Shell ID = Microsoft.PowerShell\r\n","Payload":"CommandInvocation(Add-Type): \"Add-Type\"\r\nParameterBinding(Add-Type): name=\"Path\"; value=\"C:\\Program Files\\Microsoft Azure AD Sync\\\\Extensions\\Microsoft.Azure.ActiveDirectory.Connector.dll\"\r\n","EventReceivedTime":1687528204,"SourceModuleName":"in_powershell","SourceModuleType":"im_msvistalog"}
<14>Jun 23 13:50:04 win-adfs.lunarstiiiness.com Microsoft-Windows-PowerShell[4764]: {"EventTime":1687528203,"Hostname":"win-adfs.lunarstiiiness.com","Keywords":0,"EventType":"INFO","SeverityValue":2,"Severity":"INFO","EventID":4103,"SourceName":"Microsoft-Windows-PowerShell","ProviderGuid":"{A0C1853B-5C40-4B15-8766-3CF1C58F985A}","Version":1,"Task":106,"OpcodeValue":20,"RecordNumber":1319827,"ActivityID":"{8F8F53C1-AEDC-0000-64B1-23AE6E9ED901}","ProcessID":4764,"ThreadID":3516,"Channel":"Microsoft-Windows-PowerShell/Operational","Domain":"LUNARSTIIINESS","AccountName":"ADSyncMSAfb0e5$","UserID":"S-1-5-21-3263964631-4121654051-1417071188-1115","AccountType":"User","Message":"CommandInvocation(Add-Type): \"Add-Type\"\r\nParameterBinding(Add-Type): name=\"Path\"; value=\"C:\\Program Files\\Microsoft Azure AD Sync\\\\Bin\\Assemblies\\Microsoft.MetadirectoryServicesEx.dll\"\r\n\r\n\r\nContext:\r\n        Severity = Informational\r\n        Host Name = Default Host\r\n        Host Version = 5.1.20348.1366\r\n        Host ID = fd2087ff-ab35-4b16-b7f9-20f7630be242\r\n        Host Application = C:\\Program Files\\Microsoft Azure AD Sync\\Bin\\miiserver.exe\r\n        Engine Version = 5.1.20348.1366\r\n        Runspace ID = 706af5d1-5b6b-41db-bdf9-da30156fe772\r\n        Pipeline ID = 2\r\n        Command Name = Add-Type\r\n        Command Type = Cmdlet\r\n        Script Name = C:\\Program Files\\Microsoft Azure AD Sync\\Extensions\\AADConnector.psm1\r\n        Command Path = \r\n        Sequence Number = 362536\r\n        User = LUNARSTIIINESS\\ADSyncMSAfb0e5$\r\n        Connected User = \r\n        Shell ID = Microsoft.PowerShell\r\n\r\n\r\nUser Data:\r\n\r\n","Category":"Executing Pipeline","Opcode":"To be used when operation is just executing a method","ContextInfo":"        Severity = Informational\r\n        Host Name = Default Host\r\n        Host Version = 5.1.20348.1366\r\n        Host ID = fd2087ff-ab35-4b16-b7f9-20f7630be242\r\n        Host Application = C:\\Program Files\\Microsoft Azure AD Sync\\Bin\\miiserver.exe\r\n        Engine Version = 5.1.20348.1366\r\n        Runspace ID = 706af5d1-5b6b-41db-bdf9-da30156fe772\r\n        Pipeline ID = 2\r\n        Command Name = Add-Type\r\n        Command Type = Cmdlet\r\n        Script Name = C:\\Program Files\\Microsoft Azure AD Sync\\Extensions\\AADConnector.psm1\r\n        Command Path = \r\n        Sequence Number = 362536\r\n        User = LUNARSTIIINESS\\ADSyncMSAfb0e5$\r\n        Connected User = \r\n        Shell ID = Microsoft.PowerShell\r\n","Payload":"CommandInvocation(Add-Type): \"Add-Type\"\r\nParameterBinding(Add-Type): name=\"Path\"; value=\"C:\\Program Files\\Microsoft Azure AD Sync\\\\Bin\\Assemblies\\Microsoft.MetadirectoryServicesEx.dll\"\r\n","EventReceivedTime":1687528204,"SourceModuleName":"in_powershell","SourceModuleType":"im_msvistalog"}
<14>Jun 23 13:50:04 win-adfs.lunarstiiiness.com Microsoft-Windows-PowerShell[4764]: {"EventTime":1687528203,"Hostname":"win-adfs.lunarstiiiness.com","Keywords":0,"EventType":"INFO","SeverityValue":2,"Severity":"INFO","EventID":4103,"SourceName":"Microsoft-Windows-PowerShell","ProviderGuid":"{A0C1853B-5C40-4B15-8766-3CF1C58F985A}","Version":1,"Task":106,"OpcodeValue":20,"RecordNumber":1319821,"ActivityID":"{8F8F53C1-AEDC-0000-42B1-23AE6E9ED901}","ProcessID":4764,"ThreadID":1720,"Channel":"Microsoft-Windows-PowerShell/Operational","Domain":"LUNARSTIIINESS","AccountName":"ADSyncMSAfb0e5$","UserID":"S-1-5-21-3263964631-4121654051-1417071188-1115","AccountType":"User","Message":"CommandInvocation(Add-Type): \"Add-Type\"\r\nParameterBinding(Add-Type): name=\"Path\"; value=\"C:\\Program Files\\Microsoft Azure AD Sync\\\\Bin\\Assemblies\\Microsoft.MetadirectoryServicesEx.dll\"\r\n\r\n\r\nContext:\r\n        Severity = Informational\r\n        Host Name = Default Host\r\n        Host Version = 5.1.20348.1366\r\n        Host ID = 5ff37690-8909-415d-98b8-53ca5f807f13\r\n        Host Application = C:\\Program Files\\Microsoft Azure AD Sync\\Bin\\miiserver.exe\r\n        Engine Version = 5.1.20348.1366\r\n        Runspace ID = 027005ad-7636-4b9b-af2a-78567fa91f89\r\n        Pipeline ID = 2\r\n        Command Name = Add-Type\r\n        Command Type = Cmdlet\r\n        Script Name = C:\\Program Files\\Microsoft Azure AD Sync\\Extensions\\AADConnector.psm1\r\n        Command Path = \r\n        Sequence Number = 362488\r\n        User = LUNARSTIIINESS\\ADSyncMSAfb0e5$\r\n        Connected User = \r\n        Shell ID = Microsoft.PowerShell\r\n\r\n\r\nUser Data:\r\n\r\n","Category":"Executing Pipeline","Opcode":"To be used when operation is just executing a method","ContextInfo":"        Severity = Informational\r\n        Host Name = Default Host\r\n        Host Version = 5.1.20348.1366\r\n        Host ID = 5ff37690-8909-415d-98b8-53ca5f807f13\r\n        Host Application = C:\\Program Files\\Microsoft Azure AD Sync\\Bin\\miiserver.exe\r\n        Engine Version = 5.1.20348.1366\r\n        Runspace ID = 027005ad-7636-4b9b-af2a-78567fa91f89\r\n        Pipeline ID = 2\r\n        Command Name = Add-Type\r\n        Command Type = Cmdlet\r\n        Script Name = C:\\Program Files\\Microsoft Azure AD Sync\\Extensions\\AADConnector.psm1\r\n        Command Path = \r\n        Sequence Number = 362488\r\n        User = LUNARSTIIINESS\\ADSyncMSAfb0e5$\r\n        Connected User = \r\n        Shell ID = Microsoft.PowerShell\r\n","Payload":"CommandInvocation(Add-Type): \"Add-Type\"\r\nParameterBinding(Add-Type): name=\"Path\"; value=\"C:\\Program Files\\Microsoft Azure AD Sync\\\\Bin\\Assemblies\\Microsoft.MetadirectoryServicesEx.dll\"\r\n","EventReceivedTime":1687528204,"SourceModuleName":"in_powershell","SourceModuleType":"im_msvistalog"}
<14>Jun 23 13:50:04 win-adfs.lunarstiiiness.com Microsoft-Windows-PowerShell[4764]: {"EventTime":1687528203,"Hostname":"win-adfs.lunarstiiiness.com","Keywords":0,"EventType":"INFO","SeverityValue":2,"Severity":"INFO","EventID":4103,"SourceName":"Microsoft-Windows-PowerShell","ProviderGuid":"{A0C1853B-5C40-4B15-8766-3CF1C58F985A}","Version":1,"Task":106,"OpcodeValue":20,"RecordNumber":1319830,"ActivityID":"{8F8F53C1-AEDC-0000-75B1-23AE6E9ED901}","ProcessID":4764,"ThreadID":6628,"Channel":"Microsoft-Windows-PowerShell/Operational","Domain":"LUNARSTIIINESS","AccountName":"ADSyncMSAfb0e5$","UserID":"S-1-5-21-3263964631-4121654051-1417071188-1115","AccountType":"User","Message":"CommandInvocation(Add-Type): \"Add-Type\"\r\nParameterBinding(Add-Type): name=\"Path\"; value=\"C:\\Program Files\\Microsoft Azure AD Sync\\\\Bin\\Assemblies\\Microsoft.MetadirectoryServicesEx.dll\"\r\n\r\n\r\nContext:\r\n        Severity = Informational\r\n        Host Name = Default Host\r\n        Host Version = 5.1.20348.1366\r\n        Host ID = 467ad29e-8afb-4ade-8aeb-fc62d8ecea83\r\n        Host Application = C:\\Program Files\\Microsoft Azure AD Sync\\Bin\\miiserver.exe\r\n        Engine Version = 5.1.20348.1366\r\n        Runspace ID = e8db983f-9749-4504-99e8-3e76a65edcf2\r\n        Pipeline ID = 2\r\n        Command Name = Add-Type\r\n        Command Type = Cmdlet\r\n        Script Name = C:\\Program Files\\Microsoft Azure AD Sync\\Extensions\\AADConnector.psm1\r\n        Command Path = \r\n        Sequence Number = 362560\r\n        User = LUNARSTIIINESS\\ADSyncMSAfb0e5$\r\n        Connected User = \r\n        Shell ID = Microsoft.PowerShell\r\n\r\n\r\nUser Data:\r\n\r\n","Category":"Executing Pipeline","Opcode":"To be used when operation is just executing a method","ContextInfo":"        Severity = Informational\r\n        Host Name = Default Host\r\n        Host Version = 5.1.20348.1366\r\n        Host ID = 467ad29e-8afb-4ade-8aeb-fc62d8ecea83\r\n        Host Application = C:\\Program Files\\Microsoft Azure AD Sync\\Bin\\miiserver.exe\r\n        Engine Version = 5.1.20348.1366\r\n        Runspace ID = e8db983f-9749-4504-99e8-3e76a65edcf2\r\n        Pipeline ID = 2\r\n        Command Name = Add-Type\r\n        Command Type = Cmdlet\r\n        Script Name = C:\\Program Files\\Microsoft Azure AD Sync\\Extensions\\AADConnector.psm1\r\n        Command Path = \r\n        Sequence Number = 362560\r\n        User = LUNARSTIIINESS\\ADSyncMSAfb0e5$\r\n        Connected User = \r\n        Shell ID = Microsoft.PowerShell\r\n","Payload":"CommandInvocation(Add-Type): \"Add-Type\"\r\nParameterBinding(Add-Type): name=\"Path\"; value=\"C:\\Program Files\\Microsoft Azure AD Sync\\\\Bin\\Assemblies\\Microsoft.MetadirectoryServicesEx.dll\"\r\n","EventReceivedTime":1687528204,"SourceModuleName":"in_powershell","SourceModuleType":"im_msvistalog"}
