<12>Jun 23 13:50:01 win-adfs.lunarstiiiness.com Microsoft-Windows-PowerShell[4764]: {"EventTime":1687528201,"Hostname":"win-adfs.lunarstiiiness.com","Keywords":0,"EventType":"WARNING","SeverityValue":3,"Severity":"WARNING","EventID":4104,"SourceName":"Microsoft-Windows-PowerShell","ProviderGuid":"{A0C1853B-5C40-4B15-8766-3CF1C58F985A}","Version":1,"Task":2,"OpcodeValue":15,"RecordNumber":1319800,"ActivityID":"{8F8F53C1-AEDC-0000-89AF-23AE6E9ED901}","ProcessID":4764,"ThreadID":856,"Channel":"Microsoft-Windows-PowerShell/Operational","Domain":"LUNARSTIIINESS","AccountName":"ADSyncMSAfb0e5$","UserID":"S-1-5-21-3263964631-4121654051-1417071188-1115","AccountType":"User","Message":"Creating Scriptblock text (1 of 3):\r\n#-------------------------------------------------------------------------\r\n# Copyright (c) Microsoft Corporation.  All rights reserved.\r\n#-------------------------------------------------------------------------\r\n\r\n$ErrorActionPreference = \"Stop\"\r\n\r\n$paramsRegKey = 'HKLM:\\SYSTEM\\CurrentControlSet\\Services\\ADSync\\Parameters\\'\r\nif (Test-Path $paramsRegKey)\r\n{\r\n  $installationDirectory = (Get-ItemProperty $paramsRegKey -Name Path).Path\r\n  Import-Module \"$installationDirectory\\Bin\\ADSync\\ADSync.psd1\"\r\n  Add-Type -Path \"$installationDirectory\\Bin\\Assemblies\\Microsoft.MetadirectoryServicesEx.dll\"\r\n  Add-Type -Path \"$installationDirectory\\Bin\\Microsoft.MetadirectoryServices.PasswordHashSynchronization.Types.dll\"\r\n  Add-Type -Path \"$installationDirectory\\Extensions\\Microsoft.Azure.ActiveDirectory.Connector.dll\"\r\n}\r\nelse \r\n{\r\n  Write-Warning -Message \"AADConnect installation was not found. Using current directory. Some functionality may be unavailable.\"\r\n  Add-Type -Path \"$PSScriptRoot\\Microsoft.MetadirectoryServicesEx.dll\"\r\n  Add-Type -Path \"$PSScriptRoot\\Microsoft.MetadirectoryServices.PasswordHashSynchronization.Types.dll\"\r\n  Add-Type -Path \"$PSScriptRoot\\Microsoft.Azure.ActiveDirectory.Connector.dll\"\r\n}\r\n\r\nfunction Get-ADSyncAADConnectorImportApiVersion\r\n{\r\n  $paramRegKey = \"HKLM:\\SYSTEM\\CurrentControlSet\\Services\\ADSync\\Parameters\"\r\n  $paramRegName = \"AadConnectorImportApiVersion\"\r\n\r\n  $version = (Get-ItemProperty -Path $paramRegKey | Select $paramRegName).$paramRegName\r\n  if (-not $version)\r\n  {\r\n    $version = 2\r\n  }\r\n\r\n  Write-Output $version\r\n}\r\n\r\nfunction Get-ADSyncAADConnectorExportApiVersion\r\n{\r\n  $aad = Get-ADSyncConnector -Identifier b891884f-051e-4a83-95af-2544101c9083\r\n  $aadRegKey = \"HKLM:\\SYSTEM\\CurrentControlSet\\Services\\ADSync\\Parameters\\PerMAInstance\\\" + $aad.Name\r\n  $aadRegName = \"EnableNonExistentObjectReferenceExportFiltering\"\r\n  $paramRegKey = \"HKLM:\\SYSTEM\\CurrentControlSet\\Services\\ADSync\\Parameters\"\r\n  $paramRegName = \"AadConnectorExportApiVersion\"\r\n\r\n  $exportType = $aad.ExtensionConfiguration.ExportType\r\n  $enableNonExistentObjectReferenceExportFiltering = 1\r\n  if (Test-Path -Path $aadRegKey)\r\n  {\r\n    $enableNonExistentObjectReferenceExportFiltering = (Get-ItemProperty -Path $aadRegKey | Select $aadRegName).$aadRegName\r\n    if ([string]::IsNullOrEmpty($enableNonExistentObjectReferenceExportFiltering))\r\n    {\r\n      $enableNonExistentObjectReferenceExportFiltering = 1\r\n    }\r\n  }\r\n  $version = (Get-ItemProperty -Path $paramRegKey | Select $paramRegName).$paramRegName\r\n  if (-not $version)\r\n  {\r\n    $version = 2\r\n  }\r\n\r\n  if ($version -eq 1)\r\n  {\r\n    if ($exportType -ne 2 -or $enableNonExistentObjectReferenceExportFiltering -ne 0)\r\n    {\r\n      Write-Error \"Version mismatch in Registry and AAD Connector. Run Set-ADSyncAADConnectorExportApiVersion to fix the issue\"\r\n      return\r\n    }\r\n  }\r\n  elseif ($version -eq 2)\r\n  {\r\n    if ($exportType -ne 5 -or $enableNonExistentObjectReferenceExportFiltering -ne 1)\r\n    {\r\n      Write-Error \"Version mismatch in Registry and AAD Connector. Run Set-ADSyncAADConnectorExportApiVersion to fix the issue\"\r\n      return\r\n    }\r\n  }\r\n  else\r\n  {\r\n    Write-Error \"unknown version $version\"\r\n    return\r\n  }\r\n\r\n  Write-Output $version\r\n}\r\n\r\nfunction Set-ADSyncAADConnectorImportApiVersion \r\n{\r\n  Param\r\n  (\r\n    [Parameter(Mandatory=$true)]\r\n    [int] $version\r\n  )\r\n\r\n  $regKey = \"HKLM:\\SYSTEM\\CurrentControlSet\\Services\\ADSync\\Parameters\"\r\n  $regName = \"AadConnectorImportApiVersion\"\r\n\r\n  if (($version -ne 1) -and ($version -ne 2))\r\n  {\r\n    Write-Error \"unknown version $version\"\r\n  }\r\n\r\n  Set-ItemProperty -path $regKey -name $regName -value $version\r\n\r\n  Write-Output $version\r\n}\r\n\r\nfunction Set-ADSyncAADConnectorExportApiVersion\r\n{\r\n  Param\r\n  (\r\n    [Parameter(Mandatory=$true)]\r\n    [int] $version\r\n  )\r\n\r\n  $paramRegKey = \"HKLM:\\SYSTEM\\CurrentControlSet\\Services\\ADSync\\Parameters\"\r\n  $regName = \"AadConnectorExportApiVersion\"\r\n  $exportType = $null;\r\n  $enableNonExistentObjectReferenceExportFiltering = 1;\r\n\r\n  if ($version -eq 1)\r\n  {\r\n    $exportType = 2 \r\n    $enableNonExistentObjectReferenceExportFiltering = 0\r\n  }\r\n  elseif ($version -eq 2)\r\n  {   \r\n    $exportType = 5\r\n    $enableNonExistentObjectReferenceExportFiltering = 1\r\n  }\r\n  else\r\n  {\r\n    Write-Error \"unknown version $version\"\r\n  }\r\n\r\n  Set-ItemProperty -path $paramRegKey -name $regName -value $version\r\n  $aad = Get-ADSyncConnector -Identifier b891884f-051e-4a83-95af-2544101c9083\r\n\r\n  $perMaInstanceRegKey = \"HKLM:\\SYSTEM\\CurrentControlSet\\Services\\ADSync\\Parameters\\PerMAInstance\\\"\r\n  if (-not (Test-Path -Path $perMaInstanceRegKey))\r\n  {\r\n    New-Item -Path $perMaInstanceRegKey |  Out-Null\r\n  }\r\n  $aadRegKey = \"HKLM:\\SYSTEM\\CurrentControlSet\\Services\\ADSync\\Parameters\\PerMAInstance\\\" + $aad.Name\r\n  if (-not (Test-Path -Path $aadRegKey))\r\n  {\r\n    New-Item -Path $aadRegKey |  Out-Null\r\n  }\r\n  Set-ItemProperty -Path $aadRegKey -Name \"EnableNonExistentObjectReferenceExportFiltering\" -Value $enableNonExistentObjectReferenceExportFiltering\r\n\r\n  $aad.ExtensionConfiguration.ExportType = $exportType\r\n  $aad = Add-ADSyncConnector -Connector $aad\r\n\r\n  Write-Output $version\r\n}\r\n\r\nfunction ConvertTo-ADSyncSourceAnchor\r\n{\r\n  Param\r\n  (\r\n    [Parameter(Mandatory=$true)]\r\n    [string] $dn\r\n  )\r\n\r\n  $result = [Microsoft.Online.DirSync.Extension.Utilities.DNEncoding]::SafeRdnToString($dn);\r\n  Write-Output $result\r\n}\r\n\r\nfunction ConvertTo-ADSyncAadDistinguishedName\r\n{\r\n  Param\r\n  (\r\n    [Parameter(Mandatory=$true)]\r\n    [string] $sourceAnchor\r\n  )\r\n\r\n  $result = [Microsoft.Online.DirSync.Extension.Utilities.DNEncoding]::StringToSafeRdn($sourceAnchor);\r\n  Write-Output $result\r\n}\r\n\r\nfunction ConvertTo-ADSyncCloudAnchor\r\n{\r\n  Param\r\n  (\r\n    [Parameter(Mandatory=$true)]\r\n    [string] $encodedB64Anchor\r\n  )\r\n  $encodedRawAnchor =  [System.Convert]::FromBase64String($encodedB64Anchor);\r\n  $rawAnchor = $encodedRawAnchor[4..($encodedRawAnchor.Length - 3)]\r\n  $cloudAnchor = [System.Text.Encoding]::Unicode.GetString($rawAnchor)\r\n  Write-Output $cloudAnchor\r\n}\r\n\r\nfunction Set-ADSyncMaxImportRefetchSize\r\n{\r\n  Param\r\n  (\r\n    [Parameter(Mandatory=$true)]\r\n    [int] $size\r\n  )\r\n\r\n  $paramRegKey = \"HKLM:\\SYSTEM\\CurrentControlSet\\Services\\ADSync\\Parameters\"\r\n  $regName = \"MaxImportRefetchSize\"\r\n\r\n  Set-ItemProperty -path $paramRegKey -name $regName -value $size\r\n\r\n  Write-Output $size\r\n}\r\n\r\nfunction Enable-ADSyncAADConnectorReferenceObsoletion\r\n{\r\n  $aadConnector = Get-ADSyncConnector -Identifier b891884f-051e-4a83-95af-2544101c9083\r\n\r\n  $perMaInstanceRegKey = \"HKLM:\\SYSTEM\\CurrentControlSet\\Services\\ADSync\\Parameters\\PerMAInstance\\\"\r\n  if (-not (Test-Path -Path $perMaInstanceRegKey))\r\n  {\r\n    New-Item -Path $perMaInstanceRegKey |  Out-Null\r\n  }\r\n  $aadConnectorRegKey = \"HKLM:\\SYSTEM\\CurrentControlSet\\Services\\ADSync\\Parameters\\PerMAInstance\\\" + $aadConnector.Name\r\n  if (-not (Test-Path -Path $aadConnectorRegKey))\r\n  {\r\n    New-Item -Path $aadConnectorRegKey |  Out-Null\r\n  }\r\n  Set-ItemProperty -Path $aadConnectorRegKey -Name \"EnableReferenceObsoletion\" -Value 1\r\n\r\n  Write-Output $true\r\n}\r\n\r\nfunction Disable-ADSyncAADConnectorReferenceObsoletion\r\n{\r\n  $aadConnector = Get-ADSyncConnector -Identifier b891884f-051e-4a83-95af-2544101c9083\r\n\r\n  $perMaInstanceRegKey = \"HKLM:\\SYSTEM\\CurrentControlSet\\Services\\ADSync\\Parameters\\PerMAInstance\\\"\r\n  if (-not (Test-Path -Path $perMaInstanceRegKey))\r\n  {\r\n    New-Item -Path $perMaInstanceRegKey |  Out-Null\r\n  }\r\n  $aadConnectorRegKey = \"HKLM:\\SYSTEM\\CurrentControlSet\\Services\\ADSync\\Parameters\\PerMAInstance\\\" + $aadConnector.Name\r\n  if (-not (Test-Path -Path $aadConnectorRegKey))\r\n  {\r\n    New-Item -Path $aadConnectorRegKey |  Out-Null\r\n  }\r\n  Set-ItemProperty -Path $aadConnectorRegKey -Name \"EnableReferenceObsoletion\" -Value 0\r\n\r\n  Write-Output $true\r\n}\r\n\r\n#\r\n# Sample usage:\r\n#   Full import: Get-ADSyncAadDirectoryChanges -creds $creds -version 2\r\n#\r\nfunction Get-ADSyncAadDirectoryChanges\r\n{\r\n  Param\r\n  (\r\n    [Parameter(Mandatory=$true)]\r\n    [PSCredential] $creds,\r\n\r\n    [Parameter(Mandatory=$false)]\r\n    [byte[]] $watermark,\r\n\r\n    [Parameter(Mandatory=$false)]\r\n    [int] $version = 1,\r\n\r\n    [Parameter(Mandatory=$false)]\r\n    [string[]] $objectClassFilter\r\n  )\r\n\r\n  $enumerator = `\r\n    [Microsoft.Azure.ActiveDirectory.Connector.Diagnostics.DiagnosticsFactory]::CreateChangeEnumerator( `\r\n        $creds.UserName, `\r\n        $creds.Password, \r\n        $objectClassFilter, `\r\n        $watermark, `\r\n        ($watermark -eq $null), `\r\n        $version)\r\n\r\n  try {\r\n      while ($true) {\r\n        $res = $enumerator.EnumerateNextBatch()\r\n        Write-Output $res\r\n        if (-not $res.AadBatch.MoreToRead) {\r\n            break;\r\n        }\r\n    }\r\n  }\r\n  finally {\r\n    $enumerator.Dispose()\r\n  }\r\n}\r\n\r\n#\r\n# Sample usage: \r\n# Collect AAD user object DNs to delete in file userDNs.txt and run:\r\n#   Remove-ADSyncAadObjects -creds $creds -entries $( type .\\userDNs.txt | ForEach-Object { [Microsoft.Azure.ActiveDirectory.Connector.Diagnostics.DeletionEntry]::FromDistinguishedName(\"user\", $_) } )\r\n#\r\nfunction Remove-ADSyncAadObjects\r\n{\r\n  Param\r\n  (\r\n    [Parameter(Mandatory=$true)]\r\n    [PSCredential] $creds,\r\n\r\n    [Parameter(Mandatory=$true)]\r\n    [Microsoft.Azure.ActiveDirectory.Connector.Diagnostics.DeletionEntry[]] $entries\r\n  )\r\n\r\n  $len = $entries.Count\r\n  $entriesProcessed = 0\r\n  $batchSize = 10\r\n\r\n  $exporter = `\r\n    [Microsoft.Azure.ActiveDirectory.Connector.Diagnostics.DiagnosticsFactory]::CreateDirectoryChangeExporter( `\r\n      $creds.UserName, `\r\n      $creds.Password)\r\n\r\n  try {\r\n    while ($entriesProcessed -lt $len) {\r\n      $nextBatch = $entries | Select-Object -First $batchSize\r\n      $entries = $entries | Select-Object -Skip $batchSize\r\n\r\n      $results = $exporter.ExportDeletions([Microsoft.Azure.ActiveDirectory.Connector.Diagnostics.DeletionEntry[]]$nextBatch)\r\n      Write-Output $results\r\n  \r\n      $entriesProcessed += $nextBatch.Count\r\n    }\r\n  } finally {\r\n    $exporter.Dispose()\r\n  }\r\n}\r\n\r\n# SIG # Begin signature block\r\n# MIInogYJKoZIhvcNAQcCoIInkzCCJ48CAQExDzANBglghkgBZQMEAgEFADB5Bgor\r\n# BgEEAYI3AgEEoGswaTA0BgorBgEEAYI3AgEeMCYCAwEAAAQQH8w7YFlLCE63JNLG\r\n# KX7zUQIBAAIBAAIBAAIBAAIBADAxMA0GCWCGSAFlAwQCAQUABCBnSNOH//dxFJEH\r\n# 2xhnTU7oLyyJAofe9EQ2s8CBSTa1HKCCDYIwggYAMIID6KADAgECAhMzAAADXJXz\r\n# SFtKBGrPAAAAAANcMA0GCSqGSIb3DQEBCwUAMH4xCzAJBgNVBAYTAlVTMRMwEQYD\r\n# VQQIEwpXYXNoaW5ndG9uMRAwDgYDVQQHEwdSZWRtb25kMR4wHAYDVQQKExVNaWNy\r\n# b3NvZnQgQ29ycG9yYXRpb24xKDAmBgNVBAMTH01pY3Jvc29mdCBDb2RlIFNpZ25p\r\n# bmcgUENBIDIwMTEwHhcNMjMwNDA2MTgyOTIyWhcNMjQwNDAyMTgyOTIyWjB0MQsw\r\n# CQYDVQQGEwJVUzETMBEGA1UECBMKV2FzaGluZ3RvbjEQMA4GA1UEBxMHUmVkbW9u\r\n# ZDEeMBwGA1UEChMVTWljcm9zb2Z0IENvcnBvcmF0aW9uMR4wHAYDVQQDExVNaWNy\r\n# b3NvZnQgQ29ycG9yYXRpb24wggEiMA0GCSqGSIb3DQEBAQUAA4IBDwAwggEKAoIB\r\n# AQDijA1UCC84R0x+9Vr/vQhPNbfvIOBFfymE+kuP+nho3ixnjyv6vdnUpgmm6RT/\r\n# pL9cXL27zmgVMw7ivmLjR5dIm6qlovdrc5QRrkewnuQHnvhVnLm+pLyIiWp6Tow3\r\n# ZrkoiVdip47m+pOBYlw/vrkb8Pju4XdA48U8okWmqTId2CbZTd8yZbwdHb8lPviE\r\n# NMKzQ2bAjytWVEp3y74xc8E4P6hdBRynKGF6vvS6sGB9tBrvu4n9mn7M99rp//7k\r\n# ku5t/q3bbMjg/6L6mDePok6Ipb22+9Fzpq5sy+CkJmvCNGPo9U8fA152JPrt14uJ\r\n# ffVvbY5i9jrGQTfV+UAQ8ncPAgMBAAGjggF/MIIBezArBgNVHSUEJDAiBgorBgEE\r\n# AYI3TBMBBgorBgEEAYI3TAgBBggrBgEFBQcDAzAdBgNVHQ4EFgQUXgIsrR+tkOQ8\r\n# 10ekOnvvfQDgTHAwRQYDVR0RBD4wPKQ6MDgxHjAcBgNVBAsTFU1pY3Jvc29mdCBD\r\n# b3Jwb3JhdGlvbjEWMBQGA1UEBRMNMjMzMTEwKzUwMDg2ODAfBgNVHSMEGDAWgBRI\r\n# bmTlUAXTgqoXNzcitW2oynUClTBUBgNVHR8ETTBLMEmgR6BFhkNodHRwOi8vd3d3\r\n# Lm1pY3Jvc29mdC5jb20vcGtpb3BzL2NybC9NaWNDb2RTaWdQQ0EyMDExXzIwMTEt\r\n# MDctMDguY3JsMGEGCCsGAQUFBwEBBFUwUzBRBggrBgEFBQcwAoZFaHR0cDovL3d3\r\n# dy5taWNyb3NvZnQuY29tL3BraW9wcy9jZXJ0cy9NaWNDb2RTaWdQQ0EyMDExXzIw\r\n# MTEtMDctMDguY3J0MAwGA1UdEwEB/wQCMAAwDQYJKoZIhvcNAQELBQADggIBABIm\r\n# T2UTYlls5t6i5kWaqI7sEfIKgNquF8Ex9yMEz+QMmc2FjaIF/HQQdpJZaEtDM1Xm\r\n# 07VD4JvNJEplZ91A4SIxjHzqgLegfkyc384P7Nn+SJL3XK2FK+VAFxdvZNXcrkt2\r\n# \r\n\r\nScriptBlock ID: 600eedaa-b278-4a3b-a8c0-df47c0e9ce7a\r\nPath: C:\\Program Files\\Microsoft Azure AD Sync\\Extensions\\AADConnector.psm1","Category":"Execute a Remote Command","Opcode":"On create calls","MessageNumber":"1","MessageTotal":"3","ScriptBlockText":"#-------------------------------------------------------------------------\r\n# Copyright (c) Microsoft Corporation.  All rights reserved.\r\n#-------------------------------------------------------------------------\r\n\r\n$ErrorActionPreference = \"Stop\"\r\n\r\n$paramsRegKey = 'HKLM:\\SYSTEM\\CurrentControlSet\\Services\\ADSync\\Parameters\\'\r\nif (Test-Path $paramsRegKey)\r\n{\r\n  $installationDirectory = (Get-ItemProperty $paramsRegKey -Name Path).Path\r\n  Import-Module \"$installationDirectory\\Bin\\ADSync\\ADSync.psd1\"\r\n  Add-Type -Path \"$installationDirectory\\Bin\\Assemblies\\Microsoft.MetadirectoryServicesEx.dll\"\r\n  Add-Type -Path \"$installationDirectory\\Bin\\Microsoft.MetadirectoryServices.PasswordHashSynchronization.Types.dll\"\r\n  Add-Type -Path \"$installationDirectory\\Extensions\\Microsoft.Azure.ActiveDirectory.Connector.dll\"\r\n}\r\nelse \r\n{\r\n  Write-Warning -Message \"AADConnect installation was not found. Using current directory. Some functionality may be unavailable.\"\r\n  Add-Type -Path \"$PSScriptRoot\\Microsoft.MetadirectoryServicesEx.dll\"\r\n  Add-Type -Path \"$PSScriptRoot\\Microsoft.MetadirectoryServices.PasswordHashSynchronization.Types.dll\"\r\n  Add-Type -Path \"$PSScriptRoot\\Microsoft.Azure.ActiveDirectory.Connector.dll\"\r\n}\r\n\r\nfunction Get-ADSyncAADConnectorImportApiVersion\r\n{\r\n  $paramRegKey = \"HKLM:\\SYSTEM\\CurrentControlSet\\Services\\ADSync\\Parameters\"\r\n  $paramRegName = \"AadConnectorImportApiVersion\"\r\n\r\n  $version = (Get-ItemProperty -Path $paramRegKey | Select $paramRegName).$paramRegName\r\n  if (-not $version)\r\n  {\r\n    $version = 2\r\n  }\r\n\r\n  Write-Output $version\r\n}\r\n\r\nfunction Get-ADSyncAADConnectorExportApiVersion\r\n{\r\n  $aad = Get-ADSyncConnector -Identifier b891884f-051e-4a83-95af-2544101c9083\r\n  $aadRegKey = \"HKLM:\\SYSTEM\\CurrentControlSet\\Services\\ADSync\\Parameters\\PerMAInstance\\\" + $aad.Name\r\n  $aadRegName = \"EnableNonExistentObjectReferenceExportFiltering\"\r\n  $paramRegKey = \"HKLM:\\SYSTEM\\CurrentControlSet\\Services\\ADSync\\Parameters\"\r\n  $paramRegName = \"AadConnectorExportApiVersion\"\r\n\r\n  $exportType = $aad.ExtensionConfiguration.ExportType\r\n  $enableNonExistentObjectReferenceExportFiltering = 1\r\n  if (Test-Path -Path $aadRegKey)\r\n  {\r\n    $enableNonExistentObjectReferenceExportFiltering = (Get-ItemProperty -Path $aadRegKey | Select $aadRegName).$aadRegName\r\n    if ([string]::IsNullOrEmpty($enableNonExistentObjectReferenceExportFiltering))\r\n    {\r\n      $enableNonExistentObjectReferenceExportFiltering = 1\r\n    }\r\n  }\r\n  $version = (Get-ItemProperty -Path $paramRegKey | Select $paramRegName).$paramRegName\r\n  if (-not $version)\r\n  {\r\n    $version = 2\r\n  }\r\n\r\n  if ($version -eq 1)\r\n  {\r\n    if ($exportType -ne 2 -or $enableNonExistentObjectReferenceExportFiltering -ne 0)\r\n    {\r\n      Write-Error \"Version mismatch in Registry and AAD Connector. Run Set-ADSyncAADConnectorExportApiVersion to fix the issue\"\r\n      return\r\n    }\r\n  }\r\n  elseif ($version -eq 2)\r\n  {\r\n    if ($exportType -ne 5 -or $enableNonExistentObjectReferenceExportFiltering -ne 1)\r\n    {\r\n      Write-Error \"Version mismatch in Registry and AAD Connector. Run Set-ADSyncAADConnectorExportApiVersion to fix the issue\"\r\n      return\r\n    }\r\n  }\r\n  else\r\n  {\r\n    Write-Error \"unknown version $version\"\r\n    return\r\n  }\r\n\r\n  Write-Output $version\r\n}\r\n\r\nfunction Set-ADSyncAADConnectorImportApiVersion \r\n{\r\n  Param\r\n  (\r\n    [Parameter(Mandatory=$true)]\r\n    [int] $version\r\n  )\r\n\r\n  $regKey = \"HKLM:\\SYSTEM\\CurrentControlSet\\Services\\ADSync\\Parameters\"\r\n  $regName = \"AadConnectorImportApiVersion\"\r\n\r\n  if (($version -ne 1) -and ($version -ne 2))\r\n  {\r\n    Write-Error \"unknown version $version\"\r\n  }\r\n\r\n  Set-ItemProperty -path $regKey -name $regName -value $version\r\n\r\n  Write-Output $version\r\n}\r\n\r\nfunction Set-ADSyncAADConnectorExportApiVersion\r\n{\r\n  Param\r\n  (\r\n    [Parameter(Mandatory=$true)]\r\n    [int] $version\r\n  )\r\n\r\n  $paramRegKey = \"HKLM:\\SYSTEM\\CurrentControlSet\\Services\\ADSync\\Parameters\"\r\n  $regName = \"AadConnectorExportApiVersion\"\r\n  $exportType = $null;\r\n  $enableNonExistentObjectReferenceExportFiltering = 1;\r\n\r\n  if ($version -eq 1)\r\n  {\r\n    $exportType = 2 \r\n    $enableNonExistentObjectReferenceExportFiltering = 0\r\n  }\r\n  elseif ($version -eq 2)\r\n  {   \r\n    $exportType = 5\r\n    $enableNonExistentObjectReferenceExportFiltering = 1\r\n  }\r\n  else\r\n  {\r\n    Write-Error \"unknown version $version\"\r\n  }\r\n\r\n  Set-ItemProperty -path $paramRegKey -name $regName -value $version\r\n  $aad = Get-ADSyncConnector -Identifier b891884f-051e-4a83-95af-2544101c9083\r\n\r\n  $perMaInstanceRegKey = \"HKLM:\\SYSTEM\\CurrentControlSet\\Services\\ADSync\\Parameters\\PerMAInstance\\\"\r\n  if (-not (Test-Path -Path $perMaInstanceRegKey))\r\n  {\r\n    New-Item -Path $perMaInstanceRegKey |  Out-Null\r\n  }\r\n  $aadRegKey = \"HKLM:\\SYSTEM\\CurrentControlSet\\Services\\ADSync\\Parameters\\PerMAInstance\\\" + $aad.Name\r\n  if (-not (Test-Path -Path $aadRegKey))\r\n  {\r\n    New-Item -Path $aadRegKey |  Out-Null\r\n  }\r\n  Set-ItemProperty -Path $aadRegKey -Name \"EnableNonExistentObjectReferenceExportFiltering\" -Value $enableNonExistentObjectReferenceExportFiltering\r\n\r\n  $aad.ExtensionConfiguration.ExportType = $exportType\r\n  $aad = Add-ADSyncConnector -Connector $aad\r\n\r\n  Write-Output $version\r\n}\r\n\r\nfunction ConvertTo-ADSyncSourceAnchor\r\n{\r\n  Param\r\n  (\r\n    [Parameter(Mandatory=$true)]\r\n    [string] $dn\r\n  )\r\n\r\n  $result = [Microsoft.Online.DirSync.Extension.Utilities.DNEncoding]::SafeRdnToString($dn);\r\n  Write-Output $result\r\n}\r\n\r\nfunction ConvertTo-ADSyncAadDistinguishedName\r\n{\r\n  Param\r\n  (\r\n    [Parameter(Mandatory=$true)]\r\n    [string] $sourceAnchor\r\n  )\r\n\r\n  $result = [Microsoft.Online.DirSync.Extension.Utilities.DNEncoding]::StringToSafeRdn($sourceAnchor);\r\n  Write-Output $result\r\n}\r\n\r\nfunction ConvertTo-ADSyncCloudAnchor\r\n{\r\n  Param\r\n  (\r\n    [Parameter(Mandatory=$true)]\r\n    [string] $encodedB64Anchor\r\n  )\r\n  $encodedRawAnchor =  [System.Convert]::FromBase64String($encodedB64Anchor);\r\n  $rawAnchor = $encodedRawAnchor[4..($encodedRawAnchor.Length - 3)]\r\n  $cloudAnchor = [System.Text.Encoding]::Unicode.GetString($rawAnchor)\r\n  Write-Output $cloudAnchor\r\n}\r\n\r\nfunction Set-ADSyncMaxImportRefetchSize\r\n{\r\n  Param\r\n  (\r\n    [Parameter(Mandatory=$true)]\r\n    [int] $size\r\n  )\r\n\r\n  $paramRegKey = \"HKLM:\\SYSTEM\\CurrentControlSet\\Services\\ADSync\\Parameters\"\r\n  $regName = \"MaxImportRefetchSize\"\r\n\r\n  Set-ItemProperty -path $paramRegKey -name $regName -value $size\r\n\r\n  Write-Output $size\r\n}\r\n\r\nfunction Enable-ADSyncAADConnectorReferenceObsoletion\r\n{\r\n  $aadConnector = Get-ADSyncConnector -Identifier b891884f-051e-4a83-95af-2544101c9083\r\n\r\n  $perMaInstanceRegKey = \"HKLM:\\SYSTEM\\CurrentControlSet\\Services\\ADSync\\Parameters\\PerMAInstance\\\"\r\n  if (-not (Test-Path -Path $perMaInstanceRegKey))\r\n  {\r\n    New-Item -Path $perMaInstanceRegKey |  Out-Null\r\n  }\r\n  $aadConnectorRegKey = \"HKLM:\\SYSTEM\\CurrentControlSet\\Services\\ADSync\\Parameters\\PerMAInstance\\\" + $aadConnector.Name\r\n  if (-not (Test-Path -Path $aadConnectorRegKey))\r\n  {\r\n    New-Item -Path $aadConnectorRegKey |  Out-Null\r\n  }\r\n  Set-ItemProperty -Path $aadConnectorRegKey -Name \"EnableReferenceObsoletion\" -Value 1\r\n\r\n  Write-Output $true\r\n}\r\n\r\nfunction Disable-ADSyncAADConnectorReferenceObsoletion\r\n{\r\n  $aadConnector = Get-ADSyncConnector -Identifier b891884f-051e-4a83-95af-2544101c9083\r\n\r\n  $perMaInstanceRegKey = \"HKLM:\\SYSTEM\\CurrentControlSet\\Services\\ADSync\\Parameters\\PerMAInstance\\\"\r\n  if (-not (Test-Path -Path $perMaInstanceRegKey))\r\n  {\r\n    New-Item -Path $perMaInstanceRegKey |  Out-Null\r\n  }\r\n  $aadConnectorRegKey = \"HKLM:\\SYSTEM\\CurrentControlSet\\Services\\ADSync\\Parameters\\PerMAInstance\\\" + $aadConnector.Name\r\n  if (-not (Test-Path -Path $aadConnectorRegKey))\r\n  {\r\n    New-Item -Path $aadConnectorRegKey |  Out-Null\r\n  }\r\n  Set-ItemProperty -Path $aadConnectorRegKey -Name \"EnableReferenceObsoletion\" -Value 0\r\n\r\n  Write-Output $true\r\n}\r\n\r\n#\r\n# Sample usage:\r\n#   Full import: Get-ADSyncAadDirectoryChanges -creds $creds -version 2\r\n#\r\nfunction Get-ADSyncAadDirectoryChanges\r\n{\r\n  Param\r\n  (\r\n    [Parameter(Mandatory=$true)]\r\n    [PSCredential] $creds,\r\n\r\n    [Parameter(Mandatory=$false)]\r\n    [byte[]] $watermark,\r\n\r\n    [Parameter(Mandatory=$false)]\r\n    [int] $version = 1,\r\n\r\n    [Parameter(Mandatory=$false)]\r\n    [string[]] $objectClassFilter\r\n  )\r\n\r\n  $enumerator = `\r\n    [Microsoft.Azure.ActiveDirectory.Connector.Diagnostics.DiagnosticsFactory]::CreateChangeEnumerator( `\r\n        $creds.UserName, `\r\n        $creds.Password, \r\n        $objectClassFilter, `\r\n        $watermark, `\r\n        ($watermark -eq $null), `\r\n        $version)\r\n\r\n  try {\r\n      while ($true) {\r\n        $res = $enumerator.EnumerateNextBatch()\r\n        Write-Output $res\r\n        if (-not $res.AadBatch.MoreToRead) {\r\n            break;\r\n        }\r\n    }\r\n  }\r\n  finally {\r\n    $enumerator.Dispose()\r\n  }\r\n}\r\n\r\n#\r\n# Sample usage: \r\n# Collect AAD user object DNs to delete in file userDNs.txt and run:\r\n#   Remove-ADSyncAadObjects -creds $creds -entries $( type .\\userDNs.txt | ForEach-Object { [Microsoft.Azure.ActiveDirectory.Connector.Diagnostics.DeletionEntry]::FromDistinguishedName(\"user\", $_) } )\r\n#\r\nfunction Remove-ADSyncAadObjects\r\n{\r\n  Param\r\n  (\r\n    [Parameter(Mandatory=$true)]\r\n    [PSCredential] $creds,\r\n\r\n    [Parameter(Mandatory=$true)]\r\n    [Microsoft.Azure.ActiveDirectory.Connector.Diagnostics.DeletionEntry[]] $entries\r\n  )\r\n\r\n  $len = $entries.Count\r\n  $entriesProcessed = 0\r\n  $batchSize = 10\r\n\r\n  $exporter = `\r\n    [Microsoft.Azure.ActiveDirectory.Connector.Diagnostics.DiagnosticsFactory]::CreateDirectoryChangeExporter( `\r\n      $creds.UserName, `\r\n      $creds.Password)\r\n\r\n  try {\r\n    while ($entriesProcessed -lt $len) {\r\n      $nextBatch = $entries | Select-Object -First $batchSize\r\n      $entries = $entries | Select-Object -Skip $batchSize\r\n\r\n      $results = $exporter.ExportDeletions([Microsoft.Azure.ActiveDirectory.Connector.Diagnostics.DeletionEntry[]]$nextBatch)\r\n      Write-Output $results\r\n  \r\n      $entriesProcessed += $nextBatch.Count\r\n    }\r\n  } finally {\r\n    $exporter.Dispose()\r\n  }\r\n}\r\n\r\n# SIG # Begin signature block\r\n# MIInogYJKoZIhvcNAQcCoIInkzCCJ48CAQExDzANBglghkgBZQMEAgEFADB5Bgor\r\n# BgEEAYI3AgEEoGswaTA0BgorBgEEAYI3AgEeMCYCAwEAAAQQH8w7YFlLCE63JNLG\r\n# KX7zUQIBAAIBAAIBAAIBAAIBADAxMA0GCWCGSAFlAwQCAQUABCBnSNOH//dxFJEH\r\n# 2xhnTU7oLyyJAofe9EQ2s8CBSTa1HKCCDYIwggYAMIID6KADAgECAhMzAAADXJXz\r\n# SFtKBGrPAAAAAANcMA0GCSqGSIb3DQEBCwUAMH4xCzAJBgNVBAYTAlVTMRMwEQYD\r\n# VQQIEwpXYXNoaW5ndG9uMRAwDgYDVQQHEwdSZWRtb25kMR4wHAYDVQQKExVNaWNy\r\n# b3NvZnQgQ29ycG9yYXRpb24xKDAmBgNVBAMTH01pY3Jvc29mdCBDb2RlIFNpZ25p\r\n# bmcgUENBIDIwMTEwHhcNMjMwNDA2MTgyOTIyWhcNMjQwNDAyMTgyOTIyWjB0MQsw\r\n# CQYDVQQGEwJVUzETMBEGA1UECBMKV2FzaGluZ3RvbjEQMA4GA1UEBxMHUmVkbW9u\r\n# ZDEeMBwGA1UEChMVTWljcm9zb2Z0IENvcnBvcmF0aW9uMR4wHAYDVQQDExVNaWNy\r\n# b3NvZnQgQ29ycG9yYXRpb24wggEiMA0GCSqGSIb3DQEBAQUAA4IBDwAwggEKAoIB\r\n# AQDijA1UCC84R0x+9Vr/vQhPNbfvIOBFfymE+kuP+nho3ixnjyv6vdnUpgmm6RT/\r\n# pL9cXL27zmgVMw7ivmLjR5dIm6qlovdrc5QRrkewnuQHnvhVnLm+pLyIiWp6Tow3\r\n# ZrkoiVdip47m+pOBYlw/vrkb8Pju4XdA48U8okWmqTId2CbZTd8yZbwdHb8lPviE\r\n# NMKzQ2bAjytWVEp3y74xc8E4P6hdBRynKGF6vvS6sGB9tBrvu4n9mn7M99rp//7k\r\n# ku5t/q3bbMjg/6L6mDePok6Ipb22+9Fzpq5sy+CkJmvCNGPo9U8fA152JPrt14uJ\r\n# ffVvbY5i9jrGQTfV+UAQ8ncPAgMBAAGjggF/MIIBezArBgNVHSUEJDAiBgorBgEE\r\n# AYI3TBMBBgorBgEEAYI3TAgBBggrBgEFBQcDAzAdBgNVHQ4EFgQUXgIsrR+tkOQ8\r\n# 10ekOnvvfQDgTHAwRQYDVR0RBD4wPKQ6MDgxHjAcBgNVBAsTFU1pY3Jvc29mdCBD\r\n# b3Jwb3JhdGlvbjEWMBQGA1UEBRMNMjMzMTEwKzUwMDg2ODAfBgNVHSMEGDAWgBRI\r\n# bmTlUAXTgqoXNzcitW2oynUClTBUBgNVHR8ETTBLMEmgR6BFhkNodHRwOi8vd3d3\r\n# Lm1pY3Jvc29mdC5jb20vcGtpb3BzL2NybC9NaWNDb2RTaWdQQ0EyMDExXzIwMTEt\r\n# MDctMDguY3JsMGEGCCsGAQUFBwEBBFUwUzBRBggrBgEFBQcwAoZFaHR0cDovL3d3\r\n# dy5taWNyb3NvZnQuY29tL3BraW9wcy9jZXJ0cy9NaWNDb2RTaWdQQ0EyMDExXzIw\r\n# MTEtMDctMDguY3J0MAwGA1UdEwEB/wQCMAAwDQYJKoZIhvcNAQELBQADggIBABIm\r\n# T2UTYlls5t6i5kWaqI7sEfIKgNquF8Ex9yMEz+QMmc2FjaIF/HQQdpJZaEtDM1Xm\r\n# 07VD4JvNJEplZ91A4SIxjHzqgLegfkyc384P7Nn+SJL3XK2FK+VAFxdvZNXcrkt2\r\n# ","ScriptBlockId":"600eedaa-b278-4a3b-a8c0-df47c0e9ce7a","Path":"C:\\Program Files\\Microsoft Azure AD Sync\\Extensions\\AADConnector.psm1","EventReceivedTime":1687528201,"SourceModuleName":"in_powershell","SourceModuleType":"im_msvistalog"}
<14>Jun 23 13:50:00 win-adfs.lunarstiiiness.com PowerShell[0]: {"EventTime":1687528200,"Hostname":"win-adfs.lunarstiiiness.com","Keywords":36028797018963968,"EventType":"INFO","SeverityValue":2,"Severity":"INFO","EventID":400,"SourceName":"PowerShell","Version":0,"Task":4,"OpcodeValue":0,"RecordNumber":6160171,"ProcessID":0,"ThreadID":0,"Channel":"Windows PowerShell","Message":"Engine state is changed from None to Available. \r\n\r\nDetails: \r\n\tNewEngineState=Available\r\n\tPreviousEngineState=None\r\n\r\n\tSequenceNumber=17\r\n\r\n\tHostName=Default Host\r\n\tHostVersion=5.1.20348.1366\r\n\tHostId=e19c8c7d-f1e9-4cf0-8ae7-909c8661495f\r\n\tHostApplication=C:\\Program Files\\Microsoft Azure AD Sync\\Bin\\miiserver.exe\r\n\tEngineVersion=5.1.20348.1366\r\n\tRunspaceId=9a78374a-12ed-4df3-bc68-c93afed1d1d2\r\n\tPipelineId=\r\n\tCommandName=\r\n\tCommandType=\r\n\tScriptName=\r\n\tCommandPath=\r\n\tCommandLine=","Category":"Engine Lifecycle","Opcode":"Info","EventReceivedTime":1687528200,"SourceModuleName":"in_powershell","SourceModuleType":"im_msvistalog"}
<14>Jun 23 13:50:02 win-adfs.lunarstiiiness.com PowerShell[0]: {"EventTime":1687528201,"Hostname":"win-adfs.lunarstiiiness.com","Keywords":36028797018963968,"EventType":"INFO","SeverityValue":2,"Severity":"INFO","EventID":400,"SourceName":"PowerShell","Version":0,"Task":4,"OpcodeValue":0,"RecordNumber":6160183,"ProcessID":0,"ThreadID":0,"Channel":"Windows PowerShell","Message":"Engine state is changed from None to Available. \r\n\r\nDetails: \r\n\tNewEngineState=Available\r\n\tPreviousEngineState=None\r\n\r\n\tSequenceNumber=41\r\n\r\n\tHostName=Default Host\r\n\tHostVersion=5.1.20348.1366\r\n\tHostId=80a1aa8d-a5ae-4b53-ac2f-ff73f4a17598\r\n\tHostApplication=C:\\Program Files\\Microsoft Azure AD Sync\\Bin\\miiserver.exe\r\n\tEngineVersion=5.1.20348.1366\r\n\tRunspaceId=04cd6fec-4ad5-4f37-ab41-09302d50418f\r\n\tPipelineId=\r\n\tCommandName=\r\n\tCommandType=\r\n\tScriptName=\r\n\tCommandPath=\r\n\tCommandLine=","Category":"Engine Lifecycle","Opcode":"Info","EventReceivedTime":1687528202,"SourceModuleName":"in_powershell","SourceModuleType":"im_msvistalog"}
<14>Jun 23 13:50:02 win-adfs.lunarstiiiness.com Microsoft-Windows-PowerShell[4764]: {"EventTime":1687528201,"Hostname":"win-adfs.lunarstiiiness.com","Keywords":0,"EventType":"INFO","SeverityValue":2,"Severity":"INFO","EventID":4103,"SourceName":"Microsoft-Windows-PowerShell","ProviderGuid":"{A0C1853B-5C40-4B15-8766-3CF1C58F985A}","Version":1,"Task":106,"OpcodeValue":20,"RecordNumber":1319804,"ActivityID":"{8F8F53C1-AEDC-0000-8EAF-23AE6E9ED901}","ProcessID":4764,"ThreadID":856,"Channel":"Microsoft-Windows-PowerShell/Operational","Domain":"LUNARSTIIINESS","AccountName":"ADSyncMSAfb0e5$","UserID":"S-1-5-21-3263964631-4121654051-1417071188-1115","AccountType":"User","Message":"CommandInvocation(Add-Type): \"Add-Type\"\r\nParameterBinding(Add-Type): name=\"Path\"; value=\"C:\\Program Files\\Microsoft Azure AD Sync\\\\Bin\\Microsoft.MetadirectoryServices.PasswordHashSynchronization.Types.dll\"\r\n\r\n\r\nContext:\r\n        Severity = Informational\r\n        Host Name = Default Host\r\n        Host Version = 5.1.20348.1366\r\n        Host ID = e19c8c7d-f1e9-4cf0-8ae7-909c8661495f\r\n        Host Application = C:\\Program Files\\Microsoft Azure AD Sync\\Bin\\miiserver.exe\r\n        Engine Version = 5.1.20348.1366\r\n        Runspace ID = 9a78374a-12ed-4df3-bc68-c93afed1d1d2\r\n        Pipeline ID = 2\r\n        Command Name = Add-Type\r\n        Command Type = Cmdlet\r\n        Script Name = C:\\Program Files\\Microsoft Azure AD Sync\\Extensions\\AADConnector.psm1\r\n        Command Path = \r\n        Sequence Number = 22\r\n        User = LUNARSTIIINESS\\ADSyncMSAfb0e5$\r\n        Connected User = \r\n        Shell ID = Microsoft.PowerShell\r\n\r\n\r\nUser Data:\r\n\r\n","Category":"Executing Pipeline","Opcode":"To be used when operation is just executing a method","ContextInfo":"        Severity = Informational\r\n        Host Name = Default Host\r\n        Host Version = 5.1.20348.1366\r\n        Host ID = e19c8c7d-f1e9-4cf0-8ae7-909c8661495f\r\n        Host Application = C:\\Program Files\\Microsoft Azure AD Sync\\Bin\\miiserver.exe\r\n        Engine Version = 5.1.20348.1366\r\n        Runspace ID = 9a78374a-12ed-4df3-bc68-c93afed1d1d2\r\n        Pipeline ID = 2\r\n        Command Name = Add-Type\r\n        Command Type = Cmdlet\r\n        Script Name = C:\\Program Files\\Microsoft Azure AD Sync\\Extensions\\AADConnector.psm1\r\n        Command Path = \r\n        Sequence Number = 22\r\n        User = LUNARSTIIINESS\\ADSyncMSAfb0e5$\r\n        Connected User = \r\n        Shell ID = Microsoft.PowerShell\r\n","Payload":"CommandInvocation(Add-Type): \"Add-Type\"\r\nParameterBinding(Add-Type): name=\"Path\"; value=\"C:\\Program Files\\Microsoft Azure AD Sync\\\\Bin\\Microsoft.MetadirectoryServices.PasswordHashSynchronization.Types.dll\"\r\n","EventReceivedTime":1687528202,"SourceModuleName":"in_powershell","SourceModuleType":"im_msvistalog"}
<14>Jun 23 13:50:03 win-adfs.lunarstiiiness.com Microsoft-Windows-PowerShell[4764]: {"EventTime":1687528201,"Hostname":"win-adfs.lunarstiiiness.com","Keywords":0,"EventType":"INFO","SeverityValue":2,"Severity":"INFO","EventID":4103,"SourceName":"Microsoft-Windows-PowerShell","ProviderGuid":"{A0C1853B-5C40-4B15-8766-3CF1C58F985A}","Version":1,"Task":106,"OpcodeValue":20,"RecordNumber":1319807,"ActivityID":"{8F8F53C1-AEDC-0000-A1AF-23AE6E9ED901}","ProcessID":4764,"ThreadID":7908,"Channel":"Microsoft-Windows-PowerShell/Operational","Domain":"LUNARSTIIINESS","AccountName":"ADSyncMSAfb0e5$","UserID":"S-1-5-21-3263964631-4121654051-1417071188-1115","AccountType":"User","Message":"CommandInvocation(Add-Type): \"Add-Type\"\r\nParameterBinding(Add-Type): name=\"Path\"; value=\"C:\\Program Files\\Microsoft Azure AD Sync\\\\Bin\\Microsoft.MetadirectoryServices.PasswordHashSynchronization.Types.dll\"\r\n\r\n\r\nContext:\r\n        Severity = Informational\r\n        Host Name = Default Host\r\n        Host Version = 5.1.20348.1366\r\n        Host ID = 80a1aa8d-a5ae-4b53-ac2f-ff73f4a17598\r\n        Host Application = C:\\Program Files\\Microsoft Azure AD Sync\\Bin\\miiserver.exe\r\n        Engine Version = 5.1.20348.1366\r\n        Runspace ID = 04cd6fec-4ad5-4f37-ab41-09302d50418f\r\n        Pipeline ID = 2\r\n        Command Name = Add-Type\r\n        Command Type = Cmdlet\r\n        Script Name = C:\\Program Files\\Microsoft Azure AD Sync\\Extensions\\AADConnector.psm1\r\n        Command Path = \r\n        Sequence Number = 46\r\n        User = LUNARSTIIINESS\\ADSyncMSAfb0e5$\r\n        Connected User = \r\n        Shell ID = Microsoft.PowerShell\r\n\r\n\r\nUser Data:\r\n\r\n","Category":"Executing Pipeline","Opcode":"To be used when operation is just executing a method","ContextInfo":"        Severity = Informational\r\n        Host Name = Default Host\r\n        Host Version = 5.1.20348.1366\r\n        Host ID = 80a1aa8d-a5ae-4b53-ac2f-ff73f4a17598\r\n        Host Application = C:\\Program Files\\Microsoft Azure AD Sync\\Bin\\miiserver.exe\r\n        Engine Version = 5.1.20348.1366\r\n        Runspace ID = 04cd6fec-4ad5-4f37-ab41-09302d50418f\r\n        Pipeline ID = 2\r\n        Command Name = Add-Type\r\n        Command Type = Cmdlet\r\n        Script Name = C:\\Program Files\\Microsoft Azure AD Sync\\Extensions\\AADConnector.psm1\r\n        Command Path = \r\n        Sequence Number = 46\r\n        User = LUNARSTIIINESS\\ADSyncMSAfb0e5$\r\n        Connected User = \r\n        Shell ID = Microsoft.PowerShell\r\n","Payload":"CommandInvocation(Add-Type): \"Add-Type\"\r\nParameterBinding(Add-Type): name=\"Path\"; value=\"C:\\Program Files\\Microsoft Azure AD Sync\\\\Bin\\Microsoft.MetadirectoryServices.PasswordHashSynchronization.Types.dll\"\r\n","EventReceivedTime":1687528203,"SourceModuleName":"in_powershell","SourceModuleType":"im_msvistalog"}
<14>Jun 23 13:50:03 win-adfs.lunarstiiiness.com Microsoft-Windows-PowerShell[4764]: {"EventTime":1687528201,"Hostname":"win-adfs.lunarstiiiness.com","Keywords":0,"EventType":"INFO","SeverityValue":2,"Severity":"INFO","EventID":4103,"SourceName":"Microsoft-Windows-PowerShell","ProviderGuid":"{A0C1853B-5C40-4B15-8766-3CF1C58F985A}","Version":1,"Task":106,"OpcodeValue":20,"RecordNumber":1319806,"ActivityID":"{8F8F53C1-AEDC-0000-A0AF-23AE6E9ED901}","ProcessID":4764,"ThreadID":7908,"Channel":"Microsoft-Windows-PowerShell/Operational","Domain":"LUNARSTIIINESS","AccountName":"ADSyncMSAfb0e5$","UserID":"S-1-5-21-3263964631-4121654051-1417071188-1115","AccountType":"User","Message":"CommandInvocation(Add-Type): \"Add-Type\"\r\nParameterBinding(Add-Type): name=\"Path\"; value=\"C:\\Program Files\\Microsoft Azure AD Sync\\\\Bin\\Assemblies\\Microsoft.MetadirectoryServicesEx.dll\"\r\n\r\n\r\nContext:\r\n        Severity = Informational\r\n        Host Name = Default Host\r\n        Host Version = 5.1.20348.1366\r\n        Host ID = 80a1aa8d-a5ae-4b53-ac2f-ff73f4a17598\r\n        Host Application = C:\\Program Files\\Microsoft Azure AD Sync\\Bin\\miiserver.exe\r\n        Engine Version = 5.1.20348.1366\r\n        Runspace ID = 04cd6fec-4ad5-4f37-ab41-09302d50418f\r\n        Pipeline ID = 2\r\n        Command Name = Add-Type\r\n        Command Type = Cmdlet\r\n        Script Name = C:\\Program Files\\Microsoft Azure AD Sync\\Extensions\\AADConnector.psm1\r\n        Command Path = \r\n        Sequence Number = 44\r\n        User = LUNARSTIIINESS\\ADSyncMSAfb0e5$\r\n        Connected User = \r\n        Shell ID = Microsoft.PowerShell\r\n\r\n\r\nUser Data:\r\n\r\n","Category":"Executing Pipeline","Opcode":"To be used when operation is just executing a method","ContextInfo":"        Severity = Informational\r\n        Host Name = Default Host\r\n        Host Version = 5.1.20348.1366\r\n        Host ID = 80a1aa8d-a5ae-4b53-ac2f-ff73f4a17598\r\n        Host Application = C:\\Program Files\\Microsoft Azure AD Sync\\Bin\\miiserver.exe\r\n        Engine Version = 5.1.20348.1366\r\n        Runspace ID = 04cd6fec-4ad5-4f37-ab41-09302d50418f\r\n        Pipeline ID = 2\r\n        Command Name = Add-Type\r\n        Command Type = Cmdlet\r\n        Script Name = C:\\Program Files\\Microsoft Azure AD Sync\\Extensions\\AADConnector.psm1\r\n        Command Path = \r\n        Sequence Number = 44\r\n        User = LUNARSTIIINESS\\ADSyncMSAfb0e5$\r\n        Connected User = \r\n        Shell ID = Microsoft.PowerShell\r\n","Payload":"CommandInvocation(Add-Type): \"Add-Type\"\r\nParameterBinding(Add-Type): name=\"Path\"; value=\"C:\\Program Files\\Microsoft Azure AD Sync\\\\Bin\\Assemblies\\Microsoft.MetadirectoryServicesEx.dll\"\r\n","EventReceivedTime":1687528203,"SourceModuleName":"in_powershell","SourceModuleType":"im_msvistalog"}
<14>Jun 23 13:50:03 win-adfs.lunarstiiiness.com Microsoft-Windows-PowerShell[4764]: {"EventTime":1687528201,"Hostname":"win-adfs.lunarstiiiness.com","Keywords":0,"EventType":"INFO","SeverityValue":2,"Severity":"INFO","EventID":4103,"SourceName":"Microsoft-Windows-PowerShell","ProviderGuid":"{A0C1853B-5C40-4B15-8766-3CF1C58F985A}","Version":1,"Task":106,"OpcodeValue":20,"RecordNumber":1319808,"ActivityID":"{8F8F53C1-AEDC-0000-A2AF-23AE6E9ED901}","ProcessID":4764,"ThreadID":7908,"Channel":"Microsoft-Windows-PowerShell/Operational","Domain":"LUNARSTIIINESS","AccountName":"ADSyncMSAfb0e5$","UserID":"S-1-5-21-3263964631-4121654051-1417071188-1115","AccountType":"User","Message":"CommandInvocation(Add-Type): \"Add-Type\"\r\nParameterBinding(Add-Type): name=\"Path\"; value=\"C:\\Program Files\\Microsoft Azure AD Sync\\\\Extensions\\Microsoft.Azure.ActiveDirectory.Connector.dll\"\r\n\r\n\r\nContext:\r\n        Severity = Informational\r\n        Host Name = Default Host\r\n        Host Version = 5.1.20348.1366\r\n        Host ID = 80a1aa8d-a5ae-4b53-ac2f-ff73f4a17598\r\n        Host Application = C:\\Program Files\\Microsoft Azure AD Sync\\Bin\\miiserver.exe\r\n        Engine Version = 5.1.20348.1366\r\n        Runspace ID = 04cd6fec-4ad5-4f37-ab41-09302d50418f\r\n        Pipeline ID = 2\r\n        Command Name = Add-Type\r\n        Command Type = Cmdlet\r\n        Script Name = C:\\Program Files\\Microsoft Azure AD Sync\\Extensions\\AADConnector.psm1\r\n        Command Path = \r\n        Sequence Number = 48\r\n        User = LUNARSTIIINESS\\ADSyncMSAfb0e5$\r\n        Connected User = \r\n        Shell ID = Microsoft.PowerShell\r\n\r\n\r\nUser Data:\r\n\r\n","Category":"Executing Pipeline","Opcode":"To be used when operation is just executing a method","ContextInfo":"        Severity = Informational\r\n        Host Name = Default Host\r\n        Host Version = 5.1.20348.1366\r\n        Host ID = 80a1aa8d-a5ae-4b53-ac2f-ff73f4a17598\r\n        Host Application = C:\\Program Files\\Microsoft Azure AD Sync\\Bin\\miiserver.exe\r\n        Engine Version = 5.1.20348.1366\r\n        Runspace ID = 04cd6fec-4ad5-4f37-ab41-09302d50418f\r\n        Pipeline ID = 2\r\n        Command Name = Add-Type\r\n        Command Type = Cmdlet\r\n        Script Name = C:\\Program Files\\Microsoft Azure AD Sync\\Extensions\\AADConnector.psm1\r\n        Command Path = \r\n        Sequence Number = 48\r\n        User = LUNARSTIIINESS\\ADSyncMSAfb0e5$\r\n        Connected User = \r\n        Shell ID = Microsoft.PowerShell\r\n","Payload":"CommandInvocation(Add-Type): \"Add-Type\"\r\nParameterBinding(Add-Type): name=\"Path\"; value=\"C:\\Program Files\\Microsoft Azure AD Sync\\\\Extensions\\Microsoft.Azure.ActiveDirectory.Connector.dll\"\r\n","EventReceivedTime":1687528203,"SourceModuleName":"in_powershell","SourceModuleType":"im_msvistalog"}
<14>Jun 23 13:50:02 win-adfs.lunarstiiiness.com Microsoft-Windows-PowerShell[4764]: {"EventTime":1687528201,"Hostname":"win-adfs.lunarstiiiness.com","Keywords":0,"EventType":"INFO","SeverityValue":2,"Severity":"INFO","EventID":4103,"SourceName":"Microsoft-Windows-PowerShell","ProviderGuid":"{A0C1853B-5C40-4B15-8766-3CF1C58F985A}","Version":1,"Task":106,"OpcodeValue":20,"RecordNumber":1319803,"ActivityID":"{8F8F53C1-AEDC-0000-8DAF-23AE6E9ED901}","ProcessID":4764,"ThreadID":856,"Channel":"Microsoft-Windows-PowerShell/Operational","Domain":"LUNARSTIIINESS","AccountName":"ADSyncMSAfb0e5$","UserID":"S-1-5-21-3263964631-4121654051-1417071188-1115","AccountType":"User","Message":"CommandInvocation(Add-Type): \"Add-Type\"\r\nParameterBinding(Add-Type): name=\"Path\"; value=\"C:\\Program Files\\Microsoft Azure AD Sync\\\\Bin\\Assemblies\\Microsoft.MetadirectoryServicesEx.dll\"\r\n\r\n\r\nContext:\r\n        Severity = Informational\r\n        Host Name = Default Host\r\n        Host Version = 5.1.20348.1366\r\n        Host ID = e19c8c7d-f1e9-4cf0-8ae7-909c8661495f\r\n        Host Application = C:\\Program Files\\Microsoft Azure AD Sync\\Bin\\miiserver.exe\r\n        Engine Version = 5.1.20348.1366\r\n        Runspace ID = 9a78374a-12ed-4df3-bc68-c93afed1d1d2\r\n        Pipeline ID = 2\r\n        Command Name = Add-Type\r\n        Command Type = Cmdlet\r\n        Script Name = C:\\Program Files\\Microsoft Azure AD Sync\\Extensions\\AADConnector.psm1\r\n        Command Path = \r\n        Sequence Number = 20\r\n        User = LUNARSTIIINESS\\ADSyncMSAfb0e5$\r\n        Connected User = \r\n        Shell ID = Microsoft.PowerShell\r\n\r\n\r\nUser Data:\r\n\r\n","Category":"Executing Pipeline","Opcode":"To be used when operation is just executing a method","ContextInfo":"        Severity = Informational\r\n        Host Name = Default Host\r\n        Host Version = 5.1.20348.1366\r\n        Host ID = e19c8c7d-f1e9-4cf0-8ae7-909c8661495f\r\n        Host Application = C:\\Program Files\\Microsoft Azure AD Sync\\Bin\\miiserver.exe\r\n        Engine Version = 5.1.20348.1366\r\n        Runspace ID = 9a78374a-12ed-4df3-bc68-c93afed1d1d2\r\n        Pipeline ID = 2\r\n        Command Name = Add-Type\r\n        Command Type = Cmdlet\r\n        Script Name = C:\\Program Files\\Microsoft Azure AD Sync\\Extensions\\AADConnector.psm1\r\n        Command Path = \r\n        Sequence Number = 20\r\n        User = LUNARSTIIINESS\\ADSyncMSAfb0e5$\r\n        Connected User = \r\n        Shell ID = Microsoft.PowerShell\r\n","Payload":"CommandInvocation(Add-Type): \"Add-Type\"\r\nParameterBinding(Add-Type): name=\"Path\"; value=\"C:\\Program Files\\Microsoft Azure AD Sync\\\\Bin\\Assemblies\\Microsoft.MetadirectoryServicesEx.dll\"\r\n","EventReceivedTime":1687528202,"SourceModuleName":"in_powershell","SourceModuleType":"im_msvistalog"}
<14>Jun 23 13:50:02 win-adfs.lunarstiiiness.com Microsoft-Windows-PowerShell[4764]: {"EventTime":1687528201,"Hostname":"win-adfs.lunarstiiiness.com","Keywords":0,"EventType":"INFO","SeverityValue":2,"Severity":"INFO","EventID":4103,"SourceName":"Microsoft-Windows-PowerShell","ProviderGuid":"{A0C1853B-5C40-4B15-8766-3CF1C58F985A}","Version":1,"Task":106,"OpcodeValue":20,"RecordNumber":1319805,"ActivityID":"{8F8F53C1-AEDC-0000-8FAF-23AE6E9ED901}","ProcessID":4764,"ThreadID":856,"Channel":"Microsoft-Windows-PowerShell/Operational","Domain":"LUNARSTIIINESS","AccountName":"ADSyncMSAfb0e5$","UserID":"S-1-5-21-3263964631-4121654051-1417071188-1115","AccountType":"User","Message":"CommandInvocation(Add-Type): \"Add-Type\"\r\nParameterBinding(Add-Type): name=\"Path\"; value=\"C:\\Program Files\\Microsoft Azure AD Sync\\\\Extensions\\Microsoft.Azure.ActiveDirectory.Connector.dll\"\r\n\r\n\r\nContext:\r\n        Severity = Informational\r\n        Host Name = Default Host\r\n        Host Version = 5.1.20348.1366\r\n        Host ID = e19c8c7d-f1e9-4cf0-8ae7-909c8661495f\r\n        Host Application = C:\\Program Files\\Microsoft Azure AD Sync\\Bin\\miiserver.exe\r\n        Engine Version = 5.1.20348.1366\r\n        Runspace ID = 9a78374a-12ed-4df3-bc68-c93afed1d1d2\r\n        Pipeline ID = 2\r\n        Command Name = Add-Type\r\n        Command Type = Cmdlet\r\n        Script Name = C:\\Program Files\\Microsoft Azure AD Sync\\Extensions\\AADConnector.psm1\r\n        Command Path = \r\n        Sequence Number = 24\r\n        User = LUNARSTIIINESS\\ADSyncMSAfb0e5$\r\n        Connected User = \r\n        Shell ID = Microsoft.PowerShell\r\n\r\n\r\nUser Data:\r\n\r\n","Category":"Executing Pipeline","Opcode":"To be used when operation is just executing a method","ContextInfo":"        Severity = Informational\r\n        Host Name = Default Host\r\n        Host Version = 5.1.20348.1366\r\n        Host ID = e19c8c7d-f1e9-4cf0-8ae7-909c8661495f\r\n        Host Application = C:\\Program Files\\Microsoft Azure AD Sync\\Bin\\miiserver.exe\r\n        Engine Version = 5.1.20348.1366\r\n        Runspace ID = 9a78374a-12ed-4df3-bc68-c93afed1d1d2\r\n        Pipeline ID = 2\r\n        Command Name = Add-Type\r\n        Command Type = Cmdlet\r\n        Script Name = C:\\Program Files\\Microsoft Azure AD Sync\\Extensions\\AADConnector.psm1\r\n        Command Path = \r\n        Sequence Number = 24\r\n        User = LUNARSTIIINESS\\ADSyncMSAfb0e5$\r\n        Connected User = \r\n        Shell ID = Microsoft.PowerShell\r\n","Payload":"CommandInvocation(Add-Type): \"Add-Type\"\r\nParameterBinding(Add-Type): name=\"Path\"; value=\"C:\\Program Files\\Microsoft Azure AD Sync\\\\Extensions\\Microsoft.Azure.ActiveDirectory.Connector.dll\"\r\n","EventReceivedTime":1687528202,"SourceModuleName":"in_powershell","SourceModuleType":"im_msvistalog"}
<14>Jun 23 13:50:04 win-adfs.lunarstiiiness.com Microsoft-Windows-PowerShell[4764]: {"EventTime":1687528202,"Hostname":"win-adfs.lunarstiiiness.com","Keywords":0,"EventType":"INFO","SeverityValue":2,"Severity":"INFO","EventID":4103,"SourceName":"Microsoft-Windows-PowerShell","ProviderGuid":"{A0C1853B-5C40-4B15-8766-3CF1C58F985A}","Version":1,"Task":106,"OpcodeValue":20,"RecordNumber":1319815,"ActivityID":"{8F8F53C1-AEDC-0000-1FB1-23AE6E9ED901}","ProcessID":4764,"ThreadID":10560,"Channel":"Microsoft-Windows-PowerShell/Operational","Domain":"LUNARSTIIINESS","AccountName":"ADSyncMSAfb0e5$","UserID":"S-1-5-21-3263964631-4121654051-1417071188-1115","AccountType":"User","Message":"CommandInvocation(Add-Type): \"Add-Type\"\r\nParameterBinding(Add-Type): name=\"Path\"; value=\"C:\\Program Files\\Microsoft Azure AD Sync\\\\Bin\\Assemblies\\Microsoft.MetadirectoryServicesEx.dll\"\r\n\r\n\r\nContext:\r\n        Severity = Informational\r\n        Host Name = Default Host\r\n        Host Version = 5.1.20348.1366\r\n        Host ID = dc2287d1-b39f-4f4b-aefa-650e3b838db3\r\n        Host Application = C:\\Program Files\\Microsoft Azure AD Sync\\Bin\\miiserver.exe\r\n        Engine Version = 5.1.20348.1366\r\n        Runspace ID = 6da253b5-9ab3-460d-8454-21be39476576\r\n        Pipeline ID = 2\r\n        Command Name = Add-Type\r\n        Command Type = Cmdlet\r\n        Script Name = C:\\Program Files\\Microsoft Azure AD Sync\\Extensions\\AADConnector.psm1\r\n        Command Path = \r\n        Sequence Number = 362440\r\n        User = LUNARSTIIINESS\\ADSyncMSAfb0e5$\r\n        Connected User = \r\n        Shell ID = Microsoft.PowerShell\r\n\r\n\r\nUser Data:\r\n\r\n","Category":"Executing Pipeline","Opcode":"To be used when operation is just executing a method","ContextInfo":"        Severity = Informational\r\n        Host Name = Default Host\r\n        Host Version = 5.1.20348.1366\r\n        Host ID = dc2287d1-b39f-4f4b-aefa-650e3b838db3\r\n        Host Application = C:\\Program Files\\Microsoft Azure AD Sync\\Bin\\miiserver.exe\r\n        Engine Version = 5.1.20348.1366\r\n        Runspace ID = 6da253b5-9ab3-460d-8454-21be39476576\r\n        Pipeline ID = 2\r\n        Command Name = Add-Type\r\n        Command Type = Cmdlet\r\n        Script Name = C:\\Program Files\\Microsoft Azure AD Sync\\Extensions\\AADConnector.psm1\r\n        Command Path = \r\n        Sequence Number = 362440\r\n        User = LUNARSTIIINESS\\ADSyncMSAfb0e5$\r\n        Connected User = \r\n        Shell ID = Microsoft.PowerShell\r\n","Payload":"CommandInvocation(Add-Type): \"Add-Type\"\r\nParameterBinding(Add-Type): name=\"Path\"; value=\"C:\\Program Files\\Microsoft Azure AD Sync\\\\Bin\\Assemblies\\Microsoft.MetadirectoryServicesEx.dll\"\r\n","EventReceivedTime":1687528204,"SourceModuleName":"in_powershell","SourceModuleType":"im_msvistalog"}
