<14>Jun 23 14:04:01 win-adfs.lunarstiiiness.com PowerShell[0]: {"EventTime":1687529040,"Hostname":"win-adfs.lunarstiiiness.com","Keywords":36028797018963968,"EventType":"INFO","SeverityValue":2,"Severity":"INFO","EventID":600,"SourceName":"PowerShell","Version":0,"Task":6,"OpcodeValue":0,"RecordNumber":6160763,"ProcessID":0,"ThreadID":0,"Channel":"Windows PowerShell","Message":"Provider \"Registry\" is Started. \r\n\r\nDetails: \r\n\tProviderName=Registry\r\n\tNewProviderState=Started\r\n\r\n\tSequenceNumber=715\r\n\r\n\tHostName=Default Host\r\n\tHostVersion=5.1.20348.1366\r\n\tHostId=7c888c92-87cc-45fe-b6c3-769c13ac59b5\r\n\tHostApplication=c:\\diskutil.exe\r\n\tEngineVersion=\r\n\tRunspaceId=\r\n\tPipelineId=\r\n\tCommandName=\r\n\tCommandType=\r\n\tScriptName=\r\n\tCommandPath=\r\n\tCommandLine=","Category":"Provider Lifecycle","Opcode":"Info","EventReceivedTime":1687529041,"SourceModuleName":"in_powershell","SourceModuleType":"im_msvistalog"}
<14>Jun 23 14:04:01 win-adfs.lunarstiiiness.com PowerShell[0]: {"EventTime":1687529040,"Hostname":"win-adfs.lunarstiiiness.com","Keywords":36028797018963968,"EventType":"INFO","SeverityValue":2,"Severity":"INFO","EventID":600,"SourceName":"PowerShell","Version":0,"Task":6,"OpcodeValue":0,"RecordNumber":6160766,"ProcessID":0,"ThreadID":0,"Channel":"Windows PowerShell","Message":"Provider \"FileSystem\" is Started. \r\n\r\nDetails: \r\n\tProviderName=FileSystem\r\n\tNewProviderState=Started\r\n\r\n\tSequenceNumber=721\r\n\r\n\tHostName=Default Host\r\n\tHostVersion=5.1.20348.1366\r\n\tHostId=7c888c92-87cc-45fe-b6c3-769c13ac59b5\r\n\tHostApplication=c:\\diskutil.exe\r\n\tEngineVersion=\r\n\tRunspaceId=\r\n\tPipelineId=\r\n\tCommandName=\r\n\tCommandType=\r\n\tScriptName=\r\n\tCommandPath=\r\n\tCommandLine=","Category":"Provider Lifecycle","Opcode":"Info","EventReceivedTime":1687529041,"SourceModuleName":"in_powershell","SourceModuleType":"im_msvistalog"}
<14>Jun 23 14:04:01 win-adfs.lunarstiiiness.com PowerShell[0]: {"EventTime":1687529040,"Hostname":"win-adfs.lunarstiiiness.com","Keywords":36028797018963968,"EventType":"INFO","SeverityValue":2,"Severity":"INFO","EventID":600,"SourceName":"PowerShell","Version":0,"Task":6,"OpcodeValue":0,"RecordNumber":6160769,"ProcessID":0,"ThreadID":0,"Channel":"Windows PowerShell","Message":"Provider \"Certificate\" is Started. \r\n\r\nDetails: \r\n\tProviderName=Certificate\r\n\tNewProviderState=Started\r\n\r\n\tSequenceNumber=727\r\n\r\n\tHostName=Default Host\r\n\tHostVersion=5.1.20348.1366\r\n\tHostId=7c888c92-87cc-45fe-b6c3-769c13ac59b5\r\n\tHostApplication=c:\\diskutil.exe\r\n\tEngineVersion=\r\n\tRunspaceId=\r\n\tPipelineId=\r\n\tCommandName=\r\n\tCommandType=\r\n\tScriptName=\r\n\tCommandPath=\r\n\tCommandLine=","Category":"Provider Lifecycle","Opcode":"Info","EventReceivedTime":1687529041,"SourceModuleName":"in_powershell","SourceModuleType":"im_msvistalog"}
<14>Jun 23 14:04:01 win-adfs.lunarstiiiness.com PowerShell[0]: {"EventTime":1687529040,"Hostname":"win-adfs.lunarstiiiness.com","Keywords":36028797018963968,"EventType":"INFO","SeverityValue":2,"Severity":"INFO","EventID":600,"SourceName":"PowerShell","Version":0,"Task":6,"OpcodeValue":0,"RecordNumber":6160768,"ProcessID":0,"ThreadID":0,"Channel":"Windows PowerShell","Message":"Provider \"Variable\" is Started. \r\n\r\nDetails: \r\n\tProviderName=Variable\r\n\tNewProviderState=Started\r\n\r\n\tSequenceNumber=725\r\n\r\n\tHostName=Default Host\r\n\tHostVersion=5.1.20348.1366\r\n\tHostId=7c888c92-87cc-45fe-b6c3-769c13ac59b5\r\n\tHostApplication=c:\\diskutil.exe\r\n\tEngineVersion=\r\n\tRunspaceId=\r\n\tPipelineId=\r\n\tCommandName=\r\n\tCommandType=\r\n\tScriptName=\r\n\tCommandPath=\r\n\tCommandLine=","Category":"Provider Lifecycle","Opcode":"Info","EventReceivedTime":1687529041,"SourceModuleName":"in_powershell","SourceModuleType":"im_msvistalog"}
<14>Jun 23 14:04:01 win-adfs.lunarstiiiness.com PowerShell[0]: {"EventTime":1687529040,"Hostname":"win-adfs.lunarstiiiness.com","Keywords":36028797018963968,"EventType":"INFO","SeverityValue":2,"Severity":"INFO","EventID":600,"SourceName":"PowerShell","Version":0,"Task":6,"OpcodeValue":0,"RecordNumber":6160767,"ProcessID":0,"ThreadID":0,"Channel":"Windows PowerShell","Message":"Provider \"Function\" is Started. \r\n\r\nDetails: \r\n\tProviderName=Function\r\n\tNewProviderState=Started\r\n\r\n\tSequenceNumber=723\r\n\r\n\tHostName=Default Host\r\n\tHostVersion=5.1.20348.1366\r\n\tHostId=7c888c92-87cc-45fe-b6c3-769c13ac59b5\r\n\tHostApplication=c:\\diskutil.exe\r\n\tEngineVersion=\r\n\tRunspaceId=\r\n\tPipelineId=\r\n\tCommandName=\r\n\tCommandType=\r\n\tScriptName=\r\n\tCommandPath=\r\n\tCommandLine=","Category":"Provider Lifecycle","Opcode":"Info","EventReceivedTime":1687529041,"SourceModuleName":"in_powershell","SourceModuleType":"im_msvistalog"}
<14>Jun 23 14:04:01 win-adfs.lunarstiiiness.com PowerShell[0]: {"EventTime":1687529040,"Hostname":"win-adfs.lunarstiiiness.com","Keywords":36028797018963968,"EventType":"INFO","SeverityValue":2,"Severity":"INFO","EventID":600,"SourceName":"PowerShell","Version":0,"Task":6,"OpcodeValue":0,"RecordNumber":6160764,"ProcessID":0,"ThreadID":0,"Channel":"Windows PowerShell","Message":"Provider \"Alias\" is Started. \r\n\r\nDetails: \r\n\tProviderName=Alias\r\n\tNewProviderState=Started\r\n\r\n\tSequenceNumber=717\r\n\r\n\tHostName=Default Host\r\n\tHostVersion=5.1.20348.1366\r\n\tHostId=7c888c92-87cc-45fe-b6c3-769c13ac59b5\r\n\tHostApplication=c:\\diskutil.exe\r\n\tEngineVersion=\r\n\tRunspaceId=\r\n\tPipelineId=\r\n\tCommandName=\r\n\tCommandType=\r\n\tScriptName=\r\n\tCommandPath=\r\n\tCommandLine=","Category":"Provider Lifecycle","Opcode":"Info","EventReceivedTime":1687529041,"SourceModuleName":"in_powershell","SourceModuleType":"im_msvistalog"}
<14>Jun 23 14:04:01 win-adfs.lunarstiiiness.com PowerShell[0]: {"EventTime":1687529040,"Hostname":"win-adfs.lunarstiiiness.com","Keywords":36028797018963968,"EventType":"INFO","SeverityValue":2,"Severity":"INFO","EventID":600,"SourceName":"PowerShell","Version":0,"Task":6,"OpcodeValue":0,"RecordNumber":6160765,"ProcessID":0,"ThreadID":0,"Channel":"Windows PowerShell","Message":"Provider \"Environment\" is Started. \r\n\r\nDetails: \r\n\tProviderName=Environment\r\n\tNewProviderState=Started\r\n\r\n\tSequenceNumber=719\r\n\r\n\tHostName=Default Host\r\n\tHostVersion=5.1.20348.1366\r\n\tHostId=7c888c92-87cc-45fe-b6c3-769c13ac59b5\r\n\tHostApplication=c:\\diskutil.exe\r\n\tEngineVersion=\r\n\tRunspaceId=\r\n\tPipelineId=\r\n\tCommandName=\r\n\tCommandType=\r\n\tScriptName=\r\n\tCommandPath=\r\n\tCommandLine=","Category":"Provider Lifecycle","Opcode":"Info","EventReceivedTime":1687529041,"SourceModuleName":"in_powershell","SourceModuleType":"im_msvistalog"}
<14>Jun 23 14:04:01 win-adfs.lunarstiiiness.com PowerShell[0]: {"EventTime":1687529040,"Hostname":"win-adfs.lunarstiiiness.com","Keywords":36028797018963968,"EventType":"INFO","SeverityValue":2,"Severity":"INFO","EventID":403,"SourceName":"PowerShell","Version":0,"Task":4,"OpcodeValue":0,"RecordNumber":6160772,"ProcessID":0,"ThreadID":0,"Channel":"Windows PowerShell","Message":"Engine state is changed from Available to Stopped. \r\n\r\nDetails: \r\n\tNewEngineState=Stopped\r\n\tPreviousEngineState=Available\r\n\r\n\tSequenceNumber=733\r\n\r\n\tHostName=Default Host\r\n\tHostVersion=5.1.20348.1366\r\n\tHostId=7c888c92-87cc-45fe-b6c3-769c13ac59b5\r\n\tHostApplication=c:\\diskutil.exe\r\n\tEngineVersion=5.1.20348.1366\r\n\tRunspaceId=b09118c5-9eea-4b8d-a887-030bceabcb52\r\n\tPipelineId=\r\n\tCommandName=\r\n\tCommandType=\r\n\tScriptName=\r\n\tCommandPath=\r\n\tCommandLine=","Category":"Engine Lifecycle","Opcode":"Info","EventReceivedTime":1687529041,"SourceModuleName":"in_powershell","SourceModuleType":"im_msvistalog"}
<14>Jun 23 14:04:01 win-adfs.lunarstiiiness.com PowerShell[0]: {"EventTime":1687529040,"Hostname":"win-adfs.lunarstiiiness.com","Keywords":36028797018963968,"EventType":"INFO","SeverityValue":2,"Severity":"INFO","EventID":400,"SourceName":"PowerShell","Version":0,"Task":4,"OpcodeValue":0,"RecordNumber":6160771,"ProcessID":0,"ThreadID":0,"Channel":"Windows PowerShell","Message":"Engine state is changed from None to Available. \r\n\r\nDetails: \r\n\tNewEngineState=Available\r\n\tPreviousEngineState=None\r\n\r\n\tSequenceNumber=731\r\n\r\n\tHostName=Default Host\r\n\tHostVersion=5.1.20348.1366\r\n\tHostId=7c888c92-87cc-45fe-b6c3-769c13ac59b5\r\n\tHostApplication=c:\\diskutil.exe\r\n\tEngineVersion=5.1.20348.1366\r\n\tRunspaceId=b09118c5-9eea-4b8d-a887-030bceabcb52\r\n\tPipelineId=\r\n\tCommandName=\r\n\tCommandType=\r\n\tScriptName=\r\n\tCommandPath=\r\n\tCommandLine=","Category":"Engine Lifecycle","Opcode":"Info","EventReceivedTime":1687529041,"SourceModuleName":"in_powershell","SourceModuleType":"im_msvistalog"}
<14>Jun 23 14:06:53 win-adfs.lunarstiiiness.com PowerShell[0]: {"EventTime":1687529213,"Hostname":"win-adfs.lunarstiiiness.com","Keywords":36028797018963968,"EventType":"INFO","SeverityValue":2,"Severity":"INFO","EventID":600,"SourceName":"PowerShell","Version":0,"Task":6,"OpcodeValue":0,"RecordNumber":6160774,"ProcessID":0,"ThreadID":0,"Channel":"Windows PowerShell","Message":"Provider \"Alias\" is Started. \r\n\r\nDetails: \r\n\tProviderName=Alias\r\n\tNewProviderState=Started\r\n\r\n\tSequenceNumber=737\r\n\r\n\tHostName=Default Host\r\n\tHostVersion=5.1.20348.1366\r\n\tHostId=145a16f4-8181-4758-9aed-830d5fd36129\r\n\tHostApplication=c:\\diskutil.exe\r\n\tEngineVersion=\r\n\tRunspaceId=\r\n\tPipelineId=\r\n\tCommandName=\r\n\tCommandType=\r\n\tScriptName=\r\n\tCommandPath=\r\n\tCommandLine=","Category":"Provider Lifecycle","Opcode":"Info","EventReceivedTime":1687529213,"SourceModuleName":"in_powershell","SourceModuleType":"im_msvistalog"}
<14>Jun 23 14:06:53 win-adfs.lunarstiiiness.com PowerShell[0]: {"EventTime":1687529213,"Hostname":"win-adfs.lunarstiiiness.com","Keywords":36028797018963968,"EventType":"INFO","SeverityValue":2,"Severity":"INFO","EventID":600,"SourceName":"PowerShell","Version":0,"Task":6,"OpcodeValue":0,"RecordNumber":6160773,"ProcessID":0,"ThreadID":0,"Channel":"Windows PowerShell","Message":"Provider \"Registry\" is Started. \r\n\r\nDetails: \r\n\tProviderName=Registry\r\n\tNewProviderState=Started\r\n\r\n\tSequenceNumber=735\r\n\r\n\tHostName=Default Host\r\n\tHostVersion=5.1.20348.1366\r\n\tHostId=145a16f4-8181-4758-9aed-830d5fd36129\r\n\tHostApplication=c:\\diskutil.exe\r\n\tEngineVersion=\r\n\tRunspaceId=\r\n\tPipelineId=\r\n\tCommandName=\r\n\tCommandType=\r\n\tScriptName=\r\n\tCommandPath=\r\n\tCommandLine=","Category":"Provider Lifecycle","Opcode":"Info","EventReceivedTime":1687529213,"SourceModuleName":"in_powershell","SourceModuleType":"im_msvistalog"}
<14>Jun 23 14:06:53 win-adfs.lunarstiiiness.com PowerShell[0]: {"EventTime":1687529213,"Hostname":"win-adfs.lunarstiiiness.com","Keywords":36028797018963968,"EventType":"INFO","SeverityValue":2,"Severity":"INFO","EventID":600,"SourceName":"PowerShell","Version":0,"Task":6,"OpcodeValue":0,"RecordNumber":6160776,"ProcessID":0,"ThreadID":0,"Channel":"Windows PowerShell","Message":"Provider \"FileSystem\" is Started. \r\n\r\nDetails: \r\n\tProviderName=FileSystem\r\n\tNewProviderState=Started\r\n\r\n\tSequenceNumber=741\r\n\r\n\tHostName=Default Host\r\n\tHostVersion=5.1.20348.1366\r\n\tHostId=145a16f4-8181-4758-9aed-830d5fd36129\r\n\tHostApplication=c:\\diskutil.exe\r\n\tEngineVersion=\r\n\tRunspaceId=\r\n\tPipelineId=\r\n\tCommandName=\r\n\tCommandType=\r\n\tScriptName=\r\n\tCommandPath=\r\n\tCommandLine=","Category":"Provider Lifecycle","Opcode":"Info","EventReceivedTime":1687529213,"SourceModuleName":"in_powershell","SourceModuleType":"im_msvistalog"}
<14>Jun 23 14:06:53 win-adfs.lunarstiiiness.com PowerShell[0]: {"EventTime":1687529213,"Hostname":"win-adfs.lunarstiiiness.com","Keywords":36028797018963968,"EventType":"INFO","SeverityValue":2,"Severity":"INFO","EventID":600,"SourceName":"PowerShell","Version":0,"Task":6,"OpcodeValue":0,"RecordNumber":6160779,"ProcessID":0,"ThreadID":0,"Channel":"Windows PowerShell","Message":"Provider \"Certificate\" is Started. \r\n\r\nDetails: \r\n\tProviderName=Certificate\r\n\tNewProviderState=Started\r\n\r\n\tSequenceNumber=747\r\n\r\n\tHostName=Default Host\r\n\tHostVersion=5.1.20348.1366\r\n\tHostId=145a16f4-8181-4758-9aed-830d5fd36129\r\n\tHostApplication=c:\\diskutil.exe\r\n\tEngineVersion=\r\n\tRunspaceId=\r\n\tPipelineId=\r\n\tCommandName=\r\n\tCommandType=\r\n\tScriptName=\r\n\tCommandPath=\r\n\tCommandLine=","Category":"Provider Lifecycle","Opcode":"Info","EventReceivedTime":1687529213,"SourceModuleName":"in_powershell","SourceModuleType":"im_msvistalog"}
<14>Jun 23 14:06:53 win-adfs.lunarstiiiness.com PowerShell[0]: {"EventTime":1687529213,"Hostname":"win-adfs.lunarstiiiness.com","Keywords":36028797018963968,"EventType":"INFO","SeverityValue":2,"Severity":"INFO","EventID":600,"SourceName":"PowerShell","Version":0,"Task":6,"OpcodeValue":0,"RecordNumber":6160778,"ProcessID":0,"ThreadID":0,"Channel":"Windows PowerShell","Message":"Provider \"Variable\" is Started. \r\n\r\nDetails: \r\n\tProviderName=Variable\r\n\tNewProviderState=Started\r\n\r\n\tSequenceNumber=745\r\n\r\n\tHostName=Default Host\r\n\tHostVersion=5.1.20348.1366\r\n\tHostId=145a16f4-8181-4758-9aed-830d5fd36129\r\n\tHostApplication=c:\\diskutil.exe\r\n\tEngineVersion=\r\n\tRunspaceId=\r\n\tPipelineId=\r\n\tCommandName=\r\n\tCommandType=\r\n\tScriptName=\r\n\tCommandPath=\r\n\tCommandLine=","Category":"Provider Lifecycle","Opcode":"Info","EventReceivedTime":1687529213,"SourceModuleName":"in_powershell","SourceModuleType":"im_msvistalog"}
<14>Jun 23 14:06:53 win-adfs.lunarstiiiness.com PowerShell[0]: {"EventTime":1687529213,"Hostname":"win-adfs.lunarstiiiness.com","Keywords":36028797018963968,"EventType":"INFO","SeverityValue":2,"Severity":"INFO","EventID":600,"SourceName":"PowerShell","Version":0,"Task":6,"OpcodeValue":0,"RecordNumber":6160777,"ProcessID":0,"ThreadID":0,"Channel":"Windows PowerShell","Message":"Provider \"Function\" is Started. \r\n\r\nDetails: \r\n\tProviderName=Function\r\n\tNewProviderState=Started\r\n\r\n\tSequenceNumber=743\r\n\r\n\tHostName=Default Host\r\n\tHostVersion=5.1.20348.1366\r\n\tHostId=145a16f4-8181-4758-9aed-830d5fd36129\r\n\tHostApplication=c:\\diskutil.exe\r\n\tEngineVersion=\r\n\tRunspaceId=\r\n\tPipelineId=\r\n\tCommandName=\r\n\tCommandType=\r\n\tScriptName=\r\n\tCommandPath=\r\n\tCommandLine=","Category":"Provider Lifecycle","Opcode":"Info","EventReceivedTime":1687529213,"SourceModuleName":"in_powershell","SourceModuleType":"im_msvistalog"}
<14>Jun 23 14:06:53 win-adfs.lunarstiiiness.com PowerShell[0]: {"EventTime":1687529213,"Hostname":"win-adfs.lunarstiiiness.com","Keywords":36028797018963968,"EventType":"INFO","SeverityValue":2,"Severity":"INFO","EventID":600,"SourceName":"PowerShell","Version":0,"Task":6,"OpcodeValue":0,"RecordNumber":6160780,"ProcessID":0,"ThreadID":0,"Channel":"Windows PowerShell","Message":"Provider \"WSMan\" is Started. \r\n\r\nDetails: \r\n\tProviderName=WSMan\r\n\tNewProviderState=Started\r\n\r\n\tSequenceNumber=749\r\n\r\n\tHostName=Default Host\r\n\tHostVersion=5.1.20348.1366\r\n\tHostId=145a16f4-8181-4758-9aed-830d5fd36129\r\n\tHostApplication=c:\\diskutil.exe\r\n\tEngineVersion=\r\n\tRunspaceId=\r\n\tPipelineId=\r\n\tCommandName=\r\n\tCommandType=\r\n\tScriptName=\r\n\tCommandPath=\r\n\tCommandLine=","Category":"Provider Lifecycle","Opcode":"Info","EventReceivedTime":1687529213,"SourceModuleName":"in_powershell","SourceModuleType":"im_msvistalog"}
<14>Jun 23 14:06:53 win-adfs.lunarstiiiness.com PowerShell[0]: {"EventTime":1687529213,"Hostname":"win-adfs.lunarstiiiness.com","Keywords":36028797018963968,"EventType":"INFO","SeverityValue":2,"Severity":"INFO","EventID":600,"SourceName":"PowerShell","Version":0,"Task":6,"OpcodeValue":0,"RecordNumber":6160775,"ProcessID":0,"ThreadID":0,"Channel":"Windows PowerShell","Message":"Provider \"Environment\" is Started. \r\n\r\nDetails: \r\n\tProviderName=Environment\r\n\tNewProviderState=Started\r\n\r\n\tSequenceNumber=739\r\n\r\n\tHostName=Default Host\r\n\tHostVersion=5.1.20348.1366\r\n\tHostId=145a16f4-8181-4758-9aed-830d5fd36129\r\n\tHostApplication=c:\\diskutil.exe\r\n\tEngineVersion=\r\n\tRunspaceId=\r\n\tPipelineId=\r\n\tCommandName=\r\n\tCommandType=\r\n\tScriptName=\r\n\tCommandPath=\r\n\tCommandLine=","Category":"Provider Lifecycle","Opcode":"Info","EventReceivedTime":1687529213,"SourceModuleName":"in_powershell","SourceModuleType":"im_msvistalog"}
<14>Jun 23 14:06:53 win-adfs.lunarstiiiness.com PowerShell[0]: {"EventTime":1687529213,"Hostname":"win-adfs.lunarstiiiness.com","Keywords":36028797018963968,"EventType":"INFO","SeverityValue":2,"Severity":"INFO","EventID":400,"SourceName":"PowerShell","Version":0,"Task":4,"OpcodeValue":0,"RecordNumber":6160781,"ProcessID":0,"ThreadID":0,"Channel":"Windows PowerShell","Message":"Engine state is changed from None to Available. \r\n\r\nDetails: \r\n\tNewEngineState=Available\r\n\tPreviousEngineState=None\r\n\r\n\tSequenceNumber=751\r\n\r\n\tHostName=Default Host\r\n\tHostVersion=5.1.20348.1366\r\n\tHostId=145a16f4-8181-4758-9aed-830d5fd36129\r\n\tHostApplication=c:\\diskutil.exe\r\n\tEngineVersion=5.1.20348.1366\r\n\tRunspaceId=b0093283-4375-42d7-81a8-a1ad8f1db4cc\r\n\tPipelineId=\r\n\tCommandName=\r\n\tCommandType=\r\n\tScriptName=\r\n\tCommandPath=\r\n\tCommandLine=","Category":"Engine Lifecycle","Opcode":"Info","EventReceivedTime":1687529213,"SourceModuleName":"in_powershell","SourceModuleType":"im_msvistalog"}
<14>Jun 23 14:07:45 win-adfs.lunarstiiiness.com PowerShell[0]: {"EventTime":1687529264,"Hostname":"win-adfs.lunarstiiiness.com","Keywords":36028797018963968,"EventType":"INFO","SeverityValue":2,"Severity":"INFO","EventID":400,"SourceName":"PowerShell","Version":0,"Task":4,"OpcodeValue":0,"RecordNumber":6160790,"ProcessID":0,"ThreadID":0,"Channel":"Windows PowerShell","Message":"Engine state is changed from None to Available. \r\n\r\nDetails: \r\n\tNewEngineState=Available\r\n\tPreviousEngineState=None\r\n\r\n\tSequenceNumber=769\r\n\r\n\tHostName=Default Host\r\n\tHostVersion=5.1.20348.1366\r\n\tHostId=ea8ed3cf-6d08-4aae-84e5-550e6a8a4387\r\n\tHostApplication=c:\\diskutil.exe\r\n\tEngineVersion=5.1.20348.1366\r\n\tRunspaceId=1925e33f-5bc1-4b09-8c4f-ab4b7ac95464\r\n\tPipelineId=\r\n\tCommandName=\r\n\tCommandType=\r\n\tScriptName=\r\n\tCommandPath=\r\n\tCommandLine=","Category":"Engine Lifecycle","Opcode":"Info","EventReceivedTime":1687529265,"SourceModuleName":"in_powershell","SourceModuleType":"im_msvistalog"}
<14>Jun 23 14:07:45 win-adfs.lunarstiiiness.com PowerShell[0]: {"EventTime":1687529264,"Hostname":"win-adfs.lunarstiiiness.com","Keywords":36028797018963968,"EventType":"INFO","SeverityValue":2,"Severity":"INFO","EventID":600,"SourceName":"PowerShell","Version":0,"Task":6,"OpcodeValue":0,"RecordNumber":6160783,"ProcessID":0,"ThreadID":0,"Channel":"Windows PowerShell","Message":"Provider \"Alias\" is Started. \r\n\r\nDetails: \r\n\tProviderName=Alias\r\n\tNewProviderState=Started\r\n\r\n\tSequenceNumber=755\r\n\r\n\tHostName=Default Host\r\n\tHostVersion=5.1.20348.1366\r\n\tHostId=ea8ed3cf-6d08-4aae-84e5-550e6a8a4387\r\n\tHostApplication=c:\\diskutil.exe\r\n\tEngineVersion=\r\n\tRunspaceId=\r\n\tPipelineId=\r\n\tCommandName=\r\n\tCommandType=\r\n\tScriptName=\r\n\tCommandPath=\r\n\tCommandLine=","Category":"Provider Lifecycle","Opcode":"Info","EventReceivedTime":1687529265,"SourceModuleName":"in_powershell","SourceModuleType":"im_msvistalog"}
<14>Jun 23 14:07:45 win-adfs.lunarstiiiness.com PowerShell[0]: {"EventTime":1687529264,"Hostname":"win-adfs.lunarstiiiness.com","Keywords":36028797018963968,"EventType":"INFO","SeverityValue":2,"Severity":"INFO","EventID":600,"SourceName":"PowerShell","Version":0,"Task":6,"OpcodeValue":0,"RecordNumber":6160782,"ProcessID":0,"ThreadID":0,"Channel":"Windows PowerShell","Message":"Provider \"Registry\" is Started. \r\n\r\nDetails: \r\n\tProviderName=Registry\r\n\tNewProviderState=Started\r\n\r\n\tSequenceNumber=753\r\n\r\n\tHostName=Default Host\r\n\tHostVersion=5.1.20348.1366\r\n\tHostId=ea8ed3cf-6d08-4aae-84e5-550e6a8a4387\r\n\tHostApplication=c:\\diskutil.exe\r\n\tEngineVersion=\r\n\tRunspaceId=\r\n\tPipelineId=\r\n\tCommandName=\r\n\tCommandType=\r\n\tScriptName=\r\n\tCommandPath=\r\n\tCommandLine=","Category":"Provider Lifecycle","Opcode":"Info","EventReceivedTime":1687529265,"SourceModuleName":"in_powershell","SourceModuleType":"im_msvistalog"}
<14>Jun 23 14:07:45 win-adfs.lunarstiiiness.com PowerShell[0]: {"EventTime":1687529264,"Hostname":"win-adfs.lunarstiiiness.com","Keywords":36028797018963968,"EventType":"INFO","SeverityValue":2,"Severity":"INFO","EventID":600,"SourceName":"PowerShell","Version":0,"Task":6,"OpcodeValue":0,"RecordNumber":6160787,"ProcessID":0,"ThreadID":0,"Channel":"Windows PowerShell","Message":"Provider \"Variable\" is Started. \r\n\r\nDetails: \r\n\tProviderName=Variable\r\n\tNewProviderState=Started\r\n\r\n\tSequenceNumber=763\r\n\r\n\tHostName=Default Host\r\n\tHostVersion=5.1.20348.1366\r\n\tHostId=ea8ed3cf-6d08-4aae-84e5-550e6a8a4387\r\n\tHostApplication=c:\\diskutil.exe\r\n\tEngineVersion=\r\n\tRunspaceId=\r\n\tPipelineId=\r\n\tCommandName=\r\n\tCommandType=\r\n\tScriptName=\r\n\tCommandPath=\r\n\tCommandLine=","Category":"Provider Lifecycle","Opcode":"Info","EventReceivedTime":1687529265,"SourceModuleName":"in_powershell","SourceModuleType":"im_msvistalog"}
<14>Jun 23 14:07:45 win-adfs.lunarstiiiness.com PowerShell[0]: {"EventTime":1687529264,"Hostname":"win-adfs.lunarstiiiness.com","Keywords":36028797018963968,"EventType":"INFO","SeverityValue":2,"Severity":"INFO","EventID":600,"SourceName":"PowerShell","Version":0,"Task":6,"OpcodeValue":0,"RecordNumber":6160788,"ProcessID":0,"ThreadID":0,"Channel":"Windows PowerShell","Message":"Provider \"Certificate\" is Started. \r\n\r\nDetails: \r\n\tProviderName=Certificate\r\n\tNewProviderState=Started\r\n\r\n\tSequenceNumber=765\r\n\r\n\tHostName=Default Host\r\n\tHostVersion=5.1.20348.1366\r\n\tHostId=ea8ed3cf-6d08-4aae-84e5-550e6a8a4387\r\n\tHostApplication=c:\\diskutil.exe\r\n\tEngineVersion=\r\n\tRunspaceId=\r\n\tPipelineId=\r\n\tCommandName=\r\n\tCommandType=\r\n\tScriptName=\r\n\tCommandPath=\r\n\tCommandLine=","Category":"Provider Lifecycle","Opcode":"Info","EventReceivedTime":1687529265,"SourceModuleName":"in_powershell","SourceModuleType":"im_msvistalog"}
<14>Jun 23 14:07:45 win-adfs.lunarstiiiness.com PowerShell[0]: {"EventTime":1687529264,"Hostname":"win-adfs.lunarstiiiness.com","Keywords":36028797018963968,"EventType":"INFO","SeverityValue":2,"Severity":"INFO","EventID":600,"SourceName":"PowerShell","Version":0,"Task":6,"OpcodeValue":0,"RecordNumber":6160789,"ProcessID":0,"ThreadID":0,"Channel":"Windows PowerShell","Message":"Provider \"WSMan\" is Started. \r\n\r\nDetails: \r\n\tProviderName=WSMan\r\n\tNewProviderState=Started\r\n\r\n\tSequenceNumber=767\r\n\r\n\tHostName=Default Host\r\n\tHostVersion=5.1.20348.1366\r\n\tHostId=ea8ed3cf-6d08-4aae-84e5-550e6a8a4387\r\n\tHostApplication=c:\\diskutil.exe\r\n\tEngineVersion=\r\n\tRunspaceId=\r\n\tPipelineId=\r\n\tCommandName=\r\n\tCommandType=\r\n\tScriptName=\r\n\tCommandPath=\r\n\tCommandLine=","Category":"Provider Lifecycle","Opcode":"Info","EventReceivedTime":1687529265,"SourceModuleName":"in_powershell","SourceModuleType":"im_msvistalog"}
<14>Jun 23 14:07:45 win-adfs.lunarstiiiness.com PowerShell[0]: {"EventTime":1687529264,"Hostname":"win-adfs.lunarstiiiness.com","Keywords":36028797018963968,"EventType":"INFO","SeverityValue":2,"Severity":"INFO","EventID":600,"SourceName":"PowerShell","Version":0,"Task":6,"OpcodeValue":0,"RecordNumber":6160786,"ProcessID":0,"ThreadID":0,"Channel":"Windows PowerShell","Message":"Provider \"Function\" is Started. \r\n\r\nDetails: \r\n\tProviderName=Function\r\n\tNewProviderState=Started\r\n\r\n\tSequenceNumber=761\r\n\r\n\tHostName=Default Host\r\n\tHostVersion=5.1.20348.1366\r\n\tHostId=ea8ed3cf-6d08-4aae-84e5-550e6a8a4387\r\n\tHostApplication=c:\\diskutil.exe\r\n\tEngineVersion=\r\n\tRunspaceId=\r\n\tPipelineId=\r\n\tCommandName=\r\n\tCommandType=\r\n\tScriptName=\r\n\tCommandPath=\r\n\tCommandLine=","Category":"Provider Lifecycle","Opcode":"Info","EventReceivedTime":1687529265,"SourceModuleName":"in_powershell","SourceModuleType":"im_msvistalog"}
<14>Jun 23 14:07:45 win-adfs.lunarstiiiness.com PowerShell[0]: {"EventTime":1687529264,"Hostname":"win-adfs.lunarstiiiness.com","Keywords":36028797018963968,"EventType":"INFO","SeverityValue":2,"Severity":"INFO","EventID":600,"SourceName":"PowerShell","Version":0,"Task":6,"OpcodeValue":0,"RecordNumber":6160785,"ProcessID":0,"ThreadID":0,"Channel":"Windows PowerShell","Message":"Provider \"FileSystem\" is Started. \r\n\r\nDetails: \r\n\tProviderName=FileSystem\r\n\tNewProviderState=Started\r\n\r\n\tSequenceNumber=759\r\n\r\n\tHostName=Default Host\r\n\tHostVersion=5.1.20348.1366\r\n\tHostId=ea8ed3cf-6d08-4aae-84e5-550e6a8a4387\r\n\tHostApplication=c:\\diskutil.exe\r\n\tEngineVersion=\r\n\tRunspaceId=\r\n\tPipelineId=\r\n\tCommandName=\r\n\tCommandType=\r\n\tScriptName=\r\n\tCommandPath=\r\n\tCommandLine=","Category":"Provider Lifecycle","Opcode":"Info","EventReceivedTime":1687529265,"SourceModuleName":"in_powershell","SourceModuleType":"im_msvistalog"}
<14>Jun 23 14:07:45 win-adfs.lunarstiiiness.com PowerShell[0]: {"EventTime":1687529264,"Hostname":"win-adfs.lunarstiiiness.com","Keywords":36028797018963968,"EventType":"INFO","SeverityValue":2,"Severity":"INFO","EventID":600,"SourceName":"PowerShell","Version":0,"Task":6,"OpcodeValue":0,"RecordNumber":6160784,"ProcessID":0,"ThreadID":0,"Channel":"Windows PowerShell","Message":"Provider \"Environment\" is Started. \r\n\r\nDetails: \r\n\tProviderName=Environment\r\n\tNewProviderState=Started\r\n\r\n\tSequenceNumber=757\r\n\r\n\tHostName=Default Host\r\n\tHostVersion=5.1.20348.1366\r\n\tHostId=ea8ed3cf-6d08-4aae-84e5-550e6a8a4387\r\n\tHostApplication=c:\\diskutil.exe\r\n\tEngineVersion=\r\n\tRunspaceId=\r\n\tPipelineId=\r\n\tCommandName=\r\n\tCommandType=\r\n\tScriptName=\r\n\tCommandPath=\r\n\tCommandLine=","Category":"Provider Lifecycle","Opcode":"Info","EventReceivedTime":1687529265,"SourceModuleName":"in_powershell","SourceModuleType":"im_msvistalog"}
<14>Jun 23 14:07:46 win-adfs.lunarstiiiness.com PowerShell[0]: {"EventTime":1687529266,"Hostname":"win-adfs.lunarstiiiness.com","Keywords":36028797018963968,"EventType":"INFO","SeverityValue":2,"Severity":"INFO","EventID":403,"SourceName":"PowerShell","Version":0,"Task":4,"OpcodeValue":0,"RecordNumber":6160791,"ProcessID":0,"ThreadID":0,"Channel":"Windows PowerShell","Message":"Engine state is changed from Available to Stopped. \r\n\r\nDetails: \r\n\tNewEngineState=Stopped\r\n\tPreviousEngineState=Available\r\n\r\n\tSequenceNumber=771\r\n\r\n\tHostName=Default Host\r\n\tHostVersion=5.1.20348.1366\r\n\tHostId=ea8ed3cf-6d08-4aae-84e5-550e6a8a4387\r\n\tHostApplication=c:\\diskutil.exe\r\n\tEngineVersion=5.1.20348.1366\r\n\tRunspaceId=1925e33f-5bc1-4b09-8c4f-ab4b7ac95464\r\n\tPipelineId=\r\n\tCommandName=\r\n\tCommandType=\r\n\tScriptName=\r\n\tCommandPath=\r\n\tCommandLine=","Category":"Engine Lifecycle","Opcode":"Info","EventReceivedTime":1687529266,"SourceModuleName":"in_powershell","SourceModuleType":"im_msvistalog"}
<14>Jun 23 14:08:02 win-adfs.lunarstiiiness.com PowerShell[0]: {"EventTime":1687529281,"Hostname":"win-adfs.lunarstiiiness.com","Keywords":36028797018963968,"EventType":"INFO","SeverityValue":2,"Severity":"INFO","EventID":403,"SourceName":"PowerShell","Version":0,"Task":4,"OpcodeValue":0,"RecordNumber":6160792,"ProcessID":0,"ThreadID":0,"Channel":"Windows PowerShell","Message":"Engine state is changed from Available to Stopped. \r\n\r\nDetails: \r\n\tNewEngineState=Stopped\r\n\tPreviousEngineState=Available\r\n\r\n\tSequenceNumber=773\r\n\r\n\tHostName=Default Host\r\n\tHostVersion=5.1.20348.1366\r\n\tHostId=145a16f4-8181-4758-9aed-830d5fd36129\r\n\tHostApplication=c:\\diskutil.exe\r\n\tEngineVersion=5.1.20348.1366\r\n\tRunspaceId=b0093283-4375-42d7-81a8-a1ad8f1db4cc\r\n\tPipelineId=\r\n\tCommandName=\r\n\tCommandType=\r\n\tScriptName=\r\n\tCommandPath=\r\n\tCommandLine=","Category":"Engine Lifecycle","Opcode":"Info","EventReceivedTime":1687529282,"SourceModuleName":"in_powershell","SourceModuleType":"im_msvistalog"}
<14>Jun 23 14:08:03 win-adfs.lunarstiiiness.com PowerShell[0]: {"EventTime":1687529282,"Hostname":"win-adfs.lunarstiiiness.com","Keywords":36028797018963968,"EventType":"INFO","SeverityValue":2,"Severity":"INFO","EventID":403,"SourceName":"PowerShell","Version":0,"Task":4,"OpcodeValue":0,"RecordNumber":6160802,"ProcessID":0,"ThreadID":0,"Channel":"Windows PowerShell","Message":"Engine state is changed from Available to Stopped. \r\n\r\nDetails: \r\n\tNewEngineState=Stopped\r\n\tPreviousEngineState=Available\r\n\r\n\tSequenceNumber=793\r\n\r\n\tHostName=Default Host\r\n\tHostVersion=5.1.20348.1366\r\n\tHostId=2b44aa48-9c42-47bc-9f98-beb72347fa63\r\n\tHostApplication=c:\\diskutil.exe\r\n\tEngineVersion=5.1.20348.1366\r\n\tRunspaceId=e2430bcf-16ae-4c55-b6be-39b4131ea8ed\r\n\tPipelineId=\r\n\tCommandName=\r\n\tCommandType=\r\n\tScriptName=\r\n\tCommandPath=\r\n\tCommandLine=","Category":"Engine Lifecycle","Opcode":"Info","EventReceivedTime":1687529283,"SourceModuleName":"in_powershell","SourceModuleType":"im_msvistalog"}
<14>Jun 23 14:08:03 win-adfs.lunarstiiiness.com PowerShell[0]: {"EventTime":1687529282,"Hostname":"win-adfs.lunarstiiiness.com","Keywords":36028797018963968,"EventType":"INFO","SeverityValue":2,"Severity":"INFO","EventID":600,"SourceName":"PowerShell","Version":0,"Task":6,"OpcodeValue":0,"RecordNumber":6160795,"ProcessID":0,"ThreadID":0,"Channel":"Windows PowerShell","Message":"Provider \"Environment\" is Started. \r\n\r\nDetails: \r\n\tProviderName=Environment\r\n\tNewProviderState=Started\r\n\r\n\tSequenceNumber=779\r\n\r\n\tHostName=Default Host\r\n\tHostVersion=5.1.20348.1366\r\n\tHostId=2b44aa48-9c42-47bc-9f98-beb72347fa63\r\n\tHostApplication=c:\\diskutil.exe\r\n\tEngineVersion=\r\n\tRunspaceId=\r\n\tPipelineId=\r\n\tCommandName=\r\n\tCommandType=\r\n\tScriptName=\r\n\tCommandPath=\r\n\tCommandLine=","Category":"Provider Lifecycle","Opcode":"Info","EventReceivedTime":1687529283,"SourceModuleName":"in_powershell","SourceModuleType":"im_msvistalog"}
<14>Jun 23 14:08:03 win-adfs.lunarstiiiness.com PowerShell[0]: {"EventTime":1687529282,"Hostname":"win-adfs.lunarstiiiness.com","Keywords":36028797018963968,"EventType":"INFO","SeverityValue":2,"Severity":"INFO","EventID":600,"SourceName":"PowerShell","Version":0,"Task":6,"OpcodeValue":0,"RecordNumber":6160797,"ProcessID":0,"ThreadID":0,"Channel":"Windows PowerShell","Message":"Provider \"Function\" is Started. \r\n\r\nDetails: \r\n\tProviderName=Function\r\n\tNewProviderState=Started\r\n\r\n\tSequenceNumber=783\r\n\r\n\tHostName=Default Host\r\n\tHostVersion=5.1.20348.1366\r\n\tHostId=2b44aa48-9c42-47bc-9f98-beb72347fa63\r\n\tHostApplication=c:\\diskutil.exe\r\n\tEngineVersion=\r\n\tRunspaceId=\r\n\tPipelineId=\r\n\tCommandName=\r\n\tCommandType=\r\n\tScriptName=\r\n\tCommandPath=\r\n\tCommandLine=","Category":"Provider Lifecycle","Opcode":"Info","EventReceivedTime":1687529283,"SourceModuleName":"in_powershell","SourceModuleType":"im_msvistalog"}
<14>Jun 23 14:08:03 win-adfs.lunarstiiiness.com PowerShell[0]: {"EventTime":1687529282,"Hostname":"win-adfs.lunarstiiiness.com","Keywords":36028797018963968,"EventType":"INFO","SeverityValue":2,"Severity":"INFO","EventID":600,"SourceName":"PowerShell","Version":0,"Task":6,"OpcodeValue":0,"RecordNumber":6160798,"ProcessID":0,"ThreadID":0,"Channel":"Windows PowerShell","Message":"Provider \"Variable\" is Started. \r\n\r\nDetails: \r\n\tProviderName=Variable\r\n\tNewProviderState=Started\r\n\r\n\tSequenceNumber=785\r\n\r\n\tHostName=Default Host\r\n\tHostVersion=5.1.20348.1366\r\n\tHostId=2b44aa48-9c42-47bc-9f98-beb72347fa63\r\n\tHostApplication=c:\\diskutil.exe\r\n\tEngineVersion=\r\n\tRunspaceId=\r\n\tPipelineId=\r\n\tCommandName=\r\n\tCommandType=\r\n\tScriptName=\r\n\tCommandPath=\r\n\tCommandLine=","Category":"Provider Lifecycle","Opcode":"Info","EventReceivedTime":1687529283,"SourceModuleName":"in_powershell","SourceModuleType":"im_msvistalog"}
<14>Jun 23 14:08:03 win-adfs.lunarstiiiness.com PowerShell[0]: {"EventTime":1687529282,"Hostname":"win-adfs.lunarstiiiness.com","Keywords":36028797018963968,"EventType":"INFO","SeverityValue":2,"Severity":"INFO","EventID":600,"SourceName":"PowerShell","Version":0,"Task":6,"OpcodeValue":0,"RecordNumber":6160796,"ProcessID":0,"ThreadID":0,"Channel":"Windows PowerShell","Message":"Provider \"FileSystem\" is Started. \r\n\r\nDetails: \r\n\tProviderName=FileSystem\r\n\tNewProviderState=Started\r\n\r\n\tSequenceNumber=781\r\n\r\n\tHostName=Default Host\r\n\tHostVersion=5.1.20348.1366\r\n\tHostId=2b44aa48-9c42-47bc-9f98-beb72347fa63\r\n\tHostApplication=c:\\diskutil.exe\r\n\tEngineVersion=\r\n\tRunspaceId=\r\n\tPipelineId=\r\n\tCommandName=\r\n\tCommandType=\r\n\tScriptName=\r\n\tCommandPath=\r\n\tCommandLine=","Category":"Provider Lifecycle","Opcode":"Info","EventReceivedTime":1687529283,"SourceModuleName":"in_powershell","SourceModuleType":"im_msvistalog"}
<14>Jun 23 14:08:03 win-adfs.lunarstiiiness.com PowerShell[0]: {"EventTime":1687529282,"Hostname":"win-adfs.lunarstiiiness.com","Keywords":36028797018963968,"EventType":"INFO","SeverityValue":2,"Severity":"INFO","EventID":600,"SourceName":"PowerShell","Version":0,"Task":6,"OpcodeValue":0,"RecordNumber":6160799,"ProcessID":0,"ThreadID":0,"Channel":"Windows PowerShell","Message":"Provider \"Certificate\" is Started. \r\n\r\nDetails: \r\n\tProviderName=Certificate\r\n\tNewProviderState=Started\r\n\r\n\tSequenceNumber=787\r\n\r\n\tHostName=Default Host\r\n\tHostVersion=5.1.20348.1366\r\n\tHostId=2b44aa48-9c42-47bc-9f98-beb72347fa63\r\n\tHostApplication=c:\\diskutil.exe\r\n\tEngineVersion=\r\n\tRunspaceId=\r\n\tPipelineId=\r\n\tCommandName=\r\n\tCommandType=\r\n\tScriptName=\r\n\tCommandPath=\r\n\tCommandLine=","Category":"Provider Lifecycle","Opcode":"Info","EventReceivedTime":1687529283,"SourceModuleName":"in_powershell","SourceModuleType":"im_msvistalog"}
<14>Jun 23 14:08:03 win-adfs.lunarstiiiness.com PowerShell[0]: {"EventTime":1687529282,"Hostname":"win-adfs.lunarstiiiness.com","Keywords":36028797018963968,"EventType":"INFO","SeverityValue":2,"Severity":"INFO","EventID":600,"SourceName":"PowerShell","Version":0,"Task":6,"OpcodeValue":0,"RecordNumber":6160794,"ProcessID":0,"ThreadID":0,"Channel":"Windows PowerShell","Message":"Provider \"Alias\" is Started. \r\n\r\nDetails: \r\n\tProviderName=Alias\r\n\tNewProviderState=Started\r\n\r\n\tSequenceNumber=777\r\n\r\n\tHostName=Default Host\r\n\tHostVersion=5.1.20348.1366\r\n\tHostId=2b44aa48-9c42-47bc-9f98-beb72347fa63\r\n\tHostApplication=c:\\diskutil.exe\r\n\tEngineVersion=\r\n\tRunspaceId=\r\n\tPipelineId=\r\n\tCommandName=\r\n\tCommandType=\r\n\tScriptName=\r\n\tCommandPath=\r\n\tCommandLine=","Category":"Provider Lifecycle","Opcode":"Info","EventReceivedTime":1687529283,"SourceModuleName":"in_powershell","SourceModuleType":"im_msvistalog"}
<14>Jun 23 14:08:03 win-adfs.lunarstiiiness.com PowerShell[0]: {"EventTime":1687529282,"Hostname":"win-adfs.lunarstiiiness.com","Keywords":36028797018963968,"EventType":"INFO","SeverityValue":2,"Severity":"INFO","EventID":600,"SourceName":"PowerShell","Version":0,"Task":6,"OpcodeValue":0,"RecordNumber":6160793,"ProcessID":0,"ThreadID":0,"Channel":"Windows PowerShell","Message":"Provider \"Registry\" is Started. \r\n\r\nDetails: \r\n\tProviderName=Registry\r\n\tNewProviderState=Started\r\n\r\n\tSequenceNumber=775\r\n\r\n\tHostName=Default Host\r\n\tHostVersion=5.1.20348.1366\r\n\tHostId=2b44aa48-9c42-47bc-9f98-beb72347fa63\r\n\tHostApplication=c:\\diskutil.exe\r\n\tEngineVersion=\r\n\tRunspaceId=\r\n\tPipelineId=\r\n\tCommandName=\r\n\tCommandType=\r\n\tScriptName=\r\n\tCommandPath=\r\n\tCommandLine=","Category":"Provider Lifecycle","Opcode":"Info","EventReceivedTime":1687529283,"SourceModuleName":"in_powershell","SourceModuleType":"im_msvistalog"}
<14>Jun 23 14:08:03 win-adfs.lunarstiiiness.com PowerShell[0]: {"EventTime":1687529282,"Hostname":"win-adfs.lunarstiiiness.com","Keywords":36028797018963968,"EventType":"INFO","SeverityValue":2,"Severity":"INFO","EventID":600,"SourceName":"PowerShell","Version":0,"Task":6,"OpcodeValue":0,"RecordNumber":6160800,"ProcessID":0,"ThreadID":0,"Channel":"Windows PowerShell","Message":"Provider \"WSMan\" is Started. \r\n\r\nDetails: \r\n\tProviderName=WSMan\r\n\tNewProviderState=Started\r\n\r\n\tSequenceNumber=789\r\n\r\n\tHostName=Default Host\r\n\tHostVersion=5.1.20348.1366\r\n\tHostId=2b44aa48-9c42-47bc-9f98-beb72347fa63\r\n\tHostApplication=c:\\diskutil.exe\r\n\tEngineVersion=\r\n\tRunspaceId=\r\n\tPipelineId=\r\n\tCommandName=\r\n\tCommandType=\r\n\tScriptName=\r\n\tCommandPath=\r\n\tCommandLine=","Category":"Provider Lifecycle","Opcode":"Info","EventReceivedTime":1687529283,"SourceModuleName":"in_powershell","SourceModuleType":"im_msvistalog"}
<14>Jun 23 14:08:03 win-adfs.lunarstiiiness.com PowerShell[0]: {"EventTime":1687529282,"Hostname":"win-adfs.lunarstiiiness.com","Keywords":36028797018963968,"EventType":"INFO","SeverityValue":2,"Severity":"INFO","EventID":400,"SourceName":"PowerShell","Version":0,"Task":4,"OpcodeValue":0,"RecordNumber":6160801,"ProcessID":0,"ThreadID":0,"Channel":"Windows PowerShell","Message":"Engine state is changed from None to Available. \r\n\r\nDetails: \r\n\tNewEngineState=Available\r\n\tPreviousEngineState=None\r\n\r\n\tSequenceNumber=791\r\n\r\n\tHostName=Default Host\r\n\tHostVersion=5.1.20348.1366\r\n\tHostId=2b44aa48-9c42-47bc-9f98-beb72347fa63\r\n\tHostApplication=c:\\diskutil.exe\r\n\tEngineVersion=5.1.20348.1366\r\n\tRunspaceId=e2430bcf-16ae-4c55-b6be-39b4131ea8ed\r\n\tPipelineId=\r\n\tCommandName=\r\n\tCommandType=\r\n\tScriptName=\r\n\tCommandPath=\r\n\tCommandLine=","Category":"Engine Lifecycle","Opcode":"Info","EventReceivedTime":1687529283,"SourceModuleName":"in_powershell","SourceModuleType":"im_msvistalog"}
<14>Jun 23 14:10:41 win-adfs.lunarstiiiness.com PowerShell[0]: {"EventTime":1687529440,"Hostname":"win-adfs.lunarstiiiness.com","Keywords":36028797018963968,"EventType":"INFO","SeverityValue":2,"Severity":"INFO","EventID":600,"SourceName":"PowerShell","Version":0,"Task":6,"OpcodeValue":0,"RecordNumber":6160806,"ProcessID":0,"ThreadID":0,"Channel":"Windows PowerShell","Message":"Provider \"FileSystem\" is Started. \r\n\r\nDetails: \r\n\tProviderName=FileSystem\r\n\tNewProviderState=Started\r\n\r\n\tSequenceNumber=801\r\n\r\n\tHostName=Default Host\r\n\tHostVersion=5.1.20348.1366\r\n\tHostId=0a8e4f01-4528-4616-8994-345b9e13a210\r\n\tHostApplication=c:\\diskutil.exe\r\n\tEngineVersion=\r\n\tRunspaceId=\r\n\tPipelineId=\r\n\tCommandName=\r\n\tCommandType=\r\n\tScriptName=\r\n\tCommandPath=\r\n\tCommandLine=","Category":"Provider Lifecycle","Opcode":"Info","EventReceivedTime":1687529441,"SourceModuleName":"in_powershell","SourceModuleType":"im_msvistalog"}
<14>Jun 23 14:10:40 win-adfs.lunarstiiiness.com PowerShell[0]: {"EventTime":1687529440,"Hostname":"win-adfs.lunarstiiiness.com","Keywords":36028797018963968,"EventType":"INFO","SeverityValue":2,"Severity":"INFO","EventID":600,"SourceName":"PowerShell","Version":0,"Task":6,"OpcodeValue":0,"RecordNumber":6160803,"ProcessID":0,"ThreadID":0,"Channel":"Windows PowerShell","Message":"Provider \"Registry\" is Started. \r\n\r\nDetails: \r\n\tProviderName=Registry\r\n\tNewProviderState=Started\r\n\r\n\tSequenceNumber=795\r\n\r\n\tHostName=Default Host\r\n\tHostVersion=5.1.20348.1366\r\n\tHostId=0a8e4f01-4528-4616-8994-345b9e13a210\r\n\tHostApplication=c:\\diskutil.exe\r\n\tEngineVersion=\r\n\tRunspaceId=\r\n\tPipelineId=\r\n\tCommandName=\r\n\tCommandType=\r\n\tScriptName=\r\n\tCommandPath=\r\n\tCommandLine=","Category":"Provider Lifecycle","Opcode":"Info","EventReceivedTime":1687529440,"SourceModuleName":"in_powershell","SourceModuleType":"im_msvistalog"}
<14>Jun 23 14:10:41 win-adfs.lunarstiiiness.com PowerShell[0]: {"EventTime":1687529440,"Hostname":"win-adfs.lunarstiiiness.com","Keywords":36028797018963968,"EventType":"INFO","SeverityValue":2,"Severity":"INFO","EventID":600,"SourceName":"PowerShell","Version":0,"Task":6,"OpcodeValue":0,"RecordNumber":6160808,"ProcessID":0,"ThreadID":0,"Channel":"Windows PowerShell","Message":"Provider \"Variable\" is Started. \r\n\r\nDetails: \r\n\tProviderName=Variable\r\n\tNewProviderState=Started\r\n\r\n\tSequenceNumber=805\r\n\r\n\tHostName=Default Host\r\n\tHostVersion=5.1.20348.1366\r\n\tHostId=0a8e4f01-4528-4616-8994-345b9e13a210\r\n\tHostApplication=c:\\diskutil.exe\r\n\tEngineVersion=\r\n\tRunspaceId=\r\n\tPipelineId=\r\n\tCommandName=\r\n\tCommandType=\r\n\tScriptName=\r\n\tCommandPath=\r\n\tCommandLine=","Category":"Provider Lifecycle","Opcode":"Info","EventReceivedTime":1687529441,"SourceModuleName":"in_powershell","SourceModuleType":"im_msvistalog"}
<14>Jun 23 14:10:41 win-adfs.lunarstiiiness.com PowerShell[0]: {"EventTime":1687529440,"Hostname":"win-adfs.lunarstiiiness.com","Keywords":36028797018963968,"EventType":"INFO","SeverityValue":2,"Severity":"INFO","EventID":600,"SourceName":"PowerShell","Version":0,"Task":6,"OpcodeValue":0,"RecordNumber":6160809,"ProcessID":0,"ThreadID":0,"Channel":"Windows PowerShell","Message":"Provider \"Certificate\" is Started. \r\n\r\nDetails: \r\n\tProviderName=Certificate\r\n\tNewProviderState=Started\r\n\r\n\tSequenceNumber=807\r\n\r\n\tHostName=Default Host\r\n\tHostVersion=5.1.20348.1366\r\n\tHostId=0a8e4f01-4528-4616-8994-345b9e13a210\r\n\tHostApplication=c:\\diskutil.exe\r\n\tEngineVersion=\r\n\tRunspaceId=\r\n\tPipelineId=\r\n\tCommandName=\r\n\tCommandType=\r\n\tScriptName=\r\n\tCommandPath=\r\n\tCommandLine=","Category":"Provider Lifecycle","Opcode":"Info","EventReceivedTime":1687529441,"SourceModuleName":"in_powershell","SourceModuleType":"im_msvistalog"}
<14>Jun 23 14:10:41 win-adfs.lunarstiiiness.com PowerShell[0]: {"EventTime":1687529440,"Hostname":"win-adfs.lunarstiiiness.com","Keywords":36028797018963968,"EventType":"INFO","SeverityValue":2,"Severity":"INFO","EventID":600,"SourceName":"PowerShell","Version":0,"Task":6,"OpcodeValue":0,"RecordNumber":6160810,"ProcessID":0,"ThreadID":0,"Channel":"Windows PowerShell","Message":"Provider \"WSMan\" is Started. \r\n\r\nDetails: \r\n\tProviderName=WSMan\r\n\tNewProviderState=Started\r\n\r\n\tSequenceNumber=809\r\n\r\n\tHostName=Default Host\r\n\tHostVersion=5.1.20348.1366\r\n\tHostId=0a8e4f01-4528-4616-8994-345b9e13a210\r\n\tHostApplication=c:\\diskutil.exe\r\n\tEngineVersion=\r\n\tRunspaceId=\r\n\tPipelineId=\r\n\tCommandName=\r\n\tCommandType=\r\n\tScriptName=\r\n\tCommandPath=\r\n\tCommandLine=","Category":"Provider Lifecycle","Opcode":"Info","EventReceivedTime":1687529441,"SourceModuleName":"in_powershell","SourceModuleType":"im_msvistalog"}
<14>Jun 23 14:10:41 win-adfs.lunarstiiiness.com PowerShell[0]: {"EventTime":1687529440,"Hostname":"win-adfs.lunarstiiiness.com","Keywords":36028797018963968,"EventType":"INFO","SeverityValue":2,"Severity":"INFO","EventID":600,"SourceName":"PowerShell","Version":0,"Task":6,"OpcodeValue":0,"RecordNumber":6160807,"ProcessID":0,"ThreadID":0,"Channel":"Windows PowerShell","Message":"Provider \"Function\" is Started. \r\n\r\nDetails: \r\n\tProviderName=Function\r\n\tNewProviderState=Started\r\n\r\n\tSequenceNumber=803\r\n\r\n\tHostName=Default Host\r\n\tHostVersion=5.1.20348.1366\r\n\tHostId=0a8e4f01-4528-4616-8994-345b9e13a210\r\n\tHostApplication=c:\\diskutil.exe\r\n\tEngineVersion=\r\n\tRunspaceId=\r\n\tPipelineId=\r\n\tCommandName=\r\n\tCommandType=\r\n\tScriptName=\r\n\tCommandPath=\r\n\tCommandLine=","Category":"Provider Lifecycle","Opcode":"Info","EventReceivedTime":1687529441,"SourceModuleName":"in_powershell","SourceModuleType":"im_msvistalog"}
<14>Jun 23 14:10:41 win-adfs.lunarstiiiness.com PowerShell[0]: {"EventTime":1687529440,"Hostname":"win-adfs.lunarstiiiness.com","Keywords":36028797018963968,"EventType":"INFO","SeverityValue":2,"Severity":"INFO","EventID":600,"SourceName":"PowerShell","Version":0,"Task":6,"OpcodeValue":0,"RecordNumber":6160804,"ProcessID":0,"ThreadID":0,"Channel":"Windows PowerShell","Message":"Provider \"Alias\" is Started. \r\n\r\nDetails: \r\n\tProviderName=Alias\r\n\tNewProviderState=Started\r\n\r\n\tSequenceNumber=797\r\n\r\n\tHostName=Default Host\r\n\tHostVersion=5.1.20348.1366\r\n\tHostId=0a8e4f01-4528-4616-8994-345b9e13a210\r\n\tHostApplication=c:\\diskutil.exe\r\n\tEngineVersion=\r\n\tRunspaceId=\r\n\tPipelineId=\r\n\tCommandName=\r\n\tCommandType=\r\n\tScriptName=\r\n\tCommandPath=\r\n\tCommandLine=","Category":"Provider Lifecycle","Opcode":"Info","EventReceivedTime":1687529441,"SourceModuleName":"in_powershell","SourceModuleType":"im_msvistalog"}
<14>Jun 23 14:10:41 win-adfs.lunarstiiiness.com PowerShell[0]: {"EventTime":1687529440,"Hostname":"win-adfs.lunarstiiiness.com","Keywords":36028797018963968,"EventType":"INFO","SeverityValue":2,"Severity":"INFO","EventID":600,"SourceName":"PowerShell","Version":0,"Task":6,"OpcodeValue":0,"RecordNumber":6160805,"ProcessID":0,"ThreadID":0,"Channel":"Windows PowerShell","Message":"Provider \"Environment\" is Started. \r\n\r\nDetails: \r\n\tProviderName=Environment\r\n\tNewProviderState=Started\r\n\r\n\tSequenceNumber=799\r\n\r\n\tHostName=Default Host\r\n\tHostVersion=5.1.20348.1366\r\n\tHostId=0a8e4f01-4528-4616-8994-345b9e13a210\r\n\tHostApplication=c:\\diskutil.exe\r\n\tEngineVersion=\r\n\tRunspaceId=\r\n\tPipelineId=\r\n\tCommandName=\r\n\tCommandType=\r\n\tScriptName=\r\n\tCommandPath=\r\n\tCommandLine=","Category":"Provider Lifecycle","Opcode":"Info","EventReceivedTime":1687529441,"SourceModuleName":"in_powershell","SourceModuleType":"im_msvistalog"}
<14>Jun 23 14:10:41 win-adfs.lunarstiiiness.com PowerShell[0]: {"EventTime":1687529440,"Hostname":"win-adfs.lunarstiiiness.com","Keywords":36028797018963968,"EventType":"INFO","SeverityValue":2,"Severity":"INFO","EventID":400,"SourceName":"PowerShell","Version":0,"Task":4,"OpcodeValue":0,"RecordNumber":6160811,"ProcessID":0,"ThreadID":0,"Channel":"Windows PowerShell","Message":"Engine state is changed from None to Available. \r\n\r\nDetails: \r\n\tNewEngineState=Available\r\n\tPreviousEngineState=None\r\n\r\n\tSequenceNumber=811\r\n\r\n\tHostName=Default Host\r\n\tHostVersion=5.1.20348.1366\r\n\tHostId=0a8e4f01-4528-4616-8994-345b9e13a210\r\n\tHostApplication=c:\\diskutil.exe\r\n\tEngineVersion=5.1.20348.1366\r\n\tRunspaceId=cf1eb626-b74a-4e00-ad39-a88428c872de\r\n\tPipelineId=\r\n\tCommandName=\r\n\tCommandType=\r\n\tScriptName=\r\n\tCommandPath=\r\n\tCommandLine=","Category":"Engine Lifecycle","Opcode":"Info","EventReceivedTime":1687529441,"SourceModuleName":"in_powershell","SourceModuleType":"im_msvistalog"}
<14>Jun 23 14:10:42 win-adfs.lunarstiiiness.com PowerShell[0]: {"EventTime":1687529441,"Hostname":"win-adfs.lunarstiiiness.com","Keywords":36028797018963968,"EventType":"INFO","SeverityValue":2,"Severity":"INFO","EventID":403,"SourceName":"PowerShell","Version":0,"Task":4,"OpcodeValue":0,"RecordNumber":6160812,"ProcessID":0,"ThreadID":0,"Channel":"Windows PowerShell","Message":"Engine state is changed from Available to Stopped. \r\n\r\nDetails: \r\n\tNewEngineState=Stopped\r\n\tPreviousEngineState=Available\r\n\r\n\tSequenceNumber=813\r\n\r\n\tHostName=Default Host\r\n\tHostVersion=5.1.20348.1366\r\n\tHostId=0a8e4f01-4528-4616-8994-345b9e13a210\r\n\tHostApplication=c:\\diskutil.exe\r\n\tEngineVersion=5.1.20348.1366\r\n\tRunspaceId=cf1eb626-b74a-4e00-ad39-a88428c872de\r\n\tPipelineId=\r\n\tCommandName=\r\n\tCommandType=\r\n\tScriptName=\r\n\tCommandPath=\r\n\tCommandLine=","Category":"Engine Lifecycle","Opcode":"Info","EventReceivedTime":1687529442,"SourceModuleName":"in_powershell","SourceModuleType":"im_msvistalog"}
<14>Jun 23 14:11:18 win-adfs.lunarstiiiness.com PowerShell[0]: {"EventTime":1687529478,"Hostname":"win-adfs.lunarstiiiness.com","Keywords":36028797018963968,"EventType":"INFO","SeverityValue":2,"Severity":"INFO","EventID":600,"SourceName":"PowerShell","Version":0,"Task":6,"OpcodeValue":0,"RecordNumber":6160818,"ProcessID":0,"ThreadID":0,"Channel":"Windows PowerShell","Message":"Provider \"Variable\" is Started. \r\n\r\nDetails: \r\n\tProviderName=Variable\r\n\tNewProviderState=Started\r\n\r\n\tSequenceNumber=825\r\n\r\n\tHostName=Default Host\r\n\tHostVersion=5.1.20348.1366\r\n\tHostId=775e4350-5d1d-4535-a4af-4b2df7cd1019\r\n\tHostApplication=c:\\diskutil.exe\r\n\tEngineVersion=\r\n\tRunspaceId=\r\n\tPipelineId=\r\n\tCommandName=\r\n\tCommandType=\r\n\tScriptName=\r\n\tCommandPath=\r\n\tCommandLine=","Category":"Provider Lifecycle","Opcode":"Info","EventReceivedTime":1687529478,"SourceModuleName":"in_powershell","SourceModuleType":"im_msvistalog"}
<14>Jun 23 14:11:18 win-adfs.lunarstiiiness.com PowerShell[0]: {"EventTime":1687529478,"Hostname":"win-adfs.lunarstiiiness.com","Keywords":36028797018963968,"EventType":"INFO","SeverityValue":2,"Severity":"INFO","EventID":600,"SourceName":"PowerShell","Version":0,"Task":6,"OpcodeValue":0,"RecordNumber":6160819,"ProcessID":0,"ThreadID":0,"Channel":"Windows PowerShell","Message":"Provider \"Certificate\" is Started. \r\n\r\nDetails: \r\n\tProviderName=Certificate\r\n\tNewProviderState=Started\r\n\r\n\tSequenceNumber=827\r\n\r\n\tHostName=Default Host\r\n\tHostVersion=5.1.20348.1366\r\n\tHostId=775e4350-5d1d-4535-a4af-4b2df7cd1019\r\n\tHostApplication=c:\\diskutil.exe\r\n\tEngineVersion=\r\n\tRunspaceId=\r\n\tPipelineId=\r\n\tCommandName=\r\n\tCommandType=\r\n\tScriptName=\r\n\tCommandPath=\r\n\tCommandLine=","Category":"Provider Lifecycle","Opcode":"Info","EventReceivedTime":1687529478,"SourceModuleName":"in_powershell","SourceModuleType":"im_msvistalog"}
