<14>Jun 23 13:49:50 win-adfs.lunarstiiiness.com PowerShell[0]: {"EventTime":1687528190,"Hostname":"win-adfs.lunarstiiiness.com","Keywords":36028797018963968,"EventType":"INFO","SeverityValue":2,"Severity":"INFO","EventID":800,"SourceName":"PowerShell","Version":0,"Task":8,"OpcodeValue":0,"RecordNumber":6160042,"ProcessID":0,"ThreadID":0,"Channel":"Windows PowerShell","Message":"Pipeline execution details for command line:   Add-Type -Path \"$installationDirectory\\Extensions\\Microsoft.Azure.ActiveDirectory.Connector.dll\"\r\n. \r\n\r\nContext Information: \r\n\tDetailSequence=1\r\n\tDetailTotal=1\r\n\r\n\tSequenceNumber=362131\r\n\r\n\tUserId=LUNARSTIIINESS\\ADSyncMSAfb0e5$\r\n\tHostName=Default Host\r\n\tHostVersion=5.1.20348.1366\r\n\tHostId=f8e47747-a3eb-4441-93d1-796d2e332bc9\r\n\tHostApplication=C:\\Program Files\\Microsoft Azure AD Sync\\Bin\\miiserver.exe\r\n\tEngineVersion=5.1.20348.1366\r\n\tRunspaceId=df367503-16f5-46a1-8b00-1b69e41c9de9\r\n\tPipelineId=2\r\n\tScriptName=C:\\Program Files\\Microsoft Azure AD Sync\\Extensions\\AADConnector.psm1\r\n\tCommandLine=  Add-Type -Path \"$installationDirectory\\Extensions\\Microsoft.Azure.ActiveDirectory.Connector.dll\"\r\n \r\n\r\nDetails: \r\nCommandInvocation(Add-Type): \"Add-Type\"\r\nParameterBinding(Add-Type): name=\"Path\"; value=\"C:\\Program Files\\Microsoft Azure AD Sync\\\\Extensions\\Microsoft.Azure.ActiveDirectory.Connector.dll\"\r\n","Category":"Pipeline Execution Details","Opcode":"Info","EventReceivedTime":1687528190,"SourceModuleName":"in_powershell","SourceModuleType":"im_msvistalog"}
<14>Jun 23 13:49:50 win-adfs.lunarstiiiness.com PowerShell[0]: {"EventTime":1687528190,"Hostname":"win-adfs.lunarstiiiness.com","Keywords":36028797018963968,"EventType":"INFO","SeverityValue":2,"Severity":"INFO","EventID":800,"SourceName":"PowerShell","Version":0,"Task":8,"OpcodeValue":0,"RecordNumber":6160054,"ProcessID":0,"ThreadID":0,"Channel":"Windows PowerShell","Message":"Pipeline execution details for command line:   Add-Type -Path \"$installationDirectory\\Extensions\\Microsoft.Azure.ActiveDirectory.Connector.dll\"\r\n. \r\n\r\nContext Information: \r\n\tDetailSequence=1\r\n\tDetailTotal=1\r\n\r\n\tSequenceNumber=362155\r\n\r\n\tUserId=LUNARSTIIINESS\\ADSyncMSAfb0e5$\r\n\tHostName=Default Host\r\n\tHostVersion=5.1.20348.1366\r\n\tHostId=416b412b-1a21-4ae8-9f9a-6d898b34ccd4\r\n\tHostApplication=C:\\Program Files\\Microsoft Azure AD Sync\\Bin\\miiserver.exe\r\n\tEngineVersion=5.1.20348.1366\r\n\tRunspaceId=826df4ce-1c58-4cfe-9285-333ecf5c28ea\r\n\tPipelineId=2\r\n\tScriptName=C:\\Program Files\\Microsoft Azure AD Sync\\Extensions\\AADConnector.psm1\r\n\tCommandLine=  Add-Type -Path \"$installationDirectory\\Extensions\\Microsoft.Azure.ActiveDirectory.Connector.dll\"\r\n \r\n\r\nDetails: \r\nCommandInvocation(Add-Type): \"Add-Type\"\r\nParameterBinding(Add-Type): name=\"Path\"; value=\"C:\\Program Files\\Microsoft Azure AD Sync\\\\Extensions\\Microsoft.Azure.ActiveDirectory.Connector.dll\"\r\n","Category":"Pipeline Execution Details","Opcode":"Info","EventReceivedTime":1687528190,"SourceModuleName":"in_powershell","SourceModuleType":"im_msvistalog"}
<14>Jun 23 13:49:50 win-adfs.lunarstiiiness.com PowerShell[0]: {"EventTime":1687528190,"Hostname":"win-adfs.lunarstiiiness.com","Keywords":36028797018963968,"EventType":"INFO","SeverityValue":2,"Severity":"INFO","EventID":800,"SourceName":"PowerShell","Version":0,"Task":8,"OpcodeValue":0,"RecordNumber":6159980,"ProcessID":0,"ThreadID":0,"Channel":"Windows PowerShell","Message":"Pipeline execution details for command line:   Add-Type -Path \"$installationDirectory\\Bin\\Assemblies\\Microsoft.MetadirectoryServicesEx.dll\"\r\n. \r\n\r\nContext Information: \r\n\tDetailSequence=1\r\n\tDetailTotal=1\r\n\r\n\tSequenceNumber=362007\r\n\r\n\tUserId=LUNARSTIIINESS\\ADSyncMSAfb0e5$\r\n\tHostName=Default Host\r\n\tHostVersion=5.1.20348.1366\r\n\tHostId=512873aa-a048-4a76-b665-9e9a8f6e278f\r\n\tHostApplication=C:\\Program Files\\Microsoft Azure AD Sync\\Bin\\miiserver.exe\r\n\tEngineVersion=5.1.20348.1366\r\n\tRunspaceId=60f98feb-562b-4199-99bb-1e012d63d8f3\r\n\tPipelineId=2\r\n\tScriptName=C:\\Program Files\\Microsoft Azure AD Sync\\Extensions\\AADConnector.psm1\r\n\tCommandLine=  Add-Type -Path \"$installationDirectory\\Bin\\Assemblies\\Microsoft.MetadirectoryServicesEx.dll\"\r\n \r\n\r\nDetails: \r\nCommandInvocation(Add-Type): \"Add-Type\"\r\nParameterBinding(Add-Type): name=\"Path\"; value=\"C:\\Program Files\\Microsoft Azure AD Sync\\\\Bin\\Assemblies\\Microsoft.MetadirectoryServicesEx.dll\"\r\n","Category":"Pipeline Execution Details","Opcode":"Info","EventReceivedTime":1687528190,"SourceModuleName":"in_powershell","SourceModuleType":"im_msvistalog"}
<14>Jun 23 13:49:50 win-adfs.lunarstiiiness.com PowerShell[0]: {"EventTime":1687528190,"Hostname":"win-adfs.lunarstiiiness.com","Keywords":36028797018963968,"EventType":"INFO","SeverityValue":2,"Severity":"INFO","EventID":800,"SourceName":"PowerShell","Version":0,"Task":8,"OpcodeValue":0,"RecordNumber":6160040,"ProcessID":0,"ThreadID":0,"Channel":"Windows PowerShell","Message":"Pipeline execution details for command line:   Add-Type -Path \"$installationDirectory\\Bin\\Assemblies\\Microsoft.MetadirectoryServicesEx.dll\"\r\n. \r\n\r\nContext Information: \r\n\tDetailSequence=1\r\n\tDetailTotal=1\r\n\r\n\tSequenceNumber=362127\r\n\r\n\tUserId=LUNARSTIIINESS\\ADSyncMSAfb0e5$\r\n\tHostName=Default Host\r\n\tHostVersion=5.1.20348.1366\r\n\tHostId=f8e47747-a3eb-4441-93d1-796d2e332bc9\r\n\tHostApplication=C:\\Program Files\\Microsoft Azure AD Sync\\Bin\\miiserver.exe\r\n\tEngineVersion=5.1.20348.1366\r\n\tRunspaceId=df367503-16f5-46a1-8b00-1b69e41c9de9\r\n\tPipelineId=2\r\n\tScriptName=C:\\Program Files\\Microsoft Azure AD Sync\\Extensions\\AADConnector.psm1\r\n\tCommandLine=  Add-Type -Path \"$installationDirectory\\Bin\\Assemblies\\Microsoft.MetadirectoryServicesEx.dll\"\r\n \r\n\r\nDetails: \r\nCommandInvocation(Add-Type): \"Add-Type\"\r\nParameterBinding(Add-Type): name=\"Path\"; value=\"C:\\Program Files\\Microsoft Azure AD Sync\\\\Bin\\Assemblies\\Microsoft.MetadirectoryServicesEx.dll\"\r\n","Category":"Pipeline Execution Details","Opcode":"Info","EventReceivedTime":1687528190,"SourceModuleName":"in_powershell","SourceModuleType":"im_msvistalog"}
<14>Jun 23 13:49:50 win-adfs.lunarstiiiness.com PowerShell[0]: {"EventTime":1687528190,"Hostname":"win-adfs.lunarstiiiness.com","Keywords":36028797018963968,"EventType":"INFO","SeverityValue":2,"Severity":"INFO","EventID":800,"SourceName":"PowerShell","Version":0,"Task":8,"OpcodeValue":0,"RecordNumber":6160028,"ProcessID":0,"ThreadID":0,"Channel":"Windows PowerShell","Message":"Pipeline execution details for command line:   Add-Type -Path \"$installationDirectory\\Bin\\Assemblies\\Microsoft.MetadirectoryServicesEx.dll\"\r\n. \r\n\r\nContext Information: \r\n\tDetailSequence=1\r\n\tDetailTotal=1\r\n\r\n\tSequenceNumber=362103\r\n\r\n\tUserId=LUNARSTIIINESS\\ADSyncMSAfb0e5$\r\n\tHostName=Default Host\r\n\tHostVersion=5.1.20348.1366\r\n\tHostId=045704e9-0283-4e77-babc-409affe8e290\r\n\tHostApplication=C:\\Program Files\\Microsoft Azure AD Sync\\Bin\\miiserver.exe\r\n\tEngineVersion=5.1.20348.1366\r\n\tRunspaceId=2e29afab-c82b-4a14-b415-922d29d96137\r\n\tPipelineId=2\r\n\tScriptName=C:\\Program Files\\Microsoft Azure AD Sync\\Extensions\\AADConnector.psm1\r\n\tCommandLine=  Add-Type -Path \"$installationDirectory\\Bin\\Assemblies\\Microsoft.MetadirectoryServicesEx.dll\"\r\n \r\n\r\nDetails: \r\nCommandInvocation(Add-Type): \"Add-Type\"\r\nParameterBinding(Add-Type): name=\"Path\"; value=\"C:\\Program Files\\Microsoft Azure AD Sync\\\\Bin\\Assemblies\\Microsoft.MetadirectoryServicesEx.dll\"\r\n","Category":"Pipeline Execution Details","Opcode":"Info","EventReceivedTime":1687528190,"SourceModuleName":"in_powershell","SourceModuleType":"im_msvistalog"}
<14>Jun 23 13:49:50 win-adfs.lunarstiiiness.com PowerShell[0]: {"EventTime":1687528190,"Hostname":"win-adfs.lunarstiiiness.com","Keywords":36028797018963968,"EventType":"INFO","SeverityValue":2,"Severity":"INFO","EventID":800,"SourceName":"PowerShell","Version":0,"Task":8,"OpcodeValue":0,"RecordNumber":6159994,"ProcessID":0,"ThreadID":0,"Channel":"Windows PowerShell","Message":"Pipeline execution details for command line:   Add-Type -Path \"$installationDirectory\\Extensions\\Microsoft.Azure.ActiveDirectory.Connector.dll\"\r\n. \r\n\r\nContext Information: \r\n\tDetailSequence=1\r\n\tDetailTotal=1\r\n\r\n\tSequenceNumber=362035\r\n\r\n\tUserId=LUNARSTIIINESS\\ADSyncMSAfb0e5$\r\n\tHostName=Default Host\r\n\tHostVersion=5.1.20348.1366\r\n\tHostId=5c50f6a8-0e20-4462-9803-d468e62520dd\r\n\tHostApplication=C:\\Program Files\\Microsoft Azure AD Sync\\Bin\\miiserver.exe\r\n\tEngineVersion=5.1.20348.1366\r\n\tRunspaceId=3e58d673-5629-43ea-be16-0f7c9cc73134\r\n\tPipelineId=2\r\n\tScriptName=C:\\Program Files\\Microsoft Azure AD Sync\\Extensions\\AADConnector.psm1\r\n\tCommandLine=  Add-Type -Path \"$installationDirectory\\Extensions\\Microsoft.Azure.ActiveDirectory.Connector.dll\"\r\n \r\n\r\nDetails: \r\nCommandInvocation(Add-Type): \"Add-Type\"\r\nParameterBinding(Add-Type): name=\"Path\"; value=\"C:\\Program Files\\Microsoft Azure AD Sync\\\\Extensions\\Microsoft.Azure.ActiveDirectory.Connector.dll\"\r\n","Category":"Pipeline Execution Details","Opcode":"Info","EventReceivedTime":1687528190,"SourceModuleName":"in_powershell","SourceModuleType":"im_msvistalog"}
<14>Jun 23 13:49:51 win-adfs.lunarstiiiness.com PowerShell[0]: {"EventTime":1687528190,"Hostname":"win-adfs.lunarstiiiness.com","Keywords":36028797018963968,"EventType":"INFO","SeverityValue":2,"Severity":"INFO","EventID":800,"SourceName":"PowerShell","Version":0,"Task":8,"OpcodeValue":0,"RecordNumber":6160066,"ProcessID":0,"ThreadID":0,"Channel":"Windows PowerShell","Message":"Pipeline execution details for command line:   Add-Type -Path \"$installationDirectory\\Extensions\\Microsoft.Azure.ActiveDirectory.Connector.dll\"\r\n. \r\n\r\nContext Information: \r\n\tDetailSequence=1\r\n\tDetailTotal=1\r\n\r\n\tSequenceNumber=362179\r\n\r\n\tUserId=LUNARSTIIINESS\\ADSyncMSAfb0e5$\r\n\tHostName=Default Host\r\n\tHostVersion=5.1.20348.1366\r\n\tHostId=fcf2b90a-1c46-4866-ac0b-a0180e00a4c1\r\n\tHostApplication=C:\\Program Files\\Microsoft Azure AD Sync\\Bin\\miiserver.exe\r\n\tEngineVersion=5.1.20348.1366\r\n\tRunspaceId=bc851553-1a6e-4cc3-a74f-54d22ae8fef3\r\n\tPipelineId=2\r\n\tScriptName=C:\\Program Files\\Microsoft Azure AD Sync\\Extensions\\AADConnector.psm1\r\n\tCommandLine=  Add-Type -Path \"$installationDirectory\\Extensions\\Microsoft.Azure.ActiveDirectory.Connector.dll\"\r\n \r\n\r\nDetails: \r\nCommandInvocation(Add-Type): \"Add-Type\"\r\nParameterBinding(Add-Type): name=\"Path\"; value=\"C:\\Program Files\\Microsoft Azure AD Sync\\\\Extensions\\Microsoft.Azure.ActiveDirectory.Connector.dll\"\r\n","Category":"Pipeline Execution Details","Opcode":"Info","EventReceivedTime":1687528191,"SourceModuleName":"in_powershell","SourceModuleType":"im_msvistalog"}
<14>Jun 23 13:49:51 win-adfs.lunarstiiiness.com PowerShell[0]: {"EventTime":1687528191,"Hostname":"win-adfs.lunarstiiiness.com","Keywords":36028797018963968,"EventType":"INFO","SeverityValue":2,"Severity":"INFO","EventID":800,"SourceName":"PowerShell","Version":0,"Task":8,"OpcodeValue":0,"RecordNumber":6160100,"ProcessID":0,"ThreadID":0,"Channel":"Windows PowerShell","Message":"Pipeline execution details for command line:   Add-Type -Path \"$installationDirectory\\Bin\\Assemblies\\Microsoft.MetadirectoryServicesEx.dll\"\r\n. \r\n\r\nContext Information: \r\n\tDetailSequence=1\r\n\tDetailTotal=1\r\n\r\n\tSequenceNumber=362247\r\n\r\n\tUserId=LUNARSTIIINESS\\ADSyncMSAfb0e5$\r\n\tHostName=Default Host\r\n\tHostVersion=5.1.20348.1366\r\n\tHostId=19242e8d-988e-4829-9550-26845561c599\r\n\tHostApplication=C:\\Program Files\\Microsoft Azure AD Sync\\Bin\\miiserver.exe\r\n\tEngineVersion=5.1.20348.1366\r\n\tRunspaceId=224277c4-344e-488b-bb3c-7fd5c3dd7866\r\n\tPipelineId=2\r\n\tScriptName=C:\\Program Files\\Microsoft Azure AD Sync\\Extensions\\AADConnector.psm1\r\n\tCommandLine=  Add-Type -Path \"$installationDirectory\\Bin\\Assemblies\\Microsoft.MetadirectoryServicesEx.dll\"\r\n \r\n\r\nDetails: \r\nCommandInvocation(Add-Type): \"Add-Type\"\r\nParameterBinding(Add-Type): name=\"Path\"; value=\"C:\\Program Files\\Microsoft Azure AD Sync\\\\Bin\\Assemblies\\Microsoft.MetadirectoryServicesEx.dll\"\r\n","Category":"Pipeline Execution Details","Opcode":"Info","EventReceivedTime":1687528191,"SourceModuleName":"in_powershell","SourceModuleType":"im_msvistalog"}
<14>Jun 23 13:49:51 win-adfs.lunarstiiiness.com PowerShell[0]: {"EventTime":1687528191,"Hostname":"win-adfs.lunarstiiiness.com","Keywords":36028797018963968,"EventType":"INFO","SeverityValue":2,"Severity":"INFO","EventID":800,"SourceName":"PowerShell","Version":0,"Task":8,"OpcodeValue":0,"RecordNumber":6160089,"ProcessID":0,"ThreadID":0,"Channel":"Windows PowerShell","Message":"Pipeline execution details for command line:   Add-Type -Path \"$installationDirectory\\Bin\\Microsoft.MetadirectoryServices.PasswordHashSynchronization.Types.dll\"\r\n. \r\n\r\nContext Information: \r\n\tDetailSequence=1\r\n\tDetailTotal=1\r\n\r\n\tSequenceNumber=362225\r\n\r\n\tUserId=LUNARSTIIINESS\\ADSyncMSAfb0e5$\r\n\tHostName=Default Host\r\n\tHostVersion=5.1.20348.1366\r\n\tHostId=4691e396-9fa3-47f9-b4f7-759e1fec8978\r\n\tHostApplication=C:\\Program Files\\Microsoft Azure AD Sync\\Bin\\miiserver.exe\r\n\tEngineVersion=5.1.20348.1366\r\n\tRunspaceId=dc5c8211-4b72-4ad9-b421-3f4f01a3d17a\r\n\tPipelineId=2\r\n\tScriptName=C:\\Program Files\\Microsoft Azure AD Sync\\Extensions\\AADConnector.psm1\r\n\tCommandLine=  Add-Type -Path \"$installationDirectory\\Bin\\Microsoft.MetadirectoryServices.PasswordHashSynchronization.Types.dll\"\r\n \r\n\r\nDetails: \r\nCommandInvocation(Add-Type): \"Add-Type\"\r\nParameterBinding(Add-Type): name=\"Path\"; value=\"C:\\Program Files\\Microsoft Azure AD Sync\\\\Bin\\Microsoft.MetadirectoryServices.PasswordHashSynchronization.Types.dll\"\r\n","Category":"Pipeline Execution Details","Opcode":"Info","EventReceivedTime":1687528191,"SourceModuleName":"in_powershell","SourceModuleType":"im_msvistalog"}
<14>Jun 23 13:49:51 win-adfs.lunarstiiiness.com PowerShell[0]: {"EventTime":1687528191,"Hostname":"win-adfs.lunarstiiiness.com","Keywords":36028797018963968,"EventType":"INFO","SeverityValue":2,"Severity":"INFO","EventID":800,"SourceName":"PowerShell","Version":0,"Task":8,"OpcodeValue":0,"RecordNumber":6160101,"ProcessID":0,"ThreadID":0,"Channel":"Windows PowerShell","Message":"Pipeline execution details for command line:   Add-Type -Path \"$installationDirectory\\Bin\\Microsoft.MetadirectoryServices.PasswordHashSynchronization.Types.dll\"\r\n. \r\n\r\nContext Information: \r\n\tDetailSequence=1\r\n\tDetailTotal=1\r\n\r\n\tSequenceNumber=362249\r\n\r\n\tUserId=LUNARSTIIINESS\\ADSyncMSAfb0e5$\r\n\tHostName=Default Host\r\n\tHostVersion=5.1.20348.1366\r\n\tHostId=19242e8d-988e-4829-9550-26845561c599\r\n\tHostApplication=C:\\Program Files\\Microsoft Azure AD Sync\\Bin\\miiserver.exe\r\n\tEngineVersion=5.1.20348.1366\r\n\tRunspaceId=224277c4-344e-488b-bb3c-7fd5c3dd7866\r\n\tPipelineId=2\r\n\tScriptName=C:\\Program Files\\Microsoft Azure AD Sync\\Extensions\\AADConnector.psm1\r\n\tCommandLine=  Add-Type -Path \"$installationDirectory\\Bin\\Microsoft.MetadirectoryServices.PasswordHashSynchronization.Types.dll\"\r\n \r\n\r\nDetails: \r\nCommandInvocation(Add-Type): \"Add-Type\"\r\nParameterBinding(Add-Type): name=\"Path\"; value=\"C:\\Program Files\\Microsoft Azure AD Sync\\\\Bin\\Microsoft.MetadirectoryServices.PasswordHashSynchronization.Types.dll\"\r\n","Category":"Pipeline Execution Details","Opcode":"Info","EventReceivedTime":1687528191,"SourceModuleName":"in_powershell","SourceModuleType":"im_msvistalog"}
<14>Jun 23 13:49:51 win-adfs.lunarstiiiness.com PowerShell[0]: {"EventTime":1687528191,"Hostname":"win-adfs.lunarstiiiness.com","Keywords":36028797018963968,"EventType":"INFO","SeverityValue":2,"Severity":"INFO","EventID":800,"SourceName":"PowerShell","Version":0,"Task":8,"OpcodeValue":0,"RecordNumber":6160102,"ProcessID":0,"ThreadID":0,"Channel":"Windows PowerShell","Message":"Pipeline execution details for command line:   Add-Type -Path \"$installationDirectory\\Extensions\\Microsoft.Azure.ActiveDirectory.Connector.dll\"\r\n. \r\n\r\nContext Information: \r\n\tDetailSequence=1\r\n\tDetailTotal=1\r\n\r\n\tSequenceNumber=362251\r\n\r\n\tUserId=LUNARSTIIINESS\\ADSyncMSAfb0e5$\r\n\tHostName=Default Host\r\n\tHostVersion=5.1.20348.1366\r\n\tHostId=19242e8d-988e-4829-9550-26845561c599\r\n\tHostApplication=C:\\Program Files\\Microsoft Azure AD Sync\\Bin\\miiserver.exe\r\n\tEngineVersion=5.1.20348.1366\r\n\tRunspaceId=224277c4-344e-488b-bb3c-7fd5c3dd7866\r\n\tPipelineId=2\r\n\tScriptName=C:\\Program Files\\Microsoft Azure AD Sync\\Extensions\\AADConnector.psm1\r\n\tCommandLine=  Add-Type -Path \"$installationDirectory\\Extensions\\Microsoft.Azure.ActiveDirectory.Connector.dll\"\r\n \r\n\r\nDetails: \r\nCommandInvocation(Add-Type): \"Add-Type\"\r\nParameterBinding(Add-Type): name=\"Path\"; value=\"C:\\Program Files\\Microsoft Azure AD Sync\\\\Extensions\\Microsoft.Azure.ActiveDirectory.Connector.dll\"\r\n","Category":"Pipeline Execution Details","Opcode":"Info","EventReceivedTime":1687528191,"SourceModuleName":"in_powershell","SourceModuleType":"im_msvistalog"}
<14>Jun 23 13:49:51 win-adfs.lunarstiiiness.com PowerShell[0]: {"EventTime":1687528191,"Hostname":"win-adfs.lunarstiiiness.com","Keywords":36028797018963968,"EventType":"INFO","SeverityValue":2,"Severity":"INFO","EventID":800,"SourceName":"PowerShell","Version":0,"Task":8,"OpcodeValue":0,"RecordNumber":6160088,"ProcessID":0,"ThreadID":0,"Channel":"Windows PowerShell","Message":"Pipeline execution details for command line:   Add-Type -Path \"$installationDirectory\\Bin\\Assemblies\\Microsoft.MetadirectoryServicesEx.dll\"\r\n. \r\n\r\nContext Information: \r\n\tDetailSequence=1\r\n\tDetailTotal=1\r\n\r\n\tSequenceNumber=362223\r\n\r\n\tUserId=LUNARSTIIINESS\\ADSyncMSAfb0e5$\r\n\tHostName=Default Host\r\n\tHostVersion=5.1.20348.1366\r\n\tHostId=4691e396-9fa3-47f9-b4f7-759e1fec8978\r\n\tHostApplication=C:\\Program Files\\Microsoft Azure AD Sync\\Bin\\miiserver.exe\r\n\tEngineVersion=5.1.20348.1366\r\n\tRunspaceId=dc5c8211-4b72-4ad9-b421-3f4f01a3d17a\r\n\tPipelineId=2\r\n\tScriptName=C:\\Program Files\\Microsoft Azure AD Sync\\Extensions\\AADConnector.psm1\r\n\tCommandLine=  Add-Type -Path \"$installationDirectory\\Bin\\Assemblies\\Microsoft.MetadirectoryServicesEx.dll\"\r\n \r\n\r\nDetails: \r\nCommandInvocation(Add-Type): \"Add-Type\"\r\nParameterBinding(Add-Type): name=\"Path\"; value=\"C:\\Program Files\\Microsoft Azure AD Sync\\\\Bin\\Assemblies\\Microsoft.MetadirectoryServicesEx.dll\"\r\n","Category":"Pipeline Execution Details","Opcode":"Info","EventReceivedTime":1687528191,"SourceModuleName":"in_powershell","SourceModuleType":"im_msvistalog"}
<14>Jun 23 13:49:51 win-adfs.lunarstiiiness.com PowerShell[0]: {"EventTime":1687528191,"Hostname":"win-adfs.lunarstiiiness.com","Keywords":36028797018963968,"EventType":"INFO","SeverityValue":2,"Severity":"INFO","EventID":800,"SourceName":"PowerShell","Version":0,"Task":8,"OpcodeValue":0,"RecordNumber":6160090,"ProcessID":0,"ThreadID":0,"Channel":"Windows PowerShell","Message":"Pipeline execution details for command line:   Add-Type -Path \"$installationDirectory\\Extensions\\Microsoft.Azure.ActiveDirectory.Connector.dll\"\r\n. \r\n\r\nContext Information: \r\n\tDetailSequence=1\r\n\tDetailTotal=1\r\n\r\n\tSequenceNumber=362227\r\n\r\n\tUserId=LUNARSTIIINESS\\ADSyncMSAfb0e5$\r\n\tHostName=Default Host\r\n\tHostVersion=5.1.20348.1366\r\n\tHostId=4691e396-9fa3-47f9-b4f7-759e1fec8978\r\n\tHostApplication=C:\\Program Files\\Microsoft Azure AD Sync\\Bin\\miiserver.exe\r\n\tEngineVersion=5.1.20348.1366\r\n\tRunspaceId=dc5c8211-4b72-4ad9-b421-3f4f01a3d17a\r\n\tPipelineId=2\r\n\tScriptName=C:\\Program Files\\Microsoft Azure AD Sync\\Extensions\\AADConnector.psm1\r\n\tCommandLine=  Add-Type -Path \"$installationDirectory\\Extensions\\Microsoft.Azure.ActiveDirectory.Connector.dll\"\r\n \r\n\r\nDetails: \r\nCommandInvocation(Add-Type): \"Add-Type\"\r\nParameterBinding(Add-Type): name=\"Path\"; value=\"C:\\Program Files\\Microsoft Azure AD Sync\\\\Extensions\\Microsoft.Azure.ActiveDirectory.Connector.dll\"\r\n","Category":"Pipeline Execution Details","Opcode":"Info","EventReceivedTime":1687528191,"SourceModuleName":"in_powershell","SourceModuleType":"im_msvistalog"}
<14>Jun 23 13:49:51 win-adfs.lunarstiiiness.com PowerShell[0]: {"EventTime":1687528191,"Hostname":"win-adfs.lunarstiiiness.com","Keywords":36028797018963968,"EventType":"INFO","SeverityValue":2,"Severity":"INFO","EventID":600,"SourceName":"PowerShell","Version":0,"Task":6,"OpcodeValue":0,"RecordNumber":6160098,"ProcessID":0,"ThreadID":0,"Channel":"Windows PowerShell","Message":"Provider \"WSMan\" is Started. \r\n\r\nDetails: \r\n\tProviderName=WSMan\r\n\tNewProviderState=Started\r\n\r\n\tSequenceNumber=362243\r\n\r\n\tHostName=Default Host\r\n\tHostVersion=5.1.20348.1366\r\n\tHostId=19242e8d-988e-4829-9550-26845561c599\r\n\tHostApplication=C:\\Program Files\\Microsoft Azure AD Sync\\Bin\\miiserver.exe\r\n\tEngineVersion=\r\n\tRunspaceId=\r\n\tPipelineId=\r\n\tCommandName=\r\n\tCommandType=\r\n\tScriptName=\r\n\tCommandPath=\r\n\tCommandLine=","Category":"Provider Lifecycle","Opcode":"Info","EventReceivedTime":1687528191,"SourceModuleName":"in_powershell","SourceModuleType":"im_msvistalog"}
<14>Jun 23 13:49:51 win-adfs.lunarstiiiness.com PowerShell[0]: {"EventTime":1687528191,"Hostname":"win-adfs.lunarstiiiness.com","Keywords":36028797018963968,"EventType":"INFO","SeverityValue":2,"Severity":"INFO","EventID":600,"SourceName":"PowerShell","Version":0,"Task":6,"OpcodeValue":0,"RecordNumber":6160097,"ProcessID":0,"ThreadID":0,"Channel":"Windows PowerShell","Message":"Provider \"Certificate\" is Started. \r\n\r\nDetails: \r\n\tProviderName=Certificate\r\n\tNewProviderState=Started\r\n\r\n\tSequenceNumber=362241\r\n\r\n\tHostName=Default Host\r\n\tHostVersion=5.1.20348.1366\r\n\tHostId=19242e8d-988e-4829-9550-26845561c599\r\n\tHostApplication=C:\\Program Files\\Microsoft Azure AD Sync\\Bin\\miiserver.exe\r\n\tEngineVersion=\r\n\tRunspaceId=\r\n\tPipelineId=\r\n\tCommandName=\r\n\tCommandType=\r\n\tScriptName=\r\n\tCommandPath=\r\n\tCommandLine=","Category":"Provider Lifecycle","Opcode":"Info","EventReceivedTime":1687528191,"SourceModuleName":"in_powershell","SourceModuleType":"im_msvistalog"}
<14>Jun 23 13:49:51 win-adfs.lunarstiiiness.com PowerShell[0]: {"EventTime":1687528191,"Hostname":"win-adfs.lunarstiiiness.com","Keywords":36028797018963968,"EventType":"INFO","SeverityValue":2,"Severity":"INFO","EventID":600,"SourceName":"PowerShell","Version":0,"Task":6,"OpcodeValue":0,"RecordNumber":6160092,"ProcessID":0,"ThreadID":0,"Channel":"Windows PowerShell","Message":"Provider \"Alias\" is Started. \r\n\r\nDetails: \r\n\tProviderName=Alias\r\n\tNewProviderState=Started\r\n\r\n\tSequenceNumber=362231\r\n\r\n\tHostName=Default Host\r\n\tHostVersion=5.1.20348.1366\r\n\tHostId=19242e8d-988e-4829-9550-26845561c599\r\n\tHostApplication=C:\\Program Files\\Microsoft Azure AD Sync\\Bin\\miiserver.exe\r\n\tEngineVersion=\r\n\tRunspaceId=\r\n\tPipelineId=\r\n\tCommandName=\r\n\tCommandType=\r\n\tScriptName=\r\n\tCommandPath=\r\n\tCommandLine=","Category":"Provider Lifecycle","Opcode":"Info","EventReceivedTime":1687528191,"SourceModuleName":"in_powershell","SourceModuleType":"im_msvistalog"}
<14>Jun 23 13:49:51 win-adfs.lunarstiiiness.com PowerShell[0]: {"EventTime":1687528191,"Hostname":"win-adfs.lunarstiiiness.com","Keywords":36028797018963968,"EventType":"INFO","SeverityValue":2,"Severity":"INFO","EventID":600,"SourceName":"PowerShell","Version":0,"Task":6,"OpcodeValue":0,"RecordNumber":6160085,"ProcessID":0,"ThreadID":0,"Channel":"Windows PowerShell","Message":"Provider \"Certificate\" is Started. \r\n\r\nDetails: \r\n\tProviderName=Certificate\r\n\tNewProviderState=Started\r\n\r\n\tSequenceNumber=362217\r\n\r\n\tHostName=Default Host\r\n\tHostVersion=5.1.20348.1366\r\n\tHostId=4691e396-9fa3-47f9-b4f7-759e1fec8978\r\n\tHostApplication=C:\\Program Files\\Microsoft Azure AD Sync\\Bin\\miiserver.exe\r\n\tEngineVersion=\r\n\tRunspaceId=\r\n\tPipelineId=\r\n\tCommandName=\r\n\tCommandType=\r\n\tScriptName=\r\n\tCommandPath=\r\n\tCommandLine=","Category":"Provider Lifecycle","Opcode":"Info","EventReceivedTime":1687528191,"SourceModuleName":"in_powershell","SourceModuleType":"im_msvistalog"}
<14>Jun 23 13:49:51 win-adfs.lunarstiiiness.com PowerShell[0]: {"EventTime":1687528191,"Hostname":"win-adfs.lunarstiiiness.com","Keywords":36028797018963968,"EventType":"INFO","SeverityValue":2,"Severity":"INFO","EventID":600,"SourceName":"PowerShell","Version":0,"Task":6,"OpcodeValue":0,"RecordNumber":6160081,"ProcessID":0,"ThreadID":0,"Channel":"Windows PowerShell","Message":"Provider \"Environment\" is Started. \r\n\r\nDetails: \r\n\tProviderName=Environment\r\n\tNewProviderState=Started\r\n\r\n\tSequenceNumber=362209\r\n\r\n\tHostName=Default Host\r\n\tHostVersion=5.1.20348.1366\r\n\tHostId=4691e396-9fa3-47f9-b4f7-759e1fec8978\r\n\tHostApplication=C:\\Program Files\\Microsoft Azure AD Sync\\Bin\\miiserver.exe\r\n\tEngineVersion=\r\n\tRunspaceId=\r\n\tPipelineId=\r\n\tCommandName=\r\n\tCommandType=\r\n\tScriptName=\r\n\tCommandPath=\r\n\tCommandLine=","Category":"Provider Lifecycle","Opcode":"Info","EventReceivedTime":1687528191,"SourceModuleName":"in_powershell","SourceModuleType":"im_msvistalog"}
<14>Jun 23 13:49:51 win-adfs.lunarstiiiness.com PowerShell[0]: {"EventTime":1687528191,"Hostname":"win-adfs.lunarstiiiness.com","Keywords":36028797018963968,"EventType":"INFO","SeverityValue":2,"Severity":"INFO","EventID":600,"SourceName":"PowerShell","Version":0,"Task":6,"OpcodeValue":0,"RecordNumber":6160082,"ProcessID":0,"ThreadID":0,"Channel":"Windows PowerShell","Message":"Provider \"FileSystem\" is Started. \r\n\r\nDetails: \r\n\tProviderName=FileSystem\r\n\tNewProviderState=Started\r\n\r\n\tSequenceNumber=362211\r\n\r\n\tHostName=Default Host\r\n\tHostVersion=5.1.20348.1366\r\n\tHostId=4691e396-9fa3-47f9-b4f7-759e1fec8978\r\n\tHostApplication=C:\\Program Files\\Microsoft Azure AD Sync\\Bin\\miiserver.exe\r\n\tEngineVersion=\r\n\tRunspaceId=\r\n\tPipelineId=\r\n\tCommandName=\r\n\tCommandType=\r\n\tScriptName=\r\n\tCommandPath=\r\n\tCommandLine=","Category":"Provider Lifecycle","Opcode":"Info","EventReceivedTime":1687528191,"SourceModuleName":"in_powershell","SourceModuleType":"im_msvistalog"}
<14>Jun 23 13:49:51 win-adfs.lunarstiiiness.com PowerShell[0]: {"EventTime":1687528191,"Hostname":"win-adfs.lunarstiiiness.com","Keywords":36028797018963968,"EventType":"INFO","SeverityValue":2,"Severity":"INFO","EventID":600,"SourceName":"PowerShell","Version":0,"Task":6,"OpcodeValue":0,"RecordNumber":6160091,"ProcessID":0,"ThreadID":0,"Channel":"Windows PowerShell","Message":"Provider \"Registry\" is Started. \r\n\r\nDetails: \r\n\tProviderName=Registry\r\n\tNewProviderState=Started\r\n\r\n\tSequenceNumber=362229\r\n\r\n\tHostName=Default Host\r\n\tHostVersion=5.1.20348.1366\r\n\tHostId=19242e8d-988e-4829-9550-26845561c599\r\n\tHostApplication=C:\\Program Files\\Microsoft Azure AD Sync\\Bin\\miiserver.exe\r\n\tEngineVersion=\r\n\tRunspaceId=\r\n\tPipelineId=\r\n\tCommandName=\r\n\tCommandType=\r\n\tScriptName=\r\n\tCommandPath=\r\n\tCommandLine=","Category":"Provider Lifecycle","Opcode":"Info","EventReceivedTime":1687528191,"SourceModuleName":"in_powershell","SourceModuleType":"im_msvistalog"}
<14>Jun 23 13:49:51 win-adfs.lunarstiiiness.com PowerShell[0]: {"EventTime":1687528191,"Hostname":"win-adfs.lunarstiiiness.com","Keywords":36028797018963968,"EventType":"INFO","SeverityValue":2,"Severity":"INFO","EventID":600,"SourceName":"PowerShell","Version":0,"Task":6,"OpcodeValue":0,"RecordNumber":6160079,"ProcessID":0,"ThreadID":0,"Channel":"Windows PowerShell","Message":"Provider \"Registry\" is Started. \r\n\r\nDetails: \r\n\tProviderName=Registry\r\n\tNewProviderState=Started\r\n\r\n\tSequenceNumber=362205\r\n\r\n\tHostName=Default Host\r\n\tHostVersion=5.1.20348.1366\r\n\tHostId=4691e396-9fa3-47f9-b4f7-759e1fec8978\r\n\tHostApplication=C:\\Program Files\\Microsoft Azure AD Sync\\Bin\\miiserver.exe\r\n\tEngineVersion=\r\n\tRunspaceId=\r\n\tPipelineId=\r\n\tCommandName=\r\n\tCommandType=\r\n\tScriptName=\r\n\tCommandPath=\r\n\tCommandLine=","Category":"Provider Lifecycle","Opcode":"Info","EventReceivedTime":1687528191,"SourceModuleName":"in_powershell","SourceModuleType":"im_msvistalog"}
<14>Jun 23 13:49:51 win-adfs.lunarstiiiness.com PowerShell[0]: {"EventTime":1687528191,"Hostname":"win-adfs.lunarstiiiness.com","Keywords":36028797018963968,"EventType":"INFO","SeverityValue":2,"Severity":"INFO","EventID":600,"SourceName":"PowerShell","Version":0,"Task":6,"OpcodeValue":0,"RecordNumber":6160094,"ProcessID":0,"ThreadID":0,"Channel":"Windows PowerShell","Message":"Provider \"FileSystem\" is Started. \r\n\r\nDetails: \r\n\tProviderName=FileSystem\r\n\tNewProviderState=Started\r\n\r\n\tSequenceNumber=362235\r\n\r\n\tHostName=Default Host\r\n\tHostVersion=5.1.20348.1366\r\n\tHostId=19242e8d-988e-4829-9550-26845561c599\r\n\tHostApplication=C:\\Program Files\\Microsoft Azure AD Sync\\Bin\\miiserver.exe\r\n\tEngineVersion=\r\n\tRunspaceId=\r\n\tPipelineId=\r\n\tCommandName=\r\n\tCommandType=\r\n\tScriptName=\r\n\tCommandPath=\r\n\tCommandLine=","Category":"Provider Lifecycle","Opcode":"Info","EventReceivedTime":1687528191,"SourceModuleName":"in_powershell","SourceModuleType":"im_msvistalog"}
<14>Jun 23 13:49:51 win-adfs.lunarstiiiness.com PowerShell[0]: {"EventTime":1687528191,"Hostname":"win-adfs.lunarstiiiness.com","Keywords":36028797018963968,"EventType":"INFO","SeverityValue":2,"Severity":"INFO","EventID":600,"SourceName":"PowerShell","Version":0,"Task":6,"OpcodeValue":0,"RecordNumber":6160083,"ProcessID":0,"ThreadID":0,"Channel":"Windows PowerShell","Message":"Provider \"Function\" is Started. \r\n\r\nDetails: \r\n\tProviderName=Function\r\n\tNewProviderState=Started\r\n\r\n\tSequenceNumber=362213\r\n\r\n\tHostName=Default Host\r\n\tHostVersion=5.1.20348.1366\r\n\tHostId=4691e396-9fa3-47f9-b4f7-759e1fec8978\r\n\tHostApplication=C:\\Program Files\\Microsoft Azure AD Sync\\Bin\\miiserver.exe\r\n\tEngineVersion=\r\n\tRunspaceId=\r\n\tPipelineId=\r\n\tCommandName=\r\n\tCommandType=\r\n\tScriptName=\r\n\tCommandPath=\r\n\tCommandLine=","Category":"Provider Lifecycle","Opcode":"Info","EventReceivedTime":1687528191,"SourceModuleName":"in_powershell","SourceModuleType":"im_msvistalog"}
<14>Jun 23 13:49:51 win-adfs.lunarstiiiness.com PowerShell[0]: {"EventTime":1687528191,"Hostname":"win-adfs.lunarstiiiness.com","Keywords":36028797018963968,"EventType":"INFO","SeverityValue":2,"Severity":"INFO","EventID":600,"SourceName":"PowerShell","Version":0,"Task":6,"OpcodeValue":0,"RecordNumber":6160080,"ProcessID":0,"ThreadID":0,"Channel":"Windows PowerShell","Message":"Provider \"Alias\" is Started. \r\n\r\nDetails: \r\n\tProviderName=Alias\r\n\tNewProviderState=Started\r\n\r\n\tSequenceNumber=362207\r\n\r\n\tHostName=Default Host\r\n\tHostVersion=5.1.20348.1366\r\n\tHostId=4691e396-9fa3-47f9-b4f7-759e1fec8978\r\n\tHostApplication=C:\\Program Files\\Microsoft Azure AD Sync\\Bin\\miiserver.exe\r\n\tEngineVersion=\r\n\tRunspaceId=\r\n\tPipelineId=\r\n\tCommandName=\r\n\tCommandType=\r\n\tScriptName=\r\n\tCommandPath=\r\n\tCommandLine=","Category":"Provider Lifecycle","Opcode":"Info","EventReceivedTime":1687528191,"SourceModuleName":"in_powershell","SourceModuleType":"im_msvistalog"}
<14>Jun 23 13:49:51 win-adfs.lunarstiiiness.com PowerShell[0]: {"EventTime":1687528191,"Hostname":"win-adfs.lunarstiiiness.com","Keywords":36028797018963968,"EventType":"INFO","SeverityValue":2,"Severity":"INFO","EventID":600,"SourceName":"PowerShell","Version":0,"Task":6,"OpcodeValue":0,"RecordNumber":6160093,"ProcessID":0,"ThreadID":0,"Channel":"Windows PowerShell","Message":"Provider \"Environment\" is Started. \r\n\r\nDetails: \r\n\tProviderName=Environment\r\n\tNewProviderState=Started\r\n\r\n\tSequenceNumber=362233\r\n\r\n\tHostName=Default Host\r\n\tHostVersion=5.1.20348.1366\r\n\tHostId=19242e8d-988e-4829-9550-26845561c599\r\n\tHostApplication=C:\\Program Files\\Microsoft Azure AD Sync\\Bin\\miiserver.exe\r\n\tEngineVersion=\r\n\tRunspaceId=\r\n\tPipelineId=\r\n\tCommandName=\r\n\tCommandType=\r\n\tScriptName=\r\n\tCommandPath=\r\n\tCommandLine=","Category":"Provider Lifecycle","Opcode":"Info","EventReceivedTime":1687528191,"SourceModuleName":"in_powershell","SourceModuleType":"im_msvistalog"}
<14>Jun 23 13:49:51 win-adfs.lunarstiiiness.com PowerShell[0]: {"EventTime":1687528191,"Hostname":"win-adfs.lunarstiiiness.com","Keywords":36028797018963968,"EventType":"INFO","SeverityValue":2,"Severity":"INFO","EventID":600,"SourceName":"PowerShell","Version":0,"Task":6,"OpcodeValue":0,"RecordNumber":6160084,"ProcessID":0,"ThreadID":0,"Channel":"Windows PowerShell","Message":"Provider \"Variable\" is Started. \r\n\r\nDetails: \r\n\tProviderName=Variable\r\n\tNewProviderState=Started\r\n\r\n\tSequenceNumber=362215\r\n\r\n\tHostName=Default Host\r\n\tHostVersion=5.1.20348.1366\r\n\tHostId=4691e396-9fa3-47f9-b4f7-759e1fec8978\r\n\tHostApplication=C:\\Program Files\\Microsoft Azure AD Sync\\Bin\\miiserver.exe\r\n\tEngineVersion=\r\n\tRunspaceId=\r\n\tPipelineId=\r\n\tCommandName=\r\n\tCommandType=\r\n\tScriptName=\r\n\tCommandPath=\r\n\tCommandLine=","Category":"Provider Lifecycle","Opcode":"Info","EventReceivedTime":1687528191,"SourceModuleName":"in_powershell","SourceModuleType":"im_msvistalog"}
<14>Jun 23 13:49:51 win-adfs.lunarstiiiness.com PowerShell[0]: {"EventTime":1687528191,"Hostname":"win-adfs.lunarstiiiness.com","Keywords":36028797018963968,"EventType":"INFO","SeverityValue":2,"Severity":"INFO","EventID":600,"SourceName":"PowerShell","Version":0,"Task":6,"OpcodeValue":0,"RecordNumber":6160096,"ProcessID":0,"ThreadID":0,"Channel":"Windows PowerShell","Message":"Provider \"Variable\" is Started. \r\n\r\nDetails: \r\n\tProviderName=Variable\r\n\tNewProviderState=Started\r\n\r\n\tSequenceNumber=362239\r\n\r\n\tHostName=Default Host\r\n\tHostVersion=5.1.20348.1366\r\n\tHostId=19242e8d-988e-4829-9550-26845561c599\r\n\tHostApplication=C:\\Program Files\\Microsoft Azure AD Sync\\Bin\\miiserver.exe\r\n\tEngineVersion=\r\n\tRunspaceId=\r\n\tPipelineId=\r\n\tCommandName=\r\n\tCommandType=\r\n\tScriptName=\r\n\tCommandPath=\r\n\tCommandLine=","Category":"Provider Lifecycle","Opcode":"Info","EventReceivedTime":1687528191,"SourceModuleName":"in_powershell","SourceModuleType":"im_msvistalog"}
<14>Jun 23 13:49:51 win-adfs.lunarstiiiness.com PowerShell[0]: {"EventTime":1687528191,"Hostname":"win-adfs.lunarstiiiness.com","Keywords":36028797018963968,"EventType":"INFO","SeverityValue":2,"Severity":"INFO","EventID":600,"SourceName":"PowerShell","Version":0,"Task":6,"OpcodeValue":0,"RecordNumber":6160086,"ProcessID":0,"ThreadID":0,"Channel":"Windows PowerShell","Message":"Provider \"WSMan\" is Started. \r\n\r\nDetails: \r\n\tProviderName=WSMan\r\n\tNewProviderState=Started\r\n\r\n\tSequenceNumber=362219\r\n\r\n\tHostName=Default Host\r\n\tHostVersion=5.1.20348.1366\r\n\tHostId=4691e396-9fa3-47f9-b4f7-759e1fec8978\r\n\tHostApplication=C:\\Program Files\\Microsoft Azure AD Sync\\Bin\\miiserver.exe\r\n\tEngineVersion=\r\n\tRunspaceId=\r\n\tPipelineId=\r\n\tCommandName=\r\n\tCommandType=\r\n\tScriptName=\r\n\tCommandPath=\r\n\tCommandLine=","Category":"Provider Lifecycle","Opcode":"Info","EventReceivedTime":1687528191,"SourceModuleName":"in_powershell","SourceModuleType":"im_msvistalog"}
<14>Jun 23 13:49:51 win-adfs.lunarstiiiness.com PowerShell[0]: {"EventTime":1687528191,"Hostname":"win-adfs.lunarstiiiness.com","Keywords":36028797018963968,"EventType":"INFO","SeverityValue":2,"Severity":"INFO","EventID":600,"SourceName":"PowerShell","Version":0,"Task":6,"OpcodeValue":0,"RecordNumber":6160095,"ProcessID":0,"ThreadID":0,"Channel":"Windows PowerShell","Message":"Provider \"Function\" is Started. \r\n\r\nDetails: \r\n\tProviderName=Function\r\n\tNewProviderState=Started\r\n\r\n\tSequenceNumber=362237\r\n\r\n\tHostName=Default Host\r\n\tHostVersion=5.1.20348.1366\r\n\tHostId=19242e8d-988e-4829-9550-26845561c599\r\n\tHostApplication=C:\\Program Files\\Microsoft Azure AD Sync\\Bin\\miiserver.exe\r\n\tEngineVersion=\r\n\tRunspaceId=\r\n\tPipelineId=\r\n\tCommandName=\r\n\tCommandType=\r\n\tScriptName=\r\n\tCommandPath=\r\n\tCommandLine=","Category":"Provider Lifecycle","Opcode":"Info","EventReceivedTime":1687528191,"SourceModuleName":"in_powershell","SourceModuleType":"im_msvistalog"}
<14>Jun 23 13:49:51 win-adfs.lunarstiiiness.com PowerShell[0]: {"EventTime":1687528191,"Hostname":"win-adfs.lunarstiiiness.com","Keywords":36028797018963968,"EventType":"INFO","SeverityValue":2,"Severity":"INFO","EventID":400,"SourceName":"PowerShell","Version":0,"Task":4,"OpcodeValue":0,"RecordNumber":6160087,"ProcessID":0,"ThreadID":0,"Channel":"Windows PowerShell","Message":"Engine state is changed from None to Available. \r\n\r\nDetails: \r\n\tNewEngineState=Available\r\n\tPreviousEngineState=None\r\n\r\n\tSequenceNumber=362221\r\n\r\n\tHostName=Default Host\r\n\tHostVersion=5.1.20348.1366\r\n\tHostId=4691e396-9fa3-47f9-b4f7-759e1fec8978\r\n\tHostApplication=C:\\Program Files\\Microsoft Azure AD Sync\\Bin\\miiserver.exe\r\n\tEngineVersion=5.1.20348.1366\r\n\tRunspaceId=dc5c8211-4b72-4ad9-b421-3f4f01a3d17a\r\n\tPipelineId=\r\n\tCommandName=\r\n\tCommandType=\r\n\tScriptName=\r\n\tCommandPath=\r\n\tCommandLine=","Category":"Engine Lifecycle","Opcode":"Info","EventReceivedTime":1687528191,"SourceModuleName":"in_powershell","SourceModuleType":"im_msvistalog"}
<14>Jun 23 13:49:51 win-adfs.lunarstiiiness.com PowerShell[0]: {"EventTime":1687528191,"Hostname":"win-adfs.lunarstiiiness.com","Keywords":36028797018963968,"EventType":"INFO","SeverityValue":2,"Severity":"INFO","EventID":400,"SourceName":"PowerShell","Version":0,"Task":4,"OpcodeValue":0,"RecordNumber":6160099,"ProcessID":0,"ThreadID":0,"Channel":"Windows PowerShell","Message":"Engine state is changed from None to Available. \r\n\r\nDetails: \r\n\tNewEngineState=Available\r\n\tPreviousEngineState=None\r\n\r\n\tSequenceNumber=362245\r\n\r\n\tHostName=Default Host\r\n\tHostVersion=5.1.20348.1366\r\n\tHostId=19242e8d-988e-4829-9550-26845561c599\r\n\tHostApplication=C:\\Program Files\\Microsoft Azure AD Sync\\Bin\\miiserver.exe\r\n\tEngineVersion=5.1.20348.1366\r\n\tRunspaceId=224277c4-344e-488b-bb3c-7fd5c3dd7866\r\n\tPipelineId=\r\n\tCommandName=\r\n\tCommandType=\r\n\tScriptName=\r\n\tCommandPath=\r\n\tCommandLine=","Category":"Engine Lifecycle","Opcode":"Info","EventReceivedTime":1687528191,"SourceModuleName":"in_powershell","SourceModuleType":"im_msvistalog"}
<14>Jun 23 13:49:54 win-adfs.lunarstiiiness.com PowerShell[0]: {"EventTime":1687528194,"Hostname":"win-adfs.lunarstiiiness.com","Keywords":36028797018963968,"EventType":"INFO","SeverityValue":2,"Severity":"INFO","EventID":600,"SourceName":"PowerShell","Version":0,"Task":6,"OpcodeValue":0,"RecordNumber":6160104,"ProcessID":0,"ThreadID":0,"Channel":"Windows PowerShell","Message":"Provider \"Alias\" is Started. \r\n\r\nDetails: \r\n\tProviderName=Alias\r\n\tNewProviderState=Started\r\n\r\n\tSequenceNumber=362255\r\n\r\n\tHostName=Default Host\r\n\tHostVersion=5.1.20348.1366\r\n\tHostId=bdb041cb-aa96-4682-95e6-3c5194b26136\r\n\tHostApplication=C:\\Program Files\\Microsoft Azure AD Sync\\Bin\\miiserver.exe\r\n\tEngineVersion=\r\n\tRunspaceId=\r\n\tPipelineId=\r\n\tCommandName=\r\n\tCommandType=\r\n\tScriptName=\r\n\tCommandPath=\r\n\tCommandLine=","Category":"Provider Lifecycle","Opcode":"Info","EventReceivedTime":1687528194,"SourceModuleName":"in_powershell","SourceModuleType":"im_msvistalog"}
<14>Jun 23 13:49:54 win-adfs.lunarstiiiness.com PowerShell[0]: {"EventTime":1687528194,"Hostname":"win-adfs.lunarstiiiness.com","Keywords":36028797018963968,"EventType":"INFO","SeverityValue":2,"Severity":"INFO","EventID":600,"SourceName":"PowerShell","Version":0,"Task":6,"OpcodeValue":0,"RecordNumber":6160105,"ProcessID":0,"ThreadID":0,"Channel":"Windows PowerShell","Message":"Provider \"Environment\" is Started. \r\n\r\nDetails: \r\n\tProviderName=Environment\r\n\tNewProviderState=Started\r\n\r\n\tSequenceNumber=362257\r\n\r\n\tHostName=Default Host\r\n\tHostVersion=5.1.20348.1366\r\n\tHostId=bdb041cb-aa96-4682-95e6-3c5194b26136\r\n\tHostApplication=C:\\Program Files\\Microsoft Azure AD Sync\\Bin\\miiserver.exe\r\n\tEngineVersion=\r\n\tRunspaceId=\r\n\tPipelineId=\r\n\tCommandName=\r\n\tCommandType=\r\n\tScriptName=\r\n\tCommandPath=\r\n\tCommandLine=","Category":"Provider Lifecycle","Opcode":"Info","EventReceivedTime":1687528194,"SourceModuleName":"in_powershell","SourceModuleType":"im_msvistalog"}
<14>Jun 23 13:49:54 win-adfs.lunarstiiiness.com PowerShell[0]: {"EventTime":1687528194,"Hostname":"win-adfs.lunarstiiiness.com","Keywords":36028797018963968,"EventType":"INFO","SeverityValue":2,"Severity":"INFO","EventID":600,"SourceName":"PowerShell","Version":0,"Task":6,"OpcodeValue":0,"RecordNumber":6160110,"ProcessID":0,"ThreadID":0,"Channel":"Windows PowerShell","Message":"Provider \"WSMan\" is Started. \r\n\r\nDetails: \r\n\tProviderName=WSMan\r\n\tNewProviderState=Started\r\n\r\n\tSequenceNumber=362267\r\n\r\n\tHostName=Default Host\r\n\tHostVersion=5.1.20348.1366\r\n\tHostId=bdb041cb-aa96-4682-95e6-3c5194b26136\r\n\tHostApplication=C:\\Program Files\\Microsoft Azure AD Sync\\Bin\\miiserver.exe\r\n\tEngineVersion=\r\n\tRunspaceId=\r\n\tPipelineId=\r\n\tCommandName=\r\n\tCommandType=\r\n\tScriptName=\r\n\tCommandPath=\r\n\tCommandLine=","Category":"Provider Lifecycle","Opcode":"Info","EventReceivedTime":1687528194,"SourceModuleName":"in_powershell","SourceModuleType":"im_msvistalog"}
<14>Jun 23 13:49:54 win-adfs.lunarstiiiness.com PowerShell[0]: {"EventTime":1687528194,"Hostname":"win-adfs.lunarstiiiness.com","Keywords":36028797018963968,"EventType":"INFO","SeverityValue":2,"Severity":"INFO","EventID":600,"SourceName":"PowerShell","Version":0,"Task":6,"OpcodeValue":0,"RecordNumber":6160107,"ProcessID":0,"ThreadID":0,"Channel":"Windows PowerShell","Message":"Provider \"Function\" is Started. \r\n\r\nDetails: \r\n\tProviderName=Function\r\n\tNewProviderState=Started\r\n\r\n\tSequenceNumber=362261\r\n\r\n\tHostName=Default Host\r\n\tHostVersion=5.1.20348.1366\r\n\tHostId=bdb041cb-aa96-4682-95e6-3c5194b26136\r\n\tHostApplication=C:\\Program Files\\Microsoft Azure AD Sync\\Bin\\miiserver.exe\r\n\tEngineVersion=\r\n\tRunspaceId=\r\n\tPipelineId=\r\n\tCommandName=\r\n\tCommandType=\r\n\tScriptName=\r\n\tCommandPath=\r\n\tCommandLine=","Category":"Provider Lifecycle","Opcode":"Info","EventReceivedTime":1687528194,"SourceModuleName":"in_powershell","SourceModuleType":"im_msvistalog"}
<14>Jun 23 13:49:54 win-adfs.lunarstiiiness.com PowerShell[0]: {"EventTime":1687528194,"Hostname":"win-adfs.lunarstiiiness.com","Keywords":36028797018963968,"EventType":"INFO","SeverityValue":2,"Severity":"INFO","EventID":600,"SourceName":"PowerShell","Version":0,"Task":6,"OpcodeValue":0,"RecordNumber":6160108,"ProcessID":0,"ThreadID":0,"Channel":"Windows PowerShell","Message":"Provider \"Variable\" is Started. \r\n\r\nDetails: \r\n\tProviderName=Variable\r\n\tNewProviderState=Started\r\n\r\n\tSequenceNumber=362263\r\n\r\n\tHostName=Default Host\r\n\tHostVersion=5.1.20348.1366\r\n\tHostId=bdb041cb-aa96-4682-95e6-3c5194b26136\r\n\tHostApplication=C:\\Program Files\\Microsoft Azure AD Sync\\Bin\\miiserver.exe\r\n\tEngineVersion=\r\n\tRunspaceId=\r\n\tPipelineId=\r\n\tCommandName=\r\n\tCommandType=\r\n\tScriptName=\r\n\tCommandPath=\r\n\tCommandLine=","Category":"Provider Lifecycle","Opcode":"Info","EventReceivedTime":1687528194,"SourceModuleName":"in_powershell","SourceModuleType":"im_msvistalog"}
<14>Jun 23 13:49:54 win-adfs.lunarstiiiness.com PowerShell[0]: {"EventTime":1687528194,"Hostname":"win-adfs.lunarstiiiness.com","Keywords":36028797018963968,"EventType":"INFO","SeverityValue":2,"Severity":"INFO","EventID":600,"SourceName":"PowerShell","Version":0,"Task":6,"OpcodeValue":0,"RecordNumber":6160109,"ProcessID":0,"ThreadID":0,"Channel":"Windows PowerShell","Message":"Provider \"Certificate\" is Started. \r\n\r\nDetails: \r\n\tProviderName=Certificate\r\n\tNewProviderState=Started\r\n\r\n\tSequenceNumber=362265\r\n\r\n\tHostName=Default Host\r\n\tHostVersion=5.1.20348.1366\r\n\tHostId=bdb041cb-aa96-4682-95e6-3c5194b26136\r\n\tHostApplication=C:\\Program Files\\Microsoft Azure AD Sync\\Bin\\miiserver.exe\r\n\tEngineVersion=\r\n\tRunspaceId=\r\n\tPipelineId=\r\n\tCommandName=\r\n\tCommandType=\r\n\tScriptName=\r\n\tCommandPath=\r\n\tCommandLine=","Category":"Provider Lifecycle","Opcode":"Info","EventReceivedTime":1687528194,"SourceModuleName":"in_powershell","SourceModuleType":"im_msvistalog"}
<14>Jun 23 13:49:54 win-adfs.lunarstiiiness.com PowerShell[0]: {"EventTime":1687528194,"Hostname":"win-adfs.lunarstiiiness.com","Keywords":36028797018963968,"EventType":"INFO","SeverityValue":2,"Severity":"INFO","EventID":600,"SourceName":"PowerShell","Version":0,"Task":6,"OpcodeValue":0,"RecordNumber":6160103,"ProcessID":0,"ThreadID":0,"Channel":"Windows PowerShell","Message":"Provider \"Registry\" is Started. \r\n\r\nDetails: \r\n\tProviderName=Registry\r\n\tNewProviderState=Started\r\n\r\n\tSequenceNumber=362253\r\n\r\n\tHostName=Default Host\r\n\tHostVersion=5.1.20348.1366\r\n\tHostId=bdb041cb-aa96-4682-95e6-3c5194b26136\r\n\tHostApplication=C:\\Program Files\\Microsoft Azure AD Sync\\Bin\\miiserver.exe\r\n\tEngineVersion=\r\n\tRunspaceId=\r\n\tPipelineId=\r\n\tCommandName=\r\n\tCommandType=\r\n\tScriptName=\r\n\tCommandPath=\r\n\tCommandLine=","Category":"Provider Lifecycle","Opcode":"Info","EventReceivedTime":1687528194,"SourceModuleName":"in_powershell","SourceModuleType":"im_msvistalog"}
<14>Jun 23 13:49:54 win-adfs.lunarstiiiness.com PowerShell[0]: {"EventTime":1687528194,"Hostname":"win-adfs.lunarstiiiness.com","Keywords":36028797018963968,"EventType":"INFO","SeverityValue":2,"Severity":"INFO","EventID":600,"SourceName":"PowerShell","Version":0,"Task":6,"OpcodeValue":0,"RecordNumber":6160106,"ProcessID":0,"ThreadID":0,"Channel":"Windows PowerShell","Message":"Provider \"FileSystem\" is Started. \r\n\r\nDetails: \r\n\tProviderName=FileSystem\r\n\tNewProviderState=Started\r\n\r\n\tSequenceNumber=362259\r\n\r\n\tHostName=Default Host\r\n\tHostVersion=5.1.20348.1366\r\n\tHostId=bdb041cb-aa96-4682-95e6-3c5194b26136\r\n\tHostApplication=C:\\Program Files\\Microsoft Azure AD Sync\\Bin\\miiserver.exe\r\n\tEngineVersion=\r\n\tRunspaceId=\r\n\tPipelineId=\r\n\tCommandName=\r\n\tCommandType=\r\n\tScriptName=\r\n\tCommandPath=\r\n\tCommandLine=","Category":"Provider Lifecycle","Opcode":"Info","EventReceivedTime":1687528194,"SourceModuleName":"in_powershell","SourceModuleType":"im_msvistalog"}
<14>Jun 23 13:49:56 win-adfs.lunarstiiiness.com PowerShell[0]: {"EventTime":1687528195,"Hostname":"win-adfs.lunarstiiiness.com","Keywords":36028797018963968,"EventType":"INFO","SeverityValue":2,"Severity":"INFO","EventID":600,"SourceName":"PowerShell","Version":0,"Task":6,"OpcodeValue":0,"RecordNumber":6160146,"ProcessID":0,"ThreadID":0,"Channel":"Windows PowerShell","Message":"Provider \"WSMan\" is Started. \r\n\r\nDetails: \r\n\tProviderName=WSMan\r\n\tNewProviderState=Started\r\n\r\n\tSequenceNumber=362339\r\n\r\n\tHostName=Default Host\r\n\tHostVersion=5.1.20348.1366\r\n\tHostId=a56d548b-9508-43eb-830e-dfe8f7ee2c24\r\n\tHostApplication=C:\\Program Files\\Microsoft Azure AD Sync\\Bin\\miiserver.exe\r\n\tEngineVersion=\r\n\tRunspaceId=\r\n\tPipelineId=\r\n\tCommandName=\r\n\tCommandType=\r\n\tScriptName=\r\n\tCommandPath=\r\n\tCommandLine=","Category":"Provider Lifecycle","Opcode":"Info","EventReceivedTime":1687528196,"SourceModuleName":"in_powershell","SourceModuleType":"im_msvistalog"}
<14>Jun 23 13:49:56 win-adfs.lunarstiiiness.com PowerShell[0]: {"EventTime":1687528195,"Hostname":"win-adfs.lunarstiiiness.com","Keywords":36028797018963968,"EventType":"INFO","SeverityValue":2,"Severity":"INFO","EventID":600,"SourceName":"PowerShell","Version":0,"Task":6,"OpcodeValue":0,"RecordNumber":6160154,"ProcessID":0,"ThreadID":0,"Channel":"Windows PowerShell","Message":"Provider \"FileSystem\" is Started. \r\n\r\nDetails: \r\n\tProviderName=FileSystem\r\n\tNewProviderState=Started\r\n\r\n\tSequenceNumber=362355\r\n\r\n\tHostName=Default Host\r\n\tHostVersion=5.1.20348.1366\r\n\tHostId=35033715-1c49-4d7f-bd38-cf5569d784d0\r\n\tHostApplication=C:\\Program Files\\Microsoft Azure AD Sync\\Bin\\miiserver.exe\r\n\tEngineVersion=\r\n\tRunspaceId=\r\n\tPipelineId=\r\n\tCommandName=\r\n\tCommandType=\r\n\tScriptName=\r\n\tCommandPath=\r\n\tCommandLine=","Category":"Provider Lifecycle","Opcode":"Info","EventReceivedTime":1687528196,"SourceModuleName":"in_powershell","SourceModuleType":"im_msvistalog"}
