<14>Jun 23 13:49:56 win-adfs.lunarstiiiness.com PowerShell[0]: {"EventTime":1687528195,"Hostname":"win-adfs.lunarstiiiness.com","Keywords":36028797018963968,"EventType":"INFO","SeverityValue":2,"Severity":"INFO","EventID":800,"SourceName":"PowerShell","Version":0,"Task":8,"OpcodeValue":0,"RecordNumber":6160137,"ProcessID":0,"ThreadID":0,"Channel":"Windows PowerShell","Message":"Pipeline execution details for command line:   Add-Type -Path \"$installationDirectory\\Bin\\Microsoft.MetadirectoryServices.PasswordHashSynchronization.Types.dll\"\r\n. \r\n\r\nContext Information: \r\n\tDetailSequence=1\r\n\tDetailTotal=1\r\n\r\n\tSequenceNumber=362321\r\n\r\n\tUserId=LUNARSTIIINESS\\ADSyncMSAfb0e5$\r\n\tHostName=Default Host\r\n\tHostVersion=5.1.20348.1366\r\n\tHostId=c169b6f0-2b19-4691-a3e7-d9ebb612ca5d\r\n\tHostApplication=C:\\Program Files\\Microsoft Azure AD Sync\\Bin\\miiserver.exe\r\n\tEngineVersion=5.1.20348.1366\r\n\tRunspaceId=4b6ffc6b-bf74-4fb2-984d-c51a843f506a\r\n\tPipelineId=2\r\n\tScriptName=C:\\Program Files\\Microsoft Azure AD Sync\\Extensions\\AADConnector.psm1\r\n\tCommandLine=  Add-Type -Path \"$installationDirectory\\Bin\\Microsoft.MetadirectoryServices.PasswordHashSynchronization.Types.dll\"\r\n \r\n\r\nDetails: \r\nCommandInvocation(Add-Type): \"Add-Type\"\r\nParameterBinding(Add-Type): name=\"Path\"; value=\"C:\\Program Files\\Microsoft Azure AD Sync\\\\Bin\\Microsoft.MetadirectoryServices.PasswordHashSynchronization.Types.dll\"\r\n","Category":"Pipeline Execution Details","Opcode":"Info","EventReceivedTime":1687528196,"SourceModuleName":"in_powershell","SourceModuleType":"im_msvistalog"}
<14>Jun 23 13:49:56 win-adfs.lunarstiiiness.com PowerShell[0]: {"EventTime":1687528195,"Hostname":"win-adfs.lunarstiiiness.com","Keywords":36028797018963968,"EventType":"INFO","SeverityValue":2,"Severity":"INFO","EventID":800,"SourceName":"PowerShell","Version":0,"Task":8,"OpcodeValue":0,"RecordNumber":6160160,"ProcessID":0,"ThreadID":0,"Channel":"Windows PowerShell","Message":"Pipeline execution details for command line:   Add-Type -Path \"$installationDirectory\\Bin\\Assemblies\\Microsoft.MetadirectoryServicesEx.dll\"\r\n. \r\n\r\nContext Information: \r\n\tDetailSequence=1\r\n\tDetailTotal=1\r\n\r\n\tSequenceNumber=362367\r\n\r\n\tUserId=LUNARSTIIINESS\\ADSyncMSAfb0e5$\r\n\tHostName=Default Host\r\n\tHostVersion=5.1.20348.1366\r\n\tHostId=35033715-1c49-4d7f-bd38-cf5569d784d0\r\n\tHostApplication=C:\\Program Files\\Microsoft Azure AD Sync\\Bin\\miiserver.exe\r\n\tEngineVersion=5.1.20348.1366\r\n\tRunspaceId=2a1b1fad-8772-4492-893e-69338d63df6a\r\n\tPipelineId=2\r\n\tScriptName=C:\\Program Files\\Microsoft Azure AD Sync\\Extensions\\AADConnector.psm1\r\n\tCommandLine=  Add-Type -Path \"$installationDirectory\\Bin\\Assemblies\\Microsoft.MetadirectoryServicesEx.dll\"\r\n \r\n\r\nDetails: \r\nCommandInvocation(Add-Type): \"Add-Type\"\r\nParameterBinding(Add-Type): name=\"Path\"; value=\"C:\\Program Files\\Microsoft Azure AD Sync\\\\Bin\\Assemblies\\Microsoft.MetadirectoryServicesEx.dll\"\r\n","Category":"Pipeline Execution Details","Opcode":"Info","EventReceivedTime":1687528196,"SourceModuleName":"in_powershell","SourceModuleType":"im_msvistalog"}
<14>Jun 23 13:49:56 win-adfs.lunarstiiiness.com PowerShell[0]: {"EventTime":1687528195,"Hostname":"win-adfs.lunarstiiiness.com","Keywords":36028797018963968,"EventType":"INFO","SeverityValue":2,"Severity":"INFO","EventID":800,"SourceName":"PowerShell","Version":0,"Task":8,"OpcodeValue":0,"RecordNumber":6160136,"ProcessID":0,"ThreadID":0,"Channel":"Windows PowerShell","Message":"Pipeline execution details for command line:   Add-Type -Path \"$installationDirectory\\Bin\\Assemblies\\Microsoft.MetadirectoryServicesEx.dll\"\r\n. \r\n\r\nContext Information: \r\n\tDetailSequence=1\r\n\tDetailTotal=1\r\n\r\n\tSequenceNumber=362319\r\n\r\n\tUserId=LUNARSTIIINESS\\ADSyncMSAfb0e5$\r\n\tHostName=Default Host\r\n\tHostVersion=5.1.20348.1366\r\n\tHostId=c169b6f0-2b19-4691-a3e7-d9ebb612ca5d\r\n\tHostApplication=C:\\Program Files\\Microsoft Azure AD Sync\\Bin\\miiserver.exe\r\n\tEngineVersion=5.1.20348.1366\r\n\tRunspaceId=4b6ffc6b-bf74-4fb2-984d-c51a843f506a\r\n\tPipelineId=2\r\n\tScriptName=C:\\Program Files\\Microsoft Azure AD Sync\\Extensions\\AADConnector.psm1\r\n\tCommandLine=  Add-Type -Path \"$installationDirectory\\Bin\\Assemblies\\Microsoft.MetadirectoryServicesEx.dll\"\r\n \r\n\r\nDetails: \r\nCommandInvocation(Add-Type): \"Add-Type\"\r\nParameterBinding(Add-Type): name=\"Path\"; value=\"C:\\Program Files\\Microsoft Azure AD Sync\\\\Bin\\Assemblies\\Microsoft.MetadirectoryServicesEx.dll\"\r\n","Category":"Pipeline Execution Details","Opcode":"Info","EventReceivedTime":1687528196,"SourceModuleName":"in_powershell","SourceModuleType":"im_msvistalog"}
<14>Jun 23 13:49:56 win-adfs.lunarstiiiness.com PowerShell[0]: {"EventTime":1687528195,"Hostname":"win-adfs.lunarstiiiness.com","Keywords":36028797018963968,"EventType":"INFO","SeverityValue":2,"Severity":"INFO","EventID":800,"SourceName":"PowerShell","Version":0,"Task":8,"OpcodeValue":0,"RecordNumber":6160149,"ProcessID":0,"ThreadID":0,"Channel":"Windows PowerShell","Message":"Pipeline execution details for command line:   Add-Type -Path \"$installationDirectory\\Bin\\Microsoft.MetadirectoryServices.PasswordHashSynchronization.Types.dll\"\r\n. \r\n\r\nContext Information: \r\n\tDetailSequence=1\r\n\tDetailTotal=1\r\n\r\n\tSequenceNumber=362345\r\n\r\n\tUserId=LUNARSTIIINESS\\ADSyncMSAfb0e5$\r\n\tHostName=Default Host\r\n\tHostVersion=5.1.20348.1366\r\n\tHostId=a56d548b-9508-43eb-830e-dfe8f7ee2c24\r\n\tHostApplication=C:\\Program Files\\Microsoft Azure AD Sync\\Bin\\miiserver.exe\r\n\tEngineVersion=5.1.20348.1366\r\n\tRunspaceId=68c3e000-b761-405c-a23d-02c9e84cbb36\r\n\tPipelineId=2\r\n\tScriptName=C:\\Program Files\\Microsoft Azure AD Sync\\Extensions\\AADConnector.psm1\r\n\tCommandLine=  Add-Type -Path \"$installationDirectory\\Bin\\Microsoft.MetadirectoryServices.PasswordHashSynchronization.Types.dll\"\r\n \r\n\r\nDetails: \r\nCommandInvocation(Add-Type): \"Add-Type\"\r\nParameterBinding(Add-Type): name=\"Path\"; value=\"C:\\Program Files\\Microsoft Azure AD Sync\\\\Bin\\Microsoft.MetadirectoryServices.PasswordHashSynchronization.Types.dll\"\r\n","Category":"Pipeline Execution Details","Opcode":"Info","EventReceivedTime":1687528196,"SourceModuleName":"in_powershell","SourceModuleType":"im_msvistalog"}
<14>Jun 23 13:49:56 win-adfs.lunarstiiiness.com PowerShell[0]: {"EventTime":1687528195,"Hostname":"win-adfs.lunarstiiiness.com","Keywords":36028797018963968,"EventType":"INFO","SeverityValue":2,"Severity":"INFO","EventID":800,"SourceName":"PowerShell","Version":0,"Task":8,"OpcodeValue":0,"RecordNumber":6160112,"ProcessID":0,"ThreadID":0,"Channel":"Windows PowerShell","Message":"Pipeline execution details for command line:   Add-Type -Path \"$installationDirectory\\Bin\\Assemblies\\Microsoft.MetadirectoryServicesEx.dll\"\r\n. \r\n\r\nContext Information: \r\n\tDetailSequence=1\r\n\tDetailTotal=1\r\n\r\n\tSequenceNumber=362271\r\n\r\n\tUserId=LUNARSTIIINESS\\ADSyncMSAfb0e5$\r\n\tHostName=Default Host\r\n\tHostVersion=5.1.20348.1366\r\n\tHostId=bdb041cb-aa96-4682-95e6-3c5194b26136\r\n\tHostApplication=C:\\Program Files\\Microsoft Azure AD Sync\\Bin\\miiserver.exe\r\n\tEngineVersion=5.1.20348.1366\r\n\tRunspaceId=c753f142-798d-4eff-a0bb-858f2b1af4a4\r\n\tPipelineId=2\r\n\tScriptName=C:\\Program Files\\Microsoft Azure AD Sync\\Extensions\\AADConnector.psm1\r\n\tCommandLine=  Add-Type -Path \"$installationDirectory\\Bin\\Assemblies\\Microsoft.MetadirectoryServicesEx.dll\"\r\n \r\n\r\nDetails: \r\nCommandInvocation(Add-Type): \"Add-Type\"\r\nParameterBinding(Add-Type): name=\"Path\"; value=\"C:\\Program Files\\Microsoft Azure AD Sync\\\\Bin\\Assemblies\\Microsoft.MetadirectoryServicesEx.dll\"\r\n","Category":"Pipeline Execution Details","Opcode":"Info","EventReceivedTime":1687528196,"SourceModuleName":"in_powershell","SourceModuleType":"im_msvistalog"}
<14>Jun 23 13:49:56 win-adfs.lunarstiiiness.com PowerShell[0]: {"EventTime":1687528195,"Hostname":"win-adfs.lunarstiiiness.com","Keywords":36028797018963968,"EventType":"INFO","SeverityValue":2,"Severity":"INFO","EventID":800,"SourceName":"PowerShell","Version":0,"Task":8,"OpcodeValue":0,"RecordNumber":6160150,"ProcessID":0,"ThreadID":0,"Channel":"Windows PowerShell","Message":"Pipeline execution details for command line:   Add-Type -Path \"$installationDirectory\\Extensions\\Microsoft.Azure.ActiveDirectory.Connector.dll\"\r\n. \r\n\r\nContext Information: \r\n\tDetailSequence=1\r\n\tDetailTotal=1\r\n\r\n\tSequenceNumber=362347\r\n\r\n\tUserId=LUNARSTIIINESS\\ADSyncMSAfb0e5$\r\n\tHostName=Default Host\r\n\tHostVersion=5.1.20348.1366\r\n\tHostId=a56d548b-9508-43eb-830e-dfe8f7ee2c24\r\n\tHostApplication=C:\\Program Files\\Microsoft Azure AD Sync\\Bin\\miiserver.exe\r\n\tEngineVersion=5.1.20348.1366\r\n\tRunspaceId=68c3e000-b761-405c-a23d-02c9e84cbb36\r\n\tPipelineId=2\r\n\tScriptName=C:\\Program Files\\Microsoft Azure AD Sync\\Extensions\\AADConnector.psm1\r\n\tCommandLine=  Add-Type -Path \"$installationDirectory\\Extensions\\Microsoft.Azure.ActiveDirectory.Connector.dll\"\r\n \r\n\r\nDetails: \r\nCommandInvocation(Add-Type): \"Add-Type\"\r\nParameterBinding(Add-Type): name=\"Path\"; value=\"C:\\Program Files\\Microsoft Azure AD Sync\\\\Extensions\\Microsoft.Azure.ActiveDirectory.Connector.dll\"\r\n","Category":"Pipeline Execution Details","Opcode":"Info","EventReceivedTime":1687528196,"SourceModuleName":"in_powershell","SourceModuleType":"im_msvistalog"}
<14>Jun 23 13:49:56 win-adfs.lunarstiiiness.com PowerShell[0]: {"EventTime":1687528195,"Hostname":"win-adfs.lunarstiiiness.com","Keywords":36028797018963968,"EventType":"INFO","SeverityValue":2,"Severity":"INFO","EventID":800,"SourceName":"PowerShell","Version":0,"Task":8,"OpcodeValue":0,"RecordNumber":6160124,"ProcessID":0,"ThreadID":0,"Channel":"Windows PowerShell","Message":"Pipeline execution details for command line:   Add-Type -Path \"$installationDirectory\\Bin\\Assemblies\\Microsoft.MetadirectoryServicesEx.dll\"\r\n. \r\n\r\nContext Information: \r\n\tDetailSequence=1\r\n\tDetailTotal=1\r\n\r\n\tSequenceNumber=362295\r\n\r\n\tUserId=LUNARSTIIINESS\\ADSyncMSAfb0e5$\r\n\tHostName=Default Host\r\n\tHostVersion=5.1.20348.1366\r\n\tHostId=414d4b85-d841-44c4-9e03-cbf74a433517\r\n\tHostApplication=C:\\Program Files\\Microsoft Azure AD Sync\\Bin\\miiserver.exe\r\n\tEngineVersion=5.1.20348.1366\r\n\tRunspaceId=372a68a9-a9a0-4218-89ba-867e1549c848\r\n\tPipelineId=2\r\n\tScriptName=C:\\Program Files\\Microsoft Azure AD Sync\\Extensions\\AADConnector.psm1\r\n\tCommandLine=  Add-Type -Path \"$installationDirectory\\Bin\\Assemblies\\Microsoft.MetadirectoryServicesEx.dll\"\r\n \r\n\r\nDetails: \r\nCommandInvocation(Add-Type): \"Add-Type\"\r\nParameterBinding(Add-Type): name=\"Path\"; value=\"C:\\Program Files\\Microsoft Azure AD Sync\\\\Bin\\Assemblies\\Microsoft.MetadirectoryServicesEx.dll\"\r\n","Category":"Pipeline Execution Details","Opcode":"Info","EventReceivedTime":1687528196,"SourceModuleName":"in_powershell","SourceModuleType":"im_msvistalog"}
<14>Jun 23 13:49:57 win-adfs.lunarstiiiness.com Microsoft-Windows-PowerShell[4764]: {"EventTime":1687528195,"Hostname":"win-adfs.lunarstiiiness.com","Keywords":0,"EventType":"INFO","SeverityValue":2,"Severity":"INFO","EventID":4103,"SourceName":"Microsoft-Windows-PowerShell","ProviderGuid":"{A0C1853B-5C40-4B15-8766-3CF1C58F985A}","Version":1,"Task":106,"OpcodeValue":20,"RecordNumber":1319785,"ActivityID":"{8F8F53C1-AEDC-0000-23AF-23AE6E9ED901}","ProcessID":4764,"ThreadID":2116,"Channel":"Microsoft-Windows-PowerShell/Operational","Domain":"LUNARSTIIINESS","AccountName":"ADSyncMSAfb0e5$","UserID":"S-1-5-21-3263964631-4121654051-1417071188-1115","AccountType":"User","Message":"CommandInvocation(Add-Type): \"Add-Type\"\r\nParameterBinding(Add-Type): name=\"Path\"; value=\"C:\\Program Files\\Microsoft Azure AD Sync\\\\Extensions\\Microsoft.Azure.ActiveDirectory.Connector.dll\"\r\n\r\n\r\nContext:\r\n        Severity = Informational\r\n        Host Name = Default Host\r\n        Host Version = 5.1.20348.1366\r\n        Host ID = bdb041cb-aa96-4682-95e6-3c5194b26136\r\n        Host Application = C:\\Program Files\\Microsoft Azure AD Sync\\Bin\\miiserver.exe\r\n        Engine Version = 5.1.20348.1366\r\n        Runspace ID = c753f142-798d-4eff-a0bb-858f2b1af4a4\r\n        Pipeline ID = 2\r\n        Command Name = Add-Type\r\n        Command Type = Cmdlet\r\n        Script Name = C:\\Program Files\\Microsoft Azure AD Sync\\Extensions\\AADConnector.psm1\r\n        Command Path = \r\n        Sequence Number = 362276\r\n        User = LUNARSTIIINESS\\ADSyncMSAfb0e5$\r\n        Connected User = \r\n        Shell ID = Microsoft.PowerShell\r\n\r\n\r\nUser Data:\r\n\r\n","Category":"Executing Pipeline","Opcode":"To be used when operation is just executing a method","ContextInfo":"        Severity = Informational\r\n        Host Name = Default Host\r\n        Host Version = 5.1.20348.1366\r\n        Host ID = bdb041cb-aa96-4682-95e6-3c5194b26136\r\n        Host Application = C:\\Program Files\\Microsoft Azure AD Sync\\Bin\\miiserver.exe\r\n        Engine Version = 5.1.20348.1366\r\n        Runspace ID = c753f142-798d-4eff-a0bb-858f2b1af4a4\r\n        Pipeline ID = 2\r\n        Command Name = Add-Type\r\n        Command Type = Cmdlet\r\n        Script Name = C:\\Program Files\\Microsoft Azure AD Sync\\Extensions\\AADConnector.psm1\r\n        Command Path = \r\n        Sequence Number = 362276\r\n        User = LUNARSTIIINESS\\ADSyncMSAfb0e5$\r\n        Connected User = \r\n        Shell ID = Microsoft.PowerShell\r\n","Payload":"CommandInvocation(Add-Type): \"Add-Type\"\r\nParameterBinding(Add-Type): name=\"Path\"; value=\"C:\\Program Files\\Microsoft Azure AD Sync\\\\Extensions\\Microsoft.Azure.ActiveDirectory.Connector.dll\"\r\n","EventReceivedTime":1687528197,"SourceModuleName":"in_powershell","SourceModuleType":"im_msvistalog"}
<14>Jun 23 13:49:57 win-adfs.lunarstiiiness.com Microsoft-Windows-PowerShell[4764]: {"EventTime":1687528195,"Hostname":"win-adfs.lunarstiiiness.com","Keywords":0,"EventType":"INFO","SeverityValue":2,"Severity":"INFO","EventID":4103,"SourceName":"Microsoft-Windows-PowerShell","ProviderGuid":"{A0C1853B-5C40-4B15-8766-3CF1C58F985A}","Version":1,"Task":106,"OpcodeValue":20,"RecordNumber":1319795,"ActivityID":"{8F8F53C1-AEDC-0000-6AAF-23AE6E9ED901}","ProcessID":4764,"ThreadID":11540,"Channel":"Microsoft-Windows-PowerShell/Operational","Domain":"LUNARSTIIINESS","AccountName":"ADSyncMSAfb0e5$","UserID":"S-1-5-21-3263964631-4121654051-1417071188-1115","AccountType":"User","Message":"CommandInvocation(Add-Type): \"Add-Type\"\r\nParameterBinding(Add-Type): name=\"Path\"; value=\"C:\\Program Files\\Microsoft Azure AD Sync\\\\Bin\\Assemblies\\Microsoft.MetadirectoryServicesEx.dll\"\r\n\r\n\r\nContext:\r\n        Severity = Informational\r\n        Host Name = Default Host\r\n        Host Version = 5.1.20348.1366\r\n        Host ID = 35033715-1c49-4d7f-bd38-cf5569d784d0\r\n        Host Application = C:\\Program Files\\Microsoft Azure AD Sync\\Bin\\miiserver.exe\r\n        Engine Version = 5.1.20348.1366\r\n        Runspace ID = 2a1b1fad-8772-4492-893e-69338d63df6a\r\n        Pipeline ID = 2\r\n        Command Name = Add-Type\r\n        Command Type = Cmdlet\r\n        Script Name = C:\\Program Files\\Microsoft Azure AD Sync\\Extensions\\AADConnector.psm1\r\n        Command Path = \r\n        Sequence Number = 362368\r\n        User = LUNARSTIIINESS\\ADSyncMSAfb0e5$\r\n        Connected User = \r\n        Shell ID = Microsoft.PowerShell\r\n\r\n\r\nUser Data:\r\n\r\n","Category":"Executing Pipeline","Opcode":"To be used when operation is just executing a method","ContextInfo":"        Severity = Informational\r\n        Host Name = Default Host\r\n        Host Version = 5.1.20348.1366\r\n        Host ID = 35033715-1c49-4d7f-bd38-cf5569d784d0\r\n        Host Application = C:\\Program Files\\Microsoft Azure AD Sync\\Bin\\miiserver.exe\r\n        Engine Version = 5.1.20348.1366\r\n        Runspace ID = 2a1b1fad-8772-4492-893e-69338d63df6a\r\n        Pipeline ID = 2\r\n        Command Name = Add-Type\r\n        Command Type = Cmdlet\r\n        Script Name = C:\\Program Files\\Microsoft Azure AD Sync\\Extensions\\AADConnector.psm1\r\n        Command Path = \r\n        Sequence Number = 362368\r\n        User = LUNARSTIIINESS\\ADSyncMSAfb0e5$\r\n        Connected User = \r\n        Shell ID = Microsoft.PowerShell\r\n","Payload":"CommandInvocation(Add-Type): \"Add-Type\"\r\nParameterBinding(Add-Type): name=\"Path\"; value=\"C:\\Program Files\\Microsoft Azure AD Sync\\\\Bin\\Assemblies\\Microsoft.MetadirectoryServicesEx.dll\"\r\n","EventReceivedTime":1687528197,"SourceModuleName":"in_powershell","SourceModuleType":"im_msvistalog"}
<14>Jun 23 13:49:57 win-adfs.lunarstiiiness.com Microsoft-Windows-PowerShell[4764]: {"EventTime":1687528195,"Hostname":"win-adfs.lunarstiiiness.com","Keywords":0,"EventType":"INFO","SeverityValue":2,"Severity":"INFO","EventID":4103,"SourceName":"Microsoft-Windows-PowerShell","ProviderGuid":"{A0C1853B-5C40-4B15-8766-3CF1C58F985A}","Version":1,"Task":106,"OpcodeValue":20,"RecordNumber":1319787,"ActivityID":"{8F8F53C1-AEDC-0000-34AF-23AE6E9ED901}","ProcessID":4764,"ThreadID":8120,"Channel":"Microsoft-Windows-PowerShell/Operational","Domain":"LUNARSTIIINESS","AccountName":"ADSyncMSAfb0e5$","UserID":"S-1-5-21-3263964631-4121654051-1417071188-1115","AccountType":"User","Message":"CommandInvocation(Add-Type): \"Add-Type\"\r\nParameterBinding(Add-Type): name=\"Path\"; value=\"C:\\Program Files\\Microsoft Azure AD Sync\\\\Bin\\Microsoft.MetadirectoryServices.PasswordHashSynchronization.Types.dll\"\r\n\r\n\r\nContext:\r\n        Severity = Informational\r\n        Host Name = Default Host\r\n        Host Version = 5.1.20348.1366\r\n        Host ID = 414d4b85-d841-44c4-9e03-cbf74a433517\r\n        Host Application = C:\\Program Files\\Microsoft Azure AD Sync\\Bin\\miiserver.exe\r\n        Engine Version = 5.1.20348.1366\r\n        Runspace ID = 372a68a9-a9a0-4218-89ba-867e1549c848\r\n        Pipeline ID = 2\r\n        Command Name = Add-Type\r\n        Command Type = Cmdlet\r\n        Script Name = C:\\Program Files\\Microsoft Azure AD Sync\\Extensions\\AADConnector.psm1\r\n        Command Path = \r\n        Sequence Number = 362298\r\n        User = LUNARSTIIINESS\\ADSyncMSAfb0e5$\r\n        Connected User = \r\n        Shell ID = Microsoft.PowerShell\r\n\r\n\r\nUser Data:\r\n\r\n","Category":"Executing Pipeline","Opcode":"To be used when operation is just executing a method","ContextInfo":"        Severity = Informational\r\n        Host Name = Default Host\r\n        Host Version = 5.1.20348.1366\r\n        Host ID = 414d4b85-d841-44c4-9e03-cbf74a433517\r\n        Host Application = C:\\Program Files\\Microsoft Azure AD Sync\\Bin\\miiserver.exe\r\n        Engine Version = 5.1.20348.1366\r\n        Runspace ID = 372a68a9-a9a0-4218-89ba-867e1549c848\r\n        Pipeline ID = 2\r\n        Command Name = Add-Type\r\n        Command Type = Cmdlet\r\n        Script Name = C:\\Program Files\\Microsoft Azure AD Sync\\Extensions\\AADConnector.psm1\r\n        Command Path = \r\n        Sequence Number = 362298\r\n        User = LUNARSTIIINESS\\ADSyncMSAfb0e5$\r\n        Connected User = \r\n        Shell ID = Microsoft.PowerShell\r\n","Payload":"CommandInvocation(Add-Type): \"Add-Type\"\r\nParameterBinding(Add-Type): name=\"Path\"; value=\"C:\\Program Files\\Microsoft Azure AD Sync\\\\Bin\\Microsoft.MetadirectoryServices.PasswordHashSynchronization.Types.dll\"\r\n","EventReceivedTime":1687528197,"SourceModuleName":"in_powershell","SourceModuleType":"im_msvistalog"}
<14>Jun 23 13:49:57 win-adfs.lunarstiiiness.com Microsoft-Windows-PowerShell[4764]: {"EventTime":1687528195,"Hostname":"win-adfs.lunarstiiiness.com","Keywords":0,"EventType":"INFO","SeverityValue":2,"Severity":"INFO","EventID":4103,"SourceName":"Microsoft-Windows-PowerShell","ProviderGuid":"{A0C1853B-5C40-4B15-8766-3CF1C58F985A}","Version":1,"Task":106,"OpcodeValue":20,"RecordNumber":1319792,"ActivityID":"{8F8F53C1-AEDC-0000-58AF-23AE6E9ED901}","ProcessID":4764,"ThreadID":5304,"Channel":"Microsoft-Windows-PowerShell/Operational","Domain":"LUNARSTIIINESS","AccountName":"ADSyncMSAfb0e5$","UserID":"S-1-5-21-3263964631-4121654051-1417071188-1115","AccountType":"User","Message":"CommandInvocation(Add-Type): \"Add-Type\"\r\nParameterBinding(Add-Type): name=\"Path\"; value=\"C:\\Program Files\\Microsoft Azure AD Sync\\\\Bin\\Assemblies\\Microsoft.MetadirectoryServicesEx.dll\"\r\n\r\n\r\nContext:\r\n        Severity = Informational\r\n        Host Name = Default Host\r\n        Host Version = 5.1.20348.1366\r\n        Host ID = a56d548b-9508-43eb-830e-dfe8f7ee2c24\r\n        Host Application = C:\\Program Files\\Microsoft Azure AD Sync\\Bin\\miiserver.exe\r\n        Engine Version = 5.1.20348.1366\r\n        Runspace ID = 68c3e000-b761-405c-a23d-02c9e84cbb36\r\n        Pipeline ID = 2\r\n        Command Name = Add-Type\r\n        Command Type = Cmdlet\r\n        Script Name = C:\\Program Files\\Microsoft Azure AD Sync\\Extensions\\AADConnector.psm1\r\n        Command Path = \r\n        Sequence Number = 362344\r\n        User = LUNARSTIIINESS\\ADSyncMSAfb0e5$\r\n        Connected User = \r\n        Shell ID = Microsoft.PowerShell\r\n\r\n\r\nUser Data:\r\n\r\n","Category":"Executing Pipeline","Opcode":"To be used when operation is just executing a method","ContextInfo":"        Severity = Informational\r\n        Host Name = Default Host\r\n        Host Version = 5.1.20348.1366\r\n        Host ID = a56d548b-9508-43eb-830e-dfe8f7ee2c24\r\n        Host Application = C:\\Program Files\\Microsoft Azure AD Sync\\Bin\\miiserver.exe\r\n        Engine Version = 5.1.20348.1366\r\n        Runspace ID = 68c3e000-b761-405c-a23d-02c9e84cbb36\r\n        Pipeline ID = 2\r\n        Command Name = Add-Type\r\n        Command Type = Cmdlet\r\n        Script Name = C:\\Program Files\\Microsoft Azure AD Sync\\Extensions\\AADConnector.psm1\r\n        Command Path = \r\n        Sequence Number = 362344\r\n        User = LUNARSTIIINESS\\ADSyncMSAfb0e5$\r\n        Connected User = \r\n        Shell ID = Microsoft.PowerShell\r\n","Payload":"CommandInvocation(Add-Type): \"Add-Type\"\r\nParameterBinding(Add-Type): name=\"Path\"; value=\"C:\\Program Files\\Microsoft Azure AD Sync\\\\Bin\\Assemblies\\Microsoft.MetadirectoryServicesEx.dll\"\r\n","EventReceivedTime":1687528197,"SourceModuleName":"in_powershell","SourceModuleType":"im_msvistalog"}
<14>Jun 23 13:49:57 win-adfs.lunarstiiiness.com Microsoft-Windows-PowerShell[4764]: {"EventTime":1687528195,"Hostname":"win-adfs.lunarstiiiness.com","Keywords":0,"EventType":"INFO","SeverityValue":2,"Severity":"INFO","EventID":4103,"SourceName":"Microsoft-Windows-PowerShell","ProviderGuid":"{A0C1853B-5C40-4B15-8766-3CF1C58F985A}","Version":1,"Task":106,"OpcodeValue":20,"RecordNumber":1319784,"ActivityID":"{8F8F53C1-AEDC-0000-22AF-23AE6E9ED901}","ProcessID":4764,"ThreadID":2116,"Channel":"Microsoft-Windows-PowerShell/Operational","Domain":"LUNARSTIIINESS","AccountName":"ADSyncMSAfb0e5$","UserID":"S-1-5-21-3263964631-4121654051-1417071188-1115","AccountType":"User","Message":"CommandInvocation(Add-Type): \"Add-Type\"\r\nParameterBinding(Add-Type): name=\"Path\"; value=\"C:\\Program Files\\Microsoft Azure AD Sync\\\\Bin\\Microsoft.MetadirectoryServices.PasswordHashSynchronization.Types.dll\"\r\n\r\n\r\nContext:\r\n        Severity = Informational\r\n        Host Name = Default Host\r\n        Host Version = 5.1.20348.1366\r\n        Host ID = bdb041cb-aa96-4682-95e6-3c5194b26136\r\n        Host Application = C:\\Program Files\\Microsoft Azure AD Sync\\Bin\\miiserver.exe\r\n        Engine Version = 5.1.20348.1366\r\n        Runspace ID = c753f142-798d-4eff-a0bb-858f2b1af4a4\r\n        Pipeline ID = 2\r\n        Command Name = Add-Type\r\n        Command Type = Cmdlet\r\n        Script Name = C:\\Program Files\\Microsoft Azure AD Sync\\Extensions\\AADConnector.psm1\r\n        Command Path = \r\n        Sequence Number = 362274\r\n        User = LUNARSTIIINESS\\ADSyncMSAfb0e5$\r\n        Connected User = \r\n        Shell ID = Microsoft.PowerShell\r\n\r\n\r\nUser Data:\r\n\r\n","Category":"Executing Pipeline","Opcode":"To be used when operation is just executing a method","ContextInfo":"        Severity = Informational\r\n        Host Name = Default Host\r\n        Host Version = 5.1.20348.1366\r\n        Host ID = bdb041cb-aa96-4682-95e6-3c5194b26136\r\n        Host Application = C:\\Program Files\\Microsoft Azure AD Sync\\Bin\\miiserver.exe\r\n        Engine Version = 5.1.20348.1366\r\n        Runspace ID = c753f142-798d-4eff-a0bb-858f2b1af4a4\r\n        Pipeline ID = 2\r\n        Command Name = Add-Type\r\n        Command Type = Cmdlet\r\n        Script Name = C:\\Program Files\\Microsoft Azure AD Sync\\Extensions\\AADConnector.psm1\r\n        Command Path = \r\n        Sequence Number = 362274\r\n        User = LUNARSTIIINESS\\ADSyncMSAfb0e5$\r\n        Connected User = \r\n        Shell ID = Microsoft.PowerShell\r\n","Payload":"CommandInvocation(Add-Type): \"Add-Type\"\r\nParameterBinding(Add-Type): name=\"Path\"; value=\"C:\\Program Files\\Microsoft Azure AD Sync\\\\Bin\\Microsoft.MetadirectoryServices.PasswordHashSynchronization.Types.dll\"\r\n","EventReceivedTime":1687528197,"SourceModuleName":"in_powershell","SourceModuleType":"im_msvistalog"}
<14>Jun 23 13:49:57 win-adfs.lunarstiiiness.com Microsoft-Windows-PowerShell[4764]: {"EventTime":1687528195,"Hostname":"win-adfs.lunarstiiiness.com","Keywords":0,"EventType":"INFO","SeverityValue":2,"Severity":"INFO","EventID":4103,"SourceName":"Microsoft-Windows-PowerShell","ProviderGuid":"{A0C1853B-5C40-4B15-8766-3CF1C58F985A}","Version":1,"Task":106,"OpcodeValue":20,"RecordNumber":1319783,"ActivityID":"{8F8F53C1-AEDC-0000-21AF-23AE6E9ED901}","ProcessID":4764,"ThreadID":2116,"Channel":"Microsoft-Windows-PowerShell/Operational","Domain":"LUNARSTIIINESS","AccountName":"ADSyncMSAfb0e5$","UserID":"S-1-5-21-3263964631-4121654051-1417071188-1115","AccountType":"User","Message":"CommandInvocation(Add-Type): \"Add-Type\"\r\nParameterBinding(Add-Type): name=\"Path\"; value=\"C:\\Program Files\\Microsoft Azure AD Sync\\\\Bin\\Assemblies\\Microsoft.MetadirectoryServicesEx.dll\"\r\n\r\n\r\nContext:\r\n        Severity = Informational\r\n        Host Name = Default Host\r\n        Host Version = 5.1.20348.1366\r\n        Host ID = bdb041cb-aa96-4682-95e6-3c5194b26136\r\n        Host Application = C:\\Program Files\\Microsoft Azure AD Sync\\Bin\\miiserver.exe\r\n        Engine Version = 5.1.20348.1366\r\n        Runspace ID = c753f142-798d-4eff-a0bb-858f2b1af4a4\r\n        Pipeline ID = 2\r\n        Command Name = Add-Type\r\n        Command Type = Cmdlet\r\n        Script Name = C:\\Program Files\\Microsoft Azure AD Sync\\Extensions\\AADConnector.psm1\r\n        Command Path = \r\n        Sequence Number = 362272\r\n        User = LUNARSTIIINESS\\ADSyncMSAfb0e5$\r\n        Connected User = \r\n        Shell ID = Microsoft.PowerShell\r\n\r\n\r\nUser Data:\r\n\r\n","Category":"Executing Pipeline","Opcode":"To be used when operation is just executing a method","ContextInfo":"        Severity = Informational\r\n        Host Name = Default Host\r\n        Host Version = 5.1.20348.1366\r\n        Host ID = bdb041cb-aa96-4682-95e6-3c5194b26136\r\n        Host Application = C:\\Program Files\\Microsoft Azure AD Sync\\Bin\\miiserver.exe\r\n        Engine Version = 5.1.20348.1366\r\n        Runspace ID = c753f142-798d-4eff-a0bb-858f2b1af4a4\r\n        Pipeline ID = 2\r\n        Command Name = Add-Type\r\n        Command Type = Cmdlet\r\n        Script Name = C:\\Program Files\\Microsoft Azure AD Sync\\Extensions\\AADConnector.psm1\r\n        Command Path = \r\n        Sequence Number = 362272\r\n        User = LUNARSTIIINESS\\ADSyncMSAfb0e5$\r\n        Connected User = \r\n        Shell ID = Microsoft.PowerShell\r\n","Payload":"CommandInvocation(Add-Type): \"Add-Type\"\r\nParameterBinding(Add-Type): name=\"Path\"; value=\"C:\\Program Files\\Microsoft Azure AD Sync\\\\Bin\\Assemblies\\Microsoft.MetadirectoryServicesEx.dll\"\r\n","EventReceivedTime":1687528197,"SourceModuleName":"in_powershell","SourceModuleType":"im_msvistalog"}
<14>Jun 23 13:49:57 win-adfs.lunarstiiiness.com Microsoft-Windows-PowerShell[4764]: {"EventTime":1687528195,"Hostname":"win-adfs.lunarstiiiness.com","Keywords":0,"EventType":"INFO","SeverityValue":2,"Severity":"INFO","EventID":4103,"SourceName":"Microsoft-Windows-PowerShell","ProviderGuid":"{A0C1853B-5C40-4B15-8766-3CF1C58F985A}","Version":1,"Task":106,"OpcodeValue":20,"RecordNumber":1319796,"ActivityID":"{8F8F53C1-AEDC-0000-6BAF-23AE6E9ED901}","ProcessID":4764,"ThreadID":11540,"Channel":"Microsoft-Windows-PowerShell/Operational","Domain":"LUNARSTIIINESS","AccountName":"ADSyncMSAfb0e5$","UserID":"S-1-5-21-3263964631-4121654051-1417071188-1115","AccountType":"User","Message":"CommandInvocation(Add-Type): \"Add-Type\"\r\nParameterBinding(Add-Type): name=\"Path\"; value=\"C:\\Program Files\\Microsoft Azure AD Sync\\\\Bin\\Microsoft.MetadirectoryServices.PasswordHashSynchronization.Types.dll\"\r\n\r\n\r\nContext:\r\n        Severity = Informational\r\n        Host Name = Default Host\r\n        Host Version = 5.1.20348.1366\r\n        Host ID = 35033715-1c49-4d7f-bd38-cf5569d784d0\r\n        Host Application = C:\\Program Files\\Microsoft Azure AD Sync\\Bin\\miiserver.exe\r\n        Engine Version = 5.1.20348.1366\r\n        Runspace ID = 2a1b1fad-8772-4492-893e-69338d63df6a\r\n        Pipeline ID = 2\r\n        Command Name = Add-Type\r\n        Command Type = Cmdlet\r\n        Script Name = C:\\Program Files\\Microsoft Azure AD Sync\\Extensions\\AADConnector.psm1\r\n        Command Path = \r\n        Sequence Number = 362370\r\n        User = LUNARSTIIINESS\\ADSyncMSAfb0e5$\r\n        Connected User = \r\n        Shell ID = Microsoft.PowerShell\r\n\r\n\r\nUser Data:\r\n\r\n","Category":"Executing Pipeline","Opcode":"To be used when operation is just executing a method","ContextInfo":"        Severity = Informational\r\n        Host Name = Default Host\r\n        Host Version = 5.1.20348.1366\r\n        Host ID = 35033715-1c49-4d7f-bd38-cf5569d784d0\r\n        Host Application = C:\\Program Files\\Microsoft Azure AD Sync\\Bin\\miiserver.exe\r\n        Engine Version = 5.1.20348.1366\r\n        Runspace ID = 2a1b1fad-8772-4492-893e-69338d63df6a\r\n        Pipeline ID = 2\r\n        Command Name = Add-Type\r\n        Command Type = Cmdlet\r\n        Script Name = C:\\Program Files\\Microsoft Azure AD Sync\\Extensions\\AADConnector.psm1\r\n        Command Path = \r\n        Sequence Number = 362370\r\n        User = LUNARSTIIINESS\\ADSyncMSAfb0e5$\r\n        Connected User = \r\n        Shell ID = Microsoft.PowerShell\r\n","Payload":"CommandInvocation(Add-Type): \"Add-Type\"\r\nParameterBinding(Add-Type): name=\"Path\"; value=\"C:\\Program Files\\Microsoft Azure AD Sync\\\\Bin\\Microsoft.MetadirectoryServices.PasswordHashSynchronization.Types.dll\"\r\n","EventReceivedTime":1687528197,"SourceModuleName":"in_powershell","SourceModuleType":"im_msvistalog"}
<14>Jun 23 13:49:57 win-adfs.lunarstiiiness.com Microsoft-Windows-PowerShell[4764]: {"EventTime":1687528195,"Hostname":"win-adfs.lunarstiiiness.com","Keywords":0,"EventType":"INFO","SeverityValue":2,"Severity":"INFO","EventID":4103,"SourceName":"Microsoft-Windows-PowerShell","ProviderGuid":"{A0C1853B-5C40-4B15-8766-3CF1C58F985A}","Version":1,"Task":106,"OpcodeValue":20,"RecordNumber":1319797,"ActivityID":"{8F8F53C1-AEDC-0000-6CAF-23AE6E9ED901}","ProcessID":4764,"ThreadID":11540,"Channel":"Microsoft-Windows-PowerShell/Operational","Domain":"LUNARSTIIINESS","AccountName":"ADSyncMSAfb0e5$","UserID":"S-1-5-21-3263964631-4121654051-1417071188-1115","AccountType":"User","Message":"CommandInvocation(Add-Type): \"Add-Type\"\r\nParameterBinding(Add-Type): name=\"Path\"; value=\"C:\\Program Files\\Microsoft Azure AD Sync\\\\Extensions\\Microsoft.Azure.ActiveDirectory.Connector.dll\"\r\n\r\n\r\nContext:\r\n        Severity = Informational\r\n        Host Name = Default Host\r\n        Host Version = 5.1.20348.1366\r\n        Host ID = 35033715-1c49-4d7f-bd38-cf5569d784d0\r\n        Host Application = C:\\Program Files\\Microsoft Azure AD Sync\\Bin\\miiserver.exe\r\n        Engine Version = 5.1.20348.1366\r\n        Runspace ID = 2a1b1fad-8772-4492-893e-69338d63df6a\r\n        Pipeline ID = 2\r\n        Command Name = Add-Type\r\n        Command Type = Cmdlet\r\n        Script Name = C:\\Program Files\\Microsoft Azure AD Sync\\Extensions\\AADConnector.psm1\r\n        Command Path = \r\n        Sequence Number = 362372\r\n        User = LUNARSTIIINESS\\ADSyncMSAfb0e5$\r\n        Connected User = \r\n        Shell ID = Microsoft.PowerShell\r\n\r\n\r\nUser Data:\r\n\r\n","Category":"Executing Pipeline","Opcode":"To be used when operation is just executing a method","ContextInfo":"        Severity = Informational\r\n        Host Name = Default Host\r\n        Host Version = 5.1.20348.1366\r\n        Host ID = 35033715-1c49-4d7f-bd38-cf5569d784d0\r\n        Host Application = C:\\Program Files\\Microsoft Azure AD Sync\\Bin\\miiserver.exe\r\n        Engine Version = 5.1.20348.1366\r\n        Runspace ID = 2a1b1fad-8772-4492-893e-69338d63df6a\r\n        Pipeline ID = 2\r\n        Command Name = Add-Type\r\n        Command Type = Cmdlet\r\n        Script Name = C:\\Program Files\\Microsoft Azure AD Sync\\Extensions\\AADConnector.psm1\r\n        Command Path = \r\n        Sequence Number = 362372\r\n        User = LUNARSTIIINESS\\ADSyncMSAfb0e5$\r\n        Connected User = \r\n        Shell ID = Microsoft.PowerShell\r\n","Payload":"CommandInvocation(Add-Type): \"Add-Type\"\r\nParameterBinding(Add-Type): name=\"Path\"; value=\"C:\\Program Files\\Microsoft Azure AD Sync\\\\Extensions\\Microsoft.Azure.ActiveDirectory.Connector.dll\"\r\n","EventReceivedTime":1687528197,"SourceModuleName":"in_powershell","SourceModuleType":"im_msvistalog"}
<14>Jun 23 13:49:57 win-adfs.lunarstiiiness.com Microsoft-Windows-PowerShell[4764]: {"EventTime":1687528195,"Hostname":"win-adfs.lunarstiiiness.com","Keywords":0,"EventType":"INFO","SeverityValue":2,"Severity":"INFO","EventID":4103,"SourceName":"Microsoft-Windows-PowerShell","ProviderGuid":"{A0C1853B-5C40-4B15-8766-3CF1C58F985A}","Version":1,"Task":106,"OpcodeValue":20,"RecordNumber":1319793,"ActivityID":"{8F8F53C1-AEDC-0000-59AF-23AE6E9ED901}","ProcessID":4764,"ThreadID":5304,"Channel":"Microsoft-Windows-PowerShell/Operational","Domain":"LUNARSTIIINESS","AccountName":"ADSyncMSAfb0e5$","UserID":"S-1-5-21-3263964631-4121654051-1417071188-1115","AccountType":"User","Message":"CommandInvocation(Add-Type): \"Add-Type\"\r\nParameterBinding(Add-Type): name=\"Path\"; value=\"C:\\Program Files\\Microsoft Azure AD Sync\\\\Bin\\Microsoft.MetadirectoryServices.PasswordHashSynchronization.Types.dll\"\r\n\r\n\r\nContext:\r\n        Severity = Informational\r\n        Host Name = Default Host\r\n        Host Version = 5.1.20348.1366\r\n        Host ID = a56d548b-9508-43eb-830e-dfe8f7ee2c24\r\n        Host Application = C:\\Program Files\\Microsoft Azure AD Sync\\Bin\\miiserver.exe\r\n        Engine Version = 5.1.20348.1366\r\n        Runspace ID = 68c3e000-b761-405c-a23d-02c9e84cbb36\r\n        Pipeline ID = 2\r\n        Command Name = Add-Type\r\n        Command Type = Cmdlet\r\n        Script Name = C:\\Program Files\\Microsoft Azure AD Sync\\Extensions\\AADConnector.psm1\r\n        Command Path = \r\n        Sequence Number = 362346\r\n        User = LUNARSTIIINESS\\ADSyncMSAfb0e5$\r\n        Connected User = \r\n        Shell ID = Microsoft.PowerShell\r\n\r\n\r\nUser Data:\r\n\r\n","Category":"Executing Pipeline","Opcode":"To be used when operation is just executing a method","ContextInfo":"        Severity = Informational\r\n        Host Name = Default Host\r\n        Host Version = 5.1.20348.1366\r\n        Host ID = a56d548b-9508-43eb-830e-dfe8f7ee2c24\r\n        Host Application = C:\\Program Files\\Microsoft Azure AD Sync\\Bin\\miiserver.exe\r\n        Engine Version = 5.1.20348.1366\r\n        Runspace ID = 68c3e000-b761-405c-a23d-02c9e84cbb36\r\n        Pipeline ID = 2\r\n        Command Name = Add-Type\r\n        Command Type = Cmdlet\r\n        Script Name = C:\\Program Files\\Microsoft Azure AD Sync\\Extensions\\AADConnector.psm1\r\n        Command Path = \r\n        Sequence Number = 362346\r\n        User = LUNARSTIIINESS\\ADSyncMSAfb0e5$\r\n        Connected User = \r\n        Shell ID = Microsoft.PowerShell\r\n","Payload":"CommandInvocation(Add-Type): \"Add-Type\"\r\nParameterBinding(Add-Type): name=\"Path\"; value=\"C:\\Program Files\\Microsoft Azure AD Sync\\\\Bin\\Microsoft.MetadirectoryServices.PasswordHashSynchronization.Types.dll\"\r\n","EventReceivedTime":1687528197,"SourceModuleName":"in_powershell","SourceModuleType":"im_msvistalog"}
<14>Jun 23 13:49:57 win-adfs.lunarstiiiness.com Microsoft-Windows-PowerShell[4764]: {"EventTime":1687528195,"Hostname":"win-adfs.lunarstiiiness.com","Keywords":0,"EventType":"INFO","SeverityValue":2,"Severity":"INFO","EventID":4103,"SourceName":"Microsoft-Windows-PowerShell","ProviderGuid":"{A0C1853B-5C40-4B15-8766-3CF1C58F985A}","Version":1,"Task":106,"OpcodeValue":20,"RecordNumber":1319788,"ActivityID":"{8F8F53C1-AEDC-0000-35AF-23AE6E9ED901}","ProcessID":4764,"ThreadID":8120,"Channel":"Microsoft-Windows-PowerShell/Operational","Domain":"LUNARSTIIINESS","AccountName":"ADSyncMSAfb0e5$","UserID":"S-1-5-21-3263964631-4121654051-1417071188-1115","AccountType":"User","Message":"CommandInvocation(Add-Type): \"Add-Type\"\r\nParameterBinding(Add-Type): name=\"Path\"; value=\"C:\\Program Files\\Microsoft Azure AD Sync\\\\Extensions\\Microsoft.Azure.ActiveDirectory.Connector.dll\"\r\n\r\n\r\nContext:\r\n        Severity = Informational\r\n        Host Name = Default Host\r\n        Host Version = 5.1.20348.1366\r\n        Host ID = 414d4b85-d841-44c4-9e03-cbf74a433517\r\n        Host Application = C:\\Program Files\\Microsoft Azure AD Sync\\Bin\\miiserver.exe\r\n        Engine Version = 5.1.20348.1366\r\n        Runspace ID = 372a68a9-a9a0-4218-89ba-867e1549c848\r\n        Pipeline ID = 2\r\n        Command Name = Add-Type\r\n        Command Type = Cmdlet\r\n        Script Name = C:\\Program Files\\Microsoft Azure AD Sync\\Extensions\\AADConnector.psm1\r\n        Command Path = \r\n        Sequence Number = 362300\r\n        User = LUNARSTIIINESS\\ADSyncMSAfb0e5$\r\n        Connected User = \r\n        Shell ID = Microsoft.PowerShell\r\n\r\n\r\nUser Data:\r\n\r\n","Category":"Executing Pipeline","Opcode":"To be used when operation is just executing a method","ContextInfo":"        Severity = Informational\r\n        Host Name = Default Host\r\n        Host Version = 5.1.20348.1366\r\n        Host ID = 414d4b85-d841-44c4-9e03-cbf74a433517\r\n        Host Application = C:\\Program Files\\Microsoft Azure AD Sync\\Bin\\miiserver.exe\r\n        Engine Version = 5.1.20348.1366\r\n        Runspace ID = 372a68a9-a9a0-4218-89ba-867e1549c848\r\n        Pipeline ID = 2\r\n        Command Name = Add-Type\r\n        Command Type = Cmdlet\r\n        Script Name = C:\\Program Files\\Microsoft Azure AD Sync\\Extensions\\AADConnector.psm1\r\n        Command Path = \r\n        Sequence Number = 362300\r\n        User = LUNARSTIIINESS\\ADSyncMSAfb0e5$\r\n        Connected User = \r\n        Shell ID = Microsoft.PowerShell\r\n","Payload":"CommandInvocation(Add-Type): \"Add-Type\"\r\nParameterBinding(Add-Type): name=\"Path\"; value=\"C:\\Program Files\\Microsoft Azure AD Sync\\\\Extensions\\Microsoft.Azure.ActiveDirectory.Connector.dll\"\r\n","EventReceivedTime":1687528197,"SourceModuleName":"in_powershell","SourceModuleType":"im_msvistalog"}
<14>Jun 23 13:49:57 win-adfs.lunarstiiiness.com Microsoft-Windows-PowerShell[4764]: {"EventTime":1687528195,"Hostname":"win-adfs.lunarstiiiness.com","Keywords":0,"EventType":"INFO","SeverityValue":2,"Severity":"INFO","EventID":4103,"SourceName":"Microsoft-Windows-PowerShell","ProviderGuid":"{A0C1853B-5C40-4B15-8766-3CF1C58F985A}","Version":1,"Task":106,"OpcodeValue":20,"RecordNumber":1319791,"ActivityID":"{8F8F53C1-AEDC-0000-48AF-23AE6E9ED901}","ProcessID":4764,"ThreadID":11376,"Channel":"Microsoft-Windows-PowerShell/Operational","Domain":"LUNARSTIIINESS","AccountName":"ADSyncMSAfb0e5$","UserID":"S-1-5-21-3263964631-4121654051-1417071188-1115","AccountType":"User","Message":"CommandInvocation(Add-Type): \"Add-Type\"\r\nParameterBinding(Add-Type): name=\"Path\"; value=\"C:\\Program Files\\Microsoft Azure AD Sync\\\\Extensions\\Microsoft.Azure.ActiveDirectory.Connector.dll\"\r\n\r\n\r\nContext:\r\n        Severity = Informational\r\n        Host Name = Default Host\r\n        Host Version = 5.1.20348.1366\r\n        Host ID = c169b6f0-2b19-4691-a3e7-d9ebb612ca5d\r\n        Host Application = C:\\Program Files\\Microsoft Azure AD Sync\\Bin\\miiserver.exe\r\n        Engine Version = 5.1.20348.1366\r\n        Runspace ID = 4b6ffc6b-bf74-4fb2-984d-c51a843f506a\r\n        Pipeline ID = 2\r\n        Command Name = Add-Type\r\n        Command Type = Cmdlet\r\n        Script Name = C:\\Program Files\\Microsoft Azure AD Sync\\Extensions\\AADConnector.psm1\r\n        Command Path = \r\n        Sequence Number = 362324\r\n        User = LUNARSTIIINESS\\ADSyncMSAfb0e5$\r\n        Connected User = \r\n        Shell ID = Microsoft.PowerShell\r\n\r\n\r\nUser Data:\r\n\r\n","Category":"Executing Pipeline","Opcode":"To be used when operation is just executing a method","ContextInfo":"        Severity = Informational\r\n        Host Name = Default Host\r\n        Host Version = 5.1.20348.1366\r\n        Host ID = c169b6f0-2b19-4691-a3e7-d9ebb612ca5d\r\n        Host Application = C:\\Program Files\\Microsoft Azure AD Sync\\Bin\\miiserver.exe\r\n        Engine Version = 5.1.20348.1366\r\n        Runspace ID = 4b6ffc6b-bf74-4fb2-984d-c51a843f506a\r\n        Pipeline ID = 2\r\n        Command Name = Add-Type\r\n        Command Type = Cmdlet\r\n        Script Name = C:\\Program Files\\Microsoft Azure AD Sync\\Extensions\\AADConnector.psm1\r\n        Command Path = \r\n        Sequence Number = 362324\r\n        User = LUNARSTIIINESS\\ADSyncMSAfb0e5$\r\n        Connected User = \r\n        Shell ID = Microsoft.PowerShell\r\n","Payload":"CommandInvocation(Add-Type): \"Add-Type\"\r\nParameterBinding(Add-Type): name=\"Path\"; value=\"C:\\Program Files\\Microsoft Azure AD Sync\\\\Extensions\\Microsoft.Azure.ActiveDirectory.Connector.dll\"\r\n","EventReceivedTime":1687528197,"SourceModuleName":"in_powershell","SourceModuleType":"im_msvistalog"}
<14>Jun 23 13:49:57 win-adfs.lunarstiiiness.com Microsoft-Windows-PowerShell[4764]: {"EventTime":1687528195,"Hostname":"win-adfs.lunarstiiiness.com","Keywords":0,"EventType":"INFO","SeverityValue":2,"Severity":"INFO","EventID":4103,"SourceName":"Microsoft-Windows-PowerShell","ProviderGuid":"{A0C1853B-5C40-4B15-8766-3CF1C58F985A}","Version":1,"Task":106,"OpcodeValue":20,"RecordNumber":1319790,"ActivityID":"{8F8F53C1-AEDC-0000-47AF-23AE6E9ED901}","ProcessID":4764,"ThreadID":11376,"Channel":"Microsoft-Windows-PowerShell/Operational","Domain":"LUNARSTIIINESS","AccountName":"ADSyncMSAfb0e5$","UserID":"S-1-5-21-3263964631-4121654051-1417071188-1115","AccountType":"User","Message":"CommandInvocation(Add-Type): \"Add-Type\"\r\nParameterBinding(Add-Type): name=\"Path\"; value=\"C:\\Program Files\\Microsoft Azure AD Sync\\\\Bin\\Microsoft.MetadirectoryServices.PasswordHashSynchronization.Types.dll\"\r\n\r\n\r\nContext:\r\n        Severity = Informational\r\n        Host Name = Default Host\r\n        Host Version = 5.1.20348.1366\r\n        Host ID = c169b6f0-2b19-4691-a3e7-d9ebb612ca5d\r\n        Host Application = C:\\Program Files\\Microsoft Azure AD Sync\\Bin\\miiserver.exe\r\n        Engine Version = 5.1.20348.1366\r\n        Runspace ID = 4b6ffc6b-bf74-4fb2-984d-c51a843f506a\r\n        Pipeline ID = 2\r\n        Command Name = Add-Type\r\n        Command Type = Cmdlet\r\n        Script Name = C:\\Program Files\\Microsoft Azure AD Sync\\Extensions\\AADConnector.psm1\r\n        Command Path = \r\n        Sequence Number = 362322\r\n        User = LUNARSTIIINESS\\ADSyncMSAfb0e5$\r\n        Connected User = \r\n        Shell ID = Microsoft.PowerShell\r\n\r\n\r\nUser Data:\r\n\r\n","Category":"Executing Pipeline","Opcode":"To be used when operation is just executing a method","ContextInfo":"        Severity = Informational\r\n        Host Name = Default Host\r\n        Host Version = 5.1.20348.1366\r\n        Host ID = c169b6f0-2b19-4691-a3e7-d9ebb612ca5d\r\n        Host Application = C:\\Program Files\\Microsoft Azure AD Sync\\Bin\\miiserver.exe\r\n        Engine Version = 5.1.20348.1366\r\n        Runspace ID = 4b6ffc6b-bf74-4fb2-984d-c51a843f506a\r\n        Pipeline ID = 2\r\n        Command Name = Add-Type\r\n        Command Type = Cmdlet\r\n        Script Name = C:\\Program Files\\Microsoft Azure AD Sync\\Extensions\\AADConnector.psm1\r\n        Command Path = \r\n        Sequence Number = 362322\r\n        User = LUNARSTIIINESS\\ADSyncMSAfb0e5$\r\n        Connected User = \r\n        Shell ID = Microsoft.PowerShell\r\n","Payload":"CommandInvocation(Add-Type): \"Add-Type\"\r\nParameterBinding(Add-Type): name=\"Path\"; value=\"C:\\Program Files\\Microsoft Azure AD Sync\\\\Bin\\Microsoft.MetadirectoryServices.PasswordHashSynchronization.Types.dll\"\r\n","EventReceivedTime":1687528197,"SourceModuleName":"in_powershell","SourceModuleType":"im_msvistalog"}
<14>Jun 23 13:49:57 win-adfs.lunarstiiiness.com Microsoft-Windows-PowerShell[4764]: {"EventTime":1687528195,"Hostname":"win-adfs.lunarstiiiness.com","Keywords":0,"EventType":"INFO","SeverityValue":2,"Severity":"INFO","EventID":4103,"SourceName":"Microsoft-Windows-PowerShell","ProviderGuid":"{A0C1853B-5C40-4B15-8766-3CF1C58F985A}","Version":1,"Task":106,"OpcodeValue":20,"RecordNumber":1319794,"ActivityID":"{8F8F53C1-AEDC-0000-5AAF-23AE6E9ED901}","ProcessID":4764,"ThreadID":5304,"Channel":"Microsoft-Windows-PowerShell/Operational","Domain":"LUNARSTIIINESS","AccountName":"ADSyncMSAfb0e5$","UserID":"S-1-5-21-3263964631-4121654051-1417071188-1115","AccountType":"User","Message":"CommandInvocation(Add-Type): \"Add-Type\"\r\nParameterBinding(Add-Type): name=\"Path\"; value=\"C:\\Program Files\\Microsoft Azure AD Sync\\\\Extensions\\Microsoft.Azure.ActiveDirectory.Connector.dll\"\r\n\r\n\r\nContext:\r\n        Severity = Informational\r\n        Host Name = Default Host\r\n        Host Version = 5.1.20348.1366\r\n        Host ID = a56d548b-9508-43eb-830e-dfe8f7ee2c24\r\n        Host Application = C:\\Program Files\\Microsoft Azure AD Sync\\Bin\\miiserver.exe\r\n        Engine Version = 5.1.20348.1366\r\n        Runspace ID = 68c3e000-b761-405c-a23d-02c9e84cbb36\r\n        Pipeline ID = 2\r\n        Command Name = Add-Type\r\n        Command Type = Cmdlet\r\n        Script Name = C:\\Program Files\\Microsoft Azure AD Sync\\Extensions\\AADConnector.psm1\r\n        Command Path = \r\n        Sequence Number = 362348\r\n        User = LUNARSTIIINESS\\ADSyncMSAfb0e5$\r\n        Connected User = \r\n        Shell ID = Microsoft.PowerShell\r\n\r\n\r\nUser Data:\r\n\r\n","Category":"Executing Pipeline","Opcode":"To be used when operation is just executing a method","ContextInfo":"        Severity = Informational\r\n        Host Name = Default Host\r\n        Host Version = 5.1.20348.1366\r\n        Host ID = a56d548b-9508-43eb-830e-dfe8f7ee2c24\r\n        Host Application = C:\\Program Files\\Microsoft Azure AD Sync\\Bin\\miiserver.exe\r\n        Engine Version = 5.1.20348.1366\r\n        Runspace ID = 68c3e000-b761-405c-a23d-02c9e84cbb36\r\n        Pipeline ID = 2\r\n        Command Name = Add-Type\r\n        Command Type = Cmdlet\r\n        Script Name = C:\\Program Files\\Microsoft Azure AD Sync\\Extensions\\AADConnector.psm1\r\n        Command Path = \r\n        Sequence Number = 362348\r\n        User = LUNARSTIIINESS\\ADSyncMSAfb0e5$\r\n        Connected User = \r\n        Shell ID = Microsoft.PowerShell\r\n","Payload":"CommandInvocation(Add-Type): \"Add-Type\"\r\nParameterBinding(Add-Type): name=\"Path\"; value=\"C:\\Program Files\\Microsoft Azure AD Sync\\\\Extensions\\Microsoft.Azure.ActiveDirectory.Connector.dll\"\r\n","EventReceivedTime":1687528197,"SourceModuleName":"in_powershell","SourceModuleType":"im_msvistalog"}
