<14>Jun 23 13:50:03 win-adfs.lunarstiiiness.com PowerShell[0]: {"EventTime":1687528203,"Hostname":"win-adfs.lunarstiiiness.com","Keywords":36028797018963968,"EventType":"INFO","SeverityValue":2,"Severity":"INFO","EventID":800,"SourceName":"PowerShell","Version":0,"Task":8,"OpcodeValue":0,"RecordNumber":6160232,"ProcessID":0,"ThreadID":0,"Channel":"Windows PowerShell","Message":"Pipeline execution details for command line:   Add-Type -Path \"$installationDirectory\\Bin\\Assemblies\\Microsoft.MetadirectoryServicesEx.dll\"\r\n. \r\n\r\nContext Information: \r\n\tDetailSequence=1\r\n\tDetailTotal=1\r\n\r\n\tSequenceNumber=362463\r\n\r\n\tUserId=LUNARSTIIINESS\\ADSyncMSAfb0e5$\r\n\tHostName=Default Host\r\n\tHostVersion=5.1.20348.1366\r\n\tHostId=4f370ab5-7127-428e-89f7-c2745e861bf0\r\n\tHostApplication=C:\\Program Files\\Microsoft Azure AD Sync\\Bin\\miiserver.exe\r\n\tEngineVersion=5.1.20348.1366\r\n\tRunspaceId=2d7cdea0-39c2-4eba-85b8-0aeb644102e2\r\n\tPipelineId=2\r\n\tScriptName=C:\\Program Files\\Microsoft Azure AD Sync\\Extensions\\AADConnector.psm1\r\n\tCommandLine=  Add-Type -Path \"$installationDirectory\\Bin\\Assemblies\\Microsoft.MetadirectoryServicesEx.dll\"\r\n \r\n\r\nDetails: \r\nCommandInvocation(Add-Type): \"Add-Type\"\r\nParameterBinding(Add-Type): name=\"Path\"; value=\"C:\\Program Files\\Microsoft Azure AD Sync\\\\Bin\\Assemblies\\Microsoft.MetadirectoryServicesEx.dll\"\r\n","Category":"Pipeline Execution Details","Opcode":"Info","EventReceivedTime":1687528203,"SourceModuleName":"in_powershell","SourceModuleType":"im_msvistalog"}
<14>Jun 23 13:50:03 win-adfs.lunarstiiiness.com PowerShell[0]: {"EventTime":1687528203,"Hostname":"win-adfs.lunarstiiiness.com","Keywords":36028797018963968,"EventType":"INFO","SeverityValue":2,"Severity":"INFO","EventID":800,"SourceName":"PowerShell","Version":0,"Task":8,"OpcodeValue":0,"RecordNumber":6160281,"ProcessID":0,"ThreadID":0,"Channel":"Windows PowerShell","Message":"Pipeline execution details for command line:   Add-Type -Path \"$installationDirectory\\Bin\\Microsoft.MetadirectoryServices.PasswordHashSynchronization.Types.dll\"\r\n. \r\n\r\nContext Information: \r\n\tDetailSequence=1\r\n\tDetailTotal=1\r\n\r\n\tSequenceNumber=362561\r\n\r\n\tUserId=LUNARSTIIINESS\\ADSyncMSAfb0e5$\r\n\tHostName=Default Host\r\n\tHostVersion=5.1.20348.1366\r\n\tHostId=467ad29e-8afb-4ade-8aeb-fc62d8ecea83\r\n\tHostApplication=C:\\Program Files\\Microsoft Azure AD Sync\\Bin\\miiserver.exe\r\n\tEngineVersion=5.1.20348.1366\r\n\tRunspaceId=e8db983f-9749-4504-99e8-3e76a65edcf2\r\n\tPipelineId=2\r\n\tScriptName=C:\\Program Files\\Microsoft Azure AD Sync\\Extensions\\AADConnector.psm1\r\n\tCommandLine=  Add-Type -Path \"$installationDirectory\\Bin\\Microsoft.MetadirectoryServices.PasswordHashSynchronization.Types.dll\"\r\n \r\n\r\nDetails: \r\nCommandInvocation(Add-Type): \"Add-Type\"\r\nParameterBinding(Add-Type): name=\"Path\"; value=\"C:\\Program Files\\Microsoft Azure AD Sync\\\\Bin\\Microsoft.MetadirectoryServices.PasswordHashSynchronization.Types.dll\"\r\n","Category":"Pipeline Execution Details","Opcode":"Info","EventReceivedTime":1687528203,"SourceModuleName":"in_powershell","SourceModuleType":"im_msvistalog"}
<14>Jun 23 13:50:04 win-adfs.lunarstiiiness.com PowerShell[0]: {"EventTime":1687528203,"Hostname":"win-adfs.lunarstiiiness.com","Keywords":36028797018963968,"EventType":"INFO","SeverityValue":2,"Severity":"INFO","EventID":800,"SourceName":"PowerShell","Version":0,"Task":8,"OpcodeValue":0,"RecordNumber":6160317,"ProcessID":0,"ThreadID":0,"Channel":"Windows PowerShell","Message":"Pipeline execution details for command line:   Add-Type -Path \"$installationDirectory\\Bin\\Microsoft.MetadirectoryServices.PasswordHashSynchronization.Types.dll\"\r\n. \r\n\r\nContext Information: \r\n\tDetailSequence=1\r\n\tDetailTotal=1\r\n\r\n\tSequenceNumber=362633\r\n\r\n\tUserId=LUNARSTIIINESS\\ADSyncMSAfb0e5$\r\n\tHostName=Default Host\r\n\tHostVersion=5.1.20348.1366\r\n\tHostId=eea779bf-4902-4620-b70b-4742c3bb94d1\r\n\tHostApplication=C:\\Program Files\\Microsoft Azure AD Sync\\Bin\\miiserver.exe\r\n\tEngineVersion=5.1.20348.1366\r\n\tRunspaceId=6800bba8-8ca2-42f2-b6bb-5a9fe5b75f8f\r\n\tPipelineId=2\r\n\tScriptName=C:\\Program Files\\Microsoft Azure AD Sync\\Extensions\\AADConnector.psm1\r\n\tCommandLine=  Add-Type -Path \"$installationDirectory\\Bin\\Microsoft.MetadirectoryServices.PasswordHashSynchronization.Types.dll\"\r\n \r\n\r\nDetails: \r\nCommandInvocation(Add-Type): \"Add-Type\"\r\nParameterBinding(Add-Type): name=\"Path\"; value=\"C:\\Program Files\\Microsoft Azure AD Sync\\\\Bin\\Microsoft.MetadirectoryServices.PasswordHashSynchronization.Types.dll\"\r\n","Category":"Pipeline Execution Details","Opcode":"Info","EventReceivedTime":1687528204,"SourceModuleName":"in_powershell","SourceModuleType":"im_msvistalog"}
<14>Jun 23 13:50:04 win-adfs.lunarstiiiness.com PowerShell[0]: {"EventTime":1687528203,"Hostname":"win-adfs.lunarstiiiness.com","Keywords":36028797018963968,"EventType":"INFO","SeverityValue":2,"Severity":"INFO","EventID":800,"SourceName":"PowerShell","Version":0,"Task":8,"OpcodeValue":0,"RecordNumber":6160318,"ProcessID":0,"ThreadID":0,"Channel":"Windows PowerShell","Message":"Pipeline execution details for command line:   Add-Type -Path \"$installationDirectory\\Extensions\\Microsoft.Azure.ActiveDirectory.Connector.dll\"\r\n. \r\n\r\nContext Information: \r\n\tDetailSequence=1\r\n\tDetailTotal=1\r\n\r\n\tSequenceNumber=362635\r\n\r\n\tUserId=LUNARSTIIINESS\\ADSyncMSAfb0e5$\r\n\tHostName=Default Host\r\n\tHostVersion=5.1.20348.1366\r\n\tHostId=eea779bf-4902-4620-b70b-4742c3bb94d1\r\n\tHostApplication=C:\\Program Files\\Microsoft Azure AD Sync\\Bin\\miiserver.exe\r\n\tEngineVersion=5.1.20348.1366\r\n\tRunspaceId=6800bba8-8ca2-42f2-b6bb-5a9fe5b75f8f\r\n\tPipelineId=2\r\n\tScriptName=C:\\Program Files\\Microsoft Azure AD Sync\\Extensions\\AADConnector.psm1\r\n\tCommandLine=  Add-Type -Path \"$installationDirectory\\Extensions\\Microsoft.Azure.ActiveDirectory.Connector.dll\"\r\n \r\n\r\nDetails: \r\nCommandInvocation(Add-Type): \"Add-Type\"\r\nParameterBinding(Add-Type): name=\"Path\"; value=\"C:\\Program Files\\Microsoft Azure AD Sync\\\\Extensions\\Microsoft.Azure.ActiveDirectory.Connector.dll\"\r\n","Category":"Pipeline Execution Details","Opcode":"Info","EventReceivedTime":1687528204,"SourceModuleName":"in_powershell","SourceModuleType":"im_msvistalog"}
<14>Jun 23 13:50:03 win-adfs.lunarstiiiness.com PowerShell[0]: {"EventTime":1687528203,"Hostname":"win-adfs.lunarstiiiness.com","Keywords":36028797018963968,"EventType":"INFO","SeverityValue":2,"Severity":"INFO","EventID":800,"SourceName":"PowerShell","Version":0,"Task":8,"OpcodeValue":0,"RecordNumber":6160280,"ProcessID":0,"ThreadID":0,"Channel":"Windows PowerShell","Message":"Pipeline execution details for command line:   Add-Type -Path \"$installationDirectory\\Bin\\Assemblies\\Microsoft.MetadirectoryServicesEx.dll\"\r\n. \r\n\r\nContext Information: \r\n\tDetailSequence=1\r\n\tDetailTotal=1\r\n\r\n\tSequenceNumber=362559\r\n\r\n\tUserId=LUNARSTIIINESS\\ADSyncMSAfb0e5$\r\n\tHostName=Default Host\r\n\tHostVersion=5.1.20348.1366\r\n\tHostId=467ad29e-8afb-4ade-8aeb-fc62d8ecea83\r\n\tHostApplication=C:\\Program Files\\Microsoft Azure AD Sync\\Bin\\miiserver.exe\r\n\tEngineVersion=5.1.20348.1366\r\n\tRunspaceId=e8db983f-9749-4504-99e8-3e76a65edcf2\r\n\tPipelineId=2\r\n\tScriptName=C:\\Program Files\\Microsoft Azure AD Sync\\Extensions\\AADConnector.psm1\r\n\tCommandLine=  Add-Type -Path \"$installationDirectory\\Bin\\Assemblies\\Microsoft.MetadirectoryServicesEx.dll\"\r\n \r\n\r\nDetails: \r\nCommandInvocation(Add-Type): \"Add-Type\"\r\nParameterBinding(Add-Type): name=\"Path\"; value=\"C:\\Program Files\\Microsoft Azure AD Sync\\\\Bin\\Assemblies\\Microsoft.MetadirectoryServicesEx.dll\"\r\n","Category":"Pipeline Execution Details","Opcode":"Info","EventReceivedTime":1687528203,"SourceModuleName":"in_powershell","SourceModuleType":"im_msvistalog"}
<14>Jun 23 13:50:03 win-adfs.lunarstiiiness.com PowerShell[0]: {"EventTime":1687528203,"Hostname":"win-adfs.lunarstiiiness.com","Keywords":36028797018963968,"EventType":"INFO","SeverityValue":2,"Severity":"INFO","EventID":800,"SourceName":"PowerShell","Version":0,"Task":8,"OpcodeValue":0,"RecordNumber":6160257,"ProcessID":0,"ThreadID":0,"Channel":"Windows PowerShell","Message":"Pipeline execution details for command line:   Add-Type -Path \"$installationDirectory\\Bin\\Microsoft.MetadirectoryServices.PasswordHashSynchronization.Types.dll\"\r\n. \r\n\r\nContext Information: \r\n\tDetailSequence=1\r\n\tDetailTotal=1\r\n\r\n\tSequenceNumber=362513\r\n\r\n\tUserId=LUNARSTIIINESS\\ADSyncMSAfb0e5$\r\n\tHostName=Default Host\r\n\tHostVersion=5.1.20348.1366\r\n\tHostId=9d803bda-fd19-486f-b244-9847e699b892\r\n\tHostApplication=C:\\Program Files\\Microsoft Azure AD Sync\\Bin\\miiserver.exe\r\n\tEngineVersion=5.1.20348.1366\r\n\tRunspaceId=e48fc851-6b76-4f0f-ab93-5545e46d6482\r\n\tPipelineId=2\r\n\tScriptName=C:\\Program Files\\Microsoft Azure AD Sync\\Extensions\\AADConnector.psm1\r\n\tCommandLine=  Add-Type -Path \"$installationDirectory\\Bin\\Microsoft.MetadirectoryServices.PasswordHashSynchronization.Types.dll\"\r\n \r\n\r\nDetails: \r\nCommandInvocation(Add-Type): \"Add-Type\"\r\nParameterBinding(Add-Type): name=\"Path\"; value=\"C:\\Program Files\\Microsoft Azure AD Sync\\\\Bin\\Microsoft.MetadirectoryServices.PasswordHashSynchronization.Types.dll\"\r\n","Category":"Pipeline Execution Details","Opcode":"Info","EventReceivedTime":1687528203,"SourceModuleName":"in_powershell","SourceModuleType":"im_msvistalog"}
<14>Jun 23 13:51:48 win-server.lunarstiiiness.com PowerShell[0]: {"EventTime":1687528308,"Hostname":"win-server.lunarstiiiness.com","Keywords":36028797018963968,"EventType":"INFO","SeverityValue":2,"Severity":"INFO","EventID":400,"SourceName":"PowerShell","Task":4,"RecordNumber":4875,"ProcessID":0,"ThreadID":0,"Channel":"Windows PowerShell","Message":"Engine state is changed from None to Available. \r\n\r\nDetails: \r\n\tNewEngineState=Available\r\n\tPreviousEngineState=None\r\n\r\n\tSequenceNumber=52\r\n\r\n\tHostName=Default Host\r\n\tHostVersion=5.1.14393.5582\r\n\tHostId=a8b6eb96-bd2c-4f42-b4ea-b2b298e04a26\r\n\tHostApplication=C:\\Users\\tim.smith_admin\\Downloads\\DiskUtil-win-x64-installer.exe\r\n\tEngineVersion=5.1.14393.5582\r\n\tRunspaceId=fe0bb783-2455-450c-a217-7822be359c83\r\n\tPipelineId=\r\n\tCommandName=\r\n\tCommandType=\r\n\tScriptName=\r\n\tCommandPath=\r\n\tCommandLine=","Category":"Engine Lifecycle","Opcode":"Info","EventReceivedTime":1687528308,"SourceModuleName":"in_powershell","SourceModuleType":"im_msvistalog"}
<14>Jun 23 13:51:48 win-server.lunarstiiiness.com PowerShell[0]: {"EventTime":1687528308,"Hostname":"win-server.lunarstiiiness.com","Keywords":36028797018963968,"EventType":"INFO","SeverityValue":2,"Severity":"INFO","EventID":600,"SourceName":"PowerShell","Task":6,"RecordNumber":4872,"ProcessID":0,"ThreadID":0,"Channel":"Windows PowerShell","Message":"Provider \"Variable\" is Started. \r\n\r\nDetails: \r\n\tProviderName=Variable\r\n\tNewProviderState=Started\r\n\r\n\tSequenceNumber=46\r\n\r\n\tHostName=Default Host\r\n\tHostVersion=5.1.14393.5582\r\n\tHostId=a8b6eb96-bd2c-4f42-b4ea-b2b298e04a26\r\n\tHostApplication=C:\\Users\\tim.smith_admin\\Downloads\\DiskUtil-win-x64-installer.exe\r\n\tEngineVersion=\r\n\tRunspaceId=\r\n\tPipelineId=\r\n\tCommandName=\r\n\tCommandType=\r\n\tScriptName=\r\n\tCommandPath=\r\n\tCommandLine=","Category":"Provider Lifecycle","Opcode":"Info","EventReceivedTime":1687528308,"SourceModuleName":"in_powershell","SourceModuleType":"im_msvistalog"}
<14>Jun 23 13:51:48 win-server.lunarstiiiness.com PowerShell[0]: {"EventTime":1687528308,"Hostname":"win-server.lunarstiiiness.com","Keywords":36028797018963968,"EventType":"INFO","SeverityValue":2,"Severity":"INFO","EventID":600,"SourceName":"PowerShell","Task":6,"RecordNumber":4873,"ProcessID":0,"ThreadID":0,"Channel":"Windows PowerShell","Message":"Provider \"Certificate\" is Started. \r\n\r\nDetails: \r\n\tProviderName=Certificate\r\n\tNewProviderState=Started\r\n\r\n\tSequenceNumber=48\r\n\r\n\tHostName=Default Host\r\n\tHostVersion=5.1.14393.5582\r\n\tHostId=a8b6eb96-bd2c-4f42-b4ea-b2b298e04a26\r\n\tHostApplication=C:\\Users\\tim.smith_admin\\Downloads\\DiskUtil-win-x64-installer.exe\r\n\tEngineVersion=\r\n\tRunspaceId=\r\n\tPipelineId=\r\n\tCommandName=\r\n\tCommandType=\r\n\tScriptName=\r\n\tCommandPath=\r\n\tCommandLine=","Category":"Provider Lifecycle","Opcode":"Info","EventReceivedTime":1687528308,"SourceModuleName":"in_powershell","SourceModuleType":"im_msvistalog"}
<14>Jun 23 13:51:48 win-server.lunarstiiiness.com PowerShell[0]: {"EventTime":1687528308,"Hostname":"win-server.lunarstiiiness.com","Keywords":36028797018963968,"EventType":"INFO","SeverityValue":2,"Severity":"INFO","EventID":600,"SourceName":"PowerShell","Task":6,"RecordNumber":4870,"ProcessID":0,"ThreadID":0,"Channel":"Windows PowerShell","Message":"Provider \"FileSystem\" is Started. \r\n\r\nDetails: \r\n\tProviderName=FileSystem\r\n\tNewProviderState=Started\r\n\r\n\tSequenceNumber=42\r\n\r\n\tHostName=Default Host\r\n\tHostVersion=5.1.14393.5582\r\n\tHostId=a8b6eb96-bd2c-4f42-b4ea-b2b298e04a26\r\n\tHostApplication=C:\\Users\\tim.smith_admin\\Downloads\\DiskUtil-win-x64-installer.exe\r\n\tEngineVersion=\r\n\tRunspaceId=\r\n\tPipelineId=\r\n\tCommandName=\r\n\tCommandType=\r\n\tScriptName=\r\n\tCommandPath=\r\n\tCommandLine=","Category":"Provider Lifecycle","Opcode":"Info","EventReceivedTime":1687528308,"SourceModuleName":"in_powershell","SourceModuleType":"im_msvistalog"}
<14>Jun 23 13:51:48 win-server.lunarstiiiness.com PowerShell[0]: {"EventTime":1687528308,"Hostname":"win-server.lunarstiiiness.com","Keywords":36028797018963968,"EventType":"INFO","SeverityValue":2,"Severity":"INFO","EventID":600,"SourceName":"PowerShell","Task":6,"RecordNumber":4867,"ProcessID":0,"ThreadID":0,"Channel":"Windows PowerShell","Message":"Provider \"Registry\" is Started. \r\n\r\nDetails: \r\n\tProviderName=Registry\r\n\tNewProviderState=Started\r\n\r\n\tSequenceNumber=36\r\n\r\n\tHostName=Default Host\r\n\tHostVersion=5.1.14393.5582\r\n\tHostId=a8b6eb96-bd2c-4f42-b4ea-b2b298e04a26\r\n\tHostApplication=C:\\Users\\tim.smith_admin\\Downloads\\DiskUtil-win-x64-installer.exe\r\n\tEngineVersion=\r\n\tRunspaceId=\r\n\tPipelineId=\r\n\tCommandName=\r\n\tCommandType=\r\n\tScriptName=\r\n\tCommandPath=\r\n\tCommandLine=","Category":"Provider Lifecycle","Opcode":"Info","EventReceivedTime":1687528308,"SourceModuleName":"in_powershell","SourceModuleType":"im_msvistalog"}
<14>Jun 23 13:51:48 win-server.lunarstiiiness.com PowerShell[0]: {"EventTime":1687528308,"Hostname":"win-server.lunarstiiiness.com","Keywords":36028797018963968,"EventType":"INFO","SeverityValue":2,"Severity":"INFO","EventID":600,"SourceName":"PowerShell","Task":6,"RecordNumber":4868,"ProcessID":0,"ThreadID":0,"Channel":"Windows PowerShell","Message":"Provider \"Alias\" is Started. \r\n\r\nDetails: \r\n\tProviderName=Alias\r\n\tNewProviderState=Started\r\n\r\n\tSequenceNumber=38\r\n\r\n\tHostName=Default Host\r\n\tHostVersion=5.1.14393.5582\r\n\tHostId=a8b6eb96-bd2c-4f42-b4ea-b2b298e04a26\r\n\tHostApplication=C:\\Users\\tim.smith_admin\\Downloads\\DiskUtil-win-x64-installer.exe\r\n\tEngineVersion=\r\n\tRunspaceId=\r\n\tPipelineId=\r\n\tCommandName=\r\n\tCommandType=\r\n\tScriptName=\r\n\tCommandPath=\r\n\tCommandLine=","Category":"Provider Lifecycle","Opcode":"Info","EventReceivedTime":1687528308,"SourceModuleName":"in_powershell","SourceModuleType":"im_msvistalog"}
<14>Jun 23 13:51:48 win-server.lunarstiiiness.com PowerShell[0]: {"EventTime":1687528308,"Hostname":"win-server.lunarstiiiness.com","Keywords":36028797018963968,"EventType":"INFO","SeverityValue":2,"Severity":"INFO","EventID":600,"SourceName":"PowerShell","Task":6,"RecordNumber":4869,"ProcessID":0,"ThreadID":0,"Channel":"Windows PowerShell","Message":"Provider \"Environment\" is Started. \r\n\r\nDetails: \r\n\tProviderName=Environment\r\n\tNewProviderState=Started\r\n\r\n\tSequenceNumber=40\r\n\r\n\tHostName=Default Host\r\n\tHostVersion=5.1.14393.5582\r\n\tHostId=a8b6eb96-bd2c-4f42-b4ea-b2b298e04a26\r\n\tHostApplication=C:\\Users\\tim.smith_admin\\Downloads\\DiskUtil-win-x64-installer.exe\r\n\tEngineVersion=\r\n\tRunspaceId=\r\n\tPipelineId=\r\n\tCommandName=\r\n\tCommandType=\r\n\tScriptName=\r\n\tCommandPath=\r\n\tCommandLine=","Category":"Provider Lifecycle","Opcode":"Info","EventReceivedTime":1687528308,"SourceModuleName":"in_powershell","SourceModuleType":"im_msvistalog"}
<14>Jun 23 13:51:48 win-server.lunarstiiiness.com PowerShell[0]: {"EventTime":1687528308,"Hostname":"win-server.lunarstiiiness.com","Keywords":36028797018963968,"EventType":"INFO","SeverityValue":2,"Severity":"INFO","EventID":600,"SourceName":"PowerShell","Task":6,"RecordNumber":4874,"ProcessID":0,"ThreadID":0,"Channel":"Windows PowerShell","Message":"Provider \"WSMan\" is Started. \r\n\r\nDetails: \r\n\tProviderName=WSMan\r\n\tNewProviderState=Started\r\n\r\n\tSequenceNumber=50\r\n\r\n\tHostName=Default Host\r\n\tHostVersion=5.1.14393.5582\r\n\tHostId=a8b6eb96-bd2c-4f42-b4ea-b2b298e04a26\r\n\tHostApplication=C:\\Users\\tim.smith_admin\\Downloads\\DiskUtil-win-x64-installer.exe\r\n\tEngineVersion=\r\n\tRunspaceId=\r\n\tPipelineId=\r\n\tCommandName=\r\n\tCommandType=\r\n\tScriptName=\r\n\tCommandPath=\r\n\tCommandLine=","Category":"Provider Lifecycle","Opcode":"Info","EventReceivedTime":1687528308,"SourceModuleName":"in_powershell","SourceModuleType":"im_msvistalog"}
<14>Jun 23 13:51:48 win-server.lunarstiiiness.com PowerShell[0]: {"EventTime":1687528308,"Hostname":"win-server.lunarstiiiness.com","Keywords":36028797018963968,"EventType":"INFO","SeverityValue":2,"Severity":"INFO","EventID":600,"SourceName":"PowerShell","Task":6,"RecordNumber":4871,"ProcessID":0,"ThreadID":0,"Channel":"Windows PowerShell","Message":"Provider \"Function\" is Started. \r\n\r\nDetails: \r\n\tProviderName=Function\r\n\tNewProviderState=Started\r\n\r\n\tSequenceNumber=44\r\n\r\n\tHostName=Default Host\r\n\tHostVersion=5.1.14393.5582\r\n\tHostId=a8b6eb96-bd2c-4f42-b4ea-b2b298e04a26\r\n\tHostApplication=C:\\Users\\tim.smith_admin\\Downloads\\DiskUtil-win-x64-installer.exe\r\n\tEngineVersion=\r\n\tRunspaceId=\r\n\tPipelineId=\r\n\tCommandName=\r\n\tCommandType=\r\n\tScriptName=\r\n\tCommandPath=\r\n\tCommandLine=","Category":"Provider Lifecycle","Opcode":"Info","EventReceivedTime":1687528308,"SourceModuleName":"in_powershell","SourceModuleType":"im_msvistalog"}
<14>Jun 23 13:51:50 win-adfs.lunarstiiiness.com Microsoft-Windows-PowerShell[6856]: {"EventTime":1687528309,"Hostname":"win-adfs.lunarstiiiness.com","Keywords":0,"EventType":"INFO","SeverityValue":2,"Severity":"INFO","EventID":53504,"SourceName":"Microsoft-Windows-PowerShell","ProviderGuid":"{A0C1853B-5C40-4B15-8766-3CF1C58F985A}","Version":1,"Task":111,"OpcodeValue":10,"RecordNumber":1319842,"ActivityID":"{D336E3E0-BD4B-4ECF-BCDF-3F1A71B0C5EC}","ProcessID":6856,"ThreadID":7328,"Channel":"Microsoft-Windows-PowerShell/Operational","Domain":"LUNARSTIIINESS","AccountName":"tim.smith_admin","UserID":"S-1-5-21-3263964631-4121654051-1417071188-1116","AccountType":"User","Message":"Windows PowerShell has started an IPC listening thread on process: 6856 in AppDomain: DefaultAppDomain.","Category":"PowerShell Named Pipe IPC","Opcode":"Open (async)","param1":"6856","param2":"DefaultAppDomain","EventReceivedTime":1687528310,"SourceModuleName":"in_powershell","SourceModuleType":"im_msvistalog"}
<14>Jun 23 13:51:50 win-adfs.lunarstiiiness.com PowerShell[0]: {"EventTime":1687528309,"Hostname":"win-adfs.lunarstiiiness.com","Keywords":36028797018963968,"EventType":"INFO","SeverityValue":2,"Severity":"INFO","EventID":600,"SourceName":"PowerShell","Version":0,"Task":6,"OpcodeValue":0,"RecordNumber":6160319,"ProcessID":0,"ThreadID":0,"Channel":"Windows PowerShell","Message":"Provider \"Registry\" is Started. \r\n\r\nDetails: \r\n\tProviderName=Registry\r\n\tNewProviderState=Started\r\n\r\n\tSequenceNumber=1\r\n\r\n\tHostName=ServerRemoteHost\r\n\tHostVersion=1.0.0.0\r\n\tHostId=28159e15-4c47-4c0b-bad7-fdac5e72adf9\r\n\tHostApplication=C:\\Windows\\system32\\wsmprovhost.exe -Embedding\r\n\tEngineVersion=\r\n\tRunspaceId=\r\n\tPipelineId=\r\n\tCommandName=\r\n\tCommandType=\r\n\tScriptName=\r\n\tCommandPath=\r\n\tCommandLine=","Category":"Provider Lifecycle","Opcode":"Info","EventReceivedTime":1687528310,"SourceModuleName":"in_powershell","SourceModuleType":"im_msvistalog"}
<14>Jun 23 13:51:50 win-adfs.lunarstiiiness.com PowerShell[0]: {"EventTime":1687528309,"Hostname":"win-adfs.lunarstiiiness.com","Keywords":36028797018963968,"EventType":"INFO","SeverityValue":2,"Severity":"INFO","EventID":600,"SourceName":"PowerShell","Version":0,"Task":6,"OpcodeValue":0,"RecordNumber":6160324,"ProcessID":0,"ThreadID":0,"Channel":"Windows PowerShell","Message":"Provider \"Variable\" is Started. \r\n\r\nDetails: \r\n\tProviderName=Variable\r\n\tNewProviderState=Started\r\n\r\n\tSequenceNumber=11\r\n\r\n\tHostName=ServerRemoteHost\r\n\tHostVersion=1.0.0.0\r\n\tHostId=28159e15-4c47-4c0b-bad7-fdac5e72adf9\r\n\tHostApplication=C:\\Windows\\system32\\wsmprovhost.exe -Embedding\r\n\tEngineVersion=\r\n\tRunspaceId=\r\n\tPipelineId=\r\n\tCommandName=\r\n\tCommandType=\r\n\tScriptName=\r\n\tCommandPath=\r\n\tCommandLine=","Category":"Provider Lifecycle","Opcode":"Info","EventReceivedTime":1687528310,"SourceModuleName":"in_powershell","SourceModuleType":"im_msvistalog"}
<14>Jun 23 13:51:50 win-adfs.lunarstiiiness.com PowerShell[0]: {"EventTime":1687528309,"Hostname":"win-adfs.lunarstiiiness.com","Keywords":36028797018963968,"EventType":"INFO","SeverityValue":2,"Severity":"INFO","EventID":600,"SourceName":"PowerShell","Version":0,"Task":6,"OpcodeValue":0,"RecordNumber":6160321,"ProcessID":0,"ThreadID":0,"Channel":"Windows PowerShell","Message":"Provider \"Environment\" is Started. \r\n\r\nDetails: \r\n\tProviderName=Environment\r\n\tNewProviderState=Started\r\n\r\n\tSequenceNumber=5\r\n\r\n\tHostName=ServerRemoteHost\r\n\tHostVersion=1.0.0.0\r\n\tHostId=28159e15-4c47-4c0b-bad7-fdac5e72adf9\r\n\tHostApplication=C:\\Windows\\system32\\wsmprovhost.exe -Embedding\r\n\tEngineVersion=\r\n\tRunspaceId=\r\n\tPipelineId=\r\n\tCommandName=\r\n\tCommandType=\r\n\tScriptName=\r\n\tCommandPath=\r\n\tCommandLine=","Category":"Provider Lifecycle","Opcode":"Info","EventReceivedTime":1687528310,"SourceModuleName":"in_powershell","SourceModuleType":"im_msvistalog"}
<14>Jun 23 13:51:50 win-adfs.lunarstiiiness.com PowerShell[0]: {"EventTime":1687528309,"Hostname":"win-adfs.lunarstiiiness.com","Keywords":36028797018963968,"EventType":"INFO","SeverityValue":2,"Severity":"INFO","EventID":600,"SourceName":"PowerShell","Version":0,"Task":6,"OpcodeValue":0,"RecordNumber":6160323,"ProcessID":0,"ThreadID":0,"Channel":"Windows PowerShell","Message":"Provider \"Function\" is Started. \r\n\r\nDetails: \r\n\tProviderName=Function\r\n\tNewProviderState=Started\r\n\r\n\tSequenceNumber=9\r\n\r\n\tHostName=ServerRemoteHost\r\n\tHostVersion=1.0.0.0\r\n\tHostId=28159e15-4c47-4c0b-bad7-fdac5e72adf9\r\n\tHostApplication=C:\\Windows\\system32\\wsmprovhost.exe -Embedding\r\n\tEngineVersion=\r\n\tRunspaceId=\r\n\tPipelineId=\r\n\tCommandName=\r\n\tCommandType=\r\n\tScriptName=\r\n\tCommandPath=\r\n\tCommandLine=","Category":"Provider Lifecycle","Opcode":"Info","EventReceivedTime":1687528310,"SourceModuleName":"in_powershell","SourceModuleType":"im_msvistalog"}
<14>Jun 23 13:51:50 win-adfs.lunarstiiiness.com PowerShell[0]: {"EventTime":1687528309,"Hostname":"win-adfs.lunarstiiiness.com","Keywords":36028797018963968,"EventType":"INFO","SeverityValue":2,"Severity":"INFO","EventID":600,"SourceName":"PowerShell","Version":0,"Task":6,"OpcodeValue":0,"RecordNumber":6160320,"ProcessID":0,"ThreadID":0,"Channel":"Windows PowerShell","Message":"Provider \"Alias\" is Started. \r\n\r\nDetails: \r\n\tProviderName=Alias\r\n\tNewProviderState=Started\r\n\r\n\tSequenceNumber=3\r\n\r\n\tHostName=ServerRemoteHost\r\n\tHostVersion=1.0.0.0\r\n\tHostId=28159e15-4c47-4c0b-bad7-fdac5e72adf9\r\n\tHostApplication=C:\\Windows\\system32\\wsmprovhost.exe -Embedding\r\n\tEngineVersion=\r\n\tRunspaceId=\r\n\tPipelineId=\r\n\tCommandName=\r\n\tCommandType=\r\n\tScriptName=\r\n\tCommandPath=\r\n\tCommandLine=","Category":"Provider Lifecycle","Opcode":"Info","EventReceivedTime":1687528310,"SourceModuleName":"in_powershell","SourceModuleType":"im_msvistalog"}
<14>Jun 23 13:51:50 win-adfs.lunarstiiiness.com PowerShell[0]: {"EventTime":1687528309,"Hostname":"win-adfs.lunarstiiiness.com","Keywords":36028797018963968,"EventType":"INFO","SeverityValue":2,"Severity":"INFO","EventID":600,"SourceName":"PowerShell","Version":0,"Task":6,"OpcodeValue":0,"RecordNumber":6160322,"ProcessID":0,"ThreadID":0,"Channel":"Windows PowerShell","Message":"Provider \"FileSystem\" is Started. \r\n\r\nDetails: \r\n\tProviderName=FileSystem\r\n\tNewProviderState=Started\r\n\r\n\tSequenceNumber=7\r\n\r\n\tHostName=ServerRemoteHost\r\n\tHostVersion=1.0.0.0\r\n\tHostId=28159e15-4c47-4c0b-bad7-fdac5e72adf9\r\n\tHostApplication=C:\\Windows\\system32\\wsmprovhost.exe -Embedding\r\n\tEngineVersion=\r\n\tRunspaceId=\r\n\tPipelineId=\r\n\tCommandName=\r\n\tCommandType=\r\n\tScriptName=\r\n\tCommandPath=\r\n\tCommandLine=","Category":"Provider Lifecycle","Opcode":"Info","EventReceivedTime":1687528310,"SourceModuleName":"in_powershell","SourceModuleType":"im_msvistalog"}
<14>Jun 23 13:51:50 win-adfs.lunarstiiiness.com PowerShell[0]: {"EventTime":1687528309,"Hostname":"win-adfs.lunarstiiiness.com","Keywords":36028797018963968,"EventType":"INFO","SeverityValue":2,"Severity":"INFO","EventID":400,"SourceName":"PowerShell","Version":0,"Task":4,"OpcodeValue":0,"RecordNumber":6160325,"ProcessID":0,"ThreadID":0,"Channel":"Windows PowerShell","Message":"Engine state is changed from None to Available. \r\n\r\nDetails: \r\n\tNewEngineState=Available\r\n\tPreviousEngineState=None\r\n\r\n\tSequenceNumber=13\r\n\r\n\tHostName=ServerRemoteHost\r\n\tHostVersion=1.0.0.0\r\n\tHostId=28159e15-4c47-4c0b-bad7-fdac5e72adf9\r\n\tHostApplication=C:\\Windows\\system32\\wsmprovhost.exe -Embedding\r\n\tEngineVersion=5.1.20348.1366\r\n\tRunspaceId=22dcfad1-3a2c-4110-bf70-64aee02028d7\r\n\tPipelineId=\r\n\tCommandName=\r\n\tCommandType=\r\n\tScriptName=\r\n\tCommandPath=\r\n\tCommandLine=","Category":"Engine Lifecycle","Opcode":"Info","EventReceivedTime":1687528310,"SourceModuleName":"in_powershell","SourceModuleType":"im_msvistalog"}
<14>Jun 23 13:52:38 win-adfs.lunarstiiiness.com PowerShell[0]: {"EventTime":1687528357,"Hostname":"win-adfs.lunarstiiiness.com","Keywords":36028797018963968,"EventType":"INFO","SeverityValue":2,"Severity":"INFO","EventID":600,"SourceName":"PowerShell","Version":0,"Task":6,"OpcodeValue":0,"RecordNumber":6160327,"ProcessID":0,"ThreadID":0,"Channel":"Windows PowerShell","Message":"Provider \"Alias\" is Started. \r\n\r\nDetails: \r\n\tProviderName=Alias\r\n\tNewProviderState=Started\r\n\r\n\tSequenceNumber=78663\r\n\r\n\tHostName=Default Host\r\n\tHostVersion=5.1.20348.1366\r\n\tHostId=3a7bb727-0bb9-4bee-9d3d-ea62ec338e08\r\n\tHostApplication=C:\\Program Files\\Microsoft Azure AD Connect Health Sync Agent\\Insights\\Microsoft.Identity.AadConnect.Health.AadSync.Host.exe\r\n\tEngineVersion=\r\n\tRunspaceId=\r\n\tPipelineId=\r\n\tCommandName=\r\n\tCommandType=\r\n\tScriptName=\r\n\tCommandPath=\r\n\tCommandLine=","Category":"Provider Lifecycle","Opcode":"Info","EventReceivedTime":1687528358,"SourceModuleName":"in_powershell","SourceModuleType":"im_msvistalog"}
<14>Jun 23 13:52:38 win-adfs.lunarstiiiness.com PowerShell[0]: {"EventTime":1687528357,"Hostname":"win-adfs.lunarstiiiness.com","Keywords":36028797018963968,"EventType":"INFO","SeverityValue":2,"Severity":"INFO","EventID":600,"SourceName":"PowerShell","Version":0,"Task":6,"OpcodeValue":0,"RecordNumber":6160326,"ProcessID":0,"ThreadID":0,"Channel":"Windows PowerShell","Message":"Provider \"Registry\" is Started. \r\n\r\nDetails: \r\n\tProviderName=Registry\r\n\tNewProviderState=Started\r\n\r\n\tSequenceNumber=78661\r\n\r\n\tHostName=Default Host\r\n\tHostVersion=5.1.20348.1366\r\n\tHostId=3a7bb727-0bb9-4bee-9d3d-ea62ec338e08\r\n\tHostApplication=C:\\Program Files\\Microsoft Azure AD Connect Health Sync Agent\\Insights\\Microsoft.Identity.AadConnect.Health.AadSync.Host.exe\r\n\tEngineVersion=\r\n\tRunspaceId=\r\n\tPipelineId=\r\n\tCommandName=\r\n\tCommandType=\r\n\tScriptName=\r\n\tCommandPath=\r\n\tCommandLine=","Category":"Provider Lifecycle","Opcode":"Info","EventReceivedTime":1687528358,"SourceModuleName":"in_powershell","SourceModuleType":"im_msvistalog"}
<14>Jun 23 13:52:38 win-adfs.lunarstiiiness.com PowerShell[0]: {"EventTime":1687528357,"Hostname":"win-adfs.lunarstiiiness.com","Keywords":36028797018963968,"EventType":"INFO","SeverityValue":2,"Severity":"INFO","EventID":600,"SourceName":"PowerShell","Version":0,"Task":6,"OpcodeValue":0,"RecordNumber":6160329,"ProcessID":0,"ThreadID":0,"Channel":"Windows PowerShell","Message":"Provider \"FileSystem\" is Started. \r\n\r\nDetails: \r\n\tProviderName=FileSystem\r\n\tNewProviderState=Started\r\n\r\n\tSequenceNumber=78667\r\n\r\n\tHostName=Default Host\r\n\tHostVersion=5.1.20348.1366\r\n\tHostId=3a7bb727-0bb9-4bee-9d3d-ea62ec338e08\r\n\tHostApplication=C:\\Program Files\\Microsoft Azure AD Connect Health Sync Agent\\Insights\\Microsoft.Identity.AadConnect.Health.AadSync.Host.exe\r\n\tEngineVersion=\r\n\tRunspaceId=\r\n\tPipelineId=\r\n\tCommandName=\r\n\tCommandType=\r\n\tScriptName=\r\n\tCommandPath=\r\n\tCommandLine=","Category":"Provider Lifecycle","Opcode":"Info","EventReceivedTime":1687528358,"SourceModuleName":"in_powershell","SourceModuleType":"im_msvistalog"}
<14>Jun 23 13:52:38 win-adfs.lunarstiiiness.com PowerShell[0]: {"EventTime":1687528357,"Hostname":"win-adfs.lunarstiiiness.com","Keywords":36028797018963968,"EventType":"INFO","SeverityValue":2,"Severity":"INFO","EventID":600,"SourceName":"PowerShell","Version":0,"Task":6,"OpcodeValue":0,"RecordNumber":6160328,"ProcessID":0,"ThreadID":0,"Channel":"Windows PowerShell","Message":"Provider \"Environment\" is Started. \r\n\r\nDetails: \r\n\tProviderName=Environment\r\n\tNewProviderState=Started\r\n\r\n\tSequenceNumber=78665\r\n\r\n\tHostName=Default Host\r\n\tHostVersion=5.1.20348.1366\r\n\tHostId=3a7bb727-0bb9-4bee-9d3d-ea62ec338e08\r\n\tHostApplication=C:\\Program Files\\Microsoft Azure AD Connect Health Sync Agent\\Insights\\Microsoft.Identity.AadConnect.Health.AadSync.Host.exe\r\n\tEngineVersion=\r\n\tRunspaceId=\r\n\tPipelineId=\r\n\tCommandName=\r\n\tCommandType=\r\n\tScriptName=\r\n\tCommandPath=\r\n\tCommandLine=","Category":"Provider Lifecycle","Opcode":"Info","EventReceivedTime":1687528358,"SourceModuleName":"in_powershell","SourceModuleType":"im_msvistalog"}
<14>Jun 23 13:52:38 win-adfs.lunarstiiiness.com PowerShell[0]: {"EventTime":1687528357,"Hostname":"win-adfs.lunarstiiiness.com","Keywords":36028797018963968,"EventType":"INFO","SeverityValue":2,"Severity":"INFO","EventID":600,"SourceName":"PowerShell","Version":0,"Task":6,"OpcodeValue":0,"RecordNumber":6160330,"ProcessID":0,"ThreadID":0,"Channel":"Windows PowerShell","Message":"Provider \"Function\" is Started. \r\n\r\nDetails: \r\n\tProviderName=Function\r\n\tNewProviderState=Started\r\n\r\n\tSequenceNumber=78669\r\n\r\n\tHostName=Default Host\r\n\tHostVersion=5.1.20348.1366\r\n\tHostId=3a7bb727-0bb9-4bee-9d3d-ea62ec338e08\r\n\tHostApplication=C:\\Program Files\\Microsoft Azure AD Connect Health Sync Agent\\Insights\\Microsoft.Identity.AadConnect.Health.AadSync.Host.exe\r\n\tEngineVersion=\r\n\tRunspaceId=\r\n\tPipelineId=\r\n\tCommandName=\r\n\tCommandType=\r\n\tScriptName=\r\n\tCommandPath=\r\n\tCommandLine=","Category":"Provider Lifecycle","Opcode":"Info","EventReceivedTime":1687528358,"SourceModuleName":"in_powershell","SourceModuleType":"im_msvistalog"}
<14>Jun 23 13:52:38 win-adfs.lunarstiiiness.com PowerShell[0]: {"EventTime":1687528357,"Hostname":"win-adfs.lunarstiiiness.com","Keywords":36028797018963968,"EventType":"INFO","SeverityValue":2,"Severity":"INFO","EventID":600,"SourceName":"PowerShell","Version":0,"Task":6,"OpcodeValue":0,"RecordNumber":6160333,"ProcessID":0,"ThreadID":0,"Channel":"Windows PowerShell","Message":"Provider \"WSMan\" is Started. \r\n\r\nDetails: \r\n\tProviderName=WSMan\r\n\tNewProviderState=Started\r\n\r\n\tSequenceNumber=78675\r\n\r\n\tHostName=Default Host\r\n\tHostVersion=5.1.20348.1366\r\n\tHostId=3a7bb727-0bb9-4bee-9d3d-ea62ec338e08\r\n\tHostApplication=C:\\Program Files\\Microsoft Azure AD Connect Health Sync Agent\\Insights\\Microsoft.Identity.AadConnect.Health.AadSync.Host.exe\r\n\tEngineVersion=\r\n\tRunspaceId=\r\n\tPipelineId=\r\n\tCommandName=\r\n\tCommandType=\r\n\tScriptName=\r\n\tCommandPath=\r\n\tCommandLine=","Category":"Provider Lifecycle","Opcode":"Info","EventReceivedTime":1687528358,"SourceModuleName":"in_powershell","SourceModuleType":"im_msvistalog"}
<14>Jun 23 13:52:38 win-adfs.lunarstiiiness.com PowerShell[0]: {"EventTime":1687528357,"Hostname":"win-adfs.lunarstiiiness.com","Keywords":36028797018963968,"EventType":"INFO","SeverityValue":2,"Severity":"INFO","EventID":600,"SourceName":"PowerShell","Version":0,"Task":6,"OpcodeValue":0,"RecordNumber":6160332,"ProcessID":0,"ThreadID":0,"Channel":"Windows PowerShell","Message":"Provider \"Certificate\" is Started. \r\n\r\nDetails: \r\n\tProviderName=Certificate\r\n\tNewProviderState=Started\r\n\r\n\tSequenceNumber=78673\r\n\r\n\tHostName=Default Host\r\n\tHostVersion=5.1.20348.1366\r\n\tHostId=3a7bb727-0bb9-4bee-9d3d-ea62ec338e08\r\n\tHostApplication=C:\\Program Files\\Microsoft Azure AD Connect Health Sync Agent\\Insights\\Microsoft.Identity.AadConnect.Health.AadSync.Host.exe\r\n\tEngineVersion=\r\n\tRunspaceId=\r\n\tPipelineId=\r\n\tCommandName=\r\n\tCommandType=\r\n\tScriptName=\r\n\tCommandPath=\r\n\tCommandLine=","Category":"Provider Lifecycle","Opcode":"Info","EventReceivedTime":1687528358,"SourceModuleName":"in_powershell","SourceModuleType":"im_msvistalog"}
<14>Jun 23 13:52:38 win-adfs.lunarstiiiness.com PowerShell[0]: {"EventTime":1687528357,"Hostname":"win-adfs.lunarstiiiness.com","Keywords":36028797018963968,"EventType":"INFO","SeverityValue":2,"Severity":"INFO","EventID":600,"SourceName":"PowerShell","Version":0,"Task":6,"OpcodeValue":0,"RecordNumber":6160331,"ProcessID":0,"ThreadID":0,"Channel":"Windows PowerShell","Message":"Provider \"Variable\" is Started. \r\n\r\nDetails: \r\n\tProviderName=Variable\r\n\tNewProviderState=Started\r\n\r\n\tSequenceNumber=78671\r\n\r\n\tHostName=Default Host\r\n\tHostVersion=5.1.20348.1366\r\n\tHostId=3a7bb727-0bb9-4bee-9d3d-ea62ec338e08\r\n\tHostApplication=C:\\Program Files\\Microsoft Azure AD Connect Health Sync Agent\\Insights\\Microsoft.Identity.AadConnect.Health.AadSync.Host.exe\r\n\tEngineVersion=\r\n\tRunspaceId=\r\n\tPipelineId=\r\n\tCommandName=\r\n\tCommandType=\r\n\tScriptName=\r\n\tCommandPath=\r\n\tCommandLine=","Category":"Provider Lifecycle","Opcode":"Info","EventReceivedTime":1687528358,"SourceModuleName":"in_powershell","SourceModuleType":"im_msvistalog"}
<14>Jun 23 13:52:39 win-adfs.lunarstiiiness.com PowerShell[0]: {"EventTime":1687528358,"Hostname":"win-adfs.lunarstiiiness.com","Keywords":36028797018963968,"EventType":"INFO","SeverityValue":2,"Severity":"INFO","EventID":600,"SourceName":"PowerShell","Version":0,"Task":6,"OpcodeValue":0,"RecordNumber":6160349,"ProcessID":0,"ThreadID":0,"Channel":"Windows PowerShell","Message":"Provider \"FileSystem\" is Started. \r\n\r\nDetails: \r\n\tProviderName=FileSystem\r\n\tNewProviderState=Started\r\n\r\n\tSequenceNumber=78707\r\n\r\n\tHostName=Default Host\r\n\tHostVersion=5.1.20348.1366\r\n\tHostId=ebe77bbf-4bb1-4ce1-a3d4-b62907240fb1\r\n\tHostApplication=C:\\Program Files\\Microsoft Azure AD Connect Health Sync Agent\\Insights\\Microsoft.Identity.AadConnect.Health.AadSync.Host.exe\r\n\tEngineVersion=\r\n\tRunspaceId=\r\n\tPipelineId=\r\n\tCommandName=\r\n\tCommandType=\r\n\tScriptName=\r\n\tCommandPath=\r\n\tCommandLine=","Category":"Provider Lifecycle","Opcode":"Info","EventReceivedTime":1687528359,"SourceModuleName":"in_powershell","SourceModuleType":"im_msvistalog"}
<14>Jun 23 13:52:39 win-adfs.lunarstiiiness.com PowerShell[0]: {"EventTime":1687528358,"Hostname":"win-adfs.lunarstiiiness.com","Keywords":36028797018963968,"EventType":"INFO","SeverityValue":2,"Severity":"INFO","EventID":600,"SourceName":"PowerShell","Version":0,"Task":6,"OpcodeValue":0,"RecordNumber":6160377,"ProcessID":0,"ThreadID":0,"Channel":"Windows PowerShell","Message":"Provider \"Alias\" is Started. \r\n\r\nDetails: \r\n\tProviderName=Alias\r\n\tNewProviderState=Started\r\n\r\n\tSequenceNumber=78763\r\n\r\n\tHostName=Default Host\r\n\tHostVersion=5.1.20348.1366\r\n\tHostId=e5288ff5-f294-4874-b300-be7c606091d5\r\n\tHostApplication=C:\\Program Files\\Microsoft Azure AD Connect Health Sync Agent\\Insights\\Microsoft.Identity.AadConnect.Health.AadSync.Host.exe\r\n\tEngineVersion=\r\n\tRunspaceId=\r\n\tPipelineId=\r\n\tCommandName=\r\n\tCommandType=\r\n\tScriptName=\r\n\tCommandPath=\r\n\tCommandLine=","Category":"Provider Lifecycle","Opcode":"Info","EventReceivedTime":1687528359,"SourceModuleName":"in_powershell","SourceModuleType":"im_msvistalog"}
<14>Jun 23 13:52:39 win-adfs.lunarstiiiness.com PowerShell[0]: {"EventTime":1687528358,"Hostname":"win-adfs.lunarstiiiness.com","Keywords":36028797018963968,"EventType":"INFO","SeverityValue":2,"Severity":"INFO","EventID":600,"SourceName":"PowerShell","Version":0,"Task":6,"OpcodeValue":0,"RecordNumber":6160368,"ProcessID":0,"ThreadID":0,"Channel":"Windows PowerShell","Message":"Provider \"Environment\" is Started. \r\n\r\nDetails: \r\n\tProviderName=Environment\r\n\tNewProviderState=Started\r\n\r\n\tSequenceNumber=78745\r\n\r\n\tHostName=Default Host\r\n\tHostVersion=5.1.20348.1366\r\n\tHostId=fdb0677f-6b73-41b7-be45-e35c25c5b6d0\r\n\tHostApplication=C:\\Program Files\\Microsoft Azure AD Connect Health Sync Agent\\Insights\\Microsoft.Identity.AadConnect.Health.AadSync.Host.exe\r\n\tEngineVersion=\r\n\tRunspaceId=\r\n\tPipelineId=\r\n\tCommandName=\r\n\tCommandType=\r\n\tScriptName=\r\n\tCommandPath=\r\n\tCommandLine=","Category":"Provider Lifecycle","Opcode":"Info","EventReceivedTime":1687528359,"SourceModuleName":"in_powershell","SourceModuleType":"im_msvistalog"}
<14>Jun 23 13:52:39 win-adfs.lunarstiiiness.com PowerShell[0]: {"EventTime":1687528358,"Hostname":"win-adfs.lunarstiiiness.com","Keywords":36028797018963968,"EventType":"INFO","SeverityValue":2,"Severity":"INFO","EventID":600,"SourceName":"PowerShell","Version":0,"Task":6,"OpcodeValue":0,"RecordNumber":6160383,"ProcessID":0,"ThreadID":0,"Channel":"Windows PowerShell","Message":"Provider \"WSMan\" is Started. \r\n\r\nDetails: \r\n\tProviderName=WSMan\r\n\tNewProviderState=Started\r\n\r\n\tSequenceNumber=78775\r\n\r\n\tHostName=Default Host\r\n\tHostVersion=5.1.20348.1366\r\n\tHostId=e5288ff5-f294-4874-b300-be7c606091d5\r\n\tHostApplication=C:\\Program Files\\Microsoft Azure AD Connect Health Sync Agent\\Insights\\Microsoft.Identity.AadConnect.Health.AadSync.Host.exe\r\n\tEngineVersion=\r\n\tRunspaceId=\r\n\tPipelineId=\r\n\tCommandName=\r\n\tCommandType=\r\n\tScriptName=\r\n\tCommandPath=\r\n\tCommandLine=","Category":"Provider Lifecycle","Opcode":"Info","EventReceivedTime":1687528359,"SourceModuleName":"in_powershell","SourceModuleType":"im_msvistalog"}
<14>Jun 23 13:52:39 win-adfs.lunarstiiiness.com PowerShell[0]: {"EventTime":1687528358,"Hostname":"win-adfs.lunarstiiiness.com","Keywords":36028797018963968,"EventType":"INFO","SeverityValue":2,"Severity":"INFO","EventID":600,"SourceName":"PowerShell","Version":0,"Task":6,"OpcodeValue":0,"RecordNumber":6160360,"ProcessID":0,"ThreadID":0,"Channel":"Windows PowerShell","Message":"Provider \"Function\" is Started. \r\n\r\nDetails: \r\n\tProviderName=Function\r\n\tNewProviderState=Started\r\n\r\n\tSequenceNumber=78729\r\n\r\n\tHostName=Default Host\r\n\tHostVersion=5.1.20348.1366\r\n\tHostId=77047e4e-8ede-4b12-8b36-2675c05667e1\r\n\tHostApplication=C:\\Program Files\\Microsoft Azure AD Connect Health Sync Agent\\Insights\\Microsoft.Identity.AadConnect.Health.AadSync.Host.exe\r\n\tEngineVersion=\r\n\tRunspaceId=\r\n\tPipelineId=\r\n\tCommandName=\r\n\tCommandType=\r\n\tScriptName=\r\n\tCommandPath=\r\n\tCommandLine=","Category":"Provider Lifecycle","Opcode":"Info","EventReceivedTime":1687528359,"SourceModuleName":"in_powershell","SourceModuleType":"im_msvistalog"}
<14>Jun 23 13:52:39 win-adfs.lunarstiiiness.com PowerShell[0]: {"EventTime":1687528358,"Hostname":"win-adfs.lunarstiiiness.com","Keywords":36028797018963968,"EventType":"INFO","SeverityValue":2,"Severity":"INFO","EventID":600,"SourceName":"PowerShell","Version":0,"Task":6,"OpcodeValue":0,"RecordNumber":6160353,"ProcessID":0,"ThreadID":0,"Channel":"Windows PowerShell","Message":"Provider \"WSMan\" is Started. \r\n\r\nDetails: \r\n\tProviderName=WSMan\r\n\tNewProviderState=Started\r\n\r\n\tSequenceNumber=78715\r\n\r\n\tHostName=Default Host\r\n\tHostVersion=5.1.20348.1366\r\n\tHostId=ebe77bbf-4bb1-4ce1-a3d4-b62907240fb1\r\n\tHostApplication=C:\\Program Files\\Microsoft Azure AD Connect Health Sync Agent\\Insights\\Microsoft.Identity.AadConnect.Health.AadSync.Host.exe\r\n\tEngineVersion=\r\n\tRunspaceId=\r\n\tPipelineId=\r\n\tCommandName=\r\n\tCommandType=\r\n\tScriptName=\r\n\tCommandPath=\r\n\tCommandLine=","Category":"Provider Lifecycle","Opcode":"Info","EventReceivedTime":1687528359,"SourceModuleName":"in_powershell","SourceModuleType":"im_msvistalog"}
<14>Jun 23 13:52:38 win-adfs.lunarstiiiness.com PowerShell[0]: {"EventTime":1687528358,"Hostname":"win-adfs.lunarstiiiness.com","Keywords":36028797018963968,"EventType":"INFO","SeverityValue":2,"Severity":"INFO","EventID":600,"SourceName":"PowerShell","Version":0,"Task":6,"OpcodeValue":0,"RecordNumber":6160338,"ProcessID":0,"ThreadID":0,"Channel":"Windows PowerShell","Message":"Provider \"Environment\" is Started. \r\n\r\nDetails: \r\n\tProviderName=Environment\r\n\tNewProviderState=Started\r\n\r\n\tSequenceNumber=78685\r\n\r\n\tHostName=Default Host\r\n\tHostVersion=5.1.20348.1366\r\n\tHostId=2b672980-8a65-438c-8ce1-396090605dc3\r\n\tHostApplication=C:\\Program Files\\Microsoft Azure AD Connect Health Sync Agent\\Insights\\Microsoft.Identity.AadConnect.Health.AadSync.Host.exe\r\n\tEngineVersion=\r\n\tRunspaceId=\r\n\tPipelineId=\r\n\tCommandName=\r\n\tCommandType=\r\n\tScriptName=\r\n\tCommandPath=\r\n\tCommandLine=","Category":"Provider Lifecycle","Opcode":"Info","EventReceivedTime":1687528358,"SourceModuleName":"in_powershell","SourceModuleType":"im_msvistalog"}
<14>Jun 23 13:52:39 win-adfs.lunarstiiiness.com PowerShell[0]: {"EventTime":1687528358,"Hostname":"win-adfs.lunarstiiiness.com","Keywords":36028797018963968,"EventType":"INFO","SeverityValue":2,"Severity":"INFO","EventID":600,"SourceName":"PowerShell","Version":0,"Task":6,"OpcodeValue":0,"RecordNumber":6160363,"ProcessID":0,"ThreadID":0,"Channel":"Windows PowerShell","Message":"Provider \"WSMan\" is Started. \r\n\r\nDetails: \r\n\tProviderName=WSMan\r\n\tNewProviderState=Started\r\n\r\n\tSequenceNumber=78735\r\n\r\n\tHostName=Default Host\r\n\tHostVersion=5.1.20348.1366\r\n\tHostId=77047e4e-8ede-4b12-8b36-2675c05667e1\r\n\tHostApplication=C:\\Program Files\\Microsoft Azure AD Connect Health Sync Agent\\Insights\\Microsoft.Identity.AadConnect.Health.AadSync.Host.exe\r\n\tEngineVersion=\r\n\tRunspaceId=\r\n\tPipelineId=\r\n\tCommandName=\r\n\tCommandType=\r\n\tScriptName=\r\n\tCommandPath=\r\n\tCommandLine=","Category":"Provider Lifecycle","Opcode":"Info","EventReceivedTime":1687528359,"SourceModuleName":"in_powershell","SourceModuleType":"im_msvistalog"}
<14>Jun 23 13:52:39 win-adfs.lunarstiiiness.com PowerShell[0]: {"EventTime":1687528358,"Hostname":"win-adfs.lunarstiiiness.com","Keywords":36028797018963968,"EventType":"INFO","SeverityValue":2,"Severity":"INFO","EventID":600,"SourceName":"PowerShell","Version":0,"Task":6,"OpcodeValue":0,"RecordNumber":6160350,"ProcessID":0,"ThreadID":0,"Channel":"Windows PowerShell","Message":"Provider \"Function\" is Started. \r\n\r\nDetails: \r\n\tProviderName=Function\r\n\tNewProviderState=Started\r\n\r\n\tSequenceNumber=78709\r\n\r\n\tHostName=Default Host\r\n\tHostVersion=5.1.20348.1366\r\n\tHostId=ebe77bbf-4bb1-4ce1-a3d4-b62907240fb1\r\n\tHostApplication=C:\\Program Files\\Microsoft Azure AD Connect Health Sync Agent\\Insights\\Microsoft.Identity.AadConnect.Health.AadSync.Host.exe\r\n\tEngineVersion=\r\n\tRunspaceId=\r\n\tPipelineId=\r\n\tCommandName=\r\n\tCommandType=\r\n\tScriptName=\r\n\tCommandPath=\r\n\tCommandLine=","Category":"Provider Lifecycle","Opcode":"Info","EventReceivedTime":1687528359,"SourceModuleName":"in_powershell","SourceModuleType":"im_msvistalog"}
<14>Jun 23 13:52:39 win-adfs.lunarstiiiness.com PowerShell[0]: {"EventTime":1687528358,"Hostname":"win-adfs.lunarstiiiness.com","Keywords":36028797018963968,"EventType":"INFO","SeverityValue":2,"Severity":"INFO","EventID":600,"SourceName":"PowerShell","Version":0,"Task":6,"OpcodeValue":0,"RecordNumber":6160358,"ProcessID":0,"ThreadID":0,"Channel":"Windows PowerShell","Message":"Provider \"Environment\" is Started. \r\n\r\nDetails: \r\n\tProviderName=Environment\r\n\tNewProviderState=Started\r\n\r\n\tSequenceNumber=78725\r\n\r\n\tHostName=Default Host\r\n\tHostVersion=5.1.20348.1366\r\n\tHostId=77047e4e-8ede-4b12-8b36-2675c05667e1\r\n\tHostApplication=C:\\Program Files\\Microsoft Azure AD Connect Health Sync Agent\\Insights\\Microsoft.Identity.AadConnect.Health.AadSync.Host.exe\r\n\tEngineVersion=\r\n\tRunspaceId=\r\n\tPipelineId=\r\n\tCommandName=\r\n\tCommandType=\r\n\tScriptName=\r\n\tCommandPath=\r\n\tCommandLine=","Category":"Provider Lifecycle","Opcode":"Info","EventReceivedTime":1687528359,"SourceModuleName":"in_powershell","SourceModuleType":"im_msvistalog"}
<14>Jun 23 13:52:38 win-adfs.lunarstiiiness.com PowerShell[0]: {"EventTime":1687528358,"Hostname":"win-adfs.lunarstiiiness.com","Keywords":36028797018963968,"EventType":"INFO","SeverityValue":2,"Severity":"INFO","EventID":600,"SourceName":"PowerShell","Version":0,"Task":6,"OpcodeValue":0,"RecordNumber":6160343,"ProcessID":0,"ThreadID":0,"Channel":"Windows PowerShell","Message":"Provider \"WSMan\" is Started. \r\n\r\nDetails: \r\n\tProviderName=WSMan\r\n\tNewProviderState=Started\r\n\r\n\tSequenceNumber=78695\r\n\r\n\tHostName=Default Host\r\n\tHostVersion=5.1.20348.1366\r\n\tHostId=2b672980-8a65-438c-8ce1-396090605dc3\r\n\tHostApplication=C:\\Program Files\\Microsoft Azure AD Connect Health Sync Agent\\Insights\\Microsoft.Identity.AadConnect.Health.AadSync.Host.exe\r\n\tEngineVersion=\r\n\tRunspaceId=\r\n\tPipelineId=\r\n\tCommandName=\r\n\tCommandType=\r\n\tScriptName=\r\n\tCommandPath=\r\n\tCommandLine=","Category":"Provider Lifecycle","Opcode":"Info","EventReceivedTime":1687528358,"SourceModuleName":"in_powershell","SourceModuleType":"im_msvistalog"}
<14>Jun 23 13:52:39 win-adfs.lunarstiiiness.com PowerShell[0]: {"EventTime":1687528358,"Hostname":"win-adfs.lunarstiiiness.com","Keywords":36028797018963968,"EventType":"INFO","SeverityValue":2,"Severity":"INFO","EventID":600,"SourceName":"PowerShell","Version":0,"Task":6,"OpcodeValue":0,"RecordNumber":6160348,"ProcessID":0,"ThreadID":0,"Channel":"Windows PowerShell","Message":"Provider \"Environment\" is Started. \r\n\r\nDetails: \r\n\tProviderName=Environment\r\n\tNewProviderState=Started\r\n\r\n\tSequenceNumber=78705\r\n\r\n\tHostName=Default Host\r\n\tHostVersion=5.1.20348.1366\r\n\tHostId=ebe77bbf-4bb1-4ce1-a3d4-b62907240fb1\r\n\tHostApplication=C:\\Program Files\\Microsoft Azure AD Connect Health Sync Agent\\Insights\\Microsoft.Identity.AadConnect.Health.AadSync.Host.exe\r\n\tEngineVersion=\r\n\tRunspaceId=\r\n\tPipelineId=\r\n\tCommandName=\r\n\tCommandType=\r\n\tScriptName=\r\n\tCommandPath=\r\n\tCommandLine=","Category":"Provider Lifecycle","Opcode":"Info","EventReceivedTime":1687528359,"SourceModuleName":"in_powershell","SourceModuleType":"im_msvistalog"}
<14>Jun 23 13:52:38 win-adfs.lunarstiiiness.com PowerShell[0]: {"EventTime":1687528358,"Hostname":"win-adfs.lunarstiiiness.com","Keywords":36028797018963968,"EventType":"INFO","SeverityValue":2,"Severity":"INFO","EventID":600,"SourceName":"PowerShell","Version":0,"Task":6,"OpcodeValue":0,"RecordNumber":6160336,"ProcessID":0,"ThreadID":0,"Channel":"Windows PowerShell","Message":"Provider \"Registry\" is Started. \r\n\r\nDetails: \r\n\tProviderName=Registry\r\n\tNewProviderState=Started\r\n\r\n\tSequenceNumber=78681\r\n\r\n\tHostName=Default Host\r\n\tHostVersion=5.1.20348.1366\r\n\tHostId=2b672980-8a65-438c-8ce1-396090605dc3\r\n\tHostApplication=C:\\Program Files\\Microsoft Azure AD Connect Health Sync Agent\\Insights\\Microsoft.Identity.AadConnect.Health.AadSync.Host.exe\r\n\tEngineVersion=\r\n\tRunspaceId=\r\n\tPipelineId=\r\n\tCommandName=\r\n\tCommandType=\r\n\tScriptName=\r\n\tCommandPath=\r\n\tCommandLine=","Category":"Provider Lifecycle","Opcode":"Info","EventReceivedTime":1687528358,"SourceModuleName":"in_powershell","SourceModuleType":"im_msvistalog"}
