<14>Jun 23 14:20:02 win-adfs.lunarstiiiness.com PowerShell[0]: {"EventTime":1687530001,"Hostname":"win-adfs.lunarstiiiness.com","Keywords":36028797018963968,"EventType":"INFO","SeverityValue":2,"Severity":"INFO","EventID":600,"SourceName":"PowerShell","Version":0,"Task":6,"OpcodeValue":0,"RecordNumber":6161029,"ProcessID":0,"ThreadID":0,"Channel":"Windows PowerShell","Message":"Provider \"Environment\" is Started. \r\n\r\nDetails: \r\n\tProviderName=Environment\r\n\tNewProviderState=Started\r\n\r\n\tSequenceNumber=363049\r\n\r\n\tHostName=Default Host\r\n\tHostVersion=5.1.20348.1366\r\n\tHostId=4ad3cd02-f162-4a11-8737-59cfc6d1f80e\r\n\tHostApplication=C:\\Program Files\\Microsoft Azure AD Sync\\Bin\\miiserver.exe\r\n\tEngineVersion=\r\n\tRunspaceId=\r\n\tPipelineId=\r\n\tCommandName=\r\n\tCommandType=\r\n\tScriptName=\r\n\tCommandPath=\r\n\tCommandLine=","Category":"Provider Lifecycle","Opcode":"Info","EventReceivedTime":1687530002,"SourceModuleName":"in_powershell","SourceModuleType":"im_msvistalog"}
<14>Jun 23 14:20:02 win-adfs.lunarstiiiness.com PowerShell[0]: {"EventTime":1687530001,"Hostname":"win-adfs.lunarstiiiness.com","Keywords":36028797018963968,"EventType":"INFO","SeverityValue":2,"Severity":"INFO","EventID":600,"SourceName":"PowerShell","Version":0,"Task":6,"OpcodeValue":0,"RecordNumber":6161033,"ProcessID":0,"ThreadID":0,"Channel":"Windows PowerShell","Message":"Provider \"Certificate\" is Started. \r\n\r\nDetails: \r\n\tProviderName=Certificate\r\n\tNewProviderState=Started\r\n\r\n\tSequenceNumber=363057\r\n\r\n\tHostName=Default Host\r\n\tHostVersion=5.1.20348.1366\r\n\tHostId=4ad3cd02-f162-4a11-8737-59cfc6d1f80e\r\n\tHostApplication=C:\\Program Files\\Microsoft Azure AD Sync\\Bin\\miiserver.exe\r\n\tEngineVersion=\r\n\tRunspaceId=\r\n\tPipelineId=\r\n\tCommandName=\r\n\tCommandType=\r\n\tScriptName=\r\n\tCommandPath=\r\n\tCommandLine=","Category":"Provider Lifecycle","Opcode":"Info","EventReceivedTime":1687530002,"SourceModuleName":"in_powershell","SourceModuleType":"im_msvistalog"}
<14>Jun 23 14:20:02 win-adfs.lunarstiiiness.com PowerShell[0]: {"EventTime":1687530001,"Hostname":"win-adfs.lunarstiiiness.com","Keywords":36028797018963968,"EventType":"INFO","SeverityValue":2,"Severity":"INFO","EventID":600,"SourceName":"PowerShell","Version":0,"Task":6,"OpcodeValue":0,"RecordNumber":6161022,"ProcessID":0,"ThreadID":0,"Channel":"Windows PowerShell","Message":"Provider \"WSMan\" is Started. \r\n\r\nDetails: \r\n\tProviderName=WSMan\r\n\tNewProviderState=Started\r\n\r\n\tSequenceNumber=363035\r\n\r\n\tHostName=Default Host\r\n\tHostVersion=5.1.20348.1366\r\n\tHostId=f82ebdd1-369b-4fd6-bbf8-d8bf134ef27c\r\n\tHostApplication=C:\\Program Files\\Microsoft Azure AD Sync\\Bin\\miiserver.exe\r\n\tEngineVersion=\r\n\tRunspaceId=\r\n\tPipelineId=\r\n\tCommandName=\r\n\tCommandType=\r\n\tScriptName=\r\n\tCommandPath=\r\n\tCommandLine=","Category":"Provider Lifecycle","Opcode":"Info","EventReceivedTime":1687530002,"SourceModuleName":"in_powershell","SourceModuleType":"im_msvistalog"}
<14>Jun 23 14:20:02 win-adfs.lunarstiiiness.com PowerShell[0]: {"EventTime":1687530001,"Hostname":"win-adfs.lunarstiiiness.com","Keywords":36028797018963968,"EventType":"INFO","SeverityValue":2,"Severity":"INFO","EventID":600,"SourceName":"PowerShell","Version":0,"Task":6,"OpcodeValue":0,"RecordNumber":6161015,"ProcessID":0,"ThreadID":0,"Channel":"Windows PowerShell","Message":"Provider \"Registry\" is Started. \r\n\r\nDetails: \r\n\tProviderName=Registry\r\n\tNewProviderState=Started\r\n\r\n\tSequenceNumber=363021\r\n\r\n\tHostName=Default Host\r\n\tHostVersion=5.1.20348.1366\r\n\tHostId=f82ebdd1-369b-4fd6-bbf8-d8bf134ef27c\r\n\tHostApplication=C:\\Program Files\\Microsoft Azure AD Sync\\Bin\\miiserver.exe\r\n\tEngineVersion=\r\n\tRunspaceId=\r\n\tPipelineId=\r\n\tCommandName=\r\n\tCommandType=\r\n\tScriptName=\r\n\tCommandPath=\r\n\tCommandLine=","Category":"Provider Lifecycle","Opcode":"Info","EventReceivedTime":1687530002,"SourceModuleName":"in_powershell","SourceModuleType":"im_msvistalog"}
<14>Jun 23 14:20:01 win-adfs.lunarstiiiness.com PowerShell[0]: {"EventTime":1687530001,"Hostname":"win-adfs.lunarstiiiness.com","Keywords":36028797018963968,"EventType":"INFO","SeverityValue":2,"Severity":"INFO","EventID":600,"SourceName":"PowerShell","Version":0,"Task":6,"OpcodeValue":0,"RecordNumber":6160983,"ProcessID":0,"ThreadID":0,"Channel":"Windows PowerShell","Message":"Provider \"Function\" is Started. \r\n\r\nDetails: \r\n\tProviderName=Function\r\n\tNewProviderState=Started\r\n\r\n\tSequenceNumber=362957\r\n\r\n\tHostName=Default Host\r\n\tHostVersion=5.1.20348.1366\r\n\tHostId=4e900e22-f0fe-4102-820c-e644446d7c83\r\n\tHostApplication=C:\\Program Files\\Microsoft Azure AD Sync\\Bin\\miiserver.exe\r\n\tEngineVersion=\r\n\tRunspaceId=\r\n\tPipelineId=\r\n\tCommandName=\r\n\tCommandType=\r\n\tScriptName=\r\n\tCommandPath=\r\n\tCommandLine=","Category":"Provider Lifecycle","Opcode":"Info","EventReceivedTime":1687530001,"SourceModuleName":"in_powershell","SourceModuleType":"im_msvistalog"}
<14>Jun 23 14:20:01 win-adfs.lunarstiiiness.com PowerShell[0]: {"EventTime":1687530001,"Hostname":"win-adfs.lunarstiiiness.com","Keywords":36028797018963968,"EventType":"INFO","SeverityValue":2,"Severity":"INFO","EventID":600,"SourceName":"PowerShell","Version":0,"Task":6,"OpcodeValue":0,"RecordNumber":6160980,"ProcessID":0,"ThreadID":0,"Channel":"Windows PowerShell","Message":"Provider \"Alias\" is Started. \r\n\r\nDetails: \r\n\tProviderName=Alias\r\n\tNewProviderState=Started\r\n\r\n\tSequenceNumber=362951\r\n\r\n\tHostName=Default Host\r\n\tHostVersion=5.1.20348.1366\r\n\tHostId=4e900e22-f0fe-4102-820c-e644446d7c83\r\n\tHostApplication=C:\\Program Files\\Microsoft Azure AD Sync\\Bin\\miiserver.exe\r\n\tEngineVersion=\r\n\tRunspaceId=\r\n\tPipelineId=\r\n\tCommandName=\r\n\tCommandType=\r\n\tScriptName=\r\n\tCommandPath=\r\n\tCommandLine=","Category":"Provider Lifecycle","Opcode":"Info","EventReceivedTime":1687530001,"SourceModuleName":"in_powershell","SourceModuleType":"im_msvistalog"}
<14>Jun 23 14:20:02 win-adfs.lunarstiiiness.com PowerShell[0]: {"EventTime":1687530001,"Hostname":"win-adfs.lunarstiiiness.com","Keywords":36028797018963968,"EventType":"INFO","SeverityValue":2,"Severity":"INFO","EventID":600,"SourceName":"PowerShell","Version":0,"Task":6,"OpcodeValue":0,"RecordNumber":6161032,"ProcessID":0,"ThreadID":0,"Channel":"Windows PowerShell","Message":"Provider \"Variable\" is Started. \r\n\r\nDetails: \r\n\tProviderName=Variable\r\n\tNewProviderState=Started\r\n\r\n\tSequenceNumber=363055\r\n\r\n\tHostName=Default Host\r\n\tHostVersion=5.1.20348.1366\r\n\tHostId=4ad3cd02-f162-4a11-8737-59cfc6d1f80e\r\n\tHostApplication=C:\\Program Files\\Microsoft Azure AD Sync\\Bin\\miiserver.exe\r\n\tEngineVersion=\r\n\tRunspaceId=\r\n\tPipelineId=\r\n\tCommandName=\r\n\tCommandType=\r\n\tScriptName=\r\n\tCommandPath=\r\n\tCommandLine=","Category":"Provider Lifecycle","Opcode":"Info","EventReceivedTime":1687530002,"SourceModuleName":"in_powershell","SourceModuleType":"im_msvistalog"}
<14>Jun 23 14:20:01 win-adfs.lunarstiiiness.com PowerShell[0]: {"EventTime":1687530001,"Hostname":"win-adfs.lunarstiiiness.com","Keywords":36028797018963968,"EventType":"INFO","SeverityValue":2,"Severity":"INFO","EventID":600,"SourceName":"PowerShell","Version":0,"Task":6,"OpcodeValue":0,"RecordNumber":6160993,"ProcessID":0,"ThreadID":0,"Channel":"Windows PowerShell","Message":"Provider \"Environment\" is Started. \r\n\r\nDetails: \r\n\tProviderName=Environment\r\n\tNewProviderState=Started\r\n\r\n\tSequenceNumber=362977\r\n\r\n\tHostName=Default Host\r\n\tHostVersion=5.1.20348.1366\r\n\tHostId=c73ba636-e2a1-4a3e-a173-dd62e14e35d6\r\n\tHostApplication=C:\\Program Files\\Microsoft Azure AD Sync\\Bin\\miiserver.exe\r\n\tEngineVersion=\r\n\tRunspaceId=\r\n\tPipelineId=\r\n\tCommandName=\r\n\tCommandType=\r\n\tScriptName=\r\n\tCommandPath=\r\n\tCommandLine=","Category":"Provider Lifecycle","Opcode":"Info","EventReceivedTime":1687530001,"SourceModuleName":"in_powershell","SourceModuleType":"im_msvistalog"}
<14>Jun 23 14:20:01 win-adfs.lunarstiiiness.com PowerShell[0]: {"EventTime":1687530001,"Hostname":"win-adfs.lunarstiiiness.com","Keywords":36028797018963968,"EventType":"INFO","SeverityValue":2,"Severity":"INFO","EventID":600,"SourceName":"PowerShell","Version":0,"Task":6,"OpcodeValue":0,"RecordNumber":6160986,"ProcessID":0,"ThreadID":0,"Channel":"Windows PowerShell","Message":"Provider \"WSMan\" is Started. \r\n\r\nDetails: \r\n\tProviderName=WSMan\r\n\tNewProviderState=Started\r\n\r\n\tSequenceNumber=362963\r\n\r\n\tHostName=Default Host\r\n\tHostVersion=5.1.20348.1366\r\n\tHostId=4e900e22-f0fe-4102-820c-e644446d7c83\r\n\tHostApplication=C:\\Program Files\\Microsoft Azure AD Sync\\Bin\\miiserver.exe\r\n\tEngineVersion=\r\n\tRunspaceId=\r\n\tPipelineId=\r\n\tCommandName=\r\n\tCommandType=\r\n\tScriptName=\r\n\tCommandPath=\r\n\tCommandLine=","Category":"Provider Lifecycle","Opcode":"Info","EventReceivedTime":1687530001,"SourceModuleName":"in_powershell","SourceModuleType":"im_msvistalog"}
<14>Jun 23 14:20:01 win-adfs.lunarstiiiness.com PowerShell[0]: {"EventTime":1687530001,"Hostname":"win-adfs.lunarstiiiness.com","Keywords":36028797018963968,"EventType":"INFO","SeverityValue":2,"Severity":"INFO","EventID":600,"SourceName":"PowerShell","Version":0,"Task":6,"OpcodeValue":0,"RecordNumber":6161006,"ProcessID":0,"ThreadID":0,"Channel":"Windows PowerShell","Message":"Provider \"FileSystem\" is Started. \r\n\r\nDetails: \r\n\tProviderName=FileSystem\r\n\tNewProviderState=Started\r\n\r\n\tSequenceNumber=363003\r\n\r\n\tHostName=Default Host\r\n\tHostVersion=5.1.20348.1366\r\n\tHostId=bc37c364-c810-4c06-bb09-e11d96c81959\r\n\tHostApplication=C:\\Program Files\\Microsoft Azure AD Sync\\Bin\\miiserver.exe\r\n\tEngineVersion=\r\n\tRunspaceId=\r\n\tPipelineId=\r\n\tCommandName=\r\n\tCommandType=\r\n\tScriptName=\r\n\tCommandPath=\r\n\tCommandLine=","Category":"Provider Lifecycle","Opcode":"Info","EventReceivedTime":1687530001,"SourceModuleName":"in_powershell","SourceModuleType":"im_msvistalog"}
<14>Jun 23 14:20:01 win-adfs.lunarstiiiness.com PowerShell[0]: {"EventTime":1687530001,"Hostname":"win-adfs.lunarstiiiness.com","Keywords":36028797018963968,"EventType":"INFO","SeverityValue":2,"Severity":"INFO","EventID":600,"SourceName":"PowerShell","Version":0,"Task":6,"OpcodeValue":0,"RecordNumber":6161007,"ProcessID":0,"ThreadID":0,"Channel":"Windows PowerShell","Message":"Provider \"Function\" is Started. \r\n\r\nDetails: \r\n\tProviderName=Function\r\n\tNewProviderState=Started\r\n\r\n\tSequenceNumber=363005\r\n\r\n\tHostName=Default Host\r\n\tHostVersion=5.1.20348.1366\r\n\tHostId=bc37c364-c810-4c06-bb09-e11d96c81959\r\n\tHostApplication=C:\\Program Files\\Microsoft Azure AD Sync\\Bin\\miiserver.exe\r\n\tEngineVersion=\r\n\tRunspaceId=\r\n\tPipelineId=\r\n\tCommandName=\r\n\tCommandType=\r\n\tScriptName=\r\n\tCommandPath=\r\n\tCommandLine=","Category":"Provider Lifecycle","Opcode":"Info","EventReceivedTime":1687530001,"SourceModuleName":"in_powershell","SourceModuleType":"im_msvistalog"}
<14>Jun 23 14:20:01 win-adfs.lunarstiiiness.com PowerShell[0]: {"EventTime":1687530001,"Hostname":"win-adfs.lunarstiiiness.com","Keywords":36028797018963968,"EventType":"INFO","SeverityValue":2,"Severity":"INFO","EventID":600,"SourceName":"PowerShell","Version":0,"Task":6,"OpcodeValue":0,"RecordNumber":6160991,"ProcessID":0,"ThreadID":0,"Channel":"Windows PowerShell","Message":"Provider \"Registry\" is Started. \r\n\r\nDetails: \r\n\tProviderName=Registry\r\n\tNewProviderState=Started\r\n\r\n\tSequenceNumber=362973\r\n\r\n\tHostName=Default Host\r\n\tHostVersion=5.1.20348.1366\r\n\tHostId=c73ba636-e2a1-4a3e-a173-dd62e14e35d6\r\n\tHostApplication=C:\\Program Files\\Microsoft Azure AD Sync\\Bin\\miiserver.exe\r\n\tEngineVersion=\r\n\tRunspaceId=\r\n\tPipelineId=\r\n\tCommandName=\r\n\tCommandType=\r\n\tScriptName=\r\n\tCommandPath=\r\n\tCommandLine=","Category":"Provider Lifecycle","Opcode":"Info","EventReceivedTime":1687530001,"SourceModuleName":"in_powershell","SourceModuleType":"im_msvistalog"}
<14>Jun 23 14:20:01 win-adfs.lunarstiiiness.com PowerShell[0]: {"EventTime":1687530001,"Hostname":"win-adfs.lunarstiiiness.com","Keywords":36028797018963968,"EventType":"INFO","SeverityValue":2,"Severity":"INFO","EventID":600,"SourceName":"PowerShell","Version":0,"Task":6,"OpcodeValue":0,"RecordNumber":6160981,"ProcessID":0,"ThreadID":0,"Channel":"Windows PowerShell","Message":"Provider \"Environment\" is Started. \r\n\r\nDetails: \r\n\tProviderName=Environment\r\n\tNewProviderState=Started\r\n\r\n\tSequenceNumber=362953\r\n\r\n\tHostName=Default Host\r\n\tHostVersion=5.1.20348.1366\r\n\tHostId=4e900e22-f0fe-4102-820c-e644446d7c83\r\n\tHostApplication=C:\\Program Files\\Microsoft Azure AD Sync\\Bin\\miiserver.exe\r\n\tEngineVersion=\r\n\tRunspaceId=\r\n\tPipelineId=\r\n\tCommandName=\r\n\tCommandType=\r\n\tScriptName=\r\n\tCommandPath=\r\n\tCommandLine=","Category":"Provider Lifecycle","Opcode":"Info","EventReceivedTime":1687530001,"SourceModuleName":"in_powershell","SourceModuleType":"im_msvistalog"}
<14>Jun 23 14:20:01 win-adfs.lunarstiiiness.com PowerShell[0]: {"EventTime":1687530001,"Hostname":"win-adfs.lunarstiiiness.com","Keywords":36028797018963968,"EventType":"INFO","SeverityValue":2,"Severity":"INFO","EventID":600,"SourceName":"PowerShell","Version":0,"Task":6,"OpcodeValue":0,"RecordNumber":6160996,"ProcessID":0,"ThreadID":0,"Channel":"Windows PowerShell","Message":"Provider \"Variable\" is Started. \r\n\r\nDetails: \r\n\tProviderName=Variable\r\n\tNewProviderState=Started\r\n\r\n\tSequenceNumber=362983\r\n\r\n\tHostName=Default Host\r\n\tHostVersion=5.1.20348.1366\r\n\tHostId=c73ba636-e2a1-4a3e-a173-dd62e14e35d6\r\n\tHostApplication=C:\\Program Files\\Microsoft Azure AD Sync\\Bin\\miiserver.exe\r\n\tEngineVersion=\r\n\tRunspaceId=\r\n\tPipelineId=\r\n\tCommandName=\r\n\tCommandType=\r\n\tScriptName=\r\n\tCommandPath=\r\n\tCommandLine=","Category":"Provider Lifecycle","Opcode":"Info","EventReceivedTime":1687530001,"SourceModuleName":"in_powershell","SourceModuleType":"im_msvistalog"}
<14>Jun 23 14:20:01 win-adfs.lunarstiiiness.com Microsoft-Windows-PowerShell[4764]: {"EventTime":1687530000,"Hostname":"win-adfs.lunarstiiiness.com","Keywords":0,"EventType":"INFO","SeverityValue":2,"Severity":"INFO","EventID":4103,"SourceName":"Microsoft-Windows-PowerShell","ProviderGuid":"{A0C1853B-5C40-4B15-8766-3CF1C58F985A}","Version":1,"Task":106,"OpcodeValue":20,"RecordNumber":1319890,"ActivityID":"{8F8F53C1-AEDC-0000-72DE-23AE6E9ED901}","ProcessID":4764,"ThreadID":2204,"Channel":"Microsoft-Windows-PowerShell/Operational","Domain":"LUNARSTIIINESS","AccountName":"ADSyncMSAfb0e5$","UserID":"S-1-5-21-3263964631-4121654051-1417071188-1115","AccountType":"User","Message":"CommandInvocation(Add-Type): \"Add-Type\"\r\nParameterBinding(Add-Type): name=\"Path\"; value=\"C:\\Program Files\\Microsoft Azure AD Sync\\\\Extensions\\Microsoft.Azure.ActiveDirectory.Connector.dll\"\r\n\r\n\r\nContext:\r\n        Severity = Informational\r\n        Host Name = Default Host\r\n        Host Version = 5.1.20348.1366\r\n        Host ID = 99ea6d70-ddd4-4075-a1e7-887aa7e5dd31\r\n        Host Application = C:\\Program Files\\Microsoft Azure AD Sync\\Bin\\miiserver.exe\r\n        Engine Version = 5.1.20348.1366\r\n        Runspace ID = d8d4e2e1-ae70-49a4-9fe5-45c3fea99ce1\r\n        Pipeline ID = 2\r\n        Command Name = Add-Type\r\n        Command Type = Cmdlet\r\n        Script Name = C:\\Program Files\\Microsoft Azure AD Sync\\Extensions\\AADConnector.psm1\r\n        Command Path = \r\n        Sequence Number = 362780\r\n        User = LUNARSTIIINESS\\ADSyncMSAfb0e5$\r\n        Connected User = \r\n        Shell ID = Microsoft.PowerShell\r\n\r\n\r\nUser Data:\r\n\r\n","Category":"Executing Pipeline","Opcode":"To be used when operation is just executing a method","ContextInfo":"        Severity = Informational\r\n        Host Name = Default Host\r\n        Host Version = 5.1.20348.1366\r\n        Host ID = 99ea6d70-ddd4-4075-a1e7-887aa7e5dd31\r\n        Host Application = C:\\Program Files\\Microsoft Azure AD Sync\\Bin\\miiserver.exe\r\n        Engine Version = 5.1.20348.1366\r\n        Runspace ID = d8d4e2e1-ae70-49a4-9fe5-45c3fea99ce1\r\n        Pipeline ID = 2\r\n        Command Name = Add-Type\r\n        Command Type = Cmdlet\r\n        Script Name = C:\\Program Files\\Microsoft Azure AD Sync\\Extensions\\AADConnector.psm1\r\n        Command Path = \r\n        Sequence Number = 362780\r\n        User = LUNARSTIIINESS\\ADSyncMSAfb0e5$\r\n        Connected User = \r\n        Shell ID = Microsoft.PowerShell\r\n","Payload":"CommandInvocation(Add-Type): \"Add-Type\"\r\nParameterBinding(Add-Type): name=\"Path\"; value=\"C:\\Program Files\\Microsoft Azure AD Sync\\\\Extensions\\Microsoft.Azure.ActiveDirectory.Connector.dll\"\r\n","EventReceivedTime":1687530001,"SourceModuleName":"in_powershell","SourceModuleType":"im_msvistalog"}
<14>Jun 23 14:20:01 win-adfs.lunarstiiiness.com Microsoft-Windows-PowerShell[4764]: {"EventTime":1687530000,"Hostname":"win-adfs.lunarstiiiness.com","Keywords":0,"EventType":"INFO","SeverityValue":2,"Severity":"INFO","EventID":4103,"SourceName":"Microsoft-Windows-PowerShell","ProviderGuid":"{A0C1853B-5C40-4B15-8766-3CF1C58F985A}","Version":1,"Task":106,"OpcodeValue":20,"RecordNumber":1319891,"ActivityID":"{8F8F53C1-AEDC-0000-81DE-23AE6E9ED901}","ProcessID":4764,"ThreadID":8596,"Channel":"Microsoft-Windows-PowerShell/Operational","Domain":"LUNARSTIIINESS","AccountName":"ADSyncMSAfb0e5$","UserID":"S-1-5-21-3263964631-4121654051-1417071188-1115","AccountType":"User","Message":"CommandInvocation(Add-Type): \"Add-Type\"\r\nParameterBinding(Add-Type): name=\"Path\"; value=\"C:\\Program Files\\Microsoft Azure AD Sync\\\\Bin\\Assemblies\\Microsoft.MetadirectoryServicesEx.dll\"\r\n\r\n\r\nContext:\r\n        Severity = Informational\r\n        Host Name = Default Host\r\n        Host Version = 5.1.20348.1366\r\n        Host ID = c3302edd-b16b-4f73-bccd-e00a886cc3b3\r\n        Host Application = C:\\Program Files\\Microsoft Azure AD Sync\\Bin\\miiserver.exe\r\n        Engine Version = 5.1.20348.1366\r\n        Runspace ID = a124f84f-50c4-4129-8867-e6b43c505b7e\r\n        Pipeline ID = 2\r\n        Command Name = Add-Type\r\n        Command Type = Cmdlet\r\n        Script Name = C:\\Program Files\\Microsoft Azure AD Sync\\Extensions\\AADConnector.psm1\r\n        Command Path = \r\n        Sequence Number = 362800\r\n        User = LUNARSTIIINESS\\ADSyncMSAfb0e5$\r\n        Connected User = \r\n        Shell ID = Microsoft.PowerShell\r\n\r\n\r\nUser Data:\r\n\r\n","Category":"Executing Pipeline","Opcode":"To be used when operation is just executing a method","ContextInfo":"        Severity = Informational\r\n        Host Name = Default Host\r\n        Host Version = 5.1.20348.1366\r\n        Host ID = c3302edd-b16b-4f73-bccd-e00a886cc3b3\r\n        Host Application = C:\\Program Files\\Microsoft Azure AD Sync\\Bin\\miiserver.exe\r\n        Engine Version = 5.1.20348.1366\r\n        Runspace ID = a124f84f-50c4-4129-8867-e6b43c505b7e\r\n        Pipeline ID = 2\r\n        Command Name = Add-Type\r\n        Command Type = Cmdlet\r\n        Script Name = C:\\Program Files\\Microsoft Azure AD Sync\\Extensions\\AADConnector.psm1\r\n        Command Path = \r\n        Sequence Number = 362800\r\n        User = LUNARSTIIINESS\\ADSyncMSAfb0e5$\r\n        Connected User = \r\n        Shell ID = Microsoft.PowerShell\r\n","Payload":"CommandInvocation(Add-Type): \"Add-Type\"\r\nParameterBinding(Add-Type): name=\"Path\"; value=\"C:\\Program Files\\Microsoft Azure AD Sync\\\\Bin\\Assemblies\\Microsoft.MetadirectoryServicesEx.dll\"\r\n","EventReceivedTime":1687530001,"SourceModuleName":"in_powershell","SourceModuleType":"im_msvistalog"}
<14>Jun 23 14:20:01 win-adfs.lunarstiiiness.com Microsoft-Windows-PowerShell[4764]: {"EventTime":1687530000,"Hostname":"win-adfs.lunarstiiiness.com","Keywords":0,"EventType":"INFO","SeverityValue":2,"Severity":"INFO","EventID":4103,"SourceName":"Microsoft-Windows-PowerShell","ProviderGuid":"{A0C1853B-5C40-4B15-8766-3CF1C58F985A}","Version":1,"Task":106,"OpcodeValue":20,"RecordNumber":1319887,"ActivityID":"{8F8F53C1-AEDC-0000-61DE-23AE6E9ED901}","ProcessID":4764,"ThreadID":12152,"Channel":"Microsoft-Windows-PowerShell/Operational","Domain":"LUNARSTIIINESS","AccountName":"ADSyncMSAfb0e5$","UserID":"S-1-5-21-3263964631-4121654051-1417071188-1115","AccountType":"User","Message":"CommandInvocation(Add-Type): \"Add-Type\"\r\nParameterBinding(Add-Type): name=\"Path\"; value=\"C:\\Program Files\\Microsoft Azure AD Sync\\\\Extensions\\Microsoft.Azure.ActiveDirectory.Connector.dll\"\r\n\r\n\r\nContext:\r\n        Severity = Informational\r\n        Host Name = Default Host\r\n        Host Version = 5.1.20348.1366\r\n        Host ID = b6bdc48a-2f15-4982-8266-b0b1defe0937\r\n        Host Application = C:\\Program Files\\Microsoft Azure AD Sync\\Bin\\miiserver.exe\r\n        Engine Version = 5.1.20348.1366\r\n        Runspace ID = a88b43b3-31a9-4634-a684-fec202c185ed\r\n        Pipeline ID = 2\r\n        Command Name = Add-Type\r\n        Command Type = Cmdlet\r\n        Script Name = C:\\Program Files\\Microsoft Azure AD Sync\\Extensions\\AADConnector.psm1\r\n        Command Path = \r\n        Sequence Number = 362756\r\n        User = LUNARSTIIINESS\\ADSyncMSAfb0e5$\r\n        Connected User = \r\n        Shell ID = Microsoft.PowerShell\r\n\r\n\r\nUser Data:\r\n\r\n","Category":"Executing Pipeline","Opcode":"To be used when operation is just executing a method","ContextInfo":"        Severity = Informational\r\n        Host Name = Default Host\r\n        Host Version = 5.1.20348.1366\r\n        Host ID = b6bdc48a-2f15-4982-8266-b0b1defe0937\r\n        Host Application = C:\\Program Files\\Microsoft Azure AD Sync\\Bin\\miiserver.exe\r\n        Engine Version = 5.1.20348.1366\r\n        Runspace ID = a88b43b3-31a9-4634-a684-fec202c185ed\r\n        Pipeline ID = 2\r\n        Command Name = Add-Type\r\n        Command Type = Cmdlet\r\n        Script Name = C:\\Program Files\\Microsoft Azure AD Sync\\Extensions\\AADConnector.psm1\r\n        Command Path = \r\n        Sequence Number = 362756\r\n        User = LUNARSTIIINESS\\ADSyncMSAfb0e5$\r\n        Connected User = \r\n        Shell ID = Microsoft.PowerShell\r\n","Payload":"CommandInvocation(Add-Type): \"Add-Type\"\r\nParameterBinding(Add-Type): name=\"Path\"; value=\"C:\\Program Files\\Microsoft Azure AD Sync\\\\Extensions\\Microsoft.Azure.ActiveDirectory.Connector.dll\"\r\n","EventReceivedTime":1687530001,"SourceModuleName":"in_powershell","SourceModuleType":"im_msvistalog"}
<14>Jun 23 14:20:01 win-adfs.lunarstiiiness.com Microsoft-Windows-PowerShell[4764]: {"EventTime":1687530000,"Hostname":"win-adfs.lunarstiiiness.com","Keywords":0,"EventType":"INFO","SeverityValue":2,"Severity":"INFO","EventID":4103,"SourceName":"Microsoft-Windows-PowerShell","ProviderGuid":"{A0C1853B-5C40-4B15-8766-3CF1C58F985A}","Version":1,"Task":106,"OpcodeValue":20,"RecordNumber":1319906,"ActivityID":"{8F8F53C1-AEDC-0000-DDDE-23AE6E9ED901}","ProcessID":4764,"ThreadID":6800,"Channel":"Microsoft-Windows-PowerShell/Operational","Domain":"LUNARSTIIINESS","AccountName":"ADSyncMSAfb0e5$","UserID":"S-1-5-21-3263964631-4121654051-1417071188-1115","AccountType":"User","Message":"CommandInvocation(Add-Type): \"Add-Type\"\r\nParameterBinding(Add-Type): name=\"Path\"; value=\"C:\\Program Files\\Microsoft Azure AD Sync\\\\Bin\\Assemblies\\Microsoft.MetadirectoryServicesEx.dll\"\r\n\r\n\r\nContext:\r\n        Severity = Informational\r\n        Host Name = Default Host\r\n        Host Version = 5.1.20348.1366\r\n        Host ID = 60c7091d-8f4d-4651-845d-28909f37ea91\r\n        Host Application = C:\\Program Files\\Microsoft Azure AD Sync\\Bin\\miiserver.exe\r\n        Engine Version = 5.1.20348.1366\r\n        Runspace ID = af4e5b09-80e1-4155-a3d1-70c6ae81f751\r\n        Pipeline ID = 2\r\n        Command Name = Add-Type\r\n        Command Type = Cmdlet\r\n        Script Name = C:\\Program Files\\Microsoft Azure AD Sync\\Extensions\\AADConnector.psm1\r\n        Command Path = \r\n        Sequence Number = 362920\r\n        User = LUNARSTIIINESS\\ADSyncMSAfb0e5$\r\n        Connected User = \r\n        Shell ID = Microsoft.PowerShell\r\n\r\n\r\nUser Data:\r\n\r\n","Category":"Executing Pipeline","Opcode":"To be used when operation is just executing a method","ContextInfo":"        Severity = Informational\r\n        Host Name = Default Host\r\n        Host Version = 5.1.20348.1366\r\n        Host ID = 60c7091d-8f4d-4651-845d-28909f37ea91\r\n        Host Application = C:\\Program Files\\Microsoft Azure AD Sync\\Bin\\miiserver.exe\r\n        Engine Version = 5.1.20348.1366\r\n        Runspace ID = af4e5b09-80e1-4155-a3d1-70c6ae81f751\r\n        Pipeline ID = 2\r\n        Command Name = Add-Type\r\n        Command Type = Cmdlet\r\n        Script Name = C:\\Program Files\\Microsoft Azure AD Sync\\Extensions\\AADConnector.psm1\r\n        Command Path = \r\n        Sequence Number = 362920\r\n        User = LUNARSTIIINESS\\ADSyncMSAfb0e5$\r\n        Connected User = \r\n        Shell ID = Microsoft.PowerShell\r\n","Payload":"CommandInvocation(Add-Type): \"Add-Type\"\r\nParameterBinding(Add-Type): name=\"Path\"; value=\"C:\\Program Files\\Microsoft Azure AD Sync\\\\Bin\\Assemblies\\Microsoft.MetadirectoryServicesEx.dll\"\r\n","EventReceivedTime":1687530001,"SourceModuleName":"in_powershell","SourceModuleType":"im_msvistalog"}
<14>Jun 23 14:20:01 win-adfs.lunarstiiiness.com Microsoft-Windows-PowerShell[4764]: {"EventTime":1687530000,"Hostname":"win-adfs.lunarstiiiness.com","Keywords":0,"EventType":"INFO","SeverityValue":2,"Severity":"INFO","EventID":4103,"SourceName":"Microsoft-Windows-PowerShell","ProviderGuid":"{A0C1853B-5C40-4B15-8766-3CF1C58F985A}","Version":1,"Task":106,"OpcodeValue":20,"RecordNumber":1319908,"ActivityID":"{8F8F53C1-AEDC-0000-DFDE-23AE6E9ED901}","ProcessID":4764,"ThreadID":6800,"Channel":"Microsoft-Windows-PowerShell/Operational","Domain":"LUNARSTIIINESS","AccountName":"ADSyncMSAfb0e5$","UserID":"S-1-5-21-3263964631-4121654051-1417071188-1115","AccountType":"User","Message":"CommandInvocation(Add-Type): \"Add-Type\"\r\nParameterBinding(Add-Type): name=\"Path\"; value=\"C:\\Program Files\\Microsoft Azure AD Sync\\\\Extensions\\Microsoft.Azure.ActiveDirectory.Connector.dll\"\r\n\r\n\r\nContext:\r\n        Severity = Informational\r\n        Host Name = Default Host\r\n        Host Version = 5.1.20348.1366\r\n        Host ID = 60c7091d-8f4d-4651-845d-28909f37ea91\r\n        Host Application = C:\\Program Files\\Microsoft Azure AD Sync\\Bin\\miiserver.exe\r\n        Engine Version = 5.1.20348.1366\r\n        Runspace ID = af4e5b09-80e1-4155-a3d1-70c6ae81f751\r\n        Pipeline ID = 2\r\n        Command Name = Add-Type\r\n        Command Type = Cmdlet\r\n        Script Name = C:\\Program Files\\Microsoft Azure AD Sync\\Extensions\\AADConnector.psm1\r\n        Command Path = \r\n        Sequence Number = 362924\r\n        User = LUNARSTIIINESS\\ADSyncMSAfb0e5$\r\n        Connected User = \r\n        Shell ID = Microsoft.PowerShell\r\n\r\n\r\nUser Data:\r\n\r\n","Category":"Executing Pipeline","Opcode":"To be used when operation is just executing a method","ContextInfo":"        Severity = Informational\r\n        Host Name = Default Host\r\n        Host Version = 5.1.20348.1366\r\n        Host ID = 60c7091d-8f4d-4651-845d-28909f37ea91\r\n        Host Application = C:\\Program Files\\Microsoft Azure AD Sync\\Bin\\miiserver.exe\r\n        Engine Version = 5.1.20348.1366\r\n        Runspace ID = af4e5b09-80e1-4155-a3d1-70c6ae81f751\r\n        Pipeline ID = 2\r\n        Command Name = Add-Type\r\n        Command Type = Cmdlet\r\n        Script Name = C:\\Program Files\\Microsoft Azure AD Sync\\Extensions\\AADConnector.psm1\r\n        Command Path = \r\n        Sequence Number = 362924\r\n        User = LUNARSTIIINESS\\ADSyncMSAfb0e5$\r\n        Connected User = \r\n        Shell ID = Microsoft.PowerShell\r\n","Payload":"CommandInvocation(Add-Type): \"Add-Type\"\r\nParameterBinding(Add-Type): name=\"Path\"; value=\"C:\\Program Files\\Microsoft Azure AD Sync\\\\Extensions\\Microsoft.Azure.ActiveDirectory.Connector.dll\"\r\n","EventReceivedTime":1687530001,"SourceModuleName":"in_powershell","SourceModuleType":"im_msvistalog"}
<14>Jun 23 14:20:01 win-adfs.lunarstiiiness.com Microsoft-Windows-PowerShell[4764]: {"EventTime":1687530000,"Hostname":"win-adfs.lunarstiiiness.com","Keywords":0,"EventType":"INFO","SeverityValue":2,"Severity":"INFO","EventID":4103,"SourceName":"Microsoft-Windows-PowerShell","ProviderGuid":"{A0C1853B-5C40-4B15-8766-3CF1C58F985A}","Version":1,"Task":106,"OpcodeValue":20,"RecordNumber":1319909,"ActivityID":"{8F8F53C1-AEDC-0000-EFDE-23AE6E9ED901}","ProcessID":4764,"ThreadID":5628,"Channel":"Microsoft-Windows-PowerShell/Operational","Domain":"LUNARSTIIINESS","AccountName":"ADSyncMSAfb0e5$","UserID":"S-1-5-21-3263964631-4121654051-1417071188-1115","AccountType":"User","Message":"CommandInvocation(Add-Type): \"Add-Type\"\r\nParameterBinding(Add-Type): name=\"Path\"; value=\"C:\\Program Files\\Microsoft Azure AD Sync\\\\Bin\\Assemblies\\Microsoft.MetadirectoryServicesEx.dll\"\r\n\r\n\r\nContext:\r\n        Severity = Informational\r\n        Host Name = Default Host\r\n        Host Version = 5.1.20348.1366\r\n        Host ID = 2f1c8bea-d8a2-420e-8e70-68e2ab6c04ab\r\n        Host Application = C:\\Program Files\\Microsoft Azure AD Sync\\Bin\\miiserver.exe\r\n        Engine Version = 5.1.20348.1366\r\n        Runspace ID = 47c8f1b0-ca72-402b-9a6b-938f4e320348\r\n        Pipeline ID = 2\r\n        Command Name = Add-Type\r\n        Command Type = Cmdlet\r\n        Script Name = C:\\Program Files\\Microsoft Azure AD Sync\\Extensions\\AADConnector.psm1\r\n        Command Path = \r\n        Sequence Number = 362944\r\n        User = LUNARSTIIINESS\\ADSyncMSAfb0e5$\r\n        Connected User = \r\n        Shell ID = Microsoft.PowerShell\r\n\r\n\r\nUser Data:\r\n\r\n","Category":"Executing Pipeline","Opcode":"To be used when operation is just executing a method","ContextInfo":"        Severity = Informational\r\n        Host Name = Default Host\r\n        Host Version = 5.1.20348.1366\r\n        Host ID = 2f1c8bea-d8a2-420e-8e70-68e2ab6c04ab\r\n        Host Application = C:\\Program Files\\Microsoft Azure AD Sync\\Bin\\miiserver.exe\r\n        Engine Version = 5.1.20348.1366\r\n        Runspace ID = 47c8f1b0-ca72-402b-9a6b-938f4e320348\r\n        Pipeline ID = 2\r\n        Command Name = Add-Type\r\n        Command Type = Cmdlet\r\n        Script Name = C:\\Program Files\\Microsoft Azure AD Sync\\Extensions\\AADConnector.psm1\r\n        Command Path = \r\n        Sequence Number = 362944\r\n        User = LUNARSTIIINESS\\ADSyncMSAfb0e5$\r\n        Connected User = \r\n        Shell ID = Microsoft.PowerShell\r\n","Payload":"CommandInvocation(Add-Type): \"Add-Type\"\r\nParameterBinding(Add-Type): name=\"Path\"; value=\"C:\\Program Files\\Microsoft Azure AD Sync\\\\Bin\\Assemblies\\Microsoft.MetadirectoryServicesEx.dll\"\r\n","EventReceivedTime":1687530001,"SourceModuleName":"in_powershell","SourceModuleType":"im_msvistalog"}
<14>Jun 23 14:20:01 win-adfs.lunarstiiiness.com Microsoft-Windows-PowerShell[4764]: {"EventTime":1687530000,"Hostname":"win-adfs.lunarstiiiness.com","Keywords":0,"EventType":"INFO","SeverityValue":2,"Severity":"INFO","EventID":4103,"SourceName":"Microsoft-Windows-PowerShell","ProviderGuid":"{A0C1853B-5C40-4B15-8766-3CF1C58F985A}","Version":1,"Task":106,"OpcodeValue":20,"RecordNumber":1319896,"ActivityID":"{8F8F53C1-AEDC-0000-95DE-23AE6E9ED901}","ProcessID":4764,"ThreadID":6296,"Channel":"Microsoft-Windows-PowerShell/Operational","Domain":"LUNARSTIIINESS","AccountName":"ADSyncMSAfb0e5$","UserID":"S-1-5-21-3263964631-4121654051-1417071188-1115","AccountType":"User","Message":"CommandInvocation(Add-Type): \"Add-Type\"\r\nParameterBinding(Add-Type): name=\"Path\"; value=\"C:\\Program Files\\Microsoft Azure AD Sync\\\\Extensions\\Microsoft.Azure.ActiveDirectory.Connector.dll\"\r\n\r\n\r\nContext:\r\n        Severity = Informational\r\n        Host Name = Default Host\r\n        Host Version = 5.1.20348.1366\r\n        Host ID = 0afe34c8-4e9a-409a-9a2a-a9c2a31c0819\r\n        Host Application = C:\\Program Files\\Microsoft Azure AD Sync\\Bin\\miiserver.exe\r\n        Engine Version = 5.1.20348.1366\r\n        Runspace ID = d8c2a8b5-04ac-4193-a2fc-997289a4ce6f\r\n        Pipeline ID = 2\r\n        Command Name = Add-Type\r\n        Command Type = Cmdlet\r\n        Script Name = C:\\Program Files\\Microsoft Azure AD Sync\\Extensions\\AADConnector.psm1\r\n        Command Path = \r\n        Sequence Number = 362828\r\n        User = LUNARSTIIINESS\\ADSyncMSAfb0e5$\r\n        Connected User = \r\n        Shell ID = Microsoft.PowerShell\r\n\r\n\r\nUser Data:\r\n\r\n","Category":"Executing Pipeline","Opcode":"To be used when operation is just executing a method","ContextInfo":"        Severity = Informational\r\n        Host Name = Default Host\r\n        Host Version = 5.1.20348.1366\r\n        Host ID = 0afe34c8-4e9a-409a-9a2a-a9c2a31c0819\r\n        Host Application = C:\\Program Files\\Microsoft Azure AD Sync\\Bin\\miiserver.exe\r\n        Engine Version = 5.1.20348.1366\r\n        Runspace ID = d8c2a8b5-04ac-4193-a2fc-997289a4ce6f\r\n        Pipeline ID = 2\r\n        Command Name = Add-Type\r\n        Command Type = Cmdlet\r\n        Script Name = C:\\Program Files\\Microsoft Azure AD Sync\\Extensions\\AADConnector.psm1\r\n        Command Path = \r\n        Sequence Number = 362828\r\n        User = LUNARSTIIINESS\\ADSyncMSAfb0e5$\r\n        Connected User = \r\n        Shell ID = Microsoft.PowerShell\r\n","Payload":"CommandInvocation(Add-Type): \"Add-Type\"\r\nParameterBinding(Add-Type): name=\"Path\"; value=\"C:\\Program Files\\Microsoft Azure AD Sync\\\\Extensions\\Microsoft.Azure.ActiveDirectory.Connector.dll\"\r\n","EventReceivedTime":1687530001,"SourceModuleName":"in_powershell","SourceModuleType":"im_msvistalog"}
<14>Jun 23 14:20:01 win-adfs.lunarstiiiness.com Microsoft-Windows-PowerShell[4764]: {"EventTime":1687530000,"Hostname":"win-adfs.lunarstiiiness.com","Keywords":0,"EventType":"INFO","SeverityValue":2,"Severity":"INFO","EventID":4103,"SourceName":"Microsoft-Windows-PowerShell","ProviderGuid":"{A0C1853B-5C40-4B15-8766-3CF1C58F985A}","Version":1,"Task":106,"OpcodeValue":20,"RecordNumber":1319904,"ActivityID":"{8F8F53C1-AEDC-0000-CCDE-23AE6E9ED901}","ProcessID":4764,"ThreadID":11160,"Channel":"Microsoft-Windows-PowerShell/Operational","Domain":"LUNARSTIIINESS","AccountName":"ADSyncMSAfb0e5$","UserID":"S-1-5-21-3263964631-4121654051-1417071188-1115","AccountType":"User","Message":"CommandInvocation(Add-Type): \"Add-Type\"\r\nParameterBinding(Add-Type): name=\"Path\"; value=\"C:\\Program Files\\Microsoft Azure AD Sync\\\\Bin\\Microsoft.MetadirectoryServices.PasswordHashSynchronization.Types.dll\"\r\n\r\n\r\nContext:\r\n        Severity = Informational\r\n        Host Name = Default Host\r\n        Host Version = 5.1.20348.1366\r\n        Host ID = 8133f7e3-e4de-4702-be25-c3851bcbc7bc\r\n        Host Application = C:\\Program Files\\Microsoft Azure AD Sync\\Bin\\miiserver.exe\r\n        Engine Version = 5.1.20348.1366\r\n        Runspace ID = 36293163-f26f-4e7f-acc1-129af98c05e6\r\n        Pipeline ID = 2\r\n        Command Name = Add-Type\r\n        Command Type = Cmdlet\r\n        Script Name = C:\\Program Files\\Microsoft Azure AD Sync\\Extensions\\AADConnector.psm1\r\n        Command Path = \r\n        Sequence Number = 362898\r\n        User = LUNARSTIIINESS\\ADSyncMSAfb0e5$\r\n        Connected User = \r\n        Shell ID = Microsoft.PowerShell\r\n\r\n\r\nUser Data:\r\n\r\n","Category":"Executing Pipeline","Opcode":"To be used when operation is just executing a method","ContextInfo":"        Severity = Informational\r\n        Host Name = Default Host\r\n        Host Version = 5.1.20348.1366\r\n        Host ID = 8133f7e3-e4de-4702-be25-c3851bcbc7bc\r\n        Host Application = C:\\Program Files\\Microsoft Azure AD Sync\\Bin\\miiserver.exe\r\n        Engine Version = 5.1.20348.1366\r\n        Runspace ID = 36293163-f26f-4e7f-acc1-129af98c05e6\r\n        Pipeline ID = 2\r\n        Command Name = Add-Type\r\n        Command Type = Cmdlet\r\n        Script Name = C:\\Program Files\\Microsoft Azure AD Sync\\Extensions\\AADConnector.psm1\r\n        Command Path = \r\n        Sequence Number = 362898\r\n        User = LUNARSTIIINESS\\ADSyncMSAfb0e5$\r\n        Connected User = \r\n        Shell ID = Microsoft.PowerShell\r\n","Payload":"CommandInvocation(Add-Type): \"Add-Type\"\r\nParameterBinding(Add-Type): name=\"Path\"; value=\"C:\\Program Files\\Microsoft Azure AD Sync\\\\Bin\\Microsoft.MetadirectoryServices.PasswordHashSynchronization.Types.dll\"\r\n","EventReceivedTime":1687530001,"SourceModuleName":"in_powershell","SourceModuleType":"im_msvistalog"}
<14>Jun 23 14:20:01 win-adfs.lunarstiiiness.com Microsoft-Windows-PowerShell[4764]: {"EventTime":1687530000,"Hostname":"win-adfs.lunarstiiiness.com","Keywords":0,"EventType":"INFO","SeverityValue":2,"Severity":"INFO","EventID":4103,"SourceName":"Microsoft-Windows-PowerShell","ProviderGuid":"{A0C1853B-5C40-4B15-8766-3CF1C58F985A}","Version":1,"Task":106,"OpcodeValue":20,"RecordNumber":1319893,"ActivityID":"{8F8F53C1-AEDC-0000-83DE-23AE6E9ED901}","ProcessID":4764,"ThreadID":8596,"Channel":"Microsoft-Windows-PowerShell/Operational","Domain":"LUNARSTIIINESS","AccountName":"ADSyncMSAfb0e5$","UserID":"S-1-5-21-3263964631-4121654051-1417071188-1115","AccountType":"User","Message":"CommandInvocation(Add-Type): \"Add-Type\"\r\nParameterBinding(Add-Type): name=\"Path\"; value=\"C:\\Program Files\\Microsoft Azure AD Sync\\\\Extensions\\Microsoft.Azure.ActiveDirectory.Connector.dll\"\r\n\r\n\r\nContext:\r\n        Severity = Informational\r\n        Host Name = Default Host\r\n        Host Version = 5.1.20348.1366\r\n        Host ID = c3302edd-b16b-4f73-bccd-e00a886cc3b3\r\n        Host Application = C:\\Program Files\\Microsoft Azure AD Sync\\Bin\\miiserver.exe\r\n        Engine Version = 5.1.20348.1366\r\n        Runspace ID = a124f84f-50c4-4129-8867-e6b43c505b7e\r\n        Pipeline ID = 2\r\n        Command Name = Add-Type\r\n        Command Type = Cmdlet\r\n        Script Name = C:\\Program Files\\Microsoft Azure AD Sync\\Extensions\\AADConnector.psm1\r\n        Command Path = \r\n        Sequence Number = 362804\r\n        User = LUNARSTIIINESS\\ADSyncMSAfb0e5$\r\n        Connected User = \r\n        Shell ID = Microsoft.PowerShell\r\n\r\n\r\nUser Data:\r\n\r\n","Category":"Executing Pipeline","Opcode":"To be used when operation is just executing a method","ContextInfo":"        Severity = Informational\r\n        Host Name = Default Host\r\n        Host Version = 5.1.20348.1366\r\n        Host ID = c3302edd-b16b-4f73-bccd-e00a886cc3b3\r\n        Host Application = C:\\Program Files\\Microsoft Azure AD Sync\\Bin\\miiserver.exe\r\n        Engine Version = 5.1.20348.1366\r\n        Runspace ID = a124f84f-50c4-4129-8867-e6b43c505b7e\r\n        Pipeline ID = 2\r\n        Command Name = Add-Type\r\n        Command Type = Cmdlet\r\n        Script Name = C:\\Program Files\\Microsoft Azure AD Sync\\Extensions\\AADConnector.psm1\r\n        Command Path = \r\n        Sequence Number = 362804\r\n        User = LUNARSTIIINESS\\ADSyncMSAfb0e5$\r\n        Connected User = \r\n        Shell ID = Microsoft.PowerShell\r\n","Payload":"CommandInvocation(Add-Type): \"Add-Type\"\r\nParameterBinding(Add-Type): name=\"Path\"; value=\"C:\\Program Files\\Microsoft Azure AD Sync\\\\Extensions\\Microsoft.Azure.ActiveDirectory.Connector.dll\"\r\n","EventReceivedTime":1687530001,"SourceModuleName":"in_powershell","SourceModuleType":"im_msvistalog"}
<14>Jun 23 14:20:01 win-adfs.lunarstiiiness.com Microsoft-Windows-PowerShell[4764]: {"EventTime":1687530000,"Hostname":"win-adfs.lunarstiiiness.com","Keywords":0,"EventType":"INFO","SeverityValue":2,"Severity":"INFO","EventID":4103,"SourceName":"Microsoft-Windows-PowerShell","ProviderGuid":"{A0C1853B-5C40-4B15-8766-3CF1C58F985A}","Version":1,"Task":106,"OpcodeValue":20,"RecordNumber":1319886,"ActivityID":"{8F8F53C1-AEDC-0000-60DE-23AE6E9ED901}","ProcessID":4764,"ThreadID":12152,"Channel":"Microsoft-Windows-PowerShell/Operational","Domain":"LUNARSTIIINESS","AccountName":"ADSyncMSAfb0e5$","UserID":"S-1-5-21-3263964631-4121654051-1417071188-1115","AccountType":"User","Message":"CommandInvocation(Add-Type): \"Add-Type\"\r\nParameterBinding(Add-Type): name=\"Path\"; value=\"C:\\Program Files\\Microsoft Azure AD Sync\\\\Bin\\Microsoft.MetadirectoryServices.PasswordHashSynchronization.Types.dll\"\r\n\r\n\r\nContext:\r\n        Severity = Informational\r\n        Host Name = Default Host\r\n        Host Version = 5.1.20348.1366\r\n        Host ID = b6bdc48a-2f15-4982-8266-b0b1defe0937\r\n        Host Application = C:\\Program Files\\Microsoft Azure AD Sync\\Bin\\miiserver.exe\r\n        Engine Version = 5.1.20348.1366\r\n        Runspace ID = a88b43b3-31a9-4634-a684-fec202c185ed\r\n        Pipeline ID = 2\r\n        Command Name = Add-Type\r\n        Command Type = Cmdlet\r\n        Script Name = C:\\Program Files\\Microsoft Azure AD Sync\\Extensions\\AADConnector.psm1\r\n        Command Path = \r\n        Sequence Number = 362754\r\n        User = LUNARSTIIINESS\\ADSyncMSAfb0e5$\r\n        Connected User = \r\n        Shell ID = Microsoft.PowerShell\r\n\r\n\r\nUser Data:\r\n\r\n","Category":"Executing Pipeline","Opcode":"To be used when operation is just executing a method","ContextInfo":"        Severity = Informational\r\n        Host Name = Default Host\r\n        Host Version = 5.1.20348.1366\r\n        Host ID = b6bdc48a-2f15-4982-8266-b0b1defe0937\r\n        Host Application = C:\\Program Files\\Microsoft Azure AD Sync\\Bin\\miiserver.exe\r\n        Engine Version = 5.1.20348.1366\r\n        Runspace ID = a88b43b3-31a9-4634-a684-fec202c185ed\r\n        Pipeline ID = 2\r\n        Command Name = Add-Type\r\n        Command Type = Cmdlet\r\n        Script Name = C:\\Program Files\\Microsoft Azure AD Sync\\Extensions\\AADConnector.psm1\r\n        Command Path = \r\n        Sequence Number = 362754\r\n        User = LUNARSTIIINESS\\ADSyncMSAfb0e5$\r\n        Connected User = \r\n        Shell ID = Microsoft.PowerShell\r\n","Payload":"CommandInvocation(Add-Type): \"Add-Type\"\r\nParameterBinding(Add-Type): name=\"Path\"; value=\"C:\\Program Files\\Microsoft Azure AD Sync\\\\Bin\\Microsoft.MetadirectoryServices.PasswordHashSynchronization.Types.dll\"\r\n","EventReceivedTime":1687530001,"SourceModuleName":"in_powershell","SourceModuleType":"im_msvistalog"}
<14>Jun 23 14:20:01 win-adfs.lunarstiiiness.com Microsoft-Windows-PowerShell[4764]: {"EventTime":1687530000,"Hostname":"win-adfs.lunarstiiiness.com","Keywords":0,"EventType":"INFO","SeverityValue":2,"Severity":"INFO","EventID":4103,"SourceName":"Microsoft-Windows-PowerShell","ProviderGuid":"{A0C1853B-5C40-4B15-8766-3CF1C58F985A}","Version":1,"Task":106,"OpcodeValue":20,"RecordNumber":1319902,"ActivityID":"{8F8F53C1-AEDC-0000-B9DE-23AE6E9ED901}","ProcessID":4764,"ThreadID":7744,"Channel":"Microsoft-Windows-PowerShell/Operational","Domain":"LUNARSTIIINESS","AccountName":"ADSyncMSAfb0e5$","UserID":"S-1-5-21-3263964631-4121654051-1417071188-1115","AccountType":"User","Message":"CommandInvocation(Add-Type): \"Add-Type\"\r\nParameterBinding(Add-Type): name=\"Path\"; value=\"C:\\Program Files\\Microsoft Azure AD Sync\\\\Extensions\\Microsoft.Azure.ActiveDirectory.Connector.dll\"\r\n\r\n\r\nContext:\r\n        Severity = Informational\r\n        Host Name = Default Host\r\n        Host Version = 5.1.20348.1366\r\n        Host ID = e29cb8fd-dc3c-44d9-bf8c-32321c68a619\r\n        Host Application = C:\\Program Files\\Microsoft Azure AD Sync\\Bin\\miiserver.exe\r\n        Engine Version = 5.1.20348.1366\r\n        Runspace ID = 6ff98cf6-02ab-4a32-8a08-8460b0b2c413\r\n        Pipeline ID = 2\r\n        Command Name = Add-Type\r\n        Command Type = Cmdlet\r\n        Script Name = C:\\Program Files\\Microsoft Azure AD Sync\\Extensions\\AADConnector.psm1\r\n        Command Path = \r\n        Sequence Number = 362876\r\n        User = LUNARSTIIINESS\\ADSyncMSAfb0e5$\r\n        Connected User = \r\n        Shell ID = Microsoft.PowerShell\r\n\r\n\r\nUser Data:\r\n\r\n","Category":"Executing Pipeline","Opcode":"To be used when operation is just executing a method","ContextInfo":"        Severity = Informational\r\n        Host Name = Default Host\r\n        Host Version = 5.1.20348.1366\r\n        Host ID = e29cb8fd-dc3c-44d9-bf8c-32321c68a619\r\n        Host Application = C:\\Program Files\\Microsoft Azure AD Sync\\Bin\\miiserver.exe\r\n        Engine Version = 5.1.20348.1366\r\n        Runspace ID = 6ff98cf6-02ab-4a32-8a08-8460b0b2c413\r\n        Pipeline ID = 2\r\n        Command Name = Add-Type\r\n        Command Type = Cmdlet\r\n        Script Name = C:\\Program Files\\Microsoft Azure AD Sync\\Extensions\\AADConnector.psm1\r\n        Command Path = \r\n        Sequence Number = 362876\r\n        User = LUNARSTIIINESS\\ADSyncMSAfb0e5$\r\n        Connected User = \r\n        Shell ID = Microsoft.PowerShell\r\n","Payload":"CommandInvocation(Add-Type): \"Add-Type\"\r\nParameterBinding(Add-Type): name=\"Path\"; value=\"C:\\Program Files\\Microsoft Azure AD Sync\\\\Extensions\\Microsoft.Azure.ActiveDirectory.Connector.dll\"\r\n","EventReceivedTime":1687530001,"SourceModuleName":"in_powershell","SourceModuleType":"im_msvistalog"}
<14>Jun 23 14:20:01 win-adfs.lunarstiiiness.com Microsoft-Windows-PowerShell[4764]: {"EventTime":1687530000,"Hostname":"win-adfs.lunarstiiiness.com","Keywords":0,"EventType":"INFO","SeverityValue":2,"Severity":"INFO","EventID":4103,"SourceName":"Microsoft-Windows-PowerShell","ProviderGuid":"{A0C1853B-5C40-4B15-8766-3CF1C58F985A}","Version":1,"Task":106,"OpcodeValue":20,"RecordNumber":1319910,"ActivityID":"{8F8F53C1-AEDC-0000-F0DE-23AE6E9ED901}","ProcessID":4764,"ThreadID":5628,"Channel":"Microsoft-Windows-PowerShell/Operational","Domain":"LUNARSTIIINESS","AccountName":"ADSyncMSAfb0e5$","UserID":"S-1-5-21-3263964631-4121654051-1417071188-1115","AccountType":"User","Message":"CommandInvocation(Add-Type): \"Add-Type\"\r\nParameterBinding(Add-Type): name=\"Path\"; value=\"C:\\Program Files\\Microsoft Azure AD Sync\\\\Bin\\Microsoft.MetadirectoryServices.PasswordHashSynchronization.Types.dll\"\r\n\r\n\r\nContext:\r\n        Severity = Informational\r\n        Host Name = Default Host\r\n        Host Version = 5.1.20348.1366\r\n        Host ID = 2f1c8bea-d8a2-420e-8e70-68e2ab6c04ab\r\n        Host Application = C:\\Program Files\\Microsoft Azure AD Sync\\Bin\\miiserver.exe\r\n        Engine Version = 5.1.20348.1366\r\n        Runspace ID = 47c8f1b0-ca72-402b-9a6b-938f4e320348\r\n        Pipeline ID = 2\r\n        Command Name = Add-Type\r\n        Command Type = Cmdlet\r\n        Script Name = C:\\Program Files\\Microsoft Azure AD Sync\\Extensions\\AADConnector.psm1\r\n        Command Path = \r\n        Sequence Number = 362946\r\n        User = LUNARSTIIINESS\\ADSyncMSAfb0e5$\r\n        Connected User = \r\n        Shell ID = Microsoft.PowerShell\r\n\r\n\r\nUser Data:\r\n\r\n","Category":"Executing Pipeline","Opcode":"To be used when operation is just executing a method","ContextInfo":"        Severity = Informational\r\n        Host Name = Default Host\r\n        Host Version = 5.1.20348.1366\r\n        Host ID = 2f1c8bea-d8a2-420e-8e70-68e2ab6c04ab\r\n        Host Application = C:\\Program Files\\Microsoft Azure AD Sync\\Bin\\miiserver.exe\r\n        Engine Version = 5.1.20348.1366\r\n        Runspace ID = 47c8f1b0-ca72-402b-9a6b-938f4e320348\r\n        Pipeline ID = 2\r\n        Command Name = Add-Type\r\n        Command Type = Cmdlet\r\n        Script Name = C:\\Program Files\\Microsoft Azure AD Sync\\Extensions\\AADConnector.psm1\r\n        Command Path = \r\n        Sequence Number = 362946\r\n        User = LUNARSTIIINESS\\ADSyncMSAfb0e5$\r\n        Connected User = \r\n        Shell ID = Microsoft.PowerShell\r\n","Payload":"CommandInvocation(Add-Type): \"Add-Type\"\r\nParameterBinding(Add-Type): name=\"Path\"; value=\"C:\\Program Files\\Microsoft Azure AD Sync\\\\Bin\\Microsoft.MetadirectoryServices.PasswordHashSynchronization.Types.dll\"\r\n","EventReceivedTime":1687530001,"SourceModuleName":"in_powershell","SourceModuleType":"im_msvistalog"}
