<14>Jun 23 13:52:39 win-adfs.lunarstiiiness.com PowerShell[0]: {"EventTime":1687528359,"Hostname":"win-adfs.lunarstiiiness.com","Keywords":36028797018963968,"EventType":"INFO","SeverityValue":2,"Severity":"INFO","EventID":600,"SourceName":"PowerShell","Version":0,"Task":6,"OpcodeValue":0,"RecordNumber":6160390,"ProcessID":0,"ThreadID":0,"Channel":"Windows PowerShell","Message":"Provider \"Function\" is Started. \r\n\r\nDetails: \r\n\tProviderName=Function\r\n\tNewProviderState=Started\r\n\r\n\tSequenceNumber=78789\r\n\r\n\tHostName=Default Host\r\n\tHostVersion=5.1.20348.1366\r\n\tHostId=4847a4cc-e46a-49b0-a6b3-59de1c6e091a\r\n\tHostApplication=C:\\Program Files\\Microsoft Azure AD Connect Health Sync Agent\\Insights\\Microsoft.Identity.AadConnect.Health.AadSync.Host.exe\r\n\tEngineVersion=\r\n\tRunspaceId=\r\n\tPipelineId=\r\n\tCommandName=\r\n\tCommandType=\r\n\tScriptName=\r\n\tCommandPath=\r\n\tCommandLine=","Category":"Provider Lifecycle","Opcode":"Info","EventReceivedTime":1687528359,"SourceModuleName":"in_powershell","SourceModuleType":"im_msvistalog"}
<14>Jun 23 13:52:39 win-adfs.lunarstiiiness.com PowerShell[0]: {"EventTime":1687528359,"Hostname":"win-adfs.lunarstiiiness.com","Keywords":36028797018963968,"EventType":"INFO","SeverityValue":2,"Severity":"INFO","EventID":600,"SourceName":"PowerShell","Version":0,"Task":6,"OpcodeValue":0,"RecordNumber":6160387,"ProcessID":0,"ThreadID":0,"Channel":"Windows PowerShell","Message":"Provider \"Alias\" is Started. \r\n\r\nDetails: \r\n\tProviderName=Alias\r\n\tNewProviderState=Started\r\n\r\n\tSequenceNumber=78783\r\n\r\n\tHostName=Default Host\r\n\tHostVersion=5.1.20348.1366\r\n\tHostId=4847a4cc-e46a-49b0-a6b3-59de1c6e091a\r\n\tHostApplication=C:\\Program Files\\Microsoft Azure AD Connect Health Sync Agent\\Insights\\Microsoft.Identity.AadConnect.Health.AadSync.Host.exe\r\n\tEngineVersion=\r\n\tRunspaceId=\r\n\tPipelineId=\r\n\tCommandName=\r\n\tCommandType=\r\n\tScriptName=\r\n\tCommandPath=\r\n\tCommandLine=","Category":"Provider Lifecycle","Opcode":"Info","EventReceivedTime":1687528359,"SourceModuleName":"in_powershell","SourceModuleType":"im_msvistalog"}
<14>Jun 23 13:52:39 win-adfs.lunarstiiiness.com PowerShell[0]: {"EventTime":1687528359,"Hostname":"win-adfs.lunarstiiiness.com","Keywords":36028797018963968,"EventType":"INFO","SeverityValue":2,"Severity":"INFO","EventID":600,"SourceName":"PowerShell","Version":0,"Task":6,"OpcodeValue":0,"RecordNumber":6160388,"ProcessID":0,"ThreadID":0,"Channel":"Windows PowerShell","Message":"Provider \"Environment\" is Started. \r\n\r\nDetails: \r\n\tProviderName=Environment\r\n\tNewProviderState=Started\r\n\r\n\tSequenceNumber=78785\r\n\r\n\tHostName=Default Host\r\n\tHostVersion=5.1.20348.1366\r\n\tHostId=4847a4cc-e46a-49b0-a6b3-59de1c6e091a\r\n\tHostApplication=C:\\Program Files\\Microsoft Azure AD Connect Health Sync Agent\\Insights\\Microsoft.Identity.AadConnect.Health.AadSync.Host.exe\r\n\tEngineVersion=\r\n\tRunspaceId=\r\n\tPipelineId=\r\n\tCommandName=\r\n\tCommandType=\r\n\tScriptName=\r\n\tCommandPath=\r\n\tCommandLine=","Category":"Provider Lifecycle","Opcode":"Info","EventReceivedTime":1687528359,"SourceModuleName":"in_powershell","SourceModuleType":"im_msvistalog"}
<14>Jun 23 13:52:39 win-adfs.lunarstiiiness.com PowerShell[0]: {"EventTime":1687528359,"Hostname":"win-adfs.lunarstiiiness.com","Keywords":36028797018963968,"EventType":"INFO","SeverityValue":2,"Severity":"INFO","EventID":400,"SourceName":"PowerShell","Version":0,"Task":4,"OpcodeValue":0,"RecordNumber":6160394,"ProcessID":0,"ThreadID":0,"Channel":"Windows PowerShell","Message":"Engine state is changed from None to Available. \r\n\r\nDetails: \r\n\tNewEngineState=Available\r\n\tPreviousEngineState=None\r\n\r\n\tSequenceNumber=78797\r\n\r\n\tHostName=Default Host\r\n\tHostVersion=5.1.20348.1366\r\n\tHostId=4847a4cc-e46a-49b0-a6b3-59de1c6e091a\r\n\tHostApplication=C:\\Program Files\\Microsoft Azure AD Connect Health Sync Agent\\Insights\\Microsoft.Identity.AadConnect.Health.AadSync.Host.exe\r\n\tEngineVersion=5.1.20348.1366\r\n\tRunspaceId=39f923dd-dfc6-4bbe-88dd-098b1a6f16fd\r\n\tPipelineId=\r\n\tCommandName=\r\n\tCommandType=\r\n\tScriptName=\r\n\tCommandPath=\r\n\tCommandLine=","Category":"Engine Lifecycle","Opcode":"Info","EventReceivedTime":1687528359,"SourceModuleName":"in_powershell","SourceModuleType":"im_msvistalog"}
<14>Jun 23 13:53:59 win-adfs.lunarstiiiness.com PowerShell[0]: {"EventTime":1687528438,"Hostname":"win-adfs.lunarstiiiness.com","Keywords":36028797018963968,"EventType":"INFO","SeverityValue":2,"Severity":"INFO","EventID":600,"SourceName":"PowerShell","Version":0,"Task":6,"OpcodeValue":0,"RecordNumber":6160403,"ProcessID":0,"ThreadID":0,"Channel":"Windows PowerShell","Message":"Provider \"WSMan\" is Started. \r\n\r\nDetails: \r\n\tProviderName=WSMan\r\n\tNewProviderState=Started\r\n\r\n\tSequenceNumber=15\r\n\r\n\tHostName=Default Host\r\n\tHostVersion=5.1.20348.1366\r\n\tHostId=95c96111-1f92-4684-a5ad-e21579150630\r\n\tHostApplication=c:\\diskutil.exe\r\n\tEngineVersion=\r\n\tRunspaceId=\r\n\tPipelineId=\r\n\tCommandName=\r\n\tCommandType=\r\n\tScriptName=\r\n\tCommandPath=\r\n\tCommandLine=","Category":"Provider Lifecycle","Opcode":"Info","EventReceivedTime":1687528439,"SourceModuleName":"in_powershell","SourceModuleType":"im_msvistalog"}
<14>Jun 23 13:53:59 win-adfs.lunarstiiiness.com PowerShell[0]: {"EventTime":1687528438,"Hostname":"win-adfs.lunarstiiiness.com","Keywords":36028797018963968,"EventType":"INFO","SeverityValue":2,"Severity":"INFO","EventID":600,"SourceName":"PowerShell","Version":0,"Task":6,"OpcodeValue":0,"RecordNumber":6160398,"ProcessID":0,"ThreadID":0,"Channel":"Windows PowerShell","Message":"Provider \"Environment\" is Started. \r\n\r\nDetails: \r\n\tProviderName=Environment\r\n\tNewProviderState=Started\r\n\r\n\tSequenceNumber=5\r\n\r\n\tHostName=Default Host\r\n\tHostVersion=5.1.20348.1366\r\n\tHostId=95c96111-1f92-4684-a5ad-e21579150630\r\n\tHostApplication=c:\\diskutil.exe\r\n\tEngineVersion=\r\n\tRunspaceId=\r\n\tPipelineId=\r\n\tCommandName=\r\n\tCommandType=\r\n\tScriptName=\r\n\tCommandPath=\r\n\tCommandLine=","Category":"Provider Lifecycle","Opcode":"Info","EventReceivedTime":1687528439,"SourceModuleName":"in_powershell","SourceModuleType":"im_msvistalog"}
<14>Jun 23 13:53:59 win-adfs.lunarstiiiness.com PowerShell[0]: {"EventTime":1687528438,"Hostname":"win-adfs.lunarstiiiness.com","Keywords":36028797018963968,"EventType":"INFO","SeverityValue":2,"Severity":"INFO","EventID":600,"SourceName":"PowerShell","Version":0,"Task":6,"OpcodeValue":0,"RecordNumber":6160397,"ProcessID":0,"ThreadID":0,"Channel":"Windows PowerShell","Message":"Provider \"Alias\" is Started. \r\n\r\nDetails: \r\n\tProviderName=Alias\r\n\tNewProviderState=Started\r\n\r\n\tSequenceNumber=3\r\n\r\n\tHostName=Default Host\r\n\tHostVersion=5.1.20348.1366\r\n\tHostId=95c96111-1f92-4684-a5ad-e21579150630\r\n\tHostApplication=c:\\diskutil.exe\r\n\tEngineVersion=\r\n\tRunspaceId=\r\n\tPipelineId=\r\n\tCommandName=\r\n\tCommandType=\r\n\tScriptName=\r\n\tCommandPath=\r\n\tCommandLine=","Category":"Provider Lifecycle","Opcode":"Info","EventReceivedTime":1687528439,"SourceModuleName":"in_powershell","SourceModuleType":"im_msvistalog"}
<14>Jun 23 13:53:59 win-adfs.lunarstiiiness.com PowerShell[0]: {"EventTime":1687528438,"Hostname":"win-adfs.lunarstiiiness.com","Keywords":36028797018963968,"EventType":"INFO","SeverityValue":2,"Severity":"INFO","EventID":600,"SourceName":"PowerShell","Version":0,"Task":6,"OpcodeValue":0,"RecordNumber":6160400,"ProcessID":0,"ThreadID":0,"Channel":"Windows PowerShell","Message":"Provider \"Function\" is Started. \r\n\r\nDetails: \r\n\tProviderName=Function\r\n\tNewProviderState=Started\r\n\r\n\tSequenceNumber=9\r\n\r\n\tHostName=Default Host\r\n\tHostVersion=5.1.20348.1366\r\n\tHostId=95c96111-1f92-4684-a5ad-e21579150630\r\n\tHostApplication=c:\\diskutil.exe\r\n\tEngineVersion=\r\n\tRunspaceId=\r\n\tPipelineId=\r\n\tCommandName=\r\n\tCommandType=\r\n\tScriptName=\r\n\tCommandPath=\r\n\tCommandLine=","Category":"Provider Lifecycle","Opcode":"Info","EventReceivedTime":1687528439,"SourceModuleName":"in_powershell","SourceModuleType":"im_msvistalog"}
<14>Jun 23 13:53:59 win-adfs.lunarstiiiness.com PowerShell[0]: {"EventTime":1687528438,"Hostname":"win-adfs.lunarstiiiness.com","Keywords":36028797018963968,"EventType":"INFO","SeverityValue":2,"Severity":"INFO","EventID":600,"SourceName":"PowerShell","Version":0,"Task":6,"OpcodeValue":0,"RecordNumber":6160396,"ProcessID":0,"ThreadID":0,"Channel":"Windows PowerShell","Message":"Provider \"Registry\" is Started. \r\n\r\nDetails: \r\n\tProviderName=Registry\r\n\tNewProviderState=Started\r\n\r\n\tSequenceNumber=1\r\n\r\n\tHostName=Default Host\r\n\tHostVersion=5.1.20348.1366\r\n\tHostId=95c96111-1f92-4684-a5ad-e21579150630\r\n\tHostApplication=c:\\diskutil.exe\r\n\tEngineVersion=\r\n\tRunspaceId=\r\n\tPipelineId=\r\n\tCommandName=\r\n\tCommandType=\r\n\tScriptName=\r\n\tCommandPath=\r\n\tCommandLine=","Category":"Provider Lifecycle","Opcode":"Info","EventReceivedTime":1687528439,"SourceModuleName":"in_powershell","SourceModuleType":"im_msvistalog"}
<14>Jun 23 13:53:59 win-adfs.lunarstiiiness.com PowerShell[0]: {"EventTime":1687528438,"Hostname":"win-adfs.lunarstiiiness.com","Keywords":36028797018963968,"EventType":"INFO","SeverityValue":2,"Severity":"INFO","EventID":600,"SourceName":"PowerShell","Version":0,"Task":6,"OpcodeValue":0,"RecordNumber":6160402,"ProcessID":0,"ThreadID":0,"Channel":"Windows PowerShell","Message":"Provider \"Certificate\" is Started. \r\n\r\nDetails: \r\n\tProviderName=Certificate\r\n\tNewProviderState=Started\r\n\r\n\tSequenceNumber=13\r\n\r\n\tHostName=Default Host\r\n\tHostVersion=5.1.20348.1366\r\n\tHostId=95c96111-1f92-4684-a5ad-e21579150630\r\n\tHostApplication=c:\\diskutil.exe\r\n\tEngineVersion=\r\n\tRunspaceId=\r\n\tPipelineId=\r\n\tCommandName=\r\n\tCommandType=\r\n\tScriptName=\r\n\tCommandPath=\r\n\tCommandLine=","Category":"Provider Lifecycle","Opcode":"Info","EventReceivedTime":1687528439,"SourceModuleName":"in_powershell","SourceModuleType":"im_msvistalog"}
<14>Jun 23 13:53:59 win-adfs.lunarstiiiness.com PowerShell[0]: {"EventTime":1687528438,"Hostname":"win-adfs.lunarstiiiness.com","Keywords":36028797018963968,"EventType":"INFO","SeverityValue":2,"Severity":"INFO","EventID":600,"SourceName":"PowerShell","Version":0,"Task":6,"OpcodeValue":0,"RecordNumber":6160401,"ProcessID":0,"ThreadID":0,"Channel":"Windows PowerShell","Message":"Provider \"Variable\" is Started. \r\n\r\nDetails: \r\n\tProviderName=Variable\r\n\tNewProviderState=Started\r\n\r\n\tSequenceNumber=11\r\n\r\n\tHostName=Default Host\r\n\tHostVersion=5.1.20348.1366\r\n\tHostId=95c96111-1f92-4684-a5ad-e21579150630\r\n\tHostApplication=c:\\diskutil.exe\r\n\tEngineVersion=\r\n\tRunspaceId=\r\n\tPipelineId=\r\n\tCommandName=\r\n\tCommandType=\r\n\tScriptName=\r\n\tCommandPath=\r\n\tCommandLine=","Category":"Provider Lifecycle","Opcode":"Info","EventReceivedTime":1687528439,"SourceModuleName":"in_powershell","SourceModuleType":"im_msvistalog"}
<14>Jun 23 13:53:59 win-adfs.lunarstiiiness.com PowerShell[0]: {"EventTime":1687528438,"Hostname":"win-adfs.lunarstiiiness.com","Keywords":36028797018963968,"EventType":"INFO","SeverityValue":2,"Severity":"INFO","EventID":600,"SourceName":"PowerShell","Version":0,"Task":6,"OpcodeValue":0,"RecordNumber":6160399,"ProcessID":0,"ThreadID":0,"Channel":"Windows PowerShell","Message":"Provider \"FileSystem\" is Started. \r\n\r\nDetails: \r\n\tProviderName=FileSystem\r\n\tNewProviderState=Started\r\n\r\n\tSequenceNumber=7\r\n\r\n\tHostName=Default Host\r\n\tHostVersion=5.1.20348.1366\r\n\tHostId=95c96111-1f92-4684-a5ad-e21579150630\r\n\tHostApplication=c:\\diskutil.exe\r\n\tEngineVersion=\r\n\tRunspaceId=\r\n\tPipelineId=\r\n\tCommandName=\r\n\tCommandType=\r\n\tScriptName=\r\n\tCommandPath=\r\n\tCommandLine=","Category":"Provider Lifecycle","Opcode":"Info","EventReceivedTime":1687528439,"SourceModuleName":"in_powershell","SourceModuleType":"im_msvistalog"}
<14>Jun 23 13:53:59 win-adfs.lunarstiiiness.com PowerShell[0]: {"EventTime":1687528438,"Hostname":"win-adfs.lunarstiiiness.com","Keywords":36028797018963968,"EventType":"INFO","SeverityValue":2,"Severity":"INFO","EventID":400,"SourceName":"PowerShell","Version":0,"Task":4,"OpcodeValue":0,"RecordNumber":6160404,"ProcessID":0,"ThreadID":0,"Channel":"Windows PowerShell","Message":"Engine state is changed from None to Available. \r\n\r\nDetails: \r\n\tNewEngineState=Available\r\n\tPreviousEngineState=None\r\n\r\n\tSequenceNumber=17\r\n\r\n\tHostName=Default Host\r\n\tHostVersion=5.1.20348.1366\r\n\tHostId=95c96111-1f92-4684-a5ad-e21579150630\r\n\tHostApplication=c:\\diskutil.exe\r\n\tEngineVersion=5.1.20348.1366\r\n\tRunspaceId=39ce989e-dda5-4286-ac02-144af1c98d5c\r\n\tPipelineId=\r\n\tCommandName=\r\n\tCommandType=\r\n\tScriptName=\r\n\tCommandPath=\r\n\tCommandLine=","Category":"Engine Lifecycle","Opcode":"Info","EventReceivedTime":1687528439,"SourceModuleName":"in_powershell","SourceModuleType":"im_msvistalog"}
<14>Jun 23 13:53:59 win-adfs.lunarstiiiness.com PowerShell[0]: {"EventTime":1687528439,"Hostname":"win-adfs.lunarstiiiness.com","Keywords":36028797018963968,"EventType":"INFO","SeverityValue":2,"Severity":"INFO","EventID":403,"SourceName":"PowerShell","Version":0,"Task":4,"OpcodeValue":0,"RecordNumber":6160405,"ProcessID":0,"ThreadID":0,"Channel":"Windows PowerShell","Message":"Engine state is changed from Available to Stopped. \r\n\r\nDetails: \r\n\tNewEngineState=Stopped\r\n\tPreviousEngineState=Available\r\n\r\n\tSequenceNumber=19\r\n\r\n\tHostName=Default Host\r\n\tHostVersion=5.1.20348.1366\r\n\tHostId=95c96111-1f92-4684-a5ad-e21579150630\r\n\tHostApplication=c:\\diskutil.exe\r\n\tEngineVersion=5.1.20348.1366\r\n\tRunspaceId=39ce989e-dda5-4286-ac02-144af1c98d5c\r\n\tPipelineId=\r\n\tCommandName=\r\n\tCommandType=\r\n\tScriptName=\r\n\tCommandPath=\r\n\tCommandLine=","Category":"Engine Lifecycle","Opcode":"Info","EventReceivedTime":1687528439,"SourceModuleName":"in_powershell","SourceModuleType":"im_msvistalog"}
<14>Jun 23 13:54:05 win-adfs.lunarstiiiness.com PowerShell[0]: {"EventTime":1687528444,"Hostname":"win-adfs.lunarstiiiness.com","Keywords":36028797018963968,"EventType":"INFO","SeverityValue":2,"Severity":"INFO","EventID":600,"SourceName":"PowerShell","Version":0,"Task":6,"OpcodeValue":0,"RecordNumber":6160409,"ProcessID":0,"ThreadID":0,"Channel":"Windows PowerShell","Message":"Provider \"FileSystem\" is Started. \r\n\r\nDetails: \r\n\tProviderName=FileSystem\r\n\tNewProviderState=Started\r\n\r\n\tSequenceNumber=27\r\n\r\n\tHostName=Default Host\r\n\tHostVersion=5.1.20348.1366\r\n\tHostId=af291561-5d70-4de4-86eb-3827d8870cf9\r\n\tHostApplication=c:\\diskutil.exe\r\n\tEngineVersion=\r\n\tRunspaceId=\r\n\tPipelineId=\r\n\tCommandName=\r\n\tCommandType=\r\n\tScriptName=\r\n\tCommandPath=\r\n\tCommandLine=","Category":"Provider Lifecycle","Opcode":"Info","EventReceivedTime":1687528445,"SourceModuleName":"in_powershell","SourceModuleType":"im_msvistalog"}
<14>Jun 23 13:54:05 win-adfs.lunarstiiiness.com PowerShell[0]: {"EventTime":1687528444,"Hostname":"win-adfs.lunarstiiiness.com","Keywords":36028797018963968,"EventType":"INFO","SeverityValue":2,"Severity":"INFO","EventID":600,"SourceName":"PowerShell","Version":0,"Task":6,"OpcodeValue":0,"RecordNumber":6160406,"ProcessID":0,"ThreadID":0,"Channel":"Windows PowerShell","Message":"Provider \"Registry\" is Started. \r\n\r\nDetails: \r\n\tProviderName=Registry\r\n\tNewProviderState=Started\r\n\r\n\tSequenceNumber=21\r\n\r\n\tHostName=Default Host\r\n\tHostVersion=5.1.20348.1366\r\n\tHostId=af291561-5d70-4de4-86eb-3827d8870cf9\r\n\tHostApplication=c:\\diskutil.exe\r\n\tEngineVersion=\r\n\tRunspaceId=\r\n\tPipelineId=\r\n\tCommandName=\r\n\tCommandType=\r\n\tScriptName=\r\n\tCommandPath=\r\n\tCommandLine=","Category":"Provider Lifecycle","Opcode":"Info","EventReceivedTime":1687528445,"SourceModuleName":"in_powershell","SourceModuleType":"im_msvistalog"}
<14>Jun 23 13:54:05 win-adfs.lunarstiiiness.com PowerShell[0]: {"EventTime":1687528444,"Hostname":"win-adfs.lunarstiiiness.com","Keywords":36028797018963968,"EventType":"INFO","SeverityValue":2,"Severity":"INFO","EventID":600,"SourceName":"PowerShell","Version":0,"Task":6,"OpcodeValue":0,"RecordNumber":6160411,"ProcessID":0,"ThreadID":0,"Channel":"Windows PowerShell","Message":"Provider \"Variable\" is Started. \r\n\r\nDetails: \r\n\tProviderName=Variable\r\n\tNewProviderState=Started\r\n\r\n\tSequenceNumber=31\r\n\r\n\tHostName=Default Host\r\n\tHostVersion=5.1.20348.1366\r\n\tHostId=af291561-5d70-4de4-86eb-3827d8870cf9\r\n\tHostApplication=c:\\diskutil.exe\r\n\tEngineVersion=\r\n\tRunspaceId=\r\n\tPipelineId=\r\n\tCommandName=\r\n\tCommandType=\r\n\tScriptName=\r\n\tCommandPath=\r\n\tCommandLine=","Category":"Provider Lifecycle","Opcode":"Info","EventReceivedTime":1687528445,"SourceModuleName":"in_powershell","SourceModuleType":"im_msvistalog"}
<14>Jun 23 13:54:05 win-adfs.lunarstiiiness.com PowerShell[0]: {"EventTime":1687528444,"Hostname":"win-adfs.lunarstiiiness.com","Keywords":36028797018963968,"EventType":"INFO","SeverityValue":2,"Severity":"INFO","EventID":600,"SourceName":"PowerShell","Version":0,"Task":6,"OpcodeValue":0,"RecordNumber":6160412,"ProcessID":0,"ThreadID":0,"Channel":"Windows PowerShell","Message":"Provider \"Certificate\" is Started. \r\n\r\nDetails: \r\n\tProviderName=Certificate\r\n\tNewProviderState=Started\r\n\r\n\tSequenceNumber=33\r\n\r\n\tHostName=Default Host\r\n\tHostVersion=5.1.20348.1366\r\n\tHostId=af291561-5d70-4de4-86eb-3827d8870cf9\r\n\tHostApplication=c:\\diskutil.exe\r\n\tEngineVersion=\r\n\tRunspaceId=\r\n\tPipelineId=\r\n\tCommandName=\r\n\tCommandType=\r\n\tScriptName=\r\n\tCommandPath=\r\n\tCommandLine=","Category":"Provider Lifecycle","Opcode":"Info","EventReceivedTime":1687528445,"SourceModuleName":"in_powershell","SourceModuleType":"im_msvistalog"}
<14>Jun 23 13:54:05 win-adfs.lunarstiiiness.com PowerShell[0]: {"EventTime":1687528444,"Hostname":"win-adfs.lunarstiiiness.com","Keywords":36028797018963968,"EventType":"INFO","SeverityValue":2,"Severity":"INFO","EventID":600,"SourceName":"PowerShell","Version":0,"Task":6,"OpcodeValue":0,"RecordNumber":6160413,"ProcessID":0,"ThreadID":0,"Channel":"Windows PowerShell","Message":"Provider \"WSMan\" is Started. \r\n\r\nDetails: \r\n\tProviderName=WSMan\r\n\tNewProviderState=Started\r\n\r\n\tSequenceNumber=35\r\n\r\n\tHostName=Default Host\r\n\tHostVersion=5.1.20348.1366\r\n\tHostId=af291561-5d70-4de4-86eb-3827d8870cf9\r\n\tHostApplication=c:\\diskutil.exe\r\n\tEngineVersion=\r\n\tRunspaceId=\r\n\tPipelineId=\r\n\tCommandName=\r\n\tCommandType=\r\n\tScriptName=\r\n\tCommandPath=\r\n\tCommandLine=","Category":"Provider Lifecycle","Opcode":"Info","EventReceivedTime":1687528445,"SourceModuleName":"in_powershell","SourceModuleType":"im_msvistalog"}
<14>Jun 23 13:54:05 win-adfs.lunarstiiiness.com PowerShell[0]: {"EventTime":1687528444,"Hostname":"win-adfs.lunarstiiiness.com","Keywords":36028797018963968,"EventType":"INFO","SeverityValue":2,"Severity":"INFO","EventID":600,"SourceName":"PowerShell","Version":0,"Task":6,"OpcodeValue":0,"RecordNumber":6160410,"ProcessID":0,"ThreadID":0,"Channel":"Windows PowerShell","Message":"Provider \"Function\" is Started. \r\n\r\nDetails: \r\n\tProviderName=Function\r\n\tNewProviderState=Started\r\n\r\n\tSequenceNumber=29\r\n\r\n\tHostName=Default Host\r\n\tHostVersion=5.1.20348.1366\r\n\tHostId=af291561-5d70-4de4-86eb-3827d8870cf9\r\n\tHostApplication=c:\\diskutil.exe\r\n\tEngineVersion=\r\n\tRunspaceId=\r\n\tPipelineId=\r\n\tCommandName=\r\n\tCommandType=\r\n\tScriptName=\r\n\tCommandPath=\r\n\tCommandLine=","Category":"Provider Lifecycle","Opcode":"Info","EventReceivedTime":1687528445,"SourceModuleName":"in_powershell","SourceModuleType":"im_msvistalog"}
<14>Jun 23 13:54:05 win-adfs.lunarstiiiness.com PowerShell[0]: {"EventTime":1687528444,"Hostname":"win-adfs.lunarstiiiness.com","Keywords":36028797018963968,"EventType":"INFO","SeverityValue":2,"Severity":"INFO","EventID":600,"SourceName":"PowerShell","Version":0,"Task":6,"OpcodeValue":0,"RecordNumber":6160407,"ProcessID":0,"ThreadID":0,"Channel":"Windows PowerShell","Message":"Provider \"Alias\" is Started. \r\n\r\nDetails: \r\n\tProviderName=Alias\r\n\tNewProviderState=Started\r\n\r\n\tSequenceNumber=23\r\n\r\n\tHostName=Default Host\r\n\tHostVersion=5.1.20348.1366\r\n\tHostId=af291561-5d70-4de4-86eb-3827d8870cf9\r\n\tHostApplication=c:\\diskutil.exe\r\n\tEngineVersion=\r\n\tRunspaceId=\r\n\tPipelineId=\r\n\tCommandName=\r\n\tCommandType=\r\n\tScriptName=\r\n\tCommandPath=\r\n\tCommandLine=","Category":"Provider Lifecycle","Opcode":"Info","EventReceivedTime":1687528445,"SourceModuleName":"in_powershell","SourceModuleType":"im_msvistalog"}
<14>Jun 23 13:54:05 win-adfs.lunarstiiiness.com PowerShell[0]: {"EventTime":1687528444,"Hostname":"win-adfs.lunarstiiiness.com","Keywords":36028797018963968,"EventType":"INFO","SeverityValue":2,"Severity":"INFO","EventID":600,"SourceName":"PowerShell","Version":0,"Task":6,"OpcodeValue":0,"RecordNumber":6160408,"ProcessID":0,"ThreadID":0,"Channel":"Windows PowerShell","Message":"Provider \"Environment\" is Started. \r\n\r\nDetails: \r\n\tProviderName=Environment\r\n\tNewProviderState=Started\r\n\r\n\tSequenceNumber=25\r\n\r\n\tHostName=Default Host\r\n\tHostVersion=5.1.20348.1366\r\n\tHostId=af291561-5d70-4de4-86eb-3827d8870cf9\r\n\tHostApplication=c:\\diskutil.exe\r\n\tEngineVersion=\r\n\tRunspaceId=\r\n\tPipelineId=\r\n\tCommandName=\r\n\tCommandType=\r\n\tScriptName=\r\n\tCommandPath=\r\n\tCommandLine=","Category":"Provider Lifecycle","Opcode":"Info","EventReceivedTime":1687528445,"SourceModuleName":"in_powershell","SourceModuleType":"im_msvistalog"}
<14>Jun 23 13:54:05 win-adfs.lunarstiiiness.com PowerShell[0]: {"EventTime":1687528444,"Hostname":"win-adfs.lunarstiiiness.com","Keywords":36028797018963968,"EventType":"INFO","SeverityValue":2,"Severity":"INFO","EventID":400,"SourceName":"PowerShell","Version":0,"Task":4,"OpcodeValue":0,"RecordNumber":6160414,"ProcessID":0,"ThreadID":0,"Channel":"Windows PowerShell","Message":"Engine state is changed from None to Available. \r\n\r\nDetails: \r\n\tNewEngineState=Available\r\n\tPreviousEngineState=None\r\n\r\n\tSequenceNumber=37\r\n\r\n\tHostName=Default Host\r\n\tHostVersion=5.1.20348.1366\r\n\tHostId=af291561-5d70-4de4-86eb-3827d8870cf9\r\n\tHostApplication=c:\\diskutil.exe\r\n\tEngineVersion=5.1.20348.1366\r\n\tRunspaceId=d31777d8-fe9f-430c-a3a9-6c8ee45717c9\r\n\tPipelineId=\r\n\tCommandName=\r\n\tCommandType=\r\n\tScriptName=\r\n\tCommandPath=\r\n\tCommandLine=","Category":"Engine Lifecycle","Opcode":"Info","EventReceivedTime":1687528445,"SourceModuleName":"in_powershell","SourceModuleType":"im_msvistalog"}
<14>Jun 23 13:54:11 win-adfs.lunarstiiiness.com Microsoft-Windows-PowerShell[5784]: {"EventTime":1687528450,"Hostname":"win-adfs.lunarstiiiness.com","Keywords":0,"EventType":"INFO","SeverityValue":2,"Severity":"INFO","EventID":53507,"SourceName":"Microsoft-Windows-PowerShell","ProviderGuid":"{A0C1853B-5C40-4B15-8766-3CF1C58F985A}","Version":1,"Task":111,"OpcodeValue":12,"RecordNumber":1319844,"ActivityID":"{8F8F53C1-AEDC-0000-1799-D4AC6E9ED901}","ProcessID":5784,"ThreadID":3384,"Channel":"Microsoft-Windows-PowerShell/Operational","Domain":"NT AUTHORITY","AccountName":"SYSTEM","UserID":"S-1-5-18","AccountType":"User","Message":"Windows PowerShell IPC connect on process: 5784 in AppDomain: DefaultAppDomain for User: NT AUTHORITY\\SYSTEM.","Category":"PowerShell Named Pipe IPC","Opcode":"connect","param1":"5784","param2":"DefaultAppDomain","param3":"NT AUTHORITY\\SYSTEM","EventReceivedTime":1687528451,"SourceModuleName":"in_powershell","SourceModuleType":"im_msvistalog"}
<14>Jun 23 13:54:11 win-adfs.lunarstiiiness.com Microsoft-Windows-PowerShell[6856]: {"EventTime":1687528450,"Hostname":"win-adfs.lunarstiiiness.com","Keywords":0,"EventType":"INFO","SeverityValue":2,"Severity":"INFO","EventID":53507,"SourceName":"Microsoft-Windows-PowerShell","ProviderGuid":"{A0C1853B-5C40-4B15-8766-3CF1C58F985A}","Version":1,"Task":111,"OpcodeValue":12,"RecordNumber":1319867,"ActivityID":"{D336E3E0-BD4B-4ECF-BCDF-3F1A71B0C5EC}","ProcessID":6856,"ThreadID":3920,"Channel":"Microsoft-Windows-PowerShell/Operational","Domain":"LUNARSTIIINESS","AccountName":"tim.smith_admin","UserID":"S-1-5-21-3263964631-4121654051-1417071188-1116","AccountType":"User","Message":"Windows PowerShell IPC connect on process: 6856 in AppDomain: DefaultAppDomain for User: LUNARSTIIINESS\\tim.smith_admin.","Category":"PowerShell Named Pipe IPC","Opcode":"connect","param1":"6856","param2":"DefaultAppDomain","param3":"LUNARSTIIINESS\\tim.smith_admin","EventReceivedTime":1687528451,"SourceModuleName":"in_powershell","SourceModuleType":"im_msvistalog"}
<14>Jun 23 13:54:11 win-adfs.lunarstiiiness.com Microsoft-Windows-PowerShell[5784]: {"EventTime":1687528450,"Hostname":"win-adfs.lunarstiiiness.com","Keywords":0,"EventType":"INFO","SeverityValue":2,"Severity":"INFO","EventID":53507,"SourceName":"Microsoft-Windows-PowerShell","ProviderGuid":"{A0C1853B-5C40-4B15-8766-3CF1C58F985A}","Version":1,"Task":111,"OpcodeValue":12,"RecordNumber":1319863,"ActivityID":"{8F8F53C1-AEDC-0000-1799-D4AC6E9ED901}","ProcessID":5784,"ThreadID":8080,"Channel":"Microsoft-Windows-PowerShell/Operational","Domain":"NT AUTHORITY","AccountName":"SYSTEM","UserID":"S-1-5-18","AccountType":"User","Message":"Windows PowerShell IPC connect on process: 5784 in AppDomain: DefaultAppDomain for User: NT AUTHORITY\\SYSTEM.","Category":"PowerShell Named Pipe IPC","Opcode":"connect","param1":"5784","param2":"DefaultAppDomain","param3":"NT AUTHORITY\\SYSTEM","EventReceivedTime":1687528451,"SourceModuleName":"in_powershell","SourceModuleType":"im_msvistalog"}
<14>Jun 23 13:54:11 win-adfs.lunarstiiiness.com Microsoft-Windows-PowerShell[4764]: {"EventTime":1687528450,"Hostname":"win-adfs.lunarstiiiness.com","Keywords":0,"EventType":"INFO","SeverityValue":2,"Severity":"INFO","EventID":53507,"SourceName":"Microsoft-Windows-PowerShell","ProviderGuid":"{A0C1853B-5C40-4B15-8766-3CF1C58F985A}","Version":1,"Task":111,"OpcodeValue":12,"RecordNumber":1319858,"ProcessID":4764,"ThreadID":8552,"Channel":"Microsoft-Windows-PowerShell/Operational","Domain":"LUNARSTIIINESS","AccountName":"ADSyncMSAfb0e5$","UserID":"S-1-5-21-3263964631-4121654051-1417071188-1115","AccountType":"User","Message":"Windows PowerShell IPC connect on process: 4764 in AppDomain: DefaultAppDomain for User: LUNARSTIIINESS\\ADSyncMSAfb0e5$.","Category":"PowerShell Named Pipe IPC","Opcode":"connect","param1":"4764","param2":"DefaultAppDomain","param3":"LUNARSTIIINESS\\ADSyncMSAfb0e5$","EventReceivedTime":1687528451,"SourceModuleName":"in_powershell","SourceModuleType":"im_msvistalog"}
<14>Jun 23 13:54:11 win-adfs.lunarstiiiness.com Microsoft-Windows-PowerShell[4764]: {"EventTime":1687528450,"Hostname":"win-adfs.lunarstiiiness.com","Keywords":0,"EventType":"INFO","SeverityValue":2,"Severity":"INFO","EventID":53507,"SourceName":"Microsoft-Windows-PowerShell","ProviderGuid":"{A0C1853B-5C40-4B15-8766-3CF1C58F985A}","Version":1,"Task":111,"OpcodeValue":12,"RecordNumber":1319843,"ProcessID":4764,"ThreadID":5560,"Channel":"Microsoft-Windows-PowerShell/Operational","Domain":"LUNARSTIIINESS","AccountName":"ADSyncMSAfb0e5$","UserID":"S-1-5-21-3263964631-4121654051-1417071188-1115","AccountType":"User","Message":"Windows PowerShell IPC connect on process: 4764 in AppDomain: DefaultAppDomain for User: LUNARSTIIINESS\\ADSyncMSAfb0e5$.","Category":"PowerShell Named Pipe IPC","Opcode":"connect","param1":"4764","param2":"DefaultAppDomain","param3":"LUNARSTIIINESS\\ADSyncMSAfb0e5$","EventReceivedTime":1687528451,"SourceModuleName":"in_powershell","SourceModuleType":"im_msvistalog"}
<14>Jun 23 13:54:11 win-adfs.lunarstiiiness.com Microsoft-Windows-PowerShell[6856]: {"EventTime":1687528450,"Hostname":"win-adfs.lunarstiiiness.com","Keywords":0,"EventType":"INFO","SeverityValue":2,"Severity":"INFO","EventID":53507,"SourceName":"Microsoft-Windows-PowerShell","ProviderGuid":"{A0C1853B-5C40-4B15-8766-3CF1C58F985A}","Version":1,"Task":111,"OpcodeValue":12,"RecordNumber":1319845,"ActivityID":"{D336E3E0-BD4B-4ECF-BCDF-3F1A71B0C5EC}","ProcessID":6856,"ThreadID":7328,"Channel":"Microsoft-Windows-PowerShell/Operational","Domain":"LUNARSTIIINESS","AccountName":"tim.smith_admin","UserID":"S-1-5-21-3263964631-4121654051-1417071188-1116","AccountType":"User","Message":"Windows PowerShell IPC connect on process: 6856 in AppDomain: DefaultAppDomain for User: LUNARSTIIINESS\\tim.smith_admin.","Category":"PowerShell Named Pipe IPC","Opcode":"connect","param1":"6856","param2":"DefaultAppDomain","param3":"LUNARSTIIINESS\\tim.smith_admin","EventReceivedTime":1687528451,"SourceModuleName":"in_powershell","SourceModuleType":"im_msvistalog"}
<11>Jun 23 13:54:11 win-adfs.lunarstiiiness.com Microsoft-Windows-PowerShell[6856]: {"EventTime":1687528450,"Hostname":"win-adfs.lunarstiiiness.com","Keywords":0,"EventType":"ERROR","SeverityValue":4,"Severity":"ERROR","EventID":32784,"SourceName":"Microsoft-Windows-PowerShell","ProviderGuid":"{A0C1853B-5C40-4B15-8766-3CF1C58F985A}","Version":1,"Task":0,"OpcodeValue":10,"RecordNumber":1319868,"ActivityID":"{D336E3E0-BD4B-4ECF-BCDF-3F1A71B0C5EC}","ProcessID":6856,"ThreadID":3920,"Channel":"Microsoft-Windows-PowerShell/Operational","Domain":"LUNARSTIIINESS","AccountName":"tim.smith_admin","UserID":"S-1-5-21-3263964631-4121654051-1417071188-1116","AccountType":"User","Message":"Runspace Id: 00000000-0000-0000-0000-000000000000 Pipeline Id: 00000000-0000-0000-0000-000000000000. WSMan reported an error with error code: (c)(c)(c). \r\n Error message: An unknown element \"\" was received. This can happen if the remote process closed or ended abnormally. \r\n StackTrace:    at System.Management.Automation.Remoting.Server.OutOfProcessMediatorBase.Start(String initialCommand, String configurationName)","Opcode":"Open (async)","SessionId":"00000000-0000-0000-0000-000000000000","PipelineId":"00000000-0000-0000-0000-000000000000","ErrorCode":"(c)(c)(c)","ErrorMessage":"An unknown element \"\" was received. This can happen if the remote process closed or ended abnormally.","StackTrace":"   at System.Management.Automation.Remoting.Server.OutOfProcessMediatorBase.Start(String initialCommand, String configurationName)","EventReceivedTime":1687528451,"SourceModuleName":"in_powershell","SourceModuleType":"im_msvistalog"}
<11>Jun 23 13:54:11 win-adfs.lunarstiiiness.com Microsoft-Windows-PowerShell[5784]: {"EventTime":1687528450,"Hostname":"win-adfs.lunarstiiiness.com","Keywords":0,"EventType":"ERROR","SeverityValue":4,"Severity":"ERROR","EventID":32784,"SourceName":"Microsoft-Windows-PowerShell","ProviderGuid":"{A0C1853B-5C40-4B15-8766-3CF1C58F985A}","Version":1,"Task":0,"OpcodeValue":10,"RecordNumber":1319849,"ActivityID":"{8F8F53C1-AEDC-0000-1799-D4AC6E9ED901}","ProcessID":5784,"ThreadID":3384,"Channel":"Microsoft-Windows-PowerShell/Operational","Domain":"NT AUTHORITY","AccountName":"SYSTEM","UserID":"S-1-5-18","AccountType":"User","Message":"Runspace Id: 00000000-0000-0000-0000-000000000000 Pipeline Id: 00000000-0000-0000-0000-000000000000. WSMan reported an error with error code: (c)(c)(c). \r\n Error message: An unknown element \"\" was received. This can happen if the remote process closed or ended abnormally. \r\n StackTrace:    at System.Management.Automation.Remoting.Server.OutOfProcessMediatorBase.Start(String initialCommand, String configurationName)","Opcode":"Open (async)","SessionId":"00000000-0000-0000-0000-000000000000","PipelineId":"00000000-0000-0000-0000-000000000000","ErrorCode":"(c)(c)(c)","ErrorMessage":"An unknown element \"\" was received. This can happen if the remote process closed or ended abnormally.","StackTrace":"   at System.Management.Automation.Remoting.Server.OutOfProcessMediatorBase.Start(String initialCommand, String configurationName)","EventReceivedTime":1687528451,"SourceModuleName":"in_powershell","SourceModuleType":"im_msvistalog"}
<11>Jun 23 13:54:11 win-adfs.lunarstiiiness.com Microsoft-Windows-PowerShell[6856]: {"EventTime":1687528450,"Hostname":"win-adfs.lunarstiiiness.com","Keywords":0,"EventType":"ERROR","SeverityValue":4,"Severity":"ERROR","EventID":32784,"SourceName":"Microsoft-Windows-PowerShell","ProviderGuid":"{A0C1853B-5C40-4B15-8766-3CF1C58F985A}","Version":1,"Task":0,"OpcodeValue":10,"RecordNumber":1319846,"ActivityID":"{D336E3E0-BD4B-4ECF-BCDF-3F1A71B0C5EC}","ProcessID":6856,"ThreadID":7328,"Channel":"Microsoft-Windows-PowerShell/Operational","Domain":"LUNARSTIIINESS","AccountName":"tim.smith_admin","UserID":"S-1-5-21-3263964631-4121654051-1417071188-1116","AccountType":"User","Message":"Runspace Id: 00000000-0000-0000-0000-000000000000 Pipeline Id: 00000000-0000-0000-0000-000000000000. WSMan reported an error with error code: (c)(c)(c). \r\n Error message: An unknown element \"\" was received. This can happen if the remote process closed or ended abnormally. \r\n StackTrace:    at System.Management.Automation.Remoting.Server.OutOfProcessMediatorBase.Start(String initialCommand, String configurationName)","Opcode":"Open (async)","SessionId":"00000000-0000-0000-0000-000000000000","PipelineId":"00000000-0000-0000-0000-000000000000","ErrorCode":"(c)(c)(c)","ErrorMessage":"An unknown element \"\" was received. This can happen if the remote process closed or ended abnormally.","StackTrace":"   at System.Management.Automation.Remoting.Server.OutOfProcessMediatorBase.Start(String initialCommand, String configurationName)","EventReceivedTime":1687528451,"SourceModuleName":"in_powershell","SourceModuleType":"im_msvistalog"}
<11>Jun 23 13:54:11 win-adfs.lunarstiiiness.com Microsoft-Windows-PowerShell[4764]: {"EventTime":1687528450,"Hostname":"win-adfs.lunarstiiiness.com","Keywords":0,"EventType":"ERROR","SeverityValue":4,"Severity":"ERROR","EventID":32784,"SourceName":"Microsoft-Windows-PowerShell","ProviderGuid":"{A0C1853B-5C40-4B15-8766-3CF1C58F985A}","Version":1,"Task":0,"OpcodeValue":10,"RecordNumber":1319859,"ProcessID":4764,"ThreadID":8552,"Channel":"Microsoft-Windows-PowerShell/Operational","Domain":"LUNARSTIIINESS","AccountName":"ADSyncMSAfb0e5$","UserID":"S-1-5-21-3263964631-4121654051-1417071188-1115","AccountType":"User","Message":"Runspace Id: 00000000-0000-0000-0000-000000000000 Pipeline Id: 00000000-0000-0000-0000-000000000000. WSMan reported an error with error code: (c)(c)(c). \r\n Error message: An unknown element \"\" was received. This can happen if the remote process closed or ended abnormally. \r\n StackTrace:    at System.Management.Automation.Remoting.Server.OutOfProcessMediatorBase.Start(String initialCommand, String configurationName)","Opcode":"Open (async)","SessionId":"00000000-0000-0000-0000-000000000000","PipelineId":"00000000-0000-0000-0000-000000000000","ErrorCode":"(c)(c)(c)","ErrorMessage":"An unknown element \"\" was received. This can happen if the remote process closed or ended abnormally.","StackTrace":"   at System.Management.Automation.Remoting.Server.OutOfProcessMediatorBase.Start(String initialCommand, String configurationName)","EventReceivedTime":1687528451,"SourceModuleName":"in_powershell","SourceModuleType":"im_msvistalog"}
<11>Jun 23 13:54:11 win-adfs.lunarstiiiness.com Microsoft-Windows-PowerShell[4764]: {"EventTime":1687528450,"Hostname":"win-adfs.lunarstiiiness.com","Keywords":0,"EventType":"ERROR","SeverityValue":4,"Severity":"ERROR","EventID":32784,"SourceName":"Microsoft-Windows-PowerShell","ProviderGuid":"{A0C1853B-5C40-4B15-8766-3CF1C58F985A}","Version":1,"Task":0,"OpcodeValue":10,"RecordNumber":1319854,"ProcessID":4764,"ThreadID":5560,"Channel":"Microsoft-Windows-PowerShell/Operational","Domain":"LUNARSTIIINESS","AccountName":"ADSyncMSAfb0e5$","UserID":"S-1-5-21-3263964631-4121654051-1417071188-1115","AccountType":"User","Message":"Runspace Id: 00000000-0000-0000-0000-000000000000 Pipeline Id: 00000000-0000-0000-0000-000000000000. WSMan reported an error with error code: (c)(c)(c). \r\n Error message: An unknown element \"\" was received. This can happen if the remote process closed or ended abnormally. \r\n StackTrace:    at System.Management.Automation.Remoting.Server.OutOfProcessMediatorBase.Start(String initialCommand, String configurationName)","Opcode":"Open (async)","SessionId":"00000000-0000-0000-0000-000000000000","PipelineId":"00000000-0000-0000-0000-000000000000","ErrorCode":"(c)(c)(c)","ErrorMessage":"An unknown element \"\" was received. This can happen if the remote process closed or ended abnormally.","StackTrace":"   at System.Management.Automation.Remoting.Server.OutOfProcessMediatorBase.Start(String initialCommand, String configurationName)","EventReceivedTime":1687528451,"SourceModuleName":"in_powershell","SourceModuleType":"im_msvistalog"}
<11>Jun 23 13:54:11 win-adfs.lunarstiiiness.com Microsoft-Windows-PowerShell[5784]: {"EventTime":1687528450,"Hostname":"win-adfs.lunarstiiiness.com","Keywords":0,"EventType":"ERROR","SeverityValue":4,"Severity":"ERROR","EventID":32784,"SourceName":"Microsoft-Windows-PowerShell","ProviderGuid":"{A0C1853B-5C40-4B15-8766-3CF1C58F985A}","Version":1,"Task":0,"OpcodeValue":10,"RecordNumber":1319864,"ActivityID":"{8F8F53C1-AEDC-0000-1799-D4AC6E9ED901}","ProcessID":5784,"ThreadID":8080,"Channel":"Microsoft-Windows-PowerShell/Operational","Domain":"NT AUTHORITY","AccountName":"SYSTEM","UserID":"S-1-5-18","AccountType":"User","Message":"Runspace Id: 00000000-0000-0000-0000-000000000000 Pipeline Id: 00000000-0000-0000-0000-000000000000. WSMan reported an error with error code: (c)(c)(c). \r\n Error message: An unknown element \"\" was received. This can happen if the remote process closed or ended abnormally. \r\n StackTrace:    at System.Management.Automation.Remoting.Server.OutOfProcessMediatorBase.Start(String initialCommand, String configurationName)","Opcode":"Open (async)","SessionId":"00000000-0000-0000-0000-000000000000","PipelineId":"00000000-0000-0000-0000-000000000000","ErrorCode":"(c)(c)(c)","ErrorMessage":"An unknown element \"\" was received. This can happen if the remote process closed or ended abnormally.","StackTrace":"   at System.Management.Automation.Remoting.Server.OutOfProcessMediatorBase.Start(String initialCommand, String configurationName)","EventReceivedTime":1687528451,"SourceModuleName":"in_powershell","SourceModuleType":"im_msvistalog"}
<14>Jun 23 13:54:11 win-adfs.lunarstiiiness.com Microsoft-Windows-PowerShell[5784]: {"EventTime":1687528450,"Hostname":"win-adfs.lunarstiiiness.com","Keywords":0,"EventType":"INFO","SeverityValue":2,"Severity":"INFO","EventID":53508,"SourceName":"Microsoft-Windows-PowerShell","ProviderGuid":"{A0C1853B-5C40-4B15-8766-3CF1C58F985A}","Version":1,"Task":111,"OpcodeValue":11,"RecordNumber":1319865,"ActivityID":"{8F8F53C1-AEDC-0000-1799-D4AC6E9ED901}","ProcessID":5784,"ThreadID":8080,"Channel":"Microsoft-Windows-PowerShell/Operational","Domain":"NT AUTHORITY","AccountName":"SYSTEM","UserID":"S-1-5-18","AccountType":"User","Message":"Windows PowerShell IPC disconnect on process: 5784 in AppDomain: DefaultAppDomain for User: NT AUTHORITY\\SYSTEM.","Category":"PowerShell Named Pipe IPC","Opcode":"Close (Async)","param1":"5784","param2":"DefaultAppDomain","param3":"NT AUTHORITY\\SYSTEM","EventReceivedTime":1687528451,"SourceModuleName":"in_powershell","SourceModuleType":"im_msvistalog"}
<14>Jun 23 13:54:11 win-adfs.lunarstiiiness.com Microsoft-Windows-PowerShell[5784]: {"EventTime":1687528450,"Hostname":"win-adfs.lunarstiiiness.com","Keywords":0,"EventType":"INFO","SeverityValue":2,"Severity":"INFO","EventID":53508,"SourceName":"Microsoft-Windows-PowerShell","ProviderGuid":"{A0C1853B-5C40-4B15-8766-3CF1C58F985A}","Version":1,"Task":111,"OpcodeValue":11,"RecordNumber":1319850,"ActivityID":"{8F8F53C1-AEDC-0000-1799-D4AC6E9ED901}","ProcessID":5784,"ThreadID":3384,"Channel":"Microsoft-Windows-PowerShell/Operational","Domain":"NT AUTHORITY","AccountName":"SYSTEM","UserID":"S-1-5-18","AccountType":"User","Message":"Windows PowerShell IPC disconnect on process: 5784 in AppDomain: DefaultAppDomain for User: NT AUTHORITY\\SYSTEM.","Category":"PowerShell Named Pipe IPC","Opcode":"Close (Async)","param1":"5784","param2":"DefaultAppDomain","param3":"NT AUTHORITY\\SYSTEM","EventReceivedTime":1687528451,"SourceModuleName":"in_powershell","SourceModuleType":"im_msvistalog"}
<14>Jun 23 13:54:11 win-adfs.lunarstiiiness.com Microsoft-Windows-PowerShell[4764]: {"EventTime":1687528450,"Hostname":"win-adfs.lunarstiiiness.com","Keywords":0,"EventType":"INFO","SeverityValue":2,"Severity":"INFO","EventID":53508,"SourceName":"Microsoft-Windows-PowerShell","ProviderGuid":"{A0C1853B-5C40-4B15-8766-3CF1C58F985A}","Version":1,"Task":111,"OpcodeValue":11,"RecordNumber":1319855,"ProcessID":4764,"ThreadID":5560,"Channel":"Microsoft-Windows-PowerShell/Operational","Domain":"LUNARSTIIINESS","AccountName":"ADSyncMSAfb0e5$","UserID":"S-1-5-21-3263964631-4121654051-1417071188-1115","AccountType":"User","Message":"Windows PowerShell IPC disconnect on process: 4764 in AppDomain: DefaultAppDomain for User: LUNARSTIIINESS\\ADSyncMSAfb0e5$.","Category":"PowerShell Named Pipe IPC","Opcode":"Close (Async)","param1":"4764","param2":"DefaultAppDomain","param3":"LUNARSTIIINESS\\ADSyncMSAfb0e5$","EventReceivedTime":1687528451,"SourceModuleName":"in_powershell","SourceModuleType":"im_msvistalog"}
<14>Jun 23 13:54:11 win-adfs.lunarstiiiness.com Microsoft-Windows-PowerShell[4764]: {"EventTime":1687528450,"Hostname":"win-adfs.lunarstiiiness.com","Keywords":0,"EventType":"INFO","SeverityValue":2,"Severity":"INFO","EventID":53508,"SourceName":"Microsoft-Windows-PowerShell","ProviderGuid":"{A0C1853B-5C40-4B15-8766-3CF1C58F985A}","Version":1,"Task":111,"OpcodeValue":11,"RecordNumber":1319860,"ProcessID":4764,"ThreadID":8552,"Channel":"Microsoft-Windows-PowerShell/Operational","Domain":"LUNARSTIIINESS","AccountName":"ADSyncMSAfb0e5$","UserID":"S-1-5-21-3263964631-4121654051-1417071188-1115","AccountType":"User","Message":"Windows PowerShell IPC disconnect on process: 4764 in AppDomain: DefaultAppDomain for User: LUNARSTIIINESS\\ADSyncMSAfb0e5$.","Category":"PowerShell Named Pipe IPC","Opcode":"Close (Async)","param1":"4764","param2":"DefaultAppDomain","param3":"LUNARSTIIINESS\\ADSyncMSAfb0e5$","EventReceivedTime":1687528451,"SourceModuleName":"in_powershell","SourceModuleType":"im_msvistalog"}
<14>Jun 23 13:54:11 win-adfs.lunarstiiiness.com Microsoft-Windows-PowerShell[6856]: {"EventTime":1687528450,"Hostname":"win-adfs.lunarstiiiness.com","Keywords":0,"EventType":"INFO","SeverityValue":2,"Severity":"INFO","EventID":53508,"SourceName":"Microsoft-Windows-PowerShell","ProviderGuid":"{A0C1853B-5C40-4B15-8766-3CF1C58F985A}","Version":1,"Task":111,"OpcodeValue":11,"RecordNumber":1319847,"ActivityID":"{D336E3E0-BD4B-4ECF-BCDF-3F1A71B0C5EC}","ProcessID":6856,"ThreadID":7328,"Channel":"Microsoft-Windows-PowerShell/Operational","Domain":"LUNARSTIIINESS","AccountName":"tim.smith_admin","UserID":"S-1-5-21-3263964631-4121654051-1417071188-1116","AccountType":"User","Message":"Windows PowerShell IPC disconnect on process: 6856 in AppDomain: DefaultAppDomain for User: LUNARSTIIINESS\\tim.smith_admin.","Category":"PowerShell Named Pipe IPC","Opcode":"Close (Async)","param1":"6856","param2":"DefaultAppDomain","param3":"LUNARSTIIINESS\\tim.smith_admin","EventReceivedTime":1687528451,"SourceModuleName":"in_powershell","SourceModuleType":"im_msvistalog"}
<14>Jun 23 13:54:11 win-adfs.lunarstiiiness.com Microsoft-Windows-PowerShell[6856]: {"EventTime":1687528450,"Hostname":"win-adfs.lunarstiiiness.com","Keywords":0,"EventType":"INFO","SeverityValue":2,"Severity":"INFO","EventID":53508,"SourceName":"Microsoft-Windows-PowerShell","ProviderGuid":"{A0C1853B-5C40-4B15-8766-3CF1C58F985A}","Version":1,"Task":111,"OpcodeValue":11,"RecordNumber":1319869,"ActivityID":"{D336E3E0-BD4B-4ECF-BCDF-3F1A71B0C5EC}","ProcessID":6856,"ThreadID":3920,"Channel":"Microsoft-Windows-PowerShell/Operational","Domain":"LUNARSTIIINESS","AccountName":"tim.smith_admin","UserID":"S-1-5-21-3263964631-4121654051-1417071188-1116","AccountType":"User","Message":"Windows PowerShell IPC disconnect on process: 6856 in AppDomain: DefaultAppDomain for User: LUNARSTIIINESS\\tim.smith_admin.","Category":"PowerShell Named Pipe IPC","Opcode":"Close (Async)","param1":"6856","param2":"DefaultAppDomain","param3":"LUNARSTIIINESS\\tim.smith_admin","EventReceivedTime":1687528451,"SourceModuleName":"in_powershell","SourceModuleType":"im_msvistalog"}
<14>Jun 23 13:54:11 win-adfs.lunarstiiiness.com Microsoft-Windows-PowerShell[5784]: {"EventTime":1687528450,"Hostname":"win-adfs.lunarstiiiness.com","Keywords":0,"EventType":"INFO","SeverityValue":2,"Severity":"INFO","EventID":53504,"SourceName":"Microsoft-Windows-PowerShell","ProviderGuid":"{A0C1853B-5C40-4B15-8766-3CF1C58F985A}","Version":1,"Task":111,"OpcodeValue":10,"RecordNumber":1319853,"ActivityID":"{8F8F53C1-AEDC-0000-1799-D4AC6E9ED901}","ProcessID":5784,"ThreadID":8080,"Channel":"Microsoft-Windows-PowerShell/Operational","Domain":"NT AUTHORITY","AccountName":"SYSTEM","UserID":"S-1-5-18","AccountType":"User","Message":"Windows PowerShell has started an IPC listening thread on process: 5784 in AppDomain: DefaultAppDomain.","Category":"PowerShell Named Pipe IPC","Opcode":"Open (async)","param1":"5784","param2":"DefaultAppDomain","EventReceivedTime":1687528451,"SourceModuleName":"in_powershell","SourceModuleType":"im_msvistalog"}
<14>Jun 23 13:54:12 win-adfs.lunarstiiiness.com Microsoft-Windows-PowerShell[5784]: {"EventTime":1687528450,"Hostname":"win-adfs.lunarstiiiness.com","Keywords":0,"EventType":"INFO","SeverityValue":2,"Severity":"INFO","EventID":53504,"SourceName":"Microsoft-Windows-PowerShell","ProviderGuid":"{A0C1853B-5C40-4B15-8766-3CF1C58F985A}","Version":1,"Task":111,"OpcodeValue":10,"RecordNumber":1319871,"ActivityID":"{8F8F53C1-AEDC-0000-1799-D4AC6E9ED901}","ProcessID":5784,"ThreadID":11300,"Channel":"Microsoft-Windows-PowerShell/Operational","Domain":"NT AUTHORITY","AccountName":"SYSTEM","UserID":"S-1-5-18","AccountType":"User","Message":"Windows PowerShell has started an IPC listening thread on process: 5784 in AppDomain: DefaultAppDomain.","Category":"PowerShell Named Pipe IPC","Opcode":"Open (async)","param1":"5784","param2":"DefaultAppDomain","EventReceivedTime":1687528452,"SourceModuleName":"in_powershell","SourceModuleType":"im_msvistalog"}
<14>Jun 23 13:54:11 win-adfs.lunarstiiiness.com Microsoft-Windows-PowerShell[6856]: {"EventTime":1687528450,"Hostname":"win-adfs.lunarstiiiness.com","Keywords":0,"EventType":"INFO","SeverityValue":2,"Severity":"INFO","EventID":53504,"SourceName":"Microsoft-Windows-PowerShell","ProviderGuid":"{A0C1853B-5C40-4B15-8766-3CF1C58F985A}","Version":1,"Task":111,"OpcodeValue":10,"RecordNumber":1319852,"ActivityID":"{D336E3E0-BD4B-4ECF-BCDF-3F1A71B0C5EC}","ProcessID":6856,"ThreadID":3920,"Channel":"Microsoft-Windows-PowerShell/Operational","Domain":"LUNARSTIIINESS","AccountName":"tim.smith_admin","UserID":"S-1-5-21-3263964631-4121654051-1417071188-1116","AccountType":"User","Message":"Windows PowerShell has started an IPC listening thread on process: 6856 in AppDomain: DefaultAppDomain.","Category":"PowerShell Named Pipe IPC","Opcode":"Open (async)","param1":"6856","param2":"DefaultAppDomain","EventReceivedTime":1687528451,"SourceModuleName":"in_powershell","SourceModuleType":"im_msvistalog"}
<14>Jun 23 13:54:12 win-adfs.lunarstiiiness.com Microsoft-Windows-PowerShell[6856]: {"EventTime":1687528450,"Hostname":"win-adfs.lunarstiiiness.com","Keywords":0,"EventType":"INFO","SeverityValue":2,"Severity":"INFO","EventID":53504,"SourceName":"Microsoft-Windows-PowerShell","ProviderGuid":"{A0C1853B-5C40-4B15-8766-3CF1C58F985A}","Version":1,"Task":111,"OpcodeValue":10,"RecordNumber":1319872,"ActivityID":"{D336E3E0-BD4B-4ECF-BCDF-3F1A71B0C5EC}","ProcessID":6856,"ThreadID":6168,"Channel":"Microsoft-Windows-PowerShell/Operational","Domain":"LUNARSTIIINESS","AccountName":"tim.smith_admin","UserID":"S-1-5-21-3263964631-4121654051-1417071188-1116","AccountType":"User","Message":"Windows PowerShell has started an IPC listening thread on process: 6856 in AppDomain: DefaultAppDomain.","Category":"PowerShell Named Pipe IPC","Opcode":"Open (async)","param1":"6856","param2":"DefaultAppDomain","EventReceivedTime":1687528452,"SourceModuleName":"in_powershell","SourceModuleType":"im_msvistalog"}
<14>Jun 23 13:54:11 win-adfs.lunarstiiiness.com Microsoft-Windows-PowerShell[4764]: {"EventTime":1687528450,"Hostname":"win-adfs.lunarstiiiness.com","Keywords":0,"EventType":"INFO","SeverityValue":2,"Severity":"INFO","EventID":53504,"SourceName":"Microsoft-Windows-PowerShell","ProviderGuid":"{A0C1853B-5C40-4B15-8766-3CF1C58F985A}","Version":1,"Task":111,"OpcodeValue":10,"RecordNumber":1319862,"ProcessID":4764,"ThreadID":8236,"Channel":"Microsoft-Windows-PowerShell/Operational","Domain":"LUNARSTIIINESS","AccountName":"ADSyncMSAfb0e5$","UserID":"S-1-5-21-3263964631-4121654051-1417071188-1115","AccountType":"User","Message":"Windows PowerShell has started an IPC listening thread on process: 4764 in AppDomain: DefaultAppDomain.","Category":"PowerShell Named Pipe IPC","Opcode":"Open (async)","param1":"4764","param2":"DefaultAppDomain","EventReceivedTime":1687528451,"SourceModuleName":"in_powershell","SourceModuleType":"im_msvistalog"}
