<14>Jun 23 14:20:00 win-adfs.lunarstiiiness.com PowerShell[0]: {"EventTime":1687529999,"Hostname":"win-adfs.lunarstiiiness.com","Keywords":36028797018963968,"EventType":"INFO","SeverityValue":2,"Severity":"INFO","EventID":600,"SourceName":"PowerShell","Version":0,"Task":6,"OpcodeValue":0,"RecordNumber":6160878,"ProcessID":0,"ThreadID":0,"Channel":"Windows PowerShell","Message":"Provider \"WSMan\" is Started. \r\n\r\nDetails: \r\n\tProviderName=WSMan\r\n\tNewProviderState=Started\r\n\r\n\tSequenceNumber=362747\r\n\r\n\tHostName=Default Host\r\n\tHostVersion=5.1.20348.1366\r\n\tHostId=b6bdc48a-2f15-4982-8266-b0b1defe0937\r\n\tHostApplication=C:\\Program Files\\Microsoft Azure AD Sync\\Bin\\miiserver.exe\r\n\tEngineVersion=\r\n\tRunspaceId=\r\n\tPipelineId=\r\n\tCommandName=\r\n\tCommandType=\r\n\tScriptName=\r\n\tCommandPath=\r\n\tCommandLine=","Category":"Provider Lifecycle","Opcode":"Info","EventReceivedTime":1687530000,"SourceModuleName":"in_powershell","SourceModuleType":"im_msvistalog"}
<14>Jun 23 14:20:00 win-adfs.lunarstiiiness.com PowerShell[0]: {"EventTime":1687529999,"Hostname":"win-adfs.lunarstiiiness.com","Keywords":36028797018963968,"EventType":"INFO","SeverityValue":2,"Severity":"INFO","EventID":600,"SourceName":"PowerShell","Version":0,"Task":6,"OpcodeValue":0,"RecordNumber":6160877,"ProcessID":0,"ThreadID":0,"Channel":"Windows PowerShell","Message":"Provider \"Certificate\" is Started. \r\n\r\nDetails: \r\n\tProviderName=Certificate\r\n\tNewProviderState=Started\r\n\r\n\tSequenceNumber=362745\r\n\r\n\tHostName=Default Host\r\n\tHostVersion=5.1.20348.1366\r\n\tHostId=b6bdc48a-2f15-4982-8266-b0b1defe0937\r\n\tHostApplication=C:\\Program Files\\Microsoft Azure AD Sync\\Bin\\miiserver.exe\r\n\tEngineVersion=\r\n\tRunspaceId=\r\n\tPipelineId=\r\n\tCommandName=\r\n\tCommandType=\r\n\tScriptName=\r\n\tCommandPath=\r\n\tCommandLine=","Category":"Provider Lifecycle","Opcode":"Info","EventReceivedTime":1687530000,"SourceModuleName":"in_powershell","SourceModuleType":"im_msvistalog"}
<14>Jun 23 14:20:00 win-adfs.lunarstiiiness.com PowerShell[0]: {"EventTime":1687529999,"Hostname":"win-adfs.lunarstiiiness.com","Keywords":36028797018963968,"EventType":"INFO","SeverityValue":2,"Severity":"INFO","EventID":600,"SourceName":"PowerShell","Version":0,"Task":6,"OpcodeValue":0,"RecordNumber":6160874,"ProcessID":0,"ThreadID":0,"Channel":"Windows PowerShell","Message":"Provider \"FileSystem\" is Started. \r\n\r\nDetails: \r\n\tProviderName=FileSystem\r\n\tNewProviderState=Started\r\n\r\n\tSequenceNumber=362739\r\n\r\n\tHostName=Default Host\r\n\tHostVersion=5.1.20348.1366\r\n\tHostId=b6bdc48a-2f15-4982-8266-b0b1defe0937\r\n\tHostApplication=C:\\Program Files\\Microsoft Azure AD Sync\\Bin\\miiserver.exe\r\n\tEngineVersion=\r\n\tRunspaceId=\r\n\tPipelineId=\r\n\tCommandName=\r\n\tCommandType=\r\n\tScriptName=\r\n\tCommandPath=\r\n\tCommandLine=","Category":"Provider Lifecycle","Opcode":"Info","EventReceivedTime":1687530000,"SourceModuleName":"in_powershell","SourceModuleType":"im_msvistalog"}
<14>Jun 23 14:20:00 win-adfs.lunarstiiiness.com PowerShell[0]: {"EventTime":1687529999,"Hostname":"win-adfs.lunarstiiiness.com","Keywords":36028797018963968,"EventType":"INFO","SeverityValue":2,"Severity":"INFO","EventID":600,"SourceName":"PowerShell","Version":0,"Task":6,"OpcodeValue":0,"RecordNumber":6160875,"ProcessID":0,"ThreadID":0,"Channel":"Windows PowerShell","Message":"Provider \"Function\" is Started. \r\n\r\nDetails: \r\n\tProviderName=Function\r\n\tNewProviderState=Started\r\n\r\n\tSequenceNumber=362741\r\n\r\n\tHostName=Default Host\r\n\tHostVersion=5.1.20348.1366\r\n\tHostId=b6bdc48a-2f15-4982-8266-b0b1defe0937\r\n\tHostApplication=C:\\Program Files\\Microsoft Azure AD Sync\\Bin\\miiserver.exe\r\n\tEngineVersion=\r\n\tRunspaceId=\r\n\tPipelineId=\r\n\tCommandName=\r\n\tCommandType=\r\n\tScriptName=\r\n\tCommandPath=\r\n\tCommandLine=","Category":"Provider Lifecycle","Opcode":"Info","EventReceivedTime":1687530000,"SourceModuleName":"in_powershell","SourceModuleType":"im_msvistalog"}
<14>Jun 23 14:20:00 win-adfs.lunarstiiiness.com PowerShell[0]: {"EventTime":1687529999,"Hostname":"win-adfs.lunarstiiiness.com","Keywords":36028797018963968,"EventType":"INFO","SeverityValue":2,"Severity":"INFO","EventID":600,"SourceName":"PowerShell","Version":0,"Task":6,"OpcodeValue":0,"RecordNumber":6160876,"ProcessID":0,"ThreadID":0,"Channel":"Windows PowerShell","Message":"Provider \"Variable\" is Started. \r\n\r\nDetails: \r\n\tProviderName=Variable\r\n\tNewProviderState=Started\r\n\r\n\tSequenceNumber=362743\r\n\r\n\tHostName=Default Host\r\n\tHostVersion=5.1.20348.1366\r\n\tHostId=b6bdc48a-2f15-4982-8266-b0b1defe0937\r\n\tHostApplication=C:\\Program Files\\Microsoft Azure AD Sync\\Bin\\miiserver.exe\r\n\tEngineVersion=\r\n\tRunspaceId=\r\n\tPipelineId=\r\n\tCommandName=\r\n\tCommandType=\r\n\tScriptName=\r\n\tCommandPath=\r\n\tCommandLine=","Category":"Provider Lifecycle","Opcode":"Info","EventReceivedTime":1687530000,"SourceModuleName":"in_powershell","SourceModuleType":"im_msvistalog"}
<14>Jun 23 14:20:00 win-adfs.lunarstiiiness.com PowerShell[0]: {"EventTime":1687529999,"Hostname":"win-adfs.lunarstiiiness.com","Keywords":36028797018963968,"EventType":"INFO","SeverityValue":2,"Severity":"INFO","EventID":600,"SourceName":"PowerShell","Version":0,"Task":6,"OpcodeValue":0,"RecordNumber":6160871,"ProcessID":0,"ThreadID":0,"Channel":"Windows PowerShell","Message":"Provider \"Registry\" is Started. \r\n\r\nDetails: \r\n\tProviderName=Registry\r\n\tNewProviderState=Started\r\n\r\n\tSequenceNumber=362733\r\n\r\n\tHostName=Default Host\r\n\tHostVersion=5.1.20348.1366\r\n\tHostId=b6bdc48a-2f15-4982-8266-b0b1defe0937\r\n\tHostApplication=C:\\Program Files\\Microsoft Azure AD Sync\\Bin\\miiserver.exe\r\n\tEngineVersion=\r\n\tRunspaceId=\r\n\tPipelineId=\r\n\tCommandName=\r\n\tCommandType=\r\n\tScriptName=\r\n\tCommandPath=\r\n\tCommandLine=","Category":"Provider Lifecycle","Opcode":"Info","EventReceivedTime":1687530000,"SourceModuleName":"in_powershell","SourceModuleType":"im_msvistalog"}
<14>Jun 23 14:19:58 win-adfs.lunarstiiiness.com PowerShell[0]: {"EventTime":1687529998,"Hostname":"win-adfs.lunarstiiiness.com","Keywords":36028797018963968,"EventType":"INFO","SeverityValue":2,"Severity":"INFO","EventID":400,"SourceName":"PowerShell","Version":0,"Task":4,"OpcodeValue":0,"RecordNumber":6160867,"ProcessID":0,"ThreadID":0,"Channel":"Windows PowerShell","Message":"Engine state is changed from None to Available. \r\n\r\nDetails: \r\n\tNewEngineState=Available\r\n\tPreviousEngineState=None\r\n\r\n\tSequenceNumber=362725\r\n\r\n\tHostName=Default Host\r\n\tHostVersion=5.1.20348.1366\r\n\tHostId=6cf86831-eedf-41a1-955d-2d0c58625fa0\r\n\tHostApplication=C:\\Program Files\\Microsoft Azure AD Sync\\Bin\\miiserver.exe\r\n\tEngineVersion=5.1.20348.1366\r\n\tRunspaceId=868e5430-866f-4168-93fc-c28dafea0d88\r\n\tPipelineId=\r\n\tCommandName=\r\n\tCommandType=\r\n\tScriptName=\r\n\tCommandPath=\r\n\tCommandLine=","Category":"Engine Lifecycle","Opcode":"Info","EventReceivedTime":1687529998,"SourceModuleName":"in_powershell","SourceModuleType":"im_msvistalog"}
<14>Jun 23 14:20:00 win-adfs.lunarstiiiness.com PowerShell[0]: {"EventTime":1687529999,"Hostname":"win-adfs.lunarstiiiness.com","Keywords":36028797018963968,"EventType":"INFO","SeverityValue":2,"Severity":"INFO","EventID":400,"SourceName":"PowerShell","Version":0,"Task":4,"OpcodeValue":0,"RecordNumber":6160879,"ProcessID":0,"ThreadID":0,"Channel":"Windows PowerShell","Message":"Engine state is changed from None to Available. \r\n\r\nDetails: \r\n\tNewEngineState=Available\r\n\tPreviousEngineState=None\r\n\r\n\tSequenceNumber=362749\r\n\r\n\tHostName=Default Host\r\n\tHostVersion=5.1.20348.1366\r\n\tHostId=b6bdc48a-2f15-4982-8266-b0b1defe0937\r\n\tHostApplication=C:\\Program Files\\Microsoft Azure AD Sync\\Bin\\miiserver.exe\r\n\tEngineVersion=5.1.20348.1366\r\n\tRunspaceId=a88b43b3-31a9-4634-a684-fec202c185ed\r\n\tPipelineId=\r\n\tCommandName=\r\n\tCommandType=\r\n\tScriptName=\r\n\tCommandPath=\r\n\tCommandLine=","Category":"Engine Lifecycle","Opcode":"Info","EventReceivedTime":1687530000,"SourceModuleName":"in_powershell","SourceModuleType":"im_msvistalog"}
<14>Jun 23 14:20:00 win-adfs.lunarstiiiness.com PowerShell[0]: {"EventTime":1687530000,"Hostname":"win-adfs.lunarstiiiness.com","Keywords":36028797018963968,"EventType":"INFO","SeverityValue":2,"Severity":"INFO","EventID":600,"SourceName":"PowerShell","Version":0,"Task":6,"OpcodeValue":0,"RecordNumber":6160900,"ProcessID":0,"ThreadID":0,"Channel":"Windows PowerShell","Message":"Provider \"Variable\" is Started. \r\n\r\nDetails: \r\n\tProviderName=Variable\r\n\tNewProviderState=Started\r\n\r\n\tSequenceNumber=362791\r\n\r\n\tHostName=Default Host\r\n\tHostVersion=5.1.20348.1366\r\n\tHostId=c3302edd-b16b-4f73-bccd-e00a886cc3b3\r\n\tHostApplication=C:\\Program Files\\Microsoft Azure AD Sync\\Bin\\miiserver.exe\r\n\tEngineVersion=\r\n\tRunspaceId=\r\n\tPipelineId=\r\n\tCommandName=\r\n\tCommandType=\r\n\tScriptName=\r\n\tCommandPath=\r\n\tCommandLine=","Category":"Provider Lifecycle","Opcode":"Info","EventReceivedTime":1687530000,"SourceModuleName":"in_powershell","SourceModuleType":"im_msvistalog"}
<14>Jun 23 14:20:00 win-adfs.lunarstiiiness.com PowerShell[0]: {"EventTime":1687530000,"Hostname":"win-adfs.lunarstiiiness.com","Keywords":36028797018963968,"EventType":"INFO","SeverityValue":2,"Severity":"INFO","EventID":600,"SourceName":"PowerShell","Version":0,"Task":6,"OpcodeValue":0,"RecordNumber":6160898,"ProcessID":0,"ThreadID":0,"Channel":"Windows PowerShell","Message":"Provider \"FileSystem\" is Started. \r\n\r\nDetails: \r\n\tProviderName=FileSystem\r\n\tNewProviderState=Started\r\n\r\n\tSequenceNumber=362787\r\n\r\n\tHostName=Default Host\r\n\tHostVersion=5.1.20348.1366\r\n\tHostId=c3302edd-b16b-4f73-bccd-e00a886cc3b3\r\n\tHostApplication=C:\\Program Files\\Microsoft Azure AD Sync\\Bin\\miiserver.exe\r\n\tEngineVersion=\r\n\tRunspaceId=\r\n\tPipelineId=\r\n\tCommandName=\r\n\tCommandType=\r\n\tScriptName=\r\n\tCommandPath=\r\n\tCommandLine=","Category":"Provider Lifecycle","Opcode":"Info","EventReceivedTime":1687530000,"SourceModuleName":"in_powershell","SourceModuleType":"im_msvistalog"}
<14>Jun 23 14:20:01 win-adfs.lunarstiiiness.com PowerShell[0]: {"EventTime":1687530000,"Hostname":"win-adfs.lunarstiiiness.com","Keywords":36028797018963968,"EventType":"INFO","SeverityValue":2,"Severity":"INFO","EventID":600,"SourceName":"PowerShell","Version":0,"Task":6,"OpcodeValue":0,"RecordNumber":6160962,"ProcessID":0,"ThreadID":0,"Channel":"Windows PowerShell","Message":"Provider \"WSMan\" is Started. \r\n\r\nDetails: \r\n\tProviderName=WSMan\r\n\tNewProviderState=Started\r\n\r\n\tSequenceNumber=362915\r\n\r\n\tHostName=Default Host\r\n\tHostVersion=5.1.20348.1366\r\n\tHostId=60c7091d-8f4d-4651-845d-28909f37ea91\r\n\tHostApplication=C:\\Program Files\\Microsoft Azure AD Sync\\Bin\\miiserver.exe\r\n\tEngineVersion=\r\n\tRunspaceId=\r\n\tPipelineId=\r\n\tCommandName=\r\n\tCommandType=\r\n\tScriptName=\r\n\tCommandPath=\r\n\tCommandLine=","Category":"Provider Lifecycle","Opcode":"Info","EventReceivedTime":1687530001,"SourceModuleName":"in_powershell","SourceModuleType":"im_msvistalog"}
<14>Jun 23 14:20:01 win-adfs.lunarstiiiness.com PowerShell[0]: {"EventTime":1687530000,"Hostname":"win-adfs.lunarstiiiness.com","Keywords":36028797018963968,"EventType":"INFO","SeverityValue":2,"Severity":"INFO","EventID":600,"SourceName":"PowerShell","Version":0,"Task":6,"OpcodeValue":0,"RecordNumber":6160973,"ProcessID":0,"ThreadID":0,"Channel":"Windows PowerShell","Message":"Provider \"Certificate\" is Started. \r\n\r\nDetails: \r\n\tProviderName=Certificate\r\n\tNewProviderState=Started\r\n\r\n\tSequenceNumber=362937\r\n\r\n\tHostName=Default Host\r\n\tHostVersion=5.1.20348.1366\r\n\tHostId=2f1c8bea-d8a2-420e-8e70-68e2ab6c04ab\r\n\tHostApplication=C:\\Program Files\\Microsoft Azure AD Sync\\Bin\\miiserver.exe\r\n\tEngineVersion=\r\n\tRunspaceId=\r\n\tPipelineId=\r\n\tCommandName=\r\n\tCommandType=\r\n\tScriptName=\r\n\tCommandPath=\r\n\tCommandLine=","Category":"Provider Lifecycle","Opcode":"Info","EventReceivedTime":1687530001,"SourceModuleName":"in_powershell","SourceModuleType":"im_msvistalog"}
<14>Jun 23 14:20:00 win-adfs.lunarstiiiness.com PowerShell[0]: {"EventTime":1687530000,"Hostname":"win-adfs.lunarstiiiness.com","Keywords":36028797018963968,"EventType":"INFO","SeverityValue":2,"Severity":"INFO","EventID":600,"SourceName":"PowerShell","Version":0,"Task":6,"OpcodeValue":0,"RecordNumber":6160909,"ProcessID":0,"ThreadID":0,"Channel":"Windows PowerShell","Message":"Provider \"Environment\" is Started. \r\n\r\nDetails: \r\n\tProviderName=Environment\r\n\tNewProviderState=Started\r\n\r\n\tSequenceNumber=362809\r\n\r\n\tHostName=Default Host\r\n\tHostVersion=5.1.20348.1366\r\n\tHostId=0afe34c8-4e9a-409a-9a2a-a9c2a31c0819\r\n\tHostApplication=C:\\Program Files\\Microsoft Azure AD Sync\\Bin\\miiserver.exe\r\n\tEngineVersion=\r\n\tRunspaceId=\r\n\tPipelineId=\r\n\tCommandName=\r\n\tCommandType=\r\n\tScriptName=\r\n\tCommandPath=\r\n\tCommandLine=","Category":"Provider Lifecycle","Opcode":"Info","EventReceivedTime":1687530000,"SourceModuleName":"in_powershell","SourceModuleType":"im_msvistalog"}
<14>Jun 23 14:20:00 win-adfs.lunarstiiiness.com PowerShell[0]: {"EventTime":1687530000,"Hostname":"win-adfs.lunarstiiiness.com","Keywords":36028797018963968,"EventType":"INFO","SeverityValue":2,"Severity":"INFO","EventID":600,"SourceName":"PowerShell","Version":0,"Task":6,"OpcodeValue":0,"RecordNumber":6160888,"ProcessID":0,"ThreadID":0,"Channel":"Windows PowerShell","Message":"Provider \"Variable\" is Started. \r\n\r\nDetails: \r\n\tProviderName=Variable\r\n\tNewProviderState=Started\r\n\r\n\tSequenceNumber=362767\r\n\r\n\tHostName=Default Host\r\n\tHostVersion=5.1.20348.1366\r\n\tHostId=99ea6d70-ddd4-4075-a1e7-887aa7e5dd31\r\n\tHostApplication=C:\\Program Files\\Microsoft Azure AD Sync\\Bin\\miiserver.exe\r\n\tEngineVersion=\r\n\tRunspaceId=\r\n\tPipelineId=\r\n\tCommandName=\r\n\tCommandType=\r\n\tScriptName=\r\n\tCommandPath=\r\n\tCommandLine=","Category":"Provider Lifecycle","Opcode":"Info","EventReceivedTime":1687530000,"SourceModuleName":"in_powershell","SourceModuleType":"im_msvistalog"}
<14>Jun 23 14:20:00 win-adfs.lunarstiiiness.com PowerShell[0]: {"EventTime":1687530000,"Hostname":"win-adfs.lunarstiiiness.com","Keywords":36028797018963968,"EventType":"INFO","SeverityValue":2,"Severity":"INFO","EventID":600,"SourceName":"PowerShell","Version":0,"Task":6,"OpcodeValue":0,"RecordNumber":6160883,"ProcessID":0,"ThreadID":0,"Channel":"Windows PowerShell","Message":"Provider \"Registry\" is Started. \r\n\r\nDetails: \r\n\tProviderName=Registry\r\n\tNewProviderState=Started\r\n\r\n\tSequenceNumber=362757\r\n\r\n\tHostName=Default Host\r\n\tHostVersion=5.1.20348.1366\r\n\tHostId=99ea6d70-ddd4-4075-a1e7-887aa7e5dd31\r\n\tHostApplication=C:\\Program Files\\Microsoft Azure AD Sync\\Bin\\miiserver.exe\r\n\tEngineVersion=\r\n\tRunspaceId=\r\n\tPipelineId=\r\n\tCommandName=\r\n\tCommandType=\r\n\tScriptName=\r\n\tCommandPath=\r\n\tCommandLine=","Category":"Provider Lifecycle","Opcode":"Info","EventReceivedTime":1687530000,"SourceModuleName":"in_powershell","SourceModuleType":"im_msvistalog"}
<14>Jun 23 14:20:01 win-adfs.lunarstiiiness.com PowerShell[0]: {"EventTime":1687530000,"Hostname":"win-adfs.lunarstiiiness.com","Keywords":36028797018963968,"EventType":"INFO","SeverityValue":2,"Severity":"INFO","EventID":600,"SourceName":"PowerShell","Version":0,"Task":6,"OpcodeValue":0,"RecordNumber":6160959,"ProcessID":0,"ThreadID":0,"Channel":"Windows PowerShell","Message":"Provider \"Function\" is Started. \r\n\r\nDetails: \r\n\tProviderName=Function\r\n\tNewProviderState=Started\r\n\r\n\tSequenceNumber=362909\r\n\r\n\tHostName=Default Host\r\n\tHostVersion=5.1.20348.1366\r\n\tHostId=60c7091d-8f4d-4651-845d-28909f37ea91\r\n\tHostApplication=C:\\Program Files\\Microsoft Azure AD Sync\\Bin\\miiserver.exe\r\n\tEngineVersion=\r\n\tRunspaceId=\r\n\tPipelineId=\r\n\tCommandName=\r\n\tCommandType=\r\n\tScriptName=\r\n\tCommandPath=\r\n\tCommandLine=","Category":"Provider Lifecycle","Opcode":"Info","EventReceivedTime":1687530001,"SourceModuleName":"in_powershell","SourceModuleType":"im_msvistalog"}
<14>Jun 23 14:20:00 win-adfs.lunarstiiiness.com PowerShell[0]: {"EventTime":1687530000,"Hostname":"win-adfs.lunarstiiiness.com","Keywords":36028797018963968,"EventType":"INFO","SeverityValue":2,"Severity":"INFO","EventID":600,"SourceName":"PowerShell","Version":0,"Task":6,"OpcodeValue":0,"RecordNumber":6160921,"ProcessID":0,"ThreadID":0,"Channel":"Windows PowerShell","Message":"Provider \"Environment\" is Started. \r\n\r\nDetails: \r\n\tProviderName=Environment\r\n\tNewProviderState=Started\r\n\r\n\tSequenceNumber=362833\r\n\r\n\tHostName=Default Host\r\n\tHostVersion=5.1.20348.1366\r\n\tHostId=c8823f8d-d9bd-44e8-9e58-2017d4153673\r\n\tHostApplication=C:\\Program Files\\Microsoft Azure AD Sync\\Bin\\miiserver.exe\r\n\tEngineVersion=\r\n\tRunspaceId=\r\n\tPipelineId=\r\n\tCommandName=\r\n\tCommandType=\r\n\tScriptName=\r\n\tCommandPath=\r\n\tCommandLine=","Category":"Provider Lifecycle","Opcode":"Info","EventReceivedTime":1687530000,"SourceModuleName":"in_powershell","SourceModuleType":"im_msvistalog"}
<14>Jun 23 14:20:01 win-adfs.lunarstiiiness.com PowerShell[0]: {"EventTime":1687530000,"Hostname":"win-adfs.lunarstiiiness.com","Keywords":36028797018963968,"EventType":"INFO","SeverityValue":2,"Severity":"INFO","EventID":600,"SourceName":"PowerShell","Version":0,"Task":6,"OpcodeValue":0,"RecordNumber":6160956,"ProcessID":0,"ThreadID":0,"Channel":"Windows PowerShell","Message":"Provider \"Alias\" is Started. \r\n\r\nDetails: \r\n\tProviderName=Alias\r\n\tNewProviderState=Started\r\n\r\n\tSequenceNumber=362903\r\n\r\n\tHostName=Default Host\r\n\tHostVersion=5.1.20348.1366\r\n\tHostId=60c7091d-8f4d-4651-845d-28909f37ea91\r\n\tHostApplication=C:\\Program Files\\Microsoft Azure AD Sync\\Bin\\miiserver.exe\r\n\tEngineVersion=\r\n\tRunspaceId=\r\n\tPipelineId=\r\n\tCommandName=\r\n\tCommandType=\r\n\tScriptName=\r\n\tCommandPath=\r\n\tCommandLine=","Category":"Provider Lifecycle","Opcode":"Info","EventReceivedTime":1687530001,"SourceModuleName":"in_powershell","SourceModuleType":"im_msvistalog"}
<14>Jun 23 14:20:01 win-adfs.lunarstiiiness.com PowerShell[0]: {"EventTime":1687530000,"Hostname":"win-adfs.lunarstiiiness.com","Keywords":36028797018963968,"EventType":"INFO","SeverityValue":2,"Severity":"INFO","EventID":600,"SourceName":"PowerShell","Version":0,"Task":6,"OpcodeValue":0,"RecordNumber":6160950,"ProcessID":0,"ThreadID":0,"Channel":"Windows PowerShell","Message":"Provider \"WSMan\" is Started. \r\n\r\nDetails: \r\n\tProviderName=WSMan\r\n\tNewProviderState=Started\r\n\r\n\tSequenceNumber=362891\r\n\r\n\tHostName=Default Host\r\n\tHostVersion=5.1.20348.1366\r\n\tHostId=8133f7e3-e4de-4702-be25-c3851bcbc7bc\r\n\tHostApplication=C:\\Program Files\\Microsoft Azure AD Sync\\Bin\\miiserver.exe\r\n\tEngineVersion=\r\n\tRunspaceId=\r\n\tPipelineId=\r\n\tCommandName=\r\n\tCommandType=\r\n\tScriptName=\r\n\tCommandPath=\r\n\tCommandLine=","Category":"Provider Lifecycle","Opcode":"Info","EventReceivedTime":1687530001,"SourceModuleName":"in_powershell","SourceModuleType":"im_msvistalog"}
<14>Jun 23 14:20:00 win-adfs.lunarstiiiness.com PowerShell[0]: {"EventTime":1687530000,"Hostname":"win-adfs.lunarstiiiness.com","Keywords":36028797018963968,"EventType":"INFO","SeverityValue":2,"Severity":"INFO","EventID":600,"SourceName":"PowerShell","Version":0,"Task":6,"OpcodeValue":0,"RecordNumber":6160890,"ProcessID":0,"ThreadID":0,"Channel":"Windows PowerShell","Message":"Provider \"WSMan\" is Started. \r\n\r\nDetails: \r\n\tProviderName=WSMan\r\n\tNewProviderState=Started\r\n\r\n\tSequenceNumber=362771\r\n\r\n\tHostName=Default Host\r\n\tHostVersion=5.1.20348.1366\r\n\tHostId=99ea6d70-ddd4-4075-a1e7-887aa7e5dd31\r\n\tHostApplication=C:\\Program Files\\Microsoft Azure AD Sync\\Bin\\miiserver.exe\r\n\tEngineVersion=\r\n\tRunspaceId=\r\n\tPipelineId=\r\n\tCommandName=\r\n\tCommandType=\r\n\tScriptName=\r\n\tCommandPath=\r\n\tCommandLine=","Category":"Provider Lifecycle","Opcode":"Info","EventReceivedTime":1687530000,"SourceModuleName":"in_powershell","SourceModuleType":"im_msvistalog"}
<14>Jun 23 14:20:00 win-adfs.lunarstiiiness.com PowerShell[0]: {"EventTime":1687530000,"Hostname":"win-adfs.lunarstiiiness.com","Keywords":36028797018963968,"EventType":"INFO","SeverityValue":2,"Severity":"INFO","EventID":600,"SourceName":"PowerShell","Version":0,"Task":6,"OpcodeValue":0,"RecordNumber":6160922,"ProcessID":0,"ThreadID":0,"Channel":"Windows PowerShell","Message":"Provider \"FileSystem\" is Started. \r\n\r\nDetails: \r\n\tProviderName=FileSystem\r\n\tNewProviderState=Started\r\n\r\n\tSequenceNumber=362835\r\n\r\n\tHostName=Default Host\r\n\tHostVersion=5.1.20348.1366\r\n\tHostId=c8823f8d-d9bd-44e8-9e58-2017d4153673\r\n\tHostApplication=C:\\Program Files\\Microsoft Azure AD Sync\\Bin\\miiserver.exe\r\n\tEngineVersion=\r\n\tRunspaceId=\r\n\tPipelineId=\r\n\tCommandName=\r\n\tCommandType=\r\n\tScriptName=\r\n\tCommandPath=\r\n\tCommandLine=","Category":"Provider Lifecycle","Opcode":"Info","EventReceivedTime":1687530000,"SourceModuleName":"in_powershell","SourceModuleType":"im_msvistalog"}
<14>Jun 23 14:20:00 win-adfs.lunarstiiiness.com PowerShell[0]: {"EventTime":1687530000,"Hostname":"win-adfs.lunarstiiiness.com","Keywords":36028797018963968,"EventType":"INFO","SeverityValue":2,"Severity":"INFO","EventID":600,"SourceName":"PowerShell","Version":0,"Task":6,"OpcodeValue":0,"RecordNumber":6160911,"ProcessID":0,"ThreadID":0,"Channel":"Windows PowerShell","Message":"Provider \"Function\" is Started. \r\n\r\nDetails: \r\n\tProviderName=Function\r\n\tNewProviderState=Started\r\n\r\n\tSequenceNumber=362813\r\n\r\n\tHostName=Default Host\r\n\tHostVersion=5.1.20348.1366\r\n\tHostId=0afe34c8-4e9a-409a-9a2a-a9c2a31c0819\r\n\tHostApplication=C:\\Program Files\\Microsoft Azure AD Sync\\Bin\\miiserver.exe\r\n\tEngineVersion=\r\n\tRunspaceId=\r\n\tPipelineId=\r\n\tCommandName=\r\n\tCommandType=\r\n\tScriptName=\r\n\tCommandPath=\r\n\tCommandLine=","Category":"Provider Lifecycle","Opcode":"Info","EventReceivedTime":1687530000,"SourceModuleName":"in_powershell","SourceModuleType":"im_msvistalog"}
<14>Jun 23 14:20:01 win-adfs.lunarstiiiness.com PowerShell[0]: {"EventTime":1687530000,"Hostname":"win-adfs.lunarstiiiness.com","Keywords":36028797018963968,"EventType":"INFO","SeverityValue":2,"Severity":"INFO","EventID":600,"SourceName":"PowerShell","Version":0,"Task":6,"OpcodeValue":0,"RecordNumber":6160946,"ProcessID":0,"ThreadID":0,"Channel":"Windows PowerShell","Message":"Provider \"FileSystem\" is Started. \r\n\r\nDetails: \r\n\tProviderName=FileSystem\r\n\tNewProviderState=Started\r\n\r\n\tSequenceNumber=362883\r\n\r\n\tHostName=Default Host\r\n\tHostVersion=5.1.20348.1366\r\n\tHostId=8133f7e3-e4de-4702-be25-c3851bcbc7bc\r\n\tHostApplication=C:\\Program Files\\Microsoft Azure AD Sync\\Bin\\miiserver.exe\r\n\tEngineVersion=\r\n\tRunspaceId=\r\n\tPipelineId=\r\n\tCommandName=\r\n\tCommandType=\r\n\tScriptName=\r\n\tCommandPath=\r\n\tCommandLine=","Category":"Provider Lifecycle","Opcode":"Info","EventReceivedTime":1687530001,"SourceModuleName":"in_powershell","SourceModuleType":"im_msvistalog"}
<14>Jun 23 14:20:01 win-adfs.lunarstiiiness.com PowerShell[0]: {"EventTime":1687530000,"Hostname":"win-adfs.lunarstiiiness.com","Keywords":36028797018963968,"EventType":"INFO","SeverityValue":2,"Severity":"INFO","EventID":600,"SourceName":"PowerShell","Version":0,"Task":6,"OpcodeValue":0,"RecordNumber":6160949,"ProcessID":0,"ThreadID":0,"Channel":"Windows PowerShell","Message":"Provider \"Certificate\" is Started. \r\n\r\nDetails: \r\n\tProviderName=Certificate\r\n\tNewProviderState=Started\r\n\r\n\tSequenceNumber=362889\r\n\r\n\tHostName=Default Host\r\n\tHostVersion=5.1.20348.1366\r\n\tHostId=8133f7e3-e4de-4702-be25-c3851bcbc7bc\r\n\tHostApplication=C:\\Program Files\\Microsoft Azure AD Sync\\Bin\\miiserver.exe\r\n\tEngineVersion=\r\n\tRunspaceId=\r\n\tPipelineId=\r\n\tCommandName=\r\n\tCommandType=\r\n\tScriptName=\r\n\tCommandPath=\r\n\tCommandLine=","Category":"Provider Lifecycle","Opcode":"Info","EventReceivedTime":1687530001,"SourceModuleName":"in_powershell","SourceModuleType":"im_msvistalog"}
<14>Jun 23 14:20:01 win-adfs.lunarstiiiness.com PowerShell[0]: {"EventTime":1687530000,"Hostname":"win-adfs.lunarstiiiness.com","Keywords":36028797018963968,"EventType":"INFO","SeverityValue":2,"Severity":"INFO","EventID":600,"SourceName":"PowerShell","Version":0,"Task":6,"OpcodeValue":0,"RecordNumber":6160933,"ProcessID":0,"ThreadID":0,"Channel":"Windows PowerShell","Message":"Provider \"Environment\" is Started. \r\n\r\nDetails: \r\n\tProviderName=Environment\r\n\tNewProviderState=Started\r\n\r\n\tSequenceNumber=362857\r\n\r\n\tHostName=Default Host\r\n\tHostVersion=5.1.20348.1366\r\n\tHostId=e29cb8fd-dc3c-44d9-bf8c-32321c68a619\r\n\tHostApplication=C:\\Program Files\\Microsoft Azure AD Sync\\Bin\\miiserver.exe\r\n\tEngineVersion=\r\n\tRunspaceId=\r\n\tPipelineId=\r\n\tCommandName=\r\n\tCommandType=\r\n\tScriptName=\r\n\tCommandPath=\r\n\tCommandLine=","Category":"Provider Lifecycle","Opcode":"Info","EventReceivedTime":1687530001,"SourceModuleName":"in_powershell","SourceModuleType":"im_msvistalog"}
<14>Jun 23 14:20:00 win-adfs.lunarstiiiness.com PowerShell[0]: {"EventTime":1687530000,"Hostname":"win-adfs.lunarstiiiness.com","Keywords":36028797018963968,"EventType":"INFO","SeverityValue":2,"Severity":"INFO","EventID":600,"SourceName":"PowerShell","Version":0,"Task":6,"OpcodeValue":0,"RecordNumber":6160884,"ProcessID":0,"ThreadID":0,"Channel":"Windows PowerShell","Message":"Provider \"Alias\" is Started. \r\n\r\nDetails: \r\n\tProviderName=Alias\r\n\tNewProviderState=Started\r\n\r\n\tSequenceNumber=362759\r\n\r\n\tHostName=Default Host\r\n\tHostVersion=5.1.20348.1366\r\n\tHostId=99ea6d70-ddd4-4075-a1e7-887aa7e5dd31\r\n\tHostApplication=C:\\Program Files\\Microsoft Azure AD Sync\\Bin\\miiserver.exe\r\n\tEngineVersion=\r\n\tRunspaceId=\r\n\tPipelineId=\r\n\tCommandName=\r\n\tCommandType=\r\n\tScriptName=\r\n\tCommandPath=\r\n\tCommandLine=","Category":"Provider Lifecycle","Opcode":"Info","EventReceivedTime":1687530000,"SourceModuleName":"in_powershell","SourceModuleType":"im_msvistalog"}
<14>Jun 23 14:20:01 win-adfs.lunarstiiiness.com PowerShell[0]: {"EventTime":1687530000,"Hostname":"win-adfs.lunarstiiiness.com","Keywords":36028797018963968,"EventType":"INFO","SeverityValue":2,"Severity":"INFO","EventID":600,"SourceName":"PowerShell","Version":0,"Task":6,"OpcodeValue":0,"RecordNumber":6160932,"ProcessID":0,"ThreadID":0,"Channel":"Windows PowerShell","Message":"Provider \"Alias\" is Started. \r\n\r\nDetails: \r\n\tProviderName=Alias\r\n\tNewProviderState=Started\r\n\r\n\tSequenceNumber=362855\r\n\r\n\tHostName=Default Host\r\n\tHostVersion=5.1.20348.1366\r\n\tHostId=e29cb8fd-dc3c-44d9-bf8c-32321c68a619\r\n\tHostApplication=C:\\Program Files\\Microsoft Azure AD Sync\\Bin\\miiserver.exe\r\n\tEngineVersion=\r\n\tRunspaceId=\r\n\tPipelineId=\r\n\tCommandName=\r\n\tCommandType=\r\n\tScriptName=\r\n\tCommandPath=\r\n\tCommandLine=","Category":"Provider Lifecycle","Opcode":"Info","EventReceivedTime":1687530001,"SourceModuleName":"in_powershell","SourceModuleType":"im_msvistalog"}
<14>Jun 23 14:20:01 win-adfs.lunarstiiiness.com PowerShell[0]: {"EventTime":1687530000,"Hostname":"win-adfs.lunarstiiiness.com","Keywords":36028797018963968,"EventType":"INFO","SeverityValue":2,"Severity":"INFO","EventID":600,"SourceName":"PowerShell","Version":0,"Task":6,"OpcodeValue":0,"RecordNumber":6160970,"ProcessID":0,"ThreadID":0,"Channel":"Windows PowerShell","Message":"Provider \"FileSystem\" is Started. \r\n\r\nDetails: \r\n\tProviderName=FileSystem\r\n\tNewProviderState=Started\r\n\r\n\tSequenceNumber=362931\r\n\r\n\tHostName=Default Host\r\n\tHostVersion=5.1.20348.1366\r\n\tHostId=2f1c8bea-d8a2-420e-8e70-68e2ab6c04ab\r\n\tHostApplication=C:\\Program Files\\Microsoft Azure AD Sync\\Bin\\miiserver.exe\r\n\tEngineVersion=\r\n\tRunspaceId=\r\n\tPipelineId=\r\n\tCommandName=\r\n\tCommandType=\r\n\tScriptName=\r\n\tCommandPath=\r\n\tCommandLine=","Category":"Provider Lifecycle","Opcode":"Info","EventReceivedTime":1687530001,"SourceModuleName":"in_powershell","SourceModuleType":"im_msvistalog"}
<14>Jun 23 14:20:01 win-adfs.lunarstiiiness.com PowerShell[0]: {"EventTime":1687530000,"Hostname":"win-adfs.lunarstiiiness.com","Keywords":36028797018963968,"EventType":"INFO","SeverityValue":2,"Severity":"INFO","EventID":600,"SourceName":"PowerShell","Version":0,"Task":6,"OpcodeValue":0,"RecordNumber":6160945,"ProcessID":0,"ThreadID":0,"Channel":"Windows PowerShell","Message":"Provider \"Environment\" is Started. \r\n\r\nDetails: \r\n\tProviderName=Environment\r\n\tNewProviderState=Started\r\n\r\n\tSequenceNumber=362881\r\n\r\n\tHostName=Default Host\r\n\tHostVersion=5.1.20348.1366\r\n\tHostId=8133f7e3-e4de-4702-be25-c3851bcbc7bc\r\n\tHostApplication=C:\\Program Files\\Microsoft Azure AD Sync\\Bin\\miiserver.exe\r\n\tEngineVersion=\r\n\tRunspaceId=\r\n\tPipelineId=\r\n\tCommandName=\r\n\tCommandType=\r\n\tScriptName=\r\n\tCommandPath=\r\n\tCommandLine=","Category":"Provider Lifecycle","Opcode":"Info","EventReceivedTime":1687530001,"SourceModuleName":"in_powershell","SourceModuleType":"im_msvistalog"}
<14>Jun 23 14:20:00 win-adfs.lunarstiiiness.com PowerShell[0]: {"EventTime":1687530000,"Hostname":"win-adfs.lunarstiiiness.com","Keywords":36028797018963968,"EventType":"INFO","SeverityValue":2,"Severity":"INFO","EventID":600,"SourceName":"PowerShell","Version":0,"Task":6,"OpcodeValue":0,"RecordNumber":6160925,"ProcessID":0,"ThreadID":0,"Channel":"Windows PowerShell","Message":"Provider \"Certificate\" is Started. \r\n\r\nDetails: \r\n\tProviderName=Certificate\r\n\tNewProviderState=Started\r\n\r\n\tSequenceNumber=362841\r\n\r\n\tHostName=Default Host\r\n\tHostVersion=5.1.20348.1366\r\n\tHostId=c8823f8d-d9bd-44e8-9e58-2017d4153673\r\n\tHostApplication=C:\\Program Files\\Microsoft Azure AD Sync\\Bin\\miiserver.exe\r\n\tEngineVersion=\r\n\tRunspaceId=\r\n\tPipelineId=\r\n\tCommandName=\r\n\tCommandType=\r\n\tScriptName=\r\n\tCommandPath=\r\n\tCommandLine=","Category":"Provider Lifecycle","Opcode":"Info","EventReceivedTime":1687530000,"SourceModuleName":"in_powershell","SourceModuleType":"im_msvistalog"}
<14>Jun 23 14:20:01 win-adfs.lunarstiiiness.com PowerShell[0]: {"EventTime":1687530000,"Hostname":"win-adfs.lunarstiiiness.com","Keywords":36028797018963968,"EventType":"INFO","SeverityValue":2,"Severity":"INFO","EventID":600,"SourceName":"PowerShell","Version":0,"Task":6,"OpcodeValue":0,"RecordNumber":6160938,"ProcessID":0,"ThreadID":0,"Channel":"Windows PowerShell","Message":"Provider \"WSMan\" is Started. \r\n\r\nDetails: \r\n\tProviderName=WSMan\r\n\tNewProviderState=Started\r\n\r\n\tSequenceNumber=362867\r\n\r\n\tHostName=Default Host\r\n\tHostVersion=5.1.20348.1366\r\n\tHostId=e29cb8fd-dc3c-44d9-bf8c-32321c68a619\r\n\tHostApplication=C:\\Program Files\\Microsoft Azure AD Sync\\Bin\\miiserver.exe\r\n\tEngineVersion=\r\n\tRunspaceId=\r\n\tPipelineId=\r\n\tCommandName=\r\n\tCommandType=\r\n\tScriptName=\r\n\tCommandPath=\r\n\tCommandLine=","Category":"Provider Lifecycle","Opcode":"Info","EventReceivedTime":1687530001,"SourceModuleName":"in_powershell","SourceModuleType":"im_msvistalog"}
<14>Jun 23 14:20:01 win-adfs.lunarstiiiness.com PowerShell[0]: {"EventTime":1687530000,"Hostname":"win-adfs.lunarstiiiness.com","Keywords":36028797018963968,"EventType":"INFO","SeverityValue":2,"Severity":"INFO","EventID":600,"SourceName":"PowerShell","Version":0,"Task":6,"OpcodeValue":0,"RecordNumber":6160943,"ProcessID":0,"ThreadID":0,"Channel":"Windows PowerShell","Message":"Provider \"Registry\" is Started. \r\n\r\nDetails: \r\n\tProviderName=Registry\r\n\tNewProviderState=Started\r\n\r\n\tSequenceNumber=362877\r\n\r\n\tHostName=Default Host\r\n\tHostVersion=5.1.20348.1366\r\n\tHostId=8133f7e3-e4de-4702-be25-c3851bcbc7bc\r\n\tHostApplication=C:\\Program Files\\Microsoft Azure AD Sync\\Bin\\miiserver.exe\r\n\tEngineVersion=\r\n\tRunspaceId=\r\n\tPipelineId=\r\n\tCommandName=\r\n\tCommandType=\r\n\tScriptName=\r\n\tCommandPath=\r\n\tCommandLine=","Category":"Provider Lifecycle","Opcode":"Info","EventReceivedTime":1687530001,"SourceModuleName":"in_powershell","SourceModuleType":"im_msvistalog"}
<14>Jun 23 14:20:01 win-adfs.lunarstiiiness.com PowerShell[0]: {"EventTime":1687530000,"Hostname":"win-adfs.lunarstiiiness.com","Keywords":36028797018963968,"EventType":"INFO","SeverityValue":2,"Severity":"INFO","EventID":600,"SourceName":"PowerShell","Version":0,"Task":6,"OpcodeValue":0,"RecordNumber":6160937,"ProcessID":0,"ThreadID":0,"Channel":"Windows PowerShell","Message":"Provider \"Certificate\" is Started. \r\n\r\nDetails: \r\n\tProviderName=Certificate\r\n\tNewProviderState=Started\r\n\r\n\tSequenceNumber=362865\r\n\r\n\tHostName=Default Host\r\n\tHostVersion=5.1.20348.1366\r\n\tHostId=e29cb8fd-dc3c-44d9-bf8c-32321c68a619\r\n\tHostApplication=C:\\Program Files\\Microsoft Azure AD Sync\\Bin\\miiserver.exe\r\n\tEngineVersion=\r\n\tRunspaceId=\r\n\tPipelineId=\r\n\tCommandName=\r\n\tCommandType=\r\n\tScriptName=\r\n\tCommandPath=\r\n\tCommandLine=","Category":"Provider Lifecycle","Opcode":"Info","EventReceivedTime":1687530001,"SourceModuleName":"in_powershell","SourceModuleType":"im_msvistalog"}
<14>Jun 23 14:20:00 win-adfs.lunarstiiiness.com PowerShell[0]: {"EventTime":1687530000,"Hostname":"win-adfs.lunarstiiiness.com","Keywords":36028797018963968,"EventType":"INFO","SeverityValue":2,"Severity":"INFO","EventID":600,"SourceName":"PowerShell","Version":0,"Task":6,"OpcodeValue":0,"RecordNumber":6160914,"ProcessID":0,"ThreadID":0,"Channel":"Windows PowerShell","Message":"Provider \"WSMan\" is Started. \r\n\r\nDetails: \r\n\tProviderName=WSMan\r\n\tNewProviderState=Started\r\n\r\n\tSequenceNumber=362819\r\n\r\n\tHostName=Default Host\r\n\tHostVersion=5.1.20348.1366\r\n\tHostId=0afe34c8-4e9a-409a-9a2a-a9c2a31c0819\r\n\tHostApplication=C:\\Program Files\\Microsoft Azure AD Sync\\Bin\\miiserver.exe\r\n\tEngineVersion=\r\n\tRunspaceId=\r\n\tPipelineId=\r\n\tCommandName=\r\n\tCommandType=\r\n\tScriptName=\r\n\tCommandPath=\r\n\tCommandLine=","Category":"Provider Lifecycle","Opcode":"Info","EventReceivedTime":1687530000,"SourceModuleName":"in_powershell","SourceModuleType":"im_msvistalog"}
<14>Jun 23 14:20:00 win-adfs.lunarstiiiness.com PowerShell[0]: {"EventTime":1687530000,"Hostname":"win-adfs.lunarstiiiness.com","Keywords":36028797018963968,"EventType":"INFO","SeverityValue":2,"Severity":"INFO","EventID":600,"SourceName":"PowerShell","Version":0,"Task":6,"OpcodeValue":0,"RecordNumber":6160895,"ProcessID":0,"ThreadID":0,"Channel":"Windows PowerShell","Message":"Provider \"Registry\" is Started. \r\n\r\nDetails: \r\n\tProviderName=Registry\r\n\tNewProviderState=Started\r\n\r\n\tSequenceNumber=362781\r\n\r\n\tHostName=Default Host\r\n\tHostVersion=5.1.20348.1366\r\n\tHostId=c3302edd-b16b-4f73-bccd-e00a886cc3b3\r\n\tHostApplication=C:\\Program Files\\Microsoft Azure AD Sync\\Bin\\miiserver.exe\r\n\tEngineVersion=\r\n\tRunspaceId=\r\n\tPipelineId=\r\n\tCommandName=\r\n\tCommandType=\r\n\tScriptName=\r\n\tCommandPath=\r\n\tCommandLine=","Category":"Provider Lifecycle","Opcode":"Info","EventReceivedTime":1687530000,"SourceModuleName":"in_powershell","SourceModuleType":"im_msvistalog"}
<14>Jun 23 14:20:01 win-adfs.lunarstiiiness.com PowerShell[0]: {"EventTime":1687530000,"Hostname":"win-adfs.lunarstiiiness.com","Keywords":36028797018963968,"EventType":"INFO","SeverityValue":2,"Severity":"INFO","EventID":600,"SourceName":"PowerShell","Version":0,"Task":6,"OpcodeValue":0,"RecordNumber":6160944,"ProcessID":0,"ThreadID":0,"Channel":"Windows PowerShell","Message":"Provider \"Alias\" is Started. \r\n\r\nDetails: \r\n\tProviderName=Alias\r\n\tNewProviderState=Started\r\n\r\n\tSequenceNumber=362879\r\n\r\n\tHostName=Default Host\r\n\tHostVersion=5.1.20348.1366\r\n\tHostId=8133f7e3-e4de-4702-be25-c3851bcbc7bc\r\n\tHostApplication=C:\\Program Files\\Microsoft Azure AD Sync\\Bin\\miiserver.exe\r\n\tEngineVersion=\r\n\tRunspaceId=\r\n\tPipelineId=\r\n\tCommandName=\r\n\tCommandType=\r\n\tScriptName=\r\n\tCommandPath=\r\n\tCommandLine=","Category":"Provider Lifecycle","Opcode":"Info","EventReceivedTime":1687530001,"SourceModuleName":"in_powershell","SourceModuleType":"im_msvistalog"}
<14>Jun 23 14:20:01 win-adfs.lunarstiiiness.com PowerShell[0]: {"EventTime":1687530000,"Hostname":"win-adfs.lunarstiiiness.com","Keywords":36028797018963968,"EventType":"INFO","SeverityValue":2,"Severity":"INFO","EventID":600,"SourceName":"PowerShell","Version":0,"Task":6,"OpcodeValue":0,"RecordNumber":6160971,"ProcessID":0,"ThreadID":0,"Channel":"Windows PowerShell","Message":"Provider \"Function\" is Started. \r\n\r\nDetails: \r\n\tProviderName=Function\r\n\tNewProviderState=Started\r\n\r\n\tSequenceNumber=362933\r\n\r\n\tHostName=Default Host\r\n\tHostVersion=5.1.20348.1366\r\n\tHostId=2f1c8bea-d8a2-420e-8e70-68e2ab6c04ab\r\n\tHostApplication=C:\\Program Files\\Microsoft Azure AD Sync\\Bin\\miiserver.exe\r\n\tEngineVersion=\r\n\tRunspaceId=\r\n\tPipelineId=\r\n\tCommandName=\r\n\tCommandType=\r\n\tScriptName=\r\n\tCommandPath=\r\n\tCommandLine=","Category":"Provider Lifecycle","Opcode":"Info","EventReceivedTime":1687530001,"SourceModuleName":"in_powershell","SourceModuleType":"im_msvistalog"}
<14>Jun 23 14:20:00 win-adfs.lunarstiiiness.com PowerShell[0]: {"EventTime":1687530000,"Hostname":"win-adfs.lunarstiiiness.com","Keywords":36028797018963968,"EventType":"INFO","SeverityValue":2,"Severity":"INFO","EventID":600,"SourceName":"PowerShell","Version":0,"Task":6,"OpcodeValue":0,"RecordNumber":6160924,"ProcessID":0,"ThreadID":0,"Channel":"Windows PowerShell","Message":"Provider \"Variable\" is Started. \r\n\r\nDetails: \r\n\tProviderName=Variable\r\n\tNewProviderState=Started\r\n\r\n\tSequenceNumber=362839\r\n\r\n\tHostName=Default Host\r\n\tHostVersion=5.1.20348.1366\r\n\tHostId=c8823f8d-d9bd-44e8-9e58-2017d4153673\r\n\tHostApplication=C:\\Program Files\\Microsoft Azure AD Sync\\Bin\\miiserver.exe\r\n\tEngineVersion=\r\n\tRunspaceId=\r\n\tPipelineId=\r\n\tCommandName=\r\n\tCommandType=\r\n\tScriptName=\r\n\tCommandPath=\r\n\tCommandLine=","Category":"Provider Lifecycle","Opcode":"Info","EventReceivedTime":1687530000,"SourceModuleName":"in_powershell","SourceModuleType":"im_msvistalog"}
<14>Jun 23 14:20:01 win-adfs.lunarstiiiness.com PowerShell[0]: {"EventTime":1687530000,"Hostname":"win-adfs.lunarstiiiness.com","Keywords":36028797018963968,"EventType":"INFO","SeverityValue":2,"Severity":"INFO","EventID":600,"SourceName":"PowerShell","Version":0,"Task":6,"OpcodeValue":0,"RecordNumber":6160931,"ProcessID":0,"ThreadID":0,"Channel":"Windows PowerShell","Message":"Provider \"Registry\" is Started. \r\n\r\nDetails: \r\n\tProviderName=Registry\r\n\tNewProviderState=Started\r\n\r\n\tSequenceNumber=362853\r\n\r\n\tHostName=Default Host\r\n\tHostVersion=5.1.20348.1366\r\n\tHostId=e29cb8fd-dc3c-44d9-bf8c-32321c68a619\r\n\tHostApplication=C:\\Program Files\\Microsoft Azure AD Sync\\Bin\\miiserver.exe\r\n\tEngineVersion=\r\n\tRunspaceId=\r\n\tPipelineId=\r\n\tCommandName=\r\n\tCommandType=\r\n\tScriptName=\r\n\tCommandPath=\r\n\tCommandLine=","Category":"Provider Lifecycle","Opcode":"Info","EventReceivedTime":1687530001,"SourceModuleName":"in_powershell","SourceModuleType":"im_msvistalog"}
<14>Jun 23 14:20:01 win-adfs.lunarstiiiness.com PowerShell[0]: {"EventTime":1687530000,"Hostname":"win-adfs.lunarstiiiness.com","Keywords":36028797018963968,"EventType":"INFO","SeverityValue":2,"Severity":"INFO","EventID":600,"SourceName":"PowerShell","Version":0,"Task":6,"OpcodeValue":0,"RecordNumber":6160934,"ProcessID":0,"ThreadID":0,"Channel":"Windows PowerShell","Message":"Provider \"FileSystem\" is Started. \r\n\r\nDetails: \r\n\tProviderName=FileSystem\r\n\tNewProviderState=Started\r\n\r\n\tSequenceNumber=362859\r\n\r\n\tHostName=Default Host\r\n\tHostVersion=5.1.20348.1366\r\n\tHostId=e29cb8fd-dc3c-44d9-bf8c-32321c68a619\r\n\tHostApplication=C:\\Program Files\\Microsoft Azure AD Sync\\Bin\\miiserver.exe\r\n\tEngineVersion=\r\n\tRunspaceId=\r\n\tPipelineId=\r\n\tCommandName=\r\n\tCommandType=\r\n\tScriptName=\r\n\tCommandPath=\r\n\tCommandLine=","Category":"Provider Lifecycle","Opcode":"Info","EventReceivedTime":1687530001,"SourceModuleName":"in_powershell","SourceModuleType":"im_msvistalog"}
<14>Jun 23 14:20:00 win-adfs.lunarstiiiness.com PowerShell[0]: {"EventTime":1687530000,"Hostname":"win-adfs.lunarstiiiness.com","Keywords":36028797018963968,"EventType":"INFO","SeverityValue":2,"Severity":"INFO","EventID":600,"SourceName":"PowerShell","Version":0,"Task":6,"OpcodeValue":0,"RecordNumber":6160902,"ProcessID":0,"ThreadID":0,"Channel":"Windows PowerShell","Message":"Provider \"WSMan\" is Started. \r\n\r\nDetails: \r\n\tProviderName=WSMan\r\n\tNewProviderState=Started\r\n\r\n\tSequenceNumber=362795\r\n\r\n\tHostName=Default Host\r\n\tHostVersion=5.1.20348.1366\r\n\tHostId=c3302edd-b16b-4f73-bccd-e00a886cc3b3\r\n\tHostApplication=C:\\Program Files\\Microsoft Azure AD Sync\\Bin\\miiserver.exe\r\n\tEngineVersion=\r\n\tRunspaceId=\r\n\tPipelineId=\r\n\tCommandName=\r\n\tCommandType=\r\n\tScriptName=\r\n\tCommandPath=\r\n\tCommandLine=","Category":"Provider Lifecycle","Opcode":"Info","EventReceivedTime":1687530000,"SourceModuleName":"in_powershell","SourceModuleType":"im_msvistalog"}
<14>Jun 23 14:20:00 win-adfs.lunarstiiiness.com PowerShell[0]: {"EventTime":1687530000,"Hostname":"win-adfs.lunarstiiiness.com","Keywords":36028797018963968,"EventType":"INFO","SeverityValue":2,"Severity":"INFO","EventID":600,"SourceName":"PowerShell","Version":0,"Task":6,"OpcodeValue":0,"RecordNumber":6160923,"ProcessID":0,"ThreadID":0,"Channel":"Windows PowerShell","Message":"Provider \"Function\" is Started. \r\n\r\nDetails: \r\n\tProviderName=Function\r\n\tNewProviderState=Started\r\n\r\n\tSequenceNumber=362837\r\n\r\n\tHostName=Default Host\r\n\tHostVersion=5.1.20348.1366\r\n\tHostId=c8823f8d-d9bd-44e8-9e58-2017d4153673\r\n\tHostApplication=C:\\Program Files\\Microsoft Azure AD Sync\\Bin\\miiserver.exe\r\n\tEngineVersion=\r\n\tRunspaceId=\r\n\tPipelineId=\r\n\tCommandName=\r\n\tCommandType=\r\n\tScriptName=\r\n\tCommandPath=\r\n\tCommandLine=","Category":"Provider Lifecycle","Opcode":"Info","EventReceivedTime":1687530000,"SourceModuleName":"in_powershell","SourceModuleType":"im_msvistalog"}
<14>Jun 23 14:20:00 win-adfs.lunarstiiiness.com PowerShell[0]: {"EventTime":1687530000,"Hostname":"win-adfs.lunarstiiiness.com","Keywords":36028797018963968,"EventType":"INFO","SeverityValue":2,"Severity":"INFO","EventID":600,"SourceName":"PowerShell","Version":0,"Task":6,"OpcodeValue":0,"RecordNumber":6160910,"ProcessID":0,"ThreadID":0,"Channel":"Windows PowerShell","Message":"Provider \"FileSystem\" is Started. \r\n\r\nDetails: \r\n\tProviderName=FileSystem\r\n\tNewProviderState=Started\r\n\r\n\tSequenceNumber=362811\r\n\r\n\tHostName=Default Host\r\n\tHostVersion=5.1.20348.1366\r\n\tHostId=0afe34c8-4e9a-409a-9a2a-a9c2a31c0819\r\n\tHostApplication=C:\\Program Files\\Microsoft Azure AD Sync\\Bin\\miiserver.exe\r\n\tEngineVersion=\r\n\tRunspaceId=\r\n\tPipelineId=\r\n\tCommandName=\r\n\tCommandType=\r\n\tScriptName=\r\n\tCommandPath=\r\n\tCommandLine=","Category":"Provider Lifecycle","Opcode":"Info","EventReceivedTime":1687530000,"SourceModuleName":"in_powershell","SourceModuleType":"im_msvistalog"}
<14>Jun 23 14:20:01 win-adfs.lunarstiiiness.com PowerShell[0]: {"EventTime":1687530000,"Hostname":"win-adfs.lunarstiiiness.com","Keywords":36028797018963968,"EventType":"INFO","SeverityValue":2,"Severity":"INFO","EventID":600,"SourceName":"PowerShell","Version":0,"Task":6,"OpcodeValue":0,"RecordNumber":6160968,"ProcessID":0,"ThreadID":0,"Channel":"Windows PowerShell","Message":"Provider \"Alias\" is Started. \r\n\r\nDetails: \r\n\tProviderName=Alias\r\n\tNewProviderState=Started\r\n\r\n\tSequenceNumber=362927\r\n\r\n\tHostName=Default Host\r\n\tHostVersion=5.1.20348.1366\r\n\tHostId=2f1c8bea-d8a2-420e-8e70-68e2ab6c04ab\r\n\tHostApplication=C:\\Program Files\\Microsoft Azure AD Sync\\Bin\\miiserver.exe\r\n\tEngineVersion=\r\n\tRunspaceId=\r\n\tPipelineId=\r\n\tCommandName=\r\n\tCommandType=\r\n\tScriptName=\r\n\tCommandPath=\r\n\tCommandLine=","Category":"Provider Lifecycle","Opcode":"Info","EventReceivedTime":1687530001,"SourceModuleName":"in_powershell","SourceModuleType":"im_msvistalog"}
<14>Jun 23 14:20:01 win-adfs.lunarstiiiness.com PowerShell[0]: {"EventTime":1687530000,"Hostname":"win-adfs.lunarstiiiness.com","Keywords":36028797018963968,"EventType":"INFO","SeverityValue":2,"Severity":"INFO","EventID":600,"SourceName":"PowerShell","Version":0,"Task":6,"OpcodeValue":0,"RecordNumber":6160948,"ProcessID":0,"ThreadID":0,"Channel":"Windows PowerShell","Message":"Provider \"Variable\" is Started. \r\n\r\nDetails: \r\n\tProviderName=Variable\r\n\tNewProviderState=Started\r\n\r\n\tSequenceNumber=362887\r\n\r\n\tHostName=Default Host\r\n\tHostVersion=5.1.20348.1366\r\n\tHostId=8133f7e3-e4de-4702-be25-c3851bcbc7bc\r\n\tHostApplication=C:\\Program Files\\Microsoft Azure AD Sync\\Bin\\miiserver.exe\r\n\tEngineVersion=\r\n\tRunspaceId=\r\n\tPipelineId=\r\n\tCommandName=\r\n\tCommandType=\r\n\tScriptName=\r\n\tCommandPath=\r\n\tCommandLine=","Category":"Provider Lifecycle","Opcode":"Info","EventReceivedTime":1687530001,"SourceModuleName":"in_powershell","SourceModuleType":"im_msvistalog"}
<14>Jun 23 14:20:01 win-adfs.lunarstiiiness.com PowerShell[0]: {"EventTime":1687530000,"Hostname":"win-adfs.lunarstiiiness.com","Keywords":36028797018963968,"EventType":"INFO","SeverityValue":2,"Severity":"INFO","EventID":600,"SourceName":"PowerShell","Version":0,"Task":6,"OpcodeValue":0,"RecordNumber":6160947,"ProcessID":0,"ThreadID":0,"Channel":"Windows PowerShell","Message":"Provider \"Function\" is Started. \r\n\r\nDetails: \r\n\tProviderName=Function\r\n\tNewProviderState=Started\r\n\r\n\tSequenceNumber=362885\r\n\r\n\tHostName=Default Host\r\n\tHostVersion=5.1.20348.1366\r\n\tHostId=8133f7e3-e4de-4702-be25-c3851bcbc7bc\r\n\tHostApplication=C:\\Program Files\\Microsoft Azure AD Sync\\Bin\\miiserver.exe\r\n\tEngineVersion=\r\n\tRunspaceId=\r\n\tPipelineId=\r\n\tCommandName=\r\n\tCommandType=\r\n\tScriptName=\r\n\tCommandPath=\r\n\tCommandLine=","Category":"Provider Lifecycle","Opcode":"Info","EventReceivedTime":1687530001,"SourceModuleName":"in_powershell","SourceModuleType":"im_msvistalog"}
<14>Jun 23 14:20:00 win-adfs.lunarstiiiness.com PowerShell[0]: {"EventTime":1687530000,"Hostname":"win-adfs.lunarstiiiness.com","Keywords":36028797018963968,"EventType":"INFO","SeverityValue":2,"Severity":"INFO","EventID":600,"SourceName":"PowerShell","Version":0,"Task":6,"OpcodeValue":0,"RecordNumber":6160901,"ProcessID":0,"ThreadID":0,"Channel":"Windows PowerShell","Message":"Provider \"Certificate\" is Started. \r\n\r\nDetails: \r\n\tProviderName=Certificate\r\n\tNewProviderState=Started\r\n\r\n\tSequenceNumber=362793\r\n\r\n\tHostName=Default Host\r\n\tHostVersion=5.1.20348.1366\r\n\tHostId=c3302edd-b16b-4f73-bccd-e00a886cc3b3\r\n\tHostApplication=C:\\Program Files\\Microsoft Azure AD Sync\\Bin\\miiserver.exe\r\n\tEngineVersion=\r\n\tRunspaceId=\r\n\tPipelineId=\r\n\tCommandName=\r\n\tCommandType=\r\n\tScriptName=\r\n\tCommandPath=\r\n\tCommandLine=","Category":"Provider Lifecycle","Opcode":"Info","EventReceivedTime":1687530000,"SourceModuleName":"in_powershell","SourceModuleType":"im_msvistalog"}
<14>Jun 23 14:20:00 win-adfs.lunarstiiiness.com PowerShell[0]: {"EventTime":1687530000,"Hostname":"win-adfs.lunarstiiiness.com","Keywords":36028797018963968,"EventType":"INFO","SeverityValue":2,"Severity":"INFO","EventID":600,"SourceName":"PowerShell","Version":0,"Task":6,"OpcodeValue":0,"RecordNumber":6160920,"ProcessID":0,"ThreadID":0,"Channel":"Windows PowerShell","Message":"Provider \"Alias\" is Started. \r\n\r\nDetails: \r\n\tProviderName=Alias\r\n\tNewProviderState=Started\r\n\r\n\tSequenceNumber=362831\r\n\r\n\tHostName=Default Host\r\n\tHostVersion=5.1.20348.1366\r\n\tHostId=c8823f8d-d9bd-44e8-9e58-2017d4153673\r\n\tHostApplication=C:\\Program Files\\Microsoft Azure AD Sync\\Bin\\miiserver.exe\r\n\tEngineVersion=\r\n\tRunspaceId=\r\n\tPipelineId=\r\n\tCommandName=\r\n\tCommandType=\r\n\tScriptName=\r\n\tCommandPath=\r\n\tCommandLine=","Category":"Provider Lifecycle","Opcode":"Info","EventReceivedTime":1687530000,"SourceModuleName":"in_powershell","SourceModuleType":"im_msvistalog"}
<14>Jun 23 14:20:00 win-adfs.lunarstiiiness.com PowerShell[0]: {"EventTime":1687530000,"Hostname":"win-adfs.lunarstiiiness.com","Keywords":36028797018963968,"EventType":"INFO","SeverityValue":2,"Severity":"INFO","EventID":600,"SourceName":"PowerShell","Version":0,"Task":6,"OpcodeValue":0,"RecordNumber":6160913,"ProcessID":0,"ThreadID":0,"Channel":"Windows PowerShell","Message":"Provider \"Certificate\" is Started. \r\n\r\nDetails: \r\n\tProviderName=Certificate\r\n\tNewProviderState=Started\r\n\r\n\tSequenceNumber=362817\r\n\r\n\tHostName=Default Host\r\n\tHostVersion=5.1.20348.1366\r\n\tHostId=0afe34c8-4e9a-409a-9a2a-a9c2a31c0819\r\n\tHostApplication=C:\\Program Files\\Microsoft Azure AD Sync\\Bin\\miiserver.exe\r\n\tEngineVersion=\r\n\tRunspaceId=\r\n\tPipelineId=\r\n\tCommandName=\r\n\tCommandType=\r\n\tScriptName=\r\n\tCommandPath=\r\n\tCommandLine=","Category":"Provider Lifecycle","Opcode":"Info","EventReceivedTime":1687530000,"SourceModuleName":"in_powershell","SourceModuleType":"im_msvistalog"}
