{"Channel":"Microsoft-Windows-Sysmon/Operational","Computer":"harveyspecter","DestinationHostname":"-","DestinationIp":"179.43.159.195","DestinationIsIpv6":"false","DestinationPort":"53","DestinationPortName":"domain","EventID":3,"Hostname":"harveyspecter-pc","Image":"C:\\Users\\harveyspecter\\Desktop\\file.exe","Initiated":"false","Level":4,"Message":"","OpcodeValue":0,"ProcessGuid":"{C784477D-7BE0-620A-2306-000000003C00}","ProcessID":2260,"ProcessId":"6680","Protocol":"udp","ProviderGuid":"{5770385F-C22A-43E0-BF4C-06F5698FFBD9}","RecordNumber":84587,"RuleName":"Usermode","SourceHostname":"harveyspecter.local","SourceIp":"10.8.11.24","SourceIsIpv6":"false","SourceName":"Microsoft-Windows-Sysmon","SourcePort":"57706","SourcePortName":"-","ThreadID":2416,"User":"harveyspecter\\harveyspecter","UserID":"S-1-5-12-789622181-11434791-3080415150-696120","UtcTime":"2023-01-02 13:45:25.000","Version":5}
{"Channel":"Microsoft-Windows-Sysmon/Operational","Computer":"harveyspecter","DestinationHostname":"-","DestinationIp":"185.244.194.139","DestinationIsIpv6":"false","DestinationPort":"53","DestinationPortName":"domain","EventID":3,"Hostname":"harveyspecter-pc","Image":"C:\\Users\\harveyspecter\\Desktop\\file.exe","Initiated":"false","Level":4,"Message":"","OpcodeValue":0,"ProcessGuid":"{C784477D-7BE0-620A-2306-000000003C00}","ProcessID":2260,"ProcessId":"6680","Protocol":"udp","ProviderGuid":"{5770385F-C22A-43E0-BF4C-06F5698FFBD9}","RecordNumber":84587,"RuleName":"Usermode","SourceHostname":"harveyspecter.local","SourceIp":"10.8.11.24","SourceIsIpv6":"false","SourceName":"Microsoft-Windows-Sysmon","SourcePort":"57706","SourcePortName":"-","ThreadID":2416,"User":"harveyspecter\\harveyspecter","UserID":"S-1-5-12-789622181-11434791-3080415150-696120","UtcTime":"2023-01-02 13:45:35.000","Version":5}
{"Channel":"Microsoft-Windows-Sysmon/Operational","Computer":"harveyspecter","DestinationHostname":"-","DestinationIp":"188.68.42.139","DestinationIsIpv6":"false","DestinationPort":"53","DestinationPortName":"domain","EventID":3,"Hostname":"harveyspecter-pc","Image":"C:\\Users\\harveyspecter\\Desktop\\file.exe","Initiated":"false","Level":4,"Message":"","OpcodeValue":0,"ProcessGuid":"{C784477D-7BE0-620A-2306-000000003C00}","ProcessID":2260,"ProcessId":"6680","Protocol":"udp","ProviderGuid":"{5770385F-C22A-43E0-BF4C-06F5698FFBD9}","RecordNumber":84587,"RuleName":"Usermode","SourceHostname":"harveyspecter.local","SourceIp":"10.8.11.24","SourceIsIpv6":"false","SourceName":"Microsoft-Windows-Sysmon","SourcePort":"57706","SourcePortName":"-","ThreadID":2416,"User":"harveyspecter\\harveyspecter","UserID":"S-1-5-12-789622181-11434791-3080415150-696120","UtcTime":"2023-01-02 13:45:45.000","Version":5}
{"Channel":"Microsoft-Windows-Sysmon/Operational","Computer":"harveyspecter","DestinationHostname":"-","DestinationIp":"23.129.64.133","DestinationIsIpv6":"false","DestinationPort":"53","DestinationPortName":"domain","EventID":3,"Hostname":"harveyspecter-pc","Image":"C:\\Users\\harveyspecter\\Desktop\\file.exe","Initiated":"false","Level":4,"Message":"","OpcodeValue":0,"ProcessGuid":"{C784477D-7BE0-620A-2306-000000003C00}","ProcessID":2260,"ProcessId":"6680","Protocol":"udp","ProviderGuid":"{5770385F-C22A-43E0-BF4C-06F5698FFBD9}","RecordNumber":84587,"RuleName":"Usermode","SourceHostname":"harveyspecter.local","SourceIp":"10.8.11.24","SourceIsIpv6":"false","SourceName":"Microsoft-Windows-Sysmon","SourcePort":"57706","SourcePortName":"-","ThreadID":2416,"User":"harveyspecter\\harveyspecter","UserID":"S-1-5-12-789622181-11434791-3080415150-696120","UtcTime":"2023-01-02 13:45:55.000","Version":5}
{"Channel":"Microsoft-Windows-Sysmon/Operational","Computer":"harveyspecter","DestinationHostname":"-","DestinationIp":"5.45.102.119","DestinationIsIpv6":"false","DestinationPort":"53","DestinationPortName":"domain","EventID":3,"Hostname":"harveyspecter-pc","Image":"C:\\Users\\harveyspecter\\Desktop\\file.exe","Initiated":"false","Level":4,"Message":"","OpcodeValue":0,"ProcessGuid":"{C784477D-7BE0-620A-2306-000000003C00}","ProcessID":2260,"ProcessId":"6680","Protocol":"udp","ProviderGuid":"{5770385F-C22A-43E0-BF4C-06F5698FFBD9}","RecordNumber":84587,"RuleName":"Usermode","SourceHostname":"harveyspecter.local","SourceIp":"10.8.11.24","SourceIsIpv6":"false","SourceName":"Microsoft-Windows-Sysmon","SourcePort":"57706","SourcePortName":"-","ThreadID":2416,"User":"harveyspecter\\harveyspecter","UserID":"S-1-5-12-789622181-11434791-3080415150-696120","UtcTime":"2023-01-02 13:46:05.000","Version":5}
{"Channel":"Microsoft-Windows-Sysmon/Operational","Computer":"harveyspecter","DestinationHostname":"-","DestinationIp":"185.100.87.136","DestinationIsIpv6":"false","DestinationPort":"53","DestinationPortName":"domain","EventID":3,"Hostname":"harveyspecter-pc","Image":"C:\\Users\\harveyspecter\\Desktop\\file.exe","Initiated":"false","Level":4,"Message":"","OpcodeValue":0,"ProcessGuid":"{C784477D-7BE0-620A-2306-000000003C00}","ProcessID":2260,"ProcessId":"6680","Protocol":"udp","ProviderGuid":"{5770385F-C22A-43E0-BF4C-06F5698FFBD9}","RecordNumber":84587,"RuleName":"Usermode","SourceHostname":"harveyspecter.local","SourceIp":"10.8.11.24","SourceIsIpv6":"false","SourceName":"Microsoft-Windows-Sysmon","SourcePort":"57706","SourcePortName":"-","ThreadID":2416,"User":"harveyspecter\\harveyspecter","UserID":"S-1-5-12-789622181-11434791-3080415150-696120","UtcTime":"2023-01-02 13:46:15.000","Version":5}
{"Channel":"Microsoft-Windows-Sysmon/Operational","Computer":"harveyspecter","DestinationHostname":"-","DestinationIp":"77.48.28.206","DestinationIsIpv6":"false","DestinationPort":"53","DestinationPortName":"domain","EventID":3,"Hostname":"harveyspecter-pc","Image":"C:\\Users\\harveyspecter\\Desktop\\file.exe","Initiated":"false","Level":4,"Message":"","OpcodeValue":0,"ProcessGuid":"{C784477D-7BE0-620A-2306-000000003C00}","ProcessID":2260,"ProcessId":"6680","Protocol":"udp","ProviderGuid":"{5770385F-C22A-43E0-BF4C-06F5698FFBD9}","RecordNumber":84587,"RuleName":"Usermode","SourceHostname":"harveyspecter.local","SourceIp":"10.8.11.24","SourceIsIpv6":"false","SourceName":"Microsoft-Windows-Sysmon","SourcePort":"57706","SourcePortName":"-","ThreadID":2416,"User":"harveyspecter\\harveyspecter","UserID":"S-1-5-12-789622181-11434791-3080415150-696120","UtcTime":"2023-01-02 13:46:25.000","Version":5}
{"Channel":"Microsoft-Windows-Sysmon/Operational","Computer":"harveyspecter","DestinationHostname":"-","DestinationIp":"93.177.66.15","DestinationIsIpv6":"false","DestinationPort":"53","DestinationPortName":"domain","EventID":3,"Hostname":"harveyspecter-pc","Image":"C:\\Users\\harveyspecter\\Desktop\\file.exe","Initiated":"false","Level":4,"Message":"","OpcodeValue":0,"ProcessGuid":"{C784477D-7BE0-620A-2306-000000003C00}","ProcessID":2260,"ProcessId":"6680","Protocol":"udp","ProviderGuid":"{5770385F-C22A-43E0-BF4C-06F5698FFBD9}","RecordNumber":84587,"RuleName":"Usermode","SourceHostname":"harveyspecter.local","SourceIp":"10.8.11.24","SourceIsIpv6":"false","SourceName":"Microsoft-Windows-Sysmon","SourcePort":"57706","SourcePortName":"-","ThreadID":2416,"User":"harveyspecter\\harveyspecter","UserID":"S-1-5-12-789622181-11434791-3080415150-696120","UtcTime":"2023-01-02 13:46:35.000","Version":5}